
================== ASTRAL ===================== 

This is ASTRAL version 5.7.8
Gene trees are treated as unrooted
988 trees read from Dataset/AstralII_data/model.200.10000000.0.000001/08/estimatedgenetre.halfresolved
index0
All output trees will be *arbitrarily* rooted at 163

======== Running the main analysis
Number of taxa: 201 (201 species)
Taxa: [163, 92, 89, 38, 73, 198, 135, 139, 96, 157, 69, 77, 184, 114, 18, 80, 182, 148, 104, 132, 171, 196, 32, 76, 200, 21, 79, 100, 99, 15, 138, 105, 119, 175, 10, 178, 74, 39, 37, 78, 53, 181, 108, 143, 161, 88, 162, 60, 170, 140, 126, 172, 93, 33, 137, 64, 130, 56, 28, 156, 48, 1, 42, 103, 166, 190, 118, 20, 134, 151, 9, 189, 115, 150, 136, 62, 133, 195, 67, 155, 169, 68, 124, 164, 29, 107, 112, 12, 95, 61, 199, 63, 127, 146, 191, 123, 144, 41, 142, 81, 101, 106, 152, 179, 3, 2, 59, 36, 87, 44, 5, 98, 23, 188, 177, 117, 145, 0, 159, 16, 17, 46, 141, 91, 153, 27, 149, 55, 11, 194, 113, 109, 174, 128, 31, 158, 183, 45, 24, 160, 116, 86, 193, 154, 173, 82, 52, 197, 6, 75, 110, 57, 71, 34, 25, 8, 94, 90, 131, 111, 187, 58, 26, 50, 14, 72, 7, 54, 97, 83, 102, 66, 129, 40, 35, 125, 13, 192, 70, 176, 85, 168, 147, 122, 47, 22, 165, 51, 167, 186, 49, 30, 180, 19, 65, 121, 4, 185, 43, 84, 120]
Taxon occupancy: {110=988, 111=988, 112=988, 113=988, 114=988, 115=988, 116=988, 117=988, 118=988, 119=988, 10=988, 11=988, 12=988, 13=988, 14=988, 15=988, 16=988, 17=988, 18=988, 19=988, 120=988, 0=988, 121=988, 1=988, 122=988, 123=988, 2=988, 124=988, 3=988, 125=988, 4=988, 126=988, 5=988, 127=988, 6=988, 128=988, 7=988, 8=988, 129=988, 9=988, 20=988, 21=988, 22=988, 23=988, 24=988, 25=988, 26=988, 27=988, 28=988, 29=988, 130=988, 131=988, 132=988, 133=988, 134=988, 135=988, 136=988, 137=988, 138=988, 139=988, 30=988, 31=988, 32=988, 33=988, 34=988, 35=988, 36=988, 37=988, 38=988, 39=988, 140=988, 141=988, 142=988, 143=988, 144=988, 145=988, 146=988, 147=988, 148=988, 149=988, 40=988, 41=988, 42=988, 43=988, 44=988, 45=988, 46=988, 47=988, 48=988, 49=988, 150=988, 151=988, 152=988, 153=988, 154=988, 155=988, 156=988, 157=988, 158=988, 159=988, 50=988, 51=988, 52=988, 53=988, 54=988, 55=988, 56=988, 57=988, 58=988, 59=988, 160=988, 161=988, 162=988, 163=988, 164=988, 165=988, 166=988, 167=988, 168=988, 169=988, 60=988, 61=988, 62=988, 63=988, 64=988, 65=988, 66=988, 67=988, 68=988, 69=988, 170=988, 171=988, 172=988, 173=988, 174=988, 175=988, 176=988, 177=988, 178=988, 179=988, 70=988, 71=988, 72=988, 73=988, 74=988, 75=988, 76=988, 77=988, 78=988, 79=988, 180=988, 181=988, 182=988, 183=988, 184=988, 185=988, 186=988, 187=988, 188=988, 189=988, 80=988, 81=988, 82=988, 83=988, 84=988, 85=988, 86=988, 87=988, 88=988, 89=988, 190=988, 191=988, 192=988, 193=988, 194=988, 195=988, 196=988, 197=988, 198=988, 199=988, 90=988, 91=988, 92=988, 93=988, 94=988, 95=988, 96=988, 97=988, 98=988, 99=988, 200=988, 100=988, 101=988, 102=988, 103=988, 104=988, 105=988, 106=988, 107=988, 108=988, 109=988}
Number of gene trees: 988
0 trees have missing taxa
Calculating quartet distance matrix (for completion of X)
Species tree distances calculated ...
Building set of clusters (X) from gene trees 
------------------------------
gradient0: 33165
Number of Clusters after addition by distance: 33165
calculating extra bipartitions to be added at level 1 ...
Adding to X using resolutions of greedy consensus ...
Limit for sigma of degrees:5075
polytomy size limit : 6
discarded polytomies:  [3, 3, 3, 3, 3, 3, 3, 3, 3, 3, 3, 3, 3, 3, 3, 3, 3, 4, 4, 4, 4, 4, 4, 4, 4, 4, 4, 4, 4, 5, 5, 5, 6]
Threshold 0.0:
Threshold 0.01:
Threshold 0.02:
Threshold 0.05:
Threshold 0.1:
polytomy of size 3; rounds with additions with at least 5 support: 0; clusters: 33165
polytomy of size 3; rounds with additions with at least 5 support: 0; clusters: 33165
Threshold 0.2:
polytomy of size 4; rounds with additions with at least 5 support: 0; clusters: 33165
polytomy of size 5; rounds with additions with at least 5 support: 0; clusters: 33165
polytomy of size 4; rounds with additions with at least 5 support: 0; clusters: 33165
polytomy of size 3; rounds with additions with at least 5 support: 0; clusters: 33165
polytomy of size 3; rounds with additions with at least 5 support: 0; clusters: 33165
polytomy of size 3; rounds with additions with at least 5 support: 0; clusters: 33165
polytomy of size 3; rounds with additions with at least 5 support: 0; clusters: 33165
polytomy of size 3; rounds with additions with at least 5 support: 0; clusters: 33165
Threshold 0.3333333333333333:
polytomy of size 4; rounds with additions with at least 5 support: 0; clusters: 33165
polytomy of size 4; rounds with additions with at least 5 support: 0; clusters: 33165
polytomy of size 4; rounds with additions with at least 5 support: 0; clusters: 33165
polytomy of size 6; rounds with additions with at least 5 support: 0; clusters: 33165
polytomy of size 3; rounds with additions with at least 5 support: 0; clusters: 33165
polytomy of size 5; rounds with additions with at least 5 support: 0; clusters: 33165
polytomy of size 4; rounds with additions with at least 5 support: 0; clusters: 33165
polytomy of size 4; rounds with additions with at least 5 support: 0; clusters: 33165
polytomy of size 4; rounds with additions with at least 5 support: 0; clusters: 33165
polytomy of size 3; rounds with additions with at least 5 support: 0; clusters: 33165
polytomy of size 3; rounds with additions with at least 5 support: 0; clusters: 33165
polytomy of size 4; rounds with additions with at least 5 support: 0; clusters: 33165
polytomy of size 3; rounds with additions with at least 5 support: 0; clusters: 33165
polytomy of size 4; rounds with additions with at least 5 support: 0; clusters: 33165
polytomy of size 3; rounds with additions with at least 5 support: 0; clusters: 33165
polytomy of size 3; rounds with additions with at least 5 support: 0; clusters: 33165
polytomy of size 5; rounds with additions with at least 5 support: 0; clusters: 33165
polytomy of size 3; rounds with additions with at least 5 support: 0; clusters: 33165
polytomy of size 3; rounds with additions with at least 5 support: 0; clusters: 33165
polytomy of size 4; rounds with additions with at least 5 support: 0; clusters: 33165
polytomy of size 3; rounds with additions with at least 5 support: 0; clusters: 33165
polytomy of size 3; rounds with additions with at least 5 support: 0; clusters: 33165
polytomy of size 4; rounds with additions with at least 5 support: 0; clusters: 33165
max k is :0
Number of Clusters after addition by greedy: 33165
gradient0 in heuristiic: 33165
partitions formed in 34.134 secs
Dynamic Programming starting after 34.134 secs
Using tree-based weight calculation.
Using polytree-based weight calculation.
Polytree max score: 65192838033
Polytree building time: 3.559 seconds.
Number of quartet trees in the gene trees: 65192838033
Size of largest cluster: 201
Greedy score: 54857740792
estimationFactor: 1.1883981566099635
Sub-optimal score: 56415216234
Calculated 100000 weights; time (seconds): 199
Total Number of elements weighted: 139598
Normalized score (portion of input quartet trees satisfied before correcting for multiple individuals): 0.8973407230927385
Optimization score: 58500188421
Optimal tree inferred in 265.871 secs.
(31,(158,(128,(((113,109),(174,(55,(11,194)))),(((24,(183,45)),(46,(17,141))),((149,(27,(91,153))),((159,16),(0,((((101,(68,(124,164))),(((59,(106,36)),((152,87),(2,(179,3)))),((23,(44,(5,98))),(145,(188,(177,117)))))),(((9,(189,115)),((150,136),(62,133))),(((41,(142,81)),(195,(155,(67,169)))),((107,112),((12,(123,144)),((29,(146,191)),((95,61),(63,(199,127))))))))),(((((7,(14,72)),(66,(102,(54,(97,83))))),((186,(49,(30,(180,19)))),(120,(((65,121),(4,(185,(43,84)))),((47,((22,165),(51,167))),((176,147),(168,(85,122)))))))),(((50,129),((40,35),((192,70),(125,13)))),(((160,57),(71,34)),((6,(75,110)),(((154,197),((173,(82,52)),(116,(86,193)))),(((58,26),(111,187)),((90,131),(94,(25,8))))))))),(((148,(18,(80,182))),(21,(((163,92),(89,38)),((104,((32,(76,200)),(132,(171,196)))),((184,(77,114)),(73,((139,(135,96)),(198,(157,69))))))))),((79,100),(((181,(108,(143,161))),(53,((138,(99,15)),((105,119),((178,78),((175,10),(37,(74,39)))))))),(((1,(156,48)),((134,151),((118,20),(42,(190,(103,166)))))),(((162,60),(170,(140,126))),((88,(56,28)),(130,((172,93),(33,(137,64))))))))))))))))))));
Final quartet score is: 58500188421
Final normalized quartet score is: 0.8973407230927385
Extended species tree:
(163,(92,((89,38)1:0.7562997306156534,(((104,((32,(76,200)1:2.7674814960269734)1:0.17164462348938261,(132,(171,196)0.94:0.05633403395317215)1:2.2333114059466617)1:0.7319801710334756)1:0.5946609691656293,((184,(77,114)1:0.8874051523606502)1:1.5113491480431525,(73,((139,(135,96)1:0.5575061938835714)1:1.3645377779288637,(198,(157,69)1:0.9710878110089296)1:0.1577790136355036)1:0.09685190824472735)1:1.560125557734086)1:0.2776166666083595)1:0.1912977459836396,(21,((148,(18,(80,182)1:1.326818825536383)1:1.9360350335174858)1:0.6867524702071839,(((79,100)1:3.3442388705450767,(((181,(108,(143,161)1:0.21444164814975464)1:1.777528762482421)1:1.3644886760831298,(53,((138,(99,15)1:0.7104334235358989)1:1.106039590573206,((105,119)1:1.3141982773768692,((178,78)1:0.6709622692075028,((175,10)1:1.1432711740081665,(37,(74,39)1:0.9531190679108407)1:0.6089753499507065)1:0.29365938397000874)1:0.10705231024013029)1:1.4769346252931808)1:0.29316632140103754)1:0.8666076788486523)1:0.35604270956679246,(((1,(156,48)1:1.0599257303694292)1:1.7513214655940377,((134,151)1:1.2239099090372596,((118,20)1:0.6778726583560123,(42,(190,(103,166)1:0.2745752000761569)1:0.1237232578960184)1:0.9545407460292148)1:0.6238524146049498)1:1.1125001393011393)0.98:0.057629138299444924,(((162,60)1:1.1862262516794913,(170,(140,126)1:0.6976435303141245)1:0.4036345770079683)1:1.4738446507695127,((88,(56,28)1:1.0555485680734962)1:0.3622041237059307,(130,((172,93)1:1.4372477550632938,(33,(137,64)1:0.9036711643720838)1:0.537413333251841)1:1.5246610097961701)1:0.3218964700180134)1:0.20826799624055833)1:0.0758676592514256)1:0.48421592661631474)1:0.7152189115868309)1:2.291649497465615,(((((7,(14,72)1:0.6149609758553879)1:1.6594778200203109,(66,(102,(54,(97,83)1:0.4709023389331445)1:0.6912732488637713)1:0.21692144657525975)1:1.3958099546347031)1:1.2074390875322578,((186,(49,(30,(180,19)1:0.7840784837690953)0.69:0.04478055397776094)1:1.115749227230147)1:1.6456259132049522,(120,(((65,121)1:0.8644689023755677,(4,(185,(43,84)1:0.3566940095339131)1:1.5705993973156223)1:1.048304745037656)1:1.6315341315031184,((47,((22,165)1:1.7814356951643264,(51,167)1:0.8578484443023123)1:0.6230706475897646)1:1.484252184787096,((176,147)1:0.32237166682906665,(168,(85,122)1:1.363062995518758)0.95:0.057114841034600995)1:1.6080625458312405)1:0.18682062378710299)0.5:0.012674326049586522)1:0.22586974624818187)1:2.858992370632857)1:0.15183978622373454,(((50,129)1:2.3845829517088144,((40,35)1:3.244500079399443,((192,70)1:1.8485340673240194,(125,13)1:1.9571141212561507)1:1.444992829646275)1:0.5912636100021471)1:0.35388531839544773,(((160,57)1:0.3194118473306652,(71,34)1:0.23780161352344648)1:1.404214694118362,((6,(75,110)1:2.4929480486629956)1:1.7322048518803912,(((154,197)1:1.8282085475863596,((173,(82,52)1:0.21432481422164454)1:0.49336986418255063,(116,(86,193)0.7:0.028290900671522057)1:1.5451930411013204)1:1.6324155943689136)1:0.7748363327062077,(((58,26)1:0.8297301012130562,(111,187)1:0.6794046169173904)1:0.9804423501641564,((90,131)1:1.9534204109862334,(94,(25,8)1:1.2193814735257082)1:1.0793053616577042)1:0.37514019270259485)1:2.5710057547509364)0.73:0.031528667902381416)1:0.6544547181382281)1:2.044321018965185)1:0.41191187156670367)1:1.3875867990314807,((((101,(68,(124,164)1:1.6177577854360206)1:2.194501289246514)1:0.7295691425937795,(((59,(106,36)1:0.492290382345401)1:0.19134491049753957,((152,87)0.5:0.013161213990319017,(2,(179,3)0.77:0.05561946102828804)1:1.4727062780483624)1:0.6737629024937588)1:0.318058920545517,((23,(44,(5,98)1:0.17665904063259158)0.99:0.09216088919796775)1:1.0506989931143709,(145,(188,(177,117)1:0.4430504810250618)0.89:0.04375708599705438)1:0.7668918378451067)1:0.8470314888736366)1:1.7697186064394332)1:0.48110100674465056,(((9,(189,115)1:2.0892190730576528)1:1.2774235491583448,((150,136)1:0.7949084486333855,(62,133)1:0.7772168853329692)1:1.48612679864028)1:1.0159291600074156,(((41,(142,81)1:0.34775685146178775)1:1.5352209327999131,(195,(155,(67,169)1:0.4767450491474211)1:0.6126768571404837)1:1.6224055280545857)1:0.493419712424774,((107,112)1:0.12824762179898885,((12,(123,144)1:0.16131427771244983)1:0.34411734198498295,((29,(146,191)1:1.6337504025333358)1:1.2077707744976718,((95,61)1:0.5825867673640592,(63,(199,127)1:0.08398657159273333)1:0.6937496763873973)1:1.1461570771267733)1:0.18640529338780418)1:0.5948678206313148)1:0.1982547489049382)1:1.5083479191534788)1:0.09324188309606818)1:3.1521376694067698,(0,((159,16)1:4.877303495630948,((149,(27,(91,153)1:0.2233353296818832)1:0.10999957268752407)1:3.208189653545489,(((24,(183,45)1:0.17852454611690588)1:2.283793916158962,(46,(17,141)1:0.2608034694794392)1:2.890549421430498)1:0.20137133992361428,(((113,109)1:1.6301288685450483,(174,(55,(11,194)1:0.6428357095111769)1:0.6519709001962881)1:0.758899943399289)1:0.2200601714937161,(128,(158,31)1:1.0304163334262517)1:2.3354361163379194)1:1.4033338063058158)1:1.4006589238506317)1:1.3656379313371039)1:1.673507104681065)1:1.7455251004454644)1:2.4476665932229413)1:0.3938874242658818)1:1.3009643043622257)0.57:0.016436678058381428)1:1.1235245802785678)1:2.5242003329500102)1:1.2263262135565527));
Weight calculation took 223.375457709 secs
ASTRAL finished in 275.277 secs
