
================== ASTRAL ===================== 

This is ASTRAL version 5.7.8
Gene trees are treated as unrooted
50 trees read from Dataset/AstralII_data/model.200.10000000.0.000001/08/estimatedgenetre.halfresolved_50
index0
All output trees will be *arbitrarily* rooted at 163

======== Running the main analysis
Number of taxa: 201 (201 species)
Taxa: [163, 92, 89, 38, 73, 198, 135, 139, 96, 157, 69, 77, 184, 114, 18, 80, 182, 148, 104, 132, 171, 196, 32, 76, 200, 21, 79, 100, 99, 15, 138, 105, 119, 175, 10, 178, 74, 39, 37, 78, 53, 181, 108, 143, 161, 88, 162, 60, 170, 140, 126, 172, 93, 33, 137, 64, 130, 56, 28, 156, 48, 1, 42, 103, 166, 190, 118, 20, 134, 151, 9, 189, 115, 150, 136, 62, 133, 195, 67, 155, 169, 68, 124, 164, 29, 107, 112, 12, 95, 61, 199, 63, 127, 146, 191, 123, 144, 41, 142, 81, 101, 106, 152, 179, 3, 2, 59, 36, 87, 44, 5, 98, 23, 188, 177, 117, 145, 0, 159, 16, 17, 46, 141, 91, 153, 27, 149, 55, 11, 194, 113, 109, 174, 128, 31, 158, 183, 45, 24, 160, 116, 86, 193, 154, 173, 82, 52, 197, 6, 75, 110, 57, 71, 34, 25, 8, 94, 90, 131, 111, 187, 58, 26, 50, 14, 72, 7, 54, 97, 83, 102, 66, 129, 40, 35, 125, 13, 192, 70, 176, 85, 168, 147, 122, 47, 22, 165, 51, 167, 186, 49, 30, 180, 19, 65, 121, 4, 185, 43, 84, 120]
Taxon occupancy: {110=50, 111=50, 112=50, 113=50, 114=50, 115=50, 116=50, 117=50, 118=50, 119=50, 10=50, 11=50, 12=50, 13=50, 14=50, 15=50, 16=50, 17=50, 18=50, 19=50, 120=50, 0=50, 121=50, 1=50, 122=50, 123=50, 2=50, 124=50, 3=50, 125=50, 4=50, 126=50, 5=50, 127=50, 6=50, 128=50, 7=50, 8=50, 129=50, 9=50, 20=50, 21=50, 22=50, 23=50, 24=50, 25=50, 26=50, 27=50, 28=50, 29=50, 130=50, 131=50, 132=50, 133=50, 134=50, 135=50, 136=50, 137=50, 138=50, 139=50, 30=50, 31=50, 32=50, 33=50, 34=50, 35=50, 36=50, 37=50, 38=50, 39=50, 140=50, 141=50, 142=50, 143=50, 144=50, 145=50, 146=50, 147=50, 148=50, 149=50, 40=50, 41=50, 42=50, 43=50, 44=50, 45=50, 46=50, 47=50, 48=50, 49=50, 150=50, 151=50, 152=50, 153=50, 154=50, 155=50, 156=50, 157=50, 158=50, 159=50, 50=50, 51=50, 52=50, 53=50, 54=50, 55=50, 56=50, 57=50, 58=50, 59=50, 160=50, 161=50, 162=50, 163=50, 164=50, 165=50, 166=50, 167=50, 168=50, 169=50, 60=50, 61=50, 62=50, 63=50, 64=50, 65=50, 66=50, 67=50, 68=50, 69=50, 170=50, 171=50, 172=50, 173=50, 174=50, 175=50, 176=50, 177=50, 178=50, 179=50, 70=50, 71=50, 72=50, 73=50, 74=50, 75=50, 76=50, 77=50, 78=50, 79=50, 180=50, 181=50, 182=50, 183=50, 184=50, 185=50, 186=50, 187=50, 188=50, 189=50, 80=50, 81=50, 82=50, 83=50, 84=50, 85=50, 86=50, 87=50, 88=50, 89=50, 190=50, 191=50, 192=50, 193=50, 194=50, 195=50, 196=50, 197=50, 198=50, 199=50, 90=50, 91=50, 92=50, 93=50, 94=50, 95=50, 96=50, 97=50, 98=50, 99=50, 200=50, 100=50, 101=50, 102=50, 103=50, 104=50, 105=50, 106=50, 107=50, 108=50, 109=50}
Number of gene trees: 50
0 trees have missing taxa
Calculating quartet distance matrix (for completion of X)
Species tree distances calculated ...
Building set of clusters (X) from gene trees 
------------------------------
gradient0: 5071
Number of Clusters after addition by distance: 5071
calculating extra bipartitions to be added at level 1 ...
Adding to X using resolutions of greedy consensus ...
Limit for sigma of degrees:5075
polytomy size limit : 9
discarded polytomies:  [3, 3, 3, 3, 3, 3, 3, 3, 3, 3, 3, 3, 3, 3, 3, 3, 3, 3, 3, 3, 3, 4, 4, 4, 4, 4, 4, 4, 5, 5, 7, 7, 9]
Threshold 0.0:
Threshold 0.01:
Threshold 0.02:
Threshold 0.05:
Threshold 0.1:
Threshold 0.2:
polytomy of size 3; rounds with additions with at least 5 support: 0; clusters: 5071
polytomy of size 5; rounds with additions with at least 5 support: 0; clusters: 5071
polytomy of size 3; rounds with additions with at least 5 support: 0; clusters: 5071
polytomy of size 3; rounds with additions with at least 5 support: 0; clusters: 5071
polytomy of size 3; rounds with additions with at least 5 support: 0; clusters: 5071
polytomy of size 3; rounds with additions with at least 5 support: 0; clusters: 5071
polytomy of size 3; rounds with additions with at least 5 support: 0; clusters: 5071
Threshold 0.3333333333333333:
polytomy of size 5; rounds with additions with at least 5 support: 0; clusters: 5071
polytomy of size 3; rounds with additions with at least 5 support: 0; clusters: 5071
polytomy of size 4; rounds with additions with at least 5 support: 0; clusters: 5071
polytomy of size 3; rounds with additions with at least 5 support: 0; clusters: 5071
polytomy of size 7; rounds with additions with at least 5 support: 0; clusters: 5073
polytomy of size 4; rounds with additions with at least 5 support: 0; clusters: 5073
polytomy of size 4; rounds with additions with at least 5 support: 0; clusters: 5073
polytomy of size 7; rounds with additions with at least 5 support: 0; clusters: 5073
polytomy of size 3; rounds with additions with at least 5 support: 0; clusters: 5073
polytomy of size 9; rounds with additions with at least 5 support: 0; clusters: 5073
polytomy of size 4; rounds with additions with at least 5 support: 0; clusters: 5073
polytomy of size 4; rounds with additions with at least 5 support: 0; clusters: 5073
polytomy of size 3; rounds with additions with at least 5 support: 0; clusters: 5073
polytomy of size 3; rounds with additions with at least 5 support: 0; clusters: 5073
polytomy of size 3; rounds with additions with at least 5 support: 0; clusters: 5073
polytomy of size 4; rounds with additions with at least 5 support: 0; clusters: 5073
polytomy of size 3; rounds with additions with at least 5 support: 0; clusters: 5073
polytomy of size 3; rounds with additions with at least 5 support: 0; clusters: 5073
polytomy of size 3; rounds with additions with at least 5 support: 0; clusters: 5073
polytomy of size 3; rounds with additions with at least 5 support: 0; clusters: 5073
polytomy of size 3; rounds with additions with at least 5 support: 0; clusters: 5073
polytomy of size 3; rounds with additions with at least 5 support: 0; clusters: 5073
polytomy of size 3; rounds with additions with at least 5 support: 0; clusters: 5073
polytomy of size 3; rounds with additions with at least 5 support: 0; clusters: 5073
polytomy of size 4; rounds with additions with at least 5 support: 0; clusters: 5073
polytomy of size 3; rounds with additions with at least 5 support: 0; clusters: 5073
max k is :0
Number of Clusters after addition by greedy: 5073
gradient0 in heuristiic: 5073
partitions formed in 7.669 secs
Dynamic Programming starting after 7.67 secs
Using tree-based weight calculation.
Using polytree-based weight calculation.
Polytree max score: 3298300893
Polytree building time: 0.224 seconds.
Number of quartet trees in the gene trees: 3298300893
Size of largest cluster: 201
Greedy score: 1991615598
estimationFactor: 1.656093121741056
Sub-optimal score: 2781038344
Total Number of elements weighted: 7595
Normalized score (portion of input quartet trees satisfied before correcting for multiple individuals): 0.8915969510972085
Optimization score: 2940755020
Optimal tree inferred in 10.358 secs.
(31,(158,(128,(((113,109),(174,(55,(11,194)))),(((46,(17,141)),(183,(45,24))),((149,(27,(91,153))),((159,16),(0,((((101,(68,(124,164))),(((59,(106,36)),(87,(152,(179,(3,2))))),((23,(44,(5,98))),(188,(145,(177,117)))))),(((9,(189,115)),((150,136),(62,133))),(((41,(142,81)),(195,(155,(67,169)))),((107,112),((12,(123,144)),((29,(146,191)),((95,61),(63,(199,127))))))))),(((((7,(14,72)),(66,(102,(54,(97,83))))),((186,(30,(49,(180,19)))),(((65,121),(4,(185,(43,84)))),(120,((47,((22,165),(51,167))),(168,((85,122),(176,147)))))))),(((50,129),((40,35),((192,70),(125,13)))),(((160,57),(71,34)),((((58,26),(111,187)),((90,131),(94,(25,8)))),((6,(75,110)),((154,197),((193,(116,86)),(173,(82,52))))))))),((21,((148,(18,(80,182))),((104,((32,(76,200)),(171,(132,196)))),(((163,92),(89,38)),((184,(77,114)),(73,((139,(135,96)),(198,(157,69))))))))),((79,100),(((181,(108,(143,161))),(53,((138,(99,15)),((105,119),((178,78),((175,10),(37,(74,39)))))))),(((1,(156,48)),((134,151),((118,20),(42,(190,(103,166)))))),(((162,60),(170,(140,126))),((88,(56,28)),(130,((172,93),(33,(137,64))))))))))))))))))));
Final quartet score is: 2940755020
Final normalized quartet score is: 0.8915969510972085
Extended species tree:
(163,(92,((89,38)1:0.5140822926325054,(((184,(77,114)1:0.7928954623080248)1:1.1855507896669035,(73,((139,(135,96)0.99:0.308875062563866)1:0.9611347977130976,(198,(157,69)1:0.7307159731288855)0.94:0.22260712457388482)0.58:0.0845229708100733)1:1.7296336809282333)1:0.5853498504979514,((104,((32,(76,200)1:2.840150277801934)0.43:0.02437294873642749,(171,(132,196)0.87:0.20748168332598702)1:1.7900955753333612)1:0.8060263163201654)1:0.7401163637547707,((148,(18,(80,182)1:1.5606477482646683)1:1.635536970458127)1:0.7417768761072571,(21,(((79,100)1:2.681432480832805,(((181,(108,(143,161)0.43:0.03962483520363871)1:1.8092194715048224)1:1.2677644735914453,(53,((138,(99,15)1:1.0930134799369413)1:0.9684474402727327,((105,119)1:1.0209933028262115,((178,78)1:0.45545833851216505,((175,10)1:1.13181559092639,(37,(74,39)1:0.7097920388739003)1:0.6175551039110514)0.99:0.30444510822647064)0.98:0.28101514139732525)1:1.5404400637675182)0.59:0.07426461737480107)1:0.9608348182896135)1:0.4304971909392447,(((1,(156,48)1:0.979562093391273)1:1.2787722624867366,((134,151)1:0.889689081735762,((118,20)1:0.6807191986920635,(42,(190,(103,166)0.94:0.2856262482122595)0.92:0.26043674460804456)1:0.5038160279532196)1:0.6289589456849772)1:1.1050362227865698)0.71:0.1100900029849534,(((162,60)1:1.3369655463762606,(170,(140,126)1:0.9106809798942187)1:0.42064197117573376)1:1.1060558399786775,((88,(56,28)1:1.2813104895675766)0.99:0.29901528741572164,(130,((172,93)1:1.1034621725185796,(33,(137,64)1:0.7657295147705587)1:0.5348692020364267)1:1.7690951787093294)0.92:0.20343563382399843)0.82:0.14709698863448947)0.93:0.2104533785008857)1:0.4834537511660406)1:0.763690633163672)1:2.119233631031928,(((((7,(14,72)0.99:0.3388690460694688)1:1.3772678652739185,(66,(102,(54,(97,83)1:0.4345455641207145)1:0.37660190328814624)0.93:0.21548008238108124)1:1.201992412105124)1:0.9332730444120669,((186,(30,(49,(180,19)1:0.5422418199993697)0.45:0.03107061221135926)1:0.7245863818918302)1:2.22841533332756,(((65,121)1:0.5774175074725416,(4,(185,(43,84)0.99:0.40585120172311134)1:1.3763509085499457)1:1.2006339030604214)1:1.5961989961697258,(120,((47,((22,165)1:1.5403932422369253,(51,167)1:1.123676257331326)1:0.7500613966691307)1:0.9922275056354553,(168,((85,122)1:1.5424000757829524,(176,147)0.98:0.3436077255223122)0.67:0.09708346224411714)1:1.3730572034582256)0.56:0.08536087114764222)0.57:0.06646931431133841)0.96:0.24130529087743205)1:2.0324635811061973)0.99:0.33820900679301424,(((50,129)1:2.0693708611881627,((40,35)1:2.347311128742684,((192,70)1:1.728987849650862,(125,13)1:1.7329104379101987)1:1.5179744196096259)1:0.44959514257630484)0.92:0.20455310419924427,(((160,57)0.86:0.16765541927826094,(71,34)0.98:0.2872758986037923)1:0.8883888798026208,((((58,26)1:0.6591549602026755,(111,187)1:0.5460153047705705)1:1.0085579318701592,((90,131)1:1.9519612385585505,(94,(25,8)1:1.2858120989683899)1:0.735431597789342)1:0.5885222294810729)1:1.864783619380768,((6,(75,110)1:2.128737088181749)1:1.2895779091108126,((154,197)1:1.124602481219142,((193,(116,86)0.61:0.08778580084018228)1:1.350353097576537,(173,(82,52)1:0.3775759880695702)1:0.4626889260473634)1:1.1488664486124873)1:0.6011999226941023)0.51:0.05082200334727291)1:0.7470555336432412)1:1.5612155921518756)1:0.4829170917851064)1:1.5734136745623761,((((101,(68,(124,164)1:1.0884599172040916)1:2.036483877698615)1:0.6281394143250227,(((59,(106,36)1:0.527493608508276)0.49:0.05470178895844867,(87,(152,(179,(3,2)0.9:0.35580688832866875)1:1.0969400474757476)0.43:0.02576664445200148)1:0.43639832609780255)0.99:0.2979987956853378,((23,(44,(5,98)0.87:0.2265920356163801)0.96:0.29355683967109997)1:0.7761786222549107,(188,(145,(177,117)1:0.5192917094061483)0.7:0.1304762171704353)1:0.5884131296268084)1:0.7729753630216887)1:1.7739634341227681)0.96:0.25186285561406,(((9,(189,115)1:1.4262832010922861)1:0.9438950335208002,((150,136)1:0.7451048423260689,(62,133)1:0.6831691303426577)1:1.1038467053966405)1:0.9693146186689455,(((41,(142,81)1:0.388859560493389)1:1.5174133492912372,(195,(155,(67,169)0.97:0.2881216328984188)1:0.6243304812662231)1:1.1986593322104497)0.99:0.3130910435800993,((107,112)0.54:0.05614599715519218,((12,(123,144)0.87:0.1807279639403816)1:0.3771371365344883,((29,(146,191)1:1.4400555380113433)1:0.6982001854957773,((95,61)0.99:0.3106524450195118,(63,(199,127)0.7:0.11076350043595785)1:0.6982646729923448)1:1.368619593704497)0.94:0.2221407592218173)1:0.4422302887190693)0.99:0.29574588539034175)1:1.1099222157090631)0.96:0.24989596606890002)1:2.3322621390000986,(0,((159,16)1:2.8332133440562166,((149,(27,(91,153)0.99:0.33389025739180067)0.73:0.12093268855122198)1:2.4021923610658393,(((46,(17,141)0.9:0.19060232039397368)1:2.4268436223573646,(183,(45,24)0.46:0.039220713153281385)1:2.2453344355806846)0.84:0.16806565548866337,(((113,109)1:1.8755195447736352,(174,(55,(11,194)1:0.46564387267409724)1:0.9177915332591474)1:0.5912476865613363)0.9:0.1949873064726102,(128,(158,31)1:0.8468167441883636)1:3.2327851131449323)1:0.8775463857815219)1:1.20885373836167)1:1.1463001194538252)1:1.3291359472799418)1:1.7346010553881062)1:1.8962580753234122)0.95:0.24942089793018168)1:1.175795232364444)0.93:0.2160084793588138)1:0.9353552154262845)0.74:0.12706505648703675)1:1.7013005378462256)1:0.6610384674481412));
Weight calculation took 2.026127446 secs
ASTRAL finished in 12.043 secs
