
================== ASTRAL ===================== 

This is ASTRAL version 5.7.8
Gene trees are treated as unrooted
50 trees read from Dataset/AstralII_data/model.200.10000000.0.000001/47/estimatedgenetre.halfresolved_50
index0
All output trees will be *arbitrarily* rooted at 37

======== Running the main analysis
Number of taxa: 201 (201 species)
Taxa: [37, 15, 96, 160, 109, 86, 33, 189, 105, 57, 155, 50, 85, 151, 10, 178, 193, 46, 89, 112, 184, 187, 111, 162, 142, 133, 118, 83, 200, 100, 65, 138, 32, 124, 167, 103, 161, 185, 43, 122, 168, 67, 195, 110, 45, 82, 199, 129, 179, 181, 157, 23, 56, 60, 13, 36, 132, 121, 172, 73, 75, 166, 134, 108, 22, 191, 34, 55, 144, 159, 95, 120, 70, 47, 88, 4, 38, 165, 128, 0, 139, 49, 150, 196, 146, 14, 145, 101, 12, 63, 77, 72, 115, 92, 84, 126, 69, 125, 169, 54, 40, 192, 7, 174, 48, 97, 80, 5, 18, 177, 137, 149, 141, 16, 117, 153, 107, 64, 9, 30, 186, 116, 175, 61, 154, 25, 8, 19, 31, 163, 197, 99, 11, 2, 119, 94, 158, 20, 1, 41, 17, 74, 136, 76, 52, 90, 71, 78, 68, 140, 104, 87, 21, 190, 135, 183, 62, 106, 113, 182, 173, 44, 131, 130, 143, 79, 27, 123, 6, 42, 194, 156, 3, 81, 188, 114, 147, 51, 152, 29, 91, 102, 53, 176, 28, 171, 58, 93, 26, 39, 127, 148, 59, 180, 66, 98, 24, 164, 170, 198, 35]
Taxon occupancy: {110=50, 111=50, 112=50, 113=50, 114=50, 115=50, 116=50, 117=50, 118=50, 119=50, 10=50, 11=50, 12=50, 13=50, 14=50, 15=50, 16=50, 17=50, 18=50, 19=50, 120=50, 121=50, 0=50, 122=50, 1=50, 2=50, 123=50, 124=50, 3=50, 4=50, 125=50, 126=50, 5=50, 6=50, 127=50, 128=50, 7=50, 129=50, 8=50, 9=50, 20=50, 21=50, 22=50, 23=50, 24=50, 25=50, 26=50, 27=50, 28=50, 29=50, 130=50, 131=50, 132=50, 133=50, 134=50, 135=50, 136=50, 137=50, 138=50, 139=50, 30=50, 31=50, 32=50, 33=50, 34=50, 35=50, 36=50, 37=50, 38=50, 39=50, 140=50, 141=50, 142=50, 143=50, 144=50, 145=50, 146=50, 147=50, 148=50, 149=50, 40=50, 41=50, 42=50, 43=50, 44=50, 45=50, 46=50, 47=50, 48=50, 49=50, 150=50, 151=50, 152=50, 153=50, 154=50, 155=50, 156=50, 157=50, 158=50, 159=50, 50=50, 51=50, 52=50, 53=50, 54=50, 55=50, 56=50, 57=50, 58=50, 59=50, 160=50, 161=50, 162=50, 163=50, 164=50, 165=50, 166=50, 167=50, 168=50, 169=50, 60=50, 61=50, 62=50, 63=50, 64=50, 65=50, 66=50, 67=50, 68=50, 69=50, 170=50, 171=50, 172=50, 173=50, 174=50, 175=50, 176=50, 177=50, 178=50, 179=50, 70=50, 71=50, 72=50, 73=50, 74=50, 75=50, 76=50, 77=50, 78=50, 79=50, 180=50, 181=50, 182=50, 183=50, 184=50, 185=50, 186=50, 187=50, 188=50, 189=50, 80=50, 81=50, 82=50, 83=50, 84=50, 85=50, 86=50, 87=50, 88=50, 89=50, 190=50, 191=50, 192=50, 193=50, 194=50, 195=50, 196=50, 197=50, 198=50, 199=50, 90=50, 91=50, 92=50, 93=50, 94=50, 95=50, 96=50, 97=50, 98=50, 99=50, 200=50, 100=50, 101=50, 102=50, 103=50, 104=50, 105=50, 106=50, 107=50, 108=50, 109=50}
Number of gene trees: 50
0 trees have missing taxa
Calculating quartet distance matrix (for completion of X)
Species tree distances calculated ...
Building set of clusters (X) from gene trees 
------------------------------
gradient0: 2607
Number of Clusters after addition by distance: 2607
calculating extra bipartitions to be added at level 1 ...
Adding to X using resolutions of greedy consensus ...
Limit for sigma of degrees:5075
polytomy size limit : 5
discarded polytomies:  [3, 3, 3, 3, 3, 3, 3, 3, 3, 4, 4, 4, 5]
Threshold 0.0:
Threshold 0.01:
Threshold 0.02:
Threshold 0.05:
Threshold 0.1:
Threshold 0.2:
polytomy of size 3; rounds with additions with at least 5 support: 0; clusters: 2607
polytomy of size 3; rounds with additions with at least 5 support: 0; clusters: 2607
polytomy of size 4; rounds with additions with at least 5 support: 0; clusters: 2607
Threshold 0.3333333333333333:
polytomy of size 4; rounds with additions with at least 5 support: 0; clusters: 2607
polytomy of size 3; rounds with additions with at least 5 support: 0; clusters: 2607
polytomy of size 3; rounds with additions with at least 5 support: 0; clusters: 2607
polytomy of size 3; rounds with additions with at least 5 support: 0; clusters: 2607
polytomy of size 3; rounds with additions with at least 5 support: 0; clusters: 2607
polytomy of size 4; rounds with additions with at least 5 support: 0; clusters: 2607
polytomy of size 3; rounds with additions with at least 5 support: 0; clusters: 2607
polytomy of size 5; rounds with additions with at least 5 support: 0; clusters: 2607
polytomy of size 3; rounds with additions with at least 5 support: 0; clusters: 2607
polytomy of size 3; rounds with additions with at least 5 support: 0; clusters: 2607
max k is :0
Number of Clusters after addition by greedy: 2607
gradient0 in heuristiic: 2607
partitions formed in 5.375 secs
Dynamic Programming starting after 5.376 secs
Using tree-based weight calculation.
Using polytree-based weight calculation.
Polytree max score: 3299917500
Polytree building time: 0.155 seconds.
Number of quartet trees in the gene trees: 3299917500
Size of largest cluster: 201
Greedy score: 3159451533
estimationFactor: 1.0444589719237196
Sub-optimal score: 3169505618
Total Number of elements weighted: 3667
Normalized score (portion of input quartet trees satisfied before correcting for multiple individuals): 0.9608093802345059
Optimization score: 3170591688
Optimal tree inferred in 6.98 secs.
(104,(87,(140,(68,((71,78),(((166,134),(((108,22),(191,34)),((144,(55,(159,95))),(120,(128,(165,(70,((47,38),(88,4))))))))),((((195,((13,(36,132)),((60,121),(172,(73,75))))),((110,45),((67,(185,43)),((122,168),((157,(23,56)),(82,(199,(179,(129,181))))))))),((26,(39,127)),(((161,(46,(89,((112,184),(111,(187,162)))))),((142,103),((118,83),(133,(167,((200,100),(65,(138,(32,124))))))))),((151,(10,(178,193))),((155,(50,85)),(37,((24,((198,35),(164,170))),((15,96),(((148,59),(180,(66,98))),((189,(105,57)),(33,(160,(109,86))))))))))))),((131,(((183,62),((21,190),(135,(106,(113,(182,(173,44))))))),((130,(143,(79,27))),((93,(58,((81,188),(123,((156,3),(6,(42,194))))))),((114,((152,29),(147,51))),((91,102),(53,(176,(28,171))))))))),(0,(((17,((74,136),(76,(52,90)))),(((186,(116,175)),(61,(154,25))),(8,((197,(163,(19,31))),((99,41),(1,((158,20),(94,(11,(2,119)))))))))),(((146,(14,145)),(139,(49,(150,196)))),((101,(12,63)),((48,(((7,174),(30,(64,9))),(107,(169,(54,(40,192)))))),((((77,72),(115,92)),(84,(126,(69,125)))),((97,80),(((141,16),(117,153)),(5,((18,177),(137,149)))))))))))))))))));
Final quartet score is: 3170591688
Final normalized quartet score is: 0.9608093802345059
Extended species tree:
(37,(((24,((198,35)1:2.14006616349627,(164,170)1:3.5263605246161593)1:0.7233094061212456)1:2.0218035637979983,((15,96)1:1.0980226544207938,(((148,59)1:0.7331525151736442,(180,(66,98)0.97:0.2672932069824722)0.72:0.11686434013931098)1:3.0417252331023614,((189,(105,57)1:1.4469189829363254)1:1.909732031636707,(33,(160,(109,86)1:0.4818380868927383)1:2.8332133440562166)0.75:0.13633644355213137)1:1.3008317153889184)0.97:0.2498155938225942)1:0.5387241211723965)1:0.365113812584597,((155,(50,85)1:3.5263605246161593)1:0.8183103235139515,((151,(10,(178,193)1:2.4277482359480516)1:2.8332133440562166)1:2.8332133440562166,(((161,(46,(89,((112,184)0.52:0.09166038582787371,(111,(187,162)0.67:0.09367752638043964)1:0.4823848835891289)0.85:0.16482839934643786)1:3.5263605246161593)1:1.7450178162463617)1:0.5682756169402885,((142,103)1:0.42839165739064455,((118,83)1:3.5263605246161593,(133,(167,((200,100)1:0.9614111671546247,(65,(138,(32,124)0.98:0.2682639865946794)1:1.2237754316221159)1:1.5569198781506535)1:2.14006616349627)1:1.4443316593713744)0.77:0.1297610819855054)1:1.3084806674916751)1:1.5080333547539486)1:3.5134571197802535,((26,(39,127)1:3.5263605246161593)1:2.8332133440562166,(((195,((13,(36,132)1:2.4277482359480516)1:2.3632097148104787,((60,121)1:0.6931471805599453,(172,(73,75)1:0.6359887667199969)1:2.8332133440562166)1:1.0624705375582437)1:1.1273295333538635)0.47:0.052584116820559086,((110,45)1:3.5263605246161593,((67,(185,43)1:3.5263605246161593)1:0.3574574778232538,((122,168)1:2.431244743006782,((157,(23,56)1:2.14006616349627)1:1.3291359472799418,(82,(199,(179,(129,181)1:0.34830669426821587)1:0.5059356384717988)1:1.6805338341178315)1:1.5339303599259557)1:3.015534900850171)0.88:0.1787609446054115)0.63:0.08546579494854567)1:0.5792261260280487)1:3.5263605246161593,(((131,(((183,62)1:3.5263605246161593,((21,190)1:1.3291359472799418,(135,(106,(113,(182,(173,44)1:0.8183103235139515)1:2.8332133440562166)1:0.4200517703951482)1:0.8014448023446455)1:1.4707764521280666)0.46:0.03491626510622799)1:2.661591394736998,((130,(143,(79,27)1:0.8876640104477181)1:0.6085897925318822)1:3.5263605246161593,((93,(58,((81,188)1:3.5263605246161593,(123,((156,3)1:0.8869388299030476,(6,(42,194)1:1.3291359472799418)1:2.2735975561207935)1:1.4475602141221309)0.81:0.14536585027152543)1:1.2582159216024065)0.99:0.32344915253050005)1:1.0556582844798537,((114,((152,29)1:1.7346010553881062,(147,51)1:2.8332133440562166)1:2.14006616349627)1:2.8598815911383793,((91,102)1:2.4277482359480516,(53,(176,(28,171)1:0.39086630868701183)1:2.022283127839887)1:1.4469189829363254)1:3.5263605246161593)0.98:0.2837681731306446)1:2.3632097148104787)0.78:0.1447347584959838)0.8:0.1399384285361604)1:3.5263605246161593,(0,(((17,((74,136)1:2.4277482359480516,(76,(52,90)1:3.5263605246161593)1:1.3291359472799418)1:1.9641754970326066)1:2.000304221121112,(((186,(116,175)1:2.14006616349627)1:3.5263605246161593,(61,(154,25)1:2.8332133440562166)1:2.4277482359480516)1:2.14006616349627,(8,((197,(163,(19,31)1:0.8862215291301617)0.93:0.21217451994363562)1:3.015534900850171,((99,41)1:0.5324155616362659,(1,((158,20)1:0.5688494638823682,(94,(11,(2,119)0.54:0.09237332013101504)1:1.000631880307906)1:0.9360933591703345)1:2.0794415416798353)1:1.5730374431717222)0.47:0.05728200031974506)1:3.4210000089583317)1:2.359246583923269)1:0.3935614487034092)1:2.8332133440562166,(((146,(14,145)1:3.5263605246161593)1:1.0414538748281608,(139,(49,(150,196)1:3.5263605246161593)1:0.6931471805599453)1:2.8332133440562166)1:3.5263605246161593,((101,(12,63)1:3.5263605246161593)1:2.8332133440562166,((48,(((7,174)1:3.5263605246161593,(30,(64,9)0.41:0.029852963149681274)1:3.5263605246161593)1:0.886256622430232,(107,(169,(54,(40,192)1:0.6922563119041437)0.74:0.12516314295400605)1:3.5263605246161593)1:0.862920753280675)0.58:0.07240425640484553)0.97:0.26361185135336845,((((77,72)1:3.120895416507997,(115,92)1:0.5298671194765227)1:2.2735975561207935,(84,(126,(69,125)1:0.9614111671546247)1:3.5263605246161593)1:3.1174471372290826)1:1.3303576945302642,((97,80)1:3.5263605246161593,(((141,16)0.62:0.09237332013101504,(117,153)1:1.2237754316221159)1:1.5384861764618156,(5,((18,177)0.67:0.1089667581927201,(137,149)1:0.3475666974058626)1:0.7552077818812106)1:0.3667040594079317)1:1.6858108912186733)1:3.5263605246161593)1:0.3679923693392462)0.45:0.042363840683664486)1:0.8317333438460921)1:3.5263605246161593)1:3.5263605246161593)1:2.4277482359480516)1:0.865443933943189,(((166,134)1:3.5263605246161593,(((108,22)1:0.7537718023763802,(191,34)1:2.8332133440562166)1:3.5263605246161593,((144,(55,(159,95)1:0.753456195619776)1:1.084013489246957)1:3.5263605246161593,(120,(128,(165,(70,((47,38)1:0.3916390635965812,(88,4)1:0.8178028380932656)0.65:0.0924556144980122)1:1.2240318747572558)1:0.7923277880563215)1:0.9614111671546247)1:1.6010696627635832)1:1.6168180197317232)1:2.0600234558227353)1:2.8332133440562166,((71,78)1:1.4469189829363254,(68,(140,(87,104)1:1.915913020980709)1:0.3487297956072967)1:1.7346010553881062)1:3.5263605246161593)1:2.693029371710664)1:1.5466052286196654)1:1.4469189829363254)1:2.2270775404858996)1:3.5263605246161593)1:1.554596996734514)1:2.4634663185501324));
Weight calculation took 0.978267021 secs
ASTRAL finished in 9.047 secs
