
================== ASTRAL ===================== 

This is ASTRAL version 5.7.8
Gene trees are treated as unrooted
929 trees read from Dataset/AstralII_data/model.200.500000.0.000001/23/estimatedgenetre.halfresolved
index0
All output trees will be *arbitrarily* rooted at 68

======== Running the main analysis
Number of taxa: 201 (201 species)
Taxa: [68, 159, 65, 36, 125, 136, 103, 84, 105, 182, 3, 2, 96, 31, 156, 38, 186, 163, 1, 107, 117, 50, 57, 4, 35, 72, 166, 49, 147, 45, 90, 131, 129, 29, 42, 150, 46, 12, 194, 165, 141, 97, 10, 162, 178, 130, 95, 138, 99, 92, 110, 5, 176, 87, 175, 71, 34, 66, 69, 33, 37, 120, 20, 152, 133, 21, 167, 77, 116, 134, 7, 40, 115, 100, 0, 174, 56, 118, 153, 53, 151, 51, 132, 104, 146, 164, 101, 123, 59, 54, 43, 172, 82, 22, 190, 28, 98, 24, 135, 177, 41, 8, 158, 78, 121, 48, 185, 157, 139, 32, 79, 74, 196, 155, 58, 127, 91, 119, 128, 11, 76, 187, 124, 63, 199, 94, 184, 61, 26, 55, 67, 154, 149, 81, 192, 195, 60, 188, 85, 75, 47, 137, 83, 179, 140, 144, 64, 89, 180, 44, 16, 148, 161, 142, 93, 198, 169, 197, 23, 73, 114, 17, 30, 183, 193, 25, 145, 160, 122, 102, 191, 168, 109, 173, 112, 6, 86, 200, 13, 189, 9, 18, 15, 19, 106, 143, 70, 27, 52, 126, 39, 181, 113, 108, 88, 171, 111, 170, 14, 80, 62]
Taxon occupancy: {110=929, 111=929, 112=929, 113=929, 114=929, 115=929, 116=929, 117=929, 118=929, 119=929, 10=929, 11=929, 12=929, 13=929, 14=929, 15=929, 16=929, 17=929, 18=929, 19=929, 120=929, 0=929, 121=929, 1=929, 122=929, 2=929, 123=929, 3=929, 124=929, 125=929, 4=929, 5=929, 126=929, 127=929, 6=929, 7=929, 128=929, 129=929, 8=929, 9=929, 20=929, 21=929, 22=929, 23=929, 24=929, 25=929, 26=929, 27=929, 28=929, 29=929, 130=929, 131=929, 132=929, 133=929, 134=929, 135=929, 136=929, 137=929, 138=929, 139=929, 30=929, 31=929, 32=929, 33=929, 34=929, 35=929, 36=929, 37=929, 38=929, 39=929, 140=929, 141=929, 142=929, 143=929, 144=929, 145=929, 146=929, 147=929, 148=929, 149=929, 40=929, 41=929, 42=929, 43=929, 44=929, 45=929, 46=929, 47=929, 48=929, 49=929, 150=929, 151=929, 152=929, 153=929, 154=929, 155=929, 156=929, 157=929, 158=929, 159=929, 50=929, 51=929, 52=929, 53=929, 54=929, 55=929, 56=929, 57=929, 58=929, 59=929, 160=929, 161=929, 162=929, 163=929, 164=929, 165=929, 166=929, 167=929, 168=929, 169=929, 60=929, 61=929, 62=929, 63=929, 64=929, 65=929, 66=929, 67=929, 68=929, 69=929, 170=929, 171=929, 172=929, 173=929, 174=929, 175=929, 176=929, 177=929, 178=929, 179=929, 70=929, 71=929, 72=929, 73=929, 74=929, 75=929, 76=929, 77=929, 78=929, 79=929, 180=929, 181=929, 182=929, 183=929, 184=929, 185=929, 186=929, 187=929, 188=929, 189=929, 80=929, 81=929, 82=929, 83=929, 84=929, 85=929, 86=929, 87=929, 88=929, 89=929, 190=929, 191=929, 192=929, 193=929, 194=929, 195=929, 196=929, 197=929, 198=929, 199=929, 90=929, 91=929, 92=929, 93=929, 94=929, 95=929, 96=929, 97=929, 98=929, 99=929, 200=929, 100=929, 101=929, 102=929, 103=929, 104=929, 105=929, 106=929, 107=929, 108=929, 109=929}
Number of gene trees: 929
0 trees have missing taxa
Calculating quartet distance matrix (for completion of X)
Species tree distances calculated ...
Building set of clusters (X) from gene trees 
------------------------------
gradient0: 156879
Number of Clusters after addition by distance: 156879
calculating extra bipartitions to be added at level 1 ...
Adding to X using resolutions of greedy consensus ...
Limit for sigma of degrees:5075
polytomy size limit : 62
discarded polytomies: 90 117  [3, 3, 3, 3, 3, 3, 3, 3, 4, 4, 4, 4, 6, 6, 7, 11, 28, 35, 48, 62, 90, 117]
Threshold 0.0:
polytomy of size 11; rounds with additions with at least 5 support: 7; clusters: 157363
Threshold 0.01:
polytomy of size 3; rounds with additions with at least 5 support: 0; clusters: 157365
polytomy of size 28; rounds with additions with at least 5 support: 4; clusters: 164663
Threshold 0.02:
polytomy of size 4; rounds with additions with at least 5 support: 0; clusters: 164665
polytomy of size 35; rounds with additions with at least 5 support: 0; clusters: 176817
Threshold 0.05:
polytomy of size 4; rounds with additions with at least 5 support: 0; clusters: 176817
polytomy of size 48; rounds with additions with at least 5 support: 1; clusters: 176919
Threshold 0.1:
polytomy of size 6; rounds with additions with at least 5 support: 0; clusters: 176919
polytomy of size 4; rounds with additions with at least 5 support: 0; clusters: 176919
polytomy of size 62; rounds with additions with at least 5 support: 0; clusters: 176931
Threshold 0.2:
polytomy of size 3; rounds with additions with at least 5 support: 0; clusters: 176931
polytomy of size 3; rounds with additions with at least 5 support: 0; clusters: 176931
polytomy of size 3; rounds with additions with at least 5 support: 0; clusters: 176931
polytomy of size 7; rounds with additions with at least 5 support: 0; clusters: 176931
polytomy of size 3; rounds with additions with at least 5 support: 0; clusters: 176931
polytomy of size 90; rounds with additions with at least 5 support: 0; clusters: 176965
Threshold 0.3333333333333333:
polytomy of size 3; rounds with additions with at least 5 support: 0; clusters: 176965
polytomy of size 3; rounds with additions with at least 5 support: 0; clusters: 176965
polytomy of size 6; rounds with additions with at least 5 support: 0; clusters: 176965
polytomy of size 3; rounds with additions with at least 5 support: 0; clusters: 176965
polytomy of size 4; rounds with additions with at least 5 support: 0; clusters: 176965
polytomy of size 117; rounds with additions with at least 5 support: 0; clusters: 176997
max k is :14
Number of Clusters after addition by greedy: 176997
gradient0 in heuristiic: 176997
partitions formed in 212.079 secs
Dynamic Programming starting after 212.079 secs
Using tree-based weight calculation.
Using polytree-based weight calculation.
Polytree max score: 61111702830
Polytree building time: 4.307 seconds.
Number of quartet trees in the gene trees: 61111702830
Size of largest cluster: 201
Greedy score: 25880649070
estimationFactor: 2.3612894199333927
Sub-optimal score: 25883706199
Calculated 100000 weights; time (seconds): 637
Calculated 200000 weights; time (seconds): 404
Calculated 300000 weights; time (seconds): 429
Calculated 400000 weights; time (seconds): 463
Total Number of elements weighted: 473308
Normalized score (portion of input quartet trees satisfied before correcting for multiple individuals): 0.46091529856982716
Optimization score: 28167318756
Optimal tree inferred in 2250.663 secs.
(192,((195,188),(60,((119,128),((81,75),(54,((43,149),((72,166),(85,(35,((((48,185),((21,(167,16)),((121,(44,(174,56))),(155,((77,116),(142,(148,161))))))),(((68,112),(200,(59,86))),((6,(93,198)),((153,((7,100),(40,115))),((134,(53,23)),((30,(169,197)),(183,(73,(114,17))))))))),((0,((((165,141),((90,(29,42)),(150,(131,(45,129))))),((46,(12,194)),(1,(107,((117,4),(50,57)))))),((((178,130),(95,(162,138))),((172,82),(88,(171,111)))),((((13,(125,136)),(36,(189,9))),((65,103),((184,61),((135,94),(78,(159,((24,177),(158,(41,8))))))))),(((98,(20,152)),(28,(66,69))),((133,(22,190)),(((37,120),(110,(92,33))),(97,((10,(80,62)),(99,(170,14))))))))))),((180,(((182,(2,163)),((84,3),(105,186))),(((96,126),(39,181)),((156,52),(113,(38,(31,108))))))),(((((79,74),(32,(157,139))),(102,(122,(193,(25,(145,160)))))),((51,(91,(132,127))),(58,((168,(151,191)),((109,(104,173)),(101,(146,164))))))),((((49,147),((176,87),(5,(175,(71,34))))),((15,(123,18)),(76,(187,(199,(11,(124,63))))))),(196,((118,((83,(137,179)),((144,64),(140,89)))),(47,((67,(143,(106,27))),(70,((55,19),(26,154))))))))))))))))))))));
Final quartet score is: 28167318756
Final normalized quartet score is: 0.46091529856982716
Extended species tree:
(68,(112,((200,(59,86)1:0.5590408135100409)1:0.35840627439649325,(((6,(93,198)1:1.7924684609080137)0.58:0.017346514986546643,((153,((7,100)1:0.15311392445507793,(40,115)1:0.38609659387141937)1:0.1712973993093952)1:0.5894660370514715,((134,(53,23)1:0.7767587216937171)1:0.15885880301582964,((30,(169,197)1:0.3661151641219307)1:0.16594113540229413,(183,(73,(114,17)1:0.6124889529724945)1:0.08581015494098679)1:0.1593370621154779)1:0.6523748277929721)1:0.07874404369020647)0.92:0.04683813795192579)1:0.09352374853200367,(((48,185)1:0.5641322078074011,((21,(167,16)1:0.6437419132476758)1:0.5298373045996783,((121,(44,(174,56)1:0.5388954271192781)1:0.6949464857720593)1:0.18403415500333478,(155,((77,116)1:0.15846193856925503,(142,(148,161)1:0.1166596498843897)1:1.0530819370637021)1:0.2565626486438494)1:0.13977105635480733)0.4:0.005564043236158227)0.99:0.07187914199143317)1:0.08002185750442181,(((0,((((165,141)1:1.5285946017864642,((90,(29,42)1:0.12042337659566874)1:0.5438303322062648,(150,(131,(45,129)0.98:0.06278967498570127)1:0.2755854141959242)1:0.3560489455319179)1:0.6432434232277051)0.99:0.06643249891641441,((46,(12,194)1:0.2850491595383804)1:0.6521979339554608,(1,(107,((117,4)1:0.13849027347152412,(50,57)1:0.12354926397869065)1:0.49267898329268806)0.94:0.0530340157896602)1:0.9084939132112859)0.63:0.02137623846718493)1:0.10693568608763443,((((178,130)1:0.3367840902387669,(95,(162,138)1:0.216408194044432)1:0.20935178780251798)1:0.9419484364803977,((172,82)1:1.4628470994763036,(88,(171,111)1:0.810952383881465)1:0.7206687878475084)1:0.16701102192945377)1:0.1347939145785732,((((13,(125,136)1:0.31018669066401094)1:0.6305645982141521,(36,(189,9)1:0.5576844874124779)1:0.07578743325482547)1:0.7608865436609957,((65,103)1:0.8758520670359635,((184,61)1:0.5779642963616564,((135,94)1:0.44581255763361605,(78,(159,((24,177)1:0.3135370057572838,(158,(41,8)1:0.16074194102484624)1:0.24895141140069432)1:0.08174046366240022)1:0.19674315076274035)1:0.07966650381455682)0.99:0.06970294430626506)1:0.8100942236661028)0.86:0.03765265198835412)1:0.1959105278112972,(((98,(20,152)1:0.8366540776955144)1:0.39768573169476396,(28,(66,69)1:0.13113906178239965)1:1.178253526066538)1:0.5437595973744047,((133,(22,190)1:1.5380781759368816)1:0.11505483930686589,(((37,120)1:0.9192782256231312,(110,(92,33)1:1.070991170896835)1:0.2000994224676662)1:0.23303389344177694,(97,((10,(80,62)1:1.2339289936627176)1:0.0746101351314733,(99,(170,14)1:1.3132310106673146)0.95:0.05526316312418494)1:0.22794572879799305)0.99:0.06572359695118496)0.92:0.044944431542400846)0.99:0.06298455595788335)0.35:0.0012031270218010892)0.4:0.006465520271855007)0.99:0.06333187557625383)1:0.0786181143308109)0.35:8.148595058493068E-4,((180,(((182,(2,163)1:0.17255398998638605)1:0.31772736200310037,((84,3)1:0.38673843278365533,(105,186)1:0.569539506537339)1:0.2164937260584559)1:0.29452192702246216,(((96,126)1:0.5783346265128834,(39,181)1:0.07300341691068694)0.9:0.043159314050993325,((156,52)1:0.3400603603636372,(113,(38,(31,108)1:0.2919432906303674)1:0.09055660825084749)1:0.0998508666179137)1:0.17669711461201834)1:0.36570344481844225)1:0.2480222231287272)1:0.3009148072314907,(((((79,74)1:0.8727892778449684,(32,(157,139)1:0.24781840958488202)1:0.9511290742518544)1:0.3853745110056736,(102,(122,(193,(25,(145,160)1:0.29133338750827215)1:0.15229900992319564)1:0.13505746030895088)1:0.5892299390493846)1:0.6925975361016136)0.47:0.010596396237158896,((51,(91,(132,127)1:0.30601580268077483)1:0.9289787303609807)0.63:0.0222359344439199,(58,((168,(151,191)0.97:0.05841643388257595)1:0.835904672685632,((109,(104,173)1:0.36815817381433985)1:0.8771542910831813,(101,(146,164)1:0.3782238597618512)1:0.185232007748403)1:0.17525671520636704)1:0.2132550219363229)0.95:0.051621325751243216)1:0.19642328870682757)1:0.1755011391934244,((((49,147)1:1.054625055578521,((176,87)1:1.1270092872689113,(5,(175,(71,34)1:0.8734164157784866)1:0.19716716487700447)1:0.12302942987842977)1:0.26877525412018966)1:0.2977437373953158,((15,(123,18)0.93:0.04691328502473298)1:0.8454431597422091,(76,(187,(199,(11,(124,63)1:0.6696201650863352)1:0.2442508873749648)0.9:0.043448931848577566)1:0.1536529363467371)0.98:0.06303199288971387)1:0.5469774595090728)1:0.106712739555686,(196,((118,((83,(137,179)1:0.2007321035496156)1:1.1895880916230628,((144,64)1:1.044373484455072,(140,89)1:0.1268689301909993)1:0.1877289088063213)1:0.13795461171336126)0.85:0.037420412514905084,(47,((67,(143,(106,27)1:0.1639393055392947)1:0.5737450124653866)1:0.18316292113103197,(70,((55,19)1:0.1346914807896764,(26,154)1:0.6203243995144216)1:0.40600048975928976)1:0.1476809785318616)1:0.10526982353006692)0.43:0.007379243230863532)1:0.35777829934034183)0.98:0.05838728508460759)0.6:0.01843581649677353)0.82:0.03428006677557343)0.38:0.0033356578439382462)0.9:0.0419314722044797,(35,(85,((72,166)1:1.3823154127627464,((43,149)1:0.5092781474814139,(54,((81,75)1:0.6658444195500057,((119,128)1:0.622554557939787,(60,((195,188)1:1.1476764470037633,192)0.63:0.02509354285741515)1:0.30887123865398214)0.41:0.006877803776314992)1:0.07494107973082026)0.69:0.028463496356268943)0.78:0.033672264814545196)1:0.09410649973872762)0.96:0.05172318584129622)1:0.1413430279400829)0.53:0.013777567984072954)0.9:0.04249604995164872)0.38:0.003282550314856826)1:1.511807245788977));
Weight calculation took 1881.994321337 secs
ASTRAL finished in 2260.711 secs
