
================== ASTRAL ===================== 

This is ASTRAL version 5.7.8
Gene trees are treated as unrooted
200 trees read from Dataset/AstralII_data/model.200.500000.0.000001/23/estimatedgenetre.halfresolved_200
index0
All output trees will be *arbitrarily* rooted at 68

======== Running the main analysis
Number of taxa: 201 (201 species)
Taxa: [68, 159, 65, 36, 125, 136, 103, 84, 105, 182, 3, 2, 96, 31, 156, 38, 186, 163, 1, 107, 117, 50, 57, 4, 35, 72, 166, 49, 147, 45, 90, 131, 129, 29, 42, 150, 46, 12, 194, 165, 141, 97, 10, 162, 178, 130, 95, 138, 99, 92, 110, 5, 176, 87, 175, 71, 34, 66, 69, 33, 37, 120, 20, 152, 133, 21, 167, 77, 116, 134, 7, 40, 115, 100, 0, 174, 56, 118, 153, 53, 151, 51, 132, 104, 146, 164, 101, 123, 59, 54, 43, 172, 82, 22, 190, 28, 98, 24, 135, 177, 41, 8, 158, 78, 121, 48, 185, 157, 139, 32, 79, 74, 196, 155, 58, 127, 91, 119, 128, 11, 76, 187, 124, 63, 199, 94, 184, 61, 26, 55, 67, 154, 149, 81, 192, 195, 60, 188, 85, 75, 47, 137, 83, 179, 140, 144, 64, 89, 180, 44, 16, 148, 161, 142, 93, 198, 169, 197, 23, 73, 114, 17, 30, 183, 193, 25, 145, 160, 122, 102, 191, 168, 109, 173, 112, 6, 86, 200, 13, 189, 9, 18, 15, 19, 106, 143, 70, 27, 52, 126, 39, 181, 113, 108, 88, 171, 111, 170, 14, 80, 62]
Taxon occupancy: {110=200, 111=200, 112=200, 113=200, 114=200, 115=200, 116=200, 117=200, 118=200, 119=200, 10=200, 11=200, 12=200, 13=200, 14=200, 15=200, 16=200, 17=200, 18=200, 19=200, 120=200, 0=200, 121=200, 1=200, 122=200, 2=200, 123=200, 3=200, 124=200, 125=200, 4=200, 5=200, 126=200, 127=200, 6=200, 7=200, 128=200, 129=200, 8=200, 9=200, 20=200, 21=200, 22=200, 23=200, 24=200, 25=200, 26=200, 27=200, 28=200, 29=200, 130=200, 131=200, 132=200, 133=200, 134=200, 135=200, 136=200, 137=200, 138=200, 139=200, 30=200, 31=200, 32=200, 33=200, 34=200, 35=200, 36=200, 37=200, 38=200, 39=200, 140=200, 141=200, 142=200, 143=200, 144=200, 145=200, 146=200, 147=200, 148=200, 149=200, 40=200, 41=200, 42=200, 43=200, 44=200, 45=200, 46=200, 47=200, 48=200, 49=200, 150=200, 151=200, 152=200, 153=200, 154=200, 155=200, 156=200, 157=200, 158=200, 159=200, 50=200, 51=200, 52=200, 53=200, 54=200, 55=200, 56=200, 57=200, 58=200, 59=200, 160=200, 161=200, 162=200, 163=200, 164=200, 165=200, 166=200, 167=200, 168=200, 169=200, 60=200, 61=200, 62=200, 63=200, 64=200, 65=200, 66=200, 67=200, 68=200, 69=200, 170=200, 171=200, 172=200, 173=200, 174=200, 175=200, 176=200, 177=200, 178=200, 179=200, 70=200, 71=200, 72=200, 73=200, 74=200, 75=200, 76=200, 77=200, 78=200, 79=200, 180=200, 181=200, 182=200, 183=200, 184=200, 185=200, 186=200, 187=200, 188=200, 189=200, 80=200, 81=200, 82=200, 83=200, 84=200, 85=200, 86=200, 87=200, 88=200, 89=200, 190=200, 191=200, 192=200, 193=200, 194=200, 195=200, 196=200, 197=200, 198=200, 199=200, 90=200, 91=200, 92=200, 93=200, 94=200, 95=200, 96=200, 97=200, 98=200, 99=200, 200=200, 100=200, 101=200, 102=200, 103=200, 104=200, 105=200, 106=200, 107=200, 108=200, 109=200}
Number of gene trees: 200
0 trees have missing taxa
Calculating quartet distance matrix (for completion of X)
Species tree distances calculated ...
Building set of clusters (X) from gene trees 
------------------------------
gradient0: 40941
Number of Clusters after addition by distance: 40941
calculating extra bipartitions to be added at level 1 ...
Adding to X using resolutions of greedy consensus ...
Limit for sigma of degrees:5075
polytomy size limit : 63
discarded polytomies: 89 121  [3, 3, 3, 3, 3, 3, 3, 3, 3, 4, 4, 4, 5, 6, 6, 7, 14, 27, 35, 49, 63, 89, 121]
Threshold 0.0:
polytomy of size 3; rounds with additions with at least 5 support: 0; clusters: 40947
polytomy of size 3; rounds with additions with at least 5 support: 1; clusters: 40953
polytomy of size 14; rounds with additions with at least 5 support: 10; clusters: 42569
Threshold 0.01:
polytomy of size 3; rounds with additions with at least 5 support: 0; clusters: 42571
polytomy of size 27; rounds with additions with at least 5 support: 9; clusters: 52685
Threshold 0.02:
polytomy of size 4; rounds with additions with at least 5 support: 0; clusters: 52695
polytomy of size 35; rounds with additions with at least 5 support: 6; clusters: 70183
Threshold 0.05:
polytomy of size 4; rounds with additions with at least 5 support: 0; clusters: 70183
polytomy of size 49; rounds with additions with at least 5 support: 1; clusters: 70339
Threshold 0.1:
polytomy of size 6; rounds with additions with at least 5 support: 0; clusters: 70339
polytomy of size 5; rounds with additions with at least 5 support: 0; clusters: 70339
polytomy of size 63; rounds with additions with at least 5 support: 0; clusters: 70499
Threshold 0.2:
polytomy of size 3; rounds with additions with at least 5 support: 0; clusters: 70499
polytomy of size 7; rounds with additions with at least 5 support: 0; clusters: 70499
polytomy of size 3; rounds with additions with at least 5 support: 0; clusters: 70499
polytomy of size 89; rounds with additions with at least 5 support: 0; clusters: 70645
Threshold 0.3333333333333333:
polytomy of size 3; rounds with additions with at least 5 support: 0; clusters: 70645
polytomy of size 3; rounds with additions with at least 5 support: 0; clusters: 70645
polytomy of size 3; rounds with additions with at least 5 support: 0; clusters: 70645
polytomy of size 4; rounds with additions with at least 5 support: 0; clusters: 70645
polytomy of size 3; rounds with additions with at least 5 support: 0; clusters: 70645
polytomy of size 6; rounds with additions with at least 5 support: 0; clusters: 70645
polytomy of size 121; rounds with additions with at least 5 support: 0; clusters: 70667
max k is :20
Number of Clusters after addition by greedy: 70667
gradient0 in heuristiic: 70667
partitions formed in 48.395 secs
Dynamic Programming starting after 48.395 secs
Using tree-based weight calculation.
Using polytree-based weight calculation.
Polytree max score: 13168004565
Polytree building time: 0.343 seconds.
Number of quartet trees in the gene trees: 13168004565
Size of largest cluster: 201
Greedy score: 5229933391
estimationFactor: 2.5178149663742055
Sub-optimal score: 5574193876
Calculated 100000 weights; time (seconds): 153
Total Number of elements weighted: 168041
Normalized score (portion of input quartet trees satisfied before correcting for multiple individuals): 0.45959538471651495
Optimization score: 6051954124
Optimal tree inferred in 229.63 secs.
(145,(160,(25,(193,(122,(102,(((79,74),(32,(157,139))),(((91,(132,127)),(51,(58,((168,(151,191)),((109,(104,173)),(101,(146,164))))))),(((((49,147),((176,87),(5,(175,(71,34))))),((15,(123,18)),(76,(187,(199,(11,(124,63))))))),(196,(((83,(137,179)),((144,64),(140,89))),(47,(118,((67,(143,(106,27))),(70,((55,19),(26,154))))))))),(0,((((1,(107,((117,4),(50,57)))),((46,(12,194)),((165,141),((90,(29,42)),(150,(131,(45,129))))))),((((13,(125,136)),(36,(189,9))),((65,103),((184,61),((135,94),(78,(159,((24,177),(158,(41,8))))))))),(((98,(20,152)),(28,(66,69))),((((172,82),(88,(171,111))),((178,130),(95,(162,138)))),((133,(22,190)),(((37,120),(110,(92,33))),(97,((10,(80,62)),(99,(170,14)))))))))),((180,(((182,(2,163)),((84,3),(105,186))),((39,181),((96,126),((156,52),(113,(38,(31,108)))))))),((35,(85,((72,166),((43,149),(54,((192,(60,(195,188))),((119,128),(81,75)))))))),(((48,185),((121,(44,(174,56))),((21,(167,16)),(155,((77,116),(142,(148,161))))))),(((68,112),(200,(59,86))),(6,((93,198),((153,((7,100),(40,115))),((134,(53,23)),((30,(169,197)),(183,(73,(114,17)))))))))))))))))))))));
Final quartet score is: 6051954124
Final normalized quartet score is: 0.45959538471651495
Extended species tree:
(68,(112,((200,(59,86)1:0.44111967995587764)1:0.3303533771369969,((6,((93,198)1:1.6279517795350076,((153,((7,100)1:0.18282408084573698,(40,115)1:0.4515739148146617)1:0.1658088980701993)1:0.5113141401937076,((134,(53,23)1:0.8758991116596024)0.95:0.1116930266339888,((30,(169,197)1:0.3439613022613659)1:0.18391977768276505,(183,(73,(114,17)1:0.5903565452469012)0.96:0.11978726534641515)1:0.17695886438910902)1:0.564685074004655)0.85:0.08051710716950979)0.55:0.038546470239275384)0.47:0.019989204011988528)0.84:0.07893620726761331,(((48,185)1:0.5975848209292882,((121,(44,(174,56)1:0.494256544765138)1:0.6179309108300746)0.99:0.1406233217148578,((21,(167,16)1:0.49485634003000784)1:0.43307625724181203,(155,((77,116)1:0.16123588222011034,(142,(148,161)0.55:0.03213258085453379)1:1.1009593914597577)1:0.1918238614474866)0.99:0.14738231856636191)0.48:0.025162265895121192)0.95:0.10974360965143085)0.86:0.08332661982979454,((35,(85,((72,166)1:1.15181103770919,((43,149)1:0.5258155970976617,(54,((192,(60,(195,188)1:1.0205366369470237)0.49:0.023314382039535342)1:0.3241270761132922,((119,128)1:0.5088390734457783,(81,75)1:0.6606851849270782)0.51:0.026823946964963832)0.74:0.05937972853981028)0.42:0.01436153437900971)0.57:0.03870234603076407)0.94:0.10839270605664733)0.74:0.06052420105335361)1:0.16077112037214156,((180,(((182,(2,163)0.87:0.0849182873810781)1:0.3445683150420228,((84,3)1:0.3723784671384867,(105,186)1:0.5275960936069986)1:0.21824968418537263)1:0.2630713854682044,((39,181)0.93:0.10139776422120225,((96,126)1:0.5286999912217721,((156,52)1:0.38217123941373393,(113,(38,(31,108)1:0.2885928654105583)0.96:0.11923156413540552)0.79:0.07043781395630036)0.95:0.10927879874450995)0.45:0.026834023041361142)1:0.3445180082600933)1:0.25160305786005455)1:0.3144339712486349,((((1,(107,((117,4)0.94:0.10774449066163143,(50,57)1:0.19286001348582674)1:0.4047804110598469)0.8:0.07054719105960772)1:0.7902844115488966,((46,(12,194)1:0.2771734799166137)1:0.7389630243302037,((165,141)1:1.6329424521294102,((90,(29,42)0.96:0.12188558266268318)1:0.43420848772021564,(150,(131,(45,129)0.99:0.15208238727624)1:0.16501643386102754)1:0.4032976571837751)1:0.634274320052848)0.57:0.040120468089212616)0.42:0.012349708394343736)0.81:0.07309415522556074,((((13,(125,136)1:0.22335306146413117)1:0.5649372954797214,(36,(189,9)1:0.6136369000621672)0.91:0.09516310337745879)1:0.7064797755495791,((65,103)1:0.6899870356154992,((184,61)1:0.5737944918510985,((135,94)1:0.49863193651970666,(78,(159,((24,177)1:0.29466131486125524,(158,(41,8)0.94:0.10664196619418288)1:0.248716228042477)0.96:0.1181145978376147)1:0.18778479086907596)0.94:0.10779717975898702)0.9:0.09352972152015564)1:0.7891847385706208)0.79:0.06868469388682506)1:0.20046475106341088,(((98,(20,152)1:0.8725188752446394)1:0.35188405514522225,(28,(66,69)0.97:0.12477297255222622)1:1.2122630027696109)1:0.614384647205607,((((172,82)1:1.3240671600334568,(88,(171,111)1:1.0654693949080156)1:0.7257894387265112)1:0.1627745868674088,((178,130)1:0.3227825464497642,(95,(162,138)1:0.2480955235785145)1:0.22764869874246396)1:0.8558817094892003)0.91:0.09578360079137227,((133,(22,190)1:1.4501480472960575)0.96:0.11687789525176681,(((37,120)1:0.8693923119486607,(110,(92,33)1:1.1798710438952396)1:0.16725179586589453)1:0.21064763973613093,(97,((10,(80,62)1:1.0901651087590452)0.7:0.06063745689212993,(99,(170,14)1:1.2022328182607387)1:0.16256248869731482)1:0.18314508251034253)0.82:0.08133669618527829)0.71:0.058907088174485124)0.61:0.04179851140699826)0.41:0.011179608532606676)0.44:0.016154848813803552)0.55:0.032841645383988365)0.83:0.07543158772203311,(0,(((((49,147)1:0.952628136700617,((176,87)1:1.1521417135299554,(5,(175,(71,34)1:0.7568677351988239)1:0.23435487261445132)0.97:0.12051521144936708)1:0.23818651331156368)1:0.281956715171715,((15,(123,18)0.48:0.02896161680960036)1:0.8097409204999271,(76,(187,(199,(11,(124,63)1:0.8272091014383934)1:0.2507122198903601)0.64:0.05278242054131816)1:0.19335860010361344)0.75:0.06464305918282916)1:0.5120549347223292)0.99:0.13881361815203833,(196,(((83,(137,179)1:0.32169877996444013)1:1.0002643935263305,((144,64)1:1.3486642320461852,(140,89)0.95:0.11327092304732754)0.99:0.14681055552790082)1:0.17320485865329802,(47,(118,((67,(143,(106,27)1:0.22358993043236366)1:0.4626063095421589)1:0.1733881154445953,(70,((55,19)1:0.19546102112625724,(26,154)1:0.6109167549832659)1:0.3345129368470302)1:0.18351613126903155)0.67:0.05254409978617181)0.45:0.016992350530570202)0.44:0.01877802915601758)1:0.38681724370648407)0.54:0.03149554367619115)0.42:0.012066736449528468,(((91,(132,127)1:0.2944746397856916)1:0.9128005670281186,(51,(58,((168,(151,191)0.4:0.010459371487456492)1:0.9280445049139671,((109,(104,173)1:0.3648513363565516)1:0.8096437163939931,(101,(146,164)1:0.30510601596254167)0.99:0.15904577362422478)0.96:0.114276400407007)1:0.27211917207097963)0.47:0.02022975056487454)0.41:0.014382852668952617)0.99:0.14765954988578017,(((79,74)1:0.8855602329331597,(32,(157,139)1:0.25100072739212825)1:0.8645241192890145)1:0.3281033168770738,(102,(122,(193,(25,(160,145)1:0.3438179126655606)1:0.17855995785327833)0.93:0.11681879790005373)1:0.6327871899224093)1:0.7648318538070271)0.38:0.006420610319577935)1:0.17062496812612263)0.62:0.0419167339642718)0.39:0.008093285564084089)0.37:0.004120526933428891)0.53:0.028930151259382173)0.39:0.006863947482848346)0.63:0.044744324807845605)0.47:0.021431076067462803)1:1.5262390935951367));
Weight calculation took 159.976598781 secs
ASTRAL finished in 232.071 secs
