
================== ASTRAL ===================== 

This is ASTRAL version 5.7.8
Gene trees are treated as unrooted
50 trees read from Dataset/AstralII_data/model.200.500000.0.000001/23/estimatedgenetre.halfresolved_50
index0
All output trees will be *arbitrarily* rooted at 68

======== Running the main analysis
Number of taxa: 201 (201 species)
Taxa: [68, 159, 65, 36, 125, 136, 103, 84, 105, 182, 3, 2, 96, 31, 156, 38, 186, 163, 1, 107, 117, 50, 57, 4, 35, 72, 166, 49, 147, 45, 90, 131, 129, 29, 42, 150, 46, 12, 194, 165, 141, 97, 10, 162, 178, 130, 95, 138, 99, 92, 110, 5, 176, 87, 175, 71, 34, 66, 69, 33, 37, 120, 20, 152, 133, 21, 167, 77, 116, 134, 7, 40, 115, 100, 0, 174, 56, 118, 153, 53, 151, 51, 132, 104, 146, 164, 101, 123, 59, 54, 43, 172, 82, 22, 190, 28, 98, 24, 135, 177, 41, 8, 158, 78, 121, 48, 185, 157, 139, 32, 79, 74, 196, 155, 58, 127, 91, 119, 128, 11, 76, 187, 124, 63, 199, 94, 184, 61, 26, 55, 67, 154, 149, 81, 192, 195, 60, 188, 85, 75, 47, 137, 83, 179, 140, 144, 64, 89, 180, 44, 16, 148, 161, 142, 93, 198, 169, 197, 23, 73, 114, 17, 30, 183, 193, 25, 145, 160, 122, 102, 191, 168, 109, 173, 112, 6, 86, 200, 13, 189, 9, 18, 15, 19, 106, 143, 70, 27, 52, 126, 39, 181, 113, 108, 88, 171, 111, 170, 14, 80, 62]
Taxon occupancy: {110=50, 111=50, 112=50, 113=50, 114=50, 115=50, 116=50, 117=50, 118=50, 119=50, 10=50, 11=50, 12=50, 13=50, 14=50, 15=50, 16=50, 17=50, 18=50, 19=50, 120=50, 0=50, 121=50, 1=50, 122=50, 2=50, 123=50, 3=50, 124=50, 125=50, 4=50, 5=50, 126=50, 127=50, 6=50, 7=50, 128=50, 129=50, 8=50, 9=50, 20=50, 21=50, 22=50, 23=50, 24=50, 25=50, 26=50, 27=50, 28=50, 29=50, 130=50, 131=50, 132=50, 133=50, 134=50, 135=50, 136=50, 137=50, 138=50, 139=50, 30=50, 31=50, 32=50, 33=50, 34=50, 35=50, 36=50, 37=50, 38=50, 39=50, 140=50, 141=50, 142=50, 143=50, 144=50, 145=50, 146=50, 147=50, 148=50, 149=50, 40=50, 41=50, 42=50, 43=50, 44=50, 45=50, 46=50, 47=50, 48=50, 49=50, 150=50, 151=50, 152=50, 153=50, 154=50, 155=50, 156=50, 157=50, 158=50, 159=50, 50=50, 51=50, 52=50, 53=50, 54=50, 55=50, 56=50, 57=50, 58=50, 59=50, 160=50, 161=50, 162=50, 163=50, 164=50, 165=50, 166=50, 167=50, 168=50, 169=50, 60=50, 61=50, 62=50, 63=50, 64=50, 65=50, 66=50, 67=50, 68=50, 69=50, 170=50, 171=50, 172=50, 173=50, 174=50, 175=50, 176=50, 177=50, 178=50, 179=50, 70=50, 71=50, 72=50, 73=50, 74=50, 75=50, 76=50, 77=50, 78=50, 79=50, 180=50, 181=50, 182=50, 183=50, 184=50, 185=50, 186=50, 187=50, 188=50, 189=50, 80=50, 81=50, 82=50, 83=50, 84=50, 85=50, 86=50, 87=50, 88=50, 89=50, 190=50, 191=50, 192=50, 193=50, 194=50, 195=50, 196=50, 197=50, 198=50, 199=50, 90=50, 91=50, 92=50, 93=50, 94=50, 95=50, 96=50, 97=50, 98=50, 99=50, 200=50, 100=50, 101=50, 102=50, 103=50, 104=50, 105=50, 106=50, 107=50, 108=50, 109=50}
Number of gene trees: 50
0 trees have missing taxa
Calculating quartet distance matrix (for completion of X)
Species tree distances calculated ...
Building set of clusters (X) from gene trees 
------------------------------
gradient0: 12141
Number of Clusters after addition by distance: 12141
calculating extra bipartitions to be added at level 1 ...
Adding to X using resolutions of greedy consensus ...
Limit for sigma of degrees:5075
polytomy size limit : 56
discarded polytomies: 77 120  [3, 3, 3, 3, 3, 3, 3, 3, 3, 3, 3, 4, 4, 4, 4, 5, 5, 5, 6, 7, 28, 28, 28, 43, 56, 77, 120]
Threshold 0.0:
polytomy of size 3; rounds with additions with at least 5 support: 1; clusters: 12147
polytomy of size 28; rounds with additions with at least 5 support: 4; clusters: 25031
Threshold 0.01:
polytomy of size 3; rounds with additions with at least 5 support: 0; clusters: 25031
polytomy of size 28; rounds with additions with at least 5 support: 1; clusters: 36277
Threshold 0.02:
polytomy of size 3; rounds with additions with at least 5 support: 0; clusters: 36277
polytomy of size 28; rounds with additions with at least 5 support: 0; clusters: 47025
Threshold 0.05:
polytomy of size 3; rounds with additions with at least 5 support: 0; clusters: 47025
polytomy of size 4; rounds with additions with at least 5 support: 2; clusters: 47033
polytomy of size 43; rounds with additions with at least 5 support: 3; clusters: 47583
Threshold 0.1:
polytomy of size 5; rounds with additions with at least 5 support: 0; clusters: 47583
polytomy of size 4; rounds with additions with at least 5 support: 1; clusters: 47585
polytomy of size 5; rounds with additions with at least 5 support: 0; clusters: 47587
polytomy of size 56; rounds with additions with at least 5 support: 4; clusters: 48233
Threshold 0.2:
polytomy of size 7; rounds with additions with at least 5 support: 0; clusters: 48233
polytomy of size 6; rounds with additions with at least 5 support: 0; clusters: 48233
polytomy of size 3; rounds with additions with at least 5 support: 0; clusters: 48233
polytomy of size 3; rounds with additions with at least 5 support: 0; clusters: 48233
polytomy of size 3; rounds with additions with at least 5 support: 0; clusters: 48233
polytomy of size 77; rounds with additions with at least 5 support: 0; clusters: 48579
Threshold 0.3333333333333333:
polytomy of size 3; rounds with additions with at least 5 support: 0; clusters: 48579
polytomy of size 5; rounds with additions with at least 5 support: 0; clusters: 48579
polytomy of size 4; rounds with additions with at least 5 support: 0; clusters: 48579
polytomy of size 3; rounds with additions with at least 5 support: 0; clusters: 48579
polytomy of size 3; rounds with additions with at least 5 support: 0; clusters: 48579
polytomy of size 3; rounds with additions with at least 5 support: 0; clusters: 48579
polytomy of size 4; rounds with additions with at least 5 support: 0; clusters: 48579
polytomy of size 120; rounds with additions with at least 5 support: 0; clusters: 48981
max k is :8
Number of Clusters after addition by greedy: 48981
gradient0 in heuristiic: 48981
partitions formed in 22.599 secs
Dynamic Programming starting after 22.599 secs
Using tree-based weight calculation.
Using polytree-based weight calculation.
Polytree max score: 3287788584
Polytree building time: 0.097 seconds.
Number of quartet trees in the gene trees: 3287788584
Size of largest cluster: 201
Greedy score: 1409796005
estimationFactor: 2.3321023554751807
Sub-optimal score: 1410012978
Calculated 100000 weights; time (seconds): 57
Total Number of elements weighted: 154933
Normalized score (portion of input quartet trees satisfied before correcting for multiple individuals): 0.4694935016539373
Optimization score: 1543595375
Optimal tree inferred in 78.85 secs.
(192,(60,((195,188),((81,75),((54,(119,128)),((43,149),((72,166),(85,(35,((((48,185),((200,(59,86)),((121,(44,(174,56))),((21,(167,16)),(155,((77,116),(148,(161,142)))))))),((68,112),((6,(93,198)),((153,((7,100),(40,115))),((134,(53,23)),((30,(169,197)),(183,(73,(114,17))))))))),((((165,141),(((90,(29,42)),(150,(131,(45,129)))),((46,(12,194)),(1,(107,((117,4),(50,57))))))),((((36,(189,9)),(13,(125,136))),((65,103),((184,61),((135,94),(78,(159,((24,177),(158,(41,8))))))))),(((98,(20,152)),(28,(66,69))),((((172,82),(88,(171,111))),((178,130),(95,(162,138)))),((133,(22,190)),(((37,120),(110,(92,33))),(97,((170,14),((80,62),(10,99)))))))))),(0,((180,(((2,(182,163)),((84,3),(105,186))),((39,181),((96,126),((156,52),(38,(113,(31,108)))))))),((((49,147),((176,87),(5,(175,(71,34))))),((15,(123,18)),(76,(199,(187,(11,(124,63))))))),((196,(((118,47),((83,(137,179)),((144,64),(140,89)))),((67,(143,(106,27))),(70,((55,19),(26,154)))))),((((79,74),(32,(157,139))),(102,(122,(193,(25,(145,160)))))),((51,(91,(132,127))),(58,((191,(151,168)),((109,(104,173)),(101,(146,164))))))))))))))))))))));
Final quartet score is: 1543595375
Final normalized quartet score is: 0.4694935016539373
Extended species tree:
(68,(112,(((6,(93,198)1:1.5673867589398764)0.55:0.05964965427775019,((153,((7,100)0.69:0.10096072854920438,(40,115)1:0.49071060882367545)0.86:0.1743316004150739)1:0.39390516256533836,((134,(53,23)1:1.0958281564133039)0.85:0.17288708600569358,((30,(169,197)1:0.39872502417831895)0.94:0.23052507512368606,(183,(73,(114,17)1:0.5803556696927992)0.86:0.16704274603620597)0.89:0.18246358351550646)1:0.6008543210976389)0.52:0.05423614319168178)0.46:0.0323789311283883)0.64:0.08741846320302551,(((48,185)1:0.6506135499967944,((200,(59,86)1:0.4189242614821688)1:0.38651486832305093,((121,(44,(174,56)0.96:0.24531230141276725)1:0.7124423224354396)0.67:0.09710740921185976,((21,(167,16)1:0.6256606916618213)0.98:0.26996693710139036,(155,((77,116)0.68:0.10074710198361778,(148,(161,142)0.97:0.24878179631629427)1:0.6563416504951358)0.98:0.27571228829375194)0.6:0.07722559848808098)0.61:0.07701637067244547)0.59:0.0843484576694772)0.4:0.014020935627609343)0.59:0.0724839832315696,(((((165,141)1:1.4635214048126763,(((90,(29,42)0.93:0.2129682232725573)1:0.47907258145336457,(150,(131,(45,129)0.94:0.22869426320485714)0.95:0.233421692440141)0.99:0.3229868502266861)1:0.7853973844360015,((46,(12,194)1:0.3897689750972553)1:0.6536903962967585,(1,(107,((117,4)0.65:0.13513930477808347,(50,57)0.97:0.2705876390924809)1:0.3658427702849598)0.89:0.18218581940035658)1:0.6092069862571294)0.45:0.02958064874174031)0.44:0.028518197803580083)0.63:0.08797424504216304,((((36,(189,9)1:0.3946242684586049)0.97:0.25961636554995676,(13,(125,136)0.88:0.1922998309626226)1:0.6223303325044373)1:0.5159347977675454,((65,103)1:0.6165939291617016,((184,61)1:0.648190172520015,((135,94)1:0.5677131781725151,(78,(159,((24,177)0.95:0.22884940668727613,(158,(41,8)0.99:0.3369052307825566)0.63:0.08416864989935416)0.59:0.07165471839270833)0.88:0.1816660745272521)0.8:0.13977132496252684)0.72:0.11217936583178556)1:0.6878899658094175)0.41:0.018351723338421947)0.97:0.2619773094266774,(((98,(20,152)1:0.799604898462401)0.69:0.1056784752682791,(28,(66,69)0.62:0.09167097641178576)1:1.0968167632524133)1:0.7278456887901943,((((172,82)1:1.0563846099069478,(88,(171,111)1:0.80161203127928)1:0.7357720601839257)0.88:0.17901349065533004,((178,130)0.99:0.3162293055082914,(95,(162,138)0.55:0.0628402473073797)0.9:0.18833167020701824)1:1.0247134665074367)0.71:0.10943076732120793,((133,(22,190)1:1.7621465592425194)0.36:0.0,(((37,120)1:0.7647793529649713,(110,(92,33)1:1.2137250957686143)0.91:0.19741433466046127)0.86:0.16901681645621414,(97,((170,14)1:1.284939428203985,((80,62)1:0.9257259669855191,(10,99)0.98:0.2938992865872115)0.55:0.14101839844280217)0.94:0.22542293624881812)0.81:0.14326004115752833)0.54:0.059439355665805424)0.58:0.06893316839450948)0.51:0.04871000965191477)0.39:0.009820027372209607)0.46:0.03552277946945659)0.59:0.07192164490183077,(0,((180,(((2,(182,163)0.4:0.021250799696094617)0.99:0.3473757464146966,((84,3)0.98:0.2837451575918391,(105,186)1:0.5040309188785129)0.93:0.20738834100965783)1:0.4107205420060382,((39,181)0.7:0.1157459243231107,((96,126)0.99:0.29831119899243397,((156,52)1:0.39147647906085464,(38,(113,(31,108)0.99:0.3254607323816271)0.62:0.12493337616628387)0.91:0.19336095637877113)0.5:0.04790794981036466)0.4:0.01550286752619864)1:0.3599445775015599)0.99:0.2956329368556732)0.84:0.1588076524785573,((((49,147)1:0.8626872614973908,((176,87)1:0.950820478082359,(5,(175,(71,34)1:0.8971626490581595)0.83:0.1677982834853364)0.61:0.07800733551557812)1:0.37138159941464555)0.91:0.19548916214099857,((15,(123,18)0.47:0.03686410128266488)1:0.6581753515977096,(76,(199,(187,(11,(124,63)1:0.8835827856631557)0.85:0.16411370111627974)0.7:0.12661829480026848)0.75:0.12562162674855626)0.65:0.09335405519993838)1:0.6301953535297106)0.66:0.0952240088207475,((196,(((118,47)0.73:0.11853831030028292,((83,(137,179)1:0.3522612035509814)1:0.9862512430358876,((144,64)1:0.7628930036705371,(140,89)0.6:0.08105450582494647)0.98:0.28727715267097875)0.61:0.09792606250060527)0.44:0.02608465964525171,((67,(143,(106,27)0.98:0.2906573796154354)1:0.525969779930288)0.89:0.19091917492374513,(70,((55,19)0.49:0.05208575317048691,(26,154)1:0.7724037590057663)0.99:0.2950493754845811)0.86:0.16417608415686802)0.63:0.08475029718745224)1:0.3470451833977821)0.34:0.0,((((79,74)1:0.8182165444172433,(32,(157,139)0.66:0.09351407528990674)1:0.8573857094780661)0.84:0.1597652787926916,(102,(122,(193,(25,(145,160)1:0.5661547652508983)0.82:0.15255527225173696)0.59:0.08357467691178226)1:0.5060490187372487)1:0.9441703417024278)0.62:0.08447837583412952,((51,(91,(132,127)1:0.43850016025406696)1:0.902461697516422)0.58:0.06752625766624706,(58,((191,(151,168)0.52:0.061213712436540585)1:0.7636128184580974,((109,(104,173)1:0.4139681801504108)1:0.8827348910305232,(101,(146,164)0.96:0.24845374167283749)0.86:0.1751078194702631)0.94:0.21466620717788326)0.94:0.22632032308528066)0.72:0.11049007128799006)0.8:0.14195656844050286)0.67:0.09616246254875163)0.37:0.0019837813679562523)0.45:0.030499165084422155)0.39:0.010803492989052242)0.42:0.021391554761892383)0.45:0.028584375454115137,(35,(85,((72,166)1:1.0404469673584296,((43,149)1:0.6351292678623255,((54,(119,128)1:0.550805486708008)0.57:0.07077164920789071,((81,75)1:0.4596144345552177,((195,188)1:1.2420736395306684,(60,192)0.39:0.009261189608037726)0.96:0.24698072898095624)0.41:0.019712560968701852)0.58:0.07920638661462456)0.5:0.04908331028047404)0.67:0.10182712240167857)0.57:0.06925616281250208)0.64:0.09498538254069021)0.36:0.002443850644712474)0.45:0.03143496958659337)1:1.2671267982450776));
Weight calculation took 44.614126548 secs
ASTRAL finished in 80.554 secs
