
================== ASTRAL ===================== 

This is ASTRAL version 5.7.8
Gene trees are treated as unrooted
997 trees read from Dataset/AstralII_data/model.200.10000000.0.000001/29/estimatedgenetre.halfresolved
index0
All output trees will be *arbitrarily* rooted at 2

======== Running the main analysis
Number of taxa: 201 (201 species)
Taxa: [2, 35, 64, 176, 98, 13, 39, 70, 41, 123, 137, 17, 83, 107, 174, 3, 100, 15, 188, 57, 74, 88, 146, 78, 36, 43, 178, 77, 193, 6, 71, 105, 66, 72, 133, 99, 159, 120, 7, 152, 138, 9, 59, 106, 26, 45, 54, 10, 79, 46, 150, 101, 145, 179, 58, 144, 102, 97, 154, 149, 24, 114, 129, 33, 110, 117, 22, 61, 55, 136, 163, 121, 197, 48, 11, 199, 126, 92, 84, 0, 140, 86, 167, 23, 37, 31, 94, 95, 73, 85, 168, 177, 21, 65, 157, 91, 190, 183, 158, 4, 166, 187, 80, 76, 127, 134, 185, 125, 32, 49, 62, 147, 53, 155, 34, 118, 139, 89, 87, 194, 82, 161, 164, 109, 175, 173, 135, 191, 143, 181, 151, 156, 16, 90, 170, 104, 192, 81, 153, 132, 115, 19, 29, 182, 160, 196, 60, 186, 75, 113, 96, 47, 14, 198, 184, 111, 128, 124, 169, 44, 148, 56, 165, 93, 50, 28, 27, 200, 142, 52, 112, 1, 189, 103, 131, 172, 68, 51, 162, 130, 20, 40, 18, 63, 122, 69, 67, 30, 141, 25, 42, 12, 5, 171, 180, 38, 195, 119, 108, 116, 8]
Taxon occupancy: {110=997, 111=997, 112=997, 113=997, 114=997, 115=997, 116=997, 117=997, 118=997, 119=997, 10=997, 11=997, 12=997, 13=997, 14=997, 15=997, 16=997, 17=997, 18=997, 19=997, 120=997, 121=997, 0=997, 1=997, 122=997, 2=997, 123=997, 3=997, 124=997, 4=997, 125=997, 126=997, 5=997, 6=997, 127=997, 7=997, 128=997, 129=997, 8=997, 9=997, 20=997, 21=997, 22=997, 23=997, 24=997, 25=997, 26=997, 27=997, 28=997, 29=997, 130=997, 131=997, 132=997, 133=997, 134=997, 135=997, 136=997, 137=997, 138=997, 139=997, 30=997, 31=997, 32=997, 33=997, 34=997, 35=997, 36=997, 37=997, 38=997, 39=997, 140=997, 141=997, 142=997, 143=997, 144=997, 145=997, 146=997, 147=997, 148=997, 149=997, 40=997, 41=997, 42=997, 43=997, 44=997, 45=997, 46=997, 47=997, 48=997, 49=997, 150=997, 151=997, 152=997, 153=997, 154=997, 155=997, 156=997, 157=997, 158=997, 159=997, 50=997, 51=997, 52=997, 53=997, 54=997, 55=997, 56=997, 57=997, 58=997, 59=997, 160=997, 161=997, 162=997, 163=997, 164=997, 165=997, 166=997, 167=997, 168=997, 169=997, 60=997, 61=997, 62=997, 63=997, 64=997, 65=997, 66=997, 67=997, 68=997, 69=997, 170=997, 171=997, 172=997, 173=997, 174=997, 175=997, 176=997, 177=997, 178=997, 179=997, 70=997, 71=997, 72=997, 73=997, 74=997, 75=997, 76=997, 77=997, 78=997, 79=997, 180=997, 181=997, 182=997, 183=997, 184=997, 185=997, 186=997, 187=997, 188=997, 189=997, 80=997, 81=997, 82=997, 83=997, 84=997, 85=997, 86=997, 87=997, 88=997, 89=997, 190=997, 191=997, 192=997, 193=997, 194=997, 195=997, 196=997, 197=997, 198=997, 199=997, 90=997, 91=997, 92=997, 93=997, 94=997, 95=997, 96=997, 97=997, 98=997, 99=997, 200=997, 100=997, 101=997, 102=997, 103=997, 104=997, 105=997, 106=997, 107=997, 108=997, 109=997}
Number of gene trees: 997
0 trees have missing taxa
Calculating quartet distance matrix (for completion of X)
Species tree distances calculated ...
Building set of clusters (X) from gene trees 
------------------------------
gradient0: 16609
Number of Clusters after addition by distance: 16609
calculating extra bipartitions to be added at level 1 ...
Adding to X using resolutions of greedy consensus ...
Limit for sigma of degrees:5075
polytomy size limit : 5
discarded polytomies:  [3, 3, 3, 3, 3, 3, 3, 3, 3, 4, 4, 5, 5, 5]
Threshold 0.0:
Threshold 0.01:
Threshold 0.02:
Threshold 0.05:
Threshold 0.1:
Threshold 0.2:
polytomy of size 3; rounds with additions with at least 5 support: 0; clusters: 16609
polytomy of size 3; rounds with additions with at least 5 support: 0; clusters: 16609
Threshold 0.3333333333333333:
polytomy of size 3; rounds with additions with at least 5 support: 0; clusters: 16609
polytomy of size 5; rounds with additions with at least 5 support: 0; clusters: 16609
polytomy of size 5; rounds with additions with at least 5 support: 0; clusters: 16609
polytomy of size 3; rounds with additions with at least 5 support: 0; clusters: 16609
polytomy of size 4; rounds with additions with at least 5 support: 0; clusters: 16609
polytomy of size 3; rounds with additions with at least 5 support: 0; clusters: 16609
polytomy of size 3; rounds with additions with at least 5 support: 0; clusters: 16609
polytomy of size 3; rounds with additions with at least 5 support: 0; clusters: 16609
polytomy of size 4; rounds with additions with at least 5 support: 0; clusters: 16609
polytomy of size 3; rounds with additions with at least 5 support: 0; clusters: 16609
polytomy of size 3; rounds with additions with at least 5 support: 0; clusters: 16609
polytomy of size 5; rounds with additions with at least 5 support: 0; clusters: 16609
max k is :0
Number of Clusters after addition by greedy: 16609
gradient0 in heuristiic: 16609
partitions formed in 20.105 secs
Dynamic Programming starting after 20.105 secs
Using tree-based weight calculation.
Using polytree-based weight calculation.
Polytree max score: 65799512892
Polytree building time: 4.165 seconds.
Number of quartet trees in the gene trees: 65799512892
Size of largest cluster: 201
Greedy score: 57969833466
estimationFactor: 1.1350647217331098
Sub-optimal score: 59428195697
Total Number of elements weighted: 58929
Normalized score (portion of input quartet trees satisfied before correcting for multiple individuals): 0.9169338141154457
Optimization score: 60333798323
Optimal tree inferred in 83.767 secs.
(18,(63,(40,((20,(12,(5,171))),(((122,69),(30,(42,(67,(141,25))))),((51,(162,130)),(((103,(68,(131,172))),((148,((56,165),(93,50))),((200,(142,52)),(112,((1,189),(28,27)))))),((((((118,139),(53,34)),((155,161),((89,87),(194,82)))),((175,(164,109)),(173,(181,((151,156),(135,(191,143))))))),((169,44),((((132,115),(153,(186,75))),(113,((19,(196,60)),(29,(182,160))))),(16,((170,(192,(90,(104,81)))),(124,((96,47),((14,198),(184,(111,128)))))))))),(((4,(147,(((166,187),(80,(76,127))),((185,(134,125)),(62,(32,49)))))),((94,95),((190,(183,158)),((157,91),(73,(65,(21,(177,(85,168))))))))),(0,((167,(23,(37,31))),((140,86),(((((121,197),(163,(55,136))),((84,(48,92)),(11,(199,126)))),((97,(154,149)),((110,(33,(114,129))),(61,(24,(117,22)))))),((17,(((70,8),(41,(123,137))),(((38,(180,195)),(116,(119,108))),((2,35),((176,98),(13,(64,39))))))),((144,102),((((146,78),(57,(74,88))),(188,((83,15),((107,174),(3,100))))),(((36,43),((77,(6,(178,193))),(7,((71,(105,66)),(72,(120,(133,(99,159)))))))),(152,((138,(9,59)),((145,(179,58)),((79,(150,(46,101))),((26,45),(54,(106,10))))))))))))))))))))))));
Final quartet score is: 60333798323
Final normalized quartet score is: 0.9169338141154457
Extended species tree:
(2,(35,(((176,98)1:0.8329104075630531,(13,(64,39)0.5:0.011818909576847681)1:0.3197433479545363)1:0.32836300057575357,(((38,(180,195)1:0.3205593348228469)1:1.0689630875974907,(116,(119,108)1:1.5948451027193045)0.48:0.017443487733366743)1:1.5558664977837344,(((70,8)1:0.12649003511868942,(41,(123,137)1:0.7592925851984605)1:1.2057479637020896)1:1.1263738916813986,(17,(((144,102)1:4.34857450240609,((((146,78)1:0.10643383373615338,(57,(74,88)1:1.7532182774860918)1:1.4670438749044576)1:1.649596684129743,(188,((83,15)1:0.3655849143525593,((107,174)1:2.6174551498961396,(3,100)1:0.5162982704344192)1:0.933517276300297)1:0.20882098104501104)1:1.4038187467893894)1:3.0944893998324714,(((36,43)1:3.3027404794125017,((77,(6,(178,193)1:0.9452001406223708)1:0.12848203801845087)1:3.5202918314119724,(7,((71,(105,66)1:1.7269078743438495)1:2.0970910906142612,(72,(120,(133,(99,159)1:1.8332212590356496)1:0.1918382786600372)1:0.15627985525317536)1:1.601632234658432)1:0.22459622045941502)1:1.5196105848709915)1:0.1387371890235299)1:2.3903062342087353,(152,((138,(9,59)1:1.662319114429728)1:1.8121332233253427,((145,(179,58)1:2.670863876653483)1:0.3355937535989658,((79,(150,(46,101)1:1.0536973371824683)1:1.3967874757018444)1:0.7025593632941544,((26,45)1:0.08407870749684179,(54,(106,10)1:0.8139210848786642)1:0.45178020283878734)1:1.8185296748268267)1:0.5559628388993105)1:1.5819070299577818)1:2.759843419428062)1:0.2194278532815888)1:0.6888316659667937)1:0.4047651507766515)1:0.6445790592121834,(((((121,197)1:1.9366133893679043,(163,(55,136)1:1.0053662045200704)1:1.8246500087501387)1:3.172605142746948,((84,(48,92)1:0.7824255284640644)1:1.0697893526332392,(11,(199,126)1:0.4172377687671983)1:2.0486546834812285)1:4.237064149089818)1:0.285927329233636,((97,(154,149)1:1.7839405367670336)1:3.685273475343081,((110,(33,(114,129)1:1.777908517789948)1:0.17556276653821284)1:2.606304520068735,(61,(24,(117,22)1:0.8170061964967094)1:0.5112860599674625)1:2.422942010483804)1:2.6539175976564002)1:0.42540037152863347)1:0.7293970920659439,((140,86)1:3.042303078557022,((167,(23,(37,31)1:0.48512534928162016)1:1.212264719446445)1:3.7267811333796494,(0,(((4,(147,(((166,187)1:1.4348021178855712,(80,(76,127)1:0.5593408780430442)1:2.0336216773581013)1:0.11676873998641359,((185,(134,125)1:0.5609117760047799)1:0.7003373222759356,(62,(32,49)0.99:0.06629796465420404)1:1.1960959421005868)1:0.7954650702197265)1:0.7172991091452543)1:0.9764297398204208)1:3.4390357126413225,((94,95)1:4.161481925974157,((190,(183,158)0.98:0.05830537047331033)1:4.019336698258213,((157,91)1:0.25248752010758696,(73,(65,(21,(177,(85,168)1:0.15067523402045835)1:0.4375622831555871)1:1.0223919092511606)1:1.9396048097535867)1:0.8208607066867512)1:1.0563495015576814)1:0.3204375025128471)1:2.9810746778422557)1:1.6912439751099855,((((((118,139)1:1.5590462486836039,(53,34)1:2.966048584233496)1:0.7065555584868708,((155,161)1:0.5972602366665181,((89,87)1:1.9688573264647697,(194,82)1:1.0710774340171094)1:0.6563654422654761)1:1.1204275756657096)1:1.445124437206471,((175,(164,109)1:1.985922016691809)1:1.296790519745257,(173,(181,((151,156)1:0.7534041363643468,(135,(191,143)1:1.3222747386631777)1:0.7766831413084442)1:0.08899257281424401)1:0.3812817663315635)1:0.24226991144467014)1:1.730850205986019)1:3.2981548955357582,((169,44)1:5.3256429789719135,((((132,115)1:1.5053867894813442,(153,(186,75)1:2.0911173566127164)1:1.7106675889480927)1:0.9473283659495074,(113,((19,(196,60)1:0.7121874845166495)1:0.45125844722262476,(29,(182,160)1:1.2246828138867194)1:0.587996879803906)1:1.6367337710197332)1:0.3258352647638727)1:0.5073259402833086,(16,((170,(192,(90,(104,81)1:0.6895380277281284)1:0.2502404801859994)1:0.7347682115023251)1:2.1535714048396737,(124,((96,47)1:0.24991068411815265,((14,198)1:1.5742556188296766,(184,(111,128)1:0.92248759104647)1:1.3015024477159796)1:0.3575910899230055)1:1.0655431912492186)1:1.2455936928469575)1:0.23040538291124504)1:0.11934270099622984)1:2.4377639322542763)1:0.27377147061861484)1:3.0177011892933767,(((103,(68,(131,172)1:0.7546732181198469)1:2.528133910644991)1:2.5576517821854687,((148,((56,165)1:2.917479912406656,(93,50)1:2.560055203539811)1:1.7551061187239199)1:0.25350392349290035,((200,(142,52)1:1.3085505693514432)1:1.4173370698757697,(112,((1,189)1:0.6718542504028839,(28,27)1:1.275038906406176)0.73:0.026683784352222708)1:0.1627092777413267)1:2.656421919030879)1:0.5680813766350624)1:2.765907925875365,((51,(162,130)1:2.626444957555493)1:0.987785702325625,(((122,69)1:1.6112162592169275,(30,(42,(67,(141,25)1:0.7244314559043264)1:0.3824554589870504)0.99:0.0677581134723417)1:1.3635131266379115)1:1.0697146645806423,((20,(12,(5,171)1:2.5485894031762966)1:0.18576764754426214)1:1.2791572733102643,(40,(63,18)1:2.2205759782118153)1:1.8940070802016773)1:0.251840731245567)1:1.5137393191975759)1:3.4417844417073638)1:1.3956724875463589)1:0.6707491215083561)1:1.939896849276665)1:2.2873612265855003)1:1.0531751948285295)1:0.1398348511938411)1:0.2816917772183595)1:3.2289849171537397)1:2.2189719403681356)1:0.13065382591177244)1:1.4789549172398706)1:0.33939160393328754));
Weight calculation took 57.886520301 secs
ASTRAL finished in 92.551 secs
