
================== ASTRAL ===================== 

This is ASTRAL version 5.7.8
Gene trees are treated as unrooted
200 trees read from Dataset/AstralII_data/model.200.10000000.0.000001/29/estimatedgenetre.halfresolved_200
index0
All output trees will be *arbitrarily* rooted at 2

======== Running the main analysis
Number of taxa: 201 (201 species)
Taxa: [2, 35, 64, 176, 98, 13, 39, 70, 41, 123, 137, 17, 83, 107, 174, 3, 100, 15, 188, 57, 74, 88, 146, 78, 36, 43, 178, 77, 193, 6, 71, 105, 66, 72, 133, 99, 159, 120, 7, 152, 138, 9, 59, 106, 26, 45, 54, 10, 79, 46, 150, 101, 145, 179, 58, 144, 102, 97, 154, 149, 24, 114, 129, 33, 110, 117, 22, 61, 55, 136, 163, 121, 197, 48, 11, 199, 126, 92, 84, 0, 140, 86, 167, 23, 37, 31, 94, 95, 73, 85, 168, 177, 21, 65, 157, 91, 190, 183, 158, 4, 166, 187, 80, 76, 127, 134, 185, 125, 32, 49, 62, 147, 53, 155, 34, 118, 139, 89, 87, 194, 82, 161, 164, 109, 175, 173, 135, 191, 143, 181, 151, 156, 16, 90, 170, 104, 192, 81, 153, 132, 115, 19, 29, 182, 160, 196, 60, 186, 75, 113, 96, 47, 14, 198, 184, 111, 128, 124, 169, 44, 148, 56, 165, 93, 50, 28, 27, 200, 142, 52, 112, 1, 189, 103, 131, 172, 68, 51, 162, 130, 20, 40, 18, 63, 122, 69, 67, 30, 141, 25, 42, 12, 5, 171, 180, 38, 195, 119, 108, 116, 8]
Taxon occupancy: {110=200, 111=200, 112=200, 113=200, 114=200, 115=200, 116=200, 117=200, 118=200, 119=200, 10=200, 11=200, 12=200, 13=200, 14=200, 15=200, 16=200, 17=200, 18=200, 19=200, 120=200, 121=200, 0=200, 1=200, 122=200, 2=200, 123=200, 3=200, 124=200, 4=200, 125=200, 126=200, 5=200, 6=200, 127=200, 7=200, 128=200, 129=200, 8=200, 9=200, 20=200, 21=200, 22=200, 23=200, 24=200, 25=200, 26=200, 27=200, 28=200, 29=200, 130=200, 131=200, 132=200, 133=200, 134=200, 135=200, 136=200, 137=200, 138=200, 139=200, 30=200, 31=200, 32=200, 33=200, 34=200, 35=200, 36=200, 37=200, 38=200, 39=200, 140=200, 141=200, 142=200, 143=200, 144=200, 145=200, 146=200, 147=200, 148=200, 149=200, 40=200, 41=200, 42=200, 43=200, 44=200, 45=200, 46=200, 47=200, 48=200, 49=200, 150=200, 151=200, 152=200, 153=200, 154=200, 155=200, 156=200, 157=200, 158=200, 159=200, 50=200, 51=200, 52=200, 53=200, 54=200, 55=200, 56=200, 57=200, 58=200, 59=200, 160=200, 161=200, 162=200, 163=200, 164=200, 165=200, 166=200, 167=200, 168=200, 169=200, 60=200, 61=200, 62=200, 63=200, 64=200, 65=200, 66=200, 67=200, 68=200, 69=200, 170=200, 171=200, 172=200, 173=200, 174=200, 175=200, 176=200, 177=200, 178=200, 179=200, 70=200, 71=200, 72=200, 73=200, 74=200, 75=200, 76=200, 77=200, 78=200, 79=200, 180=200, 181=200, 182=200, 183=200, 184=200, 185=200, 186=200, 187=200, 188=200, 189=200, 80=200, 81=200, 82=200, 83=200, 84=200, 85=200, 86=200, 87=200, 88=200, 89=200, 190=200, 191=200, 192=200, 193=200, 194=200, 195=200, 196=200, 197=200, 198=200, 199=200, 90=200, 91=200, 92=200, 93=200, 94=200, 95=200, 96=200, 97=200, 98=200, 99=200, 200=200, 100=200, 101=200, 102=200, 103=200, 104=200, 105=200, 106=200, 107=200, 108=200, 109=200}
Number of gene trees: 200
0 trees have missing taxa
Calculating quartet distance matrix (for completion of X)
Species tree distances calculated ...
Building set of clusters (X) from gene trees 
------------------------------
gradient0: 7011
Number of Clusters after addition by distance: 7011
calculating extra bipartitions to be added at level 1 ...
Adding to X using resolutions of greedy consensus ...
Limit for sigma of degrees:5075
polytomy size limit : 5
discarded polytomies:  [3, 3, 3, 3, 3, 3, 3, 3, 3, 4, 4, 5, 5, 5]
Threshold 0.0:
Threshold 0.01:
Threshold 0.02:
Threshold 0.05:
Threshold 0.1:
Threshold 0.2:
polytomy of size 3; rounds with additions with at least 5 support: 0; clusters: 7011
polytomy of size 3; rounds with additions with at least 5 support: 0; clusters: 7011
Threshold 0.3333333333333333:
polytomy of size 3; rounds with additions with at least 5 support: 0; clusters: 7011
polytomy of size 5; rounds with additions with at least 5 support: 0; clusters: 7011
polytomy of size 5; rounds with additions with at least 5 support: 0; clusters: 7011
polytomy of size 3; rounds with additions with at least 5 support: 0; clusters: 7011
polytomy of size 4; rounds with additions with at least 5 support: 0; clusters: 7011
polytomy of size 3; rounds with additions with at least 5 support: 0; clusters: 7011
polytomy of size 3; rounds with additions with at least 5 support: 0; clusters: 7011
polytomy of size 3; rounds with additions with at least 5 support: 0; clusters: 7011
polytomy of size 4; rounds with additions with at least 5 support: 0; clusters: 7011
polytomy of size 3; rounds with additions with at least 5 support: 0; clusters: 7011
polytomy of size 3; rounds with additions with at least 5 support: 0; clusters: 7011
polytomy of size 5; rounds with additions with at least 5 support: 0; clusters: 7011
max k is :0
Number of Clusters after addition by greedy: 7011
gradient0 in heuristiic: 7011
partitions formed in 5.401 secs
Dynamic Programming starting after 5.401 secs
Using tree-based weight calculation.
Using polytree-based weight calculation.
Polytree max score: 13199658744
Polytree building time: 0.428 seconds.
Number of quartet trees in the gene trees: 13199658744
Size of largest cluster: 201
Greedy score: 11793487058
estimationFactor: 1.119232901947023
Sub-optimal score: 11958256608
Total Number of elements weighted: 14959
Normalized score (portion of input quartet trees satisfied before correcting for multiple individuals): 0.9178515044949256
Optimization score: 12115326637
Optimal tree inferred in 11.007 secs.
(18,(63,(40,((20,(12,(5,171))),(((122,69),(42,(30,(67,(141,25))))),((51,(162,130)),(((103,(68,(131,172))),((148,((56,165),(93,50))),((200,(142,52)),(112,((1,189),(28,27)))))),((((((118,139),(53,34)),((155,161),((89,87),(194,82)))),((175,(164,109)),(173,(181,((151,156),(135,(191,143))))))),((169,44),((((132,115),(153,(186,75))),(113,((19,(196,60)),(29,(182,160))))),(16,((170,(192,(90,(104,81)))),(124,((96,47),((14,198),(184,(111,128)))))))))),(((4,(147,(((166,187),(80,(76,127))),((185,(134,125)),(32,(49,62)))))),((94,95),((190,(183,158)),((157,91),(73,(65,(21,(177,(85,168))))))))),(0,((167,(23,(37,31))),((140,86),(((((121,197),(163,(55,136))),((11,(199,126)),(84,(48,92)))),((97,(154,149)),((110,(33,(114,129))),(61,(24,(117,22)))))),((17,(((70,8),(41,(123,137))),(((119,108),(116,(38,(180,195)))),((2,35),((176,98),(13,(64,39))))))),((144,102),((((146,78),(57,(74,88))),(188,((83,15),((107,174),(3,100))))),(((36,43),((77,(6,(178,193))),(7,((71,(105,66)),(72,(120,(133,(99,159)))))))),(152,((138,(9,59)),((145,(179,58)),((79,(150,(46,101))),((26,45),(54,(106,10))))))))))))))))))))))));
Final quartet score is: 12115326637
Final normalized quartet score is: 0.9178515044949256
Extended species tree:
(2,(35,(((176,98)1:0.9269168977803988,(13,(64,39)0.44:0.01620078879689491)1:0.30743418699912856)1:0.3228710212910038,(((119,108)1:1.5100836712161896,(116,(38,(180,195)1:0.2337831709895371)1:1.3231051000782792)0.55:0.035775749698319786)1:1.593558767393246,(((70,8)1:0.18778880518267665,(41,(123,137)1:0.6344488370515733)1:1.305572393111291)1:1.1472582442302481,(17,(((144,102)1:3.765610900483813,((((146,78)1:0.2142766179639535,(57,(74,88)1:2.0063463369455463)1:1.5424014666489954)1:1.4235232490364633,(188,((83,15)1:0.3206602873869305,((107,174)1:2.5001752875089345,(3,100)1:0.48494921737575)1:1.0670407551565044)0.99:0.14083937095421686)1:1.5463280449935157)1:3.3726309498332183,(((36,43)1:3.419737889577897,((77,(6,(178,193)1:0.9264750901598616)1:0.18402009676160705)1:3.5119395275060676,(7,((71,(105,66)1:1.9518071949491929)1:1.9470127596456897,(72,(120,(133,(99,159)1:1.6010680923341412)1:0.21949935471096296)0.98:0.14167258973066432)1:1.7668612837250561)0.93:0.10966252830858893)1:1.6842839521634803)0.97:0.12056283457394916)1:2.2631390700144496,(152,((138,(9,59)1:1.6397181347229448)1:1.709423182567418,((145,(179,58)1:2.9548198263178262)1:0.29955096700377015,((79,(150,(46,101)1:0.9038682118755978)1:1.720420688761055)1:0.7214353351923106,((26,45)0.94:0.10777201294237095,(54,(106,10)1:0.7987350005160642)1:0.45225168378728525)1:2.006479911589333)1:0.6118672283958938)1:1.7324353298439534)1:2.6259461323559083)1:0.24492574860712452)1:0.5615731520327946)1:0.5407015941845669)1:0.5647483118800734,(((((121,197)1:1.6789639750827108,(163,(55,136)1:0.9661132016411259)1:1.7954977913386625)1:3.932257776359874,((11,(199,126)1:0.455188543460595)1:1.8855782244457089,(84,(48,92)1:0.8192756619098308)1:1.20518542852916)1:4.237687141525997)1:0.2815928776642185,((97,(154,149)1:1.602002933946582)1:3.1278058582388133,((110,(33,(114,129)1:1.8070269413588425)1:0.20649191772176764)1:2.434023307178843,(61,(24,(117,22)1:0.771683410093796)1:0.5338362854650213)1:2.1380157060925513)1:2.477822610065269)1:0.3338463441695784)1:0.7950226342300276,((140,86)1:3.22121073419139,((167,(23,(37,31)1:0.5060024938191373)1:1.1313415026755298)1:3.288401887516811,(0,(((4,(147,(((166,187)1:1.2535903968382953,(80,(76,127)1:0.4915631512747482)1:1.9727628452251547)0.95:0.11379809977333785,((185,(134,125)1:0.4914901701368096)1:0.6733295454597069,(32,(49,62)0.43:0.022565372775011854)1:1.370775651643863)1:0.7969533299194628)1:0.6853595305822606)1:0.8954776274404609)1:3.3052090058331958,((94,95)1:4.204692619390971,((190,(183,158)1:0.25393464424940965)1:3.5141804864690243,((157,91)1:0.16414425395293852,(73,(65,(21,(177,(85,168)0.99:0.156672860858548)1:0.5401039417027999)1:1.1843921810098144)1:2.1228501161735926)1:0.8067474981465771)1:0.9816849913128268)1:0.3167515974222755)1:2.728296423573888)1:2.1114556829200866,((((((118,139)1:1.4036422418216359,(53,34)1:2.546878749167615)1:0.6179973752995498,((155,161)1:0.5846858516788055,((89,87)1:1.8974753870017256,(194,82)1:1.047800207097684)1:0.7596930729459801)1:1.1883143467354222)1:1.3988101690517212,((175,(164,109)1:1.6420769852756498)1:1.3382694436229636,(173,(181,((151,156)1:0.7223542323062114,(135,(191,143)1:1.2320790713749878)1:0.6821659652855264)1:0.2095153812991457)1:0.31805086567254687)1:0.3085542720835797)1:1.962595680282697)1:3.145130501307617,((169,44)1:4.897839799950916,((((132,115)1:1.4980038888870755,(153,(186,75)1:1.806797346592596)1:1.7987132281926357)1:0.9938890965776589,(113,((19,(196,60)1:0.5150558763351211)1:0.45981461184937683,(29,(182,160)1:1.2370013611061967)1:0.5854587222442892)1:1.6195502471428005)1:0.35782631555255)1:0.45485767726304804,(16,((170,(192,(90,(104,81)1:0.7817875648014987)1:0.18424779901912006)1:0.9160538472443216)1:2.2687273726207864,(124,((96,47)1:0.3483458036137838,((14,198)1:1.565149499141912,(184,(111,128)1:0.6975729794667621)1:1.2924182110108766)1:0.34077573379342035)1:1.001846244620912)1:1.125424797379438)1:0.2607305928516813)0.99:0.14283246265601574)1:2.502948684794716)1:0.36242500406132)1:2.6629193578496535,(((103,(68,(131,172)1:0.7547050735593787)1:2.646548001344417)1:2.482874572193954,((148,((56,165)1:3.1065034320619382,(93,50)1:2.541401240830884)1:1.7106863406301103)1:0.2657092063162326,((200,(142,52)1:1.3420086766585957)1:1.2525689124757509,(112,((1,189)1:0.553968456346322,(28,27)1:1.326307245649955)0.6:0.04879349573148501)0.99:0.1550162232757238)1:2.987488586173336)1:0.5721786550733045)1:2.3706458412503673,((51,(162,130)1:2.493537182577541)1:1.0492131110815597,(((122,69)1:1.286671152513134,(42,(30,(67,(141,25)1:0.6893412048759366)1:0.4755915762891209)0.42:0.017437166468769166)1:1.5875272668741829)1:1.0896539824503442,((20,(12,(5,171)1:2.1880823854592313)1:0.324202190226543)1:1.4004128098531903,(40,(63,18)1:2.1897895988487015)1:1.7418818171033026)1:0.2998355386516364)1:1.640790382443955)1:3.4875276628618845)1:1.551585411216779)1:0.6178563101679467)1:2.372111155642656)1:2.123122662576304)1:1.3173554139198569)1:0.16458754550447852)1:0.18096711272832916)1:3.1098723179318712)1:2.4428638164091043)0.99:0.14584288978947332)1:1.4507192535528937)1:0.3141041555875117));
Weight calculation took 4.849184955 secs
ASTRAL finished in 13.222 secs
