
================== ASTRAL ===================== 

This is ASTRAL version 5.7.8
Gene trees are treated as unrooted
50 trees read from Dataset/AstralII_data/model.200.10000000.0.000001/29/estimatedgenetre.halfresolved_50
index0
All output trees will be *arbitrarily* rooted at 2

======== Running the main analysis
Number of taxa: 201 (201 species)
Taxa: [2, 35, 64, 176, 98, 13, 39, 70, 41, 123, 137, 17, 83, 107, 174, 3, 100, 15, 188, 57, 74, 88, 146, 78, 36, 43, 178, 77, 193, 6, 71, 105, 66, 72, 133, 99, 159, 120, 7, 152, 138, 9, 59, 106, 26, 45, 54, 10, 79, 46, 150, 101, 145, 179, 58, 144, 102, 97, 154, 149, 24, 114, 129, 33, 110, 117, 22, 61, 55, 136, 163, 121, 197, 48, 11, 199, 126, 92, 84, 0, 140, 86, 167, 23, 37, 31, 94, 95, 73, 85, 168, 177, 21, 65, 157, 91, 190, 183, 158, 4, 166, 187, 80, 76, 127, 134, 185, 125, 32, 49, 62, 147, 53, 155, 34, 118, 139, 89, 87, 194, 82, 161, 164, 109, 175, 173, 135, 191, 143, 181, 151, 156, 16, 90, 170, 104, 192, 81, 153, 132, 115, 19, 29, 182, 160, 196, 60, 186, 75, 113, 96, 47, 14, 198, 184, 111, 128, 124, 169, 44, 148, 56, 165, 93, 50, 28, 27, 200, 142, 52, 112, 1, 189, 103, 131, 172, 68, 51, 162, 130, 20, 40, 18, 63, 122, 69, 67, 30, 141, 25, 42, 12, 5, 171, 180, 38, 195, 119, 108, 116, 8]
Taxon occupancy: {110=50, 111=50, 112=50, 113=50, 114=50, 115=50, 116=50, 117=50, 118=50, 119=50, 10=50, 11=50, 12=50, 13=50, 14=50, 15=50, 16=50, 17=50, 18=50, 19=50, 120=50, 121=50, 0=50, 1=50, 122=50, 2=50, 123=50, 3=50, 124=50, 4=50, 125=50, 126=50, 5=50, 6=50, 127=50, 7=50, 128=50, 129=50, 8=50, 9=50, 20=50, 21=50, 22=50, 23=50, 24=50, 25=50, 26=50, 27=50, 28=50, 29=50, 130=50, 131=50, 132=50, 133=50, 134=50, 135=50, 136=50, 137=50, 138=50, 139=50, 30=50, 31=50, 32=50, 33=50, 34=50, 35=50, 36=50, 37=50, 38=50, 39=50, 140=50, 141=50, 142=50, 143=50, 144=50, 145=50, 146=50, 147=50, 148=50, 149=50, 40=50, 41=50, 42=50, 43=50, 44=50, 45=50, 46=50, 47=50, 48=50, 49=50, 150=50, 151=50, 152=50, 153=50, 154=50, 155=50, 156=50, 157=50, 158=50, 159=50, 50=50, 51=50, 52=50, 53=50, 54=50, 55=50, 56=50, 57=50, 58=50, 59=50, 160=50, 161=50, 162=50, 163=50, 164=50, 165=50, 166=50, 167=50, 168=50, 169=50, 60=50, 61=50, 62=50, 63=50, 64=50, 65=50, 66=50, 67=50, 68=50, 69=50, 170=50, 171=50, 172=50, 173=50, 174=50, 175=50, 176=50, 177=50, 178=50, 179=50, 70=50, 71=50, 72=50, 73=50, 74=50, 75=50, 76=50, 77=50, 78=50, 79=50, 180=50, 181=50, 182=50, 183=50, 184=50, 185=50, 186=50, 187=50, 188=50, 189=50, 80=50, 81=50, 82=50, 83=50, 84=50, 85=50, 86=50, 87=50, 88=50, 89=50, 190=50, 191=50, 192=50, 193=50, 194=50, 195=50, 196=50, 197=50, 198=50, 199=50, 90=50, 91=50, 92=50, 93=50, 94=50, 95=50, 96=50, 97=50, 98=50, 99=50, 200=50, 100=50, 101=50, 102=50, 103=50, 104=50, 105=50, 106=50, 107=50, 108=50, 109=50}
Number of gene trees: 50
0 trees have missing taxa
Calculating quartet distance matrix (for completion of X)
Species tree distances calculated ...
Building set of clusters (X) from gene trees 
------------------------------
gradient0: 3617
Number of Clusters after addition by distance: 3617
calculating extra bipartitions to be added at level 1 ...
Adding to X using resolutions of greedy consensus ...
Limit for sigma of degrees:5075
polytomy size limit : 5
discarded polytomies:  [3, 3, 3, 3, 3, 3, 3, 3, 3, 3, 4, 4, 4, 5, 5]
Threshold 0.0:
Threshold 0.01:
Threshold 0.02:
Threshold 0.05:
Threshold 0.1:
Threshold 0.2:
polytomy of size 3; rounds with additions with at least 5 support: 0; clusters: 3617
polytomy of size 3; rounds with additions with at least 5 support: 0; clusters: 3617
polytomy of size 3; rounds with additions with at least 5 support: 0; clusters: 3617
Threshold 0.3333333333333333:
polytomy of size 3; rounds with additions with at least 5 support: 0; clusters: 3617
polytomy of size 4; rounds with additions with at least 5 support: 0; clusters: 3617
polytomy of size 3; rounds with additions with at least 5 support: 0; clusters: 3617
polytomy of size 3; rounds with additions with at least 5 support: 0; clusters: 3617
polytomy of size 3; rounds with additions with at least 5 support: 0; clusters: 3617
polytomy of size 4; rounds with additions with at least 5 support: 0; clusters: 3617
polytomy of size 5; rounds with additions with at least 5 support: 0; clusters: 3617
polytomy of size 3; rounds with additions with at least 5 support: 0; clusters: 3617
polytomy of size 4; rounds with additions with at least 5 support: 0; clusters: 3617
polytomy of size 3; rounds with additions with at least 5 support: 0; clusters: 3617
polytomy of size 3; rounds with additions with at least 5 support: 0; clusters: 3617
polytomy of size 5; rounds with additions with at least 5 support: 0; clusters: 3617
max k is :0
Number of Clusters after addition by greedy: 3617
gradient0 in heuristiic: 3617
partitions formed in 6.678 secs
Dynamic Programming starting after 6.678 secs
Using tree-based weight calculation.
Using polytree-based weight calculation.
Polytree max score: 3299915325
Polytree building time: 0.379 seconds.
Number of quartet trees in the gene trees: 3299915325
Size of largest cluster: 201
Greedy score: 3002037111
estimationFactor: 1.0992253603090119
Sub-optimal score: 3004948503
Total Number of elements weighted: 5399
Normalized score (portion of input quartet trees satisfied before correcting for multiple individuals): 0.9209737816530186
Optimization score: 3039135496
Optimal tree inferred in 9.007 secs.
(170,((192,(90,(104,81))),((124,((96,47),((14,198),(184,(111,128))))),(16,((((132,115),(153,(186,75))),(113,((19,(196,60)),(29,(182,160))))),((169,44),(((((118,139),(53,34)),((155,161),((89,87),(194,82)))),((175,(164,109)),(173,(181,((151,156),(135,(191,143))))))),((((51,(162,130)),(((122,69),(30,(42,(67,(141,25))))),((40,(18,63)),(20,(12,(5,171)))))),((103,(68,(131,172))),((148,((56,165),(93,50))),((200,(142,52)),((28,27),(112,(1,189))))))),(((4,(147,(((166,187),(80,(76,127))),((62,(32,49)),(185,(134,125)))))),((94,95),((190,(183,158)),((157,91),(73,(65,(21,(177,(85,168))))))))),(0,((167,(23,(37,31))),((140,86),(((((121,197),(163,(55,136))),((84,(48,92)),(11,(199,126)))),((97,(154,149)),((110,(33,(114,129))),(61,(24,(117,22)))))),((17,((70,(8,(41,(123,137)))),(((119,108),(116,(38,(180,195)))),((2,35),((176,98),(64,(13,39))))))),((144,102),((((146,78),(57,(74,88))),(188,((83,15),((107,174),(3,100))))),(((77,(6,(178,193))),((36,43),(7,((71,(105,66)),(120,(72,(133,(99,159)))))))),(152,((138,(9,59)),((145,(179,58)),((79,(150,(46,101))),((26,45),(54,(106,10))))))))))))))))))))))));
Final quartet score is: 3039135496
Final normalized quartet score is: 0.9209737816530186
Extended species tree:
(2,(35,(((176,98)1:0.6740234865405029,(64,(13,39)0.55:0.059637712972798296)0.91:0.19387377027644703)1:0.3981994441792809,(((119,108)1:1.2441792248039767,(116,(38,(180,195)0.94:0.2301496170888629)1:1.124320645378317)0.83:0.15096320614832626)1:1.798768149397098,((70,(8,(41,(123,137)1:0.6931471805599453)1:1.3364951653219521)0.83:0.15257628957814998)1:0.985795035740623,(17,(((144,102)1:3.5263605246161593,((((146,78)0.98:0.2702282378646136,(57,(74,88)1:1.7346010553881062)1:1.5080619150727579)1:1.1840969478039394,(188,((83,15)0.99:0.3183641800755585,((107,174)1:1.9169226121820613,(3,100)1:0.3695761328468839)1:1.1515740377389758)0.62:0.0805339719464688)1:1.2993659837360594)1:2.8075608344637435,(((77,(6,(178,193)1:1.0406124780599693)0.73:0.12550160970287944)1:2.8484808161870045,((36,43)1:2.8332133440562166,(7,((71,(105,66)1:1.7337596586199147)1:2.0893040982688493,(120,(72,(133,(99,159)1:1.4443969135036157)0.9:0.19288778345296242)0.62:0.09094795943796571)1:1.4733334462321586)0.86:0.1681455520518871)1:1.1516995980520364)0.55:0.06829847994078804)1:2.5102244577722894,(152,((138,(9,59)1:1.9169226121820613)1:2.8332133440562166,((145,(179,58)1:3.5263605246161593)1:0.38566553214610433,((79,(150,(46,101)1:1.2237754316221159)1:1.7346010553881062)1:0.5443328425632836,((26,45)0.85:0.1587715168739151,(54,(106,10)1:0.6178710597887365)1:0.41318540931959696)1:1.9557753374956155)1:0.5214640219710465)1:2.09480957190815)1:2.0600234558227353)0.73:0.11301500901835852)1:0.5816550919442811)1:0.654985267410652)1:0.6257795927819341,(((((121,197)1:1.0414538748281608,(163,(55,136)1:1.128465251817791)1:1.9169226121820613)1:3.5158892247488645,((84,(48,92)1:0.6351473699518052)1:1.0427367486410506,(11,(199,126)1:0.5298709621202615)1:1.9508241638577424)1:2.8662078661912544)0.98:0.28651100141839475,((97,(154,149)1:1.3291359472799418)1:2.4836690258676506,((110,(33,(114,129)1:1.5804503755608483)0.99:0.3066728466487721)1:2.1157527457533924,(61,(24,(117,22)1:0.6937415342178578)1:0.38998389080491275)1:2.0612198667331434)1:1.9743287347178504)1:0.40431558831658637)1:0.7000354670052205,((140,86)1:2.8260360344595035,((167,(23,(37,31)1:0.5824533189267563)1:1.2237754316221159)1:2.8332133440562166,(0,(((4,(147,(((166,187)1:1.1035765711459213,(80,(76,127)1:0.4360070137583989)1:1.5742741524764687)0.59:0.09255726460860086,((62,(32,49)0.36:0.0)1:0.9879941254809906,(185,(134,125)1:0.4837639420859525)1:0.7444669366243741)1:0.730306586574748)1:0.7067678971009584)1:0.7424722471224465)1:3.5263605246161593,((94,95)1:3.5263605246161593,((190,(183,158)1:0.4818380868927383)1:2.8332133440562166,((157,91)0.94:0.2361686796963024,(73,(65,(21,(177,(85,168)0.95:0.23005058267432285)1:0.4029929189627754)1:0.8407831793660092)1:2.815423802492716)1:0.6085897925318822)1:1.2162598845804606)1:0.5726792067106642)1:1.9169226121820613)1:2.0910973321832502,((((51,(162,130)1:2.14006616349627)1:0.8924182956676731,(((122,69)1:1.005261135495692,(30,(42,(67,(141,25)1:0.5851164363462403)1:0.6327509233901424)0.82:0.14746208072104397)1:1.3020853201883935)1:1.2567106686332297,((40,(18,63)1:2.14006616349627)1:1.7333132252036776,(20,(12,(5,171)1:2.1350283694663132)1:0.4353180712578455)1:0.9307383072815388)1:0.46304159659324945)1:1.521026955090047)1:3.2371825655727986,((103,(68,(131,172)1:0.6359887667199969)1:3.5263605246161593)1:2.4277482359480516,((148,((56,165)1:2.4277482359480516,(93,50)1:2.14006616349627)1:1.756088775124796)0.73:0.11274062295544894,((200,(142,52)1:1.9169226121820613)1:1.3291359472799418,((28,27)1:1.2566219453944114,(112,(1,189)1:0.6940388435704272)0.44:0.027883660457060373)0.97:0.26826398659467915)1:2.7198846587492125)1:0.8794921657662536)1:1.6695876355173598)1:1.8056969770718359,(((((118,139)1:1.0439951722568337,(53,34)1:2.1302138670532598)1:0.9380586398552886,((155,161)1:0.6895338071614315,((89,87)1:2.2615721331434697,(194,82)1:0.8191567052826327)1:0.762261261719577)1:1.0123229924577373)1:1.416147324269572,((175,(164,109)1:1.2278240201481159)1:1.1152262877693118,(173,(181,((151,156)1:0.46425786289964344,(135,(191,143)1:0.8819065278287481)1:0.6651805728207999)0.73:0.11549493138274103)0.93:0.21168729095511643)1:0.4446960872005997)1:1.6364090292088929)1:3.5198458435949616,((169,44)1:3.5263605246161593,((((132,115)1:1.5096450885347261,(153,(186,75)1:1.3291359472799418)1:1.7019758280720303)1:1.0169292447680016,(113,((19,(196,60)1:0.692850136149622)0.99:0.32090772008010165,(29,(182,160)1:0.8876640104477181)1:0.420280193893305)1:1.8106346916455638)0.95:0.2236429497764539)1:0.42623934428966304,(16,((124,((96,47)0.96:0.24626353061321143,((14,198)1:1.2236053780548324,(184,(111,128)1:0.8873031950009027)1:1.6092878636679697)1:0.5041352318473407)1:0.9564211527894001)1:1.311262190999489,((192,(90,(104,81)1:0.6347680271962566)0.84:0.1593272881801481)1:1.0987623599522514,170)1:2.3267522843494666)0.9:0.1937693436004295)0.65:0.08902786486752089)1:2.309689983556752)0.98:0.2837171123427654)1:2.333311514000331)1:0.4583075894825443)1:1.9169226121820613)1:2.2735975561207935)1:1.3466291744516743)0.47:0.056583364063295366)0.99:0.3405418820414457)1:2.8333755632146547)1:2.3974428864527226)0.91:0.19665159822017766)1:1.5876923989435172)0.99:0.2915709212318638));
Weight calculation took 1.326973528 secs
ASTRAL finished in 10.423 secs
