
================== ASTRAL ===================== 

This is ASTRAL version 5.7.8
Gene trees are treated as unrooted
200 trees read from Dataset/AstralII_data/model.200.500000.0.000001/44/estimatedgenetre.halfresolved_200
index0
All output trees will be *arbitrarily* rooted at 200

======== Running the main analysis
Number of taxa: 201 (201 species)
Taxa: [200, 190, 179, 172, 98, 180, 137, 82, 70, 79, 169, 9, 55, 83, 65, 84, 183, 101, 45, 47, 50, 28, 44, 145, 146, 31, 38, 60, 139, 160, 89, 107, 96, 157, 35, 165, 32, 26, 51, 62, 135, 102, 61, 122, 188, 73, 115, 194, 168, 30, 141, 177, 150, 78, 147, 54, 14, 156, 46, 166, 174, 173, 15, 20, 142, 53, 49, 170, 182, 29, 185, 195, 7, 193, 116, 103, 40, 17, 43, 56, 123, 118, 133, 13, 34, 1, 113, 136, 163, 154, 178, 196, 8, 192, 162, 16, 117, 0, 199, 121, 151, 104, 66, 92, 134, 161, 74, 105, 68, 159, 18, 197, 57, 184, 81, 111, 132, 100, 131, 158, 112, 127, 187, 167, 186, 23, 36, 4, 124, 64, 71, 152, 67, 90, 80, 144, 88, 149, 114, 171, 72, 129, 125, 181, 6, 42, 138, 191, 33, 52, 39, 99, 58, 24, 59, 91, 41, 63, 94, 2, 120, 87, 48, 95, 148, 86, 155, 21, 143, 198, 130, 5, 37, 175, 76, 128, 119, 93, 110, 10, 27, 77, 109, 69, 97, 75, 22, 140, 12, 11, 3, 164, 153, 108, 106, 85, 126, 19, 176, 25, 189]
Taxon occupancy: {110=200, 111=200, 112=200, 113=200, 114=200, 115=200, 116=200, 117=200, 118=200, 119=200, 10=200, 11=200, 12=200, 13=200, 14=200, 15=200, 16=200, 17=200, 18=200, 19=200, 120=200, 0=200, 121=200, 122=200, 1=200, 123=200, 2=200, 124=200, 3=200, 4=200, 125=200, 5=200, 126=200, 127=200, 6=200, 7=200, 128=200, 8=200, 129=200, 9=200, 20=200, 21=200, 22=200, 23=200, 24=200, 25=200, 26=200, 27=200, 28=200, 29=200, 130=200, 131=200, 132=200, 133=200, 134=200, 135=200, 136=200, 137=200, 138=200, 139=200, 30=200, 31=200, 32=200, 33=200, 34=200, 35=200, 36=200, 37=200, 38=200, 39=200, 140=200, 141=200, 142=200, 143=200, 144=200, 145=200, 146=200, 147=200, 148=200, 149=200, 40=200, 41=200, 42=200, 43=200, 44=200, 45=200, 46=200, 47=200, 48=200, 49=200, 150=200, 151=200, 152=200, 153=200, 154=200, 155=200, 156=200, 157=200, 158=200, 159=200, 50=200, 51=200, 52=200, 53=200, 54=200, 55=200, 56=200, 57=200, 58=200, 59=200, 160=200, 161=200, 162=200, 163=200, 164=200, 165=200, 166=200, 167=200, 168=200, 169=200, 60=200, 61=200, 62=200, 63=200, 64=200, 65=200, 66=200, 67=200, 68=200, 69=200, 170=200, 171=200, 172=200, 173=200, 174=200, 175=200, 176=200, 177=200, 178=200, 179=200, 70=200, 71=200, 72=200, 73=200, 74=200, 75=200, 76=200, 77=200, 78=200, 79=200, 180=200, 181=200, 182=200, 183=200, 184=200, 185=200, 186=200, 187=200, 188=200, 189=200, 80=200, 81=200, 82=200, 83=200, 84=200, 85=200, 86=200, 87=200, 88=200, 89=200, 190=200, 191=200, 192=200, 193=200, 194=200, 195=200, 196=200, 197=200, 198=200, 199=200, 90=200, 91=200, 92=200, 93=200, 94=200, 95=200, 96=200, 97=200, 98=200, 99=200, 200=200, 100=200, 101=200, 102=200, 103=200, 104=200, 105=200, 106=200, 107=200, 108=200, 109=200}
Number of gene trees: 200
0 trees have missing taxa
Calculating quartet distance matrix (for completion of X)
Species tree distances calculated ...
Building set of clusters (X) from gene trees 
------------------------------
gradient0: 45795
Number of Clusters after addition by distance: 45795
calculating extra bipartitions to be added at level 1 ...
Adding to X using resolutions of greedy consensus ...
Limit for sigma of degrees:5075
polytomy size limit : 58
discarded polytomies: 79 113 156  [3, 3, 3, 3, 3, 3, 3, 4, 5, 5, 22, 31, 39, 58, 79, 113, 156]
Threshold 0.0:
polytomy of size 22; rounds with additions with at least 5 support: 36; clusters: 55443
Threshold 0.01:
polytomy of size 31; rounds with additions with at least 5 support: 14; clusters: 72131
Threshold 0.02:
polytomy of size 3; rounds with additions with at least 5 support: 0; clusters: 72133
polytomy of size 39; rounds with additions with at least 5 support: 0; clusters: 97197
Threshold 0.05:
polytomy of size 5; rounds with additions with at least 5 support: 0; clusters: 97197
polytomy of size 3; rounds with additions with at least 5 support: 0; clusters: 97197
polytomy of size 58; rounds with additions with at least 5 support: 5; clusters: 97649
Threshold 0.1:
polytomy of size 79; rounds with additions with at least 5 support: 3; clusters: 98255
Threshold 0.2:
polytomy of size 3; rounds with additions with at least 5 support: 0; clusters: 98255
polytomy of size 5; rounds with additions with at least 5 support: 0; clusters: 98255
polytomy of size 113; rounds with additions with at least 5 support: 0; clusters: 98457
Threshold 0.3333333333333333:
polytomy of size 4; rounds with additions with at least 5 support: 0; clusters: 98457
polytomy of size 3; rounds with additions with at least 5 support: 0; clusters: 98457
polytomy of size 3; rounds with additions with at least 5 support: 0; clusters: 98457
polytomy of size 3; rounds with additions with at least 5 support: 0; clusters: 98457
polytomy of size 3; rounds with additions with at least 5 support: 0; clusters: 98457
polytomy of size 156; rounds with additions with at least 5 support: 0; clusters: 98475
max k is :72
Number of Clusters after addition by greedy: 98475
gradient0 in heuristiic: 98475
partitions formed in 77.848 secs
Dynamic Programming starting after 77.848 secs
Using tree-based weight calculation.
Using polytree-based weight calculation.
Polytree max score: 13037505729
Polytree building time: 0.371 seconds.
Number of quartet trees in the gene trees: 13037505729
Size of largest cluster: 201
Greedy score: 5191819635
estimationFactor: 2.511163069130771
Sub-optimal score: 5315734965
Calculated 100000 weights; time (seconds): 190
Total Number of elements weighted: 198998
Normalized score (portion of input quartet trees satisfied before correcting for multiple individuals): 0.4297930754144177
Optimization score: 5603429683
Optimal tree inferred in 323.085 secs.
(155,(191,(86,(42,((6,(20,138)),((95,(48,148)),(198,(21,((((125,181),(72,(129,33))),((130,69),(143,(76,((75,(109,22)),(128,(119,97))))))),(((192,(190,(200,(140,12)))),(((160,107),((170,182),(195,162))),((180,(137,82)),(98,(172,(89,5)))))),(((123,11),(46,(179,118))),(((68,88),(90,(8,(80,144)))),(((161,105),(134,(146,31))),((166,49),(((0,((126,((142,66),(92,85))),((3,164),(104,(151,(199,121)))))),(((34,1),(113,(163,(136,154)))),(((50,127),(44,(145,67))),(((169,(9,28)),(65,(79,(55,83)))),((13,(70,133)),(84,(183,(101,(45,47))))))))),(((189,((74,108),((16,117),(174,173)))),((196,((135,102),(((96,35),(157,165)),(51,(62,(32,26)))))),(38,((60,139),((168,30),(57,((197,111),((159,18),(184,81))))))))),(((78,(147,(156,(54,14)))),((141,177),(150,(188,(73,115))))),(((29,(112,(37,175))),(((99,58),(39,(53,52))),(((187,(185,178)),(124,(71,(64,152)))),(186,((36,4),(23,((63,(94,(91,2))),((24,59),(167,41))))))))),(((120,87),((122,(61,106)),((19,(176,25)),(27,(93,(110,(10,77))))))),((194,(15,7)),((116,(43,56)),((193,((114,171),(132,149))),((40,17),(103,(153,(100,(131,158)))))))))))))))))))))))))));
Final quartet score is: 5603429683
Final normalized quartet score is: 0.4297930754144177
Extended species tree:
(200,((140,12)1:0.7546950472277247,(190,(192,((((160,107)1:0.5218420421673639,((170,182)1:0.5200425769413706,(195,162)1:0.20113822101525777)1:0.7350196277982909)0.47:0.020631654652412554,((180,(137,82)1:0.5164497494848057)1:1.0698007821536777,(98,(172,(89,5)0.96:0.12165153138559712)0.86:0.08494170512719697)0.37:0.0049479350694526325)0.71:0.05569402795386076)0.99:0.15939279878083173,((((123,11)1:0.35045120462018314,(46,(179,118)1:0.393970691756035)0.99:0.17426155045261538)1:0.2612893224377462,(((68,88)0.61:0.04735647476138413,(90,(8,(80,144)1:0.4507877548907511)0.68:0.08173152816596486)1:0.4266119680524425)0.6:0.03956409992065566,(((161,105)1:0.5303986817997457,(134,(146,31)1:0.247938411240977)0.96:0.12230773780694361)0.47:0.02032499649008306,((166,49)0.93:0.10339566078406848,(((0,((126,((142,66)1:0.18842661157795992,(92,85)1:0.22543110161133936)0.97:0.13649776181280868)1:0.31193949942441895,((3,164)1:1.511664843504096,(104,(151,(199,121)1:0.7634177394161903)0.98:0.18352391896214618)1:1.097204554562307)0.52:0.028643187860661206)0.81:0.07403029133052601)0.44:0.015999861807221585,(((34,1)1:0.2146220630717876,(113,(163,(136,154)0.6:0.10438169994659373)1:0.22535289870916567)1:1.0828706633666314)1:0.24159151440539103,(((50,127)0.99:0.1666427462935049,(44,(145,67)1:0.3694139697161621)0.98:0.144335429502352)1:0.6522414226143338,(((169,(9,28)0.6:0.06481846565948542)1:0.6769817581155001,(65,(79,(55,83)0.98:0.14779002404001904)1:0.3679967983415057)1:0.2870728247394243)1:0.505044875796291,((13,(70,133)1:0.4228561309442265)1:0.846613505272684,(84,(183,(101,(45,47)1:0.2704656514557084)0.41:0.0161362592928277)0.83:0.08693294660126512)1:0.39677403111260934)0.95:0.11207330542774473)1:0.23997378196215502)0.63:0.0441610017109546)0.42:0.014288611071931107)0.54:0.030372166375956425,(((189,((74,108)0.56:0.03827908151614274,((16,117)1:1.154562893458122,(174,173)1:1.4746481051824916)0.92:0.09918611068338923)0.99:0.15605193432998077)0.86:0.08304217855287661,((196,((135,102)1:0.4690346470778303,(((96,35)0.6:0.04786723781704454,(157,165)1:0.3405519307594307)1:0.32708559103303786,(51,(62,(32,26)0.98:0.13879252126869807)0.99:0.15411842436398623)1:0.21368248109221635)1:0.5355899143186259)1:0.2595896422393903)0.97:0.12171339479419942,(38,((60,139)1:0.24483489533738875,((168,30)1:1.0493716726116933,(57,((197,111)1:0.23656722214783832,((159,18)0.97:0.12477386704753192,(184,81)1:0.3035973203016915)1:0.20554954373455017)1:0.20408931768898955)1:0.28792471202488595)0.98:0.1535184486032094)0.67:0.06906829896527082)0.68:0.06241518756930572)0.94:0.10745454279916432)0.46:0.020204788003571863,(((78,(147,(156,(54,14)1:0.36207875672354023)1:0.4184037828652775)1:1.2033215120799348)0.76:0.06421388151088313,((141,177)1:0.7958755689102309,(150,(188,(73,115)1:0.5891967495133922)0.41:0.010845954912458166)1:0.5065117457484303)1:0.6296819964365419)1:0.2522958541491995,(((29,(112,(37,175)1:0.9295780083374553)0.79:0.08720853360715698)1:0.2652813250388834,(((99,58)1:1.4127591684081116,(39,(53,52)1:0.267035301630965)1:0.44116601813321005)1:0.24900434721313752,(((187,(185,178)1:0.8479030041273045)1:0.32977797603110465,(124,(71,(64,152)0.99:0.14446442724995623)0.75:0.08943602950209248)1:0.3399293992493443)0.52:0.027773147116147378,(186,((36,4)1:0.7264453780226183,(23,((63,(94,(91,2)0.49:0.039565837533815665)1:0.5623539236432836)0.76:0.0862192481059633,((24,59)1:0.5995215208498771,(167,41)1:0.4141368832939385)1:0.22640037441677177)1:0.16677016703576897)0.94:0.11262187697702719)0.93:0.10907443274913285)0.55:0.043631989986068404)0.39:0.00804797342938968)1:0.18804005381966965)0.71:0.05507487252510533,(((120,87)1:0.7971957720617115,((122,(61,106)1:0.3298157129402934)0.46:0.018716901679066714,((19,(176,25)1:0.511391410258787)1:0.2496583662901006,(27,(93,(110,(10,77)0.89:0.09720981126310527)1:0.3510613778876677)1:0.27832131308339353)1:0.18730191058909726)0.96:0.12429283635880958)1:0.22326118367424191)0.97:0.12194769318796046,((194,(15,7)0.99:0.14725831017886715)0.49:0.02404400787036548,((116,(43,56)1:0.719205967670477)1:1.133778910055694,((193,((114,171)1:0.4396185249697297,(132,149)1:0.48871147910320295)0.89:0.09928746932825477)0.68:0.05134464676567198,((40,17)1:0.8788800260380154,(103,(153,(100,(131,158)1:0.40668816283943526)0.92:0.10386363317617107)1:0.21428144852092817)0.54:0.04518160858445895)0.99:0.1529960020537926)1:0.16817775261193804)0.92:0.10185851086563724)0.52:0.027070344639573116)0.8:0.07103327323670867)0.35:0.001339251957339627)0.39:0.008387850085269412)0.37:0.004945792758701069)0.36:0.0040564167962765145)0.41:0.010997238339835073)0.36:0.0032502360947852323)0.55:0.03304917768113875)0.49:0.023510369089174307,((((125,181)1:0.810316762845702,(72,(129,33)0.91:0.09879636312236253)1:0.2490791452553211)1:0.3305530540007202,((130,69)1:0.1728293459737198,(143,(76,((75,(109,22)0.7:0.07052635500361568)0.95:0.13875302688542376,(128,(119,97)0.5:0.030722198637105617)1:0.2644404757928148)1:0.340150391044588)0.91:0.09940210549337054)0.54:0.039544899798486646)1:0.3601304349892121)0.62:0.04562980400135978,(21,(198,((95,(48,148)0.55:0.06527702504322241)1:0.4983104176253023,((6,(20,138)0.84:0.09712408573101276)0.87:0.08641429668569722,(42,(86,(191,155)0.97:0.12876614184131058)1:0.35642550923239613)0.56:0.04001086929106019)0.43:0.014578359841916383)0.69:0.05675845479738963)1:0.2514310254327848)1:0.30857862154469096)0.89:0.09334152983993814)0.38:0.005845280003212223)1:0.3012850445021159)0.82:0.08438209912936068)1:0.2878554184975923));
Weight calculation took 198.541382739 secs
ASTRAL finished in 325.659 secs
