
================== ASTRAL ===================== 

This is ASTRAL version 5.7.8
Gene trees are treated as unrooted
50 trees read from Dataset/AstralII_data/model.200.500000.0.000001/44/estimatedgenetre.halfresolved_50
index0
All output trees will be *arbitrarily* rooted at 200

======== Running the main analysis
Number of taxa: 201 (201 species)
Taxa: [200, 190, 179, 172, 98, 180, 137, 82, 70, 79, 169, 9, 55, 83, 65, 84, 183, 101, 45, 47, 50, 28, 44, 145, 146, 31, 38, 60, 139, 160, 89, 107, 96, 157, 35, 165, 32, 26, 51, 62, 135, 102, 61, 122, 188, 73, 115, 194, 168, 30, 141, 177, 150, 78, 147, 54, 14, 156, 46, 166, 174, 173, 15, 20, 142, 53, 49, 170, 182, 29, 185, 195, 7, 193, 116, 103, 40, 17, 43, 56, 123, 118, 133, 13, 34, 1, 113, 136, 163, 154, 178, 196, 8, 192, 162, 16, 117, 0, 199, 121, 151, 104, 66, 92, 134, 161, 74, 105, 68, 159, 18, 197, 57, 184, 81, 111, 132, 100, 131, 158, 112, 127, 187, 167, 186, 23, 36, 4, 124, 64, 71, 152, 67, 90, 80, 144, 88, 149, 114, 171, 72, 129, 125, 181, 6, 42, 138, 191, 33, 52, 39, 99, 58, 24, 59, 91, 41, 63, 94, 2, 120, 87, 48, 95, 148, 86, 155, 21, 143, 198, 130, 5, 37, 175, 76, 128, 119, 93, 110, 10, 27, 77, 109, 69, 97, 75, 22, 140, 12, 11, 3, 164, 153, 108, 106, 85, 126, 19, 176, 25, 189]
Taxon occupancy: {110=50, 111=50, 112=50, 113=50, 114=50, 115=50, 116=50, 117=50, 118=50, 119=50, 10=50, 11=50, 12=50, 13=50, 14=50, 15=50, 16=50, 17=50, 18=50, 19=50, 120=50, 0=50, 121=50, 122=50, 1=50, 123=50, 2=50, 124=50, 3=50, 4=50, 125=50, 5=50, 126=50, 127=50, 6=50, 7=50, 128=50, 8=50, 129=50, 9=50, 20=50, 21=50, 22=50, 23=50, 24=50, 25=50, 26=50, 27=50, 28=50, 29=50, 130=50, 131=50, 132=50, 133=50, 134=50, 135=50, 136=50, 137=50, 138=50, 139=50, 30=50, 31=50, 32=50, 33=50, 34=50, 35=50, 36=50, 37=50, 38=50, 39=50, 140=50, 141=50, 142=50, 143=50, 144=50, 145=50, 146=50, 147=50, 148=50, 149=50, 40=50, 41=50, 42=50, 43=50, 44=50, 45=50, 46=50, 47=50, 48=50, 49=50, 150=50, 151=50, 152=50, 153=50, 154=50, 155=50, 156=50, 157=50, 158=50, 159=50, 50=50, 51=50, 52=50, 53=50, 54=50, 55=50, 56=50, 57=50, 58=50, 59=50, 160=50, 161=50, 162=50, 163=50, 164=50, 165=50, 166=50, 167=50, 168=50, 169=50, 60=50, 61=50, 62=50, 63=50, 64=50, 65=50, 66=50, 67=50, 68=50, 69=50, 170=50, 171=50, 172=50, 173=50, 174=50, 175=50, 176=50, 177=50, 178=50, 179=50, 70=50, 71=50, 72=50, 73=50, 74=50, 75=50, 76=50, 77=50, 78=50, 79=50, 180=50, 181=50, 182=50, 183=50, 184=50, 185=50, 186=50, 187=50, 188=50, 189=50, 80=50, 81=50, 82=50, 83=50, 84=50, 85=50, 86=50, 87=50, 88=50, 89=50, 190=50, 191=50, 192=50, 193=50, 194=50, 195=50, 196=50, 197=50, 198=50, 199=50, 90=50, 91=50, 92=50, 93=50, 94=50, 95=50, 96=50, 97=50, 98=50, 99=50, 200=50, 100=50, 101=50, 102=50, 103=50, 104=50, 105=50, 106=50, 107=50, 108=50, 109=50}
Number of gene trees: 50
0 trees have missing taxa
Calculating quartet distance matrix (for completion of X)
Species tree distances calculated ...
Building set of clusters (X) from gene trees 
------------------------------
gradient0: 13793
Number of Clusters after addition by distance: 13793
calculating extra bipartitions to be added at level 1 ...
Adding to X using resolutions of greedy consensus ...
Limit for sigma of degrees:5075
polytomy size limit : 63
discarded polytomies: 82 114 154  [3, 3, 3, 3, 3, 3, 3, 3, 3, 3, 3, 3, 3, 3, 3, 3, 3, 3, 3, 4, 6, 29, 29, 29, 63, 82, 114, 154]
Threshold 0.0:
polytomy of size 3; rounds with additions with at least 5 support: 1; clusters: 13799
polytomy of size 3; rounds with additions with at least 5 support: 0; clusters: 13805
polytomy of size 3; rounds with additions with at least 5 support: 0; clusters: 13809
polytomy of size 3; rounds with additions with at least 5 support: 0; clusters: 13813
polytomy of size 3; rounds with additions with at least 5 support: 0; clusters: 13819
polytomy of size 29; rounds with additions with at least 5 support: 3; clusters: 29147
Threshold 0.01:
polytomy of size 3; rounds with additions with at least 5 support: 0; clusters: 29147
polytomy of size 3; rounds with additions with at least 5 support: 0; clusters: 29147
polytomy of size 3; rounds with additions with at least 5 support: 0; clusters: 29147
polytomy of size 3; rounds with additions with at least 5 support: 0; clusters: 29147
polytomy of size 3; rounds with additions with at least 5 support: 0; clusters: 29147
polytomy of size 29; rounds with additions with at least 5 support: 0; clusters: 43263
Threshold 0.02:
polytomy of size 3; rounds with additions with at least 5 support: 0; clusters: 43263
polytomy of size 3; rounds with additions with at least 5 support: 0; clusters: 43263
polytomy of size 3; rounds with additions with at least 5 support: 0; clusters: 43263
polytomy of size 3; rounds with additions with at least 5 support: 0; clusters: 43263
polytomy of size 3; rounds with additions with at least 5 support: 0; clusters: 43263
polytomy of size 29; rounds with additions with at least 5 support: 0; clusters: 56903
Threshold 0.05:
polytomy of size 6; rounds with additions with at least 5 support: 3; clusters: 56909
polytomy of size 63; rounds with additions with at least 5 support: 3; clusters: 58145
Threshold 0.1:
polytomy of size 82; rounds with additions with at least 5 support: 4; clusters: 59437
Threshold 0.2:
polytomy of size 3; rounds with additions with at least 5 support: 0; clusters: 59437
polytomy of size 4; rounds with additions with at least 5 support: 0; clusters: 59437
polytomy of size 114; rounds with additions with at least 5 support: 0; clusters: 60051
Threshold 0.3333333333333333:
polytomy of size 3; rounds with additions with at least 5 support: 0; clusters: 60051
polytomy of size 3; rounds with additions with at least 5 support: 0; clusters: 60051
polytomy of size 3; rounds with additions with at least 5 support: 0; clusters: 60051
polytomy of size 154; rounds with additions with at least 5 support: 0; clusters: 60481
max k is :8
Number of Clusters after addition by greedy: 60481
gradient0 in heuristiic: 60481
partitions formed in 27.055 secs
Dynamic Programming starting after 27.055 secs
Using tree-based weight calculation.
Using polytree-based weight calculation.
Polytree max score: 3258040224
Polytree building time: 0.08 seconds.
Number of quartet trees in the gene trees: 3258040224
Size of largest cluster: 201
Greedy score: 1313564896
estimationFactor: 2.480303968171817
Sub-optimal score: 1314292583
Calculated 100000 weights; time (seconds): 63
Total Number of elements weighted: 141341
Normalized score (portion of input quartet trees satisfied before correcting for multiple individuals): 0.42963035099716435
Optimization score: 1399752965
Optimal tree inferred in 80.664 secs.
(39,((53,52),((99,58),((186,((36,4),(23,((63,(94,(91,2))),((167,41),(24,59)))))),((124,(71,(64,152))),((187,(185,178)),(((166,((147,(156,(54,14))),(78,((141,177),(150,(188,(73,115))))))),(((116,(43,56)),((193,((114,171),(132,149))),((103,(40,17)),(153,(100,(131,158)))))),((194,(15,7)),((120,87),((61,106),(122,((19,(176,25)),(27,(93,(77,(110,10))))))))))),((112,(29,(37,175))),(((161,105),((21,(198,((95,(48,148)),((6,(20,138)),(42,(191,(86,155))))))),(((125,181),(72,(129,33))),((130,69),(143,(76,((75,(109,22)),(97,(128,119))))))))),(((68,(90,(8,(80,144)))),((134,(146,31)),((123,11),(46,(179,118))))),(((0,(49,(189,(108,(74,((16,117),(174,173))))))),(((142,66),(126,(92,85))),((50,(127,(44,(145,67)))),((196,((135,102),((51,(62,(32,26))),(35,(96,(157,165)))))),((38,(60,139)),((168,30),(57,((197,111),((159,18),(184,81)))))))))),(((88,(190,(192,(200,(140,12))))),((98,(89,5)),((172,(180,(137,82))),((160,107),((170,182),(195,162)))))),(((3,164),(104,(151,(199,121)))),(((34,1),(113,(154,(136,163)))),(((28,(169,9)),(65,(79,(55,83)))),((13,(70,133)),(84,(183,(101,(45,47))))))))))))))))))));
Final quartet score is: 1399752965
Final normalized quartet score is: 0.42963035099716435
Extended species tree:
(200,((140,12)1:0.7456373631813417,(192,(190,(88,(((98,(89,5)0.64:0.08723729727687696)0.58:0.06835621850995176,((172,(180,(137,82)1:0.5432399913450933)1:0.9652408290000328)0.75:0.12271792290976652,((160,107)0.96:0.2563013981154877,((170,182)1:0.5722919458665916,(195,162)1:0.5022120379239846)1:0.4427069349523243)0.46:0.031482449539913505)0.4:0.015362381198917233)0.71:0.10893407636526233,((((3,164)1:1.5662322710192362,(104,(151,(199,121)1:0.8885464240039418)0.5:0.07904680187029761)1:0.5697853455320411)0.64:0.08507032888454957,(((34,1)0.77:0.1301467462448735,(113,(154,(136,163)0.97:0.28055210166288597)0.82:0.2016669142448673)1:0.9201759910889119)0.99:0.32494982805974604,(((28,(169,9)0.94:0.23609583249445237)1:0.5961743823388824,(65,(79,(55,83)0.96:0.2708352766770604)1:0.3760786246214952)0.94:0.2311491256257304)1:0.4339453878601788,((13,(70,133)0.75:0.15178684263772796)1:0.672207606810792,(84,(183,(101,(45,47)0.97:0.2637312624756955)0.46:0.05596285996188614)0.7:0.10580094728793661)0.98:0.27364557806686857)0.62:0.08096055644034576)0.98:0.2756902017300401)0.42:0.02044147714984172)0.39:0.010056506519973848,(((0,(49,(189,(108,(74,((16,117)1:1.238135962196292,(174,173)1:1.2844635072283495)0.52:0.050353886145614674)0.51:0.05770894867518109)0.5:0.04623706047264672)0.7:0.10601705777785252)0.42:0.02713857162709477)0.29:0.0,(((142,66)0.89:0.18155779906900385,(126,(92,85)0.63:0.09831395509480727)0.58:0.10392652995680883)1:0.4624991459675982,((50,(127,(44,(145,67)1:0.4162317517691392)0.92:0.21462348311040735)0.63:0.0863413838408121)1:0.8835625357326059,((196,((135,102)1:0.5557050630843648,((51,(62,(32,26)0.6:0.08027278718732427)0.89:0.18315085325427002)0.75:0.13155145978580265,(35,(96,(157,165)0.96:0.2592602229652581)0.39:0.013907989572314204)0.99:0.34793433108129546)1:0.44567950973254644)0.94:0.21661832239586928)0.45:0.03233308987652904,((38,(60,139)0.94:0.22506129621999219)0.48:0.041936495873992674,((168,30)1:0.9257673916638708,(57,((197,111)0.99:0.31942994246873224,((159,18)0.56:0.06633583592031835,(184,81)1:0.47158821311296334)0.47:0.06417933494698388)0.69:0.10879506208014164)0.88:0.17684866156900017)0.94:0.22124906043260653)0.76:0.13897635941696382)0.65:0.09603613926242446)0.45:0.0297962797710457)0.37:0.005795414541331478)0.43:0.02360340327977081,(((68,(90,(8,(80,144)1:0.5962378656114737)0.72:0.11385862702581773)0.98:0.2883306362471079)0.67:0.09765132639203147,((134,(146,31)0.87:0.1741245443730652)0.73:0.11977789661903056,((123,11)0.74:0.151676767870206,(46,(179,118)0.99:0.33336359537435795)0.98:0.32345567503377454)0.97:0.2588265810287644)0.46:0.03207173514862222)0.35:0.0,(((161,105)1:0.4898596581975686,((21,(198,((95,(48,148)0.65:0.10629559453974605)1:0.4941693422345507,((6,(20,138)0.55:0.07423811220756908)0.48:0.04950473230241158,(42,(191,(86,155)0.55:0.061473005757934754)0.95:0.23179079486017357)0.62:0.08444453153340342)0.5:0.0447300657960753)0.52:0.049799345593836676)0.87:0.17321825089809742)0.74:0.11957451156751345,(((125,181)1:1.007819784728042,(72,(129,33)0.39:0.010186845306993018)1:0.42172648819793584)0.97:0.2627048033840028,((130,69)0.73:0.11525764884467288,(143,(76,((75,(109,22)0.51:0.0568928801156057)0.76:0.1422645920464919,(97,(128,119)0.54:0.09277900479282468)0.97:0.2839974390488943)0.98:0.3046840469445097)0.76:0.125364366981522)0.57:0.06676997966916619)1:0.35582963338953294)0.53:0.05977396114137742)0.67:0.10043852334587193)0.36:0.001279603885381178,((112,(29,(37,175)1:1.1321114281215772)0.41:0.019601663728082707)0.99:0.31192191439507866,(((166,((147,(156,(54,14)0.98:0.3088104548467305)1:0.5311359941550791)1:1.1714112822330713,(78,((141,177)1:0.6217740370803709,(150,(188,(73,115)1:0.5318916751089424)0.76:0.13536731312824773)0.99:0.34393591816130276)1:0.4788663165035807)0.43:0.024411917984660875)0.38:0.005198898379142058)0.91:0.19615609872102438,(((116,(43,56)1:0.8508995450650252)1:1.0177299132223179,((193,((114,171)0.98:0.2893026065370509,(132,149)1:0.521114635756693)0.73:0.11606714348186155)0.49:0.054753040997161086,((103,(40,17)1:0.8115556031150738)0.43:0.023672274369663432,(153,(100,(131,158)0.99:0.3222146053241252)0.5:0.048751286626788876)0.91:0.19629802310536124)0.78:0.13699563701701115)0.96:0.24384454294912175)0.73:0.11664352443475,((194,(15,7)0.57:0.08377565179146454)0.64:0.08532855744258962,((120,87)1:1.0103515082962236,((61,106)1:0.3451926395913413,(122,((19,(176,25)1:0.7108544020134174)0.85:0.16748048233738783,(27,(93,(77,(110,10)0.94:0.22737462635011332)0.97:0.2677663235023146)1:0.383139105916697)0.62:0.09059439720104207)0.77:0.13135469345822684)0.47:0.0380439457652358)0.82:0.17280889909285554)0.84:0.15672132798659338)0.36:0.0020076788622521526)0.52:0.05522794154557019)0.33:0.0,((187,(185,178)1:0.8411275912860668)1:0.4234797669983617,((124,(71,(64,152)0.98:0.2828839824791063)0.96:0.24412984416583092)0.97:0.2577947440582669,((186,((36,4)1:0.6733466551322216,(23,((63,(94,(91,2)0.58:0.07164605754455985)1:0.685802823772204)0.48:0.057179465558116205,((167,41)0.99:0.3214667402514599,(24,59)1:0.51456095361608)0.96:0.2410688308141287)0.66:0.0975099789551077)0.51:0.04756932287983309)0.82:0.15202924000567164)0.36:0.011343029373389902,((99,58)1:1.2254884383671039,((53,52)0.99:0.33427324170024003,39)1:0.36683887021288264)0.96:0.24091397856210298)0.47:0.03572208173550067)0.35:0.0)0.92:0.1992371773354632)0.42:0.023599513442698117)0.34:0.0)0.38:0.007485745049030588)0.38:0.007280770692266336)0.35:0.0)0.49:0.04333510542005631)0.38:0.00817292509510731)0.92:0.20580882891003)0.51:0.07977181508079224)0.98:0.3035011500957822));
Weight calculation took 41.192368283 secs
ASTRAL finished in 81.912 secs
