
================== ASTRAL ===================== 

This is ASTRAL version 5.7.8
Gene trees are treated as unrooted
843 trees read from Dataset/AstralII_data/model.200.500000.0.000001/44/estimatedgenetre.halfresolved
index0
All output trees will be *arbitrarily* rooted at 200

======== Running the main analysis
Number of taxa: 201 (201 species)
Taxa: [200, 190, 179, 172, 98, 180, 137, 82, 70, 79, 169, 9, 55, 83, 65, 84, 183, 101, 45, 47, 50, 28, 44, 145, 146, 31, 38, 60, 139, 160, 89, 107, 96, 157, 35, 165, 32, 26, 51, 62, 135, 102, 61, 122, 188, 73, 115, 194, 168, 30, 141, 177, 150, 78, 147, 54, 14, 156, 46, 166, 174, 173, 15, 20, 142, 53, 49, 170, 182, 29, 185, 195, 7, 193, 116, 103, 40, 17, 43, 56, 123, 118, 133, 13, 34, 1, 113, 136, 163, 154, 178, 196, 8, 192, 162, 16, 117, 0, 199, 121, 151, 104, 66, 92, 134, 161, 74, 105, 68, 159, 18, 197, 57, 184, 81, 111, 132, 100, 131, 158, 112, 127, 187, 167, 186, 23, 36, 4, 124, 64, 71, 152, 67, 90, 80, 144, 88, 149, 114, 171, 72, 129, 125, 181, 6, 42, 138, 191, 33, 52, 39, 99, 58, 24, 59, 91, 41, 63, 94, 2, 120, 87, 48, 95, 148, 86, 155, 21, 143, 198, 130, 5, 37, 175, 76, 128, 119, 93, 110, 10, 27, 77, 109, 69, 97, 75, 22, 140, 12, 11, 3, 164, 153, 108, 106, 85, 126, 19, 176, 25, 189]
Taxon occupancy: {110=843, 111=843, 112=843, 113=843, 114=843, 115=843, 116=843, 117=843, 118=843, 119=843, 10=843, 11=843, 12=843, 13=843, 14=843, 15=843, 16=843, 17=843, 18=843, 19=843, 120=843, 0=843, 121=843, 122=843, 1=843, 123=843, 2=843, 124=843, 3=843, 4=843, 125=843, 5=843, 126=843, 127=843, 6=843, 7=843, 128=843, 8=843, 129=843, 9=843, 20=843, 21=843, 22=843, 23=843, 24=843, 25=843, 26=843, 27=843, 28=843, 29=843, 130=843, 131=843, 132=843, 133=843, 134=843, 135=843, 136=843, 137=843, 138=843, 139=843, 30=843, 31=843, 32=843, 33=843, 34=843, 35=843, 36=843, 37=843, 38=843, 39=843, 140=843, 141=843, 142=843, 143=843, 144=843, 145=843, 146=843, 147=843, 148=843, 149=843, 40=843, 41=843, 42=843, 43=843, 44=843, 45=843, 46=843, 47=843, 48=843, 49=843, 150=843, 151=843, 152=843, 153=843, 154=843, 155=843, 156=843, 157=843, 158=843, 159=843, 50=843, 51=843, 52=843, 53=843, 54=843, 55=843, 56=843, 57=843, 58=843, 59=843, 160=843, 161=843, 162=843, 163=843, 164=843, 165=843, 166=843, 167=843, 168=843, 169=843, 60=843, 61=843, 62=843, 63=843, 64=843, 65=843, 66=843, 67=843, 68=843, 69=843, 170=843, 171=843, 172=843, 173=843, 174=843, 175=843, 176=843, 177=843, 178=843, 179=843, 70=843, 71=843, 72=843, 73=843, 74=843, 75=843, 76=843, 77=843, 78=843, 79=843, 180=843, 181=843, 182=843, 183=843, 184=843, 185=843, 186=843, 187=843, 188=843, 189=843, 80=843, 81=843, 82=843, 83=843, 84=843, 85=843, 86=843, 87=843, 88=843, 89=843, 190=843, 191=843, 192=843, 193=843, 194=843, 195=843, 196=843, 197=843, 198=843, 199=843, 90=843, 91=843, 92=843, 93=843, 94=843, 95=843, 96=843, 97=843, 98=843, 99=843, 200=843, 100=843, 101=843, 102=843, 103=843, 104=843, 105=843, 106=843, 107=843, 108=843, 109=843}
Number of gene trees: 843
0 trees have missing taxa
Calculating quartet distance matrix (for completion of X)
Species tree distances calculated ...
Building set of clusters (X) from gene trees 
------------------------------
gradient0: 163483
Number of Clusters after addition by distance: 163483
calculating extra bipartitions to be added at level 1 ...
Adding to X using resolutions of greedy consensus ...
Limit for sigma of degrees:5075
polytomy size limit : 63
discarded polytomies: 79 115 154  [3, 3, 3, 3, 3, 3, 4, 5, 19, 36, 39, 63, 79, 115, 154]
Threshold 0.0:
polytomy of size 19; rounds with additions with at least 5 support: 24; clusters: 168915
Threshold 0.01:
polytomy of size 36; rounds with additions with at least 5 support: 26; clusters: 190173
Threshold 0.02:
polytomy of size 3; rounds with additions with at least 5 support: 0; clusters: 190173
polytomy of size 39; rounds with additions with at least 5 support: 6; clusters: 212917
Threshold 0.05:
polytomy of size 5; rounds with additions with at least 5 support: 0; clusters: 212917
polytomy of size 63; rounds with additions with at least 5 support: 0; clusters: 213153
Threshold 0.1:
polytomy of size 3; rounds with additions with at least 5 support: 0; clusters: 213153
polytomy of size 79; rounds with additions with at least 5 support: 0; clusters: 213295
Threshold 0.2:
polytomy of size 3; rounds with additions with at least 5 support: 0; clusters: 213295
polytomy of size 115; rounds with additions with at least 5 support: 0; clusters: 213367
Threshold 0.3333333333333333:
polytomy of size 4; rounds with additions with at least 5 support: 0; clusters: 213367
polytomy of size 3; rounds with additions with at least 5 support: 0; clusters: 213367
polytomy of size 3; rounds with additions with at least 5 support: 0; clusters: 213367
polytomy of size 3; rounds with additions with at least 5 support: 0; clusters: 213367
polytomy of size 154; rounds with additions with at least 5 support: 0; clusters: 213367
max k is :52
Number of Clusters after addition by greedy: 213367
gradient0 in heuristiic: 213367
partitions formed in 278.372 secs
Dynamic Programming starting after 278.373 secs
Using tree-based weight calculation.
Using polytree-based weight calculation.
Polytree max score: 55130053668
Polytree building time: 3.677 seconds.
Number of quartet trees in the gene trees: 55130053668
Size of largest cluster: 201
Greedy score: 21877993333
estimationFactor: 2.519886208432277
Sub-optimal score: 22348850865
Calculated 100000 weights; time (seconds): 686
Calculated 200000 weights; time (seconds): 416
Calculated 300000 weights; time (seconds): 480
Calculated 400000 weights; time (seconds): 435
Calculated 500000 weights; time (seconds): 452
Total Number of elements weighted: 501965
Normalized score (portion of input quartet trees satisfied before correcting for multiple individuals): 0.4302341407980071
Optimization score: 23718831272
Optimal tree inferred in 2479.997 secs.
(155,(191,(86,(42,((6,(20,138)),((198,(48,(95,148))),(21,((((125,181),(72,(129,33))),(143,((130,69),(76,((75,(109,22)),(119,(128,97))))))),(((192,(190,(200,(140,12)))),((98,(180,(137,82))),(((170,182),(195,162)),((160,107),(172,(89,5)))))),(((134,(146,31)),((123,11),(46,(179,118)))),((((112,(29,(37,175))),(((99,58),(39,(53,52))),(((187,(185,178)),(124,(71,(64,152)))),(186,((36,4),(23,((63,(94,(91,2))),((24,59),(167,41))))))))),(0,(((3,164),((104,(151,(199,121))),(126,((142,66),(92,85))))),(((34,1),(113,(154,(136,163)))),(((50,127),(44,(145,67))),(((28,(169,9)),(65,(79,(55,83)))),((13,(70,133)),(84,(183,(101,(45,47))))))))))),((((49,(68,88)),(90,(8,(80,144)))),((161,105),((196,((135,102),((51,(62,(32,26))),((96,35),(157,165))))),(38,((60,139),((168,30),(57,((197,111),((159,18),(184,81)))))))))),((194,(166,((78,(147,(156,(54,14)))),((141,177),(150,(188,(73,115))))))),((189,(108,(74,((16,117),(174,173))))),(((120,87),((122,(61,106)),((19,(176,25)),(27,(93,(110,(10,77))))))),((15,7),((116,(43,56)),((193,((114,171),(132,149))),((40,17),(103,(153,(100,(131,158)))))))))))))))))))))));
Final quartet score is: 23718831272
Final normalized quartet score is: 0.4302341407980071
Extended species tree:
(200,((140,12)1:0.6932773755736599,(190,(192,(((98,(180,(137,82)1:0.5299642475911325)1:1.0376306652588254)0.68:0.025491608471146298,(((170,182)1:0.5188993408638979,(195,162)1:0.13112162704657931)1:0.7729402298383702,((160,107)1:0.5275105270409916,(172,(89,5)1:0.11673872195691)0.99:0.07095021659578304)0.81:0.03592066593079607)0.75:0.0317532470860705)1:0.14858318572859755,((((134,(146,31)1:0.34356663224576456)1:0.11466587715625919,((123,11)1:0.402757173254674,(46,(179,118)1:0.30461621679472645)1:0.24744595234895184)1:0.25828218820816046)0.68:0.025645505817142963,((((112,(29,(37,175)1:0.8460263536137157)1:0.13452487324228612)1:0.2586540365924764,(((99,58)1:1.2710142592600018,(39,(53,52)1:0.27830341744697207)1:0.3928778557272746)1:0.28749469238929076,(((187,(185,178)1:1.0155592424004634)1:0.3125549211789084,(124,(71,(64,152)1:0.14822813548956223)1:0.0926568990517335)1:0.3976760090148051)0.8:0.034349069047136624,(186,((36,4)1:0.7836849736667093,(23,((63,(94,(91,2)1:0.1471583231758294)1:0.570743457071408)1:0.13296327429888294,((24,59)1:0.7595329957502797,(167,41)1:0.39339116206310054)1:0.21292792436262759)1:0.131358814983716)1:0.1289440384203632)0.8:0.05732043068208749)0.99:0.07862321457439435)0.6:0.0198019744962754)1:0.1835770885796139)0.98:0.06449971585127176,(0,(((3,164)1:1.724818402035899,((104,(151,(199,121)1:0.5943203618125328)1:0.16048279165370305)1:1.080636351317372,(126,((142,66)1:0.1875817938675801,(92,85)1:0.208078821979913)1:0.12031990459856083)1:0.4051307496885167)0.81:0.035592317394349565)0.94:0.05092867859259601,(((34,1)1:0.21459035031823046,(113,(154,(136,163)1:0.0822745888285918)1:0.12958905439468663)1:1.2164634082357773)1:0.2846964278740907,(((50,127)1:0.22260989577030665,(44,(145,67)1:0.38612582071144147)1:0.1126444592341251)1:0.7601282849909258,(((28,(169,9)0.55:0.041913521494503427)1:0.8351915775968736,(65,(79,(55,83)1:0.1919373718239683)1:0.4728175323650189)1:0.3131739011601077)1:0.506470055912741,((13,(70,133)1:0.42885211479988955)1:0.8643545659618725,(84,(183,(101,(45,47)1:0.19608306053112295)0.41:0.005653618510698919)0.95:0.05653993975751274)1:0.4360551928776878)1:0.07767415800635223)1:0.23753366270164353)0.86:0.04152315390323162)0.63:0.021700616820216453)0.45:0.01061287028790699)0.53:0.015979200721183723)0.53:0.015172522893970856,((((49,(68,88)0.52:0.015782820362053012)0.83:0.03746586341564695,(90,(8,(80,144)1:0.427395373441623)0.95:0.057995057932293426)1:0.4889439156714237)0.78:0.032496413013350677,((161,105)1:0.5269530483389486,((196,((135,102)1:0.45522623756054736,((51,(62,(32,26)1:0.14773335829007053)1:0.20896263788849032)1:0.18994853384402105,((96,35)1:0.09644284160299069,(157,165)1:0.39513275377842927)1:0.3594732310374292)1:0.46383439702314166)1:0.30427292158469826)1:0.13206230897753746,(38,((60,139)1:0.23629093986895927,((168,30)1:1.1253503015829955,(57,((197,111)1:0.2001436961367812,((159,18)1:0.10161061316304876,(184,81)1:0.26505480239694257)1:0.2112954741172681)1:0.24404251180797965)1:0.26143532688348037)1:0.14350367593839125)1:0.09780121347271442)0.71:0.036443423615316474)1:0.08990839218788346)0.88:0.042088578731912143)0.44:0.008107535467596605,((194,(166,((78,(147,(156,(54,14)1:0.23144964375851385)1:0.4863659509143977)1:1.2487932010454814)0.97:0.0636513285450929,((141,177)1:0.8620620070090713,(150,(188,(73,115)1:0.44417928306772186)1:0.08580839886196809)1:0.4695498981925551)1:0.6275599150736636)1:0.0912659851349199)0.87:0.04564527768550665)1:0.10913197072836013,((189,(108,(74,((16,117)1:1.4378845811176377,(174,173)1:1.5874125515979294)0.95:0.06129465438930834)0.57:0.024781498061040554)1:0.12480010937015476)1:0.0965600470982203,(((120,87)1:0.8730231413070386,((122,(61,106)1:0.33406126554023846)0.94:0.051708782866804935,((19,(176,25)1:0.4830158795669971)1:0.25756124680532655,(27,(93,(110,(10,77)1:0.09656435547033085)1:0.37307313853569984)1:0.23245212005499027)1:0.25606141380967806)1:0.13472035061352305)1:0.19789422447460045)1:0.12817187402180233,((15,7)1:0.18567755606325043,((116,(43,56)1:0.8243988236427832)1:1.152370325666854,((193,((114,171)1:0.3535028683017286,(132,149)1:0.42567855483697825)1:0.20962049043965347)0.96:0.05622799380038162,((40,17)1:1.0535637544306533,(103,(153,(100,(131,158)1:0.42073220795778105)1:0.1430792608460101)1:0.2153869344022181)0.97:0.06018890397740666)1:0.15588777188695657)1:0.16547504798721266)1:0.08544718069211739)0.97:0.059378509967320386)0.91:0.04618535863020908)0.73:0.030657819221468204)0.42:0.006978733019058896)0.43:0.00735077510302069)0.7:0.026619899999980986)0.67:0.024810541176364186,((((125,181)1:0.7907473450958112,(72,(129,33)1:0.09840130806051992)1:0.259464299508453)1:0.3089203438242746,(143,((130,69)1:0.1471453386411593,(76,((75,(109,22)1:0.16321392799753603)0.99:0.08418810235845697,(119,(128,97)0.75:0.03419052450781934)1:0.23254700614742005)1:0.30400160993774894)1:0.12796357919916418)0.42:0.009356875991320086)1:0.3649008062490244)0.92:0.052354387163377314,(21,((198,(48,(95,148)0.6:0.019995116349897552)1:0.5022513143313028)0.48:0.019448148975988375,((6,(20,138)0.94:0.052795475675732735)1:0.08928656344994068,(42,(86,(191,155)1:0.1810889829904278)1:0.3455033626895589)0.95:0.06157304646714816)0.94:0.05139361896230387)1:0.31328719362855123)1:0.30691497365379544)1:0.08406629676051293)0.57:0.01801450990627777)1:0.2853652208780606)0.98:0.06627634690729017)1:0.21261593354971814));
Weight calculation took 1951.704527898 secs
ASTRAL finished in 2487.754 secs
