
================== ASTRAL ===================== 

This is ASTRAL version 5.7.8
Gene trees are treated as unrooted
50 trees read from Dataset/AstralII_data/model.200.500000.0.000001/01/estimatedgenetre.halfresolved_50
index0
All output trees will be *arbitrarily* rooted at 49

======== Running the main analysis
Number of taxa: 201 (201 species)
Taxa: [49, 48, 145, 88, 24, 53, 0, 96, 71, 31, 172, 178, 128, 166, 86, 60, 68, 39, 65, 4, 56, 140, 135, 150, 7, 161, 37, 61, 77, 89, 182, 181, 70, 46, 187, 85, 30, 36, 63, 34, 169, 138, 192, 160, 180, 20, 94, 127, 176, 171, 199, 16, 136, 9, 113, 186, 95, 121, 168, 131, 104, 193, 62, 15, 130, 43, 14, 40, 110, 153, 44, 111, 183, 42, 157, 82, 134, 72, 149, 152, 29, 59, 120, 23, 58, 25, 139, 57, 158, 126, 100, 87, 147, 69, 28, 179, 122, 133, 197, 105, 117, 175, 200, 141, 18, 32, 191, 52, 108, 54, 142, 162, 17, 93, 11, 125, 164, 103, 174, 64, 90, 170, 91, 73, 112, 97, 194, 116, 115, 155, 35, 27, 129, 177, 144, 114, 167, 2, 1, 5, 101, 84, 80, 163, 189, 55, 33, 190, 21, 165, 102, 3, 151, 6, 67, 41, 81, 98, 195, 76, 51, 124, 79, 123, 19, 173, 185, 13, 156, 22, 196, 159, 92, 38, 132, 75, 154, 10, 50, 146, 74, 148, 83, 118, 109, 26, 106, 78, 137, 8, 66, 99, 107, 45, 198, 12, 47, 143, 184, 119, 188]
Taxon occupancy: {110=50, 111=50, 112=50, 113=50, 114=50, 115=50, 116=50, 117=50, 118=50, 119=50, 10=50, 11=50, 12=50, 13=50, 14=50, 15=50, 16=50, 17=50, 18=50, 19=50, 120=50, 0=50, 121=50, 122=50, 1=50, 2=50, 123=50, 3=50, 124=50, 4=50, 125=50, 126=50, 5=50, 127=50, 6=50, 128=50, 7=50, 129=50, 8=50, 9=50, 20=50, 21=50, 22=50, 23=50, 24=50, 25=50, 26=50, 27=50, 28=50, 29=50, 130=50, 131=50, 132=50, 133=50, 134=50, 135=50, 136=50, 137=50, 138=50, 139=50, 30=50, 31=50, 32=50, 33=50, 34=50, 35=50, 36=50, 37=50, 38=50, 39=50, 140=50, 141=50, 142=50, 143=50, 144=50, 145=50, 146=50, 147=50, 148=50, 149=50, 40=50, 41=50, 42=50, 43=50, 44=50, 45=50, 46=50, 47=50, 48=50, 49=50, 150=50, 151=50, 152=50, 153=50, 154=50, 155=50, 156=50, 157=50, 158=50, 159=50, 50=50, 51=50, 52=50, 53=50, 54=50, 55=50, 56=50, 57=50, 58=50, 59=50, 160=50, 161=50, 162=50, 163=50, 164=50, 165=50, 166=50, 167=50, 168=50, 169=50, 60=50, 61=50, 62=50, 63=50, 64=50, 65=50, 66=50, 67=50, 68=50, 69=50, 170=50, 171=50, 172=50, 173=50, 174=50, 175=50, 176=50, 177=50, 178=50, 179=50, 70=50, 71=50, 72=50, 73=50, 74=50, 75=50, 76=50, 77=50, 78=50, 79=50, 180=50, 181=50, 182=50, 183=50, 184=50, 185=50, 186=50, 187=50, 188=50, 189=50, 80=50, 81=50, 82=50, 83=50, 84=50, 85=50, 86=50, 87=50, 88=50, 89=50, 190=50, 191=50, 192=50, 193=50, 194=50, 195=50, 196=50, 197=50, 198=50, 199=50, 90=50, 91=50, 92=50, 93=50, 94=50, 95=50, 96=50, 97=50, 98=50, 99=50, 200=50, 100=50, 101=50, 102=50, 103=50, 104=50, 105=50, 106=50, 107=50, 108=50, 109=50}
Number of gene trees: 50
0 trees have missing taxa
Calculating quartet distance matrix (for completion of X)
Species tree distances calculated ...
Building set of clusters (X) from gene trees 
------------------------------
gradient0: 11109
Number of Clusters after addition by distance: 11109
calculating extra bipartitions to be added at level 1 ...
Adding to X using resolutions of greedy consensus ...
Limit for sigma of degrees:5075
polytomy size limit : 57
discarded polytomies: 75 112  [3, 3, 3, 3, 3, 3, 3, 3, 3, 3, 3, 4, 4, 5, 7, 18, 18, 18, 35, 57, 75, 112]
Threshold 0.0:
polytomy of size 3; rounds with additions with at least 5 support: 1; clusters: 11115
polytomy of size 18; rounds with additions with at least 5 support: 2; clusters: 14163
Threshold 0.01:
polytomy of size 3; rounds with additions with at least 5 support: 0; clusters: 14163
polytomy of size 18; rounds with additions with at least 5 support: 0; clusters: 16077
Threshold 0.02:
polytomy of size 3; rounds with additions with at least 5 support: 0; clusters: 16077
polytomy of size 18; rounds with additions with at least 5 support: 0; clusters: 17715
Threshold 0.05:
polytomy of size 3; rounds with additions with at least 5 support: 0; clusters: 17715
polytomy of size 7; rounds with additions with at least 5 support: 7; clusters: 17755
polytomy of size 35; rounds with additions with at least 5 support: 5; clusters: 18235
Threshold 0.1:
polytomy of size 57; rounds with additions with at least 5 support: 2; clusters: 18601
Threshold 0.2:
polytomy of size 3; rounds with additions with at least 5 support: 0; clusters: 18601
polytomy of size 3; rounds with additions with at least 5 support: 0; clusters: 18601
polytomy of size 3; rounds with additions with at least 5 support: 0; clusters: 18601
polytomy of size 4; rounds with additions with at least 5 support: 0; clusters: 18601
polytomy of size 3; rounds with additions with at least 5 support: 0; clusters: 18601
polytomy of size 75; rounds with additions with at least 5 support: 1; clusters: 18841
Threshold 0.3333333333333333:
polytomy of size 3; rounds with additions with at least 5 support: 0; clusters: 18841
polytomy of size 5; rounds with additions with at least 5 support: 0; clusters: 18841
polytomy of size 3; rounds with additions with at least 5 support: 0; clusters: 18841
polytomy of size 3; rounds with additions with at least 5 support: 0; clusters: 18841
polytomy of size 4; rounds with additions with at least 5 support: 0; clusters: 18841
polytomy of size 112; rounds with additions with at least 5 support: 0; clusters: 19013
max k is :14
Number of Clusters after addition by greedy: 19013
gradient0 in heuristiic: 19013
partitions formed in 19.523 secs
Dynamic Programming starting after 19.524 secs
Using tree-based weight calculation.
Using polytree-based weight calculation.
Polytree max score: 3299917500
Polytree building time: 0.133 seconds.
Number of quartet trees in the gene trees: 3299917500
Size of largest cluster: 201
Greedy score: 1455349993
estimationFactor: 2.2674391149016206
Sub-optimal score: 1619366532
Total Number of elements weighted: 71257
Normalized score (portion of input quartet trees satisfied before correcting for multiple individuals): 0.5214921403338114
Optimization score: 1720881040
Optimal tree inferred in 40.273 secs.
(102,((165,151),(3,((16,((67,(6,41)),(((81,((136,9),(95,121))),((130,45),(198,(12,47)))),(186,((76,(124,(51,79))),(98,(123,((195,107),(131,(168,104)))))))))),(66,((((62,(193,15)),((43,99),(26,(106,(78,137))))),(((53,153),(44,159)),((183,42),((156,(22,196)),(((185,13),(111,173)),(19,(40,(14,110)))))))),(((83,(74,148)),(146,(118,109))),(((8,(10,50)),((88,24),((92,38),(154,(132,75))))),((128,(31,((134,(157,82)),((49,72),((149,188),(119,(143,184))))))),(((((29,158),(96,71)),(69,((28,179),((100,87),((126,122),(59,(120,23))))))),(((181,(77,30)),(152,(70,(46,85)))),((150,(187,(37,61))),((89,182),(161,(135,7)))))),(((48,145),((127,(169,(176,(171,199)))),((32,(18,191)),(180,((142,(105,(117,175))),(((17,93),((108,54),(52,162))),((20,94),((192,160),(138,(197,(200,141))))))))))),(0,((((63,34),(36,113)),((172,178),((39,65),(68,(166,(86,60)))))),((((57,(25,139)),(58,(114,167))),(2,(((190,21),(1,33)),(5,((80,163),(55,(189,(101,84)))))))),(((73,112),(140,(4,56))),((147,11),(91,(((133,97),((129,144),(27,177))),(((194,116),(35,(115,155))),(64,(125,((90,170),(174,(164,103))))))))))))))))))))))));
Final quartet score is: 1720881040
Final normalized quartet score is: 0.5214921403338114
Extended species tree:
(49,(72,(((149,188)1:0.3613591958267572,(119,(143,184)1:0.6376736870849161)1:0.3636232256871637)0.91:0.19761375283909033,((134,(157,82)0.99:0.32398369912799574)1:0.5000061922161759,(31,(128,((((((29,158)1:1.2461040892879371,(96,71)1:0.8522118751896327)0.99:0.29771969871621495,(69,((28,179)1:1.7963656496429523,((100,87)1:2.003221965307548,((126,122)1:0.45310047712538154,(59,(120,23)0.54:0.06109821879426638)0.87:0.17154549394784435)1:0.5886132647800734)0.55:0.06259596467823378)0.49:0.04317767146236311)0.49:0.04220864046247421)0.83:0.15251762393930005,(((181,(77,30)1:0.5281061816294605)0.51:0.05240303506964309,(152,(70,(46,85)1:0.5824533189267563)1:0.4909439593179176)0.71:0.11228348009034494)1:0.350026557437086,((150,(187,(37,61)1:0.3506241924085784)1:0.3549914239195799)0.85:0.159495822034511,((89,182)1:0.8234254241807215,(161,(135,7)0.76:0.12465821994403599)1:1.1717107511558524)0.88:0.1851672072114417)0.54:0.0575706509402433)1:0.5534453030002008)0.54:0.05544251916714747,(((48,145)1:2.0662043148978158,((127,(169,(176,(171,199)0.36:0.0)1:0.4579535027275906)0.71:0.10852232720284714)1:0.7152447589923473,((32,(18,191)1:0.4818380868927383)1:0.5929150702351021,(180,((142,(105,(117,175)0.97:0.26671119125161846)0.98:0.2872840228893556)1:0.3565809216772527,(((17,93)1:0.6163118386257929,((108,54)0.95:0.2289268893813777,(52,162)0.98:0.2857927465777899)0.98:0.27745301953745066)0.58:0.0796329978523067,((20,94)1:0.8126270222438725,((192,160)1:0.4843442772689752,(138,(197,(200,141)1:0.5303757576887799)0.95:0.22489934682289967)0.34:0.0)0.96:0.24474102024067843)0.84:0.15528397178978154)0.4:0.015870817819088865)0.57:0.0669269407547113)0.6:0.07854955157594655)1:0.5051264007285657)0.7:0.11451618279060784)1:0.42612101060377366,(0,((((63,34)1:1.6722858160937635,(36,113)1:1.1957455685455205)0.84:0.16074234631136503,((172,178)1:1.1520574338346112,((39,65)1:0.6977580961708442,(68,(166,(86,60)0.98:0.2692357095357804)0.78:0.14093835817770306)1:0.4120478126181908)1:0.617557200926164)0.73:0.12478108778647111)0.92:0.20110605052643718,((((57,(25,139)1:0.5816557647172594)1:0.9855664487879678,(58,(114,167)1:0.8189839510234257)0.77:0.13578920063463046)1:0.3576048311133591,(2,(((190,21)1:1.0439951722568337,(1,33)1:0.7824141465213748)1:0.3559328171588974,(5,((80,163)0.95:0.24040134253120338,(55,(189,(101,84)0.54:0.0925362529215997)1:0.36903614687339786)1:0.3975403328262557)0.64:0.08595069047454809)1:0.5902083254065588)0.5:0.05088736643009366)0.87:0.17143454116069276)1:0.5484760289306818,(((73,112)1:0.7683330874952006,(140,(4,56)0.51:0.04932506656250156)1:0.8053000867779355)0.98:0.2792203527229189,((147,11)1:1.3568056966991926,(91,(((133,97)1:0.4505855433886339,((129,144)1:0.5543853876411154,(27,177)0.96:0.250174013238124)0.56:0.0874228149711589)1:0.41478242756651335,(((194,116)0.42:0.03476088507224955,(35,(115,155)0.69:0.10598789932350394)0.61:0.10458550593141355)1:1.2706098375763766,(64,(125,((90,170)0.94:0.2180047169456966,(174,(164,103)0.82:0.1592388651430599)0.97:0.25952092164505075)0.98:0.26645759805849073)0.6:0.07486862896852665)1:0.5579650088828041)0.4:0.017106032187042843)0.87:0.17306961649645813)0.48:0.041168141931436)0.43:0.02882364573302265)0.8:0.1440790607399411)0.55:0.0582399692039333)0.35:0.0)0.34:0.0)0.44:0.03593093875580572)0.56:0.06371078276093728,(((8,(10,50)1:0.40057512281397284)1:0.40600421243790674,((88,24)1:1.4817986167599564,((92,38)1:0.7749337715265527,(154,(132,75)0.63:0.0920475341695084)1:0.5912289573482574)1:0.5401016767523421)0.9:0.18668585554233202)0.99:0.3343748131803397,(((83,(74,148)1:1.1498117700249617)0.58:0.07061020970138115,(146,(118,109)0.62:0.08071138038317215)0.99:0.3217049886111619)1:0.5198739296550471,((((62,(193,15)0.57:0.06616392536864112)1:0.4631643255954939,((43,99)1:0.3929867268689145,(26,(106,(78,137)0.99:0.307888821798318)0.99:0.3122676936523692)0.99:0.31266046410001297)0.95:0.23296200705507158)0.96:0.24187882126808827,(((53,153)0.58:0.10880028574352585,(44,159)1:0.5224133549432789)0.68:0.10041954871191984,((183,42)1:2.1430929834111243,((156,(22,196)1:1.7270538497527235)0.49:0.05117109230588968,(((185,13)1:0.4222519827924324,(111,173)1:1.0174217915108659)0.83:0.15053630874348373,(19,(40,(14,110)0.75:0.12196959456371756)1:0.7297913412876283)0.61:0.08232590923582767)0.75:0.13392952582745501)0.55:0.059243843481872005)0.67:0.09619372218687826)0.95:0.23236997830058817)0.43:0.024675592038053928,(66,((16,((67,(6,41)0.41:0.015267472130788646)1:0.6416002114958936,(((81,((136,9)1:1.2131719492899535,(95,121)1:0.6257480936518229)0.48:0.08132529253905259)0.42:0.025373087362331948,((130,45)1:0.8089438949411171,(198,(12,47)0.98:0.2672932069824722)1:0.7662052838508303)1:0.3781019264350064)0.44:0.02680980186583813,(186,((76,(124,(51,79)0.99:0.30748469974796055)0.59:0.11934255205555054)1:1.223474724959196,(98,(123,((195,107)0.95:0.233172666783409,(131,(168,104)0.84:0.159587297202334)0.96:0.23973069057221866)0.48:0.04412159175299236)1:0.6641007352598247)0.66:0.10146946016485965)0.92:0.20028234390465144)0.58:0.08079720707646008)0.38:0.007142574717603336)0.6:0.07499140079201255)0.35:0.0,(3,((165,151)0.99:0.34222254668459334,102)1:0.5837934540054164)1:1.1638019704032985)0.48:0.04323915691721841)0.58:0.06868907013871592)0.39:0.009055971463429218)0.54:0.05660659755636996)0.65:0.09447873162871039)0.47:0.042640120957634635)0.47:0.03446515423808359)0.88:0.17523482967718995)0.78:0.14004352395167638)0.96:0.23711271095208544));
Weight calculation took 18.321912126 secs
ASTRAL finished in 41.722 secs
