
================== ASTRAL ===================== 

This is ASTRAL version 5.7.8
Gene trees are treated as unrooted
956 trees read from Dataset/AstralII_data/model.200.500000.0.000001/09/estimatedgenetre.halfresolved
index0
All output trees will be *arbitrarily* rooted at 44

======== Running the main analysis
Number of taxa: 201 (201 species)
Taxa: [44, 179, 169, 134, 115, 4, 122, 190, 145, 61, 135, 71, 150, 93, 55, 153, 0, 45, 160, 5, 113, 112, 86, 48, 21, 183, 170, 154, 73, 75, 79, 82, 42, 155, 129, 51, 62, 117, 91, 50, 10, 110, 182, 70, 7, 138, 31, 109, 101, 198, 178, 189, 54, 11, 173, 96, 163, 94, 69, 147, 159, 77, 188, 81, 185, 39, 118, 13, 1, 43, 85, 28, 17, 184, 102, 130, 32, 16, 107, 114, 162, 2, 30, 186, 49, 123, 197, 132, 46, 58, 176, 166, 100, 88, 53, 23, 65, 67, 68, 8, 106, 20, 19, 98, 3, 103, 9, 146, 148, 59, 175, 56, 92, 47, 24, 63, 90, 141, 33, 144, 194, 158, 152, 156, 167, 126, 177, 168, 38, 116, 111, 34, 84, 187, 165, 72, 66, 157, 12, 149, 120, 78, 40, 57, 27, 192, 105, 35, 64, 181, 83, 89, 136, 161, 131, 171, 108, 15, 14, 191, 97, 196, 121, 133, 137, 193, 29, 26, 199, 37, 99, 127, 41, 164, 180, 151, 200, 119, 139, 128, 87, 140, 195, 95, 25, 104, 74, 18, 52, 142, 36, 143, 6, 172, 174, 22, 80, 76, 124, 125, 60]
Taxon occupancy: {110=956, 111=956, 112=956, 113=956, 114=956, 115=956, 116=956, 117=956, 118=956, 119=956, 10=956, 11=956, 12=956, 13=956, 14=956, 15=956, 16=956, 17=956, 18=956, 19=956, 120=956, 0=956, 121=956, 122=956, 1=956, 2=956, 123=956, 3=956, 124=956, 4=956, 125=956, 5=956, 126=956, 127=956, 6=956, 7=956, 128=956, 129=956, 8=956, 9=956, 20=956, 21=956, 22=956, 23=956, 24=956, 25=956, 26=956, 27=956, 28=956, 29=956, 130=956, 131=956, 132=956, 133=956, 134=956, 135=956, 136=956, 137=956, 138=956, 139=956, 30=956, 31=956, 32=956, 33=956, 34=956, 35=956, 36=956, 37=956, 38=956, 39=956, 140=956, 141=956, 142=956, 143=956, 144=956, 145=956, 146=956, 147=956, 148=956, 149=956, 40=956, 41=956, 42=956, 43=956, 44=956, 45=956, 46=956, 47=956, 48=956, 49=956, 150=956, 151=956, 152=956, 153=956, 154=956, 155=956, 156=956, 157=956, 158=956, 159=956, 50=956, 51=956, 52=956, 53=956, 54=956, 55=956, 56=956, 57=956, 58=956, 59=956, 160=956, 161=956, 162=956, 163=956, 164=956, 165=956, 166=956, 167=956, 168=956, 169=956, 60=956, 61=956, 62=956, 63=956, 64=956, 65=956, 66=956, 67=956, 68=956, 69=956, 170=956, 171=956, 172=956, 173=956, 174=956, 175=956, 176=956, 177=956, 178=956, 179=956, 70=956, 71=956, 72=956, 73=956, 74=956, 75=956, 76=956, 77=956, 78=956, 79=956, 180=956, 181=956, 182=956, 183=956, 184=956, 185=956, 186=956, 187=956, 188=956, 189=956, 80=956, 81=956, 82=956, 83=956, 84=956, 85=956, 86=956, 87=956, 88=956, 89=956, 190=956, 191=956, 192=956, 193=956, 194=956, 195=956, 196=956, 197=956, 198=956, 199=956, 90=956, 91=956, 92=956, 93=956, 94=956, 95=956, 96=956, 97=956, 98=956, 99=956, 200=956, 100=956, 101=956, 102=956, 103=956, 104=956, 105=956, 106=956, 107=956, 108=956, 109=956}
Number of gene trees: 956
0 trees have missing taxa
Calculating quartet distance matrix (for completion of X)
Species tree distances calculated ...
Building set of clusters (X) from gene trees 
------------------------------
gradient0: 155657
Number of Clusters after addition by distance: 155657
calculating extra bipartitions to be added at level 1 ...
Adding to X using resolutions of greedy consensus ...
Limit for sigma of degrees:5075
polytomy size limit : 59
discarded polytomies: 80 122  [3, 3, 3, 3, 3, 3, 3, 3, 3, 3, 3, 4, 4, 4, 4, 5, 5, 5, 7, 12, 25, 31, 42, 59, 80, 122]
Threshold 0.0:
polytomy of size 4; rounds with additions with at least 5 support: 0; clusters: 155673
polytomy of size 12; rounds with additions with at least 5 support: 7; clusters: 156461
Threshold 0.01:
polytomy of size 3; rounds with additions with at least 5 support: 0; clusters: 156461
polytomy of size 25; rounds with additions with at least 5 support: 5; clusters: 162129
Threshold 0.02:
polytomy of size 31; rounds with additions with at least 5 support: 8; clusters: 170751
Threshold 0.05:
polytomy of size 3; rounds with additions with at least 5 support: 0; clusters: 170751
polytomy of size 3; rounds with additions with at least 5 support: 0; clusters: 170751
polytomy of size 42; rounds with additions with at least 5 support: 1; clusters: 170839
polytomy of size 4; rounds with additions with at least 5 support: 0; clusters: 170839
Threshold 0.1:
polytomy of size 5; rounds with additions with at least 5 support: 0; clusters: 170839
polytomy of size 3; rounds with additions with at least 5 support: 0; clusters: 170839
polytomy of size 59; rounds with additions with at least 5 support: 1; clusters: 170893
Threshold 0.2:
polytomy of size 4; rounds with additions with at least 5 support: 0; clusters: 170893
polytomy of size 3; rounds with additions with at least 5 support: 0; clusters: 170893
polytomy of size 4; rounds with additions with at least 5 support: 0; clusters: 170893
polytomy of size 5; rounds with additions with at least 5 support: 0; clusters: 170893
polytomy of size 7; rounds with additions with at least 5 support: 0; clusters: 170893
polytomy of size 3; rounds with additions with at least 5 support: 0; clusters: 170893
polytomy of size 80; rounds with additions with at least 5 support: 0; clusters: 170905
Threshold 0.3333333333333333:
polytomy of size 3; rounds with additions with at least 5 support: 0; clusters: 170905
polytomy of size 3; rounds with additions with at least 5 support: 0; clusters: 170905
polytomy of size 3; rounds with additions with at least 5 support: 0; clusters: 170905
polytomy of size 5; rounds with additions with at least 5 support: 0; clusters: 170905
polytomy of size 3; rounds with additions with at least 5 support: 0; clusters: 170905
polytomy of size 3; rounds with additions with at least 5 support: 0; clusters: 170905
polytomy of size 122; rounds with additions with at least 5 support: 0; clusters: 170957
max k is :16
Number of Clusters after addition by greedy: 170957
gradient0 in heuristiic: 170957
partitions formed in 205.792 secs
Dynamic Programming starting after 205.792 secs
Using tree-based weight calculation.
Using polytree-based weight calculation.
Polytree max score: 62984269911
Polytree building time: 2.981 seconds.
Number of quartet trees in the gene trees: 62984269911
Size of largest cluster: 201
Greedy score: 27419729200
estimationFactor: 2.2970420113047654
Sub-optimal score: 27439063622
Calculated 100000 weights; time (seconds): 616
Calculated 200000 weights; time (seconds): 405
Calculated 300000 weights; time (seconds): 421
Calculated 400000 weights; time (seconds): 438
Total Number of elements weighted: 494860
Normalized score (portion of input quartet trees satisfied before correcting for multiple individuals): 0.46487571424379354
Optimization score: 29279857461
Optimal tree inferred in 2290.829 secs.
(165,(72,(66,((157,12),((((84,187),(32,(7,120))),(((21,183),(75,(79,(73,(170,154))))),((155,(40,57)),((112,86),((113,14),(129,51)))))),(48,((160,(45,5)),((78,((118,(39,(13,1))),((149,192),(105,35)))),((((16,132),(197,(46,58))),(156,(38,((194,158),(152,(33,144)))))),(((167,((177,168),(182,70))),(((185,53),(23,(((100,(176,166)),(88,(19,98))),((20,(8,106)),(103,(3,(9,146))))))),(((56,(59,175)),(28,(24,(63,90)))),(17,((184,(47,(43,85))),((68,(65,67)),((102,148),(141,(130,92))))))))),((82,42),(((107,114),((50,10),((54,(178,189)),((173,((11,2),(162,(60,(30,(124,125)))))),((186,(49,123)),((198,(62,(117,91))),(138,(31,(109,101))))))))),((0,(((26,(199,37)),(64,((193,29),(171,(108,15))))),(((142,(196,36)),((143,(126,131)),((191,97),(6,172)))),(99,(((127,41),(180,(83,164))),((110,161),(136,(181,89)))))))),(((96,27),((34,(111,(174,22))),((69,147),(159,((81,76),((94,188),(77,(163,80)))))))),((((4,(134,115)),((44,153),(179,(169,55)))),((71,(61,(135,150))),(122,((145,93),(190,151))))),((18,(74,52)),((121,(133,137)),(((200,95),(104,(195,25))),(116,(119,((128,140),(139,87))))))))))))))))))))));
Final quartet score is: 29279857461
Final normalized quartet score is: 0.46487571424379354
Extended species tree:
(44,(153,((179,(169,55)1:0.13126568328519111)1:0.38365486452521463,((4,(134,115)1:0.5370653665890723)1:0.12112960378494472,(((71,(61,(135,150)1:0.14199157391624642)1:0.28772753957972413)1:0.2187187110482632,(122,((145,93)1:0.7001414538394292,(190,151)1:0.3823564529976478)0.71:0.027826709498673777)0.96:0.05156661309460698)1:0.2406626819327039,(((18,(74,52)1:0.33045492726175385)1:1.3644999099811905,((121,(133,137)1:0.470576640435132)1:0.5390145957522507,(((200,95)1:0.1290634300654032,(104,(195,25)1:0.08906158307362814)1:0.8985355807885568)1:0.16807408469566945,(116,(119,((128,140)0.46:0.012649353143588464,(139,87)1:0.2930939057023118)1:0.3260232701042284)0.94:0.047928539580843685)1:0.6853014339337964)1:0.36976229418240336)1:0.17338826304632224)1:0.10876200716887828,(((96,27)1:1.3036413305927068,((34,(111,(174,22)1:0.26904326936404277)0.52:0.015679633996875678)1:0.657751720579373,((69,147)0.85:0.03803344873962076,(159,((81,76)1:0.3577500896552709,((94,188)1:0.5335000604414861,(77,(163,80)1:0.2518898105882137)1:0.10326838252628778)1:0.1105732416560159)0.98:0.06075080268432567)1:0.1692013053346563)1:0.6351386277618184)0.91:0.042952561413501476)1:0.2705513297617059,((0,(((26,(199,37)1:1.1508638951567947)1:0.4717651174207712,(64,((193,29)1:0.25357564391819365,(171,(108,15)1:0.17407973709201205)1:0.38939453002166163)1:1.0424846182473864)0.99:0.07015286795798516)1:0.28775308576382597,(((142,(196,36)1:0.3396149568091921)1:0.6937301849991085,((143,(126,131)1:0.4082958220323271)1:0.3389937209619632,((191,97)1:0.9108211104928005,(6,172)1:0.3979153350399093)1:0.44512269405193966)1:0.3205382137190437)1:0.10151404602016074,(99,(((127,41)0.5:0.012024693923170007,(180,(83,164)1:0.4629586418852172)0.78:0.03204466860340115)1:0.5902241336301228,((110,161)1:0.08517909880267546,(136,(181,89)1:0.18478953813259982)1:0.8322071784400032)0.99:0.06507766568311278)1:0.2229968671713284)1:0.1391721105330767)0.51:0.012885503334503185)0.94:0.047451431461766315)0.11:0.0,(((107,114)1:0.5437762324759589,((50,10)1:1.6077216402536874,((54,(178,189)0.85:0.03802067196843002)1:1.6315606578187443,((173,((11,2)1:0.5327716759618115,(162,(60,(30,(124,125)1:0.22495492213652377)1:0.20361860706483825)0.74:0.02850989603191997)1:0.6386423768638665)1:0.46749379666999924)0.97:0.05629200223142389,((186,(49,123)1:0.5720928807897704)1:0.9712805541440848,((198,(62,(117,91)1:0.41483399841899454)1:0.1481479604214869)1:0.45126793511100244,(138,(31,(109,101)1:0.23232804388674477)1:0.49458006061672394)1:0.22145173964682607)1:0.204507472710873)0.47:0.0106564428749056)0.77:0.02970586576708292)1:0.25238286188307246)0.43:0.008244194948879508)0.98:0.059361236353723965,((82,42)1:1.4331738565379093,(((167,((177,168)1:0.6521391449530234,(182,70)1:1.2877354642513432)1:0.5271942216607681)1:0.14258098621865165,(((185,53)1:0.5614002708661295,(23,(((100,(176,166)1:0.28486083160433057)1:0.6603334493140368,(88,(19,98)1:0.6394631990370843)1:0.4279128783667059)1:0.23110449308278297,((20,(8,106)0.57:0.018304405284840106)1:1.2365496018336122,(103,(3,(9,146)1:0.9505020190445226)0.95:0.048789098114538486)1:0.07734480088992235)1:0.10982958694823927)1:0.3973479639848521)1:0.12329093023584331)0.77:0.029999703324990298,(((56,(59,175)1:1.0289947482539257)1:0.09391843652253078,(28,(24,(63,90)1:0.5037744171210584)1:0.5794784876508402)0.99:0.0661842263460779)0.58:0.017311178246894786,(17,((184,(47,(43,85)1:0.6539180531018944)1:0.10115420319527824)1:0.24087236542890497,((68,(65,67)1:0.14806700175658677)1:0.8027017843690167,((102,148)1:0.2196816747179418,(141,(130,92)0.89:0.05203535756772277)1:0.49346213543445994)1:0.4818923411605102)0.83:0.034582153654429744)1:0.1377808493058293)1:0.10091289225649021)1:0.21954820466716776)1:0.15767004346410915)0.47:0.009965591134466961,((((16,132)0.99:0.0654269623203927,(197,(46,58)0.99:0.06435998083162317)1:0.6848935220004754)1:0.40941938456554827,(156,(38,((194,158)0.61:0.020007493574390245,(152,(33,144)0.68:0.024189839325872212)0.98:0.061439942061869535)1:1.1701770339282251)1:0.15833592554259826)1:0.29229223067047555)1:0.25202427197006033,((78,((118,(39,(13,1)1:0.4859119467698725)1:0.5898344389653373)1:0.2306324649406466,((149,192)1:0.1869258816285187,(105,35)1:1.1256548202696879)1:0.185926911168834)1:0.09611960787449597)1:0.4720257255987993,((160,(45,5)1:0.35875686669324547)1:0.7702125946429847,(48,((((84,187)1:1.1478570846053489,(32,(7,120)1:0.4816871375721772)1:0.30242719628525644)1:0.13247292278816375,(((21,183)1:0.3086272542099009,(75,(79,(73,(170,154)1:0.49190871023584143)1:0.2902078011412796)1:0.16098224762631883)1:0.1378245655165961)1:0.3656107807379116,((155,(40,57)1:1.6130445103463524)1:0.1376691643034003,((112,86)1:1.1789098548675243,((113,14)0.76:0.02919965835177071,(129,51)1:0.3602953888001171)1:0.6745620603781505)1:0.21196817541981572)0.43:0.00801927439400214)1:0.14324878505281902)0.37:0.002404840960279362,((157,12)1:0.26333936274450076,(66,(72,165)0.5:0.02185466917206735)1:1.2009726193334678)1:0.5534516900104072)0.98:0.05894536217372634)0.93:0.047964308767832996)0.63:0.020977007266557664)1:0.12394784503075969)0.43:0.006819888665823385)0.38:0.0032419297211504477)0.58:0.017057607567714583)0.4:0.00501948981663916)0.99:0.06512746453382447)0.51:0.012650302028476414)1:0.48295353646489075)1:0.3255273113947836)1:0.25025524175074737)1:0.7622026897513956));
Weight calculation took 1959.000893687 secs
ASTRAL finished in 2301.787 secs
