
================== ASTRAL ===================== 

This is ASTRAL version 5.7.8
Gene trees are treated as unrooted
200 trees read from Dataset/AstralII_data/model.200.500000.0.000001/09/estimatedgenetre.halfresolved_200
index0
All output trees will be *arbitrarily* rooted at 44

======== Running the main analysis
Number of taxa: 201 (201 species)
Taxa: [44, 179, 169, 134, 115, 4, 122, 190, 145, 61, 135, 71, 150, 93, 55, 153, 0, 45, 160, 5, 113, 112, 86, 48, 21, 183, 170, 154, 73, 75, 79, 82, 42, 155, 129, 51, 62, 117, 91, 50, 10, 110, 182, 70, 7, 138, 31, 109, 101, 198, 178, 189, 54, 11, 173, 96, 163, 94, 69, 147, 159, 77, 188, 81, 185, 39, 118, 13, 1, 43, 85, 28, 17, 184, 102, 130, 32, 16, 107, 114, 162, 2, 30, 186, 49, 123, 197, 132, 46, 58, 176, 166, 100, 88, 53, 23, 65, 67, 68, 8, 106, 20, 19, 98, 3, 103, 9, 146, 148, 59, 175, 56, 92, 47, 24, 63, 90, 141, 33, 144, 194, 158, 152, 156, 167, 126, 177, 168, 38, 116, 111, 34, 84, 187, 165, 72, 66, 157, 12, 149, 120, 78, 40, 57, 27, 192, 105, 35, 64, 181, 83, 89, 136, 161, 131, 171, 108, 15, 14, 191, 97, 196, 121, 133, 137, 193, 29, 26, 199, 37, 99, 127, 41, 164, 180, 151, 200, 119, 139, 128, 87, 140, 195, 95, 25, 104, 74, 18, 52, 142, 36, 143, 6, 172, 174, 22, 80, 76, 124, 125, 60]
Taxon occupancy: {110=200, 111=200, 112=200, 113=200, 114=200, 115=200, 116=200, 117=200, 118=200, 119=200, 10=200, 11=200, 12=200, 13=200, 14=200, 15=200, 16=200, 17=200, 18=200, 19=200, 120=200, 0=200, 121=200, 122=200, 1=200, 2=200, 123=200, 3=200, 124=200, 4=200, 125=200, 5=200, 126=200, 127=200, 6=200, 7=200, 128=200, 129=200, 8=200, 9=200, 20=200, 21=200, 22=200, 23=200, 24=200, 25=200, 26=200, 27=200, 28=200, 29=200, 130=200, 131=200, 132=200, 133=200, 134=200, 135=200, 136=200, 137=200, 138=200, 139=200, 30=200, 31=200, 32=200, 33=200, 34=200, 35=200, 36=200, 37=200, 38=200, 39=200, 140=200, 141=200, 142=200, 143=200, 144=200, 145=200, 146=200, 147=200, 148=200, 149=200, 40=200, 41=200, 42=200, 43=200, 44=200, 45=200, 46=200, 47=200, 48=200, 49=200, 150=200, 151=200, 152=200, 153=200, 154=200, 155=200, 156=200, 157=200, 158=200, 159=200, 50=200, 51=200, 52=200, 53=200, 54=200, 55=200, 56=200, 57=200, 58=200, 59=200, 160=200, 161=200, 162=200, 163=200, 164=200, 165=200, 166=200, 167=200, 168=200, 169=200, 60=200, 61=200, 62=200, 63=200, 64=200, 65=200, 66=200, 67=200, 68=200, 69=200, 170=200, 171=200, 172=200, 173=200, 174=200, 175=200, 176=200, 177=200, 178=200, 179=200, 70=200, 71=200, 72=200, 73=200, 74=200, 75=200, 76=200, 77=200, 78=200, 79=200, 180=200, 181=200, 182=200, 183=200, 184=200, 185=200, 186=200, 187=200, 188=200, 189=200, 80=200, 81=200, 82=200, 83=200, 84=200, 85=200, 86=200, 87=200, 88=200, 89=200, 190=200, 191=200, 192=200, 193=200, 194=200, 195=200, 196=200, 197=200, 198=200, 199=200, 90=200, 91=200, 92=200, 93=200, 94=200, 95=200, 96=200, 97=200, 98=200, 99=200, 200=200, 100=200, 101=200, 102=200, 103=200, 104=200, 105=200, 106=200, 107=200, 108=200, 109=200}
Number of gene trees: 200
0 trees have missing taxa
Calculating quartet distance matrix (for completion of X)
Species tree distances calculated ...
Building set of clusters (X) from gene trees 
------------------------------
gradient0: 39833
Number of Clusters after addition by distance: 39833
calculating extra bipartitions to be added at level 1 ...
Adding to X using resolutions of greedy consensus ...
Limit for sigma of degrees:5075
polytomy size limit : 61
discarded polytomies: 81 118  [3, 3, 3, 3, 3, 3, 3, 3, 3, 4, 4, 4, 5, 5, 5, 7, 17, 26, 32, 42, 61, 81, 118]
Threshold 0.0:
polytomy of size 3; rounds with additions with at least 5 support: 0; clusters: 39839
polytomy of size 5; rounds with additions with at least 5 support: 3; clusters: 39883
polytomy of size 17; rounds with additions with at least 5 support: 5; clusters: 43485
Threshold 0.01:
polytomy of size 3; rounds with additions with at least 5 support: 0; clusters: 43485
polytomy of size 26; rounds with additions with at least 5 support: 7; clusters: 52511
Threshold 0.02:
polytomy of size 32; rounds with additions with at least 5 support: 3; clusters: 66917
Threshold 0.05:
polytomy of size 3; rounds with additions with at least 5 support: 0; clusters: 66917
polytomy of size 3; rounds with additions with at least 5 support: 0; clusters: 66917
polytomy of size 42; rounds with additions with at least 5 support: 5; clusters: 67273
Threshold 0.1:
polytomy of size 5; rounds with additions with at least 5 support: 0; clusters: 67273
polytomy of size 61; rounds with additions with at least 5 support: 0; clusters: 67373
Threshold 0.2:
polytomy of size 3; rounds with additions with at least 5 support: 0; clusters: 67373
polytomy of size 3; rounds with additions with at least 5 support: 0; clusters: 67373
polytomy of size 7; rounds with additions with at least 5 support: 0; clusters: 67375
polytomy of size 4; rounds with additions with at least 5 support: 0; clusters: 67375
polytomy of size 4; rounds with additions with at least 5 support: 0; clusters: 67375
polytomy of size 4; rounds with additions with at least 5 support: 0; clusters: 67375
polytomy of size 81; rounds with additions with at least 5 support: 0; clusters: 67553
Threshold 0.3333333333333333:
polytomy of size 5; rounds with additions with at least 5 support: 0; clusters: 67553
polytomy of size 3; rounds with additions with at least 5 support: 0; clusters: 67553
polytomy of size 3; rounds with additions with at least 5 support: 0; clusters: 67553
polytomy of size 3; rounds with additions with at least 5 support: 0; clusters: 67553
polytomy of size 118; rounds with additions with at least 5 support: 0; clusters: 67649
max k is :14
Number of Clusters after addition by greedy: 67649
gradient0 in heuristiic: 67649
partitions formed in 40.885 secs
Dynamic Programming starting after 40.885 secs
Using tree-based weight calculation.
Using polytree-based weight calculation.
Polytree max score: 13169381937
Polytree building time: 0.302 seconds.
Number of quartet trees in the gene trees: 13169381937
Size of largest cluster: 201
Greedy score: 5085593147
estimationFactor: 2.5895468938109296
Sub-optimal score: 5626038053
Calculated 100000 weights; time (seconds): 140
Total Number of elements weighted: 176712
Normalized score (portion of input quartet trees satisfied before correcting for multiple individuals): 0.46336575415551334
Optimization score: 6102240593
Optimal tree inferred in 226.718 secs.
(165,(66,(72,((157,12),(((84,187),(32,(7,120))),((((112,86),((113,14),(129,51))),((155,(40,57)),((21,183),(75,(79,(73,(170,154))))))),(48,((160,(45,5)),((78,((118,(39,(13,1))),((149,192),(105,35)))),(((167,((177,168),(182,70))),(((185,53),(23,(((100,(176,166)),(88,(19,98))),((20,(8,106)),(3,(103,(9,146))))))),((28,(24,(63,90))),((56,(59,175)),(17,((184,(47,(43,85))),((68,(65,67)),((102,148),(141,(130,92)))))))))),((((16,132),(197,(46,58))),(156,(38,((194,158),(152,(33,144)))))),((0,((82,42),((50,10),((107,114),((54,(178,189)),((186,(49,123)),(((198,(62,(117,91))),(138,(31,(109,101)))),(173,((11,2),(162,(60,(30,(124,125))))))))))))),((((26,(199,37)),(64,((193,29),(171,(108,15))))),(((142,(196,36)),((143,(126,131)),((191,97),(6,172)))),(99,(((127,41),(180,(83,164))),((110,161),(136,(181,89))))))),(((96,27),((34,(111,(174,22))),(147,(69,(159,((81,76),((94,188),(77,(163,80))))))))),(((4,((134,115),((44,153),(179,(169,55))))),((71,(61,(135,150))),(122,((145,93),(190,151))))),((18,(74,52)),((121,(133,137)),(((200,95),(104,(195,25))),(116,(119,(140,(128,(139,87)))))))))))))))))))))));
Final quartet score is: 6102240593
Final normalized quartet score is: 0.46336575415551334
Extended species tree:
(44,(153,((179,(169,55)0.95:0.11251062127172516)1:0.4278008065266055,((134,115)1:0.6045194793771366,(4,(((71,(61,(135,150)1:0.31308108424326436)1:0.37320016260638395)1:0.18139152601439698,(122,((145,93)1:0.6415630193873307,(190,151)1:0.46231670801335306)0.6:0.03988005057632894)0.63:0.04610161329599789)1:0.24259341666960155,(((18,(74,52)1:0.2827459379263502)1:1.2020884051601874,((121,(133,137)1:0.4642294147522656)1:0.556284589693449,(((200,95)0.92:0.09938347407246846,(104,(195,25)0.97:0.12341756837120577)1:0.8502699628219443)1:0.1994722620296781,(116,(119,(140,(128,(139,87)1:0.19705277097479387)0.35:1.592361762477916E-4)1:0.31827836887378974)0.97:0.1267061377922937)1:0.5985536875963147)1:0.3987372195164605)0.96:0.11512723003110113)0.93:0.10452367104373893,(((96,27)1:1.2037408440674195,((34,(111,(174,22)1:0.32446132395507726)0.72:0.06048545969866892)1:0.6131407652689195,(147,(69,(159,((81,76)1:0.2716145749897173,((94,188)1:0.4068605035304356,(77,(163,80)1:0.24000526293457528)0.97:0.1283856639104983)0.95:0.11018740577939426)0.62:0.044693870784515165)1:0.20397445306268927)0.36:0.00278226429649352)1:0.6402732661280547)0.85:0.08159691308596234)1:0.25935555119521286,((((26,(199,37)1:1.2051118286849862)1:0.39373040614887717,(64,((193,29)1:0.21088001475752996,(171,(108,15)1:0.19861943029714335)1:0.35109647141009254)1:0.9099742507798971)0.97:0.1254578390934603)1:0.2829719121249699,(((142,(196,36)1:0.4050937247639006)1:0.7052617268658203,((143,(126,131)1:0.44285641405663145)1:0.3001606334105859,((191,97)1:0.8215321758359856,(6,172)1:0.41448563363512714)1:0.4604355519040748)1:0.2748592187986291)0.8:0.07074479805470867,(99,(((127,41)0.57:0.035700344400199986,(180,(83,164)1:0.3880993794769689)0.71:0.05903779543715763)1:0.5821456215343235,((110,161)0.68:0.0571036053954484,(136,(181,89)1:0.25691349305308514)1:0.7861826196807894)0.96:0.1172600900117021)1:0.18887307362822603)0.85:0.07923615239500614)0.44:0.016053762692036403)0.44:0.015406292246080231,((0,((82,42)1:1.2957314280875603,((50,10)1:1.6773106411353198,((107,114)1:0.6174874800453516,((54,(178,189)0.92:0.10114146490927199)1:1.4225197912775063,((186,(49,123)1:0.5679404076213003)1:0.8994022460497553,(((198,(62,(117,91)1:0.5207086159635052)0.98:0.13341553203364898)1:0.47614457820409584,(138,(31,(109,101)0.99:0.1528295712947454)1:0.49692730677752295)0.96:0.1188988833605103)1:0.20918529496500485,(173,((11,2)1:0.3820003603140631,(162,(60,(30,(124,125)1:0.31026264629823463)1:0.22283252141395327)0.81:0.07334333978926297)1:0.5754282810897092)1:0.5728529842017271)0.49:0.023993595569281705)0.51:0.028734540607028274)0.4:0.009253128160261402)1:0.25408013480560704)0.39:0.008830551674883898)0.53:0.034199395720025505)0.45:0.01836810305109083)0.25:0.0,((((16,132)0.47:0.019991518527753112,(197,(46,58)0.53:0.045937257652986035)1:0.8472148041740718)1:0.3411777851059248,(156,(38,((194,158)0.51:0.026333798958145735,(152,(33,144)0.83:0.07875715390497376)0.58:0.039961945089116845)1:1.233477767385105)0.95:0.11459886403139273)1:0.26610052806895074)1:0.22325644850343265,(((167,((177,168)1:0.6285131164996437,(182,70)1:1.1748511175813494)1:0.4806045550205729)0.99:0.1433380018237101,(((185,53)1:0.525196555360063,(23,(((100,(176,166)1:0.29632596434044595)1:0.6700849412798329,(88,(19,98)1:0.614715834320497)1:0.4184760799476778)1:0.21532469046773053,((20,(8,106)0.73:0.0657236386964661)1:1.1591441848133754,(3,(103,(9,146)1:1.0111170843100274)0.36:0.0018231661430992184)0.99:0.14422060716271887)0.95:0.11183047799858693)1:0.3334129216923005)0.99:0.16051901363756815)0.45:0.019806219955100502,((28,(24,(63,90)1:0.6247773652345936)1:0.6787108699818597)0.51:0.0364994037940183,((56,(59,175)1:1.1781647591677389)0.52:0.03202211932501465,(17,((184,(47,(43,85)1:0.6778981191681409)0.97:0.1250661791954106)1:0.2672439282619488,((68,(65,67)0.99:0.16149690202923694)1:0.7228613450598603,((102,148)1:0.286376761871311,(141,(130,92)0.92:0.0996710787633442)1:0.4656792526871453)1:0.39386510557695625)0.39:0.006822746029700032)0.99:0.1477797275963601)0.9:0.1001163852573708)0.62:0.0428227079389277)1:0.17004247265209138)1:0.17723555284516007)0.47:0.02157253096511268,((78,((118,(39,(13,1)1:0.4766875487650775)1:0.6785173952794079)1:0.25599415638320966,((149,192)1:0.19485805003124054,(105,35)1:1.320612347568296)1:0.1633569392908237)0.96:0.11482594490331847)1:0.4525633999362589,((160,(45,5)1:0.32154787868903395)1:0.7158892864465801,(48,((((112,86)1:1.1155242561951828,((113,14)0.73:0.06132454377679313,(129,51)1:0.28317710431454385)1:0.6557067012661538)1:0.25129782419491065,((155,(40,57)1:1.5935930631208142)0.91:0.1034241056875697,((21,183)1:0.19814062595172657,(75,(79,(73,(170,154)1:0.4547454198906306)1:0.37337866766403677)0.94:0.10674128896778368)0.94:0.10704919639430673)1:0.2997362186399453)0.45:0.018147491271815332)0.99:0.1407247546538495,(((84,187)1:1.066123224859498,(32,(7,120)1:0.3589144817011095)1:0.20479224376712618)1:0.16336228469001093,((157,12)1:0.26014980576966695,(72,(66,165)0.81:0.08801853938302993)1:1.0740479702292458)1:0.4954419278123652)0.37:0.0036938236904149415)0.76:0.06350012574535686)0.49:0.029522296549906395)0.67:0.05125924021557286)0.96:0.11852320481473619)0.39:0.009330229782342714)0.41:0.010962017638632339)0.41:0.010152876729648973)0.65:0.047341366478103865)0.44:0.0169308821405946)1:0.44055008813554164)1:0.3122055121641053)0.61:0.05805605576214385)1:0.21445273148352345)1:0.6986167968152239));
Weight calculation took 164.117141728 secs
ASTRAL finished in 230.263 secs
