
================== ASTRAL ===================== 

This is ASTRAL version 5.7.8
Gene trees are treated as unrooted
200 trees read from Dataset/AstralII_data/model.200.2000000.0.000001/16/estimatedgenetre.halfresolved_200
index0
All output trees will be *arbitrarily* rooted at 9

======== Running the main analysis
Number of taxa: 201 (201 species)
Taxa: [9, 44, 141, 175, 2, 65, 38, 40, 129, 128, 58, 125, 94, 67, 70, 45, 138, 127, 121, 182, 155, 131, 66, 19, 186, 99, 35, 100, 178, 90, 10, 197, 55, 133, 169, 75, 116, 49, 7, 72, 80, 153, 87, 30, 34, 53, 107, 43, 115, 25, 81, 188, 86, 126, 104, 176, 74, 97, 89, 0, 54, 145, 196, 149, 78, 198, 32, 92, 59, 106, 132, 161, 152, 163, 140, 13, 79, 174, 26, 183, 112, 20, 135, 124, 194, 77, 47, 139, 137, 96, 114, 8, 165, 11, 170, 98, 199, 15, 177, 52, 173, 142, 123, 167, 51, 83, 164, 150, 95, 76, 17, 16, 159, 29, 154, 143, 101, 22, 111, 62, 103, 146, 41, 136, 162, 119, 120, 88, 184, 5, 4, 46, 195, 33, 144, 192, 147, 171, 130, 93, 181, 190, 185, 42, 113, 23, 148, 69, 56, 1, 6, 37, 118, 189, 117, 39, 187, 84, 68, 28, 109, 71, 73, 108, 61, 151, 134, 168, 166, 157, 48, 156, 64, 24, 110, 105, 193, 179, 160, 63, 36, 180, 57, 82, 200, 31, 18, 102, 172, 60, 191, 122, 3, 14, 50, 85, 158, 27, 91, 21, 12]
Taxon occupancy: {110=200, 111=200, 112=200, 113=200, 114=200, 115=200, 116=200, 117=200, 118=200, 119=200, 10=200, 11=200, 12=200, 13=200, 14=200, 15=200, 16=200, 17=200, 18=200, 19=200, 120=200, 121=200, 0=200, 1=200, 122=200, 2=200, 123=200, 124=200, 3=200, 125=200, 4=200, 126=200, 5=200, 127=200, 6=200, 128=200, 7=200, 129=200, 8=200, 9=200, 20=200, 21=200, 22=200, 23=200, 24=200, 25=200, 26=200, 27=200, 28=200, 29=200, 130=200, 131=200, 132=200, 133=200, 134=200, 135=200, 136=200, 137=200, 138=200, 139=200, 30=200, 31=200, 32=200, 33=200, 34=200, 35=200, 36=200, 37=200, 38=200, 39=200, 140=200, 141=200, 142=200, 143=200, 144=200, 145=200, 146=200, 147=200, 148=200, 149=200, 40=200, 41=200, 42=200, 43=200, 44=200, 45=200, 46=200, 47=200, 48=200, 49=200, 150=200, 151=200, 152=200, 153=200, 154=200, 155=200, 156=200, 157=200, 158=200, 159=200, 50=200, 51=200, 52=200, 53=200, 54=200, 55=200, 56=200, 57=200, 58=200, 59=200, 160=200, 161=200, 162=200, 163=200, 164=200, 165=200, 166=200, 167=200, 168=200, 169=200, 60=200, 61=200, 62=200, 63=200, 64=200, 65=200, 66=200, 67=200, 68=200, 69=200, 170=200, 171=200, 172=200, 173=200, 174=200, 175=200, 176=200, 177=200, 178=200, 179=200, 70=200, 71=200, 72=200, 73=200, 74=200, 75=200, 76=200, 77=200, 78=200, 79=200, 180=200, 181=200, 182=200, 183=200, 184=200, 185=200, 186=200, 187=200, 188=200, 189=200, 80=200, 81=200, 82=200, 83=200, 84=200, 85=200, 86=200, 87=200, 88=200, 89=200, 190=200, 191=200, 192=200, 193=200, 194=200, 195=200, 196=200, 197=200, 198=200, 199=200, 90=200, 91=200, 92=200, 93=200, 94=200, 95=200, 96=200, 97=200, 98=200, 99=200, 200=200, 100=200, 101=200, 102=200, 103=200, 104=200, 105=200, 106=200, 107=200, 108=200, 109=200}
Number of gene trees: 200
0 trees have missing taxa
Calculating quartet distance matrix (for completion of X)
Species tree distances calculated ...
Building set of clusters (X) from gene trees 
------------------------------
gradient0: 10533
Number of Clusters after addition by distance: 10533
calculating extra bipartitions to be added at level 1 ...
Adding to X using resolutions of greedy consensus ...
Limit for sigma of degrees:5075
polytomy size limit : 18
discarded polytomies:  [3, 3, 3, 3, 3, 3, 3, 3, 3, 3, 3, 3, 4, 4, 4, 5, 5, 5, 6, 6, 7, 14, 18]
Threshold 0.0:
Threshold 0.01:
Threshold 0.02:
Threshold 0.05:
polytomy of size 4; rounds with additions with at least 5 support: 0; clusters: 10535
polytomy of size 4; rounds with additions with at least 5 support: 0; clusters: 10535
Threshold 0.1:
polytomy of size 3; rounds with additions with at least 5 support: 0; clusters: 10535
polytomy of size 3; rounds with additions with at least 5 support: 0; clusters: 10535
polytomy of size 7; rounds with additions with at least 5 support: 0; clusters: 10535
polytomy of size 6; rounds with additions with at least 5 support: 0; clusters: 10535
Threshold 0.2:
polytomy of size 3; rounds with additions with at least 5 support: 0; clusters: 10535
polytomy of size 3; rounds with additions with at least 5 support: 0; clusters: 10535
polytomy of size 4; rounds with additions with at least 5 support: 0; clusters: 10535
polytomy of size 3; rounds with additions with at least 5 support: 0; clusters: 10535
polytomy of size 5; rounds with additions with at least 5 support: 0; clusters: 10535
polytomy of size 14; rounds with additions with at least 5 support: 0; clusters: 10537
Threshold 0.3333333333333333:
polytomy of size 3; rounds with additions with at least 5 support: 0; clusters: 10537
polytomy of size 5; rounds with additions with at least 5 support: 0; clusters: 10537
polytomy of size 6; rounds with additions with at least 5 support: 0; clusters: 10537
polytomy of size 3; rounds with additions with at least 5 support: 0; clusters: 10537
polytomy of size 3; rounds with additions with at least 5 support: 0; clusters: 10537
polytomy of size 3; rounds with additions with at least 5 support: 0; clusters: 10537
polytomy of size 3; rounds with additions with at least 5 support: 0; clusters: 10537
polytomy of size 3; rounds with additions with at least 5 support: 0; clusters: 10537
polytomy of size 5; rounds with additions with at least 5 support: 0; clusters: 10537
polytomy of size 3; rounds with additions with at least 5 support: 0; clusters: 10537
polytomy of size 18; rounds with additions with at least 5 support: 0; clusters: 10537
max k is :0
Number of Clusters after addition by greedy: 10537
gradient0 in heuristiic: 10537
partitions formed in 6.192 secs
Dynamic Programming starting after 6.192 secs
Using tree-based weight calculation.
Using polytree-based weight calculation.
Polytree max score: 13199669802
Polytree building time: 0.293 seconds.
Number of quartet trees in the gene trees: 13199669802
Size of largest cluster: 201
Greedy score: 9030017712
estimationFactor: 1.4617545859803736
Sub-optimal score: 9077212411
Total Number of elements weighted: 26409
Normalized score (portion of input quartet trees satisfied before correcting for multiple individuals): 0.7435697506245846
Optimization score: 9814875183
Optimal tree inferred in 16.5 secs.
(57,((31,18),(((193,(179,(160,63))),((102,(172,60)),((82,200),(105,((24,110),(64,(36,180))))))),((166,(157,(48,156))),(194,((((97,89),((20,(135,124)),(13,(26,((183,112),(79,174)))))),((54,(145,196)),((149,(132,(163,(161,152)))),((106,(92,59)),(140,(78,(198,32))))))),((191,(122,(3,(50,(14,85))))),(((77,(47,139)),((137,((96,114),(8,165))),((52,(199,15)),(177,(98,(11,170)))))),((((173,142),(16,(159,29))),((123,167),((51,(83,164)),(150,(95,(76,17)))))),(0,((((56,(1,(69,6))),((168,((61,(151,134)),(71,(73,108)))),((37,(118,189)),((187,(84,68)),((117,39),(28,109)))))),((154,((146,(103,(111,62))),((41,162),(136,119)))),(((192,(33,144)),(4,((46,195),((88,184),(120,5))))),((22,(143,101)),((147,((130,93),(171,181))),((113,(23,148)),(190,(185,42)))))))),((197,((72,(80,(34,(87,(153,30))))),(55,(133,((116,49),(7,(169,75))))))),((((91,(21,12)),((2,65),(175,(9,(44,141))))),(((115,25),(99,(35,100))),(178,((90,10),(53,(107,43)))))),(((81,188),((176,74),(104,(86,126)))),(((128,(38,(40,129))),(94,((58,125),(67,(70,45))))),((158,27),((121,(138,127)),((182,186),(155,(131,(66,19)))))))))))))))))))));
Final quartet score is: 9814875183
Final normalized quartet score is: 0.7435697506245846
Extended species tree:
(9,((44,141)1:1.0908406665147297,(175,((2,65)1:3.288401887516811,((91,(21,12)1:1.1055335167283296)1:0.9298599124182406,((((115,25)1:4.204692619390971,(99,(35,100)1:3.288401887516811)1:1.9839375446445515)1:1.0562831821793293,(178,((90,10)1:4.897839799950916,(53,(107,43)1:4.204692619390971)1:2.010875200376362)1:0.5377398416409358)0.88:0.08662639076212604)1:0.23210132565812258,((((81,188)1:4.897839799950916,((176,74)1:1.6389586404690113,(104,(86,126)1:0.21570857282669167)1:3.9815490680767565)0.82:0.0741000814245396)1:1.8190888789989426,(((128,(38,(40,129)1:0.6073803588025202)1:1.5636430768556366)0.67:0.04885235515797773,(94,((58,125)1:1.6532431870812854,(67,(70,45)1:0.21570857282669167)1:1.7196796827346084)1:0.23755031474174043)1:3.0260376230493193)1:2.5305149750029403,((158,27)1:1.0807574519656131,((121,(138,127)1:0.4319316812963277)1:3.053659200359248,((182,186)1:0.7122141428179339,(155,(131,(66,19)1:0.8036636020696412)1:0.5156862697753051)1:1.7613427425537942)1:0.934648507948366)1:1.416437780406785)1:1.5634023349405597)1:0.3928978959055034)0.42:0.014460254182361729,((197,((72,(80,(34,(87,(153,30)0.53:0.02976159681171739)0.5:0.02654437149608936)1:0.22190054307461246)1:1.6789639750827108)1:3.510216534980968,(55,(133,((116,49)1:1.352257441072822,(7,(169,75)1:0.45524796293237324)1:0.3468806947867345)1:0.9887270079950297)0.99:0.15988850272900143)1:2.4018638301041)1:0.8504421818863446)1:1.1909491233393803,((((56,(1,(69,6)1:0.5411957254224459)1:0.461268499892867)1:3.150137703524227,((168,((61,(151,134)1:1.11365016603265)1:4.897839799950916,(71,(73,108)1:3.799227511282799)1:1.1602922892444694)0.99:0.1541335833260571)1:0.9787296489321874,((37,(118,189)1:2.1897895988487015)1:2.8287357246349254,((187,(84,68)1:0.455188543460595)1:2.7006152226146916,((117,39)1:3.8017688087114725,(28,109)1:0.6075194408611587)0.91:0.09707033185125157)1:1.4771278476247913)1:0.2339707452138933)1:0.5911029252105157)1:1.0000446988404323,((154,((146,(103,(111,62)1:2.2584217850296677)1:0.7311745761491845)1:2.1463044869089627,((41,162)1:0.2534489008095387,(136,119)1:1.5134495366051368)1:2.7577736364546412)1:1.6835055223139856)1:0.7371669857200845,(((192,(33,144)1:4.897839799950916)1:0.5177503433123702,(4,((46,195)1:3.2886583306519546,((88,184)1:1.496642418288756,(120,5)1:0.39248994924503094)1:1.6892733447415713)0.39:0.00937213982886321)1:2.2057392743616395)1:0.6492704389900783,((22,(143,101)1:2.9519296508955994)1:2.150466052644788,((147,((130,93)1:2.0090202895970712,(171,181)1:0.1751573425401359)1:0.1647678774429369)0.49:0.03223027790491347,((113,(23,148)1:1.3991918921544215)0.99:0.1440654230373844,(190,(185,42)1:0.2064455838864761)1:0.5487205163737192)1:0.1833170770354568)1:3.7315188865477067)0.67:0.054860225137512576)1:1.2696221633446871)1:0.17883404531825017)1:0.7317130103069514,(0,((((173,142)1:1.6789639750827108,(16,(159,29)1:2.9519296508955994)1:1.5134495366051368)1:3.4890725829789613,((123,167)1:4.204692619390971,((51,(83,164)1:3.288401887516811)1:1.6113053266088955,(150,(95,(76,17)1:3.1043982445398726)1:0.7948608785165207)1:0.6493936509082635)1:0.8769623896106831)1:1.1402010132045515)1:0.9211907721260363,(((77,(47,139)1:2.8183982582710745)1:3.405882549537867,((137,((96,114)1:1.3143208614948017,(8,165)1:2.332890442489374)1:1.600492359641216)1:2.039046077343059,((52,(199,15)1:0.9855138101241437)1:0.28271928310965183,(177,(98,(11,170)1:0.3026689359150222)1:1.0696951059196675)0.67:0.05015926015776023)1:4.050541939563712)1:0.8586515007097898)1:0.6360015572203801,((191,(122,(3,(50,(14,85)1:0.8374838708692575)1:0.5095826155263936)1:2.2828800219147145)1:0.7389567165912395)1:3.3966429496702175,((((97,89)1:2.125433842949691,((20,(135,124)1:1.6397432619294297)1:3.856385925122759,(13,(26,((183,112)1:1.8530756703834106,(79,174)1:2.3715022040354894)1:0.8769623896106831)1:2.3275791287345595)1:0.28251303375344977)1:0.6996687928929932)1:1.3998768286508516,((54,(145,196)1:2.4999445271525413)1:0.865075176826637,((149,(132,(163,(161,152)0.65:0.04866517198128101)1:0.9858167945227654)1:2.2828800219147114)1:1.0673023415303395,((106,(92,59)1:0.9275478863987895)1:2.78450744548467,(140,(78,(198,32)1:0.49099737722305475)1:0.22919447527489367)1:0.6526965941835439)1:1.2048023356883117)1:1.2134944187518706)1:2.3723074230980994)1:0.27864274990791393,(194,((166,(157,(48,156)0.66:0.05365271349232014)1:4.204692619390971)1:1.5830106975561422,(((193,(179,(160,63)1:0.42050298547270487)1:1.3862943611198908)1:3.94000006516388,((102,(172,60)1:0.3980301296206464)1:4.138510712509664,((82,200)1:0.965472473744132,(105,((24,110)1:3.43071810969707,(64,(36,180)1:2.950487689578698)1:0.4265217577309461)1:0.5089669957476798)1:0.9209512543228978)1:0.1738773411689137)0.56:0.040830631926269144)0.74:0.06199923603677033,((31,18)1:2.953373694467833,57)1:0.7111037028274381)1:1.1020340175976107)0.5:0.025231452956501577)1:0.7568505153203261)0.98:0.13542853080115722)0.98:0.1358839914491446)1:0.22815910687065274)0.55:0.05655648594627927)1:0.27409026160591055)1:0.47929023666981)1:0.2756434302716498)0.42:0.012485714673998345)1:0.17923604748347247)1:2.639536818515207)1:0.3404602777991685)1:2.1242997537135864));
Weight calculation took 9.133256627 secs
ASTRAL finished in 18.686 secs
