
================== ASTRAL ===================== 

This is ASTRAL version 5.7.8
Gene trees are treated as unrooted
50 trees read from Dataset/AstralII_data/model.200.2000000.0.000001/16/estimatedgenetre.halfresolved_50
index0
All output trees will be *arbitrarily* rooted at 9

======== Running the main analysis
Number of taxa: 201 (201 species)
Taxa: [9, 44, 141, 175, 2, 65, 38, 40, 129, 128, 58, 125, 94, 67, 70, 45, 138, 127, 121, 182, 155, 131, 66, 19, 186, 99, 35, 100, 178, 90, 10, 197, 55, 133, 169, 75, 116, 49, 7, 72, 80, 153, 87, 30, 34, 53, 107, 43, 115, 25, 81, 188, 86, 126, 104, 176, 74, 97, 89, 0, 54, 145, 196, 149, 78, 198, 32, 92, 59, 106, 132, 161, 152, 163, 140, 13, 79, 174, 26, 183, 112, 20, 135, 124, 194, 77, 47, 139, 137, 96, 114, 8, 165, 11, 170, 98, 199, 15, 177, 52, 173, 142, 123, 167, 51, 83, 164, 150, 95, 76, 17, 16, 159, 29, 154, 143, 101, 22, 111, 62, 103, 146, 41, 136, 162, 119, 120, 88, 184, 5, 4, 46, 195, 33, 144, 192, 147, 171, 130, 93, 181, 190, 185, 42, 113, 23, 148, 69, 56, 1, 6, 37, 118, 189, 117, 39, 187, 84, 68, 28, 109, 71, 73, 108, 61, 151, 134, 168, 166, 157, 48, 156, 64, 24, 110, 105, 193, 179, 160, 63, 36, 180, 57, 82, 200, 31, 18, 102, 172, 60, 191, 122, 3, 14, 50, 85, 158, 27, 91, 21, 12]
Taxon occupancy: {110=50, 111=50, 112=50, 113=50, 114=50, 115=50, 116=50, 117=50, 118=50, 119=50, 10=50, 11=50, 12=50, 13=50, 14=50, 15=50, 16=50, 17=50, 18=50, 19=50, 120=50, 121=50, 0=50, 1=50, 122=50, 2=50, 123=50, 124=50, 3=50, 125=50, 4=50, 126=50, 5=50, 127=50, 6=50, 128=50, 7=50, 129=50, 8=50, 9=50, 20=50, 21=50, 22=50, 23=50, 24=50, 25=50, 26=50, 27=50, 28=50, 29=50, 130=50, 131=50, 132=50, 133=50, 134=50, 135=50, 136=50, 137=50, 138=50, 139=50, 30=50, 31=50, 32=50, 33=50, 34=50, 35=50, 36=50, 37=50, 38=50, 39=50, 140=50, 141=50, 142=50, 143=50, 144=50, 145=50, 146=50, 147=50, 148=50, 149=50, 40=50, 41=50, 42=50, 43=50, 44=50, 45=50, 46=50, 47=50, 48=50, 49=50, 150=50, 151=50, 152=50, 153=50, 154=50, 155=50, 156=50, 157=50, 158=50, 159=50, 50=50, 51=50, 52=50, 53=50, 54=50, 55=50, 56=50, 57=50, 58=50, 59=50, 160=50, 161=50, 162=50, 163=50, 164=50, 165=50, 166=50, 167=50, 168=50, 169=50, 60=50, 61=50, 62=50, 63=50, 64=50, 65=50, 66=50, 67=50, 68=50, 69=50, 170=50, 171=50, 172=50, 173=50, 174=50, 175=50, 176=50, 177=50, 178=50, 179=50, 70=50, 71=50, 72=50, 73=50, 74=50, 75=50, 76=50, 77=50, 78=50, 79=50, 180=50, 181=50, 182=50, 183=50, 184=50, 185=50, 186=50, 187=50, 188=50, 189=50, 80=50, 81=50, 82=50, 83=50, 84=50, 85=50, 86=50, 87=50, 88=50, 89=50, 190=50, 191=50, 192=50, 193=50, 194=50, 195=50, 196=50, 197=50, 198=50, 199=50, 90=50, 91=50, 92=50, 93=50, 94=50, 95=50, 96=50, 97=50, 98=50, 99=50, 200=50, 100=50, 101=50, 102=50, 103=50, 104=50, 105=50, 106=50, 107=50, 108=50, 109=50}
Number of gene trees: 50
0 trees have missing taxa
Calculating quartet distance matrix (for completion of X)
Species tree distances calculated ...
Building set of clusters (X) from gene trees 
------------------------------
gradient0: 4233
Number of Clusters after addition by distance: 4233
calculating extra bipartitions to be added at level 1 ...
Adding to X using resolutions of greedy consensus ...
Limit for sigma of degrees:5075
polytomy size limit : 16
discarded polytomies:  [3, 3, 3, 3, 3, 3, 4, 4, 4, 5, 5, 5, 5, 5, 6, 7, 14, 16]
Threshold 0.0:
Threshold 0.01:
Threshold 0.02:
Threshold 0.05:
polytomy of size 3; rounds with additions with at least 5 support: 0; clusters: 4233
polytomy of size 5; rounds with additions with at least 5 support: 2; clusters: 4237
polytomy of size 5; rounds with additions with at least 5 support: 4; clusters: 4249
Threshold 0.1:
polytomy of size 3; rounds with additions with at least 5 support: 0; clusters: 4249
polytomy of size 6; rounds with additions with at least 5 support: 0; clusters: 4253
polytomy of size 5; rounds with additions with at least 5 support: 0; clusters: 4253
Threshold 0.2:
polytomy of size 4; rounds with additions with at least 5 support: 0; clusters: 4253
polytomy of size 5; rounds with additions with at least 5 support: 0; clusters: 4253
polytomy of size 14; rounds with additions with at least 5 support: 0; clusters: 4259
Threshold 0.3333333333333333:
polytomy of size 3; rounds with additions with at least 5 support: 0; clusters: 4259
polytomy of size 4; rounds with additions with at least 5 support: 0; clusters: 4259
polytomy of size 7; rounds with additions with at least 5 support: 0; clusters: 4259
polytomy of size 3; rounds with additions with at least 5 support: 0; clusters: 4259
polytomy of size 3; rounds with additions with at least 5 support: 0; clusters: 4259
polytomy of size 5; rounds with additions with at least 5 support: 0; clusters: 4259
polytomy of size 3; rounds with additions with at least 5 support: 0; clusters: 4259
polytomy of size 4; rounds with additions with at least 5 support: 0; clusters: 4259
polytomy of size 16; rounds with additions with at least 5 support: 0; clusters: 4269
max k is :8
Number of Clusters after addition by greedy: 4269
gradient0 in heuristiic: 4269
partitions formed in 7.041 secs
Dynamic Programming starting after 7.041 secs
Using tree-based weight calculation.
Using polytree-based weight calculation.
Polytree max score: 3299917500
Polytree building time: 0.152 seconds.
Number of quartet trees in the gene trees: 3299917500
Size of largest cluster: 201
Greedy score: 2071318327
estimationFactor: 1.5931484103553726
Sub-optimal score: 2338043812
Total Number of elements weighted: 6358
Normalized score (portion of input quartet trees satisfied before correcting for multiple individuals): 0.7246365950057843
Optimization score: 2391240981
Optimal tree inferred in 9.259 secs.
(57,((31,18),((193,(179,(160,63))),(((102,(172,60)),((82,200),(105,((24,110),(64,(36,180)))))),(194,((166,(156,(157,48))),((((97,89),((20,(135,124)),(13,(26,((183,112),(79,174)))))),((54,(145,196)),((149,(132,(161,(152,163)))),((106,(92,59)),(140,(78,(198,32))))))),(((191,(122,(3,(50,(14,85))))),((77,(47,139)),((137,((96,114),(8,165))),(177,((98,(11,170)),(52,(199,15))))))),(0,((((173,142),(16,(159,29))),((123,167),((51,(83,164)),(150,(95,(76,17)))))),((((56,(1,(69,6))),(((71,(73,108)),(168,(61,(151,134)))),((37,(118,189)),((187,(84,68)),((117,39),(28,109)))))),((154,((146,(103,(111,62))),((41,162),(136,119)))),(((192,(33,144)),((46,195),(4,((88,184),(120,5))))),((22,(143,101)),(((171,181),(130,93)),(147,((190,(185,42)),(113,(23,148))))))))),((197,((72,(80,(30,(34,(153,87))))),(55,(133,((116,49),(7,(169,75))))))),(((176,74),((81,188),(104,(86,126)))),((((91,(21,12)),((2,65),(175,(9,(44,141))))),(((115,25),(99,(35,100))),(178,((90,10),(53,(107,43)))))),(((128,(38,(40,129))),(94,((58,125),(67,(70,45))))),((158,27),((121,(138,127)),((182,186),(155,(131,(66,19)))))))))))))))))))));
Final quartet score is: 2391240981
Final normalized quartet score is: 0.7246365950057843
Extended species tree:
(9,((44,141)1:0.9614111671546247,(175,((2,65)1:2.4277482359480516,((91,(21,12)1:1.04398232118152)1:0.7534463345134584,((((115,25)1:2.8332133440562166,(99,(35,100)1:2.8332133440562166)1:3.120895416507997)1:0.8851751351128675,(178,((90,10)1:3.5263605246161593,(53,(107,43)1:3.5263605246161593)1:2.14006616349627)1:0.47526632172950384)0.93:0.20888806024454365)0.87:0.17045207710638519,((((128,(38,(40,129)1:0.7559838430950788)1:1.0813685681546916)0.98:0.2682639865946794,(94,((58,125)1:1.735451757268419,(67,(70,45)0.98:0.2682639865946794)1:1.8681324480126293)0.97:0.2555249608172497)1:3.477570360446733)1:3.23867845216438,((158,27)1:1.4060969884160712,((121,(138,127)1:0.7537718023763802)1:2.02460062598025,((182,186)1:0.6785483811387927,(155,(131,(66,19)1:1.1280062203660768)1:0.6085897925318822)1:2.218720945894958)1:0.8464812004806473)1:1.0981480001818613)1:1.3918654061693454)1:0.5988754590668074,(((176,74)1:1.581924215179149,((81,188)1:3.5263605246161593,(104,(86,126)0.91:0.19415601444095737)1:2.8332133440562166)0.4:0.014430485188114909)1:2.1046302403917,((197,((72,(80,(30,(34,(153,87)0.84:0.159587297202334)0.65:0.09237332013101504)0.84:0.1590646946296874)1:1.777160669806902)1:3.5263605246161593,(55,(133,((116,49)1:1.9169226121820613,(7,(169,75)1:0.3913055795045299)1:0.3697944140049055)1:1.0694782423813654)0.99:0.34830669426821587)1:2.2743577233941914)1:0.5469175767170495)1:1.045821450837554,((((56,(1,(69,6)0.99:0.30748469974796055)1:0.6359887667199969)1:2.6790626642289563,(((71,(73,108)1:2.4277482359480516)1:1.3017369730918273,(168,(61,(151,134)1:1.4469189829363254)1:3.5263605246161593)0.53:0.059658593726496824)1:1.0445383370395438,((37,(118,189)1:3.5263605246161593)1:2.406533824171234,((187,(84,68)1:0.4353180712578455)1:3.120895416507997,((117,39)1:3.5263605246161593,(28,109)1:1.0414538748281608)0.93:0.21142503517930314)1:1.3541703867565076)0.59:0.07264875422035619)1:0.5229435683036238)1:1.3332984485729673,((154,((146,(103,(111,62)1:2.830691274623507)1:0.4353180712578455)1:2.060023455822734,((41,162)0.88:0.19415601444095737,(136,119)1:1.4469189829363254)1:2.2735975561207935)1:1.610664154157345)1:0.6518211114259759,(((192,(33,144)1:3.5263605246161593)1:0.5391913620517603,((46,195)1:3.5263605246161593,(4,((88,184)1:1.2237754316221159,(120,5)0.98:0.2876820724517809)1:1.9179435413161683)0.45:0.029852963149681274)1:2.5708490795887244)1:0.6234012969892194,((22,(143,101)1:2.4277482359480516)1:1.8989041066793824,(((171,181)0.96:0.24539206074391776,(130,93)1:2.14006616349627)0.88:0.17645643734155653,(147,((190,(185,42)0.97:0.26981919686148587)1:0.5741693949610337,(113,(23,148)1:1.5696860089736895)0.97:0.28086773603205073)0.89:0.18598704961298226)0.46:0.03745756253490056)1:2.966744736680739)0.57:0.09733782398307292)1:1.0754592809073915)0.5:0.07715713879338958)1:0.5667747892657795,((((173,142)1:1.6292405397302803,(16,(159,29)1:2.4277482359480516)1:1.5114575040738965)1:2.7887615814853817,((123,167)1:3.5263605246161593,((51,(83,164)1:2.8332133440562166)1:1.5114575040738965,(150,(95,(76,17)1:2.4260661497650666)1:0.5293600200741754)1:0.9111493323737362)1:0.8992793860476184)1:0.9562531931143563)1:0.9338849770364813,(0,(((191,(122,(3,(50,(14,85)1:0.9606344680864525)1:0.6641596436866931)1:1.9169226121820624)1:0.8696036179015019)1:3.5263605246161593,((77,(47,139)1:3.5263605246161593)1:3.5263605246161593,((137,((96,114)1:1.2237754316221159,(8,165)1:2.2735975561207935)1:1.1715896784515458)1:1.8681324480126293,(177,((98,(11,170)1:0.39086630868701183)1:1.2749787615455692,(52,(199,15)1:0.8169644282905961)0.93:0.2125164587399235)0.68:0.09956759576504227)1:2.4849066497880017)1:0.656917988446878)1:0.6089151707869709)0.48:0.06061066594975321,((((97,89)1:1.7162519167199104,((20,(135,124)1:1.9169226121820613)1:2.4849066497880017,(13,(26,((183,112)1:2.4277482359480516,(79,174)1:2.14006616349627)1:1.3291359472799418)1:2.825550471310645)0.95:0.22975235120760823)1:0.6221954445876611)1:1.2783489538806148,((54,(145,196)1:2.14006616349627)1:1.000631880307906,((149,(132,(161,(152,163)0.44:0.02954691877085783)1:0.7537718023763802)1:2.14006616349627)1:1.0444345029662996,((106,(92,59)1:0.7537718023763802)1:2.514759612937681,(140,(78,(198,32)1:0.39086630868701183)0.93:0.2123591239685277)1:0.5996211225491224)1:1.2439781389396352)1:1.8018946911220985)1:2.2270775404858996)1:0.36473939938184213,((166,(156,(157,48)0.63:0.09237332013101504)1:3.5263605246161593)1:1.4353071820022982,(194,(((102,(172,60)0.99:0.30748469974796055)1:3.5263605246161593,((82,200)1:0.9845273691536187,(105,((24,110)1:3.5263605246161593,(64,(36,180)1:2.8332133440562166)1:0.43508618719883557)1:0.7123346125122071)1:1.1781484194006309)0.67:0.15330394518498164)0.47:0.03524918229615242,((193,(179,(160,63)1:0.4818380868927383)1:1.3291359472799418)1:3.5110149549415044,((31,18)1:2.8332133440562166,57)1:0.5853185186191577)0.45:0.04295990644670228)1:1.0525578250329957)0.61:0.0803789707836499)1:0.8802799945956987)0.61:0.09469887620903095)0.92:0.2016566549149687)0.46:0.04345695739594461)0.88:0.18890024402908095)1:0.46736028074127034)0.83:0.15536464953415532)0.42:0.020638110268521134)0.48:0.04169750676131274)0.9:0.1892441539430519)1:1.9816463356537113)0.94:0.21825356602001794)1:1.2750687260096663));
Weight calculation took 1.405217028 secs
ASTRAL finished in 10.643 secs
