
================== ASTRAL ===================== 

This is ASTRAL version 5.7.8
Gene trees are treated as unrooted
1000 trees read from Dataset/AstralII_data/model.200.2000000.0.000001/16/estimatedgenetre.halfresolved
index0
All output trees will be *arbitrarily* rooted at 9

======== Running the main analysis
Number of taxa: 201 (201 species)
Taxa: [9, 44, 141, 175, 2, 65, 38, 40, 129, 128, 58, 125, 94, 67, 70, 45, 138, 127, 121, 182, 155, 131, 66, 19, 186, 99, 35, 100, 178, 90, 10, 197, 55, 133, 169, 75, 116, 49, 7, 72, 80, 153, 87, 30, 34, 53, 107, 43, 115, 25, 81, 188, 86, 126, 104, 176, 74, 97, 89, 0, 54, 145, 196, 149, 78, 198, 32, 92, 59, 106, 132, 161, 152, 163, 140, 13, 79, 174, 26, 183, 112, 20, 135, 124, 194, 77, 47, 139, 137, 96, 114, 8, 165, 11, 170, 98, 199, 15, 177, 52, 173, 142, 123, 167, 51, 83, 164, 150, 95, 76, 17, 16, 159, 29, 154, 143, 101, 22, 111, 62, 103, 146, 41, 136, 162, 119, 120, 88, 184, 5, 4, 46, 195, 33, 144, 192, 147, 171, 130, 93, 181, 190, 185, 42, 113, 23, 148, 69, 56, 1, 6, 37, 118, 189, 117, 39, 187, 84, 68, 28, 109, 71, 73, 108, 61, 151, 134, 168, 166, 157, 48, 156, 64, 24, 110, 105, 193, 179, 160, 63, 36, 180, 57, 82, 200, 31, 18, 102, 172, 60, 191, 122, 3, 14, 50, 85, 158, 27, 91, 21, 12]
Taxon occupancy: {110=1000, 111=1000, 112=1000, 113=1000, 114=1000, 115=1000, 116=1000, 117=1000, 118=1000, 119=1000, 10=1000, 11=1000, 12=1000, 13=1000, 14=1000, 15=1000, 16=1000, 17=1000, 18=1000, 19=1000, 120=1000, 121=1000, 0=1000, 1=1000, 122=1000, 2=1000, 123=1000, 124=1000, 3=1000, 125=1000, 4=1000, 126=1000, 5=1000, 127=1000, 6=1000, 128=1000, 7=1000, 129=1000, 8=1000, 9=1000, 20=1000, 21=1000, 22=1000, 23=1000, 24=1000, 25=1000, 26=1000, 27=1000, 28=1000, 29=1000, 130=1000, 131=1000, 132=1000, 133=1000, 134=1000, 135=1000, 136=1000, 137=1000, 138=1000, 139=1000, 30=1000, 31=1000, 32=1000, 33=1000, 34=1000, 35=1000, 36=1000, 37=1000, 38=1000, 39=1000, 140=1000, 141=1000, 142=1000, 143=1000, 144=1000, 145=1000, 146=1000, 147=1000, 148=1000, 149=1000, 40=1000, 41=1000, 42=1000, 43=1000, 44=1000, 45=1000, 46=1000, 47=1000, 48=1000, 49=1000, 150=1000, 151=1000, 152=1000, 153=1000, 154=1000, 155=1000, 156=1000, 157=1000, 158=1000, 159=1000, 50=1000, 51=1000, 52=1000, 53=1000, 54=1000, 55=1000, 56=1000, 57=1000, 58=1000, 59=1000, 160=1000, 161=1000, 162=1000, 163=1000, 164=1000, 165=1000, 166=1000, 167=1000, 168=1000, 169=1000, 60=1000, 61=1000, 62=1000, 63=1000, 64=1000, 65=1000, 66=1000, 67=1000, 68=1000, 69=1000, 170=1000, 171=1000, 172=1000, 173=1000, 174=1000, 175=1000, 176=1000, 177=1000, 178=1000, 179=1000, 70=1000, 71=1000, 72=1000, 73=1000, 74=1000, 75=1000, 76=1000, 77=1000, 78=1000, 79=1000, 180=1000, 181=1000, 182=1000, 183=1000, 184=1000, 185=1000, 186=1000, 187=1000, 188=1000, 189=1000, 80=1000, 81=1000, 82=1000, 83=1000, 84=1000, 85=1000, 86=1000, 87=1000, 88=1000, 89=1000, 190=1000, 191=1000, 192=1000, 193=1000, 194=1000, 195=1000, 196=1000, 197=1000, 198=1000, 199=1000, 90=1000, 91=1000, 92=1000, 93=1000, 94=1000, 95=1000, 96=1000, 97=1000, 98=1000, 99=1000, 200=1000, 100=1000, 101=1000, 102=1000, 103=1000, 104=1000, 105=1000, 106=1000, 107=1000, 108=1000, 109=1000}
Number of gene trees: 1000
0 trees have missing taxa
Calculating quartet distance matrix (for completion of X)
Species tree distances calculated ...
Building set of clusters (X) from gene trees 
------------------------------
gradient0: 31181
Number of Clusters after addition by distance: 31181
calculating extra bipartitions to be added at level 1 ...
Adding to X using resolutions of greedy consensus ...
Limit for sigma of degrees:5075
polytomy size limit : 18
discarded polytomies:  [3, 3, 3, 3, 3, 3, 3, 3, 3, 3, 3, 3, 3, 3, 3, 4, 4, 5, 5, 5, 6, 7, 7, 14, 18]
Threshold 0.0:
Threshold 0.01:
Threshold 0.02:
polytomy of size 3; rounds with additions with at least 5 support: 0; clusters: 31181
Threshold 0.05:
polytomy of size 3; rounds with additions with at least 5 support: 0; clusters: 31181
polytomy of size 4; rounds with additions with at least 5 support: 0; clusters: 31181
Threshold 0.1:
polytomy of size 3; rounds with additions with at least 5 support: 0; clusters: 31181
polytomy of size 3; rounds with additions with at least 5 support: 0; clusters: 31181
polytomy of size 7; rounds with additions with at least 5 support: 0; clusters: 31181
polytomy of size 6; rounds with additions with at least 5 support: 0; clusters: 31181
Threshold 0.2:
polytomy of size 3; rounds with additions with at least 5 support: 0; clusters: 31181
polytomy of size 4; rounds with additions with at least 5 support: 0; clusters: 31181
polytomy of size 3; rounds with additions with at least 5 support: 0; clusters: 31181
polytomy of size 5; rounds with additions with at least 5 support: 0; clusters: 31181
polytomy of size 14; rounds with additions with at least 5 support: 0; clusters: 31181
Threshold 0.3333333333333333:
polytomy of size 3; rounds with additions with at least 5 support: 0; clusters: 31181
polytomy of size 3; rounds with additions with at least 5 support: 0; clusters: 31181
polytomy of size 7; rounds with additions with at least 5 support: 0; clusters: 31181
polytomy of size 3; rounds with additions with at least 5 support: 0; clusters: 31181
polytomy of size 3; rounds with additions with at least 5 support: 0; clusters: 31181
polytomy of size 5; rounds with additions with at least 5 support: 0; clusters: 31181
polytomy of size 3; rounds with additions with at least 5 support: 0; clusters: 31181
polytomy of size 3; rounds with additions with at least 5 support: 0; clusters: 31181
polytomy of size 3; rounds with additions with at least 5 support: 0; clusters: 31181
polytomy of size 3; rounds with additions with at least 5 support: 0; clusters: 31181
polytomy of size 5; rounds with additions with at least 5 support: 0; clusters: 31181
polytomy of size 3; rounds with additions with at least 5 support: 0; clusters: 31181
polytomy of size 18; rounds with additions with at least 5 support: 0; clusters: 31181
max k is :0
Number of Clusters after addition by greedy: 31181
gradient0 in heuristiic: 31181
partitions formed in 32.231 secs
Dynamic Programming starting after 32.231 secs
Using tree-based weight calculation.
Using polytree-based weight calculation.
Polytree max score: 65998349802
Polytree building time: 3.607 seconds.
Number of quartet trees in the gene trees: 65998349802
Size of largest cluster: 201
Greedy score: 39325546963
estimationFactor: 1.678256372736417
Sub-optimal score: 44835517930
Calculated 100000 weights; time (seconds): 161
Total Number of elements weighted: 139915
Normalized score (portion of input quartet trees satisfied before correcting for multiple individuals): 0.7403265139141304
Optimization score: 48860328233
Optimal tree inferred in 216.743 secs.
(57,((31,18),(((193,(179,(160,63))),((102,(172,60)),((82,200),(105,((24,110),(64,(36,180))))))),((166,(156,(157,48))),(194,((((97,89),((20,(135,124)),(13,(26,((183,112),(79,174)))))),((54,(145,196)),((149,(132,(163,(161,152)))),((106,(92,59)),(140,(78,(198,32))))))),((191,(122,(3,(50,(14,85))))),(((77,(47,139)),((137,((8,165),(96,114))),((52,(199,15)),(177,(98,(11,170)))))),(0,((((173,142),(16,(159,29))),((123,167),((51,(83,164)),(150,(95,(76,17)))))),((((56,(1,(69,6))),((168,((61,(151,134)),(71,(73,108)))),((37,(118,189)),((187,(84,68)),((117,39),(28,109)))))),((154,(((41,162),(136,119)),(146,(103,(111,62))))),(((192,(33,144)),((4,(46,195)),((88,184),(120,5)))),((22,(143,101)),(147,(((130,93),(171,181)),((113,(23,148)),(190,(185,42))))))))),((197,((72,(80,(34,(87,(153,30))))),(55,(133,((116,49),(7,(169,75))))))),(((91,(21,12)),((2,65),(175,(9,(44,141))))),((((115,25),(99,(35,100))),(178,((90,10),(53,(107,43))))),(((81,188),((176,74),(104,(86,126)))),(((128,(38,(40,129))),(94,((58,125),(67,(70,45))))),((158,27),((121,(138,127)),((182,186),(155,(131,(66,19))))))))))))))))))))));
Final quartet score is: 48860328233
Final normalized quartet score is: 0.7403265139141304
Extended species tree:
(9,((44,141)1:0.8684279205683477,(175,((2,65)1:3.4236759136723625,((91,(21,12)1:1.32500218075381)1:1.0125743706839783,(((((115,25)1:5.402978146785962,(99,(35,100)1:3.325235840859112)1:2.200638980998494)1:0.9196262920047842,(178,((90,10)1:6.5032896712070904,(53,(107,43)1:5.116995310087171)1:2.1259935957608667)1:0.40374139667362)1:0.14625115733973065)1:0.22215045320404195,(((81,188)1:6.033286041961299,((176,74)1:1.830794670832711,(104,(86,126)1:0.2379884584693464)1:4.019233723299367)1:0.09056051664499726)1:1.8782839358544459,(((128,(38,(40,129)1:0.7225617435147714)1:1.5378393725905528)0.72:0.026317308317373417,(94,((58,125)1:1.8153019809352628,(67,(70,45)1:0.20984238625524185)1:1.747502739179512)1:0.3498407391541873)1:2.4752629900226064)1:2.7314957627083136,((158,27)1:1.1805193442317994,((121,(138,127)1:0.4465056579784318)1:3.3502124202688717,((182,186)1:0.6941505270542713,(155,(131,(66,19)1:0.8792539323157162)1:0.5130377880128438)1:2.0203450666927556)1:1.0640900661369517)1:1.2538800195969226)1:1.631599811355683)1:0.41612126552639983)0.54:0.015299692305306048)0.38:0.003806292693374105,((197,((72,(80,(34,(87,(153,30)0.82:0.03369488317122645)0.99:0.060688883859795484)1:0.2204095960007056)1:1.6396087900674636)1:3.743077758574403,(55,(133,((116,49)1:1.752694813148063,(7,(169,75)1:0.5629456529755072)1:0.3233971432279255)1:0.8650049620416725)1:0.18323178276159718)1:2.291402886841565)1:0.9687448720858491)1:1.1129817080850268,((((56,(1,(69,6)1:0.5580277297963712)1:0.4465413223764499)1:4.000212151759257,((168,((61,(151,134)1:1.160955419242245)1:4.558968084836873,(71,(73,108)1:3.794229878903493)1:1.2569811046222628)0.95:0.05149098205685704)1:1.017687241060143,((37,(118,189)1:2.3289024013114186)1:2.6334296238107315,((187,(84,68)1:0.5979278231524858)1:3.226144938214878,((117,39)1:4.251196697500949,(28,109)1:0.6792980782016848)1:0.10098075304435221)1:1.4697056471736418)1:0.20099617721153315)1:0.570002754642944)1:0.9586812951561132,((154,(((41,162)1:0.23135650616559503,(136,119)1:1.5688157380763648)1:3.018190953856457,(146,(103,(111,62)1:2.57126599907224)1:0.7715020129495759)1:2.128402016376503)1:1.7948510000817919)1:0.7344202844504526,(((192,(33,144)1:4.891833594616712)1:0.5272159569251836,((4,(46,195)1:2.9508317851398744)0.56:0.016176591932930664,((88,184)1:1.2405994823021704,(120,5)1:0.28369403127382553)1:2.088473213710185)1:2.455714700993539)1:0.6237557019301446,((22,(143,101)1:2.6531420694969983)1:2.046610470007429,(147,(((130,93)1:2.16520298963013,(171,181)1:0.1857814417987016)1:0.15518704820470744,((113,(23,148)1:1.2195989565179581)1:0.097050210672732,(190,(185,42)1:0.23045078240661004)1:0.6181785351735237)1:0.2500587136138384)0.53:0.014274727533113325)1:3.8231109266616623)0.88:0.04089819775986373)1:1.4990371375189662)1:0.17432783083742898)1:0.6571396370409277,((((173,142)1:1.7382707842770686,(16,(159,29)1:2.8397280250774095)1:1.5128570844283198)1:3.7347632093840577,((123,167)1:4.441866635029892,((51,(83,164)1:3.412247217848739)1:1.7365442998767189,(150,(95,(76,17)1:3.206704862011542)1:0.8700603854978982)1:0.8485683023471994)1:0.8017275416381062)1:1.230663534494628)1:1.039404761435922,(0,(((77,(47,139)1:3.0693024667219118)1:3.497593759106057,((137,((8,165)1:2.3526095566333254,(96,114)1:1.3185446744770162)1:1.6625937271400295)1:2.131183109907596,((52,(199,15)1:1.0098749627581523)1:0.3010072224755013,(177,(98,(11,170)1:0.262994136151964)1:1.1756969194428766)0.95:0.049489709493517595)1:4.021673260776453)1:0.9263590718876256)1:0.6459908564246599,((191,(122,(3,(50,(14,85)1:0.8755958910192749)1:0.5244039063059344)1:2.4425534829048616)1:0.6554068525770984)1:3.806305976721035,((((97,89)1:2.0189334252184,((20,(135,124)1:1.3973441973064757)1:4.068215395166939,(13,(26,((183,112)1:2.2835207281350414,(79,174)1:2.4006463061702603)1:1.0533028345991942)1:1.874315322217468)1:0.26329407972863583)1:0.713570511520674)1:1.6738903857592675,((54,(145,196)1:2.89114401132451)1:1.0129089273394596,((149,(132,(163,(161,152)0.97:0.05496029671113353)1:0.9011708503273551)1:2.558773134377157)1:1.2260054506376328,((106,(92,59)1:0.9979581352746933)1:2.6029323845948698,(140,(78,(198,32)1:0.6087059812158894)1:0.10482566072130559)1:0.7118575798532805)1:1.0484932717910456)1:1.4820441979987853)1:2.224141266045341)1:0.2979438767395337,(194,((166,(156,(157,48)0.98:0.06075754697669071)1:5.116995310087171)1:1.4365095351331516,(((193,(179,(160,63)1:0.3212151994726588)1:1.3793256918037975)1:3.69443477098287,((102,(172,60)1:0.28269950110731706)1:5.086542681571456,((82,200)1:1.121229793668148,(105,((24,110)1:3.191022637069857,(64,(36,180)1:2.866501277777465)1:0.5645022971948896)1:0.4137235834745399)1:1.0466784800693494)1:0.21070902260381813)0.99:0.06067468746263052)0.97:0.05479304169221743,((31,18)1:3.672455864264114,57)1:0.7324292113265607)1:1.070267795315059)0.5:0.01191678964480172)1:0.7303463280937004)1:0.12361977128784457)1:0.14670500402408773)1:0.20086206088577052)1:0.13375801888580677)1:0.22880492630802976)1:0.4157833441060306)1:0.2931690643608193)1:0.19615599813229861)1:3.252010522928331)1:0.3291564053505826)1:2.219913178670077));
Weight calculation took 172.175422696 secs
ASTRAL finished in 228.314 secs
