
================== ASTRAL ===================== 

This is ASTRAL version 5.7.8
Gene trees are treated as unrooted
200 trees read from Dataset/AstralII_data/model.200.2000000.0.000001/48/estimatedgenetre.halfresolved_200
index0
All output trees will be *arbitrarily* rooted at 130

======== Running the main analysis
Number of taxa: 201 (201 species)
Taxa: [130, 75, 98, 84, 155, 25, 26, 11, 60, 74, 146, 173, 174, 53, 69, 85, 77, 71, 63, 144, 196, 8, 120, 100, 154, 80, 118, 70, 189, 198, 156, 176, 168, 20, 36, 111, 195, 41, 172, 47, 136, 192, 160, 106, 16, 48, 19, 39, 137, 104, 6, 200, 42, 110, 107, 158, 29, 45, 66, 190, 1, 171, 165, 134, 193, 3, 148, 114, 50, 30, 13, 138, 18, 105, 59, 102, 123, 0, 166, 97, 129, 185, 67, 142, 186, 73, 128, 159, 72, 15, 12, 34, 187, 162, 117, 113, 68, 147, 161, 37, 94, 125, 145, 14, 62, 58, 175, 149, 46, 40, 169, 33, 89, 103, 43, 52, 7, 22, 164, 88, 179, 10, 183, 131, 170, 2, 99, 124, 126, 86, 141, 167, 35, 49, 140, 81, 143, 24, 87, 127, 133, 79, 21, 83, 64, 177, 96, 31, 4, 121, 54, 27, 101, 191, 152, 90, 122, 115, 78, 92, 9, 93, 76, 38, 151, 153, 135, 23, 184, 119, 32, 132, 181, 61, 55, 116, 28, 108, 109, 56, 188, 139, 112, 95, 163, 44, 194, 199, 51, 180, 178, 5, 197, 182, 150, 157, 82, 57, 65, 17, 91]
Taxon occupancy: {110=200, 111=200, 112=200, 113=200, 114=200, 115=200, 116=200, 117=200, 118=200, 119=200, 10=200, 11=200, 12=200, 13=200, 14=200, 15=200, 16=200, 17=200, 18=200, 19=200, 120=200, 0=200, 121=200, 1=200, 122=200, 123=200, 2=200, 3=200, 124=200, 125=200, 4=200, 126=200, 5=200, 6=200, 127=200, 128=200, 7=200, 8=200, 129=200, 9=200, 20=200, 21=200, 22=200, 23=200, 24=200, 25=200, 26=200, 27=200, 28=200, 29=200, 130=200, 131=200, 132=200, 133=200, 134=200, 135=200, 136=200, 137=200, 138=200, 139=200, 30=200, 31=200, 32=200, 33=200, 34=200, 35=200, 36=200, 37=200, 38=200, 39=200, 140=200, 141=200, 142=200, 143=200, 144=200, 145=200, 146=200, 147=200, 148=200, 149=200, 40=200, 41=200, 42=200, 43=200, 44=200, 45=200, 46=200, 47=200, 48=200, 49=200, 150=200, 151=200, 152=200, 153=200, 154=200, 155=200, 156=200, 157=200, 158=200, 159=200, 50=200, 51=200, 52=200, 53=200, 54=200, 55=200, 56=200, 57=200, 58=200, 59=200, 160=200, 161=200, 162=200, 163=200, 164=200, 165=200, 166=200, 167=200, 168=200, 169=200, 60=200, 61=200, 62=200, 63=200, 64=200, 65=200, 66=200, 67=200, 68=200, 69=200, 170=200, 171=200, 172=200, 173=200, 174=200, 175=200, 176=200, 177=200, 178=200, 179=200, 70=200, 71=200, 72=200, 73=200, 74=200, 75=200, 76=200, 77=200, 78=200, 79=200, 180=200, 181=200, 182=200, 183=200, 184=200, 185=200, 186=200, 187=200, 188=200, 189=200, 80=200, 81=200, 82=200, 83=200, 84=200, 85=200, 86=200, 87=200, 88=200, 89=200, 190=200, 191=200, 192=200, 193=200, 194=200, 195=200, 196=200, 197=200, 198=200, 199=200, 90=200, 91=200, 92=200, 93=200, 94=200, 95=200, 96=200, 97=200, 98=200, 99=200, 200=200, 100=200, 101=200, 102=200, 103=200, 104=200, 105=200, 106=200, 107=200, 108=200, 109=200}
Number of gene trees: 200
0 trees have missing taxa
Calculating quartet distance matrix (for completion of X)
Species tree distances calculated ...
Building set of clusters (X) from gene trees 
------------------------------
gradient0: 8907
Number of Clusters after addition by distance: 8907
calculating extra bipartitions to be added at level 1 ...
Adding to X using resolutions of greedy consensus ...
Limit for sigma of degrees:5075
polytomy size limit : 8
discarded polytomies:  [3, 3, 3, 3, 3, 3, 3, 3, 4, 4, 4, 4, 4, 4, 4, 4, 4, 5, 7, 8, 8]
Threshold 0.0:
Threshold 0.01:
Threshold 0.02:
Threshold 0.05:
Threshold 0.1:
polytomy of size 3; rounds with additions with at least 5 support: 0; clusters: 8907
polytomy of size 4; rounds with additions with at least 5 support: 0; clusters: 8907
polytomy of size 3; rounds with additions with at least 5 support: 0; clusters: 8907
Threshold 0.2:
polytomy of size 4; rounds with additions with at least 5 support: 0; clusters: 8907
polytomy of size 3; rounds with additions with at least 5 support: 0; clusters: 8907
polytomy of size 4; rounds with additions with at least 5 support: 0; clusters: 8907
polytomy of size 3; rounds with additions with at least 5 support: 0; clusters: 8907
polytomy of size 7; rounds with additions with at least 5 support: 0; clusters: 8907
Threshold 0.3333333333333333:
polytomy of size 3; rounds with additions with at least 5 support: 0; clusters: 8907
polytomy of size 8; rounds with additions with at least 5 support: 0; clusters: 8907
polytomy of size 4; rounds with additions with at least 5 support: 0; clusters: 8907
polytomy of size 3; rounds with additions with at least 5 support: 0; clusters: 8907
polytomy of size 3; rounds with additions with at least 5 support: 0; clusters: 8907
polytomy of size 4; rounds with additions with at least 5 support: 0; clusters: 8907
polytomy of size 3; rounds with additions with at least 5 support: 0; clusters: 8907
polytomy of size 4; rounds with additions with at least 5 support: 0; clusters: 8907
polytomy of size 4; rounds with additions with at least 5 support: 0; clusters: 8907
polytomy of size 5; rounds with additions with at least 5 support: 0; clusters: 8907
polytomy of size 4; rounds with additions with at least 5 support: 0; clusters: 8907
polytomy of size 4; rounds with additions with at least 5 support: 0; clusters: 8907
polytomy of size 8; rounds with additions with at least 5 support: 0; clusters: 8907
max k is :0
Number of Clusters after addition by greedy: 8907
gradient0 in heuristiic: 8907
partitions formed in 5.781 secs
Dynamic Programming starting after 5.781 secs
Using tree-based weight calculation.
Using polytree-based weight calculation.
Polytree max score: 13199669604
Polytree building time: 0.361 seconds.
Number of quartet trees in the gene trees: 13199669604
Size of largest cluster: 201
Greedy score: 9975274375
estimationFactor: 1.3232387509140568
Sub-optimal score: 10368120021
Total Number of elements weighted: 20487
Normalized score (portion of input quartet trees satisfied before correcting for multiple individuals): 0.8148428866538165
Optimization score: 10755656883
Optimal tree inferred in 14.112 secs.
(135,(23,((184,(132,(119,32))),((151,153),(61,((181,(76,38)),(93,((27,(101,((4,121),(96,31)))),((90,((78,(122,115)),(191,(9,(152,92))))),((75,(130,54)),(((157,(150,(82,(57,(91,(65,17)))))),(((109,56),(55,(108,(116,28)))),(188,((5,(139,(197,182))),(((163,44),(112,95)),(194,(199,(51,(180,178))))))))),((((127,(133,79)),(124,(2,99))),(((81,143),(24,87)),((126,140),((86,141),(167,(35,49)))))),(((21,(83,(64,177))),((98,(84,(155,25))),((146,(173,174)),((26,11),(60,74))))),((((59,(102,123)),((18,105),(148,(3,(50,(138,(13,(114,30)))))))),(((134,193),(190,(1,(171,165)))),((42,110),((45,66),(29,(107,158)))))),((0,(((170,(183,(10,131))),(52,(7,(22,(164,88))))),(179,((85,(53,69)),((118,((154,70),(80,(100,(189,198))))),((8,120),((71,63),(196,(77,144))))))))),((156,((176,(168,20)),((36,(111,195)),(41,(172,(47,136)))))),(((62,((103,43),((58,(33,89)),((40,169),(175,(149,46)))))),((16,(48,(19,39))),((160,106),(192,(104,(137,(6,200))))))),((145,(14,(37,(94,125)))),(((161,(12,147)),((34,187),(113,(117,68)))),(162,(185,(67,((129,(166,97)),(142,((186,73),((128,72),(159,15)))))))))))))))))))))))))));
Final quartet score is: 10755656883
Final normalized quartet score is: 0.8148428866538165
Extended species tree:
(130,(54,(75,((((157,(150,(82,(57,(91,(65,17)1:0.5937747067467416)1:1.4645077961444046)0.41:0.010243677763885807)1:0.22973092957418337)1:0.5183162954951485)1:2.7825888055743646,(((109,56)1:0.7008113780436522,(55,(108,(116,28)1:0.621173680934856)1:2.295150114506528)1:1.2392873918201368)1:0.4062613172814426,(188,((5,(139,(197,182)1:0.5808231780206817)1:0.46650947574477447)1:0.3317610998477067,(((163,44)1:0.7463603248230256,(112,95)1:0.5682091245495072)1:0.9512493187904012,(194,(199,(51,(180,178)1:0.567040007858728)1:0.20179936375352564)1:0.8425708366951118)1:1.0956578187962043)1:0.45685607820564544)1:0.9492992379835065)1:0.5954876166400149)1:0.9081945963377612)1:1.7157671050102472,((((127,(133,79)1:4.897839799950916)1:1.1273409724840437,(124,(2,99)1:0.216035973966166)1:2.2444774621867634)0.82:0.07637378513439655,(((81,143)1:2.546464542787433,(24,87)1:1.1824123304012644)1:1.083272130673478,((126,140)1:1.1226644309148692,((86,141)1:1.806797346592596,(167,(35,49)1:1.3424917384614978)1:0.7628365218439089)1:0.7692653703479092)1:0.5740383243580091)1:3.1543045318911576)1:1.1875881553558099,(((21,(83,(64,177)0.87:0.0856965064381912)1:0.2876820724517809)1:4.897839799950916,((98,(84,(155,25)1:0.8373967894044919)1:3.1930917077124845)1:0.8646820998617704,((146,(173,174)1:0.9660141672265857)1:2.7287860995813884,((26,11)1:2.1252510777111304,(60,74)1:0.6493445579015524)1:1.6923869954148514)1:3.3675970012831997)0.98:0.12867289828089148)0.95:0.11463183702189018,((((59,(102,123)1:1.6789639750827108)1:1.5343827462716044,((18,105)1:2.4975799008438266,(148,(3,(50,(138,(13,(114,30)1:0.25364316987280155)0.44:0.02279748546931067)1:0.27286698666664005)1:1.1195240267819946)0.8:0.07112734401558413)1:3.856385925122743)1:0.6500250615004569)1:1.9985142830053548,(((134,193)1:0.3787443667847793,(190,(1,(171,165)1:1.6010680923341427)1:0.8723068348565243)1:0.25502805628969805)1:1.452967354786094,((42,110)1:3.0107701509185314,((45,66)1:2.1678106921299247,(29,(107,158)1:0.43181558447144536)1:0.5573528917950803)1:1.4114846099484504)1:2.1128285577125725)1:1.975080992773111)1:0.7548798761415578,((0,(((170,(183,(10,131)1:0.4549509008739253)1:0.18830959863857716)1:3.9170105469391814,(52,(7,(22,(164,88)1:2.190126355881686)0.98:0.13161749574753373)1:0.499283863325819)1:2.276800975838331)1:2.3422349788791608,(179,((85,(53,69)0.47:0.022642476749759777)1:2.43317745106948,((118,((154,70)1:1.4399874549954257,(80,(100,(189,198)1:0.7869659357776003)1:1.3293085341683968)1:0.16332217555569928)1:0.4304959308702234)1:2.646548001344417,((8,120)1:0.714264104000868,((71,63)1:0.9924030622954609,(196,(77,144)0.84:0.07759896505479814)1:0.17036168370814703)1:1.1883410586342398)1:4.204692619390971)1:1.3726445502772502)1:0.6648747370711485)1:0.33314616756617393)1:0.6948186677088624)0.4:0.009842204547810669,((156,((176,(168,20)1:3.106080330722857)1:2.08157601420847,((36,(111,195)1:2.0634388072990397)1:0.270456814832087,(41,(172,(47,136)1:1.8533173622274888)1:0.504142949244742)1:0.5297994072517694)1:1.6227937036156554)1:1.5673105196156905)1:1.2662536589991218,(((62,((103,43)1:1.4399470746122105,((58,(33,89)1:1.6348987606419323)0.39:0.006715717885798577,((40,169)1:0.7508253402737894,(175,(149,46)1:0.3436439799470933)1:1.053216547941369)0.44:0.015897443140427087)1:2.0588225734294543)1:1.6688573250254104)1:1.8845505200262094,((16,(48,(19,39)1:1.3144611631435759)1:0.8288130457131008)1:4.897839799950916,((160,106)1:2.9519296508955994,(192,(104,(137,(6,200)1:2.950487689578698)1:0.5344179062646665)1:0.3613709827513079)1:0.5771951614579013)1:1.881273439494076)1:0.8802489434714857)1:0.2110201418215272,((145,(14,(37,(94,125)1:0.19218825478081195)1:0.6710801616932888)1:0.3796809909524495)1:4.492374691842744,(((161,(12,147)0.97:0.12715517548524663)1:2.6019089215703195,((34,187)1:1.9010876384961757,(113,(117,68)1:1.5656352897757073)1:0.903813686299799)1:0.296288705355055)1:1.0060195018402829,(162,(185,(67,((129,(166,97)1:0.19735943415849522)1:3.1661246858729624,(142,((186,73)1:0.981543885134225,((128,72)0.54:0.05759749178333632,(159,15)0.79:0.07104342273369707)1:1.9146863086037809)1:1.265183024175528)1:0.23097107288808003)1:0.16264876204697695)1:0.2934318091216702)1:0.7441685337337373)1:0.2986248110014939)1:1.9366819076304604)1:1.1004192556814407)0.96:0.11674765117038999)1:1.1251047236049327)1:0.2482114895361649)1:0.4030829574435222)0.98:0.12877942373625345)1:1.142669157540023)1:0.4545160108458999,((90,((78,(122,115)1:0.9087622298887899)1:1.5169941653957915,(191,(9,(152,92)1:0.1617299608338653)1:0.30289942549143933)1:0.8089511019442296)1:0.2049640335437144)1:2.4760725986054997,((27,(101,((4,121)1:0.6358035846518252,(96,31)1:1.005967705813029)1:0.253363052846229)1:1.0060195018402847)1:2.1670906015731437,(93,((181,(76,38)1:0.19598297144977175)0.66:0.050650655557528804,(61,((151,153)0.42:0.01563993222206901,((184,(132,(119,32)1:0.33401784119531885)1:0.21573207376085476)1:0.5737071436959331,(23,135)1:1.0266387890430204)1:1.7302299995939285)0.54:0.031691860471260276)1:0.4084853400106444)1:0.3522715614893877)1:1.3124360224505078)1:0.3212716183343404)1:1.050864319706415)1:2.6184255735068542)1:0.23440070583884415));
Weight calculation took 7.250298165 secs
ASTRAL finished in 16.641 secs
