
================== ASTRAL ===================== 

This is ASTRAL version 5.7.8
Gene trees are treated as unrooted
50 trees read from Dataset/AstralII_data/model.200.2000000.0.000001/38/estimatedgenetre.halfresolved_50
index0
All output trees will be *arbitrarily* rooted at 36

======== Running the main analysis
Number of taxa: 201 (201 species)
Taxa: [36, 30, 47, 186, 9, 104, 51, 72, 173, 97, 86, 126, 117, 12, 70, 189, 114, 183, 57, 46, 67, 159, 127, 179, 142, 182, 148, 23, 82, 141, 88, 61, 74, 76, 65, 49, 108, 59, 167, 137, 177, 174, 73, 38, 44, 197, 16, 175, 153, 63, 37, 131, 147, 77, 64, 2, 17, 40, 11, 29, 115, 31, 96, 62, 198, 22, 75, 101, 171, 122, 188, 154, 66, 149, 24, 125, 34, 143, 43, 0, 94, 130, 85, 196, 134, 158, 194, 118, 10, 190, 14, 112, 4, 105, 124, 129, 178, 169, 155, 80, 170, 150, 128, 181, 151, 135, 123, 111, 58, 180, 199, 172, 56, 45, 1, 107, 48, 26, 7, 110, 71, 87, 144, 200, 185, 53, 106, 89, 25, 90, 184, 145, 156, 164, 6, 132, 3, 35, 50, 21, 32, 8, 161, 52, 78, 102, 93, 168, 193, 113, 187, 83, 42, 109, 92, 165, 140, 60, 116, 54, 166, 79, 18, 41, 163, 162, 98, 95, 176, 5, 91, 119, 138, 195, 28, 55, 27, 68, 136, 100, 103, 20, 99, 152, 192, 19, 69, 157, 121, 120, 133, 160, 191, 84, 146, 13, 139, 15, 39, 33, 81]
Taxon occupancy: {110=50, 111=50, 112=50, 113=50, 114=50, 115=50, 116=50, 117=50, 118=50, 119=50, 10=50, 11=50, 12=50, 13=50, 14=50, 15=50, 16=50, 17=50, 18=50, 19=50, 120=50, 0=50, 121=50, 122=50, 1=50, 2=50, 123=50, 124=50, 3=50, 125=50, 4=50, 126=50, 5=50, 127=50, 6=50, 128=50, 7=50, 129=50, 8=50, 9=50, 20=50, 21=50, 22=50, 23=50, 24=50, 25=50, 26=50, 27=50, 28=50, 29=50, 130=50, 131=50, 132=50, 133=50, 134=50, 135=50, 136=50, 137=50, 138=50, 139=50, 30=50, 31=50, 32=50, 33=50, 34=50, 35=50, 36=50, 37=50, 38=50, 39=50, 140=50, 141=50, 142=50, 143=50, 144=50, 145=50, 146=50, 147=50, 148=50, 149=50, 40=50, 41=50, 42=50, 43=50, 44=50, 45=50, 46=50, 47=50, 48=50, 49=50, 150=50, 151=50, 152=50, 153=50, 154=50, 155=50, 156=50, 157=50, 158=50, 159=50, 50=50, 51=50, 52=50, 53=50, 54=50, 55=50, 56=50, 57=50, 58=50, 59=50, 160=50, 161=50, 162=50, 163=50, 164=50, 165=50, 166=50, 167=50, 168=50, 169=50, 60=50, 61=50, 62=50, 63=50, 64=50, 65=50, 66=50, 67=50, 68=50, 69=50, 170=50, 171=50, 172=50, 173=50, 174=50, 175=50, 176=50, 177=50, 178=50, 179=50, 70=50, 71=50, 72=50, 73=50, 74=50, 75=50, 76=50, 77=50, 78=50, 79=50, 180=50, 181=50, 182=50, 183=50, 184=50, 185=50, 186=50, 187=50, 188=50, 189=50, 80=50, 81=50, 82=50, 83=50, 84=50, 85=50, 86=50, 87=50, 88=50, 89=50, 190=50, 191=50, 192=50, 193=50, 194=50, 195=50, 196=50, 197=50, 198=50, 199=50, 90=50, 91=50, 92=50, 93=50, 94=50, 95=50, 96=50, 97=50, 98=50, 99=50, 200=50, 100=50, 101=50, 102=50, 103=50, 104=50, 105=50, 106=50, 107=50, 108=50, 109=50}
Number of gene trees: 50
0 trees have missing taxa
Calculating quartet distance matrix (for completion of X)
Species tree distances calculated ...
Building set of clusters (X) from gene trees 
------------------------------
gradient0: 5335
Number of Clusters after addition by distance: 5335
calculating extra bipartitions to be added at level 1 ...
Adding to X using resolutions of greedy consensus ...
Limit for sigma of degrees:5075
polytomy size limit : 13
discarded polytomies:  [3, 3, 3, 3, 3, 3, 3, 3, 3, 3, 3, 3, 3, 3, 3, 3, 3, 4, 4, 4, 4, 4, 4, 4, 4, 5, 5, 5, 6, 7, 10, 13]
Threshold 0.0:
polytomy of size 3; rounds with additions with at least 5 support: 0; clusters: 5341
Threshold 0.01:
polytomy of size 3; rounds with additions with at least 5 support: 0; clusters: 5341
Threshold 0.02:
polytomy of size 3; rounds with additions with at least 5 support: 0; clusters: 5341
Threshold 0.05:
polytomy of size 5; rounds with additions with at least 5 support: 8; clusters: 5361
Threshold 0.1:
polytomy of size 7; rounds with additions with at least 5 support: 2; clusters: 5373
Threshold 0.2:
polytomy of size 3; rounds with additions with at least 5 support: 0; clusters: 5373
polytomy of size 3; rounds with additions with at least 5 support: 0; clusters: 5373
polytomy of size 3; rounds with additions with at least 5 support: 0; clusters: 5373
polytomy of size 4; rounds with additions with at least 5 support: 0; clusters: 5373
polytomy of size 10; rounds with additions with at least 5 support: 0; clusters: 5377
polytomy of size 3; rounds with additions with at least 5 support: 0; clusters: 5377
Threshold 0.3333333333333333:
polytomy of size 3; rounds with additions with at least 5 support: 0; clusters: 5377
polytomy of size 3; rounds with additions with at least 5 support: 0; clusters: 5377
polytomy of size 3; rounds with additions with at least 5 support: 0; clusters: 5377
polytomy of size 5; rounds with additions with at least 5 support: 0; clusters: 5377
polytomy of size 3; rounds with additions with at least 5 support: 0; clusters: 5377
polytomy of size 4; rounds with additions with at least 5 support: 0; clusters: 5377
polytomy of size 4; rounds with additions with at least 5 support: 0; clusters: 5377
polytomy of size 3; rounds with additions with at least 5 support: 0; clusters: 5377
polytomy of size 4; rounds with additions with at least 5 support: 0; clusters: 5377
polytomy of size 3; rounds with additions with at least 5 support: 0; clusters: 5377
polytomy of size 5; rounds with additions with at least 5 support: 0; clusters: 5377
polytomy of size 4; rounds with additions with at least 5 support: 0; clusters: 5377
polytomy of size 3; rounds with additions with at least 5 support: 0; clusters: 5377
polytomy of size 4; rounds with additions with at least 5 support: 0; clusters: 5377
polytomy of size 3; rounds with additions with at least 5 support: 0; clusters: 5377
polytomy of size 3; rounds with additions with at least 5 support: 0; clusters: 5377
polytomy of size 3; rounds with additions with at least 5 support: 0; clusters: 5377
polytomy of size 6; rounds with additions with at least 5 support: 0; clusters: 5377
polytomy of size 13; rounds with additions with at least 5 support: 1; clusters: 5391
polytomy of size 4; rounds with additions with at least 5 support: 0; clusters: 5391
polytomy of size 4; rounds with additions with at least 5 support: 0; clusters: 5391
max k is :16
Number of Clusters after addition by greedy: 5391
gradient0 in heuristiic: 5391
partitions formed in 9.299 secs
Dynamic Programming starting after 9.299 secs
Using tree-based weight calculation.
Using polytree-based weight calculation.
Polytree max score: 3299917302
Polytree building time: 0.334 seconds.
Number of quartet trees in the gene trees: 3299917302
Size of largest cluster: 201
Greedy score: 2222544320
estimationFactor: 1.4847475806466708
Sub-optimal score: 2298898599
Total Number of elements weighted: 8325
Normalized score (portion of input quartet trees satisfied before correcting for multiple individuals): 0.7225228167248174
Optimization score: 2384265544
Optimal tree inferred in 13.639 secs.
(6,((35,(132,3)),(90,((164,50),((21,32),(8,((184,(25,(145,156))),((161,((93,168),(102,(52,78)))),((54,((163,162),(41,(79,(166,18))))),((165,((140,60),((193,113),((116,(187,83)),(42,(109,92)))))),(43,((((119,(138,195)),(176,(5,91))),(((173,(97,86)),(126,(183,(72,114)))),((9,(104,(51,117))),((12,(70,189)),((36,30),((98,95),(47,186))))))),((106,((19,((103,20),((28,(100,(68,136))),((55,27),(99,(152,192)))))),(69,(((157,121),(120,(133,160))),(((146,13),(191,84)),(139,(15,(39,(33,81))))))))),(((130,(85,196)),(((199,(185,53)),((144,200),((26,(7,(87,(110,71)))),(172,((56,45),(107,(1,48))))))),((123,111),((151,135),((58,180),(((112,(134,158)),((194,118),(10,(190,14)))),(((80,128),(170,150)),((169,155),((4,105),(124,(129,(178,181)))))))))))),(0,((89,((46,(57,67)),(((66,149),(24,(143,(125,34)))),((75,(62,(198,22))),(101,((122,188),(171,154))))))),((((29,115),(31,96)),((16,11),((64,(17,40)),(175,((77,2),(63,(153,(131,(37,147))))))))),((49,108),(((59,(167,137)),((177,197),((174,73),(38,44)))),(94,((159,127),(((148,141),(76,(23,82))),((74,(88,61)),(65,(182,(179,142))))))))))))))))))))))))));
Final quartet score is: 2384265544
Final normalized quartet score is: 0.7225228167248174
Extended species tree:
(36,(30,(((98,95)1:1.7270156839988504,(47,186)1:1.6553395977543068)0.69:0.10088754454815971,((12,(70,189)1:1.915913020980709)1:1.1093932339938328,((9,(104,(51,117)0.99:0.30748469974796055)0.79:0.1380204021079879)1:2.217878630822614,(((173,(97,86)1:1.9169226121820613)1:1.1601837181015326,(126,(183,(72,114)1:0.7537718023763802)1:2.133110713387686)1:0.4233880598029509)1:0.5338545151665056,(((119,(138,195)1:1.9138968912655243)1:2.4277482359480516,(176,(5,91)1:1.5804503755608483)1:3.5212454239493947)1:0.5000667154798271,(((106,((19,((103,20)1:2.8332133440562166,((28,(100,(68,136)1:0.5298709621202615)0.95:0.2297719201813926)1:0.9726114776248596,((55,27)1:3.4912692048048948,(99,(152,192)1:1.3263340401512684)1:1.2273532529700004)0.86:0.1646176797381983)1:0.8213148325342501)0.44:0.03540878111176014)1:1.5526811040536421,(69,(((157,121)1:1.7917594692280556,(120,(133,160)1:0.5813900546054264)1:2.022283127839887)1:2.804225807182966,(((146,13)1:3.5263605246161593,(191,84)1:0.48207983716588476)1:1.0833343720731485,(139,(15,(39,(33,81)0.85:0.15854236502784044)0.93:0.23033567101845992)1:2.060023455822734)1:1.91588148767365)1:1.0590997387024579)0.72:0.12524279566821428)1:1.26100551655365)1:0.3920510039062936)0.4:0.017600716466657434,(((130,(85,196)1:1.2237754316221159)1:3.5263605246161593,(((199,(185,53)1:3.516310188762658)1:0.9659954635765684,((144,200)1:2.3991476211148375,((26,(7,(87,(110,71)0.43:0.04129559149808668)0.95:0.23052365861183224)1:2.324942000095323)1:1.1442186719617056,(172,((56,45)0.84:0.1591233404966368,(107,(1,48)0.91:0.19397565552622933)0.98:0.2682639865946794)1:1.8836366345485944)1:0.923982778658047)1:1.008678350894861)1:1.1679355680052539)0.99:0.3058661722790969,((123,111)1:3.5263605246161593,((151,135)1:0.6595039782147857,((58,180)1:3.5152492991910926,(((112,(134,158)1:0.48738494785290515)1:0.4347059176352638,((194,118)1:2.8400393091266145,(10,(190,14)1:0.5306282510621702)1:2.2612830216522815)1:0.3694458504756738)0.97:0.26643348656476706,(((80,128)0.99:0.3321519319497569,(170,150)0.64:0.08934858861992441)1:1.2389360718527973,((169,155)1:2.0992441689760164,((4,105)1:0.7849416773399508,(124,(129,(178,181)0.54:0.06078246255545715)1:0.8553675580328124)0.42:0.030397011661137938)1:0.7731660771789606)1:0.889336629130265)1:0.47130342551623466)1:1.4138504325170755)0.56:0.06677875985022129)0.87:0.17212770182804896)0.65:0.10551339247217123)1:0.9919284940833116)1:0.40498259420860416,(0,((89,((46,(57,67)1:1.2237754316221159)1:3.5263605246161593,(((66,149)0.9:0.18526706702371137,(24,(143,(125,34)0.96:0.2680697552645551)0.65:0.09237332013101504)1:2.099244168976015)1:2.6097114340210936,((75,(62,(198,22)1:0.4818380868927383)1:1.8211510713545576)1:0.4383529749529995,(101,((122,188)1:0.3691441207438263,(171,154)1:0.5819215454497209)1:1.7346010553881062)1:0.6677374650345769)1:2.239582083642985)1:0.35776230841248075)1:0.5462626544093101)0.99:0.34075337359253655,((((29,115)1:2.8332133440562166,(31,96)1:2.8332133440562166)0.99:0.34313787110929783,((16,11)1:0.4182757950824272,((64,(17,40)1:2.4277482359480516)0.71:0.13046224615324226,(175,((77,2)1:0.9610940088899934,(63,(153,(131,(37,147)0.65:0.09221041388320037)1:0.5821887465201151)1:0.4813522962589441)1:0.869061171454786)0.98:0.3113886834421417)1:0.8586799002012272)1:0.40979628262834494)1:0.9074799747226724)1:1.929394263602514,((49,108)1:2.148734578259842,(((59,(167,137)1:0.4818380868927383)1:1.5114575040738965,((177,197)1:1.3006287862489518,((174,73)0.5:0.04496425848802344,(38,44)0.57:0.07621184439814725)1:1.6933688885897462)1:0.5645298027378518)1:3.493570701793174,(94,((159,127)0.77:0.13353139262452274,(((148,141)1:1.3272480856658173,(76,(23,82)0.72:0.12213742203746893)0.81:0.1500449741253565)0.97:0.26460767539156893,((74,(88,61)0.64:0.12516314295400605)1:1.3264191371438623,(65,(182,(179,142)0.91:0.19397565552622933)1:0.7842113857928225)0.94:0.2178764684101189)1:0.8283606593674525)1:1.6858108912186762)1:1.7420209882497644)0.45:0.02905840521822507)0.68:0.13577159508338582)1:1.3356864080322821)0.61:0.0771897788240657)0.5:0.06573038681551525)0.52:0.05234277997513764)0.42:0.026184480718931237)0.67:0.11008832296328695,(43,((165,((140,60)0.56:0.09121287227895954,((193,113)0.55:0.06065160836364264,((116,(187,83)1:1.4431382600964195)1:0.4351238399277216,(42,(109,92)1:1.437493842476742)0.99:0.32160096100907787)0.48:0.05019061605033203)1:1.7427786710533386)1:0.7242569139758869)0.43:0.03567226275793418,((54,((163,162)1:1.1749852674526835,(41,(79,(166,18)0.79:0.15854236502784044)1:1.0012412029630937)1:0.6359887667199969)1:2.9095045065183887)0.94:0.22131754874863147,((161,((93,168)1:1.0696247517948576,(102,(52,78)1:1.3291359472799418)1:0.7537718023763802)1:1.8881109149435156)1:0.5775734331753132,((184,(25,(145,156)1:1.128465251817791)1:0.6364118680590776)1:2.031755458475249,(8,((21,32)1:2.4277482359480516,((164,50)1:1.6681314103803648,(90,((35,(132,3)0.83:0.15889055444639996)1:0.8518618576851841,6)1:1.4492601567203707)0.96:0.23968153912283113)0.73:0.115539460604168)1:0.38789521377248476)1:0.4476008343723889)1:0.7075321892474814)0.8:0.15258499586130703)1:0.7941704060064493)1:1.0192164444070315)0.73:0.11625561423789549)1:0.3870761203779258)1:1.2978698789306962)0.98:0.28906811698837903)0.79:0.13709376267874673)1:0.8521071153514657)0.87:0.17331248685158868));
Weight calculation took 3.22868361 secs
ASTRAL finished in 15.572 secs
