
================== ASTRAL ===================== 

This is ASTRAL version 5.7.8
Gene trees are treated as unrooted
1000 trees read from Dataset/AstralII_data/model.200.2000000.0.000001/38/estimatedgenetre.halfresolved
index0
All output trees will be *arbitrarily* rooted at 36

======== Running the main analysis
Number of taxa: 201 (201 species)
Taxa: [36, 30, 47, 186, 9, 104, 51, 72, 173, 97, 86, 126, 117, 12, 70, 189, 114, 183, 57, 46, 67, 159, 127, 179, 142, 182, 148, 23, 82, 141, 88, 61, 74, 76, 65, 49, 108, 59, 167, 137, 177, 174, 73, 38, 44, 197, 16, 175, 153, 63, 37, 131, 147, 77, 64, 2, 17, 40, 11, 29, 115, 31, 96, 62, 198, 22, 75, 101, 171, 122, 188, 154, 66, 149, 24, 125, 34, 143, 43, 0, 94, 130, 85, 196, 134, 158, 194, 118, 10, 190, 14, 112, 4, 105, 124, 129, 178, 169, 155, 80, 170, 150, 128, 181, 151, 135, 123, 111, 58, 180, 199, 172, 56, 45, 1, 107, 48, 26, 7, 110, 71, 87, 144, 200, 185, 53, 106, 89, 25, 90, 184, 145, 156, 164, 6, 132, 3, 35, 50, 21, 32, 8, 161, 52, 78, 102, 93, 168, 193, 113, 187, 83, 42, 109, 92, 165, 140, 60, 116, 54, 166, 79, 18, 41, 163, 162, 98, 95, 176, 5, 91, 119, 138, 195, 28, 55, 27, 68, 136, 100, 103, 20, 99, 152, 192, 19, 69, 157, 121, 120, 133, 160, 191, 84, 146, 13, 139, 15, 39, 33, 81]
Taxon occupancy: {110=1000, 111=1000, 112=1000, 113=1000, 114=1000, 115=1000, 116=1000, 117=1000, 118=1000, 119=1000, 10=1000, 11=1000, 12=1000, 13=1000, 14=1000, 15=1000, 16=1000, 17=1000, 18=1000, 19=1000, 120=1000, 0=1000, 121=1000, 122=1000, 1=1000, 2=1000, 123=1000, 124=1000, 3=1000, 125=1000, 4=1000, 126=1000, 5=1000, 127=1000, 6=1000, 128=1000, 7=1000, 129=1000, 8=1000, 9=1000, 20=1000, 21=1000, 22=1000, 23=1000, 24=1000, 25=1000, 26=1000, 27=1000, 28=1000, 29=1000, 130=1000, 131=1000, 132=1000, 133=1000, 134=1000, 135=1000, 136=1000, 137=1000, 138=1000, 139=1000, 30=1000, 31=1000, 32=1000, 33=1000, 34=1000, 35=1000, 36=1000, 37=1000, 38=1000, 39=1000, 140=1000, 141=1000, 142=1000, 143=1000, 144=1000, 145=1000, 146=1000, 147=1000, 148=1000, 149=1000, 40=1000, 41=1000, 42=1000, 43=1000, 44=1000, 45=1000, 46=1000, 47=1000, 48=1000, 49=1000, 150=1000, 151=1000, 152=1000, 153=1000, 154=1000, 155=1000, 156=1000, 157=1000, 158=1000, 159=1000, 50=1000, 51=1000, 52=1000, 53=1000, 54=1000, 55=1000, 56=1000, 57=1000, 58=1000, 59=1000, 160=1000, 161=1000, 162=1000, 163=1000, 164=1000, 165=1000, 166=1000, 167=1000, 168=1000, 169=1000, 60=1000, 61=1000, 62=1000, 63=1000, 64=1000, 65=1000, 66=1000, 67=1000, 68=1000, 69=1000, 170=1000, 171=1000, 172=1000, 173=1000, 174=1000, 175=1000, 176=1000, 177=1000, 178=1000, 179=1000, 70=1000, 71=1000, 72=1000, 73=1000, 74=1000, 75=1000, 76=1000, 77=1000, 78=1000, 79=1000, 180=1000, 181=1000, 182=1000, 183=1000, 184=1000, 185=1000, 186=1000, 187=1000, 188=1000, 189=1000, 80=1000, 81=1000, 82=1000, 83=1000, 84=1000, 85=1000, 86=1000, 87=1000, 88=1000, 89=1000, 190=1000, 191=1000, 192=1000, 193=1000, 194=1000, 195=1000, 196=1000, 197=1000, 198=1000, 199=1000, 90=1000, 91=1000, 92=1000, 93=1000, 94=1000, 95=1000, 96=1000, 97=1000, 98=1000, 99=1000, 200=1000, 100=1000, 101=1000, 102=1000, 103=1000, 104=1000, 105=1000, 106=1000, 107=1000, 108=1000, 109=1000}
Number of gene trees: 1000
0 trees have missing taxa
Calculating quartet distance matrix (for completion of X)
Species tree distances calculated ...
Building set of clusters (X) from gene trees 
------------------------------
gradient0: 41957
Number of Clusters after addition by distance: 41957
calculating extra bipartitions to be added at level 1 ...
Adding to X using resolutions of greedy consensus ...
Limit for sigma of degrees:5075
polytomy size limit : 13
discarded polytomies:  [3, 3, 3, 3, 3, 3, 3, 3, 3, 3, 3, 3, 3, 3, 4, 4, 4, 4, 4, 4, 4, 4, 4, 4, 5, 5, 6, 6, 7, 8, 11, 13]
Threshold 0.0:
Threshold 0.01:
polytomy of size 4; rounds with additions with at least 5 support: 0; clusters: 41961
Threshold 0.02:
polytomy of size 4; rounds with additions with at least 5 support: 0; clusters: 41961
Threshold 0.05:
polytomy of size 7; rounds with additions with at least 5 support: 0; clusters: 41961
Threshold 0.1:
polytomy of size 8; rounds with additions with at least 5 support: 0; clusters: 41961
Threshold 0.2:
polytomy of size 5; rounds with additions with at least 5 support: 0; clusters: 41961
polytomy of size 3; rounds with additions with at least 5 support: 0; clusters: 41961
polytomy of size 3; rounds with additions with at least 5 support: 0; clusters: 41961
polytomy of size 4; rounds with additions with at least 5 support: 0; clusters: 41961
polytomy of size 11; rounds with additions with at least 5 support: 0; clusters: 41961
polytomy of size 3; rounds with additions with at least 5 support: 0; clusters: 41961
Threshold 0.3333333333333333:
polytomy of size 3; rounds with additions with at least 5 support: 0; clusters: 41961
polytomy of size 3; rounds with additions with at least 5 support: 0; clusters: 41961
polytomy of size 3; rounds with additions with at least 5 support: 0; clusters: 41961
polytomy of size 3; rounds with additions with at least 5 support: 0; clusters: 41961
polytomy of size 5; rounds with additions with at least 5 support: 0; clusters: 41961
polytomy of size 3; rounds with additions with at least 5 support: 0; clusters: 41961
polytomy of size 6; rounds with additions with at least 5 support: 0; clusters: 41961
polytomy of size 4; rounds with additions with at least 5 support: 0; clusters: 41961
polytomy of size 3; rounds with additions with at least 5 support: 0; clusters: 41961
polytomy of size 4; rounds with additions with at least 5 support: 0; clusters: 41961
polytomy of size 4; rounds with additions with at least 5 support: 0; clusters: 41961
polytomy of size 3; rounds with additions with at least 5 support: 0; clusters: 41961
polytomy of size 3; rounds with additions with at least 5 support: 0; clusters: 41961
polytomy of size 3; rounds with additions with at least 5 support: 0; clusters: 41961
polytomy of size 4; rounds with additions with at least 5 support: 0; clusters: 41961
polytomy of size 3; rounds with additions with at least 5 support: 0; clusters: 41961
polytomy of size 3; rounds with additions with at least 5 support: 0; clusters: 41961
polytomy of size 4; rounds with additions with at least 5 support: 0; clusters: 41961
polytomy of size 6; rounds with additions with at least 5 support: 0; clusters: 41961
polytomy of size 13; rounds with additions with at least 5 support: 0; clusters: 41961
polytomy of size 4; rounds with additions with at least 5 support: 0; clusters: 41961
polytomy of size 4; rounds with additions with at least 5 support: 0; clusters: 41961
max k is :0
Number of Clusters after addition by greedy: 41961
gradient0 in heuristiic: 41961
partitions formed in 50.238 secs
Dynamic Programming starting after 50.238 secs
Using tree-based weight calculation.
Using polytree-based weight calculation.
Polytree max score: 65998330944
Polytree building time: 4.001 seconds.
Number of quartet trees in the gene trees: 65998330944
Size of largest cluster: 201
Greedy score: 44787166651
estimationFactor: 1.473599155273342
Sub-optimal score: 46251714241
Calculated 100000 weights; time (seconds): 263
Total Number of elements weighted: 179883
Normalized score (portion of input quartet trees satisfied before correcting for multiple individuals): 0.7166582884366101
Optimization score: 47298250894
Optimal tree inferred in 406.33 secs.
(6,((35,(132,3)),(90,(((164,50),(21,32)),(8,((184,(25,(145,156))),((161,((93,168),(102,(52,78)))),((54,((163,162),(41,(166,(79,18))))),((165,((140,60),(193,((42,(109,92)),(113,(116,(187,83))))))),(43,((((119,(138,195)),(176,(5,91))),(((173,(97,86)),(126,(183,(72,114)))),((9,(104,(51,117))),((12,(70,189)),((36,30),((98,95),(47,186))))))),((106,((19,((103,20),((28,(100,(68,136))),((55,27),(99,(152,192)))))),(69,(((157,121),(120,(133,160))),(((146,13),(191,84)),(139,(15,(39,(33,81))))))))),(((130,(85,196)),(((199,(185,53)),((144,200),((26,(7,(87,(110,71)))),(172,(45,(56,(107,(1,48)))))))),((123,111),((151,135),((58,180),(((112,(134,158)),((194,118),(10,(190,14)))),(((80,128),(170,150)),((169,155),((4,105),(124,(178,(129,181)))))))))))),((((29,115),(31,96)),((16,11),((64,(17,40)),(175,((77,2),(63,(153,(131,(37,147))))))))),(0,((89,((46,(57,67)),(((66,149),(24,(143,(125,34)))),((75,(62,(198,22))),(101,((122,188),(171,154))))))),((49,108),(((59,(167,137)),((177,197),(44,(73,(174,38))))),(94,((159,127),(((148,141),(76,(23,82))),((74,(88,61)),(65,(182,(179,142)))))))))))))))))))))))));
Final quartet score is: 47298250894
Final normalized quartet score is: 0.7166582884366101
Extended species tree:
(36,(30,(((98,95)1:1.6340191261371881,(47,186)1:1.7832736410099423)1:0.09977172379297115,((12,(70,189)1:2.1082171916998744)1:1.208648759405465,((9,(104,(51,117)1:0.22634243822270877)1:0.2516988168912885)1:1.5282747497506413,(((173,(97,86)1:2.811636290210399)1:1.0690641479268501,(126,(183,(72,114)1:0.8403291910711101)1:2.914567148827413)1:0.4787291182468999)1:0.6474511745338221,(((119,(138,195)1:1.3499104995318338)1:3.5474449997940547,(176,(5,91)1:2.3444065878473834)1:3.4973532274788273)1:0.42195351607607856,(((106,((19,((103,20)1:2.4744561626581003,((28,(100,(68,136)1:0.8085580320712733)1:0.3285146423240632)1:1.581556429189582,((55,27)1:2.8751012739394395,(99,(152,192)1:1.6122951979880549)1:1.2734300605994815)1:0.1879222514047817)1:0.8502563176978838)0.61:0.02022142325481758)1:1.805053993769136,(69,(((157,121)1:1.5997548788338243,(120,(133,160)1:0.6891440633611543)1:2.1024519220319506)1:2.5564472018501805,(((146,13)1:2.5046699263469976,(191,84)1:0.4112221002736111)1:0.9338146839097956,(139,(15,(39,(33,81)1:0.38280457687745506)0.98:0.059142274280329345)1:2.431649902678709)1:1.6911053158346392)1:0.9968010292312937)1:0.15266795876296183)1:1.1275174126214658)1:0.440795642404995)1:0.09129449785359624,(((130,(85,196)1:1.2457942991792743)1:4.171080579002516,(((199,(185,53)1:4.71068880521079)1:0.7418229334678684,((144,200)1:3.1160512891304815,((26,(7,(87,(110,71)1:0.10853014397125003)1:0.1557325140238995)1:1.8584246563235143)1:1.5217911339231225,(172,(45,(56,(107,(1,48)1:0.18309662412062122)1:0.29416180213706905)1:0.09104503199131311)1:2.4452252556313185)1:0.5929495569772952)1:1.076520223879977)1:1.238364369945665)1:0.3257783441001945,((123,111)1:4.834280913272294,((151,135)1:0.6569377387205059,((58,180)1:3.65135680925787,(((112,(134,158)1:0.43342712486060997)1:0.5378752315029393,((194,118)1:2.966278352149651,(10,(190,14)1:0.6910886946359965)1:1.9484414471351112)1:0.45599062486187275)1:0.3621285744019163,(((80,128)1:0.47333681497257507,(170,150)1:0.184166084112556)1:1.541176058806358,((169,155)1:2.3685791769946314,((4,105)1:0.9328969630631927,(124,(178,(129,181)0.53:0.014253616011499487)1:1.0567054707317325)1:0.11229353898941373)1:1.0229651863284732)1:0.799781705124356)1:0.30965961753138693)1:1.5041902442128492)0.67:0.02631057213840984)1:0.18920041059976148)1:0.23812703063628568)1:1.1230795181687907)1:0.28348843868156604,((((29,115)1:3.736108946878023,(31,96)1:3.145844404601884)1:0.3231094421594937,((16,11)1:0.22737079475410107,((64,(17,40)1:2.644582205547226)1:0.48602112675819664,(175,((77,2)1:0.8219109357662191,(63,(153,(131,(37,147)1:0.1208029655417508)1:0.7830805397087417)1:0.4893371012247832)1:1.3412209349696627)1:0.2643802916516649)1:1.0384388876191977)1:0.26608341577178335)1:0.9649422139458504)1:2.2869765543417473,(0,((89,((46,(57,67)1:1.4470438658587481)1:3.1445727117244955,(((66,149)1:0.07897559492324467,(24,(143,(125,34)1:0.25123478486713113)1:0.15188218222914932)1:2.6144565618596545)1:2.693290791347431,((75,(62,(198,22)1:0.9426080401915286)1:1.3153652020886935)1:0.5731650624572843,(101,((122,188)1:0.12745662733157523,(171,154)1:0.3769632331796)1:2.4864241413982633)1:0.8429208893589019)1:2.1957619901281036)1:0.24326657215700054)1:0.7976042464047668)1:0.20619210615280267,((49,108)1:3.000754138474112,(((59,(167,137)1:0.665515051503176)1:2.225310275256282,((177,197)1:1.0467694066087192,(44,(73,(174,38)0.9:0.0443773107225324)1:0.08813660603841973)1:1.7586251371724004)1:0.5360995841100614)1:2.8188188536972416,(94,((159,127)1:0.1520283869084818,(((148,141)1:1.2010683703110014,(76,(23,82)1:0.259495218162791)1:0.18859107363831204)1:0.27040615359331277,((74,(88,61)1:0.23818506946152027)1:1.3094263013231895,(65,(182,(179,142)1:0.38966336135422375)1:0.6075243389585872)1:0.3190439874142449)1:0.721117591152846)1:1.9066253823053325)1:1.7078064982984134)1:0.26602510501779963)1:0.18146692946552578)1:1.3944236801873509)0.81:0.03546576809077776)0.62:0.024252755362791117)1:0.09797236253829211)0.96:0.0506955612721041)1:0.10369349619543121,(43,((165,((140,60)1:0.13964905444259318,(193,((42,(109,92)1:0.9496104763568467)1:0.29280217739162623,(113,(116,(187,83)1:1.420746546961124)1:0.35580874921547667)1:0.17578638349332504)1:0.08244880328030449)1:1.9749657984564142)1:0.7579812393441699)1:0.14074260852977818,((54,((163,162)1:1.2367474714793876,(41,(166,(79,18)1:0.44882661392747725)1:1.1326364297504887)1:0.7900934819375774)1:2.313410415179288)1:0.2928055820747824,((161,((93,168)1:1.846240478040904,(102,(52,78)1:1.1609795846301616)1:1.0861240768840603)1:1.5678631082853478)1:0.9300093937232231,((184,(25,(145,156)1:1.3443795119802997)1:0.7602295411166948)1:1.2324909879331496,(8,(((164,50)1:1.2068903866575655,(21,32)1:2.6616412382538965)0.71:0.02564645966870577,(90,((35,(132,3)0.45:0.010999045491496605)1:0.9960076721693358,6)1:1.1168938946514178)1:0.214576530322934)1:0.43779400605786667)1:0.3211212885523148)1:1.0078319734853647)1:0.11386180836818216)1:0.8186423285614765)1:1.2233896093788952)1:0.42114335087186194)1:0.24756635127492926)1:1.7439783142953977)1:0.1337139981581579)1:0.2009477051798981)1:0.8998544188743636)1:0.10466273923164117));
Weight calculation took 334.635186131 secs
ASTRAL finished in 416.594 secs
