
================== ASTRAL ===================== 

This is ASTRAL version 5.7.8
Gene trees are treated as unrooted
200 trees read from Dataset/AstralII_data/model.200.2000000.0.000001/38/estimatedgenetre.halfresolved_200
index0
All output trees will be *arbitrarily* rooted at 36

======== Running the main analysis
Number of taxa: 201 (201 species)
Taxa: [36, 30, 47, 186, 9, 104, 51, 72, 173, 97, 86, 126, 117, 12, 70, 189, 114, 183, 57, 46, 67, 159, 127, 179, 142, 182, 148, 23, 82, 141, 88, 61, 74, 76, 65, 49, 108, 59, 167, 137, 177, 174, 73, 38, 44, 197, 16, 175, 153, 63, 37, 131, 147, 77, 64, 2, 17, 40, 11, 29, 115, 31, 96, 62, 198, 22, 75, 101, 171, 122, 188, 154, 66, 149, 24, 125, 34, 143, 43, 0, 94, 130, 85, 196, 134, 158, 194, 118, 10, 190, 14, 112, 4, 105, 124, 129, 178, 169, 155, 80, 170, 150, 128, 181, 151, 135, 123, 111, 58, 180, 199, 172, 56, 45, 1, 107, 48, 26, 7, 110, 71, 87, 144, 200, 185, 53, 106, 89, 25, 90, 184, 145, 156, 164, 6, 132, 3, 35, 50, 21, 32, 8, 161, 52, 78, 102, 93, 168, 193, 113, 187, 83, 42, 109, 92, 165, 140, 60, 116, 54, 166, 79, 18, 41, 163, 162, 98, 95, 176, 5, 91, 119, 138, 195, 28, 55, 27, 68, 136, 100, 103, 20, 99, 152, 192, 19, 69, 157, 121, 120, 133, 160, 191, 84, 146, 13, 139, 15, 39, 33, 81]
Taxon occupancy: {110=200, 111=200, 112=200, 113=200, 114=200, 115=200, 116=200, 117=200, 118=200, 119=200, 10=200, 11=200, 12=200, 13=200, 14=200, 15=200, 16=200, 17=200, 18=200, 19=200, 120=200, 0=200, 121=200, 122=200, 1=200, 2=200, 123=200, 124=200, 3=200, 125=200, 4=200, 126=200, 5=200, 127=200, 6=200, 128=200, 7=200, 129=200, 8=200, 9=200, 20=200, 21=200, 22=200, 23=200, 24=200, 25=200, 26=200, 27=200, 28=200, 29=200, 130=200, 131=200, 132=200, 133=200, 134=200, 135=200, 136=200, 137=200, 138=200, 139=200, 30=200, 31=200, 32=200, 33=200, 34=200, 35=200, 36=200, 37=200, 38=200, 39=200, 140=200, 141=200, 142=200, 143=200, 144=200, 145=200, 146=200, 147=200, 148=200, 149=200, 40=200, 41=200, 42=200, 43=200, 44=200, 45=200, 46=200, 47=200, 48=200, 49=200, 150=200, 151=200, 152=200, 153=200, 154=200, 155=200, 156=200, 157=200, 158=200, 159=200, 50=200, 51=200, 52=200, 53=200, 54=200, 55=200, 56=200, 57=200, 58=200, 59=200, 160=200, 161=200, 162=200, 163=200, 164=200, 165=200, 166=200, 167=200, 168=200, 169=200, 60=200, 61=200, 62=200, 63=200, 64=200, 65=200, 66=200, 67=200, 68=200, 69=200, 170=200, 171=200, 172=200, 173=200, 174=200, 175=200, 176=200, 177=200, 178=200, 179=200, 70=200, 71=200, 72=200, 73=200, 74=200, 75=200, 76=200, 77=200, 78=200, 79=200, 180=200, 181=200, 182=200, 183=200, 184=200, 185=200, 186=200, 187=200, 188=200, 189=200, 80=200, 81=200, 82=200, 83=200, 84=200, 85=200, 86=200, 87=200, 88=200, 89=200, 190=200, 191=200, 192=200, 193=200, 194=200, 195=200, 196=200, 197=200, 198=200, 199=200, 90=200, 91=200, 92=200, 93=200, 94=200, 95=200, 96=200, 97=200, 98=200, 99=200, 200=200, 100=200, 101=200, 102=200, 103=200, 104=200, 105=200, 106=200, 107=200, 108=200, 109=200}
Number of gene trees: 200
0 trees have missing taxa
Calculating quartet distance matrix (for completion of X)
Species tree distances calculated ...
Building set of clusters (X) from gene trees 
------------------------------
gradient0: 13465
Number of Clusters after addition by distance: 13465
calculating extra bipartitions to be added at level 1 ...
Adding to X using resolutions of greedy consensus ...
Limit for sigma of degrees:5075
polytomy size limit : 13
discarded polytomies:  [3, 3, 3, 3, 3, 3, 3, 3, 3, 3, 3, 3, 3, 3, 3, 4, 4, 4, 4, 4, 4, 4, 4, 4, 4, 5, 5, 6, 6, 6, 8, 11, 13]
Threshold 0.0:
Threshold 0.01:
polytomy of size 3; rounds with additions with at least 5 support: 0; clusters: 13467
Threshold 0.02:
polytomy of size 4; rounds with additions with at least 5 support: 1; clusters: 13477
Threshold 0.05:
polytomy of size 6; rounds with additions with at least 5 support: 1; clusters: 13479
Threshold 0.1:
polytomy of size 8; rounds with additions with at least 5 support: 0; clusters: 13481
Threshold 0.2:
polytomy of size 3; rounds with additions with at least 5 support: 0; clusters: 13481
polytomy of size 5; rounds with additions with at least 5 support: 0; clusters: 13481
polytomy of size 3; rounds with additions with at least 5 support: 0; clusters: 13481
polytomy of size 3; rounds with additions with at least 5 support: 0; clusters: 13481
polytomy of size 4; rounds with additions with at least 5 support: 0; clusters: 13481
polytomy of size 11; rounds with additions with at least 5 support: 0; clusters: 13481
polytomy of size 3; rounds with additions with at least 5 support: 0; clusters: 13481
Threshold 0.3333333333333333:
polytomy of size 3; rounds with additions with at least 5 support: 0; clusters: 13481
polytomy of size 4; rounds with additions with at least 5 support: 0; clusters: 13481
polytomy of size 3; rounds with additions with at least 5 support: 0; clusters: 13481
polytomy of size 3; rounds with additions with at least 5 support: 0; clusters: 13481
polytomy of size 5; rounds with additions with at least 5 support: 0; clusters: 13481
polytomy of size 3; rounds with additions with at least 5 support: 0; clusters: 13481
polytomy of size 6; rounds with additions with at least 5 support: 0; clusters: 13481
polytomy of size 4; rounds with additions with at least 5 support: 0; clusters: 13481
polytomy of size 3; rounds with additions with at least 5 support: 0; clusters: 13481
polytomy of size 4; rounds with additions with at least 5 support: 0; clusters: 13481
polytomy of size 3; rounds with additions with at least 5 support: 0; clusters: 13481
polytomy of size 4; rounds with additions with at least 5 support: 0; clusters: 13481
polytomy of size 4; rounds with additions with at least 5 support: 0; clusters: 13481
polytomy of size 3; rounds with additions with at least 5 support: 0; clusters: 13481
polytomy of size 3; rounds with additions with at least 5 support: 0; clusters: 13481
polytomy of size 3; rounds with additions with at least 5 support: 0; clusters: 13481
polytomy of size 3; rounds with additions with at least 5 support: 0; clusters: 13481
polytomy of size 4; rounds with additions with at least 5 support: 0; clusters: 13481
polytomy of size 6; rounds with additions with at least 5 support: 0; clusters: 13481
polytomy of size 13; rounds with additions with at least 5 support: 0; clusters: 13481
polytomy of size 4; rounds with additions with at least 5 support: 0; clusters: 13481
polytomy of size 4; rounds with additions with at least 5 support: 0; clusters: 13481
max k is :2
Number of Clusters after addition by greedy: 13481
gradient0 in heuristiic: 13481
partitions formed in 7.941 secs
Dynamic Programming starting after 7.941 secs
Using tree-based weight calculation.
Using polytree-based weight calculation.
Polytree max score: 13199668221
Polytree building time: 0.28 seconds.
Number of quartet trees in the gene trees: 13199668221
Size of largest cluster: 201
Greedy score: 8889405644
estimationFactor: 1.4848763516500407
Sub-optimal score: 9150622383
Total Number of elements weighted: 31492
Normalized score (portion of input quartet trees satisfied before correcting for multiple individuals): 0.7169725745790774
Optimization score: 9463800108
Optimal tree inferred in 24.163 secs.
(6,((3,(132,35)),(90,((164,50),((21,32),(8,((184,(25,(145,156))),((161,((93,168),(102,(52,78)))),((54,((163,162),(41,(166,(79,18))))),((165,((140,60),(193,((42,(109,92)),(113,(116,(187,83))))))),(43,((((119,(138,195)),(176,(5,91))),(((173,(97,86)),(126,(183,(72,114)))),((9,(104,(51,117))),((12,(70,189)),((36,30),((98,95),(47,186))))))),((0,((((29,115),(31,96)),((16,11),((64,(17,40)),(175,((77,2),(63,(153,(131,(37,147))))))))),((89,((46,(57,67)),(((66,149),(24,(143,(125,34)))),((75,(62,(198,22))),(101,((122,188),(171,154))))))),((49,108),(((59,(167,137)),((177,197),(44,(73,(174,38))))),(94,((159,127),(((148,141),(76,(23,82))),((74,(88,61)),(65,(182,(179,142)))))))))))),((106,((19,((103,20),((28,(100,(68,136))),((55,27),(99,(152,192)))))),(69,(((157,121),(120,(133,160))),(((146,13),(191,84)),(139,(15,(39,(33,81))))))))),((130,(85,196)),(((199,(185,53)),((144,200),((26,(7,(87,(110,71)))),(172,(45,(56,(107,(1,48)))))))),((123,111),((151,135),((58,180),(((112,(134,158)),((194,118),(10,(190,14)))),(((80,128),(170,150)),((169,155),(124,((4,105),(178,(129,181))))))))))))))))))))))))));
Final quartet score is: 9463800108
Final normalized quartet score is: 0.7169725745790774
Extended species tree:
(36,(30,(((98,95)1:1.4448754628306733,(47,186)1:1.719680222233333)0.99:0.14911887154178194,((12,(70,189)1:2.1249354709545254)1:1.297440604135038,((9,(104,(51,117)1:0.29261911018765213)1:0.27835629632354103)1:1.8040341357560783,(((173,(97,86)1:2.5932365428006285)1:1.0062956813587263,(126,(183,(72,114)1:0.7707054149058197)1:2.697517937300391)1:0.5196291424785143)1:0.5521246704519326,(((119,(138,195)1:1.4008732070327172)1:3.799227511282799,(176,(5,91)1:1.9534008207844709)1:3.858197519821098)1:0.4636319318906849,(((0,((((29,115)1:3.106080330722857,(31,96)1:3.51154543883102)1:0.34719599395623196,((16,11)1:0.20369650993626479,((64,(17,40)1:2.8158761888383648)1:0.3616248921714456,(175,((77,2)1:0.8582127276516949,(63,(153,(131,(37,147)1:0.2011800844379483)1:0.7031975164134469)1:0.47083654786086315)1:1.2965459270129784)1:0.249580347088539)1:1.0653483546589766)1:0.2698729334790593)1:0.8994827301909091)1:1.9933353230602178,((89,((46,(57,67)1:1.3143208614948017)1:3.263895884366747,(((66,149)0.98:0.1319690032718293,(24,(143,(125,34)1:0.1884664881781364)0.99:0.15039494033556974)1:2.5952547069568634)1:2.556901707719326,((75,(62,(198,22)1:0.7547852435197376)1:1.3441610061859015)1:0.5351791691570876,(101,((122,188)0.93:0.10614792224661611,(171,154)1:0.37063115543253194)1:2.4990173133633498)1:0.9764596676330888)1:2.3511004594239155)1:0.21980406478453826)1:0.6818504510381361)1:0.253049788174748,((49,108)1:2.5105416038972894,(((59,(167,137)1:0.5669071174930841)1:2.040412197774099,((177,197)1:1.2790871016861394,(44,(73,(174,38)0.43:0.01473183298571722)0.5:0.026641627893205573)1:1.6785879774026287)1:0.4885831242762416)1:3.2627818653168297,(94,((159,127)0.98:0.13479782937212756,(((148,141)1:1.0191906881086383,(76,(23,82)1:0.25330322377526565)1:0.18827512598400709)1:0.23028287715298557,((74,(88,61)0.94:0.11060061431126089)1:1.2079299490430782,(65,(182,(179,142)1:0.3231808898654415)1:0.6787054101933337)1:0.289907110168441)1:0.7237849689726847)1:1.9870431372027046)1:1.658722200427972)0.98:0.14489225033188655)0.99:0.14609330704713866)1:1.274443982821579)0.68:0.06188859187868043)0.46:0.03191812110309489)0.89:0.08989932541396353,((106,((19,((103,20)1:2.6693986671625596,((28,(100,(68,136)1:0.7078025170835862)1:0.2534489008095387)1:1.4148704374395467,((55,27)1:3.0174404618521047,(99,(152,192)1:1.7187343342131645)1:1.0965773517240576)1:0.2253639288635915)1:0.9166934052378435)0.77:0.07435605043432328)1:1.831994186851169,(69,(((157,121)1:1.3813315717777621,(120,(133,160)1:0.6930718027285295)1:2.0357118079751553)1:2.3923421575064054,(((146,13)1:2.4985610821543944,(191,84)1:0.566639029520181)1:0.8405356904891591,(139,(15,(39,(33,81)1:0.292467614164133)0.89:0.09769577935492096)1:2.470992329714566)1:1.684814388760885)1:1.0055776045114833)1:0.16022857063075852)1:1.2149580443470758)1:0.42733937333777144)0.61:0.04578210826314916,((130,(85,196)1:1.4321038971511846)1:4.427378400040275,(((199,(185,53)1:4.887789464097414)1:0.7028819390319277,((144,200)1:3.2893694734655443,((26,(7,(87,(110,71)0.98:0.14301396949441322)1:0.16354630171700224)1:1.748321344477834)1:1.368658180966708,(172,(45,(56,(107,(1,48)1:0.29696747290502196)1:0.28284493808638256)0.82:0.07487366897520559)1:2.4724699557463667)1:0.630928709223385)1:1.028755759331707)1:1.2909697350011262)1:0.25306132133151593,((123,111)1:4.897839799950916,((151,135)1:0.5795952528428553,((58,180)1:4.055261759533081,(((112,(134,158)1:0.45524796293237324)1:0.5533213559969681,((194,118)1:3.165642591874196,(10,(190,14)1:0.6637332953536519)1:1.740405256805702)1:0.40094167551634713)1:0.29091149185732373,(((80,128)1:0.5952849699568495,(170,150)1:0.18270044514009298)1:1.405227903966644,((169,155)1:2.2240485486697157,(124,((4,105)1:0.8728222272232745,(178,(129,181)0.67:0.05353341733947961)1:1.2148770497530816)0.57:0.037881643275163496)1:0.933519341259101)1:0.7648166321006703)1:0.29623604901144185)1:1.5450037870670172)0.75:0.06574114410276337)0.97:0.12433612830203726)1:0.16923622528177198)1:1.1729539216689007)1:0.3333241564289812)0.42:0.01786589586117254)0.99:0.1590415599289073,(43,((165,((140,60)0.87:0.09124717828189986,(193,((42,(109,92)1:1.0892711594660844)1:0.3242985987915327,(113,(116,(187,83)1:1.6012549907553932)1:0.27768098396592317)0.99:0.15965883220490024)0.6:0.041255881459028004)1:1.8784004951967885)1:0.763199697550802)0.75:0.06297776999671802,((54,((163,162)1:1.160170181667543,(41,(166,(79,18)1:0.343856587580508)1:0.9658648800724681)1:0.8432049593161178)1:2.6642705904906245)1:0.27784423129582647,((161,((93,168)1:1.7059926474706308,(102,(52,78)1:1.160170181667543)1:1.0266387890430204)1:1.5413894847527538)1:0.9307921121037074,((184,(25,(145,156)1:1.1137649568265549)1:0.6638436523586748)1:1.4664780849346863,(8,((21,32)1:2.423216497769528,((164,50)1:1.3353011579161453,(90,((3,(132,35)0.51:0.04588845328659298)1:0.9364949853829805,6)1:1.19167856694712)0.98:0.1323560784771785)0.55:0.03188913507312933)1:0.3602704107069371)1:0.3111443354375343)1:0.954860767563533)0.77:0.0678201138061481)1:0.6198473094738914)1:1.1734964889872277)1:0.3667442911975423)1:0.26516013774771224)1:1.4817268255549372)1:0.19801398171715814)1:0.17074230141668537)1:0.8339268527629617)0.95:0.11179140598811656));
Weight calculation took 14.610912726 secs
ASTRAL finished in 26.347 secs
