
================== ASTRAL ===================== 

This is ASTRAL version 5.7.8
Gene trees are treated as unrooted
50 trees read from Dataset/AstralII_data/model.200.500000.0.000001/04/estimatedgenetre.halfresolved_50
index0
All output trees will be *arbitrarily* rooted at 186

======== Running the main analysis
Number of taxa: 201 (201 species)
Taxa: [186, 118, 28, 63, 105, 95, 81, 114, 165, 100, 181, 18, 21, 93, 59, 40, 128, 140, 137, 13, 194, 111, 154, 86, 174, 2, 27, 90, 48, 158, 62, 129, 6, 74, 51, 14, 15, 68, 24, 71, 146, 149, 195, 122, 126, 33, 56, 78, 30, 73, 58, 55, 178, 159, 193, 170, 188, 7, 67, 80, 116, 87, 199, 83, 8, 134, 26, 22, 145, 25, 139, 163, 143, 34, 64, 124, 57, 10, 1, 110, 29, 77, 141, 177, 72, 184, 182, 144, 31, 187, 23, 66, 175, 171, 189, 160, 185, 82, 167, 69, 115, 4, 120, 147, 96, 94, 183, 20, 197, 113, 53, 49, 91, 109, 61, 52, 44, 196, 11, 70, 84, 103, 191, 17, 172, 112, 179, 121, 190, 152, 155, 32, 162, 92, 46, 101, 127, 108, 16, 173, 150, 75, 76, 131, 88, 176, 79, 130, 117, 37, 161, 156, 107, 89, 125, 153, 106, 135, 65, 99, 50, 98, 47, 5, 104, 151, 42, 54, 102, 119, 9, 138, 85, 3, 45, 142, 60, 39, 164, 41, 168, 136, 166, 43, 12, 192, 157, 0, 169, 198, 35, 180, 148, 36, 200, 97, 123, 132, 19, 133, 38]
Taxon occupancy: {110=50, 111=50, 112=50, 113=50, 114=50, 115=50, 116=50, 117=50, 118=50, 119=50, 10=50, 11=50, 12=50, 13=50, 14=50, 15=50, 16=50, 17=50, 18=50, 19=50, 120=50, 121=50, 0=50, 122=50, 1=50, 2=50, 123=50, 124=50, 3=50, 4=50, 125=50, 126=50, 5=50, 6=50, 127=50, 128=50, 7=50, 129=50, 8=50, 9=50, 20=50, 21=50, 22=50, 23=50, 24=50, 25=50, 26=50, 27=50, 28=50, 29=50, 130=50, 131=50, 132=50, 133=50, 134=50, 135=50, 136=50, 137=50, 138=50, 139=50, 30=50, 31=50, 32=50, 33=50, 34=50, 35=50, 36=50, 37=50, 38=50, 39=50, 140=50, 141=50, 142=50, 143=50, 144=50, 145=50, 146=50, 147=50, 148=50, 149=50, 40=50, 41=50, 42=50, 43=50, 44=50, 45=50, 46=50, 47=50, 48=50, 49=50, 150=50, 151=50, 152=50, 153=50, 154=50, 155=50, 156=50, 157=50, 158=50, 159=50, 50=50, 51=50, 52=50, 53=50, 54=50, 55=50, 56=50, 57=50, 58=50, 59=50, 160=50, 161=50, 162=50, 163=50, 164=50, 165=50, 166=50, 167=50, 168=50, 169=50, 60=50, 61=50, 62=50, 63=50, 64=50, 65=50, 66=50, 67=50, 68=50, 69=50, 170=50, 171=50, 172=50, 173=50, 174=50, 175=50, 176=50, 177=50, 178=50, 179=50, 70=50, 71=50, 72=50, 73=50, 74=50, 75=50, 76=50, 77=50, 78=50, 79=50, 180=50, 181=50, 182=50, 183=50, 184=50, 185=50, 186=50, 187=50, 188=50, 189=50, 80=50, 81=50, 82=50, 83=50, 84=50, 85=50, 86=50, 87=50, 88=50, 89=50, 190=50, 191=50, 192=50, 193=50, 194=50, 195=50, 196=50, 197=50, 198=50, 199=50, 90=50, 91=50, 92=50, 93=50, 94=50, 95=50, 96=50, 97=50, 98=50, 99=50, 200=50, 100=50, 101=50, 102=50, 103=50, 104=50, 105=50, 106=50, 107=50, 108=50, 109=50}
Number of gene trees: 50
0 trees have missing taxa
Calculating quartet distance matrix (for completion of X)
Species tree distances calculated ...
Building set of clusters (X) from gene trees 
------------------------------
gradient0: 12587
Number of Clusters after addition by distance: 12587
calculating extra bipartitions to be added at level 1 ...
Adding to X using resolutions of greedy consensus ...
Limit for sigma of degrees:5075
polytomy size limit : 55
discarded polytomies: 71 95 120  [3, 3, 4, 4, 4, 4, 4, 4, 4, 4, 27, 27, 27, 55, 71, 95, 120]
Threshold 0.0:
polytomy of size 4; rounds with additions with at least 5 support: 1; clusters: 12607
polytomy of size 4; rounds with additions with at least 5 support: 2; clusters: 12627
polytomy of size 27; rounds with additions with at least 5 support: 5; clusters: 24643
Threshold 0.01:
polytomy of size 4; rounds with additions with at least 5 support: 0; clusters: 24643
polytomy of size 4; rounds with additions with at least 5 support: 0; clusters: 24643
polytomy of size 27; rounds with additions with at least 5 support: 0; clusters: 35209
Threshold 0.02:
polytomy of size 4; rounds with additions with at least 5 support: 0; clusters: 35209
polytomy of size 4; rounds with additions with at least 5 support: 0; clusters: 35209
polytomy of size 27; rounds with additions with at least 5 support: 0; clusters: 45203
Threshold 0.05:
polytomy of size 3; rounds with additions with at least 5 support: 1; clusters: 45205
polytomy of size 55; rounds with additions with at least 5 support: 6; clusters: 46185
Threshold 0.1:
polytomy of size 71; rounds with additions with at least 5 support: 1; clusters: 46695
Threshold 0.2:
polytomy of size 95; rounds with additions with at least 5 support: 1; clusters: 47219
Threshold 0.3333333333333333:
polytomy of size 4; rounds with additions with at least 5 support: 0; clusters: 47219
polytomy of size 4; rounds with additions with at least 5 support: 0; clusters: 47219
polytomy of size 3; rounds with additions with at least 5 support: 0; clusters: 47219
polytomy of size 120; rounds with additions with at least 5 support: 0; clusters: 47527
max k is :12
Number of Clusters after addition by greedy: 47527
gradient0 in heuristiic: 47527
partitions formed in 26.063 secs
Dynamic Programming starting after 26.064 secs
Using tree-based weight calculation.
Using polytree-based weight calculation.
Polytree max score: 3299911986
Polytree building time: 0.076 seconds.
Number of quartet trees in the gene trees: 3299911986
Size of largest cluster: 201
Greedy score: 1335742992
estimationFactor: 2.4704692487729707
Sub-optimal score: 1399420086
Calculated 100000 weights; time (seconds): 60
Total Number of elements weighted: 132328
Normalized score (portion of input quartet trees satisfied before correcting for multiple individuals): 0.4794473330538095
Optimization score: 1582134001
Optimal tree inferred in 72.928 secs.
(166,((43,(12,192)),((34,157),(((112,(159,193)),(155,(((82,167),(49,(91,109))),((32,(162,(92,46))),((124,(4,(120,(147,96)))),(115,(64,(20,(94,183))))))))),(((0,((40,174),(14,15))),((195,(169,198)),((86,((144,(78,30)),(171,((160,185),(182,189))))),((((181,18),((31,187),(66,(23,175)))),((177,72),(((62,129),(158,101)),(2,(27,(90,48)))))),(((137,13),((140,111),(194,154))),((122,56),(65,(((135,60),(164,41)),((126,33),(45,(142,39))))))))))),((163,(73,(58,55))),(((((128,88),(108,16)),(99,((75,(173,150)),((131,(127,76)),(47,(5,(50,98))))))),((176,((1,110),(29,77))),(((196,11),(57,10)),((84,(141,70)),((44,(61,(197,52))),(103,(69,((184,(113,53)),(191,(17,172)))))))))),((((168,136),(152,(179,(121,190)))),(((104,151),(6,(74,51))),((((145,25),(54,102)),((37,(117,161)),(156,(89,(107,125))))),((116,(119,(138,(9,85)))),(178,(42,((67,80),((134,26),(83,(8,(22,(87,199)))))))))))),(114,(((186,((132,19),(133,(180,38)))),(((93,59),(170,153)),(143,(106,(79,130))))),((63,(118,28)),(((81,(95,(105,100))),((68,24),(165,(146,(71,149))))),((148,(3,36)),((139,(200,97)),((188,7),(123,(21,35)))))))))))))))));
Final quartet score is: 1582134001
Final normalized quartet score is: 0.4794473330538095
Extended species tree:
(186,(((132,19)1:0.8575038261530886,(133,(180,38)0.99:0.3042575892425848)0.84:0.15577139022823083)1:0.36012843323338267,((((93,59)1:0.473413437233487,(170,153)1:0.9204798463186354)0.36:3.809886656361583E-5,(143,(106,(79,130)1:0.9210554818057941)1:0.5291065667715894)0.63:0.08622201806039281)0.65:0.09136755846919886,(((63,(118,28)0.91:0.19433640589089204)1:1.4149821885787217,(((81,(95,(105,100)1:1.0448265593068005)0.99:0.318509719547607)0.49:0.042162448128084,((68,24)1:0.751770600988079,(165,(146,(71,149)0.61:0.10324133629871521)0.69:0.10938306060079736)1:0.5700712111326908)1:0.49890511753771744)0.88:0.17485396511936416,((148,(3,36)1:0.5834186805680033)1:0.5862945385712393,((139,(200,97)1:1.0414538748281608)1:0.5222438098128935,((188,7)1:0.3782283741332648,(123,(21,35)0.95:0.24522149244752503)1:0.3615207423659737)0.9:0.18894713528457524)0.99:0.292758575608128)0.96:0.2360240116293712)0.78:0.1316568172578086)0.42:0.02644981181125139,(114,((((168,136)1:0.860379534231517,(152,(179,(121,190)0.44:0.029852963149681274)0.58:0.07395868499960438)1:1.2924936155644207)1:0.35317337100739227,(((104,151)1:1.2360959160101561,(6,(74,51)1:0.5784718936275713)1:0.6350679889519278)0.78:0.13064971318884255,((((145,25)0.54:0.06420016890967735,(54,102)1:0.5948642099731235)1:0.38942896360746154,((37,(117,161)1:0.5824533189267563)1:0.3751621628317593,(156,(89,(107,125)0.46:0.03322564762832039)1:0.6419285381077809)0.77:0.1325211894877993)1:0.5573922234465732)0.71:0.108154888314711,((116,(119,(138,(9,85)0.86:0.19325454498479527)0.94:0.22817634989591573)0.9:0.19300264678343237)1:0.4822242618347842,(178,(42,((67,80)1:1.0510483662219228,((134,26)1:1.1274348550238955,(83,(8,(22,(87,199)0.42:0.03107807815743077)0.63:0.09155492250779333)0.98:0.2663688708502339)1:0.5648075697153664)0.88:0.17532403781231723)0.62:0.0804295864377097)0.45:0.03308341023386962)0.37:0.006693256146801544)0.94:0.2208042726746949)0.55:0.06110403506248761)0.97:0.2484381119613686)0.42:0.01995142481139022,(((((128,88)0.57:0.07548706079484696,(108,16)1:1.7186544312741665)0.78:0.13970300558054138,(99,((75,(173,150)0.46:0.060940328212111525)1:1.261889801127932,((131,(127,76)0.98:0.2705977099408995)1:0.6058073756004587,(47,(5,(50,98)1:0.9826133748052278)0.99:0.308094022403149)1:0.35083949053751273)0.52:0.04971323661527571)0.82:0.16167807975661677)0.66:0.0907011151605532)0.49:0.044842588188995544,((176,((1,110)1:0.6226823164456524,(29,77)0.99:0.3124717336449153)0.99:0.29370256023336383)0.67:0.09925767686873889,(((196,11)0.66:0.09647538511684009,(57,10)0.51:0.06173564486540744)0.99:0.3324193746000705,((84,(141,70)0.68:0.0977641687658917)1:0.7179083175305271,((44,(61,(197,52)0.88:0.19289418462053537)1:0.7644568573879726)0.74:0.11946219909766123,(103,(69,((184,(113,53)0.52:0.058890016004226775)0.71:0.10742957832802405,(191,(17,172)1:0.6734377618530047)0.55:0.09204252290669544)0.45:0.04058408400506714)0.62:0.10857721586121721)0.43:0.02244216222729239)0.58:0.07064151164423495)0.51:0.046760739174905176)0.95:0.23034232609632346)0.37:0.004408536289190719)0.89:0.18200740131963797,((163,(73,(58,55)1:0.6584042321160722)1:0.37575267087696346)1:0.36222698287196514,(((0,((40,174)1:0.5821887465201149,(14,15)1:2.0105083912953514)0.77:0.1298082686062514)0.4:0.012416010204624718,((195,(169,198)1:1.6383730232935525)0.52:0.05212886219714486,((86,((144,(78,30)1:0.5671455510250036)0.53:0.05792425554544402,(171,((160,185)1:0.5558159100256479,(182,189)0.68:0.12736522735364578)0.8:0.14145154421890166)0.98:0.28086463126478417)1:0.4270662267207292)0.5:0.047839885216815876,((((181,18)1:0.41128858108358757,((31,187)1:0.3795434908567466,(66,(23,175)0.76:0.12667944347196994)1:0.7102493756747476)0.99:0.31092704393893333)1:0.5069249930451103,((177,72)0.59:0.07164718961389828,(((62,129)1:0.6962873700562265,(158,101)0.75:0.1244020113683583)0.81:0.1465804150567224,(2,(27,(90,48)0.99:0.31356374582434265)0.99:0.3094154965471708)0.97:0.2647991577373637)1:0.3576006769742114)0.43:0.02633742254353352)0.68:0.101858224361096,(((137,13)1:0.3447872537453382,((140,111)1:0.4179342849132584,(194,154)0.98:0.2889768288698968)0.93:0.21373751234189026)1:0.7604360069838487,((122,56)1:1.2633856386076896,(65,(((135,60)0.98:0.2677760150825323,(164,41)1:0.38349999534901436)1:0.7936346487363998,((126,33)0.99:0.2985451847091518,(45,(142,39)0.62:0.11895350648644265)0.69:0.10171570547159764)0.56:0.06355180766373186)0.49:0.04525737578808849)0.46:0.04135599258936461)1:0.3923067215241152)0.52:0.05471828081920527)0.4:0.012828405369482066)0.49:0.041147345910835714)0.48:0.04097318413925152)0.37:0.0031815118483040886,(((112,(159,193)1:1.0524569481724924)1:0.38750119053669824,(155,(((82,167)1:0.6479649577667121,(49,(91,109)0.74:0.12836692277892073)1:0.5121144691766124)1:0.6238957775307058,((32,(162,(92,46)1:0.7556675375412792)1:0.36936010346604814)0.98:0.2767947167549311,((124,(4,(120,(147,96)0.99:0.30967701760781696)0.51:0.048648319668094964)1:0.5913548040363905)0.5:0.05356901192694905,(115,(64,(20,(94,183)0.59:0.09318824968471295)0.98:0.2811829053785965)0.6:0.07471500889033468)0.83:0.15480926605593714)0.88:0.17457060991507234)0.42:0.020237337153435085)1:0.3905780965608932)0.57:0.06855317072479915)0.38:0.006643466061195045,((34,157)1:0.4801910922849167,((43,(12,192)1:0.37480364835055324)1:0.9072617445320902,166)0.97:0.25718163906976194)0.8:0.1410784292889396)0.6:0.07401685011139393)0.43:0.022232733357647024)0.38:0.005548380807780417)0.37:0.0039658093819763)0.56:0.06290373946181724)0.37:0.003528150073021475)0.59:0.07488244461518684)0.89:0.18019735963903272));
Weight calculation took 37.076770888 secs
ASTRAL finished in 74.521 secs
