
================== ASTRAL ===================== 

This is ASTRAL version 5.7.8
Gene trees are treated as unrooted
1000 trees read from Dataset/AstralII_data/model.200.500000.0.000001/04/estimatedgenetre.halfresolved
index0
All output trees will be *arbitrarily* rooted at 186

======== Running the main analysis
Number of taxa: 201 (201 species)
Taxa: [186, 118, 28, 63, 105, 95, 81, 114, 165, 100, 181, 18, 21, 93, 59, 40, 128, 140, 137, 13, 194, 111, 154, 86, 174, 2, 27, 90, 48, 158, 62, 129, 6, 74, 51, 14, 15, 68, 24, 71, 146, 149, 195, 122, 126, 33, 56, 78, 30, 73, 58, 55, 178, 159, 193, 170, 188, 7, 67, 80, 116, 87, 199, 83, 8, 134, 26, 22, 145, 25, 139, 163, 143, 34, 64, 124, 57, 10, 1, 110, 29, 77, 141, 177, 72, 184, 182, 144, 31, 187, 23, 66, 175, 171, 189, 160, 185, 82, 167, 69, 115, 4, 120, 147, 96, 94, 183, 20, 197, 113, 53, 49, 91, 109, 61, 52, 44, 196, 11, 70, 84, 103, 191, 17, 172, 112, 179, 121, 190, 152, 155, 32, 162, 92, 46, 101, 127, 108, 16, 173, 150, 75, 76, 131, 88, 176, 79, 130, 117, 37, 161, 156, 107, 89, 125, 153, 106, 135, 65, 99, 50, 98, 47, 5, 104, 151, 42, 54, 102, 119, 9, 138, 85, 3, 45, 142, 60, 39, 164, 41, 168, 136, 166, 43, 12, 192, 157, 0, 169, 198, 35, 180, 148, 36, 200, 97, 123, 132, 19, 133, 38]
Taxon occupancy: {110=1000, 111=1000, 112=1000, 113=1000, 114=1000, 115=1000, 116=1000, 117=1000, 118=1000, 119=1000, 10=1000, 11=1000, 12=1000, 13=1000, 14=1000, 15=1000, 16=1000, 17=1000, 18=1000, 19=1000, 120=1000, 121=1000, 0=1000, 122=1000, 1=1000, 2=1000, 123=1000, 124=1000, 3=1000, 4=1000, 125=1000, 126=1000, 5=1000, 6=1000, 127=1000, 128=1000, 7=1000, 129=1000, 8=1000, 9=1000, 20=1000, 21=1000, 22=1000, 23=1000, 24=1000, 25=1000, 26=1000, 27=1000, 28=1000, 29=1000, 130=1000, 131=1000, 132=1000, 133=1000, 134=1000, 135=1000, 136=1000, 137=1000, 138=1000, 139=1000, 30=1000, 31=1000, 32=1000, 33=1000, 34=1000, 35=1000, 36=1000, 37=1000, 38=1000, 39=1000, 140=1000, 141=1000, 142=1000, 143=1000, 144=1000, 145=1000, 146=1000, 147=1000, 148=1000, 149=1000, 40=1000, 41=1000, 42=1000, 43=1000, 44=1000, 45=1000, 46=1000, 47=1000, 48=1000, 49=1000, 150=1000, 151=1000, 152=1000, 153=1000, 154=1000, 155=1000, 156=1000, 157=1000, 158=1000, 159=1000, 50=1000, 51=1000, 52=1000, 53=1000, 54=1000, 55=1000, 56=1000, 57=1000, 58=1000, 59=1000, 160=1000, 161=1000, 162=1000, 163=1000, 164=1000, 165=1000, 166=1000, 167=1000, 168=1000, 169=1000, 60=1000, 61=1000, 62=1000, 63=1000, 64=1000, 65=1000, 66=1000, 67=1000, 68=1000, 69=1000, 170=1000, 171=1000, 172=1000, 173=1000, 174=1000, 175=1000, 176=1000, 177=1000, 178=1000, 179=1000, 70=1000, 71=1000, 72=1000, 73=1000, 74=1000, 75=1000, 76=1000, 77=1000, 78=1000, 79=1000, 180=1000, 181=1000, 182=1000, 183=1000, 184=1000, 185=1000, 186=1000, 187=1000, 188=1000, 189=1000, 80=1000, 81=1000, 82=1000, 83=1000, 84=1000, 85=1000, 86=1000, 87=1000, 88=1000, 89=1000, 190=1000, 191=1000, 192=1000, 193=1000, 194=1000, 195=1000, 196=1000, 197=1000, 198=1000, 199=1000, 90=1000, 91=1000, 92=1000, 93=1000, 94=1000, 95=1000, 96=1000, 97=1000, 98=1000, 99=1000, 200=1000, 100=1000, 101=1000, 102=1000, 103=1000, 104=1000, 105=1000, 106=1000, 107=1000, 108=1000, 109=1000}
Number of gene trees: 1000
0 trees have missing taxa
Calculating quartet distance matrix (for completion of X)
Species tree distances calculated ...
Building set of clusters (X) from gene trees 
------------------------------
gradient0: 179991
Number of Clusters after addition by distance: 179991
calculating extra bipartitions to be added at level 1 ...
Adding to X using resolutions of greedy consensus ...
Limit for sigma of degrees:5075
polytomy size limit : 59
discarded polytomies: 70 100 130  [3, 3, 3, 3, 3, 3, 3, 4, 5, 11, 30, 42, 59, 70, 100, 130]
Threshold 0.0:
polytomy of size 3; rounds with additions with at least 5 support: 1; clusters: 179995
polytomy of size 11; rounds with additions with at least 5 support: 12; clusters: 180567
Threshold 0.01:
polytomy of size 3; rounds with additions with at least 5 support: 0; clusters: 180567
polytomy of size 30; rounds with additions with at least 5 support: 10; clusters: 188393
Threshold 0.02:
polytomy of size 5; rounds with additions with at least 5 support: 0; clusters: 188395
polytomy of size 42; rounds with additions with at least 5 support: 1; clusters: 204895
Threshold 0.05:
polytomy of size 59; rounds with additions with at least 5 support: 0; clusters: 204983
Threshold 0.1:
polytomy of size 70; rounds with additions with at least 5 support: 0; clusters: 205047
Threshold 0.2:
polytomy of size 3; rounds with additions with at least 5 support: 0; clusters: 205047
polytomy of size 3; rounds with additions with at least 5 support: 0; clusters: 205047
polytomy of size 100; rounds with additions with at least 5 support: 0; clusters: 205113
Threshold 0.3333333333333333:
polytomy of size 4; rounds with additions with at least 5 support: 0; clusters: 205113
polytomy of size 3; rounds with additions with at least 5 support: 0; clusters: 205113
polytomy of size 3; rounds with additions with at least 5 support: 0; clusters: 205113
polytomy of size 3; rounds with additions with at least 5 support: 0; clusters: 205113
polytomy of size 130; rounds with additions with at least 5 support: 0; clusters: 205213
max k is :24
Number of Clusters after addition by greedy: 205213
gradient0 in heuristiic: 205213
partitions formed in 264.405 secs
Dynamic Programming starting after 264.405 secs
Using tree-based weight calculation.
Using polytree-based weight calculation.
Polytree max score: 65995347264
Polytree building time: 4.886 seconds.
Number of quartet trees in the gene trees: 65995347264
Size of largest cluster: 201
Greedy score: 28193127802
estimationFactor: 2.340830990001696
Sub-optimal score: 30969146960
Calculated 100000 weights; time (seconds): 738
Calculated 200000 weights; time (seconds): 471
Calculated 300000 weights; time (seconds): 510
Calculated 400000 weights; time (seconds): 520
Calculated 500000 weights; time (seconds): 497
Total Number of elements weighted: 538467
Normalized score (portion of input quartet trees satisfied before correcting for multiple individuals): 0.47845970235881385
Optimization score: 31576114209
Optimal tree inferred in 2928.405 secs.
(46,(92,(162,(32,(((124,((4,120),(147,96))),(115,(64,(183,(94,20))))),(((82,167),(49,(91,109))),(155,(((112,(159,193)),((34,157),(166,(43,(12,192))))),((0,(14,15)),(((40,174),((86,(195,(169,198))),((((137,13),((140,111),(194,154))),((122,56),(65,(((135,60),(164,41)),((126,33),(142,(45,39))))))),(((78,30),(144,(171,(182,(189,(160,185)))))),(((181,18),((31,187),(66,(23,175)))),((177,72),((2,(27,(90,48))),((62,129),(158,101))))))))),(((((84,(141,70)),((196,11),(57,10))),((44,(61,(197,52))),((103,(17,172)),(113,((69,53),(184,191)))))),((176,((1,110),(29,77))),(((128,88),(108,16)),(99,((75,(173,150)),((131,(127,76)),(47,(5,(50,98))))))))),(((163,(73,(58,55))),((114,((186,((180,38),(133,(132,19)))),((93,59),((170,153),(143,(106,(79,130))))))),(((81,(95,(105,100))),((68,24),((71,146),(165,149)))),((148,(3,36)),((139,(200,97)),((188,7),(123,(21,35)))))))),(((63,(118,28)),((168,136),(152,(190,(179,121))))),(((104,151),(6,(74,51))),((((54,102),(145,25)),((89,(107,125)),(156,(37,(117,161))))),((116,(119,(85,(9,138)))),((178,42),((67,80),((134,26),(83,((8,22),(87,199))))))))))))))))))))));
Final quartet score is: 31576114209
Final normalized quartet score is: 0.47845970235881385
Extended species tree:
(186,(((180,38)1:0.31520064064390046,(133,(132,19)1:0.6001675516108796)1:0.10169756696560106)1:0.4516822329636056,(((93,59)1:0.5998951529967222,((170,153)1:0.871555408419876,(143,(106,(79,130)1:0.6792038705342843)1:0.558726192718586)0.42:0.007078485765622184)0.72:0.026909583790132866)0.99:0.06597193934018282,(114,((((81,(95,(105,100)1:0.752081715446948)1:0.3155966014641687)1:0.12137432743622628,((68,24)1:0.8223767385037829,((71,146)1:0.11640508896238722,(165,149)0.62:0.02146202459618844)1:0.5734913484378589)1:0.5461692560374761)1:0.17397348179684605,((148,(3,36)1:0.429578467727332)1:0.7868417144484668,((139,(200,97)1:0.7866109142474343)1:0.4827535172240593,((188,7)1:0.2437705956185058,(123,(21,35)1:0.49537583425840787)1:0.3056129832034641)1:0.22079273391687498)1:0.20310533105439965)1:0.16163124988859487)1:0.16044751424410822,((163,(73,(58,55)1:0.25337219029047314)1:0.5443514293240722)1:0.37473484138196234,((((63,(118,28)1:0.19640426795098045)1:1.1908579880016024,((168,136)1:1.0784195460117771,(152,(190,(179,121)1:0.082406893304337)0.55:0.024956158717888064)1:1.2697746361459818)1:0.37288918785547787)0.84:0.034708369036507945,(((104,151)1:1.0646952759619128,(6,(74,51)1:0.5309719405545015)1:0.40440712365121373)1:0.21546125040081876,((((54,102)1:0.550815398841278,(145,25)1:0.09925408705966496)1:0.4420417536259118,((89,(107,125)1:0.13050949150604618)1:0.6244436817662963,(156,(37,(117,161)1:0.4176000981774202)1:0.40932409124589497)0.99:0.06627467981215938)1:0.4039232899903338)1:0.09383518696977022,((116,(119,(85,(9,138)1:0.10296768526878582)1:0.30007224849328057)1:0.22566525553036496)1:0.4502580357185436,((178,42)1:0.08028069196959552,((67,80)1:1.1054320096965493,((134,26)1:0.7710666635460628,(83,((8,22)0.6:0.0206996917422099,(87,199)1:0.12940195915525154)1:0.3105357359290465)1:0.37695504795146334)1:0.07739196630608047)1:0.0777353648429102)0.94:0.04801146482350856)1:0.19017777200330727)1:0.14977264172936863)1:0.2099743276409448)0.98:0.05666032473342767,(((((84,(141,70)0.9:0.04256885588578666)1:0.9617924641694053,((196,11)0.47:0.00936369433055133,(57,10)1:0.19033849401914602)1:0.3493069715980007)0.99:0.06271109598697416,((44,(61,(197,52)1:0.14878284131029396)1:0.7621103471110938)1:0.09901945810738681,((103,(17,172)1:1.012863767435081)1:0.16935683327776907,(113,((69,53)0.67:0.02242479281824557,(184,191)0.55:0.019065954053514137)0.82:0.033399900960211365)1:0.09933412251410902)0.92:0.04672152924317463)1:0.1529515665434498)1:0.3062583068817999,((176,((1,110)1:0.8351302688101724,(29,77)1:0.4553527503164929)1:0.3790140179992868)1:0.1563220090664755,(((128,88)1:0.3260412688383216,(108,16)1:1.5368610073044866)0.9:0.0403638158893863,(99,((75,(173,150)1:0.19055671051724224)1:1.2795895763688172,((131,(127,76)1:0.2552046672030838)1:0.4839429546430476,(47,(5,(50,98)1:0.8664726039711961)1:0.21338864425314585)1:0.31717676967096053)1:0.14657364305252463)0.64:0.020909780214361906)1:0.08771838054678847)0.99:0.06664786308976385)0.82:0.03296891878160729)1:0.13540913124426748,(((40,174)1:0.71281158165668,((86,(195,(169,198)1:1.6059665664310843)1:0.1121323830576039)0.99:0.06397993800130099,((((137,13)1:0.2822104663373401,((140,111)1:0.34891376407541214,(194,154)1:0.23770076322113737)1:0.1637473734071926)1:0.989317355848496,((122,56)1:1.3928224695266007,(65,(((135,60)1:0.10466104176639975,(164,41)1:0.442563798897992)1:0.8735474856907467,((126,33)1:0.22153587745370892,(142,(45,39)1:0.33908265608113924)0.79:0.03453580632578276)1:0.1855403611171838)1:0.07825767722759835)1:0.18949669496193378)1:0.2745655667503309)0.99:0.06742035533701295,(((78,30)1:0.812503211290805,(144,(171,(182,(189,(160,185)1:0.7906496828583531)0.74:0.03508090082817247)0.96:0.05155685229470279)1:0.35025829025836175)0.91:0.04284835302324217)1:0.32174383688315905,(((181,18)1:0.5912550550221884,((31,187)1:0.3867960762698715,(66,(23,175)1:0.22478684342718577)1:0.7092504680598076)1:0.2684688483353852)1:0.5107099302435942,((177,72)1:0.08423901543966718,((2,(27,(90,48)1:0.21106006593297238)1:0.42666383144428055)1:0.35499398996140646,((62,129)1:1.002955505229295,(158,101)1:0.1253377084116042)1:0.07977749776448696)1:0.46394484100715566)1:0.08302991756101227)0.8:0.03160710660173668)0.64:0.02052431093788176)1:0.0717180560911271)0.89:0.03933630803094582)0.78:0.030350863323817125,((0,(14,15)1:2.2671357836190986)0.81:0.033234543756215214,(((112,(159,193)1:0.8325209501683802)1:0.3734726323398827,((34,157)1:0.24620648519707014,(166,(43,(12,192)1:0.5638898493292097)1:0.6290085109114362)1:0.42816793704948775)0.9:0.0429457992900619)0.47:0.009368289506074871,(155,(((82,167)1:0.7010612609691094,(49,(91,109)1:0.18231649061701877)1:0.4175894741278975)1:0.7556886832401005,(((124,((4,120)0.94:0.046668540501557935,(147,96)1:0.3543290701892432)1:0.501780898727357)0.81:0.034744702432491156,(115,(64,(183,(94,20)0.69:0.03114259843147049)1:0.38909074444868363)1:0.12597455532951832)1:0.09540239491359981)1:0.15381772318633463,(32,(162,(92,46)1:0.6170189852926394)1:0.36253769592545804)1:0.3092175523246471)1:0.0805182083305519)1:0.22567258331125933)1:0.15837070975435363)1:0.11671218428722334)0.52:0.012953604922885383)0.9:0.04062021147636262)0.48:0.010579155098868543)0.72:0.02565381302246411)0.94:0.04630688077014123)0.74:0.02696423514199131)0.96:0.05070190510007107)1:0.10119391340326886));
Weight calculation took 2442.229184793 secs
ASTRAL finished in 2937.896 secs
