
================== ASTRAL ===================== 

This is ASTRAL version 5.7.8
Gene trees are treated as unrooted
200 trees read from Dataset/AstralII_data/model.200.500000.0.000001/04/estimatedgenetre.halfresolved_200
index0
All output trees will be *arbitrarily* rooted at 186

======== Running the main analysis
Number of taxa: 201 (201 species)
Taxa: [186, 118, 28, 63, 105, 95, 81, 114, 165, 100, 181, 18, 21, 93, 59, 40, 128, 140, 137, 13, 194, 111, 154, 86, 174, 2, 27, 90, 48, 158, 62, 129, 6, 74, 51, 14, 15, 68, 24, 71, 146, 149, 195, 122, 126, 33, 56, 78, 30, 73, 58, 55, 178, 159, 193, 170, 188, 7, 67, 80, 116, 87, 199, 83, 8, 134, 26, 22, 145, 25, 139, 163, 143, 34, 64, 124, 57, 10, 1, 110, 29, 77, 141, 177, 72, 184, 182, 144, 31, 187, 23, 66, 175, 171, 189, 160, 185, 82, 167, 69, 115, 4, 120, 147, 96, 94, 183, 20, 197, 113, 53, 49, 91, 109, 61, 52, 44, 196, 11, 70, 84, 103, 191, 17, 172, 112, 179, 121, 190, 152, 155, 32, 162, 92, 46, 101, 127, 108, 16, 173, 150, 75, 76, 131, 88, 176, 79, 130, 117, 37, 161, 156, 107, 89, 125, 153, 106, 135, 65, 99, 50, 98, 47, 5, 104, 151, 42, 54, 102, 119, 9, 138, 85, 3, 45, 142, 60, 39, 164, 41, 168, 136, 166, 43, 12, 192, 157, 0, 169, 198, 35, 180, 148, 36, 200, 97, 123, 132, 19, 133, 38]
Taxon occupancy: {110=200, 111=200, 112=200, 113=200, 114=200, 115=200, 116=200, 117=200, 118=200, 119=200, 10=200, 11=200, 12=200, 13=200, 14=200, 15=200, 16=200, 17=200, 18=200, 19=200, 120=200, 121=200, 0=200, 122=200, 1=200, 2=200, 123=200, 124=200, 3=200, 4=200, 125=200, 126=200, 5=200, 6=200, 127=200, 128=200, 7=200, 129=200, 8=200, 9=200, 20=200, 21=200, 22=200, 23=200, 24=200, 25=200, 26=200, 27=200, 28=200, 29=200, 130=200, 131=200, 132=200, 133=200, 134=200, 135=200, 136=200, 137=200, 138=200, 139=200, 30=200, 31=200, 32=200, 33=200, 34=200, 35=200, 36=200, 37=200, 38=200, 39=200, 140=200, 141=200, 142=200, 143=200, 144=200, 145=200, 146=200, 147=200, 148=200, 149=200, 40=200, 41=200, 42=200, 43=200, 44=200, 45=200, 46=200, 47=200, 48=200, 49=200, 150=200, 151=200, 152=200, 153=200, 154=200, 155=200, 156=200, 157=200, 158=200, 159=200, 50=200, 51=200, 52=200, 53=200, 54=200, 55=200, 56=200, 57=200, 58=200, 59=200, 160=200, 161=200, 162=200, 163=200, 164=200, 165=200, 166=200, 167=200, 168=200, 169=200, 60=200, 61=200, 62=200, 63=200, 64=200, 65=200, 66=200, 67=200, 68=200, 69=200, 170=200, 171=200, 172=200, 173=200, 174=200, 175=200, 176=200, 177=200, 178=200, 179=200, 70=200, 71=200, 72=200, 73=200, 74=200, 75=200, 76=200, 77=200, 78=200, 79=200, 180=200, 181=200, 182=200, 183=200, 184=200, 185=200, 186=200, 187=200, 188=200, 189=200, 80=200, 81=200, 82=200, 83=200, 84=200, 85=200, 86=200, 87=200, 88=200, 89=200, 190=200, 191=200, 192=200, 193=200, 194=200, 195=200, 196=200, 197=200, 198=200, 199=200, 90=200, 91=200, 92=200, 93=200, 94=200, 95=200, 96=200, 97=200, 98=200, 99=200, 200=200, 100=200, 101=200, 102=200, 103=200, 104=200, 105=200, 106=200, 107=200, 108=200, 109=200}
Number of gene trees: 200
0 trees have missing taxa
Calculating quartet distance matrix (for completion of X)
Species tree distances calculated ...
Building set of clusters (X) from gene trees 
------------------------------
gradient0: 42449
Number of Clusters after addition by distance: 42449
calculating extra bipartitions to be added at level 1 ...
Adding to X using resolutions of greedy consensus ...
Limit for sigma of degrees:5075
polytomy size limit : 57
discarded polytomies: 71 97 128  [3, 3, 3, 3, 3, 3, 3, 3, 3, 4, 4, 21, 27, 37, 57, 71, 97, 128]
Threshold 0.0:
polytomy of size 3; rounds with additions with at least 5 support: 2; clusters: 42453
polytomy of size 21; rounds with additions with at least 5 support: 10; clusters: 47849
Threshold 0.01:
polytomy of size 3; rounds with additions with at least 5 support: 0; clusters: 47851
polytomy of size 3; rounds with additions with at least 5 support: 0; clusters: 47851
polytomy of size 3; rounds with additions with at least 5 support: 0; clusters: 47855
polytomy of size 27; rounds with additions with at least 5 support: 8; clusters: 56991
Threshold 0.02:
polytomy of size 4; rounds with additions with at least 5 support: 0; clusters: 56999
polytomy of size 37; rounds with additions with at least 5 support: 2; clusters: 75151
Threshold 0.05:
polytomy of size 3; rounds with additions with at least 5 support: 0; clusters: 75151
polytomy of size 57; rounds with additions with at least 5 support: 5; clusters: 75597
Threshold 0.1:
polytomy of size 3; rounds with additions with at least 5 support: 0; clusters: 75597
polytomy of size 71; rounds with additions with at least 5 support: 1; clusters: 75867
Threshold 0.2:
polytomy of size 3; rounds with additions with at least 5 support: 0; clusters: 75867
polytomy of size 97; rounds with additions with at least 5 support: 1; clusters: 76137
Threshold 0.3333333333333333:
polytomy of size 4; rounds with additions with at least 5 support: 0; clusters: 76137
polytomy of size 3; rounds with additions with at least 5 support: 0; clusters: 76137
polytomy of size 3; rounds with additions with at least 5 support: 0; clusters: 76137
polytomy of size 128; rounds with additions with at least 5 support: 0; clusters: 76329
max k is :20
Number of Clusters after addition by greedy: 76329
gradient0 in heuristiic: 76329
partitions formed in 62.093 secs
Dynamic Programming starting after 62.093 secs
Using tree-based weight calculation.
Using polytree-based weight calculation.
Polytree max score: 13199453853
Polytree building time: 0.355 seconds.
Number of quartet trees in the gene trees: 13199453853
Size of largest cluster: 201
Greedy score: 5333385846
estimationFactor: 2.474873229526323
Sub-optimal score: 5631022948
Calculated 100000 weights; time (seconds): 174
Total Number of elements weighted: 183340
Normalized score (portion of input quartet trees satisfied before correcting for multiple individuals): 0.48091745853236556
Optimization score: 6347847801
Optimal tree inferred in 277.9 secs.
(46,(92,(162,(32,(((124,((4,120),(147,96))),(115,(64,(183,(94,20))))),(((82,167),(49,(91,109))),(155,(((112,(159,193)),((34,157),(166,(43,(12,192))))),((14,15),((40,174),(((86,(195,(169,198))),((((137,13),((140,111),(194,154))),((122,56),(65,(((135,60),(164,41)),((126,33),(142,(45,39))))))),(((78,30),(144,(171,((160,185),(182,189))))),(((181,18),((31,187),(66,(23,175)))),((177,72),(((62,129),(158,101)),(2,(27,(90,48))))))))),(0,(((((84,(141,70)),((196,11),(57,10))),((44,(61,(197,52))),((103,(17,172)),((184,191),(113,(69,53)))))),((176,((1,110),(29,77))),(((128,88),(108,16)),(99,((75,(173,150)),((131,(127,76)),(47,(5,(50,98))))))))),(((163,(73,(58,55))),((114,((186,((180,38),(133,(132,19)))),((93,59),((170,153),(143,(106,(79,130))))))),(((81,(95,(105,100))),((68,24),((71,146),(165,149)))),((148,(3,36)),((139,(200,97)),((188,7),(123,(21,35)))))))),(((63,(118,28)),((168,136),((179,121),(190,152)))),(((104,151),(6,(74,51))),((((54,102),(145,25)),((89,(107,125)),(156,(37,(117,161))))),((116,(119,(85,(9,138)))),((178,42),((67,80),((134,26),(83,(22,(8,(87,199)))))))))))))))))))))))));
Final quartet score is: 6347847801
Final normalized quartet score is: 0.48091745853236556
Extended species tree:
(186,(((180,38)1:0.3013980725584055,(133,(132,19)1:0.8240845380074208)0.62:0.04653542860037065)1:0.4872817763794931,(((93,59)1:0.6144319211962703,((170,153)1:0.8826818304918356,(143,(106,(79,130)1:0.7680208495351509)1:0.4925453632111123)0.65:0.0468316928710348)0.44:0.016240712271979034)0.81:0.07292756312271215,(114,((((81,(95,(105,100)1:0.7050525344476374)1:0.27948283134648594)1:0.16941820761866022,((68,24)1:0.7472476167861691,((71,146)0.96:0.11688311579555083,(165,149)0.42:0.014998550592604114)1:0.5640199171003967)1:0.6599470263661562)0.98:0.1293018514022794,((148,(3,36)1:0.481791185708114)1:0.8052072101085126,((139,(200,97)1:0.9371228350770597)1:0.4626039613029473,((188,7)1:0.30285655893885854,(123,(21,35)1:0.3345220207351617)1:0.2760068931901999)1:0.2457865774011805)1:0.2019964310568707)1:0.1801988686438077)0.99:0.1594615479894606,((163,(73,(58,55)1:0.33373193136509055)1:0.5275122541854279)1:0.3403936587232859,((((63,(118,28)1:0.22646345002388005)1:1.135812345717728,((168,136)1:0.9878189761501329,((179,121)0.99:0.14656216768023123,(190,152)0.59:0.06502462580725828)1:1.2117366320529674)1:0.3559126782707519)0.55:0.03413394995744938,(((104,151)1:1.1815751610434369,(6,(74,51)1:0.7378434633815457)1:0.2984900915545376)1:0.2669843521304435,((((54,102)1:0.5396100264676816,(145,25)0.81:0.07239311287451135)1:0.4877862131407003,((89,(107,125)0.96:0.11672138823653937)1:0.5871889285860792,(156,(37,(117,161)1:0.46826129794788585)1:0.38163952969609455)0.49:0.023386000473989876)1:0.39712167299663936)0.98:0.1306190981580725,((116,(119,(85,(9,138)0.83:0.08863126822524532)1:0.31925196226185026)1:0.16307452987410356)1:0.4921788220504956,((178,42)0.7:0.05469852424062565,((67,80)1:0.9974622118291872,((134,26)1:0.8595747916613412,(83,(22,(8,(87,199)0.9:0.09333685667638981)0.49:0.027919982883290024)1:0.28269394060188163)1:0.37296099015398926)0.79:0.07047651418460583)0.95:0.11007324528900604)0.51:0.026627666783890783)1:0.17924670261306894)0.97:0.1248973643924761)1:0.18336868814338225)0.56:0.033051428464511395,(((((84,(141,70)0.63:0.052652563000725655)1:1.0805057451968951,((196,11)0.45:0.0173099983265164,(57,10)1:0.16247510602613935)1:0.3570532958040635)0.57:0.034383704548540915,((44,(61,(197,52)1:0.16768474001721903)1:0.8216672580213192)0.74:0.06086060503488631,((103,(17,172)1:0.8666070552984797)0.99:0.14017933985893075,((184,191)0.59:0.03995611679851814,(113,(69,53)0.77:0.06851647144725793)0.36:0.0024401415188429346)0.89:0.0932233023507748)0.73:0.06135935542106366)0.99:0.14917892789901152)1:0.25672793551287265,((176,((1,110)1:0.7638045852555079,(29,77)1:0.4599855250869959)1:0.32432994061561266)1:0.16801439978780366,(((128,88)1:0.2028660305213277,(108,16)1:1.3676793974249737)0.82:0.07328075461783515,(99,((75,(173,150)1:0.21313985833951515)1:1.226065418099489,((131,(127,76)1:0.25596809696225303)1:0.4684353270723098,(47,(5,(50,98)1:0.7295846258395695)1:0.29292411694607795)1:0.34082200099571763)0.98:0.1373939463610583)0.8:0.073113132210259)0.64:0.052153565649977196)0.63:0.04382935112836494)0.44:0.018502850840794713)0.99:0.14135513280741155,(0,(((86,(195,(169,198)1:1.4843272469914601)1:0.2050220269718882)0.56:0.03429391044942686,((((137,13)1:0.24305725938859696,((140,111)1:0.39583288374382525,(194,154)1:0.26804834311662146)1:0.235690519696216)1:0.9475394284794966,((122,56)1:1.431629528458916,(65,(((135,60)0.98:0.13455778073122923,(164,41)1:0.4548480457485772)1:0.8967477263583653,((126,33)1:0.243043864462303,(142,(45,39)1:0.3285857347538275)0.58:0.039227567186365886)1:0.18727230337172415)0.47:0.03097008911310693)1:0.1847699965116387)1:0.248153032078374)0.67:0.048659166389413366,(((78,30)1:0.6457118845104333,(144,(171,((160,185)1:0.7711967751646617,(182,189)0.75:0.06618140843856082)0.99:0.13825293453117085)1:0.3310640019501323)0.66:0.04766926295657018)1:0.3291844032796399,(((181,18)1:0.5028307918436541,((31,187)1:0.3877530413907582,(66,(23,175)1:0.20800255168876283)1:0.6096368866328101)1:0.25826818724548795)1:0.5128169789815825,((177,72)0.63:0.042940210804326744,(((62,129)1:0.9687670770544075,(158,101)0.75:0.06140427169248692)0.97:0.12064199655351476,(2,(27,(90,48)1:0.20539698283771785)1:0.39971098282802153)1:0.33613975767837195)1:0.393408771047403)0.69:0.05833157956261997)0.74:0.06318734741629747)0.39:0.0072984941752447414)0.84:0.07890730333244597)0.75:0.061154734846707755,((40,174)1:0.7419523905816134,((14,15)1:1.9973771390727828,(((112,(159,193)1:0.932611188355336)1:0.2888790641271734,((34,157)1:0.3493828316852762,(166,(43,(12,192)1:0.6115612582101975)1:0.7058355721440934)1:0.4002111695168787)0.46:0.034531011838867906)0.42:0.01229323297293735,(155,(((82,167)1:0.735917255144045,(49,(91,109)1:0.23284669587324303)1:0.44061292152990605)1:0.8080908063887187,(((124,((4,120)0.65:0.05308725976794402,(147,96)1:0.39858720090233873)1:0.48178096887738375)0.75:0.06154709754975264,(115,(64,(183,(94,20)0.56:0.03425079856688246)1:0.34374621591564686)0.77:0.07379134255536826)0.94:0.10658723029767525)0.98:0.12911569034439704,(32,(162,(92,46)1:0.8554089620055302)1:0.407123805510861)1:0.29966371271857656)0.91:0.09520793986074237)1:0.20144522718011473)0.99:0.15619732168067363)0.85:0.08023192459516301)0.58:0.03668737720247689)0.36:0.001918851440590706)0.45:0.019648937114183952)0.54:0.03191169900802171)0.49:0.023969598108334572)0.53:0.028825687032817824)0.46:0.02023076294555471)0.5:0.024922128659727982)0.75:0.061766817081183464)0.93:0.10608576328848061));
Weight calculation took 184.390856213 secs
ASTRAL finished in 280.3 secs
