
================== ASTRAL ===================== 

This is ASTRAL version 5.7.8
Gene trees are treated as unrooted
200 trees read from Dataset/AstralII_data/model.200.500000.0.000001/47/estimatedgenetre.halfresolved_200
index0
All output trees will be *arbitrarily* rooted at 46

======== Running the main analysis
Number of taxa: 201 (201 species)
Taxa: [46, 121, 45, 117, 125, 74, 199, 157, 33, 97, 53, 8, 31, 40, 10, 3, 190, 185, 139, 159, 151, 176, 128, 19, 130, 100, 20, 52, 32, 114, 177, 5, 24, 107, 66, 135, 50, 9, 12, 101, 109, 179, 116, 161, 138, 56, 30, 48, 91, 26, 1, 94, 72, 0, 47, 195, 155, 142, 140, 27, 17, 166, 36, 183, 188, 193, 69, 167, 168, 23, 152, 110, 192, 126, 25, 102, 146, 105, 59, 58, 85, 173, 184, 158, 21, 82, 134, 169, 197, 92, 108, 95, 22, 67, 90, 113, 11, 104, 99, 171, 160, 112, 147, 2, 49, 181, 80, 180, 7, 194, 150, 133, 78, 65, 96, 156, 98, 162, 86, 129, 88, 170, 141, 77, 62, 15, 4, 34, 172, 42, 55, 123, 143, 43, 163, 144, 153, 132, 118, 44, 196, 38, 14, 106, 37, 57, 145, 6, 175, 73, 54, 16, 29, 164, 76, 178, 79, 200, 124, 189, 84, 148, 122, 174, 115, 111, 191, 35, 136, 89, 61, 51, 149, 28, 137, 186, 154, 127, 60, 93, 64, 39, 13, 81, 18, 131, 182, 70, 119, 75, 120, 63, 68, 41, 198, 165, 187, 103, 71, 83, 87]
Taxon occupancy: {110=200, 111=200, 112=200, 113=200, 114=200, 115=200, 116=200, 117=200, 118=200, 119=200, 10=200, 11=200, 12=200, 13=200, 14=200, 15=200, 16=200, 17=200, 18=200, 19=200, 120=200, 121=200, 0=200, 1=200, 122=200, 2=200, 123=200, 3=200, 124=200, 125=200, 4=200, 5=200, 126=200, 6=200, 127=200, 128=200, 7=200, 8=200, 129=200, 9=200, 20=200, 21=200, 22=200, 23=200, 24=200, 25=200, 26=200, 27=200, 28=200, 29=200, 130=200, 131=200, 132=200, 133=200, 134=200, 135=200, 136=200, 137=200, 138=200, 139=200, 30=200, 31=200, 32=200, 33=200, 34=200, 35=200, 36=200, 37=200, 38=200, 39=200, 140=200, 141=200, 142=200, 143=200, 144=200, 145=200, 146=200, 147=200, 148=200, 149=200, 40=200, 41=200, 42=200, 43=200, 44=200, 45=200, 46=200, 47=200, 48=200, 49=200, 150=200, 151=200, 152=200, 153=200, 154=200, 155=200, 156=200, 157=200, 158=200, 159=200, 50=200, 51=200, 52=200, 53=200, 54=200, 55=200, 56=200, 57=200, 58=200, 59=200, 160=200, 161=200, 162=200, 163=200, 164=200, 165=200, 166=200, 167=200, 168=200, 169=200, 60=200, 61=200, 62=200, 63=200, 64=200, 65=200, 66=200, 67=200, 68=200, 69=200, 170=200, 171=200, 172=200, 173=200, 174=200, 175=200, 176=200, 177=200, 178=200, 179=200, 70=200, 71=200, 72=200, 73=200, 74=200, 75=200, 76=200, 77=200, 78=200, 79=200, 180=200, 181=200, 182=200, 183=200, 184=200, 185=200, 186=200, 187=200, 188=200, 189=200, 80=200, 81=200, 82=200, 83=200, 84=200, 85=200, 86=200, 87=200, 88=200, 89=200, 190=200, 191=200, 192=200, 193=200, 194=200, 195=200, 196=200, 197=200, 198=200, 199=200, 90=200, 91=200, 92=200, 93=200, 94=200, 95=200, 96=200, 97=200, 98=200, 99=200, 200=200, 100=200, 101=200, 102=200, 103=200, 104=200, 105=200, 106=200, 107=200, 108=200, 109=200}
Number of gene trees: 200
0 trees have missing taxa
Calculating quartet distance matrix (for completion of X)
Species tree distances calculated ...
Building set of clusters (X) from gene trees 
------------------------------
gradient0: 38391
Number of Clusters after addition by distance: 38391
calculating extra bipartitions to be added at level 1 ...
Adding to X using resolutions of greedy consensus ...
Limit for sigma of degrees:5075
polytomy size limit : 58
discarded polytomies: 80 108  [3, 3, 3, 3, 3, 3, 3, 3, 4, 4, 4, 4, 4, 4, 4, 5, 5, 5, 7, 7, 16, 28, 32, 43, 58, 80, 108]
Threshold 0.0:
polytomy of size 3; rounds with additions with at least 5 support: 0; clusters: 38397
polytomy of size 16; rounds with additions with at least 5 support: 8; clusters: 40365
polytomy of size 4; rounds with additions with at least 5 support: 2; clusters: 40381
Threshold 0.01:
polytomy of size 28; rounds with additions with at least 5 support: 9; clusters: 49637
Threshold 0.02:
polytomy of size 32; rounds with additions with at least 5 support: 2; clusters: 60307
Threshold 0.05:
polytomy of size 4; rounds with additions with at least 5 support: 0; clusters: 60307
polytomy of size 3; rounds with additions with at least 5 support: 0; clusters: 60307
polytomy of size 43; rounds with additions with at least 5 support: 5; clusters: 60519
Threshold 0.1:
polytomy of size 5; rounds with additions with at least 5 support: 0; clusters: 60519
polytomy of size 3; rounds with additions with at least 5 support: 0; clusters: 60519
polytomy of size 58; rounds with additions with at least 5 support: 3; clusters: 60763
Threshold 0.2:
polytomy of size 4; rounds with additions with at least 5 support: 0; clusters: 60763
polytomy of size 3; rounds with additions with at least 5 support: 0; clusters: 60763
polytomy of size 7; rounds with additions with at least 5 support: 0; clusters: 60763
polytomy of size 3; rounds with additions with at least 5 support: 0; clusters: 60763
polytomy of size 4; rounds with additions with at least 5 support: 0; clusters: 60763
polytomy of size 3; rounds with additions with at least 5 support: 0; clusters: 60763
polytomy of size 80; rounds with additions with at least 5 support: 0; clusters: 60875
Threshold 0.3333333333333333:
polytomy of size 3; rounds with additions with at least 5 support: 0; clusters: 60875
polytomy of size 4; rounds with additions with at least 5 support: 0; clusters: 60875
polytomy of size 5; rounds with additions with at least 5 support: 0; clusters: 60875
polytomy of size 4; rounds with additions with at least 5 support: 0; clusters: 60875
polytomy of size 5; rounds with additions with at least 5 support: 0; clusters: 60875
polytomy of size 4; rounds with additions with at least 5 support: 0; clusters: 60875
polytomy of size 7; rounds with additions with at least 5 support: 0; clusters: 60875
polytomy of size 3; rounds with additions with at least 5 support: 0; clusters: 60875
polytomy of size 108; rounds with additions with at least 5 support: 0; clusters: 60979
max k is :18
Number of Clusters after addition by greedy: 60979
gradient0 in heuristiic: 60979
partitions formed in 43.74 secs
Dynamic Programming starting after 43.74 secs
Using tree-based weight calculation.
Using polytree-based weight calculation.
Polytree max score: 13194575562
Polytree building time: 0.455 seconds.
Number of quartet trees in the gene trees: 13194575562
Size of largest cluster: 201
Greedy score: 5237388455
estimationFactor: 2.519304358530725
Sub-optimal score: 5394576727
Calculated 100000 weights; time (seconds): 145
Total Number of elements weighted: 171019
Normalized score (portion of input quartet trees satisfied before correcting for multiple individuals): 0.49731632307279516
Optimization score: 6561877803
Optimal tree inferred in 225.699 secs.
(13,((64,(93,(39,81))),((186,(154,127)),((60,18),(((143,(163,144)),(131,((43,(103,71)),(83,((182,187),(70,119)))))),((((68,(41,198)),(57,(145,6))),(174,((165,(115,111)),(28,(137,(191,(35,149))))))),(((75,(120,63)),((44,196),(38,(87,(14,106))))),(((89,(101,136)),(138,((109,179),(116,161)))),((153,(37,(132,118))),(((142,140),(((155,181),(23,(84,(148,122)))),(((47,195),(48,(189,(56,30)))),(((141,(88,170)),((77,62),(86,129))),(55,((91,26),(((98,162),(78,((65,156),(96,124)))),((1,(94,72)),(29,((79,200),(164,(76,178)))))))))))),(((7,(194,(150,133))),((175,(54,16)),(73,(61,51)))),(0,(((69,167),((188,193),(27,((36,183),(17,166))))),((((80,180),(192,(114,177))),(((168,123),(5,((24,135),(50,(12,(9,(107,66))))))),(((10,3),(40,(46,31))),((152,110),(8,((97,(125,53)),((121,117),(74,(199,(45,(157,33))))))))))),((126,(((20,(19,(130,100))),(112,(52,(147,2)))),((190,(151,(32,(159,(185,139))))),(128,((176,160),(172,(34,42))))))),((15,4),(((25,102),(108,49)),(((67,(95,22)),((99,171),((90,113),(11,104)))),(146,((169,(184,158)),(((58,134),(85,173)),(59,(105,(197,(92,(21,82))))))))))))))))))))))))));
Final quartet score is: 6561877803
Final normalized quartet score is: 0.49731632307279516
Extended species tree:
(46,(31,(40,((10,3)1:1.5467429644432975,(((152,110)1:0.7578955226671009,(8,((97,(125,53)1:0.41020672459867846)0.83:0.08361037348280732,((121,117)1:1.1041800384746137,(74,(199,(45,(157,33)0.34:0.0)1:0.1932350878555745)1:0.6203215627141699)1:0.1927969198156554)0.81:0.07250024413797677)0.99:0.1479935657039015)1:0.17148817168714414)0.99:0.14681308720028804,(((168,123)1:0.4415819628610382,(5,((24,135)1:0.30982626041977473,(50,(12,(9,(107,66)1:0.554362386759597)1:0.22110475676032385)0.97:0.12809242997517484)0.8:0.08437284612029948)1:0.47570852644044515)1:0.6100529570441245)0.59:0.03868537354405157,(((80,180)1:1.1447041149206365,(192,(114,177)1:0.353699515035434)0.44:0.015415784114991076)1:0.6104741085115398,(((126,(((20,(19,(130,100)0.76:0.06272098696013816)0.79:0.06944484767252372)1:0.4214062037398465,(112,(52,(147,2)1:0.3196463989463951)1:0.24155933922675107)1:0.16529723701445864)1:0.1800978518724774,((190,(151,(32,(159,(185,139)0.81:0.07361502231222986)1:0.8921566934109353)1:0.37893735201454304)0.99:0.16301078002737696)1:0.3032751669306634,(128,((176,160)1:0.9127370476044792,(172,(34,42)1:1.034985818329235)0.58:0.039759237662495506)1:0.5255505914455808)0.62:0.049691199274807044)0.85:0.08052258104153422)0.99:0.1467216312841633)0.82:0.07512286553728302,((15,4)1:0.20877790166539542,(((25,102)1:0.933359203572296,(108,49)1:1.045103479288968)0.66:0.05257558462704727,(((67,(95,22)0.94:0.10848857792131843)1:1.1462137939009276,((99,171)1:0.4855923623449735,((90,113)1:0.30225858879314343,(11,104)1:0.5065289857905393)1:0.2377941358300461)1:0.2609961498660059)1:0.5855273424615065,(146,((169,(184,158)1:0.6823111031085894)1:0.6956242746817618,(((58,134)1:0.26389964970528607,(85,173)1:0.5702418281622638)0.69:0.054893144555236036,(59,(105,(197,(92,(21,82)0.99:0.15770532832705686)1:0.2357904269203043)0.51:0.02898492389117303)0.89:0.09143722664588506)0.38:0.007378222799798987)1:1.0494297021841972)0.88:0.0890315968203681)1:0.17146725399299168)0.68:0.05554045241330888)0.41:0.012904207178177007)1:0.20491258178737848)0.44:0.016255705410425005,(((69,167)1:0.5997651037485198,((188,193)1:1.0431990748469644,(27,((36,183)1:0.2048632907593312,(17,166)0.52:0.029797864074643063)1:0.9682926714110066)1:0.16329223936464982)1:0.25391548334924735)1:0.41515583218916685,(0,(((7,(194,(150,133)1:0.7275141199050018)1:0.40323365122822696)1:1.0230155857156893,((175,(54,16)1:0.8995464327578556)1:0.22477934442003752,(73,(61,51)1:0.34977455329672685)0.92:0.097053630099736)1:0.3023277972683628)0.44:0.01601242223849501,(((142,140)1:0.4579476256550595,(((155,181)1:0.49720531881783875,(23,(84,(148,122)1:0.6795955188215769)1:0.2782812390923666)1:0.27682991501264115)1:0.19797100333618228,(((47,195)1:1.1702945203331843,(48,(189,(56,30)0.75:0.07377751150596844)1:0.3976072072206014)1:0.7786219729836702)0.81:0.08380763857472831,(((141,(88,170)1:0.22571923097650695)1:0.6159428285566488,((77,62)1:0.7685381237837059,(86,129)0.5:0.024387711732866378)0.7:0.061488775167397466)0.82:0.07550704255003068,(55,((91,26)1:0.3097515308641746,(((98,162)1:1.0316340625427132,(78,((65,156)1:0.2598496622339582,(96,124)0.99:0.13969976156730826)1:0.2857960969201592)1:0.804741718730931)1:0.22848926506937794,((1,(94,72)1:0.6673997950246503)1:0.5528620949031763,(29,((79,200)1:0.25907366453430414,(164,(76,178)0.54:0.033823184840485944)1:0.20874557471520985)1:0.19359032241647686)1:0.9021308653570553)0.87:0.08634402330069765)0.66:0.05658659936178649)0.39:0.008928167140663032)0.97:0.12293457881555973)0.46:0.021506875402376332)0.53:0.03298012536135275)0.41:0.014592335011231378)0.99:0.15650067265898704,((153,(37,(132,118)1:0.8077128736730135)1:0.16402641816489327)1:0.3234978091280156,(((89,(101,136)0.41:0.012545977031538253)1:0.5070957410270807,(138,((109,179)0.52:0.030889222541861557,(116,161)1:0.8415186983318912)1:0.1854911315552337)1:0.6338264549004635)1:0.29963938092664477,(((75,(120,63)1:0.2594592639476819)1:0.8163307038466556,((44,196)1:0.7908234941078642,(38,(87,(14,106)1:0.6086842329470148)1:0.5150614292501723)1:0.2650261899773506)1:0.2857273419885995)0.91:0.09631194221823904,((((68,(41,198)1:0.736985806575655)0.9:0.09876097872105652,(57,(145,6)1:0.4935152735484657)1:0.857208065446428)1:0.4361884465993418,(174,((165,(115,111)1:0.5827113706377812)0.46:0.01914722530904469,(28,(137,(191,(35,149)1:0.9469461357668696)0.53:0.030741065226044122)0.92:0.10014691464360446)1:0.5717715105488375)0.54:0.03222720210970994)1:0.30334806601469877)0.46:0.019434810896444034,(((143,(163,144)1:1.3119563659269096)0.99:0.15465187410686776,(131,((43,(103,71)1:0.3809490121825276)1:0.40062993682012343,(83,((182,187)0.99:0.14919274884017963,(70,119)0.96:0.11936066782515302)1:0.6001388433896763)1:0.32777342459969483)1:0.2490740979367691)0.75:0.06524451016766941)0.73:0.05906088297601979,((60,18)1:0.29535485347710844,((186,(154,127)1:0.2661555520786537)1:0.8645270045731795,((64,(93,(39,81)1:0.1786868205686752)0.66:0.04771626437113392)1:0.20396187338240077,13)1:0.706492781732494)1:0.18816569077718964)1:0.3932608396448835)1:0.2891890543222501)0.45:0.01739994639087194)0.53:0.030541199397880192)0.81:0.07238708837124071)0.86:0.0837823685592613)0.53:0.029133860515548688)0.42:0.016731478785019658)0.51:0.025894447191894307)0.7:0.05337377446753611)0.76:0.06412266195273397)1:0.18366736336487485)0.62:0.042881874330579765)1:0.2584002848141771)1:0.5186871892894863)1:1.312937926687201));
Weight calculation took 158.73145825 secs
ASTRAL finished in 228.372 secs
