
================== ASTRAL ===================== 

This is ASTRAL version 5.7.8
Gene trees are treated as unrooted
1000 trees read from Dataset/AstralII_data/model.200.500000.0.000001/47/estimatedgenetre.halfresolved
index0
All output trees will be *arbitrarily* rooted at 46

======== Running the main analysis
Number of taxa: 201 (201 species)
Taxa: [46, 121, 45, 117, 125, 74, 199, 157, 33, 97, 53, 8, 31, 40, 10, 3, 190, 185, 139, 159, 151, 176, 128, 19, 130, 100, 20, 52, 32, 114, 177, 5, 24, 107, 66, 135, 50, 9, 12, 101, 109, 179, 116, 161, 138, 56, 30, 48, 91, 26, 1, 94, 72, 0, 47, 195, 155, 142, 140, 27, 17, 166, 36, 183, 188, 193, 69, 167, 168, 23, 152, 110, 192, 126, 25, 102, 146, 105, 59, 58, 85, 173, 184, 158, 21, 82, 134, 169, 197, 92, 108, 95, 22, 67, 90, 113, 11, 104, 99, 171, 160, 112, 147, 2, 49, 181, 80, 180, 7, 194, 150, 133, 78, 65, 96, 156, 98, 162, 86, 129, 88, 170, 141, 77, 62, 15, 4, 34, 172, 42, 55, 123, 143, 43, 163, 144, 153, 132, 118, 44, 196, 38, 14, 106, 37, 57, 145, 6, 175, 73, 54, 16, 29, 164, 76, 178, 79, 200, 124, 189, 84, 148, 122, 174, 115, 111, 191, 35, 136, 89, 61, 51, 149, 28, 137, 186, 154, 127, 60, 93, 64, 39, 13, 81, 18, 131, 182, 70, 119, 75, 120, 63, 68, 41, 198, 165, 187, 103, 71, 83, 87]
Taxon occupancy: {110=1000, 111=1000, 112=1000, 113=1000, 114=1000, 115=1000, 116=1000, 117=1000, 118=1000, 119=1000, 10=1000, 11=1000, 12=1000, 13=1000, 14=1000, 15=1000, 16=1000, 17=1000, 18=1000, 19=1000, 120=1000, 121=1000, 0=1000, 1=1000, 122=1000, 2=1000, 123=1000, 3=1000, 124=1000, 125=1000, 4=1000, 5=1000, 126=1000, 6=1000, 127=1000, 128=1000, 7=1000, 8=1000, 129=1000, 9=1000, 20=1000, 21=1000, 22=1000, 23=1000, 24=1000, 25=1000, 26=1000, 27=1000, 28=1000, 29=1000, 130=1000, 131=1000, 132=1000, 133=1000, 134=1000, 135=1000, 136=1000, 137=1000, 138=1000, 139=1000, 30=1000, 31=1000, 32=1000, 33=1000, 34=1000, 35=1000, 36=1000, 37=1000, 38=1000, 39=1000, 140=1000, 141=1000, 142=1000, 143=1000, 144=1000, 145=1000, 146=1000, 147=1000, 148=1000, 149=1000, 40=1000, 41=1000, 42=1000, 43=1000, 44=1000, 45=1000, 46=1000, 47=1000, 48=1000, 49=1000, 150=1000, 151=1000, 152=1000, 153=1000, 154=1000, 155=1000, 156=1000, 157=1000, 158=1000, 159=1000, 50=1000, 51=1000, 52=1000, 53=1000, 54=1000, 55=1000, 56=1000, 57=1000, 58=1000, 59=1000, 160=1000, 161=1000, 162=1000, 163=1000, 164=1000, 165=1000, 166=1000, 167=1000, 168=1000, 169=1000, 60=1000, 61=1000, 62=1000, 63=1000, 64=1000, 65=1000, 66=1000, 67=1000, 68=1000, 69=1000, 170=1000, 171=1000, 172=1000, 173=1000, 174=1000, 175=1000, 176=1000, 177=1000, 178=1000, 179=1000, 70=1000, 71=1000, 72=1000, 73=1000, 74=1000, 75=1000, 76=1000, 77=1000, 78=1000, 79=1000, 180=1000, 181=1000, 182=1000, 183=1000, 184=1000, 185=1000, 186=1000, 187=1000, 188=1000, 189=1000, 80=1000, 81=1000, 82=1000, 83=1000, 84=1000, 85=1000, 86=1000, 87=1000, 88=1000, 89=1000, 190=1000, 191=1000, 192=1000, 193=1000, 194=1000, 195=1000, 196=1000, 197=1000, 198=1000, 199=1000, 90=1000, 91=1000, 92=1000, 93=1000, 94=1000, 95=1000, 96=1000, 97=1000, 98=1000, 99=1000, 200=1000, 100=1000, 101=1000, 102=1000, 103=1000, 104=1000, 105=1000, 106=1000, 107=1000, 108=1000, 109=1000}
Number of gene trees: 1000
0 trees have missing taxa
Calculating quartet distance matrix (for completion of X)
Species tree distances calculated ...
Building set of clusters (X) from gene trees 
------------------------------
gradient0: 158353
Number of Clusters after addition by distance: 158353
calculating extra bipartitions to be added at level 1 ...
Adding to X using resolutions of greedy consensus ...
Limit for sigma of degrees:5075
polytomy size limit : 60
discarded polytomies: 81 116  [3, 3, 3, 3, 3, 4, 4, 4, 4, 4, 5, 5, 6, 14, 28, 36, 45, 60, 81, 116]
Threshold 0.0:
polytomy of size 14; rounds with additions with at least 5 support: 8; clusters: 159081
Threshold 0.01:
polytomy of size 28; rounds with additions with at least 5 support: 10; clusters: 163803
Threshold 0.02:
polytomy of size 36; rounds with additions with at least 5 support: 0; clusters: 172081
Threshold 0.05:
polytomy of size 4; rounds with additions with at least 5 support: 0; clusters: 172081
polytomy of size 45; rounds with additions with at least 5 support: 2; clusters: 172191
Threshold 0.1:
polytomy of size 5; rounds with additions with at least 5 support: 0; clusters: 172191
polytomy of size 3; rounds with additions with at least 5 support: 0; clusters: 172191
polytomy of size 60; rounds with additions with at least 5 support: 0; clusters: 172231
Threshold 0.2:
polytomy of size 4; rounds with additions with at least 5 support: 0; clusters: 172231
polytomy of size 4; rounds with additions with at least 5 support: 0; clusters: 172231
polytomy of size 6; rounds with additions with at least 5 support: 0; clusters: 172231
polytomy of size 3; rounds with additions with at least 5 support: 0; clusters: 172231
polytomy of size 4; rounds with additions with at least 5 support: 0; clusters: 172231
polytomy of size 81; rounds with additions with at least 5 support: 0; clusters: 172281
Threshold 0.3333333333333333:
polytomy of size 3; rounds with additions with at least 5 support: 0; clusters: 172281
polytomy of size 5; rounds with additions with at least 5 support: 0; clusters: 172281
polytomy of size 3; rounds with additions with at least 5 support: 0; clusters: 172281
polytomy of size 3; rounds with additions with at least 5 support: 0; clusters: 172281
polytomy of size 4; rounds with additions with at least 5 support: 0; clusters: 172281
polytomy of size 116; rounds with additions with at least 5 support: 0; clusters: 172325
max k is :20
Number of Clusters after addition by greedy: 172325
gradient0 in heuristiic: 172325
partitions formed in 182.329 secs
Dynamic Programming starting after 182.329 secs
Using tree-based weight calculation.
Using polytree-based weight calculation.
Polytree max score: 65979956949
Polytree building time: 5.894 seconds.
Number of quartet trees in the gene trees: 65979956949
Size of largest cluster: 201
Greedy score: 26822339850
estimationFactor: 2.459888187159779
Sub-optimal score: 30400055256
Calculated 100000 weights; time (seconds): 608
Calculated 200000 weights; time (seconds): 425
Calculated 300000 weights; time (seconds): 461
Calculated 400000 weights; time (seconds): 454
Total Number of elements weighted: 460532
Normalized score (portion of input quartet trees satisfied before correcting for multiple individuals): 0.4933322483395972
Optimization score: 32550040507
Optimal tree inferred in 2235.114 secs.
(13,((64,(93,(39,81))),((186,(154,127)),((60,18),(((143,(163,144)),(131,((43,(103,71)),(83,((182,187),(70,119)))))),((((68,(41,198)),(57,(145,6))),(174,((165,(115,111)),(28,(137,(191,(35,149))))))),(((75,(120,63)),((44,196),(38,(87,(14,106))))),(((136,(101,89)),(138,(179,(109,(116,161))))),((153,(37,(132,118))),(((142,140),((47,195),(((155,181),(23,(84,(148,122)))),((48,(30,(56,189))),(((141,(88,170)),((86,129),(77,62))),(55,((91,26),(((98,162),(78,((65,156),(96,124)))),((1,(94,72)),(29,((79,200),(178,(164,76))))))))))))),(0,(((7,(194,(150,133))),((175,(54,16)),(73,(61,51)))),(((69,167),((188,193),(27,(166,(17,(36,183)))))),(((192,((114,177),(80,180))),(((168,123),(5,((24,135),(50,(12,(9,(107,66))))))),(((10,3),(40,(46,31))),((152,110),(8,((97,(125,53)),((121,117),(74,(199,(33,(45,157))))))))))),((126,(((112,(52,(147,2))),(20,(19,(130,100)))),((128,((176,160),(172,(34,42)))),(190,(151,(32,(139,(185,159)))))))),(((25,102),(108,49)),((15,4),(((67,(95,22)),((99,171),((90,113),(11,104)))),(146,((169,(184,158)),(((58,134),(85,173)),(59,(105,(197,(92,(21,82))))))))))))))))))))))))));
Final quartet score is: 32550040507
Final normalized quartet score is: 0.4933322483395972
Extended species tree:
(46,(31,(40,((10,3)1:1.3402320032647859,(((152,110)1:0.8062263357632968,(8,((97,(125,53)1:0.3863828094936356)1:0.1574648727100469,((121,117)1:0.9952259636706261,(74,(199,(33,(45,157)1:0.1316181094611646)1:0.18790410168758703)1:0.6159226272396742)1:0.21800907303715117)1:0.10065509663003958)1:0.16757282997646036)1:0.15018675077407445)1:0.1588077781496471,(((168,123)1:0.4160503407570595,(5,((24,135)1:0.37609259673565715,(50,(12,(9,(107,66)1:0.5080211959328814)1:0.19028047708644338)1:0.08570571091029189)0.98:0.056050413453587945)1:0.4400515175637024)1:0.44837454085040235)0.92:0.043809873013503794,((192,((114,177)1:0.3541630605906569,(80,180)1:1.2014929125856275)0.76:0.03428544289475029)1:0.5593472564539891,(((126,(((112,(52,(147,2)1:0.35363499479671534)1:0.33619944744144337)1:0.1187276778454842,(20,(19,(130,100)0.97:0.05454413090494026)1:0.0958486189297737)1:0.420188861823307)1:0.1739841746135915,((128,((176,160)1:0.7492407656611454,(172,(34,42)1:1.1557840715813812)0.95:0.048985150993774186)1:0.4025415847913453)1:0.12440257606208716,(190,(151,(32,(139,(185,159)0.92:0.0439358773301693)1:0.8997496489369688)1:0.324822888030542)1:0.20003670193977593)1:0.3273023262391478)1:0.08522044538433758)1:0.14762745881544528)0.99:0.06668464419617734,(((25,102)1:1.0396861260799695,(108,49)1:1.0984169283482144)0.51:0.01391763930650677,((15,4)1:0.2776329607541764,(((67,(95,22)0.89:0.03993744356225193)1:1.19293082520094,((99,171)1:0.3847727093940959,((90,113)1:0.3072284367556244,(11,104)1:0.5275473108111969)1:0.24837745537036912)1:0.2555480220735501)1:0.6039669448541966,(146,((169,(184,158)1:0.6576132027052204)1:0.6139655236693362,(((58,134)1:0.2585332460448008,(85,173)1:0.47061108729614515)1:0.08911987975423194,(59,(105,(197,(92,(21,82)1:0.2849135228044793)1:0.2625007191468685)0.91:0.04235289271180061)0.94:0.04647698415699396)0.54:0.015015394569486386)1:0.9255111679985569)1:0.15393214678673298)1:0.19132520389233004)0.92:0.0440519334778571)0.71:0.025094860387096338)1:0.18554439823999558)0.74:0.027505081363891824,(((69,167)1:0.6769867230461214,((188,193)1:1.0867740233662235,(27,(166,(17,(36,183)1:0.1683160161225001)1:0.0828153527030096)1:0.9466046755283216)1:0.1533124270675916)1:0.3100755957249525)1:0.3527552107808574,(((7,(194,(150,133)1:0.7027222613218869)1:0.32814824155262745)1:1.0315748294272717,((175,(54,16)1:0.9707882107878257)1:0.16398596645469207,(73,(61,51)1:0.33775335993966094)0.73:0.026873257700392054)1:0.3169032288421243)1:0.07076530873980348,(0,(((142,140)1:0.41040153109725963,((47,195)1:1.361865577605993,(((155,181)1:0.6012777509904795,(23,(84,(148,122)1:0.6192057274768262)1:0.25966996078445154)1:0.30935553572976077)1:0.24451793565730698,((48,(30,(56,189)1:0.07981369678820992)1:0.4639959650817054)1:0.71668194759804,(((141,(88,170)1:0.2673352771895115)1:0.6000894163924048,((86,129)0.77:0.02899562824731332,(77,62)1:0.7727450007250097)0.94:0.0480070945283262)0.93:0.046697875950655374,(55,((91,26)1:0.28324757804286804,(((98,162)1:1.112215851086816,(78,((65,156)1:0.2032343274149822,(96,124)1:0.20619151182207526)1:0.44203051980332203)1:0.7938358947228311)1:0.19275779380029748,((1,(94,72)1:0.7001037831853437)1:0.450841743086948,(29,((79,200)1:0.2226231613475845,(178,(164,76)0.77:0.029451009363428864)1:0.2742407648166604)1:0.22224280831374701)1:0.9540046881352809)1:0.1455355146564623)0.7:0.02463289399870677)0.5:0.016278130574343262)1:0.12510213458736763)0.45:0.010792334374790971)0.9:0.041288584388833885)0.54:0.01902262051737883)0.52:0.014616605206358524)1:0.14638120332663154,((153,(37,(132,118)1:0.7082917062798443)1:0.19465509613196585)1:0.35022412513845014,(((136,(101,89)0.86:0.03826650449943918)1:0.46472335014663324,(138,(179,(109,(116,161)1:0.7502711529014482)0.55:0.015188249975236972)1:0.2009112544782604)1:0.6576244635681889)1:0.30111229360448805,(((75,(120,63)1:0.2428456904786262)1:0.9271314629833214,((44,196)1:0.9138854997133445,(38,(87,(14,106)1:0.6922787611800094)1:0.4358388715302597)1:0.27845455121373525)1:0.25125622313070684)1:0.08667613426992969,((((68,(41,198)1:0.9409970619018726)1:0.1383024325426061,(57,(145,6)1:0.5646600354859235)1:0.8604148250787709)1:0.3862522656818042,(174,((165,(115,111)1:0.5697057237861474)1:0.07018088284212491,(28,(137,(191,(35,149)1:0.880116697512356)0.96:0.05159202263236532)1:0.08265010683570606)1:0.5681377102062345)0.87:0.0389775159669264)1:0.2946781374195477)0.78:0.02998385133423383,(((143,(163,144)1:1.2717683688888421)1:0.2112607664214399,(131,((43,(103,71)1:0.3637426327930512)1:0.4442908520472708,(83,((182,187)1:0.14567016693962198,(70,119)1:0.17703190205856648)1:0.6482994675900192)1:0.2754406195391215)1:0.2766585089686941)0.83:0.03431646543795256)1:0.10522108919522946,((60,18)1:0.3219743130805848,((186,(154,127)1:0.2849658730547536)1:0.8715793056614185,((64,(93,(39,81)1:0.21695707575270154)0.65:0.02128584873679562)1:0.15341954744335806,13)1:0.7440352156552074)1:0.1977023287991348)1:0.37933222132649747)1:0.2677409247784203)0.53:0.01443333403875917)0.73:0.027554805819609753)1:0.0899949284466918)0.97:0.054777587239053904)0.71:0.025013711231074168)0.58:0.020083976075883664)0.44:0.007343864366678935)0.99:0.06769622861274827)0.71:0.02521934207858963)1:0.224581487328326)0.85:0.036357367724194185)1:0.3180194612124093)1:0.3785771487147874)1:1.1244655953964442));
Weight calculation took 1884.98862099 secs
ASTRAL finished in 2244.898 secs
