
================== ASTRAL ===================== 

This is ASTRAL version 5.7.8
Gene trees are treated as unrooted
50 trees read from Dataset/AstralII_data/model.200.500000.0.000001/45/estimatedgenetre.halfresolved_50
index0
All output trees will be *arbitrarily* rooted at 152

======== Running the main analysis
Number of taxa: 201 (201 species)
Taxa: [152, 21, 81, 170, 105, 64, 6, 23, 18, 4, 179, 5, 49, 108, 191, 0, 97, 12, 168, 188, 185, 110, 148, 73, 142, 126, 63, 43, 58, 109, 151, 106, 184, 29, 180, 133, 187, 171, 17, 60, 134, 115, 192, 166, 11, 167, 42, 194, 103, 86, 51, 25, 197, 54, 147, 143, 46, 178, 14, 85, 38, 52, 146, 83, 44, 162, 196, 96, 190, 150, 87, 131, 41, 92, 59, 10, 9, 136, 173, 189, 118, 57, 182, 33, 8, 98, 120, 22, 90, 117, 156, 13, 193, 149, 176, 128, 55, 158, 76, 36, 35, 24, 78, 15, 95, 101, 77, 195, 27, 34, 53, 124, 154, 183, 107, 39, 26, 1, 69, 114, 157, 19, 99, 89, 140, 100, 139, 127, 169, 164, 104, 7, 200, 84, 144, 31, 135, 199, 94, 56, 70, 72, 2, 112, 175, 113, 159, 161, 141, 48, 16, 123, 47, 111, 68, 88, 153, 20, 71, 122, 165, 129, 119, 28, 130, 67, 32, 172, 177, 102, 66, 30, 93, 155, 132, 75, 45, 65, 50, 40, 79, 74, 198, 160, 125, 138, 145, 121, 181, 116, 186, 163, 61, 91, 137, 174, 82, 37, 62, 80, 3]
Taxon occupancy: {110=50, 111=50, 112=50, 113=50, 114=50, 115=50, 116=50, 117=50, 118=50, 119=50, 10=50, 11=50, 12=50, 13=50, 14=50, 15=50, 16=50, 17=50, 18=50, 19=50, 120=50, 0=50, 121=50, 1=50, 122=50, 2=50, 123=50, 124=50, 3=50, 4=50, 125=50, 5=50, 126=50, 6=50, 127=50, 128=50, 7=50, 8=50, 129=50, 9=50, 20=50, 21=50, 22=50, 23=50, 24=50, 25=50, 26=50, 27=50, 28=50, 29=50, 130=50, 131=50, 132=50, 133=50, 134=50, 135=50, 136=50, 137=50, 138=50, 139=50, 30=50, 31=50, 32=50, 33=50, 34=50, 35=50, 36=50, 37=50, 38=50, 39=50, 140=50, 141=50, 142=50, 143=50, 144=50, 145=50, 146=50, 147=50, 148=50, 149=50, 40=50, 41=50, 42=50, 43=50, 44=50, 45=50, 46=50, 47=50, 48=50, 49=50, 150=50, 151=50, 152=50, 153=50, 154=50, 155=50, 156=50, 157=50, 158=50, 159=50, 50=50, 51=50, 52=50, 53=50, 54=50, 55=50, 56=50, 57=50, 58=50, 59=50, 160=50, 161=50, 162=50, 163=50, 164=50, 165=50, 166=50, 167=50, 168=50, 169=50, 60=50, 61=50, 62=50, 63=50, 64=50, 65=50, 66=50, 67=50, 68=50, 69=50, 170=50, 171=50, 172=50, 173=50, 174=50, 175=50, 176=50, 177=50, 178=50, 179=50, 70=50, 71=50, 72=50, 73=50, 74=50, 75=50, 76=50, 77=50, 78=50, 79=50, 180=50, 181=50, 182=50, 183=50, 184=50, 185=50, 186=50, 187=50, 188=50, 189=50, 80=50, 81=50, 82=50, 83=50, 84=50, 85=50, 86=50, 87=50, 88=50, 89=50, 190=50, 191=50, 192=50, 193=50, 194=50, 195=50, 196=50, 197=50, 198=50, 199=50, 90=50, 91=50, 92=50, 93=50, 94=50, 95=50, 96=50, 97=50, 98=50, 99=50, 200=50, 100=50, 101=50, 102=50, 103=50, 104=50, 105=50, 106=50, 107=50, 108=50, 109=50}
Number of gene trees: 50
0 trees have missing taxa
Calculating quartet distance matrix (for completion of X)
Species tree distances calculated ...
Building set of clusters (X) from gene trees 
------------------------------
gradient0: 11279
Number of Clusters after addition by distance: 11279
calculating extra bipartitions to be added at level 1 ...
Adding to X using resolutions of greedy consensus ...
Limit for sigma of degrees:5075
polytomy size limit : 53
discarded polytomies: 67 105  [3, 3, 3, 3, 3, 3, 3, 3, 3, 3, 4, 4, 4, 5, 6, 23, 23, 23, 46, 53, 67, 105]
Threshold 0.0:
polytomy of size 3; rounds with additions with at least 5 support: 0; clusters: 11283
polytomy of size 23; rounds with additions with at least 5 support: 3; clusters: 18155
Threshold 0.01:
polytomy of size 3; rounds with additions with at least 5 support: 0; clusters: 18155
polytomy of size 23; rounds with additions with at least 5 support: 0; clusters: 22973
Threshold 0.02:
polytomy of size 3; rounds with additions with at least 5 support: 0; clusters: 22973
polytomy of size 23; rounds with additions with at least 5 support: 0; clusters: 27345
Threshold 0.05:
polytomy of size 46; rounds with additions with at least 5 support: 3; clusters: 27941
Threshold 0.1:
polytomy of size 3; rounds with additions with at least 5 support: 0; clusters: 27941
polytomy of size 53; rounds with additions with at least 5 support: 2; clusters: 28331
Threshold 0.2:
polytomy of size 4; rounds with additions with at least 5 support: 0; clusters: 28331
polytomy of size 5; rounds with additions with at least 5 support: 0; clusters: 28331
polytomy of size 3; rounds with additions with at least 5 support: 0; clusters: 28331
polytomy of size 67; rounds with additions with at least 5 support: 1; clusters: 28603
Threshold 0.3333333333333333:
polytomy of size 3; rounds with additions with at least 5 support: 0; clusters: 28603
polytomy of size 3; rounds with additions with at least 5 support: 0; clusters: 28603
polytomy of size 3; rounds with additions with at least 5 support: 0; clusters: 28603
polytomy of size 6; rounds with additions with at least 5 support: 0; clusters: 28603
polytomy of size 4; rounds with additions with at least 5 support: 0; clusters: 28603
polytomy of size 4; rounds with additions with at least 5 support: 0; clusters: 28603
polytomy of size 3; rounds with additions with at least 5 support: 0; clusters: 28603
polytomy of size 3; rounds with additions with at least 5 support: 0; clusters: 28603
polytomy of size 105; rounds with additions with at least 5 support: 0; clusters: 28849
max k is :6
Number of Clusters after addition by greedy: 28849
gradient0 in heuristiic: 28849
partitions formed in 15.515 secs
Dynamic Programming starting after 15.515 secs
Using tree-based weight calculation.
Using polytree-based weight calculation.
Polytree max score: 3286696380
Polytree building time: 0.07 seconds.
Number of quartet trees in the gene trees: 3286696380
Size of largest cluster: 201
Greedy score: 1452914422
estimationFactor: 2.262140378148163
Sub-optimal score: 1551867992
Calculated 100000 weights; time (seconds): 46
Total Number of elements weighted: 123889
Normalized score (portion of input quartet trees satisfied before correcting for multiple individuals): 0.4982475156406142
Optimization score: 1637588306
Optimal tree inferred in 54.825 secs.
(198,(125,(160,(74,((138,145),(121,(((162,116),(196,96)),(181,(((186,163),(61,91)),(33,(((35,79),(24,(78,15))),((((108,191),((19,99),(49,(100,(140,(157,89)))))),(((8,69),(114,(27,(98,34)))),((1,(90,117)),(((77,195),(22,107)),((39,26),((53,(95,101)),(124,(156,(154,183))))))))),((((45,(83,(146,44))),(50,(65,(52,40)))),(((106,184),(29,(151,180))),(((179,(4,109)),(((73,142),(43,58)),(110,(148,(126,63))))),(((37,62),(188,(80,3))),((5,82),(((170,185),((105,174),(64,137))),((18,(6,23)),(152,(21,81))))))))),(133,(((176,(128,55)),(76,(158,36))),((((13,(193,149)),(192,(167,(166,11)))),((187,171),(((60,134),(17,115)),((59,(10,9)),((150,87),(131,(41,92))))))),(0,((((190,(173,(16,(136,123)))),((51,(25,197)),((103,86),(42,194)))),(48,((72,((141,(159,161)),(54,((2,113),(112,175))))),((71,(122,(165,129))),(68,(111,(20,(47,(88,153))))))))),((((56,(85,70)),(97,(28,(119,(12,168))))),(135,((200,(139,(127,169))),((164,(104,7)),((144,31),(120,84)))))),(((66,93),(30,(189,155))),(((147,38),((143,46),(14,(172,(177,102))))),(((67,32),(57,182)),((130,(132,75)),(118,(94,(178,199))))))))))))))))))))))))));
Final quartet score is: 1637588306
Final normalized quartet score is: 0.4982475156406142
Extended species tree:
(152,((21,81)1:0.39405833222944275,((18,(6,23)0.85:0.17321232297875022)1:0.7120497730212972,(((170,185)0.85:0.16206565457878058,((105,174)0.99:0.3001209909903637,(64,137)0.43:0.027225534854355384)1:0.5582300681918266)0.99:0.29492776290865985,((5,82)1:0.9386561935148984,(((37,62)1:1.0192605828582697,(188,(80,3)0.68:0.09929054329172979)1:0.3896785400496789)0.85:0.16513046248019728,(((179,(4,109)1:1.2545361735902971)1:0.48782295973086326,(((73,142)1:0.6517302557068496,(43,58)1:0.7704748179347124)1:0.5244618567003323,(110,(148,(126,63)0.99:0.3021605075505348)0.6:0.0804907029024135)1:0.4602977599069413)0.99:0.3391560075151102)0.88:0.17621601395164638,(((106,184)0.99:0.2960536848175651,(29,(151,180)0.98:0.31193905009734085)1:0.8716644581989978)1:0.816504725671613,(((45,(83,(146,44)0.93:0.22848517037505028)1:0.7976166927713312)1:0.4172865710338736,(50,(65,(52,40)0.85:0.17929583587741751)0.58:0.08788039912291236)1:0.6087531816902082)0.47:0.03630534146173844,((133,(((176,(128,55)1:0.5959834321062977)1:1.2249463153368438,(76,(158,36)0.6:0.08542097422742943)1:0.9990131113585297)0.52:0.05133065794059771,((((13,(193,149)0.98:0.28385103641219644)1:0.6534388869888449,(192,(167,(166,11)0.92:0.2099730881244646)0.98:0.27126624343862965)1:0.9103083902341126)0.52:0.06599851591047634,((187,171)0.98:0.2765270262128416,(((60,134)1:0.6677920486977,(17,115)0.61:0.08608886769911425)1:0.9389442686607613,((59,(10,9)1:0.3518763276007555)1:0.8761649503499043,((150,87)1:1.316254637926884,(131,(41,92)1:0.4411115117140562)1:0.679954278739853)1:0.351550291014058)0.59:0.08389844926816623)0.95:0.2276903284649625)0.62:0.09373496976838117)0.55:0.061596042393268186,(0,((((190,(173,(16,(136,123)1:0.4281529195988009)0.99:0.30822641867050615)0.99:0.3292157158033869)0.66:0.09239666666232337,((51,(25,197)1:0.3636574731311771)1:0.703684042191643,((103,86)1:1.043516612963021,(42,194)0.99:0.3062671671300237)0.45:0.047245325416796366)1:0.6840095208175246)0.39:0.010835411533904524,(48,((72,((141,(159,161)1:0.9539456488693544)0.8:0.14024004323393496,(54,((2,113)0.76:0.12921349584702652,(112,175)1:1.0150883411052323)0.4:0.01669360691796527)1:0.36055962988289736)0.98:0.3044626226872505)0.52:0.050004966046916274,((71,(122,(165,129)0.58:0.06771753832037403)0.62:0.08499972338781518)1:0.8941371129148289,(68,(111,(20,(47,(88,153)1:0.39142625287951466)0.86:0.17734738536913056)0.68:0.11450584848001819)0.94:0.2284365693427029)1:0.4920118283895604)0.78:0.13655087462220797)0.74:0.12016817249245373)0.47:0.03663772967001271)0.77:0.12846575378576333,((((56,(85,70)0.99:0.33161181569604553)1:0.4346588444128575,(97,(28,(119,(12,168)0.56:0.07208205368511761)0.8:0.17850680578886538)1:0.7451989605410301)1:0.4917355776253981)0.76:0.12551165127022834,(135,((200,(139,(127,169)1:0.6607323322675349)0.78:0.1328937448782092)0.66:0.0946935516758605,((164,(104,7)1:0.4825598480211481)1:0.5613133316470179,((144,31)1:0.49277468238273847,(120,84)0.91:0.22000748684900193)1:0.4100439764360162)0.93:0.20587469734124475)1:0.5156269480919604)0.5:0.04989635242886311)0.46:0.033718309515207705,(((66,93)0.94:0.2175469963860525,(30,(189,155)0.62:0.08404058754609413)1:0.4794357270579071)1:0.40601557870052046,(((147,38)1:1.0873293505493649,((143,46)1:1.1429161786401598,(14,(172,(177,102)1:0.4775184257482223)1:0.40397323851921463)0.79:0.1427771196096726)1:0.357727166032735)0.41:0.015803755199590087,(((67,32)1:1.6153936765803631,(57,182)1:1.4474899221468107)0.65:0.09555060402065373,((130,(132,75)1:1.3547127890695918)0.72:0.1313376709988998,(118,(94,(178,199)1:0.4463682099303047)1:0.6459642456951885)0.55:0.0865267277833422)0.64:0.08702237795142838)0.36:3.0071088230263377E-4)0.47:0.039020917156181015)0.47:0.03640654903063418)0.44:0.027407583065325085)0.62:0.08055542588320147)0.42:0.019827267521277007)0.48:0.040646757075962554)0.46:0.0396396147395711)0.44:0.03178528902252716,((((108,191)1:1.1037524405120662,((19,99)1:0.6365482528211892,(49,(100,(140,(157,89)0.97:0.26680366106692255)0.76:0.12405360077844696)0.91:0.19838393480408378)0.46:0.04037690956520908)1:0.8790895378539975)1:0.47482024978298526,(((8,69)0.58:0.08775340996348763,(114,(27,(98,34)1:0.5298709621202615)1:0.6632898262934936)0.81:0.15251384353681288)0.84:0.15608338212728665,((1,(90,117)1:1.6008592471920546)0.95:0.22963085638517416,(((77,195)0.83:0.18764763614600805,(22,107)1:0.4319120189348239)1:0.7435739343428361,((39,26)1:1.1938400346465066,((53,(95,101)1:0.9770702219754231)0.71:0.1430540794316524,(124,(156,(154,183)0.99:0.30961036035553186)0.55:0.0674880342912415)1:0.8179375268836678)0.67:0.0991234818531)0.56:0.0634900313730134)0.89:0.18436290495720262)0.44:0.03142978980774293)0.99:0.33752965874380364)0.41:0.018176418838298226,(((35,79)1:0.853170381660005,(24,(78,15)0.93:0.21373095745142337)1:0.35553567957831134)1:0.6914192885034071,(33,(((186,163)1:1.284019693729077,(61,91)0.98:0.29025867730768273)1:0.5390765135347776,(181,(((162,116)1:0.9863265691058023,(196,96)1:0.736486342526324)1:0.4234042704315117,(121,((138,145)0.89:0.1894261084841977,(74,(160,(125,198)0.92:0.209735711747028)0.97:0.2625140522895133)0.48:0.06655577831901767)1:0.394348052061363)1:0.5858387529576656)0.56:0.06947026419498444)0.62:0.08008946209474108)0.81:0.14407751463090632)0.49:0.045074677928322954)0.89:0.18795664572615672)0.41:0.01753142181418133)0.44:0.02623443613882514)0.83:0.1534926687781173)0.59:0.0701619285174458)0.43:0.024700084306724712)0.53:0.0643312250001886)0.61:0.07816335989363614)0.87:0.17285823892344201)1:0.5824186195013937));
Weight calculation took 33.686749299 secs
ASTRAL finished in 56.217 secs
