
================== ASTRAL ===================== 

This is ASTRAL version 5.7.8
Gene trees are treated as unrooted
200 trees read from Dataset/AstralII_data/model.200.500000.0.000001/33/estimatedgenetre.halfresolved_200
index0
All output trees will be *arbitrarily* rooted at 151

======== Running the main analysis
Number of taxa: 201 (201 species)
Taxa: [151, 183, 178, 62, 127, 42, 101, 34, 70, 22, 25, 143, 54, 2, 159, 16, 12, 18, 198, 138, 87, 20, 153, 103, 136, 189, 199, 137, 147, 156, 161, 134, 66, 35, 60, 59, 14, 88, 51, 182, 76, 146, 46, 17, 165, 106, 188, 45, 33, 171, 185, 175, 57, 135, 24, 9, 113, 37, 97, 91, 38, 118, 40, 125, 131, 92, 184, 41, 39, 0, 173, 145, 154, 176, 133, 155, 166, 177, 7, 169, 79, 65, 15, 167, 122, 190, 162, 48, 186, 179, 193, 123, 152, 8, 126, 200, 77, 129, 21, 64, 58, 160, 93, 128, 47, 4, 142, 71, 26, 108, 110, 119, 49, 124, 114, 69, 180, 5, 111, 53, 29, 67, 100, 197, 63, 144, 73, 172, 115, 27, 194, 112, 6, 36, 19, 75, 43, 95, 117, 120, 130, 181, 141, 170, 3, 52, 132, 83, 30, 157, 55, 121, 192, 78, 99, 90, 81, 13, 140, 23, 56, 163, 94, 31, 158, 86, 61, 44, 98, 116, 107, 139, 1, 174, 102, 28, 82, 72, 85, 74, 89, 11, 109, 195, 187, 191, 149, 148, 68, 104, 105, 168, 196, 84, 50, 80, 96, 150, 32, 10, 164]
Taxon occupancy: {110=200, 111=200, 112=200, 113=200, 114=200, 115=200, 116=200, 117=200, 118=200, 119=200, 10=200, 11=200, 12=200, 13=200, 14=200, 15=200, 16=200, 17=200, 18=200, 19=200, 120=200, 0=200, 121=200, 122=200, 1=200, 2=200, 123=200, 124=200, 3=200, 125=200, 4=200, 126=200, 5=200, 127=200, 6=200, 7=200, 128=200, 8=200, 129=200, 9=200, 20=200, 21=200, 22=200, 23=200, 24=200, 25=200, 26=200, 27=200, 28=200, 29=200, 130=200, 131=200, 132=200, 133=200, 134=200, 135=200, 136=200, 137=200, 138=200, 139=200, 30=200, 31=200, 32=200, 33=200, 34=200, 35=200, 36=200, 37=200, 38=200, 39=200, 140=200, 141=200, 142=200, 143=200, 144=200, 145=200, 146=200, 147=200, 148=200, 149=200, 40=200, 41=200, 42=200, 43=200, 44=200, 45=200, 46=200, 47=200, 48=200, 49=200, 150=200, 151=200, 152=200, 153=200, 154=200, 155=200, 156=200, 157=200, 158=200, 159=200, 50=200, 51=200, 52=200, 53=200, 54=200, 55=200, 56=200, 57=200, 58=200, 59=200, 160=200, 161=200, 162=200, 163=200, 164=200, 165=200, 166=200, 167=200, 168=200, 169=200, 60=200, 61=200, 62=200, 63=200, 64=200, 65=200, 66=200, 67=200, 68=200, 69=200, 170=200, 171=200, 172=200, 173=200, 174=200, 175=200, 176=200, 177=200, 178=200, 179=200, 70=200, 71=200, 72=200, 73=200, 74=200, 75=200, 76=200, 77=200, 78=200, 79=200, 180=200, 181=200, 182=200, 183=200, 184=200, 185=200, 186=200, 187=200, 188=200, 189=200, 80=200, 81=200, 82=200, 83=200, 84=200, 85=200, 86=200, 87=200, 88=200, 89=200, 190=200, 191=200, 192=200, 193=200, 194=200, 195=200, 196=200, 197=200, 198=200, 199=200, 90=200, 91=200, 92=200, 93=200, 94=200, 95=200, 96=200, 97=200, 98=200, 99=200, 200=200, 100=200, 101=200, 102=200, 103=200, 104=200, 105=200, 106=200, 107=200, 108=200, 109=200}
Number of gene trees: 200
0 trees have missing taxa
Calculating quartet distance matrix (for completion of X)
Species tree distances calculated ...
Building set of clusters (X) from gene trees 
------------------------------
gradient0: 36109
Number of Clusters after addition by distance: 36109
calculating extra bipartitions to be added at level 1 ...
Adding to X using resolutions of greedy consensus ...
Limit for sigma of degrees:5075
polytomy size limit : 52
discarded polytomies: 88 122  [3, 3, 3, 3, 3, 3, 3, 3, 4, 4, 4, 4, 4, 4, 4, 4, 20, 25, 28, 42, 52, 88, 122]
Threshold 0.0:
polytomy of size 20; rounds with additions with at least 5 support: 13; clusters: 38871
Threshold 0.01:
polytomy of size 25; rounds with additions with at least 5 support: 9; clusters: 42835
Threshold 0.02:
polytomy of size 3; rounds with additions with at least 5 support: 0; clusters: 42837
polytomy of size 28; rounds with additions with at least 5 support: 5; clusters: 47701
Threshold 0.05:
polytomy of size 3; rounds with additions with at least 5 support: 0; clusters: 47701
polytomy of size 42; rounds with additions with at least 5 support: 5; clusters: 48055
Threshold 0.1:
polytomy of size 3; rounds with additions with at least 5 support: 0; clusters: 48055
polytomy of size 4; rounds with additions with at least 5 support: 0; clusters: 48055
polytomy of size 4; rounds with additions with at least 5 support: 0; clusters: 48055
polytomy of size 4; rounds with additions with at least 5 support: 0; clusters: 48055
polytomy of size 52; rounds with additions with at least 5 support: 0; clusters: 48197
Threshold 0.2:
polytomy of size 3; rounds with additions with at least 5 support: 0; clusters: 48197
polytomy of size 3; rounds with additions with at least 5 support: 0; clusters: 48197
polytomy of size 4; rounds with additions with at least 5 support: 0; clusters: 48197
polytomy of size 4; rounds with additions with at least 5 support: 0; clusters: 48197
polytomy of size 4; rounds with additions with at least 5 support: 0; clusters: 48197
polytomy of size 88; rounds with additions with at least 5 support: 0; clusters: 48283
Threshold 0.3333333333333333:
polytomy of size 3; rounds with additions with at least 5 support: 0; clusters: 48283
polytomy of size 4; rounds with additions with at least 5 support: 0; clusters: 48283
polytomy of size 4; rounds with additions with at least 5 support: 0; clusters: 48283
polytomy of size 3; rounds with additions with at least 5 support: 0; clusters: 48283
polytomy of size 3; rounds with additions with at least 5 support: 0; clusters: 48283
polytomy of size 122; rounds with additions with at least 5 support: 0; clusters: 48349
max k is :26
Number of Clusters after addition by greedy: 48349
gradient0 in heuristiic: 48349
partitions formed in 41.982 secs
Dynamic Programming starting after 41.982 secs
Using tree-based weight calculation.
Using polytree-based weight calculation.
Polytree max score: 13199668419
Polytree building time: 0.347 seconds.
Number of quartet trees in the gene trees: 13199668419
Size of largest cluster: 201
Greedy score: 5726588715
estimationFactor: 2.304979294990281
Sub-optimal score: 5962731897
Calculated 100000 weights; time (seconds): 135
Total Number of elements weighted: 146571
Normalized score (portion of input quartet trees satisfied before correcting for multiple individuals): 0.5041294620266021
Optimization score: 6654341739
Optimal tree inferred in 183.608 secs.
(19,(75,(36,((112,6),(27,((194,(173,145)),(190,((87,((79,(167,122)),(169,((177,7),(65,15))))),((162,48),((133,(155,(166,(154,176)))),((((165,106),(12,188)),(((80,96),(108,((49,124),((69,(114,180)),(110,(26,119)))))),((0,((131,92),((184,(41,39)),((60,59),(35,(14,88)))))),((147,(134,((137,161),(156,66)))),(((83,187),(97,(30,(55,(157,121))))),((((47,4),(5,(142,(71,111)))),((197,(100,195)),(144,(63,((29,67),(73,(172,115))))))),(((44,98),(38,((23,56),(140,(125,(40,13)))))),((((91,61),(84,50)),(53,((90,81),(174,(28,(118,102)))))),((1,(11,109)),(((139,89),(82,72)),((116,107),(85,74)))))))))))),((17,32),(((37,(45,113)),((78,99),(163,(((158,86),(94,31)),(149,((105,(68,104)),(148,(191,(168,196))))))))),((135,(57,((171,185),(175,(9,(33,24)))))),(22,((160,((136,(153,103)),(58,(20,(93,128))))),(((10,164),(150,(46,((51,76),(182,146))))),(((25,143),((186,179),(54,(193,(2,123))))),((126,(152,8)),((101,((199,130),(189,((43,181),(95,117))))),(120,(((34,(138,192)),(198,((141,170),(132,(3,52))))),(((200,77),(129,(21,64))),((159,16),(((183,18),(151,127)),(42,(70,(178,62))))))))))))))))))))))))))));
Final quartet score is: 6654341739
Final normalized quartet score is: 0.5041294620266021
Extended species tree:
(151,(127,((183,18)1:0.21397103452766097,((42,(70,(178,62)1:0.333491608483075)0.57:0.03559067059797432)1:0.3505201294870184,((159,16)1:1.380567258683107,(((200,77)1:0.7715561167861321,(129,(21,64)1:0.5956191585453894)1:0.3782024926332095)1:0.304024156065746,(((34,(138,192)1:0.9489298047157049)0.79:0.06992544794785796,(198,((141,170)1:0.32235767625876594,(132,(3,52)1:0.41952779537677787)1:0.27139248404403515)1:0.5581609849575752)0.62:0.045362045024497866)1:0.2693311961967134,(120,((101,((199,130)1:1.2121871960070747,(189,((43,181)0.57:0.035355173305104716,(95,117)1:0.9138031095799046)0.8:0.07971040047111025)1:0.31399724369051973)0.74:0.05984868752802683)1:0.23766588183911233,((126,(152,8)0.97:0.12629952385436474)1:1.763044514686343,(((25,143)1:1.1036905078653754,((186,179)0.83:0.07830292843514908,(54,(193,(2,123)0.94:0.11875874895894782)1:0.7513668437414619)1:0.3055210720960333)1:0.395166501997471)1:0.18653630781252584,(((10,164)1:1.4494435626201807,(150,(46,((51,76)1:0.16670804394225547,(182,146)0.4:0.011276309961426999)1:0.4369731035692537)1:0.7148114707893717)1:0.2431050149810813)1:0.21797971079772074,((160,((136,(153,103)1:0.22152417874950767)1:0.4820702924272803,(58,(20,(93,128)1:0.7790490215915767)0.99:0.15755318375807537)0.52:0.03285066024369419)1:0.20537941862153897)1:0.6925918935887861,(22,((135,(57,((171,185)1:0.37006305626316743,(175,(9,(33,24)0.95:0.11270774139204551)1:0.49838969718009085)0.84:0.07798567611344269)0.45:0.021128710032888878)0.79:0.06843512080912818)1:0.7890709919196408,(((37,(45,113)1:0.2038543094736645)0.83:0.07803869524493985,((78,99)1:1.5481969456976454,(163,(((158,86)1:0.9194398627751763,(94,31)1:0.2953381459485696)1:0.23016534056440952,(149,((105,(68,104)1:0.3033833674620461)1:0.6153291810890775,(148,(191,(168,196)1:0.774623147634721)0.48:0.022022682036911)0.72:0.05835388207147657)1:0.22331353843668464)1:0.47491634362442126)0.85:0.08146136757911088)0.98:0.1313290218010567)1:0.21680674226541977)0.41:0.010965902669154783,((17,32)1:0.8796924081269146,((((165,106)1:0.24884704951631875,(12,188)1:0.22501096548900523)1:1.4470210758005562,(((80,96)1:1.0654804317523878,(108,((49,124)1:0.8113991607371837,((69,(114,180)0.4:0.010990370979785577)1:0.5557230047121832,(110,(26,119)0.99:0.14429314862903164)1:0.6820847279076111)0.47:0.020765506615495834)1:0.16508141139327276)1:0.6602116622466041)0.47:0.0209189994294261,((0,((131,92)1:0.9032842370253746,((184,(41,39)1:0.858250125241425)1:0.6473628071013794,((60,59)0.59:0.04537117549266269,(35,(14,88)1:0.42776066377898947)0.94:0.10589370681948497)1:0.8231067491494709)1:0.27823158827140365)1:0.28880865601015926)0.36:0.0026751210634110875,((147,(134,((137,161)1:0.3119662779094874,(156,66)1:1.290770689308653)0.55:0.041146874046955904)0.86:0.08581180451939557)1:0.8327789705468595,(((83,187)1:0.2006168424731048,(97,(30,(55,(157,121)1:0.3922109547394131)0.98:0.1363819877058128)1:0.298845105705367)1:0.28199865887761033)1:0.6737863645293355,((((47,4)1:1.1490297808101735,(5,(142,(71,111)1:0.6971503582312291)1:0.3526836988446113)0.95:0.11254419911795019)0.44:0.019693970432306186,((197,(100,195)0.81:0.07406158512352727)1:1.2216716837174122,(144,(63,((29,67)1:0.48351721027212746,(73,(172,115)0.95:0.12788305546000892)1:0.8461435872290791)0.97:0.1209741148494899)0.98:0.13744734354544497)0.78:0.07145695412524387)1:0.5633856027082416)0.46:0.018827001478643836,(((44,98)1:1.6584321552619856,(38,((23,56)1:0.504499205056264,(140,(125,(40,13)1:0.27743275142201834)1:0.17947690599313665)1:0.36368834564331876)1:0.24677391454106637)0.67:0.052945532501389087)1:0.29118484969691594,((((91,61)1:0.25162023412905216,(84,50)1:1.1960992430802215)0.97:0.12638606900411736,(53,((90,81)0.53:0.03212159352917337,(174,(28,(118,102)0.99:0.14311823933176096)1:0.19293913043289296)1:1.5272191173288907)1:0.19853162981492922)0.74:0.06467294581325582)0.51:0.02751706050140491,((1,(11,109)1:1.1324202687146412)0.47:0.02588446799212422,(((139,89)1:1.05142526179108,(82,72)1:1.7180953521250595)0.94:0.10642656801254197,((116,107)1:0.2226180813971057,(85,74)0.76:0.06391745485286678)1:0.3297811540225795)1:0.2686265490393913)0.8:0.07111900160139709)0.42:0.013319719065670893)0.85:0.08099697130194589)0.65:0.046421839156615734)0.52:0.028706337634476674)0.65:0.04656638640811177)0.8:0.06977041502261748)0.58:0.03711062053227394)0.36:0.003171606286072614,((133,(155,(166,(154,176)1:0.5792748253602079)1:0.1973594341584955)1:0.2106195033192204)1:0.615646655078805,((162,48)1:0.6242037705970296,((87,((79,(167,122)1:0.4202734434081142)0.57:0.036570450460626985,(169,((177,7)1:0.30005016010687907,(65,15)1:0.28995761640353296)0.47:0.023545455720703188)1:0.8442992416221823)1:0.1630190057393288)1:0.2760482157301734,(190,((194,(173,145)0.95:0.10959076822695663)0.75:0.06299190129767858,(27,((112,6)1:0.5399324940966971,(36,(75,19)1:0.7877113700275491)0.62:0.04575971265515209)1:0.23834331694382327)0.42:0.012193127001441496)1:0.6445898196048274)0.69:0.060712486383054896)0.54:0.036254461662013265)0.99:0.14590173770128986)1:0.3675061852492744)0.8:0.07254950471855257)0.57:0.036267032927585194)0.58:0.037200766725474434)0.81:0.073433814236614)0.38:0.007441743941591942)0.39:0.00952409832879408)0.35:0.0)0.79:0.06756684311019785)0.46:0.0227789653606915)0.64:0.056799845874252144)0.54:0.03459288839637468)0.52:0.027103469543987624)1:0.2065677566436334)1:0.28790024633723227)1:0.24238784135366703)1:0.4862728443062577));
Weight calculation took 128.116119113 secs
ASTRAL finished in 186.751 secs
