
================== ASTRAL ===================== 

This is ASTRAL version 5.7.8
Gene trees are treated as unrooted
50 trees read from Dataset/AstralII_data/model.200.500000.0.000001/33/estimatedgenetre.halfresolved_50
index0
All output trees will be *arbitrarily* rooted at 151

======== Running the main analysis
Number of taxa: 201 (201 species)
Taxa: [151, 183, 178, 62, 127, 42, 101, 34, 70, 22, 25, 143, 54, 2, 159, 16, 12, 18, 198, 138, 87, 20, 153, 103, 136, 189, 199, 137, 147, 156, 161, 134, 66, 35, 60, 59, 14, 88, 51, 182, 76, 146, 46, 17, 165, 106, 188, 45, 33, 171, 185, 175, 57, 135, 24, 9, 113, 37, 97, 91, 38, 118, 40, 125, 131, 92, 184, 41, 39, 0, 173, 145, 154, 176, 133, 155, 166, 177, 7, 169, 79, 65, 15, 167, 122, 190, 162, 48, 186, 179, 193, 123, 152, 8, 126, 200, 77, 129, 21, 64, 58, 160, 93, 128, 47, 4, 142, 71, 26, 108, 110, 119, 49, 124, 114, 69, 180, 5, 111, 53, 29, 67, 100, 197, 63, 144, 73, 172, 115, 27, 194, 112, 6, 36, 19, 75, 43, 95, 117, 120, 130, 181, 141, 170, 3, 52, 132, 83, 30, 157, 55, 121, 192, 78, 99, 90, 81, 13, 140, 23, 56, 163, 94, 31, 158, 86, 61, 44, 98, 116, 107, 139, 1, 174, 102, 28, 82, 72, 85, 74, 89, 11, 109, 195, 187, 191, 149, 148, 68, 104, 105, 168, 196, 84, 50, 80, 96, 150, 32, 10, 164]
Taxon occupancy: {110=50, 111=50, 112=50, 113=50, 114=50, 115=50, 116=50, 117=50, 118=50, 119=50, 10=50, 11=50, 12=50, 13=50, 14=50, 15=50, 16=50, 17=50, 18=50, 19=50, 120=50, 0=50, 121=50, 122=50, 1=50, 2=50, 123=50, 124=50, 3=50, 125=50, 4=50, 126=50, 5=50, 127=50, 6=50, 7=50, 128=50, 8=50, 129=50, 9=50, 20=50, 21=50, 22=50, 23=50, 24=50, 25=50, 26=50, 27=50, 28=50, 29=50, 130=50, 131=50, 132=50, 133=50, 134=50, 135=50, 136=50, 137=50, 138=50, 139=50, 30=50, 31=50, 32=50, 33=50, 34=50, 35=50, 36=50, 37=50, 38=50, 39=50, 140=50, 141=50, 142=50, 143=50, 144=50, 145=50, 146=50, 147=50, 148=50, 149=50, 40=50, 41=50, 42=50, 43=50, 44=50, 45=50, 46=50, 47=50, 48=50, 49=50, 150=50, 151=50, 152=50, 153=50, 154=50, 155=50, 156=50, 157=50, 158=50, 159=50, 50=50, 51=50, 52=50, 53=50, 54=50, 55=50, 56=50, 57=50, 58=50, 59=50, 160=50, 161=50, 162=50, 163=50, 164=50, 165=50, 166=50, 167=50, 168=50, 169=50, 60=50, 61=50, 62=50, 63=50, 64=50, 65=50, 66=50, 67=50, 68=50, 69=50, 170=50, 171=50, 172=50, 173=50, 174=50, 175=50, 176=50, 177=50, 178=50, 179=50, 70=50, 71=50, 72=50, 73=50, 74=50, 75=50, 76=50, 77=50, 78=50, 79=50, 180=50, 181=50, 182=50, 183=50, 184=50, 185=50, 186=50, 187=50, 188=50, 189=50, 80=50, 81=50, 82=50, 83=50, 84=50, 85=50, 86=50, 87=50, 88=50, 89=50, 190=50, 191=50, 192=50, 193=50, 194=50, 195=50, 196=50, 197=50, 198=50, 199=50, 90=50, 91=50, 92=50, 93=50, 94=50, 95=50, 96=50, 97=50, 98=50, 99=50, 200=50, 100=50, 101=50, 102=50, 103=50, 104=50, 105=50, 106=50, 107=50, 108=50, 109=50}
Number of gene trees: 50
0 trees have missing taxa
Calculating quartet distance matrix (for completion of X)
Species tree distances calculated ...
Building set of clusters (X) from gene trees 
------------------------------
gradient0: 11541
Number of Clusters after addition by distance: 11541
calculating extra bipartitions to be added at level 1 ...
Adding to X using resolutions of greedy consensus ...
Limit for sigma of degrees:5075
polytomy size limit : 57
discarded polytomies: 82 125  [3, 3, 3, 3, 3, 3, 3, 3, 3, 3, 3, 4, 4, 4, 4, 4, 4, 24, 24, 24, 44, 57, 82, 125]
Threshold 0.0:
polytomy of size 24; rounds with additions with at least 5 support: 4; clusters: 18249
Threshold 0.01:
polytomy of size 24; rounds with additions with at least 5 support: 1; clusters: 23353
Threshold 0.02:
polytomy of size 24; rounds with additions with at least 5 support: 0; clusters: 27451
Threshold 0.05:
polytomy of size 3; rounds with additions with at least 5 support: 0; clusters: 27451
polytomy of size 3; rounds with additions with at least 5 support: 0; clusters: 27453
polytomy of size 44; rounds with additions with at least 5 support: 3; clusters: 28153
Threshold 0.1:
polytomy of size 3; rounds with additions with at least 5 support: 0; clusters: 28153
polytomy of size 3; rounds with additions with at least 5 support: 0; clusters: 28153
polytomy of size 4; rounds with additions with at least 5 support: 0; clusters: 28155
polytomy of size 3; rounds with additions with at least 5 support: 0; clusters: 28155
polytomy of size 3; rounds with additions with at least 5 support: 0; clusters: 28155
polytomy of size 57; rounds with additions with at least 5 support: 2; clusters: 28667
Threshold 0.2:
polytomy of size 3; rounds with additions with at least 5 support: 0; clusters: 28667
polytomy of size 3; rounds with additions with at least 5 support: 0; clusters: 28667
polytomy of size 4; rounds with additions with at least 5 support: 0; clusters: 28667
polytomy of size 4; rounds with additions with at least 5 support: 0; clusters: 28667
polytomy of size 3; rounds with additions with at least 5 support: 0; clusters: 28667
polytomy of size 4; rounds with additions with at least 5 support: 0; clusters: 28667
polytomy of size 82; rounds with additions with at least 5 support: 1; clusters: 29035
Threshold 0.3333333333333333:
polytomy of size 3; rounds with additions with at least 5 support: 0; clusters: 29035
polytomy of size 4; rounds with additions with at least 5 support: 0; clusters: 29035
polytomy of size 3; rounds with additions with at least 5 support: 0; clusters: 29035
polytomy of size 4; rounds with additions with at least 5 support: 0; clusters: 29035
polytomy of size 125; rounds with additions with at least 5 support: 0; clusters: 29301
max k is :8
Number of Clusters after addition by greedy: 29301
gradient0 in heuristiic: 29301
partitions formed in 22.037 secs
Dynamic Programming starting after 22.037 secs
Using tree-based weight calculation.
Using polytree-based weight calculation.
Polytree max score: 3299916906
Polytree building time: 0.146 seconds.
Number of quartet trees in the gene trees: 3299916906
Size of largest cluster: 201
Greedy score: 1538294625
estimationFactor: 2.1451787273845544
Sub-optimal score: 1628378434
Calculated 100000 weights; time (seconds): 54
Total Number of elements weighted: 136568
Normalized score (portion of input quartet trees satisfied before correcting for multiple individuals): 0.5081310765586896
Optimization score: 1676790330
Optimal tree inferred in 67.874 secs.
(55,((157,121),(30,(97,((83,187),(((((47,4),(5,(142,(71,111)))),((197,(100,195)),(144,(63,((29,67),(172,(73,115))))))),((((91,61),(84,50)),((38,(44,98)),((23,56),(140,(125,(40,13)))))),((53,((90,81),(174,(28,(118,102))))),((11,109),(1,((74,(116,107)),((139,89),(85,(82,72))))))))),(((147,134),((137,161),(156,66))),(0,(((131,92),((184,(41,39)),((60,59),(35,(14,88))))),((((80,96),((165,106),(12,188))),(108,((180,(114,69)),((49,124),(119,(26,110)))))),(((133,(155,(166,(154,176)))),((162,48),((87,((79,(167,122)),(169,((177,7),(65,15))))),(190,(194,((27,(173,145)),((112,6),(36,(19,75))))))))),(((78,99),(163,(((158,86),(94,31)),(149,((191,(168,196)),(148,(105,(68,104)))))))),((37,(45,113)),((17,32),((135,(57,((171,185),(175,(24,(33,9)))))),(((10,164),(150,(46,(182,(146,(51,76)))))),(((25,143),((186,179),(54,(193,(2,123))))),((22,(160,(58,((136,(153,103)),(20,(93,128)))))),((126,(152,8)),((101,((199,130),(189,((95,117),(43,181))))),(120,(((159,16),(((183,18),(151,127)),((42,70),(178,62)))),(((200,77),(129,(21,64))),(((34,198),(138,192)),((141,170),(132,(3,52)))))))))))))))))))))))))));
Final quartet score is: 1676790330
Final normalized quartet score is: 0.5081310765586896
Extended species tree:
(151,(127,((183,18)1:0.36903614687339786,(((42,70)0.9:0.18531198964450468,(178,62)1:0.41160514986161084)0.99:0.32022090235945394,((159,16)1:1.3415012045201369,((((200,77)1:1.0424464307409125,(129,(21,64)1:0.6301138022769756)1:0.44481338041717716)0.94:0.22065126160956963,(((34,198)0.48:0.08796190867995327,(138,192)1:1.0848966864781362)0.55:0.06075483862760916,((141,170)0.89:0.18659236842251326,(132,(3,52)1:0.47775791802574064)0.93:0.20916421316648914)1:0.5107745629781115)0.9:0.18972923428743665)0.42:0.021635190537364037,(120,((101,((199,130)1:0.986302054753081,(189,((95,117)1:0.7820877224936676,(43,181)0.5:0.04418374018427125)0.42:0.019624071809587938)0.97:0.2645782812114969)0.51:0.05171045577087445)0.84:0.15720037678313517,((126,(152,8)0.53:0.08912022682625097)1:1.9501594280657333,((22,(160,(58,((136,(153,103)0.6:0.09188468098129751)1:0.41596498661673803,(20,(93,128)1:0.6074983872393706)0.72:0.11385974635529474)0.47:0.040706892100029334)0.99:0.29857802280441953)1:0.521739303644924)0.4:0.014067900397602752,(((25,143)1:1.2305339704754028,((186,179)0.44:0.032654085429392986,(54,(193,(2,123)0.99:0.3076867403588104)1:0.7684732496455174)0.91:0.19189970955349972)0.99:0.31711642851042476)0.9:0.18559621133785784,(((10,164)1:1.1919889533649022,(150,(46,(182,(146,(51,76)0.65:0.12583677046348038)0.5:0.060624621816434854)0.99:0.3049030011878436)1:0.8137906381669441)0.99:0.30011297407644244)0.97:0.2580867538582397,((135,(57,((171,185)0.99:0.34430828830152055,(175,(24,(33,9)0.39:0.011353572809652239)1:0.3733642211474442)0.71:0.10843769938792111)0.6:0.07524859069093358)0.49:0.04626364196645047)1:0.7018597316895235,((17,32)1:0.7943412507511937,((37,(45,113)0.88:0.17592494649726217)0.58:0.07251822462280898,(((78,99)1:1.9116429430955986,(163,(((158,86)1:0.8428041402986821,(94,31)0.98:0.276793031974594)0.91:0.19663925385956482,(149,((191,(168,196)1:0.5888567559619637)0.92:0.22251363301698865,(148,(105,(68,104)0.97:0.2678755616529149)1:0.6931471805599453)0.46:0.03313857981114252)0.98:0.2851116377832256)1:0.5406175093547854)0.58:0.06986138169029263)0.64:0.08632160286329837)0.99:0.33204620458346296,(((133,(155,(166,(154,176)1:0.3893303785989961)0.87:0.17476581986364917)0.91:0.20428979263462338)1:0.567916954198289,((162,48)1:0.47080202149143296,((87,((79,(167,122)1:0.42777086562246275)0.35:0.0,(169,((177,7)1:0.3813451198017958,(65,15)0.96:0.24931157247746547)0.46:0.03745756253490056)1:0.6611048521901394)0.72:0.11673808548350299)0.97:0.25570841762216384,(190,(194,((27,(173,145)0.99:0.34389723830480007)0.58:0.07272801366148762,((112,6)1:0.5157731500712461,(36,(19,75)1:0.4825598480211481)0.58:0.07451206154379227)0.8:0.138230300738674)0.59:0.07403884432691585)1:0.4326740210550877)0.8:0.14079593858281117)0.63:0.09566721778762419)0.58:0.07486176892826724)1:0.42710562471465446,((((80,96)1:0.8189087931594797,((165,106)0.85:0.16257162440306813,(12,188)0.99:0.30748469974796055)1:1.2806171535328006)0.48:0.04394017442983804,(108,((180,(114,69)0.54:0.060940328212111525)1:0.5405215887208287,((49,124)1:0.7865084803530794,(119,(26,110)0.44:0.02832367702811348)1:0.6706676553957263)0.37:0.005739627568868932)0.74:0.12014105256493803)1:0.7480200065386813)0.44:0.028582707594632183,(((131,92)1:0.6765774890514491,((184,(41,39)1:0.9614111671546247)1:0.7924978192591913,((60,59)0.88:0.19051832399813326,(35,(14,88)0.97:0.2678755616529149)0.51:0.05304025445019811)1:0.7030678799648314)0.69:0.10401544888563813)1:0.3625352928383981,(0,(((147,134)0.6:0.07531533722643845,((137,161)0.98:0.2934716673819456,(156,66)1:1.042088593986252)0.94:0.2170582206924671)1:0.8348325478846278,(((((47,4)1:1.3335616808226696,(5,(142,(71,111)1:0.8941810501680894)0.98:0.2898741817393255)0.9:0.18946617425263473)0.37:0.004168054250509954,((197,(100,195)0.99:0.3293379129074676)1:0.9461663602248205,(144,(63,((29,67)1:0.4050150293367828,(172,(73,115)0.5:0.060624621816434854)1:0.5999400509523988)0.89:0.1862205507164617)0.52:0.05273060399187434)0.78:0.1360619552749784)1:0.5048271300340184)0.38:0.009449722014051498,((((91,61)0.95:0.2322171391181656,(84,50)1:1.3747163781421499)0.79:0.13458982252036852,((38,(44,98)1:1.087973890463055)0.49:0.059973791985456354,((23,56)1:0.35969609427290883,(140,(125,(40,13)1:0.3648570402118933)0.68:0.1148108222456683)0.94:0.21488214495807423)0.95:0.24092998333209836)0.91:0.19517234041795523)0.45:0.028901357356633135,((53,((90,81)0.76:0.12516314295400616,(174,(28,(118,102)0.55:0.0930252106364999)0.81:0.16072895288619723)1:1.5989351902349507)0.94:0.2154366295941304)0.55:0.061439969024778565,((11,109)1:1.3218203415465042,(1,((74,(116,107)0.89:0.22251243737720008)0.98:0.2809184485953226,((139,89)1:0.8602194544823542,(85,(82,72)1:1.5804503755608483)0.52:0.052921585911066264)0.5:0.04624590785399781)0.99:0.29419835542222633)0.41:0.017351685939876394)0.47:0.04835095923042194)0.49:0.040266512135985415)0.48:0.03808976391828888)0.45:0.029749243894042862,((83,187)0.93:0.20682801327400252,(97,(30,((157,121)1:0.4007968768896124,55)0.88:0.17877455535537187)0.98:0.27799194552334866)0.99:0.3004988484488942)1:0.5224686942235632)0.54:0.05866442321282551)0.56:0.06241745372912421)0.34:0.0)0.52:0.050938669876544766)0.36:0.0)0.66:0.09302708855185682)0.34:0.0)0.42:0.026517464242438126)0.4:0.012799229245704142)0.5:0.047400295018287436)0.38:0.006662331450649992)0.45:0.03966289514243291)0.41:0.02576355096286654)0.42:0.020459509662835974)0.53:0.05274923944370439)0.38:0.009512007813101847)0.98:0.28335721856567847)0.91:0.1983485980805709)0.8:0.13824488278088906)1:0.5143902455904127));
Weight calculation took 38.773045498 secs
ASTRAL finished in 69.445 secs
