
================== ASTRAL ===================== 

This is ASTRAL version 5.7.8
Gene trees are treated as unrooted
200 trees read from Dataset/AstralII_data/model.200.2000000.0.000001/28/estimatedgenetre.halfresolved_200
index0
All output trees will be *arbitrarily* rooted at 8

======== Running the main analysis
Number of taxa: 201 (201 species)
Taxa: [8, 152, 135, 143, 6, 137, 21, 54, 119, 183, 41, 197, 34, 97, 179, 154, 104, 56, 42, 139, 9, 22, 94, 68, 13, 103, 66, 132, 86, 89, 60, 17, 115, 199, 162, 117, 76, 161, 112, 39, 149, 107, 99, 74, 148, 147, 2, 18, 78, 177, 31, 79, 5, 49, 85, 20, 118, 80, 171, 151, 15, 116, 37, 30, 35, 38, 19, 178, 170, 113, 65, 195, 12, 96, 126, 121, 101, 57, 26, 45, 141, 164, 140, 59, 193, 102, 47, 63, 11, 156, 150, 48, 133, 134, 1, 87, 128, 82, 198, 175, 146, 95, 71, 61, 190, 155, 187, 123, 53, 188, 111, 145, 81, 182, 129, 83, 7, 166, 93, 144, 73, 84, 58, 136, 110, 40, 92, 29, 67, 43, 32, 72, 130, 191, 174, 180, 163, 200, 167, 176, 159, 160, 153, 165, 158, 52, 64, 168, 0, 100, 169, 24, 70, 157, 23, 90, 3, 114, 14, 192, 184, 127, 196, 77, 4, 36, 122, 16, 55, 105, 125, 50, 185, 25, 46, 120, 189, 124, 27, 51, 10, 88, 109, 108, 138, 172, 62, 98, 44, 186, 131, 91, 106, 69, 181, 142, 194, 75, 33, 173, 28]
Taxon occupancy: {110=200, 111=200, 112=200, 113=200, 114=200, 115=200, 116=200, 117=200, 118=200, 119=200, 10=200, 11=200, 12=200, 13=200, 14=200, 15=200, 16=200, 17=200, 18=200, 19=200, 120=200, 121=200, 0=200, 1=200, 122=200, 2=200, 123=200, 3=200, 124=200, 4=200, 125=200, 5=200, 126=200, 6=200, 127=200, 128=200, 7=200, 8=200, 129=200, 9=200, 20=200, 21=200, 22=200, 23=200, 24=200, 25=200, 26=200, 27=200, 28=200, 29=200, 130=200, 131=200, 132=200, 133=200, 134=200, 135=200, 136=200, 137=200, 138=200, 139=200, 30=200, 31=200, 32=200, 33=200, 34=200, 35=200, 36=200, 37=200, 38=200, 39=200, 140=200, 141=200, 142=200, 143=200, 144=200, 145=200, 146=200, 147=200, 148=200, 149=200, 40=200, 41=200, 42=200, 43=200, 44=200, 45=200, 46=200, 47=200, 48=200, 49=200, 150=200, 151=200, 152=200, 153=200, 154=200, 155=200, 156=200, 157=200, 158=200, 159=200, 50=200, 51=200, 52=200, 53=200, 54=200, 55=200, 56=200, 57=200, 58=200, 59=200, 160=200, 161=200, 162=200, 163=200, 164=200, 165=200, 166=200, 167=200, 168=200, 169=200, 60=200, 61=200, 62=200, 63=200, 64=200, 65=200, 66=200, 67=200, 68=200, 69=200, 170=200, 171=200, 172=200, 173=200, 174=200, 175=200, 176=200, 177=200, 178=200, 179=200, 70=200, 71=200, 72=200, 73=200, 74=200, 75=200, 76=200, 77=200, 78=200, 79=200, 180=200, 181=200, 182=200, 183=200, 184=200, 185=200, 186=200, 187=200, 188=200, 189=200, 80=200, 81=200, 82=200, 83=200, 84=200, 85=200, 86=200, 87=200, 88=200, 89=200, 190=200, 191=200, 192=200, 193=200, 194=200, 195=200, 196=200, 197=200, 198=200, 199=200, 90=200, 91=200, 92=200, 93=200, 94=200, 95=200, 96=200, 97=200, 98=200, 99=200, 200=200, 100=200, 101=200, 102=200, 103=200, 104=200, 105=200, 106=200, 107=200, 108=200, 109=200}
Number of gene trees: 200
0 trees have missing taxa
Calculating quartet distance matrix (for completion of X)
Species tree distances calculated ...
Building set of clusters (X) from gene trees 
------------------------------
gradient0: 15391
Number of Clusters after addition by distance: 15391
calculating extra bipartitions to be added at level 1 ...
Adding to X using resolutions of greedy consensus ...
Limit for sigma of degrees:5075
polytomy size limit : 21
discarded polytomies:  [3, 3, 3, 3, 3, 3, 3, 3, 3, 3, 3, 3, 3, 3, 3, 3, 3, 3, 3, 3, 4, 4, 4, 4, 4, 5, 5, 5, 6, 6, 7, 10, 12, 21]
Threshold 0.0:
Threshold 0.01:
Threshold 0.02:
polytomy of size 3; rounds with additions with at least 5 support: 0; clusters: 15391
Threshold 0.05:
polytomy of size 4; rounds with additions with at least 5 support: 0; clusters: 15391
polytomy of size 3; rounds with additions with at least 5 support: 0; clusters: 15391
Threshold 0.1:
polytomy of size 3; rounds with additions with at least 5 support: 0; clusters: 15391
polytomy of size 3; rounds with additions with at least 5 support: 0; clusters: 15391
polytomy of size 4; rounds with additions with at least 5 support: 0; clusters: 15391
polytomy of size 5; rounds with additions with at least 5 support: 0; clusters: 15391
Threshold 0.2:
polytomy of size 3; rounds with additions with at least 5 support: 0; clusters: 15391
polytomy of size 3; rounds with additions with at least 5 support: 0; clusters: 15391
polytomy of size 5; rounds with additions with at least 5 support: 0; clusters: 15391
polytomy of size 7; rounds with additions with at least 5 support: 0; clusters: 15391
polytomy of size 3; rounds with additions with at least 5 support: 0; clusters: 15391
polytomy of size 3; rounds with additions with at least 5 support: 0; clusters: 15391
polytomy of size 12; rounds with additions with at least 5 support: 0; clusters: 15391
Threshold 0.3333333333333333:
polytomy of size 6; rounds with additions with at least 5 support: 0; clusters: 15391
polytomy of size 3; rounds with additions with at least 5 support: 0; clusters: 15391
polytomy of size 3; rounds with additions with at least 5 support: 0; clusters: 15391
polytomy of size 10; rounds with additions with at least 5 support: 0; clusters: 15391
polytomy of size 4; rounds with additions with at least 5 support: 0; clusters: 15391
polytomy of size 3; rounds with additions with at least 5 support: 0; clusters: 15391
polytomy of size 4; rounds with additions with at least 5 support: 0; clusters: 15391
polytomy of size 3; rounds with additions with at least 5 support: 0; clusters: 15391
polytomy of size 3; rounds with additions with at least 5 support: 0; clusters: 15391
polytomy of size 3; rounds with additions with at least 5 support: 0; clusters: 15391
polytomy of size 3; rounds with additions with at least 5 support: 0; clusters: 15391
polytomy of size 3; rounds with additions with at least 5 support: 0; clusters: 15391
polytomy of size 6; rounds with additions with at least 5 support: 0; clusters: 15391
polytomy of size 4; rounds with additions with at least 5 support: 0; clusters: 15391
polytomy of size 5; rounds with additions with at least 5 support: 0; clusters: 15391
polytomy of size 3; rounds with additions with at least 5 support: 0; clusters: 15391
polytomy of size 3; rounds with additions with at least 5 support: 0; clusters: 15391
polytomy of size 3; rounds with additions with at least 5 support: 0; clusters: 15391
polytomy of size 21; rounds with additions with at least 5 support: 0; clusters: 15391
polytomy of size 3; rounds with additions with at least 5 support: 0; clusters: 15391
max k is :0
Number of Clusters after addition by greedy: 15391
gradient0 in heuristiic: 15391
partitions formed in 7.565 secs
Dynamic Programming starting after 7.565 secs
Using tree-based weight calculation.
Using polytree-based weight calculation.
Polytree max score: 13184060310
Polytree building time: 0.366 seconds.
Number of quartet trees in the gene trees: 13184060310
Size of largest cluster: 201
Greedy score: 8548391820
estimationFactor: 1.5422854482587345
Sub-optimal score: 9391621573
Total Number of elements weighted: 34362
Normalized score (portion of input quartet trees satisfied before correcting for multiple individuals): 0.7421554650791794
Optimization score: 9784622411
Optimal tree inferred in 26.622 secs.
(122,(16,(4,((36,(127,(196,77))),((((189,(124,(46,120))),(27,((25,(50,185)),(51,(105,(55,125)))))),(((62,(91,106)),(98,(131,(44,186)))),(((10,88),(33,(173,28))),((109,(172,(108,138))),((194,75),(181,(69,142))))))),((192,184),((97,((68,13),((179,154),(104,((56,42),(94,(22,(139,9)))))))),((34,((41,(197,103)),((135,((8,152),((137,(21,54)),((119,183),(143,6))))),((132,(66,86)),((117,(199,162)),(115,(89,(60,17)))))))),((114,14),(0,((((24,70),(100,169)),((157,(3,(23,90))),(133,(134,(1,(87,128)))))),((((176,(159,160)),((153,165),((64,168),(158,52)))),((112,39),((74,(148,(99,147))),((149,107),((2,18),(177,(78,31))))))),((((200,167),(163,((130,191),(174,180)))),(((198,(82,175)),(((188,111),(145,(81,182))),((123,53),(146,((61,(155,187)),(71,(95,190))))))),(((40,29),(92,(110,((32,72),(67,43))))),((73,(84,(58,136))),((129,83),(7,(166,(93,144)))))))),((76,161),(((101,(57,(26,(45,141)))),(((126,121),(164,(140,59))),((156,(150,48)),((193,102),(47,(63,11)))))),((37,((195,12),(170,(178,(96,(113,65)))))),(((30,38),(35,19)),((20,118),((79,(85,(5,49))),(171,(151,(80,(15,116)))))))))))))))))))))));
Final quartet score is: 9784622411
Final normalized quartet score is: 0.7421554650791794
Extended species tree:
(8,(152,(((137,(21,54)1:0.4159632694054029)0.89:0.09544148178477518,((119,183)1:0.33938438881680344,(143,6)1:0.502426499635456)1:0.6001395032340526)1:0.9540171705462921,(135,(((132,(66,86)1:0.3148205319358024)1:3.9702397342266793,((117,(199,162)1:0.9159400280718006)1:0.8032744372192305,(115,(89,(60,17)1:0.46453700102836853)1:1.2285198118160734)1:0.29108605165160634)1:1.876806145137459)1:0.23179703861282006,((41,(197,103)1:0.365791053584456)0.49:0.029550155774852826,(34,(((114,14)1:4.333964637231188,(0,((((24,70)1:2.0224016142606347,(100,169)1:4.14274036699779)1:0.24708038303292099,((157,(3,(23,90)0.73:0.06108223564010457)1:0.733045282261978)1:1.494856424663633,(133,(134,(1,(87,128)1:0.6419795506233437)1:1.7771903482410703)1:0.8868783205957359)1:0.8846184662648222)1:0.8672783244680267)1:0.5141692424949558,((((176,(159,160)1:3.491660512857934)1:2.151528970128934,((153,165)1:3.9319679897689856,((64,168)1:0.33354119321098935,(158,52)1:1.7496585637921205)1:1.8272587741934494)1:1.1160365737775486)1:0.3299957841825345,((112,39)1:2.0964170282998595,((74,(148,(99,147)0.92:0.10056797274781853)0.95:0.12113573088152348)1:0.5243606580810671,((149,107)1:1.5133508541721747,((2,18)1:2.007270298030916,(177,(78,31)1:1.224517778644818)1:1.4097609668902837)1:1.1011277708031493)1:0.8925382987303819)1:1.145773260387824)0.93:0.10388830432482365)1:0.5256926297340699,((((200,167)1:4.200750922546264,(163,((130,191)1:1.351989317072734,(174,180)1:1.2933632943902407)1:3.2005405317254785)0.43:0.01427668635668275)1:0.5845954929233035,(((198,(82,175)0.86:0.08405506167929153)1:3.428207918703016,(((188,111)1:0.43264064084589887,(145,(81,182)1:2.258757343129169)1:1.422659181130071)1:0.9016115968765899,((123,53)1:0.25152430434706685,(146,((61,(155,187)1:0.8392719730773215)1:0.18540346296335497,(71,(95,190)1:1.0027142448425173)1:0.1771449309539082)1:2.2055255107139486)0.98:0.13176212714815036)1:0.5408682836677299)0.63:0.053322819574694306)1:1.3492578486487838,(((40,29)1:0.6450165060879682,(92,(110,((32,72)1:1.1898686616169374,(67,43)1:0.6748692983485249)1:0.6122500828566734)1:1.0322616394108823)0.4:0.010209754254030246)1:1.041234134079342,((73,(84,(58,136)1:0.9252429086892097)1:0.40541097909961965)1:1.3418958453483627,((129,83)1:3.507789487766621,(7,(166,(93,144)1:0.49066565777670224)1:0.25659613788619307)1:2.1405869679374434)0.46:0.020549234369287402)1:0.9455135240063886)1:1.0469909259533268)1:0.8210671608976052)1:0.1840344057237961,((76,161)1:4.891854539519218,(((101,(57,(26,(45,141)1:0.39136007021023245)1:0.4674998026490292)1:1.251201093165953)1:1.4798479811970449,(((126,121)1:0.8343477195536787,(164,(140,59)1:2.3232698758752863)0.95:0.11121447615535687)1:1.2123928891279974,((156,(150,48)1:0.5439327719199173)1:2.569625254790726,((193,102)1:2.184352684319215,(47,(63,11)1:0.22423751807004916)1:1.433529494016018)1:1.7651323831112817)0.65:0.04681626409964647)1:0.2607512743415813)1:1.1552735578785989,((37,((195,12)1:2.419888972729537,(170,(178,(96,(113,65)1:2.9380758033896166)0.99:0.1443050086066058)0.5:0.05374793306739092)0.61:0.043988590404273456)1:0.29899453361261924)1:0.18023653553636154,(((30,38)1:0.5920816805509994,(35,19)1:0.5511200269240227)1:2.56506935506173,((20,118)1:1.2051323032227712,((79,(85,(5,49)1:0.7969833056786754)1:1.1347464650129742)1:1.0760175633381108,(171,(151,(80,(15,116)1:0.5241434145667755)1:0.244309680743427)1:0.27315413801795796)1:1.2412833084716988)0.99:0.1551093740437578)1:0.4282818699602112)0.55:0.03269256551426346)1:1.511169487428349)0.95:0.11011717644077836)1:0.44631712276066576)0.58:0.03722351253823243)0.5:0.025683271093427152)1:0.470835915774486)1:0.20192695899378366)0.96:0.11706461905222205,((97,((68,13)1:2.4881232756941345,((179,154)1:0.9202072527628402,(104,((56,42)1:0.2641652826585787,(94,(22,(139,9)1:0.2576190966009248)1:0.22075514363329807)0.97:0.12498163162737515)1:0.4948669354217808)1:1.2022129294411368)1:0.20186126600988244)1:2.497696700938373)1:1.130040243303288,((192,184)1:0.8595062598069952,((((189,(124,(46,120)1:3.3050694985363434)0.97:0.1241770719215303)1:0.8518676082054801,(27,((25,(50,185)1:0.8596508574123096)1:1.125944114206982,(51,(105,(55,125)1:0.49757187509973183)1:1.068569052813834)1:0.7312354101541898)0.73:0.0629850888600129)1:1.4394084877795834)1:0.9861367744059933,(((62,(91,106)1:0.7177800344809675)0.57:0.04385501358841429,(98,(131,(44,186)1:0.27723092486857986)1:1.9560859372875279)1:1.350966885917276)1:0.7072857866917984,(((10,88)1:3.094440645112905,(33,(173,28)1:1.5500498812155876)1:1.5575901133170653)1:0.512923842014426,((109,(172,(108,138)1:0.29304570733282437)1:1.4311731047450234)1:2.3726409531345185,((194,75)1:0.33412205927625915,(181,(69,142)1:0.3393810273694448)0.43:0.014224694719723709)1:3.2059582183057382)0.42:0.012705663218232044)0.99:0.14754795417426222)1:0.21106521256053185)1:0.4161948970232553,((36,(127,(196,77)1:2.485338401309014)1:0.45574035289052656)0.98:0.12873181134226694,(4,(16,122)1:2.498517809399458)1:0.36477029665654576)1:2.4089188030002178)1:0.8997065611192173)1:0.3450932374899776)0.91:0.09754066439909706)1:0.5652238440374551)0.45:0.01989606911429494)1:0.5747540666202424)1:1.1277213006536144)1:1.882510129971139)1:1.742446217730292));
Weight calculation took 17.461723327 secs
ASTRAL finished in 29.332 secs
