
================== ASTRAL ===================== 

This is ASTRAL version 5.7.8
Gene trees are treated as unrooted
50 trees read from Dataset/AstralII_data/model.200.2000000.0.000001/28/estimatedgenetre.halfresolved_50
index0
All output trees will be *arbitrarily* rooted at 8

======== Running the main analysis
Number of taxa: 201 (201 species)
Taxa: [8, 152, 135, 143, 6, 137, 21, 54, 119, 183, 41, 197, 34, 97, 179, 154, 104, 56, 42, 139, 9, 22, 94, 68, 13, 103, 66, 132, 86, 89, 60, 17, 115, 199, 162, 117, 76, 161, 112, 39, 149, 107, 99, 74, 148, 147, 2, 18, 78, 177, 31, 79, 5, 49, 85, 20, 118, 80, 171, 151, 15, 116, 37, 30, 35, 38, 19, 178, 170, 113, 65, 195, 12, 96, 126, 121, 101, 57, 26, 45, 141, 164, 140, 59, 193, 102, 47, 63, 11, 156, 150, 48, 133, 134, 1, 87, 128, 82, 198, 175, 146, 95, 71, 61, 190, 155, 187, 123, 53, 188, 111, 145, 81, 182, 129, 83, 7, 166, 93, 144, 73, 84, 58, 136, 110, 40, 92, 29, 67, 43, 32, 72, 130, 191, 174, 180, 163, 200, 167, 176, 159, 160, 153, 165, 158, 52, 64, 168, 0, 100, 169, 24, 70, 157, 23, 90, 3, 114, 14, 192, 184, 127, 196, 77, 4, 36, 122, 16, 55, 105, 125, 50, 185, 25, 46, 120, 189, 124, 27, 51, 10, 88, 109, 108, 138, 172, 62, 98, 44, 186, 131, 91, 106, 69, 181, 142, 194, 75, 33, 173, 28]
Taxon occupancy: {110=50, 111=50, 112=50, 113=50, 114=50, 115=50, 116=50, 117=50, 118=50, 119=50, 10=50, 11=50, 12=50, 13=50, 14=50, 15=50, 16=50, 17=50, 18=50, 19=50, 120=50, 121=50, 0=50, 1=50, 122=50, 2=50, 123=50, 3=50, 124=50, 4=50, 125=50, 5=50, 126=50, 6=50, 127=50, 128=50, 7=50, 8=50, 129=50, 9=50, 20=50, 21=50, 22=50, 23=50, 24=50, 25=50, 26=50, 27=50, 28=50, 29=50, 130=50, 131=50, 132=50, 133=50, 134=50, 135=50, 136=50, 137=50, 138=50, 139=50, 30=50, 31=50, 32=50, 33=50, 34=50, 35=50, 36=50, 37=50, 38=50, 39=50, 140=50, 141=50, 142=50, 143=50, 144=50, 145=50, 146=50, 147=50, 148=50, 149=50, 40=50, 41=50, 42=50, 43=50, 44=50, 45=50, 46=50, 47=50, 48=50, 49=50, 150=50, 151=50, 152=50, 153=50, 154=50, 155=50, 156=50, 157=50, 158=50, 159=50, 50=50, 51=50, 52=50, 53=50, 54=50, 55=50, 56=50, 57=50, 58=50, 59=50, 160=50, 161=50, 162=50, 163=50, 164=50, 165=50, 166=50, 167=50, 168=50, 169=50, 60=50, 61=50, 62=50, 63=50, 64=50, 65=50, 66=50, 67=50, 68=50, 69=50, 170=50, 171=50, 172=50, 173=50, 174=50, 175=50, 176=50, 177=50, 178=50, 179=50, 70=50, 71=50, 72=50, 73=50, 74=50, 75=50, 76=50, 77=50, 78=50, 79=50, 180=50, 181=50, 182=50, 183=50, 184=50, 185=50, 186=50, 187=50, 188=50, 189=50, 80=50, 81=50, 82=50, 83=50, 84=50, 85=50, 86=50, 87=50, 88=50, 89=50, 190=50, 191=50, 192=50, 193=50, 194=50, 195=50, 196=50, 197=50, 198=50, 199=50, 90=50, 91=50, 92=50, 93=50, 94=50, 95=50, 96=50, 97=50, 98=50, 99=50, 200=50, 100=50, 101=50, 102=50, 103=50, 104=50, 105=50, 106=50, 107=50, 108=50, 109=50}
Number of gene trees: 50
0 trees have missing taxa
Calculating quartet distance matrix (for completion of X)
Species tree distances calculated ...
Building set of clusters (X) from gene trees 
------------------------------
gradient0: 5623
Number of Clusters after addition by distance: 5623
calculating extra bipartitions to be added at level 1 ...
Adding to X using resolutions of greedy consensus ...
Limit for sigma of degrees:5075
polytomy size limit : 20
discarded polytomies:  [3, 3, 3, 3, 3, 3, 3, 3, 3, 3, 3, 3, 3, 3, 3, 4, 4, 4, 4, 4, 4, 4, 4, 5, 5, 6, 6, 10, 12, 20]
Threshold 0.0:
Threshold 0.01:
Threshold 0.02:
Threshold 0.05:
polytomy of size 4; rounds with additions with at least 5 support: 2; clusters: 5631
Threshold 0.1:
polytomy of size 3; rounds with additions with at least 5 support: 0; clusters: 5631
polytomy of size 4; rounds with additions with at least 5 support: 0; clusters: 5631
polytomy of size 5; rounds with additions with at least 5 support: 0; clusters: 5635
Threshold 0.2:
polytomy of size 3; rounds with additions with at least 5 support: 0; clusters: 5635
polytomy of size 3; rounds with additions with at least 5 support: 0; clusters: 5635
polytomy of size 4; rounds with additions with at least 5 support: 0; clusters: 5635
polytomy of size 3; rounds with additions with at least 5 support: 0; clusters: 5635
polytomy of size 3; rounds with additions with at least 5 support: 0; clusters: 5635
polytomy of size 4; rounds with additions with at least 5 support: 0; clusters: 5635
polytomy of size 12; rounds with additions with at least 5 support: 0; clusters: 5635
polytomy of size 4; rounds with additions with at least 5 support: 0; clusters: 5635
Threshold 0.3333333333333333:
polytomy of size 6; rounds with additions with at least 5 support: 0; clusters: 5635
polytomy of size 3; rounds with additions with at least 5 support: 0; clusters: 5635
polytomy of size 3; rounds with additions with at least 5 support: 0; clusters: 5635
polytomy of size 4; rounds with additions with at least 5 support: 0; clusters: 5635
polytomy of size 3; rounds with additions with at least 5 support: 0; clusters: 5635
polytomy of size 10; rounds with additions with at least 5 support: 0; clusters: 5635
polytomy of size 4; rounds with additions with at least 5 support: 0; clusters: 5635
polytomy of size 3; rounds with additions with at least 5 support: 0; clusters: 5635
polytomy of size 5; rounds with additions with at least 5 support: 0; clusters: 5635
polytomy of size 3; rounds with additions with at least 5 support: 0; clusters: 5635
polytomy of size 3; rounds with additions with at least 5 support: 0; clusters: 5635
polytomy of size 4; rounds with additions with at least 5 support: 0; clusters: 5635
polytomy of size 3; rounds with additions with at least 5 support: 0; clusters: 5635
polytomy of size 3; rounds with additions with at least 5 support: 0; clusters: 5635
polytomy of size 6; rounds with additions with at least 5 support: 0; clusters: 5635
polytomy of size 3; rounds with additions with at least 5 support: 0; clusters: 5635
polytomy of size 20; rounds with additions with at least 5 support: 0; clusters: 5635
polytomy of size 3; rounds with additions with at least 5 support: 0; clusters: 5635
max k is :4
Number of Clusters after addition by greedy: 5635
gradient0 in heuristiic: 5635
partitions formed in 8.829 secs
Dynamic Programming starting after 8.83 secs
Using tree-based weight calculation.
Using polytree-based weight calculation.
Polytree max score: 3290448825
Polytree building time: 0.311 seconds.
Number of quartet trees in the gene trees: 3290448825
Size of largest cluster: 201
Greedy score: 2299045682
estimationFactor: 1.4312237685236218
Sub-optimal score: 2347415368
Total Number of elements weighted: 8937
Normalized score (portion of input quartet trees satisfied before correcting for multiple individuals): 0.7352958112028988
Optimization score: 2419453238
Optimal tree inferred in 14.013 secs.
(122,(16,(4,((36,(127,(196,77))),((((189,(124,(46,120))),(27,((25,(50,185)),(51,(105,(55,125)))))),(((62,(91,106)),(98,(131,(44,186)))),(((10,88),(33,(173,28))),((109,(172,(108,138))),(181,((194,75),(69,142))))))),((192,184),((114,14),((97,((68,13),((179,154),(104,((56,42),(94,(22,(139,9)))))))),(((41,(197,103)),(34,((135,((8,152),((137,(21,54)),((119,183),(143,6))))),((132,(66,86)),((117,(199,162)),(115,(89,(60,17)))))))),(0,((((24,70),(100,169)),((157,(23,(90,3))),(133,(134,(1,(87,128)))))),((((163,(200,167)),((130,191),(174,180))),((((188,111),(145,(81,182))),((82,(198,175)),((123,53),(146,((71,(95,190)),(61,(155,187))))))),((92,((40,29),(110,((32,72),(67,43))))),((73,(84,(58,136))),((129,83),(7,(166,(93,144)))))))),((((176,(159,160)),((153,165),((64,168),(158,52)))),((112,39),(((74,148),(99,147)),((149,107),((2,18),(177,(78,31))))))),(((76,161),((101,(57,(26,(45,141)))),(((193,102),(47,(63,11))),((156,(150,48)),((126,121),(164,(140,59))))))),((37,(170,((195,12),(178,(96,(113,65)))))),(((30,38),(35,19)),((20,118),((79,(85,(5,49))),(171,(151,(80,(15,116))))))))))))))))))))));
Final quartet score is: 2419453238
Final normalized quartet score is: 0.7352958112028988
Extended species tree:
(8,(152,(((137,(21,54)1:0.5621827289333305)0.88:0.1800793920143296,((119,183)1:0.5048219837133789,(143,6)1:0.9241354769286353)1:0.7030505143367776)1:0.9053217005035805,(135,(((132,(66,86)0.98:0.2682639865946794)1:3.523746144042089,((117,(199,162)1:0.8869425096949185)1:0.7695201593445192,(115,(89,(60,17)1:0.5305292166476304)1:1.276673004428611)0.96:0.23464737579569442)1:2.2671363010379033)0.78:0.15511528747476427,(34,((41,(197,103)1:0.43188046044738226)0.42:0.027507780689706992,((0,((((24,70)1:2.5131031516826288,(100,169)1:3.5263605246161593)0.98:0.28275686537213657,((157,(23,(90,3)0.56:0.06346190161854103)1:0.6467429533592793)1:1.7167899505573152,(133,(134,(1,(87,128)1:0.9229228959805895)1:1.6843184103819044)1:0.8855069180344634)1:0.7802306400957479)1:1.1035655673767657)1:0.4854889872962024,((((163,(200,167)1:3.5263605246161593)0.84:0.155073381512506,((130,191)1:1.65455834771457,(174,180)1:1.3219438275756918)1:2.4818790967639623)1:0.5883648391583388,((((188,111)1:0.4890471734970801,(145,(81,182)1:2.14006616349627)1:2.0070929623459124)1:0.9479942740022511,((82,(198,175)0.73:0.12600524826692816)1:3.087893171455897,((123,53)0.92:0.20484216015718315,(146,((71,(95,190)1:1.2039728043259361)0.98:0.2853359704933269,(61,(155,187)1:0.7673472252669038)0.94:0.2175417227445504)1:1.9201715714669574)0.78:0.13377109813033594)1:0.5197607140505789)0.57:0.08311069748473272)1:1.1797233253118313,((92,((40,29)1:0.5021685208555792,(110,((32,72)1:0.9610207708974702,(67,43)1:0.852386929894675)1:0.6251351821285861)1:0.9819933091190793)0.58:0.06972141897221676)1:1.2747726848258936,((73,(84,(58,136)1:0.8349061280920399)0.92:0.20476460833424404)1:0.9962961879691514,((129,83)1:3.51154543883102,(7,(166,(93,144)1:0.4815409542208152)0.98:0.2779283375038298)1:2.0456826389961726)0.83:0.1583428032429864)1:0.979224514443068)1:1.2978162922442866)1:0.945877784342727)0.93:0.2124972525528357,((((176,(159,160)1:3.5192048590207463)1:2.4199660955059943,((153,165)1:2.903616984646184,((64,168)1:0.7985076962177715,(158,52)1:1.7147984280919266)1:1.7479502511554532)1:0.9233729757016784)0.95:0.2383698550067105,((112,39)1:2.1101951733962987,(((74,148)0.54:0.11130967225469175,(99,147)0.83:0.15078469787604157)1:0.7017582638411205,((149,107)1:1.9677672605117738,((2,18)1:2.14006616349627,(177,(78,31)1:0.9007865453381897)1:1.7274728689886547)1:1.4834725997021383)1:1.2072008689144913)1:0.9001818361033815)0.96:0.2372369660599872)1:0.36297374903788676,(((76,161)1:3.5168181558895504,((101,(57,(26,(45,141)0.86:0.1645274929934866)1:0.6046741465978065)1:1.079414911292571)1:1.204572593490206,(((193,102)1:2.4277482359480516,(47,(63,11)1:0.34620452826388837)1:1.3880967046537502)1:1.3605542393188803,((156,(150,48)1:0.5108256237659905)1:2.7533300751585292,((126,121)1:1.338816032043186,(164,(140,59)1:2.407945608651871)0.53:0.05390141868975262)1:1.0164851490670748)0.44:0.03098405606503879)0.94:0.2234137983708899)1:1.1736645313483702)0.49:0.05583658903590172,((37,(170,((195,12)1:2.771081562949211,(178,(96,(113,65)1:2.429045706063697)0.76:0.16575935003962675)0.66:0.09642177748844206)0.5:0.044189068978142516)1:0.4663650235905599)0.95:0.2283810916817079,(((30,38)1:0.5425190036170433,(35,19)1:0.6491226212528153)1:2.6459533385022413,((20,118)1:1.1293951261418647,((79,(85,(5,49)1:0.7699287045965877)1:0.8849964802175071)1:1.0347643450655817,(171,(151,(80,(15,116)1:0.6141318862304163)0.65:0.08983029796256188)1:0.3671406132978871)1:1.347339889514201)0.99:0.3044763683365114)0.99:0.30907339032666864)0.69:0.10486233509980727)1:1.252123082833092)1:0.4790974686138433)0.5:0.04538807212200456)0.37:0.005144429781789883)1:0.4254291091968676)0.85:0.16374538158438176,((97,((68,13)1:2.452795109400079,((179,154)1:1.1398939476414136,(104,((56,42)1:0.3704905598811928,(94,(22,(139,9)0.47:0.041352491810740195)0.98:0.2863389557220749)0.6:0.10149964886651772)0.98:0.2783059318033214)1:1.004618875412064)0.99:0.33922625488302716)1:2.565591636991981)1:1.3764158747420734,((114,14)1:3.157761205754258,((192,184)1:0.8311385861922966,((((189,(124,(46,120)1:2.823535609028093)0.77:0.13015755096817036)1:1.122055190604451,(27,((25,(50,185)1:0.6492419727557912)1:1.1758429855564083,(51,(105,(55,125)1:0.4360070137583989)1:1.330352016195994)1:0.991554498425162)0.56:0.06551373565902253)1:1.8548999891445022)1:0.9869991524673652,(((62,(91,106)1:0.7006021129539404)0.44:0.04138041172611711,(98,(131,(44,186)0.96:0.24686007793152595)1:2.410969318818941)1:1.1631103820803421)1:0.9474171526328742,(((10,88)1:3.490631746769725,(33,(173,28)1:2.4138811357646524)1:1.3531990985425166)1:0.7824044427744873,((109,(172,(108,138)1:0.3878639126311559)1:1.5782772490265355)1:2.5210927563347063,(181,((194,75)1:0.500850924041212,(69,142)0.85:0.17434250865210163)0.6:0.07878087785311434)1:2.8286664054006736)0.55:0.07384795034358475)0.61:0.08833016252610072)0.89:0.19197082996518156)0.99:0.30161946277795676,((36,(127,(196,77)1:2.830691274623507)0.99:0.3266519959147868)0.68:0.09971647729284198,(4,(16,122)1:2.8332133440562166)0.93:0.2180021518137909)1:2.1628297896632023)1:0.9137106826877948)0.99:0.31447082946324534)0.53:0.07731991700969275)0.67:0.09823752526827698)1:0.6593292227268425)0.5:0.046404759599549296)1:0.5354007323669799)1:1.125845771429055)1:2.2930177370589604)1:1.3891152374615325));
Weight calculation took 3.739173014 secs
ASTRAL finished in 15.671 secs
