
================== ASTRAL ===================== 

This is ASTRAL version 5.7.8
Gene trees are treated as unrooted
991 trees read from Dataset/AstralII_data/model.200.2000000.0.000001/28/estimatedgenetre.halfresolved
index0
All output trees will be *arbitrarily* rooted at 8

======== Running the main analysis
Number of taxa: 201 (201 species)
Taxa: [8, 152, 135, 143, 6, 137, 21, 54, 119, 183, 41, 197, 34, 97, 179, 154, 104, 56, 42, 139, 9, 22, 94, 68, 13, 103, 66, 132, 86, 89, 60, 17, 115, 199, 162, 117, 76, 161, 112, 39, 149, 107, 99, 74, 148, 147, 2, 18, 78, 177, 31, 79, 5, 49, 85, 20, 118, 80, 171, 151, 15, 116, 37, 30, 35, 38, 19, 178, 170, 113, 65, 195, 12, 96, 126, 121, 101, 57, 26, 45, 141, 164, 140, 59, 193, 102, 47, 63, 11, 156, 150, 48, 133, 134, 1, 87, 128, 82, 198, 175, 146, 95, 71, 61, 190, 155, 187, 123, 53, 188, 111, 145, 81, 182, 129, 83, 7, 166, 93, 144, 73, 84, 58, 136, 110, 40, 92, 29, 67, 43, 32, 72, 130, 191, 174, 180, 163, 200, 167, 176, 159, 160, 153, 165, 158, 52, 64, 168, 0, 100, 169, 24, 70, 157, 23, 90, 3, 114, 14, 192, 184, 127, 196, 77, 4, 36, 122, 16, 55, 105, 125, 50, 185, 25, 46, 120, 189, 124, 27, 51, 10, 88, 109, 108, 138, 172, 62, 98, 44, 186, 131, 91, 106, 69, 181, 142, 194, 75, 33, 173, 28]
Taxon occupancy: {110=991, 111=991, 112=991, 113=991, 114=991, 115=991, 116=991, 117=991, 118=991, 119=991, 10=991, 11=991, 12=991, 13=991, 14=991, 15=991, 16=991, 17=991, 18=991, 19=991, 120=991, 121=991, 0=991, 1=991, 122=991, 2=991, 123=991, 3=991, 124=991, 4=991, 125=991, 5=991, 126=991, 6=991, 127=991, 128=991, 7=991, 8=991, 129=991, 9=991, 20=991, 21=991, 22=991, 23=991, 24=991, 25=991, 26=991, 27=991, 28=991, 29=991, 130=991, 131=991, 132=991, 133=991, 134=991, 135=991, 136=991, 137=991, 138=991, 139=991, 30=991, 31=991, 32=991, 33=991, 34=991, 35=991, 36=991, 37=991, 38=991, 39=991, 140=991, 141=991, 142=991, 143=991, 144=991, 145=991, 146=991, 147=991, 148=991, 149=991, 40=991, 41=991, 42=991, 43=991, 44=991, 45=991, 46=991, 47=991, 48=991, 49=991, 150=991, 151=991, 152=991, 153=991, 154=991, 155=991, 156=991, 157=991, 158=991, 159=991, 50=991, 51=991, 52=991, 53=991, 54=991, 55=991, 56=991, 57=991, 58=991, 59=991, 160=991, 161=991, 162=991, 163=991, 164=991, 165=991, 166=991, 167=991, 168=991, 169=991, 60=991, 61=991, 62=991, 63=991, 64=991, 65=991, 66=991, 67=991, 68=991, 69=991, 170=991, 171=991, 172=991, 173=991, 174=991, 175=991, 176=991, 177=991, 178=991, 179=991, 70=991, 71=991, 72=991, 73=991, 74=991, 75=991, 76=991, 77=991, 78=991, 79=991, 180=991, 181=991, 182=991, 183=991, 184=991, 185=991, 186=991, 187=991, 188=991, 189=991, 80=991, 81=991, 82=991, 83=991, 84=991, 85=991, 86=991, 87=991, 88=991, 89=991, 190=991, 191=991, 192=991, 193=991, 194=991, 195=991, 196=991, 197=991, 198=991, 199=991, 90=991, 91=991, 92=991, 93=991, 94=991, 95=991, 96=991, 97=991, 98=991, 99=991, 200=991, 100=991, 101=991, 102=991, 103=991, 104=991, 105=991, 106=991, 107=991, 108=991, 109=991}
Number of gene trees: 991
0 trees have missing taxa
Calculating quartet distance matrix (for completion of X)
Species tree distances calculated ...
Building set of clusters (X) from gene trees 
------------------------------
gradient0: 49849
Number of Clusters after addition by distance: 49849
calculating extra bipartitions to be added at level 1 ...
Adding to X using resolutions of greedy consensus ...
Limit for sigma of degrees:5075
polytomy size limit : 19
discarded polytomies:  [3, 3, 3, 3, 3, 3, 3, 3, 3, 3, 3, 3, 3, 3, 3, 3, 3, 3, 3, 3, 4, 4, 4, 4, 4, 4, 4, 4, 5, 5, 5, 7, 8, 9, 10, 19]
Threshold 0.0:
Threshold 0.01:
Threshold 0.02:
Threshold 0.05:
polytomy of size 4; rounds with additions with at least 5 support: 0; clusters: 49849
polytomy of size 3; rounds with additions with at least 5 support: 0; clusters: 49849
Threshold 0.1:
polytomy of size 3; rounds with additions with at least 5 support: 0; clusters: 49849
polytomy of size 3; rounds with additions with at least 5 support: 0; clusters: 49849
polytomy of size 3; rounds with additions with at least 5 support: 0; clusters: 49849
polytomy of size 4; rounds with additions with at least 5 support: 0; clusters: 49849
polytomy of size 4; rounds with additions with at least 5 support: 0; clusters: 49849
polytomy of size 3; rounds with additions with at least 5 support: 0; clusters: 49849
Threshold 0.2:
polytomy of size 4; rounds with additions with at least 5 support: 0; clusters: 49849
polytomy of size 3; rounds with additions with at least 5 support: 0; clusters: 49849
polytomy of size 7; rounds with additions with at least 5 support: 0; clusters: 49849
polytomy of size 3; rounds with additions with at least 5 support: 0; clusters: 49849
polytomy of size 3; rounds with additions with at least 5 support: 0; clusters: 49849
polytomy of size 5; rounds with additions with at least 5 support: 0; clusters: 49849
polytomy of size 3; rounds with additions with at least 5 support: 0; clusters: 49849
polytomy of size 3; rounds with additions with at least 5 support: 0; clusters: 49849
polytomy of size 9; rounds with additions with at least 5 support: 0; clusters: 49849
polytomy of size 4; rounds with additions with at least 5 support: 0; clusters: 49849
polytomy of size 3; rounds with additions with at least 5 support: 0; clusters: 49849
Threshold 0.3333333333333333:
polytomy of size 5; rounds with additions with at least 5 support: 0; clusters: 49849
polytomy of size 3; rounds with additions with at least 5 support: 0; clusters: 49849
polytomy of size 10; rounds with additions with at least 5 support: 0; clusters: 49849
polytomy of size 3; rounds with additions with at least 5 support: 0; clusters: 49849
polytomy of size 4; rounds with additions with at least 5 support: 0; clusters: 49849
polytomy of size 4; rounds with additions with at least 5 support: 0; clusters: 49849
polytomy of size 3; rounds with additions with at least 5 support: 0; clusters: 49849
polytomy of size 3; rounds with additions with at least 5 support: 0; clusters: 49849
polytomy of size 3; rounds with additions with at least 5 support: 0; clusters: 49849
polytomy of size 8; rounds with additions with at least 5 support: 0; clusters: 49849
polytomy of size 4; rounds with additions with at least 5 support: 0; clusters: 49849
polytomy of size 5; rounds with additions with at least 5 support: 0; clusters: 49849
polytomy of size 3; rounds with additions with at least 5 support: 0; clusters: 49849
polytomy of size 3; rounds with additions with at least 5 support: 0; clusters: 49849
polytomy of size 3; rounds with additions with at least 5 support: 0; clusters: 49849
polytomy of size 19; rounds with additions with at least 5 support: 0; clusters: 49849
polytomy of size 3; rounds with additions with at least 5 support: 0; clusters: 49849
max k is :0
Number of Clusters after addition by greedy: 49849
gradient0 in heuristiic: 49849
partitions formed in 46.823 secs
Dynamic Programming starting after 46.823 secs
Using tree-based weight calculation.
Using polytree-based weight calculation.
Polytree max score: 65361726432
Polytree building time: 4.943 seconds.
Number of quartet trees in the gene trees: 65361726432
Size of largest cluster: 201
Greedy score: 45781523013
estimationFactor: 1.4276878996236113
Sub-optimal score: 47029618718
Calculated 100000 weights; time (seconds): 256
Total Number of elements weighted: 188864
Normalized score (portion of input quartet trees satisfied before correcting for multiple individuals): 0.7441725707108384
Optimization score: 48640403985
Optimal tree inferred in 438.192 secs.
(122,(16,(4,((36,(127,(196,77))),((((189,(124,(46,120))),(27,((25,(50,185)),(51,(105,(55,125)))))),(((62,(91,106)),(98,(131,(44,186)))),(((10,88),(33,(173,28))),((109,(172,(108,138))),((194,75),(181,(69,142))))))),((192,184),((97,((68,13),((179,154),(104,((56,42),(94,(22,(139,9)))))))),(((41,(197,103)),(34,((135,((8,152),((137,(21,54)),((119,183),(143,6))))),((132,(66,86)),((117,(199,162)),(115,(89,(60,17)))))))),((114,14),(0,((((24,70),(100,169)),((157,(3,(23,90))),(133,(134,(1,(87,128)))))),((((163,(200,167)),((130,191),(174,180))),(((198,(82,175)),(((188,111),(145,(81,182))),((123,53),(146,((71,(95,190)),(61,(155,187))))))),(((40,29),(92,(110,((32,72),(67,43))))),((73,(84,(58,136))),((129,83),(7,(166,(93,144)))))))),((((176,(159,160)),((153,165),((64,168),(158,52)))),((112,39),((74,(148,(99,147))),((149,107),((2,18),(177,(78,31))))))),((76,161),(((101,(57,(26,(45,141)))),(((126,121),(164,(140,59))),((156,(150,48)),((193,102),(47,(63,11)))))),((37,(178,((195,12),(170,(96,(113,65)))))),(((30,38),(35,19)),((20,118),((79,(85,(5,49))),(171,(151,(80,(15,116)))))))))))))))))))))));
Final quartet score is: 48640403985
Final normalized quartet score is: 0.7441725707108384
Extended species tree:
(8,(152,(((137,(21,54)1:0.3531560502459571)1:0.1043831909506032,((119,183)1:0.3847883050469979,(143,6)1:0.5654348278457973)1:0.5474881973375907)1:1.0713956562008415,(135,(((132,(66,86)1:0.3617736228203623)1:4.0710229701355924,((117,(199,162)1:0.8942517768919895)1:1.0434155170951298,(115,(89,(60,17)1:0.34913103414755375)1:1.418681747404405)1:0.34728811828295336)1:2.033921249192784)1:0.24819136823288457,(34,((41,(197,103)1:0.38308696383650104)0.88:0.0429613010029032,(((114,14)1:4.176786041401983,(0,((((24,70)1:2.190681969651508,(100,169)1:5.092880734369329)1:0.257557687867053,((157,(3,(23,90)1:0.07712844142437389)1:0.7397961806040262)1:1.551636647466383,(133,(134,(1,(87,128)1:0.5264397640623487)1:1.9076147527293044)1:0.6953443035233317)1:1.0518752272060297)1:0.9630885137401842)1:0.45798633125364663,((((163,(200,167)1:5.118453146084787)1:0.11159293308890604,((130,191)1:1.2699289563320602,(174,180)1:1.4411064396488609)1:3.3730891019012)1:0.553043318857467,(((198,(82,175)1:0.08969507449187406)1:3.0592029039212165,(((188,111)1:0.43484953716044816,(145,(81,182)1:2.198360350875345)1:1.2726018805277048)1:0.9044921255818151,((123,53)1:0.29606924566120846,(146,((71,(95,190)1:1.2387421075341165)1:0.19337569192409707,(61,(155,187)1:0.8342417427376406)1:0.09850669759636387)1:2.3090547665870718)1:0.14557573857271594)1:0.48897010656439005)0.57:0.01706664169815031)1:1.3040443722939508,(((40,29)1:0.674340567003622,(92,(110,((32,72)1:1.193204403946145,(67,43)1:0.6705267733942312)1:0.5811018323630608)1:1.1065257349454682)1:0.08381707812169127)1:0.9484533388053492,((73,(84,(58,136)1:0.879833698877689)1:0.3589687735740964)1:1.2714231496688222,((129,83)1:3.8919115318135837,(7,(166,(93,144)1:0.47659171452164106)1:0.2941422064367227)1:2.112083559590899)0.99:0.06221973266434527)1:0.9871609205939209)1:1.021646390262998)1:0.6867965927966051)1:0.2601954873577645,((((176,(159,160)1:3.159194981618026)1:2.4338139475681024,((153,165)1:3.5409807656756143,((64,168)1:0.34034706900749967,(158,52)1:2.147440755954321)1:1.801365822461835)1:1.276191965503337)1:0.24309435058148227,((112,39)1:2.146100505533819,((74,(148,(99,147)1:0.08024536787616361)1:0.09266425573581981)1:0.5982702964068153,((149,107)1:1.710909352745105,((2,18)1:2.125721896139478,(177,(78,31)1:1.1604840588687162)1:1.5137930888985203)1:1.1466359204132848)1:0.8667335067839901)1:1.1134603299751227)1:0.06975648541032485)1:0.5422937533723173,((76,161)1:4.644393704501292,(((101,(57,(26,(45,141)1:0.2824082381045831)1:0.5232872100669572)1:1.4007139738115943)1:1.653041568087529,(((126,121)1:0.7468743856697213,(164,(140,59)1:2.2367502891366016)1:0.12348203090816734)1:1.2914004695871333,((156,(150,48)1:0.5889482041736892)1:3.1325438512360315,((193,102)1:2.0478323505097427,(47,(63,11)1:0.313927953406053)1:1.4041660629670347)1:1.6237241850644057)0.65:0.021676108975222604)1:0.27804389075000235)1:1.2509478445910096,((37,(178,((195,12)1:2.329043498049059,(170,(96,(113,65)1:3.1332687697297654)1:0.10155771353431048)0.39:0.0038273474463229352)0.74:0.035343229889655846)1:0.2452410772358284)1:0.2048891018604666,(((30,38)1:0.6415805045579686,(35,19)1:0.4196898709767384)1:2.906435987881178,((20,118)1:1.3953686468717177,((79,(85,(5,49)1:0.9902791825679528)1:1.1180820095810649)1:1.0362347715934155,(171,(151,(80,(15,116)1:0.5357345733049254)1:0.2123081758675767)1:0.3277911771677636)1:1.168684090061548)1:0.23301794088076516)1:0.40339033965397697)0.98:0.06049814872650901)1:1.5658113147311605)0.99:0.06526406002830153)1:0.5589297663821544)0.56:0.01812057097196468)1:0.08242625133466397)1:0.43743923762952236)1:0.24016327522733247)0.99:0.06576282221716359,((97,((68,13)1:2.5926493162047173,((179,154)1:0.9316746719495809,(104,((56,42)1:0.31318088973846203,(94,(22,(139,9)1:0.20496516534365944)1:0.15579477500400318)1:0.20655444479391205)1:0.4211994809649755)1:1.2149339157255112)1:0.21739310404958687)1:2.5485348541047173)1:1.1977326863410223,((192,184)1:0.9601483979769968,((((189,(124,(46,120)1:2.798632678010363)1:0.1440471748730533)1:0.7188683672375258,(27,((25,(50,185)1:0.7238510728706501)1:1.2058932569469794,(51,(105,(55,125)1:0.6764777015462256)1:0.9928413938907346)1:0.7530572090666557)0.69:0.026061292023930614)1:1.5439526024132815)1:0.9837355592325328,(((62,(91,106)1:0.7652112306293666)0.98:0.057718860625539596,(98,(131,(44,186)1:0.2730690716656874)1:2.081370902788676)1:1.617916664539955)1:0.6285010408435819,(((10,88)1:3.5426510131983675,(33,(173,28)1:1.8545530894433389)1:1.3219872242874182)1:0.5327893439354925,((109,(172,(108,138)1:0.31026876224786326)1:1.3162797532598352)1:2.2021184604606394,((194,75)1:0.35966880161480735,(181,(69,142)1:0.31859863363780777)0.63:0.02027389048316834)1:3.7475425985088107)0.83:0.03538202392684633)1:0.15909931248168493)1:0.2566058689647745)1:0.41985522374120354,((36,(127,(196,77)1:2.5808300050914914)1:0.3798359110396598)1:0.15692293579953726,(4,(16,122)1:2.4196896252764044)1:0.34977431241794854)1:2.1670548297825674)1:0.7816488550705772)1:0.35161276645489403)1:0.1259495601020754)1:0.658003693134428)0.7:0.026919513867606177)1:0.634892768382227)1:1.1903001092520828)1:1.8867304000055711)1:1.7344915812270034));
Weight calculation took 367.911256585 secs
ASTRAL finished in 449.129 secs
