
================== ASTRAL ===================== 

This is ASTRAL version 5.7.8
Gene trees are treated as unrooted
200 trees read from Dataset/AstralII_data/model.200.10000000.0.000001/35/estimatedgenetre.halfresolved_200
index0
All output trees will be *arbitrarily* rooted at 131

======== Running the main analysis
Number of taxa: 201 (201 species)
Taxa: [131, 109, 182, 151, 126, 162, 110, 33, 189, 195, 133, 127, 29, 31, 170, 136, 102, 30, 153, 89, 50, 155, 68, 105, 108, 112, 194, 118, 36, 166, 61, 72, 70, 46, 161, 79, 145, 38, 119, 148, 54, 75, 1, 117, 123, 23, 2, 180, 134, 43, 181, 124, 183, 65, 63, 88, 64, 40, 41, 16, 28, 7, 93, 0, 157, 175, 81, 104, 168, 143, 111, 60, 10, 106, 59, 3, 156, 66, 147, 42, 121, 86, 159, 116, 47, 100, 169, 129, 78, 158, 101, 165, 171, 193, 58, 160, 49, 97, 113, 120, 173, 17, 14, 11, 192, 82, 84, 128, 125, 185, 9, 198, 6, 152, 188, 57, 8, 13, 90, 179, 191, 25, 164, 172, 186, 87, 45, 92, 69, 85, 76, 184, 67, 187, 167, 5, 142, 139, 74, 200, 98, 130, 199, 26, 197, 103, 94, 190, 77, 51, 140, 19, 80, 71, 150, 35, 18, 178, 55, 174, 137, 91, 114, 44, 48, 95, 27, 24, 52, 34, 22, 99, 146, 37, 96, 141, 122, 144, 21, 56, 53, 39, 115, 196, 163, 107, 83, 32, 73, 149, 176, 132, 154, 62, 135, 177, 138, 15, 12, 4, 20]
Taxon occupancy: {110=200, 111=200, 112=200, 113=200, 114=200, 115=200, 116=200, 117=200, 118=200, 119=200, 10=200, 11=200, 12=200, 13=200, 14=200, 15=200, 16=200, 17=200, 18=200, 19=200, 120=200, 0=200, 121=200, 1=200, 122=200, 123=200, 2=200, 124=200, 3=200, 125=200, 4=200, 126=200, 5=200, 127=200, 6=200, 7=200, 128=200, 129=200, 8=200, 9=200, 20=200, 21=200, 22=200, 23=200, 24=200, 25=200, 26=200, 27=200, 28=200, 29=200, 130=200, 131=200, 132=200, 133=200, 134=200, 135=200, 136=200, 137=200, 138=200, 139=200, 30=200, 31=200, 32=200, 33=200, 34=200, 35=200, 36=200, 37=200, 38=200, 39=200, 140=200, 141=200, 142=200, 143=200, 144=200, 145=200, 146=200, 147=200, 148=200, 149=200, 40=200, 41=200, 42=200, 43=200, 44=200, 45=200, 46=200, 47=200, 48=200, 49=200, 150=200, 151=200, 152=200, 153=200, 154=200, 155=200, 156=200, 157=200, 158=200, 159=200, 50=200, 51=200, 52=200, 53=200, 54=200, 55=200, 56=200, 57=200, 58=200, 59=200, 160=200, 161=200, 162=200, 163=200, 164=200, 165=200, 166=200, 167=200, 168=200, 169=200, 60=200, 61=200, 62=200, 63=200, 64=200, 65=200, 66=200, 67=200, 68=200, 69=200, 170=200, 171=200, 172=200, 173=200, 174=200, 175=200, 176=200, 177=200, 178=200, 179=200, 70=200, 71=200, 72=200, 73=200, 74=200, 75=200, 76=200, 77=200, 78=200, 79=200, 180=200, 181=200, 182=200, 183=200, 184=200, 185=200, 186=200, 187=200, 188=200, 189=200, 80=200, 81=200, 82=200, 83=200, 84=200, 85=200, 86=200, 87=200, 88=200, 89=200, 190=200, 191=200, 192=200, 193=200, 194=200, 195=200, 196=200, 197=200, 198=200, 199=200, 90=200, 91=200, 92=200, 93=200, 94=200, 95=200, 96=200, 97=200, 98=200, 99=200, 200=200, 100=200, 101=200, 102=200, 103=200, 104=200, 105=200, 106=200, 107=200, 108=200, 109=200}
Number of gene trees: 200
0 trees have missing taxa
Calculating quartet distance matrix (for completion of X)
Species tree distances calculated ...
Building set of clusters (X) from gene trees 
------------------------------
gradient0: 13811
Number of Clusters after addition by distance: 13811
calculating extra bipartitions to be added at level 1 ...
Adding to X using resolutions of greedy consensus ...
Limit for sigma of degrees:5075
polytomy size limit : 8
discarded polytomies:  [3, 3, 3, 3, 3, 3, 3, 3, 3, 3, 3, 3, 3, 3, 3, 3, 3, 4, 4, 4, 5, 5, 6, 6, 8]
Threshold 0.0:
Threshold 0.01:
Threshold 0.02:
Threshold 0.05:
Threshold 0.1:
polytomy of size 3; rounds with additions with at least 5 support: 0; clusters: 13811
Threshold 0.2:
polytomy of size 3; rounds with additions with at least 5 support: 0; clusters: 13811
polytomy of size 5; rounds with additions with at least 5 support: 0; clusters: 13811
polytomy of size 6; rounds with additions with at least 5 support: 0; clusters: 13811
Threshold 0.3333333333333333:
polytomy of size 3; rounds with additions with at least 5 support: 0; clusters: 13811
polytomy of size 3; rounds with additions with at least 5 support: 0; clusters: 13811
polytomy of size 3; rounds with additions with at least 5 support: 0; clusters: 13811
polytomy of size 3; rounds with additions with at least 5 support: 0; clusters: 13811
polytomy of size 3; rounds with additions with at least 5 support: 0; clusters: 13811
polytomy of size 5; rounds with additions with at least 5 support: 0; clusters: 13811
polytomy of size 3; rounds with additions with at least 5 support: 0; clusters: 13811
polytomy of size 3; rounds with additions with at least 5 support: 0; clusters: 13811
polytomy of size 4; rounds with additions with at least 5 support: 0; clusters: 13811
polytomy of size 3; rounds with additions with at least 5 support: 0; clusters: 13811
polytomy of size 3; rounds with additions with at least 5 support: 0; clusters: 13811
polytomy of size 3; rounds with additions with at least 5 support: 0; clusters: 13811
polytomy of size 3; rounds with additions with at least 5 support: 0; clusters: 13811
polytomy of size 4; rounds with additions with at least 5 support: 0; clusters: 13811
polytomy of size 3; rounds with additions with at least 5 support: 0; clusters: 13811
polytomy of size 3; rounds with additions with at least 5 support: 0; clusters: 13811
polytomy of size 3; rounds with additions with at least 5 support: 0; clusters: 13811
polytomy of size 4; rounds with additions with at least 5 support: 0; clusters: 13811
polytomy of size 6; rounds with additions with at least 5 support: 0; clusters: 13811
polytomy of size 8; rounds with additions with at least 5 support: 0; clusters: 13811
polytomy of size 3; rounds with additions with at least 5 support: 0; clusters: 13811
max k is :0
Number of Clusters after addition by greedy: 13811
gradient0 in heuristiic: 13811
partitions formed in 7.638 secs
Dynamic Programming starting after 7.638 secs
Using tree-based weight calculation.
Using polytree-based weight calculation.
Polytree max score: 13196943330
Polytree building time: 0.44 seconds.
Number of quartet trees in the gene trees: 13196943330
Size of largest cluster: 201
Greedy score: 9652860140
estimationFactor: 1.3671536869485814
Sub-optimal score: 11101089209
Total Number of elements weighted: 29987
Normalized score (portion of input quartet trees satisfied before correcting for multiple individuals): 0.8705704986156063
Optimization score: 11488869535
Optimal tree inferred in 24.141 secs.
(115,(196,(163,((56,39),(53,(21,(73,((32,149),(107,(83,(((34,((24,52),(95,27))),((144,(22,122)),((99,(141,(146,(37,96)))),((114,48),(137,(91,44)))))),((((178,(55,174)),(150,(35,18))),((((190,77),((80,71),(19,(51,140)))),((200,(26,197)),((103,94),(98,(130,199))))),(((67,(187,74)),((167,5),(142,139))),((76,184),((92,(69,85)),((164,172),(186,(87,45)))))))),(((((169,129),(116,(47,100))),(147,((42,121),(86,159)))),((((3,(156,66)),(59,(10,106))),((111,(168,143)),(60,((175,104),(157,81))))),((((179,(191,25)),(8,(13,90))),((152,(188,57)),(125,(185,(9,(198,6)))))),((49,(160,97)),(((82,(84,128)),(14,(11,192))),(((173,17),(113,120)),(101,(171,((165,193),(58,(78,158))))))))))),(0,(((131,(109,182)),(((153,(93,(89,50))),(30,(102,(136,(31,170))))),(((195,133),(162,(151,126))),((127,29),(110,(33,189)))))),(((105,(155,68)),(((46,161),((176,132),(61,(72,70)))),(((154,135),(62,177)),(4,(138,(12,(15,20))))))),((7,((65,(64,(63,88))),(108,(36,(118,(112,(194,166))))))),(((38,119),(79,145)),((117,((123,23),(148,(54,(75,1))))),((28,(40,(41,16))),(181,((43,183),(180,(134,(2,124)))))))))))))))))))))))));
Final quartet score is: 11488869535
Final normalized quartet score is: 0.8705704986156063
Extended species tree:
(131,((109,182)1:1.1024266607435804,((((153,(93,(89,50)1:0.7691378139255938)1:0.20263398579387468)1:1.2119721399779009,(30,(102,(136,(31,170)1:0.18536466100754875)1:0.9779915739124995)1:0.2218314350198961)1:1.0350439331817463)1:1.2698955492029353,(((195,133)1:0.4972664263255837,(162,(151,126)0.77:0.0696342829656045)1:1.7666943178730463)1:0.8903634994624291,((127,29)1:1.6769726383006864,(110,(33,189)0.44:0.02034377437595036)1:1.2603393619788792)1:0.6880658084989097)1:1.1096373379813638)1:0.7973864889660203,((((105,(155,68)1:0.9846633195135485)1:1.150302017672117,(((46,161)1:2.1088343103480165,((176,132)1:0.8073761206600775,(61,(72,70)1:0.6094928296864798)0.86:0.08547018039177902)0.99:0.15007874791820247)0.86:0.08363084807999961,(((154,135)1:0.22827497956576695,(62,177)0.93:0.10468313375574886)1:1.1172689172135692,(4,(138,(12,(15,20)1:1.2934320222354754)0.64:0.07395144458461503)1:0.21989985693785405)1:1.0051347988315007)1:0.36077985110800564)1:0.627325442026161)1:0.9781361556488662,((7,((65,(64,(63,88)0.6:0.06076559846361915)1:1.4426796561163093)1:1.3069400799956032,(108,(36,(118,(112,(194,166)1:0.38889483660591495)1:0.6437438589094757)0.48:0.02331706709663995)1:0.9844575681489196)1:1.2027974555541519)1:0.8438543304382888)1:0.25000299209141247,(((38,119)1:0.4835310145112841,(79,145)1:1.0848996035825098)1:0.9505384047991358,((117,((123,23)1:0.671466997694258,(148,(54,(75,1)1:1.576587387217878)0.52:0.03316721337286411)1:0.3692386536091284)1:0.3872664054887501)1:1.4107281123748512,((28,(40,(41,16)1:0.17910160898910174)1:1.5226420567850867)0.74:0.06243624750845517,(181,((43,183)1:1.4462776291496546,(180,(134,(2,124)1:0.733587661492567)1:0.4884747632470527)0.89:0.08943523182336183)1:0.6388822872573376)1:1.4544144254558495)0.57:0.03570188203456008)1:0.3398805875480049)1:0.1994442546425893)1:0.2842753825196142)1:0.7380357901502356,(0,(((((169,129)1:1.3211087109317556,(116,(47,100)1:1.2689814611704247)1:1.2547705165312104)1:0.779688387420296,(147,((42,121)1:1.3280773636175345,(86,159)1:1.3294452256329228)1:1.2261175474665966)1:1.468678036783614)1:0.7710640588033058,((((3,(156,66)1:0.7620571917079507)1:0.6242812653144361,(59,(10,106)1:1.0273138520651826)1:0.9843947479891032)1:1.195903203602422,((111,(168,143)1:1.4979581136801712)1:1.4929739905109183,(60,((175,104)0.93:0.112181977456533,(157,81)1:1.1313845787218675)1:1.4220004903975916)1:0.9094835697881933)1:0.8231526772644662)1:0.7957654905190215,((((179,(191,25)1:1.5368691524911904)1:0.9418586525750187,(8,(13,90)1:0.6543668108816844)1:1.3609754838233126)1:0.7511678367371327,((152,(188,57)1:1.4314945292193326)1:0.7873829018381912,(125,(185,(9,(198,6)0.92:0.1032094434293654)1:0.5341344912064414)1:1.1010246473338146)1:1.1083683369849124)1:0.8897329922879242)1:0.6233676890358586,((49,(160,97)0.49:0.03082913197706505)1:2.216521677855862,(((82,(84,128)1:0.34197675208264916)1:1.5216785036515161,(14,(11,192)1:0.8993677884345407)1:0.9008631668407747)1:1.537072857961989,(((173,17)1:1.118487109325705,(113,120)1:1.7735857258343277)1:0.8321625409688713,(101,(171,((165,193)1:0.34091680457987483,(58,(78,158)0.96:0.1178775051208283)1:0.7018743663685737)1:1.0340441094211328)1:0.28996376586223077)1:1.2454799434482025)1:0.2500760688963341)1:0.4845326965360477)1:0.5409714992965056)1:0.33587926036739)1:1.085281194611954)1:0.9087116400725966,((((178,(55,174)1:0.6665257236229745)1:1.0693950581477478,(150,(35,18)1:1.3265071295015125)1:0.608440808481562)1:1.6875664406517454,((((190,77)1:1.7858799839593604,((80,71)1:0.8202276581586045,(19,(51,140)1:1.2688533722220017)1:0.8801173396404524)1:0.8119644624772903)1:1.1247409476487733,((200,(26,197)1:1.6562143383268084)1:1.031271961201669,((103,94)0.87:0.10400677972720457,(98,(130,199)1:0.7940081064444591)1:1.5942843939243114)1:0.6104701316770667)1:0.4928160684141967)1:0.7755068749255863,(((67,(187,74)1:0.9810313344512337)1:0.67180606764847,((167,5)1:1.3904743760263658,(142,139)1:1.009556772722381)1:1.0375450625446458)1:0.7013351815918666,((76,184)1:1.6778423105645748,((92,(69,85)0.78:0.07766094746756608)1:1.4995281708051134,((164,172)1:1.561260370516111,(186,(87,45)1:0.5737407817938336)1:0.3750880142722152)1:0.8545333747205043)1:1.1654253188546282)1:0.29246842690052394)1:0.977458681235938)1:1.030635455095514)1:0.6485406776702599,(((34,((24,52)1:0.3187581884747591,(95,27)1:0.8365777060606128)1:2.0378003082232663)1:0.21973363422992762,((144,(22,122)1:0.755513703220539)1:1.2337692811708836,((99,(141,(146,(37,96)1:0.16808909717453294)1:0.1919090544870156)1:1.2553812289249697)1:0.8546167160852,((114,48)1:0.5664799424586107,(137,(91,44)1:0.46205291906875917)1:0.3581324011765828)1:1.4085131863349796)1:0.31880738533357167)1:0.20572430369361652)1:1.0035261467047962,(83,(107,((32,149)1:0.6104650252761683,(73,(21,(53,((56,39)1:0.4080142187596685,(163,(196,115)1:0.8746097630460018)1:0.35742313748010307)0.72:0.05718838134845476)1:0.3494288371908356)1:1.613274262148723)1:0.2007072764183909)1:0.5321559685494583)1:0.2988378821939234)1:0.8919295042133034)1:1.2867337297779526)1:0.5467744758308305)1:1.117449093277774)1:1.253153545543521)1:0.23868362094954776)1:1.4748839467755468));
Weight calculation took 14.933968025 secs
ASTRAL finished in 26.33 secs
