
================== ASTRAL ===================== 

This is ASTRAL version 5.7.8
Gene trees are treated as unrooted
50 trees read from Dataset/AstralII_data/model.200.10000000.0.000001/35/estimatedgenetre.halfresolved_50
index0
All output trees will be *arbitrarily* rooted at 131

======== Running the main analysis
Number of taxa: 201 (201 species)
Taxa: [131, 109, 182, 151, 126, 162, 110, 33, 189, 195, 133, 127, 29, 31, 170, 136, 102, 30, 153, 89, 50, 155, 68, 105, 108, 112, 194, 118, 36, 166, 61, 72, 70, 46, 161, 79, 145, 38, 119, 148, 54, 75, 1, 117, 123, 23, 2, 180, 134, 43, 181, 124, 183, 65, 63, 88, 64, 40, 41, 16, 28, 7, 93, 0, 157, 175, 81, 104, 168, 143, 111, 60, 10, 106, 59, 3, 156, 66, 147, 42, 121, 86, 159, 116, 47, 100, 169, 129, 78, 158, 101, 165, 171, 193, 58, 160, 49, 97, 113, 120, 173, 17, 14, 11, 192, 82, 84, 128, 125, 185, 9, 198, 6, 152, 188, 57, 8, 13, 90, 179, 191, 25, 164, 172, 186, 87, 45, 92, 69, 85, 76, 184, 67, 187, 167, 5, 142, 139, 74, 200, 98, 130, 199, 26, 197, 103, 94, 190, 77, 51, 140, 19, 80, 71, 150, 35, 18, 178, 55, 174, 137, 91, 114, 44, 48, 95, 27, 24, 52, 34, 22, 99, 146, 37, 96, 141, 122, 144, 21, 56, 53, 39, 115, 196, 163, 107, 83, 32, 73, 149, 176, 132, 154, 62, 135, 177, 138, 15, 12, 4, 20]
Taxon occupancy: {110=50, 111=50, 112=50, 113=50, 114=50, 115=50, 116=50, 117=50, 118=50, 119=50, 10=50, 11=50, 12=50, 13=50, 14=50, 15=50, 16=50, 17=50, 18=50, 19=50, 120=50, 0=50, 121=50, 1=50, 122=50, 123=50, 2=50, 124=50, 3=50, 125=50, 4=50, 126=50, 5=50, 127=50, 6=50, 7=50, 128=50, 129=50, 8=50, 9=50, 20=50, 21=50, 22=50, 23=50, 24=50, 25=50, 26=50, 27=50, 28=50, 29=50, 130=50, 131=50, 132=50, 133=50, 134=50, 135=50, 136=50, 137=50, 138=50, 139=50, 30=50, 31=50, 32=50, 33=50, 34=50, 35=50, 36=50, 37=50, 38=50, 39=50, 140=50, 141=50, 142=50, 143=50, 144=50, 145=50, 146=50, 147=50, 148=50, 149=50, 40=50, 41=50, 42=50, 43=50, 44=50, 45=50, 46=50, 47=50, 48=50, 49=50, 150=50, 151=50, 152=50, 153=50, 154=50, 155=50, 156=50, 157=50, 158=50, 159=50, 50=50, 51=50, 52=50, 53=50, 54=50, 55=50, 56=50, 57=50, 58=50, 59=50, 160=50, 161=50, 162=50, 163=50, 164=50, 165=50, 166=50, 167=50, 168=50, 169=50, 60=50, 61=50, 62=50, 63=50, 64=50, 65=50, 66=50, 67=50, 68=50, 69=50, 170=50, 171=50, 172=50, 173=50, 174=50, 175=50, 176=50, 177=50, 178=50, 179=50, 70=50, 71=50, 72=50, 73=50, 74=50, 75=50, 76=50, 77=50, 78=50, 79=50, 180=50, 181=50, 182=50, 183=50, 184=50, 185=50, 186=50, 187=50, 188=50, 189=50, 80=50, 81=50, 82=50, 83=50, 84=50, 85=50, 86=50, 87=50, 88=50, 89=50, 190=50, 191=50, 192=50, 193=50, 194=50, 195=50, 196=50, 197=50, 198=50, 199=50, 90=50, 91=50, 92=50, 93=50, 94=50, 95=50, 96=50, 97=50, 98=50, 99=50, 200=50, 100=50, 101=50, 102=50, 103=50, 104=50, 105=50, 106=50, 107=50, 108=50, 109=50}
Number of gene trees: 50
0 trees have missing taxa
Calculating quartet distance matrix (for completion of X)
Species tree distances calculated ...
Building set of clusters (X) from gene trees 
------------------------------
gradient0: 5529
Number of Clusters after addition by distance: 5529
calculating extra bipartitions to be added at level 1 ...
Adding to X using resolutions of greedy consensus ...
Limit for sigma of degrees:5075
polytomy size limit : 8
discarded polytomies:  [3, 3, 3, 3, 3, 3, 3, 3, 3, 3, 3, 3, 3, 3, 4, 4, 4, 5, 6, 6, 8]
Threshold 0.0:
Threshold 0.01:
Threshold 0.02:
Threshold 0.05:
Threshold 0.1:
polytomy of size 3; rounds with additions with at least 5 support: 0; clusters: 5529
Threshold 0.2:
polytomy of size 3; rounds with additions with at least 5 support: 0; clusters: 5529
polytomy of size 5; rounds with additions with at least 5 support: 0; clusters: 5529
polytomy of size 6; rounds with additions with at least 5 support: 0; clusters: 5529
Threshold 0.3333333333333333:
polytomy of size 3; rounds with additions with at least 5 support: 0; clusters: 5529
polytomy of size 3; rounds with additions with at least 5 support: 0; clusters: 5529
polytomy of size 4; rounds with additions with at least 5 support: 0; clusters: 5529
polytomy of size 3; rounds with additions with at least 5 support: 0; clusters: 5529
polytomy of size 3; rounds with additions with at least 5 support: 0; clusters: 5529
polytomy of size 3; rounds with additions with at least 5 support: 0; clusters: 5529
polytomy of size 3; rounds with additions with at least 5 support: 0; clusters: 5529
polytomy of size 3; rounds with additions with at least 5 support: 0; clusters: 5529
polytomy of size 3; rounds with additions with at least 5 support: 0; clusters: 5529
polytomy of size 3; rounds with additions with at least 5 support: 0; clusters: 5529
polytomy of size 3; rounds with additions with at least 5 support: 0; clusters: 5529
polytomy of size 3; rounds with additions with at least 5 support: 0; clusters: 5529
polytomy of size 4; rounds with additions with at least 5 support: 0; clusters: 5529
polytomy of size 4; rounds with additions with at least 5 support: 0; clusters: 5529
polytomy of size 6; rounds with additions with at least 5 support: 0; clusters: 5529
polytomy of size 8; rounds with additions with at least 5 support: 0; clusters: 5529
polytomy of size 3; rounds with additions with at least 5 support: 0; clusters: 5529
max k is :0
Number of Clusters after addition by greedy: 5529
gradient0 in heuristiic: 5529
partitions formed in 7.913 secs
Dynamic Programming starting after 7.913 secs
Using tree-based weight calculation.
Using polytree-based weight calculation.
Polytree max score: 3299627418
Polytree building time: 0.214 seconds.
Number of quartet trees in the gene trees: 3299627418
Size of largest cluster: 201
Greedy score: 2584305690
estimationFactor: 1.2767945490225656
Sub-optimal score: 2687073158
Total Number of elements weighted: 8446
Normalized score (portion of input quartet trees satisfied before correcting for multiple individuals): 0.8792682783435399
Optimization score: 2901257719
Optimal tree inferred in 10.34 secs.
(115,(196,(163,((56,39),(53,(21,(73,((32,149),(107,(83,(((34,((24,52),(95,27))),((144,(22,122)),((99,(141,(146,(37,96)))),((114,48),(137,(91,44)))))),((((178,(55,174)),(150,(35,18))),((((190,77),((80,71),(19,(51,140)))),((200,(26,197)),((103,94),(98,(130,199))))),(((67,(187,74)),((167,5),(142,139))),((76,184),((92,(69,85)),((164,172),(186,(87,45)))))))),(((((169,129),(116,(47,100))),(147,((42,121),(86,159)))),((((3,(156,66)),(59,(10,106))),((111,(168,143)),(60,((175,104),(157,81))))),((((179,(191,25)),(8,(13,90))),((152,(188,57)),(125,(185,(6,(9,198)))))),((160,(49,97)),(((14,(11,192)),(82,(84,128))),(((173,17),(113,120)),(101,(171,((165,193),(58,(78,158))))))))))),(0,(((131,(109,182)),(((153,(93,(89,50))),(30,(102,(136,(31,170))))),(((127,29),(110,(33,189))),((195,133),(162,(151,126)))))),(((105,(155,68)),(((176,132),(61,((72,70),(46,161)))),(((154,135),(62,177)),(4,(12,(138,(15,20))))))),((7,((65,(63,(88,64))),(108,((118,36),(112,(194,166)))))),(((38,119),(79,145)),(28,((181,((43,183),(180,(134,(2,124))))),((40,(41,16)),(117,((123,23),((148,54),(75,1)))))))))))))))))))))))));
Final quartet score is: 2901257719
Final normalized quartet score is: 0.8792682783435399
Extended species tree:
(131,((109,182)1:0.8076401797810442,((((153,(93,(89,50)1:0.618613570574302)0.98:0.2779756871452027)1:1.4636027607622055,(30,(102,(136,(31,170)0.99:0.34980327563385855)1:0.8576868489746876)0.77:0.13304214146257687)1:0.9583221816360813)1:1.2057735296420975,(((127,29)1:1.628220651829534,(110,(33,189)0.65:0.09184280596726745)1:1.1066728995646367)1:0.5167468122564013,((195,133)1:0.6169391026291069,(162,(151,126)0.49:0.05594482929201744)1:1.537809530329141)1:0.7057948516860497)1:1.3394514556117483)1:0.8708712960955767,((((105,(155,68)1:0.794475432689833)1:1.1506464183768668,(((176,132)1:0.6109320490161952,(61,((72,70)1:0.4814215758132673,(46,161)1:1.9937251790665387)0.62:0.08769199011954519)0.46:0.037761439877608494)0.7:0.12444476552582463,(((154,135)0.7:0.12056993432135525,(62,177)0.97:0.266611723145701)1:0.8569522234635402,(4,(12,(138,(15,20)1:0.8465248039413551)0.41:0.018106238268729404)0.94:0.22176409906077263)1:0.9466177035648647)1:0.4943225325862783)1:0.3519511518771168)1:1.1082880522142993,((7,((65,(63,(88,64)0.66:0.09377993348317251)1:0.9734220009374358)1:1.3035782029866836,(108,((118,36)0.51:0.051859778637077615,(112,(194,166)0.86:0.1759936972203802)1:0.4726344108905321)1:0.7826595751809591)1:1.4546714690405878)1:0.7980145260411308)0.69:0.11413871802235791,(((38,119)1:0.4135222635020629,(79,145)1:1.116994605286244)1:0.7370361648084638,(28,((181,((43,183)1:1.4416226488399535,(180,(134,(2,124)1:0.3683658814919013)0.98:0.2899732574870769)0.62:0.09866397383821268)1:0.6457667146232784)1:1.2516704096616555,((40,(41,16)0.84:0.16859050310088047)1:1.2738113229822732,(117,((123,23)1:0.4969066024316792,((148,54)0.65:0.12759635308380368,(75,1)1:1.2523315894714617)1:0.5607701291880776)0.95:0.22748191857933645)1:1.0560088088049524)0.43:0.023712649386578674)0.36:0.0)0.97:0.26565833403923234)0.91:0.19507542636349398)1:0.43758529015711706)1:0.6015579545354932,(0,(((((169,129)1:1.1226811867057336,(116,(47,100)1:1.1837700970084166)1:1.2970595673980605)1:1.0117934155772785,(147,((42,121)1:1.2837194475398481,(86,159)1:1.5507549420536257)1:1.072494440639147)1:1.8922456642889698)1:0.6897660936126607,((((3,(156,66)1:0.4629979235784593)1:0.6430889371211634,(59,(10,106)1:1.1072861618128877)1:0.8126284900465204)1:1.2713931550266633,((111,(168,143)1:1.1897460662409207)1:0.9729307262472761,(60,((175,104)0.9:0.19413823745326747,(157,81)1:1.0638886564735865)1:1.3526656428204964)1:0.7158313463438375)1:0.6284513896257141)1:0.6711714080921072,((((179,(191,25)1:1.9169226121820613)1:1.1605197842974337,(8,(13,90)1:0.8869425096949185)1:1.8841327893590705)1:0.525571982476295,((152,(188,57)1:1.1782299166328007)1:0.9364561192603388,(125,(185,(6,(9,198)0.64:0.09125426851661815)1:0.48526672809440413)1:0.8183103235139515)1:1.1178839688587516)1:0.9961878185174279)1:0.692268076067593,((160,(49,97)0.75:0.14046653446375215)1:2.2382095733479606,(((14,(11,192)1:0.8173007323125988)1:0.9685370880445924,(82,(84,128)0.97:0.2658645081018615)1:1.3091098937414212)1:1.4809440600275172,(((173,17)1:1.1734364546843687,(113,120)1:1.573224910599806)1:0.9205845456930781,(101,(171,((165,193)0.9:0.19412266721294266,(58,(78,158)0.79:0.14003220820977186)1:0.6644012101247128)1:1.0941330542231287)0.97:0.2506562372431841)1:1.029645217307581)0.95:0.2259047127555377)1:0.35219280005764914)1:0.7745110315346921)1:0.5210786558044164)1:1.1271693938500704)1:1.0575997240721904,((((178,(55,174)1:1.0014485402144617)1:1.6139730675994928,(150,(35,18)1:1.675760555365174)1:0.5210164728994982)1:1.5409087797176282,((((190,77)1:1.8737726208888907,((80,71)1:0.9548201999871104,(19,(51,140)1:1.288569602833857)1:0.8766717845442052)1:0.5377511000622344)1:1.0293079539893994,((200,(26,197)1:1.288008907557043)1:0.7949437718602754,((103,94)0.7:0.13162600075545663,(98,(130,199)1:0.7974981050164193)1:1.451553429904825)1:0.6631403426416124)1:0.5675535975141618)1:0.7563043281542619,(((67,(187,74)1:1.1105008603333624)1:0.7703386909446119,((167,5)1:1.4370666864933137,(142,139)1:0.5590747280045016)1:1.057766037316523)1:0.7850881491005918,((76,184)1:0.965042399710358,((92,(69,85)0.9:0.19000283349751762)1:1.4836915195535945,((164,172)1:1.5130644551625718,(186,(87,45)1:0.615041666429635)1:0.45448605081846777)1:0.9641551730264546)1:1.2182410364589185)1:0.5061344917518763)1:1.1492269494951248)1:1.116859287894915)1:0.7289825669606135,(((34,((24,52)0.85:0.16479579613727108,(95,27)1:0.6445455957358316)1:1.7124942214767493)1:0.3921647370398367,((144,(22,122)1:0.44658679182396693)1:0.9046624677662932,((99,(141,(146,(37,96)0.89:0.19097657189534786)0.89:0.1844249032980478)1:1.3159778627024308)1:0.9285693794079452,((114,48)1:0.5340069414633575,(137,(91,44)1:0.36735440351541676)0.79:0.14296411821441418)1:1.7632335781105306)0.97:0.2589620485605832)0.97:0.2505942027902849)1:0.6420923090959817,(83,(107,((32,149)1:0.541742218257686,(73,(21,(53,((56,39)0.98:0.28198635579169185,(163,(196,115)1:0.9990446929030672)0.92:0.20400825779782894)0.54:0.06801625957885585)1:0.4273611263452574)1:1.4283872729897777)0.96:0.2761103756984086)1:0.35482460026881024)0.96:0.24928059427790153)1:1.0060076797348536)1:1.25448311317153)1:0.436253924896923)1:0.9675282091223736)1:1.283079590718221)0.87:0.1934820470361881)1:1.4489424931280783));
Weight calculation took 1.749844609 secs
ASTRAL finished in 11.93 secs
