
================== ASTRAL ===================== 

This is ASTRAL version 5.7.8
Gene trees are treated as unrooted
984 trees read from Dataset/AstralII_data/model.200.2000000.0.000001/18/estimatedgenetre.halfresolved
index0
All output trees will be *arbitrarily* rooted at 62

======== Running the main analysis
Number of taxa: 201 (201 species)
Taxa: [62, 12, 172, 39, 187, 152, 191, 185, 108, 182, 161, 112, 176, 16, 150, 87, 139, 123, 167, 71, 119, 153, 113, 72, 147, 118, 9, 32, 199, 24, 114, 157, 166, 38, 135, 129, 142, 99, 169, 116, 94, 47, 50, 132, 14, 151, 186, 53, 165, 189, 0, 10, 15, 73, 68, 181, 179, 64, 81, 35, 31, 156, 20, 178, 110, 95, 159, 101, 193, 21, 77, 134, 86, 92, 29, 5, 180, 59, 26, 52, 160, 61, 37, 42, 82, 70, 184, 96, 194, 7, 98, 111, 136, 44, 6, 78, 93, 174, 54, 137, 8, 56, 13, 97, 183, 18, 120, 49, 130, 154, 168, 80, 196, 3, 107, 27, 100, 128, 2, 143, 141, 51, 79, 121, 45, 19, 1, 122, 69, 33, 91, 149, 198, 200, 104, 144, 127, 36, 103, 84, 124, 164, 188, 175, 138, 74, 133, 30, 85, 48, 41, 148, 89, 75, 155, 140, 105, 195, 67, 102, 115, 28, 43, 22, 58, 40, 88, 46, 90, 25, 197, 163, 11, 145, 162, 23, 190, 158, 76, 117, 109, 126, 125, 63, 34, 60, 17, 66, 83, 55, 171, 177, 4, 131, 57, 146, 173, 192, 65, 170, 106]
Taxon occupancy: {110=984, 111=984, 112=984, 113=984, 114=984, 115=984, 116=984, 117=984, 118=984, 119=984, 10=984, 11=984, 12=984, 13=984, 14=984, 15=984, 16=984, 17=984, 18=984, 19=984, 120=984, 0=984, 121=984, 1=984, 122=984, 123=984, 2=984, 3=984, 124=984, 125=984, 4=984, 5=984, 126=984, 6=984, 127=984, 7=984, 128=984, 129=984, 8=984, 9=984, 20=984, 21=984, 22=984, 23=984, 24=984, 25=984, 26=984, 27=984, 28=984, 29=984, 130=984, 131=984, 132=984, 133=984, 134=984, 135=984, 136=984, 137=984, 138=984, 139=984, 30=984, 31=984, 32=984, 33=984, 34=984, 35=984, 36=984, 37=984, 38=984, 39=984, 140=984, 141=984, 142=984, 143=984, 144=984, 145=984, 146=984, 147=984, 148=984, 149=984, 40=984, 41=984, 42=984, 43=984, 44=984, 45=984, 46=984, 47=984, 48=984, 49=984, 150=984, 151=984, 152=984, 153=984, 154=984, 155=984, 156=984, 157=984, 158=984, 159=984, 50=984, 51=984, 52=984, 53=984, 54=984, 55=984, 56=984, 57=984, 58=984, 59=984, 160=984, 161=984, 162=984, 163=984, 164=984, 165=984, 166=984, 167=984, 168=984, 169=984, 60=984, 61=984, 62=984, 63=984, 64=984, 65=984, 66=984, 67=984, 68=984, 69=984, 170=984, 171=984, 172=984, 173=984, 174=984, 175=984, 176=984, 177=984, 178=984, 179=984, 70=984, 71=984, 72=984, 73=984, 74=984, 75=984, 76=984, 77=984, 78=984, 79=984, 180=984, 181=984, 182=984, 183=984, 184=984, 185=984, 186=984, 187=984, 188=984, 189=984, 80=984, 81=984, 82=984, 83=984, 84=984, 85=984, 86=984, 87=984, 88=984, 89=984, 190=984, 191=984, 192=984, 193=984, 194=984, 195=984, 196=984, 197=984, 198=984, 199=984, 90=984, 91=984, 92=984, 93=984, 94=984, 95=984, 96=984, 97=984, 98=984, 99=984, 200=984, 100=984, 101=984, 102=984, 103=984, 104=984, 105=984, 106=984, 107=984, 108=984, 109=984}
Number of gene trees: 984
0 trees have missing taxa
Calculating quartet distance matrix (for completion of X)
Species tree distances calculated ...
Building set of clusters (X) from gene trees 
------------------------------
gradient0: 45569
Number of Clusters after addition by distance: 45569
calculating extra bipartitions to be added at level 1 ...
Adding to X using resolutions of greedy consensus ...
Limit for sigma of degrees:5075
polytomy size limit : 18
discarded polytomies:  [3, 3, 3, 3, 3, 3, 3, 3, 3, 3, 3, 4, 4, 4, 4, 4, 5, 5, 6, 7, 8, 10, 11, 14, 18]
Threshold 0.0:
Threshold 0.01:
polytomy of size 4; rounds with additions with at least 5 support: 0; clusters: 45573
Threshold 0.02:
polytomy of size 5; rounds with additions with at least 5 support: 0; clusters: 45579
Threshold 0.05:
polytomy of size 7; rounds with additions with at least 5 support: 0; clusters: 45579
Threshold 0.1:
polytomy of size 3; rounds with additions with at least 5 support: 0; clusters: 45579
polytomy of size 6; rounds with additions with at least 5 support: 0; clusters: 45579
polytomy of size 11; rounds with additions with at least 5 support: 0; clusters: 45579
Threshold 0.2:
polytomy of size 4; rounds with additions with at least 5 support: 0; clusters: 45579
polytomy of size 3; rounds with additions with at least 5 support: 0; clusters: 45579
polytomy of size 3; rounds with additions with at least 5 support: 0; clusters: 45579
polytomy of size 8; rounds with additions with at least 5 support: 0; clusters: 45579
polytomy of size 4; rounds with additions with at least 5 support: 0; clusters: 45579
polytomy of size 14; rounds with additions with at least 5 support: 0; clusters: 45579
Threshold 0.3333333333333333:
polytomy of size 3; rounds with additions with at least 5 support: 0; clusters: 45579
polytomy of size 4; rounds with additions with at least 5 support: 0; clusters: 45579
polytomy of size 3; rounds with additions with at least 5 support: 0; clusters: 45579
polytomy of size 3; rounds with additions with at least 5 support: 0; clusters: 45579
polytomy of size 3; rounds with additions with at least 5 support: 0; clusters: 45579
polytomy of size 3; rounds with additions with at least 5 support: 0; clusters: 45579
polytomy of size 3; rounds with additions with at least 5 support: 0; clusters: 45579
polytomy of size 3; rounds with additions with at least 5 support: 0; clusters: 45579
polytomy of size 5; rounds with additions with at least 5 support: 0; clusters: 45579
polytomy of size 4; rounds with additions with at least 5 support: 0; clusters: 45579
polytomy of size 10; rounds with additions with at least 5 support: 0; clusters: 45579
polytomy of size 3; rounds with additions with at least 5 support: 0; clusters: 45579
polytomy of size 18; rounds with additions with at least 5 support: 0; clusters: 45579
max k is :0
Number of Clusters after addition by greedy: 45579
gradient0 in heuristiic: 45579
partitions formed in 33.336 secs
Dynamic Programming starting after 33.336 secs
Using tree-based weight calculation.
Using polytree-based weight calculation.
Polytree max score: 64918878165
Polytree building time: 3.459 seconds.
Number of quartet trees in the gene trees: 64918878165
Size of largest cluster: 201
Greedy score: 42465704047
estimationFactor: 1.5287366504779805
Sub-optimal score: 43530192293
Calculated 100000 weights; time (seconds): 209
Total Number of elements weighted: 169109
Normalized score (portion of input quartet trees satisfied before correcting for multiple individuals): 0.7056262065492209
Optimization score: 45808461733
Optimal tree inferred in 331.672 secs.
(104,(144,(127,(((84,(124,(103,164))),(36,(198,(200,(188,(175,138)))))),((74,(133,(30,85))),(((41,((148,89),((105,67),(195,(140,(75,155)))))),(((161,(16,(112,176))),(167,((87,123),(150,139)))),((86,((43,40),((102,115),(22,58)))),(28,((12,172),((153,(118,((119,113),(72,147)))),(71,((39,187),((108,182),(152,(191,185))))))))))),((((107,(54,27)),((4,170),((131,57),(146,(173,(192,65)))))),(((80,(196,3)),((154,((49,130),(168,(18,120)))),((137,8),(56,(13,(97,183)))))),(((42,(194,(7,98))),((61,37),((180,59),(160,(26,52))))),((70,((184,96),(5,82))),(111,(136,((6,78),(44,(93,174))))))))),((0,(19,((79,45),(((2,(143,(141,51))),((92,29),(21,(77,134)))),(((14,186),(151,(53,(165,189)))),(((25,197),(121,(117,(34,(125,(109,(63,(126,60)))))))),(((163,11),(17,(66,83))),((145,162),((158,76),(23,190)))))))))),((106,(((110,(95,159)),(156,(31,(20,178)))),((73,35),((81,(10,15)),((68,181),(179,64)))))),((88,(46,90)),(((62,128),(55,(177,(100,171)))),(((101,193),(48,((91,149),(33,(69,(1,122)))))),((9,(32,199)),(((24,114),(166,(157,38))),((47,(50,132)),((135,129),((99,169),(142,(116,94)))))))))))))))))));
Final quartet score is: 45808461733
Final normalized quartet score is: 0.7056262065492209
Extended species tree:
(62,(128,((55,(177,(100,171)1:0.1853647667931295)1:0.7730876381491008)1:0.43076724894619833,((((101,193)1:3.552192868243396,(48,((91,149)1:1.603729142388595,(33,(69,(1,122)1:0.6999725074163238)1:0.19476413641168924)1:2.1363528044848366)1:0.477761127019972)1:1.8454772034100395)1:0.12448286950610932,((9,(32,199)1:2.4055319456053144)1:3.54482521942487,(((24,114)1:0.6145515213049726,(166,(157,38)1:1.0715769829405277)1:1.5477413508608033)1:2.3382884178566465,((47,(50,132)1:0.3536105201400906)1:1.7673127544111449,((135,129)1:1.9373054082462446,((99,169)1:2.6300334359424293,(142,(116,94)1:0.3347130535108576)1:0.9043797943354877)1:0.3516433698483185)1:0.20154327052066082)1:1.6190266762553465)1:1.4568067516697831)1:1.3139452901303674)0.69:0.026213547662208524,((88,(46,90)1:2.1981017501262405)1:3.5173395860089607,((106,(((110,(95,159)1:2.017199232802615)1:3.5470196335076896,(156,(31,(20,178)1:2.7022490519632907)1:0.25670452590689824)1:1.197117380678192)1:1.674574000522185,((73,35)1:1.2468925141931588,((81,(10,15)1:2.994914290223021)1:0.2189398467727785,((68,181)1:0.7660641680330231,(179,64)1:0.10122833213609948)1:1.6452823418102547)1:0.5081655863703357)1:2.7860676209655435)1:0.3507958331924829)1:0.29345355501240455,((0,(19,((79,45)1:4.442495800295505,(((2,(143,(141,51)1:1.490800615563235)1:1.4583456309971266)1:1.721963671628929,((92,29)1:4.488472315130948,(21,(77,134)1:1.6859131124514994)1:3.20544891891577)1:0.7781408109954019)1:1.3942028821780643,(((14,186)1:2.108771853044833,(151,(53,(165,189)0.98:0.05748365410414292)1:3.5635238334022628)1:1.1249775499022883)1:2.160984286150108,(((25,197)1:4.1549457490881,(121,(117,(34,(125,(109,(63,(126,60)1:0.15323256323169637)1:0.537011850194777)1:0.2995272367728888)1:0.8348881070247566)1:0.348527735732284)1:1.7477574625901275)1:0.45632990991500477)0.93:0.045227305151623064,(((163,11)1:4.702849475387159,(17,(66,83)1:1.535657015696227)1:2.8167657274895856)1:0.16572092649086412,((145,162)1:3.3325092798225033,((158,76)1:2.8331088288036677,(23,190)1:3.100371251274003)1:1.5975990886296432)1:1.3642454421180885)1:0.15035653241626162)1:0.7391939119015235)1:0.08001486889202857)1:0.1179743225773592)1:0.12902207691630216)1:0.32075266779836026)0.78:0.030101531518367745,((((107,(54,27)1:0.0895274907704929)1:2.8041184697550645,((4,170)1:0.23372985209028677,((131,57)1:0.7234470318669373,(146,(173,(192,65)1:0.9969415972885233)1:1.2034516664705885)1:0.1098390992237614)1:0.8661198335893223)1:2.196895961984506)1:0.4085128397644055,(((80,(196,3)1:4.084559993575053)1:0.5240321231624034,((154,((49,130)1:2.643657992418654,(168,(18,120)1:2.5197599467744016)1:0.5611417333135604)1:0.15621787648347707)1:0.8173241591495722,((137,8)1:0.30183306947968974,(56,(13,(97,183)1:0.24318844079571889)1:1.4573961497873649)1:1.1314499622707352)1:0.8394282298649878)1:0.6770824384224933)1:0.7777824010610009,(((42,(194,(7,98)1:1.6548028717426486)1:2.5754573849638285)1:0.6456231081099987,((61,37)1:3.9641223782976938,((180,59)1:0.951267489398184,(160,(26,52)1:3.22038085979003)1:0.5095376630957945)1:0.6161516116102395)1:0.9353261472637211)0.55:0.01470325097127573,((70,((184,96)1:2.9568277427051397,(5,82)1:0.861360445646846)1:0.779919426175461)1:0.805281947681574,(111,(136,((6,78)1:1.2097208101358643,(44,(93,174)1:0.4354208179773258)1:0.49908519928711975)1:0.6481383641205862)1:0.7890451088568841)1:0.8765404959114295)1:0.15107873227110974)1:1.6469256805264918)1:0.08942568557849585)1:0.9456758334483661,(((41,((148,89)1:1.1388601433863772,((105,67)1:1.4986261029552115,(195,(140,(75,155)1:0.6137200214881855)1:0.8959872130041292)1:1.014860125493038)1:1.0278852724365373)1:0.22527025937439454)1:2.3240420711696053,(((161,(16,(112,176)1:0.7785551201680693)1:1.8727207416764744)1:1.9730019121892286,(167,((87,123)1:0.892307882789645,(150,139)1:0.31768316383171874)1:2.694941725018295)1:0.6938101131278605)1:0.6063746706617746,((86,((43,40)1:0.1461948719485199,((102,115)1:1.8004461604417972,(22,58)1:1.3069063299260715)1:0.10021566689890073)1:2.7707208092312525)1:0.3114224868244391,(28,((12,172)1:2.526670308543861,((153,(118,((119,113)0.55:0.015490899186444973,(72,147)1:0.7976833279157666)1:0.29082414586076044)0.64:0.024662560442466272)1:3.1220590029534256,(71,((39,187)1:1.0595637548426002,((108,182)1:2.356427399896039,(152,(191,185)1:0.2593290447571598)1:2.0321571793790207)1:0.18645821974011195)1:0.2803174223953329)1:0.11763895546776869)1:0.11937503769259401)1:0.20773555518604678)1:0.10813030575401697)1:0.10147499498884335)1:0.6867422098870614)1:0.30427425038030936,((74,(133,(30,85)1:1.686346474874099)1:1.1493955704740073)1:2.50239753299506,(((84,(124,(103,164)1:0.8734962405634532)1:0.457967986023908)1:1.413882276212844,(36,(198,(200,(188,(175,138)1:0.8079476332140489)1:0.4475325064463714)1:0.7365315903626309)1:0.1492050312005668)1:1.2459837740311213)1:0.7922110784798816,(127,(144,104)0.69:0.025849228775012893)1:3.971289164905169)1:1.033567634614929)1:1.3794543144716565)1:0.7985719566783915)0.64:0.021045376083369465)0.63:0.024264702316268472)0.96:0.05109259706593519)0.99:0.06365562102828977)1:2.129552554194698)1:1.2043412988340496));
Weight calculation took 282.506287633 secs
ASTRAL finished in 341.695 secs
