
================== ASTRAL ===================== 

This is ASTRAL version 5.7.8
Gene trees are treated as unrooted
200 trees read from Dataset/AstralII_data/model.200.2000000.0.000001/18/estimatedgenetre.halfresolved_200
index0
All output trees will be *arbitrarily* rooted at 62

======== Running the main analysis
Number of taxa: 201 (201 species)
Taxa: [62, 12, 172, 39, 187, 152, 191, 185, 108, 182, 161, 112, 176, 16, 150, 87, 139, 123, 167, 71, 119, 153, 113, 72, 147, 118, 9, 32, 199, 24, 114, 157, 166, 38, 135, 129, 142, 99, 169, 116, 94, 47, 50, 132, 14, 151, 186, 53, 165, 189, 0, 10, 15, 73, 68, 181, 179, 64, 81, 35, 31, 156, 20, 178, 110, 95, 159, 101, 193, 21, 77, 134, 86, 92, 29, 5, 180, 59, 26, 52, 160, 61, 37, 42, 82, 70, 184, 96, 194, 7, 98, 111, 136, 44, 6, 78, 93, 174, 54, 137, 8, 56, 13, 97, 183, 18, 120, 49, 130, 154, 168, 80, 196, 3, 107, 27, 100, 128, 2, 143, 141, 51, 79, 121, 45, 19, 1, 122, 69, 33, 91, 149, 198, 200, 104, 144, 127, 36, 103, 84, 124, 164, 188, 175, 138, 74, 133, 30, 85, 48, 41, 148, 89, 75, 155, 140, 105, 195, 67, 102, 115, 28, 43, 22, 58, 40, 88, 46, 90, 25, 197, 163, 11, 145, 162, 23, 190, 158, 76, 117, 109, 126, 125, 63, 34, 60, 17, 66, 83, 55, 171, 177, 4, 131, 57, 146, 173, 192, 65, 170, 106]
Taxon occupancy: {110=200, 111=200, 112=200, 113=200, 114=200, 115=200, 116=200, 117=200, 118=200, 119=200, 10=200, 11=200, 12=200, 13=200, 14=200, 15=200, 16=200, 17=200, 18=200, 19=200, 120=200, 0=200, 121=200, 1=200, 122=200, 123=200, 2=200, 3=200, 124=200, 125=200, 4=200, 5=200, 126=200, 6=200, 127=200, 7=200, 128=200, 129=200, 8=200, 9=200, 20=200, 21=200, 22=200, 23=200, 24=200, 25=200, 26=200, 27=200, 28=200, 29=200, 130=200, 131=200, 132=200, 133=200, 134=200, 135=200, 136=200, 137=200, 138=200, 139=200, 30=200, 31=200, 32=200, 33=200, 34=200, 35=200, 36=200, 37=200, 38=200, 39=200, 140=200, 141=200, 142=200, 143=200, 144=200, 145=200, 146=200, 147=200, 148=200, 149=200, 40=200, 41=200, 42=200, 43=200, 44=200, 45=200, 46=200, 47=200, 48=200, 49=200, 150=200, 151=200, 152=200, 153=200, 154=200, 155=200, 156=200, 157=200, 158=200, 159=200, 50=200, 51=200, 52=200, 53=200, 54=200, 55=200, 56=200, 57=200, 58=200, 59=200, 160=200, 161=200, 162=200, 163=200, 164=200, 165=200, 166=200, 167=200, 168=200, 169=200, 60=200, 61=200, 62=200, 63=200, 64=200, 65=200, 66=200, 67=200, 68=200, 69=200, 170=200, 171=200, 172=200, 173=200, 174=200, 175=200, 176=200, 177=200, 178=200, 179=200, 70=200, 71=200, 72=200, 73=200, 74=200, 75=200, 76=200, 77=200, 78=200, 79=200, 180=200, 181=200, 182=200, 183=200, 184=200, 185=200, 186=200, 187=200, 188=200, 189=200, 80=200, 81=200, 82=200, 83=200, 84=200, 85=200, 86=200, 87=200, 88=200, 89=200, 190=200, 191=200, 192=200, 193=200, 194=200, 195=200, 196=200, 197=200, 198=200, 199=200, 90=200, 91=200, 92=200, 93=200, 94=200, 95=200, 96=200, 97=200, 98=200, 99=200, 200=200, 100=200, 101=200, 102=200, 103=200, 104=200, 105=200, 106=200, 107=200, 108=200, 109=200}
Number of gene trees: 200
0 trees have missing taxa
Calculating quartet distance matrix (for completion of X)
Species tree distances calculated ...
Building set of clusters (X) from gene trees 
------------------------------
gradient0: 14175
Number of Clusters after addition by distance: 14175
calculating extra bipartitions to be added at level 1 ...
Adding to X using resolutions of greedy consensus ...
Limit for sigma of degrees:5075
polytomy size limit : 22
discarded polytomies:  [3, 3, 3, 3, 3, 3, 3, 3, 3, 3, 4, 4, 4, 4, 4, 4, 5, 5, 6, 6, 8, 9, 11, 14, 22]
Threshold 0.0:
Threshold 0.01:
polytomy of size 4; rounds with additions with at least 5 support: 2; clusters: 14187
Threshold 0.02:
polytomy of size 5; rounds with additions with at least 5 support: 0; clusters: 14201
Threshold 0.05:
polytomy of size 6; rounds with additions with at least 5 support: 0; clusters: 14201
Threshold 0.1:
polytomy of size 6; rounds with additions with at least 5 support: 0; clusters: 14201
polytomy of size 4; rounds with additions with at least 5 support: 0; clusters: 14201
polytomy of size 11; rounds with additions with at least 5 support: 1; clusters: 14207
Threshold 0.2:
polytomy of size 3; rounds with additions with at least 5 support: 0; clusters: 14207
polytomy of size 8; rounds with additions with at least 5 support: 0; clusters: 14207
polytomy of size 4; rounds with additions with at least 5 support: 0; clusters: 14207
polytomy of size 3; rounds with additions with at least 5 support: 0; clusters: 14207
polytomy of size 4; rounds with additions with at least 5 support: 0; clusters: 14207
polytomy of size 14; rounds with additions with at least 5 support: 0; clusters: 14207
Threshold 0.3333333333333333:
polytomy of size 3; rounds with additions with at least 5 support: 0; clusters: 14207
polytomy of size 3; rounds with additions with at least 5 support: 0; clusters: 14207
polytomy of size 3; rounds with additions with at least 5 support: 0; clusters: 14207
polytomy of size 4; rounds with additions with at least 5 support: 0; clusters: 14207
polytomy of size 3; rounds with additions with at least 5 support: 0; clusters: 14207
polytomy of size 3; rounds with additions with at least 5 support: 0; clusters: 14207
polytomy of size 3; rounds with additions with at least 5 support: 0; clusters: 14207
polytomy of size 5; rounds with additions with at least 5 support: 0; clusters: 14207
polytomy of size 4; rounds with additions with at least 5 support: 0; clusters: 14207
polytomy of size 9; rounds with additions with at least 5 support: 0; clusters: 14207
polytomy of size 3; rounds with additions with at least 5 support: 0; clusters: 14207
polytomy of size 3; rounds with additions with at least 5 support: 0; clusters: 14207
polytomy of size 22; rounds with additions with at least 5 support: 0; clusters: 14207
max k is :4
Number of Clusters after addition by greedy: 14207
gradient0 in heuristiic: 14207
partitions formed in 7.646 secs
Dynamic Programming starting after 7.646 secs
Using tree-based weight calculation.
Using polytree-based weight calculation.
Polytree max score: 13188665559
Polytree building time: 0.276 seconds.
Number of quartet trees in the gene trees: 13188665559
Size of largest cluster: 201
Greedy score: 8173025848
estimationFactor: 1.6136821055359032
Sub-optimal score: 8564734474
Total Number of elements weighted: 30550
Normalized score (portion of input quartet trees satisfied before correcting for multiple individuals): 0.712579353230076
Optimization score: 9397970774
Optimal tree inferred in 23.142 secs.
(104,(127,(144,(((84,(124,(103,164))),(36,(198,(200,(188,(175,138)))))),((74,(133,(30,85))),(((41,((148,89),((105,67),(195,(140,(75,155)))))),(((161,(16,(112,176))),(167,((87,123),(150,139)))),((86,((43,40),((102,115),(22,58)))),(28,((12,172),(((153,118),(119,(113,(72,147)))),(71,((39,187),((108,182),(152,(191,185))))))))))),((((107,(54,27)),((4,170),((131,57),(146,(173,(192,65)))))),(((80,(196,3)),((154,((49,130),(168,(18,120)))),((137,8),(56,(13,(97,183)))))),(((42,(194,(7,98))),((61,37),((180,59),(160,(26,52))))),((70,((184,96),(5,82))),(111,(136,((6,78),(44,(93,174))))))))),(0,((19,((79,45),(((2,(143,(141,51))),((92,29),(21,(77,134)))),(((14,186),(151,(53,(165,189)))),(((25,197),(121,(117,(34,(125,(109,(63,(126,60)))))))),(((163,11),(17,(66,83))),((145,162),((158,76),(23,190))))))))),((106,(((110,(95,159)),(156,(31,(20,178)))),((73,35),((81,(10,15)),((68,181),(179,64)))))),((88,(46,90)),(((62,128),(55,(177,(100,171)))),(((101,193),(48,((91,149),(33,(69,(1,122)))))),((9,(32,199)),(((24,114),(166,(157,38))),((47,(50,132)),((135,129),((99,169),(142,(116,94))))))))))))))))))));
Final quartet score is: 9397970774
Final normalized quartet score is: 0.712579353230076
Extended species tree:
(62,(128,((55,(177,(100,171)0.97:0.1199682734717241)1:0.7666689787561374)1:0.42910896473435733,((((101,193)1:3.267539478821765,(48,((91,149)1:1.5865889046122128,(33,(69,(1,122)1:0.6837989568484978)0.97:0.1259529653871039)1:2.110748627522851)1:0.41056425037270855)1:1.725628796106158)0.51:0.03475056955998173,((9,(32,199)1:2.253643402193519)1:3.160421763616589,(((24,114)1:0.6061654856539999,(166,(157,38)1:0.9000468923948909)1:1.4352862509030826)1:2.403858848298838,((47,(50,132)1:0.31097884651959734)1:1.631917144374701,((135,129)1:2.0898576035619345,((99,169)1:2.6922353521871782,(142,(116,94)1:0.3389581727437835)1:0.8201150817933561)1:0.3837375524024002)1:0.163651609322964)1:1.6769834750895323)1:1.3226585525907972)1:1.3392018092675761)0.48:0.03503609839017147,((88,(46,90)1:2.1463044869089614)1:2.900724908244457,((106,(((110,(95,159)1:1.7573580425107227)1:3.7889710111156107,(156,(31,(20,178)1:2.817767144334066)1:0.20695772730723516)1:1.279288792164959)1:1.618674332524016,((73,35)1:1.1439336626199026,((81,(10,15)1:2.698231391099983)0.99:0.141575547197336,((68,181)1:0.7846309844992689,(179,64)0.59:0.07529910091119404)1:1.57739323341619)1:0.5532425839071861)1:2.368679653406422)1:0.3984471707915297)1:0.2893332230055019,((19,((79,45)1:4.3664144137452965,(((2,(143,(141,51)1:1.37147927533475)1:1.3646350290072085)1:1.5718300328757433,((92,29)1:3.617756656369157,(21,(77,134)1:1.7470680756877663)1:3.2701884911456016)1:0.7350243002652344)1:1.1390634044380834,(((14,186)1:2.109746891175165,(151,(53,(165,189)0.63:0.052367985517315925)1:3.279306322032327)1:1.07009066316857)1:2.092768356173138,(((25,197)1:3.61650609261762,(121,(117,(34,(125,(109,(63,(126,60)0.94:0.12083600509012427)1:0.5196877418738698)1:0.30311519281006677)1:0.8202228117427224)1:0.25009106844363427)1:1.7356435965312438)1:0.32967348918460954)0.46:0.027462299096248883,(((163,11)1:4.269436530052182,(17,(66,83)1:1.425653784330175)1:2.7221930791432176)0.93:0.10570374978594989,((145,162)1:2.791165107812716,((158,76)1:2.8105855711013343,(23,190)1:3.1949392832957817)1:1.4084280614659)1:1.4156497736066145)0.91:0.09542878690535073)1:0.6380187767992753)1:0.19698149308707671)0.86:0.08319432144905677)0.99:0.1544713196228134)1:0.26466865826740754,(0,((((107,(54,27)0.52:0.040339988486632776)1:2.3198810528558984,((4,170)1:0.2096324491991509,((131,57)1:0.6387359070225863,(146,(173,(192,65)1:1.0275288133729747)1:1.2596359360770784)0.95:0.10943000230802996)1:0.7082941738972484)1:1.9575398659108554)1:0.2549536376883548,(((80,(196,3)1:3.8091285822655143)1:0.6511896433045682,((154,((49,130)1:2.625067209448876,(168,(18,120)1:2.4299114866973297)1:0.6147107670897644)0.96:0.11414036330429966)1:0.7883288318887149,((137,8)1:0.27771605718520037,(56,(13,(97,183)1:0.1784101362496551)1:1.4339936114774798)1:0.9776567088042931)1:0.8617967256022929)1:0.683005339142179)1:0.7764178199101518,(((42,(194,(7,98)1:1.8433172788929049)1:2.5426044656180915)1:0.7119439173451707,((61,37)1:4.202176248824471,((180,59)1:1.0476011493741044,(160,(26,52)1:2.9530721263111444)1:0.506828393062938)1:0.5402169720251766)1:0.7555253763062454)0.53:0.03054044293962881,((70,((184,96)1:2.587521423098384,(5,82)1:0.6871937309230461)1:0.6760269045025624)1:0.8881471146005521,(111,(136,((6,78)1:1.197310464146649,(44,(93,174)1:0.3312457548580444)1:0.5412256865510807)1:0.5102155714887612)1:0.5962296541382571)1:0.8339703591880198)0.93:0.10306317895227265)1:1.8284315276023493)0.89:0.0902993132111273)1:0.8789819490613077,(((41,((148,89)1:1.300648022385938,((105,67)1:1.474886366263977,(195,(140,(75,155)1:0.5184567687107065)1:0.8016971791725855)1:1.129402006906166)1:0.9523630307104428)1:0.26523647441779635)1:2.049838266243462,(((161,(16,(112,176)1:0.7033521517662368)1:1.651299040726804)1:1.7877068259732103,(167,((87,123)1:0.7677418460843345,(150,139)1:0.32239734273551257)1:2.446479499855816)1:0.6163635252524147)1:0.5351590835235569,((86,((43,40)0.9:0.09414428296916401,((102,115)1:1.9592402105367237,(22,58)1:1.2058156375445808)0.86:0.08831118831459313)1:2.652085901804174)1:0.35287978231518313,(28,((12,172)1:2.307157786401526,(((153,118)0.49:0.033129242572764714,(119,(113,(72,147)1:0.7785662452698621)0.58:0.040242533402865266)1:0.2722734864410776)1:2.8465272265723134,(71,((39,187)1:1.1911543811156111,((108,182)1:2.391588349903727,(152,(191,185)1:0.32972498783404586)1:2.1249780760764065)1:0.23159408744101145)1:0.2716187587859665)0.98:0.1310778784180953)0.75:0.06200612840434165)1:0.21155924862022826)0.96:0.12810981397967053)0.87:0.08665886841416132)1:0.693615225423159)1:0.291307162404599,((74,(133,(30,85)1:1.5867780183321738)1:1.2604894414672156)1:2.205076795039884,(((84,(124,(103,164)1:0.778844750799292)1:0.4288985117733509)1:1.3303723332101434,(36,(198,(200,(188,(175,138)1:0.8182744267223514)1:0.2741747369082007)1:0.6784176403576057)0.99:0.149256722901586)1:1.3112636135573135)1:0.7081048668129858,(144,(127,104)0.58:0.03944173205129685)1:3.982613464132541)1:1.0674926284996675)1:1.3673001855108071)1:0.9149170659081348)0.36:0.0017769095254788591)0.6:0.04233905344952441)0.44:0.015567636337196615)0.63:0.043569874519954206)0.93:0.10589261712328707)1:1.953709925449569)1:1.021572252097663));
Weight calculation took 14.284201585 secs
ASTRAL finished in 25.651 secs
