
================== ASTRAL ===================== 

This is ASTRAL version 5.7.8
Gene trees are treated as unrooted
50 trees read from Dataset/AstralII_data/model.200.2000000.0.000001/18/estimatedgenetre.halfresolved_50
index0
All output trees will be *arbitrarily* rooted at 62

======== Running the main analysis
Number of taxa: 201 (201 species)
Taxa: [62, 12, 172, 39, 187, 152, 191, 185, 108, 182, 161, 112, 176, 16, 150, 87, 139, 123, 167, 71, 119, 153, 113, 72, 147, 118, 9, 32, 199, 24, 114, 157, 166, 38, 135, 129, 142, 99, 169, 116, 94, 47, 50, 132, 14, 151, 186, 53, 165, 189, 0, 10, 15, 73, 68, 181, 179, 64, 81, 35, 31, 156, 20, 178, 110, 95, 159, 101, 193, 21, 77, 134, 86, 92, 29, 5, 180, 59, 26, 52, 160, 61, 37, 42, 82, 70, 184, 96, 194, 7, 98, 111, 136, 44, 6, 78, 93, 174, 54, 137, 8, 56, 13, 97, 183, 18, 120, 49, 130, 154, 168, 80, 196, 3, 107, 27, 100, 128, 2, 143, 141, 51, 79, 121, 45, 19, 1, 122, 69, 33, 91, 149, 198, 200, 104, 144, 127, 36, 103, 84, 124, 164, 188, 175, 138, 74, 133, 30, 85, 48, 41, 148, 89, 75, 155, 140, 105, 195, 67, 102, 115, 28, 43, 22, 58, 40, 88, 46, 90, 25, 197, 163, 11, 145, 162, 23, 190, 158, 76, 117, 109, 126, 125, 63, 34, 60, 17, 66, 83, 55, 171, 177, 4, 131, 57, 146, 173, 192, 65, 170, 106]
Taxon occupancy: {110=50, 111=50, 112=50, 113=50, 114=50, 115=50, 116=50, 117=50, 118=50, 119=50, 10=50, 11=50, 12=50, 13=50, 14=50, 15=50, 16=50, 17=50, 18=50, 19=50, 120=50, 0=50, 121=50, 1=50, 122=50, 123=50, 2=50, 3=50, 124=50, 125=50, 4=50, 5=50, 126=50, 6=50, 127=50, 7=50, 128=50, 129=50, 8=50, 9=50, 20=50, 21=50, 22=50, 23=50, 24=50, 25=50, 26=50, 27=50, 28=50, 29=50, 130=50, 131=50, 132=50, 133=50, 134=50, 135=50, 136=50, 137=50, 138=50, 139=50, 30=50, 31=50, 32=50, 33=50, 34=50, 35=50, 36=50, 37=50, 38=50, 39=50, 140=50, 141=50, 142=50, 143=50, 144=50, 145=50, 146=50, 147=50, 148=50, 149=50, 40=50, 41=50, 42=50, 43=50, 44=50, 45=50, 46=50, 47=50, 48=50, 49=50, 150=50, 151=50, 152=50, 153=50, 154=50, 155=50, 156=50, 157=50, 158=50, 159=50, 50=50, 51=50, 52=50, 53=50, 54=50, 55=50, 56=50, 57=50, 58=50, 59=50, 160=50, 161=50, 162=50, 163=50, 164=50, 165=50, 166=50, 167=50, 168=50, 169=50, 60=50, 61=50, 62=50, 63=50, 64=50, 65=50, 66=50, 67=50, 68=50, 69=50, 170=50, 171=50, 172=50, 173=50, 174=50, 175=50, 176=50, 177=50, 178=50, 179=50, 70=50, 71=50, 72=50, 73=50, 74=50, 75=50, 76=50, 77=50, 78=50, 79=50, 180=50, 181=50, 182=50, 183=50, 184=50, 185=50, 186=50, 187=50, 188=50, 189=50, 80=50, 81=50, 82=50, 83=50, 84=50, 85=50, 86=50, 87=50, 88=50, 89=50, 190=50, 191=50, 192=50, 193=50, 194=50, 195=50, 196=50, 197=50, 198=50, 199=50, 90=50, 91=50, 92=50, 93=50, 94=50, 95=50, 96=50, 97=50, 98=50, 99=50, 200=50, 100=50, 101=50, 102=50, 103=50, 104=50, 105=50, 106=50, 107=50, 108=50, 109=50}
Number of gene trees: 50
0 trees have missing taxa
Calculating quartet distance matrix (for completion of X)
Species tree distances calculated ...
Building set of clusters (X) from gene trees 
------------------------------
gradient0: 5277
Number of Clusters after addition by distance: 5277
calculating extra bipartitions to be added at level 1 ...
Adding to X using resolutions of greedy consensus ...
Limit for sigma of degrees:5075
polytomy size limit : 18
discarded polytomies:  [3, 3, 3, 3, 3, 3, 3, 3, 3, 3, 3, 3, 3, 3, 4, 4, 4, 4, 4, 4, 5, 8, 8, 9, 10, 13, 18]
Threshold 0.0:
polytomy of size 3; rounds with additions with at least 5 support: 1; clusters: 5283
Threshold 0.01:
polytomy of size 3; rounds with additions with at least 5 support: 0; clusters: 5283
Threshold 0.02:
polytomy of size 3; rounds with additions with at least 5 support: 0; clusters: 5283
Threshold 0.05:
polytomy of size 3; rounds with additions with at least 5 support: 0; clusters: 5283
polytomy of size 3; rounds with additions with at least 5 support: 0; clusters: 5283
polytomy of size 8; rounds with additions with at least 5 support: 3; clusters: 5323
Threshold 0.1:
polytomy of size 4; rounds with additions with at least 5 support: 0; clusters: 5323
polytomy of size 3; rounds with additions with at least 5 support: 0; clusters: 5323
polytomy of size 3; rounds with additions with at least 5 support: 0; clusters: 5323
polytomy of size 3; rounds with additions with at least 5 support: 0; clusters: 5323
polytomy of size 10; rounds with additions with at least 5 support: 0; clusters: 5345
Threshold 0.2:
polytomy of size 8; rounds with additions with at least 5 support: 1; clusters: 5347
polytomy of size 4; rounds with additions with at least 5 support: 0; clusters: 5347
polytomy of size 4; rounds with additions with at least 5 support: 0; clusters: 5347
polytomy of size 13; rounds with additions with at least 5 support: 0; clusters: 5365
Threshold 0.3333333333333333:
polytomy of size 3; rounds with additions with at least 5 support: 0; clusters: 5365
polytomy of size 3; rounds with additions with at least 5 support: 0; clusters: 5365
polytomy of size 3; rounds with additions with at least 5 support: 0; clusters: 5365
polytomy of size 3; rounds with additions with at least 5 support: 0; clusters: 5365
polytomy of size 4; rounds with additions with at least 5 support: 0; clusters: 5365
polytomy of size 5; rounds with additions with at least 5 support: 0; clusters: 5365
polytomy of size 9; rounds with additions with at least 5 support: 0; clusters: 5365
polytomy of size 3; rounds with additions with at least 5 support: 0; clusters: 5365
polytomy of size 3; rounds with additions with at least 5 support: 0; clusters: 5365
polytomy of size 4; rounds with additions with at least 5 support: 0; clusters: 5365
polytomy of size 4; rounds with additions with at least 5 support: 0; clusters: 5365
polytomy of size 18; rounds with additions with at least 5 support: 0; clusters: 5379
max k is :6
Number of Clusters after addition by greedy: 5379
gradient0 in heuristiic: 5379
partitions formed in 7.713 secs
Dynamic Programming starting after 7.713 secs
Using tree-based weight calculation.
Using polytree-based weight calculation.
Polytree max score: 3299704662
Polytree building time: 0.297 seconds.
Number of quartet trees in the gene trees: 3299704662
Size of largest cluster: 201
Greedy score: 2229850492
estimationFactor: 1.4797874000244855
Sub-optimal score: 2269049335
Total Number of elements weighted: 8273
Normalized score (portion of input quartet trees satisfied before correcting for multiple individuals): 0.7045305571653613
Optimization score: 2324742764
Optimal tree inferred in 10.668 secs.
(104,(127,(144,(((84,(124,(103,164))),(36,(198,(200,(188,(175,138)))))),((74,(133,(30,85))),(((41,((148,89),((105,67),(195,(140,(75,155)))))),((86,((43,40),((102,115),(22,58)))),(((161,(16,(112,176))),(167,((87,123),(150,139)))),(28,((12,172),(((153,118),(113,(119,(72,147)))),(71,((39,187),((108,182),(152,(191,185))))))))))),(((88,(46,90)),(0,(19,((79,45),(((2,(143,(141,51))),((92,29),(21,(77,134)))),(((14,186),(151,(53,(165,189)))),((25,197),((121,(117,(34,(125,(109,(126,(63,60))))))),(((163,11),(17,(66,83))),((145,162),((158,76),(23,190)))))))))))),(((101,193),((48,((91,149),(33,(69,(1,122))))),(((62,128),(55,(177,(100,171)))),((9,(32,199)),(((24,114),(166,(157,38))),((47,(50,132)),((135,129),((99,169),(142,(116,94)))))))))),((106,(((110,(95,159)),(156,(31,(20,178)))),((73,35),((81,(10,15)),((68,181),(179,64)))))),(((54,(107,27)),((4,170),((131,57),(146,(173,(192,65)))))),(((80,(196,3)),(((137,8),(56,(13,(97,183)))),(154,((49,130),(168,(18,120)))))),((70,((184,96),(5,82))),((42,(194,(7,98))),((111,(136,((6,78),(44,(93,174))))),((61,37),((180,59),(160,(26,52))))))))))))))))));
Final quartet score is: 2324742764
Final normalized quartet score is: 0.7045305571653613
Extended species tree:
(62,(128,((55,(177,(100,171)0.98:0.29051436242929324)1:0.7438528837871907)1:0.4233353137042195,(((9,(32,199)1:2.4277482359480516)1:3.5263605246161593,(((24,114)1:0.6022276769526959,(166,(157,38)1:0.867500567704723)1:2.129455850997559)1:2.0220897263465765,((47,(50,132)0.98:0.2682639865946794)1:1.5502973373901603,((135,129)1:2.4280717231428004,((99,169)1:2.14006616349627,(142,(116,94)1:0.3919648477406927)1:0.7868380239382008)0.98:0.2884235372156214)0.97:0.24869370510175165)1:1.7917594692280556)1:1.6209146406833144)1:1.6189243950253347,((48,((91,149)1:1.3602415292142327,(33,(69,(1,122)1:0.6930481461454056)0.33:0.0)1:2.14006616349627)1:0.6095654703568598)1:2.2831198740094156,((101,193)1:2.634102165684368,(((106,(((110,(95,159)1:1.7346010553881062)1:3.5263605246161593,(156,(31,(20,178)1:2.835741790409575)0.74:0.1590646946296874)1:1.2576769832977965)1:1.7719256693761918,((73,35)1:1.032319136577676,((81,(10,15)1:2.155333635627059)0.8:0.13735051019077016,((68,181)1:0.5720189889107018,(179,64)0.36:4.9772291775365306E-5)1:1.4702276481303231)0.98:0.2839021203607232)1:2.1443223123085096)1:0.5006223036341797)1:0.3577370434922325,(((54,(107,27)0.75:0.1268480633189256)1:2.5700902582547283,((4,170)0.73:0.11630782136384385,((131,57)1:0.6669474086790026,(146,(173,(192,65)1:1.0409340535359626)1:1.2732003149496383)0.72:0.11357808794874591)1:0.6885099758535506)1:2.166621804306145)0.84:0.16831056910625508,(((80,(196,3)1:3.5263605246161593)1:0.6174930112345886,(((137,8)1:0.3514633807663272,(56,(13,(97,183)0.66:0.0925362529215997)1:1.6526078887385143)1:1.0297702581196746)1:0.944761773933905,(154,((49,130)1:2.4266150913508837,(168,(18,120)1:2.2735975561207935)1:0.40707955588603717)0.96:0.23888392791405477)1:0.7852247032872706)1:0.6202851358366819)1:0.8070543485933148,((70,((184,96)1:2.8332133440562166,(5,82)1:0.5856688731753291)1:0.5567312966211623)1:1.1097103244653586,((42,(194,(7,98)1:2.4277482359480516)1:2.14006616349627)0.98:0.28766676589981105,((111,(136,((6,78)1:0.9887301980297729,(44,(93,174)1:0.5782070280453054)1:0.4825672156162545)1:0.8295412460545281)1:0.4162875595967598)1:1.3194498234018346,((61,37)1:3.5263605246161593,((180,59)1:1.1919735884612446,(160,(26,52)1:3.5263605246161593)1:0.6072118124323432)1:0.5045954925303753)1:0.7529222779157799)0.56:0.06307059616510166)0.53:0.06480073481110844)1:1.5913130939516913)0.98:0.2757460475971499)1:0.9266263203364534)0.47:0.03587009780767267,(((88,(46,90)1:2.14006616349627)1:2.5217459862256595,(0,(19,((79,45)1:3.4989615504280485,(((2,(143,(141,51)1:0.8873031950009027)1:2.0166588160509544)1:1.135116107687701,((92,29)1:3.521271455108689,(21,(77,134)1:1.445234062571406)1:2.7834518344971526)1:0.6841497885631955)1:1.0412360106227183,(((14,186)1:1.9169226121820613,(151,(53,(165,189)0.73:0.12516314295400605)1:2.8332133440562166)1:1.1134273744532504)1:2.5156805722938866,((25,197)1:3.3797570504242875,((121,(117,(34,(125,(109,(126,(63,60)0.81:0.15889055444639996)1:0.4343457946296237)1:0.39240130910890464)1:1.106477050943645)0.9:0.19307255591548356)1:1.1867819431576998)0.99:0.31670130043467115,(((163,11)1:3.518728432940236,(17,(66,83)1:1.9169226121820613)1:2.177480893189387)0.64:0.12751153052978953,((145,162)1:2.155570350032235,((158,76)1:2.8332133440562166,(23,190)1:3.5263605246161593)1:1.1270676275511524)1:1.2584758504015423)0.52:0.05622181789122145)0.52:0.05933959386025947)1:0.5622793798339816)0.99:0.34214554344068515)0.39:0.011582262951415217)0.58:0.06899719421303563)0.99:0.32308798403474326)0.48:0.062104876758196016)0.43:0.029680001985170058,(((41,((148,89)1:1.0816883428778372,((105,67)1:1.148358792337362,(195,(140,(75,155)0.9:0.19431875124990639)1:0.8775819456874735)1:1.0940931630887543)1:1.1129538186687118)0.96:0.24242548086366006)1:2.5258400587142544,((86,((43,40)0.52:0.052842481374379933,((102,115)1:1.5315352516427116,(22,58)1:1.4050119044848082)0.92:0.20312468442371776)1:2.1963910860964537)0.99:0.326156098992061,(((161,(16,(112,176)1:0.7137664677626809)1:2.14006616349627)1:1.6410284954823229,(167,((87,123)1:0.5621189181535411,(150,139)0.92:0.21217451994363562)1:3.386155024903943)1:0.5377499041076499)1:0.538419871591178,(28,((12,172)1:1.7428719735636955,(((153,118)0.6:0.09909249796929043,(113,(119,(72,147)1:0.4618718667115219)0.62:0.08243502318979677)0.9:0.1931577034562898)1:2.684560938390101,(71,((39,187)1:1.4673584108851532,((108,182)1:1.9441609794646777,(152,(191,185)1:0.39328468955129325)1:1.6903156775546306)1:0.3587779941355112)0.9:0.1886015210540992)0.93:0.21474393775699047)0.66:0.09296871084417745)0.74:0.12111467206400002)0.9:0.18574337091459292)0.37:0.005051846260402215)1:0.6780566959656118)0.82:0.15364179600419542,((74,(133,(30,85)1:1.7346010553881062)1:1.1749852674526835)1:1.9641754970326053,(((84,(124,(103,164)1:0.8902885576064365)1:0.521085234138645)1:1.08011506305892,(36,(198,(200,(188,(175,138)1:0.8864829200213796)1:0.45500764541546906)1:0.5488856171427744)0.81:0.1555534031012338)1:1.3270077795463817)1:0.8057543154616255,(144,(127,104)0.64:0.0984400728132524)1:3.120895416507997)1:0.8617398814412873)1:1.522737761519384)1:0.7011861272491663)0.36:3.8506510533250034E-4)0.62:0.08547705486120068)0.45:0.04687212220554636)0.37:0.003020830253769249)1:1.5744621312493603)1:0.9586536314305085));
Weight calculation took 1.993845611 secs
ASTRAL finished in 11.909 secs
