
================== ASTRAL ===================== 

This is ASTRAL version 5.7.8
Gene trees are treated as unrooted
1000 trees read from Dataset/AstralII_data/model.200.2000000.0.000001/33/estimatedgenetre.halfresolved
index0
All output trees will be *arbitrarily* rooted at 29

======== Running the main analysis
Number of taxa: 201 (201 species)
Taxa: [29, 56, 104, 24, 133, 41, 79, 139, 6, 105, 148, 129, 136, 45, 98, 180, 188, 135, 99, 147, 82, 86, 193, 198, 186, 131, 63, 2, 47, 110, 89, 87, 103, 77, 108, 163, 155, 171, 38, 40, 75, 95, 149, 128, 91, 141, 3, 36, 94, 49, 100, 164, 17, 130, 192, 0, 175, 7, 66, 58, 169, 176, 37, 43, 151, 157, 127, 78, 189, 4, 146, 112, 68, 125, 97, 11, 48, 96, 114, 76, 120, 33, 85, 115, 168, 137, 88, 34, 116, 145, 154, 170, 191, 61, 93, 74, 21, 179, 54, 196, 83, 144, 1, 118, 13, 117, 107, 150, 138, 19, 161, 142, 46, 190, 22, 197, 123, 183, 156, 39, 195, 113, 177, 182, 162, 111, 50, 152, 9, 32, 124, 143, 134, 160, 140, 35, 200, 122, 90, 173, 165, 60, 184, 25, 109, 70, 8, 14, 31, 18, 153, 5, 30, 42, 67, 159, 80, 119, 166, 26, 121, 27, 72, 194, 55, 92, 52, 20, 102, 65, 28, 44, 181, 167, 187, 15, 57, 132, 178, 10, 101, 51, 71, 64, 62, 106, 126, 12, 16, 53, 199, 172, 81, 73, 84, 185, 69, 174, 59, 23, 158]
Taxon occupancy: {110=1000, 111=1000, 112=1000, 113=1000, 114=1000, 115=1000, 116=1000, 117=1000, 118=1000, 119=1000, 10=1000, 11=1000, 12=1000, 13=1000, 14=1000, 15=1000, 16=1000, 17=1000, 18=1000, 19=1000, 120=1000, 0=1000, 121=1000, 1=1000, 122=1000, 2=1000, 123=1000, 3=1000, 124=1000, 4=1000, 125=1000, 5=1000, 126=1000, 6=1000, 127=1000, 128=1000, 7=1000, 129=1000, 8=1000, 9=1000, 20=1000, 21=1000, 22=1000, 23=1000, 24=1000, 25=1000, 26=1000, 27=1000, 28=1000, 29=1000, 130=1000, 131=1000, 132=1000, 133=1000, 134=1000, 135=1000, 136=1000, 137=1000, 138=1000, 139=1000, 30=1000, 31=1000, 32=1000, 33=1000, 34=1000, 35=1000, 36=1000, 37=1000, 38=1000, 39=1000, 140=1000, 141=1000, 142=1000, 143=1000, 144=1000, 145=1000, 146=1000, 147=1000, 148=1000, 149=1000, 40=1000, 41=1000, 42=1000, 43=1000, 44=1000, 45=1000, 46=1000, 47=1000, 48=1000, 49=1000, 150=1000, 151=1000, 152=1000, 153=1000, 154=1000, 155=1000, 156=1000, 157=1000, 158=1000, 159=1000, 50=1000, 51=1000, 52=1000, 53=1000, 54=1000, 55=1000, 56=1000, 57=1000, 58=1000, 59=1000, 160=1000, 161=1000, 162=1000, 163=1000, 164=1000, 165=1000, 166=1000, 167=1000, 168=1000, 169=1000, 60=1000, 61=1000, 62=1000, 63=1000, 64=1000, 65=1000, 66=1000, 67=1000, 68=1000, 69=1000, 170=1000, 171=1000, 172=1000, 173=1000, 174=1000, 175=1000, 176=1000, 177=1000, 178=1000, 179=1000, 70=1000, 71=1000, 72=1000, 73=1000, 74=1000, 75=1000, 76=1000, 77=1000, 78=1000, 79=1000, 180=1000, 181=1000, 182=1000, 183=1000, 184=1000, 185=1000, 186=1000, 187=1000, 188=1000, 189=1000, 80=1000, 81=1000, 82=1000, 83=1000, 84=1000, 85=1000, 86=1000, 87=1000, 88=1000, 89=1000, 190=1000, 191=1000, 192=1000, 193=1000, 194=1000, 195=1000, 196=1000, 197=1000, 198=1000, 199=1000, 90=1000, 91=1000, 92=1000, 93=1000, 94=1000, 95=1000, 96=1000, 97=1000, 98=1000, 99=1000, 200=1000, 100=1000, 101=1000, 102=1000, 103=1000, 104=1000, 105=1000, 106=1000, 107=1000, 108=1000, 109=1000}
Number of gene trees: 1000
0 trees have missing taxa
Calculating quartet distance matrix (for completion of X)
Species tree distances calculated ...
Building set of clusters (X) from gene trees 
------------------------------
gradient0: 28001
Number of Clusters after addition by distance: 28001
calculating extra bipartitions to be added at level 1 ...
Adding to X using resolutions of greedy consensus ...
Limit for sigma of degrees:5075
polytomy size limit : 15
discarded polytomies:  [3, 3, 3, 3, 3, 3, 3, 3, 3, 3, 4, 4, 4, 4, 4, 4, 5, 6, 7, 12, 15]
Threshold 0.0:
Threshold 0.01:
Threshold 0.02:
Threshold 0.05:
polytomy of size 4; rounds with additions with at least 5 support: 0; clusters: 28001
Threshold 0.1:
polytomy of size 4; rounds with additions with at least 5 support: 0; clusters: 28001
polytomy of size 7; rounds with additions with at least 5 support: 0; clusters: 28001
Threshold 0.2:
polytomy of size 3; rounds with additions with at least 5 support: 0; clusters: 28001
polytomy of size 5; rounds with additions with at least 5 support: 0; clusters: 28001
polytomy of size 12; rounds with additions with at least 5 support: 0; clusters: 28001
Threshold 0.3333333333333333:
polytomy of size 4; rounds with additions with at least 5 support: 0; clusters: 28001
polytomy of size 3; rounds with additions with at least 5 support: 0; clusters: 28001
polytomy of size 6; rounds with additions with at least 5 support: 0; clusters: 28001
polytomy of size 3; rounds with additions with at least 5 support: 0; clusters: 28001
polytomy of size 3; rounds with additions with at least 5 support: 0; clusters: 28001
polytomy of size 3; rounds with additions with at least 5 support: 0; clusters: 28001
polytomy of size 4; rounds with additions with at least 5 support: 0; clusters: 28001
polytomy of size 3; rounds with additions with at least 5 support: 0; clusters: 28001
polytomy of size 3; rounds with additions with at least 5 support: 0; clusters: 28001
polytomy of size 4; rounds with additions with at least 5 support: 0; clusters: 28001
polytomy of size 3; rounds with additions with at least 5 support: 0; clusters: 28001
polytomy of size 3; rounds with additions with at least 5 support: 0; clusters: 28001
polytomy of size 3; rounds with additions with at least 5 support: 0; clusters: 28001
polytomy of size 15; rounds with additions with at least 5 support: 0; clusters: 28001
polytomy of size 4; rounds with additions with at least 5 support: 0; clusters: 28001
max k is :0
Number of Clusters after addition by greedy: 28001
gradient0 in heuristiic: 28001
partitions formed in 32.508 secs
Dynamic Programming starting after 32.508 secs
Using tree-based weight calculation.
Using polytree-based weight calculation.
Polytree max score: 65998350000
Polytree building time: 2.946 seconds.
Number of quartet trees in the gene trees: 65998350000
Size of largest cluster: 201
Greedy score: 45128634976
estimationFactor: 1.46244950761526
Sub-optimal score: 46899922907
Calculated 100000 weights; time (seconds): 157
Total Number of elements weighted: 117024
Normalized score (portion of input quartet trees satisfied before correcting for multiple individuals): 0.7520350194663957
Optimization score: 49633070427
Optimal tree inferred in 182.199 secs.
(140,(160,((143,134),((35,200),(((122,90),((173,(165,60)),(184,(25,109)))),((8,((31,18),(70,14))),(((46,(161,142)),(((183,156),(190,(197,(22,123)))),((83,(144,(1,118))),((138,(107,150)),(19,(13,117)))))),(((32,124),((177,182),((162,50),(111,(152,9))))),((39,(195,113)),(((145,(191,(154,170))),((93,74),(61,(179,(21,(54,196)))))),((((168,(137,(88,(34,116)))),(((80,119),(67,159)),(5,(153,(30,42))))),((125,(146,(112,68))),((97,(11,(48,96))),(114,(76,(120,(115,(33,85)))))))),(((166,(26,(194,((121,55),(27,(72,92)))))),(((43,151),(37,157)),((176,(66,(58,169))),(127,(78,(189,4)))))),(((192,(155,(17,130))),(((100,164),((94,49),(3,36))),(((91,141),(149,128)),(171,(38,(40,(75,95))))))),(0,(((16,((10,(101,(51,71))),(178,((64,62),(106,(126,12)))))),((53,((199,81),(73,(172,84)))),(((185,69),(174,(158,(59,23)))),((52,(187,15)),((57,132),(20,((181,167),(102,(65,(28,44)))))))))),(((175,7),(29,((56,(104,(24,133))),(6,((41,136),(105,(139,(148,(79,129))))))))),(((135,99),(45,(188,(98,180)))),(((89,(87,(103,77))),((131,63),(108,163))),((2,(47,110)),(186,(198,(147,(82,(86,193))))))))))))))))))))))));
Final quartet score is: 49633070427
Final normalized quartet score is: 0.7520350194663957
Extended species tree:
(29,(((56,(104,(24,133)1:0.6339927580732817)1:2.3289024013114186)1:2.0513857825651676,(6,((41,136)1:0.11578921118119564,(105,(139,(148,(79,129)1:0.28074346611763706)1:0.6672255269753687)1:0.3351458724468171)1:0.37771702119307415)1:0.4614657501354317)1:1.3269541941978238)1:0.5377039868810737,((175,7)1:6.5032896712070904,((((135,99)1:2.1891404589362606,(45,(188,(98,180)1:0.8789622542533061)1:0.10084227185430844)1:0.08492473527084513)1:5.075565436912489,(((89,(87,(103,77)1:1.5265559287864818)1:3.1036162928878737)1:0.2616117383195325,((131,63)1:5.1233607039542415,(108,163)1:1.4565296921112891)0.99:0.06631967403169614)1:0.08700002476998706,((2,(47,110)1:2.256816674538464)1:0.4441705319678584,(186,(198,(147,(82,(86,193)1:1.6911053158346392)1:1.9182962941875028)1:0.37058911341712314)0.37:0.0027009469728410994)1:0.9388278011446763)1:0.07287702386967013)1:2.3347825190968443)1:0.8212849565053808,(((16,((10,(101,(51,71)1:0.8368804590433504)1:1.1801311330904607)1:2.7153193144488914,(178,((64,62)1:4.017957941710202,(106,(126,12)1:1.9494127796065153)1:1.2227051366845367)1:1.3386258048604687)0.98:0.05645105631600857)1:2.076994357082589)1:1.146641949798246,((53,((199,81)1:0.10747174484360006,(73,(172,84)1:0.45829632526410863)1:1.4126116694372641)1:5.159554924505952)1:1.6926743810612912,(((185,69)1:3.5991245911785574,(174,(158,(59,23)1:0.6626480138336577)1:1.9182703965092274)1:1.2874485264832571)1:4.108504047036783,((52,(187,15)1:2.3136349291806306)1:2.9884329710723865,((57,132)1:1.9502041327440798,(20,((181,167)1:2.885637726381488,(102,(65,(28,44)1:0.6597452541756965)1:2.674537929890262)1:0.5206222526243559)1:1.2923750421939566)1:1.221483739292998)1:0.16655759055703132)1:1.124979572546514)1:0.18784994112565306)1:0.20876708782116812)1:0.07354741350056306,(0,(((192,(155,(17,130)1:6.5032896712070904)1:0.12984861596280342)1:0.16281408840940598,(((100,164)1:4.8938517587729455,((94,49)1:2.4515047234037515,(3,36)1:2.4006463061702603)1:2.1858015576707457)1:2.8310351030627574,(((91,141)1:2.1791570149520765,(149,128)1:0.28968207311844785)1:3.0806230235404586,(171,(38,(40,(75,95)1:2.121263036533175)1:1.4795594421776737)0.99:0.0687431524196032)1:3.5621455879374704)1:1.2147850777693872)0.93:0.05265397908386728)1:0.48663652866657214,(((166,(26,(194,((121,55)0.95:0.05701391093120158,(27,(72,92)1:0.36556261712082216)1:0.8559920677637705)1:0.7956031463701037)1:1.9000801689903692)1:1.9617695122954233)1:2.7019616216614373,(((43,151)1:2.0667784564701868,(37,157)1:2.7892224937115975)1:1.466337068793427,((176,(66,(58,169)1:1.6590230523986396)1:0.13424521948044557)1:2.554515120474054,(127,(78,(189,4)1:0.4822663218575297)1:1.9336414633774954)1:1.5702767767926618)0.69:0.02718306759419065)1:3.8132646724322266)1:0.5907858447137961,((((168,(137,(88,(34,116)1:1.065210362283861)1:3.4587672334836355)1:2.660150213795825)1:1.0708779887236441,(((80,119)1:2.6425599601664604,(67,159)1:2.172556330920725)1:3.270827799572586,(5,(153,(30,42)1:2.226623552191001)1:0.648217749004629)1:4.8886837886145)1:0.24633971256924828)1:0.26008545897724866,((125,(146,(112,68)1:0.3441942827151235)1:0.3907142983500161)1:4.490766187778061,((97,(11,(48,96)1:2.392415807033744)1:3.4828647850626924)1:0.31830870778570397,(114,(76,(120,(115,(33,85)1:0.24943172252693513)1:0.936748629417292)1:0.6358873993074945)1:1.0916436193520165)1:2.4278531104002217)1:0.9348945672919791)1:1.6882910670180025)1:0.16305794616119004,(((145,(191,(154,170)0.85:0.03559094510270263)1:2.892371758562833)1:1.2310229818589606,((93,74)1:3.5588506920406147,(61,(179,(21,(54,196)1:0.29888496595863084)0.48:0.010215697175281051)1:0.3212047644904253)1:2.680182385337605)1:0.951881676976858)1:3.600150557615282,((39,(195,113)1:3.0693024667219118)1:3.1053713434870422,(((32,124)1:0.8078504365301145,((177,182)1:2.0065086375530736,((162,50)1:1.2133405543295348,(111,(152,9)1:0.61422985526818)1:0.17001004306736592)1:3.165760628118234)1:0.6318088216239959)1:0.84890866338552,(((46,(161,142)1:0.7256373479843998)1:4.513704458649087,(((183,156)1:1.6911053158346392,(190,(197,(22,123)0.96:0.052835206552128935)1:1.4187845285443441)1:0.8714806961759454)1:2.6827746237393515,((83,(144,(1,118)1:0.3048212200216039)1:1.0000134009362767)1:1.5759306050870394,((138,(107,150)1:1.5615029588637155)1:1.0867677054513882,(19,(13,117)1:2.254289506147729)1:0.11375050637504211)1:0.2515926106662823)1:1.665870963687486)1:0.13630562227447188)1:1.178338836461692,((8,((31,18)1:2.5709665012815592,(70,14)1:0.11921299029675707)1:0.25276300902734194)1:0.8078193814104367,(((122,90)1:3.4398261161093786,((173,(165,60)1:2.815041729586475)1:0.7118198847138341,(184,(25,109)1:0.7961794064581804)1:2.9014915265979013)1:0.11169710764908446)1:0.6837472883198562,((35,200)1:2.570911149624434,((143,134)1:2.5508752207845946,(160,140)1:2.1208823983251928)1:0.08380644164928767)1:1.152579013885108)1:0.6861504395115803)1:1.9288325217629814)1:0.1453775837038803)1:0.7134575759665298)0.67:0.022675002775034918)1:0.9215164514362072)1:0.351157118046718)0.47:0.009823757230786318)1:0.0915167206695245)1:0.3411822926255645)1:0.6803287236519038)1:0.6220700736168406)1:2.219072977924645));
Weight calculation took 138.116096236 secs
ASTRAL finished in 194.331 secs
