
================== ASTRAL ===================== 

This is ASTRAL version 5.7.8
Gene trees are treated as unrooted
50 trees read from Dataset/AstralII_data/model.200.2000000.0.000001/33/estimatedgenetre.halfresolved_50
index0
All output trees will be *arbitrarily* rooted at 29

======== Running the main analysis
Number of taxa: 201 (201 species)
Taxa: [29, 56, 104, 24, 133, 41, 79, 139, 6, 105, 148, 129, 136, 45, 98, 180, 188, 135, 99, 147, 82, 86, 193, 198, 186, 131, 63, 2, 47, 110, 89, 87, 103, 77, 108, 163, 155, 171, 38, 40, 75, 95, 149, 128, 91, 141, 3, 36, 94, 49, 100, 164, 17, 130, 192, 0, 175, 7, 66, 58, 169, 176, 37, 43, 151, 157, 127, 78, 189, 4, 146, 112, 68, 125, 97, 11, 48, 96, 114, 76, 120, 33, 85, 115, 168, 137, 88, 34, 116, 145, 154, 170, 191, 61, 93, 74, 21, 179, 54, 196, 83, 144, 1, 118, 13, 117, 107, 150, 138, 19, 161, 142, 46, 190, 22, 197, 123, 183, 156, 39, 195, 113, 177, 182, 162, 111, 50, 152, 9, 32, 124, 143, 134, 160, 140, 35, 200, 122, 90, 173, 165, 60, 184, 25, 109, 70, 8, 14, 31, 18, 153, 5, 30, 42, 67, 159, 80, 119, 166, 26, 121, 27, 72, 194, 55, 92, 52, 20, 102, 65, 28, 44, 181, 167, 187, 15, 57, 132, 178, 10, 101, 51, 71, 64, 62, 106, 126, 12, 16, 53, 199, 172, 81, 73, 84, 185, 69, 174, 59, 23, 158]
Taxon occupancy: {110=50, 111=50, 112=50, 113=50, 114=50, 115=50, 116=50, 117=50, 118=50, 119=50, 10=50, 11=50, 12=50, 13=50, 14=50, 15=50, 16=50, 17=50, 18=50, 19=50, 120=50, 0=50, 121=50, 1=50, 122=50, 2=50, 123=50, 3=50, 124=50, 4=50, 125=50, 5=50, 126=50, 6=50, 127=50, 128=50, 7=50, 129=50, 8=50, 9=50, 20=50, 21=50, 22=50, 23=50, 24=50, 25=50, 26=50, 27=50, 28=50, 29=50, 130=50, 131=50, 132=50, 133=50, 134=50, 135=50, 136=50, 137=50, 138=50, 139=50, 30=50, 31=50, 32=50, 33=50, 34=50, 35=50, 36=50, 37=50, 38=50, 39=50, 140=50, 141=50, 142=50, 143=50, 144=50, 145=50, 146=50, 147=50, 148=50, 149=50, 40=50, 41=50, 42=50, 43=50, 44=50, 45=50, 46=50, 47=50, 48=50, 49=50, 150=50, 151=50, 152=50, 153=50, 154=50, 155=50, 156=50, 157=50, 158=50, 159=50, 50=50, 51=50, 52=50, 53=50, 54=50, 55=50, 56=50, 57=50, 58=50, 59=50, 160=50, 161=50, 162=50, 163=50, 164=50, 165=50, 166=50, 167=50, 168=50, 169=50, 60=50, 61=50, 62=50, 63=50, 64=50, 65=50, 66=50, 67=50, 68=50, 69=50, 170=50, 171=50, 172=50, 173=50, 174=50, 175=50, 176=50, 177=50, 178=50, 179=50, 70=50, 71=50, 72=50, 73=50, 74=50, 75=50, 76=50, 77=50, 78=50, 79=50, 180=50, 181=50, 182=50, 183=50, 184=50, 185=50, 186=50, 187=50, 188=50, 189=50, 80=50, 81=50, 82=50, 83=50, 84=50, 85=50, 86=50, 87=50, 88=50, 89=50, 190=50, 191=50, 192=50, 193=50, 194=50, 195=50, 196=50, 197=50, 198=50, 199=50, 90=50, 91=50, 92=50, 93=50, 94=50, 95=50, 96=50, 97=50, 98=50, 99=50, 200=50, 100=50, 101=50, 102=50, 103=50, 104=50, 105=50, 106=50, 107=50, 108=50, 109=50}
Number of gene trees: 50
0 trees have missing taxa
Calculating quartet distance matrix (for completion of X)
Species tree distances calculated ...
Building set of clusters (X) from gene trees 
------------------------------
gradient0: 4133
Number of Clusters after addition by distance: 4133
calculating extra bipartitions to be added at level 1 ...
Adding to X using resolutions of greedy consensus ...
Limit for sigma of degrees:5075
polytomy size limit : 15
discarded polytomies:  [3, 3, 3, 3, 3, 3, 3, 3, 3, 3, 3, 3, 4, 4, 5, 5, 6, 12, 15]
Threshold 0.0:
Threshold 0.01:
Threshold 0.02:
Threshold 0.05:
polytomy of size 3; rounds with additions with at least 5 support: 0; clusters: 4133
Threshold 0.1:
polytomy of size 3; rounds with additions with at least 5 support: 0; clusters: 4133
polytomy of size 6; rounds with additions with at least 5 support: 1; clusters: 4139
Threshold 0.2:
polytomy of size 5; rounds with additions with at least 5 support: 0; clusters: 4141
polytomy of size 3; rounds with additions with at least 5 support: 0; clusters: 4141
polytomy of size 12; rounds with additions with at least 5 support: 0; clusters: 4143
Threshold 0.3333333333333333:
polytomy of size 3; rounds with additions with at least 5 support: 0; clusters: 4143
polytomy of size 3; rounds with additions with at least 5 support: 0; clusters: 4143
polytomy of size 5; rounds with additions with at least 5 support: 0; clusters: 4143
polytomy of size 3; rounds with additions with at least 5 support: 0; clusters: 4143
polytomy of size 3; rounds with additions with at least 5 support: 0; clusters: 4143
polytomy of size 3; rounds with additions with at least 5 support: 0; clusters: 4143
polytomy of size 3; rounds with additions with at least 5 support: 0; clusters: 4143
polytomy of size 3; rounds with additions with at least 5 support: 0; clusters: 4143
polytomy of size 4; rounds with additions with at least 5 support: 0; clusters: 4143
polytomy of size 3; rounds with additions with at least 5 support: 0; clusters: 4143
polytomy of size 3; rounds with additions with at least 5 support: 0; clusters: 4143
polytomy of size 15; rounds with additions with at least 5 support: 0; clusters: 4143
polytomy of size 4; rounds with additions with at least 5 support: 0; clusters: 4143
max k is :2
Number of Clusters after addition by greedy: 4143
gradient0 in heuristiic: 4143
partitions formed in 6.825 secs
Dynamic Programming starting after 6.825 secs
Using tree-based weight calculation.
Using polytree-based weight calculation.
Polytree max score: 3299917500
Polytree building time: 0.158 seconds.
Number of quartet trees in the gene trees: 3299917500
Size of largest cluster: 201
Greedy score: 2355310124
estimationFactor: 1.401054352195363
Sub-optimal score: 2416303239
Total Number of elements weighted: 6433
Normalized score (portion of input quartet trees satisfied before correcting for multiple individuals): 0.7585166332188608
Optimization score: 2503042312
Optimal tree inferred in 9.808 secs.
(140,(160,((143,134),((35,200),(((122,90),((173,(165,60)),(184,(25,109)))),((8,(70,(14,(31,18)))),((((46,(161,142)),((183,156),(190,(197,(22,123))))),((83,(144,(1,118))),((19,(13,117)),(138,(107,150))))),(((32,124),((177,182),((162,50),(111,(152,9))))),(((145,(154,(170,191))),((93,74),(61,(21,(179,(54,196)))))),((39,(195,113)),((((168,(137,(88,(34,116)))),((5,(153,(30,42))),((67,159),(80,119)))),((125,(146,(112,68))),((97,(11,(48,96))),(114,(76,(120,(115,(33,85)))))))),((((((149,128),(91,141)),(171,(38,(40,(75,95))))),((17,130),(192,(155,((100,164),((94,49),(3,36))))))),((166,(26,(194,(55,(121,(27,(72,92))))))),(((43,151),(37,157)),((176,(66,(58,169))),(127,(78,(189,4))))))),(0,(((53,(199,(81,(73,(172,84))))),(((185,69),(174,(158,(59,23)))),((52,(187,15)),((57,132),(20,((181,167),(102,(65,(28,44))))))))),((16,(178,((10,(101,(51,71))),((64,62),(106,(126,12)))))),(((175,7),(29,((56,(104,(24,133))),(6,(136,(41,(105,(139,(148,(79,129)))))))))),(((188,(98,180)),(45,(135,99))),(((198,186),(147,(82,(86,193)))),((89,(87,(103,77))),((2,(47,110)),((131,63),(108,163))))))))))))))))))))));
Final quartet score is: 2503042312
Final normalized quartet score is: 0.7585166332188608
Extended species tree:
(29,(((56,(104,(24,133)1:0.6359887667199969)1:1.7346010553881062)1:1.9158649706239252,(6,(136,(41,(105,(139,(148,(79,129)1:0.39086630868701183)1:0.7233078360197466)0.99:0.3212525120015946)0.98:0.2878831987597799)0.47:0.04207986029675705)1:0.4583075894825443)1:1.4923912447379661)1:0.4410160923724832,((175,7)1:3.5263605246161593,((((188,(98,180)1:0.8880249561293123)0.95:0.23052365861183224,(45,(135,99)1:1.9209712007080613)0.59:0.07109592168373022)1:3.5263605246161593,(((198,186)0.51:0.04701572132518401,(147,(82,(86,193)1:2.14006616349627)1:2.4294417164543853)0.96:0.2488288321531601)1:0.877610065795243,((89,(87,(103,77)1:1.2237754316221159)1:2.4243698543564243)1:0.4917570302447055,((2,(47,110)1:2.1476707628814906)1:0.4904043735225494,((131,63)1:3.5263605246161593,(108,163)1:1.731222673796479)0.71:0.10618627257833176)0.48:0.04077765210814128)0.49:0.04219431761108088)1:2.1591872049430476)1:1.1065469691631504,((16,(178,((10,(101,(51,71)1:0.5306282510621702)1:0.9236708391717778)1:3.015534900850171,((64,62)1:3.5263605246161593,(106,(126,12)1:2.8332133440562166)1:1.128465251817791)1:1.3674774174510158)0.88:0.179971379449001)1:2.112667189308157)1:1.2127046678288782,(((53,(199,(81,(73,(172,84)1:0.39086630868701183)1:1.446601774369035)0.58:0.07109592168373022)1:3.5263605246161593)1:1.6314086133513737,(((185,69)1:3.5263605246161593,(174,(158,(59,23)1:0.7537718023763802)1:2.6100697927420056)1:0.9614111671546247)1:3.202457188730064,((52,(187,15)1:1.7346010553881062)1:1.9623849862588179,((57,132)1:2.100494950877667,(20,((181,167)1:2.4277482359480516,(102,(65,(28,44)1:0.34830669426821587)1:2.6100697927420056)1:0.7129498078561252)1:1.5093977711108866)1:0.9628143948079495)0.97:0.2563577079256326)1:0.9754270113057186)0.98:0.2675640529391208)0.98:0.275626341618101,(0,((((((149,128)0.99:0.3276874070654803,(91,141)1:1.9169226121820613)1:3.120895416507997,(171,(38,(40,(75,95)1:1.4469189829363254)1:1.5819017546254952)0.83:0.15906469462968728)1:3.5263605246161593)1:1.2549146028682903,((17,130)1:3.5263605246161593,(192,(155,((100,164)1:3.5263605246161593,((94,49)1:2.14006616349627,(3,36)1:2.14006616349627)1:2.022283127839887)1:2.4485823228508954)0.56:0.06468076431267857)0.46:0.035558107557844616)0.69:0.12442318480034675)1:0.45481988334704065,((166,(26,(194,(55,(121,(27,(72,92)0.95:0.23052365861183224)1:0.7228463330502446)0.79:0.1365084372461197)1:0.8696036179015019)1:1.87690919189254)1:2.14006616349627)1:2.2042364283232914,(((43,151)1:1.5804503755608483,(37,157)1:2.14006616349627)1:1.0519251746954568,((176,(66,(58,169)1:1.328574937447556)0.55:0.060624621816434854)1:2.011973758181027,(127,(78,(189,4)0.66:0.09237332013101504)1:2.14006616349627)1:1.2953623382861135)0.48:0.06846779927746072)1:3.4492971764565667)1:0.5887804505972483)0.47:0.05857084908507988,((((168,(137,(88,(34,116)1:1.0414538748281608)1:3.5263605246161593)1:2.14006616349627)1:1.2606160008431855,((5,(153,(30,42)1:2.8332133440562166)1:0.6359887667199969)1:2.8332133440562166,((67,159)1:1.4469189829363254,(80,119)1:1.9169226121820613)1:1.7346010553881062)0.99:0.31309615925961787)0.99:0.34108733228583576,((125,(146,(112,68)1:0.39108591997591474)0.93:0.23052365861183224)1:3.5263605246161593,((97,(11,(48,96)1:1.5804503755608483)1:2.4277482359480516)1:0.5474353693785513,(114,(76,(120,(115,(33,85)0.88:0.19415601444095737)1:1.084013489246957)1:0.3766962540363812)1:1.1059923959657323)1:2.0677455019166455)1:1.128465251817791)1:1.3972240031928378)0.79:0.14134668040477427,((39,(195,113)1:3.5263605246161593)1:3.5263605246161593,(((145,(154,(170,191)0.69:0.12516314295400605)1:2.2735975561207935)1:1.489478597355122,((93,74)1:3.5263605246161593,(61,(21,(179,(54,196)0.97:0.2672932069824722)0.61:0.07645355571544249)1:0.40546510810816444)1:2.2046046846338423)1:0.8351174418303327)1:2.8332133440562166,(((32,124)1:0.5890742582005845,((177,182)1:1.9158922153881648,((162,50)1:1.4469189829363254,(111,(152,9)1:0.816292159357714)0.87:0.17645643734155653)1:2.322387720290224)1:0.7677360375510177)1:0.7509082967603676,((((46,(161,142)1:0.9614111671546247)1:3.5263605246161593,((183,156)1:1.3573068242466386,(190,(197,(22,123)0.75:0.12516314295400605)1:1.65455834771457)1:1.0414538748281608)1:1.8582606995334763)0.82:0.1928225240288217,((83,(144,(1,118)0.98:0.26845825565794196)1:0.7855205006909604)1:1.460462877513702,((19,(13,117)1:1.906872276328559)0.67:0.09726533270632888,(138,(107,150)1:1.5804503755608483)1:1.0135006537088573)0.97:0.2524314670889662)1:1.5514686529960282)1:1.0521858646172255,((8,(70,(14,(31,18)1:2.1425946098496302)0.47:0.04473003902331532)0.98:0.29309887775200566)1:0.5875766029330662,(((122,90)1:2.1812750348010965,((173,(165,60)1:3.5263605246161593)1:0.480617830487509,(184,(25,109)1:0.8873031950009027)1:2.4277482359480516)0.92:0.21901209955828457)1:0.625889412460074,((35,200)1:2.3437685153151757,((143,134)1:2.4277482359480516,(160,140)1:1.5797254752029002)0.61:0.12499221739167211)1:0.7551932667237578)1:0.6346008414451484)1:1.4595275441566316)0.49:0.04099807935877023)1:0.7675558948271679)0.88:0.17991640896157152)1:0.8523132096476053)0.99:0.3297507439932958)0.58:0.07390045674528313)0.88:0.17663876200024983)0.66:0.11020811957164413)1:0.5679303219708303)1:0.7041998061652884)1:2.182625777915066));
Weight calculation took 1.795288962 secs
ASTRAL finished in 11.883 secs
