
================== ASTRAL ===================== 

This is ASTRAL version 5.7.8
Gene trees are treated as unrooted
200 trees read from Dataset/AstralII_data/model.200.2000000.0.000001/33/estimatedgenetre.halfresolved_200
index0
All output trees will be *arbitrarily* rooted at 29

======== Running the main analysis
Number of taxa: 201 (201 species)
Taxa: [29, 56, 104, 24, 133, 41, 79, 139, 6, 105, 148, 129, 136, 45, 98, 180, 188, 135, 99, 147, 82, 86, 193, 198, 186, 131, 63, 2, 47, 110, 89, 87, 103, 77, 108, 163, 155, 171, 38, 40, 75, 95, 149, 128, 91, 141, 3, 36, 94, 49, 100, 164, 17, 130, 192, 0, 175, 7, 66, 58, 169, 176, 37, 43, 151, 157, 127, 78, 189, 4, 146, 112, 68, 125, 97, 11, 48, 96, 114, 76, 120, 33, 85, 115, 168, 137, 88, 34, 116, 145, 154, 170, 191, 61, 93, 74, 21, 179, 54, 196, 83, 144, 1, 118, 13, 117, 107, 150, 138, 19, 161, 142, 46, 190, 22, 197, 123, 183, 156, 39, 195, 113, 177, 182, 162, 111, 50, 152, 9, 32, 124, 143, 134, 160, 140, 35, 200, 122, 90, 173, 165, 60, 184, 25, 109, 70, 8, 14, 31, 18, 153, 5, 30, 42, 67, 159, 80, 119, 166, 26, 121, 27, 72, 194, 55, 92, 52, 20, 102, 65, 28, 44, 181, 167, 187, 15, 57, 132, 178, 10, 101, 51, 71, 64, 62, 106, 126, 12, 16, 53, 199, 172, 81, 73, 84, 185, 69, 174, 59, 23, 158]
Taxon occupancy: {110=200, 111=200, 112=200, 113=200, 114=200, 115=200, 116=200, 117=200, 118=200, 119=200, 10=200, 11=200, 12=200, 13=200, 14=200, 15=200, 16=200, 17=200, 18=200, 19=200, 120=200, 0=200, 121=200, 1=200, 122=200, 2=200, 123=200, 3=200, 124=200, 4=200, 125=200, 5=200, 126=200, 6=200, 127=200, 128=200, 7=200, 129=200, 8=200, 9=200, 20=200, 21=200, 22=200, 23=200, 24=200, 25=200, 26=200, 27=200, 28=200, 29=200, 130=200, 131=200, 132=200, 133=200, 134=200, 135=200, 136=200, 137=200, 138=200, 139=200, 30=200, 31=200, 32=200, 33=200, 34=200, 35=200, 36=200, 37=200, 38=200, 39=200, 140=200, 141=200, 142=200, 143=200, 144=200, 145=200, 146=200, 147=200, 148=200, 149=200, 40=200, 41=200, 42=200, 43=200, 44=200, 45=200, 46=200, 47=200, 48=200, 49=200, 150=200, 151=200, 152=200, 153=200, 154=200, 155=200, 156=200, 157=200, 158=200, 159=200, 50=200, 51=200, 52=200, 53=200, 54=200, 55=200, 56=200, 57=200, 58=200, 59=200, 160=200, 161=200, 162=200, 163=200, 164=200, 165=200, 166=200, 167=200, 168=200, 169=200, 60=200, 61=200, 62=200, 63=200, 64=200, 65=200, 66=200, 67=200, 68=200, 69=200, 170=200, 171=200, 172=200, 173=200, 174=200, 175=200, 176=200, 177=200, 178=200, 179=200, 70=200, 71=200, 72=200, 73=200, 74=200, 75=200, 76=200, 77=200, 78=200, 79=200, 180=200, 181=200, 182=200, 183=200, 184=200, 185=200, 186=200, 187=200, 188=200, 189=200, 80=200, 81=200, 82=200, 83=200, 84=200, 85=200, 86=200, 87=200, 88=200, 89=200, 190=200, 191=200, 192=200, 193=200, 194=200, 195=200, 196=200, 197=200, 198=200, 199=200, 90=200, 91=200, 92=200, 93=200, 94=200, 95=200, 96=200, 97=200, 98=200, 99=200, 200=200, 100=200, 101=200, 102=200, 103=200, 104=200, 105=200, 106=200, 107=200, 108=200, 109=200}
Number of gene trees: 200
0 trees have missing taxa
Calculating quartet distance matrix (for completion of X)
Species tree distances calculated ...
Building set of clusters (X) from gene trees 
------------------------------
gradient0: 9511
Number of Clusters after addition by distance: 9511
calculating extra bipartitions to be added at level 1 ...
Adding to X using resolutions of greedy consensus ...
Limit for sigma of degrees:5075
polytomy size limit : 15
discarded polytomies:  [3, 3, 3, 3, 3, 3, 3, 3, 4, 4, 4, 4, 4, 4, 5, 6, 7, 12, 15]
Threshold 0.0:
Threshold 0.01:
Threshold 0.02:
Threshold 0.05:
polytomy of size 4; rounds with additions with at least 5 support: 0; clusters: 9511
Threshold 0.1:
polytomy of size 4; rounds with additions with at least 5 support: 0; clusters: 9511
polytomy of size 7; rounds with additions with at least 5 support: 0; clusters: 9511
Threshold 0.2:
polytomy of size 5; rounds with additions with at least 5 support: 0; clusters: 9511
polytomy of size 12; rounds with additions with at least 5 support: 0; clusters: 9511
Threshold 0.3333333333333333:
polytomy of size 4; rounds with additions with at least 5 support: 0; clusters: 9511
polytomy of size 3; rounds with additions with at least 5 support: 0; clusters: 9511
polytomy of size 6; rounds with additions with at least 5 support: 0; clusters: 9511
polytomy of size 3; rounds with additions with at least 5 support: 0; clusters: 9511
polytomy of size 4; rounds with additions with at least 5 support: 0; clusters: 9511
polytomy of size 3; rounds with additions with at least 5 support: 0; clusters: 9511
polytomy of size 3; rounds with additions with at least 5 support: 0; clusters: 9511
polytomy of size 4; rounds with additions with at least 5 support: 0; clusters: 9511
polytomy of size 3; rounds with additions with at least 5 support: 0; clusters: 9511
polytomy of size 3; rounds with additions with at least 5 support: 0; clusters: 9511
polytomy of size 3; rounds with additions with at least 5 support: 0; clusters: 9511
polytomy of size 3; rounds with additions with at least 5 support: 0; clusters: 9511
polytomy of size 15; rounds with additions with at least 5 support: 0; clusters: 9511
polytomy of size 4; rounds with additions with at least 5 support: 0; clusters: 9511
max k is :0
Number of Clusters after addition by greedy: 9511
gradient0 in heuristiic: 9511
partitions formed in 5.748 secs
Dynamic Programming starting after 5.748 secs
Using tree-based weight calculation.
Using polytree-based weight calculation.
Polytree max score: 13199670000
Polytree building time: 0.263 seconds.
Number of quartet trees in the gene trees: 13199670000
Size of largest cluster: 201
Greedy score: 9246678428
estimationFactor: 1.42750395212511
Sub-optimal score: 9484848418
Total Number of elements weighted: 22108
Normalized score (portion of input quartet trees satisfied before correcting for multiple individuals): 0.7496488659186177
Optimization score: 9895117646
Optimal tree inferred in 13.934 secs.
(140,(160,((143,134),((35,200),(((122,90),((173,(165,60)),(184,(25,109)))),((8,((31,18),(70,14))),(((46,(161,142)),(((183,156),(190,(123,(22,197)))),((83,(144,(1,118))),((19,(13,117)),(138,(107,150)))))),(((32,124),((177,182),((162,50),(111,(152,9))))),(((145,(154,(170,191))),((93,74),(61,(179,(21,(54,196)))))),((39,(195,113)),((((168,(137,(88,(34,116)))),((5,(153,(30,42))),((67,159),(80,119)))),((125,(146,(112,68))),((97,(11,(48,96))),(114,(76,(120,(115,(33,85)))))))),(((166,(26,(194,(55,(121,(27,(72,92))))))),(((43,151),(37,157)),((176,(66,(58,169))),(127,(78,(189,4)))))),(((((91,141),(149,128)),(171,(38,(40,(75,95))))),((192,(155,(17,130))),((100,164),((94,49),(3,36))))),(0,(((53,((199,81),(73,(172,84)))),(((185,69),(174,(158,(59,23)))),((52,(187,15)),((57,132),(20,((181,167),(102,(65,(28,44))))))))),((16,((10,(101,(51,71))),(178,((64,62),(106,(126,12)))))),(((175,7),(29,((56,(104,(24,133))),(6,((41,136),(105,(139,(148,(79,129))))))))),(((135,99),(45,(188,(98,180)))),(((89,(87,(103,77))),((131,63),(108,163))),((2,(47,110)),(198,(186,(147,(82,(86,193)))))))))))))))))))))))));
Final quartet score is: 9895117646
Final normalized quartet score is: 0.7496488659186177
Extended species tree:
(29,(((56,(104,(24,133)1:0.621173680934856)1:2.064626455894696)1:1.8299817076361562,(6,((41,136)0.95:0.11869898047124806,(105,(139,(148,(79,129)1:0.27301554196662364)1:0.6285328989768667)1:0.3166800613216261)1:0.38954674243972276)1:0.5320649798246958)1:1.3843502001734616)1:0.514641976386567,((175,7)1:4.897839799950916,((((135,99)1:2.276800975838331,(45,(188,(98,180)1:0.8898640296685604)0.99:0.1447748649189535)0.71:0.05628083589858958)1:4.547746281092938,(((89,(87,(103,77)1:1.5305439699644372)1:3.2863734892554177)1:0.3089762866966025,((131,63)1:4.204692619390971,(108,163)1:1.6337091803606762)0.78:0.06792630667140077)0.71:0.059785013749823,((2,(47,110)1:2.5045464680859104)1:0.4159560468171623,(198,(186,(147,(82,(86,193)1:1.8533173622274888)1:2.4146266306692454)1:0.28912149422220523)0.58:0.0448884859691846)1:0.8614505376255804)0.52:0.028490757547341414)1:2.2163032088567385)1:0.8827234445621562,((16,((10,(101,(51,71)1:0.7234525300552743)1:1.0801274739940065)1:2.664247578443817,(178,((64,62)1:3.7975282755298436,(106,(126,12)1:2.064626455894696)1:1.234801577020862)1:1.5043644643826661)0.49:0.028384119317435126)1:2.15699977602571)1:1.2708108854214364,(((53,((199,81)0.96:0.11871630683938185,(73,(172,84)1:0.4092034302187715)1:1.2937015742920654)1:4.897839799950916)1:1.5245550558014849,(((185,69)1:3.7191848036092683,(174,(158,(59,23)1:0.6351599229095962)1:1.8297868648172941)1:1.2824274977188477)1:3.1639622463428325,((52,(187,15)1:2.007468042054746)1:2.9841905131138207,((57,132)1:1.9754545701813626,(20,((181,167)1:3.106080330722857,(102,(65,(28,44)1:0.6637332953536519)1:2.5952547069568657)1:0.4630625998915009)1:1.447116148086821)1:1.1601391801639676)1:0.20892888584131308)1:1.083757023683735)1:0.2540972288968153)1:0.2854386985598113,(0,(((((91,141)1:2.2236911505243833,(149,128)1:0.35454501768090746)1:3.288401887516811,(171,(38,(40,(75,95)1:1.9021075263969205)1:1.8771673277691372)0.97:0.12433429914360536)1:4.204692619390971)1:1.2139832416817633,((192,(155,(17,130)1:4.897839799950916)1:0.19657524702049284)0.93:0.10653528461590017,((100,164)1:4.204692619390971,((94,49)1:2.332890442489374,(3,36)1:2.455492764581707)1:2.2236911505243833)1:2.581346638485531)0.75:0.06371392605626916)1:0.5817650415318093,(((166,(26,(194,(55,(121,(27,(72,92)1:0.42056037922254147)1:0.7949028169090279)0.46:0.030488516452521867)1:0.7747458244428247)1:2.1003070509145325)1:2.1148882906755846)1:2.5336555844948525,(((43,151)1:1.8533173622274888,(37,157)1:2.4999445271525413)1:1.5134495366051368,((176,(66,(58,169)1:1.7616870393815642)0.85:0.08159864388287942)1:2.3617675985340005,(127,(78,(189,4)1:0.3980301296206464)1:1.9800690678666326)1:1.3795888752834107)0.93:0.11191177914504823)1:3.7701873580616305)1:0.5211213494335404,((((168,(137,(88,(34,116)1:0.8905066147184405)1:2.882936779408647)1:2.738355550597541)1:1.1972932989483027,((5,(153,(30,42)1:2.8183982582710745)1:0.5937747067467416)1:3.598556815820643,((67,159)1:1.8774149138065486,(80,119)1:2.8183982582710745)1:2.9332306642731365)1:0.31524704491515915)1:0.26781901793755425,((125,(146,(112,68)1:0.34401607297464204)1:0.3387135524642268)1:4.715518243156965,((97,(11,(48,96)1:2.332890442489374)1:2.8183982582710745)1:0.45218515342254617,(114,(76,(120,(115,(33,85)1:0.2064455838864761)1:0.9959696839606043)1:0.6028941179708516)1:0.9611241819323939)1:2.570562094366494)1:1.0500463913087)1:1.4556931109182185)1:0.19427015567025557,((39,(195,113)1:3.106080330722857)1:3.146842461134619,(((145,(154,(170,191)0.54:0.038027395589239135)1:2.455492764581707)1:1.275405445245129,((93,74)1:3.288401887516811,(61,(179,(21,(54,196)1:0.31261467564471945)0.75:0.06135647907299351)1:0.28934182387014523)1:2.4999445271525413)1:0.9228419953613767)1:3.5055693254276887,(((32,124)1:0.7429639909532957,((177,182)1:2.007181714207407,((162,50)1:1.2428618975126569,(111,(152,9)1:0.6919418165447876)1:0.20649191772176764)1:3.287714838365771)1:0.5747700704333636)1:0.7626746102634884,(((46,(161,142)1:0.7234525300552743)1:4.897839799950916,(((183,156)1:1.5134495366051368,(190,(123,(22,197)0.54:0.037949096250828714)1:1.2735665511601622)1:0.6906627072322831)1:2.649682353532901,((83,(144,(1,118)1:0.2534489008095387)1:0.8996390982817128)1:1.7035690406037503,((19,(13,117)1:2.1236740390622506)1:0.19487611765648039,(138,(107,150)1:1.5659961052225226)1:1.0838349109845589)1:0.35115166289159744)1:1.529793500886063)1:0.17115241125339295)1:1.2309528186435366,((8,((31,18)1:2.6473498188402713,(70,14)0.93:0.10142017844590344)1:0.23640020060890682)1:0.7367270612639705,(((122,90)1:3.133363370993173,((173,(165,60)1:2.8183982582710745)1:0.6749316485622607,(184,(25,109)1:0.6493445579015524)1:2.798511840283989)1:0.18914497939505312)1:0.6469389146098181,((35,200)1:2.1879110225981746,((143,134)1:2.2573331947196618,(160,140)1:1.806335985569417)0.91:0.10200687339169225)1:0.9241137987141963)1:0.7333812001117619)1:1.7529118050711723)0.92:0.10058659366416803)1:0.6403828052962673)0.96:0.11753471409685921)1:0.9812380683446716)1:0.26506662471631387)0.56:0.03445833435245754)0.97:0.11981745724239463)1:0.2458079806453979)0.78:0.06728951803229831)1:0.6690180054529951)1:0.6130640260494415)1:2.046113452785147));
Weight calculation took 7.010008486 secs
ASTRAL finished in 16.094 secs
