
================== ASTRAL ===================== 

This is ASTRAL version 5.7.8
Gene trees are treated as unrooted
200 trees read from Dataset/AstralII_data/model.200.500000.0.000001/25/estimatedgenetre.halfresolved_200
index0
All output trees will be *arbitrarily* rooted at 193

======== Running the main analysis
Number of taxa: 201 (201 species)
Taxa: [193, 191, 95, 148, 103, 146, 190, 6, 9, 1, 61, 164, 4, 8, 2, 128, 13, 157, 114, 87, 12, 101, 137, 86, 144, 107, 138, 125, 64, 195, 198, 24, 71, 31, 154, 186, 58, 45, 65, 140, 80, 123, 175, 30, 141, 83, 132, 182, 153, 73, 37, 166, 44, 151, 11, 189, 72, 199, 173, 25, 133, 179, 145, 112, 139, 94, 147, 0, 48, 54, 19, 180, 26, 124, 14, 200, 169, 56, 79, 142, 60, 92, 32, 90, 117, 188, 41, 183, 119, 35, 10, 49, 29, 181, 155, 127, 66, 167, 57, 100, 46, 97, 176, 70, 192, 67, 21, 89, 82, 102, 39, 143, 63, 113, 196, 22, 23, 129, 149, 116, 74, 59, 38, 136, 18, 106, 158, 160, 47, 168, 177, 111, 134, 121, 75, 150, 16, 165, 15, 81, 17, 55, 163, 130, 77, 105, 104, 78, 69, 178, 109, 115, 159, 170, 7, 68, 33, 131, 53, 185, 5, 20, 28, 84, 51, 126, 135, 34, 174, 76, 98, 93, 43, 42, 184, 172, 171, 96, 36, 194, 152, 62, 197, 187, 110, 85, 50, 108, 120, 161, 122, 27, 99, 156, 52, 40, 91, 88, 3, 118, 162]
Taxon occupancy: {110=200, 111=200, 112=200, 113=200, 114=200, 115=200, 116=200, 117=200, 118=200, 119=200, 10=200, 11=200, 12=200, 13=200, 14=200, 15=200, 16=200, 17=200, 18=200, 19=200, 120=200, 0=200, 121=200, 1=200, 122=200, 2=200, 123=200, 124=200, 3=200, 4=200, 125=200, 5=200, 126=200, 6=200, 127=200, 128=200, 7=200, 8=200, 129=200, 9=200, 20=200, 21=200, 22=200, 23=200, 24=200, 25=200, 26=200, 27=200, 28=200, 29=200, 130=200, 131=200, 132=200, 133=200, 134=200, 135=200, 136=200, 137=200, 138=200, 139=200, 30=200, 31=200, 32=200, 33=200, 34=200, 35=200, 36=200, 37=200, 38=200, 39=200, 140=200, 141=200, 142=200, 143=200, 144=200, 145=200, 146=200, 147=200, 148=200, 149=200, 40=200, 41=200, 42=200, 43=200, 44=200, 45=200, 46=200, 47=200, 48=200, 49=200, 150=200, 151=200, 152=200, 153=200, 154=200, 155=200, 156=200, 157=200, 158=200, 159=200, 50=200, 51=200, 52=200, 53=200, 54=200, 55=200, 56=200, 57=200, 58=200, 59=200, 160=200, 161=200, 162=200, 163=200, 164=200, 165=200, 166=200, 167=200, 168=200, 169=200, 60=200, 61=200, 62=200, 63=200, 64=200, 65=200, 66=200, 67=200, 68=200, 69=200, 170=200, 171=200, 172=200, 173=200, 174=200, 175=200, 176=200, 177=200, 178=200, 179=200, 70=200, 71=200, 72=200, 73=200, 74=200, 75=200, 76=200, 77=200, 78=200, 79=200, 180=200, 181=200, 182=200, 183=200, 184=200, 185=200, 186=200, 187=200, 188=200, 189=200, 80=200, 81=200, 82=200, 83=200, 84=200, 85=200, 86=200, 87=200, 88=200, 89=200, 190=200, 191=200, 192=200, 193=200, 194=200, 195=200, 196=200, 197=200, 198=200, 199=200, 90=200, 91=200, 92=200, 93=200, 94=200, 95=200, 96=200, 97=200, 98=200, 99=200, 200=200, 100=200, 101=200, 102=200, 103=200, 104=200, 105=200, 106=200, 107=200, 108=200, 109=200}
Number of gene trees: 200
0 trees have missing taxa
Calculating quartet distance matrix (for completion of X)
Species tree distances calculated ...
Building set of clusters (X) from gene trees 
------------------------------
gradient0: 38197
Number of Clusters after addition by distance: 38197
calculating extra bipartitions to be added at level 1 ...
Adding to X using resolutions of greedy consensus ...
Limit for sigma of degrees:5075
polytomy size limit : 58
discarded polytomies: 85 123  [3, 3, 3, 3, 3, 3, 3, 4, 4, 4, 4, 4, 4, 5, 17, 28, 37, 48, 58, 85, 123]
Threshold 0.0:
polytomy of size 4; rounds with additions with at least 5 support: 1; clusters: 38215
polytomy of size 17; rounds with additions with at least 5 support: 10; clusters: 40101
Threshold 0.01:
polytomy of size 28; rounds with additions with at least 5 support: 8; clusters: 46117
Threshold 0.02:
polytomy of size 37; rounds with additions with at least 5 support: 8; clusters: 58837
polytomy of size 3; rounds with additions with at least 5 support: 0; clusters: 58837
Threshold 0.05:
polytomy of size 48; rounds with additions with at least 5 support: 3; clusters: 59049
Threshold 0.1:
polytomy of size 3; rounds with additions with at least 5 support: 0; clusters: 59049
polytomy of size 4; rounds with additions with at least 5 support: 0; clusters: 59049
polytomy of size 3; rounds with additions with at least 5 support: 0; clusters: 59049
polytomy of size 58; rounds with additions with at least 5 support: 0; clusters: 59189
Threshold 0.2:
polytomy of size 3; rounds with additions with at least 5 support: 0; clusters: 59189
polytomy of size 3; rounds with additions with at least 5 support: 0; clusters: 59189
polytomy of size 4; rounds with additions with at least 5 support: 0; clusters: 59189
polytomy of size 4; rounds with additions with at least 5 support: 0; clusters: 59189
polytomy of size 85; rounds with additions with at least 5 support: 1; clusters: 59305
Threshold 0.3333333333333333:
polytomy of size 5; rounds with additions with at least 5 support: 0; clusters: 59305
polytomy of size 3; rounds with additions with at least 5 support: 0; clusters: 59305
polytomy of size 4; rounds with additions with at least 5 support: 0; clusters: 59305
polytomy of size 3; rounds with additions with at least 5 support: 0; clusters: 59305
polytomy of size 123; rounds with additions with at least 5 support: 1; clusters: 59453
polytomy of size 4; rounds with additions with at least 5 support: 0; clusters: 59453
max k is :20
Number of Clusters after addition by greedy: 59453
gradient0 in heuristiic: 59453
partitions formed in 133.005 secs
Dynamic Programming starting after 133.006 secs
Using tree-based weight calculation.
Using polytree-based weight calculation.
Polytree max score: 13199668617
Polytree building time: 1.369 seconds.
Number of quartet trees in the gene trees: 13199668617
Size of largest cluster: 201
Greedy score: 6008030935
estimationFactor: 2.197004103308599
Sub-optimal score: 6538509185
Calculated 100000 weights; time (seconds): 246
Total Number of elements weighted: 175828
Normalized score (portion of input quartet trees satisfied before correcting for multiple individuals): 0.5108692238163633
Optimization score: 6743304461
Optimal tree inferred in 344.231 secs.
(135,(132,(182,(144,((80,((123,36),(178,(175,(30,(141,83)))))),(((126,(20,(28,84))),((45,((65,(140,104)),(43,((93,42),(76,(98,(34,174))))))),(((179,(25,133)),(173,(139,94))),((199,(172,(171,96))),(((77,105),((78,69),(147,(112,130)))),(153,((72,(189,145)),(73,((37,11),(151,(166,44))))))))))),(184,((119,51),(((143,63),(10,(35,49))),(((165,((192,162),(67,118))),((((107,21),((89,82),(122,(161,27)))),((108,120),(197,((185,5),(50,(187,110)))))),(((1,39),(102,(9,183))),((85,(194,(53,(62,(138,152))))),(64,(70,(125,((100,(97,176)),(167,(57,46)))))))))),(((((31,154),(195,186)),(115,(198,(58,(24,71))))),(((188,3),(52,(40,(91,88)))),((181,(29,155)),(156,(41,99))))),((117,(66,(116,(129,(149,74))))),(0,(((14,200),((((113,196),(38,(60,92))),((168,109),(32,((15,81),(158,(160,47)))))),((111,(177,(134,121))),(((59,136),(23,(18,106))),((150,16),(75,(90,(127,22)))))))),((((169,56),(79,(26,124))),((142,((157,114),(87,(12,101)))),((13,(61,2)),((128,(137,86)),(164,(4,8)))))),((146,((190,6),(103,(48,54)))),((19,180),((17,131),((55,163),((191,(148,(193,95))),(159,(7,(170,(68,33))))))))))))))))))))))));
Final quartet score is: 6743304461
Final normalized quartet score is: 0.5108692238163633
Extended species tree:
(193,(95,(148,(191,((159,(7,(170,(68,33)1:0.2726194435309849)1:0.7683747451124275)0.84:0.08355599629353998)0.72:0.057546027363252136,((55,163)1:0.3883049928374609,((17,131)1:1.0668254747226547,((19,180)1:1.7235495912615109,((146,((190,6)1:0.5530409676377044,(103,(48,54)1:1.437960661023519)0.76:0.06356427762143313)0.92:0.09995354977995169)1:0.18200717835533806,((((169,56)1:1.2542299288171173,(79,(26,124)1:0.9408820568157618)0.82:0.07404646838659654)1:0.48015808747060557,((142,((157,114)1:0.8401568698482971,(87,(12,101)0.93:0.10217448132822414)1:1.0551832780680648)1:0.4066521882222896)0.98:0.13295227550979083,((13,(61,2)1:0.25296339320180794)1:0.6545602690424922,((128,(137,86)1:0.33707546390537724)1:0.3009430609736205,(164,(4,8)1:0.27862725683978123)0.79:0.07224428358056702)1:0.1794373839247606)1:0.8545221957634112)0.58:0.0371734133339737)1:0.16491679490354638,(((14,200)1:1.4302259623269846,((((113,196)1:1.5360128025061384,(38,(60,92)1:0.20269965493344513)1:0.6642510276976004)0.53:0.029133947747402203,((168,109)1:0.5334659031699246,(32,((15,81)1:0.9625853451452355,(158,(160,47)1:0.19690040270678108)1:0.3011622068120944)0.95:0.11033381225607967)1:0.2128198304380063)0.78:0.06763777566317894)0.52:0.028735587700236046,((111,(177,(134,121)1:0.5947306644842743)0.99:0.1458262054748774)1:1.2649119670125772,(((59,136)1:0.18239770955643275,(23,(18,106)1:0.4974227051485268)1:0.44116666286521566)1:0.8012754809904978,((150,16)1:0.8001887443958341,(75,(90,(127,22)1:1.2772770390575796)0.85:0.08386183306385013)0.86:0.0878536757491798)1:0.16404150570827972)0.61:0.041744598410772105)0.42:0.012050655791237016)1:0.25747761721696455)0.37:0.004712443666437875,(0,((117,(66,(116,(129,(149,74)0.91:0.10300972881883723)0.71:0.057577428181718515)1:0.26004438664674345)1:1.5901081462944344)0.98:0.1327267979007403,(((((31,154)1:0.23891235256056734,(195,186)1:0.636948896158553)1:0.7405204385674229,(115,(198,(58,(24,71)1:0.32255624771301955)0.4:0.009458179837519985)1:0.3434259955857947)1:0.354926018887402)1:0.6984611642363202,(((188,3)0.99:0.14731575471341266,(52,(40,(91,88)1:0.325318032642434)1:0.6604648985475736)1:0.24038535774871583)1:0.3024327268926221,((181,(29,155)0.99:0.15947287328761103)1:0.3044221661322594,(156,(41,99)1:0.5299274564228261)1:0.4834473363796978)1:0.4368484589600888)0.46:0.01945916469662911)0.83:0.07692903726594616,(((165,((192,162)0.47:0.02084226139923071,(67,118)1:0.19807496466254304)1:0.6488526963779775)1:0.5307444029028202,((((107,21)0.87:0.08609137899403572,((89,82)1:0.6121910917907878,(122,(161,27)0.96:0.12028786619186636)1:0.39706687487863057)0.77:0.06686637252168534)1:0.222909116029497,((108,120)1:1.641604964594802,(197,((185,5)1:0.33705876253847755,(50,(187,110)1:0.5646506790522852)0.52:0.027542294269433384)1:0.4624344400750993)1:0.2809407394573357)0.99:0.1562721487591998)0.42:0.013408087563379023,(((1,39)1:0.23006216532983548,(102,(9,183)1:0.3875354480588786)1:0.2920320621401402)1:0.36432255806112274,((85,(194,(53,(62,(138,152)0.97:0.12245812598537723)1:0.666274592782325)0.96:0.11614715239034652)1:0.3441923543742008)0.48:0.024810867946175725,(64,(70,(125,((100,(97,176)0.91:0.0986324419963025)0.94:0.11836443310815194,(167,(57,46)0.98:0.1366097188863915)1:0.39341591023186206)0.92:0.09974675628598736)1:0.2897205987102508)1:0.24400700894911928)1:0.19763032454425639)1:0.23721864565615408)0.37:0.0038896704964470805)0.94:0.10467274986071248)0.38:0.006091229529535601,(((143,63)0.67:0.05654940042283043,(10,(35,49)1:1.1394625513400545)1:0.2688982817682755)1:0.6523976020585218,((119,51)1:0.19030334933103762,(184,(((126,(20,(28,84)0.87:0.08532701038554238)1:1.309397861187028)1:0.3130693741581457,((45,((65,(140,104)1:0.3981984939614766)1:1.2489801814945605,(43,((93,42)1:0.33741221136279553,(76,(98,(34,174)0.53:0.033379222073834716)0.52:0.027381085787531553)1:0.8613628019006214)1:0.2834787323859073)0.39:0.007370395706475312)0.49:0.02898176081673956)0.95:0.11364877234214935,(((179,(25,133)0.58:0.04833798238465289)1:0.4883414286634001,(173,(139,94)1:0.30384291456094525)1:0.24396085318795518)1:0.6692359633453956,((199,(172,(171,96)1:0.8358306183717471)1:0.6488370724808663)0.57:0.03903447224596816,(((77,105)1:0.30334494983666654,((78,69)1:0.699462133303828,(147,(112,130)1:0.16603696302945392)1:0.36824844752280317)1:0.21601487530078828)1:0.2799760625269828,(153,((72,(189,145)1:0.44120477722668944)1:0.35648617355513423,(73,((37,11)1:0.42154043382463763,(151,(166,44)1:0.2837198835533515)0.91:0.09552406365986062)0.4:0.01003160533687123)1:0.5711671419169598)1:0.28446600844459363)0.99:0.15656153177863152)0.72:0.061837126992954225)0.59:0.039946473377296524)0.44:0.016099364498235492)0.9:0.09144806274743933)0.43:0.017209992155175016,((80,((123,36)1:0.3423472852522739,(178,(175,(30,(141,83)1:0.33149444589145544)0.65:0.04918610586698057)1:0.20028578968529284)0.67:0.056197754705326584)0.96:0.12185616376460101)1:0.5221089246603807,(144,(182,(132,135)1:0.391374437946356)1:0.2284563360664278)1:0.5814133903283779)1:0.27394493291199196)0.61:0.040832216585667463)1:0.22068935388676023)0.75:0.0627888349811744)0.87:0.08516684421677803)0.4:0.010399234215245749)0.4:0.010510207112257265)0.97:0.12318181767536186)0.6:0.040568823797114975)0.49:0.023918066506694324)0.49:0.024904495654783695)0.94:0.10761319632373029)1:0.34163373021118404)0.49:0.023278811483290713)0.43:0.01538682181114093)1:1.106870798969517)0.45:0.01771412105588828)0.94:0.10531026313890833));
Weight calculation took 160.789962523 secs
ASTRAL finished in 350.649 secs
