
================== ASTRAL ===================== 

This is ASTRAL version 5.7.8
Gene trees are treated as unrooted
1000 trees read from Dataset/AstralII_data/model.200.500000.0.000001/25/estimatedgenetre.halfresolved
index0
All output trees will be *arbitrarily* rooted at 193

======== Running the main analysis
Number of taxa: 201 (201 species)
Taxa: [193, 191, 95, 148, 103, 146, 190, 6, 9, 1, 61, 164, 4, 8, 2, 128, 13, 157, 114, 87, 12, 101, 137, 86, 144, 107, 138, 125, 64, 195, 198, 24, 71, 31, 154, 186, 58, 45, 65, 140, 80, 123, 175, 30, 141, 83, 132, 182, 153, 73, 37, 166, 44, 151, 11, 189, 72, 199, 173, 25, 133, 179, 145, 112, 139, 94, 147, 0, 48, 54, 19, 180, 26, 124, 14, 200, 169, 56, 79, 142, 60, 92, 32, 90, 117, 188, 41, 183, 119, 35, 10, 49, 29, 181, 155, 127, 66, 167, 57, 100, 46, 97, 176, 70, 192, 67, 21, 89, 82, 102, 39, 143, 63, 113, 196, 22, 23, 129, 149, 116, 74, 59, 38, 136, 18, 106, 158, 160, 47, 168, 177, 111, 134, 121, 75, 150, 16, 165, 15, 81, 17, 55, 163, 130, 77, 105, 104, 78, 69, 178, 109, 115, 159, 170, 7, 68, 33, 131, 53, 185, 5, 20, 28, 84, 51, 126, 135, 34, 174, 76, 98, 93, 43, 42, 184, 172, 171, 96, 36, 194, 152, 62, 197, 187, 110, 85, 50, 108, 120, 161, 122, 27, 99, 156, 52, 40, 91, 88, 3, 118, 162]
Taxon occupancy: {110=1000, 111=1000, 112=1000, 113=1000, 114=1000, 115=1000, 116=1000, 117=1000, 118=1000, 119=1000, 10=1000, 11=1000, 12=1000, 13=1000, 14=1000, 15=1000, 16=1000, 17=1000, 18=1000, 19=1000, 120=1000, 0=1000, 121=1000, 1=1000, 122=1000, 2=1000, 123=1000, 124=1000, 3=1000, 4=1000, 125=1000, 5=1000, 126=1000, 6=1000, 127=1000, 128=1000, 7=1000, 8=1000, 129=1000, 9=1000, 20=1000, 21=1000, 22=1000, 23=1000, 24=1000, 25=1000, 26=1000, 27=1000, 28=1000, 29=1000, 130=1000, 131=1000, 132=1000, 133=1000, 134=1000, 135=1000, 136=1000, 137=1000, 138=1000, 139=1000, 30=1000, 31=1000, 32=1000, 33=1000, 34=1000, 35=1000, 36=1000, 37=1000, 38=1000, 39=1000, 140=1000, 141=1000, 142=1000, 143=1000, 144=1000, 145=1000, 146=1000, 147=1000, 148=1000, 149=1000, 40=1000, 41=1000, 42=1000, 43=1000, 44=1000, 45=1000, 46=1000, 47=1000, 48=1000, 49=1000, 150=1000, 151=1000, 152=1000, 153=1000, 154=1000, 155=1000, 156=1000, 157=1000, 158=1000, 159=1000, 50=1000, 51=1000, 52=1000, 53=1000, 54=1000, 55=1000, 56=1000, 57=1000, 58=1000, 59=1000, 160=1000, 161=1000, 162=1000, 163=1000, 164=1000, 165=1000, 166=1000, 167=1000, 168=1000, 169=1000, 60=1000, 61=1000, 62=1000, 63=1000, 64=1000, 65=1000, 66=1000, 67=1000, 68=1000, 69=1000, 170=1000, 171=1000, 172=1000, 173=1000, 174=1000, 175=1000, 176=1000, 177=1000, 178=1000, 179=1000, 70=1000, 71=1000, 72=1000, 73=1000, 74=1000, 75=1000, 76=1000, 77=1000, 78=1000, 79=1000, 180=1000, 181=1000, 182=1000, 183=1000, 184=1000, 185=1000, 186=1000, 187=1000, 188=1000, 189=1000, 80=1000, 81=1000, 82=1000, 83=1000, 84=1000, 85=1000, 86=1000, 87=1000, 88=1000, 89=1000, 190=1000, 191=1000, 192=1000, 193=1000, 194=1000, 195=1000, 196=1000, 197=1000, 198=1000, 199=1000, 90=1000, 91=1000, 92=1000, 93=1000, 94=1000, 95=1000, 96=1000, 97=1000, 98=1000, 99=1000, 200=1000, 100=1000, 101=1000, 102=1000, 103=1000, 104=1000, 105=1000, 106=1000, 107=1000, 108=1000, 109=1000}
Number of gene trees: 1000
0 trees have missing taxa
Calculating quartet distance matrix (for completion of X)
Species tree distances calculated ...
Building set of clusters (X) from gene trees 
------------------------------
gradient0: 158943
Number of Clusters after addition by distance: 158943
calculating extra bipartitions to be added at level 1 ...
Adding to X using resolutions of greedy consensus ...
Limit for sigma of degrees:5075
polytomy size limit : 61
discarded polytomies: 81 124  [3, 3, 3, 3, 3, 4, 4, 4, 4, 4, 4, 4, 4, 5, 11, 28, 38, 46, 61, 81, 124]
Threshold 0.0:
polytomy of size 4; rounds with additions with at least 5 support: 1; clusters: 158961
polytomy of size 11; rounds with additions with at least 5 support: 8; clusters: 159233
Threshold 0.01:
polytomy of size 28; rounds with additions with at least 5 support: 2; clusters: 162115
Threshold 0.02:
polytomy of size 38; rounds with additions with at least 5 support: 5; clusters: 168937
polytomy of size 3; rounds with additions with at least 5 support: 0; clusters: 168937
Threshold 0.05:
polytomy of size 46; rounds with additions with at least 5 support: 1; clusters: 168963
polytomy of size 4; rounds with additions with at least 5 support: 0; clusters: 168963
Threshold 0.1:
polytomy of size 4; rounds with additions with at least 5 support: 0; clusters: 168963
polytomy of size 3; rounds with additions with at least 5 support: 0; clusters: 168963
polytomy of size 61; rounds with additions with at least 5 support: 0; clusters: 169025
Threshold 0.2:
polytomy of size 3; rounds with additions with at least 5 support: 0; clusters: 169025
polytomy of size 4; rounds with additions with at least 5 support: 0; clusters: 169025
polytomy of size 3; rounds with additions with at least 5 support: 0; clusters: 169025
polytomy of size 4; rounds with additions with at least 5 support: 0; clusters: 169025
polytomy of size 81; rounds with additions with at least 5 support: 0; clusters: 169071
Threshold 0.3333333333333333:
polytomy of size 5; rounds with additions with at least 5 support: 0; clusters: 169071
polytomy of size 3; rounds with additions with at least 5 support: 0; clusters: 169071
polytomy of size 4; rounds with additions with at least 5 support: 0; clusters: 169071
polytomy of size 4; rounds with additions with at least 5 support: 0; clusters: 169071
polytomy of size 124; rounds with additions with at least 5 support: 0; clusters: 169071
polytomy of size 4; rounds with additions with at least 5 support: 0; clusters: 169071
max k is :16
Number of Clusters after addition by greedy: 169071
gradient0 in heuristiic: 169071
partitions formed in 235.484 secs
Dynamic Programming starting after 235.484 secs
Using tree-based weight calculation.
Using polytree-based weight calculation.
Polytree max score: 65998346835
Polytree building time: 3.226 seconds.
Number of quartet trees in the gene trees: 65998346835
Size of largest cluster: 201
Greedy score: 26377897409
estimationFactor: 2.5020321298422257
Sub-optimal score: 28679381405
Calculated 100000 weights; time (seconds): 648
Calculated 200000 weights; time (seconds): 405
Calculated 300000 weights; time (seconds): 441
Calculated 400000 weights; time (seconds): 453
Total Number of elements weighted: 458601
Normalized score (portion of input quartet trees satisfied before correcting for multiple individuals): 0.515639649279103
Optimization score: 34031364415
Optimal tree inferred in 2220.724 secs.
(135,(132,(182,(144,((80,((123,36),(178,(175,(30,(141,83)))))),((126,(20,(28,84))),(((45,(43,((65,(140,104)),((93,42),((34,174),(76,98)))))),(((179,(25,133)),(173,(139,94))),(((77,105),((78,69),(147,(112,130)))),((199,(172,(171,96))),(153,((72,(189,145)),((151,(166,44)),(73,(37,11))))))))),(184,((119,51),(((143,63),(10,(35,49))),(((((31,154),(195,186)),(115,(58,(198,(24,71))))),(((181,(29,155)),(156,(41,99))),((188,3),(52,(40,(91,88)))))),(((165,(162,(192,(67,118)))),(((85,(194,(53,(62,(138,152))))),(64,(70,(125,((100,(97,176)),(167,(57,46))))))),((107,(21,((89,82),(122,(161,27))))),(((1,39),(102,(9,183))),((108,120),(197,(50,((187,110),(185,5))))))))),((117,(66,(116,(74,(129,149))))),(0,(((14,200),(((113,196),((38,(60,92)),((168,109),(32,((15,81),(158,(160,47))))))),((111,(177,(134,121))),(((59,136),(23,(18,106))),((150,16),(75,(90,(127,22)))))))),((((169,56),(79,(26,124))),((142,((157,114),(87,(12,101)))),((13,(61,2)),((128,(137,86)),(164,(4,8)))))),((146,((190,6),(103,(48,54)))),((19,180),((17,131),((55,163),(((193,95),(191,148)),(159,(7,(170,(68,33)))))))))))))))))))))))));
Final quartet score is: 34031364415
Final normalized quartet score is: 0.515639649279103
Extended species tree:
(193,(95,((191,148)0.79:0.03199917515852066,((159,(7,(170,(68,33)1:0.1616129380560712)1:0.7212153373916171)1:0.1741054879616665)0.44:0.008146070087906602,((55,163)1:0.28216251720044305,((17,131)1:0.9871465428052991,((19,180)1:1.812928761028027,((146,((190,6)1:0.5195804592562592,(103,(48,54)1:1.402007640746091)0.94:0.047110889554585735)1:0.1062204245946406)1:0.19493881603268673,((((169,56)1:1.2213471400827507,(79,(26,124)1:1.059932265033775)1:0.12526636139426292)1:0.4636762248663993,((142,((157,114)1:0.8854986856397395,(87,(12,101)1:0.08576546626173702)1:1.0544104183706275)1:0.31961846946164113)1:0.18828107966188912,((13,(61,2)1:0.27481851460344586)1:0.6183726866109178,((128,(137,86)1:0.4138211469930463)1:0.3012525653433874,(164,(4,8)1:0.24017042781664902)0.99:0.06543546262742912)1:0.20283062320318657)1:0.8181068539580314)0.89:0.03993136877262061)1:0.15869716466787598,(((14,200)1:1.4259682576991066,(((113,196)1:1.6616378172413009,((38,(60,92)1:0.258956068738142)1:0.6453161040063644,((168,109)1:0.565534752433648,(32,((15,81)1:1.137051436133404,(158,(160,47)1:0.25959360805422493)1:0.2549754483671119)1:0.13565093388874888)1:0.19286845776852263)1:0.07738807378116432)0.68:0.02860476980865447)0.86:0.03742693492919275,((111,(177,(134,121)1:0.6686709308367901)1:0.07586117308188127)1:1.163136552415051,(((59,136)1:0.23828596010456515,(23,(18,106)1:0.5311263619604313)1:0.48105037329115236)1:0.6650874924514708,((150,16)1:0.7498952293319292,(75,(90,(127,22)1:1.3232384115209663)0.61:0.020283226748619838)1:0.09452435170813384)1:0.1750505365739605)0.83:0.035428165324600296)0.97:0.05350403940486629)1:0.22796221684965384)0.51:0.012318798634331884,(0,((117,(66,(116,(74,(129,149)0.4:0.005304206847193709)1:0.07966783563027476)1:0.23436411429806905)1:1.5120114626498118)1:0.23235938623318222,(((165,(162,(192,(67,118)1:0.1503347726654828)0.58:0.017121144271362593)1:0.7451875903761541)1:0.557009993917354,(((85,(194,(53,(62,(138,152)1:0.07372497868844989)1:0.7267301798245933)1:0.1467244668631131)1:0.3974152926719858)0.85:0.03938681175813707,(64,(70,(125,((100,(97,176)0.98:0.05773019816993351)1:0.13456752366513183,(167,(57,46)0.97:0.05536056569723268)1:0.45902591289160144)1:0.09371031228223871)1:0.21806377005515848)1:0.1996423673171784)1:0.20250593172332665)1:0.24120255656850823,((107,(21,((89,82)1:0.6018047237988442,(122,(161,27)1:0.12690635411487589)1:0.41842423336012435)0.44:0.0074987800986522505)0.94:0.047716737182106055)1:0.20158504807696606,(((1,39)1:0.1329374110379571,(102,(9,183)1:0.3781201354321048)1:0.382482178284323)1:0.47327405724809074,((108,120)1:1.558524815368685,(197,(50,((187,110)1:0.5266296030763098,(185,5)1:0.5274220140118139)0.67:0.027308772968457087)1:0.4671490277185916)1:0.29992066119055294)1:0.12499263652266075)0.68:0.023279216563063327)0.6:0.019341455224719032)1:0.10604266814540614)0.48:0.012672483781517517,(((((31,154)1:0.32197067420298353,(195,186)1:0.541676164469493)1:0.735248662522682,(115,(58,(198,(24,71)1:0.2797518646000665)0.98:0.059319831098977954)1:0.36054664088405153)1:0.3026326041119007)1:0.7164684828133991,(((181,(29,155)1:0.16543648916502088)1:0.3062712658118516,(156,(41,99)1:0.36229549450742915)1:0.5340226682025392)1:0.49517006025832383,((188,3)1:0.11558620738695118,(52,(40,(91,88)1:0.3274434013427987)1:0.542977962639149)1:0.2995282197392361)1:0.29341210036913906)0.49:0.01666362281912895)1:0.07854713707490601,(((143,63)0.9:0.04412804319806999,(10,(35,49)1:1.0955744953048194)1:0.17047912396069484)1:0.733370968456332,((119,51)1:0.2285897131818738,(184,(((45,(43,((65,(140,104)1:0.42812942307796487)1:0.9810287262296348,((93,42)1:0.31712061757346915,((34,174)0.87:0.04058055176626062,(76,98)0.49:0.01566746458261604)1:0.8807288396364679)1:0.2771322047916634)0.57:0.020850113073739327)0.99:0.06257539683626692)1:0.08955901688333331,(((179,(25,133)0.99:0.07331769979452842)1:0.49572046042340073,(173,(139,94)1:0.34329776626163305)1:0.23222207359420455)1:0.8001131089602995,(((77,105)1:0.40811313145739747,((78,69)1:0.8065386621871056,(147,(112,130)1:0.19550406035748133)1:0.3296949121409869)1:0.1916858414999116)1:0.3097892083769337,((199,(172,(171,96)1:0.7898069219616483)1:0.6387143752103339)0.6:0.019400110914170158,(153,((72,(189,145)1:0.3474027043585734)1:0.36151645075246747,((151,(166,44)1:0.3797793924222148)0.7:0.03235559128109532,(73,(37,11)1:0.4006850222553548)0.68:0.022999829162962303)1:0.6567984908287338)1:0.2708873043858882)1:0.17628464092280977)0.48:0.022167019384662937)0.98:0.06297976715613379)0.38:0.003375897540256934)1:0.10043526341552392,((126,(20,(28,84)1:0.08170025275340903)1:1.2381564522567239)1:0.266908915301098,((80,((123,36)1:0.3483724811628594,(178,(175,(30,(141,83)1:0.2927504454922469)0.97:0.05430791481540966)1:0.2367056882857077)1:0.10327093473079253)1:0.08369988157218189)1:0.5730785457039624,(144,(182,(132,135)1:0.36445059738235336)1:0.25122931035358853)1:0.6027033955067985)1:0.26161233703046094)0.52:0.013077171979456508)1:0.08458282783858329)1:0.16054197244764934)1:0.0867211427669186)0.98:0.05624898239004153)0.74:0.027375964521994412)0.5:0.012283149724502928)1:0.11189207144282667)0.9:0.041384381886604975)0.98:0.0590445165263907)0.45:0.008393172537522715)1:0.10267007295270723)1:0.39895120764597836)0.63:0.022938996874943787)0.85:0.03734898677407375)1:1.0397746094890281)1:0.08685602987956899));
Weight calculation took 1832.252520121 secs
ASTRAL finished in 2231.313 secs
