
================== ASTRAL ===================== 

This is ASTRAL version 5.7.8
Gene trees are treated as unrooted
50 trees read from Dataset/AstralII_data/model.200.10000000.0.000001/15/estimatedgenetre.halfresolved_50
index0
All output trees will be *arbitrarily* rooted at 119

======== Running the main analysis
Number of taxa: 201 (201 species)
Taxa: [119, 186, 70, 120, 200, 30, 54, 72, 82, 127, 124, 43, 84, 89, 78, 165, 191, 147, 81, 3, 188, 173, 177, 7, 176, 174, 189, 181, 15, 107, 139, 153, 74, 71, 92, 17, 150, 163, 98, 86, 68, 41, 178, 137, 143, 96, 152, 138, 130, 151, 164, 79, 32, 37, 140, 48, 109, 103, 23, 65, 113, 112, 20, 21, 61, 129, 106, 101, 148, 117, 155, 31, 27, 170, 169, 159, 121, 22, 167, 146, 83, 19, 171, 184, 158, 168, 118, 14, 57, 197, 192, 185, 154, 179, 80, 187, 62, 76, 58, 133, 149, 51, 88, 69, 100, 50, 6, 125, 160, 75, 67, 9, 157, 35, 52, 145, 85, 195, 94, 132, 90, 180, 60, 198, 123, 161, 0, 38, 190, 36, 39, 45, 172, 144, 182, 56, 10, 33, 136, 126, 108, 91, 97, 194, 47, 64, 2, 115, 199, 131, 141, 193, 134, 135, 66, 12, 34, 25, 87, 18, 73, 53, 162, 166, 99, 114, 175, 59, 110, 77, 102, 55, 104, 11, 95, 26, 93, 156, 63, 111, 196, 1, 40, 28, 122, 128, 8, 4, 29, 116, 49, 5, 46, 16, 44, 183, 42, 24, 142, 13, 105]
Taxon occupancy: {110=50, 111=50, 112=50, 113=50, 114=50, 115=50, 116=50, 117=50, 118=50, 119=50, 10=50, 11=50, 12=50, 13=50, 14=50, 15=50, 16=50, 17=50, 18=50, 19=50, 120=50, 121=50, 0=50, 1=50, 122=50, 123=50, 2=50, 124=50, 3=50, 125=50, 4=50, 126=50, 5=50, 127=50, 6=50, 7=50, 128=50, 129=50, 8=50, 9=50, 20=50, 21=50, 22=50, 23=50, 24=50, 25=50, 26=50, 27=50, 28=50, 29=50, 130=50, 131=50, 132=50, 133=50, 134=50, 135=50, 136=50, 137=50, 138=50, 139=50, 30=50, 31=50, 32=50, 33=50, 34=50, 35=50, 36=50, 37=50, 38=50, 39=50, 140=50, 141=50, 142=50, 143=50, 144=50, 145=50, 146=50, 147=50, 148=50, 149=50, 40=50, 41=50, 42=50, 43=50, 44=50, 45=50, 46=50, 47=50, 48=50, 49=50, 150=50, 151=50, 152=50, 153=50, 154=50, 155=50, 156=50, 157=50, 158=50, 159=50, 50=50, 51=50, 52=50, 53=50, 54=50, 55=50, 56=50, 57=50, 58=50, 59=50, 160=50, 161=50, 162=50, 163=50, 164=50, 165=50, 166=50, 167=50, 168=50, 169=50, 60=50, 61=50, 62=50, 63=50, 64=50, 65=50, 66=50, 67=50, 68=50, 69=50, 170=50, 171=50, 172=50, 173=50, 174=50, 175=50, 176=50, 177=50, 178=50, 179=50, 70=50, 71=50, 72=50, 73=50, 74=50, 75=50, 76=50, 77=50, 78=50, 79=50, 180=50, 181=50, 182=50, 183=50, 184=50, 185=50, 186=50, 187=50, 188=50, 189=50, 80=50, 81=50, 82=50, 83=50, 84=50, 85=50, 86=50, 87=50, 88=50, 89=50, 190=50, 191=50, 192=50, 193=50, 194=50, 195=50, 196=50, 197=50, 198=50, 199=50, 90=50, 91=50, 92=50, 93=50, 94=50, 95=50, 96=50, 97=50, 98=50, 99=50, 200=50, 100=50, 101=50, 102=50, 103=50, 104=50, 105=50, 106=50, 107=50, 108=50, 109=50}
Number of gene trees: 50
0 trees have missing taxa
Calculating quartet distance matrix (for completion of X)
Species tree distances calculated ...
Building set of clusters (X) from gene trees 
------------------------------
gradient0: 2215
Number of Clusters after addition by distance: 2215
calculating extra bipartitions to be added at level 1 ...
Adding to X using resolutions of greedy consensus ...
Limit for sigma of degrees:5075
polytomy size limit : 4
discarded polytomies:  [3, 3, 3, 3, 3, 3, 4]
Threshold 0.0:
Threshold 0.01:
Threshold 0.02:
Threshold 0.05:
Threshold 0.1:
Threshold 0.2:
Threshold 0.3333333333333333:
polytomy of size 3; rounds with additions with at least 5 support: 0; clusters: 2215
polytomy of size 3; rounds with additions with at least 5 support: 0; clusters: 2215
polytomy of size 3; rounds with additions with at least 5 support: 0; clusters: 2215
polytomy of size 3; rounds with additions with at least 5 support: 0; clusters: 2215
polytomy of size 4; rounds with additions with at least 5 support: 0; clusters: 2215
polytomy of size 3; rounds with additions with at least 5 support: 0; clusters: 2215
polytomy of size 3; rounds with additions with at least 5 support: 0; clusters: 2215
max k is :0
Number of Clusters after addition by greedy: 2215
gradient0 in heuristiic: 2215
partitions formed in 4.874 secs
Dynamic Programming starting after 4.875 secs
Using tree-based weight calculation.
Using polytree-based weight calculation.
Polytree max score: 3299917500
Polytree building time: 0.203 seconds.
Number of quartet trees in the gene trees: 3299917500
Size of largest cluster: 201
Greedy score: 3203913311
estimationFactor: 1.029964664983409
Sub-optimal score: 3219889243
Total Number of elements weighted: 2497
Normalized score (portion of input quartet trees satisfied before correcting for multiple individuals): 0.9763311203992221
Optimization score: 3221812150
Optimal tree inferred in 5.914 secs.
(141,(193,(131,(((199,(2,115)),(194,(47,64))),((126,(108,(91,97))),((((38,190),(36,(39,45))),((172,(144,182)),(10,(56,(33,136))))),(0,(((((147,81),((46,16),(44,(183,42)))),((3,(188,173)),((24,(142,(13,105))),((78,(89,(165,(84,191)))),((43,(124,(82,127))),((70,(119,186)),((54,72),(120,(200,30))))))))),((134,135),(((66,(12,(34,25))),((196,(1,40)),((8,(4,(128,29))),((28,122),(116,(49,5)))))),((87,(18,73)),(((53,99),(162,166)),(((59,(114,175)),(110,(77,(102,55)))),((11,(104,95)),(111,(156,(63,(26,93))))))))))),((157,((35,(145,(52,(85,195)))),(((198,123),(60,161)),((94,132),(90,180))))),((((152,(130,(138,151))),((86,68),(96,(137,(143,(41,178)))))),(((163,98),(17,150)),((107,(139,153)),((71,(74,92)),((177,(7,176)),((181,15),(174,189))))))),(((164,(79,32)),(((23,65),((48,109),(103,(37,140)))),((31,((27,170),((169,159),(121,(22,167))))),(155,((112,20),((113,21),((101,(148,117)),(106,(61,129))))))))),((9,((75,67),(125,160))),((((118,14),(158,168)),(184,(83,(146,(19,171))))),((69,(100,(50,6))),((88,(149,51)),(((58,133),(80,(187,62))),(76,((197,(57,192)),(185,(154,179))))))))))))))))))));
Final quartet score is: 3221812150
Final normalized quartet score is: 0.9763311203992221
Extended species tree:
(119,(186,(70,(((54,72)1:2.1451812641630426,(120,(200,30)1:0.3485171541237753)1:2.0004151412033107)0.45:0.03322564762832039,((43,(124,(82,127)0.47:0.0930252106364999)1:0.5559460590464603)1:3.238678452164384,((78,(89,(165,(84,191)0.98:0.2682639865946794)1:0.961606422451545)0.52:0.05026183478088831)1:3.3032169733019505,((24,(142,(13,105)1:0.6931471805599453)1:2.8332133440562166)1:2.4277482359480516,((3,(188,173)1:2.8332133440562166)1:2.8332133440562166,(((147,81)1:2.14006616349627,((46,16)1:3.5263605246161593,(44,(183,42)1:0.7537718023763802)1:3.5263605246161593)1:0.7855205006909604)1:2.0057538258886765,(((134,135)1:3.5263605246161593,(((66,(12,(34,25)1:1.7337596586199147)1:1.9169226121820613)1:3.5263605246161593,((196,(1,40)1:0.8183103235139515)1:2.6100697927420056,((8,(4,(128,29)0.76:0.1263422890520533)0.98:0.2692406445490582)1:2.4277482359480516,((28,122)1:3.5263605246161593,(116,(49,5)1:2.14006616349627)1:1.4469189829363254)1:2.14006616349627)1:0.71168077215282)1:0.5361992961116259)1:2.7531706363826807,((87,(18,73)1:1.7346010553881062)1:3.5263605246161593,(((53,99)0.92:0.21217451994363562,(162,166)1:2.6100697927420056)1:2.8332133440562166,(((59,(114,175)1:1.7346010553881062)1:1.1749852674526835,(110,(77,(102,55)1:0.9617997430289525)1:1.2750687260096663)1:1.0230110198391986)1:1.01982931442634,((11,(104,95)1:1.9169226121820613)1:1.4469189829363247,(111,(156,(63,(26,93)0.64:0.1253315072948364)1:0.5564668245835516)0.79:0.13633644355213123)1:3.5263605246161593)1:0.6330489039264451)1:1.0801390171393985)1:1.4552872326068413)1:3.5263605246161593)1:1.5804503755608483)1:3.511093052485371,(((157,((35,(145,(52,(85,195)1:1.5804503755608483)0.95:0.23052365861183224)1:3.5263605246161593)0.98:0.2682639865946794,(((198,123)1:0.7855205006909604,(60,161)1:0.8873031950009027)1:3.5263605246161593,((94,132)1:2.8332133440562166,(90,180)1:1.3862943611198908)1:3.5263605246161593)1:2.14006616349627)1:3.5263605246161593)1:2.8280719445557954,((((152,(130,(138,151)0.44:0.029852963149681274)1:3.5263605246161593)1:2.8332133440562166,((86,68)1:3.5263605246161593,(96,(137,(143,(41,178)1:0.39086630868701183)1:1.0416654031208583)1:0.8873031950009027)1:2.4277482359480516)1:3.5263605246161593)1:1.3291359472799418,(((163,98)1:2.14006616349627,(17,150)1:3.5263605246161593)1:1.7346010553881062,((107,(139,153)1:2.14006616349627)1:2.302585092994044,((71,(74,92)0.65:0.09237332013101504)1:2.1361471512955355,((177,(7,176)1:1.7346010553881062)1:2.2735975561207935,((181,15)1:1.9169226121820613,(174,189)1:2.4277482359480516)0.99:0.3407465698211051)1:1.7232492108436621)0.58:0.07042425480523841)1:1.9269729480355637)1:3.5263605246161593)1:2.8332133440562166,(((164,(79,32)1:3.5263605246161593)1:1.3137020963826154,(((23,65)1:2.4277482359480516,((48,109)1:3.5263605246161593,(103,(37,140)1:2.14006616349627)1:1.3291359472799418)1:0.7748252115742128)1:3.5263605246161593,((31,((27,170)1:3.5263605246161593,((169,159)1:3.5263605246161593,(121,(22,167)1:3.5263605246161593)1:0.819671794112272)1:1.0414538748281608)1:1.472236790920616)1:1.3392883187439601,(155,((112,20)1:3.5263605246161593,((113,21)0.98:0.2811673914305873,((101,(148,117)1:0.6943362413421359)1:0.34830669426821587,(106,(61,129)1:0.5298709621202615)1:0.948672141377195)1:1.3229820817055638)1:3.120895416507997)1:1.9169226121820613)1:1.5820214677928897)1:0.5088095773945929)1:1.411201795064331)1:0.7240131121468728,((9,((75,67)1:1.5121345521701726,(125,160)0.99:0.3072816746736666)0.63:0.08434114843375082)1:3.5263605246161593,((((118,14)1:1.3291359472799418,(158,168)1:0.34830669426821587)1:3.5263605246161593,(184,(83,(146,(19,171)1:1.7346010553881062)0.54:0.14188422866397624)1:1.7881644983101963)1:0.5182057310636131)1:3.5263605246161593,((69,(100,(50,6)1:1.915913020980709)1:0.7855205006909604)1:3.5263605246161593,((88,(149,51)1:2.411053357375882)1:0.8696036179015014,(((58,133)1:1.7346010553881062,(80,(187,62)1:1.7346010553881062)1:1.6409155713107844)0.54:0.05552380204898885,(76,((197,(57,192)1:0.5819215454497209)1:1.468299777961275,(185,(154,179)0.99:0.3072826999492736)1:0.8873031950009027)1:1.1608490339999056)0.99:0.30016761964659405)1:0.5591257119638404)1:2.1826257779150673)1:3.5263605246161593)1:2.4277482359480516)1:0.5782983530803006)1:3.4587976903673447)1:0.9648779588323965)1:2.3742209714943483,(0,((((38,190)1:3.5263605246161593,(36,(39,45)1:0.8873031950009027)1:3.5263605246161593)1:0.4818380868927383,((172,(144,182)1:3.5263605246161593)1:0.8891458341808243,(10,(56,(33,136)1:0.8865819544359197)0.68:0.10863384100279554)1:3.0155349008501675)1:2.8332133440562166)1:1.352254672817954,((126,(108,(91,97)1:1.7346010553881062)1:1.2268257644397387)1:0.6055912895356256,(((199,(2,115)1:0.6931471805599453)1:3.5263605246161593,(194,(47,64)1:2.8332133440562166)1:1.0414538748281608)1:0.9393538772202678,(131,(193,141)1:1.5804503755608483)1:3.5263605246161593)0.99:0.300840157029292)1:3.5263605246161593)1:2.8332133440562166)1:0.8183103235139515)1:2.795473016073367)1:3.5263605246161593)0.56:0.06659478880293865)1:1.1228013918902287)1:1.7917594692280545)1:1.2237754316221159)1:3.5263605246161593)0.97:0.2682639865946797)1:0.9645240101351148));
Weight calculation took 0.424496112 secs
ASTRAL finished in 7.962 secs
