
================== ASTRAL ===================== 

This is ASTRAL version 5.7.8
Gene trees are treated as unrooted
200 trees read from Dataset/AstralII_data/model.200.10000000.0.000001/15/estimatedgenetre.halfresolved_200
index0
All output trees will be *arbitrarily* rooted at 119

======== Running the main analysis
Number of taxa: 201 (201 species)
Taxa: [119, 186, 70, 120, 200, 30, 54, 72, 82, 127, 124, 43, 84, 89, 78, 165, 191, 147, 81, 3, 188, 173, 177, 7, 176, 174, 189, 181, 15, 107, 139, 153, 74, 71, 92, 17, 150, 163, 98, 86, 68, 41, 178, 137, 143, 96, 152, 138, 130, 151, 164, 79, 32, 37, 140, 48, 109, 103, 23, 65, 113, 112, 20, 21, 61, 129, 106, 101, 148, 117, 155, 31, 27, 170, 169, 159, 121, 22, 167, 146, 83, 19, 171, 184, 158, 168, 118, 14, 57, 197, 192, 185, 154, 179, 80, 187, 62, 76, 58, 133, 149, 51, 88, 69, 100, 50, 6, 125, 160, 75, 67, 9, 157, 35, 52, 145, 85, 195, 94, 132, 90, 180, 60, 198, 123, 161, 0, 38, 190, 36, 39, 45, 172, 144, 182, 56, 10, 33, 136, 126, 108, 91, 97, 194, 47, 64, 2, 115, 199, 131, 141, 193, 134, 135, 66, 12, 34, 25, 87, 18, 73, 53, 162, 166, 99, 114, 175, 59, 110, 77, 102, 55, 104, 11, 95, 26, 93, 156, 63, 111, 196, 1, 40, 28, 122, 128, 8, 4, 29, 116, 49, 5, 46, 16, 44, 183, 42, 24, 142, 13, 105]
Taxon occupancy: {110=200, 111=200, 112=200, 113=200, 114=200, 115=200, 116=200, 117=200, 118=200, 119=200, 10=200, 11=200, 12=200, 13=200, 14=200, 15=200, 16=200, 17=200, 18=200, 19=200, 120=200, 121=200, 0=200, 1=200, 122=200, 123=200, 2=200, 124=200, 3=200, 125=200, 4=200, 126=200, 5=200, 127=200, 6=200, 7=200, 128=200, 129=200, 8=200, 9=200, 20=200, 21=200, 22=200, 23=200, 24=200, 25=200, 26=200, 27=200, 28=200, 29=200, 130=200, 131=200, 132=200, 133=200, 134=200, 135=200, 136=200, 137=200, 138=200, 139=200, 30=200, 31=200, 32=200, 33=200, 34=200, 35=200, 36=200, 37=200, 38=200, 39=200, 140=200, 141=200, 142=200, 143=200, 144=200, 145=200, 146=200, 147=200, 148=200, 149=200, 40=200, 41=200, 42=200, 43=200, 44=200, 45=200, 46=200, 47=200, 48=200, 49=200, 150=200, 151=200, 152=200, 153=200, 154=200, 155=200, 156=200, 157=200, 158=200, 159=200, 50=200, 51=200, 52=200, 53=200, 54=200, 55=200, 56=200, 57=200, 58=200, 59=200, 160=200, 161=200, 162=200, 163=200, 164=200, 165=200, 166=200, 167=200, 168=200, 169=200, 60=200, 61=200, 62=200, 63=200, 64=200, 65=200, 66=200, 67=200, 68=200, 69=200, 170=200, 171=200, 172=200, 173=200, 174=200, 175=200, 176=200, 177=200, 178=200, 179=200, 70=200, 71=200, 72=200, 73=200, 74=200, 75=200, 76=200, 77=200, 78=200, 79=200, 180=200, 181=200, 182=200, 183=200, 184=200, 185=200, 186=200, 187=200, 188=200, 189=200, 80=200, 81=200, 82=200, 83=200, 84=200, 85=200, 86=200, 87=200, 88=200, 89=200, 190=200, 191=200, 192=200, 193=200, 194=200, 195=200, 196=200, 197=200, 198=200, 199=200, 90=200, 91=200, 92=200, 93=200, 94=200, 95=200, 96=200, 97=200, 98=200, 99=200, 200=200, 100=200, 101=200, 102=200, 103=200, 104=200, 105=200, 106=200, 107=200, 108=200, 109=200}
Number of gene trees: 200
0 trees have missing taxa
Calculating quartet distance matrix (for completion of X)
Species tree distances calculated ...
Building set of clusters (X) from gene trees 
------------------------------
gradient0: 3651
Number of Clusters after addition by distance: 3651
calculating extra bipartitions to be added at level 1 ...
Adding to X using resolutions of greedy consensus ...
Limit for sigma of degrees:5075
polytomy size limit : 5
discarded polytomies:  [3, 3, 3, 3, 3, 3, 3, 5]
Threshold 0.0:
Threshold 0.01:
Threshold 0.02:
Threshold 0.05:
Threshold 0.1:
Threshold 0.2:
polytomy of size 3; rounds with additions with at least 5 support: 0; clusters: 3651
polytomy of size 3; rounds with additions with at least 5 support: 0; clusters: 3651
Threshold 0.3333333333333333:
polytomy of size 3; rounds with additions with at least 5 support: 0; clusters: 3651
polytomy of size 3; rounds with additions with at least 5 support: 0; clusters: 3651
polytomy of size 3; rounds with additions with at least 5 support: 0; clusters: 3651
polytomy of size 5; rounds with additions with at least 5 support: 0; clusters: 3651
polytomy of size 3; rounds with additions with at least 5 support: 0; clusters: 3651
polytomy of size 3; rounds with additions with at least 5 support: 0; clusters: 3651
max k is :0
Number of Clusters after addition by greedy: 3651
gradient0 in heuristiic: 3651
partitions formed in 3.99 secs
Dynamic Programming starting after 3.991 secs
Using tree-based weight calculation.
Using polytree-based weight calculation.
Polytree max score: 13199670000
Polytree building time: 0.257 seconds.
Number of quartet trees in the gene trees: 13199670000
Size of largest cluster: 201
Greedy score: 12821422090
estimationFactor: 1.0295012446626348
Sub-optimal score: 12888162049
Total Number of elements weighted: 5329
Normalized score (portion of input quartet trees satisfied before correcting for multiple individuals): 0.9768561150392396
Optimization score: 12894178356
Optimal tree inferred in 5.314 secs.
(141,(193,(131,(((199,(2,115)),(194,(47,64))),((126,(108,(91,97))),((((38,190),(36,(39,45))),((172,(144,182)),(10,(56,(33,136))))),(0,(((((147,81),((46,16),(44,(183,42)))),((3,(188,173)),((24,(142,(13,105))),((78,(89,(165,(84,191)))),((43,(127,(82,124))),((120,(200,30)),((54,72),(70,(119,186))))))))),((134,135),(((66,(12,(34,25))),((196,(1,40)),((8,(4,(128,29))),((28,122),(116,(49,5)))))),((87,(18,73)),(((53,99),(162,166)),(((59,(114,175)),(110,(77,(102,55)))),((11,(104,95)),(156,(111,(63,(26,93))))))))))),((157,((35,(145,(52,(85,195)))),(((94,132),(90,180)),((198,123),(60,161))))),((((152,(151,(138,130))),((86,68),(96,(137,(143,(41,178)))))),(((163,98),(17,150)),((107,(139,153)),((92,(74,71)),((177,(7,176)),((174,189),(181,15))))))),(((164,(79,32)),(((23,65),((48,109),(103,(37,140)))),((31,((27,170),((169,159),(121,(22,167))))),(155,((112,20),((113,21),((101,(148,117)),(106,(61,129))))))))),((9,((75,67),(125,160))),((((158,168),(118,14)),(184,(83,(146,(19,171))))),((69,(100,(50,6))),((88,(149,51)),(((58,133),(80,(187,62))),(76,((197,(57,192)),(185,(154,179))))))))))))))))))));
Final quartet score is: 12894178356
Final normalized quartet score is: 0.9768561150392396
Extended species tree:
(119,(186,(70,((54,72)1:2.2815121177034063,((120,(200,30)1:0.3030260878869812)1:1.049822124498677,((43,(127,(82,124)0.94:0.11013764159733673)1:0.7081850579244859)1:4.050541939563712,((78,(89,(165,(84,191)1:0.17929583587741751)1:1.3285216113535283)0.98:0.13282091302092397)1:4.674696248636701,((24,(142,(13,105)1:0.5937747067467416)1:3.1930917077124845)1:3.799227511282799,((3,(188,173)1:3.51154543883102)1:3.7861309723629546,(((147,81)1:2.9519296508955994,((46,16)1:4.897839799950916,(44,(183,42)1:0.820302356045192)1:4.897839799950916)1:0.7141383889966166)1:2.4269193921376506,(((134,135)1:4.897839799950916,(((66,(12,(34,25)1:1.7191548556659564)1:2.332890442489374)1:4.204692619390971,((196,(1,40)1:0.621173680934856)1:3.288401887516811,((8,(4,(128,29)0.98:0.1444237793579191)1:0.39882006364581096)1:2.256305382123291,((28,122)1:4.204692619390971,(116,(49,5)1:2.4999445271525413)1:1.7197859696029656)1:2.5964272691392876)1:0.8017023133508705)1:0.9006589861824589)1:3.431502731157489,((87,(18,73)1:1.4638525954657653)1:3.9815490680767565,(((53,99)0.9:0.09381875521765486,(162,166)1:3.288401887516811)1:3.799227511282799,(((59,(114,175)1:1.496642418288756)1:1.5526947127520259,(110,(77,(102,55)1:0.9860188351336153)1:1.0797928393004217)1:1.070693619051389)1:0.8926737543623634,((11,(104,95)1:2.1252510777111304)1:1.0057868969820234,(156,(111,(63,(26,93)1:0.17027321827778014)1:0.7083388922452263)0.66:0.048417099438374904)1:4.086909583734585)1:0.5915802190390311)1:1.1727920199980673)1:1.8220648187233843)1:3.143920015371379)1:1.806797346592596)1:3.5057927863415683,(((157,((35,(145,(52,(85,195)1:1.7632243187004493)0.98:0.1314014663666978)1:4.387014176184925)1:0.29768215578636414,(((94,132)1:3.0260376230493193,(90,180)1:1.6991666824002305)1:4.204692619390971,((198,123)1:0.6005543937321204,(60,161)1:0.9370266303533334)1:4.897839799950916)1:2.536985798832889)1:4.897839799950916)1:2.9489884723047814,((((152,(151,(138,130)0.9:0.09381875521765486)1:4.897839799950916)1:2.337818702935129,((86,68)1:4.897839799950916,(96,(137,(143,(41,178)1:0.2534003394400985)1:1.1249621757417883)1:1.0986122886681098)1:2.620572514941156)1:3.51154543883102)1:0.973559440929737,(((163,98)1:1.6206950669587348,(17,150)1:3.799227511282799)1:2.2587824703356527,((107,(139,153)1:2.332890442489374)1:3.249181174363531,((92,(74,71)0.43:0.015573680507980069)1:1.8889557969121733,((177,(7,176)1:2.007468042054746)1:2.31325887365673,((174,189)1:3.288401887516811,(181,15)1:1.6785579661449377)1:0.3266244909138057)1:1.430696002719605)0.97:0.12548226719510785)1:2.4774716713004823)1:4.897839799950916)1:3.799227511282799,(((164,(79,32)1:4.897839799950916)1:1.1729225861256634,(((23,65)1:2.348394629025339,((48,109)1:2.5962756360909722,(103,(37,140)1:1.954996990317293)1:1.1599272568515786)1:1.0197183461984471)1:4.204692619390971,((31,((27,170)1:3.8682203827697483,((169,159)1:3.91701054693919,(121,(22,167)1:3.799227511282799)1:0.7551911003004164)1:1.3143208614948017)1:1.5254826532003394)1:1.1478304747045107,(155,((112,20)1:4.897839799950916,((113,21)1:0.3457188350526354,((101,(148,117)1:0.9086687151367697)1:0.35277353803252537,(106,(61,129)1:0.8200455836724885)1:1.0874804482992664)1:1.635478863142972)1:2.9519296508955994)1:2.241082893236251)1:1.077956182429259)1:0.7845662199974796)1:1.0649302115584118)1:0.7333936401404043,((9,((75,67)1:1.5142241633168498,(125,160)1:0.37638233045966657)0.99:0.14640710698456788)1:4.897839799950916,((((158,168)1:0.4493234240081968,(118,14)1:1.0911773101805917)1:3.9815490680767565,(184,(83,(146,(19,171)1:2.063438807299037)1:0.3126392602820425)1:2.1870722058722003)1:0.5064818378481454)1:4.897839799950916,((69,(100,(50,6)1:1.6791660156935602)1:0.9758664636695972)1:4.897839799950916,((88,(149,51)1:2.1854220461306975)1:0.9979601196288758,(((58,133)1:2.2100617240969,(80,(187,62)1:2.064626455894696)1:1.1420529808410451)0.53:0.02968438219046974,(76,((197,(57,192)1:0.7869659357776003)1:1.4535665553827624,(185,(154,179)1:0.3128723212803394)1:0.9400103201111596)1:1.2124745316889576)1:0.40773412593325664)1:0.354433901849075)1:2.4411040271296063)1:3.8682203827697483)1:2.3324326718244794)1:0.5903230320070116)1:4.2397156914629175)1:1.308841446209437)1:2.2282405956410316,(0,((((38,190)1:4.897839799950916,(36,(39,45)1:0.9275478863987895)1:4.897839799950916)1:0.4418327522790392,((172,(144,182)1:3.799227511282799)1:1.0806940783493548,(10,(56,(33,136)1:1.0473698775289573)0.74:0.06952606264861033)1:3.2884018875168066)1:4.204692619390971)1:1.6863090661583926,((126,(108,(91,97)1:2.1897895988487015)1:1.602002933946582)1:0.47232805333729067,(((199,(2,115)1:0.6939012715390477)1:3.0076669676680154,(194,(47,64)1:4.204692619390971)1:1.14526352498357)1:1.130080172619196,(131,(193,141)1:1.496642418288756)1:4.897839799950916)1:0.6062394573667284)1:4.897839799950916)1:2.332890442489374)1:0.6191724795465554)1:4.073327031968716)1:3.9978348099475305)0.74:0.06152613476849103)1:0.9027569389027433)1:1.9189146447133016)1:1.3143208614948017)1:4.568954853141841)0.5:0.026040950708871354)1:0.3432783950997867)1:1.3722222726198412));
Weight calculation took 0.84946271 secs
ASTRAL finished in 7.497 secs
