
================== ASTRAL ===================== 

This is ASTRAL version 5.7.8
Gene trees are treated as unrooted
1000 trees read from Dataset/AstralII_data/model.200.10000000.0.000001/15/estimatedgenetre.halfresolved
index0
All output trees will be *arbitrarily* rooted at 119

======== Running the main analysis
Number of taxa: 201 (201 species)
Taxa: [119, 186, 70, 120, 200, 30, 54, 72, 82, 127, 124, 43, 84, 89, 78, 165, 191, 147, 81, 3, 188, 173, 177, 7, 176, 174, 189, 181, 15, 107, 139, 153, 74, 71, 92, 17, 150, 163, 98, 86, 68, 41, 178, 137, 143, 96, 152, 138, 130, 151, 164, 79, 32, 37, 140, 48, 109, 103, 23, 65, 113, 112, 20, 21, 61, 129, 106, 101, 148, 117, 155, 31, 27, 170, 169, 159, 121, 22, 167, 146, 83, 19, 171, 184, 158, 168, 118, 14, 57, 197, 192, 185, 154, 179, 80, 187, 62, 76, 58, 133, 149, 51, 88, 69, 100, 50, 6, 125, 160, 75, 67, 9, 157, 35, 52, 145, 85, 195, 94, 132, 90, 180, 60, 198, 123, 161, 0, 38, 190, 36, 39, 45, 172, 144, 182, 56, 10, 33, 136, 126, 108, 91, 97, 194, 47, 64, 2, 115, 199, 131, 141, 193, 134, 135, 66, 12, 34, 25, 87, 18, 73, 53, 162, 166, 99, 114, 175, 59, 110, 77, 102, 55, 104, 11, 95, 26, 93, 156, 63, 111, 196, 1, 40, 28, 122, 128, 8, 4, 29, 116, 49, 5, 46, 16, 44, 183, 42, 24, 142, 13, 105]
Taxon occupancy: {110=1000, 111=1000, 112=1000, 113=1000, 114=1000, 115=1000, 116=1000, 117=1000, 118=1000, 119=1000, 10=1000, 11=1000, 12=1000, 13=1000, 14=1000, 15=1000, 16=1000, 17=1000, 18=1000, 19=1000, 120=1000, 121=1000, 0=1000, 1=1000, 122=1000, 123=1000, 2=1000, 124=1000, 3=1000, 125=1000, 4=1000, 126=1000, 5=1000, 127=1000, 6=1000, 7=1000, 128=1000, 129=1000, 8=1000, 9=1000, 20=1000, 21=1000, 22=1000, 23=1000, 24=1000, 25=1000, 26=1000, 27=1000, 28=1000, 29=1000, 130=1000, 131=1000, 132=1000, 133=1000, 134=1000, 135=1000, 136=1000, 137=1000, 138=1000, 139=1000, 30=1000, 31=1000, 32=1000, 33=1000, 34=1000, 35=1000, 36=1000, 37=1000, 38=1000, 39=1000, 140=1000, 141=1000, 142=1000, 143=1000, 144=1000, 145=1000, 146=1000, 147=1000, 148=1000, 149=1000, 40=1000, 41=1000, 42=1000, 43=1000, 44=1000, 45=1000, 46=1000, 47=1000, 48=1000, 49=1000, 150=1000, 151=1000, 152=1000, 153=1000, 154=1000, 155=1000, 156=1000, 157=1000, 158=1000, 159=1000, 50=1000, 51=1000, 52=1000, 53=1000, 54=1000, 55=1000, 56=1000, 57=1000, 58=1000, 59=1000, 160=1000, 161=1000, 162=1000, 163=1000, 164=1000, 165=1000, 166=1000, 167=1000, 168=1000, 169=1000, 60=1000, 61=1000, 62=1000, 63=1000, 64=1000, 65=1000, 66=1000, 67=1000, 68=1000, 69=1000, 170=1000, 171=1000, 172=1000, 173=1000, 174=1000, 175=1000, 176=1000, 177=1000, 178=1000, 179=1000, 70=1000, 71=1000, 72=1000, 73=1000, 74=1000, 75=1000, 76=1000, 77=1000, 78=1000, 79=1000, 180=1000, 181=1000, 182=1000, 183=1000, 184=1000, 185=1000, 186=1000, 187=1000, 188=1000, 189=1000, 80=1000, 81=1000, 82=1000, 83=1000, 84=1000, 85=1000, 86=1000, 87=1000, 88=1000, 89=1000, 190=1000, 191=1000, 192=1000, 193=1000, 194=1000, 195=1000, 196=1000, 197=1000, 198=1000, 199=1000, 90=1000, 91=1000, 92=1000, 93=1000, 94=1000, 95=1000, 96=1000, 97=1000, 98=1000, 99=1000, 200=1000, 100=1000, 101=1000, 102=1000, 103=1000, 104=1000, 105=1000, 106=1000, 107=1000, 108=1000, 109=1000}
Number of gene trees: 1000
0 trees have missing taxa
Calculating quartet distance matrix (for completion of X)
Species tree distances calculated ...
Building set of clusters (X) from gene trees 
------------------------------
gradient0: 6715
Number of Clusters after addition by distance: 6715
calculating extra bipartitions to be added at level 1 ...
Adding to X using resolutions of greedy consensus ...
Limit for sigma of degrees:5075
polytomy size limit : 5
discarded polytomies:  [3, 3, 3, 3, 3, 3, 5]
Threshold 0.0:
Threshold 0.01:
Threshold 0.02:
Threshold 0.05:
Threshold 0.1:
Threshold 0.2:
polytomy of size 3; rounds with additions with at least 5 support: 0; clusters: 6715
polytomy of size 3; rounds with additions with at least 5 support: 0; clusters: 6715
Threshold 0.3333333333333333:
polytomy of size 3; rounds with additions with at least 5 support: 0; clusters: 6715
polytomy of size 3; rounds with additions with at least 5 support: 0; clusters: 6715
polytomy of size 3; rounds with additions with at least 5 support: 0; clusters: 6715
polytomy of size 5; rounds with additions with at least 5 support: 0; clusters: 6715
polytomy of size 3; rounds with additions with at least 5 support: 0; clusters: 6715
max k is :0
Number of Clusters after addition by greedy: 6715
gradient0 in heuristiic: 6715
partitions formed in 17.025 secs
Dynamic Programming starting after 17.025 secs
Using tree-based weight calculation.
Using polytree-based weight calculation.
Polytree max score: 65998349604
Polytree building time: 2.72 seconds.
Number of quartet trees in the gene trees: 65998349604
Size of largest cluster: 201
Greedy score: 63250472762
estimationFactor: 1.0434443684293042
Sub-optimal score: 64120557677
Total Number of elements weighted: 16476
Normalized score (portion of input quartet trees satisfied before correcting for multiple individuals): 0.9729407594626918
Optimization score: 64212484387
Optimal tree inferred in 27.541 secs.
(141,(193,(131,(((199,(2,115)),(194,(47,64))),((126,(108,(91,97))),((((38,190),(36,(39,45))),((172,(144,182)),(10,(56,(33,136))))),(0,(((((147,81),((46,16),(44,(183,42)))),((3,(188,173)),((24,(142,(13,105))),((78,(89,(165,(84,191)))),((43,(127,(82,124))),((54,72),((120,(200,30)),(70,(119,186))))))))),((134,135),(((66,(12,(34,25))),((196,(1,40)),((8,(4,(128,29))),((28,122),(116,(49,5)))))),((87,(18,73)),(((53,99),(162,166)),(((59,(114,175)),(110,(77,(102,55)))),((11,(104,95)),(156,(111,(63,(26,93))))))))))),((157,((35,(145,(52,(85,195)))),(((198,123),(60,161)),((94,132),(90,180))))),((((152,(130,(138,151))),((86,68),(96,(137,(143,(41,178)))))),(((163,98),(17,150)),((107,(139,153)),((92,(74,71)),((177,(7,176)),((181,15),(174,189))))))),(((164,(79,32)),(((23,65),((48,109),(103,(37,140)))),((31,((27,170),((169,159),(121,(22,167))))),(155,((112,20),((113,21),((101,(148,117)),(106,(61,129))))))))),((9,((125,160),(75,67))),((((158,168),(118,14)),(184,(83,(146,(19,171))))),((69,(100,(50,6))),((88,(149,51)),(((58,133),(80,(187,62))),(76,((197,(57,192)),(185,(154,179))))))))))))))))))));
Final quartet score is: 64212484387
Final normalized quartet score is: 0.9729407594626918
Extended species tree:
(119,(186,(70,((120,(200,30)1:0.23247310495027987)1:1.0751893817685325,((54,72)1:2.0567245153956035,((43,(127,(82,124)1:0.07997711884984833)1:0.585631501752609)1:4.383026135006959,((78,(89,(165,(84,191)1:0.20255021252602745)1:1.4532872475000445)1:0.19444494367433093)1:5.231556638845071,((24,(142,(13,105)1:0.5951792850178119)1:2.8019876970945625)1:4.721382498421999,((3,(188,173)1:4.423848129527227)1:4.109511748538237,(((147,81)1:3.0128611558169602,((46,16)1:6.5032896712070904,(44,(183,42)1:0.8508004909384056)1:4.8938517587729455)1:0.6608814140778588)1:2.4860246865580162,(((134,135)1:6.5032896712070904,(((66,(12,(34,25)1:1.6909410852545363)1:2.172556330920725)1:4.6187484685280475,((196,(1,40)1:0.448838469362305)1:4.125312472484031,((8,(4,(128,29)1:0.13007331029021788)1:0.43502860110144187)1:2.5094690885336774,((28,122)1:4.423848129527227,(116,(49,5)1:2.7658605820890076)1:1.6632087054083375)1:2.5803112708649496)1:0.7947668331519175)1:0.9969153594119687)1:2.994755896766815,((87,(18,73)1:1.5552105770283915)1:3.556084438547727,(((53,99)0.98:0.05677651580208189,(162,166)1:3.207452805202728)1:3.9105256255626424,(((59,(114,175)1:1.391180191338345)1:1.6450768832786107,(110,(77,(102,55)1:1.272505203463897)1:1.1140672909861218)1:1.0322181337234215)1:0.8891858617083207,((11,(104,95)1:2.159484249353373)1:0.9083741404016539,(156,(111,(63,(26,93)1:0.12114145343620819)1:0.7239179676367392)0.91:0.042339805173336145)1:4.47341579794729)1:0.6920777013562928)1:1.121690524093549)1:1.9205974198040823)1:3.3868153030100485)1:1.7180732422621454)1:3.7192285478050375,(((157,((35,(145,(52,(85,195)1:1.5409042832055073)1:0.09383723154478833)1:5.375625059944467)1:0.28568606380506584,(((198,123)1:0.5776978682497819,(60,161)1:1.1028670817218658)1:6.0978245630988885,((94,132)1:2.9917442323760346,(90,180)1:1.9234372932032548)1:4.9992122744307785)1:2.536778480494844)1:4.998262042740317)1:2.620332108378344,((((152,(130,(138,151)0.48:0.011049836186584935)1:4.9992122744307785)1:2.535431321184022,((86,68)1:5.404677382538943,(96,(137,(143,(41,178)1:0.23422208396395794)1:1.0481529626295378)1:1.0652547288403564)1:2.9917442323760346)1:3.8706438287632516)1:0.9882398468491359,(((163,98)1:1.4152860741780309,(17,150)1:4.557379522151745)1:2.5904977307160357,((107,(139,153)1:2.226623552191001)1:3.3548363106354024,((92,(74,71)0.45:0.011547358154787638)1:1.9805300526499365,((177,(7,176)1:2.014880316231851)1:1.9313991187012607,((181,15)1:1.651100790426134,(174,189)1:3.265208590625551)1:0.38938038612481923)1:1.3102100174379365)1:0.10275681140750414)1:2.7043379929010243)1:5.929482985735016)1:3.428219116152947,(((164,(79,32)1:6.5032896712070904)1:1.378877234151242,(((23,65)1:2.382627800667582,((48,109)1:2.27953927829216,(103,(37,140)1:2.1094642301455573)1:1.0630277414979372)1:1.1514315377309905)1:4.798541578968634,((31,((27,170)1:4.74543175365469,((169,159)1:4.422998150725521,(121,(22,167)1:3.3673563773345103)1:0.7428279224233183)1:1.4365003493865214)1:1.7469517844722127)1:1.1181800777930047,(155,((112,20)1:5.404677382538943,((113,21)1:0.4352259631845432,((101,(148,117)1:0.8129984692803881)1:0.3899535916509051,(106,(61,129)1:0.6063023175995073)1:1.0486810603326493)1:1.828386147204291)1:3.011925144856857)1:1.943433461494491)1:0.9986306565509299)1:0.8089682618325614)1:1.195385817842635)1:0.5893589986898758,((9,((125,160)1:0.4222187667315086,(75,67)1:1.7627813501025469)1:0.14414842205256614)1:6.5032896712070904,((((158,168)1:0.5219395547102872,(118,14)1:1.4064766808697484)1:4.133045929739187,(184,(83,(146,(19,171)1:2.072713401529061)1:0.3326122436441087)1:2.5836764965122336)1:0.6027076205762474)1:6.166817434585782,((69,(100,(50,6)1:1.5475337500098796)1:1.0565522995407461)1:4.10539439840869,((88,(149,51)1:2.131798134288782)1:0.9904663082726541,(((58,133)1:2.258713663960587,(80,(187,62)1:2.10977623289371)1:1.0080679694733645)0.5:0.014588197500964255,(76,((197,(57,192)1:0.7287694957512709)1:1.6695955623029792,(185,(154,179)1:0.25924045913943067)1:0.8432804791625704)1:1.0612290557209738)1:0.34803735705907796)1:0.37231700408970125)1:2.223253465712164)1:3.8582976060719796)1:2.3679326564125103)1:0.5498270264889682)1:4.774330414719856)1:1.1732857421409368)1:1.9999874321414126,(0,((((38,190)1:4.901020248251558,(36,(39,45)1:1.160955419242245)1:5.810142490647089)1:0.4374087150120007,((172,(144,182)1:4.8938517587729455)1:1.153926463565923,(10,(56,(33,136)1:1.2143086826057135)1:0.06957866118093275)1:3.8101651203215208)1:5.5639164320054775)1:1.578641485454268,((126,(108,(91,97)1:2.298597051816091)1:2.040478706233482)1:0.41584177025384494,(((199,(2,115)1:0.793029903084136)1:3.423616970523013,(194,(47,64)1:3.617135549255094)1:1.0418401017133931)1:1.2674050198716864,(131,(193,141)1:1.5760359860498516)1:5.127466609954477)1:0.5040429836570189)1:6.501870224552822)1:2.172556330920725)1:0.6940860218444189)1:4.253618618498282)1:4.17481550486042)1:0.17586393669444517)1:0.9379004948751171)1:1.7312406295827223)1:1.2941599610712444)1:5.597637337537926)0.39:0.004004009353382788)1:0.3258705734865896)1:1.5062480371716986));
Weight calculation took 6.952563937 secs
ASTRAL finished in 38.872 secs
