
================== ASTRAL ===================== 

This is ASTRAL version 5.7.8
Gene trees are treated as unrooted
50 trees read from Dataset/AstralII_data/model.200.500000.0.000001/30/estimatedgenetre.halfresolved_50
index0
All output trees will be *arbitrarily* rooted at 172

======== Running the main analysis
Number of taxa: 201 (201 species)
Taxa: [172, 48, 2, 28, 45, 133, 160, 195, 176, 158, 142, 51, 92, 122, 27, 130, 174, 11, 21, 54, 112, 85, 61, 102, 87, 185, 83, 63, 135, 178, 19, 124, 157, 78, 91, 70, 118, 131, 116, 123, 57, 38, 159, 55, 186, 129, 145, 188, 106, 153, 86, 14, 68, 137, 146, 37, 29, 136, 31, 198, 79, 56, 62, 126, 117, 82, 77, 197, 26, 3, 98, 110, 114, 132, 156, 80, 140, 191, 121, 180, 189, 141, 32, 109, 164, 74, 196, 94, 147, 4, 97, 192, 90, 179, 161, 125, 93, 59, 0, 6, 7, 12, 73, 60, 171, 95, 10, 47, 139, 35, 71, 75, 194, 177, 151, 165, 34, 128, 41, 20, 170, 23, 113, 1, 24, 22, 105, 162, 53, 18, 101, 5, 25, 39, 17, 173, 193, 127, 58, 44, 183, 120, 149, 182, 175, 155, 69, 163, 144, 49, 166, 52, 134, 9, 64, 15, 200, 72, 42, 13, 148, 81, 190, 96, 50, 184, 88, 104, 150, 169, 30, 43, 143, 119, 187, 111, 36, 107, 181, 103, 89, 100, 108, 167, 46, 99, 199, 8, 138, 168, 67, 66, 76, 65, 154, 33, 152, 84, 115, 16, 40]
Taxon occupancy: {110=50, 111=50, 112=50, 113=50, 114=50, 115=50, 116=50, 117=50, 118=50, 119=50, 10=50, 11=50, 12=50, 13=50, 14=50, 15=50, 16=50, 17=50, 18=50, 19=50, 120=50, 121=50, 0=50, 122=50, 1=50, 2=50, 123=50, 124=50, 3=50, 4=50, 125=50, 126=50, 5=50, 6=50, 127=50, 7=50, 128=50, 129=50, 8=50, 9=50, 20=50, 21=50, 22=50, 23=50, 24=50, 25=50, 26=50, 27=50, 28=50, 29=50, 130=50, 131=50, 132=50, 133=50, 134=50, 135=50, 136=50, 137=50, 138=50, 139=50, 30=50, 31=50, 32=50, 33=50, 34=50, 35=50, 36=50, 37=50, 38=50, 39=50, 140=50, 141=50, 142=50, 143=50, 144=50, 145=50, 146=50, 147=50, 148=50, 149=50, 40=50, 41=50, 42=50, 43=50, 44=50, 45=50, 46=50, 47=50, 48=50, 49=50, 150=50, 151=50, 152=50, 153=50, 154=50, 155=50, 156=50, 157=50, 158=50, 159=50, 50=50, 51=50, 52=50, 53=50, 54=50, 55=50, 56=50, 57=50, 58=50, 59=50, 160=50, 161=50, 162=50, 163=50, 164=50, 165=50, 166=50, 167=50, 168=50, 169=50, 60=50, 61=50, 62=50, 63=50, 64=50, 65=50, 66=50, 67=50, 68=50, 69=50, 170=50, 171=50, 172=50, 173=50, 174=50, 175=50, 176=50, 177=50, 178=50, 179=50, 70=50, 71=50, 72=50, 73=50, 74=50, 75=50, 76=50, 77=50, 78=50, 79=50, 180=50, 181=50, 182=50, 183=50, 184=50, 185=50, 186=50, 187=50, 188=50, 189=50, 80=50, 81=50, 82=50, 83=50, 84=50, 85=50, 86=50, 87=50, 88=50, 89=50, 190=50, 191=50, 192=50, 193=50, 194=50, 195=50, 196=50, 197=50, 198=50, 199=50, 90=50, 91=50, 92=50, 93=50, 94=50, 95=50, 96=50, 97=50, 98=50, 99=50, 200=50, 100=50, 101=50, 102=50, 103=50, 104=50, 105=50, 106=50, 107=50, 108=50, 109=50}
Number of gene trees: 50
0 trees have missing taxa
Calculating quartet distance matrix (for completion of X)
Species tree distances calculated ...
Building set of clusters (X) from gene trees 
------------------------------
gradient0: 11521
Number of Clusters after addition by distance: 11521
calculating extra bipartitions to be added at level 1 ...
Adding to X using resolutions of greedy consensus ...
Limit for sigma of degrees:5075
polytomy size limit : 48
discarded polytomies: 82 110  [3, 3, 3, 3, 3, 3, 3, 3, 3, 3, 3, 3, 4, 4, 4, 5, 5, 7, 24, 24, 24, 37, 48, 82, 110]
Threshold 0.0:
polytomy of size 24; rounds with additions with at least 5 support: 5; clusters: 21193
Threshold 0.01:
polytomy of size 24; rounds with additions with at least 5 support: 0; clusters: 29487
Threshold 0.02:
polytomy of size 24; rounds with additions with at least 5 support: 0; clusters: 37165
Threshold 0.05:
polytomy of size 3; rounds with additions with at least 5 support: 1; clusters: 37167
polytomy of size 3; rounds with additions with at least 5 support: 1; clusters: 37169
polytomy of size 3; rounds with additions with at least 5 support: 1; clusters: 37171
polytomy of size 37; rounds with additions with at least 5 support: 5; clusters: 38035
Threshold 0.1:
polytomy of size 3; rounds with additions with at least 5 support: 0; clusters: 38035
polytomy of size 5; rounds with additions with at least 5 support: 0; clusters: 38035
polytomy of size 3; rounds with additions with at least 5 support: 0; clusters: 38035
polytomy of size 4; rounds with additions with at least 5 support: 0; clusters: 38035
polytomy of size 3; rounds with additions with at least 5 support: 0; clusters: 38035
polytomy of size 3; rounds with additions with at least 5 support: 0; clusters: 38035
polytomy of size 3; rounds with additions with at least 5 support: 0; clusters: 38035
polytomy of size 48; rounds with additions with at least 5 support: 1; clusters: 38469
Threshold 0.2:
polytomy of size 3; rounds with additions with at least 5 support: 0; clusters: 38469
polytomy of size 3; rounds with additions with at least 5 support: 0; clusters: 38469
polytomy of size 7; rounds with additions with at least 5 support: 0; clusters: 38469
polytomy of size 82; rounds with additions with at least 5 support: 1; clusters: 38881
Threshold 0.3333333333333333:
polytomy of size 4; rounds with additions with at least 5 support: 0; clusters: 38881
polytomy of size 3; rounds with additions with at least 5 support: 0; clusters: 38881
polytomy of size 4; rounds with additions with at least 5 support: 0; clusters: 38881
polytomy of size 5; rounds with additions with at least 5 support: 0; clusters: 38881
polytomy of size 3; rounds with additions with at least 5 support: 0; clusters: 38881
polytomy of size 110; rounds with additions with at least 5 support: 0; clusters: 39069
max k is :10
Number of Clusters after addition by greedy: 39069
gradient0 in heuristiic: 39069
partitions formed in 20.661 secs
Dynamic Programming starting after 20.661 secs
Using tree-based weight calculation.
Using polytree-based weight calculation.
Polytree max score: 3299837370
Polytree building time: 0.113 seconds.
Number of quartet trees in the gene trees: 3299837370
Size of largest cluster: 201
Greedy score: 1366052884
estimationFactor: 2.415600017136672
Sub-optimal score: 1393595378
Calculated 100000 weights; time (seconds): 53
Total Number of elements weighted: 131326
Normalized score (portion of input quartet trees satisfied before correcting for multiple individuals): 0.4745798781592682
Optimization score: 1566036417
Optimal tree inferred in 65.435 secs.
(108,(167,(((70,(123,57)),((186,(159,55)),((129,(118,38)),((106,(145,153)),(188,(131,116)))))),(((29,(37,(137,146))),((86,(14,68)),((136,117),((79,(56,62)),(198,(31,126)))))),(((157,(124,156)),((19,(80,140)),(132,(110,114)))),((((93,59),(58,(44,183))),(173,((96,50),(135,(63,17))))),((((107,(181,103)),((3,98),(89,100))),(125,((49,166),(182,((175,155),(144,(69,163))))))),(((178,78),(((151,(26,(165,34))),(54,((196,94),(91,74)))),((177,36),((23,(170,113)),(149,(197,(20,(128,41)))))))),((0,((((191,121),(6,(60,(7,(12,73))))),((184,(171,95)),(32,((109,164),(141,(180,189)))))),(((9,64),((42,13),(200,72))),(18,(((5,25),(105,(24,(1,22)))),(127,(39,(162,(193,(53,101)))))))))),(((21,(158,((45,160),(133,(195,176))))),(27,((134,(92,52)),((82,(51,130)),(77,((174,11),(142,122))))))),(((85,(190,(87,81))),((61,102),(112,(185,83)))),((((150,169),(104,(120,88))),((15,(179,161)),((90,(46,99)),(147,((4,43),(97,((192,30),(119,(187,(143,111)))))))))),((148,(28,71)),((75,194),(((16,40),((48,84),((47,152),(2,(139,35))))),((115,(199,(168,67))),((172,10),((8,138),(66,(65,(76,(154,33))))))))))))))))))))));
Final quartet score is: 1566036417
Final normalized quartet score is: 0.4745798781592682
Extended species tree:
(172,(10,(((8,138)1:0.9585603574950319,(66,(65,(76,(154,33)0.98:0.2688432107553748)0.52:0.050375830383890305)1:0.7130518538789694)1:0.46425909341822774)1:0.5624172727703736,((115,(199,(168,67)1:0.7748252115742128)0.99:0.29949638688050095)0.41:0.01780698398378853,(((16,40)1:1.103086569063031,((48,84)1:0.43686565990822357,((47,152)0.84:0.1545592600168034,(2,(139,35)1:0.5311334291481857)0.76:0.12397337481841741)1:0.39414000143327244)1:0.7228265476671801)0.92:0.2008811728000466,((75,194)1:1.425702408656529,((148,(28,71)0.95:0.23164662335645625)0.53:0.0536707372004844,((((150,169)0.7:0.15263455614772212,(104,(120,88)0.8:0.14299801059004033)0.51:0.04814698869818566)1:0.4959752456874444,((15,(179,161)1:1.0239315241359594)0.74:0.11613952942572485,((90,(46,99)1:0.4787164611137512)1:0.8014671538379724,(147,((4,43)1:0.5386589226645535,(97,((192,30)0.98:0.2873744274716587,(119,(187,(143,111)0.68:0.1051921796587756)0.56:0.07314396994811588)1:0.6527437351576144)0.73:0.11729590955254296)0.98:0.2718930262072951)0.72:0.11330404748301456)0.99:0.34261795446978266)0.99:0.34185607286285274)0.59:0.07272207446280121)0.57:0.06837211864789298,(((85,(190,(87,81)0.59:0.09433026791797626)0.8:0.1425726968495177)0.72:0.10989639297266002,((61,102)1:0.6533340981817702,(112,(185,83)0.98:0.2706833826208375)0.6:0.0760632706224795)0.43:0.024052401625938774)1:0.838803711424497,(((21,(158,((45,160)0.74:0.1185523891559535,(133,(195,176)0.76:0.13090349300682858)1:0.4183022548688451)1:1.0369767327157233)0.41:0.019596462982491875)0.6:0.07275046106946156,(27,((134,(92,52)1:0.5755622235414283)1:0.35726943728892957,((82,(51,130)1:2.266408452548325)0.45:0.02855062424770556,(77,((174,11)1:0.9614111671546247,(142,122)1:0.9606305269900789)0.99:0.3259708470455528)0.49:0.0484206804710773)0.81:0.15649087725479197)0.43:0.028651184372664073)0.99:0.3402638666170705)0.86:0.16438501197138855,((0,((((191,121)1:1.7073135390690328,(6,(60,(7,(12,73)0.45:0.060940328212111525)1:0.395068460176255)1:1.085197271569275)0.43:0.024944691054444818)0.83:0.14949070706756615,((184,(171,95)1:1.400054673960108)0.97:0.2625072814101346,(32,((109,164)1:0.6661198429299907,(141,(180,189)0.73:0.12592679323930334)1:0.5144279603609174)1:0.4462347150652152)0.75:0.12442390123527852)0.5:0.04481493071599496)0.59:0.07108648135650081,(((9,64)1:0.6079662863285796,((42,13)0.84:0.16116737632256797,(200,72)1:1.1289268257932141)0.97:0.2508620419352584)1:0.5567727439382387,(18,(((5,25)1:0.8749258982923477,(105,(24,(1,22)0.91:0.19449920780548047)1:0.5069509976876689)1:0.5412160659285747)0.58:0.07000350828104904,(127,(39,(162,(193,(53,101)0.55:0.05969254419143164)0.79:0.14962971924915547)0.52:0.052842481374379933)0.44:0.04204823624349951)1:0.3714035422616808)0.93:0.2092345090273654)1:0.5018528856578413)0.4:0.014490824826214676)0.6:0.07526689309882571)0.33:0.0,(((178,78)1:0.992066783953673,(((151,(26,(165,34)0.97:0.2680697552645551)1:0.5463604934232235)1:1.489297454342218,(54,((196,94)1:0.5308820903832437,(91,74)0.62:0.10051180066346926)1:0.4706040495579793)0.79:0.13540420616989868)0.46:0.03215998458270757,((177,36)0.78:0.13353139262452238,((23,(170,113)0.72:0.14643149035793177)1:1.064427326989206,(149,(197,(20,(128,41)0.66:0.09776416876589145)1:1.331111953568632)0.45:0.038912637364201)0.99:0.3168025881479781)0.61:0.07720991719097796)0.39:0.010880778219155455)0.51:0.045990168504566796)0.3:0.0,((((107,(181,103)0.85:0.19883996340039922)1:0.7507159093669825,((3,98)1:1.2344925538465896,(89,100)1:0.6636705362695249)0.64:0.0992419946793094)1:0.6936301329396275,(125,((49,166)0.43:0.027396152107592033,(182,((175,155)1:0.8453156991832121,(144,(69,163)0.76:0.14117961346277963)1:1.20582525935789)0.79:0.13818199456907698)0.49:0.04770647848146019)1:0.5200292376347424)0.62:0.10339724364355203)0.51:0.048211253985312764,((((93,59)1:0.8802822243854466,(58,(44,183)1:0.823373625470498)1:0.9194281514329873)0.47:0.035045403375642575,(173,((96,50)1:1.471234328265567,(135,(63,17)0.64:0.09335131531899186)1:0.8423207708727575)0.99:0.3328638727533313)1:0.47844535248978687)0.41:0.01768472104630188,(((157,(124,156)0.73:0.12516314295400605)1:0.8492827401784663,((19,(80,140)1:0.8470008159768803)0.98:0.2949144645861734,(132,(110,114)1:0.380598605155228)1:0.35080268415380905)0.5:0.04376214639674108)0.99:0.31589759327214256,(((29,(37,(137,146)0.6:0.09188468098129751)0.71:0.1084674239613065)1:1.2129189691630897,((86,(14,68)0.66:0.09058280935722683)1:1.00092139589771,((136,117)1:0.47309737204537544,((79,(56,62)0.98:0.27517021029902716)0.86:0.16636146175492014,(198,(31,126)1:0.3955020170636521)0.99:0.33646211060291514)0.92:0.1999049299795407)0.98:0.2729575866180616)0.98:0.27853723024165494)0.93:0.2134030057679141,(((70,(123,57)1:0.39108591997591474)1:0.44356927215893455,((186,(159,55)1:0.44942072089234075)0.47:0.03435240831091092,((129,(118,38)0.99:0.32535247280969104)1:0.3519301492074089,((106,(145,153)1:0.35010339501857496)0.4:0.012012536180106401,(188,(131,116)0.84:0.15802030811178117)0.64:0.09025260380126976)0.98:0.2771471045960036)0.56:0.07045254442595626)1:0.5517104700838157)0.97:0.2648296037765621,(167,108)1:1.0406691586438677)0.98:0.2741157992197658)0.63:0.08426951701241425)0.92:0.2058483922315206)0.41:0.01790246776959837)0.35:0.0)0.45:0.03091072135256092)0.4:0.015060653887424289)0.42:0.02301248308807139)0.66:0.09429410127742271)0.59:0.0713276006342629)0.49:0.04713194177196063)0.38:0.007853443505570622)0.46:0.031879187592623835)0.86:0.16741554937901415)1:1.466928104765319));
Weight calculation took 36.718965987 secs
ASTRAL finished in 67.018 secs
