
================== ASTRAL ===================== 

This is ASTRAL version 5.7.8
Gene trees are treated as unrooted
50 trees read from Dataset/AstralII_data/model.200.10000000.0.000001/28/estimatedgenetre.halfresolved_50
index0
All output trees will be *arbitrarily* rooted at 152

======== Running the main analysis
Number of taxa: 201 (201 species)
Taxa: [152, 133, 112, 148, 104, 125, 101, 106, 51, 31, 192, 85, 166, 180, 89, 29, 50, 24, 46, 25, 0, 58, 36, 60, 151, 137, 122, 118, 84, 182, 5, 154, 176, 77, 127, 158, 16, 168, 189, 37, 111, 56, 64, 26, 195, 28, 79, 82, 22, 3, 141, 119, 115, 188, 80, 33, 196, 100, 155, 65, 143, 198, 99, 144, 150, 88, 139, 8, 178, 105, 72, 175, 48, 53, 76, 74, 63, 165, 187, 62, 86, 12, 114, 32, 40, 124, 179, 93, 183, 39, 160, 73, 120, 13, 17, 142, 110, 147, 108, 35, 47, 191, 157, 66, 42, 197, 200, 181, 171, 49, 20, 21, 199, 174, 193, 1, 23, 156, 19, 131, 145, 194, 164, 92, 10, 44, 136, 52, 185, 103, 138, 69, 15, 67, 134, 173, 4, 98, 186, 153, 38, 9, 132, 18, 68, 126, 75, 94, 113, 116, 128, 87, 109, 96, 55, 59, 163, 78, 161, 159, 7, 172, 169, 123, 54, 129, 71, 135, 117, 41, 162, 177, 11, 97, 61, 121, 146, 2, 45, 149, 27, 167, 57, 170, 6, 14, 140, 102, 34, 91, 130, 83, 70, 43, 90, 81, 30, 184, 95, 107, 190]
Taxon occupancy: {110=50, 111=50, 112=50, 113=50, 114=50, 115=50, 116=50, 117=50, 118=50, 119=50, 10=50, 11=50, 12=50, 13=50, 14=50, 15=50, 16=50, 17=50, 18=50, 19=50, 120=50, 0=50, 121=50, 122=50, 1=50, 123=50, 2=50, 3=50, 124=50, 125=50, 4=50, 5=50, 126=50, 127=50, 6=50, 128=50, 7=50, 8=50, 129=50, 9=50, 20=50, 21=50, 22=50, 23=50, 24=50, 25=50, 26=50, 27=50, 28=50, 29=50, 130=50, 131=50, 132=50, 133=50, 134=50, 135=50, 136=50, 137=50, 138=50, 139=50, 30=50, 31=50, 32=50, 33=50, 34=50, 35=50, 36=50, 37=50, 38=50, 39=50, 140=50, 141=50, 142=50, 143=50, 144=50, 145=50, 146=50, 147=50, 148=50, 149=50, 40=50, 41=50, 42=50, 43=50, 44=50, 45=50, 46=50, 47=50, 48=50, 49=50, 150=50, 151=50, 152=50, 153=50, 154=50, 155=50, 156=50, 157=50, 158=50, 159=50, 50=50, 51=50, 52=50, 53=50, 54=50, 55=50, 56=50, 57=50, 58=50, 59=50, 160=50, 161=50, 162=50, 163=50, 164=50, 165=50, 166=50, 167=50, 168=50, 169=50, 60=50, 61=50, 62=50, 63=50, 64=50, 65=50, 66=50, 67=50, 68=50, 69=50, 170=50, 171=50, 172=50, 173=50, 174=50, 175=50, 176=50, 177=50, 178=50, 179=50, 70=50, 71=50, 72=50, 73=50, 74=50, 75=50, 76=50, 77=50, 78=50, 79=50, 180=50, 181=50, 182=50, 183=50, 184=50, 185=50, 186=50, 187=50, 188=50, 189=50, 80=50, 81=50, 82=50, 83=50, 84=50, 85=50, 86=50, 87=50, 88=50, 89=50, 190=50, 191=50, 192=50, 193=50, 194=50, 195=50, 196=50, 197=50, 198=50, 199=50, 90=50, 91=50, 92=50, 93=50, 94=50, 95=50, 96=50, 97=50, 98=50, 99=50, 200=50, 100=50, 101=50, 102=50, 103=50, 104=50, 105=50, 106=50, 107=50, 108=50, 109=50}
Number of gene trees: 50
0 trees have missing taxa
Calculating quartet distance matrix (for completion of X)
Species tree distances calculated ...
Building set of clusters (X) from gene trees 
------------------------------
gradient0: 2901
Number of Clusters after addition by distance: 2901
calculating extra bipartitions to be added at level 1 ...
Adding to X using resolutions of greedy consensus ...
Limit for sigma of degrees:5075
polytomy size limit : 5
discarded polytomies:  [3, 3, 3, 3, 4, 4, 5, 5]
Threshold 0.0:
Threshold 0.01:
Threshold 0.02:
Threshold 0.05:
Threshold 0.1:
Threshold 0.2:
polytomy of size 3; rounds with additions with at least 5 support: 0; clusters: 2901
polytomy of size 3; rounds with additions with at least 5 support: 0; clusters: 2901
Threshold 0.3333333333333333:
polytomy of size 4; rounds with additions with at least 5 support: 0; clusters: 2901
polytomy of size 5; rounds with additions with at least 5 support: 0; clusters: 2901
polytomy of size 5; rounds with additions with at least 5 support: 0; clusters: 2901
polytomy of size 3; rounds with additions with at least 5 support: 0; clusters: 2901
polytomy of size 4; rounds with additions with at least 5 support: 0; clusters: 2901
polytomy of size 3; rounds with additions with at least 5 support: 0; clusters: 2901
max k is :0
Number of Clusters after addition by greedy: 2901
gradient0 in heuristiic: 2901
partitions formed in 5.661 secs
Dynamic Programming starting after 5.661 secs
Using tree-based weight calculation.
Using polytree-based weight calculation.
Polytree max score: 3299903319
Polytree building time: 0.382 seconds.
Number of quartet trees in the gene trees: 3299903319
Size of largest cluster: 201
Greedy score: 3051357580
estimationFactor: 1.081454150319544
Sub-optimal score: 3064012685
Total Number of elements weighted: 3881
Normalized score (portion of input quartet trees satisfied before correcting for multiple individuals): 0.9335562582280611
Optimization score: 3080645395
Optimal tree inferred in 7.767 secs.
(134,((173,4),((15,(69,67)),(38,(9,(((153,(98,186)),(185,(103,138))),((164,((174,(193,(1,23))),(156,(19,(131,(145,194)))))),((92,((136,52),(10,44))),((20,(49,(21,199))),((132,(18,(68,126))),(((120,13),(((35,47),(191,157)),((17,142),((110,(147,108)),(66,((181,171),(200,(42,197)))))))),((((50,(24,46)),(25,(89,29))),(((170,6),((121,(146,2)),(57,(45,(149,(27,167)))))),((((180,(31,192)),((51,166),(106,85))),((152,(133,112)),((125,101),(148,104)))),((14,(140,(102,(34,91)))),((107,(130,83)),((30,(184,95)),(190,((90,81),(70,43))))))))),(((((161,159),(59,(163,78))),((109,(96,55)),((75,94),(128,(87,(113,116)))))),(((172,123),(7,169)),((71,(135,117)),((162,177),(41,((54,129),(11,(97,61)))))))),(0,(((179,(93,((160,73),(183,39)))),(((165,187),(74,63)),((62,(86,12)),(114,(32,(40,124)))))),(196,((((198,(99,144)),(143,(100,(155,65)))),((150,(88,(139,(8,178)))),(105,(76,(53,(72,(175,48))))))),((3,(141,(119,(115,(188,(80,33)))))),(58,(((111,(189,37)),((26,(56,64)),((82,22),(28,(195,79))))),((36,60),((168,(16,(77,(127,158)))),((151,137),((5,(154,176)),(118,(84,(122,182)))))))))))))))))))))))))));
Final quartet score is: 3080645395
Final normalized quartet score is: 0.9335562582280611
Extended species tree:
(152,((133,112)1:2.150218534960289,(((125,101)1:0.41295802492703,(148,104)1:0.4581895466328529)1:1.0831920726305588,(((180,(31,192)1:2.139868084858404)1:0.41668993939122706,((51,166)0.53:0.05886086111560081,(106,85)1:1.0445319698380409)1:0.900861950216921)1:0.6842702961543045,(((14,(140,(102,(34,91)1:1.4532521263333487)1:0.8802577318403648)1:0.6557403749095095)1:0.8978890383846982,((107,(130,83)1:2.8332133440562166)1:0.37362450225250565,((30,(184,95)1:0.628701531491166)1:0.7769501043007108,(190,((90,81)1:1.4369661637750946,(70,43)1:1.7352483529435079)1:0.3474628782950285)0.85:0.16366103162777512)1:1.455995134591984)1:0.8378850488538272)1:1.1397446827706235,(((170,6)1:1.7611278097215344,((121,(146,2)1:1.309333319983762)1:2.2735975561207935,(57,(45,(149,(27,167)0.99:0.32840305176916224)1:1.5114575040738965)1:0.9114007465799635)1:1.2237754316221159)1:2.7379031642518896)1:1.8216124323777365,(((50,(24,46)1:1.4475504954296845)1:0.64529115938231,(25,(89,29)0.55:0.06084129379757148)0.86:0.1706255170307632)1:3.5263605246161593,((((((161,159)1:2.4277482359480516,(59,(163,78)1:1.0883568403602133)1:1.2237754316221159)1:3.5263605246161593,((109,(96,55)1:1.9169226121820613)1:3.5263605246161593,((75,94)1:2.4277482359480516,(128,(87,(113,116)1:3.5113226472516192)1:0.6922517917521764)0.99:0.33556766849078584)1:1.8947738829274277)0.68:0.13088357328331357)0.99:0.338556791137005,(((172,123)1:1.65455834771457,(7,169)0.4:0.014815085785140587)1:2.4277482359480516,((71,(135,117)1:1.0883568403602133)1:1.7747066808453351,((162,177)1:3.5263605246161593,(41,((54,129)1:3.4912692048048948,(11,(97,61)1:1.908874278999232)1:1.1747423426367194)0.62:0.0792804710166062)0.46:0.035047780026785255)0.99:0.3125031189286927)1:1.0414538748281608)1:2.8332133440562166)1:2.2141741356499915,(0,(((179,(93,((160,73)1:1.1252401856729954,(183,39)1:3.5263605246161593)1:1.2237754316221159)1:2.424761248448777)1:0.5772828513225258,(((165,187)1:3.5263605246161593,(74,63)1:3.5263605246161593)1:2.8332133440562166,((62,(86,12)1:0.5819215454497209)1:2.8332133440562166,(114,(32,(40,124)1:1.2242806097081311)1:1.000631880307906)1:3.5263605246161593)1:3.5263605246161593)1:1.8841327893590694)1:2.139294856092046,(196,((((198,(99,144)1:3.5263605246161593)1:0.738267615840415,(143,(100,(155,65)0.83:0.15889055444639996)1:1.1257002730977204)1:0.8952713646500793)1:1.7627719323548023,((150,(88,(139,(8,178)1:0.6930481461454056)1:2.022283127839887)1:2.4277482359480516)1:2.4277482359480516,(105,(76,(53,(72,(175,48)1:0.48207861605805924)1:1.6498836216323522)0.98:0.2811673914305873)1:2.079139928044614)1:2.2019415672143583)0.92:0.20338211781425017)1:3.5263605246161593,((3,(141,(119,(115,(188,(80,33)0.97:0.26845825565794196)1:1.8216124323777365)1:1.9179435413161683)1:2.4277482359480516)1:0.7689639403107608)1:2.1121846802517514,(58,(((111,(189,37)1:3.5263605246161593)0.84:0.17684894280126703,((26,(56,64)1:0.8883860321397347)1:1.576019053686177,((82,22)1:0.9360933591703345,(28,(195,79)1:0.9668650178370888)1:0.5585659190725857)1:2.3192837343526342)1:0.5281809557361237)1:1.8935449933377126,((36,60)1:2.8332133440562166,((168,(16,(77,(127,158)1:2.8331143096416747)1:0.527840262942759)1:0.47120483059136953)0.96:0.24481959010438317,((151,137)1:1.0658794189348513,((5,(154,176)1:1.7142932500059118)1:1.8264691080955948,(118,(84,(122,182)1:1.224796461960078)1:0.5864068365529631)1:0.7360731119877129)0.89:0.18064521328257724)0.6:0.07931543873117707)1:1.7674055596668836)1:1.802958373012463)0.99:0.3623729650533701)1:2.6655489450622345)1:2.767830584793362)0.53:0.05701719084861107)1:1.2941169209803605)1:3.5263605246161593)1:3.0752849052559452)1:0.9779775733538368,(((120,13)1:2.8332133440562166,(((35,47)1:3.5263605246161593,(191,157)1:2.8332133440562166)1:1.675760555365174,((17,142)1:2.9509963797125955,((110,(147,108)1:2.14006616349627)1:2.053832722121954,(66,((181,171)1:1.9169226121820613,(200,(42,197)1:1.5804503755608483)0.86:0.17645643734155653)1:2.1434908243776345)1:1.9113824318064454)0.99:0.32456542075925077)1:0.6931471805599453)1:2.8332133440562166)1:1.862605763175107,((132,(18,(68,126)1:1.915913020980709)1:1.9169226121820613)1:3.5263605246161593,((20,(49,(21,199)1:1.0212304606543228)0.98:0.2682639865946794)1:3.5263605246161593,((92,((136,52)1:2.022283127839887,(10,44)1:2.4277482359480516)1:2.4277482359480516)1:1.8292170317629548,((164,((174,(193,(1,23)1:1.5404450409471486)1:3.5263605246161593)1:1.7167065655115556,(156,(19,(131,(145,194)0.82:0.15397032091253002)1:1.000631880307906)1:3.4573676531292135)0.45:0.02823653038233896)1:1.1018358341174521)1:0.8626283931934616,(((153,(98,186)1:0.8183103235139515)1:2.0166012943724576,(185,(103,138)1:2.14006616349627)1:2.8539394745733335)0.49:0.04079004709097595,(9,(38,((15,(69,67)1:0.7352456284828781)1:1.6447060512715583,((173,4)1:0.36932571069196646,134)1:0.9117760515196287)1:1.7872215700477039)1:0.8854544239067461)0.83:0.15253983575042399)1:2.170503529528086)1:0.638849999001029)1:1.0120379527786079)1:1.6471137847385884)1:0.37601827218783274)1:0.7387808779530265)0.93:0.20941139752381877)1:3.5263605246161593)1:2.4277482359480516)1:1.8776528421473149)1:1.1687597639644114)0.74:0.11814316720306035));
Weight calculation took 1.022161226 secs
ASTRAL finished in 9.423 secs
