
================== ASTRAL ===================== 

This is ASTRAL version 5.7.8
Gene trees are treated as unrooted
993 trees read from Dataset/AstralII_data/model.200.10000000.0.000001/28/estimatedgenetre.halfresolved
index0
All output trees will be *arbitrarily* rooted at 152

======== Running the main analysis
Number of taxa: 201 (201 species)
Taxa: [152, 133, 112, 148, 104, 125, 101, 106, 51, 31, 192, 85, 166, 180, 89, 29, 50, 24, 46, 25, 0, 58, 36, 60, 151, 137, 122, 118, 84, 182, 5, 154, 176, 77, 127, 158, 16, 168, 189, 37, 111, 56, 64, 26, 195, 28, 79, 82, 22, 3, 141, 119, 115, 188, 80, 33, 196, 100, 155, 65, 143, 198, 99, 144, 150, 88, 139, 8, 178, 105, 72, 175, 48, 53, 76, 74, 63, 165, 187, 62, 86, 12, 114, 32, 40, 124, 179, 93, 183, 39, 160, 73, 120, 13, 17, 142, 110, 147, 108, 35, 47, 191, 157, 66, 42, 197, 200, 181, 171, 49, 20, 21, 199, 174, 193, 1, 23, 156, 19, 131, 145, 194, 164, 92, 10, 44, 136, 52, 185, 103, 138, 69, 15, 67, 134, 173, 4, 98, 186, 153, 38, 9, 132, 18, 68, 126, 75, 94, 113, 116, 128, 87, 109, 96, 55, 59, 163, 78, 161, 159, 7, 172, 169, 123, 54, 129, 71, 135, 117, 41, 162, 177, 11, 97, 61, 121, 146, 2, 45, 149, 27, 167, 57, 170, 6, 14, 140, 102, 34, 91, 130, 83, 70, 43, 90, 81, 30, 184, 95, 107, 190]
Taxon occupancy: {110=993, 111=993, 112=993, 113=993, 114=993, 115=993, 116=993, 117=993, 118=993, 119=993, 10=993, 11=993, 12=993, 13=993, 14=993, 15=993, 16=993, 17=993, 18=993, 19=993, 120=993, 0=993, 121=993, 122=993, 1=993, 123=993, 2=993, 3=993, 124=993, 125=993, 4=993, 5=993, 126=993, 127=993, 6=993, 128=993, 7=993, 8=993, 129=993, 9=993, 20=993, 21=993, 22=993, 23=993, 24=993, 25=993, 26=993, 27=993, 28=993, 29=993, 130=993, 131=993, 132=993, 133=993, 134=993, 135=993, 136=993, 137=993, 138=993, 139=993, 30=993, 31=993, 32=993, 33=993, 34=993, 35=993, 36=993, 37=993, 38=993, 39=993, 140=993, 141=993, 142=993, 143=993, 144=993, 145=993, 146=993, 147=993, 148=993, 149=993, 40=993, 41=993, 42=993, 43=993, 44=993, 45=993, 46=993, 47=993, 48=993, 49=993, 150=993, 151=993, 152=993, 153=993, 154=993, 155=993, 156=993, 157=993, 158=993, 159=993, 50=993, 51=993, 52=993, 53=993, 54=993, 55=993, 56=993, 57=993, 58=993, 59=993, 160=993, 161=993, 162=993, 163=993, 164=993, 165=993, 166=993, 167=993, 168=993, 169=993, 60=993, 61=993, 62=993, 63=993, 64=993, 65=993, 66=993, 67=993, 68=993, 69=993, 170=993, 171=993, 172=993, 173=993, 174=993, 175=993, 176=993, 177=993, 178=993, 179=993, 70=993, 71=993, 72=993, 73=993, 74=993, 75=993, 76=993, 77=993, 78=993, 79=993, 180=993, 181=993, 182=993, 183=993, 184=993, 185=993, 186=993, 187=993, 188=993, 189=993, 80=993, 81=993, 82=993, 83=993, 84=993, 85=993, 86=993, 87=993, 88=993, 89=993, 190=993, 191=993, 192=993, 193=993, 194=993, 195=993, 196=993, 197=993, 198=993, 199=993, 90=993, 91=993, 92=993, 93=993, 94=993, 95=993, 96=993, 97=993, 98=993, 99=993, 200=993, 100=993, 101=993, 102=993, 103=993, 104=993, 105=993, 106=993, 107=993, 108=993, 109=993}
Number of gene trees: 993
0 trees have missing taxa
Calculating quartet distance matrix (for completion of X)
Species tree distances calculated ...
Building set of clusters (X) from gene trees 
------------------------------
gradient0: 13687
Number of Clusters after addition by distance: 13687
calculating extra bipartitions to be added at level 1 ...
Adding to X using resolutions of greedy consensus ...
Limit for sigma of degrees:5075
polytomy size limit : 5
discarded polytomies:  [3, 3, 3, 3, 3, 3, 3, 3, 3, 4, 4, 4, 4, 5, 5]
Threshold 0.0:
Threshold 0.01:
Threshold 0.02:
Threshold 0.05:
Threshold 0.1:
Threshold 0.2:
polytomy of size 4; rounds with additions with at least 5 support: 0; clusters: 13687
polytomy of size 4; rounds with additions with at least 5 support: 0; clusters: 13687
polytomy of size 3; rounds with additions with at least 5 support: 0; clusters: 13687
Threshold 0.3333333333333333:
polytomy of size 4; rounds with additions with at least 5 support: 0; clusters: 13687
polytomy of size 5; rounds with additions with at least 5 support: 0; clusters: 13687
polytomy of size 3; rounds with additions with at least 5 support: 0; clusters: 13687
polytomy of size 3; rounds with additions with at least 5 support: 0; clusters: 13687
polytomy of size 5; rounds with additions with at least 5 support: 0; clusters: 13687
polytomy of size 3; rounds with additions with at least 5 support: 0; clusters: 13687
polytomy of size 4; rounds with additions with at least 5 support: 0; clusters: 13687
polytomy of size 3; rounds with additions with at least 5 support: 0; clusters: 13687
polytomy of size 3; rounds with additions with at least 5 support: 0; clusters: 13687
polytomy of size 3; rounds with additions with at least 5 support: 0; clusters: 13687
polytomy of size 3; rounds with additions with at least 5 support: 0; clusters: 13687
polytomy of size 3; rounds with additions with at least 5 support: 0; clusters: 13687
max k is :0
Number of Clusters after addition by greedy: 13687
gradient0 in heuristiic: 13687
partitions formed in 21.422 secs
Dynamic Programming starting after 21.422 secs
Using tree-based weight calculation.
Using polytree-based weight calculation.
Polytree max score: 65533654725
Polytree building time: 3.71 seconds.
Number of quartet trees in the gene trees: 65533654725
Size of largest cluster: 201
Greedy score: 59996779502
estimationFactor: 1.0922862071757606
Sub-optimal score: 60781209204
Total Number of elements weighted: 39210
Normalized score (portion of input quartet trees satisfied before correcting for multiple individuals): 0.942014028243257
Optimization score: 61733622073
Optimal tree inferred in 54.932 secs.
(134,((173,4),((15,(69,67)),(38,(9,((185,(103,138)),((153,(98,186)),((164,((174,(193,(1,23))),(156,(19,(131,(145,194)))))),((92,((10,44),(136,52))),((20,(49,(21,199))),((132,(18,(68,126))),(((120,13),(((191,157),(35,47)),((17,142),((110,(147,108)),(66,((181,171),(200,(42,197)))))))),((((50,(24,46)),(89,(29,25))),(((170,6),((121,(146,2)),(57,(45,(149,(27,167)))))),((((180,(31,192)),(166,(51,(106,85)))),((152,(133,112)),((125,101),(148,104)))),((14,(140,(102,(34,91)))),((107,(130,83)),((30,(184,95)),(190,((90,81),(70,43))))))))),((((109,(96,55)),(((161,159),(59,(163,78))),((75,94),(128,(87,(113,116)))))),(((172,123),(7,169)),((71,(135,117)),((162,177),((41,(54,129)),(11,(97,61))))))),(0,(((179,(93,((183,39),(160,73)))),(((165,187),(74,63)),((62,(86,12)),(114,(32,(40,124)))))),((((198,(99,144)),(143,(100,(155,65)))),((150,(88,(139,(8,178)))),(105,(76,(53,(72,(175,48))))))),(196,((3,(141,(119,(115,(188,(80,33)))))),(58,(((111,(189,37)),((26,(56,64)),((82,22),(28,(195,79))))),((36,60),((168,(16,(77,(127,158)))),((151,137),((5,(154,176)),(118,(84,(122,182))))))))))))))))))))))))))));
Final quartet score is: 61733622073
Final normalized quartet score is: 0.942014028243257
Extended species tree:
(152,((133,112)1:2.363736078737284,(((125,101)1:0.4528926032509247,(148,104)1:0.3033627618224669)1:0.9193946595000164,(((180,(31,192)1:2.7652291054857745)1:0.5795644275213532,(166,(51,(106,85)1:0.917523637008215)1:0.0761392214280548)1:1.1096996640521428)1:0.629087185285173,(((14,(140,(102,(34,91)1:1.2201090092602618)1:0.8946589168083013)1:0.8408377808410235)1:1.0118076723155667,((107,(130,83)1:3.3086825392226045)1:0.26528440350058635,((30,(184,95)1:0.6816621225863817)1:0.6829972345372085,(190,((90,81)1:1.9764201071842198,(70,43)1:1.9719684748129955)1:0.396832058696745)1:0.08068760317395522)1:1.6404791059623989)1:0.6793982104914678)1:1.4897557980639335,(((170,6)1:1.451732189851272,((121,(146,2)1:1.7317862956472254)1:2.3285474426325297,(57,(45,(149,(27,167)1:0.23239168504603)1:1.3232787851166021)1:0.8403583950583198)1:0.856304057638961)1:2.2015774937830392)1:1.5217746742683802,(((50,(24,46)1:2.0858724648589773)1:0.7161544745766587,(89,(29,25)0.42:0.007708059443338415)1:0.14470522328549354)1:5.183959615241736,(((((109,(96,55)1:1.7064190537106747)1:3.2998397225474534,(((161,159)1:3.620223453103477,(59,(163,78)1:0.4834307180833717)1:1.7194388076484288)1:5.851651958883113,((75,94)1:3.022896932273017,(128,(87,(113,116)1:4.177030670759909)1:0.3671338416327289)1:0.19675554788203323)1:1.930764440324069)1:0.21676592103289727)1:0.2678353522312698,(((172,123)1:1.4870406999421577,(7,169)0.72:0.028957928581184837)1:2.6885530658744283,((71,(135,117)1:1.2464993192400144)1:1.779504193823633,((162,177)1:3.878834305932807,((41,(54,129)1:3.450011705381258)0.52:0.014727791384836129,(11,(97,61)1:2.202854368387083)1:1.1234017101770803)0.98:0.05646545109063776)1:0.2433546224094605)1:1.4222658449876882)1:2.960798762438802)1:3.3070441592546445,(0,(((179,(93,((183,39)1:4.6269633728587705,(160,73)1:1.3345593734313654)1:1.5959763913223135)1:1.9785982709413343)1:0.6435340418629094,(((165,187)1:3.894843140501101,(74,63)1:2.66927150003738)1:3.6515693324753107,((62,(86,12)1:0.26615802879747175)1:4.2259553335525215,(114,(32,(40,124)1:1.4012161713046178)1:1.2030870147889443)1:2.125557519467375)1:2.866797486567251)1:1.5623004166813172)1:1.8473198957631296,((((198,(99,144)1:4.8908991328189915)1:0.44818308540405183,(143,(100,(155,65)1:0.26116991186648675)1:1.694948023734709)1:0.8853913569586399)1:1.9301328634005155,((150,(88,(139,(8,178)1:0.6605509456244499)1:1.5441191534754923)1:1.877048145469393)1:3.0177764899687176,(105,(76,(53,(72,(175,48)1:0.8817082879417096)1:1.762668737863557)0.99:0.06173719962145303)1:1.9711233095907061)1:2.287102477410601)1:0.11533908728712015)1:3.701978966476554,(196,((3,(141,(119,(115,(188,(80,33)1:0.26754726720459676)1:2.2975444203005786)1:1.999592733058165)1:2.124909555319979)1:0.6338464387766412)1:1.6939592191079986,(58,(((111,(189,37)1:3.7871203649389007)1:0.19307047927198734,((26,(56,64)1:0.7301458358962291)1:1.58807981884257,((82,22)1:0.9723245164952745,(28,(195,79)1:1.4775406628524423)1:0.8024664658671312)1:2.5209449485352318)1:0.6658581451233784)1:1.8103935787494774,((36,60)1:4.706657947962054,((168,(16,(77,(127,158)1:2.0958409719737174)1:0.7285309229370629)1:0.5619369955236589)1:0.3659286081228261,((151,137)1:1.5170311646158572,((5,(154,176)1:1.4586395290976435)1:1.920892522686864,(118,(84,(122,182)1:1.0435532680477912)1:0.9507749660890331)1:0.846281450384829)1:0.08598052477917026)1:0.22248406266343673)1:1.7579085890372366)1:1.693747743943282)1:0.2502771501826032)1:2.1666290326153455)1:1.8400555920173796)0.9:0.04559757636707955)1:1.6644968211684292)1:5.778910659867881)1:4.320462942614764)1:1.618248063078003,(((120,13)1:3.759718950017143,(((191,157)1:3.03951363033715,(35,47)1:3.6621254737670257)1:1.6140555248654003,((17,142)1:2.7260582605343746,((110,(147,108)1:2.1542994899187455)1:1.2281771337508496,(66,((181,171)1:2.4965245916863057,(200,(42,197)1:2.301543761220494)1:0.45552389820862077)1:1.6069319515138663)1:1.867037817034799)1:0.18331166130785675)1:0.6708964602794105)1:3.6586368641787446)1:1.753139126139538,((132,(18,(68,126)1:2.2415422742855653)1:1.897677916356684)1:4.660982546054987,((20,(49,(21,199)1:0.7582651287770663)1:0.3421763234228197)1:5.4088772879275355,((92,((10,44)1:2.883051355186838,(136,52)1:2.3283417051740756)1:2.833738324606128)1:1.9940878541877598,((164,((174,(193,(1,23)1:1.3176798434683883)1:3.511659825000769)1:1.307858151650605,(156,(19,(131,(145,194)0.61:0.01962854275981253)1:1.4252412456635017)1:5.010806879546214)1:0.0845727856848347)1:0.795802609252538)1:1.211885786231024,((153,(98,186)1:0.9917676483750513)1:1.8198615772166293,((185,(103,138)1:2.6797405344263234)1:3.604946528293074,(9,(38,((15,(69,67)1:1.1988170727668388)1:1.1118071037362505,((173,4)1:0.18807074859485834,134)1:0.9381443481196363)1:1.9052367383224182)1:0.8397264412550568)1:0.16419981344469448)0.53:0.026617520699956168)1:2.366083398932057)1:0.9940593390399748)1:0.8429921115768323)1:1.772447528009465)1:0.43443513488920577)1:0.9323918243886387)1:0.07545947262849714)1:4.695851322236938)1:2.3740058969147237)1:2.0203054221553596)1:1.133165209296556)1:0.16280195749163628));
Weight calculation took 28.192426821 secs
ASTRAL finished in 64.511 secs
