
================== ASTRAL ===================== 

This is ASTRAL version 5.7.8
Gene trees are treated as unrooted
200 trees read from Dataset/AstralII_data/model.200.10000000.0.000001/28/estimatedgenetre.halfresolved_200
index0
All output trees will be *arbitrarily* rooted at 152

======== Running the main analysis
Number of taxa: 201 (201 species)
Taxa: [152, 133, 112, 148, 104, 125, 101, 106, 51, 31, 192, 85, 166, 180, 89, 29, 50, 24, 46, 25, 0, 58, 36, 60, 151, 137, 122, 118, 84, 182, 5, 154, 176, 77, 127, 158, 16, 168, 189, 37, 111, 56, 64, 26, 195, 28, 79, 82, 22, 3, 141, 119, 115, 188, 80, 33, 196, 100, 155, 65, 143, 198, 99, 144, 150, 88, 139, 8, 178, 105, 72, 175, 48, 53, 76, 74, 63, 165, 187, 62, 86, 12, 114, 32, 40, 124, 179, 93, 183, 39, 160, 73, 120, 13, 17, 142, 110, 147, 108, 35, 47, 191, 157, 66, 42, 197, 200, 181, 171, 49, 20, 21, 199, 174, 193, 1, 23, 156, 19, 131, 145, 194, 164, 92, 10, 44, 136, 52, 185, 103, 138, 69, 15, 67, 134, 173, 4, 98, 186, 153, 38, 9, 132, 18, 68, 126, 75, 94, 113, 116, 128, 87, 109, 96, 55, 59, 163, 78, 161, 159, 7, 172, 169, 123, 54, 129, 71, 135, 117, 41, 162, 177, 11, 97, 61, 121, 146, 2, 45, 149, 27, 167, 57, 170, 6, 14, 140, 102, 34, 91, 130, 83, 70, 43, 90, 81, 30, 184, 95, 107, 190]
Taxon occupancy: {110=200, 111=200, 112=200, 113=200, 114=200, 115=200, 116=200, 117=200, 118=200, 119=200, 10=200, 11=200, 12=200, 13=200, 14=200, 15=200, 16=200, 17=200, 18=200, 19=200, 120=200, 0=200, 121=200, 122=200, 1=200, 123=200, 2=200, 3=200, 124=200, 125=200, 4=200, 5=200, 126=200, 127=200, 6=200, 128=200, 7=200, 8=200, 129=200, 9=200, 20=200, 21=200, 22=200, 23=200, 24=200, 25=200, 26=200, 27=200, 28=200, 29=200, 130=200, 131=200, 132=200, 133=200, 134=200, 135=200, 136=200, 137=200, 138=200, 139=200, 30=200, 31=200, 32=200, 33=200, 34=200, 35=200, 36=200, 37=200, 38=200, 39=200, 140=200, 141=200, 142=200, 143=200, 144=200, 145=200, 146=200, 147=200, 148=200, 149=200, 40=200, 41=200, 42=200, 43=200, 44=200, 45=200, 46=200, 47=200, 48=200, 49=200, 150=200, 151=200, 152=200, 153=200, 154=200, 155=200, 156=200, 157=200, 158=200, 159=200, 50=200, 51=200, 52=200, 53=200, 54=200, 55=200, 56=200, 57=200, 58=200, 59=200, 160=200, 161=200, 162=200, 163=200, 164=200, 165=200, 166=200, 167=200, 168=200, 169=200, 60=200, 61=200, 62=200, 63=200, 64=200, 65=200, 66=200, 67=200, 68=200, 69=200, 170=200, 171=200, 172=200, 173=200, 174=200, 175=200, 176=200, 177=200, 178=200, 179=200, 70=200, 71=200, 72=200, 73=200, 74=200, 75=200, 76=200, 77=200, 78=200, 79=200, 180=200, 181=200, 182=200, 183=200, 184=200, 185=200, 186=200, 187=200, 188=200, 189=200, 80=200, 81=200, 82=200, 83=200, 84=200, 85=200, 86=200, 87=200, 88=200, 89=200, 190=200, 191=200, 192=200, 193=200, 194=200, 195=200, 196=200, 197=200, 198=200, 199=200, 90=200, 91=200, 92=200, 93=200, 94=200, 95=200, 96=200, 97=200, 98=200, 99=200, 200=200, 100=200, 101=200, 102=200, 103=200, 104=200, 105=200, 106=200, 107=200, 108=200, 109=200}
Number of gene trees: 200
0 trees have missing taxa
Calculating quartet distance matrix (for completion of X)
Species tree distances calculated ...
Building set of clusters (X) from gene trees 
------------------------------
gradient0: 6127
Number of Clusters after addition by distance: 6127
calculating extra bipartitions to be added at level 1 ...
Adding to X using resolutions of greedy consensus ...
Limit for sigma of degrees:5075
polytomy size limit : 5
discarded polytomies:  [3, 3, 3, 3, 3, 3, 4, 4, 4, 4, 5, 5]
Threshold 0.0:
Threshold 0.01:
Threshold 0.02:
Threshold 0.05:
Threshold 0.1:
Threshold 0.2:
polytomy of size 4; rounds with additions with at least 5 support: 0; clusters: 6127
polytomy of size 4; rounds with additions with at least 5 support: 0; clusters: 6127
Threshold 0.3333333333333333:
polytomy of size 4; rounds with additions with at least 5 support: 0; clusters: 6127
polytomy of size 5; rounds with additions with at least 5 support: 0; clusters: 6127
polytomy of size 3; rounds with additions with at least 5 support: 0; clusters: 6127
polytomy of size 5; rounds with additions with at least 5 support: 0; clusters: 6127
polytomy of size 3; rounds with additions with at least 5 support: 0; clusters: 6127
polytomy of size 4; rounds with additions with at least 5 support: 0; clusters: 6127
polytomy of size 3; rounds with additions with at least 5 support: 0; clusters: 6127
polytomy of size 3; rounds with additions with at least 5 support: 0; clusters: 6127
polytomy of size 3; rounds with additions with at least 5 support: 0; clusters: 6127
polytomy of size 3; rounds with additions with at least 5 support: 0; clusters: 6127
max k is :0
Number of Clusters after addition by greedy: 6127
gradient0 in heuristiic: 6127
partitions formed in 5.768 secs
Dynamic Programming starting after 5.768 secs
Using tree-based weight calculation.
Using polytree-based weight calculation.
Polytree max score: 13198944849
Polytree building time: 0.421 seconds.
Number of quartet trees in the gene trees: 13198944849
Size of largest cluster: 201
Greedy score: 12179089950
estimationFactor: 1.0837381859553472
Sub-optimal score: 12207316829
Total Number of elements weighted: 11280
Normalized score (portion of input quartet trees satisfied before correcting for multiple individuals): 0.9378494807437466
Optimization score: 12378623573
Optimal tree inferred in 10.142 secs.
(134,((173,4),((15,(69,67)),(38,(9,((185,(103,138)),((153,(98,186)),((164,((174,(193,(1,23))),(156,(19,(145,(131,194)))))),((92,((136,52),(10,44))),((20,(49,(21,199))),((132,(18,(68,126))),(((120,13),(((191,157),(35,47)),((17,142),((110,(147,108)),(66,((181,171),(200,(42,197)))))))),(((50,(24,46)),(89,(29,25))),((((170,6),((121,(146,2)),(57,(45,(149,(27,167)))))),((((180,(31,192)),(166,(51,(106,85)))),((152,(133,112)),((125,101),(148,104)))),((14,(140,(102,(34,91)))),((107,(130,83)),((30,(184,95)),(190,((90,81),(70,43)))))))),((((109,(96,55)),(((161,159),(59,(163,78))),((75,94),(128,(87,(113,116)))))),(((172,123),(7,169)),((71,(135,117)),((162,177),(41,((54,129),(11,(97,61)))))))),(0,(((179,(93,((183,39),(160,73)))),(((165,187),(74,63)),((62,(86,12)),(114,(32,(40,124)))))),(196,((((198,(99,144)),(143,(100,(155,65)))),((150,(88,(139,(8,178)))),(105,(76,(53,(72,(175,48))))))),((3,(141,(119,(115,(188,(80,33)))))),(58,(((111,(189,37)),((26,(56,64)),((82,22),(28,(195,79))))),((36,60),((168,(16,(77,(127,158)))),((151,137),((5,(154,176)),(118,(84,(122,182)))))))))))))))))))))))))))));
Final quartet score is: 12378623573
Final normalized quartet score is: 0.9378494807437466
Extended species tree:
(152,((133,112)1:2.499850824967727,(((125,101)1:0.5690113818621969,(148,104)1:0.27845912928442895)1:0.8745980185111207,(((180,(31,192)1:2.489843431166036)1:0.5779319359611383,(166,(51,(106,85)1:1.0538990020728174)0.71:0.06800387873089604)1:0.9413507181215476)1:0.6725769934810982,(((14,(140,(102,(34,91)1:1.625262797086167)1:0.8883980159133177)1:0.7455151660772612)1:0.962621708703389,((107,(130,83)1:3.8042913260329083)1:0.25169237906346714,((30,(184,95)1:0.5693384947534899)1:0.6435390522963744,(190,((90,81)1:2.1101489424926507,(70,43)1:1.8122510315836757)1:0.43113023219108665)0.9:0.09240501653105587)1:1.779952706335503)1:0.6363161430372832)1:1.3468245727569403,(((170,6)1:1.417638087856764,((121,(146,2)1:1.4283610366855077)1:2.269755820674182,(57,(45,(149,(27,167)1:0.23998936510038316)1:1.1752950663956485)1:0.8941251559992489)1:0.9557313119441713)1:2.0390740298245067)1:1.4920062331082213,(((((109,(96,55)1:1.8554952215275013)1:3.1841930497145716,(((161,159)1:3.3457182293419305,(59,(163,78)1:0.5530394016437092)1:1.5723966407537515)1:4.897839799950916,((75,94)1:2.4146440145665395,(128,(87,(113,116)1:3.5114951837866597)1:0.4390501505600968)1:0.24221969837502352)1:1.9948650459597603)1:0.17928253331733987)1:0.24415170665974434,(((172,123)1:1.368642218436573,(7,169)0.62:0.058954475290423844)1:2.4659770719730374,((71,(135,117)1:1.1681338603852378)1:1.8045350109525315,((162,177)1:3.847252889143678,(41,((54,129)1:3.8154381281918277,(11,(97,61)1:2.238089845352188)1:0.9612580688269248)0.51:0.026975986736844173)0.63:0.05158005145816896)1:0.2662591170519273)1:1.3908151285353236)1:2.777740116243226)1:3.0252979699202167,(0,(((179,(93,((183,39)1:4.204692619390971,(160,73)1:1.3131176994739053)1:1.5885277256333223)1:2.192321491557311)1:0.6017825951635467,(((165,187)1:3.805917686004293,(74,63)1:2.9493883534669254)1:3.3087177463251845,((62,(86,12)1:0.3084355936804665)1:3.6450832509502615,(114,(32,(40,124)1:1.4911919625137955)1:1.179404007745133)1:2.2062325255151283)1:2.80248657389021)1:1.6872591547155622)1:1.8155849519793785,(196,((((198,(99,144)1:4.877839133244247)1:0.479538063830052,(143,(100,(155,65)1:0.23509052825886767)1:1.4947915787323005)1:1.0239781128266086)1:2.292321888782504,((150,(88,(139,(8,178)1:0.5382642802688364)1:1.6522680476402511)1:1.9179487274103417)1:3.031850948418924,(105,(76,(53,(72,(175,48)1:0.7131939939068015)1:1.8000300349674367)0.97:0.12425142940231404)1:1.9250028019341225)1:2.4889052068212365)1:0.18053304446755294)1:3.316757307409322,((3,(141,(119,(115,(188,(80,33)1:0.27266944984460667)1:2.3669205890573215)1:1.7047226983151909)1:2.201592304080675)1:0.7352834920813599)1:1.5964855891668093,(58,(((111,(189,37)1:3.3035454012718106)1:0.20064392065440237,((26,(56,64)1:0.7358429620515576)1:1.621027961276475,((82,22)1:1.1127748036211407,(28,(195,79)1:1.2837104238634571)1:0.7532888433269151)1:1.981813263409497)1:0.5719104290782533)1:1.793502395490273,((36,60)1:4.20461193844373,((168,(16,(77,(127,158)1:2.6912020275396746)1:0.757281497973339)1:0.5144357436836869)1:0.2475931248332582,((151,137)1:1.28514137176953,((5,(154,176)1:1.5297940986871306)1:1.7500162041754828,(118,(84,(122,182)1:1.193889736212498)1:0.8519030530724931)1:0.704820878427975)0.65:0.05526353976345886)1:0.24695095268464595)1:1.746179587553065)1:1.6845904151812514)1:0.2726050279504416)1:2.1130901024841853)1:1.9916778685452174)0.46:0.023610806219712954)1:1.3410341046398147)1:4.84068138611095)1:3.6252742041593686)1:1.5773179934504418,(((50,(24,46)1:1.807156076236536)1:0.6012523522319255,(89,(29,25)0.56:0.033249536040769315)0.96:0.11978256749463173)1:4.184067971508284,(((120,13)1:3.3244045956011132,(((191,157)1:3.022918712138963,(35,47)1:3.509004141402346)1:1.5621502371091833,((17,142)1:2.571693637338235,((110,(147,108)1:1.8551929623763417)1:1.223974976039551,(66,((181,171)1:2.316927479429888,(200,(42,197)1:2.063831419950592)1:0.42262508230164314)1:1.6906565649147127)1:1.7863685648305556)1:0.2264124391417152)1:0.7165332280801224)1:3.405246628331648)1:1.9427677012595648,((132,(18,(68,126)1:2.2480611464360862)1:1.8379894616590582)1:4.282075035324037,((20,(49,(21,199)1:0.7552623675669347)1:0.21208499926222193)1:4.072599041536068,((92,((136,52)1:2.0362192178916363,(10,44)1:2.646548001344417)1:2.6893411460414733)1:1.7610903685954322,((164,((174,(193,(1,23)1:1.3121604886048572)1:4.177156461582366)1:1.2042060404785975,(156,(19,(145,(131,194)0.64:0.04511157785244913)1:1.3157145750814419)1:3.7856630242521305)0.56:0.03290417097306456)1:0.9222805366749441)1:1.0842881327078868,((153,(98,186)1:0.9282151568110412)1:2.0662261677481024,((185,(103,138)1:2.489944443817957)1:3.3012471942455073,(9,(38,((15,(69,67)1:1.145617239420531)1:1.1449014020945887,((173,4)1:0.2722118132804873,134)1:1.0865376749068287)1:1.9325744524957358)1:0.8344050873573906)0.97:0.12776918664384668)0.46:0.025758800469872063)1:2.254829901204432)1:0.8231737413663985)1:1.0352644664697357)1:1.68204693952666)1:0.3992695409792746)1:0.8598944451605276)0.45:0.03144328243262114)1:4.120953736536838)1:2.6706058757114075)1:1.6569243121023973)1:1.1766507318303545)0.99:0.14956028023981327));
Weight calculation took 3.532967623 secs
ASTRAL finished in 12.36 secs
