
================== ASTRAL ===================== 

This is ASTRAL version 5.7.8
Gene trees are treated as unrooted
1000 trees read from Dataset/AstralII_data/model.200.500000.0.000001/43/estimatedgenetre.halfresolved
index0
All output trees will be *arbitrarily* rooted at 155

======== Running the main analysis
Number of taxa: 201 (201 species)
Taxa: [155, 168, 83, 178, 170, 90, 29, 133, 87, 156, 175, 104, 132, 63, 112, 46, 116, 52, 154, 103, 97, 108, 146, 192, 157, 31, 187, 129, 99, 131, 125, 27, 191, 151, 143, 85, 39, 193, 89, 37, 128, 44, 100, 136, 92, 166, 32, 19, 182, 184, 70, 33, 23, 17, 123, 113, 165, 141, 139, 162, 91, 96, 171, 45, 179, 130, 197, 94, 48, 198, 159, 62, 75, 42, 12, 118, 106, 93, 81, 114, 119, 53, 183, 120, 82, 150, 145, 28, 102, 20, 142, 14, 101, 78, 3, 126, 79, 54, 176, 185, 47, 8, 40, 190, 124, 59, 186, 153, 73, 127, 111, 51, 11, 152, 4, 167, 66, 180, 61, 72, 149, 65, 144, 188, 194, 109, 174, 177, 199, 105, 6, 115, 172, 16, 21, 2, 56, 189, 84, 41, 57, 98, 13, 137, 110, 49, 200, 69, 10, 164, 0, 36, 67, 121, 22, 158, 107, 68, 43, 160, 135, 50, 122, 71, 138, 26, 173, 195, 76, 134, 77, 148, 64, 161, 9, 169, 25, 18, 35, 86, 34, 80, 15, 163, 7, 60, 55, 88, 30, 117, 147, 95, 5, 74, 140, 58, 196, 24, 38, 181, 1]
Taxon occupancy: {110=1000, 111=1000, 112=1000, 113=1000, 114=1000, 115=1000, 116=1000, 117=1000, 118=1000, 119=1000, 10=1000, 11=1000, 12=1000, 13=1000, 14=1000, 15=1000, 16=1000, 17=1000, 18=1000, 19=1000, 120=1000, 0=1000, 121=1000, 122=1000, 1=1000, 123=1000, 2=1000, 3=1000, 124=1000, 125=1000, 4=1000, 126=1000, 5=1000, 127=1000, 6=1000, 128=1000, 7=1000, 129=1000, 8=1000, 9=1000, 20=1000, 21=1000, 22=1000, 23=1000, 24=1000, 25=1000, 26=1000, 27=1000, 28=1000, 29=1000, 130=1000, 131=1000, 132=1000, 133=1000, 134=1000, 135=1000, 136=1000, 137=1000, 138=1000, 139=1000, 30=1000, 31=1000, 32=1000, 33=1000, 34=1000, 35=1000, 36=1000, 37=1000, 38=1000, 39=1000, 140=1000, 141=1000, 142=1000, 143=1000, 144=1000, 145=1000, 146=1000, 147=1000, 148=1000, 149=1000, 40=1000, 41=1000, 42=1000, 43=1000, 44=1000, 45=1000, 46=1000, 47=1000, 48=1000, 49=1000, 150=1000, 151=1000, 152=1000, 153=1000, 154=1000, 155=1000, 156=1000, 157=1000, 158=1000, 159=1000, 50=1000, 51=1000, 52=1000, 53=1000, 54=1000, 55=1000, 56=1000, 57=1000, 58=1000, 59=1000, 160=1000, 161=1000, 162=1000, 163=1000, 164=1000, 165=1000, 166=1000, 167=1000, 168=1000, 169=1000, 60=1000, 61=1000, 62=1000, 63=1000, 64=1000, 65=1000, 66=1000, 67=1000, 68=1000, 69=1000, 170=1000, 171=1000, 172=1000, 173=1000, 174=1000, 175=1000, 176=1000, 177=1000, 178=1000, 179=1000, 70=1000, 71=1000, 72=1000, 73=1000, 74=1000, 75=1000, 76=1000, 77=1000, 78=1000, 79=1000, 180=1000, 181=1000, 182=1000, 183=1000, 184=1000, 185=1000, 186=1000, 187=1000, 188=1000, 189=1000, 80=1000, 81=1000, 82=1000, 83=1000, 84=1000, 85=1000, 86=1000, 87=1000, 88=1000, 89=1000, 190=1000, 191=1000, 192=1000, 193=1000, 194=1000, 195=1000, 196=1000, 197=1000, 198=1000, 199=1000, 90=1000, 91=1000, 92=1000, 93=1000, 94=1000, 95=1000, 96=1000, 97=1000, 98=1000, 99=1000, 200=1000, 100=1000, 101=1000, 102=1000, 103=1000, 104=1000, 105=1000, 106=1000, 107=1000, 108=1000, 109=1000}
Number of gene trees: 1000
0 trees have missing taxa
Calculating quartet distance matrix (for completion of X)
Species tree distances calculated ...
Building set of clusters (X) from gene trees 
------------------------------
gradient0: 172135
Number of Clusters after addition by distance: 172135
calculating extra bipartitions to be added at level 1 ...
Adding to X using resolutions of greedy consensus ...
Limit for sigma of degrees:5075
polytomy size limit : 52
discarded polytomies: 68 84 121  [3, 3, 3, 3, 3, 3, 3, 3, 3, 3, 3, 3, 4, 4, 4, 4, 4, 4, 5, 5, 8, 9, 17, 27, 33, 52, 68, 84, 121]
Threshold 0.0:
polytomy of size 17; rounds with additions with at least 5 support: 7; clusters: 173845
Threshold 0.01:
polytomy of size 3; rounds with additions with at least 5 support: 0; clusters: 173845
polytomy of size 4; rounds with additions with at least 5 support: 0; clusters: 173853
polytomy of size 27; rounds with additions with at least 5 support: 8; clusters: 178949
Threshold 0.02:
polytomy of size 5; rounds with additions with at least 5 support: 0; clusters: 178953
polytomy of size 3; rounds with additions with at least 5 support: 0; clusters: 178953
polytomy of size 33; rounds with additions with at least 5 support: 0; clusters: 185951
polytomy of size 3; rounds with additions with at least 5 support: 0; clusters: 185951
Threshold 0.05:
polytomy of size 5; rounds with additions with at least 5 support: 0; clusters: 185951
polytomy of size 52; rounds with additions with at least 5 support: 2; clusters: 186147
Threshold 0.1:
polytomy of size 8; rounds with additions with at least 5 support: 0; clusters: 186147
polytomy of size 68; rounds with additions with at least 5 support: 1; clusters: 186277
Threshold 0.2:
polytomy of size 3; rounds with additions with at least 5 support: 0; clusters: 186277
polytomy of size 3; rounds with additions with at least 5 support: 0; clusters: 186277
polytomy of size 9; rounds with additions with at least 5 support: 0; clusters: 186277
polytomy of size 3; rounds with additions with at least 5 support: 0; clusters: 186277
polytomy of size 4; rounds with additions with at least 5 support: 0; clusters: 186277
polytomy of size 84; rounds with additions with at least 5 support: 0; clusters: 186333
Threshold 0.3333333333333333:
polytomy of size 4; rounds with additions with at least 5 support: 0; clusters: 186333
polytomy of size 3; rounds with additions with at least 5 support: 0; clusters: 186333
polytomy of size 3; rounds with additions with at least 5 support: 0; clusters: 186333
polytomy of size 4; rounds with additions with at least 5 support: 0; clusters: 186333
polytomy of size 3; rounds with additions with at least 5 support: 0; clusters: 186333
polytomy of size 3; rounds with additions with at least 5 support: 0; clusters: 186333
polytomy of size 4; rounds with additions with at least 5 support: 0; clusters: 186333
polytomy of size 3; rounds with additions with at least 5 support: 0; clusters: 186333
polytomy of size 3; rounds with additions with at least 5 support: 0; clusters: 186333
polytomy of size 4; rounds with additions with at least 5 support: 0; clusters: 186333
polytomy of size 121; rounds with additions with at least 5 support: 0; clusters: 186381
max k is :16
Number of Clusters after addition by greedy: 186381
gradient0 in heuristiic: 186381
partitions formed in 217.773 secs
Dynamic Programming starting after 217.773 secs
Using tree-based weight calculation.
Using polytree-based weight calculation.
Polytree max score: 65995542144
Polytree building time: 4.068 seconds.
Number of quartet trees in the gene trees: 65995542144
Size of largest cluster: 201
Greedy score: 26252230976
estimationFactor: 2.513902235750312
Sub-optimal score: 29482297198
Calculated 100000 weights; time (seconds): 672
Calculated 200000 weights; time (seconds): 455
Calculated 300000 weights; time (seconds): 467
Calculated 400000 weights; time (seconds): 493
Calculated 500000 weights; time (seconds): 484
Total Number of elements weighted: 541239
Normalized score (portion of input quartet trees satisfied before correcting for multiple individuals): 0.47273986171559074
Optimization score: 31198723467
Optimal tree inferred in 2769.762 secs.
(15,(163,(80,(34,(111,((51,11),((82,150),((((73,127),(124,(186,(59,153)))),(((8,190),(47,(126,40))),((185,(78,176)),(79,(101,(3,54)))))),((24,(49,((62,58),(75,(1,((198,(197,42)),(48,(179,(130,12))))))))),((38,181),(((14,(66,115)),(180,(61,72))),(((154,103),(25,(35,(169,18)))),(((94,(118,(7,(60,(88,(30,117)))))),(46,((155,57),((98,13),(41,((2,(116,52)),(84,(56,189)))))))),((((95,5),(147,(74,140))),((142,(102,20)),(29,((133,145),(90,28))))),((((152,105),(6,(128,120))),((192,(157,151)),(((171,45),(168,(96,(170,(83,91))))),(134,(55,(37,(((136,92),(44,100)),((87,156),((139,(162,(165,141))),(113,((182,(32,33)),((112,(63,17)),((175,(104,132)),(123,((19,23),(166,(184,70))))))))))))))))),(((200,(16,(21,(69,10)))),(31,((129,(149,(187,143))),((99,131),(125,(27,(191,89))))))),(0,(((97,((4,167),(93,(67,121)))),((164,22),((85,193),((146,39),(108,159))))),((172,(135,(160,(138,(71,(50,122)))))),(((158,86),(77,((106,64),(148,(161,9))))),(178,(((137,110),((196,(194,(144,188))),((53,36),((114,119),(81,183))))),(((65,173),(195,(26,76))),((109,174),((177,199),(107,(68,43)))))))))))))))))))))))))));
Final quartet score is: 31198723467
Final normalized quartet score is: 0.47273986171559074
Extended species tree:
(155,(57,(((98,13)1:1.0656881700173337,(41,((2,(116,52)1:0.3504229902787294)1:0.4207064067972735,(84,(56,189)1:0.129544988001978)1:0.6231156427336052)1:0.10845967807579304)1:0.16943432054923832)0.83:0.03389453643709542,(46,((94,(118,(7,(60,(88,(30,117)1:0.1813757859965858)1:0.3920917180596306)1:0.1763395324564374)1:0.14840117471316341)1:0.7851019785701421)0.95:0.048604952565464626,(((((95,5)1:0.09535947115616725,(147,(74,140)1:0.18248807334381428)1:0.2374782309116358)1:1.0671809589147312,((142,(102,20)1:0.15460992208561639)1:0.11348116622399339,(29,((133,145)1:0.21310332595974685,(90,28)1:0.12918827183339868)1:0.6245432815304416)1:0.23549775223352576)1:0.5911444971065193)1:0.08250742928096214,((((152,105)0.69:0.024286170399646537,(6,(128,120)1:0.5484299146075781)1:0.13146515212916615)1:0.2989529046548532,((192,(157,151)1:0.17549375280761179)1:0.9915005588674722,(((171,45)1:0.3614052537102085,(168,(96,(170,(83,91)1:0.2369560571787412)1:0.33785582085735916)1:0.20389007246001764)1:0.1611384529014355)1:0.13805555676510686,(134,(55,(37,(((136,92)1:0.4967700964588623,(44,100)1:0.5188797071486017)1:0.8986741355483979,((87,156)1:0.9413877445141727,((139,(162,(165,141)1:0.3674253909192248)1:0.1713810147963635)1:0.14824435677551664,(113,((182,(32,33)1:0.6770810101456219)1:0.08624538971405585,((112,(63,17)0.41:0.006265900305074614)1:0.38499878917809766,((175,(104,132)0.54:0.014335567839458935)1:0.830238221282104,(123,((19,23)1:0.35449959583636376,(166,(184,70)0.71:0.028412872459805526)1:0.6650258019024036)0.56:0.02268936434964953)0.64:0.029015755714492122)1:0.2063209696015918)0.42:0.006804278395617371)1:0.2113872160433436)1:0.11608040109793719)0.98:0.0563439682820952)0.96:0.05130828755794062)0.98:0.05715806842798449)1:0.2007887116734514)0.45:0.009489481416821268)0.97:0.056652837612573406)0.79:0.03104171752623849)0.53:0.013662070163755804)1:0.07268985130175658,(((200,(16,(21,(69,10)1:0.2010004547240557)0.68:0.023141044909439804)1:0.5736643437851717)1:0.5435172583500837,(31,((129,(149,(187,143)1:0.6136844807991627)0.98:0.061404444503769445)0.97:0.05946597596525319,((99,131)1:1.1759746497153167,(125,(27,(191,89)0.91:0.0436199394067495)1:0.6225194085327966)1:0.5309709158768902)1:0.40439141540545487)1:0.1214517613223411)1:0.15287659408005783)0.75:0.028582015547312864,(0,(((97,((4,167)1:1.1944212423127323,(93,(67,121)1:0.6481019848161521)1:0.6064244876350164)0.86:0.057936470863281124)1:0.3211213499291224,((164,22)1:1.550794680954287,((85,193)1:0.49979563763965346,((146,39)1:0.9227269386640449,(108,159)1:0.6110146462422577)0.93:0.04584701428008684)1:0.8693018790396577)1:0.14236760600693896)0.93:0.04550526186475964,((172,(135,(160,(138,(71,(50,122)1:0.09559324112710507)0.61:0.02658868476152797)1:0.6292431115977258)1:0.07179558210899975)1:0.8937931587261668)1:0.16025026019700112,(((158,86)1:0.7738185624872396,(77,((106,64)0.95:0.04897325020615001,(148,(161,9)1:0.18703263652407404)1:0.40373011140408754)1:0.11363411196614048)1:0.5516632233437453)1:0.16431641277409334,(178,(((137,110)1:1.678788483449617,((196,(194,(144,188)1:0.23461095670726156)1:0.4468407704739671)1:0.7511363899659398,((53,36)1:0.5987978369438944,((114,119)1:0.48329419510582244,(81,183)1:0.10649479315974009)1:0.29419612095872794)1:0.2999594634460378)1:0.13749522118740495)1:0.07150304585972612,(((65,173)1:0.8619436202541565,(195,(26,76)1:0.31507992511605865)1:0.21200577212295263)1:0.08481926282020283,((109,174)1:0.8904396351101109,((177,199)1:1.0250067197843307,(107,(68,43)1:0.14568100137235218)1:0.8401001273971364)1:0.30406828567552163)1:0.3021576482635037)0.43:0.0071376626566955715)1:0.07407716868981407)0.93:0.04722552989165742)0.95:0.04861912972728383)0.94:0.0475041559274332)0.56:0.015509627749259245)0.43:0.006678504731411156)0.77:0.029339104421267515)1:0.07622283931573276)0.63:0.020118984534204815,(((154,103)1:0.7870053984439432,(25,(35,(169,18)0.61:0.018648678181174196)1:0.14173748134517639)1:0.6363534271180314)1:0.7562870637889971,(((14,(66,115)1:0.3279189235447614)1:0.14629039090822146,(180,(61,72)1:0.5122398799565597)1:1.0351181013339357)0.62:0.020502018786594394,((38,181)1:1.2279697416639936,((24,(49,((62,58)1:0.904462769301183,(75,(1,((198,(197,42)1:0.7059595187303631)0.6:0.018847045178686045,(48,(179,(130,12)0.97:0.053891309929137904)1:0.0985310530978879)1:0.5068765579461101)1:0.31349647452025386)1:0.1904907944239357)1:0.342641855328845)0.45:0.009947276836302246)0.83:0.03658484015653386)1:0.0944256189251293,((((73,127)1:1.0104679473482518,(124,(186,(59,153)1:0.107778221875496)1:0.3241469225355968)1:0.3668320323571664)1:0.3972194707252539,(((8,190)1:0.2576859430142117,(47,(126,40)1:0.18210305031030294)1:0.09374438816902246)0.94:0.04709650207742227,((185,(78,176)0.82:0.034018309903036455)1:0.21214191674232366,(79,(101,(3,54)1:0.17691275082103916)0.79:0.031156841739203557)0.83:0.03408635612541705)1:0.11571599038986013)1:1.0506966286565367)1:0.11670693195279379,((82,150)1:0.9571552259052027,((51,11)1:0.6837856246862835,(111,(34,(80,(163,15)0.7:0.027732450573149835)1:0.28278513589235343)1:0.37145248339568826)1:0.2243055237961904)1:0.22435745755122738)0.99:0.060782742566764456)1:0.1889296629089866)0.48:0.011326809547611075)0.49:0.011122946311071849)0.59:0.017373006370630894)0.52:0.015319468556849413)0.94:0.04730853300323487)1:0.3735670836243231)0.94:0.05235692856825362)1:0.5335692529218274));
Weight calculation took 2383.183012337 secs
ASTRAL finished in 2781.132 secs
