
================== ASTRAL ===================== 

This is ASTRAL version 5.7.8
Gene trees are treated as unrooted
50 trees read from Dataset/AstralII_data/model.200.500000.0.000001/43/estimatedgenetre.halfresolved_50
index0
All output trees will be *arbitrarily* rooted at 155

======== Running the main analysis
Number of taxa: 201 (201 species)
Taxa: [155, 168, 83, 178, 170, 90, 29, 133, 87, 156, 175, 104, 132, 63, 112, 46, 116, 52, 154, 103, 97, 108, 146, 192, 157, 31, 187, 129, 99, 131, 125, 27, 191, 151, 143, 85, 39, 193, 89, 37, 128, 44, 100, 136, 92, 166, 32, 19, 182, 184, 70, 33, 23, 17, 123, 113, 165, 141, 139, 162, 91, 96, 171, 45, 179, 130, 197, 94, 48, 198, 159, 62, 75, 42, 12, 118, 106, 93, 81, 114, 119, 53, 183, 120, 82, 150, 145, 28, 102, 20, 142, 14, 101, 78, 3, 126, 79, 54, 176, 185, 47, 8, 40, 190, 124, 59, 186, 153, 73, 127, 111, 51, 11, 152, 4, 167, 66, 180, 61, 72, 149, 65, 144, 188, 194, 109, 174, 177, 199, 105, 6, 115, 172, 16, 21, 2, 56, 189, 84, 41, 57, 98, 13, 137, 110, 49, 200, 69, 10, 164, 0, 36, 67, 121, 22, 158, 107, 68, 43, 160, 135, 50, 122, 71, 138, 26, 173, 195, 76, 134, 77, 148, 64, 161, 9, 169, 25, 18, 35, 86, 34, 80, 15, 163, 7, 60, 55, 88, 30, 117, 147, 95, 5, 74, 140, 58, 196, 24, 38, 181, 1]
Taxon occupancy: {110=50, 111=50, 112=50, 113=50, 114=50, 115=50, 116=50, 117=50, 118=50, 119=50, 10=50, 11=50, 12=50, 13=50, 14=50, 15=50, 16=50, 17=50, 18=50, 19=50, 120=50, 0=50, 121=50, 122=50, 1=50, 123=50, 2=50, 3=50, 124=50, 125=50, 4=50, 126=50, 5=50, 127=50, 6=50, 128=50, 7=50, 129=50, 8=50, 9=50, 20=50, 21=50, 22=50, 23=50, 24=50, 25=50, 26=50, 27=50, 28=50, 29=50, 130=50, 131=50, 132=50, 133=50, 134=50, 135=50, 136=50, 137=50, 138=50, 139=50, 30=50, 31=50, 32=50, 33=50, 34=50, 35=50, 36=50, 37=50, 38=50, 39=50, 140=50, 141=50, 142=50, 143=50, 144=50, 145=50, 146=50, 147=50, 148=50, 149=50, 40=50, 41=50, 42=50, 43=50, 44=50, 45=50, 46=50, 47=50, 48=50, 49=50, 150=50, 151=50, 152=50, 153=50, 154=50, 155=50, 156=50, 157=50, 158=50, 159=50, 50=50, 51=50, 52=50, 53=50, 54=50, 55=50, 56=50, 57=50, 58=50, 59=50, 160=50, 161=50, 162=50, 163=50, 164=50, 165=50, 166=50, 167=50, 168=50, 169=50, 60=50, 61=50, 62=50, 63=50, 64=50, 65=50, 66=50, 67=50, 68=50, 69=50, 170=50, 171=50, 172=50, 173=50, 174=50, 175=50, 176=50, 177=50, 178=50, 179=50, 70=50, 71=50, 72=50, 73=50, 74=50, 75=50, 76=50, 77=50, 78=50, 79=50, 180=50, 181=50, 182=50, 183=50, 184=50, 185=50, 186=50, 187=50, 188=50, 189=50, 80=50, 81=50, 82=50, 83=50, 84=50, 85=50, 86=50, 87=50, 88=50, 89=50, 190=50, 191=50, 192=50, 193=50, 194=50, 195=50, 196=50, 197=50, 198=50, 199=50, 90=50, 91=50, 92=50, 93=50, 94=50, 95=50, 96=50, 97=50, 98=50, 99=50, 200=50, 100=50, 101=50, 102=50, 103=50, 104=50, 105=50, 106=50, 107=50, 108=50, 109=50}
Number of gene trees: 50
0 trees have missing taxa
Calculating quartet distance matrix (for completion of X)
Species tree distances calculated ...
Building set of clusters (X) from gene trees 
------------------------------
gradient0: 12291
Number of Clusters after addition by distance: 12291
calculating extra bipartitions to be added at level 1 ...
Adding to X using resolutions of greedy consensus ...
Limit for sigma of degrees:5075
polytomy size limit : 52
discarded polytomies: 60 81 111  [3, 3, 3, 3, 3, 3, 3, 3, 3, 3, 3, 3, 3, 3, 3, 3, 3, 4, 4, 4, 5, 6, 6, 8, 12, 29, 29, 29, 52, 60, 81, 111]
Threshold 0.0:
polytomy of size 3; rounds with additions with at least 5 support: 1; clusters: 12297
polytomy of size 29; rounds with additions with at least 5 support: 3; clusters: 26023
Threshold 0.01:
polytomy of size 3; rounds with additions with at least 5 support: 0; clusters: 26023
polytomy of size 29; rounds with additions with at least 5 support: 0; clusters: 37919
Threshold 0.02:
polytomy of size 3; rounds with additions with at least 5 support: 0; clusters: 37919
polytomy of size 29; rounds with additions with at least 5 support: 0; clusters: 49287
Threshold 0.05:
polytomy of size 6; rounds with additions with at least 5 support: 4; clusters: 49307
polytomy of size 52; rounds with additions with at least 5 support: 5; clusters: 50301
Threshold 0.1:
polytomy of size 6; rounds with additions with at least 5 support: 0; clusters: 50301
polytomy of size 3; rounds with additions with at least 5 support: 0; clusters: 50301
polytomy of size 60; rounds with additions with at least 5 support: 1; clusters: 50759
Threshold 0.2:
polytomy of size 3; rounds with additions with at least 5 support: 0; clusters: 50759
polytomy of size 3; rounds with additions with at least 5 support: 0; clusters: 50759
polytomy of size 8; rounds with additions with at least 5 support: 1; clusters: 50775
polytomy of size 3; rounds with additions with at least 5 support: 0; clusters: 50775
polytomy of size 3; rounds with additions with at least 5 support: 0; clusters: 50775
polytomy of size 3; rounds with additions with at least 5 support: 0; clusters: 50775
polytomy of size 3; rounds with additions with at least 5 support: 0; clusters: 50775
polytomy of size 81; rounds with additions with at least 5 support: 0; clusters: 51177
Threshold 0.3333333333333333:
polytomy of size 3; rounds with additions with at least 5 support: 0; clusters: 51177
polytomy of size 4; rounds with additions with at least 5 support: 0; clusters: 51177
polytomy of size 3; rounds with additions with at least 5 support: 0; clusters: 51177
polytomy of size 3; rounds with additions with at least 5 support: 0; clusters: 51177
polytomy of size 3; rounds with additions with at least 5 support: 0; clusters: 51177
polytomy of size 5; rounds with additions with at least 5 support: 0; clusters: 51177
polytomy of size 3; rounds with additions with at least 5 support: 0; clusters: 51177
polytomy of size 4; rounds with additions with at least 5 support: 0; clusters: 51177
polytomy of size 4; rounds with additions with at least 5 support: 0; clusters: 51177
polytomy of size 3; rounds with additions with at least 5 support: 0; clusters: 51177
polytomy of size 12; rounds with additions with at least 5 support: 0; clusters: 51177
polytomy of size 3; rounds with additions with at least 5 support: 0; clusters: 51177
polytomy of size 111; rounds with additions with at least 5 support: 0; clusters: 51423
max k is :10
Number of Clusters after addition by greedy: 51423
gradient0 in heuristiic: 51423
partitions formed in 18.767 secs
Dynamic Programming starting after 18.767 secs
Using tree-based weight calculation.
Using polytree-based weight calculation.
Polytree max score: 3299865717
Polytree building time: 0.074 seconds.
Number of quartet trees in the gene trees: 3299865717
Size of largest cluster: 201
Greedy score: 1457471920
estimationFactor: 2.2641024308722186
Sub-optimal score: 1495156280
Calculated 100000 weights; time (seconds): 52
Total Number of elements weighted: 170274
Normalized score (portion of input quartet trees satisfied before correcting for multiple individuals): 0.4811665192374857
Optimization score: 1587784901
Optimal tree inferred in 80.583 secs.
(15,(163,(80,(34,(111,((51,11),(((82,150),(((73,127),(124,(186,(59,153)))),((126,40),((47,(8,190)),(79,((3,54),(101,(185,(78,176))))))))),(((14,(66,115)),(94,((49,(62,58)),(75,(1,((197,42),(198,(48,(12,(179,130)))))))))),((118,(7,(60,(88,(30,117))))),(((0,24),((142,(102,20)),(29,((133,145),(90,28))))),(((((38,181),(180,(61,72))),((154,103),(25,(169,(18,35))))),(46,((155,57),((98,13),(41,((2,(116,52)),(56,(189,84)))))))),((5,(95,(147,(74,140)))),((((192,(157,151)),(152,(105,(6,(128,120))))),((134,((168,(171,45)),(96,(170,(83,91))))),(55,(37,(((87,156),((136,92),(44,100))),((113,(162,(139,(165,141)))),(182,((112,(63,17)),((32,33),((166,(184,70)),(123,((19,23),(175,(104,132)))))))))))))),(((200,((16,21),(69,10))),(31,((129,(149,(187,143))),((99,131),(125,(191,(27,89))))))),(((97,((4,167),(93,(67,121)))),((164,22),((85,193),((146,39),(108,159))))),((172,(135,(160,(50,(138,(122,71)))))),(((158,86),(77,((106,64),(148,(161,9))))),(178,(((65,173),(195,(26,76))),(((109,174),((177,199),(107,(68,43)))),((137,110),((196,(144,(188,194))),((53,36),(183,(81,(114,119))))))))))))))))))))))))));
Final quartet score is: 1587784901
Final normalized quartet score is: 0.4811665192374857
Extended species tree:
(155,(57,(((98,13)1:0.9978975268239472,(41,((2,(116,52)1:0.4813572020553878)1:0.38062535555063387,(56,(189,84)0.69:0.12465821994403599)1:0.6517341088748507)0.66:0.10318423623523063)0.99:0.3271914983025275)0.44:0.02700330207122635,(46,((((38,181)1:0.7650659078462472,(180,(61,72)0.94:0.26050276720737975)1:0.9345012496662096)0.43:0.023834071288211443,((154,103)1:0.857339265237173,(25,(169,(18,35)0.63:0.09042019451013304)0.5:0.04856251018011893)1:0.8244831826210316)1:0.6707830337468748)0.49:0.042931277534057184,(((5,(95,(147,(74,140)0.45:0.035696469975982324)0.97:0.26977556366398264)0.42:0.019292553324396472)1:1.2180526425117995,((((192,(157,151)0.63:0.0858489790754122)1:0.88127826294277,(152,(105,(6,(128,120)1:0.6407701005370752)0.66:0.09622878612664622)0.46:0.03408785043733342)0.97:0.26453440172502835)0.59:0.07177351401049158,((134,((168,(171,45)1:0.4088129518778484)0.58:0.07541205949940553,(96,(170,(83,91)0.94:0.21751474071858556)1:0.3907559638593133)0.87:0.17186499660809298)0.93:0.21035485451086794)0.39:0.013447170332773331,(55,(37,(((87,156)1:1.0169697475924484,((136,92)1:0.3553675963178412,(44,100)1:0.3644619723778884)1:1.0532504752169245)0.38:0.00708068123061081,((113,(162,(139,(165,141)1:0.42163796735376535)0.49:0.060941931036929804)0.61:0.07745335918352443)0.63:0.09143512792282346,(182,((112,(63,17)0.64:0.09172185430992888)1:0.40587984707883495,((32,33)1:0.984574360609173,((166,(184,70)0.62:0.08863317429612615)1:0.6287331310166813,(123,((19,23)1:0.4461214250771927,(175,(104,132)0.42:0.029852963149681274)1:0.7231547629600311)0.66:0.09768101214033939)0.69:0.10673446199483581)0.9:0.1864684300937285)0.41:0.01619654049597213)0.48:0.04051916181444418)0.96:0.24286528211937894)0.7:0.10428007454200118)0.74:0.12678642656060407)0.53:0.0537697372959844)0.68:0.09900593703676877)0.36:0.0011410706610835064)0.71:0.1065960444334238,(((200,((16,21)0.88:0.17761482463972383,(69,10)0.63:0.08373219682658432)1:0.5317130228879074)1:0.4719711655420461,(31,((129,(149,(187,143)1:0.613515910867938)0.6:0.07548706079484696)0.6:0.08738475164742895,((99,131)1:1.249619347733759,(125,(191,(27,89)0.51:0.05204219955580943)1:0.8876658423303533)1:0.9439446125775588)0.99:0.33423997481391865)0.51:0.07998573475232024)0.97:0.26103859347820424)0.43:0.022129644522344796,(((97,((4,167)1:1.6364090292088929,(93,(67,121)1:0.5379784298888365)1:0.6194037063143961)0.6:0.08638083401642663)0.96:0.2349849719979319,((164,22)1:1.9535077686528333,((85,193)0.98:0.2854221844843434,((146,39)1:0.9553770855858705,(108,159)1:0.8925744968551199)0.49:0.08935884424558008)1:0.8866557362537785)0.77:0.1279894743259511)0.48:0.03792102956326541,((172,(135,(160,(50,(138,(122,71)0.62:0.09146001973222913)0.38:0.008320575720181245)1:0.7220729299204335)0.81:0.14912311800590647)1:1.0775797256548105)0.82:0.1486342639620456,(((158,86)1:0.7852419724324677,(77,((106,64)0.55:0.06959329179919523,(148,(161,9)0.99:0.3072826999492736)0.99:0.32337560007868005)0.64:0.08981249926934139)1:0.5205753245384495)0.86:0.16869700681696226,(178,(((65,173)1:0.6921472804666383,(195,(26,76)0.91:0.19523885157978974)0.76:0.14956561906660776)0.76:0.1290909577408651,(((109,174)1:1.0329370162429592,((177,199)1:0.5999856204572951,(107,(68,43)0.95:0.23089784009421502)1:0.7214552646753494)1:0.3970297429923452)0.86:0.17258725342032194,((137,110)1:1.6152906740785267,((196,(144,(188,194)0.6:0.15802030811178117)1:0.6354249099246799)1:0.7611249779271273,((53,36)1:0.5861816188363497,(183,(81,(114,119)1:0.46727414318635785)0.6:0.0768565377881939)1:0.5197897643427145)0.99:0.29547594253992987)0.75:0.1236651473441026)0.38:0.011618391807981552)0.4:0.012612637414550322)0.5:0.04454275895814819)0.71:0.12061003204951119)0.51:0.04954204522663786)0.52:0.050861967905846385)0.39:0.010515242073358525)0.46:0.03202152566319652)0.54:0.061096700285275564)0.37:0.005225682756858652,(((0,24)0.39:0.012785420763620797,((142,(102,20)0.87:0.17362507816817274)0.94:0.2174072163260378,(29,((133,145)0.54:0.062132738147835834,(90,28)0.88:0.17806071576050161)1:0.5961196069550138)0.93:0.20960285698208816)1:0.4928685321484607)0.41:0.0252831793475579,((118,(7,(60,(88,(30,117)0.6:0.07501747653656254)1:0.5879509065168337)0.7:0.1242263528748126)0.67:0.09956950184304858)1:0.8980554078630447,(((14,(66,115)1:0.3791352529633767)0.55:0.05937798348053898,(94,((49,(62,58)1:0.8553515951943004)0.65:0.08944763881786857,(75,(1,((197,42)1:0.7459198157563456,(198,(48,(12,(179,130)0.53:0.059993507879425055)0.95:0.23268805977673856)1:0.43493162769311833)0.35:0.0)1:0.47954611886415877)0.63:0.08426972241322109)1:0.3509649126207268)0.95:0.2326418856450231)0.43:0.0280028238615196)0.48:0.04674571469676512,(((82,150)1:0.7688480475733342,(((73,127)1:1.0893790286115888,(124,(186,(59,153)0.44:0.030366298625679963)0.99:0.31707367457828406)0.97:0.25949257472479853)1:0.47895820616038387,((126,40)0.89:0.17894082373407907,((47,(8,190)1:0.38791670771115755)0.76:0.12844701312693943,(79,((3,54)0.84:0.15960838992398785,(101,(185,(78,176)0.98:0.27973154498859965)0.34:0.007848323631058184)0.57:0.0671094294148331)0.45:0.03398258937655522)0.73:0.11424756198679442)0.41:0.02204346424284554)1:1.158445150172328)0.54:0.05547513082650332)0.43:0.027407414700820438,((51,11)1:0.5748387119144914,(111,(34,(80,(163,15)0.95:0.22455571848188666)0.62:0.08008625395857866)1:0.5690261735488469)1:0.34731384538143)0.83:0.15221543394866513)0.89:0.1790091836433113)0.41:0.01618685091758407)0.4:0.014552919854765404)0.38:0.010432195860485615)0.39:0.011020400854964673)0.99:0.30373131247449187)0.68:0.10462304399977594)0.99:0.30260772266845654));
Weight calculation took 48.570586825 secs
ASTRAL finished in 82.148 secs
