
================== ASTRAL ===================== 

This is ASTRAL version 5.7.8
Gene trees are treated as unrooted
951 trees read from Dataset/AstralII_data/model.200.10000000.0.000001/36/estimatedgenetre.halfresolved
index0
All output trees will be *arbitrarily* rooted at 194

======== Running the main analysis
Number of taxa: 201 (201 species)
Taxa: [194, 63, 53, 132, 32, 99, 174, 200, 44, 41, 93, 100, 37, 199, 70, 81, 195, 98, 163, 196, 169, 55, 61, 119, 40, 47, 21, 62, 11, 9, 109, 172, 3, 91, 108, 5, 178, 75, 15, 164, 150, 177, 26, 129, 110, 34, 97, 96, 87, 46, 17, 88, 125, 74, 144, 185, 156, 16, 48, 13, 36, 18, 111, 153, 82, 170, 8, 89, 154, 20, 120, 117, 166, 94, 179, 158, 22, 197, 77, 165, 43, 183, 35, 14, 69, 79, 7, 0, 67, 113, 137, 175, 139, 115, 141, 71, 49, 191, 138, 50, 23, 10, 19, 1, 186, 131, 24, 59, 76, 189, 60, 143, 151, 155, 102, 133, 190, 145, 127, 134, 181, 128, 157, 122, 162, 95, 184, 103, 161, 38, 176, 159, 39, 104, 152, 83, 187, 33, 182, 90, 126, 86, 188, 51, 167, 171, 31, 114, 85, 52, 65, 80, 107, 45, 4, 149, 124, 136, 198, 28, 30, 58, 64, 92, 112, 160, 2, 116, 192, 168, 121, 66, 148, 84, 135, 54, 78, 6, 56, 73, 193, 105, 68, 173, 106, 130, 142, 140, 123, 146, 57, 118, 180, 72, 12, 25, 42, 29, 147, 27, 101]
Taxon occupancy: {110=951, 111=951, 112=951, 113=951, 114=951, 115=951, 116=951, 117=951, 118=951, 119=951, 10=951, 11=951, 12=951, 13=951, 14=951, 15=951, 16=951, 17=951, 18=951, 19=951, 120=951, 0=951, 121=951, 1=951, 122=951, 2=951, 123=951, 3=951, 124=951, 125=951, 4=951, 5=951, 126=951, 127=951, 6=951, 7=951, 128=951, 129=951, 8=951, 9=951, 20=951, 21=951, 22=951, 23=951, 24=951, 25=951, 26=951, 27=951, 28=951, 29=951, 130=951, 131=951, 132=951, 133=951, 134=951, 135=951, 136=951, 137=951, 138=951, 139=951, 30=951, 31=951, 32=951, 33=951, 34=951, 35=951, 36=951, 37=951, 38=951, 39=951, 140=951, 141=951, 142=951, 143=951, 144=951, 145=951, 146=951, 147=951, 148=951, 149=951, 40=951, 41=951, 42=951, 43=951, 44=951, 45=951, 46=951, 47=951, 48=951, 49=951, 150=951, 151=951, 152=951, 153=951, 154=951, 155=951, 156=951, 157=951, 158=951, 159=951, 50=951, 51=951, 52=951, 53=951, 54=951, 55=951, 56=951, 57=951, 58=951, 59=951, 160=951, 161=951, 162=951, 163=951, 164=951, 165=951, 166=951, 167=951, 168=951, 169=951, 60=951, 61=951, 62=951, 63=951, 64=951, 65=951, 66=951, 67=951, 68=951, 69=951, 170=951, 171=951, 172=951, 173=951, 174=951, 175=951, 176=951, 177=951, 178=951, 179=951, 70=951, 71=951, 72=951, 73=951, 74=951, 75=951, 76=951, 77=951, 78=951, 79=951, 180=951, 181=951, 182=951, 183=951, 184=951, 185=951, 186=951, 187=951, 188=951, 189=951, 80=951, 81=951, 82=951, 83=951, 84=951, 85=951, 86=951, 87=951, 88=951, 89=951, 190=951, 191=951, 192=951, 193=951, 194=951, 195=951, 196=951, 197=951, 198=951, 199=951, 90=951, 91=951, 92=951, 93=951, 94=951, 95=951, 96=951, 97=951, 98=951, 99=951, 200=951, 100=951, 101=951, 102=951, 103=951, 104=951, 105=951, 106=951, 107=951, 108=951, 109=951}
Number of gene trees: 951
0 trees have missing taxa
Calculating quartet distance matrix (for completion of X)
Species tree distances calculated ...
Building set of clusters (X) from gene trees 
------------------------------
gradient0: 16551
Number of Clusters after addition by distance: 16551
calculating extra bipartitions to be added at level 1 ...
Adding to X using resolutions of greedy consensus ...
Limit for sigma of degrees:5075
polytomy size limit : 4
discarded polytomies:  [3, 3, 3, 3, 3, 3, 3, 3, 3, 3, 3, 3, 3, 4, 4]
Threshold 0.0:
Threshold 0.01:
Threshold 0.02:
Threshold 0.05:
Threshold 0.1:
Threshold 0.2:
polytomy of size 3; rounds with additions with at least 5 support: 0; clusters: 16551
Threshold 0.3333333333333333:
polytomy of size 3; rounds with additions with at least 5 support: 0; clusters: 16551
polytomy of size 3; rounds with additions with at least 5 support: 0; clusters: 16551
polytomy of size 3; rounds with additions with at least 5 support: 0; clusters: 16551
polytomy of size 3; rounds with additions with at least 5 support: 0; clusters: 16551
polytomy of size 3; rounds with additions with at least 5 support: 0; clusters: 16551
polytomy of size 3; rounds with additions with at least 5 support: 0; clusters: 16551
polytomy of size 4; rounds with additions with at least 5 support: 0; clusters: 16551
polytomy of size 3; rounds with additions with at least 5 support: 0; clusters: 16551
polytomy of size 4; rounds with additions with at least 5 support: 0; clusters: 16551
polytomy of size 3; rounds with additions with at least 5 support: 0; clusters: 16551
polytomy of size 3; rounds with additions with at least 5 support: 0; clusters: 16551
polytomy of size 3; rounds with additions with at least 5 support: 0; clusters: 16551
polytomy of size 3; rounds with additions with at least 5 support: 0; clusters: 16551
polytomy of size 3; rounds with additions with at least 5 support: 0; clusters: 16551
max k is :0
Number of Clusters after addition by greedy: 16551
gradient0 in heuristiic: 16551
partitions formed in 20.816 secs
Dynamic Programming starting after 20.816 secs
Using tree-based weight calculation.
Using polytree-based weight calculation.
Polytree max score: 62742426309
Polytree building time: 2.691 seconds.
Number of quartet trees in the gene trees: 62742426309
Size of largest cluster: 201
Greedy score: 58554712117
estimationFactor: 1.0715179708104856
Sub-optimal score: 59561425145
Total Number of elements weighted: 42745
Normalized score (portion of input quartet trees satisfied before correcting for multiple individuals): 0.9495915550599878
Optimization score: 59579678167
Optimal tree inferred in 62.026 secs.
(68,(173,((118,180),((105,(106,(123,(142,(130,140))))),(((25,42),((72,12),((29,147),(27,101)))),(193,((146,57),((194,((99,(174,200)),(53,(132,(63,32))))),((84,(148,(135,(54,(78,6))))),((56,(73,(44,((41,93),(100,(37,199)))))),((((178,75),((15,164),(108,(5,(91,(9,(172,(109,3)))))))),(((119,(40,47)),(62,(21,11))),((70,81),(195,((55,61),(169,(98,(163,196)))))))),((((87,46),(17,88)),(96,((177,(150,26)),(129,(110,(34,97)))))),((125,(74,(144,(185,156)))),(((158,(43,((69,(35,14)),((183,(79,7)),(22,(165,(197,77))))))),((120,(117,(179,(166,94)))),((16,48),((13,36),((89,(154,20)),(18,((111,153),(82,(170,8))))))))),((0,((113,(67,137)),(((59,76),((19,1),(24,(186,131)))),(175,((23,10),((138,50),((49,191),(139,(115,(141,71)))))))))),((66,(((107,45),(121,(192,168))),(((124,136),(4,149)),((198,28),(92,((30,(58,64)),((112,160),(2,116)))))))),(((143,(189,60)),(80,((86,(188,51)),((167,171),(31,((52,65),(114,85))))))),(((151,155),((190,145),(102,133))),(((134,181),(128,157)),((122,((161,(38,176)),(162,(95,(184,103))))),(127,((187,33),((182,(90,126)),(159,(83,(104,(39,152)))))))))))))))))))))))))));
Final quartet score is: 59579678167
Final normalized quartet score is: 0.9495915550599878
Extended species tree:
(194,(((99,(174,200)1:1.6043040108655018)1:0.3094970244387961,(53,(132,(63,32)1:0.35016662756067285)1:1.0867245119370925)1:0.6967983420758315)1:1.0674634127654126,(((84,(148,(135,(54,(78,6)0.99:0.06628065322417441)1:1.2572509385962087)1:0.16426403454238794)1:0.284378697511489)1:4.057311647548351,((56,(73,(44,((41,93)1:2.3128729179535648,(100,(37,199)1:2.1904364587940086)1:1.8737676627536277)1:0.832261338973752)0.77:0.032906163121639756)1:0.6836235919699767)1:0.7034050818114276,((((178,75)1:4.4447630199166985,((15,164)1:2.6988067734925765,(108,(5,(91,(9,(172,(109,3)1:1.9541846162188772)1:0.3457686364139036)1:0.13014850677416048)1:1.890981145762683)1:0.3104072663494224)1:1.3196799537071098)1:0.15420223844426126)1:1.0825624544823884,(((119,(40,47)1:1.0588495250783339)1:3.176357452686989,(62,(21,11)1:0.4362161828724014)1:3.4896067792904475)1:1.5859109656900825,((70,81)1:4.524322654284036,(195,((55,61)1:1.216781540214022,(169,(98,(163,196)1:0.5480349892079308)1:0.2915292580198523)1:0.18621966057389616)1:2.095393940023863)1:1.8884939525683686)1:0.647029984888039)1:1.3043255022957156)1:0.8034614674274156,((((87,46)1:1.0347656183292375,(17,88)1:2.8009083833952855)1:2.6949626237330913,(96,((177,(150,26)1:1.6588772594455263)1:2.6777934112501476,(129,(110,(34,97)1:0.679656304944787)1:1.4966421497646536)1:1.7525705224707293)1:1.269251930350903)1:0.24317361302955273)1:2.666055382167985,((125,(74,(144,(185,156)1:0.9721308245250693)1:0.796508171884944)1:1.357755687645983)1:4.382139056820438,(((158,(43,((69,(35,14)1:0.8561387402535088)1:1.138881213337671,((183,(79,7)1:2.4919282217628393)0.99:0.06301782383113388,(22,(165,(197,77)1:0.533257352207217)1:1.5484696989922813)1:0.6558156185848436)1:0.6526333912898318)1:1.3208101473987341)1:1.3854268129573208)1:3.126673298909902,((120,(117,(179,(166,94)1:0.08554692028564685)1:2.5281558038987444)1:2.318023410505837)1:3.4411285647676717,((16,48)1:5.335217022207849,((13,36)1:1.8201085923540472,((89,(154,20)1:1.6922751318507534)1:2.447572840223966,(18,((111,153)1:1.7185253104279279,(82,(170,8)1:1.2798461565312391)1:1.188912579671439)1:0.8018611822118498)1:1.7834235544107035)1:2.977385635908644)1:0.30506283470690193)1:0.8577048818308783)1:0.5806754924732809)1:3.043464442087098,((0,((113,(67,137)1:0.3411590794571512)1:6.453099926683205,(((59,76)1:5.222946257664131,((19,1)1:3.068745972295471,(24,(186,131)1:2.2566263151653847)1:0.35580436930452597)1:3.690195614026282)1:2.7716274979325592,(175,((23,10)1:2.1456652282608877,((138,50)1:1.4207296594492071,((49,191)1:0.55907462587982,(139,(115,(141,71)1:0.5301329781236265)1:0.5106039978329456)1:0.3321450604172314)1:1.7211556432866302)1:0.42429461443579164)1:0.10773248876581155)1:5.142936385761476)1:3.9305683066070785)1:3.31760571075405)1:4.5086178043575265,((66,(((107,45)1:3.1542213160922707,(121,(192,168)1:5.113043248059207)1:0.16657878991105896)1:0.1643582540754181,(((124,136)1:1.0079665558311501,(4,149)1:1.1009382775083627)1:2.795663015788917,((198,28)1:4.827901829394668,(92,((30,(58,64)1:1.5493858491041765)1:1.945351726645211,((112,160)1:0.1599988782408466,(2,116)1:1.0139644574441387)1:2.754671635405963)1:0.2388600270682392)1:1.1152990202988908)1:0.5890653550263018)1:0.8793530065168262)1:0.29770565725726966)1:3.180945591493657,(((143,(189,60)1:0.8764058760079476)1:4.946664151035539,(80,((86,(188,51)1:3.226892856251431)1:3.1460084028796245,((167,171)1:3.867481176111191,(31,((52,65)1:2.0874908262771883,(114,85)1:0.23933369798862153)1:0.5289240668581788)1:3.527782241699178)1:0.8176287235049263)0.79:0.03530077697726837)1:1.4417042081351545)1:0.19508612981191142,(((151,155)1:3.0011561768173225,((190,145)1:0.9877909808937799,(102,133)1:0.2584206938973562)1:4.808199303103209)1:1.1882592429893954,(((134,181)1:0.10464525281295191,(128,157)1:1.5911559259879287)1:4.29906122959183,((122,((161,(38,176)1:0.7052005529240591)1:2.2786990948219015,(162,(95,(184,103)0.78:0.032422814157090855)1:0.6095966570061806)1:1.253253183789879)1:1.0087065321282693)1:1.9545522683691863,(127,((187,33)1:2.7477281011975374,((182,(90,126)1:1.2332952801791366)1:0.8497288860610154,(159,(83,(104,(39,152)1:0.2692794366322955)1:0.17397922925263692)1:0.15843741436672165)1:0.7396589137105893)1:0.7274248260523682)1:2.6899816991462404)1:0.24990706409534474)1:1.609829010812607)1:1.6357041991460293)1:1.265431437306075)1:2.2243955361658783)1:2.3184481134507964)1:1.9972347923534073)1:1.8116440805406475)1:1.28833712866564)1:2.249842971655179)1:0.26886498594837005)1:0.8879066852356582)1:0.29483985728379364,((146,57)1:2.1619557766933406,(193,(((25,42)1:3.1787680629776087,((72,12)1:3.1954295219070814,((29,147)1:3.6411307345336725,(27,101)1:2.6892491076364435)1:0.36833648932469604)0.99:0.06826899624077234)1:1.0127865202864854,((105,(106,(123,(142,(130,140)1:0.5123353428676145)0.41:0.007534983562331511)1:1.7308327111604336)1:1.0550278834763802)1:0.2922691593476393,((118,180)1:2.4656796807352843,(173,68)1:3.0935713049212)1:0.3352103036840466)1:0.9984956575038079)0.87:0.03898448752361076)1:1.220627049482174)1:0.9396254397575754)1:3.1020108534068687));
Weight calculation took 36.109740437 secs
ASTRAL finished in 71.533 secs
