
================== ASTRAL ===================== 

This is ASTRAL version 5.7.8
Gene trees are treated as unrooted
200 trees read from Dataset/AstralII_data/model.200.10000000.0.000001/36/estimatedgenetre.halfresolved_200
index0
All output trees will be *arbitrarily* rooted at 194

======== Running the main analysis
Number of taxa: 201 (201 species)
Taxa: [194, 63, 53, 132, 32, 99, 174, 200, 44, 41, 93, 100, 37, 199, 70, 81, 195, 98, 163, 196, 169, 55, 61, 119, 40, 47, 21, 62, 11, 9, 109, 172, 3, 91, 108, 5, 178, 75, 15, 164, 150, 177, 26, 129, 110, 34, 97, 96, 87, 46, 17, 88, 125, 74, 144, 185, 156, 16, 48, 13, 36, 18, 111, 153, 82, 170, 8, 89, 154, 20, 120, 117, 166, 94, 179, 158, 22, 197, 77, 165, 43, 183, 35, 14, 69, 79, 7, 0, 67, 113, 137, 175, 139, 115, 141, 71, 49, 191, 138, 50, 23, 10, 19, 1, 186, 131, 24, 59, 76, 189, 60, 143, 151, 155, 102, 133, 190, 145, 127, 134, 181, 128, 157, 122, 162, 95, 184, 103, 161, 38, 176, 159, 39, 104, 152, 83, 187, 33, 182, 90, 126, 86, 188, 51, 167, 171, 31, 114, 85, 52, 65, 80, 107, 45, 4, 149, 124, 136, 198, 28, 30, 58, 64, 92, 112, 160, 2, 116, 192, 168, 121, 66, 148, 84, 135, 54, 78, 6, 56, 73, 193, 105, 68, 173, 106, 130, 142, 140, 123, 146, 57, 118, 180, 72, 12, 25, 42, 29, 147, 27, 101]
Taxon occupancy: {110=200, 111=200, 112=200, 113=200, 114=200, 115=200, 116=200, 117=200, 118=200, 119=200, 10=200, 11=200, 12=200, 13=200, 14=200, 15=200, 16=200, 17=200, 18=200, 19=200, 120=200, 0=200, 121=200, 1=200, 122=200, 2=200, 123=200, 3=200, 124=200, 125=200, 4=200, 5=200, 126=200, 127=200, 6=200, 7=200, 128=200, 129=200, 8=200, 9=200, 20=200, 21=200, 22=200, 23=200, 24=200, 25=200, 26=200, 27=200, 28=200, 29=200, 130=200, 131=200, 132=200, 133=200, 134=200, 135=200, 136=200, 137=200, 138=200, 139=200, 30=200, 31=200, 32=200, 33=200, 34=200, 35=200, 36=200, 37=200, 38=200, 39=200, 140=200, 141=200, 142=200, 143=200, 144=200, 145=200, 146=200, 147=200, 148=200, 149=200, 40=200, 41=200, 42=200, 43=200, 44=200, 45=200, 46=200, 47=200, 48=200, 49=200, 150=200, 151=200, 152=200, 153=200, 154=200, 155=200, 156=200, 157=200, 158=200, 159=200, 50=200, 51=200, 52=200, 53=200, 54=200, 55=200, 56=200, 57=200, 58=200, 59=200, 160=200, 161=200, 162=200, 163=200, 164=200, 165=200, 166=200, 167=200, 168=200, 169=200, 60=200, 61=200, 62=200, 63=200, 64=200, 65=200, 66=200, 67=200, 68=200, 69=200, 170=200, 171=200, 172=200, 173=200, 174=200, 175=200, 176=200, 177=200, 178=200, 179=200, 70=200, 71=200, 72=200, 73=200, 74=200, 75=200, 76=200, 77=200, 78=200, 79=200, 180=200, 181=200, 182=200, 183=200, 184=200, 185=200, 186=200, 187=200, 188=200, 189=200, 80=200, 81=200, 82=200, 83=200, 84=200, 85=200, 86=200, 87=200, 88=200, 89=200, 190=200, 191=200, 192=200, 193=200, 194=200, 195=200, 196=200, 197=200, 198=200, 199=200, 90=200, 91=200, 92=200, 93=200, 94=200, 95=200, 96=200, 97=200, 98=200, 99=200, 200=200, 100=200, 101=200, 102=200, 103=200, 104=200, 105=200, 106=200, 107=200, 108=200, 109=200}
Number of gene trees: 200
0 trees have missing taxa
Calculating quartet distance matrix (for completion of X)
Species tree distances calculated ...
Building set of clusters (X) from gene trees 
------------------------------
gradient0: 6203
Number of Clusters after addition by distance: 6203
calculating extra bipartitions to be added at level 1 ...
Adding to X using resolutions of greedy consensus ...
Limit for sigma of degrees:5075
polytomy size limit : 5
discarded polytomies:  [3, 3, 3, 3, 3, 3, 3, 3, 3, 5, 5]
Threshold 0.0:
Threshold 0.01:
Threshold 0.02:
Threshold 0.05:
Threshold 0.1:
Threshold 0.2:
Threshold 0.3333333333333333:
polytomy of size 3; rounds with additions with at least 5 support: 0; clusters: 6203
polytomy of size 3; rounds with additions with at least 5 support: 0; clusters: 6203
polytomy of size 3; rounds with additions with at least 5 support: 0; clusters: 6203
polytomy of size 3; rounds with additions with at least 5 support: 0; clusters: 6203
polytomy of size 5; rounds with additions with at least 5 support: 0; clusters: 6203
polytomy of size 5; rounds with additions with at least 5 support: 0; clusters: 6203
polytomy of size 3; rounds with additions with at least 5 support: 0; clusters: 6203
polytomy of size 3; rounds with additions with at least 5 support: 0; clusters: 6203
polytomy of size 3; rounds with additions with at least 5 support: 0; clusters: 6203
polytomy of size 3; rounds with additions with at least 5 support: 0; clusters: 6203
polytomy of size 3; rounds with additions with at least 5 support: 0; clusters: 6203
max k is :0
Number of Clusters after addition by greedy: 6203
gradient0 in heuristiic: 6203
partitions formed in 4.837 secs
Dynamic Programming starting after 4.837 secs
Using tree-based weight calculation.
Using polytree-based weight calculation.
Polytree max score: 13196497578
Polytree building time: 0.297 seconds.
Number of quartet trees in the gene trees: 13196497578
Size of largest cluster: 201
Greedy score: 12419836850
estimationFactor: 1.062533891336906
Sub-optimal score: 12540265207
Total Number of elements weighted: 10609
Normalized score (portion of input quartet trees satisfied before correcting for multiple individuals): 0.9513610624935773
Optimization score: 12554633957
Optimal tree inferred in 8.621 secs.
(68,(173,((118,180),((105,(106,((130,140),(142,123)))),(((25,42),((72,12),((27,101),(29,147)))),(193,((146,57),((194,((99,(174,200)),(53,(132,(63,32))))),((84,(148,(135,(54,(78,6))))),((56,(73,(44,((41,93),(100,(37,199)))))),((((178,75),((15,164),(108,(5,(91,(9,(172,(109,3)))))))),(((62,(21,11)),(119,(40,47))),((70,81),(195,((55,61),(169,(98,(163,196)))))))),((((87,46),(17,88)),(96,((177,(150,26)),(129,(110,(34,97)))))),((125,(74,(144,(185,156)))),(((158,(43,((69,(35,14)),((183,(79,7)),(22,(165,(197,77))))))),((120,(117,(179,(166,94)))),((16,48),((13,36),((89,(154,20)),(18,((111,153),(82,(170,8))))))))),((0,((113,(67,137)),(((59,76),((19,1),(24,(186,131)))),(175,((23,10),((138,50),((49,191),(139,(115,(141,71)))))))))),((66,(((107,45),(121,(192,168))),(((4,149),(124,136)),((198,28),(92,((30,(58,64)),((112,160),(2,116)))))))),(((143,(189,60)),(80,((86,(188,51)),((167,171),(31,((52,65),(114,85))))))),(((151,155),((190,145),(102,133))),(((134,181),(128,157)),((122,((161,(38,176)),(162,(95,(184,103))))),(127,((187,33),((182,(90,126)),(159,(83,(104,(39,152)))))))))))))))))))))))))));
Final quartet score is: 12554633957
Final normalized quartet score is: 0.9513610624935773
Extended species tree:
(194,(((99,(174,200)1:1.7367553806728953)1:0.2739364194341509,(53,(132,(63,32)1:0.3464327564851626)1:1.142700782523797)1:0.7047604738309811)1:1.1899533601644907,(((84,(148,(135,(54,(78,6)0.78:0.07800680915736126)1:1.2536298003117796)0.99:0.15392193859779252)1:0.29840811963431446)1:4.387164347356358,((56,(73,(44,((41,93)1:2.076032649829046,(100,(37,199)1:2.3178525651248343)1:1.7040034408058842)1:0.7766155584566776)0.55:0.03915698883698558)1:0.73658701846425)1:0.7589641545071457,((((178,75)1:4.061369395279238,((15,164)1:2.6044162355492424,(108,(5,(91,(9,(172,(109,3)1:1.695807607727345)1:0.2753584248297976)0.85:0.07990833332987549)1:1.803733199768207)1:0.3191289736800401)1:1.3879747820112436)0.98:0.13573093501381317)1:1.0444884295836718,(((62,(21,11)1:0.40683829634432817)1:3.6027231761828418,(119,(40,47)1:1.2141769745001776)1:3.514112834336271)1:1.361675113622527,((70,81)1:4.225366161537697,(195,((55,61)1:1.362519181310525,(169,(98,(163,196)1:0.48856254048155223)1:0.2903957783233771)0.99:0.15486167143308516)1:2.170799147168337)1:1.8353741500921652)1:0.7283697979642224)1:1.3580942787308226)1:0.8501756418836044,((((87,46)1:0.8853181663547628,(17,88)1:2.6930227684200205)1:2.6765377877483907,(96,((177,(150,26)1:1.5783228392022672)1:2.5071376455103564,(129,(110,(34,97)1:0.6981849745899025)1:1.333523732132744)1:1.9941901633099943)1:1.3221063856136899)1:0.30851342223339406)1:2.341451060566899,((125,(74,(144,(185,156)1:1.0882046069245923)1:0.75770093062639)1:1.317352327181564)1:3.862933952819778,(((158,(43,((69,(35,14)1:0.9670958603073405)1:1.097345318572177,((183,(79,7)1:2.3936953506230445)1:0.18043161267465696,(22,(165,(197,77)1:0.6632896461175254)1:1.706376718009764)1:0.738781251505572)1:0.7420907220534058)1:1.5149963794271666)1:1.2979430175871893)1:2.9838198846308,((120,(117,(179,(166,94)0.98:0.1306530707980133)1:2.758371008037517)1:2.2466919336870275)1:3.5576706905663666,((16,48)1:4.206861382715772,((13,36)1:1.724547053564211,((89,(154,20)1:1.5976628802616277)1:2.5431527176412563,(18,((111,153)1:1.5645030629284178,(82,(170,8)1:1.3316861801739814)1:1.2609998142794256)1:0.8252058484694128)1:1.6325443432739846)1:3.2348334055547574)1:0.2458046792842467)1:0.8634242082069266)1:0.5209533401745928)1:3.3416592514206953,((0,((113,(67,137)1:0.2534489008095387)1:4.897839799950916,(((59,76)1:4.897839799950916,((19,1)1:3.6872113970132365,(24,(186,131)1:2.113989164556124)1:0.4620354595965585)1:3.51154543883102)1:3.106080330722857,(175,((23,10)1:2.0167987805137892,((138,50)1:1.5262346268903695,((49,191)1:0.5712096639331689,(139,(115,(141,71)1:0.5004946649276252)1:0.5349397074337576)1:0.27465902821546845)1:1.5629385689656978)1:0.3533957062283282)1:0.16450371347716072)1:4.715518243156965)1:4.204692619390971)1:3.51154543883102)1:4.328420011918866,((66,(((107,45)1:2.6190172839367514,(121,(192,168)1:4.897613632359767)0.79:0.0734969220852199)1:0.16808140027758764,(((4,149)1:1.0120076553999364,(124,136)1:1.1156133285085257)1:2.7134404025693684,((198,28)1:4.200200362030629,(92,((30,(58,64)1:1.6681514202668832)1:2.136773867481161,((112,160)0.93:0.10423005251159247,(2,116)1:1.0191051700157585)1:2.7743318865450117)1:0.21310835989468993)1:1.2240976046153433)1:0.5439275389061878)1:1.027312579320284)1:0.2675518743653169)1:3.3997147605168903,(((143,(189,60)1:0.8273967060699086)1:4.897839799950916,(80,((86,(188,51)1:3.799227511282799)1:3.889712651258833,((167,171)1:3.793002090513214,(31,((52,65)1:2.2123495206492203,(114,85)1:0.20883254556911707)1:0.4724928314156706)1:3.407136250230305)1:0.9152379264609278)0.61:0.04837391145876081)1:1.4399218107096972)1:0.16759765607094992,(((151,155)1:3.2481954670387694,((190,145)1:1.0863462972881686,(102,133)1:0.27516563156877805)1:4.48902330043319)1:1.189266457278427,(((134,181)0.97:0.12229527902177455,(128,157)1:1.4588650539547259)1:4.0707541183613225,((122,((161,(38,176)1:0.7346873263845011)1:2.335104564820476,(162,(95,(184,103)0.82:0.07364575185674084)1:0.6524682552408771)1:1.1528627432304475)1:0.9107807995145116)1:1.858199999004155,(127,((187,33)1:2.3308977570378335,((182,(90,126)1:1.2529146905408721)1:0.8237860779671501,(159,(83,(104,(39,152)1:0.17996367279931827)1:0.22165343175628885)0.93:0.10376159127184544)1:0.865813063322653)1:0.7047434393024125)1:2.5600086529172645)1:0.28361154251977677)1:1.8846690714366094)1:1.8921461158665154)1:1.2318989028901437)1:2.305463076117106)1:2.505044678723855)1:1.9627764200490199)1:1.7865012400809515)1:1.3816869420209152)1:2.0602333384744544)1:0.22265417684739838)1:0.9143704450765598)1:0.27941562208181847,((146,57)1:2.2529725731220545,(193,(((25,42)1:3.215884151941306,((72,12)1:3.2082633632999404,((27,101)1:2.9556522356988797,(29,147)1:3.281417943951571)1:0.2373167302783763)0.95:0.113079695412443)1:1.069528890097494,((105,(106,((130,140)1:0.5581854262678291,(142,123)0.49:0.03270754994063702)1:1.840335188504655)1:1.0943899897836287)1:0.2937297003403735,((118,180)1:2.1837873439071163,(173,68)1:2.943131532245953)1:0.3275410744886796)1:0.9679310258920251)0.71:0.0557604181144453)1:1.1006390570454903)1:0.8950694468563662)1:3.589156642310162));
Weight calculation took 3.068536525 secs
ASTRAL finished in 10.967 secs
