
================== ASTRAL ===================== 

This is ASTRAL version 5.7.8
Gene trees are treated as unrooted
50 trees read from Dataset/AstralII_data/model.200.10000000.0.000001/44/estimatedgenetre.halfresolved_50
index0
All output trees will be *arbitrarily* rooted at 160

======== Running the main analysis
Number of taxa: 201 (201 species)
Taxa: [160, 186, 53, 10, 28, 150, 144, 39, 118, 175, 167, 84, 190, 19, 31, 0, 112, 200, 96, 25, 151, 49, 138, 109, 67, 70, 88, 199, 91, 147, 107, 79, 169, 1, 75, 111, 125, 47, 5, 82, 76, 97, 62, 131, 55, 188, 192, 157, 119, 170, 149, 189, 140, 33, 38, 83, 117, 51, 45, 87, 113, 153, 60, 27, 116, 56, 17, 16, 9, 42, 136, 135, 89, 22, 105, 18, 72, 163, 57, 93, 148, 90, 110, 141, 50, 58, 171, 32, 174, 65, 61, 183, 12, 37, 123, 23, 3, 92, 74, 185, 64, 99, 69, 146, 166, 7, 80, 34, 184, 4, 143, 137, 46, 86, 176, 14, 41, 77, 132, 194, 129, 11, 20, 66, 63, 103, 164, 182, 108, 13, 158, 181, 94, 15, 73, 24, 102, 36, 178, 121, 196, 142, 44, 43, 106, 162, 197, 133, 26, 30, 120, 179, 59, 8, 115, 165, 124, 139, 191, 68, 54, 52, 180, 78, 156, 173, 101, 159, 172, 152, 6, 2, 127, 95, 134, 98, 187, 155, 126, 145, 29, 71, 198, 114, 130, 85, 161, 177, 193, 168, 100, 104, 128, 35, 195, 81, 122, 48, 40, 21, 154]
Taxon occupancy: {110=50, 111=50, 112=50, 113=50, 114=50, 115=50, 116=50, 117=50, 118=50, 119=50, 10=50, 11=50, 12=50, 13=50, 14=50, 15=50, 16=50, 17=50, 18=50, 19=50, 120=50, 0=50, 121=50, 1=50, 122=50, 123=50, 2=50, 3=50, 124=50, 125=50, 4=50, 5=50, 126=50, 6=50, 127=50, 7=50, 128=50, 129=50, 8=50, 9=50, 20=50, 21=50, 22=50, 23=50, 24=50, 25=50, 26=50, 27=50, 28=50, 29=50, 130=50, 131=50, 132=50, 133=50, 134=50, 135=50, 136=50, 137=50, 138=50, 139=50, 30=50, 31=50, 32=50, 33=50, 34=50, 35=50, 36=50, 37=50, 38=50, 39=50, 140=50, 141=50, 142=50, 143=50, 144=50, 145=50, 146=50, 147=50, 148=50, 149=50, 40=50, 41=50, 42=50, 43=50, 44=50, 45=50, 46=50, 47=50, 48=50, 49=50, 150=50, 151=50, 152=50, 153=50, 154=50, 155=50, 156=50, 157=50, 158=50, 159=50, 50=50, 51=50, 52=50, 53=50, 54=50, 55=50, 56=50, 57=50, 58=50, 59=50, 160=50, 161=50, 162=50, 163=50, 164=50, 165=50, 166=50, 167=50, 168=50, 169=50, 60=50, 61=50, 62=50, 63=50, 64=50, 65=50, 66=50, 67=50, 68=50, 69=50, 170=50, 171=50, 172=50, 173=50, 174=50, 175=50, 176=50, 177=50, 178=50, 179=50, 70=50, 71=50, 72=50, 73=50, 74=50, 75=50, 76=50, 77=50, 78=50, 79=50, 180=50, 181=50, 182=50, 183=50, 184=50, 185=50, 186=50, 187=50, 188=50, 189=50, 80=50, 81=50, 82=50, 83=50, 84=50, 85=50, 86=50, 87=50, 88=50, 89=50, 190=50, 191=50, 192=50, 193=50, 194=50, 195=50, 196=50, 197=50, 198=50, 199=50, 90=50, 91=50, 92=50, 93=50, 94=50, 95=50, 96=50, 97=50, 98=50, 99=50, 200=50, 100=50, 101=50, 102=50, 103=50, 104=50, 105=50, 106=50, 107=50, 108=50, 109=50}
Number of gene trees: 50
0 trees have missing taxa
Calculating quartet distance matrix (for completion of X)
Species tree distances calculated ...
Building set of clusters (X) from gene trees 
------------------------------
gradient0: 2299
Number of Clusters after addition by distance: 2299
calculating extra bipartitions to be added at level 1 ...
Adding to X using resolutions of greedy consensus ...
Limit for sigma of degrees:5075
polytomy size limit : 4
discarded polytomies:  [3, 3, 3, 3, 3, 3, 4, 4, 4]
Threshold 0.0:
Threshold 0.01:
Threshold 0.02:
Threshold 0.05:
Threshold 0.1:
Threshold 0.2:
Threshold 0.3333333333333333:
polytomy of size 4; rounds with additions with at least 5 support: 0; clusters: 2299
polytomy of size 3; rounds with additions with at least 5 support: 0; clusters: 2299
polytomy of size 4; rounds with additions with at least 5 support: 0; clusters: 2299
polytomy of size 3; rounds with additions with at least 5 support: 0; clusters: 2299
polytomy of size 3; rounds with additions with at least 5 support: 0; clusters: 2299
polytomy of size 3; rounds with additions with at least 5 support: 0; clusters: 2299
polytomy of size 3; rounds with additions with at least 5 support: 0; clusters: 2299
polytomy of size 3; rounds with additions with at least 5 support: 0; clusters: 2299
polytomy of size 4; rounds with additions with at least 5 support: 0; clusters: 2299
max k is :0
Number of Clusters after addition by greedy: 2299
gradient0 in heuristiic: 2299
partitions formed in 5.396 secs
Dynamic Programming starting after 5.396 secs
Using tree-based weight calculation.
Using polytree-based weight calculation.
Polytree max score: 3299917500
Polytree building time: 0.156 seconds.
Number of quartet trees in the gene trees: 3299917500
Size of largest cluster: 201
Greedy score: 3234196024
estimationFactor: 1.0203208078645514
Sub-optimal score: 3234958390
Total Number of elements weighted: 2595
Normalized score (portion of input quartet trees satisfied before correcting for multiple individuals): 0.9803546840186156
Optimization score: 3235089578
Optimal tree inferred in 6.809 secs.
(120,(30,(26,(133,(179,((59,8),(197,((44,(43,106)),(162,(142,(196,((121,((36,178),(((94,15),(73,(24,102))),((181,(13,158)),((66,164),((182,108),(63,103))))))),((((139,191),(115,(165,124))),(((68,54),((122,40),(21,(48,(81,154))))),(195,(((150,((160,186),(53,(10,28)))),(144,((19,31),((167,(84,190)),(118,(39,175)))))),(((52,(180,(78,156))),((173,101),(172,(159,(152,6))))),(((100,104),((177,(193,168)),(161,(128,35)))),(((95,134),((2,127),(98,(187,155)))),((71,(198,114)),(130,(85,(126,(145,29)))))))))))),((((65,61),(171,((50,58),(32,174)))),(((123,23),(183,(12,37))),((3,(92,(74,185))),((((69,146),(64,99)),((166,7),(80,34))),(((77,(132,194)),(20,(129,11))),((4,143),(184,(46,(137,(14,(41,(86,176)))))))))))),(0,(((38,83),((117,51),((105,((18,(72,163)),(57,((93,148),(90,(110,141)))))),(((113,153),((60,27),(116,(45,87)))),((89,22),((56,17),(16,((136,135),(9,42))))))))),((112,(200,96)),((((170,(157,119)),(55,(188,192))),((169,(1,75)),((82,(76,97)),(111,(125,(47,5)))))),((149,(189,(140,33))),((62,131),((107,79),((49,(138,109)),((25,151),(67,((70,88),(199,(91,147)))))))))))))))))))))))))));
Final quartet score is: 3235089578
Final normalized quartet score is: 0.9803546840186156
Extended species tree:
(160,(186,((53,(10,28)1:0.9614111671546247)1:2.4277482359480516,(150,((144,((19,31)0.93:0.21179776567714673,((167,(84,190)1:0.39152528729405467)1:0.9486721413771946,(118,(39,175)0.96:0.2682639865946794)1:1.9859154836690112)1:2.8332133440562166)0.98:0.2876820724517809)1:1.6418193219371395,((((52,(180,(78,156)1:0.7531406884393703)1:0.5306282510621702)1:1.4469189829363254,((173,101)1:1.6569280170698892,(172,(159,(152,6)1:2.1425946098496302)1:0.36936010346604814)1:1.1431017593405342)1:0.7042378672541034)1:3.5263605246161593,(((100,104)1:2.4277482359480516,((177,(193,168)1:2.4277482359480516)1:2.8332133440562166,(161,(128,35)1:2.14006616349627)1:1.6561375031947294)0.98:0.2682639865946794)1:2.8332133440562166,(((95,134)1:0.561087458546879,((2,127)1:2.8332133440562166,(98,(187,155)0.99:0.30748469974796055)1:3.5263605246161593)0.99:0.3276874070654803)1:3.5263605246161593,((71,(198,114)1:1.9169226121820613)1:3.5263605246161593,(130,(85,(126,(145,29)1:1.7346010553881062)1:2.8332133440562166)1:1.0696247517948576)1:0.8539106551591678)0.98:0.2900885076577809)1:2.14006616349627)1:0.5696743762822087)1:0.8831103167408669,(195,(((68,54)1:3.5263605246161593,((122,40)1:0.39086630868701183,(21,(48,(81,154)0.55:0.060624621816434854)0.98:0.2874830278651364)1:0.51409894911096)1:3.5263605246161593)1:2.1446828129119337,(((139,191)1:3.0874474824404547,(115,(165,124)1:2.4277482359480516)1:3.5263605246161593)1:1.5804503755608483,(((((65,61)1:3.5263605246161593,(171,((50,58)1:1.001850897118755,(32,174)1:1.5114575040738965)1:0.6931471805599453)1:2.8332133440562166)1:3.5263605246161593,(((123,23)1:1.9169226121820613,(183,(12,37)1:1.2232705086121458)0.4:0.014815085785140587)1:3.5263605246161593,((3,(92,(74,185)1:0.390646745616638)1:0.6641596436866931)1:3.5263605246161593,((((69,146)1:0.6085897925318822,(64,99)1:1.128465251817791)1:3.5263605246161593,((166,7)1:1.4469189829363254,(80,34)1:0.9614111671546247)1:2.8568055260730345)1:1.5005805436764883,(((77,(132,194)0.69:0.12516314295400605)1:3.5263605246161593,(20,(129,11)1:1.2237754316221159)1:3.5263605246161593)0.7:0.10470479328590841,((4,143)1:1.0902440389975927,(184,(46,(137,(14,(41,(86,176)1:0.8880249561293123)0.5:0.045120435280469655)1:1.487705547245236)0.5:0.045120435280469655)1:1.997618454063515)0.4:0.014348776613716046)1:1.585565476227618)1:1.6184839926284968)0.89:0.19007976876976226)1:2.14006616349627)1:3.5263605246161593)1:3.5263605246161593,(0,(((38,83)1:3.5263605246161593,((117,51)1:3.5263605246161593,((105,((18,(72,163)1:0.9614111671546247)1:1.5121521897565753,(57,((93,148)1:0.9873866535578852,(90,(110,141)1:0.8173007323125988)1:1.000631880307906)1:1.3668762752627894)1:2.4277482359480516)1:1.8841327893590705)1:2.3936152295785913,(((113,153)1:3.5263605246161593,((60,27)1:3.5263605246161593,(116,(45,87)1:3.5263605246161593)0.84:0.15959263128955187)0.79:0.13633644355213098)1:2.223545701241161,((89,22)1:3.5263605246161593,((56,17)1:2.4277482359480516,(16,((136,135)1:1.65455834771457,(9,42)1:0.6085897925318822)1:2.14006616349627)1:0.7537718023763802)1:3.5263605246161593)1:0.7994418392095688)1:1.9459101490553121)1:1.7326761269785216)1:0.49907989332724434)1:1.154782560135164,((112,(200,96)1:2.8332133440562166)1:3.5263605246161593,((((170,(157,119)1:0.4353180712578455)1:2.6100697927420056,(55,(188,192)1:0.8873031950009027)1:3.120895416507997)1:2.8332133440562166,((169,(1,75)1:1.2237754316221159)1:2.4277482359480516,((82,(76,97)0.95:0.23052365861183224)1:2.966744736680739,(111,(125,(47,5)1:1.5804503755608483)1:1.7295377534315597)1:0.937253826066088)1:1.7339468191855103)1:1.6292405397302794)1:1.4961368701451636,((149,(189,(140,33)0.65:0.09237332013101504)1:1.4469189829363254)1:3.5263605246161593,((62,131)1:1.7346010553881062,((107,79)1:1.3091352805732723,((49,(138,109)1:2.4277482359480516)1:2.4277482359480516,((25,151)1:0.8148620442350353,(67,((70,88)1:2.4277482359480516,(199,(91,147)0.98:0.2678755616529149)1:1.329703001448808)1:0.5819215454497209)1:2.6100697927420056)0.71:0.10863384100279554)1:0.7998354674100314)1:1.8638127868681125)0.99:0.3503692594545642)1:0.9678420574849151)1:3.5263605246161593)1:2.4277482359480516)1:3.5263605246161593)1:0.7537718023763802)1:3.5263605246161593,((121,((36,178)1:3.5263605246161593,(((94,15)1:1.576086732273075,(73,(24,102)1:1.4469189829363254)1:1.4469189829363254)1:1.588418545210025,((181,(13,158)1:3.5263605246161593)1:0.8069171396845083,((66,164)0.5:0.04519933385639129,((182,108)1:2.141336004936745,(63,103)1:2.2735975561207953)0.99:0.3273734846017498)1:1.777160669806902)1:0.8347408649100472)1:2.465488563930899)1:2.8332133440562166)1:1.4469189829363254,(196,(142,(162,((44,(43,106)1:1.2237754316221159)1:1.8455816224907329,(197,((59,8)1:1.8397706767053705,(179,(133,(26,(30,120)1:0.6916628400766358)1:1.4447006331120111)0.76:0.1371393340007218)1:0.36356425368049033)0.53:0.0539114543379259)1:1.237782853530987)1:0.852394340293688)1:1.2895268091848955)1:3.5263605246161593)1:0.5850223231279694)1:3.5263605246161593)1:2.0447559836919456)1:2.414234516781329)0.73:0.1145963389306533)0.57:0.0826456169630031)1:3.5263605246161593)0.58:0.0675932911325283)1:3.4812400893356954)1:1.9169226121820613));
Weight calculation took 0.596168201 secs
ASTRAL finished in 9.209 secs
