
================== ASTRAL ===================== 

This is ASTRAL version 5.7.8
Gene trees are treated as unrooted
1000 trees read from Dataset/AstralII_data/model.200.10000000.0.000001/44/estimatedgenetre.halfresolved
index0
All output trees will be *arbitrarily* rooted at 160

======== Running the main analysis
Number of taxa: 201 (201 species)
Taxa: [160, 186, 53, 10, 28, 150, 144, 39, 118, 175, 167, 84, 190, 19, 31, 0, 112, 200, 96, 25, 151, 49, 138, 109, 67, 70, 88, 199, 91, 147, 107, 79, 169, 1, 75, 111, 125, 47, 5, 82, 76, 97, 62, 131, 55, 188, 192, 157, 119, 170, 149, 189, 140, 33, 38, 83, 117, 51, 45, 87, 113, 153, 60, 27, 116, 56, 17, 16, 9, 42, 136, 135, 89, 22, 105, 18, 72, 163, 57, 93, 148, 90, 110, 141, 50, 58, 171, 32, 174, 65, 61, 183, 12, 37, 123, 23, 3, 92, 74, 185, 64, 99, 69, 146, 166, 7, 80, 34, 184, 4, 143, 137, 46, 86, 176, 14, 41, 77, 132, 194, 129, 11, 20, 66, 63, 103, 164, 182, 108, 13, 158, 181, 94, 15, 73, 24, 102, 36, 178, 121, 196, 142, 44, 43, 106, 162, 197, 133, 26, 30, 120, 179, 59, 8, 115, 165, 124, 139, 191, 68, 54, 52, 180, 78, 156, 173, 101, 159, 172, 152, 6, 2, 127, 95, 134, 98, 187, 155, 126, 145, 29, 71, 198, 114, 130, 85, 161, 177, 193, 168, 100, 104, 128, 35, 195, 81, 122, 48, 40, 21, 154]
Taxon occupancy: {110=1000, 111=1000, 112=1000, 113=1000, 114=1000, 115=1000, 116=1000, 117=1000, 118=1000, 119=1000, 10=1000, 11=1000, 12=1000, 13=1000, 14=1000, 15=1000, 16=1000, 17=1000, 18=1000, 19=1000, 120=1000, 0=1000, 121=1000, 1=1000, 122=1000, 123=1000, 2=1000, 3=1000, 124=1000, 125=1000, 4=1000, 5=1000, 126=1000, 6=1000, 127=1000, 7=1000, 128=1000, 129=1000, 8=1000, 9=1000, 20=1000, 21=1000, 22=1000, 23=1000, 24=1000, 25=1000, 26=1000, 27=1000, 28=1000, 29=1000, 130=1000, 131=1000, 132=1000, 133=1000, 134=1000, 135=1000, 136=1000, 137=1000, 138=1000, 139=1000, 30=1000, 31=1000, 32=1000, 33=1000, 34=1000, 35=1000, 36=1000, 37=1000, 38=1000, 39=1000, 140=1000, 141=1000, 142=1000, 143=1000, 144=1000, 145=1000, 146=1000, 147=1000, 148=1000, 149=1000, 40=1000, 41=1000, 42=1000, 43=1000, 44=1000, 45=1000, 46=1000, 47=1000, 48=1000, 49=1000, 150=1000, 151=1000, 152=1000, 153=1000, 154=1000, 155=1000, 156=1000, 157=1000, 158=1000, 159=1000, 50=1000, 51=1000, 52=1000, 53=1000, 54=1000, 55=1000, 56=1000, 57=1000, 58=1000, 59=1000, 160=1000, 161=1000, 162=1000, 163=1000, 164=1000, 165=1000, 166=1000, 167=1000, 168=1000, 169=1000, 60=1000, 61=1000, 62=1000, 63=1000, 64=1000, 65=1000, 66=1000, 67=1000, 68=1000, 69=1000, 170=1000, 171=1000, 172=1000, 173=1000, 174=1000, 175=1000, 176=1000, 177=1000, 178=1000, 179=1000, 70=1000, 71=1000, 72=1000, 73=1000, 74=1000, 75=1000, 76=1000, 77=1000, 78=1000, 79=1000, 180=1000, 181=1000, 182=1000, 183=1000, 184=1000, 185=1000, 186=1000, 187=1000, 188=1000, 189=1000, 80=1000, 81=1000, 82=1000, 83=1000, 84=1000, 85=1000, 86=1000, 87=1000, 88=1000, 89=1000, 190=1000, 191=1000, 192=1000, 193=1000, 194=1000, 195=1000, 196=1000, 197=1000, 198=1000, 199=1000, 90=1000, 91=1000, 92=1000, 93=1000, 94=1000, 95=1000, 96=1000, 97=1000, 98=1000, 99=1000, 200=1000, 100=1000, 101=1000, 102=1000, 103=1000, 104=1000, 105=1000, 106=1000, 107=1000, 108=1000, 109=1000}
Number of gene trees: 1000
0 trees have missing taxa
Calculating quartet distance matrix (for completion of X)
Species tree distances calculated ...
Building set of clusters (X) from gene trees 
------------------------------
gradient0: 6629
Number of Clusters after addition by distance: 6629
calculating extra bipartitions to be added at level 1 ...
Adding to X using resolutions of greedy consensus ...
Limit for sigma of degrees:5075
polytomy size limit : 5
discarded polytomies:  [3, 3, 3, 3, 3, 4, 4, 5]
Threshold 0.0:
Threshold 0.01:
Threshold 0.02:
Threshold 0.05:
Threshold 0.1:
Threshold 0.2:
Threshold 0.3333333333333333:
polytomy of size 3; rounds with additions with at least 5 support: 0; clusters: 6629
polytomy of size 3; rounds with additions with at least 5 support: 0; clusters: 6629
polytomy of size 3; rounds with additions with at least 5 support: 0; clusters: 6629
polytomy of size 3; rounds with additions with at least 5 support: 0; clusters: 6629
polytomy of size 3; rounds with additions with at least 5 support: 0; clusters: 6629
polytomy of size 4; rounds with additions with at least 5 support: 0; clusters: 6629
polytomy of size 5; rounds with additions with at least 5 support: 0; clusters: 6629
polytomy of size 4; rounds with additions with at least 5 support: 0; clusters: 6629
max k is :0
Number of Clusters after addition by greedy: 6629
gradient0 in heuristiic: 6629
partitions formed in 18.426 secs
Dynamic Programming starting after 18.426 secs
Using tree-based weight calculation.
Using polytree-based weight calculation.
Polytree max score: 65998349802
Polytree building time: 2.927 seconds.
Number of quartet trees in the gene trees: 65998349802
Size of largest cluster: 201
Greedy score: 64288100406
estimationFactor: 1.0266028920624382
Sub-optimal score: 64593656023
Total Number of elements weighted: 12024
Normalized score (portion of input quartet trees satisfied before correcting for multiple individuals): 0.9788680678958773
Optimization score: 64603677155
Optimal tree inferred in 27.488 secs.
(120,(30,(26,(133,(179,((197,(59,8)),((44,(43,106)),(162,(142,(196,((121,((36,178),(((94,15),(73,(24,102))),((181,(13,158)),((66,164),((182,108),(63,103))))))),((((139,191),(115,(165,124))),(((68,54),((122,40),(21,(48,(81,154))))),((195,((150,((160,186),(53,(10,28)))),(144,((19,31),((167,(84,190)),(118,(39,175))))))),(((52,(180,(78,156))),((173,101),(172,(159,(152,6))))),(((100,104),((177,(193,168)),(161,(128,35)))),(((95,134),((2,127),(98,(187,155)))),((71,(198,114)),(130,(85,(126,(145,29))))))))))),((((65,61),(171,((32,174),(50,58)))),((183,((12,37),(123,23))),((3,(92,(74,185))),((((80,34),(166,7)),((69,146),(64,99))),(((77,(132,194)),(20,(129,11))),((4,143),(184,(46,(137,(14,(41,(86,176)))))))))))),(0,(((38,83),((117,51),((105,((18,(72,163)),(57,((93,148),(90,(110,141)))))),(((60,27),((113,153),(116,(45,87)))),((89,22),((56,17),(16,((136,135),(9,42))))))))),((112,(200,96)),((((170,(157,119)),(55,(188,192))),((169,(1,75)),((82,(76,97)),(111,(125,(47,5)))))),((149,(140,(189,33))),((62,131),((107,79),((49,(138,109)),((25,151),(67,((70,88),(199,(91,147))))))))))))))))))))))))));
Final quartet score is: 64603677155
Final normalized quartet score is: 0.9788680678958773
Extended species tree:
(160,(186,((53,(10,28)1:0.6116733631134109)1:3.5855189391227777,(150,((144,((19,31)1:0.2051995889180874,((167,(84,190)1:0.37210710012353637)1:1.021262822590217,(118,(39,175)1:0.38518134876712107)1:1.7439688053917062)1:3.9656119766102336)1:0.5425394113647226)1:2.163007765669883,(195,((((52,(180,(78,156)1:0.6198266100217089)1:0.7411345361871347)1:1.1172667242399148,((173,101)1:1.4325004542910538,(172,(159,(152,6)1:1.8886693294374954)1:0.40535228314203453)1:0.9907746315645093)1:0.6387711053652622)1:6.204796682651094,(((100,104)1:3.1076633345943545,((177,(193,168)1:1.8981194852189653)1:4.485655341353287,(161,(128,35)1:2.976929146590896)1:2.6115740358208974)1:0.1640087460946653)1:3.995432635916299,(((95,134)1:0.6522224486991447,((2,127)1:3.4590102173264086,(98,(187,155)1:0.35908236132899013)1:2.586736127855692)1:0.7044651980751662)1:5.371887559715943,((71,(198,114)1:2.108840516534617)1:6.5032896712070904,(130,(85,(126,(145,29)1:2.159484249353373)1:3.4352367360734393)1:1.371360253787661)1:1.0115137293490362)1:0.23522642334242386)1:2.0239120396939945)1:0.6635813927255503)1:1.051763194563108,(((68,54)1:4.8938517587729455,((122,40)1:0.511200319330232,(21,(48,(81,154)1:0.2080702622278264)1:0.16218310201092684)1:0.45277036131775894)1:4.8938517587729455)1:4.230115290513387,(((139,191)1:2.7264709827144666,(115,(165,124)1:2.674648274717961)1:5.8815069768550305)1:1.8896191762388765,(((((65,61)1:3.720444448800084,(171,((32,174)1:1.749918303270563,(50,58)1:1.1493287149690175)1:1.0849695122643233)1:4.200704578213011)1:5.810142490647089,((183,((12,37)1:1.2253563192021286,(123,23)1:2.3682043360371963)0.98:0.057966755974336655)1:5.4916887595285795,((3,(92,(74,185)1:0.22478719845925219)1:1.2635724859219946)1:4.411246702649223,((((80,34)1:0.7412542512653917,(166,7)1:1.616553795494513)1:2.78978079365951,((69,146)1:0.8738716118397176,(64,99)1:1.0373414632750684)1:4.845061594603531)1:1.4101703993865533,(((77,(132,194)1:0.08004270767353637)1:4.629517050318163,(20,(129,11)1:1.3913018828505126)1:2.9070317069735183)1:0.2733822413447834,((4,143)1:0.6546083670812758,(184,(46,(137,(14,(41,(86,176)1:0.8062300812831839)0.99:0.06074142174265245)1:1.377080885764821)1:0.11218034006654523)1:1.5887187931698317)1:0.19584367002534775)1:2.2351348800765973)1:1.9653741344749995)1:0.3483439302357699)1:2.3123182732958822)1:5.404677382538943)1:4.706710915543031,(0,(((38,83)1:6.5032896712070904,((117,51)1:3.8460258450310283,((105,((18,(72,163)1:0.875668557516419)1:2.170399940497403,(57,((93,148)1:1.0916284348220153,(90,(110,141)1:0.6509856059737272)1:1.4328303958495452)1:1.4136694278775728)1:2.4010251658073)1:1.8607743832387695)1:2.9964996579709156,(((60,27)1:6.033286041961299,((113,153)1:4.962116032777752,(116,(45,87)1:5.404677382538943)1:0.34030789791637905)0.46:0.009309707851987672)1:2.3372270918870837,((89,22)1:6.5032896712070904,((56,17)1:2.3319840678488295,(16,((136,135)1:1.195072233901859,(9,42)1:1.0761505892346175)1:2.0347460419344636)1:0.9577045698179774)1:4.079778339451097)1:0.32597147822979433)1:2.1179684695837415)1:1.487583201408953)1:0.4416338032482593)1:1.4091186447110335,((112,(200,96)1:4.8938517587729455)1:4.742685369758793,((((170,(157,119)1:0.3007541540191335)1:3.0070152371457577,(55,(188,192)1:1.0961178997469374)1:3.3605752073044175)1:2.496680744910777,((169,(1,75)1:1.1006122893347765)1:3.8642323415917996,((82,(76,97)1:0.30079504963308484)1:3.282302674369635,(111,(125,(47,5)1:1.8397552890869122)1:2.1025309532004166)1:1.0537493231505195)1:1.5399966371199678)1:1.2090352447881565)1:0.969520662495708,((149,(140,(189,33)1:0.08327829203871634)1:1.6789839553022943)1:5.228274814349224,((62,131)1:2.0471694654048047,((107,79)1:1.8944897171683863,((49,(138,109)1:2.2987478245265156)1:3.230324464649306,((25,151)1:1.3834205434280455,(67,((70,88)1:2.033752209459573,(199,(91,147)1:0.2776517367982823)1:1.6930463888087273)1:0.6392093928964773)1:2.591546497674318)1:0.08497434393481727)1:0.7080541126680094)1:1.8917274456822033)1:0.41869687419144813)1:1.0026108842944896)1:3.8765270999346613)1:2.026625217595427)1:5.404677382538943)1:0.8565751167479204)1:6.488900933754881,((121,((36,178)1:2.704595351085913,(((94,15)1:1.523452609259877,(73,(24,102)1:1.7582257992167138)1:1.8729292363904053)1:1.6104463254628734,((181,(13,158)1:4.899930804849335)1:0.6514190033406883,((66,164)0.99:0.06081483432665111,((182,108)1:3.324601524313893,(63,103)1:3.4331140937670166)1:0.17481502848694122)1:1.8402027748535728)1:1.088515294679986)1:2.792071504371985)1:2.6420697240262396)1:1.063595162124459,(196,(142,(162,((44,(43,106)1:1.4598645542878097)1:2.5901225836484243,((197,(59,8)1:1.9381526495334511)0.81:0.03259765006089823,(179,(133,(26,(30,120)1:0.7010797500799413)1:1.6094924279339464)0.99:0.0658863814606788)1:0.4456394418180074)1:0.9624729636251044)1:0.9436387910129032)1:1.5455064547407233)1:4.711530201978998)1:0.796976464903705)1:5.07382313822198)1:2.063596538367586)1:2.6613922233140452)1:0.18359008005288435)0.87:0.047091746154563956)1:4.051404769699896)1:0.08480721687337975)1:3.5849646921915896)1:2.1858015576707457));
Weight calculation took 5.274559933 secs
ASTRAL finished in 40.158 secs
