
================== ASTRAL ===================== 

This is ASTRAL version 5.7.8
Gene trees are treated as unrooted
50 trees read from Dataset/AstralII_data/model.200.10000000.0.000001/45/estimatedgenetre.halfresolved_50
index0
All output trees will be *arbitrarily* rooted at 73

======== Running the main analysis
Number of taxa: 201 (201 species)
Taxa: [73, 145, 64, 199, 196, 74, 155, 121, 139, 149, 47, 11, 69, 81, 170, 130, 144, 54, 175, 78, 93, 186, 76, 157, 32, 42, 184, 133, 85, 200, 58, 31, 49, 124, 2, 51, 158, 189, 79, 135, 91, 33, 100, 109, 118, 125, 1, 22, 90, 24, 173, 134, 180, 116, 25, 148, 6, 88, 141, 9, 43, 154, 136, 120, 174, 36, 101, 147, 29, 57, 179, 41, 160, 98, 197, 156, 107, 113, 23, 106, 182, 15, 82, 166, 84, 86, 143, 75, 190, 5, 71, 161, 80, 140, 138, 0, 18, 122, 159, 142, 66, 194, 61, 52, 63, 165, 14, 112, 151, 102, 191, 35, 127, 187, 46, 150, 172, 132, 34, 119, 39, 13, 17, 177, 152, 168, 83, 162, 7, 181, 68, 128, 167, 20, 104, 183, 26, 50, 137, 99, 171, 103, 97, 114, 92, 178, 105, 27, 87, 117, 195, 198, 21, 40, 53, 188, 72, 10, 95, 59, 60, 126, 164, 65, 123, 111, 67, 70, 115, 56, 4, 89, 62, 163, 176, 131, 38, 146, 108, 185, 28, 12, 110, 19, 153, 3, 37, 94, 77, 45, 192, 96, 30, 169, 44, 129, 8, 193, 16, 55, 48]
Taxon occupancy: {110=50, 111=50, 112=50, 113=50, 114=50, 115=50, 116=50, 117=50, 118=50, 119=50, 10=50, 11=50, 12=50, 13=50, 14=50, 15=50, 16=50, 17=50, 18=50, 19=50, 120=50, 121=50, 0=50, 1=50, 122=50, 2=50, 123=50, 124=50, 3=50, 125=50, 4=50, 5=50, 126=50, 6=50, 127=50, 7=50, 128=50, 129=50, 8=50, 9=50, 20=50, 21=50, 22=50, 23=50, 24=50, 25=50, 26=50, 27=50, 28=50, 29=50, 130=50, 131=50, 132=50, 133=50, 134=50, 135=50, 136=50, 137=50, 138=50, 139=50, 30=50, 31=50, 32=50, 33=50, 34=50, 35=50, 36=50, 37=50, 38=50, 39=50, 140=50, 141=50, 142=50, 143=50, 144=50, 145=50, 146=50, 147=50, 148=50, 149=50, 40=50, 41=50, 42=50, 43=50, 44=50, 45=50, 46=50, 47=50, 48=50, 49=50, 150=50, 151=50, 152=50, 153=50, 154=50, 155=50, 156=50, 157=50, 158=50, 159=50, 50=50, 51=50, 52=50, 53=50, 54=50, 55=50, 56=50, 57=50, 58=50, 59=50, 160=50, 161=50, 162=50, 163=50, 164=50, 165=50, 166=50, 167=50, 168=50, 169=50, 60=50, 61=50, 62=50, 63=50, 64=50, 65=50, 66=50, 67=50, 68=50, 69=50, 170=50, 171=50, 172=50, 173=50, 174=50, 175=50, 176=50, 177=50, 178=50, 179=50, 70=50, 71=50, 72=50, 73=50, 74=50, 75=50, 76=50, 77=50, 78=50, 79=50, 180=50, 181=50, 182=50, 183=50, 184=50, 185=50, 186=50, 187=50, 188=50, 189=50, 80=50, 81=50, 82=50, 83=50, 84=50, 85=50, 86=50, 87=50, 88=50, 89=50, 190=50, 191=50, 192=50, 193=50, 194=50, 195=50, 196=50, 197=50, 198=50, 199=50, 90=50, 91=50, 92=50, 93=50, 94=50, 95=50, 96=50, 97=50, 98=50, 99=50, 200=50, 100=50, 101=50, 102=50, 103=50, 104=50, 105=50, 106=50, 107=50, 108=50, 109=50}
Number of gene trees: 50
0 trees have missing taxa
Calculating quartet distance matrix (for completion of X)
Species tree distances calculated ...
Building set of clusters (X) from gene trees 
------------------------------
gradient0: 5235
Number of Clusters after addition by distance: 5235
calculating extra bipartitions to be added at level 1 ...
Adding to X using resolutions of greedy consensus ...
Limit for sigma of degrees:5075
polytomy size limit : 12
discarded polytomies:  [3, 3, 3, 3, 3, 3, 3, 3, 3, 3, 3, 3, 3, 3, 3, 3, 3, 3, 3, 3, 4, 4, 4, 4, 4, 4, 4, 4, 4, 5, 5, 5, 5, 5, 6, 6, 10, 12]
Threshold 0.0:
Threshold 0.01:
Threshold 0.02:
Threshold 0.05:
Threshold 0.1:
polytomy of size 4; rounds with additions with at least 5 support: 0; clusters: 5235
Threshold 0.2:
polytomy of size 3; rounds with additions with at least 5 support: 0; clusters: 5235
polytomy of size 5; rounds with additions with at least 5 support: 0; clusters: 5235
polytomy of size 3; rounds with additions with at least 5 support: 0; clusters: 5235
polytomy of size 3; rounds with additions with at least 5 support: 0; clusters: 5235
polytomy of size 3; rounds with additions with at least 5 support: 0; clusters: 5235
polytomy of size 5; rounds with additions with at least 5 support: 0; clusters: 5235
polytomy of size 5; rounds with additions with at least 5 support: 1; clusters: 5237
polytomy of size 4; rounds with additions with at least 5 support: 0; clusters: 5237
polytomy of size 4; rounds with additions with at least 5 support: 0; clusters: 5237
polytomy of size 3; rounds with additions with at least 5 support: 0; clusters: 5237
Threshold 0.3333333333333333:
polytomy of size 3; rounds with additions with at least 5 support: 0; clusters: 5237
polytomy of size 4; rounds with additions with at least 5 support: 0; clusters: 5237
polytomy of size 6; rounds with additions with at least 5 support: 0; clusters: 5237
polytomy of size 3; rounds with additions with at least 5 support: 0; clusters: 5237
polytomy of size 4; rounds with additions with at least 5 support: 0; clusters: 5237
polytomy of size 10; rounds with additions with at least 5 support: 0; clusters: 5237
polytomy of size 4; rounds with additions with at least 5 support: 0; clusters: 5237
polytomy of size 4; rounds with additions with at least 5 support: 0; clusters: 5237
polytomy of size 3; rounds with additions with at least 5 support: 0; clusters: 5237
polytomy of size 4; rounds with additions with at least 5 support: 0; clusters: 5237
polytomy of size 5; rounds with additions with at least 5 support: 0; clusters: 5237
polytomy of size 3; rounds with additions with at least 5 support: 0; clusters: 5237
polytomy of size 3; rounds with additions with at least 5 support: 0; clusters: 5237
polytomy of size 3; rounds with additions with at least 5 support: 0; clusters: 5237
polytomy of size 3; rounds with additions with at least 5 support: 0; clusters: 5237
polytomy of size 4; rounds with additions with at least 5 support: 0; clusters: 5237
polytomy of size 12; rounds with additions with at least 5 support: 0; clusters: 5237
polytomy of size 6; rounds with additions with at least 5 support: 0; clusters: 5237
polytomy of size 3; rounds with additions with at least 5 support: 0; clusters: 5237
polytomy of size 3; rounds with additions with at least 5 support: 0; clusters: 5237
polytomy of size 5; rounds with additions with at least 5 support: 0; clusters: 5237
polytomy of size 3; rounds with additions with at least 5 support: 0; clusters: 5237
polytomy of size 3; rounds with additions with at least 5 support: 0; clusters: 5237
polytomy of size 3; rounds with additions with at least 5 support: 0; clusters: 5237
polytomy of size 3; rounds with additions with at least 5 support: 0; clusters: 5237
polytomy of size 3; rounds with additions with at least 5 support: 0; clusters: 5237
polytomy of size 3; rounds with additions with at least 5 support: 0; clusters: 5237
max k is :2
Number of Clusters after addition by greedy: 5237
gradient0 in heuristiic: 5237
partitions formed in 7.504 secs
Dynamic Programming starting after 7.504 secs
Using tree-based weight calculation.
Using polytree-based weight calculation.
Polytree max score: 3298317858
Polytree building time: 0.311 seconds.
Number of quartet trees in the gene trees: 3298317858
Size of largest cluster: 201
Greedy score: 2960454806
estimationFactor: 1.1141253875300672
Sub-optimal score: 3048453965
Total Number of elements weighted: 8447
Normalized score (portion of input quartet trees satisfied before correcting for multiple individuals): 0.9311983893700277
Optimization score: 3071388277
Optimal tree inferred in 10.515 secs.
(104,(183,((167,20),((26,((152,(7,(162,128))),((17,177),(181,(168,(83,68)))))),((50,(137,99)),((21,(171,((117,(195,198)),(87,((114,(92,178)),((103,97),(105,27))))))),(((151,102),(191,35)),((((63,(165,14)),(112,(52,(194,61)))),((39,(119,13)),(127,((132,(187,34)),(46,(150,172)))))),(66,((142,(159,(18,122))),(((60,(126,164)),((40,((53,188),(10,(72,(95,59))))),((56,(65,123)),(115,(70,(111,67)))))),(0,(((157,(184,((32,42),(85,(58,(133,200)))))),(31,((144,((54,175),(76,(78,(93,186))))),((69,(81,(170,130))),((((129,55),(16,(8,193))),((11,44),(30,(169,48)))),((47,(139,(73,149))),((74,(155,121)),((145,196),(64,199))))))))),(((124,2),((51,158),((91,(135,33)),(49,(189,79))))),((((94,(37,77)),(3,(45,(192,96)))),((12,(19,(110,153))),((163,(62,176)),((28,(108,185)),((131,38),(146,(4,89))))))),(((166,84),((161,(80,(140,138))),((86,143),((75,190),(5,71))))),(((23,(113,106)),(182,(15,82))),(101,(((156,(197,(107,(160,98)))),((147,179),(29,(57,41)))),(((174,36),(120,(154,((43,136),(88,(141,9)))))),(((116,25),(148,6)),(180,(109,(100,((134,(118,125)),(173,((90,24),(1,22))))))))))))))))))))))))))));
Final quartet score is: 3071388277
Final normalized quartet score is: 0.9311983893700277
Extended species tree:
(73,(149,(139,(47,(((74,(155,121)0.37:0.0011819334427855418)1:2.4577205094838432,((145,196)0.92:0.215830651308599,(64,199)1:0.8437381376586974)1:0.9254866242746729)1:0.4528508705442293,((((129,55)1:0.5424119872128988,(16,(8,193)1:0.5264829674493026)0.74:0.1258577690630016)1:1.2927679258827482,((11,44)0.94:0.2278640171736578,(30,(169,48)0.65:0.12300660207519927)1:0.48641922494142914)1:1.4536394536237673)0.72:0.14873246389328254,((69,(81,(170,130)0.95:0.23258339157484278)1:0.838996589835091)1:1.33330326850557,((144,((54,175)1:3.2374725603762284,(76,(78,(93,186)1:0.48988402384274865)1:0.9066699290208811)0.86:0.17189992507475033)1:0.4190635527901318)1:0.5548062386899996,(31,((157,(184,((32,42)1:1.4860427810798704,(85,(58,(133,200)0.94:0.24022238375394672)0.42:0.02938659151249945)1:0.41539734335668466)0.95:0.22827420389911507)1:1.4874531662587391)1:2.7134481471958423,((((124,2)1:1.9174252510466265,((51,158)0.56:0.09539512112408083,((91,(135,33)0.91:0.25681542447125366)1:1.0945116885955342,(49,(189,79)1:1.5379736155310348)1:0.636726724622801)1:0.7546391055831424)0.95:0.23589056332337613)1:2.966744736680739,((((94,(37,77)0.99:0.3068865034306202)1:2.4516572209468346,(3,(45,(192,96)1:2.3860608151513674)1:0.4877438163067655)1:0.6156110715318716)0.92:0.21267010009015938,((12,(19,(110,153)0.54:0.06538062645049339)1:0.7806766654312234)1:2.326388880421236,((163,(62,176)1:0.9808292530117262)1:1.7725668412469453,((28,(108,185)0.83:0.1820405789893525)1:1.5337855769677153,((131,38)1:0.4730959581990604,(146,(4,89)1:1.9880643489321927)0.67:0.10089270270682148)0.98:0.2837155303984376)1:0.39494674609529695)1:1.094824405351172)1:0.5622257694121612)1:1.741475842763991,(((166,84)1:2.577382381716944,((161,(80,(140,138)1:0.5538808130851779)1:2.142073252494641)1:0.9802701188563149,((86,143)1:1.5061392140556116,((75,190)1:0.37978251894888176,(5,71)1:1.6618145162264684)1:1.0211486086674153)1:2.7314546614275437)1:0.5293818811956)0.75:0.12221867968280271,(((23,(113,106)1:1.4906442652717935)1:3.1280957437030183,(182,(15,82)0.91:0.2050375146284915)1:1.205096805215974)0.52:0.05440416328624923,(101,(((156,(197,(107,(160,98)1:1.8362551926737174)1:1.7362945358944382)0.6:0.0774533591835243)1:1.490492085949026,((147,179)1:0.8346933671636,(29,(57,41)0.5:0.06697062610618383)1:0.961749578607831)1:1.8979763399487475)1:0.9762775567799054,(((174,36)1:2.3125310448061804,(120,(154,((43,136)0.6:0.0926359051687427,(88,(141,9)0.98:0.2903162871355626)1:0.5412832513666257)0.38:0.006134756241729155)1:0.5622743740709218)1:0.5022041678276302)0.42:0.026328858454318656,(((116,25)1:0.43187967515959164,(148,6)0.97:0.25732065164294377)1:0.4460263675654759,(180,(109,(100,((134,(118,125)0.46:0.039856453455327345)0.53:0.06438041326536262,(173,((90,24)0.92:0.2709871938796109,(1,22)0.44:0.05813298063490324)0.56:0.12072446550091925)1:0.4697969486936397)0.46:0.053155143070876466)0.97:0.26887356401828083)0.99:0.3101656792001959)0.96:0.2437509267180186)1:0.87554489569232)1:1.6107042818651032)0.84:0.1604835921736484)0.99:0.3271028869070138)1:0.6942409317418775)1:0.6104176467931357)1:0.8993578124750193)1:0.8613932278826717,(0,(((60,(126,164)1:0.8056251639866356)1:2.0780399997545476,((40,((53,188)1:0.7577498131660116,(10,(72,(95,59)0.52:0.0544609418893829)0.6:0.08671985729541003)1:0.43468316041533034)1:1.7504502457192808)1:1.1785810390112463,((56,(65,123)1:1.6537651296867613)1:0.8251177799848326,(115,(70,(111,67)1:1.7411418406172996)1:0.346907375041795)1:0.554040103533071)1:1.791838113402529)0.5:0.053000696705775355)1:3.5263605246161593,((142,(159,(18,122)1:0.4592664779878006)1:1.624705384564889)1:3.5263605246161593,(66,((((63,(165,14)1:1.9125932159821997)0.97:0.25869453557852873,(112,(52,(194,61)1:0.6132124257758728)1:1.15109062909728)1:0.5924332049581145)1:3.4085774889597764,((39,(119,13)1:0.6725423307674273)1:0.9941632816200388,(127,((132,(187,34)0.43:0.042379222968861534)1:0.3737432362810842,(46,(150,172)1:0.7910930281017455)1:0.6079641645626872)1:1.6471691610810617)1:0.6859518009166533)1:1.5439119184886845)1:0.7111791807522482,(((151,102)1:0.3920242728967215,(191,35)0.95:0.2519783740960752)1:1.72823533934769,((21,(171,((117,(195,198)1:2.094517737625061)0.99:0.34037830932386326,(87,((114,(92,178)1:1.0729647539436657)1:0.4672887743422339,((103,97)1:0.6057749308317777,(105,27)1:1.566194966656127)0.74:0.13256756758684335)0.69:0.12012535778865877)1:1.507242541026511)1:0.7715855205529679)0.99:0.34151965590623046)0.99:0.3329198049064187,((50,(137,99)0.99:0.30535956303831)1:2.4597045669181177,((26,((152,(7,(162,128)0.97:0.2773693096325132)0.85:0.17448117450678155)0.98:0.3036219680376509,((17,177)1:0.5377909747833283,(181,(168,(83,68)0.69:0.10916029826246994)0.5:0.04664135185011028)0.77:0.15277239926862135)1:0.48192127032264725)1:0.6426664741797541)0.95:0.23084296571813076,((167,20)0.48:0.040066745750868396,(183,104)0.96:0.26032051524474414)1:2.2464435646790366)0.77:0.1355666842406685)1:1.2178068375299322)1:1.1999223444874012)1:0.4738368971955364)0.6:0.09788473265636641)1:1.909259739436492)1:3.5263605246161593)1:1.9169226121820613)1:1.9627186978016606)1:1.61077570527576)1:0.8421875497380367)0.92:0.20250655560678346)1:0.6849962584251479)1:0.6618603204329845)1:0.47913845229117913)1:0.42917009455739735)1:0.6175707976345248)0.83:0.1641882391078836));
Weight calculation took 2.165053669 secs
ASTRAL finished in 12.098 secs
