
================== ASTRAL ===================== 

This is ASTRAL version 5.7.8
Gene trees are treated as unrooted
200 trees read from Dataset/AstralII_data/model.200.10000000.0.000001/04/estimatedgenetre.halfresolved_200
index0
All output trees will be *arbitrarily* rooted at 39

======== Running the main analysis
Number of taxa: 201 (201 species)
Taxa: [39, 145, 54, 155, 141, 186, 119, 106, 159, 50, 146, 129, 14, 136, 16, 151, 127, 111, 73, 28, 97, 132, 99, 169, 184, 192, 1, 85, 140, 189, 158, 124, 143, 79, 83, 108, 9, 62, 70, 109, 148, 56, 52, 134, 144, 19, 157, 59, 69, 26, 102, 33, 200, 68, 10, 160, 82, 167, 107, 114, 41, 88, 48, 94, 58, 25, 86, 53, 121, 43, 21, 116, 181, 17, 161, 2, 3, 71, 191, 77, 115, 162, 35, 170, 8, 187, 91, 65, 131, 84, 195, 37, 49, 5, 198, 120, 95, 36, 15, 89, 13, 38, 122, 176, 63, 125, 105, 137, 199, 81, 27, 45, 55, 166, 139, 72, 66, 133, 0, 75, 194, 60, 47, 61, 163, 153, 74, 179, 190, 87, 156, 177, 165, 118, 4, 100, 183, 185, 113, 173, 51, 175, 57, 150, 152, 64, 188, 142, 11, 18, 180, 171, 135, 168, 31, 154, 92, 130, 110, 23, 178, 128, 78, 172, 6, 182, 44, 193, 103, 123, 101, 80, 164, 98, 93, 30, 174, 46, 90, 96, 67, 117, 104, 7, 76, 138, 34, 42, 112, 12, 149, 20, 29, 126, 147, 32, 197, 196, 40, 22, 24]
Taxon occupancy: {110=200, 111=200, 112=200, 113=200, 114=200, 115=200, 116=200, 117=200, 118=200, 119=200, 10=200, 11=200, 12=200, 13=200, 14=200, 15=200, 16=200, 17=200, 18=200, 19=200, 120=200, 121=200, 0=200, 1=200, 122=200, 2=200, 123=200, 124=200, 3=200, 125=200, 4=200, 5=200, 126=200, 127=200, 6=200, 128=200, 7=200, 129=200, 8=200, 9=200, 20=200, 21=200, 22=200, 23=200, 24=200, 25=200, 26=200, 27=200, 28=200, 29=200, 130=200, 131=200, 132=200, 133=200, 134=200, 135=200, 136=200, 137=200, 138=200, 139=200, 30=200, 31=200, 32=200, 33=200, 34=200, 35=200, 36=200, 37=200, 38=200, 39=200, 140=200, 141=200, 142=200, 143=200, 144=200, 145=200, 146=200, 147=200, 148=200, 149=200, 40=200, 41=200, 42=200, 43=200, 44=200, 45=200, 46=200, 47=200, 48=200, 49=200, 150=200, 151=200, 152=200, 153=200, 154=200, 155=200, 156=200, 157=200, 158=200, 159=200, 50=200, 51=200, 52=200, 53=200, 54=200, 55=200, 56=200, 57=200, 58=200, 59=200, 160=200, 161=200, 162=200, 163=200, 164=200, 165=200, 166=200, 167=200, 168=200, 169=200, 60=200, 61=200, 62=200, 63=200, 64=200, 65=200, 66=200, 67=200, 68=200, 69=200, 170=200, 171=200, 172=200, 173=200, 174=200, 175=200, 176=200, 177=200, 178=200, 179=200, 70=200, 71=200, 72=200, 73=200, 74=200, 75=200, 76=200, 77=200, 78=200, 79=200, 180=200, 181=200, 182=200, 183=200, 184=200, 185=200, 186=200, 187=200, 188=200, 189=200, 80=200, 81=200, 82=200, 83=200, 84=200, 85=200, 86=200, 87=200, 88=200, 89=200, 190=200, 191=200, 192=200, 193=200, 194=200, 195=200, 196=200, 197=200, 198=200, 199=200, 90=200, 91=200, 92=200, 93=200, 94=200, 95=200, 96=200, 97=200, 98=200, 99=200, 200=200, 100=200, 101=200, 102=200, 103=200, 104=200, 105=200, 106=200, 107=200, 108=200, 109=200}
Number of gene trees: 200
0 trees have missing taxa
Calculating quartet distance matrix (for completion of X)
Species tree distances calculated ...
Building set of clusters (X) from gene trees 
------------------------------
gradient0: 8187
Number of Clusters after addition by distance: 8187
calculating extra bipartitions to be added at level 1 ...
Adding to X using resolutions of greedy consensus ...
Limit for sigma of degrees:5075
polytomy size limit : 7
discarded polytomies:  [3, 3, 3, 3, 3, 3, 3, 3, 4, 4, 4, 5, 5, 7]
Threshold 0.0:
Threshold 0.01:
Threshold 0.02:
Threshold 0.05:
Threshold 0.1:
Threshold 0.2:
polytomy of size 5; rounds with additions with at least 5 support: 0; clusters: 8187
polytomy of size 4; rounds with additions with at least 5 support: 0; clusters: 8187
Threshold 0.3333333333333333:
polytomy of size 4; rounds with additions with at least 5 support: 0; clusters: 8187
polytomy of size 3; rounds with additions with at least 5 support: 0; clusters: 8187
polytomy of size 5; rounds with additions with at least 5 support: 0; clusters: 8187
polytomy of size 3; rounds with additions with at least 5 support: 0; clusters: 8187
polytomy of size 3; rounds with additions with at least 5 support: 0; clusters: 8187
polytomy of size 3; rounds with additions with at least 5 support: 0; clusters: 8187
polytomy of size 3; rounds with additions with at least 5 support: 0; clusters: 8187
polytomy of size 4; rounds with additions with at least 5 support: 0; clusters: 8187
polytomy of size 3; rounds with additions with at least 5 support: 0; clusters: 8187
polytomy of size 3; rounds with additions with at least 5 support: 0; clusters: 8187
polytomy of size 7; rounds with additions with at least 5 support: 0; clusters: 8187
polytomy of size 3; rounds with additions with at least 5 support: 0; clusters: 8187
max k is :0
Number of Clusters after addition by greedy: 8187
gradient0 in heuristiic: 8187
partitions formed in 4.838 secs
Dynamic Programming starting after 4.838 secs
Using tree-based weight calculation.
Using polytree-based weight calculation.
Polytree max score: 13199665650
Polytree building time: 0.271 seconds.
Number of quartet trees in the gene trees: 13199665650
Size of largest cluster: 201
Greedy score: 10355588411
estimationFactor: 1.2746417804688859
Sub-optimal score: 10377263324
Total Number of elements weighted: 17115
Normalized score (portion of input quartet trees satisfied before correcting for multiple individuals): 0.8673807139955851
Optimization score: 11449135416
Optimal tree inferred in 11.308 secs.
(4,(100,((183,(173,(185,113))),(51,((87,(118,(165,(156,177)))),((74,(153,(179,190))),((61,163),((((188,(142,11)),((175,57),(150,(152,64)))),((23,(18,(180,171))),(135,((168,31),(110,(154,(92,130))))))),((((32,197),((196,40),(22,24))),((149,((121,(112,12)),(20,(29,(126,147))))),(((34,42),(7,(76,138))),((96,(67,117)),(((78,172),(178,128)),((164,(30,(98,93))),((6,((103,123),(182,(44,193)))),((101,104),(46,(80,(174,90))))))))))),((106,(((54,(39,145)),((186,119),(155,141))),(((159,(50,146)),((184,(189,158)),((192,1),(85,140)))),(((108,9),(83,(124,(143,79)))),((97,(99,(132,169))),((127,(73,28)),(129,(111,((16,151),(14,136)))))))))),((((62,70),((109,148),((134,144),(56,52)))),(((94,58),(25,(86,53))),((19,157),((59,88),(((26,48),(69,(102,33))),(41,(114,((200,68),(10,(107,(160,(82,167)))))))))))),((47,(0,(194,(75,60)))),(((66,133),(166,(139,72))),(((125,105),(137,(199,(81,(27,(45,55)))))),((((89,(13,38)),(122,(176,63))),((161,2),(43,((181,17),(21,116))))),((((71,191),(3,8)),(77,((115,162),(35,170)))),((187,91),(((195,37),(65,(131,84))),(15,((49,5),(120,(198,(95,36)))))))))))))))))))))));
Final quartet score is: 11449135416
Final normalized quartet score is: 0.8673807139955851
Extended species tree:
(39,(145,(54,(((186,119)1:2.0100093394834184,(155,141)1:0.8897685392167186)1:0.977398717914937,((((159,(50,146)1:1.4321038971511846)1:1.943471147251116,((184,(189,158)1:1.7197859696029656)1:1.1473356178653245,((192,1)1:1.386445899232016,(85,140)1:1.6585643328434254)1:1.9445326810077916)1:0.33486052786467224)1:1.7346031214717959,(((108,9)1:0.8219551770904162,(83,(124,(143,79)1:1.1845141296997415)1:1.1158445423823877)1:0.47279870417422204)1:2.8410806621276605,((97,(99,(132,169)0.99:0.15273201727489638)1:0.6220906268640294)1:1.3531927168474291,((127,(73,28)1:2.337173104281374)1:0.39618480396082956,(129,(111,((16,151)1:1.1841439325655418,(14,136)1:1.0370566572627378)1:1.042873172752198)1:0.44005477010666166)1:0.7700447908720304)1:0.20939427544568393)1:1.9852690696581958)1:0.2594502567654997)1:0.9696706996771769,(106,(((((62,70)1:2.517047081778595,((109,148)1:3.799227511282799,((134,144)1:1.080239043781024,(56,52)1:1.3586476511028913)1:1.6111136363797176)1:1.0250478704240402)1:2.4435073512370376,(((94,58)1:3.284667372906598,(25,(86,53)1:0.4782084619041775)1:1.231273775622534)1:1.2553622125751414,((19,157)1:3.5027894854111024,((59,88)1:0.6830844549946871,(((26,48)0.96:0.12101203695162728,(69,(102,33)1:1.127058765610441)1:0.3981790032393073)1:2.814333940181339,(41,(114,((200,68)1:1.891902047939479,(10,(107,(160,(82,167)1:0.4860098357120159)1:0.22510585115185294)1:0.7545431171253058)1:1.094246160910541)1:0.42501739940670225)1:0.4814944139348841)1:0.820721640887388)1:0.2981065897876652)1:1.0567268589566527)0.99:0.15965731671915226)1:2.685701568489227)0.68:0.05023871083946512,((47,(0,(194,(75,60)1:0.678257825399747)1:2.7006152226146916)1:1.292730228902434)1:0.21138236659786733,(((66,133)1:2.8190362168254075,(166,(139,72)1:1.234148662076183)1:1.9531323283677693)1:2.853122516698221,(((125,105)1:0.40733252228295974,(137,(199,(81,(27,(45,55)1:0.5412604817766854)1:1.091064513383901)1:1.4528316971856698)0.52:0.03411931955577983)1:2.4807239317182503)1:2.062493447970469,((((89,(13,38)1:2.063735587238895)1:1.6760962959360135,(122,(176,63)1:1.3424917384614978)1:3.3573947590037574)1:1.88126495291544,((161,2)1:2.82408449742272,(43,((181,17)1:0.8642732130968709,(21,116)1:2.5445326416794547)1:0.9708276542581334)1:2.0913602649247247)1:2.0513081552715877)1:0.6931942828844164,((((71,191)1:1.184577302019778,(3,8)1:0.4725373310935169)1:1.9869621399646669,(77,((115,162)1:1.2069139456304243,(35,170)0.87:0.08575862352182673)1:0.9281256427942542)1:1.598921267409174)1:2.389794681506514,((187,91)1:3.143769240858558,(((195,37)1:0.7800754884221687,(65,(131,84)1:1.1612530188063745)1:0.6881338772380615)1:1.2079436041386844,(15,((49,5)1:0.19095805535086877,(120,(198,(95,36)1:2.333642618081452)1:0.9176838527370808)1:0.8281265986338512)1:0.7356097947930265)1:0.9149984297691705)1:1.7513818912004213)1:1.0500956739644156)1:1.8341494645083904)1:1.618693537563873)1:0.25047426468046513)1:1.3342080934830294)1:1.4951856998210613)1:0.8417355482052089,((((32,197)0.99:0.15069162270722616,((196,40)1:1.5135355766137948,(22,24)1:1.0060195018402847)1:1.588022297664457)1:3.23175606717815,((149,((121,(112,12)1:0.21570857282669167)1:2.279757544620361,(20,(29,(126,147)1:0.5121582365123885)1:2.4267764124405247)1:1.6202413023251443)0.67:0.07838034498695362)1:0.24052583100309194,(((34,42)1:0.951612567569432,(7,(76,138)1:0.8374838708692575)1:2.638524422594918)1:0.8515801760536046,((96,(67,117)1:1.8070018141523598)1:2.3844654884614362,(((78,172)1:2.9475881100674606,(178,128)1:0.9355773547373429)1:1.2329155749746197,((164,(30,(98,93)1:1.5674406702985768)1:0.5819095828925255)1:0.8803806060525227,((6,((103,123)1:1.7209913443013263,(182,(44,193)1:1.2892450861650537)0.53:0.032004201460624444)1:0.27608987192181567)1:1.540721474950292,((101,104)1:0.43379017114494695,(46,(80,(174,90)1:0.3127692550602019)0.96:0.1145659076584059)1:1.539990154416489)1:0.8905487031462328)1:0.18207383973061247)0.94:0.10791136058581902)0.96:0.12489353326715669)1:1.1230849703074588)1:2.2192328829493735)0.48:0.02609844504960198)1:0.29016530638976024,((((188,(142,11)0.37:0.004923016411466708)1:3.674064368328803,((175,57)1:2.3092321740447006,(150,(152,64)1:2.7023001429796123)1:0.24987405799266613)1:0.7833906929723139)1:1.9248364090270302,((23,(18,(180,171)1:0.6351599229095962)1:2.1936889002205837)1:0.1893781546197373,(135,((168,31)1:1.1399672827608094,(110,(154,(92,130)0.84:0.07802198517406)1:0.6470352038146902)1:0.7471095186685497)1:1.7441349986132517)0.61:0.058346680197634414)1:2.8423785559366532)1:1.1864677295658814,((61,163)1:3.799227511282799,((74,(153,(179,190)1:1.3651121848975454)0.72:0.05759749178333632)1:2.246948012688652,((87,(118,(165,(156,177)1:0.3990969161680135)0.99:0.13975247200557725)1:0.9226823198217339)1:0.17440126734945494,(51,((183,(173,(185,113)1:0.2378715300652293)1:1.5482919966383897)1:0.6775279938168143,(100,4)1:1.1723008486549389)1:1.1071693376274405)0.54:0.03246206235049608)1:2.0724562567389015)1:1.7735148803673704)1:1.2231806413079653)1:0.47572435098147664)1:0.6640429548629313)1:0.9404907267669985)1:1.0722105780282487)1:2.850066061890277)1:1.2172744516038114)1:1.047907136446946));
Weight calculation took 5.672459936 secs
ASTRAL finished in 13.699 secs
