
================== ASTRAL ===================== 

This is ASTRAL version 5.7.8
Gene trees are treated as unrooted
1000 trees read from Dataset/AstralII_data/model.200.10000000.0.000001/04/estimatedgenetre.halfresolved
index0
All output trees will be *arbitrarily* rooted at 39

======== Running the main analysis
Number of taxa: 201 (201 species)
Taxa: [39, 145, 54, 155, 141, 186, 119, 106, 159, 50, 146, 129, 14, 136, 16, 151, 127, 111, 73, 28, 97, 132, 99, 169, 184, 192, 1, 85, 140, 189, 158, 124, 143, 79, 83, 108, 9, 62, 70, 109, 148, 56, 52, 134, 144, 19, 157, 59, 69, 26, 102, 33, 200, 68, 10, 160, 82, 167, 107, 114, 41, 88, 48, 94, 58, 25, 86, 53, 121, 43, 21, 116, 181, 17, 161, 2, 3, 71, 191, 77, 115, 162, 35, 170, 8, 187, 91, 65, 131, 84, 195, 37, 49, 5, 198, 120, 95, 36, 15, 89, 13, 38, 122, 176, 63, 125, 105, 137, 199, 81, 27, 45, 55, 166, 139, 72, 66, 133, 0, 75, 194, 60, 47, 61, 163, 153, 74, 179, 190, 87, 156, 177, 165, 118, 4, 100, 183, 185, 113, 173, 51, 175, 57, 150, 152, 64, 188, 142, 11, 18, 180, 171, 135, 168, 31, 154, 92, 130, 110, 23, 178, 128, 78, 172, 6, 182, 44, 193, 103, 123, 101, 80, 164, 98, 93, 30, 174, 46, 90, 96, 67, 117, 104, 7, 76, 138, 34, 42, 112, 12, 149, 20, 29, 126, 147, 32, 197, 196, 40, 22, 24]
Taxon occupancy: {110=1000, 111=1000, 112=1000, 113=1000, 114=1000, 115=1000, 116=1000, 117=1000, 118=1000, 119=1000, 10=1000, 11=1000, 12=1000, 13=1000, 14=1000, 15=1000, 16=1000, 17=1000, 18=1000, 19=1000, 120=1000, 121=1000, 0=1000, 1=1000, 122=1000, 2=1000, 123=1000, 124=1000, 3=1000, 125=1000, 4=1000, 5=1000, 126=1000, 127=1000, 6=1000, 128=1000, 7=1000, 129=1000, 8=1000, 9=1000, 20=1000, 21=1000, 22=1000, 23=1000, 24=1000, 25=1000, 26=1000, 27=1000, 28=1000, 29=1000, 130=1000, 131=1000, 132=1000, 133=1000, 134=1000, 135=1000, 136=1000, 137=1000, 138=1000, 139=1000, 30=1000, 31=1000, 32=1000, 33=1000, 34=1000, 35=1000, 36=1000, 37=1000, 38=1000, 39=1000, 140=1000, 141=1000, 142=1000, 143=1000, 144=1000, 145=1000, 146=1000, 147=1000, 148=1000, 149=1000, 40=1000, 41=1000, 42=1000, 43=1000, 44=1000, 45=1000, 46=1000, 47=1000, 48=1000, 49=1000, 150=1000, 151=1000, 152=1000, 153=1000, 154=1000, 155=1000, 156=1000, 157=1000, 158=1000, 159=1000, 50=1000, 51=1000, 52=1000, 53=1000, 54=1000, 55=1000, 56=1000, 57=1000, 58=1000, 59=1000, 160=1000, 161=1000, 162=1000, 163=1000, 164=1000, 165=1000, 166=1000, 167=1000, 168=1000, 169=1000, 60=1000, 61=1000, 62=1000, 63=1000, 64=1000, 65=1000, 66=1000, 67=1000, 68=1000, 69=1000, 170=1000, 171=1000, 172=1000, 173=1000, 174=1000, 175=1000, 176=1000, 177=1000, 178=1000, 179=1000, 70=1000, 71=1000, 72=1000, 73=1000, 74=1000, 75=1000, 76=1000, 77=1000, 78=1000, 79=1000, 180=1000, 181=1000, 182=1000, 183=1000, 184=1000, 185=1000, 186=1000, 187=1000, 188=1000, 189=1000, 80=1000, 81=1000, 82=1000, 83=1000, 84=1000, 85=1000, 86=1000, 87=1000, 88=1000, 89=1000, 190=1000, 191=1000, 192=1000, 193=1000, 194=1000, 195=1000, 196=1000, 197=1000, 198=1000, 199=1000, 90=1000, 91=1000, 92=1000, 93=1000, 94=1000, 95=1000, 96=1000, 97=1000, 98=1000, 99=1000, 200=1000, 100=1000, 101=1000, 102=1000, 103=1000, 104=1000, 105=1000, 106=1000, 107=1000, 108=1000, 109=1000}
Number of gene trees: 1000
0 trees have missing taxa
Calculating quartet distance matrix (for completion of X)
Species tree distances calculated ...
Building set of clusters (X) from gene trees 
------------------------------
gradient0: 21479
Number of Clusters after addition by distance: 21479
calculating extra bipartitions to be added at level 1 ...
Adding to X using resolutions of greedy consensus ...
Limit for sigma of degrees:5075
polytomy size limit : 7
discarded polytomies:  [3, 3, 3, 3, 3, 3, 3, 4, 4, 5, 5, 7]
Threshold 0.0:
Threshold 0.01:
Threshold 0.02:
Threshold 0.05:
Threshold 0.1:
Threshold 0.2:
polytomy of size 5; rounds with additions with at least 5 support: 0; clusters: 21479
polytomy of size 4; rounds with additions with at least 5 support: 0; clusters: 21479
Threshold 0.3333333333333333:
polytomy of size 3; rounds with additions with at least 5 support: 0; clusters: 21479
polytomy of size 3; rounds with additions with at least 5 support: 0; clusters: 21479
polytomy of size 5; rounds with additions with at least 5 support: 0; clusters: 21479
polytomy of size 3; rounds with additions with at least 5 support: 0; clusters: 21479
polytomy of size 3; rounds with additions with at least 5 support: 0; clusters: 21479
polytomy of size 3; rounds with additions with at least 5 support: 0; clusters: 21479
polytomy of size 4; rounds with additions with at least 5 support: 0; clusters: 21479
polytomy of size 3; rounds with additions with at least 5 support: 0; clusters: 21479
polytomy of size 7; rounds with additions with at least 5 support: 0; clusters: 21479
polytomy of size 3; rounds with additions with at least 5 support: 0; clusters: 21479
max k is :0
Number of Clusters after addition by greedy: 21479
gradient0 in heuristiic: 21479
partitions formed in 19.318 secs
Dynamic Programming starting after 19.318 secs
Using tree-based weight calculation.
Using polytree-based weight calculation.
Polytree max score: 65998337733
Polytree building time: 2.319 seconds.
Number of quartet trees in the gene trees: 65998337733
Size of largest cluster: 201
Greedy score: 53060845788
estimationFactor: 1.2438237037662503
Sub-optimal score: 53506827019
Total Number of elements weighted: 79154
Normalized score (portion of input quartet trees satisfied before correcting for multiple individuals): 0.8663121368648001
Optimization score: 57175160991
Optimal tree inferred in 105.614 secs.
(4,(100,((183,(173,(185,113))),(51,((87,(118,(165,(156,177)))),((153,(74,(179,190))),((61,163),((((142,(188,11)),((175,57),(150,(152,64)))),((23,(18,(180,171))),(135,((168,31),(110,(154,(92,130))))))),(((149,((121,(112,12)),(20,(29,(126,147))))),(((32,197),((196,40),(22,24))),(((34,42),(7,(76,138))),((96,(67,117)),(((78,172),(178,128)),((164,(30,(98,93))),((6,(182,((44,193),(103,123)))),((101,104),(46,(80,(174,90))))))))))),((106,(((54,(39,145)),((186,119),(155,141))),(((159,(50,146)),((184,(189,158)),((192,1),(85,140)))),(((108,9),(83,(124,(143,79)))),((97,(99,(132,169))),((127,(73,28)),(129,(111,((16,151),(14,136)))))))))),((((62,70),((109,148),((134,144),(56,52)))),(((94,58),(25,(86,53))),((19,157),((59,88),(((26,48),(69,(102,33))),(41,(114,((200,68),(10,(107,(160,(82,167)))))))))))),((47,(0,(194,(75,60)))),(((66,133),(166,(139,72))),(((125,105),(199,(137,(81,(27,(45,55)))))),((((89,(13,38)),(122,(176,63))),((161,2),(43,((21,116),(181,17))))),((((71,191),(3,8)),(77,((115,162),(35,170)))),((187,91),(((195,37),(65,(131,84))),(15,((49,5),(120,(198,(95,36)))))))))))))))))))))));
Final quartet score is: 57175160991
Final normalized quartet score is: 0.8663121368648001
Extended species tree:
(39,(145,(54,(((186,119)1:2.3147122667223066,(155,141)1:0.879739572520494)1:0.8778031489031848,((((159,(50,146)1:1.698310524580001)1:2.17071277681386,((184,(189,158)1:1.6589435263737045)1:1.0422794212199422,((192,1)1:1.5166801224280768,(85,140)1:1.6015367857990799)1:2.030591056736277)1:0.29226856846763005)1:1.8608354081297453,(((108,9)1:0.7354655937285366,(83,(124,(143,79)1:1.1696689766717303)1:1.0964366321055237)1:0.4566876255774531)1:3.0284357536530986,((97,(99,(132,169)1:0.17013564077806428)1:0.6064845004934597)1:1.4472258301829495,((127,(73,28)1:2.1839178111503044)1:0.40882285567170457,(129,(111,((16,151)1:1.1492446939637169,(14,136)1:1.120915796612062)1:1.0066547932035486)1:0.4157693016094419)1:0.6717524392420982)1:0.1732128758721458)1:2.214930856449182)1:0.24689286142833633)1:0.9194461259054717,(106,(((((62,70)1:2.5603338226361765,((109,148)1:3.391028709615394,((134,144)1:1.1188411796136912,(56,52)1:1.4801775459552564)1:1.595349881067128)1:1.184265255631247)1:2.741437495108408,(((94,58)1:3.415576811694847,(25,(86,53)1:0.4655392956634774)1:1.412454695886985)1:1.3080673900075381,((19,157)1:3.4994279629264398,((59,88)1:0.8128610864331559,(((26,48)1:0.15117396549988843,(69,(102,33)1:1.0490560790621863)1:0.4302070355867402)1:3.0078479950591666,(41,(114,((200,68)1:1.835396399647567,(10,(107,(160,(82,167)1:0.42934181240505503)1:0.21719960965061114)1:0.8003142462165477)1:1.1284021140454465)1:0.43276496353445276)1:0.5268424558142888)1:1.1061964551702521)1:0.3866794693742972)1:1.1714499557589506)1:0.2084418663664655)1:2.825806609329133)1:0.09984633614373782,((47,(0,(194,(75,60)1:0.6059970630564756)1:2.460238403372507)1:1.3064477089667694)1:0.2189274103306265,(((66,133)1:3.284413846338854,(166,(139,72)1:1.1410217167369818)1:2.1337772380302695)1:2.8891937563063563,(((125,105)1:0.6148543543262803,(199,(137,(81,(27,(45,55)1:0.4620595099098152)1:1.2303682101871805)1:1.401392785832475)0.98:0.05794639808259928)1:2.564004376467387)1:2.170376783437329,((((89,(13,38)1:2.3444065878473834)1:1.677790146499224,(122,(176,63)1:1.29394151982867)1:2.632088660299167)1:2.0846566019431716,((161,2)1:2.732212814203996,(43,((21,116)1:2.468555017370844,(181,17)1:0.8098481282132752)1:1.226816299843845)1:2.101454092297173)1:1.6831961523368324)1:0.6753578421820514,((((71,191)1:1.100555127205815,(3,8)1:0.5154229591108332)1:2.296764155482889,(77,((115,162)1:1.2104238558424523,(35,170)1:0.10101424003842153)1:0.9928690657672219)1:2.0482764145838477)1:2.412512191126414,((187,91)1:3.8314486796098883,(((195,37)1:0.8111678894664321,(65,(131,84)1:1.3864457363642715)1:0.7194487904134129)1:1.2240887350914096,(15,((49,5)1:0.13074904218966088,(120,(198,(95,36)1:2.2266886550824987)1:1.0261360870289686)1:0.7842200837599719)1:0.8723735396336039)1:0.7906902135569951)1:1.6247145544932853)1:0.9720648817392482)1:1.965652106928451)1:1.622029226892086)1:0.23585333723080285)1:1.265635631228803)1:1.5112865702480052)1:0.8864507668373457,(((149,((121,(112,12)1:0.2961742191495252)1:2.000085139932295,(20,(29,(126,147)1:0.5136323116347787)1:2.1142130729327193)1:1.7150154931029844)0.99:0.06916739762305305)1:0.29317577477430884,(((32,197)1:0.19032243273375896,((196,40)1:1.4340343509916107,(22,24)1:1.0627855842854954)1:1.5034258569803725)1:3.3275062020365644,(((34,42)1:1.1462302059787963,(7,(76,138)1:0.8649889233097907)1:2.9089872473499154)1:0.8127148638524708,((96,(67,117)1:1.8771142676614065)1:2.1772808251256883,(((78,172)1:2.6778535827952017,(178,128)1:1.0694790053453216)1:1.190721346775044,((164,(30,(98,93)1:1.5430974216862612)1:0.4623402532642335)1:0.9497075643534351,((6,(182,((44,193)1:1.4246478915477192,(103,123)1:1.7191665399938436)0.99:0.06219463722199139)1:0.31505450658093004)1:1.6904975368181305,((101,104)1:0.4742576505608693,(46,(80,(174,90)1:0.282624172746342)0.99:0.0650871283310814)1:1.471651420277786)1:0.9072666452233896)1:0.14024312266739353)1:0.08149420499684297)1:0.11720276271895885)1:1.1961115807375684)1:2.4298813126678733)0.42:0.006600652824274412)1:0.3521684747411506,((((142,(188,11)0.44:0.011150647719509616)1:3.521094204041284,((175,57)1:2.9700501004718425,(150,(152,64)1:3.279577077538238)1:0.253132229803405)1:0.8296874929737441)1:1.751985727478013,((23,(18,(180,171)1:0.6537320420581093)1:2.0451130969526314)1:0.24300736929368974,(135,((168,31)1:1.1387989854747853,(110,(154,(92,130)0.97:0.05578928766901715)1:0.6888362889627582)1:0.6228426360720415)1:1.775861939049865)0.52:0.016201306603727508)1:3.263296173114945)1:1.1513824627496818,((61,163)1:3.258189686920063,((153,(74,(179,190)1:1.1035106296121833)0.58:0.024039545155915214)1:2.443569195624308,((87,(118,(165,(156,177)1:0.5193533905198662)0.99:0.061554089703370056)1:0.9526729118794965)1:0.14050236346037703,(51,((183,(173,(185,113)1:0.29667919798480896)1:1.386731004658157)1:0.44150805851917063,(100,4)1:1.3287709942875987)1:1.2993821167201813)0.98:0.05883040915466453)1:2.0150195131580406)1:1.924155639985377)1:1.276514326100704)1:0.4896999083020015)1:0.638393479556096)1:0.8203671758956909)1:1.290008963437003)1:2.837924242445781)1:1.2187915793045216)1:0.9700399295375893));
Weight calculation took 80.094666615 secs
ASTRAL finished in 114.504 secs
