
================== ASTRAL ===================== 

This is ASTRAL version 5.7.8
Gene trees are treated as unrooted
50 trees read from Dataset/AstralII_data/model.200.10000000.0.000001/04/estimatedgenetre.halfresolved_50
index0
All output trees will be *arbitrarily* rooted at 39

======== Running the main analysis
Number of taxa: 201 (201 species)
Taxa: [39, 145, 54, 155, 141, 186, 119, 106, 159, 50, 146, 129, 14, 136, 16, 151, 127, 111, 73, 28, 97, 132, 99, 169, 184, 192, 1, 85, 140, 189, 158, 124, 143, 79, 83, 108, 9, 62, 70, 109, 148, 56, 52, 134, 144, 19, 157, 59, 69, 26, 102, 33, 200, 68, 10, 160, 82, 167, 107, 114, 41, 88, 48, 94, 58, 25, 86, 53, 121, 43, 21, 116, 181, 17, 161, 2, 3, 71, 191, 77, 115, 162, 35, 170, 8, 187, 91, 65, 131, 84, 195, 37, 49, 5, 198, 120, 95, 36, 15, 89, 13, 38, 122, 176, 63, 125, 105, 137, 199, 81, 27, 45, 55, 166, 139, 72, 66, 133, 0, 75, 194, 60, 47, 61, 163, 153, 74, 179, 190, 87, 156, 177, 165, 118, 4, 100, 183, 185, 113, 173, 51, 175, 57, 150, 152, 64, 188, 142, 11, 18, 180, 171, 135, 168, 31, 154, 92, 130, 110, 23, 178, 128, 78, 172, 6, 182, 44, 193, 103, 123, 101, 80, 164, 98, 93, 30, 174, 46, 90, 96, 67, 117, 104, 7, 76, 138, 34, 42, 112, 12, 149, 20, 29, 126, 147, 32, 197, 196, 40, 22, 24]
Taxon occupancy: {110=50, 111=50, 112=50, 113=50, 114=50, 115=50, 116=50, 117=50, 118=50, 119=50, 10=50, 11=50, 12=50, 13=50, 14=50, 15=50, 16=50, 17=50, 18=50, 19=50, 120=50, 121=50, 0=50, 1=50, 122=50, 2=50, 123=50, 124=50, 3=50, 125=50, 4=50, 5=50, 126=50, 127=50, 6=50, 128=50, 7=50, 129=50, 8=50, 9=50, 20=50, 21=50, 22=50, 23=50, 24=50, 25=50, 26=50, 27=50, 28=50, 29=50, 130=50, 131=50, 132=50, 133=50, 134=50, 135=50, 136=50, 137=50, 138=50, 139=50, 30=50, 31=50, 32=50, 33=50, 34=50, 35=50, 36=50, 37=50, 38=50, 39=50, 140=50, 141=50, 142=50, 143=50, 144=50, 145=50, 146=50, 147=50, 148=50, 149=50, 40=50, 41=50, 42=50, 43=50, 44=50, 45=50, 46=50, 47=50, 48=50, 49=50, 150=50, 151=50, 152=50, 153=50, 154=50, 155=50, 156=50, 157=50, 158=50, 159=50, 50=50, 51=50, 52=50, 53=50, 54=50, 55=50, 56=50, 57=50, 58=50, 59=50, 160=50, 161=50, 162=50, 163=50, 164=50, 165=50, 166=50, 167=50, 168=50, 169=50, 60=50, 61=50, 62=50, 63=50, 64=50, 65=50, 66=50, 67=50, 68=50, 69=50, 170=50, 171=50, 172=50, 173=50, 174=50, 175=50, 176=50, 177=50, 178=50, 179=50, 70=50, 71=50, 72=50, 73=50, 74=50, 75=50, 76=50, 77=50, 78=50, 79=50, 180=50, 181=50, 182=50, 183=50, 184=50, 185=50, 186=50, 187=50, 188=50, 189=50, 80=50, 81=50, 82=50, 83=50, 84=50, 85=50, 86=50, 87=50, 88=50, 89=50, 190=50, 191=50, 192=50, 193=50, 194=50, 195=50, 196=50, 197=50, 198=50, 199=50, 90=50, 91=50, 92=50, 93=50, 94=50, 95=50, 96=50, 97=50, 98=50, 99=50, 200=50, 100=50, 101=50, 102=50, 103=50, 104=50, 105=50, 106=50, 107=50, 108=50, 109=50}
Number of gene trees: 50
0 trees have missing taxa
Calculating quartet distance matrix (for completion of X)
Species tree distances calculated ...
Building set of clusters (X) from gene trees 
------------------------------
gradient0: 3769
Number of Clusters after addition by distance: 3769
calculating extra bipartitions to be added at level 1 ...
Adding to X using resolutions of greedy consensus ...
Limit for sigma of degrees:5075
polytomy size limit : 6
discarded polytomies:  [3, 3, 3, 3, 3, 3, 3, 3, 4, 4, 4, 5, 5, 5, 6]
Threshold 0.0:
Threshold 0.01:
Threshold 0.02:
Threshold 0.05:
Threshold 0.1:
Threshold 0.2:
polytomy of size 5; rounds with additions with at least 5 support: 0; clusters: 3769
polytomy of size 5; rounds with additions with at least 5 support: 0; clusters: 3769
polytomy of size 3; rounds with additions with at least 5 support: 0; clusters: 3769
Threshold 0.3333333333333333:
polytomy of size 3; rounds with additions with at least 5 support: 0; clusters: 3769
polytomy of size 3; rounds with additions with at least 5 support: 0; clusters: 3769
polytomy of size 3; rounds with additions with at least 5 support: 0; clusters: 3769
polytomy of size 3; rounds with additions with at least 5 support: 0; clusters: 3769
polytomy of size 3; rounds with additions with at least 5 support: 0; clusters: 3769
polytomy of size 5; rounds with additions with at least 5 support: 0; clusters: 3769
polytomy of size 3; rounds with additions with at least 5 support: 0; clusters: 3769
polytomy of size 4; rounds with additions with at least 5 support: 0; clusters: 3769
polytomy of size 3; rounds with additions with at least 5 support: 0; clusters: 3769
polytomy of size 4; rounds with additions with at least 5 support: 0; clusters: 3769
polytomy of size 6; rounds with additions with at least 5 support: 0; clusters: 3769
polytomy of size 4; rounds with additions with at least 5 support: 0; clusters: 3769
max k is :0
Number of Clusters after addition by greedy: 3769
gradient0 in heuristiic: 3769
partitions formed in 6.889 secs
Dynamic Programming starting after 6.889 secs
Using tree-based weight calculation.
Using polytree-based weight calculation.
Polytree max score: 3299917302
Polytree building time: 0.244 seconds.
Number of quartet trees in the gene trees: 3299917302
Size of largest cluster: 201
Greedy score: 2771742189
estimationFactor: 1.1905570853942073
Sub-optimal score: 2802772469
Total Number of elements weighted: 5308
Normalized score (portion of input quartet trees satisfied before correcting for multiple individuals): 0.8830919533146531
Optimization score: 2914130416
Optimal tree inferred in 9.648 secs.
(4,(100,((183,(173,(185,113))),(51,((87,(118,(165,(156,177)))),(((179,190),(153,74)),((61,163),((((188,(142,11)),((175,57),(150,(152,64)))),((23,(18,(180,171))),(135,((168,31),(110,(130,(154,92))))))),((((32,197),((22,24),(196,40))),(((149,(121,(112,12))),(20,(29,(126,147)))),(((34,42),(7,(76,138))),((96,(67,117)),(((78,172),(178,128)),((164,(30,(98,93))),((6,((44,193),(182,(103,123)))),((101,104),(46,(80,(174,90))))))))))),((106,(((54,(39,145)),((186,119),(155,141))),(((159,(50,146)),((184,(189,158)),((192,1),(85,140)))),(((108,9),(83,(124,(143,79)))),((129,(111,((16,151),(14,136)))),((127,(73,28)),(97,(99,(132,169))))))))),((((62,70),((109,148),((134,144),(56,52)))),(((94,58),(25,(86,53))),((19,157),((59,88),(((26,48),(69,(102,33))),(41,(114,((200,68),(10,(107,(160,(82,167)))))))))))),((47,(0,(194,(75,60)))),(((66,133),(166,(139,72))),(((125,105),(199,(137,(81,(27,(45,55)))))),((((122,(176,63)),(89,(13,38))),((161,2),(43,((181,17),(21,116))))),((((71,191),(3,8)),(77,(35,(170,(115,162))))),((187,91),(((195,37),(65,(131,84))),(15,((49,5),(120,(198,(95,36)))))))))))))))))))))));
Final quartet score is: 2914130416
Final normalized quartet score is: 0.8830919533146531
Extended species tree:
(39,(145,(54,(((186,119)1:1.5804503755608483,(155,141)1:0.9602404353135896)1:0.9935095381876353,((((159,(50,146)1:1.4469189829363254)1:1.524355080798297,((184,(189,158)1:1.4443969135036157)1:0.8754080963787745,((192,1)1:1.5114575040738965,(85,140)1:1.3291359472799418)1:2.2647998454172646)0.99:0.3383938024146822)1:1.4763145997989182,(((108,9)1:0.9808292530117262,(83,(124,(143,79)1:1.128465251817791)1:1.387190552367326)1:0.3622929362429559)1:3.5127177482123786,((129,(111,((16,151)1:1.128465251817791,(14,136)1:0.7540891115968754)1:0.9242378933406439)0.97:0.2675738894607707)1:0.8611184160058363,((127,(73,28)1:1.9169226121820613)0.93:0.21217451994363604,(97,(99,(132,169)0.57:0.12482649928814359)1:0.7881438830776107)1:1.2730210259445989)0.39:0.013739485064294352)1:2.2149493021734266)1:0.41594682025406193)1:0.8925033604232695,(106,(((((62,70)1:2.4277482359480516,((109,148)1:2.4277482359480516,((134,144)1:1.0414538748281608,(56,52)1:0.7556771697359267)1:1.5107739770479682)1:0.9236708391717778)1:2.8332133440562166,(((94,58)1:3.23867845216438,(25,(86,53)1:0.6937415342178578)1:1.0791451459295442)1:1.4656111159484775,((19,157)1:2.436897430601641,((59,88)1:0.5469185210947259,(((26,48)0.74:0.1590646946296874,(69,(102,33)1:1.2227658404207635)1:0.4467467670814682)1:2.1416270959126584,(41,(114,((200,68)1:1.5789787049493913,(10,(107,(160,(82,167)1:0.3489382067615748)0.96:0.2498864503317573)1:0.7952228921278425)1:0.7543357500247609)1:0.5664433708733851)0.99:0.32644304069704083)1:1.0646714172244098)0.89:0.1822282914029777)1:1.242251070904009)0.49:0.04297063022282215)1:2.3575476699074462)0.48:0.09317700475898542,((47,(0,(194,(75,60)1:0.8873031950009027)1:3.5263605246161593)1:0.7285815535478215)0.88:0.17350029993133714,(((66,133)1:2.835767623861313,(166,(139,72)1:1.0401920450077389)1:1.9159027242813158)1:2.6087548681606965,(((125,105)1:0.48085165031459975,(199,(137,(81,(27,(45,55)1:0.6365500914610897)1:1.175468826456304)1:1.3686439276920233)0.62:0.08434114843375082)1:3.2639962601486654)1:2.430938031316151,((((122,(176,63)1:1.128465251817791)1:3.5263605246161593,(89,(13,38)1:1.4469189829363254)1:1.4443581620746517)1:1.880120846016089,((161,2)1:1.7346010553881062,(43,((181,17)1:0.7858480473692903,(21,116)1:2.426057618470145)1:0.8189908271128556)1:1.8681324480126293)1:1.7403801334858484)1:0.8567432424096574,((((71,191)1:1.0851176077206126,(3,8)1:0.5799198099444591)1:1.4101050098136092,(77,(35,(170,(115,162)1:1.7346010553881062)0.61:0.07661472905772035)1:0.672944473242426)1:1.806574555013195)1:2.3382430920800195,((187,91)1:2.8332133440562166,(((195,37)1:0.7723315798814488,(65,(131,84)1:1.0422959801410836)1:0.4626477966583898)1:0.9769488167095289,(15,((49,5)0.97:0.2489739244079069,(120,(198,(95,36)1:2.1413295875430434)1:0.8176337335016725)1:0.8640708935076341)1:0.9427034308336526)1:0.9407868962858543)1:1.6979742502154194)1:1.3199192921750185)1:1.809138130278662)1:1.4710151056948422)0.97:0.2572648980141908)1:1.4492896013938315)1:1.2699862539336726)1:0.7653835006687542,((((32,197)0.95:0.23052365861183224,((22,24)1:1.128465251817791,(196,40)1:1.3862943611198908)1:1.777160669806902)1:3.5263605246161593,(((149,(121,(112,12)0.98:0.2680697552645551)1:1.9108497190241613)0.47:0.03456126119088219,(20,(29,(126,147)1:0.4353180712578455)1:2.9014813151852223)1:1.574301051054756)1:0.36692053305311073,(((34,42)1:1.0435819879956545,(7,(76,138)1:0.8876640104477181)1:2.0516208660825046)1:0.801895014466462,((96,(67,117)1:1.7346010553881062)1:2.1032521903735555,(((78,172)1:3.506259345295073,(178,128)1:1.4456507519483304)1:0.9299829223259747,((164,(30,(98,93)1:1.3330718534011807)1:0.6667736445942595)1:0.9928067210272246,((6,((44,193)1:1.4919216857440794,(182,(103,123)1:1.3280142421707417)0.36:1.5007128414151578E-4)0.98:0.287950249852738)1:1.1798344965338632,((101,104)1:0.3615348271472435,(46,(80,(174,90)0.99:0.30829310722933534)0.55:0.060624621816434854)1:1.2494877947506053)1:0.7162422590670527)0.46:0.03158801922285764)0.6:0.07324547515794061)0.74:0.15377552989195167)1:1.2531030467166357)1:1.797020903161662)0.38:0.007766192267737381)0.98:0.28790025076031656,((((188,(142,11)0.63:0.09188468098129751)1:3.056356895370426,((175,57)1:2.8332133440562166,(150,(152,64)1:3.5263605246161593)1:0.4353180712578455)1:0.673729094702844)1:2.197741841022909,((23,(18,(180,171)1:0.5306282510621702)1:1.8216124323777365)0.38:0.010924858329861332,(135,((168,31)1:0.8522118751896327,(110,(130,(154,92)0.36:2.9713267192323724E-4)1:0.6635796813679865)1:0.8884027003343203)1:1.3368979526154323)0.92:0.2122223679782869)1:2.514759612937681)1:1.3849800649751474,((61,163)1:2.8332133440562166,(((179,190)1:0.9933488216130462,(153,74)0.71:0.10963292525874159)1:1.9682159065696114,((87,(118,(165,(156,177)1:0.583517714982543)0.77:0.17734738536913056)1:0.9288492530172078)0.97:0.25285909519749356,(51,((183,(173,(185,113)0.92:0.21072103131565253)1:1.000631880307906)1:0.5215668655974035,(100,4)1:1.0389996240097494)1:0.7965555566593894)0.72:0.11301500901835852)1:1.8035939268750583)1:1.644936855377599)1:1.5156167622621362)1:0.6354346987258455)1:0.8061155973715449)1:1.144695441637228)1:0.8774991949042816)1:2.4032510362530033)1:1.3017369730918273)1:1.2237754316221159));
Weight calculation took 1.630440934 secs
ASTRAL finished in 11.068 secs
