
================== ASTRAL ===================== 

This is ASTRAL version 5.7.8
Gene trees are treated as unrooted
50 trees read from Dataset/AstralII_data/model.200.2000000.0.000001/25/estimatedgenetre.halfresolved_50
index0
All output trees will be *arbitrarily* rooted at 145

======== Running the main analysis
Number of taxa: 201 (201 species)
Taxa: [145, 43, 68, 173, 29, 114, 94, 131, 153, 28, 146, 134, 127, 83, 34, 77, 93, 20, 168, 66, 5, 132, 50, 200, 109, 186, 15, 72, 27, 140, 138, 133, 128, 120, 99, 7, 164, 26, 13, 42, 60, 88, 40, 70, 100, 182, 158, 59, 51, 122, 3, 58, 152, 119, 73, 18, 80, 163, 75, 11, 103, 78, 162, 137, 9, 67, 85, 141, 47, 87, 82, 196, 139, 167, 45, 194, 117, 159, 155, 135, 193, 187, 36, 101, 22, 52, 74, 61, 154, 149, 12, 198, 23, 197, 172, 41, 16, 31, 171, 110, 2, 112, 44, 90, 49, 25, 0, 121, 38, 184, 39, 129, 84, 92, 170, 107, 98, 102, 165, 106, 71, 48, 115, 147, 86, 177, 108, 166, 113, 76, 56, 63, 157, 191, 144, 183, 180, 181, 143, 46, 10, 169, 35, 89, 179, 37, 57, 104, 150, 62, 192, 54, 175, 185, 189, 81, 64, 1, 30, 53, 21, 151, 156, 19, 160, 79, 118, 199, 161, 174, 6, 24, 178, 8, 17, 126, 148, 97, 188, 195, 32, 142, 124, 91, 105, 96, 136, 33, 176, 69, 130, 190, 116, 125, 95, 55, 65, 14, 4, 123, 111]
Taxon occupancy: {110=50, 111=50, 112=50, 113=50, 114=50, 115=50, 116=50, 117=50, 118=50, 119=50, 10=50, 11=50, 12=50, 13=50, 14=50, 15=50, 16=50, 17=50, 18=50, 19=50, 120=50, 0=50, 121=50, 122=50, 1=50, 2=50, 123=50, 3=50, 124=50, 125=50, 4=50, 5=50, 126=50, 127=50, 6=50, 128=50, 7=50, 129=50, 8=50, 9=50, 20=50, 21=50, 22=50, 23=50, 24=50, 25=50, 26=50, 27=50, 28=50, 29=50, 130=50, 131=50, 132=50, 133=50, 134=50, 135=50, 136=50, 137=50, 138=50, 139=50, 30=50, 31=50, 32=50, 33=50, 34=50, 35=50, 36=50, 37=50, 38=50, 39=50, 140=50, 141=50, 142=50, 143=50, 144=50, 145=50, 146=50, 147=50, 148=50, 149=50, 40=50, 41=50, 42=50, 43=50, 44=50, 45=50, 46=50, 47=50, 48=50, 49=50, 150=50, 151=50, 152=50, 153=50, 154=50, 155=50, 156=50, 157=50, 158=50, 159=50, 50=50, 51=50, 52=50, 53=50, 54=50, 55=50, 56=50, 57=50, 58=50, 59=50, 160=50, 161=50, 162=50, 163=50, 164=50, 165=50, 166=50, 167=50, 168=50, 169=50, 60=50, 61=50, 62=50, 63=50, 64=50, 65=50, 66=50, 67=50, 68=50, 69=50, 170=50, 171=50, 172=50, 173=50, 174=50, 175=50, 176=50, 177=50, 178=50, 179=50, 70=50, 71=50, 72=50, 73=50, 74=50, 75=50, 76=50, 77=50, 78=50, 79=50, 180=50, 181=50, 182=50, 183=50, 184=50, 185=50, 186=50, 187=50, 188=50, 189=50, 80=50, 81=50, 82=50, 83=50, 84=50, 85=50, 86=50, 87=50, 88=50, 89=50, 190=50, 191=50, 192=50, 193=50, 194=50, 195=50, 196=50, 197=50, 198=50, 199=50, 90=50, 91=50, 92=50, 93=50, 94=50, 95=50, 96=50, 97=50, 98=50, 99=50, 200=50, 100=50, 101=50, 102=50, 103=50, 104=50, 105=50, 106=50, 107=50, 108=50, 109=50}
Number of gene trees: 50
0 trees have missing taxa
Calculating quartet distance matrix (for completion of X)
Species tree distances calculated ...
Building set of clusters (X) from gene trees 
------------------------------
gradient0: 7387
Number of Clusters after addition by distance: 7387
calculating extra bipartitions to be added at level 1 ...
Adding to X using resolutions of greedy consensus ...
Limit for sigma of degrees:5075
polytomy size limit : 36
discarded polytomies:  [3, 3, 3, 3, 3, 3, 3, 3, 3, 3, 3, 3, 3, 3, 3, 3, 3, 4, 4, 4, 4, 4, 4, 4, 4, 4, 4, 4, 4, 4, 4, 5, 5, 6, 6, 6, 6, 7, 8, 12, 17, 36]
Threshold 0.0:
polytomy of size 4; rounds with additions with at least 5 support: 2; clusters: 7405
Threshold 0.01:
polytomy of size 4; rounds with additions with at least 5 support: 0; clusters: 7405
Threshold 0.02:
polytomy of size 4; rounds with additions with at least 5 support: 0; clusters: 7407
Threshold 0.05:
polytomy of size 6; rounds with additions with at least 5 support: 2; clusters: 7423
Threshold 0.1:
polytomy of size 3; rounds with additions with at least 5 support: 0; clusters: 7423
polytomy of size 3; rounds with additions with at least 5 support: 0; clusters: 7423
polytomy of size 3; rounds with additions with at least 5 support: 0; clusters: 7425
polytomy of size 12; rounds with additions with at least 5 support: 1; clusters: 7437
Threshold 0.2:
polytomy of size 6; rounds with additions with at least 5 support: 0; clusters: 7437
polytomy of size 4; rounds with additions with at least 5 support: 0; clusters: 7437
polytomy of size 4; rounds with additions with at least 5 support: 0; clusters: 7437
polytomy of size 3; rounds with additions with at least 5 support: 0; clusters: 7437
polytomy of size 3; rounds with additions with at least 5 support: 0; clusters: 7437
polytomy of size 3; rounds with additions with at least 5 support: 0; clusters: 7437
polytomy of size 3; rounds with additions with at least 5 support: 0; clusters: 7437
polytomy of size 7; rounds with additions with at least 5 support: 0; clusters: 7437
polytomy of size 4; rounds with additions with at least 5 support: 0; clusters: 7437
polytomy of size 17; rounds with additions with at least 5 support: 0; clusters: 7445
polytomy of size 4; rounds with additions with at least 5 support: 0; clusters: 7445
polytomy of size 3; rounds with additions with at least 5 support: 0; clusters: 7445
Threshold 0.3333333333333333:
polytomy of size 4; rounds with additions with at least 5 support: 0; clusters: 7445
polytomy of size 4; rounds with additions with at least 5 support: 0; clusters: 7445
polytomy of size 5; rounds with additions with at least 5 support: 0; clusters: 7445
polytomy of size 3; rounds with additions with at least 5 support: 0; clusters: 7445
polytomy of size 3; rounds with additions with at least 5 support: 0; clusters: 7445
polytomy of size 4; rounds with additions with at least 5 support: 0; clusters: 7445
polytomy of size 3; rounds with additions with at least 5 support: 0; clusters: 7445
polytomy of size 4; rounds with additions with at least 5 support: 0; clusters: 7445
polytomy of size 6; rounds with additions with at least 5 support: 0; clusters: 7445
polytomy of size 4; rounds with additions with at least 5 support: 0; clusters: 7445
polytomy of size 6; rounds with additions with at least 5 support: 0; clusters: 7445
polytomy of size 3; rounds with additions with at least 5 support: 0; clusters: 7445
polytomy of size 3; rounds with additions with at least 5 support: 0; clusters: 7445
polytomy of size 8; rounds with additions with at least 5 support: 0; clusters: 7445
polytomy of size 3; rounds with additions with at least 5 support: 0; clusters: 7445
polytomy of size 4; rounds with additions with at least 5 support: 0; clusters: 7445
polytomy of size 4; rounds with additions with at least 5 support: 0; clusters: 7445
polytomy of size 5; rounds with additions with at least 5 support: 0; clusters: 7445
polytomy of size 3; rounds with additions with at least 5 support: 0; clusters: 7445
polytomy of size 3; rounds with additions with at least 5 support: 0; clusters: 7445
polytomy of size 3; rounds with additions with at least 5 support: 0; clusters: 7445
polytomy of size 36; rounds with additions with at least 5 support: 0; clusters: 7447
max k is :4
Number of Clusters after addition by greedy: 7447
gradient0 in heuristiic: 7447
partitions formed in 9.907 secs
Dynamic Programming starting after 9.907 secs
Using tree-based weight calculation.
Using polytree-based weight calculation.
Polytree max score: 3296867718
Polytree building time: 0.357 seconds.
Number of quartet trees in the gene trees: 3296867718
Size of largest cluster: 201
Greedy score: 1715594884
estimationFactor: 1.9217052631406657
Sub-optimal score: 2040864519
Total Number of elements weighted: 11928
Normalized score (portion of input quartet trees satisfied before correcting for multiple individuals): 0.6588126936793283
Optimization score: 2172018302
Optimal tree inferred in 15.043 secs.
(144,(183,((180,62),(((63,157),(56,191)),((76,(181,143)),(10,(184,(((168,96),(((93,20),(90,49)),((137,(67,(9,85))),((141,47),(25,(196,(87,82))))))),(((198,23),(((139,167),((52,74),(172,(41,16)))),((81,64),(((45,61),(154,(149,12))),((189,30),(1,(53,156))))))),(((54,(123,(44,(110,(2,112))))),((0,((135,(155,193)),(117,(159,187)))),(((132,50),(111,(129,84))),((31,(171,(150,(175,185)))),((152,((18,80),(119,73))),((3,58),((75,(11,103)),(78,(163,162))))))))),((179,(77,(131,153))),((194,(((34,(130,(21,151))),((200,128),(35,(169,89)))),((46,192),((36,(22,136)),((33,176),(69,(114,(173,29)))))))),((((66,(101,197)),((38,79),(145,(43,68)))),(((118,199),(19,160)),((51,122),(((120,37),(48,57)),((28,146),(134,127)))))),(((99,(40,(60,88))),((13,42),(26,(7,164)))),((((177,108),((15,(109,186)),((92,170),(39,(107,(106,71)))))),(((138,158),(72,(140,(27,133)))),((165,104),(113,(147,(86,(115,(98,102)))))))),((59,((100,(70,182)),(65,(125,(95,55))))),(((166,(14,4)),(121,(83,161))),(((94,5),(190,116)),(((8,17),(24,(178,(6,126)))),(174,(142,((91,105),((195,124),((148,97),(188,32)))))))))))))))))))))))));
Final quartet score is: 2172018302
Final normalized quartet score is: 0.6588126936793283
Extended species tree:
(145,((43,68)1:1.2070123203438328,((38,79)1:0.6058763882574999,((66,(101,197)1:2.0680626032887415)1:0.7979526296891847,((((118,199)1:0.5470375532059373,(19,160)1:0.47791173916007307)1:1.5748987052098742,((51,122)1:1.361230647187147,(((120,37)1:1.3373478014401123,(48,57)0.84:0.15609344364536473)1:0.3582076309623273,((28,146)1:1.4713485693565045,(134,127)1:0.905836883169385)1:1.7991887531979696)0.45:0.030674490242881717)0.78:0.13526155037296714)1:0.3926922811379258,((((99,(40,(60,88)1:1.1876048585492713)0.9:0.19976526322256413)0.39:0.011385452295809017,((13,42)1:3.008923738308355,(26,(7,164)1:1.4127859765668669)0.76:0.1367091339510669)0.79:0.13396272489961558)1:1.210422866256546,((((177,108)1:2.270747682436187,((15,(109,186)0.64:0.09052441938117685)1:2.121812723186921,((92,170)1:1.558115767870322,(39,(107,(106,71)1:1.2931626677540442)1:0.7238258709913137)1:0.5733377558794368)1:0.5924842680484269)1:0.41466932216237984)0.7:0.10519870438887136,(((138,158)0.82:0.16218180091067516,(72,(140,(27,133)0.9:0.20548449203252467)0.52:0.062286343267062366)1:1.5268599528852045)1:1.526546676619175,((165,104)1:0.5324046767116732,(113,(147,(86,(115,(98,102)0.92:0.2120439885612243)0.71:0.11487718193696454)0.79:0.13693040984643143)0.53:0.054877772762621416)0.53:0.054138034673149656)1:0.8680193352339498)0.74:0.13236911536032084)1:1.1943048156861102,((59,((100,(70,182)0.49:0.08625754181767573)1:0.9518895928963428,(65,(125,(95,55)0.42:0.02154681314548617)1:0.831416482697506)1:1.0543457310768642)1:1.1229387060154994)0.43:0.021873665381705296,(((166,(14,4)1:1.0402121014163892)0.72:0.11226423074610946,(121,(83,161)0.47:0.04380558081818095)0.95:0.23708050028462202)1:1.781378161805391,(((94,5)0.99:0.31121494653916654,(190,116)1:1.1924172553381553)1:1.1831926916826407,(((8,17)1:0.4538932936720751,(24,(178,(6,126)1:1.094145297505335)1:0.5570288580897829)0.38:0.007314277546501054)1:0.6051436629157616,(174,(142,((91,105)0.72:0.11303984422166313,((195,124)1:0.5399682414900684,((148,97)0.98:0.2864901463137257,(188,32)0.88:0.18100771196708776)0.69:0.11065828056901657)0.83:0.15660433885703365)0.97:0.25070719979498546)1:0.467226180941483)1:0.838207974009805)1:1.06333660507083)0.69:0.10212833981641198)0.91:0.20462164861952)1:0.5721691886836122)0.52:0.0590916576553887)0.9:0.1904623756127419,((194,(((34,(130,(21,151)1:2.8133097015571633)1:0.5040802356264592)1:0.5968619571496431,((200,128)1:0.5297273723465317,(35,(169,89)1:0.5539416456187696)1:0.4878677572425523)1:1.070253526244614)0.61:0.08895528111219986,((46,192)1:1.495586323025071,((36,(22,136)1:0.9005121843688895)1:0.4764488337706314,((33,176)0.51:0.04896263292443166,(69,(114,(173,29)1:0.37858584817800633)1:0.8743513681887686)0.95:0.23016692778043385)1:1.5630896455695837)1:0.6746335541998709)0.52:0.06722800253098812)0.98:0.3058843538679581)1:0.34560061250089724,((179,(77,(131,153)1:1.1044223608781645)0.54:0.05776798768466183)1:1.104063916387138,(((54,(123,(44,(110,(2,112)0.58:0.07206551474882035)0.39:0.010358028163621242)1:2.7056521184181967)0.63:0.08167803101426713)1:0.7582971779752666,((0,((135,(155,193)1:1.899896662592134)0.84:0.1618389489840582,(117,(159,187)1:0.4492027771902987)1:1.5041905253470156)1:1.761202227333188)0.37:0.00491724860728563,(((132,50)1:1.7369579109976454,(111,(129,84)1:0.5535357584206352)1:1.8702624049235137)0.81:0.1606004293927754,((31,(171,(150,(175,185)0.66:0.09280859953284933)0.48:0.07225902271424756)1:0.5257209567124311)1:1.7245413624532897,((152,((18,80)1:2.2119148451145416,(119,73)1:0.9269642501325361)1:1.761872584750779)1:0.5716297187475899,((3,58)1:3.013981703540772,((75,(11,103)1:1.5594237127770385)0.99:0.3161394539549224,(78,(163,162)1:0.48553263737648955)1:1.2278407800453865)0.87:0.17315691544385065)1:1.3655949515173615)0.9:0.19225277271127295)1:0.4048848888870378)1:0.38200969707179494)0.58:0.07495634350175241)0.49:0.042538295766429216,(((198,23)1:2.9067622697498243,(((139,167)1:1.8533889155914214,((52,74)0.72:0.11854958510059016,(172,(41,16)1:1.3360454532502464)1:0.5227468536692733)1:0.6053822011854902)1:0.8963858288092078,((81,64)1:2.936690148073381,(((45,61)1:0.4437019117017424,(154,(149,12)1:0.5212969236332861)1:1.4160472792492294)1:1.2443890485966576,((189,30)1:1.5021156215341405,(1,(53,156)1:0.8546527389346)0.92:0.20788440990861534)1:1.1666016085251414)0.8:0.16620378357565704)1:0.4407241526003021)0.86:0.18251923412503243)1:0.5692320553900659,(((168,96)0.98:0.2727886118049808,(((93,20)1:1.905041917477657,(90,49)1:1.4504149343754482)0.9:0.22278651155359716,((137,(67,(9,85)0.96:0.2827406623337002)0.92:0.22560964380940324)1:1.0848137738916737,((141,47)1:0.45927328215268254,(25,(196,(87,82)1:0.6129389181950387)1:0.3737287130188746)1:0.35268790369164277)0.79:0.14469458890389)1:1.0733999083741734)1:0.627349283944324)1:0.7166209571570173,(184,(10,((76,(181,143)1:2.4353482725297)1:0.7297102798256347,(((63,157)1:0.6260479065154471,(56,191)1:0.5685598868815079)1:1.4146753630020548,((180,62)0.7:0.11309749815997877,(183,144)1:0.36899738549544153)1:2.3392785287126565)0.68:0.10951924932455319)0.66:0.12275707505855926)1:0.8195231684289339)0.49:0.042500593290519424)0.77:0.12993628030233684)0.99:0.31139306227699964)0.98:0.2740304762079592)0.52:0.06095789018507289)0.48:0.039719988976325796)1:0.7244322235637277)0.69:0.11005873392610081)1:0.7260892245532338)1:1.4579812199934519));
Weight calculation took 3.911550759 secs
ASTRAL finished in 16.757 secs
