
================== ASTRAL ===================== 

This is ASTRAL version 5.7.8
Gene trees are treated as unrooted
200 trees read from Dataset/AstralII_data/model.200.2000000.0.000001/25/estimatedgenetre.halfresolved_200
index0
All output trees will be *arbitrarily* rooted at 145

======== Running the main analysis
Number of taxa: 201 (201 species)
Taxa: [145, 43, 68, 173, 29, 114, 94, 131, 153, 28, 146, 134, 127, 83, 34, 77, 93, 20, 168, 66, 5, 132, 50, 200, 109, 186, 15, 72, 27, 140, 138, 133, 128, 120, 99, 7, 164, 26, 13, 42, 60, 88, 40, 70, 100, 182, 158, 59, 51, 122, 3, 58, 152, 119, 73, 18, 80, 163, 75, 11, 103, 78, 162, 137, 9, 67, 85, 141, 47, 87, 82, 196, 139, 167, 45, 194, 117, 159, 155, 135, 193, 187, 36, 101, 22, 52, 74, 61, 154, 149, 12, 198, 23, 197, 172, 41, 16, 31, 171, 110, 2, 112, 44, 90, 49, 25, 0, 121, 38, 184, 39, 129, 84, 92, 170, 107, 98, 102, 165, 106, 71, 48, 115, 147, 86, 177, 108, 166, 113, 76, 56, 63, 157, 191, 144, 183, 180, 181, 143, 46, 10, 169, 35, 89, 179, 37, 57, 104, 150, 62, 192, 54, 175, 185, 189, 81, 64, 1, 30, 53, 21, 151, 156, 19, 160, 79, 118, 199, 161, 174, 6, 24, 178, 8, 17, 126, 148, 97, 188, 195, 32, 142, 124, 91, 105, 96, 136, 33, 176, 69, 130, 190, 116, 125, 95, 55, 65, 14, 4, 123, 111]
Taxon occupancy: {110=200, 111=200, 112=200, 113=200, 114=200, 115=200, 116=200, 117=200, 118=200, 119=200, 10=200, 11=200, 12=200, 13=200, 14=200, 15=200, 16=200, 17=200, 18=200, 19=200, 120=200, 0=200, 121=200, 122=200, 1=200, 2=200, 123=200, 3=200, 124=200, 125=200, 4=200, 5=200, 126=200, 127=200, 6=200, 128=200, 7=200, 129=200, 8=200, 9=200, 20=200, 21=200, 22=200, 23=200, 24=200, 25=200, 26=200, 27=200, 28=200, 29=200, 130=200, 131=200, 132=200, 133=200, 134=200, 135=200, 136=200, 137=200, 138=200, 139=200, 30=200, 31=200, 32=200, 33=200, 34=200, 35=200, 36=200, 37=200, 38=200, 39=200, 140=200, 141=200, 142=200, 143=200, 144=200, 145=200, 146=200, 147=200, 148=200, 149=200, 40=200, 41=200, 42=200, 43=200, 44=200, 45=200, 46=200, 47=200, 48=200, 49=200, 150=200, 151=200, 152=200, 153=200, 154=200, 155=200, 156=200, 157=200, 158=200, 159=200, 50=200, 51=200, 52=200, 53=200, 54=200, 55=200, 56=200, 57=200, 58=200, 59=200, 160=200, 161=200, 162=200, 163=200, 164=200, 165=200, 166=200, 167=200, 168=200, 169=200, 60=200, 61=200, 62=200, 63=200, 64=200, 65=200, 66=200, 67=200, 68=200, 69=200, 170=200, 171=200, 172=200, 173=200, 174=200, 175=200, 176=200, 177=200, 178=200, 179=200, 70=200, 71=200, 72=200, 73=200, 74=200, 75=200, 76=200, 77=200, 78=200, 79=200, 180=200, 181=200, 182=200, 183=200, 184=200, 185=200, 186=200, 187=200, 188=200, 189=200, 80=200, 81=200, 82=200, 83=200, 84=200, 85=200, 86=200, 87=200, 88=200, 89=200, 190=200, 191=200, 192=200, 193=200, 194=200, 195=200, 196=200, 197=200, 198=200, 199=200, 90=200, 91=200, 92=200, 93=200, 94=200, 95=200, 96=200, 97=200, 98=200, 99=200, 200=200, 100=200, 101=200, 102=200, 103=200, 104=200, 105=200, 106=200, 107=200, 108=200, 109=200}
Number of gene trees: 200
0 trees have missing taxa
Calculating quartet distance matrix (for completion of X)
Species tree distances calculated ...
Building set of clusters (X) from gene trees 
------------------------------
gradient0: 21689
Number of Clusters after addition by distance: 21689
calculating extra bipartitions to be added at level 1 ...
Adding to X using resolutions of greedy consensus ...
Limit for sigma of degrees:5075
polytomy size limit : 32
discarded polytomies:  [3, 3, 3, 3, 3, 3, 3, 3, 3, 3, 3, 3, 3, 3, 3, 3, 3, 3, 3, 3, 3, 3, 4, 4, 4, 4, 4, 4, 4, 4, 4, 4, 5, 5, 5, 6, 6, 6, 6, 7, 8, 11, 14, 32]
Threshold 0.0:
Threshold 0.01:
Threshold 0.02:
Threshold 0.05:
polytomy of size 3; rounds with additions with at least 5 support: 0; clusters: 21689
polytomy of size 4; rounds with additions with at least 5 support: 0; clusters: 21691
Threshold 0.1:
polytomy of size 3; rounds with additions with at least 5 support: 0; clusters: 21691
polytomy of size 3; rounds with additions with at least 5 support: 0; clusters: 21691
polytomy of size 11; rounds with additions with at least 5 support: 0; clusters: 21693
polytomy of size 3; rounds with additions with at least 5 support: 0; clusters: 21693
Threshold 0.2:
polytomy of size 4; rounds with additions with at least 5 support: 0; clusters: 21693
polytomy of size 3; rounds with additions with at least 5 support: 0; clusters: 21693
polytomy of size 6; rounds with additions with at least 5 support: 0; clusters: 21693
polytomy of size 4; rounds with additions with at least 5 support: 0; clusters: 21693
polytomy of size 3; rounds with additions with at least 5 support: 0; clusters: 21693
polytomy of size 7; rounds with additions with at least 5 support: 0; clusters: 21693
polytomy of size 5; rounds with additions with at least 5 support: 0; clusters: 21693
polytomy of size 3; rounds with additions with at least 5 support: 0; clusters: 21693
polytomy of size 4; rounds with additions with at least 5 support: 0; clusters: 21693
polytomy of size 14; rounds with additions with at least 5 support: 0; clusters: 21693
polytomy of size 6; rounds with additions with at least 5 support: 0; clusters: 21693
Threshold 0.3333333333333333:
polytomy of size 4; rounds with additions with at least 5 support: 0; clusters: 21693
polytomy of size 5; rounds with additions with at least 5 support: 0; clusters: 21693
polytomy of size 3; rounds with additions with at least 5 support: 0; clusters: 21693
polytomy of size 3; rounds with additions with at least 5 support: 0; clusters: 21693
polytomy of size 3; rounds with additions with at least 5 support: 0; clusters: 21693
polytomy of size 6; rounds with additions with at least 5 support: 0; clusters: 21693
polytomy of size 3; rounds with additions with at least 5 support: 0; clusters: 21693
polytomy of size 3; rounds with additions with at least 5 support: 0; clusters: 21693
polytomy of size 4; rounds with additions with at least 5 support: 0; clusters: 21693
polytomy of size 3; rounds with additions with at least 5 support: 0; clusters: 21693
polytomy of size 3; rounds with additions with at least 5 support: 0; clusters: 21693
polytomy of size 3; rounds with additions with at least 5 support: 0; clusters: 21693
polytomy of size 6; rounds with additions with at least 5 support: 0; clusters: 21693
polytomy of size 5; rounds with additions with at least 5 support: 0; clusters: 21693
polytomy of size 4; rounds with additions with at least 5 support: 0; clusters: 21693
polytomy of size 3; rounds with additions with at least 5 support: 0; clusters: 21693
polytomy of size 4; rounds with additions with at least 5 support: 0; clusters: 21693
polytomy of size 4; rounds with additions with at least 5 support: 0; clusters: 21693
polytomy of size 4; rounds with additions with at least 5 support: 0; clusters: 21693
polytomy of size 3; rounds with additions with at least 5 support: 0; clusters: 21693
polytomy of size 3; rounds with additions with at least 5 support: 0; clusters: 21693
polytomy of size 3; rounds with additions with at least 5 support: 0; clusters: 21693
polytomy of size 3; rounds with additions with at least 5 support: 0; clusters: 21693
polytomy of size 3; rounds with additions with at least 5 support: 0; clusters: 21693
polytomy of size 8; rounds with additions with at least 5 support: 0; clusters: 21693
polytomy of size 3; rounds with additions with at least 5 support: 0; clusters: 21693
polytomy of size 32; rounds with additions with at least 5 support: 0; clusters: 21693
max k is :0
Number of Clusters after addition by greedy: 21693
gradient0 in heuristiic: 21693
partitions formed in 10.636 secs
Dynamic Programming starting after 10.636 secs
Using tree-based weight calculation.
Using polytree-based weight calculation.
Polytree max score: 13184661483
Polytree building time: 0.319 seconds.
Number of quartet trees in the gene trees: 13184661483
Size of largest cluster: 201
Greedy score: 7669852710
estimationFactor: 1.719024077973461
Sub-optimal score: 8219184477
Total Number of elements weighted: 43742
Normalized score (portion of input quartet trees satisfied before correcting for multiple individuals): 0.649129874516324
Optimization score: 8558557654
Optimal tree inferred in 41.098 secs.
(144,(183,((180,62),(((63,157),(56,191)),((76,(181,143)),(10,(184,(((168,96),(((93,20),(90,49)),((137,(67,(9,85))),((141,47),(25,(196,(87,82))))))),((((198,23),((139,167),((52,74),(172,(41,16))))),((81,64),(((45,61),(154,(149,12))),((189,30),(1,(53,156)))))),((((135,(155,193)),(117,(159,187))),(0,(((132,50),(111,(129,84))),((31,((150,175),(171,185))),((152,((18,80),(119,73))),((3,58),((75,(11,103)),(78,(163,162))))))))),(((54,123),((112,44),(110,2))),(((179,(77,(131,153))),(((66,(101,197)),((38,79),(145,(43,68)))),(((118,199),(19,160)),(((134,127),(28,146)),((51,122),((120,37),(48,57))))))),((194,((34,(130,(21,151))),((46,192),(((200,128),(35,(169,89))),((36,(22,136)),((33,176),(69,(114,(173,29))))))))),((((177,108),((186,(109,15)),((92,170),(39,(107,(106,71)))))),(((138,158),(72,(140,(27,133)))),((165,104),(147,(113,(86,(115,(98,102)))))))),(((40,(60,88)),(99,((13,42),(26,(7,164))))),((59,((100,(70,182)),(65,(95,(125,55))))),(((94,5),(190,116)),(((121,(83,161)),(166,(14,4))),(((8,17),(24,(178,(6,126)))),(174,(142,(105,(91,((195,124),((148,97),(188,32))))))))))))))))))))))))));
Final quartet score is: 8558557654
Final normalized quartet score is: 0.649129874516324
Extended species tree:
(145,((43,68)1:1.6151814281521324,((38,79)1:0.5259750666716928,((66,(101,197)1:2.031635631345734)1:0.8942190765295815,((((118,199)1:0.7909942051300116,(19,160)1:0.7225544830575044)1:1.810040357334853,(((134,127)1:1.1673411337508872,(28,146)1:1.073001863223652)1:2.06869196071244,((51,122)1:1.2147937061090242,((120,37)1:1.8300385507441967,(48,57)0.9:0.09251685545522333)1:0.6580252740327475)0.62:0.04241667115151702)0.99:0.15918343219428627)1:0.30471240216409906,((179,(77,(131,153)1:1.2898019845559443)0.6:0.043102188790767916)1:1.0091759685902755,(((194,((34,(130,(21,151)1:2.2453372582819298)1:0.4157735420795584)1:0.6124440479032736,((46,192)1:2.1463124209023903,(((200,128)1:0.4887608595219249,(35,(169,89)1:0.249454496547651)1:0.7833393147211049)1:1.2245749458666275,((36,(22,136)1:0.7873090890943574)1:0.6025092984405614,((33,176)0.96:0.11532568656634054,(69,(114,(173,29)1:0.21914601566915481)1:0.7938271142055332)1:0.24796170447973304)1:1.3540718093249169)1:0.7302734192665805)0.57:0.03779102646762878)0.62:0.042382466974836275)1:0.3945054038961878)1:0.43979556322947333,((((177,108)1:1.956260212831073,((186,(109,15)0.42:0.013296124261254084)1:2.2751885986452796,((92,170)1:1.473909446141272,(39,(107,(106,71)1:1.1258777630277845)1:0.7932755598114912)1:0.47786280581470975)1:0.43786225949917185)1:0.46173534915380415)0.91:0.09654033790473172,(((138,158)0.46:0.019656725842015933,(72,(140,(27,133)1:0.4505610977943399)0.99:0.1540135410689933)1:1.4179294600992034)1:1.4904016906317576,((165,104)1:0.4397692779360746,(147,(113,(86,(115,(98,102)1:0.30788848621165327)0.85:0.08084143104176773)1:0.25079476031486814)0.46:0.02383971592622943)0.92:0.11010806224077718)1:1.084488213999779)0.79:0.07082173722484054)1:1.1067244123075672,(((40,(60,88)1:1.4888822238877248)1:0.17128725699747993,(99,((13,42)1:2.4145616792689273,(26,(7,164)1:1.7694028198902594)0.67:0.05051381161925081)1:0.16425073829653414)0.51:0.028939062365738837)1:1.3320387463233248,((59,((100,(70,182)0.73:0.06861459510316142)1:1.2597217882950424,(65,(95,(125,55)0.82:0.07913798870444244)1:0.8220608880633224)1:0.9948527303581137)1:1.2236859058760872)0.96:0.12175547178331626,(((94,5)1:0.49286396509057695,(190,116)1:0.9540866416595339)1:1.0901517284265285,(((121,(83,161)0.56:0.03417092321781457)1:0.2622194650171738,(166,(14,4)1:1.0854291213651084)0.99:0.1547794960772413)1:1.7521182286379657,(((8,17)1:0.46008736245098947,(24,(178,(6,126)1:1.4209725615952085)1:0.3309496201774316)0.86:0.0831660176735948)1:0.7132841772770597,(174,(142,(105,(91,((195,124)1:0.46158198790213156,((148,97)1:0.25391029614571126,(188,32)0.49:0.023643013940555253)0.98:0.1325034781311641)0.98:0.13613104848308394)0.59:0.05043832957512626)1:0.27605521123805876)1:0.42455434897732)1:0.8447440414548926)1:0.5255508599349596)0.85:0.081291203389834)0.99:0.14606084823799909)1:0.5927339641121062)0.78:0.06863544516099443)0.91:0.09473013557121948)0.52:0.029961369790816806,(((54,123)0.41:0.011044308285887957,((112,44)0.62:0.05108826450511242,(110,2)0.43:0.02444999650203688)1:2.6166085250746525)1:0.976959191434524,((((135,(155,193)1:2.1198338797922336)0.92:0.10028544384713792,(117,(159,187)1:0.3930925427830975)1:1.520360676738958)1:2.334035813838264,(0,(((132,50)1:2.1083115798026224,(111,(129,84)1:0.8696494652756017)1:2.5347175872579264)0.57:0.0665251196594757,((31,((150,175)1:0.200092603427028,(171,185)0.84:0.07879032330140034)1:0.5735938015334661)1:2.0941866619361353,((152,((18,80)1:1.887056479440966,(119,73)1:0.7984729356744609)1:1.529634808291217)1:0.8664392666264971,((3,58)1:2.615355899533146,((75,(11,103)1:2.1034683883210845)0.99:0.15847205163348052,(78,(163,162)1:0.47869130973999097)1:1.0362514626581025)1:0.3034787111248206)1:1.2857428382807576)1:0.3179882578664412)1:0.40759883720867285)1:0.3774565465332031)0.56:0.04134726125624229)0.96:0.12000175634233752,((((198,23)1:3.2273381077136847,((139,167)1:2.1679874311907588,((52,74)1:0.1954056689758163,(172,(41,16)1:1.1718788847231636)1:0.6549724941727276)1:0.6547589239820768)1:1.001552268083732)0.87:0.08759968612480322,((81,64)1:2.672689418082284,(((45,61)1:0.4156290606954458,(154,(149,12)1:0.8407525970730327)1:1.099541885454123)1:0.9220722302973161,((189,30)1:1.423200775704756,(1,(53,156)1:1.09940929607619)0.99:0.15051304039059388)1:1.1480565285522903)1:0.24007708681059833)1:0.6328698132687088)1:0.7395138823525765,(((168,96)1:0.24986493333286725,(((93,20)1:1.8101064741281976,(90,49)1:1.7364835836537218)0.88:0.09407148813517185,((137,(67,(9,85)0.95:0.1331995186825159)0.94:0.11620572910386809)1:1.3781163799937235,((141,47)1:0.6234274327916719,(25,(196,(87,82)1:0.5992630163605708)1:0.4257637455885987)1:0.3025886913561148)0.82:0.07906232004598424)1:1.1276554229707008)1:0.5736439157361538)1:0.7127621135984564,(184,(10,((76,(181,143)1:1.9474103512869407)1:0.6346367232081325,(((63,157)1:0.6763167410156742,(56,191)1:0.4359281841476523)1:1.2497177582425096,((180,62)0.75:0.08081678993881801,(183,144)1:0.3734536404920151)1:2.2288216462703843)0.95:0.11531437553940611)0.73:0.06725083700491322)1:0.9600245668512362)0.92:0.10109671674785665)1:0.2700364847884024)1:0.2741967635916182)0.51:0.02726286955628635)1:0.2985618962574165)0.91:0.09634013777340171)1:0.608695456533816)0.96:0.11852308687576876)1:0.5802282048376141)1:1.3965896403949973));
Weight calculation took 28.357652882 secs
ASTRAL finished in 43.298 secs
