
================== ASTRAL ===================== 

This is ASTRAL version 5.7.8
Gene trees are treated as unrooted
974 trees read from Dataset/AstralII_data/model.200.500000.0.000001/12/estimatedgenetre.halfresolved
index0
All output trees will be *arbitrarily* rooted at 12

======== Running the main analysis
Number of taxa: 201 (201 species)
Taxa: [12, 142, 101, 159, 41, 128, 71, 180, 145, 171, 88, 172, 2, 200, 144, 183, 99, 193, 0, 91, 153, 125, 167, 82, 9, 135, 156, 155, 48, 73, 117, 104, 50, 57, 31, 184, 61, 59, 174, 75, 19, 55, 86, 40, 103, 7, 182, 106, 26, 72, 132, 112, 199, 33, 21, 36, 113, 141, 187, 83, 108, 151, 121, 78, 186, 195, 98, 20, 34, 179, 70, 102, 126, 16, 116, 17, 146, 38, 196, 160, 81, 60, 43, 52, 8, 66, 93, 158, 84, 45, 46, 139, 119, 198, 85, 178, 107, 51, 22, 138, 137, 164, 18, 110, 173, 120, 140, 23, 13, 64, 163, 191, 115, 32, 148, 131, 49, 35, 28, 24, 133, 25, 15, 162, 105, 14, 27, 154, 89, 161, 95, 118, 94, 76, 6, 56, 4, 197, 97, 122, 29, 175, 69, 74, 5, 10, 53, 166, 150, 92, 189, 47, 1, 68, 79, 3, 111, 170, 42, 188, 124, 11, 90, 130, 185, 194, 149, 63, 96, 44, 127, 58, 39, 181, 168, 123, 157, 80, 65, 62, 77, 136, 190, 87, 114, 109, 147, 143, 67, 165, 100, 152, 134, 169, 176, 177, 30, 129, 192, 37, 54]
Taxon occupancy: {110=974, 111=974, 112=974, 113=974, 114=974, 115=974, 116=974, 117=974, 118=974, 119=974, 10=974, 11=974, 12=974, 13=974, 14=974, 15=974, 16=974, 17=974, 18=974, 19=974, 120=974, 0=974, 121=974, 122=974, 1=974, 2=974, 123=974, 3=974, 124=974, 125=974, 4=974, 126=974, 5=974, 6=974, 127=974, 128=974, 7=974, 8=974, 129=974, 9=974, 20=974, 21=974, 22=974, 23=974, 24=974, 25=974, 26=974, 27=974, 28=974, 29=974, 130=974, 131=974, 132=974, 133=974, 134=974, 135=974, 136=974, 137=974, 138=974, 139=974, 30=974, 31=974, 32=974, 33=974, 34=974, 35=974, 36=974, 37=974, 38=974, 39=974, 140=974, 141=974, 142=974, 143=974, 144=974, 145=974, 146=974, 147=974, 148=974, 149=974, 40=974, 41=974, 42=974, 43=974, 44=974, 45=974, 46=974, 47=974, 48=974, 49=974, 150=974, 151=974, 152=974, 153=974, 154=974, 155=974, 156=974, 157=974, 158=974, 159=974, 50=974, 51=974, 52=974, 53=974, 54=974, 55=974, 56=974, 57=974, 58=974, 59=974, 160=974, 161=974, 162=974, 163=974, 164=974, 165=974, 166=974, 167=974, 168=974, 169=974, 60=974, 61=974, 62=974, 63=974, 64=974, 65=974, 66=974, 67=974, 68=974, 69=974, 170=974, 171=974, 172=974, 173=974, 174=974, 175=974, 176=974, 177=974, 178=974, 179=974, 70=974, 71=974, 72=974, 73=974, 74=974, 75=974, 76=974, 77=974, 78=974, 79=974, 180=974, 181=974, 182=974, 183=974, 184=974, 185=974, 186=974, 187=974, 188=974, 189=974, 80=974, 81=974, 82=974, 83=974, 84=974, 85=974, 86=974, 87=974, 88=974, 89=974, 190=974, 191=974, 192=974, 193=974, 194=974, 195=974, 196=974, 197=974, 198=974, 199=974, 90=974, 91=974, 92=974, 93=974, 94=974, 95=974, 96=974, 97=974, 98=974, 99=974, 200=974, 100=974, 101=974, 102=974, 103=974, 104=974, 105=974, 106=974, 107=974, 108=974, 109=974}
Number of gene trees: 974
0 trees have missing taxa
Calculating quartet distance matrix (for completion of X)
Species tree distances calculated ...
Building set of clusters (X) from gene trees 
------------------------------
gradient0: 231269
Number of Clusters after addition by distance: 231269
calculating extra bipartitions to be added at level 1 ...
Adding to X using resolutions of greedy consensus ...
Limit for sigma of degrees:5075
polytomy size limit : 54
discarded polytomies: 81 112 150 190  [3, 3, 3, 3, 3, 3, 3, 3, 3, 3, 3, 4, 5, 18, 47, 54, 81, 112, 150, 190]
Threshold 0.0:
polytomy of size 5; rounds with additions with at least 5 support: 1; clusters: 231317
polytomy of size 3; rounds with additions with at least 5 support: 0; clusters: 231321
polytomy of size 18; rounds with additions with at least 5 support: 18; clusters: 234807
Threshold 0.01:
polytomy of size 47; rounds with additions with at least 5 support: 28; clusters: 267913
Threshold 0.02:
polytomy of size 3; rounds with additions with at least 5 support: 0; clusters: 267913
polytomy of size 3; rounds with additions with at least 5 support: 0; clusters: 267913
polytomy of size 3; rounds with additions with at least 5 support: 0; clusters: 267913
polytomy of size 54; rounds with additions with at least 5 support: 1; clusters: 307733
Threshold 0.05:
polytomy of size 3; rounds with additions with at least 5 support: 0; clusters: 307733
polytomy of size 4; rounds with additions with at least 5 support: 0; clusters: 307733
polytomy of size 81; rounds with additions with at least 5 support: 5; clusters: 308113
Threshold 0.1:
polytomy of size 3; rounds with additions with at least 5 support: 0; clusters: 308113
polytomy of size 3; rounds with additions with at least 5 support: 0; clusters: 308113
polytomy of size 3; rounds with additions with at least 5 support: 0; clusters: 308113
polytomy of size 112; rounds with additions with at least 5 support: 3; clusters: 308317
Threshold 0.2:
polytomy of size 3; rounds with additions with at least 5 support: 0; clusters: 308317
polytomy of size 3; rounds with additions with at least 5 support: 0; clusters: 308317
polytomy of size 3; rounds with additions with at least 5 support: 0; clusters: 308317
polytomy of size 150; rounds with additions with at least 5 support: 0; clusters: 308407
Threshold 0.3333333333333333:
polytomy of size 190; rounds with additions with at least 5 support: 0; clusters: 308407
max k is :56
Number of Clusters after addition by greedy: 308407
gradient0 in heuristiic: 308407
partitions formed in 578.166 secs
Dynamic Programming starting after 578.166 secs
Using tree-based weight calculation.
Using polytree-based weight calculation.
Polytree max score: 63321186234
Polytree building time: 2.369 seconds.
Number of quartet trees in the gene trees: 63321186234
Size of largest cluster: 201
Greedy score: 25394733251
estimationFactor: 2.49347711622474
Sub-optimal score: 25508316629
Calculated 100000 weights; time (seconds): 1180
Calculated 200000 weights; time (seconds): 633
Calculated 300000 weights; time (seconds): 687
Calculated 400000 weights; time (seconds): 740
Calculated 500000 weights; time (seconds): 721
Calculated 600000 weights; time (seconds): 612
Total Number of elements weighted: 683796
Normalized score (portion of input quartet trees satisfied before correcting for multiple individuals): 0.4198968116412751
Optimization score: 26588364209
Optimal tree inferred in 5062.022 secs.
(189,(92,(94,((14,(27,89)),(((95,(118,176)),(79,(22,68))),(((161,169),((1,(3,111)),(23,((35,154),(140,47))))),((91,((9,(103,7)),((((195,34),(60,(30,129))),(((199,33),(160,64)),(114,((112,187),(132,(113,141)))))),((49,(58,(102,(126,(16,107))))),(((55,119),(198,(84,45))),(((81,178),(51,(52,85))),(19,((43,158),(93,(8,66)))))))))),(0,(((((179,116),((121,78),(17,139))),((18,110),((98,(153,54)),((147,143),(42,(74,(188,((97,124),(122,11))))))))),(((137,164),((173,(40,5)),(((170,152),(15,105)),(133,((25,(28,24)),(162,(175,(29,69)))))))),(((38,196),((182,46),((21,36),(26,(83,(72,108)))))),(86,(82,((104,(125,167)),(135,((57,31),((156,50),(184,(61,59))))))))))),((146,((168,192),(39,(106,181)))),(((80,65),((10,134),(77,(163,62)))),((109,((138,(123,157)),((186,(151,(155,(166,150)))),((48,(73,117)),(4,(174,75)))))),((((76,6),(127,(67,165))),((12,(44,(63,96))),((101,71),(159,(142,(41,128)))))),((149,(130,(194,(90,185)))),((100,(53,(193,70))),((144,(136,(13,177))),(((87,(180,190)),((171,(145,88)),(20,(200,(172,2))))),(((99,37),(56,(183,197))),((115,(148,131)),(32,(120,191)))))))))))))))))))));
Final quartet score is: 26588364209
Final normalized quartet score is: 0.4198968116412751
Extended species tree:
(12,((44,(63,96)0.87:0.04420924674710239)1:0.5640205733315523,(((101,71)1:0.5160206323436556,(159,(142,(41,128)1:0.33294512677771193)1:0.16588088510554233)1:0.32800678718601567)1:0.11423862244455675,(((76,6)0.97:0.05618783106299605,(127,(67,165)1:0.5241872328363758)1:0.08828512115544108)1:0.08330405186196728,(((149,(130,(194,(90,185)1:0.23717357698001038)1:0.20247821059445245)0.99:0.06916986697993768)1:0.451912815857705,((100,(53,(193,70)1:0.7276974090311702)1:0.17924748665070164)1:0.15797126579297155,((144,(136,(13,177)1:0.5818796511755501)1:0.18425376759563375)0.82:0.03405023871857102,(((87,(180,190)1:0.14479706013319954)1:0.1455323500533031,((171,(145,88)1:0.3344965942680974)1:0.19110436024951205,(20,(200,(172,2)1:0.17090408899310364)1:0.21510680693695758)0.77:0.031347042344187684)1:0.0948721403574966)1:0.28638550861182993,(((99,37)1:0.40245697541406167,(56,(183,197)0.96:0.060469399112477756)1:0.5642010554872255)1:0.3316409472499907,((115,(148,131)1:0.1499633784555239)1:0.27871217065764703,(32,(120,191)1:0.6272208016609783)1:0.3488718500253757)1:0.08426166413328835)0.61:0.019411641127427166)1:0.14082581997639318)0.61:0.019184455307920425)0.58:0.019191676056753853)0.76:0.029189159148731804,((109,((138,(123,157)1:0.9230695446754886)1:0.12499882923843551,((186,(151,(155,(166,150)1:0.38919891496017167)0.82:0.0346986279836882)0.98:0.05808476958384286)1:0.13308712768105724,((48,(73,117)0.65:0.02708118484558961)1:0.7925861937399586,(4,(174,75)1:0.30772007955161196)1:0.5637641987557149)1:0.1815466773628438)0.72:0.026329676957776403)0.46:0.0092319607411453)0.93:0.04528229219105673,(((80,65)1:0.30260963722658435,((10,134)1:0.6136581037388195,(77,(163,62)1:0.21606576987014717)1:0.3028562221769213)0.98:0.06045735514724952)1:0.38262904591287816,((146,((168,192)1:0.27860409430001565,(39,(106,181)1:0.28850507072650244)1:0.12267571482488332)1:0.5592805495946802)0.98:0.05809176968034644,(((((179,116)1:0.2804786794681525,((121,78)1:1.174590073653706,(17,139)1:0.22818220324407396)0.98:0.05903642105112244)1:0.11850728227012142,((18,110)1:0.5461756560707204,((98,(153,54)1:0.3677053008074831)0.96:0.051319908534339265,((147,143)1:0.14280850415187193,(42,(74,(188,((97,124)0.51:0.021337714320948213,(122,11)0.74:0.032166755794322495)0.66:0.023678570412004805)0.92:0.051676538904988474)1:0.23841091498568914)1:0.12349702985095085)1:0.3825103054510319)0.49:0.011338344234614403)0.99:0.06802501211455085)0.53:0.014170231454537201,(((137,164)1:0.4141607943718168,((173,(40,5)1:0.1634849416742601)1:0.6485120911932444,(((170,152)1:0.6642410726631002,(15,105)1:0.9017368389405398)1:0.1412467080606813,(133,((25,(28,24)1:0.4703856736185449)0.55:0.02004846094371809,(162,(175,(29,69)0.98:0.06335761605009295)1:0.2849694045198406)1:0.1616156520331383)1:0.11562672297535281)1:0.31667552638355073)1:0.16040467516279874)0.96:0.05146244658088636)0.38:0.0031965867892523934,(((38,196)1:0.6177678935770096,((182,46)1:0.6308455661710995,((21,36)1:0.492953884992537,(26,(83,(72,108)1:0.41267917203034815)1:0.22090351517991186)1:0.0818306084294847)1:0.09462927232026216)1:0.12045139184533453)0.9:0.04226960203481859,(86,(82,((104,(125,167)1:0.09596965507435189)1:0.5030617166705195,(135,((57,31)1:0.38859873542854734,((156,50)1:0.11776791476265062,(184,(61,59)0.95:0.05304273598448153)0.85:0.03841507566017323)1:0.11806296959259194)1:0.08288054926283446)1:0.25090490379770664)0.77:0.031428882117541336)0.62:0.023125074137977708)1:0.23123795516207887)0.79:0.031188409040139635)0.63:0.0201942738156288)0.42:0.006465108072676277,(0,((91,((9,(103,7)1:0.6090484052365136)1:0.3974317652949945,((((195,34)0.98:0.06072610174722849,(60,(30,129)1:0.7629451874126496)0.58:0.023782547628397474)1:0.17325758292473298,(((199,33)1:0.10826646683388441,(160,64)1:0.18931898638085826)0.58:0.018258162313407857,(114,((112,187)0.48:0.012238649295579463,(132,(113,141)1:0.517989791164738)0.66:0.023079245716554404)1:0.3898179027016819)1:0.16498522729262013)0.91:0.04329998039365519)1:0.07276432861886521,((49,(58,(102,(126,(16,107)1:0.09594246090630652)1:0.4021695499045573)0.65:0.03152801829575658)1:0.5277698506644478)0.99:0.06667959251252656,(((55,119)1:0.7584001997657708,(198,(84,45)1:0.5135513751394062)1:0.27068290142722157)0.96:0.0531891441889547,(((81,178)1:0.25644565867910646,(51,(52,85)1:0.3830579197748053)1:0.2421484774768303)1:0.11504169097785949,(19,((43,158)1:0.5541069562629415,(93,(8,66)1:0.49059602047871975)0.99:0.06474549676899898)0.99:0.06595446568852993)1:0.17558838434902793)0.55:0.015233722275492762)0.92:0.04449660128697124)0.67:0.02317734512808105)0.45:0.008865802618269096)1:0.0791523948320567)0.52:0.014196133996656406,(((161,169)0.99:0.06629304298536484,((1,(3,111)1:0.3032891701212923)1:0.3870335823547612,(23,((35,154)1:0.41648154889870653,(140,47)0.96:0.053159998675466634)0.38:0.003768017086105232)0.49:0.01172891593203944)0.8:0.032647436780099744)0.82:0.034284494422368327,(((95,(118,176)1:0.080646377022476)1:0.10934034520518612,(79,(22,68)1:0.09001533664460529)1:0.16020903129049383)0.35:9.623104231178328E-4,((14,(27,89)1:0.44975373180190115)1:0.19038324675205454,(94,(92,189)0.91:0.05220410183627545)1:0.2304001888648491)1:0.07417298926973039)0.42:0.006164284503533776)1:0.2724896765653505)0.99:0.06315632068704438)0.45:0.008227565729805215)0.34:3.83787280212213E-4)0.41:0.006258877115464765)0.36:0.0014678043156301538)0.72:0.02656040310426335)0.96:0.05132157233770583)1:0.17791839100417228)1:0.36874726806644));
Weight calculation took 3751.585698993 secs
ASTRAL finished in 5071.166 secs
