
================== ASTRAL ===================== 

This is ASTRAL version 5.7.8
Gene trees are treated as unrooted
200 trees read from Dataset/AstralII_data/model.200.500000.0.000001/12/estimatedgenetre.halfresolved_200
index0
All output trees will be *arbitrarily* rooted at 12

======== Running the main analysis
Number of taxa: 201 (201 species)
Taxa: [12, 142, 101, 159, 41, 128, 71, 180, 145, 171, 88, 172, 2, 200, 144, 183, 99, 193, 0, 91, 153, 125, 167, 82, 9, 135, 156, 155, 48, 73, 117, 104, 50, 57, 31, 184, 61, 59, 174, 75, 19, 55, 86, 40, 103, 7, 182, 106, 26, 72, 132, 112, 199, 33, 21, 36, 113, 141, 187, 83, 108, 151, 121, 78, 186, 195, 98, 20, 34, 179, 70, 102, 126, 16, 116, 17, 146, 38, 196, 160, 81, 60, 43, 52, 8, 66, 93, 158, 84, 45, 46, 139, 119, 198, 85, 178, 107, 51, 22, 138, 137, 164, 18, 110, 173, 120, 140, 23, 13, 64, 163, 191, 115, 32, 148, 131, 49, 35, 28, 24, 133, 25, 15, 162, 105, 14, 27, 154, 89, 161, 95, 118, 94, 76, 6, 56, 4, 197, 97, 122, 29, 175, 69, 74, 5, 10, 53, 166, 150, 92, 189, 47, 1, 68, 79, 3, 111, 170, 42, 188, 124, 11, 90, 130, 185, 194, 149, 63, 96, 44, 127, 58, 39, 181, 168, 123, 157, 80, 65, 62, 77, 136, 190, 87, 114, 109, 147, 143, 67, 165, 100, 152, 134, 169, 176, 177, 30, 129, 192, 37, 54]
Taxon occupancy: {110=200, 111=200, 112=200, 113=200, 114=200, 115=200, 116=200, 117=200, 118=200, 119=200, 10=200, 11=200, 12=200, 13=200, 14=200, 15=200, 16=200, 17=200, 18=200, 19=200, 120=200, 0=200, 121=200, 122=200, 1=200, 2=200, 123=200, 3=200, 124=200, 125=200, 4=200, 126=200, 5=200, 6=200, 127=200, 128=200, 7=200, 8=200, 129=200, 9=200, 20=200, 21=200, 22=200, 23=200, 24=200, 25=200, 26=200, 27=200, 28=200, 29=200, 130=200, 131=200, 132=200, 133=200, 134=200, 135=200, 136=200, 137=200, 138=200, 139=200, 30=200, 31=200, 32=200, 33=200, 34=200, 35=200, 36=200, 37=200, 38=200, 39=200, 140=200, 141=200, 142=200, 143=200, 144=200, 145=200, 146=200, 147=200, 148=200, 149=200, 40=200, 41=200, 42=200, 43=200, 44=200, 45=200, 46=200, 47=200, 48=200, 49=200, 150=200, 151=200, 152=200, 153=200, 154=200, 155=200, 156=200, 157=200, 158=200, 159=200, 50=200, 51=200, 52=200, 53=200, 54=200, 55=200, 56=200, 57=200, 58=200, 59=200, 160=200, 161=200, 162=200, 163=200, 164=200, 165=200, 166=200, 167=200, 168=200, 169=200, 60=200, 61=200, 62=200, 63=200, 64=200, 65=200, 66=200, 67=200, 68=200, 69=200, 170=200, 171=200, 172=200, 173=200, 174=200, 175=200, 176=200, 177=200, 178=200, 179=200, 70=200, 71=200, 72=200, 73=200, 74=200, 75=200, 76=200, 77=200, 78=200, 79=200, 180=200, 181=200, 182=200, 183=200, 184=200, 185=200, 186=200, 187=200, 188=200, 189=200, 80=200, 81=200, 82=200, 83=200, 84=200, 85=200, 86=200, 87=200, 88=200, 89=200, 190=200, 191=200, 192=200, 193=200, 194=200, 195=200, 196=200, 197=200, 198=200, 199=200, 90=200, 91=200, 92=200, 93=200, 94=200, 95=200, 96=200, 97=200, 98=200, 99=200, 200=200, 100=200, 101=200, 102=200, 103=200, 104=200, 105=200, 106=200, 107=200, 108=200, 109=200}
Number of gene trees: 200
0 trees have missing taxa
Calculating quartet distance matrix (for completion of X)
Species tree distances calculated ...
Building set of clusters (X) from gene trees 
------------------------------
gradient0: 55469
Number of Clusters after addition by distance: 55469
calculating extra bipartitions to be added at level 1 ...
Adding to X using resolutions of greedy consensus ...
Limit for sigma of degrees:5075
polytomy size limit : 56
discarded polytomies: 80 114 154 189  [3, 3, 3, 3, 3, 3, 3, 3, 4, 4, 5, 6, 8, 27, 37, 56, 80, 114, 154, 189]
Threshold 0.0:
polytomy of size 6; rounds with additions with at least 5 support: 3; clusters: 55571
polytomy of size 3; rounds with additions with at least 5 support: 2; clusters: 55577
polytomy of size 3; rounds with additions with at least 5 support: 0; clusters: 55581
polytomy of size 27; rounds with additions with at least 5 support: 44; clusters: 69645
Threshold 0.01:
polytomy of size 8; rounds with additions with at least 5 support: 9; clusters: 69857
polytomy of size 37; rounds with additions with at least 5 support: 23; clusters: 93885
Threshold 0.02:
polytomy of size 3; rounds with additions with at least 5 support: 0; clusters: 93885
polytomy of size 3; rounds with additions with at least 5 support: 0; clusters: 93885
polytomy of size 56; rounds with additions with at least 5 support: 9; clusters: 147997
Threshold 0.05:
polytomy of size 4; rounds with additions with at least 5 support: 0; clusters: 147997
polytomy of size 5; rounds with additions with at least 5 support: 0; clusters: 147997
polytomy of size 80; rounds with additions with at least 5 support: 2; clusters: 148663
Threshold 0.1:
polytomy of size 3; rounds with additions with at least 5 support: 0; clusters: 148663
polytomy of size 4; rounds with additions with at least 5 support: 0; clusters: 148663
polytomy of size 114; rounds with additions with at least 5 support: 0; clusters: 149167
Threshold 0.2:
polytomy of size 3; rounds with additions with at least 5 support: 0; clusters: 149167
polytomy of size 3; rounds with additions with at least 5 support: 0; clusters: 149167
polytomy of size 3; rounds with additions with at least 5 support: 0; clusters: 149167
polytomy of size 154; rounds with additions with at least 5 support: 0; clusters: 149437
Threshold 0.3333333333333333:
polytomy of size 189; rounds with additions with at least 5 support: 0; clusters: 149437
max k is :88
Number of Clusters after addition by greedy: 149437
gradient0 in heuristiic: 149437
partitions formed in 113.203 secs
Dynamic Programming starting after 113.203 secs
Using tree-based weight calculation.
Using polytree-based weight calculation.
Polytree max score: 12993123129
Polytree building time: 0.241 seconds.
Number of quartet trees in the gene trees: 12993123129
Size of largest cluster: 201
Greedy score: 4716097720
estimationFactor: 2.7550580798821955
Sub-optimal score: 5019367719
Calculated 100000 weights; time (seconds): 248
Calculated 200000 weights; time (seconds): 177
Total Number of elements weighted: 274303
Normalized score (portion of input quartet trees satisfied before correcting for multiple individuals): 0.41639816026405946
Optimization score: 5410312567
Optimal tree inferred in 547.346 secs.
(189,(92,(94,((14,(27,89)),(((161,169),((35,154),((23,47),(140,(1,(3,111)))))),((95,(118,176)),((68,(22,79)),((91,(((19,((43,158),(93,(8,66)))),(((81,178),(51,(52,85))),((55,119),(198,(84,45))))),(((9,(103,7)),(49,(102,(58,(126,(16,107)))))),((60,((30,129),(195,34))),(((199,33),(160,64)),(114,((113,141),(112,(132,187))))))))),(((((179,116),((17,139),(121,78))),((18,110),((98,(153,54)),((147,143),(42,(74,((188,11),(124,(97,122))))))))),((137,164),(((173,(40,5)),(((170,152),(15,105)),(133,((28,24),(25,(162,(29,(175,69)))))))),(((38,196),((182,46),((21,36),(26,(83,(72,108)))))),(86,((104,(125,167)),(82,(135,((57,31),((156,50),(184,(61,59)))))))))))),(((146,((168,192),(39,(106,181)))),(((80,65),((10,134),(77,(163,62)))),(109,((186,(151,(155,(166,150)))),((138,(123,157)),((117,(48,73)),(4,(174,75)))))))),(0,((((76,6),(127,(67,165))),((12,(44,(63,96))),((101,71),(159,(142,(41,128)))))),(((144,(136,(13,177))),(149,(130,(194,(90,185))))),((100,(53,(193,70))),(((115,(148,131)),(32,(120,191))),(((99,37),(56,(183,197))),((87,(180,190)),((171,(145,88)),(20,(200,(172,2)))))))))))))))))))));
Final quartet score is: 5410312567
Final normalized quartet score is: 0.41639816026405946
Extended species tree:
(12,((44,(63,96)0.45:0.030318567060415743)1:0.5695888528807267,(((101,71)1:0.537376948448454,(159,(142,(41,128)1:0.37880564870567607)1:0.23204894558793543)1:0.3189624931341087)0.96:0.11695950121518857,(((76,6)0.46:0.021371701097712047,(127,(67,165)1:0.4475469794436027)0.6:0.04254125204584037)0.58:0.03705126228333196,((((144,(136,(13,177)1:0.5148386681954666)1:0.21022610099068495)0.39:0.007504710669749113,(149,(130,(194,(90,185)0.97:0.12773664835221313)1:0.1933663629452725)0.73:0.06115087021315985)1:0.4388469374934411)0.44:0.018385476940108038,((100,(53,(193,70)1:0.7276223977720415)0.99:0.14349721786484895)1:0.1828895957902086,(((115,(148,131)0.83:0.08950663765455244)1:0.30441086394857075,(32,(120,191)1:0.5084663701189494)1:0.3285633727973689)0.88:0.09042891667459844,(((99,37)1:0.29595145330423345,(56,(183,197)0.56:0.03949107588239175)1:0.61053672478774)1:0.351234931870625,((87,(180,190)0.99:0.1597206639976375)0.97:0.12404347591858365,((171,(145,88)1:0.3300107533206791)1:0.1655799971132068,(20,(200,(172,2)1:0.23287124430342762)0.99:0.14534525417025573)0.74:0.06167022975436146)0.91:0.09698025123281497)1:0.2753220488942157)0.39:0.00895435240740599)0.97:0.12190508995078682)0.44:0.01632830611596796)0.47:0.0203789421153884,(0,(((146,((168,192)0.98:0.14350953961429871,(39,(106,181)1:0.34354222318517164)0.98:0.13514754352482974)1:0.6499004551211311)0.49:0.031118639756350052,(((80,65)1:0.3558354785447537,((10,134)1:0.6684194436090701,(77,(163,62)0.97:0.1296718127049693)1:0.3544371896210819)0.8:0.07815649168652603)1:0.3339811424384041,(109,((186,(151,(155,(166,150)1:0.38609570667526644)0.56:0.03392508565580785)0.88:0.09244847030733445)0.97:0.12094878935302458,((138,(123,157)1:0.8122743131681068)0.63:0.04656809024669976,((117,(48,73)0.93:0.12099299783044314)1:0.803098201592751,(4,(174,75)1:0.24507867232025596)1:0.4838406076369553)1:0.2856380861822441)0.38:0.005883036649356604)0.43:0.016774863669353324)0.5:0.025103933818385285)0.38:0.006285337696769706)0.38:0.005610007653956246,(((((179,116)1:0.31945886187321426,((17,139)1:0.1672698609964224,(121,78)1:1.185759804249445)0.91:0.09821306481969933)0.95:0.11127367321131032,((18,110)1:0.4174313327288362,((98,(153,54)1:0.32863251087433826)0.75:0.06302611064026031,((147,143)0.88:0.09166454860756307,(42,(74,((188,11)0.39:0.007084922256493538,(124,(97,122)0.76:0.06803252474942949)0.66:0.05384538846053177)0.65:0.0641940707420043)1:0.214484889114314)0.97:0.12486473306645166)1:0.39221679536458387)0.36:0.0019327789083944938)0.65:0.04655710303754268)0.49:0.024260606797258062,((137,164)1:0.415405869903857,(((173,(40,5)0.91:0.10736392754159842)1:0.5997112964285122,(((170,152)1:0.6125378126023564,(15,105)1:0.7760569110254107)0.98:0.1390850397512876,(133,((28,24)1:0.490760099691822,(25,(162,(29,(175,69)0.63:0.049845996040584616)1:0.3061878133997485)0.97:0.13171469203363997)0.63:0.045687820293175384)0.77:0.06881427990016252)1:0.33497221910801783)0.98:0.138503865406093)0.59:0.04156951906845648,(((38,196)1:0.5994565289497721,((182,46)1:0.6014324096682915,((21,36)1:0.5218267619200948,(26,(83,(72,108)1:0.36382161870438035)1:0.3494271837884598)0.84:0.08518945981488169)0.86:0.08391859387358498)0.96:0.11858266246162202)0.6:0.039396314825643736,(86,((104,(125,167)0.61:0.045921674373380086)1:0.46621534254008984,(82,(135,((57,31)1:0.3130476597040691,((156,50)0.97:0.1295697795222462,(184,(61,59)0.69:0.057833187596316886)0.75:0.06894775360500657)0.91:0.09958304753387243)0.76:0.06504264611674022)1:0.22471136157475016)0.44:0.01643369552183283)0.49:0.025903858871775775)1:0.2500093853695672)0.44:0.01592636831811489)0.46:0.019543266987970223)0.51:0.02662255568724358)0.34:0.0,((91,(((19,((43,158)1:0.4676878920600517,(93,(8,66)1:0.5178682408558877)0.45:0.027211486225774222)0.87:0.0875432438247897)0.99:0.1487137566689838,(((81,178)1:0.3140532362606175,(51,(52,85)1:0.4008014007968464)1:0.17747121923238823)1:0.17135160790966616,((55,119)1:0.6617252109934001,(198,(84,45)1:0.5391020639123476)1:0.24379936946032235)0.66:0.049316839672875236)0.41:0.012859376015170145)0.74:0.06096233696146461,(((9,(103,7)1:0.5720836608243998)1:0.3945501969093166,(49,(102,(58,(126,(16,107)0.95:0.12508559772571268)1:0.29847141638212776)0.77:0.06818800751104921)1:0.5601328825723564)0.94:0.11000126841208654)0.38:0.005284374094872538,((60,((30,129)1:0.6865101348915182,(195,34)0.57:0.036476750253057355)0.59:0.03803192157382165)0.95:0.11199599312612449,(((199,33)0.83:0.07732677023892198,(160,64)0.99:0.15047794523497413)0.56:0.034448000131547835,(114,((113,141)1:0.41712904823407926,(112,(132,187)0.39:0.0077952914570695205)0.49:0.032632359275996906)1:0.42554344232347113)0.97:0.1260565044617557)0.55:0.03339576992843296)0.77:0.06622888491560881)0.45:0.017070835960569932)0.77:0.06553480308132263)0.44:0.015871074526399333,((68,(22,79)0.56:0.05501338464864833)1:0.21393403075632048,((95,(118,176)0.61:0.04310410584035822)0.93:0.1061615512043853,(((161,169)0.65:0.04823732905614154,((35,154)1:0.33336037050155637,((23,47)0.53:0.030244202590130158,(140,(1,(3,111)1:0.22785362833974085)1:0.3390952964472584)0.51:0.02662380051658011)0.42:0.014245517174804352)0.4:0.011220556874576848)0.42:0.013751367448618318,((14,(27,89)1:0.4618679391861607)1:0.2232011469617671,(94,(92,189)0.4:0.009756174945364798)1:0.26587477162627526)0.52:0.028227274424837162)0.38:0.00636146564999512)0.42:0.014310075554451672)1:0.24863970339077282)0.61:0.0411875956100614)0.37:0.0034648582588628985)0.31:0.0)0.62:0.04237001344889327)0.81:0.07183873472763683)0.99:0.16057296860944908)1:0.35609188379485196));
Weight calculation took 329.732228599 secs
ASTRAL finished in 549.601 secs
