
================== ASTRAL ===================== 

This is ASTRAL version 5.7.8
Gene trees are treated as unrooted
50 trees read from Dataset/AstralII_data/model.200.500000.0.000001/12/estimatedgenetre.halfresolved_50
index0
All output trees will be *arbitrarily* rooted at 12

======== Running the main analysis
Number of taxa: 201 (201 species)
Taxa: [12, 142, 101, 159, 41, 128, 71, 180, 145, 171, 88, 172, 2, 200, 144, 183, 99, 193, 0, 91, 153, 125, 167, 82, 9, 135, 156, 155, 48, 73, 117, 104, 50, 57, 31, 184, 61, 59, 174, 75, 19, 55, 86, 40, 103, 7, 182, 106, 26, 72, 132, 112, 199, 33, 21, 36, 113, 141, 187, 83, 108, 151, 121, 78, 186, 195, 98, 20, 34, 179, 70, 102, 126, 16, 116, 17, 146, 38, 196, 160, 81, 60, 43, 52, 8, 66, 93, 158, 84, 45, 46, 139, 119, 198, 85, 178, 107, 51, 22, 138, 137, 164, 18, 110, 173, 120, 140, 23, 13, 64, 163, 191, 115, 32, 148, 131, 49, 35, 28, 24, 133, 25, 15, 162, 105, 14, 27, 154, 89, 161, 95, 118, 94, 76, 6, 56, 4, 197, 97, 122, 29, 175, 69, 74, 5, 10, 53, 166, 150, 92, 189, 47, 1, 68, 79, 3, 111, 170, 42, 188, 124, 11, 90, 130, 185, 194, 149, 63, 96, 44, 127, 58, 39, 181, 168, 123, 157, 80, 65, 62, 77, 136, 190, 87, 114, 109, 147, 143, 67, 165, 100, 152, 134, 169, 176, 177, 30, 129, 192, 37, 54]
Taxon occupancy: {110=50, 111=50, 112=50, 113=50, 114=50, 115=50, 116=50, 117=50, 118=50, 119=50, 10=50, 11=50, 12=50, 13=50, 14=50, 15=50, 16=50, 17=50, 18=50, 19=50, 120=50, 0=50, 121=50, 122=50, 1=50, 2=50, 123=50, 3=50, 124=50, 125=50, 4=50, 126=50, 5=50, 6=50, 127=50, 128=50, 7=50, 8=50, 129=50, 9=50, 20=50, 21=50, 22=50, 23=50, 24=50, 25=50, 26=50, 27=50, 28=50, 29=50, 130=50, 131=50, 132=50, 133=50, 134=50, 135=50, 136=50, 137=50, 138=50, 139=50, 30=50, 31=50, 32=50, 33=50, 34=50, 35=50, 36=50, 37=50, 38=50, 39=50, 140=50, 141=50, 142=50, 143=50, 144=50, 145=50, 146=50, 147=50, 148=50, 149=50, 40=50, 41=50, 42=50, 43=50, 44=50, 45=50, 46=50, 47=50, 48=50, 49=50, 150=50, 151=50, 152=50, 153=50, 154=50, 155=50, 156=50, 157=50, 158=50, 159=50, 50=50, 51=50, 52=50, 53=50, 54=50, 55=50, 56=50, 57=50, 58=50, 59=50, 160=50, 161=50, 162=50, 163=50, 164=50, 165=50, 166=50, 167=50, 168=50, 169=50, 60=50, 61=50, 62=50, 63=50, 64=50, 65=50, 66=50, 67=50, 68=50, 69=50, 170=50, 171=50, 172=50, 173=50, 174=50, 175=50, 176=50, 177=50, 178=50, 179=50, 70=50, 71=50, 72=50, 73=50, 74=50, 75=50, 76=50, 77=50, 78=50, 79=50, 180=50, 181=50, 182=50, 183=50, 184=50, 185=50, 186=50, 187=50, 188=50, 189=50, 80=50, 81=50, 82=50, 83=50, 84=50, 85=50, 86=50, 87=50, 88=50, 89=50, 190=50, 191=50, 192=50, 193=50, 194=50, 195=50, 196=50, 197=50, 198=50, 199=50, 90=50, 91=50, 92=50, 93=50, 94=50, 95=50, 96=50, 97=50, 98=50, 99=50, 200=50, 100=50, 101=50, 102=50, 103=50, 104=50, 105=50, 106=50, 107=50, 108=50, 109=50}
Number of gene trees: 50
0 trees have missing taxa
Calculating quartet distance matrix (for completion of X)
Species tree distances calculated ...
Building set of clusters (X) from gene trees 
------------------------------
gradient0: 15885
Number of Clusters after addition by distance: 15885
calculating extra bipartitions to be added at level 1 ...
Adding to X using resolutions of greedy consensus ...
Limit for sigma of degrees:5075
polytomy size limit : 45
discarded polytomies: 77 111 145 185  [3, 3, 3, 3, 3, 3, 3, 3, 3, 3, 3, 3, 3, 4, 4, 4, 6, 45, 45, 45, 77, 111, 145, 185]
Threshold 0.0:
polytomy of size 3; rounds with additions with at least 5 support: 1; clusters: 15891
polytomy of size 3; rounds with additions with at least 5 support: 0; clusters: 15897
polytomy of size 45; rounds with additions with at least 5 support: 2; clusters: 53477
Threshold 0.01:
polytomy of size 3; rounds with additions with at least 5 support: 0; clusters: 53477
polytomy of size 3; rounds with additions with at least 5 support: 0; clusters: 53477
polytomy of size 45; rounds with additions with at least 5 support: 0; clusters: 89035
Threshold 0.02:
polytomy of size 3; rounds with additions with at least 5 support: 0; clusters: 89035
polytomy of size 3; rounds with additions with at least 5 support: 0; clusters: 89035
polytomy of size 45; rounds with additions with at least 5 support: 0; clusters: 123791
Threshold 0.05:
polytomy of size 4; rounds with additions with at least 5 support: 2; clusters: 123795
polytomy of size 3; rounds with additions with at least 5 support: 0; clusters: 123795
polytomy of size 6; rounds with additions with at least 5 support: 3; clusters: 123809
polytomy of size 77; rounds with additions with at least 5 support: 1; clusters: 125203
Threshold 0.1:
polytomy of size 3; rounds with additions with at least 5 support: 0; clusters: 125203
polytomy of size 111; rounds with additions with at least 5 support: 0; clusters: 126303
Threshold 0.2:
polytomy of size 3; rounds with additions with at least 5 support: 0; clusters: 126303
polytomy of size 3; rounds with additions with at least 5 support: 0; clusters: 126303
polytomy of size 3; rounds with additions with at least 5 support: 0; clusters: 126303
polytomy of size 3; rounds with additions with at least 5 support: 0; clusters: 126303
polytomy of size 4; rounds with additions with at least 5 support: 0; clusters: 126303
polytomy of size 4; rounds with additions with at least 5 support: 0; clusters: 126303
polytomy of size 145; rounds with additions with at least 5 support: 0; clusters: 127037
Threshold 0.3333333333333333:
polytomy of size 3; rounds with additions with at least 5 support: 0; clusters: 127037
polytomy of size 185; rounds with additions with at least 5 support: 0; clusters: 127325
max k is :6
Number of Clusters after addition by greedy: 127325
gradient0 in heuristiic: 127325
partitions formed in 37.148 secs
Dynamic Programming starting after 37.148 secs
Using tree-based weight calculation.
Using polytree-based weight calculation.
Polytree max score: 3235692045
Polytree building time: 0.066 seconds.
Number of quartet trees in the gene trees: 3235692045
Size of largest cluster: 201
Greedy score: 1332436352
estimationFactor: 2.42840270767395
Sub-optimal score: 1332436352
Calculated 100000 weights; time (seconds): 80
Calculated 200000 weights; time (seconds): 46
Total Number of elements weighted: 240351
Normalized score (portion of input quartet trees satisfied before correcting for multiple individuals): 0.4139281378985496
Optimization score: 1339343983
Optimal tree inferred in 145.777 secs.
(6,(76,(((67,165),(127,((159,(142,(41,128))),((101,71),(12,(63,(96,44))))))),((0,((136,(13,177)),(100,(53,(193,70))))),(((168,192),(39,(106,181))),(((((18,110),(144,(153,54))),((149,(130,(194,(90,185)))),((147,143),(42,(74,(97,((122,11),(188,124)))))))),(98,(((32,(120,191)),(115,(148,131))),(((99,37),(56,(183,197))),((180,190),(87,((171,(145,88)),(20,(200,(172,2)))))))))),((((1,(3,111)),(((14,(27,89)),(189,(94,92))),(((35,154),(161,(140,47))),(95,(169,((118,176),(23,(79,(22,68))))))))),(146,(91,(((19,((43,158),(93,(8,66)))),(((55,119),(198,(84,45))),(51,((81,178),(52,85))))),((49,(102,(58,(126,(16,107))))),(((30,129),(60,(195,34))),((9,(103,7)),((199,(160,64)),(114,(33,((113,141),(187,(132,112))))))))))))),((((17,139),((179,116),(121,78))),((109,(186,(151,(155,(166,150))))),((138,(123,157)),((4,(174,75)),(117,(48,73)))))),((137,164),((((80,65),((10,134),(77,(163,62)))),((173,(40,5)),(((170,152),(15,105)),((28,24),((133,25),(162,(29,(175,69)))))))),(((38,196),((182,46),((21,36),(26,(83,(72,108)))))),(86,((82,(167,(125,104))),(135,((57,31),(184,((61,59),(156,50))))))))))))))))));
Final quartet score is: 1339343983
Final normalized quartet score is: 0.4139281378985496
Extended species tree:
(12,((63,(96,44)0.53:0.06953175499439763)1:0.7388740263924781,((101,71)1:0.5740939920078861,((159,(142,(41,128)0.98:0.3492783800600927)0.98:0.2898661947571919)0.99:0.31958601378453205,(127,((67,165)1:0.7561801926196164,(((0,((136,(13,177)1:0.6461400220085678)0.75:0.13077587010425118,(100,(53,(193,70)1:0.6197505946492661)0.57:0.06794337305262656)0.92:0.20569297483859694)0.64:0.08839840475574164)0.42:0.02357254824495769,(((168,192)0.52:0.05350725173267318,(39,(106,181)0.96:0.2620920296905394)0.84:0.17090086749695454)1:0.7894470697255356,(((((18,110)1:0.4317373216136883,(144,(153,54)0.93:0.21591331642811773)0.49:0.041345426124032233)0.39:0.010213850493789147,((149,(130,(194,(90,185)0.92:0.21723725454344914)0.59:0.10525254761626196)0.59:0.07781671258478595)1:0.49447000613499864,((147,143)0.59:0.07376027474321152,(42,(74,(97,((122,11)0.35:0.0,(188,124)0.67:0.10748219160384448)0.38:0.00574836437910276)0.67:0.09851768006308677)0.82:0.15221199221058962)0.46:0.04749071774641353)1:0.6305729817735137)0.29:0.0)0.45:0.03275526530405839,(98,(((32,(120,191)1:0.4000474749608179)0.98:0.2871067134903849,(115,(148,131)0.89:0.20573236153794391)0.97:0.26238909980036546)0.71:0.11110323652456068,(((99,37)1:0.49858467435349746,(56,(183,197)0.68:0.11415979981777502)1:0.3736513007678695)0.99:0.3194856419041771,((180,190)0.99:0.3477957106823043,(87,((171,(145,88)0.77:0.13157878705162002)0.44:0.0272658487630349,(20,(200,(172,2)0.88:0.18598517454702204)0.64:0.08912615810187448)0.46:0.03231962533740027)0.52:0.05307938710790988)0.49:0.05254335260023098)0.76:0.12854008867943245)0.39:0.010261858053760141)0.92:0.21738634895976947)0.57:0.06846628280546403)0.33:0.0,((((1,(3,111)1:0.41200243123688673)0.97:0.2706853884144227,(((14,(27,89)0.96:0.2679499103218161)0.78:0.13807020314979107,(189,(94,92)0.46:0.048637126013938735)0.87:0.17757408410201986)0.53:0.05502527634746829,(((35,154)1:0.3668629877272637,(161,(140,47)0.69:0.10679910608755011)0.45:0.03269027642267255)0.41:0.01687877475013441,(95,(169,((118,176)0.54:0.06801514739405963,(23,(79,(22,68)0.71:0.1120552820512282)0.76:0.13565350281296415)0.43:0.024831028160271246)0.36:0.0022811892140292313)0.53:0.056276391871652516)0.34:0.0)0.42:0.023900914353582114)0.42:0.021440222152163253)0.79:0.1375786689220951,(146,(91,(((19,((43,158)0.93:0.21929639432712744,(93,(8,66)1:0.5024361711086791)0.47:0.04886353443249742)0.73:0.11606744501501169)0.74:0.12142499439312744,(((55,119)1:0.9156188908276862,(198,(84,45)1:0.629959718503886)0.77:0.1363558981808163)0.36:0.001019777483543439,(51,((81,178)0.91:0.1990259367794597,(52,85)1:0.4630087685492241)0.58:0.09972769557680893)0.77:0.1294208146671203)0.47:0.035148035796834086)0.52:0.053478391391699,((49,(102,(58,(126,(16,107)0.91:0.21404882140832732)0.92:0.215000980893444)0.54:0.07287144383002286)1:0.6599867217289271)0.45:0.028666979258112586,(((30,129)1:0.4864594401721778,(60,(195,34)0.47:0.0647652808454044)0.66:0.095567825439945)0.75:0.12350006000356249,((9,(103,7)1:0.43888692842420135)1:0.48008484818641045,((199,(160,64)0.69:0.10344152390999778)0.53:0.05729336162089288,(114,(33,((113,141)1:0.4759710557216001,(187,(132,112)0.39:0.01038836804420724)0.49:0.06034899207730363)1:0.4653304074123334)0.65:0.0954486534733647)0.43:0.027657591052533445)0.45:0.03394383028112784)0.42:0.02331371230309068)0.42:0.023855160513741452)0.39:0.011268917083819269)0.47:0.03718789649259678)0.51:0.05036639360727689)0.4:0.012847198545733565)0.4:0.012309517405405134,((((17,139)0.9:0.19352269593917007,((179,116)0.89:0.1871839301100687,(121,78)1:0.8700506656583668)0.48:0.06427217615200974)0.9:0.1888761407006882,((109,(186,(151,(155,(166,150)1:0.45635057214748465)0.62:0.08250199109800249)0.36:0.0)0.68:0.10197512182094454)0.41:0.018094467569980777,((138,(123,157)1:0.7734213250715444)0.5:0.04442112535203123,((4,(174,75)0.63:0.09024499290647983)1:0.4381056988178833,(117,(48,73)0.45:0.038118958103609914)1:1.205981737576776)0.94:0.2157053736589869)0.46:0.03379736094009778)0.39:0.008450911363263109)0.42:0.020980164489453213,((137,164)0.99:0.31431060764446755,((((80,65)1:0.43328105386240695,((10,134)1:0.7238361322496478,(77,(163,62)0.81:0.1781592198792674)0.94:0.2272331979702324)0.48:0.039376767531455435)0.96:0.2437843528845996,((173,(40,5)0.49:0.04679471994795205)1:0.5327208389163856,(((170,152)1:0.5879775326545603,(15,105)1:1.1661108514341576)0.56:0.06419242136921427,((28,24)1:0.6614127301538434,((133,25)0.43:0.026612830423473257,(162,(29,(175,69)0.71:0.13860951172659872)1:0.41304467533034667)0.68:0.10774848050267928)0.42:0.025201081606146092)1:0.3702663744528469)0.6:0.07931324843903732)0.42:0.02147755501648402)0.35:0.0,(((38,196)1:0.5326560847981504,((182,46)1:0.5772745759121345,((21,36)1:0.5020495525893955,(26,(83,(72,108)0.99:0.35656671297374776)0.99:0.3342536810184533)0.7:0.10685758784091558)0.65:0.09064263203024159)0.61:0.08261502071206604)0.57:0.06776599678297435,(86,((82,(167,(125,104)0.6:0.08661985730097628)0.97:0.2614204154767014)0.41:0.01661587681403605,(135,((57,31)1:0.4148407220001549,(184,((61,59)0.68:0.10630410270633654,(156,50)0.74:0.12803089268605633)0.46:0.032888543006273585)0.47:0.044202437264034486)0.58:0.06863716517891977)0.75:0.12792745752086254)0.51:0.05031609178566863)0.95:0.2344651767470556)0.39:0.011283284637231357)0.43:0.02349725772262244)0.32:0.0)0.38:0.00967080097580479)0.39:0.010439543947312576)0.32:0.0)0.36:0.0)0.46:0.03238675807489908,(76,6)0.53:0.05653184877608375)0.54:0.05812453846091413)0.54:0.05883588321271427)0.61:0.07771815699460242)0.41:0.018295585402037934)0.9:0.18974794395785044));
Weight calculation took 77.25794803 secs
ASTRAL finished in 147.258 secs
