
================== ASTRAL ===================== 

This is ASTRAL version 5.7.8
Gene trees are treated as unrooted
1000 trees read from Dataset/AstralII_data/model.200.500000.0.000001/26/estimatedgenetre.halfresolved
index0
All output trees will be *arbitrarily* rooted at 159

======== Running the main analysis
Number of taxa: 201 (201 species)
Taxa: [159, 6, 16, 88, 68, 171, 48, 189, 106, 60, 26, 41, 97, 81, 28, 36, 158, 79, 73, 116, 92, 143, 167, 124, 18, 105, 30, 112, 160, 38, 108, 89, 166, 181, 179, 67, 134, 10, 57, 65, 20, 100, 52, 62, 156, 74, 195, 125, 91, 11, 63, 14, 34, 54, 169, 176, 0, 96, 138, 163, 76, 45, 50, 182, 59, 5, 194, 8, 69, 71, 129, 155, 3, 161, 32, 148, 99, 87, 193, 98, 115, 31, 140, 70, 121, 188, 146, 147, 178, 66, 150, 22, 157, 187, 141, 56, 29, 39, 164, 94, 132, 131, 177, 107, 86, 145, 165, 49, 21, 47, 152, 175, 80, 151, 46, 103, 72, 53, 185, 120, 154, 95, 199, 197, 12, 77, 61, 93, 119, 101, 173, 133, 128, 190, 102, 1, 123, 2, 113, 168, 7, 24, 9, 58, 191, 198, 118, 180, 110, 184, 43, 144, 23, 186, 40, 104, 117, 78, 83, 64, 126, 75, 127, 122, 25, 183, 35, 84, 136, 15, 149, 200, 196, 142, 114, 51, 111, 192, 37, 162, 170, 13, 90, 44, 109, 82, 85, 55, 33, 27, 139, 172, 135, 17, 130, 19, 137, 42, 174, 4, 153]
Taxon occupancy: {110=1000, 111=1000, 112=1000, 113=1000, 114=1000, 115=1000, 116=1000, 117=1000, 118=1000, 119=1000, 10=1000, 11=1000, 12=1000, 13=1000, 14=1000, 15=1000, 16=1000, 17=1000, 18=1000, 19=1000, 120=1000, 0=1000, 121=1000, 1=1000, 122=1000, 123=1000, 2=1000, 124=1000, 3=1000, 125=1000, 4=1000, 5=1000, 126=1000, 6=1000, 127=1000, 128=1000, 7=1000, 8=1000, 129=1000, 9=1000, 20=1000, 21=1000, 22=1000, 23=1000, 24=1000, 25=1000, 26=1000, 27=1000, 28=1000, 29=1000, 130=1000, 131=1000, 132=1000, 133=1000, 134=1000, 135=1000, 136=1000, 137=1000, 138=1000, 139=1000, 30=1000, 31=1000, 32=1000, 33=1000, 34=1000, 35=1000, 36=1000, 37=1000, 38=1000, 39=1000, 140=1000, 141=1000, 142=1000, 143=1000, 144=1000, 145=1000, 146=1000, 147=1000, 148=1000, 149=1000, 40=1000, 41=1000, 42=1000, 43=1000, 44=1000, 45=1000, 46=1000, 47=1000, 48=1000, 49=1000, 150=1000, 151=1000, 152=1000, 153=1000, 154=1000, 155=1000, 156=1000, 157=1000, 158=1000, 159=1000, 50=1000, 51=1000, 52=1000, 53=1000, 54=1000, 55=1000, 56=1000, 57=1000, 58=1000, 59=1000, 160=1000, 161=1000, 162=1000, 163=1000, 164=1000, 165=1000, 166=1000, 167=1000, 168=1000, 169=1000, 60=1000, 61=1000, 62=1000, 63=1000, 64=1000, 65=1000, 66=1000, 67=1000, 68=1000, 69=1000, 170=1000, 171=1000, 172=1000, 173=1000, 174=1000, 175=1000, 176=1000, 177=1000, 178=1000, 179=1000, 70=1000, 71=1000, 72=1000, 73=1000, 74=1000, 75=1000, 76=1000, 77=1000, 78=1000, 79=1000, 180=1000, 181=1000, 182=1000, 183=1000, 184=1000, 185=1000, 186=1000, 187=1000, 188=1000, 189=1000, 80=1000, 81=1000, 82=1000, 83=1000, 84=1000, 85=1000, 86=1000, 87=1000, 88=1000, 89=1000, 190=1000, 191=1000, 192=1000, 193=1000, 194=1000, 195=1000, 196=1000, 197=1000, 198=1000, 199=1000, 90=1000, 91=1000, 92=1000, 93=1000, 94=1000, 95=1000, 96=1000, 97=1000, 98=1000, 99=1000, 200=1000, 100=1000, 101=1000, 102=1000, 103=1000, 104=1000, 105=1000, 106=1000, 107=1000, 108=1000, 109=1000}
Number of gene trees: 1000
0 trees have missing taxa
Calculating quartet distance matrix (for completion of X)
Species tree distances calculated ...
Building set of clusters (X) from gene trees 
------------------------------
gradient0: 149437
Number of Clusters after addition by distance: 149437
calculating extra bipartitions to be added at level 1 ...
Adding to X using resolutions of greedy consensus ...
Limit for sigma of degrees:5075
polytomy size limit : 58
discarded polytomies: 76 107  [3, 3, 3, 3, 3, 3, 3, 3, 4, 4, 4, 4, 4, 4, 4, 5, 5, 12, 21, 34, 49, 58, 76, 107]
Threshold 0.0:
polytomy of size 12; rounds with additions with at least 5 support: 4; clusters: 150019
Threshold 0.01:
polytomy of size 4; rounds with additions with at least 5 support: 0; clusters: 150021
polytomy of size 3; rounds with additions with at least 5 support: 0; clusters: 150023
polytomy of size 21; rounds with additions with at least 5 support: 7; clusters: 151901
Threshold 0.02:
polytomy of size 4; rounds with additions with at least 5 support: 0; clusters: 151901
polytomy of size 34; rounds with additions with at least 5 support: 1; clusters: 157319
Threshold 0.05:
polytomy of size 49; rounds with additions with at least 5 support: 0; clusters: 157367
Threshold 0.1:
polytomy of size 3; rounds with additions with at least 5 support: 0; clusters: 157367
polytomy of size 58; rounds with additions with at least 5 support: 0; clusters: 157447
Threshold 0.2:
polytomy of size 3; rounds with additions with at least 5 support: 0; clusters: 157447
polytomy of size 3; rounds with additions with at least 5 support: 0; clusters: 157447
polytomy of size 4; rounds with additions with at least 5 support: 0; clusters: 157447
polytomy of size 5; rounds with additions with at least 5 support: 0; clusters: 157447
polytomy of size 76; rounds with additions with at least 5 support: 0; clusters: 157569
polytomy of size 4; rounds with additions with at least 5 support: 0; clusters: 157569
Threshold 0.3333333333333333:
polytomy of size 4; rounds with additions with at least 5 support: 0; clusters: 157569
polytomy of size 3; rounds with additions with at least 5 support: 0; clusters: 157569
polytomy of size 4; rounds with additions with at least 5 support: 0; clusters: 157569
polytomy of size 5; rounds with additions with at least 5 support: 0; clusters: 157569
polytomy of size 3; rounds with additions with at least 5 support: 0; clusters: 157569
polytomy of size 3; rounds with additions with at least 5 support: 0; clusters: 157569
polytomy of size 3; rounds with additions with at least 5 support: 0; clusters: 157569
polytomy of size 4; rounds with additions with at least 5 support: 0; clusters: 157569
polytomy of size 107; rounds with additions with at least 5 support: 0; clusters: 157671
max k is :14
Number of Clusters after addition by greedy: 157671
gradient0 in heuristiic: 157671
partitions formed in 164.88 secs
Dynamic Programming starting after 164.88 secs
Using tree-based weight calculation.
Using polytree-based weight calculation.
Polytree max score: 65998153719
Polytree building time: 4.098 seconds.
Number of quartet trees in the gene trees: 65998153719
Size of largest cluster: 201
Greedy score: 27566692002
estimationFactor: 2.394126713289057
Sub-optimal score: 30738131009
Calculated 100000 weights; time (seconds): 553
Calculated 200000 weights; time (seconds): 388
Calculated 300000 weights; time (seconds): 409
Calculated 400000 weights; time (seconds): 441
Total Number of elements weighted: 456167
Normalized score (portion of input quartet trees satisfied before correcting for multiple individuals): 0.5014012305691724
Optimization score: 33091555490
Optimal tree inferred in 2042.664 secs.
(43,(184,((198,(151,58)),((9,64),(((46,(118,(126,(75,(180,127))))),(103,((122,(110,(144,23))),((104,83),((186,40),(117,78)))))),(((66,(145,165)),((146,147),(80,(152,175)))),(49,(((72,(53,(130,(19,137)))),(((77,(120,154)),(4,(174,153))),((62,61),(93,(185,(95,(199,(197,12)))))))),((((189,29),(60,191)),(((21,47),(74,14)),((106,34),((169,(156,63)),(195,(125,(91,11))))))),((((18,105),((166,(89,(167,124))),((38,108),(((57,65),(112,160)),((133,(20,100)),(172,(135,17))))))),(((30,96),(42,(128,((102,(190,168)),(123,(2,(1,113))))))),((37,(162,170)),(((24,(7,(26,41))),((52,(27,139)),(33,(121,188)))),((67,134),((10,((181,179),(85,(82,(44,109))))),(((36,(92,143)),(90,(97,13))),((81,28),(116,(158,(79,73))))))))))),(0,((((54,(114,(200,(176,(196,142))))),(111,(150,((187,141),(51,(22,157)))))),(56,((159,((6,16),(171,(88,(68,48))))),((183,35),((25,(39,164)),(132,(94,(107,(177,(131,86)))))))))),((182,59),(((161,55),((136,15),((87,(148,99)),((98,115),((193,31),(140,70)))))),((192,(3,(119,(101,173)))),((32,(84,149)),(194,(((129,155),(5,(8,178))),((69,(138,163)),(71,(76,(45,50))))))))))))))))))))));
Final quartet score is: 33091555490
Final normalized quartet score is: 0.5014012305691724
Extended species tree:
(159,(((6,16)1:0.8959333834749146,(171,(88,(68,48)1:0.13324528247737208)1:0.3328643378591655)0.69:0.025808562011079925)1:0.15648289773092736,(((183,35)1:0.31739756070355823,((25,(39,164)1:1.0551382875362159)0.52:0.01277296343652124,(132,(94,(107,(177,(131,86)1:0.18601054774958273)0.93:0.048222808905766905)1:0.23078495831501414)1:0.09734309854570337)1:0.6151689631969766)0.97:0.05502716570469913)1:0.6610303016399091,(56,(((54,(114,(200,(176,(196,142)1:0.42915184677572116)0.89:0.039856421798565134)1:0.07979702268737877)1:0.26397395092626996)1:0.25234319521680604,(111,(150,((187,141)1:0.3574908542338686,(51,(22,157)1:0.15902355284043215)1:0.2702385426250356)0.67:0.02400802293481731)1:0.6881687083405229)1:0.794409396837046)0.97:0.0526328726312855,(((182,59)1:1.325207088694409,(((161,55)1:0.35385059567720256,((136,15)1:0.33201891136812045,((87,(148,99)1:0.30043987592428806)1:1.2384915691236817,((98,115)1:0.3767063178007852,((193,31)0.99:0.06450498562574772,(140,70)1:0.22019539306071456)1:0.13474630077158825)1:1.0384973974356608)1:0.0810801655983457)1:0.09067981294094202)1:0.26451895000640907,((192,(3,(119,(101,173)1:0.9719933962225393)0.96:0.05274306973670946)1:0.6263783683962961)1:0.10132914461891683,((32,(84,149)1:0.8790898529373916)1:0.11133668957763651,(194,(((129,155)1:0.9622178564697692,(5,(8,178)1:0.40093447331950227)1:0.12006924299197735)1:0.4702113040775372,((69,(138,163)1:0.2513897545219553)1:0.1738009725121794,(71,(76,(45,50)1:0.32975699171350037)1:0.5016775236912242)1:0.15469502524531575)1:0.4253212140633016)1:0.1468720387161167)0.98:0.05667054708418513)1:0.154025969017719)1:0.15749466255172292)1:0.11303242938977336)1:0.11194611278339506,(0,((((18,105)1:1.242136663613234,((166,(89,(167,124)1:0.38670380706233803)1:0.1994860345895316)1:1.2652221374833936,((38,108)1:0.4233702554073901,(((57,65)1:0.789836555905053,(112,160)1:0.7892721061919156)1:0.6876195993911638,((133,(20,100)1:0.5775078551507665)1:0.7155781599027187,(172,(135,17)1:0.19891302199394975)1:1.0298127489768643)1:0.4864290032999853)0.64:0.021760541671360427)1:0.17529040039084012)1:0.0762160496360361)0.67:0.022737803283217412,(((30,96)1:0.8344080846383648,(42,(128,((102,(190,168)0.98:0.05986525320011939)1:0.26932249441807643,(123,(2,(1,113)1:0.3388803042772077)0.6:0.018212792497453334)1:0.465662091887771)1:0.2072185907987179)1:0.5143618209385475)1:0.23549382400975055)1:0.1424597803604679,((37,(162,170)1:0.7715678278616128)1:1.0605333572581164,(((24,(7,(26,41)1:0.7387320612057415)1:0.621509695839327)1:0.07759552956013277,((52,(27,139)1:0.5799120208237393)1:1.253529803589414,(33,(121,188)1:0.5628659251132336)1:0.33958627871507985)0.99:0.06327624149209075)0.85:0.03800677143975999,((67,134)1:1.641150422297317,((10,((181,179)1:0.6064637379453881,(85,(82,(44,109)1:0.08034611195386435)1:0.23503976926947592)1:0.9157337518438129)1:0.17204122869804836)0.8:0.03143156608424818,(((36,(92,143)1:0.18565673821829312)1:1.4738943686590629,(90,(97,13)1:0.4092981646270173)1:0.3579950084675409)0.9:0.04091687296035363,((81,28)1:1.0647166287050553,(116,(158,(79,73)1:0.5359005029749492)1:0.2561205487168718)0.39:0.003930755580370377)1:0.2661278376243274)0.74:0.027003774382925366)1:0.19117875287868202)1:0.25064988488932594)1:0.08344164480462324)0.99:0.06661901978780163)0.75:0.029226798889781008)0.96:0.05210860727768267,((((189,29)1:0.5150513060541003,(60,191)1:0.6172931354720993)0.49:0.011186602198159118,(((21,47)1:0.15384899661009196,(74,14)1:1.1792031391609978)1:0.4742569992358272,((106,34)1:0.21698956945603462,((169,(156,63)0.56:0.015813229267041453)1:0.6451503524099085,(195,(125,(91,11)0.99:0.06683538190780573)1:0.12956826273495517)1:1.1505199161210278)1:0.18089548558057814)1:0.3305540967548812)1:0.21992831333591806)0.98:0.055733037794331065,(((72,(53,(130,(19,137)1:0.24690468101405055)1:0.685574391126403)1:0.13984694012570034)1:0.8932376414648502,(((77,(120,154)1:0.9140379508547355)1:0.3594874420709231,(4,(174,153)1:0.22329002742750062)1:0.8124628754007344)1:0.6317800520347183,((62,61)1:1.5742166613238222,(93,(185,(95,(199,(197,12)1:0.7786336754874328)1:0.12181297974825901)1:0.416364213540173)0.62:0.019024439422890716)1:0.21388464482547642)1:0.30640636028607865)1:0.14661801296883928)0.35:0.0011006474815273835,(49,(((66,(145,165)1:1.4546322581825515)1:0.2505106332490719,((146,147)1:1.3118267550317775,(80,(152,175)1:0.07998531721755377)1:0.8789775057173989)1:0.34729670088211534)0.93:0.04634397385070264,(((46,(118,(126,(75,(180,127)1:0.46620092074278735)1:0.18819250232652104)1:0.6608731304255293)1:0.30069776496864453)0.72:0.02536484538123884,(103,((122,(110,(144,23)1:0.3414858433161918)1:0.17636409473226256)0.96:0.05226523929979261,((104,83)1:0.8907466133361931,((186,40)1:0.24271385546233012,(117,78)1:0.48912161239101387)1:0.5651312390728471)1:0.30399857498290034)1:0.11837710831795183)1:0.1254583533140288)0.5:0.01191421325180784,((9,64)1:1.210269816886431,((198,(151,58)1:0.42308060440890927)1:0.5274193832257884,(184,43)1:1.0294267712601968)0.97:0.05353882299756315)1:0.15934943001223498)1:0.2487484962573838)0.91:0.043837513335969136)1:0.09703324522970241)0.97:0.05501486323818783)1:0.10295917956793735)0.5:0.01173705618191623)0.98:0.05702633748505819)0.46:0.009266697853056182)0.7:0.024536549809016657)1:0.19299690260638325)1:0.6123558746128153));
Weight calculation took 1742.779623393 secs
ASTRAL finished in 2052.542 secs
