
================== ASTRAL ===================== 

This is ASTRAL version 5.7.8
Gene trees are treated as unrooted
50 trees read from Dataset/AstralII_data/model.200.2000000.0.000001/35/estimatedgenetre.halfresolved_50
index0
All output trees will be *arbitrarily* rooted at 147

======== Running the main analysis
Number of taxa: 201 (201 species)
Taxa: [147, 122, 136, 137, 92, 167, 181, 145, 44, 42, 195, 172, 3, 59, 157, 116, 86, 8, 124, 170, 91, 52, 138, 80, 23, 190, 70, 6, 31, 56, 88, 163, 34, 128, 198, 41, 194, 9, 133, 12, 129, 150, 38, 119, 68, 169, 17, 19, 18, 102, 7, 109, 96, 176, 61, 197, 94, 126, 111, 135, 21, 174, 58, 69, 57, 106, 199, 24, 72, 151, 81, 76, 161, 164, 117, 179, 11, 65, 118, 154, 10, 87, 183, 93, 107, 184, 29, 77, 156, 43, 139, 148, 114, 127, 30, 47, 193, 53, 28, 90, 153, 22, 104, 37, 39, 131, 60, 178, 142, 160, 182, 149, 74, 85, 64, 155, 73, 103, 186, 50, 33, 166, 71, 0, 27, 115, 15, 25, 134, 82, 123, 66, 98, 101, 36, 45, 55, 158, 112, 141, 5, 108, 78, 110, 113, 89, 189, 49, 75, 51, 4, 188, 130, 180, 196, 100, 48, 83, 152, 162, 143, 40, 140, 46, 35, 14, 62, 177, 185, 191, 1, 175, 20, 159, 67, 192, 13, 165, 97, 121, 16, 79, 26, 125, 32, 120, 146, 63, 95, 2, 187, 171, 99, 54, 173, 132, 168, 144, 200, 105, 84]
Taxon occupancy: {110=50, 111=50, 112=50, 113=50, 114=50, 115=50, 116=50, 117=50, 118=50, 119=50, 10=50, 11=50, 12=50, 13=50, 14=50, 15=50, 16=50, 17=50, 18=50, 19=50, 120=50, 0=50, 121=50, 122=50, 1=50, 123=50, 2=50, 3=50, 124=50, 4=50, 125=50, 126=50, 5=50, 6=50, 127=50, 128=50, 7=50, 8=50, 129=50, 9=50, 20=50, 21=50, 22=50, 23=50, 24=50, 25=50, 26=50, 27=50, 28=50, 29=50, 130=50, 131=50, 132=50, 133=50, 134=50, 135=50, 136=50, 137=50, 138=50, 139=50, 30=50, 31=50, 32=50, 33=50, 34=50, 35=50, 36=50, 37=50, 38=50, 39=50, 140=50, 141=50, 142=50, 143=50, 144=50, 145=50, 146=50, 147=50, 148=50, 149=50, 40=50, 41=50, 42=50, 43=50, 44=50, 45=50, 46=50, 47=50, 48=50, 49=50, 150=50, 151=50, 152=50, 153=50, 154=50, 155=50, 156=50, 157=50, 158=50, 159=50, 50=50, 51=50, 52=50, 53=50, 54=50, 55=50, 56=50, 57=50, 58=50, 59=50, 160=50, 161=50, 162=50, 163=50, 164=50, 165=50, 166=50, 167=50, 168=50, 169=50, 60=50, 61=50, 62=50, 63=50, 64=50, 65=50, 66=50, 67=50, 68=50, 69=50, 170=50, 171=50, 172=50, 173=50, 174=50, 175=50, 176=50, 177=50, 178=50, 179=50, 70=50, 71=50, 72=50, 73=50, 74=50, 75=50, 76=50, 77=50, 78=50, 79=50, 180=50, 181=50, 182=50, 183=50, 184=50, 185=50, 186=50, 187=50, 188=50, 189=50, 80=50, 81=50, 82=50, 83=50, 84=50, 85=50, 86=50, 87=50, 88=50, 89=50, 190=50, 191=50, 192=50, 193=50, 194=50, 195=50, 196=50, 197=50, 198=50, 199=50, 90=50, 91=50, 92=50, 93=50, 94=50, 95=50, 96=50, 97=50, 98=50, 99=50, 200=50, 100=50, 101=50, 102=50, 103=50, 104=50, 105=50, 106=50, 107=50, 108=50, 109=50}
Number of gene trees: 50
0 trees have missing taxa
Calculating quartet distance matrix (for completion of X)
Species tree distances calculated ...
Building set of clusters (X) from gene trees 
------------------------------
gradient0: 7301
Number of Clusters after addition by distance: 7301
calculating extra bipartitions to be added at level 1 ...
Adding to X using resolutions of greedy consensus ...
Limit for sigma of degrees:5075
polytomy size limit : 47
discarded polytomies:  [3, 3, 3, 3, 3, 3, 3, 3, 3, 3, 3, 3, 3, 3, 3, 4, 4, 4, 4, 4, 4, 4, 4, 4, 4, 4, 4, 4, 4, 4, 4, 5, 7, 8, 13, 25, 34, 47]
Threshold 0.0:
polytomy of size 3; rounds with additions with at least 5 support: 0; clusters: 7307
polytomy of size 4; rounds with additions with at least 5 support: 1; clusters: 7327
polytomy of size 4; rounds with additions with at least 5 support: 1; clusters: 7347
Threshold 0.01:
polytomy of size 3; rounds with additions with at least 5 support: 0; clusters: 7347
polytomy of size 4; rounds with additions with at least 5 support: 0; clusters: 7347
polytomy of size 4; rounds with additions with at least 5 support: 0; clusters: 7347
Threshold 0.02:
polytomy of size 3; rounds with additions with at least 5 support: 0; clusters: 7347
polytomy of size 4; rounds with additions with at least 5 support: 0; clusters: 7347
polytomy of size 4; rounds with additions with at least 5 support: 0; clusters: 7347
Threshold 0.05:
polytomy of size 13; rounds with additions with at least 5 support: 7; clusters: 7497
polytomy of size 8; rounds with additions with at least 5 support: 11; clusters: 7543
Threshold 0.1:
polytomy of size 25; rounds with additions with at least 5 support: 8; clusters: 7899
Threshold 0.2:
polytomy of size 3; rounds with additions with at least 5 support: 0; clusters: 7899
polytomy of size 3; rounds with additions with at least 5 support: 0; clusters: 7899
polytomy of size 3; rounds with additions with at least 5 support: 0; clusters: 7899
polytomy of size 4; rounds with additions with at least 5 support: 0; clusters: 7899
polytomy of size 4; rounds with additions with at least 5 support: 0; clusters: 7899
polytomy of size 3; rounds with additions with at least 5 support: 0; clusters: 7899
polytomy of size 34; rounds with additions with at least 5 support: 1; clusters: 8099
Threshold 0.3333333333333333:
polytomy of size 3; rounds with additions with at least 5 support: 0; clusters: 8099
polytomy of size 3; rounds with additions with at least 5 support: 0; clusters: 8099
polytomy of size 3; rounds with additions with at least 5 support: 0; clusters: 8099
polytomy of size 4; rounds with additions with at least 5 support: 0; clusters: 8099
polytomy of size 4; rounds with additions with at least 5 support: 0; clusters: 8099
polytomy of size 3; rounds with additions with at least 5 support: 0; clusters: 8099
polytomy of size 4; rounds with additions with at least 5 support: 0; clusters: 8099
polytomy of size 4; rounds with additions with at least 5 support: 0; clusters: 8099
polytomy of size 4; rounds with additions with at least 5 support: 0; clusters: 8099
polytomy of size 3; rounds with additions with at least 5 support: 0; clusters: 8099
polytomy of size 7; rounds with additions with at least 5 support: 0; clusters: 8099
polytomy of size 4; rounds with additions with at least 5 support: 0; clusters: 8099
polytomy of size 3; rounds with additions with at least 5 support: 0; clusters: 8099
polytomy of size 3; rounds with additions with at least 5 support: 0; clusters: 8099
polytomy of size 4; rounds with additions with at least 5 support: 0; clusters: 8099
polytomy of size 4; rounds with additions with at least 5 support: 0; clusters: 8099
polytomy of size 3; rounds with additions with at least 5 support: 0; clusters: 8099
polytomy of size 5; rounds with additions with at least 5 support: 0; clusters: 8099
polytomy of size 47; rounds with additions with at least 5 support: 0; clusters: 8141
max k is :22
Number of Clusters after addition by greedy: 8141
gradient0 in heuristiic: 8141
partitions formed in 13.832 secs
Dynamic Programming starting after 13.832 secs
Using tree-based weight calculation.
Using polytree-based weight calculation.
Polytree max score: 3293450826
Polytree building time: 0.1 seconds.
Number of quartet trees in the gene trees: 3293450826
Size of largest cluster: 201
Greedy score: 2031872792
estimationFactor: 1.6208942011365837
Sub-optimal score: 2058599316
Total Number of elements weighted: 13541
Normalized score (portion of input quartet trees satisfied before correcting for multiple individuals): 0.6530311793396729
Optimization score: 2150726077
Optimal tree inferred in 17.784 secs.
(26,(125,(((79,63),(120,146)),(((106,87),(71,(200,105))),(((178,(60,(39,131))),(142,(160,(182,(149,74))))),((122,(147,57)),(((91,(86,(16,(124,170)))),((116,(157,(6,(52,138)))),((80,23),(70,(190,(85,(64,155))))))),(((181,145),(92,((42,(195,59)),(44,(172,3))))),(69,(((199,24),(167,(11,32))),(8,((84,((117,179),(76,(161,164)))),((129,27),(((58,65),((81,((109,96),((135,((21,174),(111,(94,126)))),((133,12),(9,((61,197),(176,(7,(194,(198,41)))))))))),(10,(31,(((128,(56,(163,(88,34)))),((72,151),(118,(154,(136,137))))),(((53,28),(49,(89,189))),((184,(183,(93,107))),((37,(127,(30,(47,193)))),(((90,153),(22,104)),(29,((77,156),((139,148),(43,114))))))))))))),(((150,(119,(38,68))),((169,17),(19,(18,102)))),((((54,(168,144)),(99,((173,132),(187,171)))),((82,123),((115,(15,25)),(134,(66,98))))),(((78,(110,113)),((50,(33,166)),(1,(186,(73,103))))),(((101,(36,(45,55))),((141,108),(158,(112,5)))),((191,(((67,192),(13,165)),(121,((175,159),(20,97))))),(0,((95,2),(((180,(196,100)),(75,((4,130),(51,188)))),(((35,177),(185,(14,62))),((83,(48,152)),(46,(140,(40,(162,143))))))))))))))))))))))))))));
Final quartet score is: 2150726077
Final normalized quartet score is: 0.6530311793396729
Extended species tree:
(147,(57,(122,((((91,(86,(16,(124,170)1:0.8383756115650736)1:1.4847447304204962)0.92:0.19904599973514916)0.99:0.31593492583426497,((116,(157,(6,(52,138)1:0.4259497861298867)0.82:0.1543001529348336)0.59:0.15640279954879416)1:0.6876954348998814,((80,23)1:1.4222263703459535,(70,(190,(85,(64,155)1:1.5409606377618705)0.94:0.23033012324540486)0.39:0.010576965270697668)0.45:0.030321676540029152)1:1.307962517849983)1:0.4111950837908507)1:0.3780937145590406,(((181,145)1:2.681878383954345,(92,((42,(195,59)1:0.3476097260516218)0.74:0.14823278258421496,(44,(172,3)0.81:0.15076253508133758)0.61:0.08010858431635917)1:0.4955216480203071)0.73:0.13019160123753165)1:0.9893860388412975,(69,(((199,24)1:3.2101645220210755,(167,(11,32)0.9:0.19109432812313287)1:0.5235000646627186)1:0.3609040226722736,(8,((84,((117,179)1:2.1941203581379476,(76,(161,164)1:2.9256565649282074)1:1.2938501754900216)0.86:0.22976362499764336)1:0.45687217525063967,((129,27)0.75:0.12216943377226246,(((58,65)0.97:0.26369644844367385,((81,((109,96)1:2.365300459570102,((135,((21,174)1:0.690395025517664,(111,(94,126)1:0.8653375652807536)0.99:0.3486722387175062)1:0.48703667085402147)1:0.7648122542226143,((133,12)1:1.1885515422596473,(9,((61,197)1:2.485756009785673,(176,(7,(194,(198,41)1:0.48207861605805924)1:0.928193175878588)0.45:0.04057817670721829)1:0.7073469763702825)0.56:0.11611953129387693)0.99:0.3488852512751976)0.61:0.0800117682418913)0.67:0.09966356925614615)1:0.9822602353686358)0.66:0.10230557596902415,(10,(31,(((128,(56,(163,(88,34)1:0.34820749283963365)0.81:0.14331282849418578)0.8:0.13945031225232232)1:1.5845531590376094,((72,151)1:0.6895727246800046,(118,(154,(136,137)1:1.4406588917427356)1:0.5740295657651325)1:0.5723947254268217)0.42:0.020262286553596735)0.98:0.2826521354190538,(((53,28)1:1.2846232472152324,(49,(89,189)1:2.8052348919642345)0.93:0.20991705354122372)0.99:0.3031733332233485,((184,(183,(93,107)0.99:0.3322636422590512)1:1.4856963995710606)1:1.831814886478114,((37,(127,(30,(47,193)1:1.5582078599531877)0.95:0.2395117676418075)1:1.0919444275010497)0.8:0.1443903199675521,(((90,153)1:1.1332386821813796,(22,104)1:0.7010632608139414)1:1.0551566976247473,(29,((77,156)1:2.392044729304021,((139,148)1:0.5515559610580271,(43,114)0.51:0.059231030148723135)1:2.207450768285576)0.51:0.059333109161427894)1:0.433640431999701)0.64:0.08998683944162217)0.99:0.30337510439660015)1:0.726154470550546)0.54:0.07911029630201809)0.57:0.10465284304093966)0.64:0.08549022529609644)0.8:0.14840244297940827)0.49:0.04377497849144501)0.42:0.019064827136843147,(((150,(119,(38,68)1:0.5355182363563621)1:2.225647073175659)0.95:0.22559754027577628,((169,17)0.38:0.00944825603347478,(19,(18,102)0.91:0.19397565552622933)1:1.1512174939706683)1:1.4786676812509056)1:2.887459777016482,((((54,(168,144)1:0.9614111671546247)1:1.2856508353402025,(99,((173,132)1:0.6079416337775378,(187,171)1:2.1235193766913145)0.88:0.18257416497475087)0.52:0.052842481374379933)1:2.938573859714043,((82,123)1:2.141362339957716,((115,(15,25)1:0.4847714091034346)1:0.5316637059889813,(134,(66,98)1:0.6946337275855912)0.77:0.13084879133281355)1:0.4736881492869891)1:2.2214118029502234)1:0.5545954666179147,(((78,(110,113)0.88:0.19415601444095737)1:1.7828023877174366,((50,(33,166)1:0.8873031950009027)1:3.2848303470515114,(1,(186,(73,103)0.98:0.2682639865946794)1:1.7646591362247799)0.37:0.004812450715402878)0.86:0.1752630650055016)0.4:0.014181167237514546,(((101,(36,(45,55)1:0.4418327522790392)1:3.5263605246161593)0.92:0.2231435513142097,((141,108)1:0.445615536621822,(158,(112,5)1:0.817676547176166)0.42:0.02080085205543677)1:0.961348117439904)1:2.919150702464414,((191,(((67,192)1:1.1292890757652352,(13,165)1:1.2232679462014295)1:0.8523555636732479,(121,((175,159)1:2.425213380344864,(20,97)0.88:0.19415601444095737)0.89:0.1866225093312639)0.53:0.052802107512412724)1:1.9633229640719345)0.61:0.09051853925137364,(0,((95,2)1:2.8332133440562166,(((180,(196,100)1:2.14006616349627)1:1.3291359472799418,(75,((4,130)1:1.6239047108518534,(51,188)1:0.5008996673777282)1:0.4842444846528346)1:0.6091052317413065)1:1.5318346553517368,(((35,177)1:0.4636214775468487,(185,(14,62)1:2.1425946098496302)0.53:0.16843285859206)1:0.7817099936505346,((83,(48,152)1:0.7783049889002521)1:1.6700625342505353,(46,(140,(40,(162,143)1:1.540806030061231)0.97:0.2879359762236161)0.53:0.08167803101426713)1:1.777160669806902)1:1.1845547184688336)1:1.542661547872296)1:1.255005681813098)1:0.4023838798165549)0.39:0.015093348062344383)0.41:0.019252058071482208)0.58:0.067093121620214)0.66:0.09454005633890163)0.43:0.02274631244117051)0.62:0.09267587604559374)0.76:0.1793937006623051)0.92:0.24461694518392538)0.81:0.19758349172513312)0.8:0.2135445356727656)0.61:0.09776892329457935)0.99:0.3092654019723681)0.48:0.06032884705086115)0.48:0.04167694731923031,(((178,(60,(39,131)1:0.5555003269240816)0.88:0.2237782704723009)1:2.1063144787574606,(142,(160,(182,(149,74)0.66:0.10447684457842074)0.68:0.13707175770973104)1:1.0008818074138017)1:1.1934811596135149)1:0.9434229528148461,(((106,87)1:0.5268009591735203,(71,(200,105)1:0.9005946207562843)1:0.5040994244877094)1:0.5864583921746556,(((79,63)0.98:0.2768914910895262,(120,146)1:1.0650119271938268)0.95:0.2482970072560554,(125,26)1:2.807444234704559)1:2.687040039045517)0.79:0.14414224315701143)0.77:0.13198009406976752)1:1.9853701113338544)0.71:0.12326238812289832));
Weight calculation took 3.295795125 secs
ASTRAL finished in 19.283 secs
