
================== ASTRAL ===================== 

This is ASTRAL version 5.7.8
Gene trees are treated as unrooted
200 trees read from Dataset/AstralII_data/model.200.2000000.0.000001/35/estimatedgenetre.halfresolved_200
index0
All output trees will be *arbitrarily* rooted at 147

======== Running the main analysis
Number of taxa: 201 (201 species)
Taxa: [147, 122, 136, 137, 92, 167, 181, 145, 44, 42, 195, 172, 3, 59, 157, 116, 86, 8, 124, 170, 91, 52, 138, 80, 23, 190, 70, 6, 31, 56, 88, 163, 34, 128, 198, 41, 194, 9, 133, 12, 129, 150, 38, 119, 68, 169, 17, 19, 18, 102, 7, 109, 96, 176, 61, 197, 94, 126, 111, 135, 21, 174, 58, 69, 57, 106, 199, 24, 72, 151, 81, 76, 161, 164, 117, 179, 11, 65, 118, 154, 10, 87, 183, 93, 107, 184, 29, 77, 156, 43, 139, 148, 114, 127, 30, 47, 193, 53, 28, 90, 153, 22, 104, 37, 39, 131, 60, 178, 142, 160, 182, 149, 74, 85, 64, 155, 73, 103, 186, 50, 33, 166, 71, 0, 27, 115, 15, 25, 134, 82, 123, 66, 98, 101, 36, 45, 55, 158, 112, 141, 5, 108, 78, 110, 113, 89, 189, 49, 75, 51, 4, 188, 130, 180, 196, 100, 48, 83, 152, 162, 143, 40, 140, 46, 35, 14, 62, 177, 185, 191, 1, 175, 20, 159, 67, 192, 13, 165, 97, 121, 16, 79, 26, 125, 32, 120, 146, 63, 95, 2, 187, 171, 99, 54, 173, 132, 168, 144, 200, 105, 84]
Taxon occupancy: {110=200, 111=200, 112=200, 113=200, 114=200, 115=200, 116=200, 117=200, 118=200, 119=200, 10=200, 11=200, 12=200, 13=200, 14=200, 15=200, 16=200, 17=200, 18=200, 19=200, 120=200, 0=200, 121=200, 122=200, 1=200, 123=200, 2=200, 3=200, 124=200, 4=200, 125=200, 126=200, 5=200, 6=200, 127=200, 128=200, 7=200, 8=200, 129=200, 9=200, 20=200, 21=200, 22=200, 23=200, 24=200, 25=200, 26=200, 27=200, 28=200, 29=200, 130=200, 131=200, 132=200, 133=200, 134=200, 135=200, 136=200, 137=200, 138=200, 139=200, 30=200, 31=200, 32=200, 33=200, 34=200, 35=200, 36=200, 37=200, 38=200, 39=200, 140=200, 141=200, 142=200, 143=200, 144=200, 145=200, 146=200, 147=200, 148=200, 149=200, 40=200, 41=200, 42=200, 43=200, 44=200, 45=200, 46=200, 47=200, 48=200, 49=200, 150=200, 151=200, 152=200, 153=200, 154=200, 155=200, 156=200, 157=200, 158=200, 159=200, 50=200, 51=200, 52=200, 53=200, 54=200, 55=200, 56=200, 57=200, 58=200, 59=200, 160=200, 161=200, 162=200, 163=200, 164=200, 165=200, 166=200, 167=200, 168=200, 169=200, 60=200, 61=200, 62=200, 63=200, 64=200, 65=200, 66=200, 67=200, 68=200, 69=200, 170=200, 171=200, 172=200, 173=200, 174=200, 175=200, 176=200, 177=200, 178=200, 179=200, 70=200, 71=200, 72=200, 73=200, 74=200, 75=200, 76=200, 77=200, 78=200, 79=200, 180=200, 181=200, 182=200, 183=200, 184=200, 185=200, 186=200, 187=200, 188=200, 189=200, 80=200, 81=200, 82=200, 83=200, 84=200, 85=200, 86=200, 87=200, 88=200, 89=200, 190=200, 191=200, 192=200, 193=200, 194=200, 195=200, 196=200, 197=200, 198=200, 199=200, 90=200, 91=200, 92=200, 93=200, 94=200, 95=200, 96=200, 97=200, 98=200, 99=200, 200=200, 100=200, 101=200, 102=200, 103=200, 104=200, 105=200, 106=200, 107=200, 108=200, 109=200}
Number of gene trees: 200
0 trees have missing taxa
Calculating quartet distance matrix (for completion of X)
Species tree distances calculated ...
Building set of clusters (X) from gene trees 
------------------------------
gradient0: 20667
Number of Clusters after addition by distance: 20667
calculating extra bipartitions to be added at level 1 ...
Adding to X using resolutions of greedy consensus ...
Limit for sigma of degrees:5075
polytomy size limit : 51
discarded polytomies:  [3, 3, 3, 3, 3, 3, 3, 3, 3, 3, 3, 3, 3, 3, 3, 3, 4, 4, 4, 4, 4, 4, 4, 4, 4, 4, 4, 4, 5, 6, 8, 8, 9, 22, 27, 34, 51]
Threshold 0.0:
polytomy of size 3; rounds with additions with at least 5 support: 1; clusters: 20673
polytomy of size 4; rounds with additions with at least 5 support: 1; clusters: 20693
Threshold 0.01:
polytomy of size 8; rounds with additions with at least 5 support: 6; clusters: 20881
polytomy of size 4; rounds with additions with at least 5 support: 0; clusters: 20893
Threshold 0.02:
polytomy of size 9; rounds with additions with at least 5 support: 0; clusters: 21039
polytomy of size 6; rounds with additions with at least 5 support: 1; clusters: 21073
Threshold 0.05:
polytomy of size 22; rounds with additions with at least 5 support: 4; clusters: 21177
Threshold 0.1:
polytomy of size 27; rounds with additions with at least 5 support: 8; clusters: 21295
Threshold 0.2:
polytomy of size 3; rounds with additions with at least 5 support: 0; clusters: 21295
polytomy of size 3; rounds with additions with at least 5 support: 0; clusters: 21295
polytomy of size 3; rounds with additions with at least 5 support: 0; clusters: 21295
polytomy of size 3; rounds with additions with at least 5 support: 0; clusters: 21295
polytomy of size 4; rounds with additions with at least 5 support: 0; clusters: 21295
polytomy of size 3; rounds with additions with at least 5 support: 0; clusters: 21295
polytomy of size 3; rounds with additions with at least 5 support: 0; clusters: 21295
polytomy of size 4; rounds with additions with at least 5 support: 0; clusters: 21295
polytomy of size 4; rounds with additions with at least 5 support: 0; clusters: 21295
polytomy of size 34; rounds with additions with at least 5 support: 1; clusters: 21357
Threshold 0.3333333333333333:
polytomy of size 4; rounds with additions with at least 5 support: 0; clusters: 21357
polytomy of size 3; rounds with additions with at least 5 support: 0; clusters: 21357
polytomy of size 3; rounds with additions with at least 5 support: 0; clusters: 21357
polytomy of size 4; rounds with additions with at least 5 support: 0; clusters: 21357
polytomy of size 5; rounds with additions with at least 5 support: 0; clusters: 21357
polytomy of size 4; rounds with additions with at least 5 support: 0; clusters: 21357
polytomy of size 3; rounds with additions with at least 5 support: 0; clusters: 21357
polytomy of size 3; rounds with additions with at least 5 support: 0; clusters: 21357
polytomy of size 3; rounds with additions with at least 5 support: 0; clusters: 21357
polytomy of size 4; rounds with additions with at least 5 support: 0; clusters: 21357
polytomy of size 4; rounds with additions with at least 5 support: 0; clusters: 21357
polytomy of size 3; rounds with additions with at least 5 support: 0; clusters: 21357
polytomy of size 4; rounds with additions with at least 5 support: 0; clusters: 21357
polytomy of size 3; rounds with additions with at least 5 support: 0; clusters: 21357
polytomy of size 4; rounds with additions with at least 5 support: 0; clusters: 21357
polytomy of size 8; rounds with additions with at least 5 support: 0; clusters: 21357
polytomy of size 3; rounds with additions with at least 5 support: 0; clusters: 21357
polytomy of size 3; rounds with additions with at least 5 support: 0; clusters: 21357
polytomy of size 51; rounds with additions with at least 5 support: 0; clusters: 21397
max k is :16
Number of Clusters after addition by greedy: 21397
gradient0 in heuristiic: 21397
partitions formed in 14.235 secs
Dynamic Programming starting after 14.235 secs
Using tree-based weight calculation.
Using polytree-based weight calculation.
Polytree max score: 13156652835
Polytree building time: 0.201 seconds.
Number of quartet trees in the gene trees: 13156652835
Size of largest cluster: 201
Greedy score: 7536565323
estimationFactor: 1.745709387650192
Sub-optimal score: 7801543574
Total Number of elements weighted: 42443
Normalized score (portion of input quartet trees satisfied before correcting for multiple individuals): 0.6419723211462242
Optimization score: 8446206959
Optimal tree inferred in 41.551 secs.
(26,(125,(((79,63),(120,146)),(((106,87),(71,(200,105))),(((178,(60,(39,131))),(142,(160,(182,(149,74))))),((122,(147,57)),(((91,(86,(16,(124,170)))),((116,((157,6),(52,138))),((80,23),(190,(70,(85,(64,155))))))),(((181,145),(92,((42,(195,59)),(44,(172,3))))),(((167,(11,32)),(69,(199,24))),(8,((84,((117,179),(76,(161,164)))),(129,((27,(186,(73,103))),(((81,((109,96),((135,((21,174),(111,(94,126)))),((133,12),(9,((61,197),(7,(176,(194,(198,41)))))))))),((58,65),((31,(((53,28),(49,(89,189))),((128,(56,(163,(88,34)))),((72,151),(118,(154,(136,137))))))),((184,(183,(93,107))),((37,(127,(30,(47,193)))),(((22,104),(90,153)),(29,((77,156),((139,148),(43,114)))))))))),(((99,((54,(168,144)),((173,132),(187,171)))),((82,123),((115,(15,25)),(134,(66,98))))),((10,((150,(119,(38,68))),((169,17),(19,(18,102))))),((1,(50,(33,166))),((78,(110,113)),((0,((101,(36,(45,55))),((112,5),(158,(141,108))))),((191,(((175,159),(20,97)),(121,((67,192),(13,165))))),((95,2),(((180,(196,100)),(75,((4,130),(51,188)))),(((14,62),(185,(35,177))),((83,(48,152)),(140,(46,(40,(162,143))))))))))))))))))))))))))));
Final quartet score is: 8446206959
Final normalized quartet score is: 0.6419723211462242
Extended species tree:
(147,(57,(122,((((91,(86,(16,(124,170)1:0.8034863993840307)1:1.551837118582514)1:0.20122342651178865)1:0.21746346414204204,((116,((157,6)0.53:0.047147127300293475,(52,138)1:0.6194358314239594)1:0.22290082965828115)1:0.785280301435229,((80,23)1:1.2638383636913173,(190,(70,(85,(64,155)1:1.453092678208902)1:0.16156923607191054)0.94:0.10913720486461297)0.82:0.07766871752766649)1:1.546114555259075)1:0.2674610537338391)1:0.4635905588839036,(((181,145)1:3.3721049329586976,(92,((42,(195,59)1:0.5450270550484687)0.99:0.1531510277790236,(44,(172,3)0.99:0.14692762795848754)1:0.19449378118732993)1:0.28248874518205874)0.99:0.1444749500607921)1:1.068316789346191,(((167,(11,32)0.99:0.14071622041511558)1:0.696601833612585,(69,(199,24)1:3.520117935972494)1:0.40480769173075726)1:0.23516359969900216,(8,((84,((117,179)1:2.3576396334645766,(76,(161,164)1:4.204994096631715)1:1.083706306262112)1:0.2952816175506398)1:0.5859462615662531,(129,((27,(186,(73,103)1:0.3231288214475286)1:2.3220165489373628)0.99:0.16960358598710587,(((81,((109,96)1:2.900043163218067,((135,((21,174)1:0.7326516270772501,(111,(94,126)1:0.6428125854510602)1:0.24992004694787498)1:0.49222608683373165)1:0.7978375921003205,((133,12)1:1.1216311698631685,(9,((61,197)1:2.474127515533174,(7,(176,(194,(198,41)1:0.5020974998559234)1:1.2630633688288964)0.52:0.031877607795177364)1:0.8100040627871834)0.72:0.10939090400000404)1:0.4006671991169617)0.96:0.13030988503725122)0.88:0.0912252553847322)1:0.9674746430867207)0.98:0.148344592145117,((58,65)1:0.3466509873508912,((31,(((53,28)1:1.3286121585294248,(49,(89,189)1:3.199938396949567)1:0.19209757926801446)1:0.26103574330732604,((128,(56,(163,(88,34)1:0.4753722615734767)1:0.43769576437247876)0.81:0.09964768028775553)1:1.6365883056042378,((72,151)1:0.5103307180569421,(118,(154,(136,137)1:1.023090604808074)1:0.5984243938486137)1:0.7658802061087786)0.93:0.10412659622901714)1:0.16530712613856333)0.93:0.16114622641331058)0.4:0.0700720098895586,((184,(183,(93,107)1:0.4784402012611015)1:1.4186921843170515)1:1.6200757610873027,((37,(127,(30,(47,193)1:1.41277853482903)1:0.38795754667350457)1:1.0523091131145075)1:0.2169934625437291,(((22,104)1:1.1599554118417839,(90,153)1:1.667491275866009)1:1.081915665241452,(29,((77,156)1:3.237425110311364,((139,148)1:0.6965306993527045,(43,114)0.57:0.03995031159605284)1:2.262943291541539)1:0.16677389281232569)1:0.5300737791687404)0.9:0.09154323752247553)1:0.2624654125892714)1:0.6278341530049781)1:0.20949470471849077)0.54:0.031030704761090162)0.84:0.07952514768928438,(((99,((54,(168,144)1:1.1691533301502484)1:1.5040717622818998,((173,132)1:0.7781813672602115,(187,171)1:2.8798349846746834)0.77:0.07064905424441144)0.55:0.04489343520018938)1:3.1620318719447873,((82,123)1:1.3476121533445935,((115,(15,25)1:0.4255686759922184)1:0.4894931028340258,(134,(66,98)1:0.8142944362120048)1:0.34740966685407737)1:0.4379702799325831)1:1.730078528440882)1:0.6587567481795257,((10,((150,(119,(38,68)1:0.6732098640589016)1:1.6608313170510192)1:0.29568745209556674,((169,17)0.7:0.05863322465686839,(19,(18,102)1:0.27284111913427206)1:1.2401825205116448)1:1.151281234250296)1:3.035425083749177)0.19:0.0,((1,(50,(33,166)1:0.5621189181535411)1:3.802617345037304)1:0.1872293433513266,((78,(110,113)1:0.3245866293872319)1:1.793577701512585,((0,((101,(36,(45,55)1:0.37666142224625554)1:3.0985896589936988)1:0.44349250369740384,((112,5)1:0.955041845148054,(158,(141,108)1:0.3966567287657457)0.53:0.05549557746028732)1:1.3312123599861108)1:4.020845176742364)0.47:0.020469739712320547,((191,(((175,159)1:1.622516473779685,(20,97)1:0.33331009492785485)1:0.27286698666664044,(121,((67,192)1:1.2468070097431678,(13,165)1:1.5846695393982209)1:0.8525918406821312)0.59:0.04653020811997364)1:2.2152237603149993)0.92:0.10551136207797666,((95,2)1:2.44156274273398,(((180,(196,100)1:2.332890442489374)1:1.6462811277290106,(75,((4,130)1:2.2354560549721345,(51,188)1:0.8166164655712901)1:0.5291914471619164)1:0.551522833056988)1:1.427173053821567,(((14,62)1:1.990975914133763,(185,(35,177)1:0.26247357241636093)1:0.28736483168241284)1:0.8111820639800296,((83,(48,152)1:0.8908450012944896)1:2.3542457739551246,(140,(46,(40,(162,143)1:1.618839493268039)1:0.43062608687146653)0.93:0.1271213305289883)1:2.1726006602008314)1:1.1369861074414729)1:0.969019768849907)1:1.2946501128418615)1:0.2850525805777373)0.62:0.043825681184551935)0.8:0.07044180276208002)0.2:0.0)0.96:0.12838318135400412)0.36:0.005108117461085727)0.96:0.11562048991002985)1:0.20779939890681284)0.63:0.06073811691900969)0.75:0.1758694711244223)0.87:0.1873905820089921)1:0.26520639290375536)1:0.30062771702968843)0.93:0.11848175728430654)0.86:0.08674442001665045,(((178,(60,(39,131)1:0.6471321344499542)0.83:0.09021435398338969)1:2.573383558858884,(142,(160,(182,(149,74)0.98:0.1609089080456569)0.66:0.12449751989394287)1:1.2897828950883554)1:1.2378648686120526)1:0.823536750078043,(((106,87)1:0.46992863339725655,(71,(200,105)1:0.9487220302725985)1:0.5978056049841456)1:0.9297740152722778,(((79,63)1:0.23178895510839662,(120,146)1:0.6422665902131817)1:0.28091132324484275,(125,26)1:2.5842398330464604)1:2.8734542670372916)0.58:0.07293272259271147)1:0.19180729126830515)1:2.08285363331573)1:0.254621444764373));
Weight calculation took 25.057617068 secs
ASTRAL finished in 44.156 secs
