
================== ASTRAL ===================== 

This is ASTRAL version 5.7.8
Gene trees are treated as unrooted
50 trees read from Dataset/AstralII_data/model.200.10000000.0.000001/02/estimatedgenetre.halfresolved_50
index0
All output trees will be *arbitrarily* rooted at 162

======== Running the main analysis
Number of taxa: 201 (201 species)
Taxa: [162, 15, 22, 171, 146, 24, 51, 48, 159, 80, 136, 75, 18, 109, 108, 72, 89, 149, 28, 87, 191, 155, 189, 113, 6, 69, 175, 14, 165, 49, 112, 46, 144, 33, 60, 93, 21, 47, 116, 58, 55, 158, 168, 128, 73, 143, 7, 115, 114, 198, 70, 121, 167, 16, 174, 27, 90, 193, 125, 122, 59, 92, 41, 164, 101, 152, 74, 147, 64, 1, 20, 19, 172, 32, 99, 3, 12, 173, 4, 76, 185, 195, 160, 118, 61, 156, 119, 170, 111, 166, 103, 126, 10, 177, 43, 0, 26, 186, 97, 88, 67, 31, 57, 106, 153, 188, 107, 100, 117, 134, 194, 132, 35, 23, 142, 54, 178, 45, 94, 163, 56, 9, 98, 200, 131, 78, 96, 2, 17, 169, 38, 83, 5, 154, 77, 123, 104, 52, 37, 150, 157, 135, 13, 29, 63, 11, 85, 102, 91, 133, 105, 30, 34, 182, 66, 199, 8, 71, 148, 95, 181, 183, 81, 36, 129, 139, 130, 39, 82, 42, 187, 179, 62, 124, 197, 127, 192, 120, 50, 184, 141, 40, 44, 137, 68, 140, 110, 79, 151, 180, 176, 25, 161, 53, 86, 138, 196, 145, 190, 65, 84]
Taxon occupancy: {110=50, 111=50, 112=50, 113=50, 114=50, 115=50, 116=50, 117=50, 118=50, 119=50, 10=50, 11=50, 12=50, 13=50, 14=50, 15=50, 16=50, 17=50, 18=50, 19=50, 120=50, 121=50, 0=50, 122=50, 1=50, 2=50, 123=50, 3=50, 124=50, 125=50, 4=50, 126=50, 5=50, 6=50, 127=50, 128=50, 7=50, 8=50, 129=50, 9=50, 20=50, 21=50, 22=50, 23=50, 24=50, 25=50, 26=50, 27=50, 28=50, 29=50, 130=50, 131=50, 132=50, 133=50, 134=50, 135=50, 136=50, 137=50, 138=50, 139=50, 30=50, 31=50, 32=50, 33=50, 34=50, 35=50, 36=50, 37=50, 38=50, 39=50, 140=50, 141=50, 142=50, 143=50, 144=50, 145=50, 146=50, 147=50, 148=50, 149=50, 40=50, 41=50, 42=50, 43=50, 44=50, 45=50, 46=50, 47=50, 48=50, 49=50, 150=50, 151=50, 152=50, 153=50, 154=50, 155=50, 156=50, 157=50, 158=50, 159=50, 50=50, 51=50, 52=50, 53=50, 54=50, 55=50, 56=50, 57=50, 58=50, 59=50, 160=50, 161=50, 162=50, 163=50, 164=50, 165=50, 166=50, 167=50, 168=50, 169=50, 60=50, 61=50, 62=50, 63=50, 64=50, 65=50, 66=50, 67=50, 68=50, 69=50, 170=50, 171=50, 172=50, 173=50, 174=50, 175=50, 176=50, 177=50, 178=50, 179=50, 70=50, 71=50, 72=50, 73=50, 74=50, 75=50, 76=50, 77=50, 78=50, 79=50, 180=50, 181=50, 182=50, 183=50, 184=50, 185=50, 186=50, 187=50, 188=50, 189=50, 80=50, 81=50, 82=50, 83=50, 84=50, 85=50, 86=50, 87=50, 88=50, 89=50, 190=50, 191=50, 192=50, 193=50, 194=50, 195=50, 196=50, 197=50, 198=50, 199=50, 90=50, 91=50, 92=50, 93=50, 94=50, 95=50, 96=50, 97=50, 98=50, 99=50, 200=50, 100=50, 101=50, 102=50, 103=50, 104=50, 105=50, 106=50, 107=50, 108=50, 109=50}
Number of gene trees: 50
0 trees have missing taxa
Calculating quartet distance matrix (for completion of X)
Species tree distances calculated ...
Building set of clusters (X) from gene trees 
------------------------------
gradient0: 3055
Number of Clusters after addition by distance: 3055
calculating extra bipartitions to be added at level 1 ...
Adding to X using resolutions of greedy consensus ...
Limit for sigma of degrees:5075
polytomy size limit : 7
discarded polytomies:  [3, 3, 3, 3, 3, 3, 3, 3, 3, 3, 3, 3, 3, 3, 3, 3, 3, 4, 5, 7]
Threshold 0.0:
Threshold 0.01:
Threshold 0.02:
Threshold 0.05:
Threshold 0.1:
Threshold 0.2:
polytomy of size 3; rounds with additions with at least 5 support: 0; clusters: 3055
polytomy of size 3; rounds with additions with at least 5 support: 0; clusters: 3055
polytomy of size 3; rounds with additions with at least 5 support: 0; clusters: 3055
Threshold 0.3333333333333333:
polytomy of size 3; rounds with additions with at least 5 support: 0; clusters: 3055
polytomy of size 3; rounds with additions with at least 5 support: 0; clusters: 3055
polytomy of size 3; rounds with additions with at least 5 support: 0; clusters: 3055
polytomy of size 3; rounds with additions with at least 5 support: 0; clusters: 3055
polytomy of size 3; rounds with additions with at least 5 support: 0; clusters: 3055
polytomy of size 3; rounds with additions with at least 5 support: 0; clusters: 3055
polytomy of size 3; rounds with additions with at least 5 support: 0; clusters: 3055
polytomy of size 3; rounds with additions with at least 5 support: 0; clusters: 3055
polytomy of size 3; rounds with additions with at least 5 support: 0; clusters: 3055
polytomy of size 3; rounds with additions with at least 5 support: 0; clusters: 3055
polytomy of size 7; rounds with additions with at least 5 support: 0; clusters: 3055
polytomy of size 3; rounds with additions with at least 5 support: 0; clusters: 3055
polytomy of size 3; rounds with additions with at least 5 support: 0; clusters: 3055
polytomy of size 3; rounds with additions with at least 5 support: 0; clusters: 3055
polytomy of size 4; rounds with additions with at least 5 support: 0; clusters: 3055
polytomy of size 5; rounds with additions with at least 5 support: 0; clusters: 3055
polytomy of size 3; rounds with additions with at least 5 support: 0; clusters: 3055
max k is :0
Number of Clusters after addition by greedy: 3055
gradient0 in heuristiic: 3055
partitions formed in 6.301 secs
Dynamic Programming starting after 6.329 secs
Using tree-based weight calculation.
Using polytree-based weight calculation.
Polytree max score: 3299913159
Polytree building time: 0.276 seconds.
Number of quartet trees in the gene trees: 3299913159
Size of largest cluster: 201
Greedy score: 2953385467
estimationFactor: 1.1173323617495812
Sub-optimal score: 2980431534
Total Number of elements weighted: 4596
Normalized score (portion of input quartet trees satisfied before correcting for multiple individuals): 0.9160148414075281
Optimization score: 3022769429
Optimal tree inferred in 8.596 secs.
(77,((154,(123,104)),(((17,169),((96,2),(78,(38,(83,5))))),(((183,(181,81)),((133,((71,(30,34)),((182,(148,95)),(8,(199,(105,66)))))),((11,(85,102)),((52,(63,91)),(135,((13,29),(150,(37,157)))))))),(((36,(129,(139,(130,(39,82))))),((110,(151,(140,79))),(68,((141,(40,(44,137))),((42,187),(184,((120,(192,50)),((179,62),(124,(197,127)))))))))),(((26,(186,(97,88))),((178,(131,(200,(98,(9,(45,(56,(94,163)))))))),((23,(142,54)),(((132,35),(134,194)),((31,57),(67,((117,(107,100)),(106,(153,188))))))))),(0,(64,((((46,((33,(144,60)),(93,(21,(47,116))))),((69,(165,(175,14))),((49,112),(189,(113,6))))),(((191,155),((80,(18,(136,75))),((109,(108,72)),((89,149),(28,87))))),((51,(48,159)),(24,(((176,25),((180,(162,15)),(22,(171,146)))),((145,(190,(65,84))),((138,196),(86,(161,53))))))))),(((1,(20,(19,172))),((32,((76,185),(61,(156,(118,(195,160)))))),((99,(3,(4,(12,173)))),(119,((126,(43,(10,177))),(170,(166,(111,103)))))))),((((7,115),(73,143)),(128,(168,(58,(55,158))))),((59,(125,(122,(92,41)))),(((74,147),(164,(101,152))),((114,198),((121,167),(70,(193,(16,(90,(174,27))))))))))))))))))));
Final quartet score is: 3022769429
Final normalized quartet score is: 0.9160148414075281
Extended species tree:
(162,(15,(180,((22,(171,146)1:1.9169226121820613)1:1.0577540957080038,((176,25)1:1.1739988308745453,(((145,(190,(65,84)1:0.48328213046497215)1:0.5813873574028301)0.84:0.16311505613464541,((138,196)0.94:0.24575624560194315,(86,(161,53)1:0.6931471805599453)1:0.8681724906447191)0.47:0.03863212545829295)1:1.1636561171424298,(24,((51,(48,159)1:0.5306282510621702)1:2.445183297770152,(((191,155)1:2.7107133185216927,((80,(18,(136,75)0.95:0.23089784009421502)1:0.34830669426821587)1:1.5808801134273678,((109,(108,72)1:0.7537718023763802)1:3.120895416507997,((89,149)1:2.8306784884530303,(28,87)1:3.511147349653793)0.79:0.15977593221301237)1:1.4690367881899444)1:1.3366361413403947)1:0.3992772640983727,(((46,((33,(144,60)1:0.9614111671546247)1:2.14006616349627,(93,(21,(47,116)1:2.14006616349627)1:2.14006616349627)1:0.8184248776122492)1:0.7801585575495753)1:2.2152895847338576,((69,(165,(175,14)1:0.5819215454497209)1:2.14006616349627)1:0.8920764737535608,((49,112)1:0.4189104349088776,(189,(113,6)1:3.5213227305862023)1:0.784533496169314)0.96:0.25000226433459827)1:2.6508917872622626)1:1.7376922479577794,((((1,(20,(19,172)1:1.9179332236879847)1:1.0414538748281608)1:3.5263605246161593,((32,((76,185)1:3.5263605246161593,(61,(156,(118,(195,160)1:0.580858846093599)0.67:0.1084674239613065)1:0.8637726975907091)1:2.022283127839887)1:1.926292800469646)1:0.4760241170273187,((99,(3,(4,(12,173)1:1.0414538748281608)1:0.5308820903832441)1:0.7963314167951759)1:2.2346821398711207,(119,((126,(43,(10,177)1:0.6365500914610897)0.6:0.09237332013101504)1:1.852384091044489,(170,(166,(111,103)0.49:0.05570631821116938)1:1.2750687260096663)1:1.6292405397302803)1:2.0794415416798353)1:0.8899805727716191)1:0.7819426793430765)1:3.5263605246161593)1:1.8278585488746872,((((7,115)1:3.5263605246161593,(73,143)1:3.5263605246161593)1:0.8183103235139515,(128,(168,(58,(55,158)1:1.5804503755608483)0.64:0.09286468038985711)1:0.4202801938933052)1:2.4277482359480516)1:3.5263605246161593,((59,(125,(122,(92,41)1:1.7329189692051215)0.42:0.030237593332506932)1:0.6546808997321494)1:2.2845491773638966,(((74,147)0.99:0.3209077200801015,(164,(101,152)1:0.8865819544359197)1:2.6100697927420056)1:3.5263605246161593,((114,198)1:3.5263605246161593,((121,167)1:3.5263605246161593,(70,(193,(16,(90,(174,27)0.5:0.060940328212111525)1:0.6931471805599453)1:2.14006616349627)1:1.3862943611198908)1:1.8609047448911764)1:1.3424096147420685)1:0.7620384036486186)0.8:0.14298960260936674)1:2.14006616349627)1:3.5263605246161593)0.63:0.08391155111525739,(64,(0,(((26,(186,(97,88)1:0.390646745616638)1:2.8332133440562166)1:3.5263605246161593,((178,(131,(200,(98,(9,(45,(56,(94,163)0.85:0.15871644458263656)1:0.6640146215705661)1:1.7917594692280556)1:1.0414538748281608)1:2.3632097148104787)0.44:0.03491626510622799)1:2.7642204725692654)1:2.772588722239782,((23,(142,54)1:0.39086630868701183)1:3.5263605246161593,(((132,35)1:2.8332133440562166,(134,194)1:1.4469189829363254)1:1.079194202811008,((31,57)1:1.7346010553881062,(67,((117,(107,100)1:1.2273170492880814)1:0.5047689230596486,(106,(153,188)1:0.5800625620435611)0.99:0.2943406926953795)1:0.652414132788947)0.89:0.1823215567939546)1:2.4277482359480516)1:1.873437500242323)1:3.0478702814931045)1:1.6350714600410736)1:1.7346010553881062,(((36,(129,(139,(130,(39,82)1:1.919957515877215)1:1.7358708968285819)0.86:0.17080351103876854)1:1.3017369730918273)1:3.5263605246161593,((110,(151,(140,79)1:0.5824533189267563)0.49:0.045120435280469655)1:3.5263605246161593,(68,((141,(40,(44,137)0.73:0.12516314295400605)1:2.4277482359480516)1:1.8638127868681125,((42,187)0.95:0.23069694631317147,(184,((120,(192,50)0.65:0.0902576061023284)0.99:0.30781636095907666,((179,62)1:1.2576769832977965,(124,(197,127)1:0.959470549429352)1:0.5305007081757019)1:1.7348889494450825)1:1.1776674326726226)1:0.43681440551878314)1:0.47912515192292976)1:1.696751533257958)0.67:0.1010126827217228)1:3.5263605246161593)1:0.68077236934697,(((183,(181,81)1:0.4620354595965585)1:3.5263605246161593,((133,((71,(30,34)0.91:0.19397565552622933)1:1.3371041169291187,((182,(148,95)0.84:0.15767242151930058)0.99:0.3014718851681786,(8,(199,(105,66)1:0.6714625936898967)0.95:0.22934649543881752)0.49:0.04501470468193574)1:0.40914835352446083)1:2.381228220313157)1:3.5263605246161593,((11,(85,102)1:1.128465251817791)1:1.2868335675892522,((52,(63,91)1:0.9598583718115641)1:1.4881208238946608,(135,((13,29)1:0.6167531935926832,(150,(37,157)0.58:0.0725706928348355)1:0.9421974102258395)0.99:0.2944419226392833)1:2.4952541183134263)0.78:0.13633644355213123)1:3.5263605246161593)1:0.8889371822925581)1:1.0070291106156406,(((17,169)1:2.7531706363826807,((96,2)1:1.8678882775804544,(78,(38,(83,5)0.79:0.1590646946296874)1:3.5263605246161593)0.42:0.029930666246188536)0.95:0.2482386565061754)1:2.4277482359480516,((154,(123,104)1:0.6730475088534422)0.77:0.14197026127038734,77)1:3.5263605246161593)1:1.5012533338996548)1:3.293049855946505)1:1.612606157129575)1:2.8332133440562166)1:2.8332133440562166)1:1.2455583549679046)0.66:0.1277122189044855)1:3.383259680975487)1:0.3996374762380093)1:1.528508365397723)1:1.711222360634751)0.48:0.03806007219020744)1:0.4864956803753072)1:0.5992091195219379)1:1.9149044480258242));
Weight calculation took 1.300810526 secs
ASTRAL finished in 10.394 secs
