
================== ASTRAL ===================== 

This is ASTRAL version 5.7.8
Gene trees are treated as unrooted
995 trees read from Dataset/AstralII_data/model.200.10000000.0.000001/02/estimatedgenetre.halfresolved
index0
All output trees will be *arbitrarily* rooted at 162

======== Running the main analysis
Number of taxa: 201 (201 species)
Taxa: [162, 15, 22, 171, 146, 24, 51, 48, 159, 80, 136, 75, 18, 109, 108, 72, 89, 149, 28, 87, 191, 155, 189, 113, 6, 69, 175, 14, 165, 49, 112, 46, 144, 33, 60, 93, 21, 47, 116, 58, 55, 158, 168, 128, 73, 143, 7, 115, 114, 198, 70, 121, 167, 16, 174, 27, 90, 193, 125, 122, 59, 92, 41, 164, 101, 152, 74, 147, 64, 1, 20, 19, 172, 32, 99, 3, 12, 173, 4, 76, 185, 195, 160, 118, 61, 156, 119, 170, 111, 166, 103, 126, 10, 177, 43, 0, 26, 186, 97, 88, 67, 31, 57, 106, 153, 188, 107, 100, 117, 134, 194, 132, 35, 23, 142, 54, 178, 45, 94, 163, 56, 9, 98, 200, 131, 78, 96, 2, 17, 169, 38, 83, 5, 154, 77, 123, 104, 52, 37, 150, 157, 135, 13, 29, 63, 11, 85, 102, 91, 133, 105, 30, 34, 182, 66, 199, 8, 71, 148, 95, 181, 183, 81, 36, 129, 139, 130, 39, 82, 42, 187, 179, 62, 124, 197, 127, 192, 120, 50, 184, 141, 40, 44, 137, 68, 140, 110, 79, 151, 180, 176, 25, 161, 53, 86, 138, 196, 145, 190, 65, 84]
Taxon occupancy: {110=995, 111=995, 112=995, 113=995, 114=995, 115=995, 116=995, 117=995, 118=995, 119=995, 10=995, 11=995, 12=995, 13=995, 14=995, 15=995, 16=995, 17=995, 18=995, 19=995, 120=995, 121=995, 0=995, 122=995, 1=995, 2=995, 123=995, 3=995, 124=995, 125=995, 4=995, 126=995, 5=995, 6=995, 127=995, 128=995, 7=995, 8=995, 129=995, 9=995, 20=995, 21=995, 22=995, 23=995, 24=995, 25=995, 26=995, 27=995, 28=995, 29=995, 130=995, 131=995, 132=995, 133=995, 134=995, 135=995, 136=995, 137=995, 138=995, 139=995, 30=995, 31=995, 32=995, 33=995, 34=995, 35=995, 36=995, 37=995, 38=995, 39=995, 140=995, 141=995, 142=995, 143=995, 144=995, 145=995, 146=995, 147=995, 148=995, 149=995, 40=995, 41=995, 42=995, 43=995, 44=995, 45=995, 46=995, 47=995, 48=995, 49=995, 150=995, 151=995, 152=995, 153=995, 154=995, 155=995, 156=995, 157=995, 158=995, 159=995, 50=995, 51=995, 52=995, 53=995, 54=995, 55=995, 56=995, 57=995, 58=995, 59=995, 160=995, 161=995, 162=995, 163=995, 164=995, 165=995, 166=995, 167=995, 168=995, 169=995, 60=995, 61=995, 62=995, 63=995, 64=995, 65=995, 66=995, 67=995, 68=995, 69=995, 170=995, 171=995, 172=995, 173=995, 174=995, 175=995, 176=995, 177=995, 178=995, 179=995, 70=995, 71=995, 72=995, 73=995, 74=995, 75=995, 76=995, 77=995, 78=995, 79=995, 180=995, 181=995, 182=995, 183=995, 184=995, 185=995, 186=995, 187=995, 188=995, 189=995, 80=995, 81=995, 82=995, 83=995, 84=995, 85=995, 86=995, 87=995, 88=995, 89=995, 190=995, 191=995, 192=995, 193=995, 194=995, 195=995, 196=995, 197=995, 198=995, 199=995, 90=995, 91=995, 92=995, 93=995, 94=995, 95=995, 96=995, 97=995, 98=995, 99=995, 200=995, 100=995, 101=995, 102=995, 103=995, 104=995, 105=995, 106=995, 107=995, 108=995, 109=995}
Number of gene trees: 995
0 trees have missing taxa
Calculating quartet distance matrix (for completion of X)
Species tree distances calculated ...
Building set of clusters (X) from gene trees 
------------------------------
gradient0: 11215
Number of Clusters after addition by distance: 11215
calculating extra bipartitions to be added at level 1 ...
Adding to X using resolutions of greedy consensus ...
Limit for sigma of degrees:5075
polytomy size limit : 7
discarded polytomies:  [3, 3, 3, 3, 3, 3, 3, 3, 3, 4, 4, 4, 7]
Threshold 0.0:
Threshold 0.01:
Threshold 0.02:
Threshold 0.05:
Threshold 0.1:
polytomy of size 3; rounds with additions with at least 5 support: 0; clusters: 11215
Threshold 0.2:
polytomy of size 4; rounds with additions with at least 5 support: 0; clusters: 11215
polytomy of size 4; rounds with additions with at least 5 support: 0; clusters: 11215
Threshold 0.3333333333333333:
polytomy of size 3; rounds with additions with at least 5 support: 0; clusters: 11215
polytomy of size 3; rounds with additions with at least 5 support: 0; clusters: 11215
polytomy of size 3; rounds with additions with at least 5 support: 0; clusters: 11215
polytomy of size 3; rounds with additions with at least 5 support: 0; clusters: 11215
polytomy of size 7; rounds with additions with at least 5 support: 0; clusters: 11215
polytomy of size 3; rounds with additions with at least 5 support: 0; clusters: 11215
polytomy of size 3; rounds with additions with at least 5 support: 0; clusters: 11215
polytomy of size 3; rounds with additions with at least 5 support: 0; clusters: 11215
polytomy of size 4; rounds with additions with at least 5 support: 0; clusters: 11215
polytomy of size 3; rounds with additions with at least 5 support: 0; clusters: 11215
max k is :0
Number of Clusters after addition by greedy: 11215
gradient0 in heuristiic: 11215
partitions formed in 19.972 secs
Dynamic Programming starting after 19.972 secs
Using tree-based weight calculation.
Using polytree-based weight calculation.
Polytree max score: 65667699813
Polytree building time: 4.219 seconds.
Number of quartet trees in the gene trees: 65667699813
Size of largest cluster: 201
Greedy score: 56891247330
estimationFactor: 1.1542671833523324
Sub-optimal score: 59370253023
Total Number of elements weighted: 39705
Normalized score (portion of input quartet trees satisfied before correcting for multiple individuals): 0.9187520734365089
Optimization score: 60332335361
Optimal tree inferred in 53.671 secs.
(77,((154,(123,104)),(((17,169),(78,((96,2),(38,(83,5))))),(((183,(181,81)),((133,((34,(30,71)),((148,(182,95)),(8,(199,(105,66)))))),((11,(85,102)),((52,(63,91)),(135,((13,29),(150,(37,157)))))))),(((36,(129,(139,(130,(39,82))))),((110,(151,(140,79))),(68,((141,(137,(40,44))),((42,187),(184,((50,(192,120)),((179,62),(124,(197,127)))))))))),(((26,(186,(97,88))),((178,(131,(200,(98,(9,(45,(56,(94,163)))))))),((23,(142,54)),(((132,35),(134,194)),((31,57),(67,((106,(153,188)),(117,(107,100))))))))),(0,(64,(((1,(20,(19,172))),((32,((76,185),(61,(156,(118,(195,160)))))),((99,(3,(4,(12,173)))),(119,((126,(43,(10,177))),(170,(111,(166,103)))))))),(((((73,143),(7,115)),(128,(168,(58,(55,158))))),((59,(125,(122,(92,41)))),(((74,147),(164,(101,152))),((114,198),((121,167),(70,(193,(16,(174,(27,90)))))))))),(((46,((33,(144,60)),(93,(21,(47,116))))),((69,(165,(175,14))),((49,112),(189,(113,6))))),(((191,155),((80,(18,(136,75))),((109,(108,72)),((89,149),(28,87))))),((51,(48,159)),(24,((176,25),(((180,(162,15)),(22,(171,146))),((86,(161,53)),((138,196),(145,(190,(65,84)))))))))))))))))))));
Final quartet score is: 60332335361
Final normalized quartet score is: 0.9187520734365089
Extended species tree:
(162,(15,(180,((22,(171,146)1:1.2927330677767521)1:1.450902323144903,(((86,(161,53)1:0.6617247315537046)1:0.9830610462615449,((138,196)1:0.34649491861849957,(145,(190,(65,84)1:0.6247528785404722)1:0.44693163524336327)1:0.15032055574112616)0.65:0.022116890439839876)1:1.4220337948547266,((176,25)1:1.427742420131763,(24,((51,(48,159)1:0.5580621098941558)1:3.6399581917271187,(((191,155)1:2.118386089630045,((80,(18,(136,75)1:0.6237913065310321)1:0.5734903791055286)1:1.850182116862069,((109,(108,72)1:0.5673993155410819)1:4.217181626311079,((89,149)1:2.8936951140190983,(28,87)1:4.882552169152878)1:0.3765519225341871)1:1.5325348629261835)1:1.2125314390504125)1:0.45082669727148106,(((46,((33,(144,60)1:0.8998500488502268)1:2.1096673632584118,(93,(21,(47,116)1:2.219600898528449)1:2.573796300192408)1:0.6690603083120332)1:1.1145519050802666)1:3.2015287238595085,((69,(165,(175,14)1:0.25412236226153656)1:2.9279148993344144)1:0.958588949828609,((49,112)1:0.318027248630636,(189,(113,6)1:3.7274627940352048)1:0.8122704167547652)1:0.37173218012714)1:4.042494840346424)1:1.7221102031146696,(((((73,143)1:4.997028815576781,(7,115)1:3.7236180781740402)1:0.8670255657913033,(128,(168,(58,(55,158)1:1.7512267338942786)1:0.2948481419250452)1:0.4219697381577178)1:3.3664058345345307)1:4.4795106521562404,((59,(125,(122,(92,41)1:1.7282296029156385)1:0.13484898810356302)1:0.7624564632799264)1:2.759523498866952,(((74,147)1:0.47889890666767765,(164,(101,152)1:1.2475915364371746)1:2.4999176342267218)1:4.435032824990187,((114,198)1:4.390054100851779,((121,167)1:4.179425195315161,(70,(193,(16,(174,(27,90)0.99:0.06694506654345543)1:0.6411331255323253)1:1.9368785486929894)1:1.314607341072264)1:1.854090552777177)1:1.4206313107952402)1:0.5508551667624748)1:0.28599081001707)1:2.6225409655071608)1:3.4435716211915364,(((1,(20,(19,172)1:2.6965185810820795)1:1.331384606935351)1:6.064646164401553,((32,((76,185)1:3.2705972872623272,(61,(156,(118,(195,160)1:0.5258924192958169)1:0.1154746249879604)1:1.0327378416264357)1:2.5505260459613357)1:2.0064257266268917)1:0.5446256437634872,((99,(3,(4,(12,173)1:1.2389940782970748)1:0.8036902482176237)1:0.7365198686032675)1:3.24855014404045,(119,((126,(43,(10,177)1:0.8641267896378726)1:0.16265480370399252)1:1.9202305648002396,(170,(111,(166,103)0.86:0.037670997792454766)1:1.2345563547718936)1:1.5889425040236143)1:2.20170266976759)1:1.343490181920582)1:0.9555272205439397)1:5.05963255802262)1:2.2354257683686924,(64,(0,(((26,(186,(97,88)1:0.4855976853114975)1:3.4748406697926444)1:5.802192047809453,((178,(131,(200,(98,(9,(45,(56,(94,163)1:0.1960942637700268)1:0.9789018347056376)1:1.497741718664402)1:1.1624456556353804)1:2.5483237814438797)0.58:0.020574040308988104)1:2.2161539575812763)1:3.3840410935828937,((23,(142,54)1:0.26584661603170795)1:5.551686068106954,(((132,35)1:3.0143294056473753,(134,194)1:1.4536069225102024)1:1.4403024429247513,((31,57)1:1.4401223193192805,(67,((106,(153,188)1:0.5063294551823856)1:0.3788127920394907,(117,(107,100)1:1.5832846008325407)1:0.4514814916144364)1:0.7873902375179297)1:0.15770447760724618)1:3.1975672421376795)1:2.2138240611162296)1:4.609478996413949)1:1.1478425363510372)1:2.1381390556984203,(((36,(129,(139,(130,(39,82)1:1.921665259592114)1:2.1152509943765465)1:0.41534129307484896)1:1.1999647829283968)1:4.969744455129989,((110,(151,(140,79)1:0.34990863962044993)1:0.2186172957964696)1:5.2635376864837395,(68,((141,(137,(40,44)0.57:0.016235282825148873)1:2.822678338965708)1:1.3720021528546658,((42,187)1:0.6564154408049895,(184,((50,(192,120)0.62:0.027286570053721645)1:0.37475337250986424,((179,62)1:1.0590406523258271,(124,(197,127)1:0.7226979382321314)1:0.38665537771722874)1:1.7049916710673139)1:1.2748721225622066)1:0.6621358618273216)1:0.2506034908827803)1:2.3080039310488156)1:0.09959483175131599)1:5.397766910662257)1:0.6405763409592411,(((183,(181,81)1:0.6611764256834742)1:5.245519180981053,((133,((34,(30,71)1:0.0778158475320453)1:1.5365985584254174,((148,(182,95)0.82:0.043122840297653724)1:0.20313138377632703,(8,(199,(105,66)1:0.8066828605864509)1:0.1584784823327853)1:0.1412177828522276)1:0.34297279070973613)1:2.6218461800658313)1:4.585775530339572,((11,(85,102)1:0.9598786362791696)1:1.4567306928487596,((52,(63,91)1:1.249589237460741)1:1.7716494363622046,(135,((13,29)1:0.5818116706326619,(150,(37,157)0.63:0.020519423207139256)1:1.2444269212530152)1:0.49560623411584426)1:2.1960892312390485)1:0.15676919925677593)1:5.2198264176698865)1:0.5389835361566028)1:1.1360038742289509,(((17,169)1:2.412156973143454,(78,((96,2)1:2.2207791506958925,(38,(83,5)0.58:0.017262592488007825)1:3.728635666982614)0.91:0.04186503891186532)1:0.3727885048080175)1:3.0088050424588157,((154,(123,104)1:0.47014152118463814)1:0.38098119074372605,77)1:5.805134968916476)1:1.6785011734545514)1:5.063536353420907)1:1.6539718514492248)1:3.529932540981905)1:3.470064420777957)1:1.4768566368016864)1:0.0954104623086467)1:0.2565566578432888)1:3.874912114091108)1:0.4279712277373892)1:2.1385284717996487)1:1.9848242534657032)1:0.1116094441575248)1:0.662013043930946)1:0.4689682112133652)1:1.5809276497522848));
Weight calculation took 28.302902403 secs
ASTRAL finished in 64.16 secs
