
================== ASTRAL ===================== 

This is ASTRAL version 5.7.8
Gene trees are treated as unrooted
1000 trees read from Dataset/AstralII_data/model.200.500000.0.000001/24/estimatedgenetre.halfresolved
index0
All output trees will be *arbitrarily* rooted at 55

======== Running the main analysis
Number of taxa: 201 (201 species)
Taxa: [55, 173, 133, 97, 56, 132, 91, 45, 122, 179, 69, 147, 127, 135, 176, 103, 99, 75, 190, 35, 61, 2, 149, 82, 42, 29, 63, 130, 146, 159, 186, 6, 84, 74, 28, 24, 153, 96, 117, 119, 17, 94, 185, 65, 150, 87, 110, 86, 52, 70, 174, 105, 100, 19, 101, 50, 48, 143, 46, 191, 7, 73, 188, 129, 0, 177, 44, 57, 30, 140, 123, 72, 81, 88, 118, 161, 170, 106, 47, 141, 158, 49, 89, 18, 13, 178, 43, 111, 128, 41, 197, 85, 181, 114, 113, 78, 4, 124, 37, 198, 15, 112, 109, 5, 21, 31, 77, 58, 180, 171, 155, 157, 192, 20, 11, 16, 145, 10, 76, 83, 168, 54, 196, 104, 79, 68, 39, 163, 95, 92, 193, 142, 182, 136, 71, 134, 125, 154, 93, 51, 14, 194, 167, 38, 156, 53, 152, 33, 12, 160, 90, 67, 108, 126, 172, 25, 139, 107, 195, 66, 59, 60, 166, 23, 184, 183, 1, 8, 36, 115, 189, 164, 98, 26, 199, 116, 151, 62, 131, 34, 3, 148, 138, 40, 144, 162, 27, 137, 64, 165, 102, 200, 187, 169, 80, 120, 22, 175, 121, 9, 32]
Taxon occupancy: {110=1000, 111=1000, 112=1000, 113=1000, 114=1000, 115=1000, 116=1000, 117=1000, 118=1000, 119=1000, 10=1000, 11=1000, 12=1000, 13=1000, 14=1000, 15=1000, 16=1000, 17=1000, 18=1000, 19=1000, 120=1000, 0=1000, 121=1000, 122=1000, 1=1000, 2=1000, 123=1000, 124=1000, 3=1000, 4=1000, 125=1000, 5=1000, 126=1000, 127=1000, 6=1000, 7=1000, 128=1000, 129=1000, 8=1000, 9=1000, 20=1000, 21=1000, 22=1000, 23=1000, 24=1000, 25=1000, 26=1000, 27=1000, 28=1000, 29=1000, 130=1000, 131=1000, 132=1000, 133=1000, 134=1000, 135=1000, 136=1000, 137=1000, 138=1000, 139=1000, 30=1000, 31=1000, 32=1000, 33=1000, 34=1000, 35=1000, 36=1000, 37=1000, 38=1000, 39=1000, 140=1000, 141=1000, 142=1000, 143=1000, 144=1000, 145=1000, 146=1000, 147=1000, 148=1000, 149=1000, 40=1000, 41=1000, 42=1000, 43=1000, 44=1000, 45=1000, 46=1000, 47=1000, 48=1000, 49=1000, 150=1000, 151=1000, 152=1000, 153=1000, 154=1000, 155=1000, 156=1000, 157=1000, 158=1000, 159=1000, 50=1000, 51=1000, 52=1000, 53=1000, 54=1000, 55=1000, 56=1000, 57=1000, 58=1000, 59=1000, 160=1000, 161=1000, 162=1000, 163=1000, 164=1000, 165=1000, 166=1000, 167=1000, 168=1000, 169=1000, 60=1000, 61=1000, 62=1000, 63=1000, 64=1000, 65=1000, 66=1000, 67=1000, 68=1000, 69=1000, 170=1000, 171=1000, 172=1000, 173=1000, 174=1000, 175=1000, 176=1000, 177=1000, 178=1000, 179=1000, 70=1000, 71=1000, 72=1000, 73=1000, 74=1000, 75=1000, 76=1000, 77=1000, 78=1000, 79=1000, 180=1000, 181=1000, 182=1000, 183=1000, 184=1000, 185=1000, 186=1000, 187=1000, 188=1000, 189=1000, 80=1000, 81=1000, 82=1000, 83=1000, 84=1000, 85=1000, 86=1000, 87=1000, 88=1000, 89=1000, 190=1000, 191=1000, 192=1000, 193=1000, 194=1000, 195=1000, 196=1000, 197=1000, 198=1000, 199=1000, 90=1000, 91=1000, 92=1000, 93=1000, 94=1000, 95=1000, 96=1000, 97=1000, 98=1000, 99=1000, 200=1000, 100=1000, 101=1000, 102=1000, 103=1000, 104=1000, 105=1000, 106=1000, 107=1000, 108=1000, 109=1000}
Number of gene trees: 1000
0 trees have missing taxa
Calculating quartet distance matrix (for completion of X)
Species tree distances calculated ...
Building set of clusters (X) from gene trees 
------------------------------
gradient0: 151875
Number of Clusters after addition by distance: 151875
calculating extra bipartitions to be added at level 1 ...
Adding to X using resolutions of greedy consensus ...
Limit for sigma of degrees:5075
polytomy size limit : 61
discarded polytomies: 78 111  [3, 3, 3, 3, 3, 3, 4, 4, 4, 5, 5, 6, 6, 6, 14, 29, 34, 48, 61, 78, 111]
Threshold 0.0:
polytomy of size 14; rounds with additions with at least 5 support: 11; clusters: 153365
Threshold 0.01:
polytomy of size 3; rounds with additions with at least 5 support: 0; clusters: 153365
polytomy of size 29; rounds with additions with at least 5 support: 5; clusters: 160977
Threshold 0.02:
polytomy of size 34; rounds with additions with at least 5 support: 5; clusters: 170669
Threshold 0.05:
polytomy of size 3; rounds with additions with at least 5 support: 0; clusters: 170669
polytomy of size 48; rounds with additions with at least 5 support: 2; clusters: 170907
Threshold 0.1:
polytomy of size 4; rounds with additions with at least 5 support: 0; clusters: 170907
polytomy of size 3; rounds with additions with at least 5 support: 0; clusters: 170907
polytomy of size 61; rounds with additions with at least 5 support: 0; clusters: 170945
polytomy of size 3; rounds with additions with at least 5 support: 0; clusters: 170945
Threshold 0.2:
polytomy of size 6; rounds with additions with at least 5 support: 0; clusters: 170945
polytomy of size 3; rounds with additions with at least 5 support: 0; clusters: 170945
polytomy of size 5; rounds with additions with at least 5 support: 0; clusters: 170945
polytomy of size 6; rounds with additions with at least 5 support: 0; clusters: 170945
polytomy of size 78