
================== ASTRAL ===================== 

This is ASTRAL version 5.7.8
Gene trees are treated as unrooted
50 trees read from Dataset/AstralII_data/model.200.500000.0.000001/24/estimatedgenetre.halfresolved_50
index0
All output trees will be *arbitrarily* rooted at 55

======== Running the main analysis
Number of taxa: 201 (201 species)
Taxa: [55, 173, 133, 97, 56, 132, 91, 45, 122, 179, 69, 147, 127, 135, 176, 103, 99, 75, 190, 35, 61, 2, 149, 82, 42, 29, 63, 130, 146, 159, 186, 6, 84, 74, 28, 24, 153, 96, 117, 119, 17, 94, 185, 65, 150, 87, 110, 86, 52, 70, 174, 105, 100, 19, 101, 50, 48, 143, 46, 191, 7, 73, 188, 129, 0, 177, 44, 57, 30, 140, 123, 72, 81, 88, 118, 161, 170, 106, 47, 141, 158, 49, 89, 18, 13, 178, 43, 111, 128, 41, 197, 85, 181, 114, 113, 78, 4, 124, 37, 198, 15, 112, 109, 5, 21, 31, 77, 58, 180, 171, 155, 157, 192, 20, 11, 16, 145, 10, 76, 83, 168, 54, 196, 104, 79, 68, 39, 163, 95, 92, 193, 142, 182, 136, 71, 134, 125, 154, 93, 51, 14, 194, 167, 38, 156, 53, 152, 33, 12, 160, 90, 67, 108, 126, 172, 25, 139, 107, 195, 66, 59, 60, 166, 23, 184, 183, 1, 8, 36, 115, 189, 164, 98, 26, 199, 116, 151, 62, 131, 34, 3, 148, 138, 40, 144, 162, 27, 137, 64, 165, 102, 200, 187, 169, 80, 120, 22, 175, 121, 9, 32]
Taxon occupancy: {110=50, 111=50, 112=50, 113=50, 114=50, 115=50, 116=50, 117=50, 118=50, 119=50, 10=50, 11=50, 12=50, 13=50, 14=50, 15=50, 16=50, 17=50, 18=50, 19=50, 120=50, 0=50, 121=50, 122=50, 1=50, 2=50, 123=50, 124=50, 3=50, 4=50, 125=50, 5=50, 126=50, 127=50, 6=50, 7=50, 128=50, 129=50, 8=50, 9=50, 20=50, 21=50, 22=50, 23=50, 24=50, 25=50, 26=50, 27=50, 28=50, 29=50, 130=50, 131=50, 132=50, 133=50, 134=50, 135=50, 136=50, 137=50, 138=50, 139=50, 30=50, 31=50, 32=50, 33=50, 34=50, 35=50, 36=50, 37=50, 38=50, 39=50, 140=50, 141=50, 142=50, 143=50, 144=50, 145=50, 146=50, 147=50, 148=50, 149=50, 40=50, 41=50, 42=50, 43=50, 44=50, 45=50, 46=50, 47=50, 48=50, 49=50, 150=50, 151=50, 152=50, 153=50, 154=50, 155=50, 156=50, 157=50, 158=50, 159=50, 50=50, 51=50, 52=50, 53=50, 54=50, 55=50, 56=50, 57=50, 58=50, 59=50, 160=50, 161=50, 162=50, 163=50, 164=50, 165=50, 166=50, 167=50, 168=50, 169=50, 60=50, 61=50, 62=50, 63=50, 64=50, 65=50, 66=50, 67=50, 68=50, 69=50, 170=50, 171=50, 172=50, 173=50, 174=50, 175=50, 176=50, 177=50, 178=50, 179=50, 70=50, 71=50, 72=50, 73=50, 74=50, 75=50, 76=50, 77=50, 78=50, 79=50, 180=50, 181=50, 182=50, 183=50, 184=50, 185=50, 186=50, 187=50, 188=50, 189=50, 80=50, 81=50, 82=50, 83=50, 84=50, 85=50, 86=50, 87=50, 88=50, 89=50, 190=50, 191=50, 192=50, 193=50, 194=50, 195=50, 196=50, 197=50, 198=50, 199=50, 90=50, 91=50, 92=50, 93=50, 94=50, 95=50, 96=50, 97=50, 98=50, 99=50, 200=50, 100=50, 101=50, 102=50, 103=50, 104=50, 105=50, 106=50, 107=50, 108=50, 109=50}
Number of gene trees: 50
0 trees have missing taxa
Calculating quartet distance matrix (for completion of X)
Species tree distances calculated ...
Building set of clusters (X) from gene trees 
------------------------------
gradient0: 11319
Number of Clusters after addition by distance: 11319
calculating extra bipartitions to be added at level 1 ...
Adding to X using resolutions of greedy consensus ...
Limit for sigma of degrees:5075
polytomy size limit : 57
discarded polytomies: 77 99  [3, 3, 3, 3, 3, 3, 3, 3, 3, 3, 4, 4, 4, 5, 6, 8, 27, 27, 27, 49, 57, 77, 99]
Threshold 0.0:
polytomy of size 27; rounds with additions with at least 5 support: 6; clusters: 23287
Threshold 0.01:
polytomy of size 27; rounds with additions with at least 5 support: 0; clusters: 33623
Threshold 0.02:
polytomy of size 27; rounds with additions with at least 5 support: 0; clusters: 43387
Threshold 0.05:
polytomy of size 3; rounds with additions with at least 5 support: 0; clusters: 43387
polytomy of size 3; rounds with additions with at least 5 support: 0; clusters: 43387
polytomy of size 49; rounds with additions with at least 5 support: 7; clusters: 44547
Threshold 0.1:
polytomy of size 3; rounds with additions with at least 5 support: 0; clusters: 44547
polytomy of size 3; rounds with additions with at least 5 support: 0; clusters: 44547
polytomy of size 57; rounds with additions with at least 5 support: 1; clusters: 45053
Threshold 0.2:
polytomy of size 4; rounds with additions with at least 5 support: 0; clusters: 45053
polytomy of size 5; rounds with additions with at least 5 support: 1; clusters: 45055
polytomy of size 3; rounds with additions with at least 5 support: 0; clusters: 45055
polytomy of size 4; rounds with additions with at least 5 support: 0; clusters: 45055
polytomy of size 77; rounds with additions with at least 5 support: 0; clusters: 45517
Threshold 0.3333333333333333:
polytomy of size 6; rounds with additions with at least 5 support: 0; clusters: 45517
polytomy of size 3; rounds with additions with at least 5 support: 0; clusters: 45517
polytomy of size 3; rounds with additions with at least 5 support: 0; clusters: 45517
polytomy of size 8; rounds with additions with at least 5 support: 0; clusters: 45517
polytomy of size 3; rounds with additions with at least 5 support: 0; clusters: 45517
polytomy of size 3; rounds with additions with at least 5 support: 0; clusters: 45517
polytomy of size 4; rounds with additions with at least 5 support: 0; clusters: 45517
polytomy of size 3; rounds with additions with at least 5 support: 0; clusters: 45517
polytomy of size 99; rounds with additions with at least 5 support: 0; clusters: 45775
max k is :14
Number of Clusters after addition by greedy: 45775
gradient0 in heuristiic: 45775
partitions formed in 21.513 secs
Dynamic Programming starting after 21.513 secs
Using tree-based weight calculation.
Using polytree-based weight calculation.
Polytree max score: 3299915139
Polytree building time: 0.109 seconds.
Number of quartet trees in the gene trees: 3299915139
Size of largest cluster: 201
Greedy score: 1395963093
estimationFactor: 2.363898555446981
Sub-optimal score: 1525402908
Calculated 100000 weights; time (seconds): 54
Total Number of elements weighted: 141794
Normalized score (portion of input quartet trees satisfied before correcting for multiple individuals): 0.4684990594844506
Optimization score: 1546007139
Optimal tree inferred in 69.595 secs.
(90,(166,((67,(126,(12,108))),(58,((82,(111,((9,32),(((153,23),((139,165),(25,(172,(77,102))))),((107,(195,(66,59))),((94,185),((184,183),(1,8)))))))),((((36,115),(154,((192,20),(11,16)))),((((83,136),(177,(71,134))),(((182,125),((81,88),(72,93))),((10,76),((193,(92,(168,51))),(142,(95,((163,(54,196)),(39,(79,(104,68)))))))))),(((73,((176,143),(152,(53,33)))),((179,(103,167)),(101,((191,129),(50,48))))),(((147,38),(135,(127,156))),(7,(46,((188,(4,(124,(114,113)))),((78,(197,(85,181))),(41,(128,((37,198),(15,(112,109))))))))))))),(((0,60),((160,200),(75,(99,(190,(35,(61,(2,149)))))))),(((44,57),(69,((27,(144,(162,137))),((164,98),(26,199))))),(((6,(186,84)),((29,130),(42,(146,(63,159))))),(((((180,171),(170,106)),((87,(155,157)),((74,28),((96,117),(119,17))))),((45,64),(((173,(150,47)),(140,(30,123))),(((97,132),(189,(133,56))),(161,(55,((141,158),(49,89)))))))),((5,(21,31)),((14,194),((120,(175,121)),((110,((116,(131,(34,3))),(148,(138,(151,(62,40)))))),(22,(((43,(178,(18,13))),((91,118),(80,(187,169)))),((24,145),((65,(122,19)),((100,(86,52)),(105,(70,174)))))))))))))))))))));
Final quartet score is: 1546007139
Final normalized quartet score is: 0.4684990594844506
Extended species tree:
(55,(((141,158)0.99:0.3110443272035336,(49,89)1:0.8971411318804449)0.96:0.23768263193915737,(161,(((97,132)1:0.37276726178766245,(189,(133,56)0.45:0.030312205408039427)1:0.3453879138374733)1:0.645078032398808,(((173,(150,47)1:0.9905815444544044)0.99:0.34039646732784845,(140,(30,123)0.98:0.2682639865946794)1:1.3001212774143256)0.76:0.1259887654900558,((45,64)1:1.076119153416625,((((180,171)1:1.6279723087422853,(170,106)1:1.5465850827005958)0.96:0.24356139441257324,((87,(155,157)0.89:0.18107456277826398)1:0.7893641234738904,((74,28)1:0.9281442678472259,((96,117)0.62:0.08267755834810725,(119,17)0.67:0.10797739601990841)1:1.0014527299333111)1:0.39678088188780175)0.57:0.06622724052491788)0.51:0.05205925204054614,(((5,(21,31)1:0.4353180712578455)1:1.1415113879416414,((14,194)1:1.7383215745990668,((120,(175,121)1:0.5883215672951886)1:0.8253014160901537,((110,((116,(131,(34,3)1:0.5329035648993059)1:0.39750938006121755)0.66:0.09467210727211613,(148,(138,(151,(62,40)0.61:0.07653332513302961)0.66:0.10009917429078978)0.53:0.05426732132096843)0.76:0.13784082245610574)1:1.0455197208122045)0.41:0.023220225343036548,(22,(((43,(178,(18,13)1:1.3291359472799418)1:0.49988735736642315)0.95:0.22562313437889678,((91,118)0.99:0.33934751473379343,(80,(187,169)0.96:0.23765715985859842)1:1.471942485724004)0.87:0.16915796553546283)0.83:0.1536721699333541,((24,145)1:1.9232584306311478,((65,(122,19)0.78:0.13124218903038812)0.43:0.02288027506594291,((100,(86,52)1:0.3489382067615748)1:0.4651686798624897,(105,(70,174)1:0.6343066805370117)1:0.45890407026372465)1:0.5980619055589054)0.51:0.07111438907493463)0.65:0.08842395508055018)0.63:0.08559355975846877)0.46:0.03206396175641209)0.44:0.025799471823078998)0.48:0.039272465398046526)0.46:0.04502361111308204)0.43:0.025323313708194878,(((6,(186,84)0.68:0.10022419460675389)1:0.5563913148532733,((29,130)1:0.6844371089753162,(42,(146,(63,159)0.9:0.19397565552622933)0.96:0.250174013238124)0.91:0.19657040414698504)1:0.6531956628339228)1:0.7362446859024904,(((44,57)1:0.6745729054018013,(69,((27,(144,(162,137)1:0.4366964312279671)0.55:0.06260945832212719)1:0.39165508556040535,((164,98)0.95:0.24806713638138803,(26,199)1:0.8920278994105187)0.56:0.06431503701925087)0.72:0.11271918971463496)1:0.42084496450095793)1:0.6346323638181552,(((0,60)0.17:0.0,((160,200)1:0.40349750728973216,(75,(99,(190,(35,(61,(2,149)1:0.3480962786966872)0.65:0.09746238963848633)0.87:0.16801857160362335)0.46:0.03234246186813015)0.87:0.17154898333290552)1:1.9650229101972123)0.51:0.04810928147159127)0.34:0.0,((((36,115)1:1.818244165720208,(154,((192,20)1:0.43762807459505093,(11,16)0.93:0.20839762816173407)0.91:0.19785270760401696)1:1.0095373963454746)0.51:0.046704330257419574,((((83,136)1:0.3548473119262072,(177,(71,134)1:0.34641454611617795)1:0.5795746774399055)0.99:0.31364422027519995,(((182,125)0.87:0.1768613776183999,((81,88)1:0.6622759946475258,(72,93)0.54:0.060069572838937)0.52:0.04958799366297586)0.58:0.071498049309833,((10,76)1:1.4427918619316744,((193,(92,(168,51)0.58:0.06838826692763544)1:0.44505614960356066)0.98:0.2879447809781837,(142,(95,((163,(54,196)1:0.7550352264231521)0.45:0.03400219625857165,(39,(79,(104,68)1:0.389033245927073)0.57:0.11010045218588761)1:0.5209781678820765)0.98:0.28355051597591363)0.76:0.1324065752887257)0.56:0.06369928224145888)0.71:0.10752784649832797)0.97:0.26495885845407646)0.48:0.04088502171651111)0.78:0.13189118880768178,(((73,((176,143)1:1.1740139220630528,(152,(53,33)0.75:0.12516314295400605)1:1.334393508236147)0.87:0.17226669606381276)0.84:0.15769185904836128,((179,(103,167)0.39:0.014212222164771516)0.66:0.10892267911104503,(101,((191,129)0.75:0.12068924024830319,(50,48)1:1.0864441610878182)0.95:0.22976808622983438)0.95:0.23210810258752657)0.49:0.042157599965474385)0.39:0.012575360572100496,(((147,38)0.95:0.22599876401354277,(135,(127,156)1:0.603144638865631)0.98:0.2886829733460694)1:0.39963694971729274,(7,(46,((188,(4,(124,(114,113)1:0.9610227422128602)0.88:0.17583324568996103)0.99:0.33815432280419777)0.75:0.12934879476233804,((78,(197,(85,181)1:0.390646745616638)1:0.4339346262596995)1:0.7726678858204175,(41,(128,((37,198)0.98:0.2685910939869519,(15,(112,109)0.95:0.23052365861183224)1:0.5683857495220995)0.93:0.21062172460057518)0.68:0.09807628211015619)0.43:0.025172281276574705)0.63:0.09934613526629964)0.85:0.1592146309070503)0.5:0.045351651584350894)0.46:0.031516706956158234)0.42:0.021165489368852274)0.97:0.2523626154832795)0.4:0.014175776843487708)0.38:0.008645326840365888,((82,(111,((9,32)1:1.348106099407699,(((153,23)0.91:0.19591551852965225,((139,165)1:0.8339881362331812,(25,(172,(77,102)1:0.5296186598608178)0.85:0.16406580178498864)0.46:0.03280993363355753)1:0.3544921275117892)0.85:0.16048678439813513,((107,(195,(66,59)1:0.49369258642728703)1:0.457835501665444)0.96:0.24126783215017908,((94,185)1:0.580303422119311,((184,183)0.47:0.045120435280469655,(1,8)1:0.36936010346604814)1:0.9124331742844153)0.93:0.23052365861183224)0.79:0.1367893612324911)0.4:0.016624671302102524)0.47:0.03484576561732001)0.68:0.09833809154372374)0.3:0.0,(58,((67,(126,(12,108)0.89:0.1950582972775928)1:0.8115649353744199)0.96:0.23662007680770028,(166,90)1:1.1698701667859137)0.67:0.11865515629181078)0.96:0.2353902302260238)0.41:0.016311837533566586)0.41:0.01635869412108054)0.41:0.01784823983372314)0.41:0.021042016835717582)0.38:0.005619105326122179)0.58:0.0672112390021359)0.45:0.03306700333661798)0.6:0.07407237490103484)1:0.5728303364594254)0.87:0.1707626133313364)0.67:0.10918043844739622));
Weight calculation took 38.172382654 secs
ASTRAL finished in 71.097 secs
