
================== ASTRAL ===================== 

This is ASTRAL version 5.7.8
Gene trees are treated as unrooted
50 trees read from Dataset/AstralII_data/model.200.10000000.0.000001/25/estimatedgenetre.halfresolved_50
index0
All output trees will be *arbitrarily* rooted at 158

======== Running the main analysis
Number of taxa: 201 (201 species)
Taxa: [158, 56, 166, 103, 162, 68, 174, 89, 5, 79, 73, 101, 41, 25, 17, 109, 146, 39, 24, 129, 137, 13, 138, 135, 83, 177, 47, 154, 189, 151, 133, 161, 112, 80, 184, 118, 77, 113, 40, 194, 91, 195, 173, 69, 97, 178, 96, 127, 185, 64, 48, 35, 200, 156, 130, 183, 14, 86, 9, 100, 198, 134, 132, 18, 160, 95, 117, 52, 62, 32, 179, 110, 199, 165, 114, 191, 108, 88, 93, 55, 8, 0, 98, 180, 148, 34, 33, 45, 196, 187, 90, 126, 122, 143, 149, 27, 66, 175, 87, 169, 1, 30, 107, 128, 46, 20, 168, 3, 12, 193, 22, 104, 23, 147, 54, 75, 163, 155, 53, 43, 7, 50, 192, 36, 58, 120, 197, 11, 60, 37, 159, 150, 119, 31, 136, 152, 44, 181, 153, 70, 142, 61, 106, 144, 92, 172, 94, 49, 121, 99, 115, 67, 10, 176, 170, 42, 171, 167, 6, 190, 131, 21, 4, 124, 182, 38, 145, 78, 140, 157, 111, 125, 84, 57, 105, 2, 76, 123, 186, 116, 16, 15, 65, 74, 164, 188, 139, 102, 141, 28, 59, 81, 72, 85, 26, 71, 51, 19, 63, 29, 82]
Taxon occupancy: {110=50, 111=50, 112=50, 113=50, 114=50, 115=50, 116=50, 117=50, 118=50, 119=50, 10=50, 11=50, 12=50, 13=50, 14=50, 15=50, 16=50, 17=50, 18=50, 19=50, 120=50, 0=50, 121=50, 122=50, 1=50, 2=50, 123=50, 3=50, 124=50, 4=50, 125=50, 5=50, 126=50, 127=50, 6=50, 128=50, 7=50, 129=50, 8=50, 9=50, 20=50, 21=50, 22=50, 23=50, 24=50, 25=50, 26=50, 27=50, 28=50, 29=50, 130=50, 131=50, 132=50, 133=50, 134=50, 135=50, 136=50, 137=50, 138=50, 139=50, 30=50, 31=50, 32=50, 33=50, 34=50, 35=50, 36=50, 37=50, 38=50, 39=50, 140=50, 141=50, 142=50, 143=50, 144=50, 145=50, 146=50, 147=50, 148=50, 149=50, 40=50, 41=50, 42=50, 43=50, 44=50, 45=50, 46=50, 47=50, 48=50, 49=50, 150=50, 151=50, 152=50, 153=50, 154=50, 155=50, 156=50, 157=50, 158=50, 159=50, 50=50, 51=50, 52=50, 53=50, 54=50, 55=50, 56=50, 57=50, 58=50, 59=50, 160=50, 161=50, 162=50, 163=50, 164=50, 165=50, 166=50, 167=50, 168=50, 169=50, 60=50, 61=50, 62=50, 63=50, 64=50, 65=50, 66=50, 67=50, 68=50, 69=50, 170=50, 171=50, 172=50, 173=50, 174=50, 175=50, 176=50, 177=50, 178=50, 179=50, 70=50, 71=50, 72=50, 73=50, 74=50, 75=50, 76=50, 77=50, 78=50, 79=50, 180=50, 181=50, 182=50, 183=50, 184=50, 185=50, 186=50, 187=50, 188=50, 189=50, 80=50, 81=50, 82=50, 83=50, 84=50, 85=50, 86=50, 87=50, 88=50, 89=50, 190=50, 191=50, 192=50, 193=50, 194=50, 195=50, 196=50, 197=50, 198=50, 199=50, 90=50, 91=50, 92=50, 93=50, 94=50, 95=50, 96=50, 97=50, 98=50, 99=50, 200=50, 100=50, 101=50, 102=50, 103=50, 104=50, 105=50, 106=50, 107=50, 108=50, 109=50}
Number of gene trees: 50
0 trees have missing taxa
Calculating quartet distance matrix (for completion of X)
Species tree distances calculated ...
Building set of clusters (X) from gene trees 
------------------------------
gradient0: 2271
Number of Clusters after addition by distance: 2271
calculating extra bipartitions to be added at level 1 ...
Adding to X using resolutions of greedy consensus ...
Limit for sigma of degrees:5075
polytomy size limit : 4
discarded polytomies:  [3, 3, 3, 3, 3, 4, 4]
Threshold 0.0:
Threshold 0.01:
Threshold 0.02:
Threshold 0.05:
Threshold 0.1:
Threshold 0.2:
polytomy of size 3; rounds with additions with at least 5 support: 0; clusters: 2271
Threshold 0.3333333333333333:
polytomy of size 3; rounds with additions with at least 5 support: 0; clusters: 2271
polytomy of size 4; rounds with additions with at least 5 support: 0; clusters: 2271
polytomy of size 3; rounds with additions with at least 5 support: 0; clusters: 2271
polytomy of size 3; rounds with additions with at least 5 support: 0; clusters: 2271
polytomy of size 4; rounds with additions with at least 5 support: 0; clusters: 2271
polytomy of size 3; rounds with additions with at least 5 support: 0; clusters: 2271
max k is :0
Number of Clusters after addition by greedy: 2271
gradient0 in heuristiic: 2271
partitions formed in 5.315 secs
Dynamic Programming starting after 5.315 secs
Using tree-based weight calculation.
Using polytree-based weight calculation.
Polytree max score: 3299916906
Polytree building time: 0.355 seconds.
Number of quartet trees in the gene trees: 3299916906
Size of largest cluster: 201
Greedy score: 3204738754
estimationFactor: 1.0296991921357719
Sub-optimal score: 3220120397
Total Number of elements weighted: 2603
Normalized score (portion of input quartet trees satisfied before correcting for multiple individuals): 0.9759481055854199
Optimization score: 3220547653
Optimal tree inferred in 7.07 secs.
(136,(31,((150,119),(((142,61),((152,44),(181,(153,70)))),((197,((37,159),(11,60))),((((169,1),((30,107),(128,(46,20)))),((196,(187,90)),((126,122),(143,((149,66),(27,(175,87))))))),((((155,53),((43,7),((50,192),(120,(36,58))))),(163,(75,(12,((168,3),((193,22),(54,(104,(23,147))))))))),(((148,((98,180),(34,(33,45)))),((106,((94,(49,121)),(144,(92,172)))),((99,((42,171),((176,170),(10,(115,67))))),((167,(6,190)),(131,((38,(145,78)),(124,(182,(21,4))))))))),(0,(((199,165),((55,8),((88,93),(114,(191,108))))),((((185,((64,48),(35,(156,(200,130))))),(((86,(183,14)),((9,198),(100,134))),((18,(160,95)),(132,(117,(179,(110,(52,(62,32))))))))),((177,((135,83),(154,(47,189)))),(((69,(194,91)),((195,173),(77,(113,40)))),(151,((178,(127,(97,96))),(133,(161,((112,80),(184,118))))))))),((((146,39),(24,((137,138),(129,13)))),((162,(103,(68,(174,89)))),((25,(17,109)),((73,101),(41,(5,79)))))),((((16,15),(116,(123,186))),((102,(158,(56,166))),((65,74),(164,(188,139))))),(((2,76),((111,(140,157)),(105,(57,(125,84))))),((81,(72,85)),((141,(28,59)),((26,71),(51,(29,(19,(63,82)))))))))))))))))))));
Final quartet score is: 3220547653
Final normalized quartet score is: 0.9759481055854199
Extended species tree:
(158,((56,166)1:3.5263605246161593,(102,(((65,74)1:0.9364760854619238,(164,(188,139)1:2.14006616349627)1:1.73800821370972)1:0.8017810215627406,(((16,15)1:2.8332133440562166,(116,(123,186)1:1.0414538748281608)1:1.9169226121820613)1:3.5263605246161593,((((2,76)1:3.5263605246161593,((111,(140,157)0.65:0.09237332013101504)1:3.5263605246161593,(105,(57,(125,84)0.65:0.0925362529215997)1:0.5559460590464603)1:3.5263605246161593)1:1.5841775509527711)1:2.270943722052489,((81,(72,85)1:1.3291359472799418)1:2.14006616349627,((141,(28,59)0.83:0.1590646946296874)1:1.7372222888679807,((26,71)1:2.14006616349627,(51,(29,(19,(63,82)0.84:0.15889055444639996)0.97:0.2674813559783695)0.37:0.0034969773363600523)1:2.7154303083998337)1:2.4225262919668995)0.91:0.19984107807556575)1:2.165383971480561)0.49:0.07788583837720432,((((146,39)1:3.5263605246161593,(24,((137,138)1:0.8876658423303533,(129,13)0.95:0.23033567101845992)1:2.022283127839887)1:1.4469189829363254)1:2.1994895839670723,((162,(103,(68,(174,89)1:3.5263605246161593)1:0.3485182225609136)1:1.4467064204953082)1:1.0057379793785302,((25,(17,109)1:3.5263605246161593)1:1.843806990127919,((73,101)1:3.5263605246161593,(41,(5,79)1:2.8332133440562166)1:1.000631880307906)1:1.3291359472799418)1:0.760514340440171)0.85:0.1669776933870128)1:3.318721159837916,((((185,((64,48)1:1.7337467195821916,(35,(156,(200,130)1:0.6733445532637656)1:0.6641596436866931)1:0.692946094695604)1:0.905321700503581)1:3.5263605246161593,(((86,(183,14)1:0.4353180712578455)1:3.5263605246161593,((9,198)1:0.5059356384717988,(100,134)0.99:0.30748469974796055)1:3.4760986898352715)0.6:0.0783417893267572,((18,(160,95)1:2.8332133440562166)1:1.1614715482859612,(132,(117,(179,(110,(52,(62,32)1:0.4813572020553878)0.61:0.07619287119349996)0.87:0.18228820956593977)1:1.6179582707104547)1:1.0082484416754272)0.84:0.1552405981912841)1:2.03063232245081)1:0.6764801280747337)1:2.9217231693621883,((177,((135,83)1:2.8332133440562166,(154,(47,189)1:0.5819215454497209)1:3.5263605246161593)1:0.7537718023763802)1:3.5263605246161593,(((69,(194,91)1:2.4277482359480516)1:0.7290791897860084,((195,173)0.75:0.12363370090210783,(77,(113,40)1:0.4818380868927383)1:3.120895416507997)1:0.4672237924195727)1:0.9397363504488355,(151,((178,(127,(97,96)1:1.5804503755608483)1:0.8183103235139515)1:1.1438132749172487,(133,(161,((112,80)1:0.7231539780303662,(184,118)1:0.722692546044943)1:0.6928471055389389)1:0.9431373406283949)1:1.3070147788847999)1:0.6636585161392478)1:0.7806934599426452)1:1.7971214123694408)1:2.4277482359480516)1:3.5263605246161593,(((199,165)1:3.5263605246161593,((55,8)1:3.5161040244489703,((88,93)1:2.8332133440562166,(114,(191,108)1:0.4353180712578455)1:2.4277482359480516)1:2.8332133440562166)1:0.6359887667199969)1:3.5263605246161593,(0,(((148,((98,180)1:3.5263605246161593,(34,(33,45)1:0.8183103235139515)1:3.5263605246161593)1:0.4353180712578455)1:3.5263605246161593,((106,((94,(49,121)1:1.0414538748281608)1:0.6931471805599453,(144,(92,172)0.97:0.2682639865946794)1:0.7331525151736442)1:3.5263605246161593)1:3.5263605246161593,((99,((42,171)1:3.5263605246161593,((176,170)1:2.4277482359480516,(10,(115,67)1:0.5819215454497209)1:3.5263605246161593)1:2.8332133440562166)1:2.14006616349627)1:3.5263605246161593,((167,(6,190)1:1.128465251817791)1:3.5263605246161593,(131,((38,(145,78)1:1.4469189829363254)1:2.8332133440562166,(124,(182,(21,4)1:1.0414538748281608)0.7:0.10863384100279554)1:1.367272864599735)1:0.41655579480232263)1:3.5263605246161593)1:2.8332133440562166)1:1.1315870025319759)1:1.2004433996545976)0.89:0.19384550364821262,((((155,53)1:3.5263605246161593,((43,7)1:3.5263605246161593,((50,192)1:2.14006616349627,(120,(36,58)1:0.4818380868927383)1:2.8332133440562166)1:1.9169226121820613)1:3.5263605246161593)1:1.5804503755608483,(163,(75,(12,((168,3)1:2.542943948039486,((193,22)1:2.4277482359480516,(54,(104,(23,147)1:0.481597615567785)1:0.41284521540578695)1:1.3291359472799418)1:1.3291359472799418)0.47:0.050154452230449495)1:0.7694370580023854)0.99:0.3345133721358798)1:3.5263605246161593)1:1.776876538536345,((((169,1)1:3.5263605246161593,((30,107)1:0.8873031950009027,(128,(46,20)1:3.5263605246161593)1:2.4277482359480516)1:2.022283127839887)1:1.136445344041767,((196,(187,90)1:0.6931471805599453)1:3.5263605246161593,((126,122)1:0.6641596436866931,(143,((149,66)1:0.39086630868701183,(27,(175,87)0.45:0.029852963149681274)1:1.2490932396064056)1:1.7334621031009745)1:1.1655065234981397)1:3.120895416507997)1:3.5263605246161593)1:0.8414407658529055,((197,((37,159)1:0.6931471805599453,(11,60)1:0.5819215454497209)1:2.14006616349627)1:3.5263605246161593,(((142,61)1:1.4222263703459535,((152,44)1:0.4821620784717916,(181,(153,70)1:2.13754409406356)1:0.41284521540578695)1:1.384678525583511)1:1.7018112325651154,((150,119)1:2.8332133440562166,(31,136)1:1.5804503755608483)1:2.022283127839887)1:3.5263605246161593)1:1.9978916747157276)1:0.833235973730627)1:3.5263605246161593)1:2.8332133440562166)1:2.4277482359480516)1:3.5263605246161593)1:3.5263605246161593)1:2.5398655340687593)1:0.6195698644156192)1:1.9682159065696114)1:0.951206996980383)1:0.39263348387630675));
Weight calculation took 0.765583797 secs
ASTRAL finished in 9.133 secs
