
================== ASTRAL ===================== 

This is ASTRAL version 5.7.8
Gene trees are treated as unrooted
200 trees read from Dataset/AstralII_data/model.200.2000000.0.000001/07/estimatedgenetre.halfresolved_200
index0
All output trees will be *arbitrarily* rooted at 12

======== Running the main analysis
Number of taxa: 201 (201 species)
Taxa: [12, 162, 58, 152, 32, 44, 24, 90, 113, 151, 61, 168, 1, 20, 182, 148, 135, 101, 11, 77, 153, 99, 50, 53, 10, 161, 39, 122, 23, 120, 5, 7, 154, 18, 163, 55, 0, 29, 108, 134, 133, 91, 184, 130, 2, 176, 87, 137, 26, 194, 103, 6, 190, 66, 169, 118, 132, 112, 78, 27, 127, 81, 165, 62, 177, 187, 22, 56, 174, 172, 181, 82, 109, 155, 3, 125, 189, 75, 80, 25, 93, 42, 63, 160, 79, 71, 30, 17, 86, 180, 173, 140, 186, 21, 143, 15, 157, 89, 199, 94, 196, 13, 48, 188, 9, 197, 70, 85, 83, 183, 128, 34, 123, 43, 100, 28, 68, 121, 146, 141, 33, 104, 74, 54, 38, 92, 96, 76, 116, 4, 115, 14, 178, 145, 40, 52, 149, 192, 67, 65, 170, 150, 136, 193, 175, 102, 167, 139, 200, 117, 59, 191, 138, 166, 111, 158, 95, 126, 105, 88, 164, 159, 106, 51, 107, 119, 45, 64, 179, 37, 60, 84, 110, 198, 185, 47, 36, 49, 69, 131, 57, 147, 171, 156, 129, 19, 195, 16, 142, 8, 97, 114, 46, 73, 31, 124, 98, 35, 72, 41, 144]
Taxon occupancy: {110=200, 111=200, 112=200, 113=200, 114=200, 115=200, 116=200, 117=200, 118=200, 119=200, 10=200, 11=200, 12=200, 13=200, 14=200, 15=200, 16=200, 17=200, 18=200, 19=200, 120=200, 0=200, 121=200, 1=200, 122=200, 2=200, 123=200, 3=200, 124=200, 125=200, 4=200, 5=200, 126=200, 6=200, 127=200, 7=200, 128=200, 129=200, 8=200, 9=200, 20=200, 21=200, 22=200, 23=200, 24=200, 25=200, 26=200, 27=200, 28=200, 29=200, 130=200, 131=200, 132=200, 133=200, 134=200, 135=200, 136=200, 137=200, 138=200, 139=200, 30=200, 31=200, 32=200, 33=200, 34=200, 35=200, 36=200, 37=200, 38=200, 39=200, 140=200, 141=200, 142=200, 143=200, 144=200, 145=200, 146=200, 147=200, 148=200, 149=200, 40=200, 41=200, 42=200, 43=200, 44=200, 45=200, 46=200, 47=200, 48=200, 49=200, 150=200, 151=200, 152=200, 153=200, 154=200, 155=200, 156=200, 157=200, 158=200, 159=200, 50=200, 51=200, 52=200, 53=200, 54=200, 55=200, 56=200, 57=200, 58=200, 59=200, 160=200, 161=200, 162=200, 163=200, 164=200, 165=200, 166=200, 167=200, 168=200, 169=200, 60=200, 61=200, 62=200, 63=200, 64=200, 65=200, 66=200, 67=200, 68=200, 69=200, 170=200, 171=200, 172=200, 173=200, 174=200, 175=200, 176=200, 177=200, 178=200, 179=200, 70=200, 71=200, 72=200, 73=200, 74=200, 75=200, 76=200, 77=200, 78=200, 79=200, 180=200, 181=200, 182=200, 183=200, 184=200, 185=200, 186=200, 187=200, 188=200, 189=200, 80=200, 81=200, 82=200, 83=200, 84=200, 85=200, 86=200, 87=200, 88=200, 89=200, 190=200, 191=200, 192=200, 193=200, 194=200, 195=200, 196=200, 197=200, 198=200, 199=200, 90=200, 91=200, 92=200, 93=200, 94=200, 95=200, 96=200, 97=200, 98=200, 99=200, 200=200, 100=200, 101=200, 102=200, 103=200, 104=200, 105=200, 106=200, 107=200, 108=200, 109=200}
Number of gene trees: 200
0 trees have missing taxa
Calculating quartet distance matrix (for completion of X)
Species tree distances calculated ...
Building set of clusters (X) from gene trees 
------------------------------
gradient0: 12259
Number of Clusters after addition by distance: 12259
calculating extra bipartitions to be added at level 1 ...
Adding to X using resolutions of greedy consensus ...
Limit for sigma of degrees:5075
polytomy size limit : 25
discarded polytomies:  [3, 3, 3, 3, 3, 3, 3, 3, 3, 3, 3, 3, 4, 4, 4, 4, 4, 4, 4, 4, 5, 6, 8, 16, 25]
Threshold 0.0:
Threshold 0.01:
polytomy of size 3; rounds with additions with at least 5 support: 0; clusters: 12261
Threshold 0.02:
polytomy of size 4; rounds with additions with at least 5 support: 0; clusters: 12269
Threshold 0.05:
polytomy of size 3; rounds with additions with at least 5 support: 0; clusters: 12269
polytomy of size 6; rounds with additions with at least 5 support: 0; clusters: 12273
Threshold 0.1:
polytomy of size 3; rounds with additions with at least 5 support: 0; clusters: 12273
polytomy of size 8; rounds with additions with at least 5 support: 0; clusters: 12273
Threshold 0.2:
polytomy of size 4; rounds with additions with at least 5 support: 0; clusters: 12273
polytomy of size 4; rounds with additions with at least 5 support: 0; clusters: 12273
polytomy of size 3; rounds with additions with at least 5 support: 0; clusters: 12273
polytomy of size 4; rounds with additions with at least 5 support: 0; clusters: 12273
polytomy of size 16; rounds with additions with at least 5 support: 1; clusters: 12277
Threshold 0.3333333333333333:
polytomy of size 3; rounds with additions with at least 5 support: 0; clusters: 12277
polytomy of size 3; rounds with additions with at least 5 support: 0; clusters: 12277
polytomy of size 4; rounds with additions with at least 5 support: 0; clusters: 12277
polytomy of size 3; rounds with additions with at least 5 support: 0; clusters: 12277
polytomy of size 3; rounds with additions with at least 5 support: 0; clusters: 12277
polytomy of size 4; rounds with additions with at least 5 support: 0; clusters: 12277
polytomy of size 3; rounds with additions with at least 5 support: 0; clusters: 12277
polytomy of size 5; rounds with additions with at least 5 support: 0; clusters: 12277
polytomy of size 3; rounds with additions with at least 5 support: 0; clusters: 12277
polytomy of size 4; rounds with additions with at least 5 support: 0; clusters: 12277
polytomy of size 3; rounds with additions with at least 5 support: 0; clusters: 12277
polytomy of size 4; rounds with additions with at least 5 support: 0; clusters: 12277
polytomy of size 25; rounds with additions with at least 5 support: 0; clusters: 12277
polytomy of size 3; rounds with additions with at least 5 support: 0; clusters: 12277
max k is :2
Number of Clusters after addition by greedy: 12277
gradient0 in heuristiic: 12277
partitions formed in 7.215 secs
Dynamic Programming starting after 7.215 secs
Using tree-based weight calculation.
Using polytree-based weight calculation.
Polytree max score: 13199670000
Polytree building time: 0.232 seconds.
Number of quartet trees in the gene trees: 13199670000
Size of largest cluster: 201
Greedy score: 8442165272
estimationFactor: 1.563540818583491
Sub-optimal score: 9080856626
Total Number of elements weighted: 25683
Normalized score (portion of input quartet trees satisfied before correcting for multiple individuals): 0.7196010010856332
Optimization score: 9498495746
Optimal tree inferred in 17.944 secs.
(171,(147,(((45,47),((110,(84,198)),(185,((64,60),(179,37))))),(69,((36,49),(163,(((131,57),(114,((129,19),(16,((8,97),(195,142)))))),((156,(46,((124,98),(73,31)))),(18,(((166,111),((55,(158,95)),(35,((126,105),((164,(88,159)),((107,119),(106,51))))))),(((96,(4,(76,116))),(94,(196,((13,48),(188,9))))),((197,(70,85)),(((144,(72,41)),((29,108),(91,(184,(133,(134,(130,2))))))),((((50,(153,99)),((101,11),(77,(148,135)))),((10,((122,(161,39)),(12,(162,58)))),((113,((168,20),(1,(151,61)))),(182,((24,90),(44,(152,32))))))),((0,((183,128),((83,34),(87,((165,(137,26)),(((127,81),(112,(78,27))),((194,103),((66,169),((118,132),(6,190)))))))))),(((199,(157,89)),((176,((181,(82,109)),((56,(174,172)),(155,((62,177),(187,22)))))),(((75,(180,(17,86))),(189,((143,15),((173,140),(186,21))))),(((71,30),(3,125)),((160,79),(25,(63,(93,(80,42))))))))),(((74,54),(38,92)),((((170,150),((136,193),(175,((102,167),(139,200))))),(((52,149),(192,(67,65))),(115,((145,40),(14,178))))),(((191,138),(117,59)),(((141,(33,104)),(123,(43,100))),((53,(121,(146,(28,68)))),((5,154),(120,(23,7))))))))))))))))))))))));
Final quartet score is: 9498495746
Final normalized quartet score is: 0.7196010010856332
Extended species tree:
(12,((162,58)1:2.4999445271525413,((122,(161,39)0.98:0.1356658651531553)1:4.897839799950916,(10,(((113,((168,20)1:2.439792933635655,(1,(151,61)1:2.6950192371105706)0.6:0.042496709988813386)0.65:0.06686294522912611)1:3.0832391319785897,(182,((24,90)1:3.288401887516811,(44,(152,32)1:2.06403245528323)0.95:0.11875918205108503)1:2.997136499226743)1:0.5049573999007325)1:0.6481697231351377,(((50,(153,99)1:0.3760512229018711)1:2.4908946916326236,((101,11)1:2.412933150162912,(77,(148,135)1:1.0058133800215605)1:0.4700036292457356)1:2.520353398783746)1:2.8231433155721715,(((0,((183,128)1:1.5519861741473355,((83,34)1:1.913124683378912,(87,((165,(137,26)1:4.204692619390971)1:0.5254750761887668,(((127,81)1:1.6792361209545763,(112,(78,27)1:1.37147927533475)1:1.4957074813288938)1:1.1561256867710368,((194,103)1:4.210755868802027,((66,169)1:2.1732602968974906,((118,132)1:1.5477576182858084,(6,190)1:0.45429315465282627)0.98:0.13344392173587188)1:2.2482899672635903)1:0.7011552366825698)1:0.527864660363843)1:1.666329522742073)0.43:0.014329202044048308)0.78:0.11711038550953619)1:0.7369258303697486)0.77:0.06841119612781546,(((199,(157,89)1:0.5411309732613196)1:4.492374691842744,((176,((181,(82,109)1:0.3231288214475286)1:4.1739209607242165,((56,(174,172)1:3.288401887516811)1:1.7018985484378242,(155,((62,177)1:1.806566639474257,(187,22)1:1.3862943611198908)1:2.6358641390361024)0.63:0.04491601802309459)0.91:0.1025684553763903)1:1.2531430849538046)1:0.6419396810185779,(((75,(180,(17,86)1:0.4319316812963277)1:1.3852342368346282)1:0.7518408974150735,(189,((143,15)1:0.9611491978800621,((173,140)1:1.9539352943407537,(186,21)1:2.1260445396269154)1:0.22059943097752932)1:0.24746958815661296)1:1.1054304521139153)1:1.1333553047921585,(((71,30)1:0.4221483161367195,(3,125)1:3.808577345651121)0.99:0.14332477088845583,((160,79)1:2.7455982102968424,(25,(63,(93,(80,42)1:0.2626696028016983)0.56:0.0378503365395836)0.59:0.040482550665608755)1:1.9729891465738871)1:0.9540274720333577)1:0.5396335933958161)1:2.2095381539359655)1:0.6360790131011053)1:0.35505835579076334,(((74,54)1:4.897839799950916,(38,92)1:3.799227511282799)1:1.896225798971224,((((170,150)1:1.904864298995564,((136,193)1:3.2863421545537994,(175,((102,167)1:0.4492640556871158,(139,200)1:0.9660141672265862)1:1.1192315758708453)1:0.9759685409421811)1:2.1066746921381956)1:1.8816779217456243,(((52,149)1:1.0060889197709642,(192,(67,65)1:2.8183982582710745)1:1.4173849481899217)1:1.5737710127281705,(115,((145,40)1:1.447852254119324,(14,178)1:2.295150114506528)1:4.204692619390971)0.97:0.12096265746575605)1:0.5302022124034004)0.51:0.0417147077019976,(((191,138)1:1.815836694270544,(117,59)1:2.4971795484324675)1:1.48325976095658,(((141,(33,104)1:0.7869659357776003)1:4.492374691842744,(123,(43,100)1:2.5952547069568657)1:2.2387165245063128)1:0.44002968851352064,((53,(121,(146,(28,68)1:0.4910589630583322)1:0.19282427899310386)1:2.0270269348842502)1:1.126674887189423,((5,154)1:0.24705910271076784,(120,(23,7)1:0.3872578322218883)1:0.24387944979338808)1:2.715639291247503)1:0.46143759894684905)1:1.1772448835719436)0.97:0.12619955796084417)1:0.8970798640748022)1:0.35521213298608545)0.72:0.058318440021660124)0.75:0.061618370153853914,(((144,(72,41)1:0.7389567165912395)1:3.487976692458323,((29,108)1:4.897839799950916,(91,(184,(133,(134,(130,2)1:0.9465960813694838)1:0.6856370027943047)1:1.5078157188868813)1:0.38614941864414976)1:1.7246770131794067)1:0.9826988533396458)1:1.2005703062127449,((197,(70,85)1:1.4321038971511846)1:3.634367318114877,(((96,(4,(76,116)1:4.202170549958266)1:0.21740205333302456)1:2.7445162528077063,(94,(196,((13,48)1:3.5083778720393766,(188,9)1:1.2327824617849923)0.83:0.07941149764837611)1:1.2056964473841012)1:0.9855550486764862)0.69:0.05583385684590787,(((166,111)1:4.897839799950916,((55,(158,95)1:2.4962781619089633)1:0.5885697596274986,(35,((126,105)1:0.30653765366818997,((164,(88,159)0.92:0.10196577841606108)1:0.776646707567819,((107,119)1:1.1250788618562733,(106,51)1:3.286880203226229)1:0.22115643886569464)1:1.601432430562327)0.54:0.038494244267707346)0.88:0.08871932481801353)1:0.8575465292175624)1:0.9938708365000274,(18,((156,(46,((124,98)1:1.8540427884471857,(73,31)1:3.799227511282799)1:0.5648265686481924)1:0.7180038900424841)1:0.3204460047335625,(((131,57)1:2.174204867832001,(114,((129,19)1:4.204692619390971,(16,((8,97)1:0.40926046715019987,(195,142)0.76:0.07343215867581668)1:0.6820153401911011)1:1.4941969572592482)1:0.5625287342034385)1:0.3348286712376949)1:0.23600450133940357,(163,((36,49)1:1.2667173916018808,(69,(((45,47)1:2.8316565741119946,((110,(84,198)0.52:0.030305349495329037)1:3.674064368328803,(185,((64,60)1:1.4308356661631902,(179,37)1:2.3737368418369065)0.99:0.14483255493854286)1:0.2939960546089842)1:1.031182984256676)0.89:0.08945345963296539,(147,171)1:2.625713914441576)1:0.7503326808631555)1:0.732780432655449)1:0.22667555180761378)1:0.3190437061145864)0.88:0.09040650430587546)1:0.34456917460660075)1:0.25879377975653733)1:0.68255710937526)0.63:0.05707853806359128)1:0.4471407302101662)0.4:0.012538581257400273)1:0.49336218076232585)1:0.3930151304474485)1:1.290604036781528)0.79:0.06920996141112183)1:1.4474453365145235));
Weight calculation took 9.256704432 secs
ASTRAL finished in 20.758 secs
