
================== ASTRAL ===================== 

This is ASTRAL version 5.7.8
Gene trees are treated as unrooted
50 trees read from Dataset/AstralII_data/model.200.2000000.0.000001/07/estimatedgenetre.halfresolved_50
index0
All output trees will be *arbitrarily* rooted at 12

======== Running the main analysis
Number of taxa: 201 (201 species)
Taxa: [12, 162, 58, 152, 32, 44, 24, 90, 113, 151, 61, 168, 1, 20, 182, 148, 135, 101, 11, 77, 153, 99, 50, 53, 10, 161, 39, 122, 23, 120, 5, 7, 154, 18, 163, 55, 0, 29, 108, 134, 133, 91, 184, 130, 2, 176, 87, 137, 26, 194, 103, 6, 190, 66, 169, 118, 132, 112, 78, 27, 127, 81, 165, 62, 177, 187, 22, 56, 174, 172, 181, 82, 109, 155, 3, 125, 189, 75, 80, 25, 93, 42, 63, 160, 79, 71, 30, 17, 86, 180, 173, 140, 186, 21, 143, 15, 157, 89, 199, 94, 196, 13, 48, 188, 9, 197, 70, 85, 83, 183, 128, 34, 123, 43, 100, 28, 68, 121, 146, 141, 33, 104, 74, 54, 38, 92, 96, 76, 116, 4, 115, 14, 178, 145, 40, 52, 149, 192, 67, 65, 170, 150, 136, 193, 175, 102, 167, 139, 200, 117, 59, 191, 138, 166, 111, 158, 95, 126, 105, 88, 164, 159, 106, 51, 107, 119, 45, 64, 179, 37, 60, 84, 110, 198, 185, 47, 36, 49, 69, 131, 57, 147, 171, 156, 129, 19, 195, 16, 142, 8, 97, 114, 46, 73, 31, 124, 98, 35, 72, 41, 144]
Taxon occupancy: {110=50, 111=50, 112=50, 113=50, 114=50, 115=50, 116=50, 117=50, 118=50, 119=50, 10=50, 11=50, 12=50, 13=50, 14=50, 15=50, 16=50, 17=50, 18=50, 19=50, 120=50, 0=50, 121=50, 1=50, 122=50, 2=50, 123=50, 3=50, 124=50, 125=50, 4=50, 5=50, 126=50, 6=50, 127=50, 7=50, 128=50, 129=50, 8=50, 9=50, 20=50, 21=50, 22=50, 23=50, 24=50, 25=50, 26=50, 27=50, 28=50, 29=50, 130=50, 131=50, 132=50, 133=50, 134=50, 135=50, 136=50, 137=50, 138=50, 139=50, 30=50, 31=50, 32=50, 33=50, 34=50, 35=50, 36=50, 37=50, 38=50, 39=50, 140=50, 141=50, 142=50, 143=50, 144=50, 145=50, 146=50, 147=50, 148=50, 149=50, 40=50, 41=50, 42=50, 43=50, 44=50, 45=50, 46=50, 47=50, 48=50, 49=50, 150=50, 151=50, 152=50, 153=50, 154=50, 155=50, 156=50, 157=50, 158=50, 159=50, 50=50, 51=50, 52=50, 53=50, 54=50, 55=50, 56=50, 57=50, 58=50, 59=50, 160=50, 161=50, 162=50, 163=50, 164=50, 165=50, 166=50, 167=50, 168=50, 169=50, 60=50, 61=50, 62=50, 63=50, 64=50, 65=50, 66=50, 67=50, 68=50, 69=50, 170=50, 171=50, 172=50, 173=50, 174=50, 175=50, 176=50, 177=50, 178=50, 179=50, 70=50, 71=50, 72=50, 73=50, 74=50, 75=50, 76=50, 77=50, 78=50, 79=50, 180=50, 181=50, 182=50, 183=50, 184=50, 185=50, 186=50, 187=50, 188=50, 189=50, 80=50, 81=50, 82=50, 83=50, 84=50, 85=50, 86=50, 87=50, 88=50, 89=50, 190=50, 191=50, 192=50, 193=50, 194=50, 195=50, 196=50, 197=50, 198=50, 199=50, 90=50, 91=50, 92=50, 93=50, 94=50, 95=50, 96=50, 97=50, 98=50, 99=50, 200=50, 100=50, 101=50, 102=50, 103=50, 104=50, 105=50, 106=50, 107=50, 108=50, 109=50}
Number of gene trees: 50
0 trees have missing taxa
Calculating quartet distance matrix (for completion of X)
Species tree distances calculated ...
Building set of clusters (X) from gene trees 
------------------------------
gradient0: 4751
Number of Clusters after addition by distance: 4751
calculating extra bipartitions to be added at level 1 ...
Adding to X using resolutions of greedy consensus ...
Limit for sigma of degrees:5075
polytomy size limit : 25
discarded polytomies:  [3, 3, 3, 3, 3, 3, 3, 3, 3, 3, 3, 3, 3, 3, 3, 3, 4, 4, 4, 4, 4, 4, 5, 6, 7, 7, 10, 25]
Threshold 0.0:
polytomy of size 3; rounds with additions with at least 5 support: 0; clusters: 4757
Threshold 0.01:
polytomy of size 3; rounds with additions with at least 5 support: 0; clusters: 4757
Threshold 0.02:
polytomy of size 3; rounds with additions with at least 5 support: 0; clusters: 4757
Threshold 0.05:
polytomy of size 3; rounds with additions with at least 5 support: 0; clusters: 4757
polytomy of size 6; rounds with additions with at least 5 support: 6; clusters: 4791
Threshold 0.1:
polytomy of size 4; rounds with additions with at least 5 support: 0; clusters: 4791
polytomy of size 3; rounds with additions with at least 5 support: 1; clusters: 4793
polytomy of size 7; rounds with additions with at least 5 support: 0; clusters: 4793
Threshold 0.2:
polytomy of size 4; rounds with additions with at least 5 support: 0; clusters: 4793
polytomy of size 3; rounds with additions with at least 5 support: 0; clusters: 4793
polytomy of size 3; rounds with additions with at least 5 support: 0; clusters: 4793
polytomy of size 4; rounds with additions with at least 5 support: 0; clusters: 4793
polytomy of size 7; rounds with additions with at least 5 support: 0; clusters: 4793
polytomy of size 10; rounds with additions with at least 5 support: 0; clusters: 4799
Threshold 0.3333333333333333:
polytomy of size 3; rounds with additions with at least 5 support: 0; clusters: 4799
polytomy of size 3; rounds with additions with at least 5 support: 0; clusters: 4799
polytomy of size 3; rounds with additions with at least 5 support: 0; clusters: 4799
polytomy of size 3; rounds with additions with at least 5 support: 0; clusters: 4799
polytomy of size 3; rounds with additions with at least 5 support: 0; clusters: 4799
polytomy of size 4; rounds with additions with at least 5 support: 0; clusters: 4799
polytomy of size 5; rounds with additions with at least 5 support: 0; clusters: 4799
polytomy of size 3; rounds with additions with at least 5 support: 0; clusters: 4799
polytomy of size 4; rounds with additions with at least 5 support: 0; clusters: 4799
polytomy of size 3; rounds with additions with at least 5 support: 0; clusters: 4799
polytomy of size 3; rounds with additions with at least 5 support: 0; clusters: 4799
polytomy of size 3; rounds with additions with at least 5 support: 0; clusters: 4799
polytomy of size 4; rounds with additions with at least 5 support: 0; clusters: 4799
polytomy of size 25; rounds with additions with at least 5 support: 0; clusters: 4807
max k is :12
Number of Clusters after addition by greedy: 4807
gradient0 in heuristiic: 4807
partitions formed in 6.198 secs
Dynamic Programming starting after 6.198 secs
Using tree-based weight calculation.
Using polytree-based weight calculation.
Polytree max score: 3299917500
Polytree building time: 0.273 seconds.
Number of quartet trees in the gene trees: 3299917500
Size of largest cluster: 201
Greedy score: 2204511806
estimationFactor: 1.4968926412726138
Sub-optimal score: 2284231288
Total Number of elements weighted: 7289
Normalized score (portion of input quartet trees satisfied before correcting for multiple individuals): 0.7237977213066691
Optimization score: 2388472767
Optimal tree inferred in 9.457 secs.
(171,(147,(((45,47),((198,(84,110)),(185,((64,60),(179,37))))),(69,((36,49),(163,(((131,57),(114,((129,19),(16,(195,(142,(8,97))))))),((156,(46,((124,98),(73,31)))),(18,(((166,111),((55,(158,95)),(35,((126,105),((88,(164,159)),((107,119),(106,51))))))),((197,(70,85)),(((96,(4,(76,116))),(94,(196,((188,9),(13,48))))),(((144,(72,41)),((29,108),(91,(184,(133,(134,(130,2))))))),((0,(((183,128),(83,34)),(87,((165,(137,26)),(((127,81),(112,(78,27))),((194,103),((118,132),((66,169),(6,190))))))))),((((50,(153,99)),((101,11),(77,(148,135)))),((10,((122,(161,39)),(12,(162,58)))),((113,((151,61),(1,(168,20)))),(182,((24,90),(44,(152,32))))))),(((199,(157,89)),((176,((181,(82,109)),((56,(174,172)),(155,((62,177),(187,22)))))),(((75,(180,(17,86))),(189,((143,15),((173,140),(186,21))))),(((71,30),(3,125)),((160,79),(63,(25,(93,(80,42))))))))),(((74,54),(38,92)),(((191,138),(117,59)),((((141,(33,104)),(123,(43,100))),((53,(121,(146,(28,68)))),((5,154),(120,(23,7))))),(((170,150),((136,193),(175,((102,167),(139,200))))),(((52,149),(192,(67,65))),(115,((145,40),(14,178))))))))))))))))))))))));
Final quartet score is: 2388472767
Final normalized quartet score is: 0.7237977213066691
Extended species tree:
(12,((162,58)1:2.8332133440562166,((122,(161,39)0.63:0.09237332013101504)1:3.5263605246161593,(10,(((113,((151,61)1:2.4277482359480516,(1,(168,20)1:1.44250952697291)0.67:0.10855020448704389)0.59:0.07109592168373022)1:2.800508863669803,(182,((24,90)1:3.5263605246161593,(44,(152,32)1:2.4277482359480516)0.87:0.17645643734155653)1:2.41754406577381)0.96:0.2567446447888777)1:0.6774316497608309,(((50,(153,99)0.95:0.23052365861183224)1:2.2735975561207935,((101,11)1:1.9169226121820613,(77,(148,135)1:0.6359887667199969)1:0.7230001437096266)1:2.4277482359480516)1:2.8314001069320347,((((199,(157,89)1:0.7537718023763802)1:3.5263605246161593,((176,((181,(82,109)1:0.4818380868927383)1:3.5263605246161593,((56,(174,172)1:2.4277482359480516)1:1.2672996922844026,(155,((62,177)1:1.5804503755608483,(187,22)1:1.4469189829363254)1:2.803060305885529)0.59:0.07505794613020181)0.49:0.04397669014618369)1:1.327740683605819)1:0.49041613218975255,(((75,(180,(17,86)1:0.3485171541237753)1:1.2750687260096663)1:0.5377967405407826,(189,((143,15)1:0.7861824236011121,((173,140)1:2.4311380697025626,(186,21)1:2.142607460924944)1:0.3692509986707843)1:0.3587779941355112)1:1.0246729508119619)1:0.8732557561768154,(((71,30)1:0.6066709322939856,(3,125)1:2.8332133440562166)0.62:0.07903794209031413,((160,79)1:2.4277482359480516,(63,(25,(93,(80,42)0.7:0.1253315072948364)0.76:0.12550160970287969)0.42:0.020108796610200833)1:1.9169226121820613)1:0.8184331380728939)1:0.49851943091093204)1:2.00084173853006)1:0.8176853648624857)0.99:0.3114781464404989,(((74,54)1:3.5263605246161593,(38,92)1:3.5263605246161593)1:1.9774316126400595,(((191,138)1:2.8332133440562166,(117,59)1:1.9169226121820613)1:1.3734300610092358,((((141,(33,104)1:0.6931471805599453)1:3.5263605246161593,(123,(43,100)1:2.14006616349627)1:2.7832029234815554)0.99:0.31077659859284207,((53,(121,(146,(28,68)0.75:0.1253315072948364)0.65:0.09237332013101504)1:1.6805338341178306)1:1.3051388190372717,((5,154)0.61:0.08167803101426713,(120,(23,7)0.99:0.30809094408298804)0.96:0.249215791623985)1:2.722865286887349)1:0.44423568411460623)1:1.2923516854946075,(((170,150)1:1.9379760213798933,((136,193)1:2.7379031642518896,(175,((102,167)1:0.5558159100256479,(139,200)1:1.0842342154370157)1:1.1073538665640537)1:0.9431413337721671)1:2.4277482359480516)1:1.7204164203961498,(((52,149)1:0.8183103235139515,(192,(67,65)1:2.8332133440562166)1:1.2237754316221159)1:1.8933628932336428,(115,((145,40)1:1.4469189829363254,(14,178)1:1.9169226121820613)1:3.5263605246161593)0.9:0.18663017883837818)1:0.5189494616394342)0.37:0.0029787064937857716)0.44:0.0437499797720075)1:1.0135687278485719)0.97:0.2604132680159979)0.4:0.014998666674280152,((0,(((183,128)1:1.6065308252986035,(83,34)1:1.698868130375322)0.89:0.20379027713501677,(87,((165,(137,26)1:3.5263605246161593)1:0.5422337971824788,(((127,81)1:2.134977093988801,(112,(78,27)1:1.5804503755608483)1:1.9169226121820613)1:1.2305358202941663,((194,103)1:3.5263605246161593,((118,132)1:1.1514547700424895,((66,169)1:1.822535793477506,(6,190)1:0.6910591857670529)0.67:0.11720345251592344)1:1.8216124323777365)1:0.44086210220323546)1:0.34969654855727034)1:1.3701456994230787)0.35:0.0)1:0.8406244819540315)0.47:0.034979144678125414,(((144,(72,41)1:1.0414538748281608)1:2.4277482359480516,((29,108)1:3.5263605246161593,(91,(184,(133,(134,(130,2)1:0.8873031950009027)1:0.5056880524343867)1:1.2927683031090678)1:0.4818380868927383)1:1.6392908755837816)1:0.8309039107752577)1:0.8667183647428287,(((96,(4,(76,116)1:3.5263605246161593)1:0.34809521071027394)1:2.5228839109094268,(94,(196,((188,9)1:1.3274453298020341,(13,48)1:2.4277482359480516)0.93:0.23052365861183224)1:1.1983326314496745)1:1.2997861391280148)0.77:0.12942798232515157,((197,(70,85)1:1.7346010553881062)1:2.4388279079706656,(((166,111)1:3.5263605246161593,((55,(158,95)1:2.14006616349627)1:0.40039350983073974,(35,((126,105)0.99:0.32878129960846997,((88,(164,159)0.54:0.0926992122636044)1:1.0208345876254252,((107,119)1:1.327445329802036,(106,51)1:2.607028736166227)0.97:0.25236540052688095)1:1.3397047177842865)0.62:0.07982183219004617)0.63:0.10389113625117248)1:0.9564057938155549)1:0.731399504621847,(18,((156,(46,((124,98)1:1.7346010553881062,(73,31)1:2.8332133440562166)1:0.6028149930379983)1:0.6919412714599336)0.93:0.2071027834472536,(((131,57)1:1.926391383610913,(114,((129,19)1:3.5263605246161593,(16,(195,(142,(8,97)1:0.39152528729405467)0.71:0.12499395252978047)1:0.6359887667199969)1:1.560402319376457)1:0.39606112556411566)1:0.35244451275253674)1:0.3743535530492509,(163,((36,49)1:1.0860654366163192,(69,(((45,47)1:2.8332133440562166,((198,(84,110)0.54:0.060624621816434854)1:2.4277482359480516,(185,((64,60)1:1.3291359472799418,(179,37)1:2.2714244295864807)0.99:0.30702562146705253)0.46:0.033483873095600525)1:1.0814520861990753)0.63:0.11703926470353897,(147,171)1:2.4967411074350045)1:0.8731560195058695)1:0.6045777025579065)0.85:0.16128236440257368)0.99:0.3329928066682254)0.53:0.058823744985345525)0.9:0.23886226723542514)0.9:0.2692862744967657)1:0.8505453981306906)0.6:0.07422031506525768)1:0.37326145995409066)0.58:0.07050880560068905)0.58:0.06999250798562147)1:0.48972031398648264)1:0.4260207898146155)1:1.0718053064409505)0.87:0.18014079508646952)1:1.579718043049173));
Weight calculation took 2.121151194 secs
ASTRAL finished in 11.46 secs
