
================== ASTRAL ===================== 

This is ASTRAL version 5.7.8
Gene trees are treated as unrooted
1000 trees read from Dataset/AstralII_data/model.200.10000000.0.000001/32/estimatedgenetre.halfresolved
index0
All output trees will be *arbitrarily* rooted at 120

======== Running the main analysis
Number of taxa: 201 (201 species)
Taxa: [120, 14, 127, 179, 67, 94, 194, 143, 140, 57, 109, 58, 53, 137, 181, 123, 114, 40, 192, 144, 173, 19, 139, 52, 98, 166, 172, 141, 167, 136, 158, 43, 25, 99, 108, 65, 9, 169, 200, 54, 22, 152, 199, 121, 50, 24, 61, 124, 79, 84, 69, 11, 89, 174, 170, 16, 164, 154, 51, 35, 74, 39, 41, 21, 186, 73, 49, 6, 63, 106, 182, 18, 90, 115, 101, 3, 55, 62, 185, 187, 45, 129, 119, 56, 77, 107, 134, 72, 196, 160, 95, 191, 165, 184, 110, 189, 36, 116, 68, 146, 2, 44, 47, 159, 131, 76, 162, 87, 133, 103, 188, 150, 92, 113, 105, 177, 75, 64, 198, 28, 82, 132, 148, 85, 149, 180, 4, 12, 0, 66, 70, 130, 147, 176, 38, 30, 178, 168, 125, 29, 80, 175, 193, 183, 111, 32, 97, 8, 122, 13, 93, 86, 71, 163, 33, 42, 46, 26, 1, 171, 145, 104, 102, 27, 161, 20, 31, 88, 117, 96, 153, 91, 48, 5, 83, 7, 17, 15, 81, 112, 118, 100, 60, 138, 126, 10, 128, 155, 190, 78, 59, 157, 37, 23, 34, 135, 151, 195, 142, 156, 197]
Taxon occupancy: {110=1000, 111=1000, 112=1000, 113=1000, 114=1000, 115=1000, 116=1000, 117=1000, 118=1000, 119=1000, 10=1000, 11=1000, 12=1000, 13=1000, 14=1000, 15=1000, 16=1000, 17=1000, 18=1000, 19=1000, 120=1000, 121=1000, 0=1000, 122=1000, 1=1000, 123=1000, 2=1000, 124=1000, 3=1000, 4=1000, 125=1000, 5=1000, 126=1000, 127=1000, 6=1000, 7=1000, 128=1000, 129=1000, 8=1000, 9=1000, 20=1000, 21=1000, 22=1000, 23=1000, 24=1000, 25=1000, 26=1000, 27=1000, 28=1000, 29=1000, 130=1000, 131=1000, 132=1000, 133=1000, 134=1000, 135=1000, 136=1000, 137=1000, 138=1000, 139=1000, 30=1000, 31=1000, 32=1000, 33=1000, 34=1000, 35=1000, 36=1000, 37=1000, 38=1000, 39=1000, 140=1000, 141=1000, 142=1000, 143=1000, 144=1000, 145=1000, 146=1000, 147=1000, 148=1000, 149=1000, 40=1000, 41=1000, 42=1000, 43=1000, 44=1000, 45=1000, 46=1000, 47=1000, 48=1000, 49=1000, 150=1000, 151=1000, 152=1000, 153=1000, 154=1000, 155=1000, 156=1000, 157=1000, 158=1000, 159=1000, 50=1000, 51=1000, 52=1000, 53=1000, 54=1000, 55=1000, 56=1000, 57=1000, 58=1000, 59=1000, 160=1000, 161=1000, 162=1000, 163=1000, 164=1000, 165=1000, 166=1000, 167=1000, 168=1000, 169=1000, 60=1000, 61=1000, 62=1000, 63=1000, 64=1000, 65=1000, 66=1000, 67=1000, 68=1000, 69=1000, 170=1000, 171=1000, 172=1000, 173=1000, 174=1000, 175=1000, 176=1000, 177=1000, 178=1000, 179=1000, 70=1000, 71=1000, 72=1000, 73=1000, 74=1000, 75=1000, 76=1000, 77=1000, 78=1000, 79=1000, 180=1000, 181=1000, 182=1000, 183=1000, 184=1000, 185=1000, 186=1000, 187=1000, 188=1000, 189=1000, 80=1000, 81=1000, 82=1000, 83=1000, 84=1000, 85=1000, 86=1000, 87=1000, 88=1000, 89=1000, 190=1000, 191=1000, 192=1000, 193=1000, 194=1000, 195=1000, 196=1000, 197=1000, 198=1000, 199=1000, 90=1000, 91=1000, 92=1000, 93=1000, 94=1000, 95=1000, 96=1000, 97=1000, 98=1000, 99=1000, 200=1000, 100=1000, 101=1000, 102=1000, 103=1000, 104=1000, 105=1000, 106=1000, 107=1000, 108=1000, 109=1000}
Number of gene trees: 1000
0 trees have missing taxa
Calculating quartet distance matrix (for completion of X)
Species tree distances calculated ...
Building set of clusters (X) from gene trees 
------------------------------
gradient0: 7175
Number of Clusters after addition by distance: 7175
calculating extra bipartitions to be added at level 1 ...
Adding to X using resolutions of greedy consensus ...
Limit for sigma of degrees:5075
polytomy size limit : 5
discarded polytomies:  [3, 3, 3, 3, 3, 3, 3, 4, 5]
Threshold 0.0:
Threshold 0.01:
Threshold 0.02:
Threshold 0.05:
Threshold 0.1:
Threshold 0.2:
Threshold 0.3333333333333333:
polytomy of size 5; rounds with additions with at least 5 support: 0; clusters: 7175
polytomy of size 3; rounds with additions with at least 5 support: 0; clusters: 7175
polytomy of size 4; rounds with additions with at least 5 support: 0; clusters: 7175
polytomy of size 3; rounds with additions with at least 5 support: 0; clusters: 7175
polytomy of size 3; rounds with additions with at least 5 support: 0; clusters: 7175
polytomy of size 3; rounds with additions with at least 5 support: 0; clusters: 7175
polytomy of size 3; rounds with additions with at least 5 support: 0; clusters: 7175
polytomy of size 3; rounds with additions with at least 5 support: 0; clusters: 7175
polytomy of size 3; rounds with additions with at least 5 support: 0; clusters: 7175
max k is :0
Number of Clusters after addition by greedy: 7175
gradient0 in heuristiic: 7175
partitions formed in 17.038 secs
Dynamic Programming starting after 17.038 secs
Using tree-based weight calculation.
Using polytree-based weight calculation.
Polytree max score: 65998350000
Polytree building time: 1.819 seconds.
Number of quartet trees in the gene trees: 65998350000
Size of largest cluster: 201
Greedy score: 59432151879
estimationFactor: 1.110482254359027
Sub-optimal score: 60587665496
Total Number of elements weighted: 15369
Normalized score (portion of input quartet trees satisfied before correcting for multiple individuals): 0.9305860970463655
Optimization score: 61417146938
Optimal tree inferred in 26.115 secs.
(38,(30,((147,176),((130,(((33,(42,46)),((93,86),(71,163))),(((175,(29,80)),(193,(178,(168,125)))),((183,111),((122,13),(32,(97,8))))))),((66,70),(0,(((56,(77,107)),(134,(191,((72,165),(196,(160,95)))))),((((150,(92,113)),((177,((132,(28,82)),(75,(64,198)))),(105,((4,12),(180,(148,(85,149))))))),((110,(184,189)),((36,116),((68,146),(188,((47,(2,44)),((87,(133,103)),(162,(159,(131,76)))))))))),((((26,153),((1,(91,(48,5))),((20,31),((88,(117,96)),(171,(145,(102,(104,(27,161))))))))),(54,(22,((((89,174),(69,(84,11))),((152,199),(61,((50,24),(121,(124,79)))))),(((170,16),(((21,186),(73,49)),((51,35),(154,(164,(39,(74,41))))))),(((129,119),(185,(187,45))),((106,(90,(182,18))),((6,63),((101,3),(115,(55,62))))))))))),((((139,52),(166,(141,(98,172)))),((173,19),(114,(40,(192,144))))),((167,(((169,200),(65,9)),((99,108),(158,(136,(43,25)))))),((((137,(181,123)),(120,((14,127),(179,67)))),((94,194),((143,109),((58,53),(140,57))))),(((100,(60,138)),((128,(126,10)),(155,(190,78)))),((37,((151,(195,142)),(23,(34,135)))),((156,197),((59,157),((83,7),(15,(17,(81,(112,118)))))))))))))))))))));
Final quartet score is: 61417146938
Final normalized quartet score is: 0.9305860970463655
Extended species tree:
(120,(((14,127)1:0.8525564176406707,(179,67)1:0.3940420884426909)1:1.986950698925581,((137,(181,123)1:2.742089555513494)1:1.1751117219102063,(((94,194)1:4.739701078945684,((143,109)1:0.7860595611370536,((58,53)1:5.404677382538943,(140,57)1:3.7316531788440264)1:0.7558543409067384)1:0.3835190663954513)1:1.6144132111953402,((((100,(60,138)1:1.3973441973064757)1:3.795239470104843,((128,(126,10)1:0.46065683752467496)1:2.785660803807134,(155,(190,78)1:1.5404450409471486)1:1.5652250699456358)1:4.711530201978998)1:1.0816293319725565,((37,((151,(195,142)1:2.015164157169295)1:0.48266470839733394,(23,(34,135)0.99:0.06231896577017131)1:3.990984047230948)1:1.5197889723516742)1:2.5543701004086947,((156,197)1:4.069881528202144,((59,157)1:4.1096648675321354,((83,7)1:2.3761552861619646,(15,(17,(81,(112,118)1:1.091575980946905)1:0.5857886318737516)1:1.2775429974938552)1:2.8591461109345127)1:2.2063231933915413)1:0.1768887064160904)0.94:0.047447259802510154)1:0.4597792953518324)1:1.0220231713684451,((167,(((169,200)1:3.265009427111651,(65,9)1:0.9681661678020759)1:1.0247362543560865,((99,108)1:0.30122400381861625,(158,(136,(43,25)1:0.8829986051057185)1:0.2876871435356997)1:1.5967810863196956)1:1.9389414797392202)1:2.162719141049913)1:3.7376155210214606,((((139,52)1:5.116995310087171,(166,(141,(98,172)0.54:0.015574904305986877)1:0.5206136301321536)1:4.510859506516838)1:1.898013670711698,((173,19)1:0.6123363056954632,(114,(40,(192,144)1:0.6339642245535282)1:0.6757334925916975)1:0.9516229112877425)1:5.299316866881121)1:2.8598725911698724,((((26,153)1:1.8350970584240134,((1,(91,(48,5)1:1.6434772668453843)1:6.5032896712070904)1:0.17729322003976627,((20,31)1:5.404677382538943,((88,(117,96)1:4.423848129527227)1:2.5202711712511046,(171,(145,(102,(104,(27,161)0.99:0.06564307749389581)1:0.6116454593812857)1:0.8276780735175503)1:4.941911420593444)1:0.14150755431362758)1:0.5566565772972324)1:1.9062076620687232)1:3.2866891601759938)1:3.4306063774104953,(54,(22,((((89,174)1:5.810142490647089,(69,(84,11)1:1.3616261147043964)1:4.018383021419052)1:2.976929146590896,((152,199)1:2.6114693730964293,(61,((50,24)1:2.840120566790011,(121,(124,79)1:2.4427595867783922)1:0.5414792433831435)0.46:0.012076003541897267)1:1.6017254721651637)1:4.711530201978998)1:2.6701606082485716,(((170,16)1:6.5032896712070904,(((21,186)1:5.128482354074308,(73,49)1:5.810142490647089)1:0.3779829245168806,((51,35)1:1.6781810648537028,(154,(164,(39,(74,41)1:0.2303745483680747)1:1.4598809290739163)1:0.27221583926425413)1:0.18387120843251936)1:5.289158115852096)1:0.0797904746545273)1:0.9394098949557101,(((129,119)1:2.6114693730964293,(185,(187,45)1:2.1858015576707457)1:2.1338418187400348)1:2.3019949483914957,((106,(90,(182,18)1:1.215022640512521)1:2.219983211585575)1:0.28296859962889914,((6,63)1:3.2176612831568736,((101,3)1:2.3547704820972597,(115,(55,62)1:2.0720520854860833)1:0.2303356556893055)1:1.610121740947291)1:0.09062913450441329)1:2.516004478575707)1:2.2923533405404304)1:3.0855629875936894)1:2.2500503507059237)1:0.08186938123027421)1:2.608801567306612)1:0.09637692206423293,((((150,(92,113)1:0.9426080401915286)1:3.5476356212204796,((177,((132,(28,82)1:0.12656272330842938)1:2.2213195049010874,(75,(64,198)1:0.6802437757240373)1:3.9503782923050075)0.91:0.04490291280671241)1:2.5269430263975123,(105,((4,12)1:1.175413502417475,(180,(148,(85,149)1:0.4895868636636034)1:2.0200577153553847)0.53:0.013578282539943582)1:4.393232684248281)1:0.3086005704881813)1:0.6196495241189349)1:1.1183032481591255,((110,(184,189)1:0.648217749004629)1:6.438751150069498,((36,116)1:3.1993522597746185,((68,146)1:5.345836882516041,(188,((47,(2,44)1:1.9913207791759366)1:0.9999211311618917,((87,(133,103)1:0.1771401980519569)1:2.923248997127271,(162,(159,(131,76)1:0.4488621806536228)1:1.329968794833705)1:1.5736234396444677)1:2.683364732459707)1:0.3276360557163962)1:0.16855612904533107)1:0.24699332600347831)1:0.7363725607776616)1:0.4595489795337032)1:6.5032896712070904,(((56,(77,107)1:4.200704578213011)1:6.5032896712070904,(134,(191,((72,165)1:0.8064130734899234,(196,(160,95)1:1.6910231971731264)1:0.29415571225732806)1:0.42909372650160893)1:6.5032896712070904)1:0.9542135863118365)1:6.307682277701484,(0,((66,70)1:6.491795291781395,((130,(((33,(42,46)1:3.507557397653066)1:1.6602396868852833,((93,86)1:2.919770732750946,(71,163)1:1.2856402077264741)1:3.79523947010485)1:3.938340313745519,(((175,(29,80)1:2.8144102170931204)1:1.7703180729826589,(193,(178,(168,125)1:1.1006122893347765)1:2.121263036533175)1:1.9482438724015338)1:1.7831976818436106,((183,111)1:3.177734612942738,((122,13)1:3.4430188765154917,(32,(97,8)1:3.6140408780555155)1:0.07277228906326808)1:1.5948507554052251)1:0.4101714703725747)1:5.015212615777221)1:5.799031265222082)1:0.35912856221354067,((147,176)1:1.1950219738058512,(30,38)1:6.5032896712070904)1:6.497591650092492)1:4.017879557356854)1:3.359469012501349)1:4.10539439840869)1:0.2155259953672227)1:3.5304530758866246)1:5.090692626891359)1:0.4710008932646643)1:0.6366293955828204)1:1.4298999821815692)1:0.0932670501207509)1:6.0978245630988885));
Weight calculation took 6.357923287 secs
ASTRAL finished in 36.212 secs
