
================== ASTRAL ===================== 

This is ASTRAL version 5.7.8
Gene trees are treated as unrooted
200 trees read from Dataset/AstralII_data/model.200.10000000.0.000001/32/estimatedgenetre.halfresolved_200
index0
All output trees will be *arbitrarily* rooted at 120

======== Running the main analysis
Number of taxa: 201 (201 species)
Taxa: [120, 14, 127, 179, 67, 94, 194, 143, 140, 57, 109, 58, 53, 137, 181, 123, 114, 40, 192, 144, 173, 19, 139, 52, 98, 166, 172, 141, 167, 136, 158, 43, 25, 99, 108, 65, 9, 169, 200, 54, 22, 152, 199, 121, 50, 24, 61, 124, 79, 84, 69, 11, 89, 174, 170, 16, 164, 154, 51, 35, 74, 39, 41, 21, 186, 73, 49, 6, 63, 106, 182, 18, 90, 115, 101, 3, 55, 62, 185, 187, 45, 129, 119, 56, 77, 107, 134, 72, 196, 160, 95, 191, 165, 184, 110, 189, 36, 116, 68, 146, 2, 44, 47, 159, 131, 76, 162, 87, 133, 103, 188, 150, 92, 113, 105, 177, 75, 64, 198, 28, 82, 132, 148, 85, 149, 180, 4, 12, 0, 66, 70, 130, 147, 176, 38, 30, 178, 168, 125, 29, 80, 175, 193, 183, 111, 32, 97, 8, 122, 13, 93, 86, 71, 163, 33, 42, 46, 26, 1, 171, 145, 104, 102, 27, 161, 20, 31, 88, 117, 96, 153, 91, 48, 5, 83, 7, 17, 15, 81, 112, 118, 100, 60, 138, 126, 10, 128, 155, 190, 78, 59, 157, 37, 23, 34, 135, 151, 195, 142, 156, 197]
Taxon occupancy: {110=200, 111=200, 112=200, 113=200, 114=200, 115=200, 116=200, 117=200, 118=200, 119=200, 10=200, 11=200, 12=200, 13=200, 14=200, 15=200, 16=200, 17=200, 18=200, 19=200, 120=200, 121=200, 0=200, 122=200, 1=200, 123=200, 2=200, 124=200, 3=200, 4=200, 125=200, 5=200, 126=200, 127=200, 6=200, 7=200, 128=200, 129=200, 8=200, 9=200, 20=200, 21=200, 22=200, 23=200, 24=200, 25=200, 26=200, 27=200, 28=200, 29=200, 130=200, 131=200, 132=200, 133=200, 134=200, 135=200, 136=200, 137=200, 138=200, 139=200, 30=200, 31=200, 32=200, 33=200, 34=200, 35=200, 36=200, 37=200, 38=200, 39=200, 140=200, 141=200, 142=200, 143=200, 144=200, 145=200, 146=200, 147=200, 148=200, 149=200, 40=200, 41=200, 42=200, 43=200, 44=200, 45=200, 46=200, 47=200, 48=200, 49=200, 150=200, 151=200, 152=200, 153=200, 154=200, 155=200, 156=200, 157=200, 158=200, 159=200, 50=200, 51=200, 52=200, 53=200, 54=200, 55=200, 56=200, 57=200, 58=200, 59=200, 160=200, 161=200, 162=200, 163=200, 164=200, 165=200, 166=200, 167=200, 168=200, 169=200, 60=200, 61=200, 62=200, 63=200, 64=200, 65=200, 66=200, 67=200, 68=200, 69=200, 170=200, 171=200, 172=200, 173=200, 174=200, 175=200, 176=200, 177=200, 178=200, 179=200, 70=200, 71=200, 72=200, 73=200, 74=200, 75=200, 76=200, 77=200, 78=200, 79=200, 180=200, 181=200, 182=200, 183=200, 184=200, 185=200, 186=200, 187=200, 188=200, 189=200, 80=200, 81=200, 82=200, 83=200, 84=200, 85=200, 86=200, 87=200, 88=200, 89=200, 190=200, 191=200, 192=200, 193=200, 194=200, 195=200, 196=200, 197=200, 198=200, 199=200, 90=200, 91=200, 92=200, 93=200, 94=200, 95=200, 96=200, 97=200, 98=200, 99=200, 200=200, 100=200, 101=200, 102=200, 103=200, 104=200, 105=200, 106=200, 107=200, 108=200, 109=200}
Number of gene trees: 200
0 trees have missing taxa
Calculating quartet distance matrix (for completion of X)
Species tree distances calculated ...
Building set of clusters (X) from gene trees 
------------------------------
gradient0: 3759
Number of Clusters after addition by distance: 3759
calculating extra bipartitions to be added at level 1 ...
Adding to X using resolutions of greedy consensus ...
Limit for sigma of degrees:5075
polytomy size limit : 5
discarded polytomies:  [3, 3, 3, 3, 3, 3, 4, 5]
Threshold 0.0:
Threshold 0.01:
Threshold 0.02:
Threshold 0.05:
Threshold 0.1:
Threshold 0.2:
Threshold 0.3333333333333333:
polytomy of size 5; rounds with additions with at least 5 support: 0; clusters: 3759
polytomy of size 3; rounds with additions with at least 5 support: 0; clusters: 3759
polytomy of size 4; rounds with additions with at least 5 support: 0; clusters: 3759
polytomy of size 3; rounds with additions with at least 5 support: 0; clusters: 3759
polytomy of size 3; rounds with additions with at least 5 support: 0; clusters: 3759
polytomy of size 3; rounds with additions with at least 5 support: 0; clusters: 3759
polytomy of size 3; rounds with additions with at least 5 support: 0; clusters: 3759
polytomy of size 3; rounds with additions with at least 5 support: 0; clusters: 3759
max k is :0
Number of Clusters after addition by greedy: 3759
gradient0 in heuristiic: 3759
partitions formed in 4.255 secs
Dynamic Programming starting after 4.255 secs
Using tree-based weight calculation.
Using polytree-based weight calculation.
Polytree max score: 13199670000
Polytree building time: 0.294 seconds.
Number of quartet trees in the gene trees: 13199670000
Size of largest cluster: 201
Greedy score: 12021112734
estimationFactor: 1.0980406133840355
Sub-optimal score: 12160640064
Total Number of elements weighted: 5226
Normalized score (portion of input quartet trees satisfied before correcting for multiple individuals): 0.9309964940790186
Optimization score: 12288846493
Optimal tree inferred in 5.765 secs.
(38,(30,((147,176),((130,(((33,(42,46)),((93,86),(71,163))),(((175,(29,80)),(193,(178,(168,125)))),((183,111),((122,13),(32,(97,8))))))),((66,70),(0,(((56,(77,107)),(134,(191,((72,165),(196,(160,95)))))),((((150,(92,113)),(((132,(28,82)),(177,(75,(64,198)))),(105,((4,12),(180,(148,(85,149))))))),((110,(184,189)),((36,116),((68,146),(188,((47,(2,44)),((87,(133,103)),(162,(159,(131,76)))))))))),((((26,153),((1,(91,(48,5))),((20,31),((88,(117,96)),(171,(145,(102,(104,(27,161))))))))),(54,(22,((((89,174),(69,(84,11))),((152,199),((61,(50,24)),(121,(124,79))))),(((170,16),(((21,186),(73,49)),((51,35),(154,(164,(39,(74,41))))))),(((129,119),(185,(187,45))),((106,(90,(182,18))),((6,63),((101,3),(115,(55,62))))))))))),((((139,52),(166,(172,(98,141)))),((173,19),(114,(40,(192,144))))),((167,(((169,200),(65,9)),((99,108),(158,(136,(43,25)))))),((((94,194),((143,109),((58,53),(140,57)))),((137,(181,123)),(120,((14,127),(179,67))))),(((100,(60,138)),((155,(190,78)),(128,(126,10)))),(((59,157),((83,7),(15,(17,(81,(112,118)))))),((156,197),(37,((151,(195,142)),(23,(34,135)))))))))))))))))));
Final quartet score is: 12288846493
Final normalized quartet score is: 0.9309964940790186
Extended species tree:
(120,(((14,127)1:0.820302356045192,(179,67)1:0.3387135524642268)1:1.9800690678666326,((137,(181,123)1:2.8183982582710745)1:1.275850507289177,(((94,194)1:4.291703996380594,((143,109)1:0.6504440632349694,((58,53)1:4.897839799950916,(140,57)1:3.51154543883102)1:0.7861255995936951)1:0.3869802934340612)1:2.056084610181732,((((100,(60,138)1:1.2342781538212648)1:3.393762403174639,((155,(190,78)1:1.3143208614948017)1:1.5656352897757073,(128,(126,10)1:0.3980301296206464)1:2.546464542787433)1:4.897839799950916)1:1.0440034582638964,(((59,157)1:3.514153002238097,((83,7)1:2.2587824703356527,(15,(17,(81,(112,118)1:1.0473698775289573)1:0.567340256696423)1:1.0691984034618165)1:2.6732162484265767)1:2.344455457654156)1:0.21043031737549706,((156,197)1:3.799227511282799,(37,((151,(195,142)1:2.0655181189051754)1:0.6141825067279671,(23,(34,135)0.95:0.11022180251305723)1:3.645076831455545)1:1.542104792365514)1:2.7105993117537137)0.77:0.06936717163814181)1:0.4411088236550749)1:0.8606002640222769,((167,(((169,200)1:3.51154543883102,(65,9)1:0.8729414389302209)1:0.9627515215917692,((99,108)1:0.2534489008095387,(158,(136,(43,25)1:0.6494167105766443)1:0.31798742194710994)1:1.4801131163375452)1:1.9733350356852883)1:2.23525197292546)1:3.4612873264762585,((((139,52)1:4.897839799950916,(166,(172,(98,141)0.52:0.030227652436123468)1:0.4262010065873427)1:4.204692619390971)1:1.7197859696029656,((173,19)1:0.7119801288930373,(114,(40,(192,144)1:0.3869802934340612)1:0.8034952377288108)1:1.1883410586342382)1:4.674696248636701)1:2.696508440662038,((((26,153)1:1.9782688873624843,((1,(91,(48,5)1:1.9021075263969205)1:4.897839799950916)1:0.24648023149344522,((20,31)1:4.897839799950916,((88,(117,96)1:4.897839799950916)1:2.738355550597536,(171,(145,(102,(104,(27,161)0.48:0.022873824350560443)1:0.6351599229095962)1:0.915047723634558)1:4.204692619390971)0.99:0.1398710382927345)1:0.4519773306587956)1:1.825918388039373)1:2.882936779408647)1:3.392752811973287,(54,(22,((((89,174)1:4.204692619390971,(69,(84,11)1:1.160170181667543)1:3.645076831455545)1:2.1897895988487015,((152,199)1:3.106080330722857,((61,(50,24)1:2.9497674878910995)0.93:0.10480787679324999,(121,(124,79)1:2.1236740390622506)1:0.4205029854727047)1:1.8323741883822404)1:4.204692619390971)1:2.7006152226146916,(((170,16)1:4.897839799950916,(((21,186)1:4.897839799950916,(73,49)1:4.897839799950916)1:0.4796969624893264,((51,35)1:1.806797346592598,(154,(164,(39,(74,41)1:0.3027199498163214)1:1.3866732494660294)1:0.31615759527003395)1:0.16713889151561065)1:4.8025296201465935)0.72:0.057261159483857335)1:0.8390635381603695,(((129,119)1:2.4999445271525413,(185,(187,45)1:2.1897895988487015)1:2.064626455894696)1:2.1678106921299247,((106,(90,(182,18)1:1.0911773101805917)1:2.5457396424294862)1:0.3085086779925659,((6,63)1:3.514384516747828,((101,3)1:2.441104027129608,(115,(55,62)1:2.06403245528323)1:0.22034895238319396)1:1.887142739870862)0.75:0.06229960492537686)1:2.5031965625389194)1:2.620034735955353)1:3.0815440780733825)1:2.285245845795483)0.63:0.05121848328554804)1:2.80380427372983)0.94:0.1106261646814203,((((150,(92,113)1:0.8034952377288108)1:3.6656961186582797,(((132,(28,82)1:0.18830959863857716)1:2.01443671137084,(177,(75,(64,198)1:0.6931471805599453)1:3.965435929933636)0.67:0.07219629120448902)1:2.874821086880527,(105,((4,12)1:1.247181558657173,(180,(148,(85,149)1:0.5540999712230915)1:1.8076052409177992)0.67:0.04972343535243062)1:4.099009990668665)1:0.2219871427274378)1:0.4992061356820792)1:1.0500590632511182,((110,(184,189)1:0.6931471805599453)1:4.833301278813353,((36,116)1:3.288401887516811,((68,146)1:4.251212635025864,(188,((47,(2,44)1:1.6769458109264734)1:0.9206847696630478,((87,(133,103)0.99:0.14424960884454666)1:3.0854610435201213,(162,(159,(131,76)1:0.4670230011075977)1:1.4801131163375452)1:1.5078157188868806)1:2.670108023262417)1:0.26021698113745667)0.93:0.10089816750454912)1:0.25289919855107923)1:0.6847380997333381)1:0.60459080707674)1:4.897839799950916,(((56,(77,107)1:3.51154543883102)1:4.897839799950916,(134,(191,((72,165)1:0.7234786947094446,(196,(160,95)1:1.4968107826295862)1:0.28265614103364584)1:0.5432700115100693)1:4.897839799950916)1:1.1366396842573487)1:4.897839799950916,(0,((66,70)1:4.897839799950916,((130,(((33,(42,46)1:2.9519296508955994)1:1.4321038971511846,((93,86)1:3.288401887516811,(71,163)1:1.3143208614948017)1:3.799227511282799)1:3.431502731157489,(((175,(29,80)1:2.8183982582710745)1:1.5479357126763067,(193,(178,(168,125)1:1.11365016603265)1:2.332890442489374)1:1.7151670237466712)1:1.9104757760674376,((183,111)1:3.3717834964558646,((122,13)1:3.51154543883102,(32,(97,8)1:3.1094530152014963)0.56:0.034158918811318856)1:1.8374884672655067)1:0.3623259708136372)1:4.897839799950916)1:4.897839799950916)1:0.3028353965954845,((147,176)1:1.3143208614948017,(30,38)1:4.897839799950916)1:4.897839799950916)1:3.5229741346546453)1:3.51154543883102)1:3.799227511282799)0.99:0.1513600379074409)1:3.5483646662760724)1:4.204692619390971)1:0.49718922293319034)1:0.6235193985934173)1:1.5270269148929585)0.99:0.14028883926233246)1:4.897839799950916));
Weight calculation took 1.012305446 secs
ASTRAL finished in 8.103 secs
