
================== ASTRAL ===================== 

This is ASTRAL version 5.7.8
Gene trees are treated as unrooted
50 trees read from Dataset/AstralII_data/model.200.10000000.0.000001/09/estimatedgenetre.halfresolved_50
index0
All output trees will be *arbitrarily* rooted at 138

======== Running the main analysis
Number of taxa: 201 (201 species)
Taxa: [138, 6, 28, 124, 63, 10, 153, 82, 167, 180, 139, 130, 75, 72, 80, 32, 190, 83, 158, 145, 1, 96, 62, 71, 186, 40, 74, 60, 52, 85, 91, 98, 192, 198, 174, 184, 56, 162, 126, 11, 193, 151, 200, 48, 34, 159, 13, 18, 182, 12, 129, 131, 102, 128, 53, 106, 0, 5, 132, 89, 123, 78, 54, 114, 163, 23, 149, 15, 166, 178, 173, 142, 171, 9, 110, 81, 45, 51, 140, 101, 172, 55, 150, 121, 84, 195, 122, 157, 59, 160, 111, 104, 26, 103, 154, 94, 176, 66, 196, 46, 109, 146, 189, 93, 49, 61, 95, 38, 17, 181, 31, 16, 143, 47, 27, 105, 79, 44, 41, 68, 20, 156, 92, 119, 30, 57, 42, 67, 43, 113, 107, 169, 134, 73, 199, 36, 127, 87, 191, 168, 179, 136, 37, 14, 155, 125, 64, 58, 88, 117, 147, 118, 120, 76, 99, 33, 29, 161, 77, 144, 194, 115, 183, 3, 100, 185, 86, 97, 164, 39, 35, 2, 8, 152, 137, 148, 116, 165, 50, 90, 133, 25, 24, 187, 135, 65, 21, 108, 112, 4, 177, 19, 22, 69, 197, 70, 170, 175, 188, 141, 7]
Taxon occupancy: {110=50, 111=50, 112=50, 113=50, 114=50, 115=50, 116=50, 117=50, 118=50, 119=50, 10=50, 11=50, 12=50, 13=50, 14=50, 15=50, 16=50, 17=50, 18=50, 19=50, 120=50, 0=50, 121=50, 1=50, 122=50, 123=50, 2=50, 124=50, 3=50, 125=50, 4=50, 126=50, 5=50, 6=50, 127=50, 128=50, 7=50, 129=50, 8=50, 9=50, 20=50, 21=50, 22=50, 23=50, 24=50, 25=50, 26=50, 27=50, 28=50, 29=50, 130=50, 131=50, 132=50, 133=50, 134=50, 135=50, 136=50, 137=50, 138=50, 139=50, 30=50, 31=50, 32=50, 33=50, 34=50, 35=50, 36=50, 37=50, 38=50, 39=50, 140=50, 141=50, 142=50, 143=50, 144=50, 145=50, 146=50, 147=50, 148=50, 149=50, 40=50, 41=50, 42=50, 43=50, 44=50, 45=50, 46=50, 47=50, 48=50, 49=50, 150=50, 151=50, 152=50, 153=50, 154=50, 155=50, 156=50, 157=50, 158=50, 159=50, 50=50, 51=50, 52=50, 53=50, 54=50, 55=50, 56=50, 57=50, 58=50, 59=50, 160=50, 161=50, 162=50, 163=50, 164=50, 165=50, 166=50, 167=50, 168=50, 169=50, 60=50, 61=50, 62=50, 63=50, 64=50, 65=50, 66=50, 67=50, 68=50, 69=50, 170=50, 171=50, 172=50, 173=50, 174=50, 175=50, 176=50, 177=50, 178=50, 179=50, 70=50, 71=50, 72=50, 73=50, 74=50, 75=50, 76=50, 77=50, 78=50, 79=50, 180=50, 181=50, 182=50, 183=50, 184=50, 185=50, 186=50, 187=50, 188=50, 189=50, 80=50, 81=50, 82=50, 83=50, 84=50, 85=50, 86=50, 87=50, 88=50, 89=50, 190=50, 191=50, 192=50, 193=50, 194=50, 195=50, 196=50, 197=50, 198=50, 199=50, 90=50, 91=50, 92=50, 93=50, 94=50, 95=50, 96=50, 97=50, 98=50, 99=50, 200=50, 100=50, 101=50, 102=50, 103=50, 104=50, 105=50, 106=50, 107=50, 108=50, 109=50}
Number of gene trees: 50
0 trees have missing taxa
Calculating quartet distance matrix (for completion of X)
Species tree distances calculated ...
Building set of clusters (X) from gene trees 
------------------------------
gradient0: 2719
Number of Clusters after addition by distance: 2719
calculating extra bipartitions to be added at level 1 ...
Adding to X using resolutions of greedy consensus ...
Limit for sigma of degrees:5075
polytomy size limit : 5
discarded polytomies:  [3, 3, 3, 3, 3, 3, 3, 4, 4, 4, 5]
Threshold 0.0:
Threshold 0.01:
Threshold 0.02:
Threshold 0.05:
Threshold 0.1:
polytomy of size 3; rounds with additions with at least 5 support: 0; clusters: 2719
Threshold 0.2:
polytomy of size 3; rounds with additions with at least 5 support: 0; clusters: 2719
polytomy of size 4; rounds with additions with at least 5 support: 0; clusters: 2719
Threshold 0.3333333333333333:
polytomy of size 3; rounds with additions with at least 5 support: 0; clusters: 2719
polytomy of size 4; rounds with additions with at least 5 support: 0; clusters: 2719
polytomy of size 4; rounds with additions with at least 5 support: 0; clusters: 2719
polytomy of size 5; rounds with additions with at least 5 support: 0; clusters: 2719
polytomy of size 3; rounds with additions with at least 5 support: 0; clusters: 2719
polytomy of size 3; rounds with additions with at least 5 support: 0; clusters: 2719
polytomy of size 3; rounds with additions with at least 5 support: 0; clusters: 2719
polytomy of size 3; rounds with additions with at least 5 support: 0; clusters: 2719
max k is :0
Number of Clusters after addition by greedy: 2719
gradient0 in heuristiic: 2719
partitions formed in 4.945 secs
Dynamic Programming starting after 4.945 secs
Using tree-based weight calculation.
Using polytree-based weight calculation.
Polytree max score: 3299917500
Polytree building time: 0.205 seconds.
Number of quartet trees in the gene trees: 3299917500
Size of largest cluster: 201
Greedy score: 3109960956
estimationFactor: 1.061080041417729
Sub-optimal score: 3118277059
Total Number of elements weighted: 3818
Normalized score (portion of input quartet trees satisfied before correcting for multiple individuals): 0.9559419270330243
Optimization score: 3154529494
Optimal tree inferred in 6.195 secs.
(147,(118,(58,((88,117),(64,(((120,(76,99)),((86,(100,185)),((77,(144,194)),((33,(29,161)),(3,(115,183)))))),(97,((36,(73,199)),(134,((164,39),(((107,169),((14,(155,125)),((179,(136,37)),(127,(87,(191,168)))))),(((68,(20,((156,(119,(92,30))),(57,((42,67),(43,113)))))),(27,((105,(79,(44,41))),(17,((181,31),(47,(16,143))))))),(((61,(95,38)),((109,146),(49,(189,93)))),((66,(196,46)),(((106,((200,(193,151)),((11,(162,126)),((18,(34,(159,13))),(48,((182,12),(131,(129,(102,(128,53)))))))))),(0,((54,((123,78),(5,(132,89)))),(((26,(104,(103,154))),((160,111),(157,(122,59)))),(((94,176),((121,(84,195)),((172,(55,150)),(45,(51,(140,101)))))),((142,171),((9,(110,81)),((149,(178,173)),((15,166),(114,(163,23))))))))))),((((35,2),(8,152)),((187,135),((25,24),((90,(165,50)),(133,(137,(148,116))))))),((174,(184,56)),(((124,(6,(138,(28,63)))),(((170,175),(197,70)),(69,(21,(108,(65,(22,(112,(19,(4,177)))))))))),((10,(198,(141,(188,7)))),((91,(98,192)),((153,((180,139),(82,(167,(130,75))))),(((85,(40,74)),(52,(60,(71,186)))),((1,(96,62)),((145,(83,158)),(190,(80,(72,32)))))))))))))))))))))))))));
Final quartet score is: 3154529494
Final normalized quartet score is: 0.9559419270330243
Extended species tree:
(138,((28,63)0.99:0.34830669426821587,(6,(124,((((170,175)1:2.14006616349627,(197,70)1:1.9169226121820613)1:2.4277482359480516,(69,(21,(108,(65,(22,(112,(19,(4,177)1:0.6351473699518052)1:0.9606305269900789)1:0.8875461788436729)1:0.7702530285601723)0.97:0.2605617662325871)1:0.7126907740507654)0.97:0.2848848678307197)1:1.5114575040738965)1:2.4277482359480516,(((10,(198,(141,(188,7)0.65:0.09237332013101504)1:3.5263605246161593)1:0.5324155616362659)0.96:0.24391023619550636,((91,(98,192)1:1.128465251817791)1:3.5263605246161593,((153,((180,139)1:0.8522118751896327,(82,(167,(130,75)0.84:0.1592388651430599)0.47:0.045120435280469655)1:2.4277482359480516)1:3.120895416507997)1:0.9156653532065446,(((85,(40,74)1:1.2237754316221159)1:1.1514547700424895,(52,(60,(71,186)1:0.8862215291301617)0.95:0.23052365861183224)1:1.0986122886681093)1:3.5263605246161593,((1,(96,62)1:3.5263605246161593)1:1.5804503755608483,((145,(83,158)1:2.14006616349627)0.92:0.20312468442371776,(190,(80,(72,32)0.5:0.060624621816434854)1:1.65455834771457)1:0.7063052651374565)1:3.23867845216438)1:1.0631241871917638)0.55:0.06663284900149086)1:0.9507834619566768)0.43:0.026049911654294017)1:0.9557747772318309,((174,(184,56)1:3.5263605246161593)1:2.8332133440562166,((((35,2)0.5:0.060624621816434854,(8,152)1:3.5263605246161593)1:3.5263605246161593,((187,135)1:3.5263605246161593,((25,24)1:3.5263605246161593,((90,(165,50)0.6:0.09237332013101504)1:3.5263605246161593,(133,(137,(148,116)1:0.34830669426821587)1:1.6537777075500237)0.98:0.2674712794584405)0.86:0.17645643734155653)1:1.7586986069671666)1:2.8332133440562166)1:1.0414538748281608,(((106,((200,(193,151)0.82:0.1590646946296874)1:3.119075579791012,((11,(162,126)0.65:0.09237332013101504)1:1.583527301065328,((18,(34,(159,13)1:0.5306282510621702)1:3.5263605246161593)0.55:0.060624621816434854,(48,((182,12)1:2.6508917872622626,(131,(129,(102,(128,53)1:0.5306282510621702)1:0.723000143709626)1:0.40501502933678263)1:0.7241723393660606)1:0.49031208393288755)1:0.6868644373804501)1:2.1258034420483716)1:0.9889697293724184)0.91:0.19415601444095737)1:3.5263605246161593,(0,((54,((123,78)1:0.9114007465799635,(5,(132,89)0.95:0.23089784009421502)1:1.3862943611198908)1:3.5263605246161593)1:1.5804503755608483,(((26,(104,(103,154)1:2.14006616349627)1:0.9217925516173127)1:2.4277482359480516,((160,111)1:2.8332133440562166,(157,(122,59)0.65:0.09237332013101504)1:2.4277482359480516)1:3.5263605246161593)1:1.9169226121820613,(((94,176)1:3.5263605246161593,((121,(84,195)1:1.3291359472799418)1:2.8332133440562166,((172,(55,150)1:1.9169226121820613)1:3.5263605246161593,(45,(51,(140,101)1:2.4277482359480516)1:1.4469189829363254)1:1.9859154836690123)1:0.7073373151490566)1:2.6431115999432993)0.78:0.13584057374461445,((142,171)1:3.5263605246161593,((9,(110,81)1:2.8332133440562166)1:3.5263605246161593,((149,(178,173)1:3.5263605246161593)1:0.7919930151965774,((15,166)1:2.8332133440562166,(114,(163,23)1:1.0422959801410836)1:0.9240488395542786)1:0.5195784148755852)1:1.6094379124341005)1:0.900882824161737)1:1.3394236092805931)1:0.3797921911735987)1:2.1807695487637875)1:2.8332133440562166)1:1.7967783003399966)1:1.2148279422369146,((66,(196,46)1:2.4277482359480516)1:3.5263605246161593,(((61,(95,38)1:3.5263605246161593)1:3.5263605246161593,((109,146)1:1.7346010553881062,(49,(189,93)1:2.1425946098496302)1:1.084013489246957)1:3.5263605246161593)1:1.0303120393342124,(((68,(20,((156,(119,(92,30)1:0.9614111671546247)1:3.5263605246161593)0.98:0.27517886499604527,(57,((42,67)1:3.5263605246161593,(43,113)1:2.8332133440562166)1:1.0414538748281608)1:0.7774883289936961)0.91:0.19952755824286839)1:3.0155349008501675)1:2.6100697927420056,(27,((105,(79,(44,41)1:2.4277482359480516)0.75:0.12397941067745576)1:0.6546315084793302,(17,((181,31)1:1.4060969884160712,(47,(16,143)1:0.7544033148697391)0.9:0.18526706702371137)1:3.5077317047826644)0.94:0.22174900520524127)1:0.37647757123491227)1:3.5263605246161593)1:1.2348072823589291,(((107,169)1:3.5263605246161593,((14,(155,125)1:1.5804503755608483)1:2.6100697927420056,((179,(136,37)1:0.6359887667199969)1:2.0274510979983296,(127,(87,(191,168)0.55:0.060624621816434854)1:3.5263605246161593)0.77:0.14798751325106915)0.59:0.11136982082167039)1:3.5263605246161593)1:0.3862187402904647,((164,39)1:3.5263605246161593,(134,((36,(73,199)1:0.8183103235139515)1:3.5263605246161593,(97,(((120,(76,99)0.94:0.23052365861183224)1:2.347705528274515,((86,(100,185)1:2.146399306893294)0.39:0.01124149499414597,((77,(144,194)0.85:0.1590646946296874)1:1.9882433398345147,((33,(29,161)1:0.5819215454497209)1:2.2735975561207935,(3,(115,183)1:0.5819215454497209)1:2.1407073946820763)0.86:0.17651735537635932)0.5:0.04628785094511107)1:0.5626159265555671)1:3.066828195237721,(64,((88,117)1:0.7964423368773706,(58,(118,147)1:1.0422959801410836)0.45:0.036445456099482756)0.63:0.09776416876589182)1:3.5263605246161593)1:2.8332133440562166)1:0.5813236381075441)0.95:0.2287455386248746)1:1.0972599223309547)0.87:0.18721956716786337)1:2.4361481534631864)1:1.0104210504840316)0.87:0.1725060497143192)1:1.9792540469181612)1:3.5263605246161593)1:2.8332133440562166)1:0.4536350602370879)0.85:0.16192936531707958)1:3.5263605246161593)1:0.7331525151736442)1:0.7855205006909604));
Weight calculation took 0.59999886 secs
ASTRAL finished in 8.192 secs
