
================== ASTRAL ===================== 

This is ASTRAL version 5.7.8
Gene trees are treated as unrooted
200 trees read from Dataset/AstralII_data/model.200.10000000.0.000001/09/estimatedgenetre.halfresolved_200
index0
All output trees will be *arbitrarily* rooted at 138

======== Running the main analysis
Number of taxa: 201 (201 species)
Taxa: [138, 6, 28, 124, 63, 10, 153, 82, 167, 180, 139, 130, 75, 72, 80, 32, 190, 83, 158, 145, 1, 96, 62, 71, 186, 40, 74, 60, 52, 85, 91, 98, 192, 198, 174, 184, 56, 162, 126, 11, 193, 151, 200, 48, 34, 159, 13, 18, 182, 12, 129, 131, 102, 128, 53, 106, 0, 5, 132, 89, 123, 78, 54, 114, 163, 23, 149, 15, 166, 178, 173, 142, 171, 9, 110, 81, 45, 51, 140, 101, 172, 55, 150, 121, 84, 195, 122, 157, 59, 160, 111, 104, 26, 103, 154, 94, 176, 66, 196, 46, 109, 146, 189, 93, 49, 61, 95, 38, 17, 181, 31, 16, 143, 47, 27, 105, 79, 44, 41, 68, 20, 156, 92, 119, 30, 57, 42, 67, 43, 113, 107, 169, 134, 73, 199, 36, 127, 87, 191, 168, 179, 136, 37, 14, 155, 125, 64, 58, 88, 117, 147, 118, 120, 76, 99, 33, 29, 161, 77, 144, 194, 115, 183, 3, 100, 185, 86, 97, 164, 39, 35, 2, 8, 152, 137, 148, 116, 165, 50, 90, 133, 25, 24, 187, 135, 65, 21, 108, 112, 4, 177, 19, 22, 69, 197, 70, 170, 175, 188, 141, 7]
Taxon occupancy: {110=200, 111=200, 112=200, 113=200, 114=200, 115=200, 116=200, 117=200, 118=200, 119=200, 10=200, 11=200, 12=200, 13=200, 14=200, 15=200, 16=200, 17=200, 18=200, 19=200, 120=200, 0=200, 121=200, 1=200, 122=200, 123=200, 2=200, 124=200, 3=200, 125=200, 4=200, 126=200, 5=200, 6=200, 127=200, 128=200, 7=200, 129=200, 8=200, 9=200, 20=200, 21=200, 22=200, 23=200, 24=200, 25=200, 26=200, 27=200, 28=200, 29=200, 130=200, 131=200, 132=200, 133=200, 134=200, 135=200, 136=200, 137=200, 138=200, 139=200, 30=200, 31=200, 32=200, 33=200, 34=200, 35=200, 36=200, 37=200, 38=200, 39=200, 140=200, 141=200, 142=200, 143=200, 144=200, 145=200, 146=200, 147=200, 148=200, 149=200, 40=200, 41=200, 42=200, 43=200, 44=200, 45=200, 46=200, 47=200, 48=200, 49=200, 150=200, 151=200, 152=200, 153=200, 154=200, 155=200, 156=200, 157=200, 158=200, 159=200, 50=200, 51=200, 52=200, 53=200, 54=200, 55=200, 56=200, 57=200, 58=200, 59=200, 160=200, 161=200, 162=200, 163=200, 164=200, 165=200, 166=200, 167=200, 168=200, 169=200, 60=200, 61=200, 62=200, 63=200, 64=200, 65=200, 66=200, 67=200, 68=200, 69=200, 170=200, 171=200, 172=200, 173=200, 174=200, 175=200, 176=200, 177=200, 178=200, 179=200, 70=200, 71=200, 72=200, 73=200, 74=200, 75=200, 76=200, 77=200, 78=200, 79=200, 180=200, 181=200, 182=200, 183=200, 184=200, 185=200, 186=200, 187=200, 188=200, 189=200, 80=200, 81=200, 82=200, 83=200, 84=200, 85=200, 86=200, 87=200, 88=200, 89=200, 190=200, 191=200, 192=200, 193=200, 194=200, 195=200, 196=200, 197=200, 198=200, 199=200, 90=200, 91=200, 92=200, 93=200, 94=200, 95=200, 96=200, 97=200, 98=200, 99=200, 200=200, 100=200, 101=200, 102=200, 103=200, 104=200, 105=200, 106=200, 107=200, 108=200, 109=200}
Number of gene trees: 200
0 trees have missing taxa
Calculating quartet distance matrix (for completion of X)
Species tree distances calculated ...
Building set of clusters (X) from gene trees 
------------------------------
gradient0: 4599
Number of Clusters after addition by distance: 4599
calculating extra bipartitions to be added at level 1 ...
Adding to X using resolutions of greedy consensus ...
Limit for sigma of degrees:5075
polytomy size limit : 5
discarded polytomies:  [3, 3, 3, 3, 4, 4, 4, 5, 5]
Threshold 0.0:
Threshold 0.01:
Threshold 0.02:
Threshold 0.05:
Threshold 0.1:
Threshold 0.2:
polytomy of size 3; rounds with additions with at least 5 support: 0; clusters: 4599
polytomy of size 5; rounds with additions with at least 5 support: 0; clusters: 4599
Threshold 0.3333333333333333:
polytomy of size 4; rounds with additions with at least 5 support: 0; clusters: 4599
polytomy of size 4; rounds with additions with at least 5 support: 0; clusters: 4599
polytomy of size 3; rounds with additions with at least 5 support: 0; clusters: 4599
polytomy of size 4; rounds with additions with at least 5 support: 0; clusters: 4599
polytomy of size 5; rounds with additions with at least 5 support: 0; clusters: 4599
polytomy of size 3; rounds with additions with at least 5 support: 0; clusters: 4599
polytomy of size 3; rounds with additions with at least 5 support: 0; clusters: 4599
max k is :0
Number of Clusters after addition by greedy: 4599
gradient0 in heuristiic: 4599
partitions formed in 4.138 secs
Dynamic Programming starting after 4.138 secs
Using tree-based weight calculation.
Using polytree-based weight calculation.
Polytree max score: 13199670000
Polytree building time: 0.224 seconds.
Number of quartet trees in the gene trees: 13199670000
Size of largest cluster: 201
Greedy score: 12237650188
estimationFactor: 1.0786114815525074
Sub-optimal score: 12460660208
Total Number of elements weighted: 8178
Normalized score (portion of input quartet trees satisfied before correcting for multiple individuals): 0.9520471790582643
Optimization score: 12566708588
Optimal tree inferred in 6.248 secs.
(147,(118,(58,((88,117),(64,(((120,(76,99)),((100,185),((86,(77,(144,194))),((33,(29,161)),(3,(115,183)))))),(97,((36,(73,199)),(134,((164,39),(((107,169),((14,(155,125)),((179,(136,37)),(127,(87,(191,168)))))),(((68,(20,((156,(119,(92,30))),(57,((42,67),(43,113)))))),(27,((105,(79,(44,41))),(17,((181,31),(47,(16,143))))))),(((61,(95,38)),((109,146),(49,(189,93)))),((66,(196,46)),(((106,((151,(193,200)),((11,(162,126)),((18,(34,(159,13))),(48,((182,12),(131,(129,(102,(128,53)))))))))),(0,((54,((123,78),(5,(132,89)))),(((26,(104,(103,154))),((160,111),(59,(122,157)))),(((94,176),((121,(84,195)),((172,(55,150)),(45,(51,(140,101)))))),((142,171),((9,(110,81)),((149,(178,173)),((15,166),(114,(163,23))))))))))),(((35,(2,(8,152))),((187,135),((25,24),((165,(50,90)),(133,(137,(148,116))))))),((174,(184,56)),(((124,(6,(138,(28,63)))),(((170,175),(197,70)),(69,(21,(108,(65,(22,(112,(19,(4,177)))))))))),((10,(198,(188,(141,7)))),((91,(98,192)),((153,((180,139),(82,(75,(167,130))))),(((85,(40,74)),(52,(60,(71,186)))),((1,(96,62)),((145,(83,158)),(190,(80,(72,32)))))))))))))))))))))))))));
Final quartet score is: 12566708588
Final normalized quartet score is: 0.9520471790582643
Extended species tree:
(138,((28,63)1:0.42050298547270487,(6,(124,((((170,175)1:2.007468042054746,(197,70)1:2.15699977602571)1:2.5411874856865904,(69,(21,(108,(65,(22,(112,(19,(4,177)1:0.3650774005498406)1:0.8904143254839137)1:1.106179685758874)1:0.5224698875570487)1:0.36098156857813213)1:0.5181799535493373)1:0.4174300602322433)1:1.6445625483653785)1:3.07411345645325,(((10,(198,(188,(141,7)0.93:0.10204925435417023)1:4.204692619390971)1:1.0095659747344286)1:0.2901437686838216,((91,(98,192)1:1.2342781538212648)1:4.897839799950916,((153,((180,139)1:0.6710060546827318,(82,(75,(167,130)0.46:0.02233409651448883)0.61:0.04191089561563683)1:3.0520131094525853)1:3.239611723347378)1:1.1841745213048698,(((85,(40,74)1:0.7875456699443192)1:1.3391835200427398,(52,(60,(71,186)1:0.8207304565697319)0.99:0.14012283027696976)1:0.933857055592055)1:3.6650735769703306,((1,(96,62)1:2.503163660767154)1:1.4824577832967993,((145,(83,158)1:2.8158761888383648)1:0.1771112733285478,(190,(80,(72,32)0.97:0.1356658651531553)1:2.0644771687405767)1:0.8184208879454864)1:2.804604936138739)1:0.9299238463332302)1:0.2111394677217679)1:1.0972400616744822)0.88:0.08808338282143759)1:0.8994771426493521,((174,(184,56)1:4.897839799950916)1:2.9779803280955415,(((35,(2,(8,152)1:4.892802005920948)0.64:0.05365271349232014)1:4.897839799950916,((187,135)1:4.897839799950916,((25,24)1:4.071161226766431,((165,(50,90)0.93:0.10204925435417023)1:4.897839799950916,(133,(137,(148,116)1:0.333491608483075)1:1.954737540673391)1:0.18776796645548016)1:0.20422480302513965)1:2.56708382999017)1:2.878644927327103)1:1.1852184542816118,(((106,((151,(193,200)0.53:0.030266500211122184)1:4.204692619390971,((11,(162,126)1:0.22647526749127875)1:1.5627592452278143,((18,(34,(159,13)1:0.8373967894044919)1:4.897839799950916)1:0.24667372555759942,(48,((182,12)1:3.3708874390482437,(131,(129,(102,(128,53)1:0.6932225640736066)1:0.7308991645053999)1:0.41747341105844465)1:0.4563110653083619)1:0.4899017834925282)1:0.7038653967799704)1:1.9443866752410262)1:0.9885345096682592)1:0.28801380242662605)1:4.865837068864736,(0,((54,((123,78)1:1.0197183461984471,(5,(132,89)1:0.18840060287033694)1:1.9534008207844709)1:4.897839799950916)1:1.5094694318485105,(((26,(104,(103,154)1:2.8183982582710745)1:0.9270691196926556)1:2.942450906941054,((160,111)1:3.106080330722857,(59,(122,157)0.59:0.0457306250034372)1:2.7006152226146916)1:4.204692619390971)1:2.335972109026782,(((94,176)1:4.281653660527099,((121,(84,195)1:1.602002933946582)1:3.799227511282799,((172,(55,150)1:1.2342781538212648)1:4.897839799950916,(45,(51,(140,101)1:2.007468042054746)1:1.4638525954657653)1:2.306413512731929)1:0.8396560646865857)1:1.7882795596399943)1:0.1983496731708289,((142,171)1:4.351296093582846,((9,(110,81)1:3.288401887516811)1:4.897839799950916,((149,(178,173)1:4.204692619390971)1:0.9503696330815576,((15,166)1:4.204692619390971,(114,(163,23)1:1.026218002165362)1:0.8465429925642309)1:0.6698175307272)1:1.428273523110951)1:1.1950941613052484)1:1.1561270984092749)1:0.38871295138453055)1:1.9855138903457694)1:3.1242176786999782)1:1.8658918694594095)1:1.0445621275122967,((66,(196,46)1:2.332890442489374)1:4.890057659508867,(((61,(95,38)1:2.9519296508955994)1:4.897839799950916,((109,146)1:2.0844290831908756,(49,(189,93)1:1.7627848548392795)1:1.1250788618562733)1:4.897839799950916)1:1.4609812184056867,(((68,(20,((156,(119,(92,30)1:1.208960345836975)1:3.7908028616235514)1:0.2845051176875054,(57,((42,67)1:3.288401887516811,(43,113)1:3.288401887516811)1:1.5294889320610525)1:0.8683231525885583)1:0.2120117109453655)1:3.598556815820643)1:2.5459326278812755,(27,((105,(79,(44,41)1:2.064626455894693)1:0.28254339266381856)1:0.8813205265649677,(17,((181,31)1:1.6923869954148505,(47,(16,143)1:0.650282948990733)1:0.19056439102566633)1:2.9752770148925873)1:0.29216973892116893)1:0.4620749454902287)1:4.255985913778508)1:1.5293156139474038,(((107,169)1:4.897839799950916,((14,(155,125)1:1.9534008207844709)1:2.757773636454644,((179,(136,37)1:0.8034952377288108)1:2.260440692733125,(127,(87,(191,168)1:0.19735943415849522)1:3.51154543883102)1:0.32259755649320687)0.88:0.08777534204074243)1:4.060307642175027)1:0.7766206341939998,((164,39)1:4.892076095234158,(134,((36,(73,199)1:0.7707054149058197)1:4.204821759960659,(97,(((120,(76,99)0.99:0.1529076715876614)1:2.3647191888328147,((100,185)1:2.804996402184064,((86,(77,(144,194)1:0.3869802934340612)1:2.0954027801441426)0.47:0.024053398404384585,((33,(29,161)1:0.6073803588025202)1:2.2594542465983616,(3,(115,183)1:0.4911205526866583)1:2.2844447225938325)0.75:0.06241354581596855)0.98:0.12860695819348728)1:0.6529223792494352)1:3.0922870085905187,(64,((88,117)1:0.8789166483779332,(58,(118,147)1:1.1604107108328636)0.98:0.13286802104143564)0.62:0.045836245789706104)1:3.6727580324147446)1:2.6999946827250936)1:0.824769726903225)1:0.23705062396620188)1:1.2866344735288404)1:0.19281815358767843)1:2.6052424423527336)1:0.8495169035208737)1:0.3009888381679861)1:1.523304230385186)1:4.610157727499152)1:4.204692619390971)1:0.510567975460258)0.99:0.1547079189375449)1:4.897839799950916)1:0.9275478863987898)1:0.8288130457131008));
Weight calculation took 1.643817375 secs
ASTRAL finished in 8.757 secs
