
================== ASTRAL ===================== 

This is ASTRAL version 5.7.8
Gene trees are treated as unrooted
200 trees read from Dataset/AstralII_data/model.200.500000.0.000001/03/estimatedgenetre.halfresolved_200
index0
All output trees will be *arbitrarily* rooted at 1

======== Running the main analysis
Number of taxa: 201 (201 species)
Taxa: [1, 74, 67, 49, 16, 89, 120, 188, 9, 80, 3, 109, 160, 28, 108, 106, 123, 114, 45, 24, 157, 156, 173, 113, 178, 187, 124, 182, 172, 43, 180, 119, 140, 50, 65, 179, 64, 60, 115, 174, 96, 86, 90, 129, 22, 136, 158, 76, 137, 72, 104, 84, 93, 151, 99, 103, 82, 152, 121, 133, 31, 170, 141, 79, 17, 0, 195, 138, 135, 39, 63, 150, 118, 199, 81, 190, 146, 147, 6, 30, 186, 19, 144, 12, 102, 128, 194, 47, 23, 200, 167, 192, 53, 181, 83, 13, 55, 56, 175, 91, 87, 154, 148, 21, 143, 20, 117, 153, 105, 183, 77, 126, 41, 75, 92, 52, 57, 4, 116, 169, 73, 111, 66, 69, 51, 198, 132, 34, 26, 18, 38, 35, 101, 165, 46, 191, 71, 161, 193, 2, 110, 37, 36, 32, 97, 145, 8, 163, 98, 88, 189, 15, 196, 29, 122, 40, 14, 95, 176, 25, 159, 7, 127, 78, 44, 27, 54, 48, 149, 155, 70, 58, 177, 139, 5, 184, 100, 33, 94, 168, 10, 185, 11, 68, 61, 62, 59, 134, 42, 164, 85, 162, 197, 112, 130, 131, 107, 142, 125, 171, 166]
Taxon occupancy: {110=200, 111=200, 112=200, 113=200, 114=200, 115=200, 116=200, 117=200, 118=200, 119=200, 10=200, 11=200, 12=200, 13=200, 14=200, 15=200, 16=200, 17=200, 18=200, 19=200, 120=200, 121=200, 0=200, 1=200, 122=200, 123=200, 2=200, 3=200, 124=200, 4=200, 125=200, 126=200, 5=200, 6=200, 127=200, 128=200, 7=200, 129=200, 8=200, 9=200, 20=200, 21=200, 22=200, 23=200, 24=200, 25=200, 26=200, 27=200, 28=200, 29=200, 130=200, 131=200, 132=200, 133=200, 134=200, 135=200, 136=200, 137=200, 138=200, 139=200, 30=200, 31=200, 32=200, 33=200, 34=200, 35=200, 36=200, 37=200, 38=200, 39=200, 140=200, 141=200, 142=200, 143=200, 144=200, 145=200, 146=200, 147=200, 148=200, 149=200, 40=200, 41=200, 42=200, 43=200, 44=200, 45=200, 46=200, 47=200, 48=200, 49=200, 150=200, 151=200, 152=200, 153=200, 154=200, 155=200, 156=200, 157=200, 158=200, 159=200, 50=200, 51=200, 52=200, 53=200, 54=200, 55=200, 56=200, 57=200, 58=200, 59=200, 160=200, 161=200, 162=200, 163=200, 164=200, 165=200, 166=200, 167=200, 168=200, 169=200, 60=200, 61=200, 62=200, 63=200, 64=200, 65=200, 66=200, 67=200, 68=200, 69=200, 170=200, 171=200, 172=200, 173=200, 174=200, 175=200, 176=200, 177=200, 178=200, 179=200, 70=200, 71=200, 72=200, 73=200, 74=200, 75=200, 76=200, 77=200, 78=200, 79=200, 180=200, 181=200, 182=200, 183=200, 184=200, 185=200, 186=200, 187=200, 188=200, 189=200, 80=200, 81=200, 82=200, 83=200, 84=200, 85=200, 86=200, 87=200, 88=200, 89=200, 190=200, 191=200, 192=200, 193=200, 194=200, 195=200, 196=200, 197=200, 198=200, 199=200, 90=200, 91=200, 92=200, 93=200, 94=200, 95=200, 96=200, 97=200, 98=200, 99=200, 200=200, 100=200, 101=200, 102=200, 103=200, 104=200, 105=200, 106=200, 107=200, 108=200, 109=200}
Number of gene trees: 200
0 trees have missing taxa
Calculating quartet distance matrix (for completion of X)
Species tree distances calculated ...
Building set of clusters (X) from gene trees 
------------------------------
gradient0: 38577
Number of Clusters after addition by distance: 38577
calculating extra bipartitions to be added at level 1 ...
Adding to X using resolutions of greedy consensus ...
Limit for sigma of degrees:5075
polytomy size limit : 55
discarded polytomies: 77 121  [3, 3, 3, 3, 3, 3, 3, 3, 3, 3, 4, 4, 4, 4, 4, 4, 4, 5, 7, 17, 21, 25, 37, 55, 77, 121]
Threshold 0.0:
polytomy of size 17; rounds with additions with at least 5 support: 4; clusters: 40467
Threshold 0.01:
polytomy of size 21; rounds with additions with at least 5 support: 7; clusters: 43431
Threshold 0.02:
polytomy of size 25; rounds with additions with at least 5 support: 4; clusters: 47981
Threshold 0.05:
polytomy of size 4; rounds with additions with at least 5 support: 0; clusters: 47981
polytomy of size 3; rounds with additions with at least 5 support: 0; clusters: 47981
polytomy of size 4; rounds with additions with at least 5 support: 0; clusters: 47981
polytomy of size 3; rounds with additions with at least 5 support: 0; clusters: 47981
polytomy of size 37; rounds with additions with at least 5 support: 1; clusters: 48123
Threshold 0.1:
polytomy of size 4; rounds with additions with at least 5 support: 0; clusters: 48123
polytomy of size 3; rounds with additions with at least 5 support: 0; clusters: 48123
polytomy of size 4; rounds with additions with at least 5 support: 0; clusters: 48123
polytomy of size 3; rounds with additions with at least 5 support: 0; clusters: 48123
polytomy of size 55; rounds with additions with at least 5 support: 2; clusters: 48229
Threshold 0.2:
polytomy of size 4; rounds with additions with at least 5 support: 0; clusters: 48229
polytomy of size 3; rounds with additions with at least 5 support: 0; clusters: 48229
polytomy of size 4; rounds with additions with at least 5 support: 0; clusters: 48229
polytomy of size 7; rounds with additions with at least 5 support: 0; clusters: 48229
polytomy of size 5; rounds with additions with at least 5 support: 0; clusters: 48229
polytomy of size 3; rounds with additions with at least 5 support: 0; clusters: 48229
polytomy of size 77; rounds with additions with at least 5 support: 0; clusters: 48301
Threshold 0.3333333333333333:
polytomy of size 3; rounds with additions with at least 5 support: 0; clusters: 48301
polytomy of size 3; rounds with additions with at least 5 support: 0; clusters: 48301
polytomy of size 4; rounds with additions with at least 5 support: 0; clusters: 48301
polytomy of size 3; rounds with additions with at least 5 support: 0; clusters: 48301
polytomy of size 3; rounds with additions with at least 5 support: 0; clusters: 48301
polytomy of size 121; rounds with additions with at least 5 support: 0; clusters: 48381
max k is :14
Number of Clusters after addition by greedy: 48381
gradient0 in heuristiic: 48381
partitions formed in 40.478 secs
Dynamic Programming starting after 40.478 secs
Using tree-based weight calculation.
Using polytree-based weight calculation.
Polytree max score: 13169013165
Polytree building time: 0.257 seconds.
Number of quartet trees in the gene trees: 13169013165
Size of largest cluster: 201
Greedy score: 5981342939
estimationFactor: 2.2016816790648157
Sub-optimal score: 5993288503
Calculated 100000 weights; time (seconds): 141
Total Number of elements weighted: 143473
Normalized score (portion of input quartet trees satisfied before correcting for multiple individuals): 0.4826421066912192
Optimization score: 6355920257
Optimal tree inferred in 186.67 secs.
(46,(5,((184,100),(110,(2,(40,((15,122),((((12,(74,177)),((167,117),(48,(192,54)))),(((52,(195,168)),(183,(200,(47,23)))),((171,(10,185)),((139,(150,118)),((19,(57,11)),(186,((191,71),(196,29)))))))),(0,((((66,69),((33,(94,166)),(53,(98,(91,(161,193)))))),(181,(((198,(132,34)),(39,((102,(153,105)),(131,((146,(81,147)),(190,(199,(6,30)))))))),(((165,(36,(37,189))),(38,(144,(35,(194,(128,101)))))),((((87,154),(20,(148,21))),((63,97),(163,(32,(145,8))))),((70,(49,58)),((176,25),(((106,84),(108,(120,188))),((28,(3,(80,109))),(127,((79,159),(7,78)))))))))))),((((27,(14,(88,95))),((114,(157,182)),(45,(89,24)))),((158,(83,(13,(55,56)))),((41,(175,143)),(137,((76,72),(104,126)))))),((((162,(51,85)),((73,(116,169)),(111,(4,149)))),((67,(197,112)),((9,(16,164)),(17,(44,130))))),((((151,133),((113,178),(124,(173,(156,187))))),((152,(99,(103,82))),((121,26),(93,(31,18))))),(((1,(22,136)),((179,42),((138,155),(59,134)))),((((64,60),(90,129)),((75,(115,92)),(43,(180,(172,119))))),((140,(96,(50,65))),((174,((170,141),((107,142),(86,125)))),(68,((160,(123,61)),(77,(135,62)))))))))))))))))))));
Final quartet score is: 6355920257
Final normalized quartet score is: 0.4826421066912192
Extended species tree:
(1,((22,136)1:1.3040388100207494,(((179,42)1:0.7526611528365843,((138,155)1:0.4839066971176418,(59,134)1:0.6829178812849469)0.77:0.06727796184779503)1:0.25728992001628875,(((((64,60)0.59:0.04149967668126571,(90,129)1:0.5864071064897327)1:0.36266059217643243,((75,(115,92)1:0.16997864059595244)1:0.329665837784113,(43,(180,(172,119)1:0.285464921233784)1:0.17247559845512514)1:0.5708800158077577)0.5:0.027087738423689393)1:0.5557971179559985,((140,(96,(50,65)1:1.5705549522781999)0.47:0.02654903846282581)1:0.2844223569738522,((174,((170,141)1:0.37640681012480326,((107,142)1:0.9013925625239283,(86,125)1:0.45562727602379466)1:0.48491387428834426)1:0.4823806397692573)0.99:0.151865410634459,(68,((160,(123,61)1:0.2590189937955096)1:0.5173681342114425,(77,(135,62)1:0.7663027827505089)0.65:0.06090232682354607)0.93:0.10328552963257533)0.82:0.07418316225655254)0.44:0.01782629291025497)0.39:0.008110706453883313)0.41:0.010698799313243735,((((151,133)1:0.8229347633319204,((113,178)1:0.7708012162224409,(124,(173,(156,187)1:0.31745578059844837)0.52:0.02836589777808771)1:0.19122992035305753)1:0.5113384043460885)0.63:0.044411660372675854,((152,(99,(103,82)1:0.3501307214745847)0.9:0.09394748404390735)1:0.5678406355851243,((121,26)1:0.398175941600645,(93,(31,18)0.46:0.02436528746751647)0.48:0.02125017743382019)1:0.5336844044852308)1:0.4540558947823113)1:0.2914617657408294,((((162,(51,85)1:0.8509022181405933)0.99:0.14410423298282624,((73,(116,169)1:0.43055632068743044)1:0.34894860551114515,(111,(4,149)1:0.2970383217285653)1:0.3453694613970536)0.82:0.07844927621945572)1:0.41413046286638916,((67,(197,112)1:0.3791427504205735)1:0.6423005140154435,((9,(16,164)0.99:0.15046755446290835)1:0.871357123953709,(17,(44,130)1:0.35981544327956566)1:0.2045354682744483)0.39:0.011242073990508436)0.92:0.10043062805877717)1:0.3045712340707661,((((27,(14,(88,95)0.61:0.07484136871195544)1:0.6180482602371538)1:0.4200008804778356,((114,(157,182)1:0.22272274313482945)0.38:0.006053298955781781,(45,(89,24)0.99:0.14848408039759456)1:0.5299029764086104)0.74:0.06394610470361826)1:0.6320017139131332,((158,(83,(13,(55,56)1:0.5169850612189564)1:0.3068692471021631)0.99:0.15765724841852666)0.37:0.00524154401215084,((41,(175,143)1:0.5744569445811639)1:0.17421979627774142,(137,((76,72)0.46:0.02351689689627579,(104,126)1:0.3493004098140101)1:0.4341514316881625)1:0.2388441112878685)0.86:0.08323128030088545)1:0.8138755270721442)0.43:0.017047979756167463,((((66,69)1:0.5301174376505128,((33,(94,166)1:0.8825370828913588)1:0.7719974515468465,(53,(98,(91,(161,193)1:0.8115817650842951)0.88:0.08740031683428515)1:0.6028987536922711)0.98:0.1313735336589263)0.8:0.0711534292795487)0.7:0.053599324560670646,(181,(((198,(132,34)1:1.4483659188759541)1:0.22879618748622108,(39,((102,(153,105)1:0.21408273605948375)1:1.1360176193179052,(131,((146,(81,147)1:0.5337309577555608)0.46:0.033386696846519716,(190,(199,(6,30)1:0.31661840473709096)0.97:0.12580453734699504)0.94:0.10944991370045713)1:0.4118452129859989)1:0.17311159913584223)0.94:0.11215454834973776)1:0.16606551244630283)1:0.306088920777394,(((165,(36,(37,189)1:0.27848098408232336)1:0.4906772424054902)0.63:0.04613106412723763,(38,(144,(35,(194,(128,101)0.48:0.05618196231429032)0.96:0.11714197796239521)0.94:0.10646676723186618)0.98:0.13241098521919573)1:0.5127141022942886)1:0.3291989669766678,((((87,154)1:1.323573210887348,(20,(148,21)1:0.8069293358862182)1:0.4221322140777739)1:0.18811690539718606,((63,97)1:0.896680579568006,(163,(32,(145,8)1:0.5780205519475707)1:0.43545977361871496)1:0.44649138066393196)1:0.1925253818781245)1:0.253325889043122,((70,(49,58)0.79:0.06874228278645357)1:1.0355466525593247,((176,25)1:1.5043229383917562,(((106,84)1:0.7416215970014851,(108,(120,188)1:1.0919929275847482)0.37:0.0035159794978589587)0.73:0.059053735579950264,((28,(3,(80,109)0.97:0.1354011648809974)1:0.6386172634522096)1:0.3221212875134825,(127,((79,159)0.78:0.06850675489840685,(7,78)0.37:0.006111393889367758)1:0.6192139026401763)0.91:0.09692385305620643)1:0.19546725214301183)0.52:0.028321918140339814)1:0.2992845031304595)0.96:0.1186960556308908)0.45:0.017710690493338194)0.48:0.022305844040361292)0.51:0.026406789687123046)0.38:0.005829490469370667)0.5:0.026235469208162557,(0,((((12,(74,177)1:0.5247390021759458)1:0.19064986956476765,((167,117)1:1.0910997520304744,(48,(192,54)1:0.6610218829961956)1:0.4341778525754761)1:0.2716884607260055)0.98:0.13291037058245886,(((52,(195,168)1:0.9139779527442475)1:0.4781977026549363,(183,(200,(47,23)1:0.38076187835790176)1:0.5625835667117568)1:0.6214815795862043)0.96:0.11835885347981223,((171,(10,185)1:0.1956732272463885)1:1.4911759191367622,((139,(150,118)1:0.9374402871619708)1:0.504123682473103,((19,(57,11)1:1.661066546875573)0.65:0.04770090153250827,(186,((191,71)1:0.3744939953882376,(196,29)1:0.6107400581275318)1:0.36549584560261345)1:0.5972124052727276)0.89:0.09283543453184165)0.47:0.027777913492800663)0.72:0.05970769877201433)0.43:0.014379600166618843)0.48:0.022183719130811432,((15,122)1:1.337744140191526,(40,(2,(110,((184,100)1:0.4413213312670062,(5,46)0.99:0.1522041883747237)1:0.16781622930871337)0.38:0.007423175942928012)1:0.7561120398235068)1:0.41215224294272684)1:0.16047519355532766)0.51:0.02575919654142688)0.49:0.023752448525170448)0.91:0.09504888276646262)0.84:0.07783031085951729)0.53:0.028442242947166515)0.84:0.07808212012417257)1:0.4617384108453381)0.42:0.012896453405299246));
Weight calculation took 135.557493617 secs
ASTRAL finished in 189.45 secs
