
================== ASTRAL ===================== 

This is ASTRAL version 5.7.8
Gene trees are treated as unrooted
50 trees read from Dataset/AstralII_data/model.200.500000.0.000001/03/estimatedgenetre.halfresolved_50
index0
All output trees will be *arbitrarily* rooted at 1

======== Running the main analysis
Number of taxa: 201 (201 species)
Taxa: [1, 74, 67, 49, 16, 89, 120, 188, 9, 80, 3, 109, 160, 28, 108, 106, 123, 114, 45, 24, 157, 156, 173, 113, 178, 187, 124, 182, 172, 43, 180, 119, 140, 50, 65, 179, 64, 60, 115, 174, 96, 86, 90, 129, 22, 136, 158, 76, 137, 72, 104, 84, 93, 151, 99, 103, 82, 152, 121, 133, 31, 170, 141, 79, 17, 0, 195, 138, 135, 39, 63, 150, 118, 199, 81, 190, 146, 147, 6, 30, 186, 19, 144, 12, 102, 128, 194, 47, 23, 200, 167, 192, 53, 181, 83, 13, 55, 56, 175, 91, 87, 154, 148, 21, 143, 20, 117, 153, 105, 183, 77, 126, 41, 75, 92, 52, 57, 4, 116, 169, 73, 111, 66, 69, 51, 198, 132, 34, 26, 18, 38, 35, 101, 165, 46, 191, 71, 161, 193, 2, 110, 37, 36, 32, 97, 145, 8, 163, 98, 88, 189, 15, 196, 29, 122, 40, 14, 95, 176, 25, 159, 7, 127, 78, 44, 27, 54, 48, 149, 155, 70, 58, 177, 139, 5, 184, 100, 33, 94, 168, 10, 185, 11, 68, 61, 62, 59, 134, 42, 164, 85, 162, 197, 112, 130, 131, 107, 142, 125, 171, 166]
Taxon occupancy: {110=50, 111=50, 112=50, 113=50, 114=50, 115=50, 116=50, 117=50, 118=50, 119=50, 10=50, 11=50, 12=50, 13=50, 14=50, 15=50, 16=50, 17=50, 18=50, 19=50, 120=50, 121=50, 0=50, 1=50, 122=50, 123=50, 2=50, 3=50, 124=50, 4=50, 125=50, 126=50, 5=50, 6=50, 127=50, 128=50, 7=50, 129=50, 8=50, 9=50, 20=50, 21=50, 22=50, 23=50, 24=50, 25=50, 26=50, 27=50, 28=50, 29=50, 130=50, 131=50, 132=50, 133=50, 134=50, 135=50, 136=50, 137=50, 138=50, 139=50, 30=50, 31=50, 32=50, 33=50, 34=50, 35=50, 36=50, 37=50, 38=50, 39=50, 140=50, 141=50, 142=50, 143=50, 144=50, 145=50, 146=50, 147=50, 148=50, 149=50, 40=50, 41=50, 42=50, 43=50, 44=50, 45=50, 46=50, 47=50, 48=50, 49=50, 150=50, 151=50, 152=50, 153=50, 154=50, 155=50, 156=50, 157=50, 158=50, 159=50, 50=50, 51=50, 52=50, 53=50, 54=50, 55=50, 56=50, 57=50, 58=50, 59=50, 160=50, 161=50, 162=50, 163=50, 164=50, 165=50, 166=50, 167=50, 168=50, 169=50, 60=50, 61=50, 62=50, 63=50, 64=50, 65=50, 66=50, 67=50, 68=50, 69=50, 170=50, 171=50, 172=50, 173=50, 174=50, 175=50, 176=50, 177=50, 178=50, 179=50, 70=50, 71=50, 72=50, 73=50, 74=50, 75=50, 76=50, 77=50, 78=50, 79=50, 180=50, 181=50, 182=50, 183=50, 184=50, 185=50, 186=50, 187=50, 188=50, 189=50, 80=50, 81=50, 82=50, 83=50, 84=50, 85=50, 86=50, 87=50, 88=50, 89=50, 190=50, 191=50, 192=50, 193=50, 194=50, 195=50, 196=50, 197=50, 198=50, 199=50, 90=50, 91=50, 92=50, 93=50, 94=50, 95=50, 96=50, 97=50, 98=50, 99=50, 200=50, 100=50, 101=50, 102=50, 103=50, 104=50, 105=50, 106=50, 107=50, 108=50, 109=50}
Number of gene trees: 50
0 trees have missing taxa
Calculating quartet distance matrix (for completion of X)
Species tree distances calculated ...
Building set of clusters (X) from gene trees 
------------------------------
gradient0: 11723
Number of Clusters after addition by distance: 11723
calculating extra bipartitions to be added at level 1 ...
Adding to X using resolutions of greedy consensus ...
Limit for sigma of degrees:5075
polytomy size limit : 46
discarded polytomies: 72 122  [3, 3, 3, 3, 3, 3, 3, 3, 4, 4, 4, 4, 4, 5, 5, 5, 5, 5, 8, 22, 22, 22, 36, 46, 72, 122]
Threshold 0.0:
polytomy of size 22; rounds with additions with at least 5 support: 2; clusters: 17795
Threshold 0.01:
polytomy of size 22; rounds with additions with at least 5 support: 0; clusters: 22417
Threshold 0.02:
polytomy of size 22; rounds with additions with at least 5 support: 0; clusters: 26287
Threshold 0.05:
polytomy of size 3; rounds with additions with at least 5 support: 0; clusters: 26289
polytomy of size 3; rounds with additions with at least 5 support: 0; clusters: 26289
polytomy of size 5; rounds with additions with at least 5 support: 3; clusters: 26303
polytomy of size 3; rounds with additions with at least 5 support: 1; clusters: 26305
polytomy of size 36; rounds with additions with at least 5 support: 1; clusters: 26771
Threshold 0.1:
polytomy of size 4; rounds with additions with at least 5 support: 0; clusters: 26775
polytomy of size 4; rounds with additions with at least 5 support: 0; clusters: 26775
polytomy of size 3; rounds with additions with at least 5 support: 0; clusters: 26775
polytomy of size 3; rounds with additions with at least 5 support: 0; clusters: 26775
polytomy of size 5; rounds with additions with at least 5 support: 0; clusters: 26775
polytomy of size 46; rounds with additions with at least 5 support: 2; clusters: 27109
polytomy of size 5; rounds with additions with at least 5 support: 0; clusters: 27109
Threshold 0.2:
polytomy of size 4; rounds with additions with at least 5 support: 0; clusters: 27109
polytomy of size 3; rounds with additions with at least 5 support: 0; clusters: 27109
polytomy of size 4; rounds with additions with at least 5 support: 0; clusters: 27109
polytomy of size 5; rounds with additions with at least 5 support: 0; clusters: 27109
polytomy of size 8; rounds with additions with at least 5 support: 0; clusters: 27113
polytomy of size 4; rounds with additions with at least 5 support: 0; clusters: 27115
polytomy of size 3; rounds with additions with at least 5 support: 0; clusters: 27115
polytomy of size 72; rounds with additions with at least 5 support: 0; clusters: 27317
Threshold 0.3333333333333333:
polytomy of size 3; rounds with additions with at least 5 support: 0; clusters: 27317
polytomy of size 5; rounds with additions with at least 5 support: 0; clusters: 27317
polytomy of size 122; rounds with additions with at least 5 support: 0; clusters: 27419
max k is :6
Number of Clusters after addition by greedy: 27419
gradient0 in heuristiic: 27419
partitions formed in 19.426 secs
Dynamic Programming starting after 19.426 secs
Using tree-based weight calculation.
Using polytree-based weight calculation.
Polytree max score: 3286362099
Polytree building time: 0.086 seconds.
Number of quartet trees in the gene trees: 3286362099
Size of largest cluster: 201
Greedy score: 1379455247
estimationFactor: 2.382362244913046
Sub-optimal score: 1393957191
Calculated 100000 weights; time (seconds): 50
Total Number of elements weighted: 141595
Normalized score (portion of input quartet trees satisfied before correcting for multiple individuals): 0.4891756968865895
Optimization score: 1607608470
Optimal tree inferred in 63.765 secs.
(189,(37,(36,(165,((38,(144,(35,(101,(128,194))))),(((181,((66,69),((33,(94,166)),(53,(98,(91,(161,193))))))),(((198,(132,34)),(39,((102,(153,105)),(131,((81,147),((190,146),(199,(6,30)))))))),((((87,154),(20,(148,21))),((63,97),(163,(32,(145,8))))),((70,(49,58)),((108,(106,84)),((176,25),((120,188),((28,(3,(80,109))),(127,((79,7),(159,78))))))))))),(((0,((15,122),(40,(2,(110,((46,5),(184,100))))))),(((12,(74,177)),((167,117),(48,(192,54)))),(((52,(195,168)),(183,(200,(47,23)))),((139,(150,118)),((171,(10,185)),(19,((57,11),(186,((191,71),(196,29)))))))))),(((83,(13,(55,56))),((158,(41,(175,143))),(137,(72,(76,(104,126)))))),((((27,(14,(88,95))),((114,(157,182)),(45,(89,24)))),(((162,(51,85)),((73,(116,169)),(111,(4,149)))),((67,(197,112)),((17,(44,130)),(9,(16,164)))))),(((68,((77,(135,62)),(160,(123,61)))),((174,((170,141),((107,142),(86,125)))),(((64,60),(90,129)),((75,(115,92)),(43,(180,(172,119))))))),((((140,96),(50,65)),((22,136),(1,((179,42),((138,155),(59,134)))))),((151,133),(((113,178),(124,(173,(156,187)))),((152,(99,(103,82))),((121,26),(31,(93,18)))))))))))))))));
Final quartet score is: 1607608470
Final normalized quartet score is: 0.4891756968865895
Extended species tree:
(1,(((179,42)1:0.6693568285830217,((138,155)0.87:0.1763569001892322,(59,134)1:0.5552762486085608)0.41:0.024162455877694892)0.93:0.21292714467146678,((22,136)1:1.4575501148754013,(((140,96)0.48:0.05939497744218491,(50,65)1:1.4422881092598576)1:0.3667808317080795,(((151,133)1:0.7930197062971086,(((113,178)1:0.8308222229739087,(124,(173,(156,187)0.99:0.3140916948107285)0.51:0.04993855058549834)0.8:0.14197254729687858)1:0.6012379760618204,((152,(99,(103,82)1:0.5862347793668266)0.7:0.11179977734835392)1:0.418860815878115,((121,26)0.98:0.2808277583102779,(31,(93,18)0.65:0.08951860019216829)0.43:0.023864558748222468)1:0.47886539142065127)0.99:0.3433491318262173)0.5:0.04541860581325743)0.99:0.3221175828522118,(((68,((77,(135,62)1:0.8748701141693067)0.84:0.16325125109419347,(160,(123,61)0.98:0.271571704368732)1:0.4239062366041766)0.5:0.04772989810125963)0.7:0.10586368806702391,((174,((170,141)0.99:0.2975917413279583,((107,142)1:0.7694475350661912,(86,125)1:0.4070317215906917)1:0.48646417202692327)1:0.5536326636574475)0.61:0.09639418932710866,(((64,60)0.41:0.0230360380913739,(90,129)1:0.6049058541506698)0.99:0.3353083133650471,((75,(115,92)0.95:0.23495546231784326)0.98:0.27900484203303394,(43,(180,(172,119)0.57:0.07428677055123163)0.83:0.15518759406367386)1:0.5317116293569762)0.41:0.02207561013113764)1:0.6693465536848078)0.45:0.032404758444482096)0.47:0.03544907401092141,((((27,(14,(88,95)0.79:0.1380156402047515)1:0.6452712325139164)1:0.6019591035653231,((114,(157,182)0.77:0.15076880244002883)0.39:0.013080620000977239,(45,(89,24)0.98:0.2802742653529391)1:0.39297670482652525)0.65:0.09859607262257293)1:0.6926800624777477,(((162,(51,85)1:0.5767535752912784)0.5:0.07532834772508065,((73,(116,169)1:0.5190928582336335)1:0.38501772417293856,(111,(4,149)1:0.46341730373548806)1:0.37962666361667197)0.48:0.03821279114733282)1:0.43340502379541124,((67,(197,112)0.98:0.2814225870973291)1:0.8479912058064937,((17,(44,130)0.99:0.33057758248771335)0.78:0.14907242463103768,(9,(16,164)0.99:0.3224802947083173)1:0.7840949744418253)0.6:0.07525660611320895)0.85:0.1621779407682639)0.96:0.238262251469469)0.49:0.043329135377094416,(((83,(13,(55,56)1:0.43567827910166396)1:0.3867418702196977)0.52:0.055397886594543796,((158,(41,(175,143)1:0.5236855682920197)0.69:0.11484562475177436)0.49:0.041996235633616444,(137,(72,(76,(104,126)1:0.5731878654809663)0.89:0.18576132687965413)0.93:0.22102404629319802)0.95:0.22462898106003962)0.69:0.10396077093267736)1:0.8285965404538117,(((0,((15,122)1:1.639459345565017,(40,(2,(110,((46,5)0.82:0.15027876537691714,(184,100)1:0.4361677881478378)0.69:0.10424888186940383)0.71:0.1105692983326919)1:0.45395361978049875)1:0.4442156499465579)0.88:0.1781242972865338)0.41:0.02254289651509866,(((12,(74,177)1:0.4678502607859324)0.79:0.1492537885417736,((167,117)1:1.2135351165155999,(48,(192,54)1:0.5294319971622937)1:0.4658060661210347)0.99:0.3452176785587353)0.57:0.06832887723760725,(((52,(195,168)1:1.4881619414703744)1:0.5400945049316215,(183,(200,(47,23)1:0.450531182267694)1:0.5005496815945556)1:0.7129617121541049)0.8:0.13911926338171016,((139,(150,118)1:1.1934123945006516)1:0.4843703454781037,((171,(10,185)0.8:0.14144976251362598)1:1.5664723504072218,(19,((57,11)1:1.80055167181981,(186,((191,71)1:0.5887871652357026,(196,29)1:0.6242355553915647)0.83:0.17743455867432872)1:0.6047871513817253)0.72:0.11561525698424595)0.57:0.06499373828749552)0.46:0.044691990713162946)0.42:0.021240765388790297)0.49:0.04219770156217425)0.38:0.005214750877139002)0.52:0.05022331657412342,(((181,((66,69)1:0.4113203939341744,((33,(94,166)1:0.645179839856194)1:0.8143461643526115,(53,(98,(91,(161,193)1:0.7042069256343074)0.7:0.11238556494150546)1:0.6517971142096515)0.91:0.1932178948753299)0.42:0.0252623875343938)0.46:0.03974953396368523)0.39:0.010843327981458373,(((198,(132,34)1:1.054595403251335)0.83:0.16403046031234988,(39,((102,(153,105)0.75:0.13906402792301786)1:0.904679115453701,(131,((81,147)1:0.7975890888714987,((190,146)0.89:0.19492221035224006,(199,(6,30)0.97:0.26389589744273395)0.61:0.10311586453449628)0.61:0.08597916922895825)1:0.4028148801621408)0.69:0.11461159721744626)0.99:0.34025281190443274)0.71:0.10925643886444143)0.99:0.31036758738787296,((((87,154)1:1.1731960260523684,(20,(148,21)1:0.6871150238265259)1:0.45287220672917494)0.99:0.3442766215051271,((63,97)1:1.0043884874992175,(163,(32,(145,8)1:0.8056841001882142)1:0.43640876501650844)1:0.5698474890430391)0.71:0.11102487317164271)0.97:0.24966756301672646,((70,(49,58)0.93:0.22840174534169258)1:1.406182310464192,((108,(106,84)1:0.9484684257811755)0.61:0.08185672159199828,((176,25)1:1.4947453645957078,((120,188)1:1.0889237278082542,((28,(3,(80,109)0.87:0.17488928119541958)1:0.4847439345421134)1:0.48933420252284754,(127,((79,7)0.54:0.06469150821046185,(159,78)0.53:0.07043022184221366)1:0.37711237448102974)0.89:0.1860690725979508)0.58:0.11097284431230629)0.58:0.08507595393802474)0.37:0.005329496831127063)1:0.3863022675770248)0.38:0.006691786702395559)0.45:0.031975783128354154)0.41:0.018511548284260416)0.41:0.01706274720877335,((38,(144,(35,(101,(128,194)0.67:0.12359830590261964)0.53:0.05809733945921686)0.5:0.04598511324182338)0.87:0.16922267937342192)1:0.5484074591731707,(165,(36,(37,189)0.99:0.3406392432117841)0.99:0.31238962688104494)0.5:0.04840060147432938)1:0.37295959055478345)0.38:0.007265202366350695)0.61:0.07795948013644785)0.63:0.08483589182134813)0.56:0.06290284889611703)0.48:0.048808803145707125)0.56:0.06307035661147152)1:0.36972894839053805)0.47:0.03654402355770248));
Weight calculation took 39.220089452 secs
ASTRAL finished in 65.28 secs
