
================== ASTRAL ===================== 

This is ASTRAL version 5.7.8
Gene trees are treated as unrooted
50 trees read from Dataset/AstralII_data/model.200.500000.0.000001/16/estimatedgenetre.halfresolved_50
index0
All output trees will be *arbitrarily* rooted at 26

======== Running the main analysis
Number of taxa: 201 (201 species)
Taxa: [26, 19, 51, 154, 174, 85, 186, 95, 100, 112, 198, 14, 139, 65, 18, 101, 96, 67, 4, 189, 166, 15, 49, 17, 63, 82, 192, 145, 8, 116, 72, 119, 76, 81, 148, 6, 40, 140, 36, 162, 178, 45, 25, 92, 200, 27, 181, 32, 193, 182, 171, 172, 177, 2, 35, 61, 38, 158, 187, 29, 75, 138, 74, 184, 7, 90, 48, 99, 173, 156, 137, 62, 44, 1, 23, 110, 152, 194, 188, 191, 59, 155, 147, 164, 165, 180, 163, 50, 196, 128, 80, 151, 136, 144, 150, 153, 179, 69, 141, 41, 122, 84, 55, 3, 28, 111, 113, 190, 195, 52, 78, 117, 197, 126, 146, 103, 22, 43, 34, 170, 0, 135, 20, 5, 56, 54, 21, 89, 104, 37, 133, 131, 60, 73, 108, 47, 168, 120, 94, 123, 10, 127, 183, 118, 124, 157, 88, 169, 87, 58, 134, 160, 175, 12, 79, 97, 77, 107, 93, 115, 57, 161, 11, 70, 106, 130, 105, 91, 199, 132, 102, 142, 129, 185, 149, 24, 31, 30, 86, 13, 143, 46, 167, 109, 39, 83, 159, 42, 9, 33, 66, 125, 121, 114, 176, 68, 64, 53, 71, 16, 98]
Taxon occupancy: {110=50, 111=50, 112=50, 113=50, 114=50, 115=50, 116=50, 117=50, 118=50, 119=50, 10=50, 11=50, 12=50, 13=50, 14=50, 15=50, 16=50, 17=50, 18=50, 19=50, 120=50, 0=50, 121=50, 1=50, 122=50, 2=50, 123=50, 3=50, 124=50, 4=50, 125=50, 126=50, 5=50, 6=50, 127=50, 7=50, 128=50, 8=50, 129=50, 9=50, 20=50, 21=50, 22=50, 23=50, 24=50, 25=50, 26=50, 27=50, 28=50, 29=50, 130=50, 131=50, 132=50, 133=50, 134=50, 135=50, 136=50, 137=50, 138=50, 139=50, 30=50, 31=50, 32=50, 33=50, 34=50, 35=50, 36=50, 37=50, 38=50, 39=50, 140=50, 141=50, 142=50, 143=50, 144=50, 145=50, 146=50, 147=50, 148=50, 149=50, 40=50, 41=50, 42=50, 43=50, 44=50, 45=50, 46=50, 47=50, 48=50, 49=50, 150=50, 151=50, 152=50, 153=50, 154=50, 155=50, 156=50, 157=50, 158=50, 159=50, 50=50, 51=50, 52=50, 53=50, 54=50, 55=50, 56=50, 57=50, 58=50, 59=50, 160=50, 161=50, 162=50, 163=50, 164=50, 165=50, 166=50, 167=50, 168=50, 169=50, 60=50, 61=50, 62=50, 63=50, 64=50, 65=50, 66=50, 67=50, 68=50, 69=50, 170=50, 171=50, 172=50, 173=50, 174=50, 175=50, 176=50, 177=50, 178=50, 179=50, 70=50, 71=50, 72=50, 73=50, 74=50, 75=50, 76=50, 77=50, 78=50, 79=50, 180=50, 181=50, 182=50, 183=50, 184=50, 185=50, 186=50, 187=50, 188=50, 189=50, 80=50, 81=50, 82=50, 83=50, 84=50, 85=50, 86=50, 87=50, 88=50, 89=50, 190=50, 191=50, 192=50, 193=50, 194=50, 195=50, 196=50, 197=50, 198=50, 199=50, 90=50, 91=50, 92=50, 93=50, 94=50, 95=50, 96=50, 97=50, 98=50, 99=50, 200=50, 100=50, 101=50, 102=50, 103=50, 104=50, 105=50, 106=50, 107=50, 108=50, 109=50}
Number of gene trees: 50
0 trees have missing taxa
Calculating quartet distance matrix (for completion of X)
Species tree distances calculated ...
Building set of clusters (X) from gene trees 
------------------------------
gradient0: 11073
Number of Clusters after addition by distance: 11073
calculating extra bipartitions to be added at level 1 ...
Adding to X using resolutions of greedy consensus ...
Limit for sigma of degrees:5075
polytomy size limit : 60
discarded polytomies: 76 114  [3, 3, 3, 3, 3, 3, 3, 3, 3, 3, 4, 4, 4, 4, 4, 4, 4, 4, 5, 7, 20, 20, 20, 39, 60, 76, 114]
Threshold 0.0:
polytomy of size 3; rounds with additions with at least 5 support: 0; clusters: 11077
polytomy of size 4; rounds with additions with at least 5 support: 0; clusters: 11095
polytomy of size 20; rounds with additions with at least 5 support: 2; clusters: 16737
Threshold 0.01:
polytomy of size 3; rounds with additions with at least 5 support: 0; clusters: 16737
polytomy of size 4; rounds with additions with at least 5 support: 0; clusters: 16737
polytomy of size 20; rounds with additions with at least 5 support: 0; clusters: 20969
Threshold 0.02:
polytomy of size 3; rounds with additions with at least 5 support: 0; clusters: 20969
polytomy of size 4; rounds with additions with at least 5 support: 0; clusters: 20969
polytomy of size 20; rounds with additions with at least 5 support: 0; clusters: 24693
Threshold 0.05:
polytomy of size 3; rounds with additions with at least 5 support: 0; clusters: 24693
polytomy of size 4; rounds with additions with at least 5 support: 0; clusters: 24693
polytomy of size 39; rounds with additions with at least 5 support: 3; clusters: 25463
Threshold 0.1:
polytomy of size 60; rounds with additions with at least 5 support: 1; clusters: 25903
Threshold 0.2:
polytomy of size 3; rounds with additions with at least 5 support: 0; clusters: 25903
polytomy of size 4; rounds with additions with at least 5 support: 0; clusters: 25905
polytomy of size 3; rounds with additions with at least 5 support: 0; clusters: 25905
polytomy of size 3; rounds with additions with at least 5 support: 0; clusters: 25905
polytomy of size 3; rounds with additions with at least 5 support: 0; clusters: 25905
polytomy of size 4; rounds with additions with at least 5 support: 0; clusters: 25905
polytomy of size 76; rounds with additions with at least 5 support: 1; clusters: 26369
Threshold 0.3333333333333333:
polytomy of size 3; rounds with additions with at least 5 support: 0; clusters: 26369
polytomy of size 4; rounds with additions with at least 5 support: 0; clusters: 26369
polytomy of size 5; rounds with additions with at least 5 support: 0; clusters: 26369
polytomy of size 4; rounds with additions with at least 5 support: 0; clusters: 26369
polytomy of size 3; rounds with additions with at least 5 support: 0; clusters: 26369
polytomy of size 7; rounds with additions with at least 5 support: 0; clusters: 26369
polytomy of size 114; rounds with additions with at least 5 support: 0; clusters: 26637
max k is :6
Number of Clusters after addition by greedy: 26637
gradient0 in heuristiic: 26637
partitions formed in 21.461 secs
Dynamic Programming starting after 21.462 secs
Using tree-based weight calculation.
Using polytree-based weight calculation.
Polytree max score: 3299917500
Polytree building time: 0.106 seconds.
Number of quartet trees in the gene trees: 3299917500
Size of largest cluster: 201
Greedy score: 1575042757
estimationFactor: 2.095128837191307
Sub-optimal score: 1576189996
Calculated 100000 weights; time (seconds): 50
Total Number of elements weighted: 121543
Normalized score (portion of input quartet trees satisfied before correcting for multiple individuals): 0.49939313543444647
Optimization score: 1647956147
Optimal tree inferred in 58.053 secs.
(134,(160,(79,(((115,(57,161)),(11,(12,97))),(120,((199,132),(((175,(168,((123,(87,58)),(169,(47,(157,88)))))),(((1,(23,110)),((94,77),(44,107))),(((127,183),(118,124)),(93,((130,105),(10,(70,106))))))),((156,137),(0,((((43,34),(64,53)),((173,(48,99)),((180,163),(142,(24,(129,(185,149))))))),((((153,78),(36,(40,140))),((152,(190,(195,52))),((147,(191,((164,165),(59,155)))),((63,82),((200,(27,181)),((45,92),(178,25))))))),((188,179),(133,((((66,125),(182,(131,(60,(73,108))))),(((171,41),(69,141)),(184,((7,90),((158,138),((29,74),(187,75))))))),((((26,19),(51,154)),((49,17),((91,(((176,68),((31,30),(16,(71,98)))),(((13,143),(42,(9,33))),((86,(167,109)),(46,(159,(39,83))))))),(6,(((172,177),(61,(38,(2,35)))),((197,(76,126)),((192,((72,119),(116,117))),((121,114),(148,(81,(145,8))))))))))),((102,((122,(193,50)),((32,170),(151,((196,(144,150)),(136,(128,80))))))),((15,(166,(96,(4,(101,67))))),(((189,(162,194)),((139,(21,89)),((104,37),(135,((20,5),(56,54)))))),((18,(22,(103,(65,146)))),((14,(112,(198,62))),((95,100),((174,(85,186)),((28,113),((84,55),(3,111)))))))))))))))))))))))));
Final quartet score is: 1647956147
Final normalized quartet score is: 0.49939313543444647
Extended species tree:
(26,(19,((51,154)1:0.7577454227999857,(((49,17)1:0.9633009988802775,((91,(((176,68)1:1.1619144609978749,((31,30)1:1.2064100791247565,(16,(71,98)1:0.4353180712578455)1:1.068604863894111)0.63:0.08326955784363455)0.48:0.0555052504772969,(((13,143)0.6:0.09385565590438062,(42,(9,33)1:1.328574937447556)0.48:0.04312086589376148)0.96:0.2398990495610731,((86,(167,109)0.51:0.06220415144510243)0.58:0.0696658541048508,(46,(159,(39,83)0.76:0.12465821994403599)0.45:0.02793202821653115)0.99:0.3201185822881919)1:0.7734977130386365)1:0.3778965764574897)0.4:0.014652141159449735)1:0.4082636909904583,(6,(((172,177)1:1.0108376283926626,(61,(38,(2,35)0.98:0.2682639865946794)1:0.457835501665444)1:1.0651658430513082)0.9:0.19101094843715055,((197,(76,126)1:0.5819215454497209)1:1.3404622040291139,((192,((72,119)1:0.6362708143879221,(116,117)0.99:0.30789087359594913)1:1.1382532581839535)0.53:0.053563535505085344,((121,114)1:1.0347456560930424,(148,(81,(145,8)1:0.5760906251389277)0.61:0.08219117701556145)1:0.3837567475253037)0.63:0.08283911914999686)0.89:0.18115625091603954)0.42:0.019222684997990503)0.96:0.24649662080301843)0.53:0.05435040065916016)0.38:0.007145723140918733)0.79:0.1388799552081258,(((102,((122,(193,50)1:0.948672141377195)0.7:0.10354853845670974,((32,170)1:0.39144877642505993,(151,((196,(144,150)0.65:0.09139628048318847)0.59:0.07152786381020194,(136,(128,80)1:0.885501068003897)0.65:0.10293343156894953)1:0.4393614319687324)1:0.4976704315987174)1:0.6333607177907299)0.8:0.14031544926103448)0.42:0.02671685589210258,((15,(166,(96,(4,(101,67)0.87:0.1891182204110004)0.97:0.25007814974766096)0.83:0.1581854190960312)0.85:0.158843675731672)0.97:0.26063681214709034,(((189,(162,194)1:0.4893215255581149)1:0.34964846283150863,((139,(21,89)1:0.4353180712578455)1:1.1866641277167147,((104,37)1:1.1312808332179556,(135,((20,5)1:0.697786171296035,(56,54)1:1.3868917327027686)0.6:0.09360844730026248)0.68:0.09816826266051522)0.41:0.017982295576936463)1:0.3921593046502222)0.68:0.10008829602998318,((18,(22,(103,(65,146)1:0.5816557647172597)0.71:0.12347252547609859)0.92:0.2003706204411449)0.99:0.3152161681313247,((14,(112,(198,62)0.98:0.2940401308264437)0.53:0.0611006234120943)1:0.380970262435398,((95,100)1:0.6006554919111758,((174,(85,186)0.7:0.10631825941900931)1:0.8479704040321157,((28,113)1:1.1051949931781362,((84,55)1:0.593611298988544,(3,111)1:0.5862053538748916)0.76:0.15390561181966006)0.98:0.2845127400738769)0.72:0.11120641191936631)0.97:0.2533580574927222)0.58:0.07731017289421269)0.37:0.0034408767615759493)0.5:0.04477983047357762)0.7:0.10748716373110351)0.44:0.026056028619214685,((((66,125)1:0.9150029016897266,(182,(131,(60,(73,108)0.63:0.0920475341695084)0.53:0.060466004955129896)1:0.9627202392096137)0.46:0.03139664072997087)1:0.5978438187902311,(((171,41)0.97:0.2688498668965666,(69,141)1:1.0170089095892285)0.57:0.07092329753971588,(184,((7,90)0.96:0.24560515096074367,((158,138)1:0.36925099867078415,((29,74)0.99:0.3069772143272742,(187,75)0.65:0.09204588070438292)0.72:0.11301500901835852)1:0.4375284728297857)0.45:0.05515997951474242)1:0.4254464415309072)0.88:0.17861578637165068)1:0.35479088965235733,(133,((188,179)0.31:0.0,((((153,78)0.76:0.12499308938672264,(36,(40,140)0.54:0.09237332013101504)1:1.3219340521396743)1:0.5666879431103763,((152,(190,(195,52)1:1.0435604692452913)1:0.6344389249162852)0.69:0.10130274568331288,((147,(191,((164,165)0.93:0.2304296603977291,(59,155)0.39:0.014890851970728314)0.88:0.18481566088595117)0.99:0.3078950403364019)1:1.3956712391680288,((63,82)1:1.4346250720306082,((200,(27,181)0.99:0.31417368789875744)0.67:0.10956379837632166,((45,92)0.62:0.1089667581927201,(178,25)0.71:0.10855062902022193)1:0.6103094834114087)1:0.85502953839489)0.4:0.014671803297740683)0.41:0.021021318316453454)0.36:0.0)0.32:0.0,((((43,34)0.52:0.08934858861992465,(64,53)1:0.6359887667199969)1:1.3367405466651605,((173,(48,99)1:0.43210926722106086)1:1.7918694669182162,((180,163)0.87:0.17212508243788233,(142,(24,(129,(185,149)0.36:1.485552999835687E-4)0.47:0.04504234383534757)1:0.5819215454497205)1:1.1067945503661616)0.8:0.14587054243486922)0.84:0.15834711015928596)0.39:0.011548364659860139,(0,((156,137)1:1.277290700346297,(((175,(168,((123,(87,58)1:0.7540875087720569)1:1.0100576065221127,(169,(47,(157,88)1:0.8876640104477181)0.7:0.10622350031042874)0.99:0.29961199093604807)1:0.4472829122109228)0.53:0.05772240132355989)0.4:0.012117110634813437,(((1,(23,110)1:0.4353180712578455)1:0.6159306861261679,((94,77)0.8:0.13844897966565586,(44,107)1:1.0153590845088787)0.75:0.12524905729745864)1:0.44114239434410063,(((127,183)0.55:0.06229161962259022,(118,124)1:0.8434979824774284)1:0.5681470973314546,(93,((130,105)0.99:0.3209077200801012,(10,(70,106)1:0.4344002189676166)0.75:0.11943975690132069)1:0.4326022596953034)0.99:0.3285532588878892)0.71:0.1122699961293389)0.5:0.04446479817303402)0.47:0.0368153871130656,((199,132)1:1.346989857275705,(120,(((115,(57,161)0.54:0.09090811840368719)0.85:0.16248935551105137,(11,(12,97)0.55:0.06109821879426638)0.99:0.3026757683952109)1:0.6693982087650036,(79,(160,134)1:0.617364183896361)0.5:0.04752717531103454)0.67:0.1053871312732094)0.66:0.09540269022153952)0.38:0.00545687094708438)0.43:0.02871766648955133)1:0.34611611288839705)0.34:0.009712679947380511)0.38:0.007071283827968949)0.55:0.06027006425641593)0.27:0.005348503801205076)0.4:0.017310411840208244)0.39:0.010101551760323053)0.4:0.012600675965175404)1:1.0157838467151556)1:0.48425822360156817));
Weight calculation took 31.204072337 secs
ASTRAL finished in 59.375 secs
