
================== ASTRAL ===================== 

This is ASTRAL version 5.7.8
Gene trees are treated as unrooted
1000 trees read from Dataset/AstralII_data/model.200.500000.0.000001/16/estimatedgenetre.halfresolved
index0
All output trees will be *arbitrarily* rooted at 26

======== Running the main analysis
Number of taxa: 201 (201 species)
Taxa: [26, 19, 51, 154, 174, 85, 186, 95, 100, 112, 198, 14, 139, 65, 18, 101, 96, 67, 4, 189, 166, 15, 49, 17, 63, 82, 192, 145, 8, 116, 72, 119, 76, 81, 148, 6, 40, 140, 36, 162, 178, 45, 25, 92, 200, 27, 181, 32, 193, 182, 171, 172, 177, 2, 35, 61, 38, 158, 187, 29, 75, 138, 74, 184, 7, 90, 48, 99, 173, 156, 137, 62, 44, 1, 23, 110, 152, 194, 188, 191, 59, 155, 147, 164, 165, 180, 163, 50, 196, 128, 80, 151, 136, 144, 150, 153, 179, 69, 141, 41, 122, 84, 55, 3, 28, 111, 113, 190, 195, 52, 78, 117, 197, 126, 146, 103, 22, 43, 34, 170, 0, 135, 20, 5, 56, 54, 21, 89, 104, 37, 133, 131, 60, 73, 108, 47, 168, 120, 94, 123, 10, 127, 183, 118, 124, 157, 88, 169, 87, 58, 134, 160, 175, 12, 79, 97, 77, 107, 93, 115, 57, 161, 11, 70, 106, 130, 105, 91, 199, 132, 102, 142, 129, 185, 149, 24, 31, 30, 86, 13, 143, 46, 167, 109, 39, 83, 159, 42, 9, 33, 66, 125, 121, 114, 176, 68, 64, 53, 71, 16, 98]
Taxon occupancy: {110=1000, 111=1000, 112=1000, 113=1000, 114=1000, 115=1000, 116=1000, 117=1000, 118=1000, 119=1000, 10=1000, 11=1000, 12=1000, 13=1000, 14=1000, 15=1000, 16=1000, 17=1000, 18=1000, 19=1000, 120=1000, 0=1000, 121=1000, 1=1000, 122=1000, 2=1000, 123=1000, 3=1000, 124=1000, 4=1000, 125=1000, 126=1000, 5=1000, 6=1000, 127=1000, 7=1000, 128=1000, 8=1000, 129=1000, 9=1000, 20=1000, 21=1000, 22=1000, 23=1000, 24=1000, 25=1000, 26=1000, 27=1000, 28=1000, 29=1000, 130=1000, 131=1000, 132=1000, 133=1000, 134=1000, 135=1000, 136=1000, 137=1000, 138=1000, 139=1000, 30=1000, 31=1000, 32=1000, 33=1000, 34=1000, 35=1000, 36=1000, 37=1000, 38=1000, 39=1000, 140=1000, 141=1000, 142=1000, 143=1000, 144=1000, 145=1000, 146=1000, 147=1000, 148=1000, 149=1000, 40=1000, 41=1000, 42=1000, 43=1000, 44=1000, 45=1000, 46=1000, 47=1000, 48=1000, 49=1000, 150=1000, 151=1000, 152=1000, 153=1000, 154=1000, 155=1000, 156=1000, 157=1000, 158=1000, 159=1000, 50=1000, 51=1000, 52=1000, 53=1000, 54=1000, 55=1000, 56=1000, 57=1000, 58=1000, 59=1000, 160=1000, 161=1000, 162=1000, 163=1000, 164=1000, 165=1000, 166=1000, 167=1000, 168=1000, 169=1000, 60=1000, 61=1000, 62=1000, 63=1000, 64=1000, 65=1000, 66=1000, 67=1000, 68=1000, 69=1000, 170=1000, 171=1000, 172=1000, 173=1000, 174=1000, 175=1000, 176=1000, 177=1000, 178=1000, 179=1000, 70=1000, 71=1000, 72=1000, 73=1000, 74=1000, 75=1000, 76=1000, 77=1000, 78=1000, 79=1000, 180=1000, 181=1000, 182=1000, 183=1000, 184=1000, 185=1000, 186=1000, 187=1000, 188=1000, 189=1000, 80=1000, 81=1000, 82=1000, 83=1000, 84=1000, 85=1000, 86=1000, 87=1000, 88=1000, 89=1000, 190=1000, 191=1000, 192=1000, 193=1000, 194=1000, 195=1000, 196=1000, 197=1000, 198=1000, 199=1000, 90=1000, 91=1000, 92=1000, 93=1000, 94=1000, 95=1000, 96=1000, 97=1000, 98=1000, 99=1000, 200=1000, 100=1000, 101=1000, 102=1000, 103=1000, 104=1000, 105=1000, 106=1000, 107=1000, 108=1000, 109=1000}
Number of gene trees: 1000
0 trees have missing taxa
Calculating quartet distance matrix (for completion of X)
Species tree distances calculated ...
Building set of clusters (X) from gene trees 
------------------------------
gradient0: 145327
Number of Clusters after addition by distance: 145327
calculating extra bipartitions to be added at level 1 ...
Adding to X using resolutions of greedy consensus ...
Limit for sigma of degrees:5075
polytomy size limit : 60
discarded polytomies: 84 120  [3, 3, 3, 3, 3, 3, 3, 3, 4, 4, 4, 4, 4, 5, 10, 27, 30, 45, 60, 84, 120]
Threshold 0.0:
polytomy of size 3; rounds with additions with at least 5 support: 0; clusters: 145333
polytomy of size 10; rounds with additions with at least 5 support: 16; clusters: 145757
Threshold 0.01:
polytomy of size 27; rounds with additions with at least 5 support: 7; clusters: 150207
Threshold 0.02:
polytomy of size 3; rounds with additions with at least 5 support: 0; clusters: 150207
polytomy of size 30; rounds with additions with at least 5 support: 0; clusters: 154235
Threshold 0.05:
polytomy of size 45; rounds with additions with at least 5 support: 1; clusters: 154339
Threshold 0.1:
polytomy of size 3; rounds with additions with at least 5 support: 0; clusters: 154339
polytomy of size 60; rounds with additions with at least 5 support: 0; clusters: 154435
Threshold 0.2:
polytomy of size 3; rounds with additions with at least 5 support: 0; clusters: 154435
polytomy of size 4; rounds with additions with at least 5 support: 0; clusters: 154435
polytomy of size 4; rounds with additions with at least 5 support: 0; clusters: 154435
polytomy of size 3; rounds with additions with at least 5 support: 0; clusters: 154435
polytomy of size 3; rounds with additions with at least 5 support: 0; clusters: 154435
polytomy of size 3; rounds with additions with at least 5 support: 0; clusters: 154435
polytomy of size 4; rounds with additions with at least 5 support: 0; clusters: 154435
polytomy of size 84; rounds with additions with at least 5 support: 0; clusters: 154457
Threshold 0.3333333333333333:
polytomy of size 3; rounds with additions with at least 5 support: 0; clusters: 154457
polytomy of size 4; rounds with additions with at least 5 support: 0; clusters: 154457
polytomy of size 5; rounds with additions with at least 5 support: 0; clusters: 154457
polytomy of size 4; rounds with additions with at least 5 support: 0; clusters: 154457
polytomy of size 120; rounds with additions with at least 5 support: 0; clusters: 154471
max k is :32
Number of Clusters after addition by greedy: 154471
gradient0 in heuristiic: 154471
partitions formed in 203.749 secs
Dynamic Programming starting after 203.749 secs
Using tree-based weight calculation.
Using polytree-based weight calculation.
Polytree max score: 65998350000
Polytree building time: 2.722 seconds.
Number of quartet trees in the gene trees: 65998350000
Size of largest cluster: 201
Greedy score: 27271925278
estimationFactor: 2.4200106639790566
Sub-optimal score: 28266846874
Calculated 100000 weights; time (seconds): 567
Calculated 200000 weights; time (seconds): 366
Calculated 300000 weights; time (seconds): 382
Calculated 400000 weights; time (seconds): 383
Total Number of elements weighted: 446036
Normalized score (portion of input quartet trees satisfied before correcting for multiple individuals): 0.4939816405864692
Optimization score: 32601973209
Optimal tree inferred in 1883.112 secs.
(108,(73,(60,(131,((66,125),(182,(((69,141),((171,41),((184,(7,90)),((158,138),(75,(187,(29,74))))))),(((188,102),(179,(((152,(190,(195,52))),(((147,(191,(59,(155,(164,165))))),((43,(34,(64,53))),(153,(78,(36,(40,140)))))),(((200,(27,181)),((45,92),(178,25))),(133,((173,(48,99)),((180,163),(142,(24,(129,(185,149)))))))))),((156,137),((120,((134,160),(79,((161,(115,57)),(97,(12,11)))))),(((199,132),(168,((123,(87,58)),(169,(47,(157,88)))))),(175,(((1,(23,110)),((44,107),(94,77))),(((127,183),(118,124)),(93,((130,105),(10,(70,106))))))))))))),((0,(63,82)),(((26,19),(51,154)),(((6,(49,17)),((((176,68),(91,((31,30),(16,(71,98))))),((42,((9,33),(13,143))),((86,(167,109)),(159,(46,(39,83)))))),(((172,177),(61,(38,(2,35)))),((197,(76,126)),(((72,119),(116,117)),(192,((121,114),(148,(81,(145,8)))))))))),(((122,(193,50)),((32,170),(151,((136,(128,80)),(196,(144,150)))))),(((189,(162,194)),((135,((20,5),(56,54))),((104,37),(139,(21,89))))),((15,(166,(96,(4,(101,67))))),(((14,(112,(198,62))),(18,((103,22),(65,146)))),((95,100),((174,(85,186)),((28,113),((3,111),(84,55))))))))))))))))))));
Final quartet score is: 32601973209
Final normalized quartet score is: 0.4939816405864692
Extended species tree:
(26,(19,((51,154)1:0.5668255217597827,((((6,(49,17)1:1.0469762140572103)0.98:0.0570079241386834,((((176,68)1:1.4359454341903761,(91,((31,30)1:1.4787715985381007,(16,(71,98)1:0.6506664045549231)1:0.765520756188072)0.55:0.01511792872553678)0.56:0.015553604014305734)0.91:0.04415135110290326,((42,((9,33)1:1.023306631268282,(13,143)1:0.24691139848754023)0.99:0.06615249593571103)1:0.1954945137566956,((86,(167,109)1:0.17772763859049764)1:0.09356528577517959,(159,(46,(39,83)1:0.19485090749189624)0.99:0.06293835784097022)1:0.4002161296715993)1:0.5724540724239875)1:0.3726538471931275)1:0.3987255860745096,(((172,177)1:1.354134379915038,(61,(38,(2,35)1:0.14990386515882587)1:0.5873818218379183)1:0.83185969810865)1:0.23802644074044654,((197,(76,126)1:0.5757712281577079)1:1.007230829990607,(((72,119)1:0.5584472720945729,(116,117)1:0.346385970224222)1:0.9597362538625076,(192,((121,114)1:1.0039432817954097,(148,(81,(145,8)1:0.3649846486094686)1:0.12172276794376934)1:0.2690431956118221)1:0.08411780911123268)0.41:0.006397596504891851)1:0.09950975289609353)1:0.20160748034834228)1:0.2757357928049622)0.75:0.028140098093136123)1:0.14378225696148733,(((122,(193,50)1:1.2217280632260252)1:0.156867188355042,((32,170)1:0.34072075931589685,(151,((136,(128,80)1:0.5710578804139006)1:0.11350513981985445,(196,(144,150)1:0.13514580058927808)1:0.11675574516448417)1:0.4265042741380877)1:0.5618730776519495)1:0.4362288824709486)1:0.09479334981570904,(((189,(162,194)1:0.573055990250536)1:0.42720168017339466,((135,((20,5)1:0.6515248856663827,(56,54)1:1.3124218592720953)1:0.08711818683565264)1:0.13524303876943664,((104,37)1:1.196934962907091,(139,(21,89)1:0.6624571699360466)1:0.7853016026906784)0.99:0.06707413961421828)1:0.3486296061629991)1:0.11620522442830111,((15,(166,(96,(4,(101,67)1:0.09243386747905981)1:0.31837703411002943)1:0.16132096607187163)1:0.21776440010746181)1:0.2257850060598106,(((14,(112,(198,62)1:0.15340044920649176)1:0.12815243887684216)1:0.34683239065954846,(18,((103,22)1:0.09981632886392888,(65,146)1:0.9533152954717441)1:0.20397940759273328)1:0.4449478787286202)0.89:0.039666532541808686,((95,100)1:0.3695999073724941,((174,(85,186)1:0.2703357399072557)1:0.952597000263014,((28,113)1:1.0959339451831958,((3,111)1:1.0109073663271437,(84,55)1:1.0942189958782778)1:0.22555871668989785)1:0.27434815680344454)1:0.13312911900971086)1:0.3133038294163346)0.99:0.061582671890265964)0.37:0.00296159730134285)1:0.18700052220593222)0.93:0.04528957801445235)0.47:0.009359141095904213,((0,(63,82)1:1.2965948477168205)0.25:0.0,(((188,102)0.44:0.021029992113515264,(179,(((152,(190,(195,52)1:1.2846552285776445)1:0.6537966759149029)1:0.12063725519542072,(((147,(191,(59,(155,(164,165)1:0.4158150056542317)0.96:0.052242034587631686)1:0.1726354945013614)1:0.19297520107864674)1:1.4097696498606573,((43,(34,(64,53)1:0.5228579851210965)1:0.14551338792604426)1:1.5790144510927693,(153,(78,(36,(40,140)0.79:0.031083895219701018)1:1.2204209724316095)1:0.10669737447718734)1:0.6173981551028895)1:0.07463251292409534)0.47:0.00997729058877617,(((200,(27,181)1:0.3410174093674585)1:0.1711860927870892,((45,92)1:0.2226181995969048,(178,25)1:0.10746468682883642)1:0.5202291103519971)1:0.9198937488196754,(133,((173,(48,99)1:0.43085044990887394)1:1.7180130451563598,((180,163)1:0.11754605847491632,(142,(24,(129,(185,149)0.68:0.0240975515790603)0.95:0.04845033338059778)1:0.4953878303952148)1:1.4354031363461133)1:0.07737379217428346)1:0.12479030217004763)0.72:0.02581938390262381)0.82:0.0330636951766764)0.43:0.006856319963397571)0.58:0.019863944052486125,((156,137)1:1.6331471629280823,((120,((134,160)1:0.749274856641599,(79,((161,(115,57)1:0.07739797246810352)1:0.15713462650464638,(97,(12,11)1:0.07216193140554808)1:0.20636295597223536)1:0.5149686623622716)0.55:0.015126157095095134)1:0.09491799751856173)1:0.12113530980889448,(((199,132)1:1.0365697035555346,(168,((123,(87,58)1:0.7470840692844445)1:0.7353331909389341,(169,(47,(157,88)1:0.8995507834944284)1:0.1077315144407241)1:0.3822511148846516)1:0.37121969135035243)0.72:0.026705163282895187)0.95:0.048341864624204936,(175,(((1,(23,110)1:0.571969274239302)1:0.8244814209550604,((44,107)1:0.7633661915487318,(94,77)1:0.1632258479730272)1:0.10073226754084995)1:0.5214326095184977,(((127,183)1:0.11584222461989499,(118,124)1:0.9027642670429386)1:0.6000265234966661,(93,((130,105)1:0.19915804776063417,(10,(70,106)1:0.36572625378234536)1:0.1057989489286797)1:0.49329488294980334)1:0.31930002002154934)1:0.17280770833305925)0.95:0.049328623257381826)0.68:0.023226700369842743)0.86:0.03688826426001255)0.44:0.007889821256290707)1:0.27873874391454695)0.87:0.037906866289088535)0.56:0.01555419412859194)0.32:0.005352458438501487,(((69,141)1:1.2692065522987843,((171,41)1:0.29558134495288924,((184,(7,90)1:0.3263729509168237)1:0.102304304758326,((158,138)1:0.3949000062064669,(75,(187,(29,74)1:0.2712485561076408)0.53:0.01655256576030318)1:0.08661185640900625)1:0.5135393747054595)1:0.5127297729365511)1:0.08839320378507529)1:0.2470483009240506,(182,((66,125)1:1.0349104205470419,(131,(60,(73,108)0.74:0.028580940662081257)0.98:0.05692949610012827)1:0.8101130983690757)1:0.14618804410678812)1:0.6254469533743817)1:0.35390237064885616)0.44:0.007672551153681779)0.48:0.010615493067511838)1:0.9317001319679845)1:0.6763167355887532));
Weight calculation took 1576.506644037 secs
ASTRAL finished in 1893.321 secs
