
================== ASTRAL ===================== 

This is ASTRAL version 5.7.8
Gene trees are treated as unrooted
200 trees read from Dataset/AstralII_data/model.200.500000.0.000001/16/estimatedgenetre.halfresolved_200
index0
All output trees will be *arbitrarily* rooted at 26

======== Running the main analysis
Number of taxa: 201 (201 species)
Taxa: [26, 19, 51, 154, 174, 85, 186, 95, 100, 112, 198, 14, 139, 65, 18, 101, 96, 67, 4, 189, 166, 15, 49, 17, 63, 82, 192, 145, 8, 116, 72, 119, 76, 81, 148, 6, 40, 140, 36, 162, 178, 45, 25, 92, 200, 27, 181, 32, 193, 182, 171, 172, 177, 2, 35, 61, 38, 158, 187, 29, 75, 138, 74, 184, 7, 90, 48, 99, 173, 156, 137, 62, 44, 1, 23, 110, 152, 194, 188, 191, 59, 155, 147, 164, 165, 180, 163, 50, 196, 128, 80, 151, 136, 144, 150, 153, 179, 69, 141, 41, 122, 84, 55, 3, 28, 111, 113, 190, 195, 52, 78, 117, 197, 126, 146, 103, 22, 43, 34, 170, 0, 135, 20, 5, 56, 54, 21, 89, 104, 37, 133, 131, 60, 73, 108, 47, 168, 120, 94, 123, 10, 127, 183, 118, 124, 157, 88, 169, 87, 58, 134, 160, 175, 12, 79, 97, 77, 107, 93, 115, 57, 161, 11, 70, 106, 130, 105, 91, 199, 132, 102, 142, 129, 185, 149, 24, 31, 30, 86, 13, 143, 46, 167, 109, 39, 83, 159, 42, 9, 33, 66, 125, 121, 114, 176, 68, 64, 53, 71, 16, 98]
Taxon occupancy: {110=200, 111=200, 112=200, 113=200, 114=200, 115=200, 116=200, 117=200, 118=200, 119=200, 10=200, 11=200, 12=200, 13=200, 14=200, 15=200, 16=200, 17=200, 18=200, 19=200, 120=200, 0=200, 121=200, 1=200, 122=200, 2=200, 123=200, 3=200, 124=200, 4=200, 125=200, 126=200, 5=200, 6=200, 127=200, 7=200, 128=200, 8=200, 129=200, 9=200, 20=200, 21=200, 22=200, 23=200, 24=200, 25=200, 26=200, 27=200, 28=200, 29=200, 130=200, 131=200, 132=200, 133=200, 134=200, 135=200, 136=200, 137=200, 138=200, 139=200, 30=200, 31=200, 32=200, 33=200, 34=200, 35=200, 36=200, 37=200, 38=200, 39=200, 140=200, 141=200, 142=200, 143=200, 144=200, 145=200, 146=200, 147=200, 148=200, 149=200, 40=200, 41=200, 42=200, 43=200, 44=200, 45=200, 46=200, 47=200, 48=200, 49=200, 150=200, 151=200, 152=200, 153=200, 154=200, 155=200, 156=200, 157=200, 158=200, 159=200, 50=200, 51=200, 52=200, 53=200, 54=200, 55=200, 56=200, 57=200, 58=200, 59=200, 160=200, 161=200, 162=200, 163=200, 164=200, 165=200, 166=200, 167=200, 168=200, 169=200, 60=200, 61=200, 62=200, 63=200, 64=200, 65=200, 66=200, 67=200, 68=200, 69=200, 170=200, 171=200, 172=200, 173=200, 174=200, 175=200, 176=200, 177=200, 178=200, 179=200, 70=200, 71=200, 72=200, 73=200, 74=200, 75=200, 76=200, 77=200, 78=200, 79=200, 180=200, 181=200, 182=200, 183=200, 184=200, 185=200, 186=200, 187=200, 188=200, 189=200, 80=200, 81=200, 82=200, 83=200, 84=200, 85=200, 86=200, 87=200, 88=200, 89=200, 190=200, 191=200, 192=200, 193=200, 194=200, 195=200, 196=200, 197=200, 198=200, 199=200, 90=200, 91=200, 92=200, 93=200, 94=200, 95=200, 96=200, 97=200, 98=200, 99=200, 200=200, 100=200, 101=200, 102=200, 103=200, 104=200, 105=200, 106=200, 107=200, 108=200, 109=200}
Number of gene trees: 200
0 trees have missing taxa
Calculating quartet distance matrix (for completion of X)
Species tree distances calculated ...
Building set of clusters (X) from gene trees 
------------------------------
gradient0: 35489
Number of Clusters after addition by distance: 35489
calculating extra bipartitions to be added at level 1 ...
Adding to X using resolutions of greedy consensus ...
Limit for sigma of degrees:5075
polytomy size limit : 61
discarded polytomies: 79 121  [3, 3, 3, 3, 3, 3, 3, 4, 4, 4, 4, 5, 5, 5, 20, 26, 30, 44, 61, 79, 121]
Threshold 0.0:
polytomy of size 20; rounds with additions with at least 5 support: 9; clusters: 39635
Threshold 0.01:
polytomy of size 3; rounds with additions with at least 5 support: 0; clusters: 39637
polytomy of size 26; rounds with additions with at least 5 support: 10; clusters: 47351
Threshold 0.02:
polytomy of size 3; rounds with additions with at least 5 support: 0; clusters: 47351
polytomy of size 30; rounds with additions with at least 5 support: 6; clusters: 57135
Threshold 0.05:
polytomy of size 44; rounds with additions with at least 5 support: 1; clusters: 57397
Threshold 0.1:
polytomy of size 3; rounds with additions with at least 5 support: 0; clusters: 57397
polytomy of size 61; rounds with additions with at least 5 support: 0; clusters: 57605
Threshold 0.2:
polytomy of size 5; rounds with additions with at least 5 support: 0; clusters: 57605
polytomy of size 3; rounds with additions with at least 5 support: 0; clusters: 57605
polytomy of size 4; rounds with additions with at least 5 support: 0; clusters: 57605
polytomy of size 5; rounds with additions with at least 5 support: 0; clusters: 57605
polytomy of size 4; rounds with additions with at least 5 support: 0; clusters: 57605
polytomy of size 3; rounds with additions with at least 5 support: 0; clusters: 57605
polytomy of size 79; rounds with additions with at least 5 support: 0; clusters: 57757
Threshold 0.3333333333333333:
polytomy of size 4; rounds with additions with at least 5 support: 0; clusters: 57757
polytomy of size 3; rounds with additions with at least 5 support: 0; clusters: 57757
polytomy of size 5; rounds with additions with at least 5 support: 0; clusters: 57757
polytomy of size 4; rounds with additions with at least 5 support: 0; clusters: 57757
polytomy of size 3; rounds with additions with at least 5 support: 0; clusters: 57757
polytomy of size 121; rounds with additions with at least 5 support: 0; clusters: 57785
max k is :20
Number of Clusters after addition by greedy: 57785
gradient0 in heuristiic: 57785
partitions formed in 38.71 secs
Dynamic Programming starting after 38.71 secs
Using tree-based weight calculation.
Using polytree-based weight calculation.
Polytree max score: 13199670000
Polytree building time: 0.246 seconds.
Number of quartet trees in the gene trees: 13199670000
Size of largest cluster: 201
Greedy score: 5874078164
estimationFactor: 2.247104929739576
Sub-optimal score: 5922850173
Calculated 100000 weights; time (seconds): 123
Total Number of elements weighted: 171107
Normalized score (portion of input quartet trees satisfied before correcting for multiple individuals): 0.4897746175472569
Optimization score: 6464863326
Optimal tree inferred in 190.685 secs.
(167,(109,(86,((159,(46,(39,83))),((42,((9,33),(13,143))),((91,((16,(71,98)),((176,68),(31,30)))),((((172,177),(61,(38,(2,35)))),((197,(76,126)),(((72,119),(116,117)),(192,((121,114),(148,(81,(145,8)))))))),((6,(49,17)),(((26,19),(51,154)),((102,(((122,(193,50)),((32,170),(151,((136,(128,80)),(196,(144,150)))))),(((15,(166,(96,(4,(101,67))))),((189,(162,194)),((135,((56,54),(20,5))),((104,37),(139,(21,89)))))),(((14,(112,(198,62))),(18,((103,22),(65,146)))),((95,100),((174,(85,186)),((28,113),((84,55),(3,111))))))))),(0,(((182,((66,125),(131,(73,(60,108))))),((69,141),((171,41),((184,(7,90)),((158,138),((29,74),(187,75))))))),((188,179),(((63,82),(((147,(191,(59,(155,(164,165))))),((43,(34,(64,53))),(153,(78,(140,(40,36)))))),((152,(190,(195,52))),(((200,(27,181)),((45,92),(178,25))),(133,((173,(48,99)),((180,163),(142,(24,(149,(129,185))))))))))),((156,137),((120,((79,(134,160)),((161,(115,57)),(97,(12,11))))),((199,132),((168,((123,(87,58)),(169,(47,(157,88))))),(175,(((1,(23,110)),((94,77),(44,107))),((127,(183,(118,124))),(93,((130,105),(10,(70,106)))))))))))))))))))))))));
Final quartet score is: 6464863326
Final normalized quartet score is: 0.4897746175472569
Extended species tree:
(26,(19,((51,154)1:0.6253065750706718,(((102,(((122,(193,50)1:1.0920755810696465)0.99:0.14111489331638366,((32,170)1:0.3465351359990345,(151,((136,(128,80)1:0.5158131652770298)0.95:0.11131718759274889,(196,(144,150)0.97:0.12711237551092017)0.85:0.07962129288807618)1:0.41169698017849304)1:0.5784149057782456)1:0.4317058182378764)0.99:0.14200997528642526,(((15,(166,(96,(4,(101,67)0.76:0.06589629459803158)1:0.33164264205653815)1:0.16696640078655947)0.99:0.1500133135612967)1:0.2208145702121842,((189,(162,194)1:0.45459454284912887)1:0.4550446239051208,((135,((56,54)1:1.4289363303595377,(20,5)1:0.8002855044215854)0.61:0.04127582375179015)1:0.16124416765390154,((104,37)1:1.2023495920389216,(139,(21,89)1:0.6079339920346545)1:0.930174552165868)0.69:0.05294251789768876)1:0.3114650040119387)0.95:0.11190426335982946)0.46:0.018562949387197804,(((14,(112,(198,62)0.99:0.14599268057749346)1:0.1797489161498597)1:0.33720944859370167,(18,((103,22)0.46:0.024445938721092113,(65,146)1:0.8441586153877607)1:0.2195780109069075)1:0.4338192374722317)0.52:0.028597578570040895,((95,100)1:0.4534562985334994,((174,(85,186)1:0.35068400902344793)1:0.9869459039491885,((28,113)1:1.0601812098116286,((84,55)1:0.9976633382954998,(3,111)1:0.9028108906697989)1:0.23511455515016674)1:0.2999333442876492)0.94:0.10702148135292783)1:0.3206016349537989)0.82:0.07479797325549298)0.99:0.15968298775213466)0.56:0.035987773181677986)0.4:0.0104527356391571,(0,(((182,((66,125)1:0.9215667765366877,(131,(73,(60,108)0.78:0.06964728211660516)0.75:0.0614571809652672)1:0.9018527911057418)0.97:0.12466287061403239)1:0.613724827718996,((69,141)1:1.318776830904624,((171,41)1:0.26467906514510514,((184,(7,90)1:0.23154600792531788)0.55:0.04408170017267776,((158,138)1:0.3681394597912224,((29,74)1:0.26740764510095644,(187,75)0.64:0.04567074490180727)0.64:0.04491850683368766)1:0.568809755209417)1:0.5311791577803595)0.99:0.14370841472793386)1:0.2049517646682412)1:0.3221522038053871,((188,179)0.36:0.004567534789502994,(((63,82)1:1.2448053816242144,(((147,(191,(59,(155,(164,165)1:0.34321890023824836)0.74:0.06932303757431629)0.96:0.11874489010959616)1:0.21900221503770778)1:1.3630881266830854,((43,(34,(64,53)1:0.5280723463433893)0.96:0.11713925474686715)1:1.4593823153348586,(153,(78,(140,(40,36)0.43:0.02268103096663205)1:1.2308349150774929)0.66:0.05539508436107192)1:0.5955358286840851)0.5:0.024537277399849757)0.4:0.009610492250208089,((152,(190,(195,52)1:1.24090456668615)1:0.5454354213083733)0.96:0.11746432411671934,(((200,(27,181)1:0.3456123274372403)1:0.170936771661763,((45,92)0.99:0.14023178528955269,(178,25)0.78:0.07068409331346046)1:0.6239457517249505)1:0.9051865411953507,(133,((173,(48,99)1:0.4092034302187715)1:1.7645756385811915,((180,163)0.94:0.10468542601190425,(142,(24,(149,(129,185)0.54:0.030227652436123468)0.77:0.0654329281220275)1:0.4387182832617607)1:1.4494080374423455)0.93:0.10294533309589839)0.87:0.08556171871028923)0.56:0.033863585082060964)0.55:0.03209035378661088)0.42:0.01207714599212945)0.4:0.011889179097683838)0.37:0.017447432057224165,((156,137)1:1.5481077823305256,((120,((79,(134,160)1:0.7608970438072998)0.72:0.05624657113475612,((161,(115,57)0.84:0.08090367420872929)0.99:0.1439107331718405,(97,(12,11)0.61:0.04379924741010117)1:0.21151509854113273)1:0.5278768629412712)0.92:0.1007904255712067)0.91:0.09681549522298881,((199,132)1:1.074582407453812,((168,((123,(87,58)1:0.7028427571930282)1:0.6242209882206545,(169,(47,(157,88)1:0.8151793940213155)0.99:0.15052692802423093)1:0.40365237041062757)1:0.31939224332934657)0.73:0.06216960509042473,(175,(((1,(23,110)1:0.40937368645481736)1:0.7754451799161252,((94,77)1:0.18390626507301838,(44,107)1:0.7491608867654809)1:0.18088390783234332)1:0.46173915055156894,((127,(183,(118,124)1:0.7729072506577608)0.49:0.048032817874523084)1:0.585526970970019,(93,((130,105)1:0.2032207339084865,(10,(70,106)1:0.408863004683569)0.97:0.12052938834000837)1:0.41900837646169126)1:0.37612520697256596)0.84:0.07990844852183031)0.45:0.016957017194167947)0.54:0.03128029130644613)0.46:0.021777514877893242)0.57:0.03500937536887404)0.37:0.004543956457796309)1:0.28380583663988845)0.51:0.0284224872631477)0.35:2.77574889134385E-4)0.34:3.308428683044701E-5)0.41:0.014453057418242272)0.4:0.009270738132595224,((6,(49,17)1:0.9015870604950116)0.88:0.08707857777734239,((((172,177)1:1.4172705470154936,(61,(38,(2,35)0.97:0.12711237551092017)1:0.6265462373329572)1:0.7983234493264169)1:0.20306782853699273,((197,(76,126)1:0.6351599229095962)1:1.1996816980324523,(((72,119)1:0.6990361434576197,(116,117)1:0.360475735239148)1:1.1044098385985388,(192,((121,114)1:1.2219611580142253,(148,(81,(145,8)1:0.5030166037555031)0.99:0.15859585575474908)1:0.3538905673957689)0.56:0.04503462694369332)0.41:0.012028719896778998)0.92:0.09993119185683844)1:0.1606373354078166)1:0.28806981295426426,((91,((16,(71,98)1:0.5954140513761746)1:0.7686394593417009,((176,68)1:1.1673873643425081,(31,30)1:1.6766316716373966)0.6:0.05143637656690925)0.37:0.004446884583530921)0.83:0.0760693915121119,((42,((9,33)1:1.0748421964538635,(13,143)1:0.21467507811357056)0.59:0.0415040062789589)1:0.2145527085234104,((159,(46,(39,83)0.99:0.1423357326622625)0.81:0.07741496640387792)1:0.3556118535168206,(86,(109,167)1:0.16150845236026032)0.81:0.07753225363914584)1:0.6052505225015559)1:0.33023933085549356)1:0.38861668779368236)0.53:0.03382618659320043)0.94:0.10974195481097851)1:0.8701434359411939)1:0.5911714306310578));
Weight calculation took 131.955898768 secs
ASTRAL finished in 193.079 secs
