
================== ASTRAL ===================== 

This is ASTRAL version 5.7.8
Gene trees are treated as unrooted
200 trees read from Dataset/AstralII_data/model.200.500000.0.000001/42/estimatedgenetre.halfresolved_200
index0
All output trees will be *arbitrarily* rooted at 18

======== Running the main analysis
Number of taxa: 201 (201 species)
Taxa: [18, 85, 185, 96, 5, 45, 190, 6, 199, 147, 90, 131, 33, 38, 16, 172, 148, 117, 87, 56, 71, 136, 160, 196, 144, 156, 24, 192, 162, 77, 46, 98, 113, 138, 168, 123, 3, 135, 72, 193, 55, 31, 112, 19, 125, 124, 155, 177, 69, 26, 191, 47, 110, 151, 109, 186, 173, 53, 58, 184, 104, 74, 99, 20, 120, 107, 134, 13, 114, 17, 66, 61, 189, 34, 59, 154, 143, 152, 174, 178, 145, 139, 51, 52, 93, 175, 32, 10, 88, 116, 12, 119, 86, 161, 200, 15, 140, 48, 54, 187, 95, 27, 97, 81, 42, 82, 108, 35, 50, 25, 159, 57, 94, 180, 7, 9, 105, 149, 130, 44, 76, 137, 80, 133, 169, 122, 121, 157, 176, 22, 195, 132, 89, 39, 170, 41, 142, 37, 101, 63, 198, 84, 111, 150, 43, 127, 102, 126, 0, 197, 118, 128, 163, 60, 153, 188, 194, 182, 28, 11, 30, 62, 115, 92, 40, 91, 21, 106, 79, 29, 165, 100, 167, 68, 141, 65, 181, 8, 14, 73, 83, 70, 146, 49, 1, 164, 103, 4, 23, 36, 64, 171, 2, 166, 78, 179, 75, 183, 129, 67, 158]
Taxon occupancy: {110=200, 111=200, 112=200, 113=200, 114=200, 115=200, 116=200, 117=200, 118=200, 119=200, 10=200, 11=200, 12=200, 13=200, 14=200, 15=200, 16=200, 17=200, 18=200, 19=200, 120=200, 121=200, 0=200, 122=200, 1=200, 123=200, 2=200, 3=200, 124=200, 125=200, 4=200, 5=200, 126=200, 6=200, 127=200, 7=200, 128=200, 8=200, 129=200, 9=200, 20=200, 21=200, 22=200, 23=200, 24=200, 25=200, 26=200, 27=200, 28=200, 29=200, 130=200, 131=200, 132=200, 133=200, 134=200, 135=200, 136=200, 137=200, 138=200, 139=200, 30=200, 31=200, 32=200, 33=200, 34=200, 35=200, 36=200, 37=200, 38=200, 39=200, 140=200, 141=200, 142=200, 143=200, 144=200, 145=200, 146=200, 147=200, 148=200, 149=200, 40=200, 41=200, 42=200, 43=200, 44=200, 45=200, 46=200, 47=200, 48=200, 49=200, 150=200, 151=200, 152=200, 153=200, 154=200, 155=200, 156=200, 157=200, 158=200, 159=200, 50=200, 51=200, 52=200, 53=200, 54=200, 55=200, 56=200, 57=200, 58=200, 59=200, 160=200, 161=200, 162=200, 163=200, 164=200, 165=200, 166=200, 167=200, 168=200, 169=200, 60=200, 61=200, 62=200, 63=200, 64=200, 65=200, 66=200, 67=200, 68=200, 69=200, 170=200, 171=200, 172=200, 173=200, 174=200, 175=200, 176=200, 177=200, 178=200, 179=200, 70=200, 71=200, 72=200, 73=200, 74=200, 75=200, 76=200, 77=200, 78=200, 79=200, 180=200, 181=200, 182=200, 183=200, 184=200, 185=200, 186=200, 187=200, 188=200, 189=200, 80=200, 81=200, 82=200, 83=200, 84=200, 85=200, 86=200, 87=200, 88=200, 89=200, 190=200, 191=200, 192=200, 193=200, 194=200, 195=200, 196=200, 197=200, 198=200, 199=200, 90=200, 91=200, 92=200, 93=200, 94=200, 95=200, 96=200, 97=200, 98=200, 99=200, 200=200, 100=200, 101=200, 102=200, 103=200, 104=200, 105=200, 106=200, 107=200, 108=200, 109=200}
Number of gene trees: 200
0 trees have missing taxa
Calculating quartet distance matrix (for completion of X)
Species tree distances calculated ...
Building set of clusters (X) from gene trees 
------------------------------
gradient0: 49915
Number of Clusters after addition by distance: 49915
calculating extra bipartitions to be added at level 1 ...
Adding to X using resolutions of greedy consensus ...
Limit for sigma of degrees:5075
polytomy size limit : 65
discarded polytomies: 82 122 160  [3, 3, 3, 3, 3, 3, 3, 3, 3, 3, 3, 3, 4, 4, 4, 4, 26, 36, 46, 65, 82, 122, 160]
Threshold 0.0:
polytomy of size 3; rounds with additions with at least 5 support: 1; clusters: 49921
polytomy of size 26; rounds with additions with at least 5 support: 32; clusters: 61827
Threshold 0.01:
polytomy of size 36; rounds with additions with at least 5 support: 12; clusters: 83677
Threshold 0.02:
polytomy of size 3; rounds with additions with at least 5 support: 0; clusters: 83677
polytomy of size 46; rounds with additions with at least 5 support: 11; clusters: 118797
Threshold 0.05:
polytomy of size 3; rounds with additions with at least 5 support: 0; clusters: 118797
polytomy of size 3; rounds with additions with at least 5 support: 0; clusters: 118797
polytomy of size 65; rounds with additions with at least 5 support: 2; clusters: 119307
Threshold 0.1:
polytomy of size 4; rounds with additions with at least 5 support: 0; clusters: 119307
polytomy of size 3; rounds with additions with at least 5 support: 0; clusters: 119307
polytomy of size 3; rounds with additions with at least 5 support: 0; clusters: 119307
polytomy of size 4; rounds with additions with at least 5 support: 0; clusters: 119307
polytomy of size 82; rounds with additions with at least 5 support: 1; clusters: 119633
Threshold 0.2:
polytomy of size 4; rounds with additions with at least 5 support: 0; clusters: 119633
polytomy of size 4; rounds with additions with at least 5 support: 0; clusters: 119633
polytomy of size 3; rounds with additions with at least 5 support: 0; clusters: 119633
polytomy of size 3; rounds with additions with at least 5 support: 0; clusters: 119633
polytomy of size 122; rounds with additions with at least 5 support: 0; clusters: 119909
Threshold 0.3333333333333333:
polytomy of size 3; rounds with additions with at least 5 support: 0; clusters: 119909
polytomy of size 3; rounds with additions with at least 5 support: 0; clusters: 119909
polytomy of size 3; rounds with additions with at least 5 support: 0; clusters: 119909
polytomy of size 3; rounds with additions with at least 5 support: 0; clusters: 119909
polytomy of size 160; rounds with additions with at least 5 support: 0; clusters: 119949
max k is :64
Number of Clusters after addition by greedy: 119949
gradient0 in heuristiic: 119949
partitions formed in 91.476 secs
Dynamic Programming starting after 91.477 secs
Using tree-based weight calculation.
Using polytree-based weight calculation.
Polytree max score: 13085045250
Polytree building time: 0.287 seconds.
Number of quartet trees in the gene trees: 13085045250
Size of largest cluster: 201
Greedy score: 4940779994
estimationFactor: 2.648376423538441
Sub-optimal score: 5159325658
Calculated 100000 weights; time (seconds): 212
Calculated 200000 weights; time (seconds): 139
Total Number of elements weighted: 222096
Normalized score (portion of input quartet trees satisfied before correcting for multiple individuals): 0.42400222215509725
Optimization score: 5548088263
Optimal tree inferred in 380.279 secs.
(118,(197,((43,128),((127,102),(((126,141),(65,(181,8))),((((78,179),(122,(169,121))),((132,(22,150)),(195,(157,176)))),(((71,162),((42,94),(193,55))),((((89,39),((79,(149,((9,80),(105,133)))),(137,((130,44),(76,(152,(143,174))))))),(((111,(136,160)),(142,(170,((63,(41,37)),(101,(198,84)))))),(0,((((24,192),(21,106)),((29,166),(14,(171,((60,188),(153,92)))))),((173,58),((196,((67,158),(183,129))),((100,(167,68)),(165,(138,(75,(144,77))))))))))),(((12,((95,(177,69)),(3,((19,(124,(112,125))),((161,(53,200)),(155,(26,(119,86)))))))),((88,(116,27)),((15,140),(186,((32,(191,((47,109),(110,(31,151))))),((51,(52,(139,10))),(178,(145,(93,175))))))))),(((30,(28,11)),(((6,(34,59)),(99,(61,189))),((114,(74,17)),((134,(107,13)),(66,(20,120)))))),((((164,(40,91)),(62,(90,(131,33)))),((184,(154,(194,182))),(64,(104,(135,72))))),(((25,(35,159)),(108,(50,57))),((38,115),((((85,82),(185,180)),((87,(199,156)),(4,((190,(96,147)),(148,(16,(172,117))))))),(((18,23),((49,1),(168,((113,(5,45)),(123,(46,98)))))),((146,(97,81)),((54,187),(((48,70),(73,83)),((163,(56,7)),(2,(103,36)))))))))))))))))))));
Final quartet score is: 5548088263
Final normalized quartet score is: 0.42400222215509725
Extended species tree:
(18,(23,(((49,1)1:1.049969634727438,(168,((113,(5,45)1:0.44339648847178675)0.66:0.04920526129884914,(123,(46,98)0.92:0.11070250604404411)1:0.3614345692771568)1:0.6389794574853018)0.89:0.09170143951748892)0.82:0.07799457551426334,(((146,(97,81)0.58:0.07899373953736376)1:1.0258255691903369,((54,187)1:0.6374271622484458,(((48,70)0.66:0.04922232321591482,(73,83)1:0.18118419056770618)1:0.3028871675668874,((163,(56,7)1:0.4793002761062964)1:0.3135511808732494,(2,(103,36)1:0.22102073624334878)1:0.38491683403854526)0.97:0.12429448304143786)0.66:0.04779717781696374)0.56:0.03416909663138147)0.73:0.06068943594865102,((((85,82)1:0.21809858776553392,(185,180)1:0.7040204449835054)1:0.25354807255543277,((87,(199,156)1:0.5980500445971435)0.45:0.020484455557062874,(4,((190,(96,147)1:0.24506158661514016)0.63:0.04566706648711803,(148,(16,(172,117)0.79:0.07972023847806677)0.99:0.14914551305953438)1:0.593937216273588)0.98:0.1360348475749523)0.54:0.030450291425650287)0.6:0.042515590473108635)0.91:0.09581129359396073,((38,115)1:0.49465004350048225,(((25,(35,159)1:0.19342658594896942)1:0.512398434083006,(108,(50,57)0.92:0.10143395023661998)0.76:0.06464151973852578)1:0.4385130209127559,((((164,(40,91)1:0.5878173284615468)0.38:0.006777823629026732,(62,(90,(131,33)0.68:0.055535317716790315)1:0.7690058701270843)1:0.23088857772547908)1:0.36201507906797137,((184,(154,(194,182)1:0.43641863684995924)1:0.24322033200411713)0.69:0.05377770134787504,(64,(104,(135,72)1:0.3116800002515029)1:0.26339619655589147)0.93:0.10325909318192393)0.6:0.03971915711985773)0.38:0.006504070172819615,(((30,(28,11)1:0.30443990072086907)1:0.5265782108633712,(((6,(34,59)1:0.8080975586602398)1:0.24537913593784924,(99,(61,189)1:0.9262012221216132)1:0.19588099003166248)0.49:0.023515582140957194,((114,(74,17)1:0.6983008094095792)0.96:0.12262246190869243,((134,(107,13)0.84:0.09132998219414042)1:0.3695600661490761,(66,(20,120)1:0.47671426904215053)0.91:0.09825857270538224)0.97:0.12497308015465593)1:0.45611198458213736)0.87:0.08523994930083198)0.65:0.046062600326259265,(((12,((95,(177,69)1:0.46388562187369836)0.96:0.1167084264932435,(3,((19,(124,(112,125)0.65:0.05160249684793327)0.92:0.11209474330760603)1:0.6651065770252885,((161,(53,200)1:0.237289989177423)0.88:0.0887886899621207,(155,(26,(119,86)0.99:0.15373921927366213)0.9:0.1026993377191139)1:0.4067825528140351)0.53:0.039609333955375074)0.71:0.05888655738460286)0.94:0.10653442395574911)1:0.23529309297888384)0.93:0.10379721092421239,((88,(116,27)1:0.5023651930398153)1:0.30162541220615235,((15,140)1:0.8984019095005723,(186,((32,(191,((47,109)1:0.39644414385152976,(110,(31,151)0.79:0.07517501755520814)1:0.4420548088409301)0.75:0.06721408554354172)1:0.41483217199356626)0.73:0.0585276712526839,((51,(52,(139,10)1:0.20061058388579933)0.42:0.012766002091071616)1:0.35505720766085413,(178,(145,(93,175)0.72:0.0660511815653432)1:0.1843488093239932)0.89:0.09160845124969022)0.59:0.03815203072801374)0.82:0.07531587439511553)0.9:0.0943729038998757)0.92:0.10086300859547996)0.42:0.01683532816875365)0.98:0.12799203388380012,((((89,39)1:0.9387705135660853,((79,(149,((9,80)0.99:0.15593143695514042,(105,133)1:0.2187258249645404)0.48:0.024335839833301683)1:0.4399212636100801)1:0.21984708225969785,(137,((130,44)1:0.464005615795319,(76,(152,(143,174)1:0.28366740014308334)0.83:0.07945971234568952)1:0.23942610720231258)1:0.4213323897005304)0.81:0.07236358628291335)0.72:0.058613787841627386)0.91:0.09532762345263476,(((111,(136,160)0.88:0.09178949908874824)1:0.4774809315498173,(142,(170,((63,(41,37)1:0.21438176554188)0.46:0.02269509201437536,(101,(198,84)1:0.2887400466729891)1:0.22167896364416653)0.92:0.09960989626126603)0.61:0.04960129368539374)1:0.5726186285143239)0.99:0.15323353674029905,(0,((((24,192)1:0.9277312145747226,(21,106)1:0.901812577039941)1:0.4794115775587712,((29,166)1:0.17095234196387857,(14,(171,((60,188)1:0.49392533818505246,(153,92)1:0.18823342259183504)1:0.18559509516806277)0.64:0.04531623505907807)0.6:0.04163279841178478)0.99:0.1551542158313756)0.64:0.04501995740594077,((173,58)1:1.4374803348122935,((196,((67,158)1:0.1882099002790633,(183,129)1:0.5413411676919412)1:0.5048451951665835)1:0.44097868411860347,((100,(167,68)0.87:0.08852461813589693)1:1.1711690110225699,(165,(138,(75,(144,77)1:0.6479334159903437)1:0.17422842272476247)0.65:0.05170954914146634)0.4:0.010156357867620211)1:0.21440503681228432)0.54:0.03167935695982281)0.47:0.02368209419590789)0.66:0.04758847529784625)0.45:0.018948017837333533)0.39:0.007193799788156893)0.44:0.015461165511051351,(((71,162)1:1.2399572186674743,((42,94)1:0.9371273581299854,(193,55)1:1.3395910921225238)0.71:0.057565485522022834)0.64:0.045753195182444306,((((78,179)1:0.43867343479559323,(122,(169,121)0.41:0.012431321727216832)0.66:0.05015007745646869)1:0.1756164083623374,((132,(22,150)1:0.2533962090010424)1:0.2847212107736925,(195,(157,176)1:1.0253281760507782)0.65:0.0463956166144055)1:0.17839848503226663)0.44:0.016805717221421747,(((126,141)1:0.2659072659000841,(65,(181,8)1:0.3185050487823341)1:0.35066451135851745)1:0.38151299059929406,((127,102)0.85:0.08545229449260525,((43,128)1:0.5039726026810302,(197,118)0.94:0.10895146996722689)1:0.47186991641184567)1:0.23801459132880512)1:0.18632126308875738)0.66:0.04783305012656552)0.36:0.003398904226947357)0.38:0.005803680681572035)0.45:0.01667866914165013)0.4:0.00975668948575911)0.38:0.005387625239823444)0.41:0.010695557514058268)0.76:0.06411858676657985)0.41:0.011318287775375413)0.44:0.015724141042127472)0.7:0.05552169655704639));
Weight calculation took 237.272759194 secs
ASTRAL finished in 382.597 secs
