
================== ASTRAL ===================== 

This is ASTRAL version 5.7.8
Gene trees are treated as unrooted
735 trees read from Dataset/AstralII_data/model.200.500000.0.000001/42/estimatedgenetre.halfresolved
index0
All output trees will be *arbitrarily* rooted at 18

======== Running the main analysis
Number of taxa: 201 (201 species)
Taxa: [18, 85, 185, 96, 5, 45, 190, 6, 199, 147, 90, 131, 33, 38, 16, 172, 148, 117, 87, 56, 71, 136, 160, 196, 144, 156, 24, 192, 162, 77, 46, 98, 113, 138, 168, 123, 3, 135, 72, 193, 55, 31, 112, 19, 125, 124, 155, 177, 69, 26, 191, 47, 110, 151, 109, 186, 173, 53, 58, 184, 104, 74, 99, 20, 120, 107, 134, 13, 114, 17, 66, 61, 189, 34, 59, 154, 143, 152, 174, 178, 145, 139, 51, 52, 93, 175, 32, 10, 88, 116, 12, 119, 86, 161, 200, 15, 140, 48, 54, 187, 95, 27, 97, 81, 42, 82, 108, 35, 50, 25, 159, 57, 94, 180, 7, 9, 105, 149, 130, 44, 76, 137, 80, 133, 169, 122, 121, 157, 176, 22, 195, 132, 89, 39, 170, 41, 142, 37, 101, 63, 198, 84, 111, 150, 43, 127, 102, 126, 0, 197, 118, 128, 163, 60, 153, 188, 194, 182, 28, 11, 30, 62, 115, 92, 40, 91, 21, 106, 79, 29, 165, 100, 167, 68, 141, 65, 181, 8, 14, 73, 83, 70, 146, 49, 1, 164, 103, 4, 23, 36, 64, 171, 2, 166, 78, 179, 75, 183, 129, 67, 158]
Taxon occupancy: {110=735, 111=735, 112=735, 113=735, 114=735, 115=735, 116=735, 117=735, 118=735, 119=735, 10=735, 11=735, 12=735, 13=735, 14=735, 15=735, 16=735, 17=735, 18=735, 19=735, 120=735, 121=735, 0=735, 122=735, 1=735, 123=735, 2=735, 3=735, 124=735, 125=735, 4=735, 5=735, 126=735, 6=735, 127=735, 7=735, 128=735, 8=735, 129=735, 9=735, 20=735, 21=735, 22=735, 23=735, 24=735, 25=735, 26=735, 27=735, 28=735, 29=735, 130=735, 131=735, 132=735, 133=735, 134=735, 135=735, 136=735, 137=735, 138=735, 139=735, 30=735, 31=735, 32=735, 33=735, 34=735, 35=735, 36=735, 37=735, 38=735, 39=735, 140=735, 141=735, 142=735, 143=735, 144=735, 145=735, 146=735, 147=735, 148=735, 149=735, 40=735, 41=735, 42=735, 43=735, 44=735, 45=735, 46=735, 47=735, 48=735, 49=735, 150=735, 151=735, 152=735, 153=735, 154=735, 155=735, 156=735, 157=735, 158=735, 159=735, 50=735, 51=735, 52=735, 53=735, 54=735, 55=735, 56=735, 57=735, 58=735, 59=735, 160=735, 161=735, 162=735, 163=735, 164=735, 165=735, 166=735, 167=735, 168=735, 169=735, 60=735, 61=735, 62=735, 63=735, 64=735, 65=735, 66=735, 67=735, 68=735, 69=735, 170=735, 171=735, 172=735, 173=735, 174=735, 175=735, 176=735, 177=735, 178=735, 179=735, 70=735, 71=735, 72=735, 73=735, 74=735, 75=735, 76=735, 77=735, 78=735, 79=735, 180=735, 181=735, 182=735, 183=735, 184=735, 185=735, 186=735, 187=735, 188=735, 189=735, 80=735, 81=735, 82=735, 83=735, 84=735, 85=735, 86=735, 87=735, 88=735, 89=735, 190=735, 191=735, 192=735, 193=735, 194=735, 195=735, 196=735, 197=735, 198=735, 199=735, 90=735, 91=735, 92=735, 93=735, 94=735, 95=735, 96=735, 97=735, 98=735, 99=735, 200=735, 100=735, 101=735, 102=735, 103=735, 104=735, 105=735, 106=735, 107=735, 108=735, 109=735}
Number of gene trees: 735
0 trees have missing taxa
Calculating quartet distance matrix (for completion of X)
Species tree distances calculated ...
Building set of clusters (X) from gene trees 
------------------------------
gradient0: 160347
Number of Clusters after addition by distance: 160347
calculating extra bipartitions to be added at level 1 ...
Adding to X using resolutions of greedy consensus ...
Limit for sigma of degrees:5075
polytomy size limit : 63
discarded polytomies: 81 119 158  [3, 3, 3, 3, 3, 3, 3, 3, 3, 4, 4, 4, 5, 7, 15, 39, 47, 63, 81, 119, 158]
Threshold 0.0:
polytomy of size 3; rounds with additions with at least 5 support: 0; clusters: 160353
polytomy of size 3; rounds with additions with at least 5 support: 0; clusters: 160357
polytomy of size 15; rounds with additions with at least 5 support: 22; clusters: 162653
Threshold 0.01:
polytomy of size 39; rounds with additions with at least 5 support: 28; clusters: 185203
Threshold 0.02:
polytomy of size 3; rounds with additions with at least 5 support: 0; clusters: 185203
polytomy of size 47; rounds with additions with at least 5 support: 4; clusters: 216167
Threshold 0.05:
polytomy of size 63; rounds with additions with at least 5 support: 2; clusters: 216447
Threshold 0.1:
polytomy of size 5; rounds with additions with at least 5 support: 0; clusters: 216447
polytomy of size 3; rounds with additions with at least 5 support: 0; clusters: 216447
polytomy of size 3; rounds with additions with at least 5 support: 0; clusters: 216447
polytomy of size 3; rounds with additions with at least 5 support: 0; clusters: 216447
polytomy of size 4; rounds with additions with at least 5 support: 0; clusters: 216447
polytomy of size 81; rounds with additions with at least 5 support: 0; clusters: 216635
Threshold 0.2:
polytomy of size 4; rounds with additions with at least 5 support: 0; clusters: 216635
polytomy of size 4; rounds with additions with at least 5 support: 0; clusters: 216635
polytomy of size 7; rounds with additions with at least 5 support: 0; clusters: 216635
polytomy of size 119; rounds with additions with at least 5 support: 1; clusters: 216807
Threshold 0.3333333333333333:
polytomy of size 3; rounds with additions with at least 5 support: 0; clusters: 216807
polytomy of size 3; rounds with additions with at least 5 support: 0; clusters: 216807
polytomy of size 3; rounds with additions with at least 5 support: 0; clusters: 216807
polytomy of size 158; rounds with additions with at least 5 support: 0; clusters: 216863
max k is :56
Number of Clusters after addition by greedy: 216863
gradient0 in heuristiic: 216863
partitions formed in 295.383 secs
Dynamic Programming starting after 295.384 secs
Using tree-based weight calculation.
Using polytree-based weight calculation.
Polytree max score: 48028742226
Polytree building time: 1.996 seconds.
Number of quartet trees in the gene trees: 48028742226
Size of largest cluster: 201
Greedy score: 19108342482
estimationFactor: 2.513495991148522
Sub-optimal score: 20347733208
Calculated 100000 weights; time (seconds): 696
Calculated 200000 weights; time (seconds): 399
Calculated 300000 weights; time (seconds): 472
Calculated 400000 weights; time (seconds): 421
Total Number of elements weighted: 465597
Normalized score (portion of input quartet trees satisfied before correcting for multiple individuals): 0.4292833614917909
Optimization score: 20617939911
Optimal tree inferred in 2265.866 secs.
(118,(197,((43,128),((127,102),(((126,141),(65,(181,8))),((((78,179),(122,(169,121))),((132,(22,150)),(195,(157,176)))),((((42,94),((71,162),(193,55))),(((89,39),((79,(149,((9,80),(105,133)))),(137,((130,44),(76,(152,(143,174))))))),(((111,(136,160)),(142,(170,(63,((41,37),(101,(198,84))))))),(0,((((21,106),(24,192)),((29,166),(14,(171,((60,188),(153,92)))))),((173,58),((196,((67,158),(183,129))),((100,(167,68)),(165,(138,(75,(144,77)))))))))))),(((12,((95,(177,69)),(3,((19,(124,(112,125))),((161,(53,200)),(155,(26,(119,86)))))))),((88,(116,27)),((15,140),(186,((32,(191,((47,109),(110,(31,151))))),((178,(145,(93,175))),((139,10),(51,52)))))))),(((30,(28,11)),((99,(61,189)),((6,(34,59)),((114,(74,17)),((134,(107,13)),(66,(20,120))))))),(((164,((40,91),(62,(33,(90,131))))),((184,(154,(194,182))),(64,(104,(135,72))))),(((38,115),((25,(35,159)),(108,(50,57)))),((((85,82),(185,180)),((4,(87,(199,156))),((190,(96,147)),(148,(172,(16,117)))))),(((18,23),((49,1),(168,((5,45),(113,(123,(46,98))))))),((146,(97,81)),((54,187),(((48,70),(73,83)),((163,(56,7)),(2,(103,36)))))))))))))))))));
Final quartet score is: 20617939911
Final normalized quartet score is: 0.4292833614917909
Extended species tree:
(18,(23,(((49,1)1:1.0941586768578022,(168,((5,45)1:0.5904986325880737,(113,(123,(46,98)1:0.11542445107886178)1:0.35955986362427644)0.47:0.017799948506870104)1:0.5117443397264616)1:0.08503433833825622)1:0.09613043102511384,(((146,(97,81)0.72:0.03239247989203279)1:1.1424522422337515,((54,187)1:0.7701728592957761,(((48,70)0.86:0.044073735332175776,(73,83)1:0.1587557924542678)1:0.3045969781963427,((163,(56,7)1:0.5142156141134698)1:0.31030117826710574,(2,(103,36)1:0.15189839803277455)1:0.42773796956981663)1:0.11545504306037017)0.81:0.037899768884094485)0.7:0.028501608399410974)0.96:0.06017768926636708,((((85,82)1:0.33032479226467165,(185,180)1:0.7880716668707753)1:0.2536195652673986,((4,(87,(199,156)1:0.557654899636453)0.49:0.012961113338379652)0.46:0.010831026620097965,((190,(96,147)1:0.1975675807330403)1:0.11544460650829196,(148,(172,(16,117)0.5:0.021611858411867673)1:0.13197864855515748)1:0.6046297999504107)1:0.128178606884138)0.95:0.05718915814335974)1:0.1328477730506798,(((38,115)1:0.581529664585497,((25,(35,159)1:0.2287805198241719)1:0.6230596890526771,(108,(50,57)0.8:0.03838828932249028)1:0.09057818849334776)1:0.4718955975793334)0.42:0.007023024899292992,(((164,((40,91)1:0.6084158900457483,(62,(33,(90,131)0.86:0.05060561843188057)1:0.7674288918162511)1:0.2010664784934085)0.39:0.004565679988339516)1:0.40112624959273757,((184,(154,(194,182)1:0.4159602298135612)1:0.16246642305341702)0.99:0.07511185326204828,(64,(104,(135,72)1:0.3673550930482632)1:0.34027174823186784)0.97:0.06345328158609881)0.96:0.0606028671035877)0.43:0.008198361080262962,(((30,(28,11)1:0.32696932094703246)1:0.5850182181577653,((99,(61,189)1:0.8602290826020207)1:0.24896586585758665,((6,(34,59)1:0.9444295806239899)1:0.30689190850153636,((114,(74,17)1:0.8376366656877064)0.76:0.033612503204659375,((134,(107,13)0.99:0.08102861330946967)1:0.31884793381578214,(66,(20,120)1:0.4536998272559509)0.99:0.07210818461689704)1:0.14790031579109658)1:0.4407757152002782)0.38:0.004656716746940954)1:0.09238278172364628)0.97:0.06452962398905177,(((12,((95,(177,69)1:0.5456546064489906)1:0.14137016778915365,(3,((19,(124,(112,125)0.84:0.04865125970029274)1:0.0938096424600468)1:0.7022419895883596,((161,(53,200)1:0.2242502157021625)1:0.08460735395561193,(155,(26,(119,86)1:0.1307687427681493)1:0.1131838407645147)1:0.3842226187483891)0.73:0.03899289759885744)0.6:0.022883164250223954)1:0.1310838719792374)1:0.22702336639299267)1:0.14691571668276748,((88,(116,27)1:0.5135710175417699)1:0.35226368583867484,((15,140)1:0.9330890923887107,(186,((32,(191,((47,109)1:0.33171662065356733,(110,(31,151)0.7:0.03966330525234967)1:0.4108438529023359)1:0.09337968840015032)1:0.4476378975624212)0.72:0.02988937526294103,((178,(145,(93,175)1:0.11302658599953398)1:0.23289932209000214)0.95:0.05820210769001943,((139,10)1:0.22372536433117393,(51,52)0.87:0.05100825904581153)1:0.3184835384435646)0.95:0.05784883716240456)1:0.09934739435286415)1:0.09008534545038833)1:0.08630445420040651)0.51:0.016628079405744314)1:0.15225291997756485,((((42,94)1:1.1906103999476123,((71,162)1:1.1625493123755675,(193,55)1:1.467141774585156)0.45:0.012728565288125791)0.91:0.04994934915341717,(((89,39)1:0.9513228406507086,((79,(149,((9,80)1:0.15308476189431114,(105,133)1:0.15613885737382263)0.84:0.04637866075324066)1:0.396365540243483)1:0.19195005038522092,(137,((130,44)1:0.641293455542829,(76,(152,(143,174)1:0.2929251091728067)0.99:0.0781018306728118)1:0.2732927535010879)1:0.3992535038897443)1:0.08596802457690518)0.98:0.07035659365802784)1:0.11400879655075674,(((111,(136,160)1:0.1354388951442682)1:0.4908029331220982,(142,(170,(63,((41,37)1:0.1963802692124839,(101,(198,84)1:0.19098190113666877)1:0.2549200058848365)0.6:0.021523860884373743)1:0.1693773948215974)0.99:0.07509756469677879)1:0.6268030508863318)1:0.1624263476579897,(0,((((21,106)1:0.778198774519081,(24,192)1:1.005869595289813)1:0.4698458031309544,((29,166)1:0.20134917284841314,(14,(171,((60,188)1:0.4387859764837364,(153,92)1:0.18502238589684855)1:0.20136806549766698)0.95:0.05860701023318055)0.74:0.032838709332754006)1:0.21891463474228126)0.78:0.03529166123246121,((173,58)1:1.4136123624835515,((196,((67,158)1:0.31336971364313104,(183,129)1:0.49092596205915445)1:0.4115752706927927)1:0.4720585876431553,((100,(167,68)0.99:0.08106772124464401)1:1.0542223098451091,(165,(138,(75,(144,77)1:0.6539070607781907)1:0.14617002223767114)0.73:0.031203807536724915)0.69:0.031191414578024927)1:0.241596865078354)0.59:0.02029872329252613)0.78:0.03542306385329368)0.96:0.059163019575783536)0.44:0.009103107704930526)0.38:0.0036463150702832313)0.36:0.0015544777495064839)0.42:0.007320474651977576,((((78,179)1:0.5063785579846184,(122,(169,121)0.66:0.02725885566854897)0.9:0.047760542242392554)1:0.19640585699595567,((132,(22,150)1:0.2627971658348906)1:0.2582988557043737,(195,(157,176)1:0.9345697410272915)1:0.0884741302578618)1:0.19966372963187984)0.56:0.019419311152988172,(((126,141)1:0.3512517366907237,(65,(181,8)1:0.3440641478852977)1:0.31976375159919807)1:0.4460731303512704,((127,102)0.97:0.06771208543573011,((43,128)1:0.5507565658181326,(197,118)1:0.16454464042959677)1:0.49678265170295993)1:0.25346115923038715)1:0.1870661393034002)0.98:0.06747560498854067)0.48:0.011991627535854407)0.56:0.018336769733783027)0.53:0.016370238184737363)0.53:0.01628781035474247)1:0.08328404051062341)0.45:0.009839093531720952)0.76:0.033520101165068705)1:0.09454764368307951));
Weight calculation took 1748.465371822 secs
ASTRAL finished in 2273.077 secs
