
================== ASTRAL ===================== 

This is ASTRAL version 5.7.8
Gene trees are treated as unrooted
50 trees read from Dataset/AstralII_data/model.200.500000.0.000001/42/estimatedgenetre.halfresolved_50
index0
All output trees will be *arbitrarily* rooted at 18

======== Running the main analysis
Number of taxa: 201 (201 species)
Taxa: [18, 85, 185, 96, 5, 45, 190, 6, 199, 147, 90, 131, 33, 38, 16, 172, 148, 117, 87, 56, 71, 136, 160, 196, 144, 156, 24, 192, 162, 77, 46, 98, 113, 138, 168, 123, 3, 135, 72, 193, 55, 31, 112, 19, 125, 124, 155, 177, 69, 26, 191, 47, 110, 151, 109, 186, 173, 53, 58, 184, 104, 74, 99, 20, 120, 107, 134, 13, 114, 17, 66, 61, 189, 34, 59, 154, 143, 152, 174, 178, 145, 139, 51, 52, 93, 175, 32, 10, 88, 116, 12, 119, 86, 161, 200, 15, 140, 48, 54, 187, 95, 27, 97, 81, 42, 82, 108, 35, 50, 25, 159, 57, 94, 180, 7, 9, 105, 149, 130, 44, 76, 137, 80, 133, 169, 122, 121, 157, 176, 22, 195, 132, 89, 39, 170, 41, 142, 37, 101, 63, 198, 84, 111, 150, 43, 127, 102, 126, 0, 197, 118, 128, 163, 60, 153, 188, 194, 182, 28, 11, 30, 62, 115, 92, 40, 91, 21, 106, 79, 29, 165, 100, 167, 68, 141, 65, 181, 8, 14, 73, 83, 70, 146, 49, 1, 164, 103, 4, 23, 36, 64, 171, 2, 166, 78, 179, 75, 183, 129, 67, 158]
Taxon occupancy: {110=50, 111=50, 112=50, 113=50, 114=50, 115=50, 116=50, 117=50, 118=50, 119=50, 10=50, 11=50, 12=50, 13=50, 14=50, 15=50, 16=50, 17=50, 18=50, 19=50, 120=50, 121=50, 0=50, 122=50, 1=50, 123=50, 2=50, 3=50, 124=50, 125=50, 4=50, 5=50, 126=50, 6=50, 127=50, 7=50, 128=50, 8=50, 129=50, 9=50, 20=50, 21=50, 22=50, 23=50, 24=50, 25=50, 26=50, 27=50, 28=50, 29=50, 130=50, 131=50, 132=50, 133=50, 134=50, 135=50, 136=50, 137=50, 138=50, 139=50, 30=50, 31=50, 32=50, 33=50, 34=50, 35=50, 36=50, 37=50, 38=50, 39=50, 140=50, 141=50, 142=50, 143=50, 144=50, 145=50, 146=50, 147=50, 148=50, 149=50, 40=50, 41=50, 42=50, 43=50, 44=50, 45=50, 46=50, 47=50, 48=50, 49=50, 150=50, 151=50, 152=50, 153=50, 154=50, 155=50, 156=50, 157=50, 158=50, 159=50, 50=50, 51=50, 52=50, 53=50, 54=50, 55=50, 56=50, 57=50, 58=50, 59=50, 160=50, 161=50, 162=50, 163=50, 164=50, 165=50, 166=50, 167=50, 168=50, 169=50, 60=50, 61=50, 62=50, 63=50, 64=50, 65=50, 66=50, 67=50, 68=50, 69=50, 170=50, 171=50, 172=50, 173=50, 174=50, 175=50, 176=50, 177=50, 178=50, 179=50, 70=50, 71=50, 72=50, 73=50, 74=50, 75=50, 76=50, 77=50, 78=50, 79=50, 180=50, 181=50, 182=50, 183=50, 184=50, 185=50, 186=50, 187=50, 188=50, 189=50, 80=50, 81=50, 82=50, 83=50, 84=50, 85=50, 86=50, 87=50, 88=50, 89=50, 190=50, 191=50, 192=50, 193=50, 194=50, 195=50, 196=50, 197=50, 198=50, 199=50, 90=50, 91=50, 92=50, 93=50, 94=50, 95=50, 96=50, 97=50, 98=50, 99=50, 200=50, 100=50, 101=50, 102=50, 103=50, 104=50, 105=50, 106=50, 107=50, 108=50, 109=50}
Number of gene trees: 50
0 trees have missing taxa
Calculating quartet distance matrix (for completion of X)
Species tree distances calculated ...
Building set of clusters (X) from gene trees 
------------------------------
gradient0: 14687
Number of Clusters after addition by distance: 14687
calculating extra bipartitions to be added at level 1 ...
Adding to X using resolutions of greedy consensus ...
Limit for sigma of degrees:5075
polytomy size limit : 63
discarded polytomies: 80 116 163  [3, 3, 3, 3, 3, 3, 3, 3, 3, 3, 3, 3, 3, 3, 3, 3, 4, 5, 7, 32, 32, 32, 63, 80, 116, 163]
Threshold 0.0:
polytomy of size 3; rounds with additions with at least 5 support: 1; clusters: 14693
polytomy of size 3; rounds with additions with at least 5 support: 1; clusters: 14699
polytomy of size 3; rounds with additions with at least 5 support: 0; clusters: 14705
polytomy of size 32; rounds with additions with at least 5 support: 2; clusters: 33773
Threshold 0.01:
polytomy of size 3; rounds with additions with at least 5 support: 0; clusters: 33773
polytomy of size 3; rounds with additions with at least 5 support: 0; clusters: 33773
polytomy of size 3; rounds with additions with at least 5 support: 0; clusters: 33773
polytomy of size 32; rounds with additions with at least 5 support: 0; clusters: 51475
Threshold 0.02:
polytomy of size 3; rounds with additions with at least 5 support: 0; clusters: 51475
polytomy of size 3; rounds with additions with at least 5 support: 0; clusters: 51475
polytomy of size 3; rounds with additions with at least 5 support: 0; clusters: 51475
polytomy of size 32; rounds with additions with at least 5 support: 0; clusters: 68765
Threshold 0.05:
polytomy of size 3; rounds with additions with at least 5 support: 1; clusters: 68767
polytomy of size 63; rounds with additions with at least 5 support: 5; clusters: 70459
Threshold 0.1:
polytomy of size 3; rounds with additions with at least 5 support: 0; clusters: 70459
polytomy of size 3; rounds with additions with at least 5 support: 0; clusters: 70459
polytomy of size 5; rounds with additions with at least 5 support: 0; clusters: 70459
polytomy of size 3; rounds with additions with at least 5 support: 0; clusters: 70459
polytomy of size 80; rounds with additions with at least 5 support: 2; clusters: 71543
Threshold 0.2:
polytomy of size 4; rounds with additions with at least 5 support: 0; clusters: 71543
polytomy of size 7; rounds with additions with at least 5 support: 0; clusters: 71543
polytomy of size 3; rounds with additions with at least 5 support: 0; clusters: 71543
polytomy of size 116; rounds with additions with at least 5 support: 0; clusters: 72247
Threshold 0.3333333333333333:
polytomy of size 3; rounds with additions with at least 5 support: 0; clusters: 72247
polytomy of size 3; rounds with additions with at least 5 support: 0; clusters: 72247
polytomy of size 163; rounds with additions with at least 5 support: 0; clusters: 72565
max k is :10
Number of Clusters after addition by greedy: 72565
gradient0 in heuristiic: 72565
partitions formed in 26.231 secs
Dynamic Programming starting after 26.231 secs
Using tree-based weight calculation.
Using polytree-based weight calculation.
Polytree max score: 3256987443
Polytree building time: 0.07 seconds.
Number of quartet trees in the gene trees: 3256987443
Size of largest cluster: 201
Greedy score: 1350441555
estimationFactor: 2.4117944467430137
Sub-optimal score: 1350497158
Calculated 100000 weights; time (seconds): 67
Total Number of elements weighted: 144882
Normalized score (portion of input quartet trees satisfied before correcting for multiple individuals): 0.41890852877936624
Optimization score: 1364379818
Optimal tree inferred in 87.179 secs.
(146,(97,(81,((23,((54,187),((70,(48,(73,83))),((163,(56,7)),(2,(103,36)))))),(((49,1),(168,(18,(113,((5,45),(123,(46,98))))))),((((85,82),(185,180)),((199,156),(4,((190,(96,147)),(87,(148,(172,(16,117)))))))),((38,115),((30,(28,11)),(((64,(104,(135,72))),(((71,162),(173,58)),((14,((29,166),(171,((60,188),(153,92))))),((165,((138,(144,77)),(75,(100,(167,68))))),(((24,192),(21,106)),(196,((183,129),(67,158)))))))),(((0,((42,94),(193,55))),(((111,(136,160)),((170,142),(63,((41,37),(101,(198,84)))))),(((78,179),(122,(169,121))),((132,(22,150)),(195,(157,176)))))),((((184,(154,(194,182))),(((6,(34,59)),(99,(61,189))),((74,17),(114,((66,(20,120)),(134,(107,13))))))),((108,(57,(50,(25,(35,159))))),(((164,(40,91)),(62,(90,(131,33)))),((89,39),((79,((105,133),(80,(9,149)))),(137,((130,44),((143,174),(152,76))))))))),((((126,141),(65,(181,8))),(102,(127,((43,128),(197,118))))),((12,((95,(177,69)),(3,(((19,124),(112,125)),(161,((53,200),(155,(26,(119,86))))))))),((88,(116,27)),((15,140),((32,(191,((47,109),(110,(31,151))))),(186,((178,(175,(145,93))),(51,(52,(139,10)))))))))))))))))))));
Final quartet score is: 1364379818
Final normalized quartet score is: 0.41890852877936624
Extended species tree:
(18,((113,((5,45)1:0.42048621148044396,(123,(46,98)0.57:0.07597873883258649)0.96:0.2582061411673628)0.39:0.0108756288412087)1:0.8253088992659269,(168,((49,1)1:0.9835733125417417,(((((85,82)0.94:0.21695905313476263,(185,180)1:0.5870470494684112)0.83:0.15486912764899477,((199,156)1:0.6510128315073964,(4,((190,(96,147)0.99:0.3014151222392029)0.73:0.12398287197589405,(87,(148,(172,(16,117)0.68:0.1033577839916106)0.76:0.1407454616327359)1:0.42939392299224527)0.69:0.10893640873543615)0.52:0.05255843223180755)0.42:0.018759509789240535)0.47:0.03497977604423795)0.71:0.10704504719091307,((38,115)1:0.3642229952194576,((30,(28,11)0.96:0.24990057225867285)1:0.49537145832302637,(((64,(104,(135,72)0.98:0.29032838442868625)0.98:0.28658113654515466)0.65:0.08918077388953975,(((71,162)1:0.8991231997477909,(173,58)1:1.4598174490055327)0.4:0.012622907632821104,((14,((29,166)0.45:0.032664215721837565,(171,((60,188)1:0.39706186464904164,(153,92)0.9:0.19695161632796804)0.62:0.08530895547705943)0.58:0.08263463585066942)0.71:0.11525109065262913)0.73:0.11647015266257182,((165,((138,(144,77)1:0.8030981504126788)0.43:0.032164102531218736,(75,(100,(167,68)0.7:0.12123238972577705)1:0.8247828380195688)0.71:0.13798378639901546)0.51:0.048863644643654544)0.87:0.1739756584034808,(((24,192)1:0.990527832090813,(21,106)1:0.6532921249018399)1:0.44834168935937274,(196,((183,129)1:0.43593322961113656,(67,158)0.91:0.19623947351726648)1:0.5448834539302561)1:0.4565094094023046)0.38:0.008597934780283912)0.44:0.025944000556703175)0.38:0.006153404834003589)0.37:0.005352263562113639)0.4:0.012698355449904015,(((0,((42,94)1:0.7135042507976834,(193,55)1:1.3921019806082109)0.84:0.15958580556560806)0.37:0.0021146745776834132,(((111,(136,160)0.89:0.18530956605731697)1:0.36541426866590554,((170,142)0.68:0.10222970340730599,(63,((41,37)0.58:0.07073017528345996,(101,(198,84)1:0.5232218520428705)0.46:0.044830361415466875)0.72:0.11417176681968716)0.65:0.10055622682008661)1:0.5726539305652683)0.7:0.11119563884720561,(((78,179)1:0.38606566498902584,(122,(169,121)0.61:0.07833184326990696)0.57:0.06449326305333834)0.63:0.08329879759193604,((132,(22,150)1:0.40251364965494774)0.91:0.20192795385972592,(195,(157,176)1:0.84678606345705)0.44:0.02596268501046885)0.76:0.12615582199912673)0.47:0.034879621447250035)0.44:0.025773071881158894)0.39:0.009204222626588342,((((184,(154,(194,182)0.98:0.2966874546365799)0.72:0.11421275223402577)0.41:0.015468254983355276,(((6,(34,59)1:0.8962691824039334)0.95:0.23536750480501528,(99,(61,189)1:0.9016574059409533)0.89:0.1821974325823614)0.35:0.0,((74,17)1:0.6305379770322571,(114,((66,(20,120)1:0.4421065186211773)0.77:0.13701008694407116,(134,(107,13)0.5:0.10140533581489836)1:0.36149980048594277)0.52:0.05219096603529492)0.48:0.07180345286181979)0.99:0.3076183458552959)0.56:0.06674430273884267)0.47:0.0365320078123044,((108,(57,(50,(25,(35,159)0.93:0.2224785250211624)0.99:0.33387465148150636)0.45:0.045551093848466305)0.51:0.05753501680880316)1:0.44059012790267643,(((164,(40,91)1:0.6037969704273375)0.55:0.06874473116962772,(62,(90,(131,33)0.66:0.10248357836670625)1:0.6918827580744318)0.94:0.2263821081109178)0.97:0.2518060311051954,((89,39)1:0.9653260828345642,((79,((105,133)0.73:0.13409005185692946,(80,(9,149)0.45:0.055175017048870185)0.67:0.09916344009171993)1:0.36943348891286654)0.77:0.13221177717266708,(137,((130,44)1:0.40031979912784355,((143,174)1:0.4600742438982376,(152,76)0.51:0.058971193351225124)0.97:0.2623655503111878)1:0.36896761730807737)0.41:0.022351495264884218)0.75:0.12847818670575306)0.62:0.07964424183422913)0.37:0.004861248484146356)0.35:0.0)0.31:0.0,((((126,141)0.85:0.17148207663759651,(65,(181,8)1:0.4054933156593277)1:0.39289472389418423)1:0.37042012382856093,(102,(127,((43,128)1:0.4508443593072577,(197,118)0.89:0.18720919889740006)1:0.43485386578873414)0.51:0.05127188116863448)0.81:0.14281734818297645)0.91:0.19447357816194671,((12,((95,(177,69)1:0.5305329410663371)0.57:0.06739029912582019,(3,(((19,124)0.42:0.027772638793526924,(112,125)0.69:0.1088730021675927)1:0.5677878860889066,(161,((53,200)0.96:0.2515519861867626,(155,(26,(119,86)0.6:0.09282004318062821)0.57:0.08195465259714346)1:0.37285956060158776)0.34:0.0)0.54:0.06381548923413054)0.82:0.1527725627149298)0.35:5.090012311194673E-4)0.88:0.17731429900022314)0.68:0.10053293429184626,((88,(116,27)1:0.473856788383985)0.95:0.23134706339867347,((15,140)1:0.7828132665017822,((32,(191,((47,109)0.99:0.32468813953647707,(110,(31,151)0.67:0.11832824239410489)0.99:0.36006769229574515)0.56:0.06856612908457502)0.99:0.33943243595882705)0.54:0.05887311801183095,(186,((178,(175,(145,93)0.75:0.13680023088083057)0.86:0.1739122071817764)0.81:0.14278491635425106,(51,(52,(139,10)0.85:0.1725788061525128)0.58:0.08694124127699741)1:0.37731228887862056)0.42:0.021505499515269665)0.56:0.06444268851492349)0.68:0.09765378695400456)0.56:0.0820984674386372)0.47:0.039284952960879346)0.56:0.06308688010743624)0.44:0.02581381945862653)0.4:0.014144215524166146)0.36:0.0)0.34:0.0)0.57:0.06519696778302378)0.37:0.006267430379786962)0.44:0.040518224319600886,((23,((54,187)0.99:0.31372936440564153,((70,(48,(73,83)0.96:0.25194464730286803)0.48:0.0427557099157278)0.96:0.24031964899339003,((163,(56,7)1:0.6727030025577)1:0.4533043901019835,(2,(103,36)0.98:0.2910755663762445)0.97:0.2639124380412921)0.59:0.07449371949220106)0.64:0.08747873380703866)0.48:0.05886757882903047)0.47:0.03472916829401557,(81,(97,146)0.89:0.1909553562143632)1:0.7877531567338468)0.43:0.02515512366449178)0.51:0.047947576733991255)0.57:0.07493364073088711)0.53:0.09603589538203934));
Weight calculation took 43.716324911 secs
ASTRAL finished in 88.553 secs
