
================== ASTRAL ===================== 

This is ASTRAL version 5.7.8
Gene trees are treated as unrooted
50 trees read from Dataset/AstralII_data/model.200.10000000.0.000001/11/estimatedgenetre.halfresolved_50
index0
All output trees will be *arbitrarily* rooted at 108

======== Running the main analysis
Number of taxa: 201 (201 species)
Taxa: [108, 39, 111, 164, 172, 44, 118, 84, 134, 5, 57, 127, 61, 152, 123, 161, 183, 160, 136, 6, 178, 28, 43, 78, 46, 198, 186, 199, 38, 58, 180, 112, 17, 35, 21, 91, 105, 59, 188, 176, 117, 177, 119, 166, 75, 157, 83, 159, 142, 60, 120, 52, 29, 66, 1, 167, 48, 47, 101, 129, 30, 10, 40, 109, 126, 36, 107, 99, 145, 81, 63, 74, 158, 14, 49, 125, 133, 7, 31, 156, 12, 137, 169, 155, 79, 114, 138, 132, 170, 24, 0, 122, 19, 192, 154, 89, 135, 18, 100, 175, 151, 72, 149, 42, 103, 174, 124, 62, 15, 34, 8, 92, 9, 121, 11, 153, 65, 53, 140, 87, 33, 26, 197, 184, 27, 20, 148, 130, 94, 200, 32, 146, 85, 73, 102, 25, 68, 113, 51, 95, 173, 69, 16, 45, 2, 37, 54, 165, 189, 190, 67, 141, 77, 147, 55, 162, 86, 143, 179, 128, 116, 22, 195, 70, 150, 193, 191, 41, 93, 76, 182, 88, 187, 71, 50, 106, 139, 98, 115, 194, 196, 168, 131, 3, 144, 96, 181, 163, 82, 4, 56, 110, 185, 97, 13, 80, 104, 90, 64, 171, 23]
Taxon occupancy: {110=50, 111=50, 112=50, 113=50, 114=50, 115=50, 116=50, 117=50, 118=50, 119=50, 10=50, 11=50, 12=50, 13=50, 14=50, 15=50, 16=50, 17=50, 18=50, 19=50, 120=50, 0=50, 121=50, 1=50, 122=50, 123=50, 2=50, 124=50, 3=50, 125=50, 4=50, 5=50, 126=50, 127=50, 6=50, 7=50, 128=50, 129=50, 8=50, 9=50, 20=50, 21=50, 22=50, 23=50, 24=50, 25=50, 26=50, 27=50, 28=50, 29=50, 130=50, 131=50, 132=50, 133=50, 134=50, 135=50, 136=50, 137=50, 138=50, 139=50, 30=50, 31=50, 32=50, 33=50, 34=50, 35=50, 36=50, 37=50, 38=50, 39=50, 140=50, 141=50, 142=50, 143=50, 144=50, 145=50, 146=50, 147=50, 148=50, 149=50, 40=50, 41=50, 42=50, 43=50, 44=50, 45=50, 46=50, 47=50, 48=50, 49=50, 150=50, 151=50, 152=50, 153=50, 154=50, 155=50, 156=50, 157=50, 158=50, 159=50, 50=50, 51=50, 52=50, 53=50, 54=50, 55=50, 56=50, 57=50, 58=50, 59=50, 160=50, 161=50, 162=50, 163=50, 164=50, 165=50, 166=50, 167=50, 168=50, 169=50, 60=50, 61=50, 62=50, 63=50, 64=50, 65=50, 66=50, 67=50, 68=50, 69=50, 170=50, 171=50, 172=50, 173=50, 174=50, 175=50, 176=50, 177=50, 178=50, 179=50, 70=50, 71=50, 72=50, 73=50, 74=50, 75=50, 76=50, 77=50, 78=50, 79=50, 180=50, 181=50, 182=50, 183=50, 184=50, 185=50, 186=50, 187=50, 188=50, 189=50, 80=50, 81=50, 82=50, 83=50, 84=50, 85=50, 86=50, 87=50, 88=50, 89=50, 190=50, 191=50, 192=50, 193=50, 194=50, 195=50, 196=50, 197=50, 198=50, 199=50, 90=50, 91=50, 92=50, 93=50, 94=50, 95=50, 96=50, 97=50, 98=50, 99=50, 200=50, 100=50, 101=50, 102=50, 103=50, 104=50, 105=50, 106=50, 107=50, 108=50, 109=50}
Number of gene trees: 50
0 trees have missing taxa
Calculating quartet distance matrix (for completion of X)
Species tree distances calculated ...
Building set of clusters (X) from gene trees 
------------------------------
gradient0: 2549
Number of Clusters after addition by distance: 2549
calculating extra bipartitions to be added at level 1 ...
Adding to X using resolutions of greedy consensus ...
Limit for sigma of degrees:5075
polytomy size limit : 4
discarded polytomies:  [3, 3, 3, 3, 3, 3, 3, 3, 4]
Threshold 0.0:
Threshold 0.01:
Threshold 0.02:
Threshold 0.05:
Threshold 0.1:
Threshold 0.2:
Threshold 0.3333333333333333:
polytomy of size 3; rounds with additions with at least 5 support: 0; clusters: 2549
polytomy of size 4; rounds with additions with at least 5 support: 0; clusters: 2549
polytomy of size 3; rounds with additions with at least 5 support: 0; clusters: 2549
polytomy of size 3; rounds with additions with at least 5 support: 0; clusters: 2549
polytomy of size 3; rounds with additions with at least 5 support: 0; clusters: 2549
polytomy of size 3; rounds with additions with at least 5 support: 0; clusters: 2549
polytomy of size 3; rounds with additions with at least 5 support: 0; clusters: 2549
polytomy of size 3; rounds with additions with at least 5 support: 0; clusters: 2549
polytomy of size 3; rounds with additions with at least 5 support: 0; clusters: 2549
max k is :0
Number of Clusters after addition by greedy: 2549
gradient0 in heuristiic: 2549
partitions formed in 5.151 secs
Dynamic Programming starting after 5.151 secs
Using tree-based weight calculation.
Using polytree-based weight calculation.
Polytree max score: 3299911569
Polytree building time: 0.293 seconds.
Number of quartet trees in the gene trees: 3299911569
Size of largest cluster: 201
Greedy score: 3120793725
estimationFactor: 1.0573949641609204
Sub-optimal score: 3124810757
Total Number of elements weighted: 2910
Normalized score (portion of input quartet trees satisfied before correcting for multiple individuals): 0.9481252553528655
Optimization score: 3128729499
Optimal tree inferred in 7.016 secs.
(131,(144,(3,((96,(82,((181,163),(4,(56,110))))),(((97,(13,(80,104))),((44,(172,118)),(164,((108,39),(111,((171,23),(90,64))))))),((((187,(106,(71,50))),((139,98),((196,168),(115,194)))),(((105,59),((21,(91,188)),(117,(176,(177,119))))),(((((134,5),(57,(84,127))),(((61,152),(123,161)),((183,160),(136,6)))),((38,(58,(17,(180,112)))),((199,(43,(178,28))),(35,(78,(186,(46,198))))))),(((166,75),((30,10),((47,(48,(101,129))),(52,(29,(66,(1,167))))))),((157,(142,(83,(60,(159,120))))),(((145,81),((63,74),(158,14))),(40,(36,((109,126),(107,99)))))))))),(185,((((114,138),(24,(132,170))),((79,(155,(137,(12,169)))),(49,((125,133),(156,(7,31)))))),(0,((((179,128),((41,((182,88),(93,76))),((193,(116,22)),(195,(150,(70,191)))))),(((173,(37,54)),(69,(45,(16,2)))),(((86,143),(147,(55,162))),(165,(77,(189,(141,(190,67)))))))),((((154,(89,135)),(192,(122,19))),((100,(18,(175,151))),(72,(15,(149,((42,103),(174,(124,62)))))))),((((140,87),(153,(65,53))),((92,9),((8,121),(34,11)))),((26,(33,197)),((184,27),((20,148),((130,((32,146),(94,200))),(95,((73,(113,51)),(68,(85,(102,25)))))))))))))))))))));
Final quartet score is: 3128729499
Final normalized quartet score is: 0.9481252553528655
Extended species tree:
(108,(39,((111,((171,23)1:1.4469189829363254,(90,64)1:1.7346010553881062)1:1.5152060175788893)0.98:0.2855618232855382,(164,((44,(172,118)0.95:0.23052365861183224)1:3.5263605246161593,((97,(13,(80,104)1:3.5263605246161593)1:1.7346010553881062)1:3.5263605246161593,(((((187,(106,(71,50)1:1.9179332236879847)1:1.2268257644397387)1:2.5455312716044367,((139,98)1:0.8858390658960132,((196,168)1:1.2237754316221159,(115,194)1:3.5263605246161593)1:1.8216124323777365)1:2.8332133440562166)1:2.4277482359480516,(((105,59)1:3.5263605246161593,((21,(91,188)0.53:0.060624621816434854)1:0.9423629721839303,(117,(176,(177,119)0.95:0.23089784009421502)0.95:0.23052365861183224)1:2.3223877202902274)1:1.6937790608678511)1:3.1441522786722635,(((((134,5)0.53:0.08167803101426713,(57,(84,127)0.98:0.28808619450213835)1:0.46015133280272374)1:2.0130664727349643,(((61,152)1:2.599968696755503,(123,161)1:2.14006616349627)0.69:0.10152420462292155,((183,160)1:2.8231122480697106,(136,6)1:1.913881555606283)1:0.4977548616156404)0.99:0.3185241340973919)1:2.712115247350376,((38,(58,(17,(180,112)0.99:0.34830669426821587)1:0.457835501665444)1:0.6546808997321489)1:2.2815657257699713,((199,(43,(178,28)1:0.4355476660240935)1:1.6541679514574155)1:0.4631643255954943,(35,(78,(186,(46,198)1:1.2054891048439)1:0.8863971516300505)0.91:0.19415601444095737)1:1.6583716990490953)1:1.000631880307906)1:3.0845277723371196)1:0.6216795228294972,(((166,75)1:3.5263605246161593,((30,10)1:3.5263605246161593,((47,(48,(101,129)0.7:0.1253315072948364)0.47:0.045120435280469655)1:3.5263605246161593,(52,(29,(66,(1,167)0.87:0.17407201302717545)1:0.6357067985805279)1:0.37647757123491177)1:3.120895416507997)0.91:0.19547267032570434)1:0.7891111688216892)1:2.0249009303819645,((157,(142,(83,(60,(159,120)0.95:0.22940195350263207)1:0.4349720305369348)0.39:0.009852296443011483)1:2.8332133440562166)1:3.5263605246161593,(((145,81)1:2.8179458719254282,((63,74)1:3.5263605246161593,(158,14)1:2.8332133440562166)1:1.7346010553881062)1:0.37670435431786625,(40,(36,((109,126)1:2.8332133440562166,(107,99)1:2.835754641484888)0.5:0.045120435280469655)1:3.114081080088267)1:0.8393412180491088)1:1.6068162582212635)1:0.6003081717001602)1:1.9180110053548873)0.71:0.10928506669421978)1:0.824299673675532)1:0.5937987952962509,(185,((((114,138)1:3.5263605246161593,(24,(132,170)1:0.6931471805599453)1:2.0211499832427187)1:1.1880573490200368,((79,(155,(137,(12,169)0.38:0.01096922894532417)1:0.37283988079208785)1:1.5804503755608468)1:1.4207298441446874,(49,((125,133)1:1.5804503755608483,(156,(7,31)0.55:0.09763846956391606)1:2.022283127839887)1:1.751842861822612)1:0.38643677430788914)1:0.48756876160172286)1:3.5263605246161593,(0,((((179,128)1:3.5263605246161593,((41,((182,88)1:0.6832948841169336,(93,76)1:0.6644497510284434)1:2.4277482359480516)1:0.5025308629803132,((193,(116,22)1:1.4481824069830973)1:0.7147555609586917,(195,(150,(70,191)1:0.3908878413380481)0.99:0.318613952035247)1:0.8827318475782708)1:1.127143374559875)1:2.89205384407915)1:2.119446876293536,(((173,(37,54)1:0.8873031950009027)1:2.2735975561207935,(69,(45,(16,2)0.99:0.34830669426821587)1:2.439663270525921)1:1.9283276087960526)1:2.4277482359480516,(((86,143)1:1.852384091044489,(147,(55,162)1:2.13754409406356)1:1.084013489246957)1:0.9236708391717778,(165,(77,(189,(141,(190,67)1:3.5213227305862023)1:0.7528204783788366)0.76:0.12516314295400605)1:2.0794415416798353)1:1.5752010196747042)1:2.4277482359480516)1:3.5263605246161593)1:3.5263605246161593,((((154,(89,135)1:1.036416080798204)1:1.000631880307906,(192,(122,19)1:1.0414538748281608)1:3.5263605246161593)1:1.9169226121820613,((100,(18,(175,151)1:1.4481824069830973)1:0.5559460590464603)1:2.8332133440562166,(72,(15,(149,((42,103)1:1.681071035312592,(174,(124,62)1:0.5296186598608178)1:0.6635767232388257)1:1.5343966690973798)1:0.453667209926042)1:1.0986122886681093)1:1.1514547700424895)1:1.8681324480126293)1:2.14006616349627,((((140,87)1:1.4060969884160712,(153,(65,53)1:0.43371238218708713)0.5:0.06878923933165877)1:2.2270775404858996,((92,9)1:2.14006616349627,((8,121)0.96:0.24902425743454665,(34,11)0.5:0.06078326384103988)1:1.65455834771457)1:2.022283127839887)1:3.5263605246161593,((26,(33,197)1:1.9169226121820613)1:2.9583764870102227,((184,27)1:2.8935096683189143,((20,148)1:3.5263605246161593,((130,((32,146)1:1.8211510713545576,(94,200)0.71:0.10905000481087418)1:0.5953028358777529)1:1.749224299726305,(95,((73,(113,51)1:1.0380925271254562)1:0.4410160923724832,(68,(85,(102,25)1:0.8176371494730467)0.92:0.21300550655717207)1:0.5877866649021187)1:1.6175859214780384)1:1.3023286210128455)0.46:0.047173824092311765)1:1.1285032580128056)0.93:0.2251632474198538)1:0.4063305343845931)1:2.514759612937681)1:3.5263605246161593)1:3.5263605246161593)1:3.5263605246161593)1:1.7763085180723364)0.66:0.12011468340816386)1:1.5659129049025977,((96,(82,((181,163)1:2.4243526469469137,(4,(56,110)1:0.481597615567785)1:1.085123244105052)1:0.5645298027378521)1:3.5263605246161593)1:1.9169226121820613,(3,(144,131)1:0.5621189181535411)1:3.5263605246161593)1:1.8649628732513504)1:1.734601055388107)1:1.1171656965638574)1:0.9949338591932677)1:0.41605127044061785)1:3.5263605246161593));
Weight calculation took 1.083811285 secs
ASTRAL finished in 9.479 secs
