
================== ASTRAL ===================== 

This is ASTRAL version 5.7.8
Gene trees are treated as unrooted
1000 trees read from Dataset/AstralII_data/model.200.10000000.0.000001/11/estimatedgenetre.halfresolved
index0
All output trees will be *arbitrarily* rooted at 108

======== Running the main analysis
Number of taxa: 201 (201 species)
Taxa: [108, 39, 111, 164, 172, 44, 118, 84, 134, 5, 57, 127, 61, 152, 123, 161, 183, 160, 136, 6, 178, 28, 43, 78, 46, 198, 186, 199, 38, 58, 180, 112, 17, 35, 21, 91, 105, 59, 188, 176, 117, 177, 119, 166, 75, 157, 83, 159, 142, 60, 120, 52, 29, 66, 1, 167, 48, 47, 101, 129, 30, 10, 40, 109, 126, 36, 107, 99, 145, 81, 63, 74, 158, 14, 49, 125, 133, 7, 31, 156, 12, 137, 169, 155, 79, 114, 138, 132, 170, 24, 0, 122, 19, 192, 154, 89, 135, 18, 100, 175, 151, 72, 149, 42, 103, 174, 124, 62, 15, 34, 8, 92, 9, 121, 11, 153, 65, 53, 140, 87, 33, 26, 197, 184, 27, 20, 148, 130, 94, 200, 32, 146, 85, 73, 102, 25, 68, 113, 51, 95, 173, 69, 16, 45, 2, 37, 54, 165, 189, 190, 67, 141, 77, 147, 55, 162, 86, 143, 179, 128, 116, 22, 195, 70, 150, 193, 191, 41, 93, 76, 182, 88, 187, 71, 50, 106, 139, 98, 115, 194, 196, 168, 131, 3, 144, 96, 181, 163, 82, 4, 56, 110, 185, 97, 13, 80, 104, 90, 64, 171, 23]
Taxon occupancy: {110=1000, 111=1000, 112=1000, 113=1000, 114=1000, 115=1000, 116=1000, 117=1000, 118=1000, 119=1000, 10=1000, 11=1000, 12=1000, 13=1000, 14=1000, 15=1000, 16=1000, 17=1000, 18=1000, 19=1000, 120=1000, 0=1000, 121=1000, 1=1000, 122=1000, 123=1000, 2=1000, 124=1000, 3=1000, 125=1000, 4=1000, 5=1000, 126=1000, 127=1000, 6=1000, 7=1000, 128=1000, 129=1000, 8=1000, 9=1000, 20=1000, 21=1000, 22=1000, 23=1000, 24=1000, 25=1000, 26=1000, 27=1000, 28=1000, 29=1000, 130=1000, 131=1000, 132=1000, 133=1000, 134=1000, 135=1000, 136=1000, 137=1000, 138=1000, 139=1000, 30=1000, 31=1000, 32=1000, 33=1000, 34=1000, 35=1000, 36=1000, 37=1000, 38=1000, 39=1000, 140=1000, 141=1000, 142=1000, 143=1000, 144=1000, 145=1000, 146=1000, 147=1000, 148=1000, 149=1000, 40=1000, 41=1000, 42=1000, 43=1000, 44=1000, 45=1000, 46=1000, 47=1000, 48=1000, 49=1000, 150=1000, 151=1000, 152=1000, 153=1000, 154=1000, 155=1000, 156=1000, 157=1000, 158=1000, 159=1000, 50=1000, 51=1000, 52=1000, 53=1000, 54=1000, 55=1000, 56=1000, 57=1000, 58=1000, 59=1000, 160=1000, 161=1000, 162=1000, 163=1000, 164=1000, 165=1000, 166=1000, 167=1000, 168=1000, 169=1000, 60=1000, 61=1000, 62=1000, 63=1000, 64=1000, 65=1000, 66=1000, 67=1000, 68=1000, 69=1000, 170=1000, 171=1000, 172=1000, 173=1000, 174=1000, 175=1000, 176=1000, 177=1000, 178=1000, 179=1000, 70=1000, 71=1000, 72=1000, 73=1000, 74=1000, 75=1000, 76=1000, 77=1000, 78=1000, 79=1000, 180=1000, 181=1000, 182=1000, 183=1000, 184=1000, 185=1000, 186=1000, 187=1000, 188=1000, 189=1000, 80=1000, 81=1000, 82=1000, 83=1000, 84=1000, 85=1000, 86=1000, 87=1000, 88=1000, 89=1000, 190=1000, 191=1000, 192=1000, 193=1000, 194=1000, 195=1000, 196=1000, 197=1000, 198=1000, 199=1000, 90=1000, 91=1000, 92=1000, 93=1000, 94=1000, 95=1000, 96=1000, 97=1000, 98=1000, 99=1000, 200=1000, 100=1000, 101=1000, 102=1000, 103=1000, 104=1000, 105=1000, 106=1000, 107=1000, 108=1000, 109=1000}
Number of gene trees: 1000
0 trees have missing taxa
Calculating quartet distance matrix (for completion of X)
Species tree distances calculated ...
Building set of clusters (X) from gene trees 
------------------------------
gradient0: 7317
Number of Clusters after addition by distance: 7317
calculating extra bipartitions to be added at level 1 ...
Adding to X using resolutions of greedy consensus ...
Limit for sigma of degrees:5075
polytomy size limit : 4
discarded polytomies:  [3, 3, 3, 3, 3, 3, 3, 3, 4, 4]
Threshold 0.0:
Threshold 0.01:
Threshold 0.02:
Threshold 0.05:
Threshold 0.1:
Threshold 0.2:
Threshold 0.3333333333333333:
polytomy of size 3; rounds with additions with at least 5 support: 0; clusters: 7317
polytomy of size 4; rounds with additions with at least 5 support: 0; clusters: 7317
polytomy of size 4; rounds with additions with at least 5 support: 0; clusters: 7317
polytomy of size 3; rounds with additions with at least 5 support: 0; clusters: 7317
polytomy of size 3; rounds with additions with at least 5 support: 0; clusters: 7317
polytomy of size 3; rounds with additions with at least 5 support: 0; clusters: 7317
polytomy of size 3; rounds with additions with at least 5 support: 0; clusters: 7317
polytomy of size 3; rounds with additions with at least 5 support: 0; clusters: 7317
polytomy of size 3; rounds with additions with at least 5 support: 0; clusters: 7317
polytomy of size 3; rounds with additions with at least 5 support: 0; clusters: 7317
max k is :0
Number of Clusters after addition by greedy: 7317
gradient0 in heuristiic: 7317
partitions formed in 19.424 secs
Dynamic Programming starting after 19.425 secs
Using tree-based weight calculation.
Using polytree-based weight calculation.
Polytree max score: 65998262577
Polytree building time: 3.233 seconds.
Number of quartet trees in the gene trees: 65998262577
Size of largest cluster: 201
Greedy score: 60818608759
estimationFactor: 1.0851656084164127
Sub-optimal score: 62941672838
Total Number of elements weighted: 12994
Normalized score (portion of input quartet trees satisfied before correcting for multiple individuals): 0.9554496828371865
Optimization score: 63058019047
Optimal tree inferred in 30.207 secs.
(67,(190,(141,(77,(189,(165,(((86,143),(147,(55,162))),(((173,(37,54)),(69,(45,(16,2)))),(((179,128),((41,((182,88),(93,76))),((193,(116,22)),(195,(150,(70,191)))))),(((((154,(89,135)),(192,(122,19))),((100,(18,(175,151))),(72,(15,(149,((42,103),(174,(124,62)))))))),(((153,((140,87),(65,53))),((92,9),((8,121),(34,11)))),((26,(33,197)),((184,27),((20,148),((130,((32,146),(94,200))),(95,((73,(113,51)),(68,(85,(102,25))))))))))),(0,((((114,138),(24,(132,170))),((79,(155,(12,(137,169)))),(49,((125,133),(7,(31,156)))))),(185,((((3,(131,144)),(96,(82,((181,163),(4,(56,110)))))),((97,(13,(80,104))),((44,(172,118)),(164,((108,39),(111,((90,64),(171,23)))))))),(((187,(106,(71,50))),((139,98),((196,168),(115,194)))),(((105,59),((21,(91,188)),(117,(176,(177,119))))),(((((134,5),(57,(84,127))),(((61,152),(123,161)),((183,160),(136,6)))),((38,(58,(17,(180,112)))),((199,(43,(178,28))),(35,(78,(186,(46,198))))))),(((166,75),((30,10),((47,(48,(101,129))),(52,(29,(66,(1,167))))))),((157,(83,(142,(60,(159,120))))),(((145,81),((158,14),(63,74))),(40,(36,((109,126),(107,99))))))))))))))))))))))));
Final quartet score is: 63058019047
Final normalized quartet score is: 0.9554496828371865
Extended species tree:
(108,(39,((111,((90,64)1:2.328941449320951,(171,23)1:1.3441031010710356)1:2.1359429654457127)1:0.3247655611226577,(164,((44,(172,118)1:0.31608154697347896)1:6.5032896712070904,((97,(13,(80,104)1:2.8399870588827687)1:1.4161007637010634)1:3.996680407700133,(((3,(131,144)1:0.6507512768152607)1:3.9718630057841655,(96,(82,((181,163)1:2.3235790757610224,(4,(56,110)1:0.3504817590438699)1:1.3795307055290462)1:0.4782291746705584)1:4.035976749923263)1:1.81471553796048)1:2.541745991337735,((((187,(106,(71,50)1:2.7897176045027496)1:1.2075772173426516)1:2.586832068711044,((139,98)1:1.1833550854148525,((196,168)1:1.7978148763531923,(115,194)1:2.828146258012135)1:1.6048281740026742)1:2.4897998463817497)1:4.34715813417338,(((105,59)1:5.230323995394185,((21,(91,188)0.68:0.02491192492503367)1:1.1626648160934414,(117,(176,(177,119)1:0.3192136768137877)1:0.35270313788872343)1:2.332220968901318)1:2.573099361823462)1:5.074781739592216,(((((134,5)1:0.18910741406693035,(57,(84,127)1:0.5163110562779337)1:0.35154633405009755)1:2.6260306582152526,(((61,152)1:2.9431669497027766,(123,161)1:2.2793501765677604)1:0.22346768066835956,((183,160)1:3.0028622380322836,(136,6)1:2.42945357773414)1:0.5248556091006324)1:0.24745081075760136)1:3.7347500839367394,((38,(58,(17,(180,112)1:0.5222377002985796)1:0.3919039247321444)1:0.6032851572123126)1:2.929073125413256,((199,(43,(178,28)1:0.43282761139497067)1:2.4877759173514495)1:0.6755529130580789,(35,(78,(186,(46,198)1:0.9728359913588683)1:0.9115758012850059)1:0.19454400353442786)1:1.8426767712279464)1:1.1611468251189911)1:5.565020032614146)1:0.7514835849385522,(((166,75)1:5.072543547516334,((30,10)1:4.104491031979043,((47,(48,(101,129)1:0.08825850533823285)0.92:0.04866517198128101)1:6.215607598755309,(52,(29,(66,(1,167)1:0.23084730371856343)1:0.3851441404710479)1:0.564633359927402)1:4.45425364429534)1:0.2647409758784337)1:1.07258148540893)1:1.5907584343720715,((157,(83,(142,(60,(159,120)1:0.21778150013681777)1:0.26871586532624303)1:0.1063515126257023)1:3.412247217848739)1:4.9116781979392945,(((145,81)1:3.455354260887395,((158,14)1:3.5588506920406147,(63,74)1:4.200197092792321)1:2.3289024013114186)1:0.3276314231538826,(40,(36,((109,126)1:3.0868953218735546,(107,99)1:3.0676612696185637)1:0.13947897460579636)1:2.562106250077169)1:0.6563229544674902)1:1.8014978623706268)1:0.7510226086843611)1:1.9573259445661058)1:0.2686855046227671)1:0.8109306502929143)1:0.989897001423648,(185,((((114,138)1:3.0773443718083717,(24,(132,170)1:0.6310011750053808)1:1.4683600518900266)1:1.2909098782166801,((79,(155,(12,(137,169)0.68:0.037260323815633094)1:0.30315901260978473)1:1.8607811024547578)1:2.1769403496021553,(49,((125,133)1:1.8779143765356168,(7,(31,156)1:0.09648324266348117)1:1.9944661818220881)1:2.068196268617069)1:0.48452533210553544)1:0.2454560690084939)1:6.5032896712070904,(0,(((((154,(89,135)1:1.2631472778010833)1:1.2040880803159961,(192,(122,19)1:1.1373844601644179)1:4.533849024741544)1:2.2998416070482968,((100,(18,(175,151)1:1.2937759203582109)1:0.90655177656349)1:2.3207549737411055,(72,(15,(149,((42,103)1:1.8980344548205461,(174,(124,62)1:0.41640016667625956)1:0.4552784336048848)1:1.2115451405469768)1:0.5422949597622736)1:1.4174860248471148)1:1.5063187393048585)1:2.396820593762302)1:3.1951827126109142,(((153,((140,87)1:1.3412194919425127,(65,53)1:0.4673104634842936)1:0.12096444267879614)1:2.4068639427811314,((92,9)1:1.6512594072874391,((8,121)1:0.2130838927543722,(34,11)1:0.1034225862190992)1:1.9032093396561)1:2.1838035550080725)1:3.8606672754273066,((26,(33,197)1:1.8981699915448922)1:3.5206670036574,((184,27)1:3.5878326202788093,((20,148)1:5.810142490647089,((130,((32,146)1:2.255120805835542,(94,200)1:0.28015457936962507)1:0.4009365490095384)1:1.7679285226717,(95,((73,(113,51)1:1.0056350061723052)1:0.4347803192687241,(68,(85,(102,25)1:1.0495712871379212)1:0.1438223273522527)1:0.6253441001130122)1:1.8329149787993808)1:1.1921768570960063)1:0.08528351491513321)1:0.9582445123372183)1:0.28593090874904786)1:0.6861365078019978)1:3.40074339336725)1:4.8938517587729455,(((179,128)1:5.810142490647089,((41,((182,88)1:0.9394667648682438,(93,76)1:1.125439022788295)1:2.2675023852974396)1:0.9132020864687204,((193,(116,22)1:2.3763996953040825)1:0.7870401312799753,(195,(150,(70,191)1:0.4505794887638092)1:0.4148555308658679)1:0.9218303876483861)1:1.4031936702185732)1:3.481289697185654)1:3.01778518308491,(((173,(37,54)1:1.1704732884032085)1:3.2548550440973116,(69,(45,(16,2)1:0.39335689114521866)1:2.471117565134981)1:1.7041110458469833)1:3.6745866440752764,(((86,143)1:2.3038652449510084,(147,(55,162)1:2.5915697420049)1:0.9865131775352394)1:0.9768447031552177,(165,(189,(77,(141,(190,67)1:2.5135576814515965)1:0.6784507126702515)0.52:0.013105648188707738)1:2.7828618593581944)1:1.3692823108616994)1:1.921865772362387)1:3.305411993178629)1:5.401903455656208)1:3.8642323415917996)1:3.037553768407329)1:2.540051805839811)1:0.21033830667266143)1:1.3605392097965274)1:2.2653707491420354)1:1.550970956621936)1:1.1140359961898858)1:0.20425661195368733)1:4.5279208150006225));
Weight calculation took 6.635767034 secs
ASTRAL finished in 42.453 secs
