
================== ASTRAL ===================== 

This is ASTRAL version 5.7.8
Gene trees are treated as unrooted
200 trees read from Dataset/AstralII_data/model.200.10000000.0.000001/43/estimatedgenetre.halfresolved_200
index0
All output trees will be *arbitrarily* rooted at 44

======== Running the main analysis
Number of taxa: 201 (201 species)
Taxa: [44, 22, 116, 45, 59, 17, 189, 120, 115, 24, 55, 27, 155, 105, 77, 133, 154, 40, 184, 43, 64, 100, 196, 71, 200, 48, 96, 102, 69, 156, 68, 30, 20, 6, 163, 82, 12, 74, 165, 110, 177, 151, 31, 153, 63, 130, 141, 11, 3, 34, 167, 25, 122, 51, 16, 35, 129, 144, 166, 86, 117, 121, 186, 126, 98, 26, 190, 136, 47, 119, 41, 0, 174, 4, 65, 169, 42, 123, 118, 182, 84, 5, 157, 135, 8, 46, 83, 187, 139, 143, 10, 89, 103, 50, 181, 112, 21, 1, 131, 183, 175, 39, 164, 91, 61, 37, 101, 168, 111, 161, 18, 38, 33, 80, 29, 87, 56, 150, 7, 92, 107, 66, 52, 97, 106, 32, 176, 13, 198, 172, 93, 49, 62, 128, 185, 104, 194, 114, 199, 57, 149, 19, 67, 145, 81, 191, 95, 132, 113, 9, 158, 140, 53, 28, 197, 134, 160, 148, 138, 173, 152, 188, 85, 192, 124, 36, 125, 193, 73, 54, 171, 99, 178, 195, 75, 108, 147, 162, 60, 23, 127, 137, 146, 109, 72, 159, 94, 179, 14, 70, 170, 2, 88, 15, 58, 78, 90, 76, 142, 79, 180]
Taxon occupancy: {110=200, 111=200, 112=200, 113=200, 114=200, 115=200, 116=200, 117=200, 118=200, 119=200, 10=200, 11=200, 12=200, 13=200, 14=200, 15=200, 16=200, 17=200, 18=200, 19=200, 120=200, 121=200, 0=200, 122=200, 1=200, 123=200, 2=200, 3=200, 124=200, 4=200, 125=200, 126=200, 5=200, 6=200, 127=200, 7=200, 128=200, 129=200, 8=200, 9=200, 20=200, 21=200, 22=200, 23=200, 24=200, 25=200, 26=200, 27=200, 28=200, 29=200, 130=200, 131=200, 132=200, 133=200, 134=200, 135=200, 136=200, 137=200, 138=200, 139=200, 30=200, 31=200, 32=200, 33=200, 34=200, 35=200, 36=200, 37=200, 38=200, 39=200, 140=200, 141=200, 142=200, 143=200, 144=200, 145=200, 146=200, 147=200, 148=200, 149=200, 40=200, 41=200, 42=200, 43=200, 44=200, 45=200, 46=200, 47=200, 48=200, 49=200, 150=200, 151=200, 152=200, 153=200, 154=200, 155=200, 156=200, 157=200, 158=200, 159=200, 50=200, 51=200, 52=200, 53=200, 54=200, 55=200, 56=200, 57=200, 58=200, 59=200, 160=200, 161=200, 162=200, 163=200, 164=200, 165=200, 166=200, 167=200, 168=200, 169=200, 60=200, 61=200, 62=200, 63=200, 64=200, 65=200, 66=200, 67=200, 68=200, 69=200, 170=200, 171=200, 172=200, 173=200, 174=200, 175=200, 176=200, 177=200, 178=200, 179=200, 70=200, 71=200, 72=200, 73=200, 74=200, 75=200, 76=200, 77=200, 78=200, 79=200, 180=200, 181=200, 182=200, 183=200, 184=200, 185=200, 186=200, 187=200, 188=200, 189=200, 80=200, 81=200, 82=200, 83=200, 84=200, 85=200, 86=200, 87=200, 88=200, 89=200, 190=200, 191=200, 192=200, 193=200, 194=200, 195=200, 196=200, 197=200, 198=200, 199=200, 90=200, 91=200, 92=200, 93=200, 94=200, 95=200, 96=200, 97=200, 98=200, 99=200, 200=200, 100=200, 101=200, 102=200, 103=200, 104=200, 105=200, 106=200, 107=200, 108=200, 109=200}
Number of gene trees: 200
0 trees have missing taxa
Calculating quartet distance matrix (for completion of X)
Species tree distances calculated ...
Building set of clusters (X) from gene trees 
------------------------------
gradient0: 4495
Number of Clusters after addition by distance: 4495
calculating extra bipartitions to be added at level 1 ...
Adding to X using resolutions of greedy consensus ...
Limit for sigma of degrees:5075
polytomy size limit : 6
discarded polytomies:  [3, 3, 3, 3, 3, 3, 3, 3, 4, 5, 6]
Threshold 0.0:
Threshold 0.01:
Threshold 0.02:
Threshold 0.05:
Threshold 0.1:
Threshold 0.2:
polytomy of size 3; rounds with additions with at least 5 support: 0; clusters: 4495
polytomy of size 3; rounds with additions with at least 5 support: 0; clusters: 4495
polytomy of size 3; rounds with additions with at least 5 support: 0; clusters: 4495
Threshold 0.3333333333333333:
polytomy of size 3; rounds with additions with at least 5 support: 0; clusters: 4495
polytomy of size 3; rounds with additions with at least 5 support: 0; clusters: 4495
polytomy of size 3; rounds with additions with at least 5 support: 0; clusters: 4495
polytomy of size 5; rounds with additions with at least 5 support: 0; clusters: 4495
polytomy of size 4; rounds with additions with at least 5 support: 0; clusters: 4495
polytomy of size 3; rounds with additions with at least 5 support: 0; clusters: 4495
polytomy of size 6; rounds with additions with at least 5 support: 0; clusters: 4495
polytomy of size 3; rounds with additions with at least 5 support: 0; clusters: 4495
max k is :0
Number of Clusters after addition by greedy: 4495
gradient0 in heuristiic: 4495
partitions formed in 4.515 secs
Dynamic Programming starting after 4.515 secs
Using tree-based weight calculation.
Using polytree-based weight calculation.
Polytree max score: 13199670000
Polytree building time: 0.348 seconds.
Number of quartet trees in the gene trees: 13199670000
Size of largest cluster: 201
Greedy score: 12046899817
estimationFactor: 1.0956901942002761
Sub-optimal score: 12049336018
Total Number of elements weighted: 9020
Normalized score (portion of input quartet trees satisfied before correcting for multiple individuals): 0.9226353624749709
Optimization score: 12178482315
Optimal tree inferred in 6.825 secs.
(158,(140,(53,(9,(((132,113),(95,(81,191))),((28,(197,134)),(((57,145),(67,(149,19))),((160,((148,(138,173)),(152,(188,(85,192))))),(((125,(124,36)),(((171,99),(54,(193,73))),(((14,(70,170)),(178,(195,(75,108)))),((2,((79,180),((88,(15,58)),(78,(90,(76,142)))))),(((127,137),(60,(162,23))),((94,(147,179)),(159,(109,(146,72))))))))),(((101,((1,(131,183)),((175,37),((39,164),(91,61))))),((7,(((18,29),(80,(38,33))),(168,(161,(111,(87,(56,150))))))),(52,((92,(107,66)),((62,128),(97,(((185,194),(104,(114,199))),((106,32),(176,((13,198),(49,(172,93)))))))))))),((24,(115,(44,(22,((116,120),(45,(189,(59,17)))))))),((83,((50,(181,(112,21))),(103,((139,143),(10,(187,89)))))),((0,((84,(46,(157,(5,(135,8))))),((169,(42,123)),((118,182),(174,(4,65)))))),((55,(27,155)),((105,((77,(133,154)),((40,196),((64,100),(184,43))))),(((71,200),(((74,165),((6,163),(82,12))),((30,20),((156,(48,96)),(68,(102,69)))))),(((110,177),((151,31),(63,(153,130)))),((41,((47,119),(190,(26,136)))),((141,((11,3),(34,167))),((121,(186,(126,98))),((144,(166,86)),((122,(25,51)),(35,(129,(16,117)))))))))))))))))))))))));
Final quartet score is: 12178482315
Final normalized quartet score is: 0.9226353624749709
Extended species tree:
(44,((22,((116,120)1:1.0003579033003624,(45,(189,(59,17)1:0.6071728253370042)0.5:0.026466573188163287)1:1.91900156722194)1:0.2227373213271681)1:0.5159103202554887,(115,(24,(((83,((50,(181,(112,21)1:3.51154543883102)1:2.372111155642656)1:2.3588659288926346,(103,((139,143)1:3.51154543883102,(10,(187,89)0.9:0.0937359634802229)1:2.4763385267033127)0.95:0.10896013189401749)1:4.109382439586648)1:1.8612855318766661)1:3.114793930490607,((0,((84,(46,(157,(5,(135,8)1:3.799227511282799)1:0.3173368461646162)1:0.831666114695507)1:4.204692619390971)1:4.897839799950916,((169,(42,123)1:3.108608777076214)1:1.6094379124341023,((118,182)1:1.7078814863966052,(174,(4,65)1:2.9519296508955994)1:2.6759779182293055)1:0.4396240269194831)1:4.897839799950916)1:4.897839799950916)1:4.897839799950916,((55,(27,155)1:0.9660141672265857)1:4.897839799950916,((105,((77,(133,154)1:0.24387944979338808)1:2.5782985835385914,((40,196)1:2.007468042054746,((64,100)1:1.8078361878010438,(184,43)1:1.091346529235061)0.88:0.08773181178751038)1:2.1407514495571056)0.69:0.053215363824294995)1:4.897839799950916,(((71,200)1:3.51154543883102,(((74,165)1:3.51154543883102,((6,163)1:1.6397432619294297,(82,12)1:0.35454501768090746)1:1.7843244907405371)1:2.5952547069568657,((30,20)1:2.2580425516929408,((156,(48,96)1:0.9660141672265857)1:1.9104757760674365,(68,(102,69)1:2.1884437036253463)1:0.18830959863857744)1:3.2842653769650276)1:0.18083013220728464)1:3.88623888827243)1:1.5195212006736878,(((110,177)1:4.897839799950916,((151,31)1:4.2098077200577375,(63,(153,130)1:0.9858167945227654)1:3.392629258577469)1:0.3474778504578149)1:4.897839799950916,((41,((47,119)1:3.288401887516811,(190,(26,136)1:0.5937747067467416)1:4.897839799950916)1:4.204692619390971)1:0.20267912630174273,((141,((11,3)1:2.7006152226146916,(34,167)1:1.9021075263969205)1:2.372111155642656)1:2.526261835469914,((121,(186,(126,98)1:2.81839825827108)1:0.9150319593422565)1:0.3923186045729879,((144,(166,86)1:0.4911205526866583)1:4.241060263561833,((122,(25,51)1:0.5937747067467416)1:3.6495048829712795,(35,(129,(16,117)1:1.2859668425516477)0.39:0.007605177731305721)1:2.5345896574150877)0.56:0.04633800789053443)1:1.6718465073138482)1:1.6829719964802503)1:1.693972140177134)1:0.5970993357886201)1:1.3274623899179765)1:2.6531486853757693)1:3.51154543883102)1:3.799227511282799)1:1.7299719076883382)1:2.3232149627779064,(((101,((1,(131,183)1:3.106080330722857)1:1.029935594854911,((175,37)1:1.356880475913597,((39,164)1:1.3284501036127856,(91,61)1:1.1484551697923016)1:1.0476921982408527)1:2.1680371670487952)0.98:0.13661598398947555)1:4.897839799950916,((7,(((18,29)1:0.2502488980788679,(80,(38,33)0.41:0.01522920267554953)1:1.1193481871472881)1:3.32230343919249,(168,(161,(111,(87,(56,150)1:2.7006152226146916)1:2.0078911433938273)0.85:0.08550336278584766)0.5:0.028285694120505227)1:1.3809356105767872)1:4.204692619390971)1:1.602002933946582,(52,((92,(107,66)1:4.202170549958244)1:0.7878220037746417,((62,128)1:3.799227511282799,(97,(((185,194)1:0.40884042953654703,(104,(114,199)1:1.1814385290714693)0.99:0.14428259672150515)1:0.4500196660796179,((106,32)1:4.204692619390971,(176,((13,198)1:1.2429938555501923,(49,(172,93)0.75:0.06155789299943332)1:1.865600952372871)1:0.8459656699483148)1:1.1065276873023087)1:0.3165191423322783)0.58:0.04313409915564513)1:0.5149767168607652)1:1.531365325246753)1:0.9449948000025106)1:2.8118408577249197)1:3.125930128942883)1:1.081307881112083,(((125,(124,36)0.87:0.08565544457849389)1:4.897839799950916,(((171,99)1:4.204692619390971,(54,(193,73)1:0.22501096548900523)1:4.492374691842744)1:4.897839799950916,(((14,(70,170)1:1.0060195018402847)1:4.204692619390971,(178,(195,(75,108)1:3.797545425099825)0.81:0.07353408404614899)1:2.007468042054749)1:3.0260376230493193,((2,((79,180)1:1.6075573523718232,((88,(15,58)1:1.6797723825640851)1:0.5326585072839127,(78,(90,(76,142)1:0.24402376034995554)1:0.5605490591184213)1:1.470228418673151)1:0.47848163032941227)1:0.7423105486896702)1:4.897839799950916,(((127,137)0.99:0.16924868405950763,(60,(162,23)0.99:0.14424960884454666)1:4.194540247926948)1:0.19541327720300908,((94,(147,179)1:0.16924595094163514)0.61:0.04064810468023235,(159,(109,(146,72)0.99:0.1441625349623028)0.58:0.038027395589239135)1:1.847470744080068)1:0.5783536837519274)1:4.3588432992182256)1:0.5045842260766434)1:2.645545724660804)1:0.4546865174164153)1:1.8769926378567738,((160,((148,(138,173)1:1.8533173622274888)1:2.01443671137084,(152,(188,(85,192)1:3.799227511282799)1:2.816496514433259)1:0.24812123770175118)1:2.7775762637508223)1:1.8003248320869787,(((57,145)1:0.5715020711376183,(67,(149,19)1:0.409714285913151)1:0.31542660108543624)1:4.897839799950916,((28,(197,134)1:3.51154543883102)1:2.8183982582710745,(((132,113)1:0.4754198340483284,(95,(81,191)0.72:0.06952606264861033)1:2.949745449080758)1:0.6328152559503416,(9,(53,(140,158)1:4.897839799950916)1:0.5935003583225241)1:0.3128723212803396)1:2.6154574142743847)1:0.8259680935808689)1:3.799227511282799)1:2.7026124398964395)0.94:0.10544904368392051)1:0.5567391028856755)1:1.1155459011975497)1:3.51154543883102)1:0.9115047615582135));
Weight calculation took 1.638171376 secs
ASTRAL finished in 9.084 secs
