
================== ASTRAL ===================== 

This is ASTRAL version 5.7.8
Gene trees are treated as unrooted
50 trees read from Dataset/AstralII_data/model.200.10000000.0.000001/43/estimatedgenetre.halfresolved_50
index0
All output trees will be *arbitrarily* rooted at 44

======== Running the main analysis
Number of taxa: 201 (201 species)
Taxa: [44, 22, 116, 45, 59, 17, 189, 120, 115, 24, 55, 27, 155, 105, 77, 133, 154, 40, 184, 43, 64, 100, 196, 71, 200, 48, 96, 102, 69, 156, 68, 30, 20, 6, 163, 82, 12, 74, 165, 110, 177, 151, 31, 153, 63, 130, 141, 11, 3, 34, 167, 25, 122, 51, 16, 35, 129, 144, 166, 86, 117, 121, 186, 126, 98, 26, 190, 136, 47, 119, 41, 0, 174, 4, 65, 169, 42, 123, 118, 182, 84, 5, 157, 135, 8, 46, 83, 187, 139, 143, 10, 89, 103, 50, 181, 112, 21, 1, 131, 183, 175, 39, 164, 91, 61, 37, 101, 168, 111, 161, 18, 38, 33, 80, 29, 87, 56, 150, 7, 92, 107, 66, 52, 97, 106, 32, 176, 13, 198, 172, 93, 49, 62, 128, 185, 104, 194, 114, 199, 57, 149, 19, 67, 145, 81, 191, 95, 132, 113, 9, 158, 140, 53, 28, 197, 134, 160, 148, 138, 173, 152, 188, 85, 192, 124, 36, 125, 193, 73, 54, 171, 99, 178, 195, 75, 108, 147, 162, 60, 23, 127, 137, 146, 109, 72, 159, 94, 179, 14, 70, 170, 2, 88, 15, 58, 78, 90, 76, 142, 79, 180]
Taxon occupancy: {110=50, 111=50, 112=50, 113=50, 114=50, 115=50, 116=50, 117=50, 118=50, 119=50, 10=50, 11=50, 12=50, 13=50, 14=50, 15=50, 16=50, 17=50, 18=50, 19=50, 120=50, 121=50, 0=50, 122=50, 1=50, 123=50, 2=50, 3=50, 124=50, 4=50, 125=50, 126=50, 5=50, 6=50, 127=50, 7=50, 128=50, 129=50, 8=50, 9=50, 20=50, 21=50, 22=50, 23=50, 24=50, 25=50, 26=50, 27=50, 28=50, 29=50, 130=50, 131=50, 132=50, 133=50, 134=50, 135=50, 136=50, 137=50, 138=50, 139=50, 30=50, 31=50, 32=50, 33=50, 34=50, 35=50, 36=50, 37=50, 38=50, 39=50, 140=50, 141=50, 142=50, 143=50, 144=50, 145=50, 146=50, 147=50, 148=50, 149=50, 40=50, 41=50, 42=50, 43=50, 44=50, 45=50, 46=50, 47=50, 48=50, 49=50, 150=50, 151=50, 152=50, 153=50, 154=50, 155=50, 156=50, 157=50, 158=50, 159=50, 50=50, 51=50, 52=50, 53=50, 54=50, 55=50, 56=50, 57=50, 58=50, 59=50, 160=50, 161=50, 162=50, 163=50, 164=50, 165=50, 166=50, 167=50, 168=50, 169=50, 60=50, 61=50, 62=50, 63=50, 64=50, 65=50, 66=50, 67=50, 68=50, 69=50, 170=50, 171=50, 172=50, 173=50, 174=50, 175=50, 176=50, 177=50, 178=50, 179=50, 70=50, 71=50, 72=50, 73=50, 74=50, 75=50, 76=50, 77=50, 78=50, 79=50, 180=50, 181=50, 182=50, 183=50, 184=50, 185=50, 186=50, 187=50, 188=50, 189=50, 80=50, 81=50, 82=50, 83=50, 84=50, 85=50, 86=50, 87=50, 88=50, 89=50, 190=50, 191=50, 192=50, 193=50, 194=50, 195=50, 196=50, 197=50, 198=50, 199=50, 90=50, 91=50, 92=50, 93=50, 94=50, 95=50, 96=50, 97=50, 98=50, 99=50, 200=50, 100=50, 101=50, 102=50, 103=50, 104=50, 105=50, 106=50, 107=50, 108=50, 109=50}
Number of gene trees: 50
0 trees have missing taxa
Calculating quartet distance matrix (for completion of X)
Species tree distances calculated ...
Building set of clusters (X) from gene trees 
------------------------------
gradient0: 2565
Number of Clusters after addition by distance: 2565
calculating extra bipartitions to be added at level 1 ...
Adding to X using resolutions of greedy consensus ...
Limit for sigma of degrees:5075
polytomy size limit : 6
discarded polytomies:  [3, 3, 3, 3, 3, 4, 5, 6]
Threshold 0.0:
Threshold 0.01:
Threshold 0.02:
Threshold 0.05:
Threshold 0.1:
Threshold 0.2:
polytomy of size 3; rounds with additions with at least 5 support: 0; clusters: 2565
Threshold 0.3333333333333333:
polytomy of size 3; rounds with additions with at least 5 support: 0; clusters: 2565
polytomy of size 3; rounds with additions with at least 5 support: 0; clusters: 2565
polytomy of size 3; rounds with additions with at least 5 support: 0; clusters: 2565
polytomy of size 5; rounds with additions with at least 5 support: 0; clusters: 2565
polytomy of size 6; rounds with additions with at least 5 support: 0; clusters: 2565
polytomy of size 4; rounds with additions with at least 5 support: 0; clusters: 2565
polytomy of size 3; rounds with additions with at least 5 support: 0; clusters: 2565
max k is :0
Number of Clusters after addition by greedy: 2565
gradient0 in heuristiic: 2565
partitions formed in 5.053 secs
Dynamic Programming starting after 5.053 secs
Using tree-based weight calculation.
Using polytree-based weight calculation.
Polytree max score: 3299917500
Polytree building time: 0.112 seconds.
Number of quartet trees in the gene trees: 3299917500
Size of largest cluster: 201
Greedy score: 2992139067
estimationFactor: 1.1028623423270854
Sub-optimal score: 2999009571
Total Number of elements weighted: 3542
Normalized score (portion of input quartet trees satisfied before correcting for multiple individuals): 0.9251083961947534
Optimization score: 3052781386
Optimal tree inferred in 6.836 secs.
(146,(72,(109,(159,((147,179),(94,(((127,137),(60,(162,23))),((2,((79,180),((88,(15,58)),(78,(90,(76,142)))))),(((14,(70,170)),((75,108),(178,195))),(((171,99),(54,(193,73))),((125,(124,36)),((((160,((148,(138,173)),(152,(188,(85,192))))),(((57,145),(67,(149,19))),((28,(197,134)),((9,(53,(158,140))),((132,113),(81,(191,95))))))),((101,((1,(131,183)),((175,37),((39,164),(91,61))))),((7,(((18,29),(80,(38,33))),(168,(161,(111,(87,(56,150))))))),(52,((92,(107,66)),((62,128),(97,(((185,194),(104,(114,199))),((106,32),(176,((13,198),(49,(172,93))))))))))))),((24,(115,(44,(22,((116,120),((59,17),(45,189))))))),((83,((50,(181,(112,21))),((139,143),(103,(10,(187,89)))))),((0,((84,(46,(157,(5,(135,8))))),((169,(42,123)),((118,182),(174,(4,65)))))),((55,(27,155)),((105,((77,(133,154)),((40,196),((64,100),(184,43))))),(((71,200),(((74,165),((6,163),(82,12))),((30,20),((156,(48,96)),(68,(102,69)))))),(((110,177),((151,31),(63,(153,130)))),((41,((47,119),(190,(26,136)))),((141,((11,3),(34,167))),((121,(186,(126,98))),(((16,117),(35,129)),((144,(166,86)),(122,(25,51))))))))))))))))))))))))));
Final quartet score is: 3052781386
Final normalized quartet score is: 0.9251083961947534
Extended species tree:
(44,((22,((116,120)1:0.6782511380660834,((59,17)1:0.7537718023763802,(45,189)0.68:0.10863384100279554)1:1.65455834771457)0.99:0.31784748678350744)1:0.5643511515538124,(115,(24,(((83,((50,(181,(112,21)1:2.8332133440562166)1:2.2735975561207935)1:2.8332133440562166,((139,143)1:3.5263605246161593,(103,(10,(187,89)0.45:0.029852963149681274)1:1.9138815556062818)0.63:0.11411330676742111)1:2.4277482359480516)1:1.6805338341178315)1:3.5263605246161593,((0,((84,(46,(157,(5,(135,8)1:3.5263605246161593)0.98:0.26845924189159975)1:0.8637726975907086)1:3.5263605246161593)1:3.5263605246161593,((169,(42,123)1:2.4277482359480516)1:2.4277482359480516,((118,182)1:2.432863336614821,(174,(4,65)1:2.8332133440562166)1:2.4277482359480516)0.99:0.3209077200801012)1:3.5263605246161593)1:3.5263605246161593)1:3.5263605246161593,((55,(27,155)1:1.4469189829363254)1:3.5263605246161593,((105,((77,(133,154)0.97:0.2682639865946794)1:2.6111120023204495,((40,196)1:1.9169226121820613,((64,100)1:1.653387615873535,(184,43)1:1.0412423912702191)0.69:0.13387620535152864)1:1.967120016048974)0.56:0.08167803101426713)1:3.5263605246161593,(((71,200)1:2.14006616349627,(((74,165)1:2.8332133440562166,((6,163)1:1.2750687260096663,(82,12)0.99:0.30748469974796055)1:1.3291359472799418)1:2.514759612937681,((30,20)1:1.9107242452297217,((156,(48,96)1:0.8873031950009027)1:1.6292405397302794,(68,(102,69)1:2.4227104419180945)1:0.39813906801609156)1:3.5263605246161593)0.5:0.060624621816434854)1:2.514759612937681)1:1.1921383466789335,(((110,177)1:3.5263605246161593,((151,31)1:2.8383284447229866,(63,(153,130)1:0.8183103235139515)1:2.8306655719774185)0.86:0.17062551703076334)1:3.5263605246161593,((41,((47,119)1:3.5263605246161593,(190,(26,136)1:0.6359887667199969)1:3.5263605246161593)1:3.5263605246161593)0.96:0.24672498995527603,((141,((11,3)1:2.8332133440562166,(34,167)1:1.4469189829363254)1:2.2735975561207935)1:2.7314306497462724,((121,(186,(126,98)1:3.5263605246161593)1:1.4469189829363254)0.94:0.23052365861183224,(((16,117)1:1.2750687260096663,(35,129)0.71:0.10863384100279554)1:2.2735975561207935,((144,(166,86)1:0.6359887667199969)1:3.5263605246161593,(122,(25,51)1:0.5306282510621702)1:2.843522713715078)0.5:0.045120435280469655)1:2.2385062363095236)1:2.022283127839887)1:1.3388935958798265)1:0.6988393045962901)1:0.9871235302831142)1:2.6100697927420056)1:3.5263605246161593)1:3.5263605246161593)1:1.9169226121820613)1:2.457704974980771,((((160,((148,(138,173)1:1.4469189829363254)1:2.3869262414277963,(152,(188,(85,192)1:2.8332133440562166)1:2.8332133440562166)0.63:0.09237332013101529)1:2.966744736680739)1:1.7346010553881062,(((57,145)1:0.420280193893305,(67,(149,19)1:0.3485171541237753)0.96:0.23982605127414572)1:3.5263605246161593,((28,(197,134)1:3.5263605246161593)1:2.14006616349627,((9,(53,(158,140)1:3.5263605246161593)1:0.6907612563741151)0.99:0.32904887766380136,((132,113)1:0.3915320138042406,(81,(191,95)0.66:0.09237332013101504)1:2.425200463869254)1:0.4467467670814682)1:3.154796968183678)1:0.8637726975907086)1:2.8332133440562166)1:2.9639266867837355,((101,((1,(131,183)1:3.5263605246161593)1:1.3302940250005695,((175,37)1:1.1749852674526835,((39,164)1:1.6553395977543068,(91,61)1:1.385697346176784)1:0.8522118751896327)1:2.8332133440562166)0.93:0.23052365861183224)1:3.5263605246161593,((7,(((18,29)0.98:0.2811673914305873,(80,(38,33)0.76:0.1253315072948364)1:1.1514547700424895)1:2.8332133440562166,(168,(161,(111,(87,(56,150)1:2.4277482359480516)1:2.1413360049367482)0.6:0.09226360484207975)0.45:0.0368705358083278)1:1.1655065234981403)1:2.8332133440562166)1:1.0414538748281608,(52,((92,(107,66)1:2.8332133440562166)1:1.0954257099274516,((62,128)1:2.8332133440562166,(97,(((185,194)1:0.5110924327323548,(104,(114,199)1:1.0435604692452913)0.66:0.09315539018672404)1:0.3854079057439374,((106,32)1:3.5263605246161593,(176,((13,198)1:1.3291359472799418,(49,(172,93)0.95:0.23052365861183224)1:2.204944878547652)1:0.8183103235139515)1:0.7517660432360787)1:0.48149197995912507)0.96:0.2438322662572876)1:0.4783001492372242)1:1.2750687260096663)1:0.7306047430948459)1:1.9169226121820613)1:2.4277482359480516)1:1.1766640033891744)0.5:0.04774586673552548,((125,(124,36)0.36:0.0)1:3.5263605246161593,(((171,99)1:3.5263605246161593,(54,(193,73)0.82:0.1590646946296874)1:3.120895416507997)1:3.5263605246161593,(((14,(70,170)1:0.9614111671546247)1:3.5263605246161593,((75,108)1:2.4277482359480516,(178,195)0.89:0.19415601444095737)1:1.9169226121820613)1:2.8332133440562166,((2,((79,180)1:1.5210269550900464,((88,(15,58)1:1.5833405509830816)1:0.4460360349975343,(78,(90,(76,142)0.9:0.19433640589089204)1:0.41284521540578695)1:1.6969455810328036)1:0.49373061343407154)1:0.688954302299909)1:3.5263605246161593,(((127,137)0.89:0.19069989458419725,(60,(162,23)0.55:0.060624621816434854)1:3.3032169733019505)0.87:0.19415601444095737,(94,((147,179)0.61:0.12588990270640563,(159,(109,(72,146)0.81:0.15889055444639996)0.61:0.07637297878457397)1:1.3476345818394784)0.48:0.05622468302751998)1:0.51738302431215)1:2.9873640238834747)1:0.6131044728864091)1:2.8332133440562166)1:0.708690598496729)1:1.9479876848163262)1:0.49792301326833044)1:1.2903673415715295)1:2.4277482359480516)1:0.8183103235139515));
Weight calculation took 1.044768143 secs
ASTRAL finished in 8.85 secs
