
================== ASTRAL ===================== 

This is ASTRAL version 5.7.8
Gene trees are treated as unrooted
1000 trees read from Dataset/AstralII_data/model.200.10000000.0.000001/43/estimatedgenetre.halfresolved
index0
All output trees will be *arbitrarily* rooted at 44

======== Running the main analysis
Number of taxa: 201 (201 species)
Taxa: [44, 22, 116, 45, 59, 17, 189, 120, 115, 24, 55, 27, 155, 105, 77, 133, 154, 40, 184, 43, 64, 100, 196, 71, 200, 48, 96, 102, 69, 156, 68, 30, 20, 6, 163, 82, 12, 74, 165, 110, 177, 151, 31, 153, 63, 130, 141, 11, 3, 34, 167, 25, 122, 51, 16, 35, 129, 144, 166, 86, 117, 121, 186, 126, 98, 26, 190, 136, 47, 119, 41, 0, 174, 4, 65, 169, 42, 123, 118, 182, 84, 5, 157, 135, 8, 46, 83, 187, 139, 143, 10, 89, 103, 50, 181, 112, 21, 1, 131, 183, 175, 39, 164, 91, 61, 37, 101, 168, 111, 161, 18, 38, 33, 80, 29, 87, 56, 150, 7, 92, 107, 66, 52, 97, 106, 32, 176, 13, 198, 172, 93, 49, 62, 128, 185, 104, 194, 114, 199, 57, 149, 19, 67, 145, 81, 191, 95, 132, 113, 9, 158, 140, 53, 28, 197, 134, 160, 148, 138, 173, 152, 188, 85, 192, 124, 36, 125, 193, 73, 54, 171, 99, 178, 195, 75, 108, 147, 162, 60, 23, 127, 137, 146, 109, 72, 159, 94, 179, 14, 70, 170, 2, 88, 15, 58, 78, 90, 76, 142, 79, 180]
Taxon occupancy: {110=1000, 111=1000, 112=1000, 113=1000, 114=1000, 115=1000, 116=1000, 117=1000, 118=1000, 119=1000, 10=1000, 11=1000, 12=1000, 13=1000, 14=1000, 15=1000, 16=1000, 17=1000, 18=1000, 19=1000, 120=1000, 121=1000, 0=1000, 122=1000, 1=1000, 123=1000, 2=1000, 3=1000, 124=1000, 4=1000, 125=1000, 126=1000, 5=1000, 6=1000, 127=1000, 7=1000, 128=1000, 129=1000, 8=1000, 9=1000, 20=1000, 21=1000, 22=1000, 23=1000, 24=1000, 25=1000, 26=1000, 27=1000, 28=1000, 29=1000, 130=1000, 131=1000, 132=1000, 133=1000, 134=1000, 135=1000, 136=1000, 137=1000, 138=1000, 139=1000, 30=1000, 31=1000, 32=1000, 33=1000, 34=1000, 35=1000, 36=1000, 37=1000, 38=1000, 39=1000, 140=1000, 141=1000, 142=1000, 143=1000, 144=1000, 145=1000, 146=1000, 147=1000, 148=1000, 149=1000, 40=1000, 41=1000, 42=1000, 43=1000, 44=1000, 45=1000, 46=1000, 47=1000, 48=1000, 49=1000, 150=1000, 151=1000, 152=1000, 153=1000, 154=1000, 155=1000, 156=1000, 157=1000, 158=1000, 159=1000, 50=1000, 51=1000, 52=1000, 53=1000, 54=1000, 55=1000, 56=1000, 57=1000, 58=1000, 59=1000, 160=1000, 161=1000, 162=1000, 163=1000, 164=1000, 165=1000, 166=1000, 167=1000, 168=1000, 169=1000, 60=1000, 61=1000, 62=1000, 63=1000, 64=1000, 65=1000, 66=1000, 67=1000, 68=1000, 69=1000, 170=1000, 171=1000, 172=1000, 173=1000, 174=1000, 175=1000, 176=1000, 177=1000, 178=1000, 179=1000, 70=1000, 71=1000, 72=1000, 73=1000, 74=1000, 75=1000, 76=1000, 77=1000, 78=1000, 79=1000, 180=1000, 181=1000, 182=1000, 183=1000, 184=1000, 185=1000, 186=1000, 187=1000, 188=1000, 189=1000, 80=1000, 81=1000, 82=1000, 83=1000, 84=1000, 85=1000, 86=1000, 87=1000, 88=1000, 89=1000, 190=1000, 191=1000, 192=1000, 193=1000, 194=1000, 195=1000, 196=1000, 197=1000, 198=1000, 199=1000, 90=1000, 91=1000, 92=1000, 93=1000, 94=1000, 95=1000, 96=1000, 97=1000, 98=1000, 99=1000, 200=1000, 100=1000, 101=1000, 102=1000, 103=1000, 104=1000, 105=1000, 106=1000, 107=1000, 108=1000, 109=1000}
Number of gene trees: 1000
0 trees have missing taxa
Calculating quartet distance matrix (for completion of X)
Species tree distances calculated ...
Building set of clusters (X) from gene trees 
------------------------------
gradient0: 8389
Number of Clusters after addition by distance: 8389
calculating extra bipartitions to be added at level 1 ...
Adding to X using resolutions of greedy consensus ...
Limit for sigma of degrees:5075
polytomy size limit : 6
discarded polytomies:  [3, 3, 3, 3, 3, 3, 3, 3, 4, 4, 6, 6]
Threshold 0.0:
Threshold 0.01:
Threshold 0.02:
Threshold 0.05:
Threshold 0.1:
Threshold 0.2:
polytomy of size 3; rounds with additions with at least 5 support: 0; clusters: 8389
polytomy of size 3; rounds with additions with at least 5 support: 0; clusters: 8389
polytomy of size 3; rounds with additions with at least 5 support: 0; clusters: 8389
Threshold 0.3333333333333333:
polytomy of size 3; rounds with additions with at least 5 support: 0; clusters: 8389
polytomy of size 3; rounds with additions with at least 5 support: 0; clusters: 8389
polytomy of size 3; rounds with additions with at least 5 support: 0; clusters: 8389
polytomy of size 3; rounds with additions with at least 5 support: 0; clusters: 8389
polytomy of size 6; rounds with additions with at least 5 support: 0; clusters: 8389
polytomy of size 4; rounds with additions with at least 5 support: 0; clusters: 8389
polytomy of size 4; rounds with additions with at least 5 support: 0; clusters: 8389
polytomy of size 6; rounds with additions with at least 5 support: 0; clusters: 8389
polytomy of size 3; rounds with additions with at least 5 support: 0; clusters: 8389
max k is :0
Number of Clusters after addition by greedy: 8389
gradient0 in heuristiic: 8389
partitions formed in 19.763 secs
Dynamic Programming starting after 19.763 secs
Using tree-based weight calculation.
Using polytree-based weight calculation.
Polytree max score: 65998350000
Polytree building time: 4.714 seconds.
Number of quartet trees in the gene trees: 65998350000
Size of largest cluster: 201
Greedy score: 57766645069
estimationFactor: 1.1424992730868748
Sub-optimal score: 59810785377
Total Number of elements weighted: 26821
Normalized score (portion of input quartet trees satisfied before correcting for multiple individuals): 0.9248689802396575
Optimization score: 61039826662
Optimal tree inferred in 39.181 secs.
(185,(194,((104,(114,199)),(((106,32),(176,((13,198),(49,(172,93))))),(97,((62,128),((92,(107,66)),(52,((7,(((18,29),(38,(33,80))),(168,((111,161),(87,(56,150)))))),((101,((1,(131,183)),((175,37),((39,164),(91,61))))),((((160,((148,(138,173)),(152,(188,(85,192))))),(((57,145),(67,(149,19))),((28,(197,134)),((9,(53,(158,140))),((132,113),(95,(81,191))))))),((125,(124,36)),(((171,99),(54,(193,73))),(((14,(70,170)),(178,(195,(75,108)))),((2,((79,180),((88,(15,58)),(78,(90,(76,142)))))),(((127,137),(60,(162,23))),((94,(147,179)),(159,(109,(146,72)))))))))),((24,(115,(44,(22,((116,120),((59,17),(45,189))))))),((83,((50,(181,(112,21))),(103,((139,143),(187,(10,89)))))),((0,((84,(46,(157,(5,(135,8))))),((169,(42,123)),((118,182),(174,(4,65)))))),((55,(27,155)),((105,((77,(133,154)),((40,196),((64,100),(184,43))))),(((71,200),(((74,165),((6,163),(82,12))),((30,20),((156,(48,96)),(68,(102,69)))))),(((110,177),((151,31),(63,(153,130)))),((41,((47,119),(190,(26,136)))),((141,((11,3),(34,167))),((121,(186,(126,98))),((35,(129,(16,117))),((144,(166,86)),(122,(25,51)))))))))))))))))))))))));
Final quartet score is: 61039826662
Final normalized quartet score is: 0.9248689802396575
Extended species tree:
(44,((22,((116,120)1:1.1186417149079995,((59,17)1:0.5143346154177905,(45,189)0.48:0.011045990631757836)1:2.0975637251081074)1:0.19225205715896906)1:0.5866966399698741,(115,(24,(((83,((50,(181,(112,21)1:3.6129179133108944)1:2.8397280250774095)1:2.9105540776460224,(103,((139,143)1:4.136963568881017,(187,(10,89)0.64:0.02326060174719166)1:2.4218683920995416)0.98:0.056016317626128444)1:4.854631045619675)1:2.3616946982715254)1:3.142866994991446,((0,((84,(46,(157,(5,(135,8)1:3.368454433884948)1:0.24990512073748367)1:0.9633341707086466)1:3.9005999857626694)1:6.497956325231753,((169,(42,123)1:3.5607131377033565)1:1.588431332504569,((118,182)1:1.870742574153448,(174,(4,65)1:3.284413846338854)1:3.062822519510158)1:0.43860047847131844)1:6.5032896712070904)1:5.404677382538943)1:4.806573750665894,((55,(27,155)1:1.0565522995407461)1:6.5032896712070904,((105,((77,(133,154)1:0.2285276499651174)1:2.649528629482555,((40,196)1:2.551996644176616,((64,100)1:2.1794259858039844,(184,43)1:1.1483569034239585)0.47:0.013356301337334989)1:2.3378701087936804)0.62:0.02520681403334632)1:6.5032896712070904,(((71,200)1:3.507557397653066,(((74,165)1:3.294464182192356,((6,163)1:1.9389414797392202,(82,12)1:0.38411409509810973)1:1.7870254377133783)1:2.8889270552152184,((30,20)1:2.2878285453263913,((156,(48,96)1:0.9011708503273551)1:1.893131943707926,(68,(102,69)1:1.8675804829381484)1:0.24179798688601398)1:3.1080203999073284)1:0.37764981375979595)1:3.636338187518991)1:1.441024518607892,(((110,177)1:4.977233367711997,((151,31)1:4.307199523941447,(63,(153,130)1:0.9011708503273551)1:3.3254484484925295)1:0.35482137528940916)1:5.810142490647089,((41,((47,119)1:3.4587672334836355,(190,(26,136)1:0.6116454593812852)1:4.9992122744307785)1:3.9042152499039235)1:0.21332812740942184,((141,((11,3)1:2.919770732750946,(34,167)1:1.793759469894722)1:2.477937980471907)1:2.7479204758242877,((121,(186,(126,98)1:2.840894205967595)1:0.9127573739413776)1:0.4034704323620346,((35,(129,(16,117)1:1.2349890400187593)0.46:0.009547350654996532)1:3.1754368414195806,((144,(166,86)1:0.5952067330381253)1:4.620502683966701,(122,(25,51)1:0.8095575324043568)1:3.981672029605331)0.87:0.03866874747533847)1:1.958665985086998)1:1.6077285849562644)1:1.947888537433913)1:0.6419497163247042)1:1.3298895519219236)1:2.291440132573983)1:2.888438064251807)1:4.711530201978998)1:1.5732568728381735)1:2.159516021316302,((((160,((148,(138,173)1:1.7497430198851758)1:2.0635839249464967,(152,(188,(85,192)1:3.8642323415917996)1:3.2269114420370246)1:0.17396496220301344)1:2.711163332544338)1:1.7534736172559011,(((57,145)1:0.4871325115087024,(67,(149,19)1:0.28477004089077296)1:0.37696648765243607)1:6.5032896712070904,((28,(197,134)1:4.018383021419052)1:3.2839436453192627,((9,(53,(158,140)1:4.017962234541395)1:0.5374748887758274)1:0.3188659039621792,((132,113)1:0.4954714816031858,(95,(81,191)0.85:0.038701367517094964)1:2.8456652913746394)1:0.7274449662945434)1:2.8151115211503943)1:0.758524828417705)1:4.049643080583922)1:2.879017328002331,((125,(124,36)0.99:0.06713930283762856)1:6.5032896712070904,(((171,99)1:4.200194504241221,(54,(193,73)1:0.2649650461675484)1:5.810142490647089)1:6.497319504220504,(((14,(70,170)1:1.1373136561852049)1:4.200704578213011,(178,(195,(75,108)1:3.6691854584950483)0.47:0.011049836186584935)1:1.9552778990589148)1:3.1455101941797676,((2,((79,180)1:1.4371408338475544,((88,(15,58)1:2.0142561496158504)1:0.3784004543084059,(78,(90,(76,142)1:0.2098797279033196)1:0.6020928354972028)1:1.507301018118363)1:0.6074291838874474)1:0.746643706993788)1:5.537233813863151,(((127,137)1:0.23949628098730796,(60,(162,23)1:0.12316713430729102)1:4.174022904797777)1:0.24996464951606231,((94,(147,179)1:0.19293071874183448)0.88:0.04009638094774464,(159,(109,(146,72)1:0.1064021044187027)0.79:0.030904149174699826)1:1.977692181181277)1:0.5481433867731849)1:5.581300918218248)1:0.47037608368827405)1:2.8899282528914245)1:0.4916540930612069)1:1.4767663663314448)1:0.24369517358331794,((101,((1,(131,183)1:3.4587672334836355)1:1.0466636146830959,((175,37)1:1.9366204574478965,((39,164)1:1.5476413669802414,(91,61)1:1.207500879522313)1:0.9978591199559012)1:2.17732485516231)1:0.08537798279707377)1:6.5032896712070904,((7,(((18,29)1:0.33997486717241476,(38,(33,80)0.99:0.06387475899424654)1:1.2869961401376102)1:3.232454107408136,(168,((111,161)1:0.10402996622653934,(87,(56,150)1:2.571265999072242)1:2.077969608725712)0.7:0.02537101063615897)1:1.4439912051315165)1:4.012842841043436)1:1.815116129626873,(52,((92,(107,66)1:4.556658281586748)1:0.6677110826904901,((62,128)1:4.397414872459069,(97,(((106,32)1:3.7594456396823746,(176,((13,198)1:1.377434462194051,(49,(172,93)1:0.12486348755546958)1:1.832859763749701)1:0.8023059812923917)1:1.2477418983194795)1:0.33395977282814343,((104,(114,199)1:1.0171942810217913)1:0.24221675347845537,(194,185)1:0.2954287738339433)1:0.5306918696553891)1:0.08692379218641383)1:0.47800337463730364)1:1.8502716801580668)1:0.9615360500770476)1:3.6639034680437597)1:3.279895766364068)1:1.0740928745721772)1:0.5128530945877683)1:1.1506539980628205)1:4.711530201978998)1:0.7924217426908051));
Weight calculation took 12.717380596 secs
ASTRAL finished in 50.575 secs
