
================== ASTRAL ===================== 

This is ASTRAL version 5.7.8
Gene trees are treated as unrooted
1000 trees read from Dataset/AstralII_data/model.200.2000000.0.000001/03/estimatedgenetre.halfresolved
index0
All output trees will be *arbitrarily* rooted at 77

======== Running the main analysis
Number of taxa: 201 (201 species)
Taxa: [77, 23, 66, 182, 32, 98, 91, 191, 199, 119, 27, 63, 0, 35, 152, 140, 103, 187, 69, 141, 25, 126, 168, 157, 59, 2, 73, 33, 14, 38, 137, 153, 9, 160, 61, 145, 122, 143, 128, 111, 19, 88, 84, 113, 109, 80, 10, 95, 117, 129, 115, 106, 155, 127, 70, 112, 181, 78, 180, 150, 195, 107, 16, 170, 11, 89, 183, 136, 41, 29, 171, 149, 64, 197, 82, 22, 154, 51, 76, 44, 36, 47, 83, 105, 101, 94, 184, 178, 46, 93, 34, 185, 166, 49, 30, 28, 118, 159, 125, 188, 121, 147, 163, 156, 8, 54, 192, 18, 26, 132, 124, 114, 146, 71, 169, 148, 13, 5, 190, 189, 167, 37, 134, 164, 161, 110, 24, 58, 96, 123, 92, 179, 172, 120, 158, 56, 165, 142, 42, 52, 57, 90, 198, 6, 53, 15, 50, 108, 200, 20, 68, 97, 133, 194, 7, 135, 48, 144, 31, 81, 79, 174, 131, 177, 173, 40, 100, 17, 85, 74, 104, 39, 151, 65, 55, 3, 86, 138, 1, 12, 43, 72, 87, 45, 21, 193, 4, 99, 186, 67, 175, 60, 176, 162, 130, 196, 116, 102, 62, 75, 139]
Taxon occupancy: {110=1000, 111=1000, 112=1000, 113=1000, 114=1000, 115=1000, 116=1000, 117=1000, 118=1000, 119=1000, 10=1000, 11=1000, 12=1000, 13=1000, 14=1000, 15=1000, 16=1000, 17=1000, 18=1000, 19=1000, 120=1000, 0=1000, 121=1000, 122=1000, 1=1000, 2=1000, 123=1000, 124=1000, 3=1000, 125=1000, 4=1000, 126=1000, 5=1000, 127=1000, 6=1000, 128=1000, 7=1000, 129=1000, 8=1000, 9=1000, 20=1000, 21=1000, 22=1000, 23=1000, 24=1000, 25=1000, 26=1000, 27=1000, 28=1000, 29=1000, 130=1000, 131=1000, 132=1000, 133=1000, 134=1000, 135=1000, 136=1000, 137=1000, 138=1000, 139=1000, 30=1000, 31=1000, 32=1000, 33=1000, 34=1000, 35=1000, 36=1000, 37=1000, 38=1000, 39=1000, 140=1000, 141=1000, 142=1000, 143=1000, 144=1000, 145=1000, 146=1000, 147=1000, 148=1000, 149=1000, 40=1000, 41=1000, 42=1000, 43=1000, 44=1000, 45=1000, 46=1000, 47=1000, 48=1000, 49=1000, 150=1000, 151=1000, 152=1000, 153=1000, 154=1000, 155=1000, 156=1000, 157=1000, 158=1000, 159=1000, 50=1000, 51=1000, 52=1000, 53=1000, 54=1000, 55=1000, 56=1000, 57=1000, 58=1000, 59=1000, 160=1000, 161=1000, 162=1000, 163=1000, 164=1000, 165=1000, 166=1000, 167=1000, 168=1000, 169=1000, 60=1000, 61=1000, 62=1000, 63=1000, 64=1000, 65=1000, 66=1000, 67=1000, 68=1000, 69=1000, 170=1000, 171=1000, 172=1000, 173=1000, 174=1000, 175=1000, 176=1000, 177=1000, 178=1000, 179=1000, 70=1000, 71=1000, 72=1000, 73=1000, 74=1000, 75=1000, 76=1000, 77=1000, 78=1000, 79=1000, 180=1000, 181=1000, 182=1000, 183=1000, 184=1000, 185=1000, 186=1000, 187=1000, 188=1000, 189=1000, 80=1000, 81=1000, 82=1000, 83=1000, 84=1000, 85=1000, 86=1000, 87=1000, 88=1000, 89=1000, 190=1000, 191=1000, 192=1000, 193=1000, 194=1000, 195=1000, 196=1000, 197=1000, 198=1000, 199=1000, 90=1000, 91=1000, 92=1000, 93=1000, 94=1000, 95=1000, 96=1000, 97=1000, 98=1000, 99=1000, 200=1000, 100=1000, 101=1000, 102=1000, 103=1000, 104=1000, 105=1000, 106=1000, 107=1000, 108=1000, 109=1000}
Number of gene trees: 1000
0 trees have missing taxa
Calculating quartet distance matrix (for completion of X)
Species tree distances calculated ...
Building set of clusters (X) from gene trees 
------------------------------
gradient0: 33335
Number of Clusters after addition by distance: 33335
calculating extra bipartitions to be added at level 1 ...
Adding to X using resolutions of greedy consensus ...
Limit for sigma of degrees:5075
polytomy size limit : 18
discarded polytomies:  [3, 3, 3, 3, 3, 3, 3, 3, 3, 3, 3, 4, 4, 4, 4, 4, 4, 5, 5, 5, 6, 14, 18]
Threshold 0.0:
Threshold 0.01:
Threshold 0.02:
Threshold 0.05:
polytomy of size 3; rounds with additions with at least 5 support: 0; clusters: 33335
Threshold 0.1:
polytomy of size 3; rounds with additions with at least 5 support: 0; clusters: 33335
polytomy of size 4; rounds with additions with at least 5 support: 0; clusters: 33335
Threshold 0.2:
polytomy of size 3; rounds with additions with at least 5 support: 0; clusters: 33335
polytomy of size 3; rounds with additions with at least 5 support: 0; clusters: 33335
polytomy of size 4; rounds with additions with at least 5 support: 0; clusters: 33335
polytomy of size 3; rounds with additions with at least 5 support: 0; clusters: 33335
polytomy of size 14; rounds with additions with at least 5 support: 0; clusters: 33335
Threshold 0.3333333333333333:
polytomy of size 6; rounds with additions with at least 5 support: 0; clusters: 33335
polytomy of size 5; rounds with additions with at least 5 support: 0; clusters: 33335
polytomy of size 4; rounds with additions with at least 5 support: 0; clusters: 33335
polytomy of size 5; rounds with additions with at least 5 support: 0; clusters: 33335
polytomy of size 4; rounds with additions with at least 5 support: 0; clusters: 33335
polytomy of size 4; rounds with additions with at least 5 support: 0; clusters: 33335
polytomy of size 3; rounds with additions with at least 5 support: 0; clusters: 33335
polytomy of size 3; rounds with additions with at least 5 support: 0; clusters: 33335
polytomy of size 3; rounds with additions with at least 5 support: 0; clusters: 33335
polytomy of size 5; rounds with additions with at least 5 support: 0; clusters: 33335
polytomy of size 4; rounds with additions with at least 5 support: 0; clusters: 33335
polytomy of size 3; rounds with additions with at least 5 support: 0; clusters: 33335
polytomy of size 3; rounds with additions with at least 5 support: 0; clusters: 33335
polytomy of size 3; rounds with additions with at least 5 support: 0; clusters: 33335
polytomy of size 18; rounds with additions with at least 5 support: 0; clusters: 33335
max k is :0
Number of Clusters after addition by greedy: 33335
gradient0 in heuristiic: 33335
partitions formed in 28.171 secs
Dynamic Programming starting after 28.171 secs
Using tree-based weight calculation.
Using polytree-based weight calculation.
Polytree max score: 65998349604
Polytree building time: 2.818 seconds.
Number of quartet trees in the gene trees: 65998349604
Size of largest cluster: 201
Greedy score: 49974222657
estimationFactor: 1.3206478479311667
Sub-optimal score: 50183440183
Calculated 100000 weights; time (seconds): 163
Total Number of elements weighted: 143744
Normalized score (portion of input quartet trees satisfied before correcting for multiple individuals): 0.799408386218227
Optimization score: 52759634150
Optimal tree inferred in 227.329 secs.
(87,(45,((86,21),(72,((138,(1,(12,43))),((65,(55,3)),((74,(104,(39,151))),((((90,198),(6,53)),(((133,(97,194)),(48,(144,31))),(((20,68),(108,200)),((81,79),((100,(17,85)),(177,(173,(174,(131,40))))))))),(((77,((23,66),(182,(32,98)))),((15,50),(121,(7,(135,(57,(165,(142,(42,52))))))))),((139,(62,(75,((4,(67,(193,(99,186)))),((175,60),(176,(162,(196,(130,(116,102)))))))))),(((91,(191,199)),(119,(27,63))),(0,((((51,(76,44)),((36,(47,83)),((82,(22,154)),(((101,94),((105,(93,34)),(46,(184,178)))),(19,((88,10),((84,95),(80,(113,109))))))))),((117,(129,115)),(((106,(155,127)),((70,112),(181,(78,180)))),(171,(41,((149,(64,197)),((136,(150,(195,107))),(16,(29,(11,(170,(89,183)))))))))))),(((147,(163,((54,192),(156,8)))),(((185,166),((125,188),((49,30),(28,(118,159))))),(164,(161,(((124,114),(146,(169,(71,(148,13))))),((26,132),(18,((5,(190,189)),(167,(37,134)))))))))),((110,(24,58)),(((122,143),((96,(123,92)),((69,(25,(141,(126,168)))),((128,111),(179,(172,(56,(120,158)))))))),((152,((103,187),(35,140))),(((153,9),(145,(160,61))),((59,(157,2)),((73,33),(14,(38,137))))))))))))))))))))));
Final quartet score is: 52759634150
Final normalized quartet score is: 0.799408386218227
Extended species tree:
(77,(((23,66)1:1.6992965068669161,(182,(32,98)1:1.5122045110335895)1:0.5149870053363369)1:2.0184056510934654,(((15,50)1:5.650769866838712,(121,(7,(135,(57,(165,(142,(42,52)1:0.42335647611146576)1:0.769981250137937)1:0.4472228294848704)1:1.5368116997388463)1:0.1320849911811272)1:1.2807237149992587)0.41:0.005231704520519755)1:0.34024398825659274,(((139,(62,(75,((4,(67,(193,(99,186)1:0.37198632916551105)1:0.5280344687818337)0.99:0.0671393028376282)1:2.4910603677558605,((175,60)1:2.7535417968967377,(176,(162,(196,(130,(116,102)1:0.3462785854690221)1:0.36661018846929344)1:0.591557859977561)1:1.3408874886388196)1:0.322511660156935)1:1.3301546558353314)1:0.9927983253729696)1:1.5166312960501938)1:0.2823840692335718)1:0.30284105516376214,(((91,(191,199)1:3.1373880554582763)1:0.6934136163172001,(119,(27,63)1:4.421955981375179)1:0.5585539527426777)1:1.201989830032838,(0,((((51,(76,44)1:3.325235840859112)1:2.1837152369295945,((36,(47,83)1:2.6114693730964293)1:3.0595475809838737,((82,(22,154)1:4.90911923090372)1:0.5865749442049641,(((101,94)1:0.8944253979210621,((105,(93,34)1:0.9699201451493441)1:0.809215135130982,(46,(184,178)0.93:0.047987879601355206)1:0.8401244399542778)1:0.447442460313883)1:1.686158041101029,(19,((88,10)1:0.18325404906284995,((84,95)1:0.5981178354575137,(80,(113,109)1:0.11423606867086389)1:0.07944033480308645)1:0.5768758038588921)1:1.0118756746971043)1:2.259847161707028)1:1.0422628884972898)1:0.4184249022258891)1:0.17619465628191827)0.45:0.008386031893765218,((117,(129,115)1:1.9494127796065153)1:2.9897660290059,(((106,(155,127)1:0.6116454593812852)1:3.5682484076835137,((70,112)1:1.0048189043809723,(181,(78,180)1:0.10301544695245587)1:1.8254666529005266)1:2.8886676623544205)1:0.08868779688158171,(171,(41,((149,(64,197)0.96:0.05278733484828618)1:2.679894435468246,((136,(150,(195,107)1:0.6199672827187777)1:0.7897495431185838)1:0.2582956955047468,(16,(29,(11,(170,(89,183)0.87:0.039268593087385645)1:1.332906627272603)1:0.1477490646800318)1:1.396086247598343)1:0.4066942159508668)1:0.3904054204642635)1:0.3194330110678159)1:0.8515088810354696)1:0.47939959767625684)1:0.17220540834947742)1:0.8522305289738712)1:1.9580010004915043,(((147,(163,((54,192)1:0.5952481154878343,(156,8)1:1.016420198114429)1:3.5556335310888394)1:1.6546304675470225)1:0.5379948301414763,(((185,166)1:5.404677382538943,((125,188)1:1.822629552359953,((49,30)1:1.4198170531585315,(28,(118,159)1:1.3563532547079717)0.82:0.03716875148674195)1:2.19139564047909)1:1.5138212679247331)1:1.7451807366062837,(164,(161,(((124,114)1:0.8821644302318659,(146,(169,(71,(148,13)1:1.0435967052817803)1:0.07506139779660062)1:0.5997274358866657)1:0.4083100602403956)1:3.510914377360947,((26,132)1:2.6267550669675765,(18,((5,(190,189)1:2.037207412369185)1:1.9240861997308705,(167,(37,134)1:0.9818287533448099)1:1.846662956291651)1:0.24300758816041765)1:0.15131152857380936)1:1.2201937428033525)1:0.1926235078377652)1:0.08340154643500182)1:0.36420689050138755)1:0.9161730168349236)1:0.5233452426798421,((110,(24,58)1:0.41879025813188486)1:6.485052083657287,(((122,143)1:1.0187513555558587,((96,(123,92)1:0.45355621597509843)1:3.6169583228478954,((69,(25,(141,(126,168)1:0.08178238085687106)1:0.14279847798546969)1:0.7475474576201445)1:3.667656066846256,((128,111)1:6.477843005545915,(179,(172,(56,(120,158)1:0.9503496620780141)1:1.4095083289089256)1:1.1233923176665972)1:2.3714689115923497)1:0.19389716850190525)0.99:0.06390028495250996)1:1.1158157362772807)1:0.2848168727684562,((152,((103,187)1:0.13255894440062757,(35,140)1:0.872086986455979)1:1.6338339905735804)1:5.07352864429431,(((153,9)1:3.2060680249726237,(145,(160,61)1:2.4086084653190927)1:1.6063069243792387)1:0.48735227488687205,((59,(157,2)1:0.5735259245355198)1:0.4908789367546536,((73,33)1:3.2072638585795845,(14,(38,137)1:1.3047926399412306)1:2.1058216463173656)1:1.8006057372534048)1:0.6003015970286446)1:1.3800057304197524)1:0.2878651586085128)0.93:0.04584471786571048)1:0.2242768892744785)1:0.26078364414617455)1:0.2502458667752706)1:0.3138860498102524)1:0.4078440710041917)1:0.5663232509296535,((((90,198)1:3.6700763271508414,(6,53)1:3.9274664201935074)1:1.5055917542017982,(((133,(97,194)1:1.1561821404895876)1:4.05162166289478,(48,(144,31)1:2.408945108984956)1:2.190461973206141)0.36:0.00147613324152011,(((20,68)1:0.2987216538583563,(108,200)1:0.2182231091363031)1:3.624376659920341,((81,79)1:4.292845701017468,((100,(17,85)1:2.7656200529236874)1:1.7195441422565498,(177,(173,(174,(131,40)0.76:0.029375593160309178)1:0.13858696849032187)1:1.108016911243105)1:0.6044243876318105)1:0.9321381387232067)0.97:0.05472873839635053)1:0.7385593683860198)1:0.7576189426001139)1:0.2770787468217427,((74,(104,(39,151)1:1.6991858347363682)1:1.5162642427499342)1:1.4457230346709662,((65,(55,3)1:2.186879579605087)1:0.21083038425860573,((138,(1,(12,43)1:0.294689483180067)1:1.0965391033709617)1:0.7587085356361615,(72,((86,21)1:0.2238873774491916,(45,87)1:0.3347095654171811)1:0.909859363705491)1:0.9211465351478629)1:0.9627204224165219)1:1.5750322248520192)1:2.7729641937168883)0.47:0.01016172207233795)0.45:0.0124210083109567)1:3.2471493072012536));
Weight calculation took 185.393446135 secs
ASTRAL finished in 236.605 secs
