
================== ASTRAL ===================== 

This is ASTRAL version 5.7.8
Gene trees are treated as unrooted
50 trees read from Dataset/AstralII_data/model.200.2000000.0.000001/03/estimatedgenetre.halfresolved_50
index0
All output trees will be *arbitrarily* rooted at 77

======== Running the main analysis
Number of taxa: 201 (201 species)
Taxa: [77, 23, 66, 182, 32, 98, 91, 191, 199, 119, 27, 63, 0, 35, 152, 140, 103, 187, 69, 141, 25, 126, 168, 157, 59, 2, 73, 33, 14, 38, 137, 153, 9, 160, 61, 145, 122, 143, 128, 111, 19, 88, 84, 113, 109, 80, 10, 95, 117, 129, 115, 106, 155, 127, 70, 112, 181, 78, 180, 150, 195, 107, 16, 170, 11, 89, 183, 136, 41, 29, 171, 149, 64, 197, 82, 22, 154, 51, 76, 44, 36, 47, 83, 105, 101, 94, 184, 178, 46, 93, 34, 185, 166, 49, 30, 28, 118, 159, 125, 188, 121, 147, 163, 156, 8, 54, 192, 18, 26, 132, 124, 114, 146, 71, 169, 148, 13, 5, 190, 189, 167, 37, 134, 164, 161, 110, 24, 58, 96, 123, 92, 179, 172, 120, 158, 56, 165, 142, 42, 52, 57, 90, 198, 6, 53, 15, 50, 108, 200, 20, 68, 97, 133, 194, 7, 135, 48, 144, 31, 81, 79, 174, 131, 177, 173, 40, 100, 17, 85, 74, 104, 39, 151, 65, 55, 3, 86, 138, 1, 12, 43, 72, 87, 45, 21, 193, 4, 99, 186, 67, 175, 60, 176, 162, 130, 196, 116, 102, 62, 75, 139]
Taxon occupancy: {110=50, 111=50, 112=50, 113=50, 114=50, 115=50, 116=50, 117=50, 118=50, 119=50, 10=50, 11=50, 12=50, 13=50, 14=50, 15=50, 16=50, 17=50, 18=50, 19=50, 120=50, 0=50, 121=50, 122=50, 1=50, 2=50, 123=50, 124=50, 3=50, 125=50, 4=50, 126=50, 5=50, 127=50, 6=50, 128=50, 7=50, 129=50, 8=50, 9=50, 20=50, 21=50, 22=50, 23=50, 24=50, 25=50, 26=50, 27=50, 28=50, 29=50, 130=50, 131=50, 132=50, 133=50, 134=50, 135=50, 136=50, 137=50, 138=50, 139=50, 30=50, 31=50, 32=50, 33=50, 34=50, 35=50, 36=50, 37=50, 38=50, 39=50, 140=50, 141=50, 142=50, 143=50, 144=50, 145=50, 146=50, 147=50, 148=50, 149=50, 40=50, 41=50, 42=50, 43=50, 44=50, 45=50, 46=50, 47=50, 48=50, 49=50, 150=50, 151=50, 152=50, 153=50, 154=50, 155=50, 156=50, 157=50, 158=50, 159=50, 50=50, 51=50, 52=50, 53=50, 54=50, 55=50, 56=50, 57=50, 58=50, 59=50, 160=50, 161=50, 162=50, 163=50, 164=50, 165=50, 166=50, 167=50, 168=50, 169=50, 60=50, 61=50, 62=50, 63=50, 64=50, 65=50, 66=50, 67=50, 68=50, 69=50, 170=50, 171=50, 172=50, 173=50, 174=50, 175=50, 176=50, 177=50, 178=50, 179=50, 70=50, 71=50, 72=50, 73=50, 74=50, 75=50, 76=50, 77=50, 78=50, 79=50, 180=50, 181=50, 182=50, 183=50, 184=50, 185=50, 186=50, 187=50, 188=50, 189=50, 80=50, 81=50, 82=50, 83=50, 84=50, 85=50, 86=50, 87=50, 88=50, 89=50, 190=50, 191=50, 192=50, 193=50, 194=50, 195=50, 196=50, 197=50, 198=50, 199=50, 90=50, 91=50, 92=50, 93=50, 94=50, 95=50, 96=50, 97=50, 98=50, 99=50, 200=50, 100=50, 101=50, 102=50, 103=50, 104=50, 105=50, 106=50, 107=50, 108=50, 109=50}
Number of gene trees: 50
0 trees have missing taxa
Calculating quartet distance matrix (for completion of X)
Species tree distances calculated ...
Building set of clusters (X) from gene trees 
------------------------------
gradient0: 4667
Number of Clusters after addition by distance: 4667
calculating extra bipartitions to be added at level 1 ...
Adding to X using resolutions of greedy consensus ...
Limit for sigma of degrees:5075
polytomy size limit : 21
discarded polytomies:  [3, 3, 3, 3, 3, 3, 3, 3, 3, 3, 3, 3, 4, 4, 4, 4, 4, 5, 5, 5, 6, 9, 21]
Threshold 0.0:
Threshold 0.01:
Threshold 0.02:
Threshold 0.05:
polytomy of size 3; rounds with additions with at least 5 support: 0; clusters: 4669
Threshold 0.1:
polytomy of size 3; rounds with additions with at least 5 support: 0; clusters: 4669
polytomy of size 4; rounds with additions with at least 5 support: 0; clusters: 4671
Threshold 0.2:
polytomy of size 3; rounds with additions with at least 5 support: 0; clusters: 4671
polytomy of size 3; rounds with additions with at least 5 support: 0; clusters: 4671
polytomy of size 4; rounds with additions with at least 5 support: 0; clusters: 4671
polytomy of size 9; rounds with additions with at least 5 support: 1; clusters: 4675
polytomy of size 6; rounds with additions with at least 5 support: 0; clusters: 4681
Threshold 0.3333333333333333:
polytomy of size 3; rounds with additions with at least 5 support: 0; clusters: 4681
polytomy of size 4; rounds with additions with at least 5 support: 0; clusters: 4681
polytomy of size 3; rounds with additions with at least 5 support: 0; clusters: 4681
polytomy of size 5; rounds with additions with at least 5 support: 0; clusters: 4681
polytomy of size 4; rounds with additions with at least 5 support: 0; clusters: 4681
polytomy of size 5; rounds with additions with at least 5 support: 0; clusters: 4681
polytomy of size 3; rounds with additions with at least 5 support: 0; clusters: 4681
polytomy of size 3; rounds with additions with at least 5 support: 0; clusters: 4681
polytomy of size 4; rounds with additions with at least 5 support: 0; clusters: 4681
polytomy of size 3; rounds with additions with at least 5 support: 0; clusters: 4681
polytomy of size 3; rounds with additions with at least 5 support: 0; clusters: 4681
polytomy of size 3; rounds with additions with at least 5 support: 0; clusters: 4681
polytomy of size 3; rounds with additions with at least 5 support: 0; clusters: 4681
polytomy of size 5; rounds with additions with at least 5 support: 0; clusters: 4681
polytomy of size 21; rounds with additions with at least 5 support: 0; clusters: 4681
max k is :2
Number of Clusters after addition by greedy: 4681
gradient0 in heuristiic: 4681
partitions formed in 7.007 secs
Dynamic Programming starting after 7.007 secs
Using tree-based weight calculation.
Using polytree-based weight calculation.
Polytree max score: 3299917500
Polytree building time: 0.268 seconds.
Number of quartet trees in the gene trees: 3299917500
Size of largest cluster: 201
Greedy score: 2576715592
estimationFactor: 1.2806681149620645
Sub-optimal score: 2577839990
Total Number of elements weighted: 7135
Normalized score (portion of input quartet trees satisfied before correcting for multiple individuals): 0.7961771174582395
Optimization score: 2627318803
Optimal tree inferred in 9.586 secs.
(87,(45,((86,21),(72,((138,(1,(12,43))),((65,(55,3)),((74,(104,(39,151))),((((90,198),(6,53)),(((133,(97,194)),(48,(144,31))),((81,79),(((20,68),(108,200)),((100,(17,85)),(177,(173,(174,(131,40))))))))),((77,((23,66),(182,(32,98)))),((121,((15,50),(135,(7,(57,(165,(142,(42,52)))))))),((139,(62,(75,((4,(67,(193,(99,186)))),((175,60),(176,(162,(196,(130,(116,102)))))))))),(((91,(191,199)),(119,(27,63))),(0,((((51,(76,44)),((36,(47,83)),((82,(22,154)),(((101,94),((105,(93,34)),(184,(178,46)))),(19,((88,10),((84,95),(80,(113,109))))))))),((117,(129,115)),((106,(155,127)),(((70,112),(181,(78,180))),(171,(41,((197,(149,64)),((136,(150,(195,107))),(16,(29,(11,(183,(170,89))))))))))))),(((147,(163,((156,8),(54,192)))),(((185,166),((125,188),((49,30),(28,(118,159))))),(164,(161,(((124,114),(146,(169,(71,(148,13))))),((26,132),(18,((167,(37,134)),(5,(190,189)))))))))),(((122,143),(((128,111),(179,(172,(56,(120,158))))),((96,(123,92)),(69,(25,(141,(126,168))))))),((110,(24,58)),((152,((103,187),(35,140))),(((153,9),(145,(160,61))),((59,(157,2)),((73,33),(14,(38,137)))))))))))))))))))))));
Final quartet score is: 2627318803
Final normalized quartet score is: 0.7961771174582395
Extended species tree:
(77,(((23,66)1:1.5804503755608483,(182,(32,98)1:1.4469189829363254)1:0.5306282510621702)1:2.4277482359480516,(((121,((15,50)1:3.5263605246161593,(135,(7,(57,(165,(142,(42,52)0.9:0.19379532913497322)1:1.127312248115745)0.94:0.2182535660200178)1:1.3297059102477802)0.61:0.07824020943863234)1:0.8843314246117456)0.58:0.06923959745815436)0.97:0.2607219258841707,((139,(62,(75,((4,(67,(193,(99,186)1:0.580327919614443)1:0.48075093331583146)0.44:0.05026183478088831)1:2.562800541413279,((175,60)1:2.4277482359480516,(176,(162,(196,(130,(116,102)1:0.4818380868927383)0.91:0.1947000347644665)1:0.3622929362429557)1:1.000837029554702)1:0.49981263041624124)1:1.4512056398052502)1:0.824999311664748)1:1.6132401983838391)0.65:0.1220919308817)0.92:0.20294545147044474,(((91,(191,199)1:2.14006616349627)1:0.6173599468865036,(119,(27,63)1:3.5113226472516192)1:0.38774965433873604)1:1.1920096781608933,(0,((((51,(76,44)1:3.5263605246161593)1:2.5160752789483416,((36,(47,83)1:2.8332133440562166)1:2.8332133440562166,((82,(22,154)1:3.5213227305862023)1:0.8901034228138306,(((101,94)1:1.11342737445325,((105,(93,34)1:1.4469189829363254)1:0.7125396355780196,(184,(178,46)0.75:0.12516314295400605)1:0.5138887988527524)0.99:0.3299575556000192)1:1.6045479271399072,(19,((88,10)1:0.49135797529891184,((84,95)1:0.599438923404954,(80,(113,109)0.83:0.15732465590981384)0.45:0.04508118958277428)1:0.923670839171777)1:0.7475412526257441)1:2.2942168433235275)1:1.0747595765220241)0.89:0.19168169050365777)0.54:0.058331474580699476)0.57:0.06580995386575393,((117,(129,115)1:1.0414538748281608)1:2.7300291078209833,((106,(155,127)1:0.5819215454497209)1:3.393707326480328,(((70,112)1:0.7129498078561248,(181,(78,180)0.44:0.02969992925237426)1:1.8216124323777365)1:3.2366087722258565,(171,(41,((197,(149,64)0.54:0.09237332013101504)1:2.9647710018868003,((136,(150,(195,107)1:0.6362693897048607)1:0.7544065215344712)0.92:0.21242839954260018,(16,(29,(11,(183,(170,89)0.5:0.06078246255545715)1:1.084454990357881)0.82:0.14763599880606468)1:1.8681324480126293)1:0.6800063065872471)1:0.39029151759489794)0.9:0.1870575099497069)1:0.5283355958459591)1:0.47025436869625853)0.46:0.06360189594376273)0.7:0.10609841622418445)1:0.9723064259169347)1:2.1261702642369547,(((147,(163,((156,8)1:1.4469189829363254,(54,192)1:1.0414538748281608)1:3.5263605246161593)1:1.7286359759196313)1:0.771229298046673,(((185,166)1:3.5263605246161593,((125,188)1:1.3291359472799418,((49,30)1:1.2576769832977959,(28,(118,159)1:1.3308208676448618)0.63:0.14197026127038734)1:1.9682159065696103)1:2.14006616349627)1:1.7253844002831824,(164,(161,(((124,114)1:1.1655065234981403,(146,(169,(71,(148,13)1:0.8880249561293123)0.36:0.0)1:0.8172904356132061)1:0.380055392582796)1:2.514268333143962,((26,132)1:2.8332133440562166,(18,((167,(37,134)1:0.8873031950009027)1:1.29350117232472,(5,(190,189)1:1.5804503755608483)1:1.7337467195821907)0.95:0.23776204498035158)0.7:0.11136982082167003)1:1.0731420799811182)1:0.3494395821202071)0.64:0.0895459266537293)1:0.5409927988610432)1:0.7206213548354893)0.8:0.13964306641789045,(((122,143)1:0.9631406440006725,(((128,111)1:3.5263605246161593,(179,(172,(56,(120,158)1:0.8183103235139515)1:1.5804503755608483)1:1.0986122886681093)1:2.4162170383488637)0.52:0.05266745293181107,((96,(123,92)0.98:0.2682639865946794)1:2.6100697927420056,(69,(25,(141,(126,168)0.45:0.060624621816434854)0.98:0.28788115666506053)1:0.8183103235139515)1:3.1278278532836423)0.43:0.03232307835710793)1:1.2684758046394207)0.87:0.1709071674086999,((110,(24,58)1:0.39086630868701183)1:3.5263605246161593,((152,((103,187)0.82:0.1590646946296874,(35,140)1:0.6644497510284434)1:1.3291359472799418)1:3.5263605246161593,(((153,9)1:3.5263605246161593,(145,(160,61)1:1.9169226121820613)1:1.4405616824408587)1:0.49557820136148706,((59,(157,2)1:0.4378465176112043)1:0.5204983846925477,((73,33)1:2.4277482359480516,(14,(38,137)1:1.2237754316221159)1:2.6100697927420056)1:2.322387720290224)1:0.5500171341750465)1:1.2879788540845627)0.99:0.310960819929318)0.46:0.03393302856780223)0.99:0.3290200561237329)1:0.3458271633586959)0.62:0.08363752474286283)1:0.44152016596575383)0.82:0.1469637876304838)1:0.47860111957831075)0.73:0.14096064058096586,((((90,198)1:2.8332133440562166,(6,53)1:2.4176471399615482)1:1.7664105051987105,(((133,(97,194)1:0.6359887667199969)1:2.869770939790014,(48,(144,31)1:2.14006616349627)1:1.3314177508940561)0.63:0.08677926687555026,((81,79)1:3.5263605246161593,(((20,68)1:0.4353180712578455,(108,200)1:0.34830669426821587)1:2.797324130641615,((100,(17,85)1:2.4277482359480516)1:1.3745983213567003,(177,(173,(174,(131,40)0.65:0.0925362529215997)0.81:0.15880217001649738)1:0.7328401941050503)1:0.6010794392622415)1:0.9878044517674306)0.43:0.02653647881559455)1:1.1334584437717148)1:0.7151515843059005)0.73:0.12718122345798918,((74,(104,(39,151)1:1.3291359472799418)1:1.3359271448579437)1:1.1936774004648367,((65,(55,3)1:1.9219859141386078)1:0.37647757123491227,((138,(1,(12,43)0.99:0.30748469974796055)1:1.3291359472799418)1:0.7129498078561248,(72,((86,21)0.98:0.2682639865946794,(45,87)1:0.34830669426821587)1:0.818140269946668)1:0.9614111671546247)1:1.2237754316221163)1:1.9113824318064454)1:1.879934042812721)0.4:0.017044338101623608)1:2.7807433229283824));
Weight calculation took 1.54230343 secs
ASTRAL finished in 10.855 secs
