
================== ASTRAL ===================== 

This is ASTRAL version 5.7.8
Gene trees are treated as unrooted
200 trees read from Dataset/AstralII_data/model.200.500000.0.000001/14/estimatedgenetre.halfresolved_200
index0
All output trees will be *arbitrarily* rooted at 16

======== Running the main analysis
Number of taxa: 201 (201 species)
Taxa: [16, 96, 90, 133, 129, 185, 64, 115, 197, 69, 145, 178, 151, 71, 50, 52, 2, 62, 95, 65, 19, 150, 138, 13, 200, 182, 1, 189, 116, 6, 113, 33, 77, 60, 104, 139, 36, 121, 0, 141, 143, 85, 125, 92, 190, 196, 169, 86, 177, 25, 134, 15, 80, 157, 140, 112, 42, 12, 44, 11, 148, 67, 122, 198, 103, 43, 187, 172, 164, 51, 30, 88, 106, 55, 149, 162, 49, 159, 7, 199, 175, 84, 97, 32, 184, 152, 156, 163, 166, 135, 20, 114, 93, 89, 136, 73, 132, 111, 21, 171, 118, 110, 102, 78, 48, 176, 126, 83, 181, 59, 94, 109, 57, 10, 124, 137, 45, 74, 22, 193, 39, 127, 119, 117, 107, 173, 100, 131, 24, 146, 194, 155, 186, 37, 101, 81, 31, 58, 167, 154, 123, 66, 75, 4, 91, 17, 160, 183, 174, 68, 105, 168, 188, 40, 46, 179, 108, 63, 41, 54, 191, 23, 161, 47, 35, 70, 3, 147, 128, 27, 34, 130, 8, 5, 195, 170, 158, 38, 14, 180, 153, 79, 9, 144, 192, 165, 26, 61, 82, 53, 76, 72, 120, 28, 87, 18, 99, 142, 98, 29, 56]
Taxon occupancy: {110=200, 111=200, 112=200, 113=200, 114=200, 115=200, 116=200, 117=200, 118=200, 119=200, 10=200, 11=200, 12=200, 13=200, 14=200, 15=200, 16=200, 17=200, 18=200, 19=200, 120=200, 121=200, 0=200, 1=200, 122=200, 2=200, 123=200, 124=200, 3=200, 125=200, 4=200, 126=200, 5=200, 6=200, 127=200, 7=200, 128=200, 129=200, 8=200, 9=200, 20=200, 21=200, 22=200, 23=200, 24=200, 25=200, 26=200, 27=200, 28=200, 29=200, 130=200, 131=200, 132=200, 133=200, 134=200, 135=200, 136=200, 137=200, 138=200, 139=200, 30=200, 31=200, 32=200, 33=200, 34=200, 35=200, 36=200, 37=200, 38=200, 39=200, 140=200, 141=200, 142=200, 143=200, 144=200, 145=200, 146=200, 147=200, 148=200, 149=200, 40=200, 41=200, 42=200, 43=200, 44=200, 45=200, 46=200, 47=200, 48=200, 49=200, 150=200, 151=200, 152=200, 153=200, 154=200, 155=200, 156=200, 157=200, 158=200, 159=200, 50=200, 51=200, 52=200, 53=200, 54=200, 55=200, 56=200, 57=200, 58=200, 59=200, 160=200, 161=200, 162=200, 163=200, 164=200, 165=200, 166=200, 167=200, 168=200, 169=200, 60=200, 61=200, 62=200, 63=200, 64=200, 65=200, 66=200, 67=200, 68=200, 69=200, 170=200, 171=200, 172=200, 173=200, 174=200, 175=200, 176=200, 177=200, 178=200, 179=200, 70=200, 71=200, 72=200, 73=200, 74=200, 75=200, 76=200, 77=200, 78=200, 79=200, 180=200, 181=200, 182=200, 183=200, 184=200, 185=200, 186=200, 187=200, 188=200, 189=200, 80=200, 81=200, 82=200, 83=200, 84=200, 85=200, 86=200, 87=200, 88=200, 89=200, 190=200, 191=200, 192=200, 193=200, 194=200, 195=200, 196=200, 197=200, 198=200, 199=200, 90=200, 91=200, 92=200, 93=200, 94=200, 95=200, 96=200, 97=200, 98=200, 99=200, 200=200, 100=200, 101=200, 102=200, 103=200, 104=200, 105=200, 106=200, 107=200, 108=200, 109=200}
Number of gene trees: 200
0 trees have missing taxa
Calculating quartet distance matrix (for completion of X)
Species tree distances calculated ...
Building set of clusters (X) from gene trees 
------------------------------
gradient0: 36339
Number of Clusters after addition by distance: 36339
calculating extra bipartitions to be added at level 1 ...
Adding to X using resolutions of greedy consensus ...
Limit for sigma of degrees:5075
polytomy size limit : 60
discarded polytomies: 86 109  [3, 3, 3, 5, 6, 7, 24, 29, 36, 45, 60, 86, 109]
Threshold 0.0:
polytomy of size 24; rounds with additions with at least 5 support: 6; clusters: 40627
Threshold 0.01:
polytomy of size 29; rounds with additions with at least 5 support: 3; clusters: 46349
Threshold 0.02:
polytomy of size 3; rounds with additions with at least 5 support: 0; clusters: 46349
polytomy of size 36; rounds with additions with at least 5 support: 4; clusters: 57197
Threshold 0.05:
polytomy of size 45; rounds with additions with at least 5 support: 3; clusters: 57351
Threshold 0.1:
polytomy of size 5; rounds with additions with at least 5 support: 0; clusters: 57351
polytomy of size 60; rounds with additions with at least 5 support: 0; clusters: 57525
Threshold 0.2:
polytomy of size 6; rounds with additions with at least 5 support: 0; clusters: 57525
polytomy of size 86; rounds with additions with at least 5 support: 1; clusters: 57671
Threshold 0.3333333333333333:
polytomy of size 7; rounds with additions with at least 5 support: 0; clusters: 57671
polytomy of size 3; rounds with additions with at least 5 support: 0; clusters: 57671
polytomy of size 109; rounds with additions with at least 5 support: 0; clusters: 57835
polytomy of size 3; rounds with additions with at least 5 support: 0; clusters: 57835
max k is :12
Number of Clusters after addition by greedy: 57835
gradient0 in heuristiic: 57835
partitions formed in 38.172 secs
Dynamic Programming starting after 38.172 secs
Using tree-based weight calculation.
Using polytree-based weight calculation.
Polytree max score: 13199670000
Polytree building time: 0.235 seconds.
Number of quartet trees in the gene trees: 13199670000
Size of largest cluster: 201
Greedy score: 6104281469
estimationFactor: 2.16236260844675
Sub-optimal score: 6475073040
Calculated 100000 weights; time (seconds): 121
Calculated 200000 weights; time (seconds): 97
Total Number of elements weighted: 210702
Normalized score (portion of input quartet trees satisfied before correcting for multiple individuals): 0.5054776804268591
Optimization score: 6672138574
Optimal tree inferred in 230.251 secs.
(101,(81,((37,(186,188)),(174,(41,((155,(128,27)),((((71,50),(68,(168,(183,105)))),((95,(62,63)),((191,(47,(23,161))),(65,(35,(70,((3,147),(52,2)))))))),(((130,(108,34)),((46,179),(40,54))),((((76,((176,72),(18,(94,120)))),((99,(64,(115,(142,98)))),((126,((8,(28,87)),(181,(83,59)))),((58,(123,66)),(154,(160,(91,(17,(75,(167,4)))))))))),(((74,22),(151,117)),((185,193),((197,((26,61),(31,((69,82),(53,(145,178)))))),((119,(5,195)),(170,(((9,144),(39,(127,79))),((14,(180,153)),(38,(158,(192,165))))))))))),(((200,(129,(90,133))),((136,(77,(60,104))),((21,((93,89),((166,135),(173,(20,114))))),((163,(107,100)),(32,((73,((146,194),(131,24))),((132,111),(156,(184,152))))))))),((0,(((139,(1,113)),((182,36),(189,(116,(6,121))))),(((138,97),((13,169),((86,(177,25)),((92,190),(125,196))))),(((19,150),(85,(15,(143,134)))),((159,7),(((67,175),(122,199)),(11,(84,(141,148))))))))),((((198,30),(103,43)),((80,(157,51)),(16,(140,(96,112))))),(((162,49),((78,48),((171,118),((106,110),(55,(149,102)))))),((44,(109,(57,(42,12)))),(((33,187),(88,(172,164))),((10,56),(29,(124,(137,45)))))))))))))))))));
Final quartet score is: 6672138574
Final normalized quartet score is: 0.5054776804268591
Extended species tree:
(16,((140,(96,112)0.99:0.14878793047579789)0.92:0.09702769297991064,((80,(157,51)1:0.8225304827704054)1:1.2417238588686137,(((198,30)0.62:0.044937454476043644,(103,43)1:1.1542054102548338)1:0.34110194742445465,((((162,49)1:0.7457781755434573,((78,48)1:0.6768341800945215,((171,118)1:1.5953052911304249,((106,110)1:0.6314063173165317,(55,(149,102)1:0.467624432532475)1:0.7281535152962436)0.79:0.07378253125239594)0.46:0.01990687713298996)0.73:0.05904881041807813)1:0.5386720776305604,((44,(109,(57,(42,12)1:1.3424917384614978)1:0.668009326640499)0.97:0.1280058773655595)0.95:0.11302670296444202,(((33,187)0.47:0.026010556034016058,(88,(172,164)1:0.48137514136669773)1:0.4764360917034643)0.51:0.03118630422364153,((10,56)1:0.4690855662939466,(29,(124,(137,45)0.56:0.037753374722793095)1:1.1687883086861504)1:0.35465413438132676)1:0.2832313996280015)0.56:0.037072477689867704)0.54:0.030735106207025017)0.47:0.021456636777648964,((0,(((139,(1,113)1:0.19593712197359409)0.84:0.08243190255241803,((182,36)0.99:0.14931324741534985,(189,(116,(6,121)1:0.4445501452555393)1:0.576973304822974)1:0.16572073606621165)0.77:0.06433988138737703)1:0.5073358251922061,(((138,97)1:0.39430737307879754,((13,169)1:0.5209883639034922,((86,(177,25)1:0.7423557949992764)1:0.6873362769457615,((92,190)1:1.1560693436928968,(125,196)1:0.4909658042299653)1:0.19508149330484528)0.6:0.041406064676845294)1:0.38045572707321734)1:0.16850109157861703,(((19,150)1:1.3321787997285133,(85,(15,(143,134)1:0.3868692994831175)1:0.3605572226561778)1:0.6837641166514011)1:0.4197615527851556,((159,7)1:1.2373369283275886,(((67,175)0.87:0.0908067360316656,(122,199)0.87:0.08388243102259305)1:0.384719570035313,(11,(84,(141,148)1:0.8895887624282108)1:0.27938264349417935)1:0.9991347930627882)0.97:0.12903571399820749)1:0.2782720686344522)0.59:0.04057309869722215)0.4:0.009685802811847945)0.41:0.012755704062697854)0.41:0.01203249710261344,(((200,(129,(90,133)1:0.6784806500747881)1:1.000956199883738)1:0.31266042810583405,((136,(77,(60,104)1:1.0709566456730129)1:0.492886379753719)1:0.5881406721181799,((21,((93,89)1:0.5299068618414184,((166,135)1:1.0574370211920971,(173,(20,114)1:1.4538022596122633)0.95:0.11263596154285686)0.85:0.08098667429535861)0.82:0.07520016102941349)0.67:0.048899757910309954,((163,(107,100)0.41:0.0139289118391381)0.89:0.08910193879527105,(32,((73,((146,194)1:1.1354598823271997,(131,24)1:1.0441344347985995)1:0.2710554032850333)1:0.16441455127244786,((132,111)1:0.7437246553034734,(156,(184,152)0.39:0.007870481069436826)1:1.3371126457501374)1:0.33960756783172813)0.99:0.13873309240415246)1:0.1924130102231697)0.7:0.056031608718708256)0.96:0.11557502306667633)0.62:0.042613305183421865)0.94:0.10905597915587742,((((76,((176,72)1:0.9674824982652732,(18,(94,120)1:0.8905066147184405)1:0.37612054651144017)1:0.1682910924692321)0.54:0.030995591295380827,((99,(64,(115,(142,98)1:0.7199621251155061)0.83:0.0781724724029009)1:0.7345288216182552)1:0.1741806530679627,((126,((8,(28,87)1:0.8193611795051283)0.75:0.07820636272555727,(181,(83,59)0.99:0.1529076715876614)1:1.0581485672752333)1:0.2945270079546549)1:0.1915995390972083,((58,(123,66)1:0.52647587102107)1:0.7780974965144349,(154,(160,(91,(17,(75,(167,4)0.5:0.03053847690051106)0.46:0.019624599352898103)0.59:0.03866040716283775)1:0.23338525641525731)1:0.399382704877575)1:0.924944453331424)0.99:0.1406469414457095)0.43:0.015846325185816537)0.49:0.02309810404673097)0.98:0.13171038253222636,(((74,22)1:2.3030776758431775,(151,117)1:0.519659384993389)0.96:0.11522558294536471,((185,193)1:0.41977963169115007,((197,((26,61)1:1.378155990334293,(31,((69,82)1:0.323619860003921,(53,(145,178)1:0.39791790247278147)1:0.47637478056474414)0.79:0.07141502510253651)1:0.43094949451260484)0.44:0.02636015058390153)1:0.21225137584812864,((119,(5,195)1:0.26291469483498314)1:1.3876792523664594,(170,(((9,144)1:0.5285641831026415,(39,(127,79)1:0.2244447140582463)1:0.23980612440575194)1:0.6462216273579238,((14,(180,153)1:0.29727616745295243)1:0.39266795677165917,(38,(158,(192,165)0.93:0.10229972398603714)1:0.38628326414455194)1:0.5861032081148992)1:0.2173821915016213)1:0.3183116893083879)0.98:0.13181430475144842)0.83:0.07804175745370802)0.97:0.12408390553112764)0.98:0.13449987851318634)0.38:0.0059311979662139405)0.54:0.03276061188780051,(((130,(108,34)1:1.1375797548318676)0.96:0.12124266962626272,((46,179)1:1.01027593183254,(40,54)1:0.6621161235810401)1:0.3789736497995032)0.58:0.04171860235715055,((((71,50)1:1.5476208724551168,(68,(168,(183,105)1:1.069308203077627)0.62:0.045869023841268064)1:0.6733170391283764)0.62:0.045943273145565976,((95,(62,63)0.76:0.06384525931305159)1:0.657527821172711,((191,(47,(23,161)1:0.29024830527380946)0.68:0.054192449035013336)1:0.559661612499361,(65,(35,(70,((3,147)1:0.3687122951946352,(52,2)1:0.2111598065130892)1:0.5213450194401427)0.93:0.1027063890586303)1:0.19677853449725916)1:0.3520960777608446)1:0.16139622771879386)0.95:0.11006697049850893)0.88:0.0887753092535456,((155,(128,27)1:0.1760095430510603)1:1.0473501125490288,(41,(174,((37,(186,188)0.48:0.043405546617614456)1:0.3643355154548275,(81,101)0.83:0.07777770104268378)1:0.24413996398474389)0.97:0.12151846190647857)0.61:0.05810577555461284)1:0.16214260815964746)0.62:0.042175338988880644)1:0.2595387759573697)1:0.19533580624285815)0.67:0.05063083556049736)0.78:0.06639876350675179)1:0.2942494797896735)0.85:0.0819733855863363)1:0.9713627671058815));
Weight calculation took 169.869568284 secs
ASTRAL finished in 232.696 secs
