
================== ASTRAL ===================== 

This is ASTRAL version 5.7.8
Gene trees are treated as unrooted
1000 trees read from Dataset/AstralII_data/model.200.500000.0.000001/14/estimatedgenetre.halfresolved
index0
All output trees will be *arbitrarily* rooted at 16

======== Running the main analysis
Number of taxa: 201 (201 species)
Taxa: [16, 96, 90, 133, 129, 185, 64, 115, 197, 69, 145, 178, 151, 71, 50, 52, 2, 62, 95, 65, 19, 150, 138, 13, 200, 182, 1, 189, 116, 6, 113, 33, 77, 60, 104, 139, 36, 121, 0, 141, 143, 85, 125, 92, 190, 196, 169, 86, 177, 25, 134, 15, 80, 157, 140, 112, 42, 12, 44, 11, 148, 67, 122, 198, 103, 43, 187, 172, 164, 51, 30, 88, 106, 55, 149, 162, 49, 159, 7, 199, 175, 84, 97, 32, 184, 152, 156, 163, 166, 135, 20, 114, 93, 89, 136, 73, 132, 111, 21, 171, 118, 110, 102, 78, 48, 176, 126, 83, 181, 59, 94, 109, 57, 10, 124, 137, 45, 74, 22, 193, 39, 127, 119, 117, 107, 173, 100, 131, 24, 146, 194, 155, 186, 37, 101, 81, 31, 58, 167, 154, 123, 66, 75, 4, 91, 17, 160, 183, 174, 68, 105, 168, 188, 40, 46, 179, 108, 63, 41, 54, 191, 23, 161, 47, 35, 70, 3, 147, 128, 27, 34, 130, 8, 5, 195, 170, 158, 38, 14, 180, 153, 79, 9, 144, 192, 165, 26, 61, 82, 53, 76, 72, 120, 28, 87, 18, 99, 142, 98, 29, 56]
Taxon occupancy: {110=1000, 111=1000, 112=1000, 113=1000, 114=1000, 115=1000, 116=1000, 117=1000, 118=1000, 119=1000, 10=1000, 11=1000, 12=1000, 13=1000, 14=1000, 15=1000, 16=1000, 17=1000, 18=1000, 19=1000, 120=1000, 121=1000, 0=1000, 1=1000, 122=1000, 2=1000, 123=1000, 124=1000, 3=1000, 125=1000, 4=1000, 126=1000, 5=1000, 6=1000, 127=1000, 7=1000, 128=1000, 129=1000, 8=1000, 9=1000, 20=1000, 21=1000, 22=1000, 23=1000, 24=1000, 25=1000, 26=1000, 27=1000, 28=1000, 29=1000, 130=1000, 131=1000, 132=1000, 133=1000, 134=1000, 135=1000, 136=1000, 137=1000, 138=1000, 139=1000, 30=1000, 31=1000, 32=1000, 33=1000, 34=1000, 35=1000, 36=1000, 37=1000, 38=1000, 39=1000, 140=1000, 141=1000, 142=1000, 143=1000, 144=1000, 145=1000, 146=1000, 147=1000, 148=1000, 149=1000, 40=1000, 41=1000, 42=1000, 43=1000, 44=1000, 45=1000, 46=1000, 47=1000, 48=1000, 49=1000, 150=1000, 151=1000, 152=1000, 153=1000, 154=1000, 155=1000, 156=1000, 157=1000, 158=1000, 159=1000, 50=1000, 51=1000, 52=1000, 53=1000, 54=1000, 55=1000, 56=1000, 57=1000, 58=1000, 59=1000, 160=1000, 161=1000, 162=1000, 163=1000, 164=1000, 165=1000, 166=1000, 167=1000, 168=1000, 169=1000, 60=1000, 61=1000, 62=1000, 63=1000, 64=1000, 65=1000, 66=1000, 67=1000, 68=1000, 69=1000, 170=1000, 171=1000, 172=1000, 173=1000, 174=1000, 175=1000, 176=1000, 177=1000, 178=1000, 179=1000, 70=1000, 71=1000, 72=1000, 73=1000, 74=1000, 75=1000, 76=1000, 77=1000, 78=1000, 79=1000, 180=1000, 181=1000, 182=1000, 183=1000, 184=1000, 185=1000, 186=1000, 187=1000, 188=1000, 189=1000, 80=1000, 81=1000, 82=1000, 83=1000, 84=1000, 85=1000, 86=1000, 87=1000, 88=1000, 89=1000, 190=1000, 191=1000, 192=1000, 193=1000, 194=1000, 195=1000, 196=1000, 197=1000, 198=1000, 199=1000, 90=1000, 91=1000, 92=1000, 93=1000, 94=1000, 95=1000, 96=1000, 97=1000, 98=1000, 99=1000, 200=1000, 100=1000, 101=1000, 102=1000, 103=1000, 104=1000, 105=1000, 106=1000, 107=1000, 108=1000, 109=1000}
Number of gene trees: 1000
0 trees have missing taxa
Calculating quartet distance matrix (for completion of X)
Species tree distances calculated ...
Building set of clusters (X) from gene trees 
------------------------------
gradient0: 148469
Number of Clusters after addition by distance: 148469
calculating extra bipartitions to be added at level 1 ...
Adding to X using resolutions of greedy consensus ...
Limit for sigma of degrees:5075
polytomy size limit : 64
discarded polytomies: 87 109  [3, 3, 3, 3, 3, 3, 3, 4, 6, 7, 13, 30, 33, 43, 64, 87, 109]
Threshold 0.0:
polytomy of size 3; rounds with additions with at least 5 support: 0; clusters: 148475
polytomy of size 13; rounds with additions with at least 5 support: 3; clusters: 149031
Threshold 0.01:
polytomy of size 30; rounds with additions with at least 5 support: 5; clusters: 153457
Threshold 0.02:
polytomy of size 33; rounds with additions with at least 5 support: 4; clusters: 156989
Threshold 0.05:
polytomy of size 3; rounds with additions with at least 5 support: 0; clusters: 156989
polytomy of size 3; rounds with additions with at least 5 support: 0; clusters: 156989
polytomy of size 43; rounds with additions with at least 5 support: 0; clusters: 157001
Threshold 0.1:
polytomy of size 3; rounds with additions with at least 5 support: 0; clusters: 157001
polytomy of size 64; rounds with additions with at least 5 support: 0; clusters: 157029
Threshold 0.2:
polytomy of size 6; rounds with additions with at least 5 support: 0; clusters: 157029
polytomy of size 3; rounds with additions with at least 5 support: 0; clusters: 157029
polytomy of size 87; rounds with additions with at least 5 support: 0; clusters: 157093
Threshold 0.3333333333333333:
polytomy of size 3; rounds with additions with at least 5 support: 0; clusters: 157093
polytomy of size 7; rounds with additions with at least 5 support: 0; clusters: 157093
polytomy of size 3; rounds with additions with at least 5 support: 0; clusters: 157093
polytomy of size 109; rounds with additions with at least 5 support: 0; clusters: 157093
polytomy of size 4; rounds with additions with at least 5 support: 0; clusters: 157093
max k is :10
Number of Clusters after addition by greedy: 157093
gradient0 in heuristiic: 157093
partitions formed in 197.382 secs
Dynamic Programming starting after 197.382 secs
Using tree-based weight calculation.
Using polytree-based weight calculation.
Polytree max score: 65998350000
Polytree building time: 2.812 seconds.
Number of quartet trees in the gene trees: 65998350000
Size of largest cluster: 201
Greedy score: 28182342380
estimationFactor: 2.3418333760233025
Sub-optimal score: 28561210726
Calculated 100000 weights; time (seconds): 563
Calculated 200000 weights; time (seconds): 360
Calculated 300000 weights; time (seconds): 375
Calculated 400000 weights; time (seconds): 398
Total Number of elements weighted: 453562
Normalized score (portion of input quartet trees satisfied before correcting for multiple individuals): 0.508330404911638
Optimization score: 33548967979
Optimal tree inferred in 1917.34 secs.
(101,(81,((186,(37,188)),(174,(41,((155,(128,27)),((((71,50),(168,(68,(183,105)))),((95,(62,63)),((191,(47,(23,161))),(65,(35,(70,((3,147),(52,2)))))))),(((46,179),(40,54)),((130,(108,34)),(((((58,(123,66)),(154,(160,((75,91),(17,(167,4)))))),((99,(64,(115,(142,98)))),((76,((176,72),(18,(94,120)))),(126,((8,(28,87)),(181,(83,59))))))),(((74,22),(151,117)),((185,193),(((197,(26,61)),(31,((69,82),(53,(145,178))))),((119,(5,195)),(170,(((9,144),(39,(127,79))),((14,(180,153)),(38,(158,(192,165))))))))))),(((200,(129,(90,133))),((136,(77,(60,104))),((21,((93,89),((166,135),(173,(20,114))))),((107,(163,100)),(32,(((132,111),(156,(184,152))),(73,((146,194),(131,24))))))))),(((139,(1,113)),((182,36),(189,(116,(6,121))))),(0,((((159,7),(((67,175),(122,199)),(11,(84,(141,148))))),((138,97),((13,169),((86,(177,25)),((125,196),(92,190)))))),(((19,150),(85,(15,(143,134)))),(((16,(140,(96,112))),((80,(157,51)),((198,30),(103,43)))),((44,(109,(57,(42,12)))),(((162,49),((78,48),((171,118),((106,110),(55,(149,102)))))),((187,(33,(88,(172,164)))),((10,56),(29,(124,(137,45)))))))))))))))))))))));
Final quartet score is: 33548967979
Final normalized quartet score is: 0.508330404911638
Extended species tree:
(16,((140,(96,112)1:0.10860158366666778)1:0.09882922207754229,(((80,(157,51)1:0.6720442640153858)1:1.2432504209592155,((198,30)0.74:0.028428085788710943,(103,43)1:1.197840436590627)1:0.29424426677778837)0.35:5.203388335036036E-4,(((44,(109,(57,(42,12)1:1.2473738288079428)1:0.6964361016483489)1:0.15628177255052805)1:0.07206470767246824,(((162,49)1:0.7090305828715583,((78,48)1:0.5458113468469346,((171,118)1:1.4897513783971406,((106,110)1:0.5965293316280826,(55,(149,102)1:0.40021147283613123)1:0.6250752410640801)1:0.1138024475759055)0.57:0.016097671892176674)1:0.0877036791267183)1:0.4753367995879323,((187,(33,(88,(172,164)1:0.4407855270358099)1:0.5047562588721319)0.53:0.014157111873809197)0.45:0.012360503348097586,((10,56)1:0.4744181850174647,(29,(124,(137,45)1:0.1331465701893821)1:1.2303421769948597)1:0.28080328643161495)1:0.35777924299609537)0.99:0.062199986251449284)0.84:0.035016559706438716)0.97:0.05330075576993449,(((19,150)1:1.2313820958852855,(85,(15,(143,134)1:0.3722059235755196)1:0.5190721325277279)1:0.6638811331848045)1:0.43319024118611715,((((159,7)1:1.309162766295473,(((67,175)0.84:0.034704589600383154,(122,199)1:0.13686719504157246)1:0.473658205579858,(11,(84,(141,148)1:0.7420486033023633)1:0.2917115392111055)1:0.9464065967170339)1:0.11247926767057148)1:0.290864319405591,((138,97)1:0.40596473339959627,((13,169)1:0.5894609464202558,((86,(177,25)1:0.7123106515207003)1:0.7090392431368461,((125,196)1:0.5507453747815119,(92,190)1:1.1352402817079368)1:0.21825593667204327)0.98:0.05868378771440621)1:0.3739986920600975)1:0.15423885171911988)0.5:0.012401926448282393,(0,(((139,(1,113)1:0.26663349849774565)1:0.11147943468694585,((182,36)1:0.07862845678268487,(189,(116,(6,121)1:0.3794023002553817)1:0.6093064408422874)1:0.2375076017553793)0.86:0.03658754877633464)1:0.5777147080464468,(((200,(129,(90,133)1:0.6657359337075949)1:1.2799748587920823)1:0.2307887358420964,((136,(77,(60,104)1:0.9866078317373101)1:0.4997598779170871)1:0.618035206886085,((21,((93,89)1:0.46599958573390077,((166,135)1:1.1105979367397403,(173,(20,114)1:1.4029306325354576)1:0.15866751946633317)1:0.07918048633036426)1:0.09628742649901142)1:0.08011841012149191,((107,(163,100)0.82:0.046599304571748344)1:0.14605126601630855,(32,(((132,111)1:0.7919395318132184,(156,(184,152)0.41:0.006560387993800384)1:1.2901787252919978)1:0.322600456259052,(73,((146,194)1:1.1265787499214954,(131,24)1:1.1453634269624189)1:0.2896335563897422)1:0.14201793857493875)1:0.19315897535137325)1:0.17026051531652414)1:0.07025459512595181)1:0.08356047503307569)0.98:0.058890494927207666)1:0.12309821510832016,(((((58,(123,66)1:0.4267252951760901)1:0.9553113659664028,(154,(160,((75,91)0.94:0.045908811904871845,(17,(167,4)0.43:0.008115669401492753)0.94:0.0486307381029332)1:0.2577661275121024)1:0.5045398704509186)1:0.9677686662523332)1:0.18617025399236922,((99,(64,(115,(142,98)1:0.7806457924188034)1:0.1660193149643093)1:0.6545777159845502)1:0.1892106238777488,((76,((176,72)1:0.9372326651941456,(18,(94,120)1:0.9199642587771352)1:0.35240138153985284)1:0.16407665499113466)0.62:0.019495411845510943,(126,((8,(28,87)1:0.8960774291476271)1:0.08916538966953833,(181,(83,59)1:0.19506244551204563)1:1.0232314007418037)1:0.28704373950860124)1:0.2515660130837972)0.49:0.013430703039124142)0.73:0.026845176178223604)1:0.14641289686231007,(((74,22)1:2.210711621990017,(151,117)1:0.5956068351384821)1:0.10175561799502142,((185,193)1:0.44447214055495105,(((197,(26,61)1:1.4394168460307621)1:0.07178876673771836,(31,((69,82)1:0.3980713590832262,(53,(145,178)1:0.4050224670090893)1:0.5185890191780493)1:0.07653571086875824)1:0.4514448131698659)1:0.186551304273583,((119,(5,195)1:0.3056941564810523)1:1.3751368729702789,(170,(((9,144)1:0.5063511878839551,(39,(127,79)1:0.23031737665281252)1:0.24377161883771037)1:0.6199514919402757,((14,(180,153)1:0.24099832212451197)1:0.43510275214472754,(38,(158,(192,165)1:0.11026493667670889)1:0.33873065088141535)1:0.6033483825480498)1:0.2612424449627627)1:0.25370177790099835)1:0.08723967600341326)1:0.12213046359550664)1:0.15121510963964932)1:0.09135506717553203)0.82:0.03307729875551331)0.84:0.03523030755696489,((130,(108,34)1:1.156182140489586)1:0.17003393412034146,(((46,179)1:1.1817416987470228,(40,54)1:0.5962556166254126)1:0.4400156640421753,((((71,50)1:1.6733362532750369,(168,(68,(183,105)1:0.9748029868933571)0.91:0.04164701768957677)1:0.6197006706425271)0.49:0.013522635841119228,((95,(62,63)1:0.11584084428304335)1:0.6968128474177925,((191,(47,(23,161)1:0.22515682291553946)1:0.07876624667315543)1:0.43190619505167377,(65,(35,(70,((3,147)1:0.35599890895397535,(52,2)1:0.16424727106535195)1:0.5037456065838666)0.92:0.045610716175354844)1:0.22919185792157656)1:0.3816908053086644)1:0.1483733950616708)1:0.1279348192824344)0.98:0.0581704861229125,((155,(128,27)1:0.13230825661967285)1:1.0912480223250165,(41,(174,((186,(37,188)0.6:0.018268975134544698)1:0.38502110872509676,(81,101)0.45:0.01309015576192186)1:0.29081718491528646)1:0.1647994197480967)0.92:0.04540146642840896)1:0.1411752354932973)1:0.07490892932355216)0.73:0.026753092229665716)1:0.2737183008345767)1:0.21307494734065985)0.59:0.017512524373032492)0.44:0.008973269997941081)0.44:0.009230771257032084)0.59:0.01736684137860387)0.95:0.04814503312361294)1:0.33207855243440937)1:0.9289139172241003));
Weight calculation took 1591.610019726 secs
ASTRAL finished in 1927.63 secs
