
================== ASTRAL ===================== 

This is ASTRAL version 5.7.8
Gene trees are treated as unrooted
1000 trees read from Dataset/AstralII_data/model.200.10000000.0.000001/16/estimatedgenetre.halfresolved
index0
All output trees will be *arbitrarily* rooted at 123

======== Running the main analysis
Number of taxa: 201 (201 species)
Taxa: [123, 83, 13, 172, 154, 145, 95, 7, 46, 159, 124, 78, 125, 21, 155, 189, 122, 147, 67, 168, 98, 24, 87, 59, 152, 11, 104, 91, 92, 74, 18, 101, 55, 110, 188, 115, 6, 81, 141, 135, 37, 50, 54, 112, 62, 176, 85, 178, 94, 132, 120, 36, 12, 90, 38, 89, 129, 191, 84, 170, 30, 5, 1, 107, 163, 35, 167, 171, 146, 10, 164, 139, 140, 130, 80, 173, 126, 26, 197, 133, 198, 143, 68, 109, 136, 57, 14, 100, 134, 39, 199, 61, 86, 190, 48, 194, 22, 53, 65, 16, 184, 2, 156, 137, 79, 69, 34, 17, 23, 63, 119, 153, 160, 51, 200, 187, 175, 9, 157, 192, 0, 52, 4, 113, 195, 82, 177, 165, 179, 56, 181, 103, 193, 27, 44, 93, 75, 118, 97, 182, 3, 111, 174, 149, 32, 20, 43, 185, 183, 102, 128, 158, 8, 49, 196, 151, 60, 47, 29, 105, 40, 45, 114, 148, 108, 58, 96, 88, 31, 106, 166, 180, 70, 138, 150, 186, 121, 66, 19, 76, 77, 41, 127, 161, 64, 144, 28, 72, 116, 117, 33, 142, 15, 71, 169, 162, 131, 25, 73, 99, 42]
Taxon occupancy: {110=1000, 111=1000, 112=1000, 113=1000, 114=1000, 115=1000, 116=1000, 117=1000, 118=1000, 119=1000, 10=1000, 11=1000, 12=1000, 13=1000, 14=1000, 15=1000, 16=1000, 17=1000, 18=1000, 19=1000, 120=1000, 0=1000, 121=1000, 122=1000, 1=1000, 123=1000, 2=1000, 124=1000, 3=1000, 125=1000, 4=1000, 5=1000, 126=1000, 6=1000, 127=1000, 7=1000, 128=1000, 129=1000, 8=1000, 9=1000, 20=1000, 21=1000, 22=1000, 23=1000, 24=1000, 25=1000, 26=1000, 27=1000, 28=1000, 29=1000, 130=1000, 131=1000, 132=1000, 133=1000, 134=1000, 135=1000, 136=1000, 137=1000, 138=1000, 139=1000, 30=1000, 31=1000, 32=1000, 33=1000, 34=1000, 35=1000, 36=1000, 37=1000, 38=1000, 39=1000, 140=1000, 141=1000, 142=1000, 143=1000, 144=1000, 145=1000, 146=1000, 147=1000, 148=1000, 149=1000, 40=1000, 41=1000, 42=1000, 43=1000, 44=1000, 45=1000, 46=1000, 47=1000, 48=1000, 49=1000, 150=1000, 151=1000, 152=1000, 153=1000, 154=1000, 155=1000, 156=1000, 157=1000, 158=1000, 159=1000, 50=1000, 51=1000, 52=1000, 53=1000, 54=1000, 55=1000, 56=1000, 57=1000, 58=1000, 59=1000, 160=1000, 161=1000, 162=1000, 163=1000, 164=1000, 165=1000, 166=1000, 167=1000, 168=1000, 169=1000, 60=1000, 61=1000, 62=1000, 63=1000, 64=1000, 65=1000, 66=1000, 67=1000, 68=1000, 69=1000, 170=1000, 171=1000, 172=1000, 173=1000, 174=1000, 175=1000, 176=1000, 177=1000, 178=1000, 179=1000, 70=1000, 71=1000, 72=1000, 73=1000, 74=1000, 75=1000, 76=1000, 77=1000, 78=1000, 79=1000, 180=1000, 181=1000, 182=1000, 183=1000, 184=1000, 185=1000, 186=1000, 187=1000, 188=1000, 189=1000, 80=1000, 81=1000, 82=1000, 83=1000, 84=1000, 85=1000, 86=1000, 87=1000, 88=1000, 89=1000, 190=1000, 191=1000, 192=1000, 193=1000, 194=1000, 195=1000, 196=1000, 197=1000, 198=1000, 199=1000, 90=1000, 91=1000, 92=1000, 93=1000, 94=1000, 95=1000, 96=1000, 97=1000, 98=1000, 99=1000, 200=1000, 100=1000, 101=1000, 102=1000, 103=1000, 104=1000, 105=1000, 106=1000, 107=1000, 108=1000, 109=1000}
Number of gene trees: 1000
0 trees have missing taxa
Calculating quartet distance matrix (for completion of X)
Species tree distances calculated ...
Building set of clusters (X) from gene trees 
------------------------------
gradient0: 10947
Number of Clusters after addition by distance: 10947
calculating extra bipartitions to be added at level 1 ...
Adding to X using resolutions of greedy consensus ...
Limit for sigma of degrees:5075
polytomy size limit : 5
discarded polytomies:  [3, 3, 3, 3, 3, 4, 4, 4, 4, 5, 5, 5]
Threshold 0.0:
Threshold 0.01:
Threshold 0.02:
Threshold 0.05:
Threshold 0.1:
Threshold 0.2:
polytomy of size 4; rounds with additions with at least 5 support: 0; clusters: 10947
polytomy of size 3; rounds with additions with at least 5 support: 0; clusters: 10947
Threshold 0.3333333333333333:
polytomy of size 4; rounds with additions with at least 5 support: 0; clusters: 10947
polytomy of size 4; rounds with additions with at least 5 support: 0; clusters: 10947
polytomy of size 5; rounds with additions with at least 5 support: 0; clusters: 10947
polytomy of size 5; rounds with additions with at least 5 support: 0; clusters: 10947
polytomy of size 3; rounds with additions with at least 5 support: 0; clusters: 10947
polytomy of size 3; rounds with additions with at least 5 support: 0; clusters: 10947
polytomy of size 4; rounds with additions with at least 5 support: 0; clusters: 10947
polytomy of size 3; rounds with additions with at least 5 support: 0; clusters: 10947
polytomy of size 3; rounds with additions with at least 5 support: 0; clusters: 10947
polytomy of size 5; rounds with additions with at least 5 support: 0; clusters: 10947
max k is :0
Number of Clusters after addition by greedy: 10947
gradient0 in heuristiic: 10947
partitions formed in 20.38 secs
Dynamic Programming starting after 20.38 secs
Using tree-based weight calculation.
Using polytree-based weight calculation.
Polytree max score: 65998347822
Polytree building time: 2.987 seconds.
Number of quartet trees in the gene trees: 65998347822
Size of largest cluster: 201
Greedy score: 53430310481
estimationFactor: 1.2352229891209268
Sub-optimal score: 56545667562
Total Number of elements weighted: 34044
Normalized score (portion of input quartet trees satisfied before correcting for multiple individuals): 0.8807052308910146
Optimization score: 58125090157
Optimal tree inferred in 46.88 secs.
(128,((183,158),((185,102),((8,49),((32,(20,43)),(52,(149,(((56,(165,179)),((181,(103,(193,27))),((111,174),((3,(118,97)),((75,182),(44,93)))))),((((105,40),(60,(196,(29,(151,47))))),((166,(180,(70,138))),(((96,88),(31,106)),(45,(148,(114,(108,58))))))),(((66,19),(150,(186,121))),((4,((113,195),(82,177))),(0,(((116,(117,(33,142))),(76,((77,(41,(127,161))),((64,144),(28,72))))),(((23,(187,(((157,192),(119,153)),(63,(200,((175,9),(160,51))))))),(156,((17,((69,34),(137,79))),((194,22),(53,(16,(2,(65,184)))))))),((136,(57,((100,(14,(134,39))),((199,61),(86,(190,48)))))),((((12,90),(132,(120,36))),((135,(37,50)),(85,((178,94),((54,112),(188,((62,176),(6,(115,(81,141)))))))))),(((169,(162,131)),((83,(123,13)),(((25,73),(99,42)),((15,71),((145,(95,(7,46))),((159,124),(172,154))))))),(((92,74),((55,110),(18,101))),((((189,122),(147,67)),((78,(125,(21,155))),(((98,87),(168,24)),(59,(152,(91,(11,104))))))),(((35,(107,163)),(140,((164,139),((146,10),(167,171))))),(((38,89),((170,(129,191)),(84,(30,(5,1))))),((130,80),((198,(143,(68,109))),(126,((173,26),(197,133))))))))))))))))))))))))));
Final quartet score is: 58125090157
Final normalized quartet score is: 0.8807052308910146
Extended species tree:
(123,(13,(83,((((25,73)1:1.506008803280277,(99,42)1:0.3997946433140274)1:2.682233351051329,((15,71)1:3.592120560258934,((145,(95,(7,46)1:2.2541402437729383)1:0.13423652004590889)1:1.7487507610791557,((159,124)1:2.7656200529236874,(172,154)1:2.460060308982008)1:1.7100555957528916)0.78:0.030377088628374467)1:0.23519339613391774)1:0.33107362090341164,((169,(162,131)1:0.6335933628664205)1:2.824757685618543,((((92,74)1:3.0693024667219118,((55,110)1:3.5844219967393682,(18,101)1:0.6105172853967198)1:2.3760725765965582)1:3.9021239457952475,((((189,122)1:1.2748720411759287,(147,67)1:0.21079033835516264)1:4.4404993731381905,((78,(125,(21,155)1:3.857043238019332)1:0.4862724135035178)1:1.0717525987046073,(((98,87)1:1.2277292917816358,(168,24)1:0.2738029625916431)1:4.077565541203536,(59,(152,(91,(11,104)1:0.760383613211646)1:1.0695676676528165)1:3.4599827435396913)1:0.5841578300220662)1:2.2681083512763065)1:0.16983629957024388)1:0.80544972688563,(((35,(107,163)1:0.8472978603872037)1:3.022049581871362,(140,((164,139)1:2.9416974091148473,((146,10)1:0.8600334729495526,(167,171)1:2.602035097682966)1:1.0194081475326333)0.67:0.023945025279516478)1:1.887806356673353)1:1.9365399171789197,(((38,89)1:3.2180912034077807,((170,(129,191)1:3.1352974623623537)1:0.26137984489648636,(84,(30,(5,1)1:0.17886735324251338)1:1.4095083289089256)1:1.653387062899366)1:1.3620932478356755)1:3.195646579571683,((130,80)1:1.0911242262733243,((198,(143,(68,109)1:1.105012711396884)1:1.4663041073747642)1:1.0916451694524243,(126,((173,26)1:0.29464857858605514,(197,133)1:0.5513392813180826)1:0.10179985113426179)1:4.531671165441544)1:1.7475070123573009)1:0.7253554746842641)1:0.36524770626135517)1:1.553555998868264)1:2.145401966428986)1:0.5296993671599166,((((12,90)1:3.9582920887413744,(132,(120,36)1:0.8757230608547618)1:0.7425708406216873)1:3.5658929746660295,((135,(37,50)1:0.8425412317898091)1:1.4922691466620812,(85,((178,94)1:3.013092961315353,((54,112)1:1.4409772278335373,(188,((62,176)1:0.874686748558403,(6,(115,(81,141)1:0.41415917588328294)1:0.9713056358691382)0.42:0.006439913605830025)1:0.12048529768785263)1:1.5331298122838164)1:0.5961321979254013)1:0.2668021649197779)1:0.7423516790620825)1:2.4617014614242647)1:3.7098673524221604,((136,(57,((100,(14,(134,39)1:3.1709048021171227)1:0.9405114500381256)1:3.1743892245541474,((199,61)1:3.559925383170382,(86,(190,48)1:2.6318782447276363)1:1.81512978980268)1:0.5034240968262814)1:0.8355142309383168)1:0.4767684893015022)1:2.815024251045068,(((23,(187,(((157,192)1:3.0224401305972806,(119,153)1:2.440617395176166)1:0.19293201625393414,(63,(200,((175,9)1:0.4106370063837705,(160,51)1:1.9083492967475841)1:1.1493179976112482)1:0.5420365430947669)1:0.35636023716580295)1:0.5308788542571534)1:1.989086728287583)1:1.3108353482015989,(156,((17,((69,34)1:1.217602492158066,(137,79)1:1.105287765398701)1:2.32201876962453)1:1.3409481034242978,((194,22)1:3.0481118870188473,(53,(16,(2,(65,184)1:0.8210602956311261)1:0.5979831504828181)1:2.741891821544135)1:0.4600218920971732)1:2.201966787162461)1:0.1709196113120394)1:2.9813861080733726)1:3.8065035567791483,(((116,(117,(33,142)1:2.2839305213309338)1:1.9652739460958972)1:4.117067682713414,(76,((77,(41,(127,161)1:0.18791340401048914)1:0.987826398747688)1:2.7324462792416857,((64,144)1:2.8011107238486708,(28,72)1:1.5622094080300897)1:0.23450745785513508)1:3.592015219559563)1:2.018200704891127)1:1.9635388742137454,(0,((4,((113,195)1:2.7656200529236874,(82,177)1:2.3060877235452475)1:4.4232105777045385)1:2.0012775051924665,(((66,19)1:4.557379522151745,(150,(186,121)1:0.6742846376555341)1:3.034449535405549)1:2.756336983673409,((((105,40)1:1.1178775978080862,(60,(196,(29,(151,47)1:1.2200090341821643)0.93:0.04485989418819443)1:0.4484671464676272)1:1.5231135845955088)1:5.14885094693002,((166,(180,(70,138)1:4.103101345351656)1:0.4447537252083723)1:1.51529514948859,(((96,88)1:0.44053202368774,(31,106)1:3.7649088664899333)1:1.4475714731718758,(45,(148,(114,(108,58)1:1.3732714248470732)1:1.318502025400719)1:0.9047921292752722)1:2.785344558271466)1:0.4765528091130267)1:3.359125485575771)1:0.3494155946634118,(((56,(165,179)1:0.5116609961546609)1:4.798541578968634,((181,(103,(193,27)1:0.5275085017156601)1:1.6749759339047552)1:2.2204153000696643,((111,174)1:1.439772068098181,((3,(118,97)1:0.38433121089592776)1:0.11592451063552085,((75,182)0.65:0.02728614922198485,(44,93)1:1.2956498307780082)1:0.3091043407821547)1:0.8096510646496669)1:2.5906285715320125)1:3.0933022069364875)1:1.438051856485918,(149,(52,((32,(20,43)1:0.9047741887108348)1:3.004891375470735,((8,49)1:2.831540644701351,((185,102)1:0.08001786038085439,((183,158)0.96:0.052827227775674106,128)1:0.35006860250729943)1:2.180643064299334)1:0.27257567175892805)1:2.319400741111928)1:1.6137763140326995)1:2.5012522158249237)1:0.9638517159832788)1:0.1957707371650335)1:0.28780781709143394)1:2.5188582502612666)1:2.9261082132859286)1:0.13189768652922026)1:0.20836707810209948)1:0.40650826912398325)1:0.9313388598643046)1:4.91415746070319)1:0.5387625755555774)1:1.9860601476155022)1:0.8578606200306644));
Weight calculation took 21.8617085 secs
ASTRAL finished in 58.353 secs
