
================== ASTRAL ===================== 

This is ASTRAL version 5.7.8
Gene trees are treated as unrooted
200 trees read from Dataset/AstralII_data/model.200.500000.0.000001/38/estimatedgenetre.halfresolved_200
index0
All output trees will be *arbitrarily* rooted at 170

======== Running the main analysis
Number of taxa: 201 (201 species)
Taxa: [170, 84, 58, 21, 6, 9, 77, 154, 97, 68, 41, 164, 110, 50, 175, 23, 105, 94, 193, 44, 46, 15, 146, 129, 198, 0, 66, 3, 183, 108, 80, 157, 139, 95, 120, 171, 90, 165, 101, 96, 137, 70, 53, 88, 141, 24, 40, 167, 124, 174, 51, 64, 19, 189, 18, 10, 36, 148, 79, 22, 186, 180, 132, 184, 199, 31, 123, 135, 138, 113, 162, 74, 185, 168, 111, 114, 149, 163, 126, 144, 188, 190, 42, 71, 45, 107, 158, 196, 172, 2, 29, 100, 191, 38, 89, 62, 28, 195, 86, 7, 173, 56, 67, 176, 150, 200, 104, 179, 145, 12, 153, 119, 112, 131, 122, 99, 81, 26, 178, 161, 93, 143, 117, 109, 147, 65, 32, 48, 61, 83, 91, 116, 92, 49, 73, 75, 57, 59, 16, 134, 47, 115, 152, 25, 102, 169, 187, 118, 27, 52, 1, 35, 182, 43, 121, 177, 63, 4, 54, 166, 60, 85, 30, 156, 142, 106, 20, 128, 76, 87, 11, 194, 159, 181, 72, 34, 14, 8, 125, 39, 197, 78, 37, 140, 5, 13, 98, 130, 69, 33, 103, 160, 133, 55, 155, 151, 82, 136, 192, 17, 127]
Taxon occupancy: {110=200, 111=200, 112=200, 113=200, 114=200, 115=200, 116=200, 117=200, 118=200, 119=200, 10=200, 11=200, 12=200, 13=200, 14=200, 15=200, 16=200, 17=200, 18=200, 19=200, 120=200, 0=200, 121=200, 122=200, 1=200, 123=200, 2=200, 3=200, 124=200, 4=200, 125=200, 126=200, 5=200, 6=200, 127=200, 7=200, 128=200, 129=200, 8=200, 9=200, 20=200, 21=200, 22=200, 23=200, 24=200, 25=200, 26=200, 27=200, 28=200, 29=200, 130=200, 131=200, 132=200, 133=200, 134=200, 135=200, 136=200, 137=200, 138=200, 139=200, 30=200, 31=200, 32=200, 33=200, 34=200, 35=200, 36=200, 37=200, 38=200, 39=200, 140=200, 141=200, 142=200, 143=200, 144=200, 145=200, 146=200, 147=200, 148=200, 149=200, 40=200, 41=200, 42=200, 43=200, 44=200, 45=200, 46=200, 47=200, 48=200, 49=200, 150=200, 151=200, 152=200, 153=200, 154=200, 155=200, 156=200, 157=200, 158=200, 159=200, 50=200, 51=200, 52=200, 53=200, 54=200, 55=200, 56=200, 57=200, 58=200, 59=200, 160=200, 161=200, 162=200, 163=200, 164=200, 165=200, 166=200, 167=200, 168=200, 169=200, 60=200, 61=200, 62=200, 63=200, 64=200, 65=200, 66=200, 67=200, 68=200, 69=200, 170=200, 171=200, 172=200, 173=200, 174=200, 175=200, 176=200, 177=200, 178=200, 179=200, 70=200, 71=200, 72=200, 73=200, 74=200, 75=200, 76=200, 77=200, 78=200, 79=200, 180=200, 181=200, 182=200, 183=200, 184=200, 185=200, 186=200, 187=200, 188=200, 189=200, 80=200, 81=200, 82=200, 83=200, 84=200, 85=200, 86=200, 87=200, 88=200, 89=200, 190=200, 191=200, 192=200, 193=200, 194=200, 195=200, 196=200, 197=200, 198=200, 199=200, 90=200, 91=200, 92=200, 93=200, 94=200, 95=200, 96=200, 97=200, 98=200, 99=200, 200=200, 100=200, 101=200, 102=200, 103=200, 104=200, 105=200, 106=200, 107=200, 108=200, 109=200}
Number of gene trees: 200
0 trees have missing taxa
Calculating quartet distance matrix (for completion of X)
Species tree distances calculated ...
Building set of clusters (X) from gene trees 
------------------------------
gradient0: 34915
Number of Clusters after addition by distance: 34915
calculating extra bipartitions to be added at level 1 ...
Adding to X using resolutions of greedy consensus ...
Limit for sigma of degrees:5075
polytomy size limit : 45
discarded polytomies: 68 102  [3, 3, 3, 3, 3, 3, 3, 4, 4, 4, 5, 5, 5, 5, 5, 5, 21, 25, 31, 41, 45, 68, 102]
Threshold 0.0:
polytomy of size 21; rounds with additions with at least 5 support: 20; clusters: 40905
Threshold 0.01:
polytomy of size 25; rounds with additions with at least 5 support: 7; clusters: 48483
Threshold 0.02:
polytomy of size 3; rounds with additions with at least 5 support: 0; clusters: 48483
polytomy of size 3; rounds with additions with at least 5 support: 0; clusters: 48485
polytomy of size 31; rounds with additions with at least 5 support: 4; clusters: 60515
Threshold 0.05:
polytomy of size 5; rounds with additions with at least 5 support: 0; clusters: 60515
polytomy of size 41; rounds with additions with at least 5 support: 3; clusters: 60901
polytomy of size 4; rounds with additions with at least 5 support: 0; clusters: 60903
Threshold 0.1:
polytomy of size 5; rounds with additions with at least 5 support: 0; clusters: 60903
polytomy of size 45; rounds with additions with at least 5 support: 3; clusters: 61175
polytomy of size 5; rounds with additions with at least 5 support: 0; clusters: 61175
Threshold 0.2:
polytomy of size 5; rounds with additions with at least 5 support: 0; clusters: 61175
polytomy of size 3; rounds with additions with at least 5 support: 0; clusters: 61175
polytomy of size 3; rounds with additions with at least 5 support: 0; clusters: 61175
polytomy of size 68; rounds with additions with at least 5 support: 1; clusters: 61357
Threshold 0.3333333333333333:
polytomy of size 4; rounds with additions with at least 5 support: 0; clusters: 61357
polytomy of size 5; rounds with additions with at least 5 support: 0; clusters: 61357
polytomy of size 3; rounds with additions with at least 5 support: 0; clusters: 61357
polytomy of size 3; rounds with additions with at least 5 support: 0; clusters: 61357
polytomy of size 3; rounds with additions with at least 5 support: 0; clusters: 61357
polytomy of size 4; rounds with additions with at least 5 support: 0; clusters: 61357
polytomy of size 5; rounds with additions with at least 5 support: 0; clusters: 61357
polytomy of size 102; rounds with additions with at least 5 support: 0; clusters: 61573
max k is :40
Number of Clusters after addition by greedy: 61573
gradient0 in heuristiic: 61573
partitions formed in 35.67 secs
Dynamic Programming starting after 35.67 secs
Using tree-based weight calculation.
Using polytree-based weight calculation.
Polytree max score: 13199670000
Polytree building time: 0.305 seconds.
Number of quartet trees in the gene trees: 13199670000
Size of largest cluster: 201
Greedy score: 5817599084
estimationFactor: 2.2689205305162274
Sub-optimal score: 5938987169
Calculated 100000 weights; time (seconds): 118
Total Number of elements weighted: 181376
Normalized score (portion of input quartet trees satisfied before correcting for multiple individuals): 0.47235798038890364
Optimization score: 6234969463
Optimal tree inferred in 195.699 secs.
(73,(75,((167,49),(((65,(147,32)),(((24,40),(48,(116,92))),((109,(88,141)),(61,(83,91))))),((18,((42,(190,(188,(124,144)))),(174,((51,189),(64,19))))),(((89,62),(38,(163,126))),((57,(148,79)),((10,36),((172,(196,((2,29),(158,(107,(71,45)))))),(((143,117),(171,((101,(90,165)),(137,(100,191))))),(((170,84),((68,(77,154)),((6,(9,97)),((164,110),(41,(21,(58,(50,175)))))))),((((199,135),(123,(184,31))),(((193,166),(46,(44,15))),((102,(177,(169,187))),((4,(63,54)),((195,128),(28,((59,47),(16,(134,(115,152)))))))))),((146,((70,(53,113)),((129,162),(198,(74,185))))),(((30,(142,(60,(85,156)))),((125,37),((138,(66,(108,(3,183)))),(((22,186),(180,132)),((114,(111,149)),((14,8),(39,(197,78)))))))),((((106,20),((93,(181,72)),(76,((194,159),(87,11))))),(((34,(139,95)),(120,(80,157))),((96,(33,103)),(5,((140,13),(69,(98,130))))))),(25,(0,(((35,182),((43,121),(1,(27,(118,52))))),(((200,(104,179)),(150,(23,(105,94)))),((192,17),((168,(136,(56,(7,173)))),(82,((127,(160,((133,155),(55,151)))),((178,(67,26)),((161,(145,12)),(176,((86,99),(81,(122,(153,(119,(112,131))))))))))))))))))))))))))))))));
Final quartet score is: 6234969463
Final normalized quartet score is: 0.47235798038890364
Extended species tree:
(170,(84,(((68,(77,154)1:0.5030166037555031)1:0.664527628637494,((6,(9,97)1:1.0261128331060025)1:0.23572459445136076,((164,110)1:0.5604277808452748,(41,(21,(58,(50,175)1:0.8082201874574637)1:0.16505352494031345)0.4:0.011783541276978329)0.47:0.024345744382509152)0.46:0.018422943411270317)1:0.18053573681403165)1:0.2263861443595325,(((((199,135)1:0.1839830032439273,(123,(184,31)1:0.25929345280582183)0.96:0.12096974428360588)1:0.8487559235555976,(((193,166)1:1.539734561343549,(46,(44,15)0.76:0.0715078230189476)1:0.9260809228699206)1:0.2109456281221391,((102,(177,(169,187)1:0.8244197061747398)0.99:0.15330501381491501)1:0.642455003564911,((4,(63,54)1:0.678406369666212)1:1.2080789002091676,((195,128)1:1.835304550983003,(28,((59,47)0.37:0.0036614980185342223,(16,(134,(115,152)1:0.20709445302307267)1:0.24790009124526105)0.52:0.03262229847948376)1:1.6616153367480975)0.88:0.08708204886719886)0.97:0.12339470897199217)0.37:0.004758588743745517)0.49:0.022835808979781075)0.44:0.02062716969648933)0.38:0.005610694537851797,((146,((70,(53,113)1:0.3765454161414818)1:1.4766874100399003,((129,162)0.84:0.09288521095629168,(198,(74,185)1:1.2479689602726587)0.88:0.08763807901679996)1:0.5532346919500902)0.91:0.09591852193789535)0.71:0.054913435836365834,(((30,(142,(60,(85,156)1:0.2971746961185172)1:0.3083502913261822)1:0.6942900813662832)1:0.24087291523105522,((125,37)1:0.9331004665862114,((138,(66,(108,(3,183)1:0.17839440705178586)1:0.9463032698891821)1:0.42806863873987333)1:0.42328858514030776,(((22,186)1:0.43184416543402177,(180,132)1:1.0572964392978133)1:0.6529200087301613,((114,(111,149)0.81:0.08057679670316288)1:0.42056775440954564,((14,8)1:0.6520937172473501,(39,(197,78)1:0.36502310436413427)1:0.5111048789181587)1:0.6521158918295196)0.95:0.10952608467519034)0.47:0.020466266096196478)0.4:0.008454395759864744)1:0.31314772358311393)0.52:0.027835195249681973,((((106,20)1:0.6334193104930617,((93,(181,72)1:1.3861436111384495)1:0.26581581005866717,(76,((194,159)1:0.20166031714951485,(87,11)0.58:0.04202941179323382)1:0.2763243369726052)1:1.5084271883251827)1:0.3154435622590781)0.97:0.12059908624173206,(((34,(139,95)0.54:0.029955760259117024)1:1.1745795642809331,(120,(80,157)1:0.6437326286469827)1:0.8276011278875607)1:0.37372216805597064,((96,(33,103)1:0.5863629841084499)1:0.8374117559915859,(5,((140,13)1:0.591066481731883,(69,(98,130)1:0.9646287142588077)1:0.18615160519338034)1:0.3568480859657468)1:0.3361970879109275)0.86:0.08312144760380324)0.9:0.09259250028286604)0.79:0.06790896283283582,(25,(0,(((35,182)1:0.5532720462217433,((43,121)1:0.463625239140546,(1,(27,(118,52)1:0.20816136719130887)1:0.22769495698184677)1:0.37132439636150844)1:0.6017799867330074)1:0.44624966556226214,(((200,(104,179)1:1.061106505836279)1:0.39071161457758086,(150,(23,(105,94)1:1.0061225786841632)1:0.5575013872328312)0.88:0.08823375695670774)1:0.6954109010814746,((192,17)1:1.9936511222161093,((168,(136,(56,(7,173)1:0.5177089004419287)0.99:0.13960001140001327)1:0.815987913249434)1:0.1871353281374462,(82,((127,(160,((133,155)0.96:0.11884428499795087,(55,151)1:0.3809739353512608)1:0.40717041450000097)1:0.5057200418773901)1:0.453350582130677,((178,(67,26)1:0.45679410976750445)1:0.44952780884984256,((161,(145,12)0.97:0.13092876486888605)1:0.44858110236327153,(176,((86,99)1:0.17375883218293164,(81,(122,(153,(119,(112,131)1:0.17947621919245002)1:0.20300524488847568)0.8:0.08100667943852506)1:0.5641923562152232)0.53:0.03434298360264486)1:0.19642079653382385)0.99:0.14842994225469816)0.84:0.07873439883597025)0.69:0.05783601629987707)0.44:0.016552294022475465)0.75:0.06529637780709129)0.97:0.1235753489141096)0.93:0.10348772460478006)0.77:0.06449384576525609)0.57:0.03507870197655493)0.45:0.020768296713812612)0.35:0.007997811420292409)0.41:0.01189093475760072)0.37:0.004063133670571726)0.53:0.029715084669089623)0.44:0.0198775274339872,(((143,117)1:1.8180550116131549,(171,((101,(90,165)1:0.38747991872549375)1:1.0906836049126025,(137,(100,191)1:0.4111915589090825)1:0.538832499092304)0.69:0.0525979894482534)0.91:0.09684730066072843)0.7:0.054434643720763044,((172,(196,((2,29)1:0.8690371110587356,(158,(107,(71,45)0.9:0.09390155381012602)0.96:0.12249856467378988)1:0.6371602368786591)1:0.1732956337626469)1:0.17476376873020524)1:0.7261835652600239,((10,36)1:0.5447565413165188,((57,(148,79)1:0.5738409408596323)1:0.26777406154341127,(((89,62)1:0.4573517458424199,(38,(163,126)1:0.5440489794170336)0.77:0.06455882797386825)1:1.1377888091471178,((18,((42,(190,(188,(124,144)1:0.5539032047514632)1:0.2690175326327168)1:0.29532620079138316)1:0.33993136559815745,(174,((51,189)0.96:0.11878029387136523,(64,19)0.81:0.07280045315184007)1:0.4055269817859316)1:0.5259593595510231)1:0.48665556767695267)1:0.22777959210886461,(((65,(147,32)0.89:0.09096639388647952)1:0.666555505181254,(((24,40)1:0.8354926686059596,(48,(116,92)1:0.5852119632968538)1:0.24298092258891651)0.59:0.037148322456281135,((109,(88,141)0.99:0.1618185779636145)1:0.8285208829763806,(61,(83,91)1:0.8163724065190139)1:0.29291750793385535)0.52:0.032715809676546435)0.91:0.09650443473640213)1:0.508979575476904,((167,49)1:0.345513669335999,(75,73)1:0.6291723079006438)1:0.510501865880665)1:0.170024428676496)0.36:0.00219503699803613)0.45:0.01960350824919228)0.54:0.034619803240789254)0.64:0.04573807025184668)0.42:0.01957081600979549)0.97:0.12129206759191559)1:0.7122505516924923)1:1.3642679532628896));
Weight calculation took 139.061527174 secs
ASTRAL finished in 198.181 secs
