
================== ASTRAL ===================== 

This is ASTRAL version 5.7.8
Gene trees are treated as unrooted
1000 trees read from Dataset/AstralII_data/model.200.500000.0.000001/38/estimatedgenetre.halfresolved
index0
All output trees will be *arbitrarily* rooted at 170

======== Running the main analysis
Number of taxa: 201 (201 species)
Taxa: [170, 84, 58, 21, 6, 9, 77, 154, 97, 68, 41, 164, 110, 50, 175, 23, 105, 94, 193, 44, 46, 15, 146, 129, 198, 0, 66, 3, 183, 108, 80, 157, 139, 95, 120, 171, 90, 165, 101, 96, 137, 70, 53, 88, 141, 24, 40, 167, 124, 174, 51, 64, 19, 189, 18, 10, 36, 148, 79, 22, 186, 180, 132, 184, 199, 31, 123, 135, 138, 113, 162, 74, 185, 168, 111, 114, 149, 163, 126, 144, 188, 190, 42, 71, 45, 107, 158, 196, 172, 2, 29, 100, 191, 38, 89, 62, 28, 195, 86, 7, 173, 56, 67, 176, 150, 200, 104, 179, 145, 12, 153, 119, 112, 131, 122, 99, 81, 26, 178, 161, 93, 143, 117, 109, 147, 65, 32, 48, 61, 83, 91, 116, 92, 49, 73, 75, 57, 59, 16, 134, 47, 115, 152, 25, 102, 169, 187, 118, 27, 52, 1, 35, 182, 43, 121, 177, 63, 4, 54, 166, 60, 85, 30, 156, 142, 106, 20, 128, 76, 87, 11, 194, 159, 181, 72, 34, 14, 8, 125, 39, 197, 78, 37, 140, 5, 13, 98, 130, 69, 33, 103, 160, 133, 55, 155, 151, 82, 136, 192, 17, 127]
Taxon occupancy: {110=1000, 111=1000, 112=1000, 113=1000, 114=1000, 115=1000, 116=1000, 117=1000, 118=1000, 119=1000, 10=1000, 11=1000, 12=1000, 13=1000, 14=1000, 15=1000, 16=1000, 17=1000, 18=1000, 19=1000, 120=1000, 0=1000, 121=1000, 122=1000, 1=1000, 123=1000, 2=1000, 3=1000, 124=1000, 4=1000, 125=1000, 126=1000, 5=1000, 6=1000, 127=1000, 7=1000, 128=1000, 129=1000, 8=1000, 9=1000, 20=1000, 21=1000, 22=1000, 23=1000, 24=1000, 25=1000, 26=1000, 27=1000, 28=1000, 29=1000, 130=1000, 131=1000, 132=1000, 133=1000, 134=1000, 135=1000, 136=1000, 137=1000, 138=1000, 139=1000, 30=1000, 31=1000, 32=1000, 33=1000, 34=1000, 35=1000, 36=1000, 37=1000, 38=1000, 39=1000, 140=1000, 141=1000, 142=1000, 143=1000, 144=1000, 145=1000, 146=1000, 147=1000, 148=1000, 149=1000, 40=1000, 41=1000, 42=1000, 43=1000, 44=1000, 45=1000, 46=1000, 47=1000, 48=1000, 49=1000, 150=1000, 151=1000, 152=1000, 153=1000, 154=1000, 155=1000, 156=1000, 157=1000, 158=1000, 159=1000, 50=1000, 51=1000, 52=1000, 53=1000, 54=1000, 55=1000, 56=1000, 57=1000, 58=1000, 59=1000, 160=1000, 161=1000, 162=1000, 163=1000, 164=1000, 165=1000, 166=1000, 167=1000, 168=1000, 169=1000, 60=1000, 61=1000, 62=1000, 63=1000, 64=1000, 65=1000, 66=1000, 67=1000, 68=1000, 69=1000, 170=1000, 171=1000, 172=1000, 173=1000, 174=1000, 175=1000, 176=1000, 177=1000, 178=1000, 179=1000, 70=1000, 71=1000, 72=1000, 73=1000, 74=1000, 75=1000, 76=1000, 77=1000, 78=1000, 79=1000, 180=1000, 181=1000, 182=1000, 183=1000, 184=1000, 185=1000, 186=1000, 187=1000, 188=1000, 189=1000, 80=1000, 81=1000, 82=1000, 83=1000, 84=1000, 85=1000, 86=1000, 87=1000, 88=1000, 89=1000, 190=1000, 191=1000, 192=1000, 193=1000, 194=1000, 195=1000, 196=1000, 197=1000, 198=1000, 199=1000, 90=1000, 91=1000, 92=1000, 93=1000, 94=1000, 95=1000, 96=1000, 97=1000, 98=1000, 99=1000, 200=1000, 100=1000, 101=1000, 102=1000, 103=1000, 104=1000, 105=1000, 106=1000, 107=1000, 108=1000, 109=1000}
Number of gene trees: 1000
0 trees have missing taxa
Calculating quartet distance matrix (for completion of X)
Species tree distances calculated ...
Building set of clusters (X) from gene trees 
------------------------------
gradient0: 145447
Number of Clusters after addition by distance: 145447
calculating extra bipartitions to be added at level 1 ...
Adding to X using resolutions of greedy consensus ...
Limit for sigma of degrees:5075
polytomy size limit : 51
discarded polytomies: 67 107  [3, 3, 3, 3, 3, 3, 4, 4, 4, 5, 5, 5, 5, 6, 15, 29, 35, 41, 51, 67, 107]
Threshold 0.0:
polytomy of size 15; rounds with additions with at least 5 support: 20; clusters: 146969
Threshold 0.01:
polytomy of size 29; rounds with additions with at least 5 support: 16; clusters: 153795
Threshold 0.02:
polytomy of size 3; rounds with additions with at least 5 support: 0; clusters: 153795
polytomy of size 35; rounds with additions with at least 5 support: 0; clusters: 162267
Threshold 0.05:
polytomy of size 4; rounds with additions with at least 5 support: 0; clusters: 162267
polytomy of size 41; rounds with additions with at least 5 support: 3; clusters: 162425
polytomy of size 5; rounds with additions with at least 5 support: 0; clusters: 162425
Threshold 0.1:
polytomy of size 51; rounds with additions with at least 5 support: 0; clusters: 162541
polytomy of size 6; rounds with additions with at least 5 support: 0; clusters: 162541
Threshold 0.2:
polytomy of size 5; rounds with additions with at least 5 support: 0; clusters: 162541
polytomy of size 3; rounds with additions with at least 5 support: 0; clusters: 162541
polytomy of size 3; rounds with additions with at least 5 support: 0; clusters: 162541
polytomy of size 4; rounds with additions with at least 5 support: 0; clusters: 162541
polytomy of size 3; rounds with additions with at least 5 support: 0; clusters: 162541
polytomy of size 67; rounds with additions with at least 5 support: 0; clusters: 162689
Threshold 0.3333333333333333:
polytomy of size 5; rounds with additions with at least 5 support: 0; clusters: 162689
polytomy of size 5; rounds with additions with at least 5 support: 0; clusters: 162689
polytomy of size 3; rounds with additions with at least 5 support: 0; clusters: 162689
polytomy of size 3; rounds with additions with at least 5 support: 0; clusters: 162689
polytomy of size 4; rounds with additions with at least 5 support: 0; clusters: 162689
polytomy of size 107; rounds with additions with at least 5 support: 0; clusters: 162731
max k is :40
Number of Clusters after addition by greedy: 162731
gradient0 in heuristiic: 162731
partitions formed in 164.626 secs
Dynamic Programming starting after 164.626 secs
Using tree-based weight calculation.
Using polytree-based weight calculation.
Polytree max score: 65998102443
Polytree building time: 3.907 seconds.
Number of quartet trees in the gene trees: 65998102443
Size of largest cluster: 201
Greedy score: 28755045275
estimationFactor: 2.295183395185943
Sub-optimal score: 30540738023
Calculated 100000 weights; time (seconds): 547
Calculated 200000 weights; time (seconds): 383
Calculated 300000 weights; time (seconds): 398
Calculated 400000 weights; time (seconds): 425
Total Number of elements weighted: 489923
Normalized score (portion of input quartet trees satisfied before correcting for multiple individuals): 0.470630034716921
Optimization score: 31060689244
Optimal tree inferred in 2126.767 secs.
(1,((27,(118,52)),((43,121),((35,182),((((200,(104,179)),(150,(23,(105,94)))),((192,17),((168,(136,(56,(7,173)))),(82,((127,(160,((133,155),(55,151)))),((178,(67,26)),((161,(145,12)),(176,((86,99),(81,(122,(153,(119,(112,131)))))))))))))),(0,((((106,20),((93,(181,72)),(76,((87,11),(194,159))))),(((34,(139,95)),(120,(80,157))),((96,(33,103)),(5,((140,13),(69,(98,130))))))),((25,(((30,(142,(60,(85,156)))),(146,((70,(53,113)),((129,162),(198,(74,185)))))),(((22,186),(180,132)),((125,37),((138,(66,(108,(3,183)))),((114,(111,149)),((14,8),(39,(197,78))))))))),((((193,166),(46,(44,15))),((102,(177,(169,187))),((4,(63,54)),((195,128),(28,(47,(59,(16,(134,(115,152)))))))))),(((199,135),(123,(184,31))),(((170,84),((68,(77,154)),((6,(9,97)),((164,110),((21,41),(58,(50,175))))))),((172,(196,((2,29),(158,(107,(71,45)))))),(((143,117),(171,((137,(100,191)),(101,(90,165))))),((((89,62),(38,(163,126))),(18,((42,(190,(188,(124,144)))),(174,((51,189),(64,19)))))),((10,36),((57,(148,79)),(((73,75),(167,49)),((65,(147,32)),((48,(116,92)),((61,(83,91)),((24,40),(109,(88,141)))))))))))))))))))))));
Final quartet score is: 31060689244
Final normalized quartet score is: 0.470630034716921
Extended species tree:
(170,(84,(((68,(77,154)1:0.4747799497633471)1:0.7271362311070155,((6,(9,97)1:0.9466566287175282)1:0.2960504665383347,((164,110)1:0.4878871336046317,((21,41)0.78:0.033095856176897,(58,(50,175)1:0.7675486086484739)1:0.24212665516165166)0.56:0.01648868617614766)1:0.0757281241732526)1:0.15974419760504252)1:0.24012321564787012,(((172,(196,((2,29)1:0.8006929952408722,(158,(107,(71,45)1:0.1363420559330436)1:0.17419782602927356)1:0.6129759422465989)1:0.19765257444300305)1:0.1983294954524657)1:0.6455060275199433,(((143,117)1:1.880123795215317,(171,((137,(100,191)1:0.4498941663685838)1:0.534151574585007,(101,(90,165)1:0.4001775950108592)1:1.0614049032067037)1:0.07520660507672583)0.98:0.05963767768844453)1:0.07446201910627016,((((89,62)1:0.5060890558186285,(38,(163,126)1:0.44534719694692987)1:0.12624389658804963)1:1.162135241017834,(18,((42,(190,(188,(124,144)1:0.5023999836394913)1:0.31970088267302593)1:0.25322907026046887)1:0.3464426936242619,(174,((51,189)1:0.11947868560579865,(64,19)0.99:0.06860057432220919)1:0.46256131118597577)1:0.4500714817202988)1:0.46098643302795506)1:0.19905058492881772)0.91:0.042613794012495265,((10,36)1:0.575974921085026,((57,(148,79)1:0.49830334568071094)1:0.25562228816320354,(((73,75)1:0.7131665182025485,(167,49)1:0.39214315932982574)1:0.6102695039016018,((65,(147,32)1:0.09279918248428518)1:0.6105502190034674,((48,(116,92)1:0.5111056859870474)1:0.21774620320461915,((61,(83,91)1:0.622827225074297)1:0.33168426800321366,((24,40)1:0.9153978911614256,(109,(88,141)1:0.2514441770873992)1:0.8964986358189303)0.51:0.012751794853388884)0.37:0.0023428583749458)1:0.09488422599184115)1:0.4473229882173287)1:0.13863423244739173)0.98:0.059571167181483975)0.37:0.0027779906320246567)1:0.07091950766808094)0.63:0.02219208004140631)1:0.09746628780206969,(((199,135)1:0.1584263743618853,(123,(184,31)1:0.32293846449333896)1:0.08221301430637577)1:0.8223490705457533,((((193,166)1:1.5173328174659964,(46,(44,15)1:0.06937567889732753)1:1.0256580288104125)1:0.2224447333218923,((102,(177,(169,187)1:1.1023199983463932)1:0.16375434896842858)1:0.5809000452840565,((4,(63,54)1:0.6566757494635348)1:1.3451774669347283,((195,128)1:1.52897572605702,(28,(47,(59,(16,(134,(115,152)1:0.21893881418338199)1:0.1535562734398503)0.57:0.016664932330133952)0.68:0.023215614670541097)1:1.6236793405535779)0.47:0.009811651034094624)1:0.0944433955195494)0.78:0.029590929039730783)0.77:0.028941189279646423)0.63:0.019638705192732427,((25,(((30,(142,(60,(85,156)1:0.4335672250324627)1:0.299706592584511)1:0.6611099620274539)1:0.31177707234560187,(146,((70,(53,113)1:0.398428800386959)1:1.347342048539747,((129,162)1:0.15562648405122295,(198,(74,185)1:1.2358741801369488)1:0.12238915959545037)1:0.5288488871745246)1:0.1183617261048673)0.98:0.05556121773233774)0.38:0.0032527575629129808,(((22,186)1:0.4289593842382079,(180,132)1:0.8330062386614995)1:0.6258626846010785,((125,37)1:0.7553531251611316,((138,(66,(108,(3,183)1:0.20156834912993032)1:0.8812785452009336)1:0.4439077276391035)1:0.4248952479197437,((114,(111,149)0.99:0.06353598647674985)1:0.44300135153721043,((14,8)1:0.7700034340204763,(39,(197,78)1:0.3297876985756773)1:0.5893351679504352)1:0.6583961775214756)1:0.09878960546351251)0.96:0.05051703409445648)0.71:0.025593751815103677)1:0.28763247733544156)0.49:0.011250889736513628)0.37:0.0027705853259161048,((((106,20)1:0.6728879998984004,((93,(181,72)1:1.319975117809081)1:0.2945009039819456,(76,((87,11)1:0.08975582294379944,(194,159)1:0.16674499781871185)1:0.2439579530123153)1:1.377830940667578)1:0.289980537221321)1:0.09922097881324099,(((34,(139,95)0.83:0.033593130281943016)1:1.13920056988309,(120,(80,157)1:0.7921482063779407)1:0.7038246483547808)1:0.425118412583119,((96,(33,103)1:0.7642765621670553)1:0.8930137376860487,(5,((140,13)1:0.6243350970234934,(69,(98,130)1:0.8469547950954874)1:0.20805526438478203)1:0.3391223292017258)1:0.30637609037325475)0.88:0.038614072530533824)1:0.1264325010259853)1:0.07848298816622885,(0,((((200,(104,179)1:1.1464125142735835)1:0.3776691279330551,(150,(23,(105,94)1:0.9121707832196811)1:0.5801950025943712)0.98:0.059121082540295807)1:0.660351346979465,((192,17)1:1.9581342316776802,((168,(136,(56,(7,173)1:0.5689166952532592)1:0.22459683479433903)1:0.7143806256830221)1:0.24549435253920357,(82,((127,(160,((133,155)1:0.07240417926866591,(55,151)1:0.37381377513603065)1:0.3982772345027603)1:0.5259045448460238)1:0.3799132366097856,((178,(67,26)1:0.3861830405969372)1:0.38294597344199804,((161,(145,12)1:0.08456228510377403)1:0.4922768489825982,(176,((86,99)1:0.1632106442239575,(81,(122,(153,(119,(112,131)1:0.1430156557649719)1:0.23366930022922097)1:0.10471397696668766)1:0.6158494698795853)1:0.08947318006910181)1:0.2012845641421618)1:0.15521576873097753)1:0.10806696782302125)0.48:0.010288458506201763)0.99:0.06311771255922145)0.98:0.05816437608901313)1:0.0857614391894559)1:0.11940445553181697)1:0.07707792232238421,((35,182)1:0.5038732319626424,((43,121)1:0.46938290439128083,((27,(118,52)1:0.1539652763755743)1:0.21798879154733036,1)1:0.3862390897269577)1:0.5519195997006229)1:0.4485355580058793)0.85:0.035629586003381744)0.43:0.007158661562371118)0.5:0.012228908288485088)0.85:0.03561648209458361)0.41:0.005479756580168162)0.67:0.02293171988775224)1:0.7290287098731837)1:1.3033838561597204));
Weight calculation took 1840.580072452 secs
ASTRAL finished in 2137.508 secs
