
================== ASTRAL ===================== 

This is ASTRAL version 5.7.8
Gene trees are treated as unrooted
977 trees read from Dataset/AstralII_data/model.200.500000.0.000001/39/estimatedgenetre.halfresolved
index0
All output trees will be *arbitrarily* rooted at 133

======== Running the main analysis
Number of taxa: 201 (201 species)
Taxa: [133, 70, 194, 175, 40, 147, 34, 103, 27, 13, 25, 120, 96, 28, 31, 146, 82, 122, 17, 130, 119, 62, 143, 77, 169, 42, 159, 164, 155, 187, 73, 173, 81, 165, 49, 9, 128, 61, 197, 124, 136, 184, 149, 139, 39, 180, 105, 157, 129, 107, 41, 90, 121, 114, 118, 108, 182, 16, 36, 153, 109, 33, 161, 74, 185, 20, 132, 56, 79, 137, 101, 200, 89, 3, 188, 140, 166, 23, 181, 68, 158, 198, 38, 8, 127, 135, 125, 45, 177, 95, 91, 6, 51, 12, 26, 60, 66, 46, 186, 92, 170, 145, 142, 7, 193, 131, 102, 192, 98, 154, 141, 160, 171, 48, 88, 2, 24, 72, 115, 99, 134, 151, 111, 15, 86, 43, 50, 84, 104, 178, 65, 162, 32, 18, 112, 1, 189, 37, 167, 183, 123, 138, 106, 64, 172, 174, 100, 52, 75, 0, 4, 83, 21, 110, 191, 126, 93, 87, 163, 55, 76, 22, 152, 179, 176, 196, 168, 80, 67, 195, 190, 19, 69, 53, 85, 156, 47, 5, 58, 63, 94, 35, 44, 117, 57, 10, 113, 150, 78, 116, 144, 71, 59, 148, 14, 97, 29, 54, 30, 199, 11]
Taxon occupancy: {110=977, 111=977, 112=977, 113=977, 114=977, 115=977, 116=977, 117=977, 118=977, 119=977, 10=977, 11=977, 12=977, 13=977, 14=977, 15=977, 16=977, 17=977, 18=977, 19=977, 120=977, 121=977, 0=977, 122=977, 1=977, 2=977, 123=977, 124=977, 3=977, 125=977, 4=977, 126=977, 5=977, 127=977, 6=977, 128=977, 7=977, 129=977, 8=977, 9=977, 20=977, 21=977, 22=977, 23=977, 24=977, 25=977, 26=977, 27=977, 28=977, 29=977, 130=977, 131=977, 132=977, 133=977, 134=977, 135=977, 136=977, 137=977, 138=977, 139=977, 30=977, 31=977, 32=977, 33=977, 34=977, 35=977, 36=977, 37=977, 38=977, 39=977, 140=977, 141=977, 142=977, 143=977, 144=977, 145=977, 146=977, 147=977, 148=977, 149=977, 40=977, 41=977, 42=977, 43=977, 44=977, 45=977, 46=977, 47=977, 48=977, 49=977, 150=977, 151=977, 152=977, 153=977, 154=977, 155=977, 156=977, 157=977, 158=977, 159=977, 50=977, 51=977, 52=977, 53=977, 54=977, 55=977, 56=977, 57=977, 58=977, 59=977, 160=977, 161=977, 162=977, 163=977, 164=977, 165=977, 166=977, 167=977, 168=977, 169=977, 60=977, 61=977, 62=977, 63=977, 64=977, 65=977, 66=977, 67=977, 68=977, 69=977, 170=977, 171=977, 172=977, 173=977, 174=977, 175=977, 176=977, 177=977, 178=977, 179=977, 70=977, 71=977, 72=977, 73=977, 74=977, 75=977, 76=977, 77=977, 78=977, 79=977, 180=977, 181=977, 182=977, 183=977, 184=977, 185=977, 186=977, 187=977, 188=977, 189=977, 80=977, 81=977, 82=977, 83=977, 84=977, 85=977, 86=977, 87=977, 88=977, 89=977, 190=977, 191=977, 192=977, 193=977, 194=977, 195=977, 196=977, 197=977, 198=977, 199=977, 90=977, 91=977, 92=977, 93=977, 94=977, 95=977, 96=977, 97=977, 98=977, 99=977, 200=977, 100=977, 101=977, 102=977, 103=977, 104=977, 105=977, 106=977, 107=977, 108=977, 109=977}
Number of gene trees: 977
0 trees have missing taxa
Calculating quartet distance matrix (for completion of X)
Species tree distances calculated ...
Building set of clusters (X) from gene trees 
------------------------------
gradient0: 166417
Number of Clusters after addition by distance: 166417
calculating extra bipartitions to be added at level 1 ...
Adding to X using resolutions of greedy consensus ...
Limit for sigma of degrees:5075
polytomy size limit : 51
discarded polytomies: 67 86 122  [3, 3, 3, 3, 3, 3, 3, 3, 3, 4, 4, 4, 4, 4, 5, 14, 31, 38, 51, 67, 86, 122]
Threshold 0.0:
polytomy of size 14; rounds with additions with at least 5 support: 25; clusters: 168177
Threshold 0.01:
polytomy of size 31; rounds with additions with at least 5 support: 12; clusters: 180143
Threshold 0.02:
polytomy of size 38; rounds with additions with at least 5 support: 1; clusters: 196749
Threshold 0.05:
polytomy of size 3; rounds with additions with at least 5 support: 0; clusters: 196749
polytomy of size 51; rounds with additions with at least 5 support: 0; clusters: 196883
Threshold 0.1:
polytomy of size 3; rounds with additions with at least 5 support: 0; clusters: 196883
polytomy of size 67; rounds with additions with at least 5 support: 2; clusters: 197057
Threshold 0.2:
polytomy of size 3; rounds with additions with at least 5 support: 0; clusters: 197057
polytomy of size 4; rounds with additions with at least 5 support: 0; clusters: 197057
polytomy of size 3; rounds with additions with at least 5 support: 0; clusters: 197057
polytomy of size 3; rounds with additions with at least 5 support: 0; clusters: 197057
polytomy of size 4; rounds with additions with at least 5 support: 0; clusters: 197057
polytomy of size 5; rounds with additions with at least 5 support: 0; clusters: 197057
polytomy of size 4; rounds with additions with at least 5 support: 0; clusters: 197057
polytomy of size 86; rounds with additions with at least 5 support: 0; clusters: 197113
Threshold 0.3333333333333333:
polytomy of size 4; rounds with additions with at least 5 support: 0; clusters: 197113
polytomy of size 3; rounds with additions with at least 5 support: 0; clusters: 197113
polytomy of size 4; rounds with additions with at least 5 support: 0; clusters: 197113
polytomy of size 3; rounds with additions with at least 5 support: 0; clusters: 197113
polytomy of size 3; rounds with additions with at least 5 support: 0; clusters: 197113
polytomy of size 3; rounds with additions with at least 5 support: 0; clusters: 197113
polytomy of size 122; rounds with additions with at least 5 support: 0; clusters: 197151
max k is :50
Number of Clusters after addition by greedy: 197151
gradient0 in heuristiic: 197151
partitions formed in 227.747 secs
Dynamic Programming starting after 227.748 secs
Using tree-based weight calculation.
Using polytree-based weight calculation.
Polytree max score: 64394848998
Polytree building time: 3.132 seconds.
Number of quartet trees in the gene trees: 64394848998
Size of largest cluster: 201
Greedy score: 27527412493
estimationFactor: 2.339299017456693
Sub-optimal score: 28168228611
Calculated 100000 weights; time (seconds): 665
Calculated 200000 weights; time (seconds): 441
Calculated 300000 weights; time (seconds): 489
Calculated 400000 weights; time (seconds): 468
Total Number of elements weighted: 487768
Normalized score (portion of input quartet trees satisfied before correcting for multiple individuals): 0.4519789853518246
Optimization score: 29105118512
Optimal tree inferred in 2463.088 secs.
(112,(72,((116,144),((189,(100,(1,37))),((115,(142,7)),(((78,((141,(160,171)),(91,(130,(27,(147,(34,103))))))),((175,(87,(194,154))),(193,((179,(40,176)),((55,(22,152)),(76,(163,(133,70)))))))),(((((106,75),(64,172)),(68,(186,(6,51)))),((167,52),((140,(3,(93,(188,83)))),(11,((45,92),(((170,126),((90,121),(69,(190,19)))),((57,(117,(35,44))),((81,150),(58,(10,113)))))))))),((0,((165,49),(143,(13,(63,94))))),((((53,199),((9,89),((8,134),(32,(162,(99,18)))))),(((131,(98,(102,192))),(139,((166,(23,181)),(39,(180,105))))),(((67,195),(80,(196,168))),((60,(33,(107,41))),((177,95),(46,(118,(108,(66,(161,(114,(36,(182,16))))))))))))),(((21,(12,(125,(38,135)))),((145,(127,(184,(149,(198,(136,158)))))),((74,((20,(185,79)),((197,124),(128,(61,56))))),((151,(137,(111,15))),(((132,86),(183,(43,50))),(174,((178,(65,123)),(138,(84,104))))))))),((153,109),(((85,5),(156,47)),(((30,((14,54),(97,29))),(48,(88,((2,24),(71,(59,148)))))),(((96,28),(4,(119,62))),(((17,(169,26)),((31,122),(82,(146,(25,120))))),((110,191),((157,(155,(42,164))),(((77,73),(187,173)),(129,(159,(101,200)))))))))))))))))))));
Final quartet score is: 29105118512
Final normalized quartet score is: 0.4519789853518246
Extended species tree:
(133,(70,(163,(76,((55,(22,152)1:0.5607820790841086)1:0.24434356695237142,((179,(40,176)0.43:0.009180185179669165)1:1.0965088873439324,(193,((175,(87,(194,154)1:0.16445892494555134)1:0.3556009929457076)0.71:0.025296999502855008,((78,((141,(160,171)1:1.0837616269965775)1:0.7032409357434879,(91,(130,(27,(147,(34,103)1:0.35917451089857266)0.94:0.04906711129488771)1:0.07765105329886264)1:1.0302733097015908)1:0.14001639052887313)0.98:0.06287913960748875)0.47:0.01247432225643113,((((((106,75)1:0.13023679453626952,(64,172)1:1.1787628296522403)1:0.17912737533231432,(68,(186,(6,51)1:0.6631227675402951)1:0.7243488197994424)1:0.1910199231839506)0.92:0.04415118421881339,((167,52)1:0.28962340548677457,((140,(3,(93,(188,83)1:0.1714382698835446)1:0.20204935758613798)1:0.08413315479875136)1:1.3866204669941993,(11,((45,92)0.71:0.025593027348515124,(((170,126)1:0.597679420473974,((90,121)1:1.2084941808369118,(69,(190,19)1:0.4891704621662163)1:0.7743508776837692)1:0.07438426937421942)1:0.19197839140329254,((57,(117,(35,44)1:0.5358202891151207)1:0.1610981690328075)1:0.5180003578802703,((81,150)1:0.40814619895254434,(58,(10,113)1:0.954147848669608)0.72:0.044067565872640484)1:0.16572416234785478)1:0.21728381821708598)1:0.20466303446139014)0.83:0.03615190255982149)0.48:0.010780017594896885)0.94:0.047414326688084214)0.93:0.04513543480097405)0.46:0.009397625736782463,((0,((165,49)1:1.4640568890363357,(143,(13,(63,94)1:0.36275757102929357)1:0.5704321283629195)1:0.756420069898029)1:0.13615011557514237)0.6:0.018450149212059955,((((53,199)1:0.1944728076697416,((9,89)1:0.7129534819728532,((8,134)1:0.21640022958890306,(32,(162,(99,18)1:0.6805693068969212)0.85:0.03656953015688431)1:0.8123939862592331)1:0.08094964798344059)1:0.18611475628920257)0.54:0.014578308091413191,(((131,(98,(102,192)1:0.19607686882982164)1:0.15999918072500321)1:0.8878442553384812,(139,((166,(23,181)1:0.29385972240937913)1:0.3996799359535128,(39,(180,105)1:0.39108607408489376)1:0.5201796349174987)0.56:0.016106804227070774)1:0.9104621346066752)1:0.10780265089843899,(((67,195)1:0.2115931146147622,(80,(196,168)1:0.5103642101212171)1:0.3511938922095672)1:1.1384103054544177,((60,(33,(107,41)1:0.2539931780920459)1:0.10339443954881844)1:0.4833092531142217,((177,95)1:1.8233401786873196,(46,(118,(108,(66,(161,(114,(36,(182,16)1:0.11415002052662514)1:1.157740290158314)1:0.21681286564730148)0.99:0.06767107942122606)0.96:0.053295555564994296)1:0.15805028292867992)0.48:0.025352633505209356)1:0.23922134354228128)1:0.07122945267217398)1:0.0881291203652602)0.77:0.029911548849475073)0.45:0.008741776094663463)0.48:0.010368526362458748,(((21,(12,(125,(38,135)1:0.15900540272370497)0.71:0.02663115637711919)0.97:0.07573925481887363)1:0.6157119840469227,((145,(127,(184,(149,(198,(136,158)0.68:0.024301265892226493)1:0.6684911513915393)0.95:0.05010110993754824)1:0.3105593057895517)1:0.1991010998895922)1:0.3386289177430548,((74,((20,(185,79)0.95:0.05109901955078645)1:0.261753293054567,((197,124)1:0.441860784375195,(128,(61,56)1:0.2160418237067619)1:0.09425051255293589)1:0.22665904831776262)1:0.493751835605131)1:0.30798711296836684,((151,(137,(111,15)1:0.5548564948598779)1:0.5613415283328353)1:0.07590405897742639,(((132,86)1:0.592462721475209,(183,(43,50)1:0.18074235062989816)1:0.5446613019092261)1:0.39209536276146206,(174,((178,(65,123)1:0.328622141181814)1:0.46507059449912874,(138,(84,104)1:0.6461036621364685)1:0.19186286925249987)1:0.3674620295825965)1:0.10462950942657755)1:0.24587039497887542)0.85:0.03952531722470548)1:0.19579300278860803)1:0.20604431763916564)0.45:0.009879257546529891,((153,109)1:1.277017766514917,(((85,5)1:0.8190692035144291,(156,47)1:0.4290466435638859)1:0.9547052290683918,(((30,((14,54)0.81:0.04015630603346413,(97,29)1:0.49852631134521297)1:0.5130780868721091)1:0.6142094133281102,(48,(88,((2,24)1:0.2189647128259596,(71,(59,148)1:0.3528160647604697)1:0.4929495478107982)0.94:0.049671231542647395)1:0.6928146422090645)1:0.14158059705762674)1:0.1234383717180729,(((96,28)1:0.7313880449283447,(4,(119,62)1:0.256005319730807)1:0.6070175831237914)1:0.28511609958630657,(((17,(169,26)1:1.042708944225294)1:0.30646049443106316,((31,122)0.73:0.02692156054578372,(82,(146,(25,120)1:0.39454113683290554)1:0.32529730798895007)0.73:0.031505015796737236)1:0.6582123051362708)0.41:0.007649476934848696,((110,191)1:1.1079433355590855,((157,(155,(42,164)1:0.4343676346562807)1:0.7453716577300552)0.43:0.010609581769959102,(((77,73)1:0.07116932902612638,(187,173)1:0.2120664020000392)1:0.788505075079959,(129,(159,(101,200)1:0.6638370825484814)1:0.434293352201994)1:0.20556345558473885)1:0.07490563238323002)0.97:0.054377707947355296)1:0.0809195839569576)0.89:0.041107335189914475)1:0.11568873900068884)0.67:0.02322255930954065)0.75:0.029314161214764135)0.5:0.012450322787231257)0.38:0.0035837159528340342)0.6:0.01845378833648952)0.63:0.020264312431670425)1:0.1406817652839836,((115,(142,7)1:0.8997251062679975)0.75:0.02798411685657361,((189,(100,(1,37)1:0.3548891800986182)1:0.14755168050415912)1:0.2845756821399108,((116,144)1:0.6106884291888036,(72,112)1:0.6149829971799401)1:0.2027500544667647)1:0.16950411102688467)1:0.3741973257906314)1:0.11359238321433225)0.47:0.011540851501666316)1:0.29257431518416627)0.92:0.05529587435120302)1:0.15022843135669606)0.95:0.04949667120520983)1:0.12912626239619937)1:0.4073845877812143));
Weight calculation took 2044.247713654 secs
ASTRAL finished in 2472.623 secs
