
================== ASTRAL ===================== 

This is ASTRAL version 5.7.8
Gene trees are treated as unrooted
200 trees read from Dataset/AstralII_data/model.200.500000.0.000001/39/estimatedgenetre.halfresolved_200
index0
All output trees will be *arbitrarily* rooted at 133

======== Running the main analysis
Number of taxa: 201 (201 species)
Taxa: [133, 70, 194, 175, 40, 147, 34, 103, 27, 13, 25, 120, 96, 28, 31, 146, 82, 122, 17, 130, 119, 62, 143, 77, 169, 42, 159, 164, 155, 187, 73, 173, 81, 165, 49, 9, 128, 61, 197, 124, 136, 184, 149, 139, 39, 180, 105, 157, 129, 107, 41, 90, 121, 114, 118, 108, 182, 16, 36, 153, 109, 33, 161, 74, 185, 20, 132, 56, 79, 137, 101, 200, 89, 3, 188, 140, 166, 23, 181, 68, 158, 198, 38, 8, 127, 135, 125, 45, 177, 95, 91, 6, 51, 12, 26, 60, 66, 46, 186, 92, 170, 145, 142, 7, 193, 131, 102, 192, 98, 154, 141, 160, 171, 48, 88, 2, 24, 72, 115, 99, 134, 151, 111, 15, 86, 43, 50, 84, 104, 178, 65, 162, 32, 18, 112, 1, 189, 37, 167, 183, 123, 138, 106, 64, 172, 174, 100, 52, 75, 0, 4, 83, 21, 110, 191, 126, 93, 87, 163, 55, 76, 22, 152, 179, 176, 196, 168, 80, 67, 195, 190, 19, 69, 53, 85, 156, 47, 5, 58, 63, 94, 35, 44, 117, 57, 10, 113, 150, 78, 116, 144, 71, 59, 148, 14, 97, 29, 54, 30, 199, 11]
Taxon occupancy: {110=200, 111=200, 112=200, 113=200, 114=200, 115=200, 116=200, 117=200, 118=200, 119=200, 10=200, 11=200, 12=200, 13=200, 14=200, 15=200, 16=200, 17=200, 18=200, 19=200, 120=200, 121=200, 0=200, 122=200, 1=200, 2=200, 123=200, 124=200, 3=200, 125=200, 4=200, 126=200, 5=200, 127=200, 6=200, 128=200, 7=200, 129=200, 8=200, 9=200, 20=200, 21=200, 22=200, 23=200, 24=200, 25=200, 26=200, 27=200, 28=200, 29=200, 130=200, 131=200, 132=200, 133=200, 134=200, 135=200, 136=200, 137=200, 138=200, 139=200, 30=200, 31=200, 32=200, 33=200, 34=200, 35=200, 36=200, 37=200, 38=200, 39=200, 140=200, 141=200, 142=200, 143=200, 144=200, 145=200, 146=200, 147=200, 148=200, 149=200, 40=200, 41=200, 42=200, 43=200, 44=200, 45=200, 46=200, 47=200, 48=200, 49=200, 150=200, 151=200, 152=200, 153=200, 154=200, 155=200, 156=200, 157=200, 158=200, 159=200, 50=200, 51=200, 52=200, 53=200, 54=200, 55=200, 56=200, 57=200, 58=200, 59=200, 160=200, 161=200, 162=200, 163=200, 164=200, 165=200, 166=200, 167=200, 168=200, 169=200, 60=200, 61=200, 62=200, 63=200, 64=200, 65=200, 66=200, 67=200, 68=200, 69=200, 170=200, 171=200, 172=200, 173=200, 174=200, 175=200, 176=200, 177=200, 178=200, 179=200, 70=200, 71=200, 72=200, 73=200, 74=200, 75=200, 76=200, 77=200, 78=200, 79=200, 180=200, 181=200, 182=200, 183=200, 184=200, 185=200, 186=200, 187=200, 188=200, 189=200, 80=200, 81=200, 82=200, 83=200, 84=200, 85=200, 86=200, 87=200, 88=200, 89=200, 190=200, 191=200, 192=200, 193=200, 194=200, 195=200, 196=200, 197=200, 198=200, 199=200, 90=200, 91=200, 92=200, 93=200, 94=200, 95=200, 96=200, 97=200, 98=200, 99=200, 200=200, 100=200, 101=200, 102=200, 103=200, 104=200, 105=200, 106=200, 107=200, 108=200, 109=200}
Number of gene trees: 200
0 trees have missing taxa
Calculating quartet distance matrix (for completion of X)
Species tree distances calculated ...
Building set of clusters (X) from gene trees 
------------------------------
gradient0: 40883
Number of Clusters after addition by distance: 40883
calculating extra bipartitions to be added at level 1 ...
Adding to X using resolutions of greedy consensus ...
Limit for sigma of degrees:5075
polytomy size limit : 66
discarded polytomies: 91 122  [3, 3, 3, 3, 3, 3, 3, 3, 4, 4, 4, 4, 4, 5, 21, 30, 37, 44, 66, 91, 122]
Threshold 0.0:
polytomy of size 21; rounds with additions with at least 5 support: 20; clusters: 47825
Threshold 0.01:
polytomy of size 30; rounds with additions with at least 5 support: 12; clusters: 62273
Threshold 0.02:
polytomy of size 37; rounds with additions with at least 5 support: 9; clusters: 84289
Threshold 0.05:
polytomy of size 3; rounds with additions with at least 5 support: 0; clusters: 84289
polytomy of size 4; rounds with additions with at least 5 support: 0; clusters: 84289
polytomy of size 44; rounds with additions with at least 5 support: 10; clusters: 84835
Threshold 0.1:
polytomy of size 3; rounds with additions with at least 5 support: 0; clusters: 84835
polytomy of size 4; rounds with additions with at least 5 support: 0; clusters: 84835
polytomy of size 66; rounds with additions with at least 5 support: 3; clusters: 85157
Threshold 0.2:
polytomy of size 3; rounds with additions with at least 5 support: 0; clusters: 85157
polytomy of size 3; rounds with additions with at least 5 support: 0; clusters: 85157
polytomy of size 4; rounds with additions with at least 5 support: 0; clusters: 85157
polytomy of size 91; rounds with additions with at least 5 support: 0; clusters: 85229
Threshold 0.3333333333333333:
polytomy of size 5; rounds with additions with at least 5 support: 0; clusters: 85229
polytomy of size 3; rounds with additions with at least 5 support: 0; clusters: 85229
polytomy of size 3; rounds with additions with at least 5 support: 0; clusters: 85229
polytomy of size 4; rounds with additions with at least 5 support: 0; clusters: 85229
polytomy of size 3; rounds with additions with at least 5 support: 0; clusters: 85229
polytomy of size 4; rounds with additions with at least 5 support: 0; clusters: 85229
polytomy of size 3; rounds with additions with at least 5 support: 0; clusters: 85229
polytomy of size 122; rounds with additions with at least 5 support: 0; clusters: 85279
max k is :40
Number of Clusters after addition by greedy: 85279
gradient0 in heuristiic: 85279
partitions formed in 58.404 secs
Dynamic Programming starting after 58.404 secs
Using tree-based weight calculation.
Using polytree-based weight calculation.
Polytree max score: 13166980047
Polytree building time: 0.289 seconds.
Number of quartet trees in the gene trees: 13166980047
Size of largest cluster: 201
Greedy score: 5112837674
estimationFactor: 2.5752783261548156
Sub-optimal score: 5484730371
Calculated 100000 weights; time (seconds): 162
Total Number of elements weighted: 183084
Normalized score (portion of input quartet trees satisfied before correcting for multiple individuals): 0.4476810099931034
Optimization score: 5894606926
Optimal tree inferred in 262.859 secs.
(112,(72,((116,144),((189,(100,(1,37))),(115,((142,7),((((141,(160,171)),(78,(91,(130,(27,(147,(34,103))))))),((175,(87,(194,154))),((193,(40,(179,176))),((55,(22,152)),(76,(163,(133,70))))))),(0,((((165,49),(143,(13,(63,94)))),((((106,75),(64,172)),(68,(186,(6,51)))),((167,52),((140,(3,(93,(188,83)))),((92,11),(45,(((170,126),((90,121),(69,(190,19)))),((57,(117,(35,44))),((81,150),(58,(10,113))))))))))),((((9,89),((8,134),((99,18),(162,32)))),((145,(127,((184,149),(198,(136,158))))),((151,(137,(111,15))),((74,((20,(185,79)),((197,124),(128,(61,56))))),(((132,86),(183,(43,50))),(174,((178,(65,123)),(138,(84,104))))))))),((((53,199),((131,(98,(102,192))),((39,(180,105)),(139,(166,(23,181)))))),(((67,195),(80,(196,168))),((60,(33,(107,41))),((177,95),(118,(46,(161,(108,(66,(114,(36,(182,16)))))))))))),(((153,109),(21,(125,(12,(38,135))))),(((85,5),(156,47)),(((30,((14,54),(97,29))),(48,((88,(2,24)),(71,(59,148))))),(((17,(169,26)),((31,122),(82,(146,(25,120))))),(((96,28),(4,(119,62))),((110,191),((157,(155,(42,164))),(((77,73),(187,173)),(129,(159,(101,200))))))))))))))))))))));
Final quartet score is: 5894606926
Final normalized quartet score is: 0.4476810099931034
Extended species tree:
(133,(70,(163,(76,((55,(22,152)1:0.5514900245588831)1:0.2069616645203931,((193,(40,(179,176)0.62:0.04520861668857915)1:1.1134010594616555)0.47:0.025165036715593506,((175,(87,(194,154)1:0.17140093161038938)1:0.38751389106996276)0.54:0.03199829321007271,(((141,(160,171)1:0.9611439733800152)1:0.7121965596124676,(78,(91,(130,(27,(147,(34,103)1:0.3298916816169249)0.85:0.08231747250681114)0.96:0.1148783972212166)1:0.9401524707316866)0.91:0.09669003999971627)0.46:0.03139835631510847)0.59:0.03886121731445521,((0,((((165,49)1:1.5846470444701235,(143,(13,(63,94)1:0.3384655242572358)1:0.5459439885124223)1:0.7184725451576438)1:0.20176742052789357,((((106,75)1:0.21041264361230927,(64,172)1:1.1932011586638755)1:0.2059360856480171,(68,(186,(6,51)1:0.6867347474688467)1:0.670487076322357)1:0.18540310364677273)0.65:0.04646304752611565,((167,52)1:0.2663768683335043,((140,(3,(93,(188,83)0.98:0.14130703915181841)1:0.20657817402274242)0.99:0.1602905272907013)1:1.352600794975109,((92,11)0.45:0.01772992901034144,(45,(((170,126)1:0.5679588602534822,((90,121)1:1.2346728095089066,(69,(190,19)1:0.501092513718625)1:0.8198847819504594)0.89:0.09254418434501899)1:0.18199653996841908,((57,(117,(35,44)1:0.4785470585485448)0.96:0.11546358504375191)1:0.5598145555550683,((81,150)1:0.385061434904298,(58,(10,113)1:0.8947311180947)0.75:0.06550869165555301)0.96:0.11883769821993083)1:0.22061504034858026)0.99:0.15236438821952988)0.53:0.02896583682185053)0.54:0.031627903214636245)0.92:0.09773138486740929)0.36:0.0028940527108872707)0.42:0.013155329256587247)0.38:0.007745783621904676,((((9,89)1:0.6212110988515436,((8,134)0.98:0.13498082475520787,((99,18)1:0.7126346184131304,(162,32)0.4:0.009801747820696156)1:0.8425477144322273)0.94:0.10773730539637442)1:0.22855296901841643,((145,(127,((184,149)0.53:0.029653201551757,(198,(136,158)0.53:0.04316580269477303)1:0.6163366962713841)1:0.38259267125704227)0.99:0.14209506487144244)1:0.2512057506803388,((151,(137,(111,15)1:0.5237933228122271)1:0.6376295460263103)0.67:0.049279690415464955,((74,((20,(185,79)0.55:0.04040741747128006)1:0.23262587019396452,((197,124)1:0.4932003505064565,(128,(61,56)1:0.18899604285334218)0.72:0.05870247858081685)0.99:0.16096558680930834)1:0.45868514534649146)1:0.3153215610840627,(((132,86)1:0.5630206624321372,(183,(43,50)1:0.16329465368857005)1:0.5157661233727646)1:0.3602616229547419,(174,((178,(65,123)1:0.3177474827305601)1:0.48589865766543655,(138,(84,104)1:0.8060912942063974)1:0.17132991269815523)1:0.35536142690420847)0.81:0.10372692849259113)1:0.2653868298861793)0.45:0.02928825137213997)1:0.19254301113320693)1:0.20401330738753345)0.39:0.006895537586328623,((((53,199)1:0.2156484627436483,((131,(98,(102,192)0.97:0.13270921987866993)1:0.21275186528727516)1:0.9074248491256619,((39,(180,105)1:0.3529702850415276)1:0.5595092537652971,(139,(166,(23,181)1:0.2898343806827881)1:0.31528626166748597)0.51:0.026605182383195907)1:0.8168246609624343)0.86:0.08183747263986299)0.41:0.011697847723767649,(((67,195)1:0.1633517773033109,(80,(196,168)1:0.46346395648214683)1:0.28603772309687864)1:0.993572836805222,((60,(33,(107,41)1:0.23311508320622978)0.79:0.08488761552957974)1:0.4819964395983326,((177,95)1:1.5874929467931391,(118,(46,(161,(108,(66,(114,(36,(182,16)0.99:0.15463273661216895)1:1.3421099424886254)1:0.19370365538078516)0.74:0.061698918160714676)0.49:0.050249023929584594)0.72:0.07239045763713524)0.5:0.030851907667983153)1:0.24715929164835354)0.86:0.08452925036652457)0.89:0.09150908242054155)0.42:0.012812158022677999)0.45:0.016763938641326182,(((153,109)1:1.0703524527708352,(21,(125,(12,(38,135)0.89:0.10021092320563152)0.58:0.0648662979372118)0.91:0.09622622703970382)1:0.5650611659637895)0.66:0.04858550968967839,(((85,5)1:0.8136331617758654,(156,47)1:0.444649924861507)1:1.0129200136973542,(((30,((14,54)0.79:0.07639189017768233,(97,29)1:0.5377793899588679)1:0.48433962928424107)1:0.5397885934744985,(48,((88,(2,24)1:0.2618081862518079)0.59:0.038346585878779954,(71,(59,148)1:0.4639399063401019)1:0.5277544770834175)1:0.5574179424807199)0.99:0.15043676474961756)0.98:0.1280754107828585,(((17,(169,26)1:0.8407985982587792)1:0.3694188136412166,((31,122)0.6:0.03952993574506961,(82,(146,(25,120)1:0.30050357144640255)1:0.2676425241765517)0.41:0.015304221219901538)1:0.6528306678428937)0.55:0.03283776955674687,(((96,28)1:0.6270379572248722,(4,(119,62)1:0.3362497638352902)1:0.5192949692023655)1:0.2506702762066134,((110,191)1:0.9278479620513375,((157,(155,(42,164)1:0.3899800660821892)1:0.7585077656331922)0.49:0.03616060082031114,(((77,73)0.7:0.05531846307726622,(187,173)1:0.17111235626921234)1:0.7154541733172104,(129,(159,(101,200)1:0.7058783901735483)1:0.3665515809305792)1:0.2237086769238903)0.97:0.12210626173426972)0.51:0.026878483446375067)0.74:0.059674409744023355)0.39:0.008636390386603075)0.95:0.1123433055325683)0.38:0.006572947016857035)0.53:0.03411702804618384)0.48:0.021895599578142046)0.37:0.0047759184825301604)0.44:0.01590222761047242)0.41:0.011290273807964832)0.99:0.15950281062065588,((142,7)1:0.8448035397497495,(115,((189,(100,(1,37)1:0.38378201091125547)0.99:0.15385223586107222)1:0.2762880920740724,((116,144)1:0.6287098926746352,(72,112)1:0.5992330436713198)0.98:0.1417281196656545)1:0.17331859492033855)0.44:0.016270668968758634)1:0.36714532488328183)0.92:0.0984418504717422)0.57:0.03830362828753506)1:0.30942999977291524)1:0.2248161957644964)0.82:0.0793368731018305)0.98:0.1338057806687022)1:0.4531784069946649));
Weight calculation took 171.875760051 secs
ASTRAL finished in 265.404 secs
