
================== ASTRAL ===================== 

This is ASTRAL version 5.7.8
Gene trees are treated as unrooted
50 trees read from Dataset/AstralII_data/model.200.500000.0.000001/39/estimatedgenetre.halfresolved_50
index0
All output trees will be *arbitrarily* rooted at 133

======== Running the main analysis
Number of taxa: 201 (201 species)
Taxa: [133, 70, 194, 175, 40, 147, 34, 103, 27, 13, 25, 120, 96, 28, 31, 146, 82, 122, 17, 130, 119, 62, 143, 77, 169, 42, 159, 164, 155, 187, 73, 173, 81, 165, 49, 9, 128, 61, 197, 124, 136, 184, 149, 139, 39, 180, 105, 157, 129, 107, 41, 90, 121, 114, 118, 108, 182, 16, 36, 153, 109, 33, 161, 74, 185, 20, 132, 56, 79, 137, 101, 200, 89, 3, 188, 140, 166, 23, 181, 68, 158, 198, 38, 8, 127, 135, 125, 45, 177, 95, 91, 6, 51, 12, 26, 60, 66, 46, 186, 92, 170, 145, 142, 7, 193, 131, 102, 192, 98, 154, 141, 160, 171, 48, 88, 2, 24, 72, 115, 99, 134, 151, 111, 15, 86, 43, 50, 84, 104, 178, 65, 162, 32, 18, 112, 1, 189, 37, 167, 183, 123, 138, 106, 64, 172, 174, 100, 52, 75, 0, 4, 83, 21, 110, 191, 126, 93, 87, 163, 55, 76, 22, 152, 179, 176, 196, 168, 80, 67, 195, 190, 19, 69, 53, 85, 156, 47, 5, 58, 63, 94, 35, 44, 117, 57, 10, 113, 150, 78, 116, 144, 71, 59, 148, 14, 97, 29, 54, 30, 199, 11]
Taxon occupancy: {110=50, 111=50, 112=50, 113=50, 114=50, 115=50, 116=50, 117=50, 118=50, 119=50, 10=50, 11=50, 12=50, 13=50, 14=50, 15=50, 16=50, 17=50, 18=50, 19=50, 120=50, 121=50, 0=50, 122=50, 1=50, 2=50, 123=50, 124=50, 3=50, 125=50, 4=50, 126=50, 5=50, 127=50, 6=50, 128=50, 7=50, 129=50, 8=50, 9=50, 20=50, 21=50, 22=50, 23=50, 24=50, 25=50, 26=50, 27=50, 28=50, 29=50, 130=50, 131=50, 132=50, 133=50, 134=50, 135=50, 136=50, 137=50, 138=50, 139=50, 30=50, 31=50, 32=50, 33=50, 34=50, 35=50, 36=50, 37=50, 38=50, 39=50, 140=50, 141=50, 142=50, 143=50, 144=50, 145=50, 146=50, 147=50, 148=50, 149=50, 40=50, 41=50, 42=50, 43=50, 44=50, 45=50, 46=50, 47=50, 48=50, 49=50, 150=50, 151=50, 152=50, 153=50, 154=50, 155=50, 156=50, 157=50, 158=50, 159=50, 50=50, 51=50, 52=50, 53=50, 54=50, 55=50, 56=50, 57=50, 58=50, 59=50, 160=50, 161=50, 162=50, 163=50, 164=50, 165=50, 166=50, 167=50, 168=50, 169=50, 60=50, 61=50, 62=50, 63=50, 64=50, 65=50, 66=50, 67=50, 68=50, 69=50, 170=50, 171=50, 172=50, 173=50, 174=50, 175=50, 176=50, 177=50, 178=50, 179=50, 70=50, 71=50, 72=50, 73=50, 74=50, 75=50, 76=50, 77=50, 78=50, 79=50, 180=50, 181=50, 182=50, 183=50, 184=50, 185=50, 186=50, 187=50, 188=50, 189=50, 80=50, 81=50, 82=50, 83=50, 84=50, 85=50, 86=50, 87=50, 88=50, 89=50, 190=50, 191=50, 192=50, 193=50, 194=50, 195=50, 196=50, 197=50, 198=50, 199=50, 90=50, 91=50, 92=50, 93=50, 94=50, 95=50, 96=50, 97=50, 98=50, 99=50, 200=50, 100=50, 101=50, 102=50, 103=50, 104=50, 105=50, 106=50, 107=50, 108=50, 109=50}
Number of gene trees: 50
0 trees have missing taxa
Calculating quartet distance matrix (for completion of X)
Species tree distances calculated ...
Building set of clusters (X) from gene trees 
------------------------------
gradient0: 12269
Number of Clusters after addition by distance: 12269
calculating extra bipartitions to be added at level 1 ...
Adding to X using resolutions of greedy consensus ...
Limit for sigma of degrees:5075
polytomy size limit : 47
discarded polytomies: 60 89 124  [3, 3, 3, 3, 3, 3, 3, 3, 3, 3, 4, 4, 4, 5, 5, 5, 30, 30, 30, 47, 60, 89, 124]
Threshold 0.0:
polytomy of size 30; rounds with additions with at least 5 support: 2; clusters: 28111
Threshold 0.01:
polytomy of size 30; rounds with additions with at least 5 support: 0; clusters: 42437
Threshold 0.02:
polytomy of size 30; rounds with additions with at least 5 support: 0; clusters: 56207
Threshold 0.05:
polytomy of size 3; rounds with additions with at least 5 support: 0; clusters: 56207
polytomy of size 3; rounds with additions with at least 5 support: 0; clusters: 56209
polytomy of size 4; rounds with additions with at least 5 support: 0; clusters: 56217
polytomy of size 47; rounds with additions with at least 5 support: 3; clusters: 57165
Threshold 0.1:
polytomy of size 4; rounds with additions with at least 5 support: 0; clusters: 57169
polytomy of size 3; rounds with additions with at least 5 support: 0; clusters: 57169
polytomy of size 60; rounds with additions with at least 5 support: 4; clusters: 58085
Threshold 0.2:
polytomy of size 3; rounds with additions with at least 5 support: 0; clusters: 58085
polytomy of size 3; rounds with additions with at least 5 support: 0; clusters: 58085
polytomy of size 3; rounds with additions with at least 5 support: 0; clusters: 58085
polytomy of size 3; rounds with additions with at least 5 support: 0; clusters: 58085
polytomy of size 5; rounds with additions with at least 5 support: 0; clusters: 58085
polytomy of size 89; rounds with additions with at least 5 support: 0; clusters: 58539
Threshold 0.3333333333333333:
polytomy of size 5; rounds with additions with at least 5 support: 0; clusters: 58539
polytomy of size 3; rounds with additions with at least 5 support: 0; clusters: 58539
polytomy of size 3; rounds with additions with at least 5 support: 0; clusters: 58539
polytomy of size 3; rounds with additions with at least 5 support: 0; clusters: 58539
polytomy of size 4; rounds with additions with at least 5 support: 0; clusters: 58539
polytomy of size 5; rounds with additions with at least 5 support: 0; clusters: 58539
polytomy of size 124; rounds with additions with at least 5 support: 0; clusters: 58831
max k is :8
Number of Clusters after addition by greedy: 58831
gradient0 in heuristiic: 58831
partitions formed in 25.188 secs
Dynamic Programming starting after 25.188 secs
Using tree-based weight calculation.
Using polytree-based weight calculation.
Polytree max score: 3278045355
Polytree building time: 0.155 seconds.
Number of quartet trees in the gene trees: 3278045355
Size of largest cluster: 201
Greedy score: 1358354489
estimationFactor: 2.413247338265321
Sub-optimal score: 1427462876
Calculated 100000 weights; time (seconds): 62
Total Number of elements weighted: 136896
Normalized score (portion of input quartet trees satisfied before correcting for multiple individuals): 0.4478949559866599
Optimization score: 1468219980
Optimal tree inferred in 77.58 secs.
(168,(196,(80,((67,195),(((33,(60,(107,41))),((177,95),((118,46),(108,(161,(66,(114,(36,(182,16))))))))),((53,199),((((9,89),((8,134),(162,(32,(99,18))))),((131,(98,(102,192))),(139,((166,(23,181)),(39,(180,105)))))),(((153,109),((145,(127,(149,(184,(198,(136,158)))))),((174,(((132,86),(183,(43,50))),((178,(65,123)),(138,(84,104))))),((151,(137,(111,15))),(74,((20,(185,79)),((197,124),(128,(61,56))))))))),(0,((((85,5),(156,47)),((165,49),(143,(13,(63,94))))),(((21,(125,(135,(38,12)))),(((30,(14,(54,(97,29)))),(48,((88,(2,24)),(71,(59,148))))),(((155,(42,164)),(157,((110,191),(((187,173),(77,73)),(129,(159,(101,200))))))),((31,((82,122),(146,(25,120)))),((17,(169,26)),((96,28),(4,(119,62)))))))),(((((106,75),(64,172)),(68,(186,(6,51)))),(11,((140,(3,(83,(188,93)))),((45,92),(((170,126),((90,121),(69,(190,19)))),((117,(57,(35,44))),((81,150),(58,(10,113))))))))),((167,52),((115,((142,7),(((72,112),(116,144)),(189,(100,(1,37)))))),((91,(141,(160,171))),((78,(175,((87,(194,154)),(130,((34,103),(147,27)))))),((193,(40,(179,176))),((55,(22,152)),(163,(76,(133,70)))))))))))))))))))));
Final quartet score is: 1468219980
Final normalized quartet score is: 0.4478949559866599
Extended species tree:
(133,(70,(76,(163,((55,(22,152)1:0.6450079935868455)0.94:0.2253399166985098,((193,(40,(179,176)0.42:0.026172075581659654)1:1.0471484038207353)0.59:0.09489902257456621,((78,(175,((87,(194,154)0.61:0.1014230947590885)1:0.4744898208019219,(130,((34,103)0.94:0.22142366613508987,(147,27)0.67:0.10109824687621462)0.98:0.2986850603565181)1:0.9138864571143382)0.42:0.020437699626928475)0.46:0.03204473383094034)0.36:0.0,((91,(141,(160,171)1:0.8254890466787889)1:0.802784733064264)0.41:0.018883717217277246,((115,((142,7)1:0.7529699125787597,(((72,112)1:0.6471982075110968,(116,144)1:0.5478984395419545)0.86:0.16989031927361456,(189,(100,(1,37)0.99:0.3197080991711893)1:0.34897499245590546)0.99:0.2974658584943353)0.96:0.2435978694198336)0.52:0.049865494893564545)0.98:0.28906113973076075,((167,52)0.92:0.20253140574953632,(((((106,75)0.63:0.09696876560542743,(64,172)1:1.6714912193098026)1:0.3466743726751203,(68,(186,(6,51)1:0.9152575828198153)1:0.404194750458727)0.87:0.17281736456954075)0.5:0.046214593788096635,(11,((140,(3,(83,(188,93)0.6:0.10529035006700313)0.96:0.2540119450901563)0.58:0.0723664050607484)1:1.3232310169618986,((45,92)0.74:0.12888659456676393,(((170,126)1:0.5360553221418706,((90,121)1:1.1121711840730355,(69,(190,19)1:0.5321659116414237)1:0.9330237662353953)0.42:0.022870777185245866)0.88:0.1749503700147175,((117,(57,(35,44)1:0.6064154847356122)0.51:0.04931108023114307)1:0.8572583031452217,((81,150)1:0.362991122376284,(58,(10,113)1:0.9057243711951398)0.6:0.08281889954396845)0.81:0.14538696625474418)0.69:0.10513740140069945)0.83:0.15738986827050336)0.53:0.06329362545155386)0.44:0.026439691944718405)0.56:0.06331389879997097)0.38:0.008167759112380948,(((21,(125,(135,(38,12)0.4:0.014514480256199724)0.42:0.027138882139438335)0.55:0.06587659566486836)1:0.5024216096826583,(((30,(14,(54,(97,29)1:0.7647093810053008)0.4:0.016200187072895337)1:0.40149415485836554)1:0.5292894622582038,(48,((88,(2,24)0.99:0.30956478370128865)0.64:0.11795214996050613,(71,(59,148)1:0.5374697828788871)1:0.44969684262453335)0.99:0.3115395597390298)0.72:0.11334495780513477)0.85:0.16038544752419595,(((155,(42,164)0.98:0.2750810000237639)1:0.6510848392765535,(157,((110,191)1:1.0581055752522301,(((187,173)0.82:0.15485876741921908,(77,73)0.6:0.0978101515325805)1:0.6983469921327334,(129,(159,(101,200)1:0.8805726492720758)1:0.6059454663556432)0.83:0.15477164251183126)0.45:0.03322816940108911)0.42:0.02124798629688996)0.41:0.023769487852854435)0.57:0.0661986340107752,((31,((82,122)0.48:0.04092471999490026,(146,(25,120)1:0.4590125595505139)0.88:0.17739672890119856)0.52:0.05018253578397906)1:0.6893164855789035,((17,(169,26)1:0.9778627720466302)1:0.4158890848933823,((96,28)1:0.6038696646993682,(4,(119,62)1:0.3769105653962561)1:0.5534798812255753)0.64:0.1071422155310112)0.4:0.01586397840234735)0.4:0.014588560608462125)0.69:0.10032190598325273)0.41:0.01669410240791634)0.38:0.006402127923878673,((((85,5)1:0.890633814170158,(156,47)1:0.3838353619411462)1:0.8997879394472011,((165,49)1:1.6868333861952842,(143,(13,(63,94)0.99:0.33426982729076393)1:0.5083922858523473)1:0.5931001782160169)0.76:0.12564223829633409)0.5:0.04514855358794899,(0,(((153,109)1:1.3064178152555666,((145,(127,(149,(184,(198,(136,158)0.64:0.08883291409626015)1:0.4292610413237169)0.67:0.09522482494143081)1:0.3952691921697613)0.63:0.08261068778191412)0.99:0.30463693697580474,((174,(((132,86)1:0.5908091255595199,(183,(43,50)0.54:0.06830117974105199)1:0.40841129018429956)0.99:0.3139601903495603,((178,(65,123)0.91:0.20341142593923672)1:0.5576900389077116,(138,(84,104)1:0.7284865470052544)0.96:0.24709504611627534)0.97:0.2628236375739815)0.51:0.09197017978282555)0.9:0.19438531638491943,((151,(137,(111,15)1:0.42282817343410584)1:0.4616184592445956)0.76:0.1261652814363233,(74,((20,(185,79)0.38:0.007043360919831418)0.74:0.14340001835505078,((197,124)1:0.4895670104116079,(128,(61,56)0.71:0.14592571557916703)0.61:0.10060780393827207)0.63:0.08392572861183388)1:0.44720837662259927)1:0.43808997327276866)0.49:0.04845049846438712)0.97:0.25659317181041374)0.89:0.1837729768955066)0.53:0.055808241989109754,((((9,89)1:0.5971260882186971,((8,134)0.91:0.19590022297476145,(162,(32,(99,18)1:0.6893925462845788)0.52:0.05146201647630846)1:0.685964186450729)0.72:0.11271026059965737)0.88:0.17500115554058848,((131,(98,(102,192)0.58:0.070292416829037)0.96:0.24682424698194208)1:0.8473838633973618,(139,((166,(23,181)0.99:0.3093175317476593)0.99:0.3269907015574684,(39,(180,105)0.98:0.291948203858541)1:0.5958742017182949)0.36:9.73934515819723E-4)1:0.7809251636621193)0.51:0.05051796440219556)0.4:0.012657084980776086,((53,199)0.92:0.20437218408152882,(((33,(60,(107,41)1:0.392646470061251)0.58:0.08623344137431765)1:0.5544470612941022,((177,95)1:1.2248252589393227,((118,46)0.42:0.023413332793774107,(108,(161,(66,(114,(36,(182,16)0.8:0.1726588305011961)1:1.1501218018699422)0.77:0.1323924293439597)0.39:0.012443044607563944)0.52:0.05883583132538317)0.71:0.11947771720262405)0.93:0.21978814715388928)0.56:0.06196161730367784)0.64:0.08670099468104787,((67,195)0.89:0.19933618970413625,(80,(196,168)0.99:0.30738960768688733)0.95:0.2524224898135789)1:0.9211461984374998)0.39:0.010224052082744173)0.36:0.0)0.32:0.0)0.48:0.0373998323968112)0.33:0.0)0.39:0.011293795241159145)0.35:0.0)0.41:0.018059985007169897)0.48:0.03733353156838142)0.54:0.057292065804870604)0.58:0.0729655933040021)0.96:0.23734853748781454)0.92:0.19975709076775533)0.58:0.07103487496963949)0.48:0.05406307410393066)0.9:0.1873251412144293));
Weight calculation took 39.486175891 secs
ASTRAL finished in 79.133 secs
