
================== ASTRAL ===================== 

This is ASTRAL version 5.7.8
Gene trees are treated as unrooted
50 trees read from Dataset/AstralII_data/model.200.2000000.0.000001/40/estimatedgenetre.halfresolved_50
index0
All output trees will be *arbitrarily* rooted at 134

======== Running the main analysis
Number of taxa: 201 (201 species)
Taxa: [134, 34, 196, 121, 103, 4, 13, 122, 42, 37, 17, 105, 114, 192, 26, 92, 124, 39, 200, 184, 85, 145, 36, 157, 27, 153, 55, 9, 20, 38, 47, 113, 72, 40, 19, 189, 87, 136, 95, 2, 187, 70, 197, 35, 86, 129, 188, 41, 54, 101, 22, 156, 109, 90, 146, 186, 6, 15, 112, 182, 91, 135, 48, 23, 118, 143, 50, 160, 171, 88, 137, 68, 12, 100, 149, 108, 11, 97, 111, 75, 178, 164, 44, 185, 77, 119, 52, 74, 31, 141, 14, 5, 169, 102, 73, 131, 56, 43, 174, 28, 60, 173, 151, 126, 128, 163, 158, 81, 96, 159, 16, 155, 125, 58, 99, 168, 49, 139, 172, 46, 76, 25, 8, 123, 138, 110, 21, 93, 10, 193, 194, 94, 166, 116, 175, 148, 62, 24, 154, 183, 83, 64, 104, 170, 191, 7, 117, 61, 140, 66, 63, 82, 179, 89, 3, 132, 142, 144, 190, 78, 198, 147, 51, 57, 106, 167, 98, 79, 127, 133, 32, 152, 180, 150, 1, 29, 165, 65, 33, 45, 18, 115, 177, 30, 59, 80, 53, 199, 0, 120, 162, 176, 161, 181, 69, 67, 195, 84, 130, 71, 107]
Taxon occupancy: {110=50, 111=50, 112=50, 113=50, 114=50, 115=50, 116=50, 117=50, 118=50, 119=50, 10=50, 11=50, 12=50, 13=50, 14=50, 15=50, 16=50, 17=50, 18=50, 19=50, 120=50, 121=50, 0=50, 122=50, 1=50, 2=50, 123=50, 124=50, 3=50, 4=50, 125=50, 5=50, 126=50, 6=50, 127=50, 128=50, 7=50, 129=50, 8=50, 9=50, 20=50, 21=50, 22=50, 23=50, 24=50, 25=50, 26=50, 27=50, 28=50, 29=50, 130=50, 131=50, 132=50, 133=50, 134=50, 135=50, 136=50, 137=50, 138=50, 139=50, 30=50, 31=50, 32=50, 33=50, 34=50, 35=50, 36=50, 37=50, 38=50, 39=50, 140=50, 141=50, 142=50, 143=50, 144=50, 145=50, 146=50, 147=50, 148=50, 149=50, 40=50, 41=50, 42=50, 43=50, 44=50, 45=50, 46=50, 47=50, 48=50, 49=50, 150=50, 151=50, 152=50, 153=50, 154=50, 155=50, 156=50, 157=50, 158=50, 159=50, 50=50, 51=50, 52=50, 53=50, 54=50, 55=50, 56=50, 57=50, 58=50, 59=50, 160=50, 161=50, 162=50, 163=50, 164=50, 165=50, 166=50, 167=50, 168=50, 169=50, 60=50, 61=50, 62=50, 63=50, 64=50, 65=50, 66=50, 67=50, 68=50, 69=50, 170=50, 171=50, 172=50, 173=50, 174=50, 175=50, 176=50, 177=50, 178=50, 179=50, 70=50, 71=50, 72=50, 73=50, 74=50, 75=50, 76=50, 77=50, 78=50, 79=50, 180=50, 181=50, 182=50, 183=50, 184=50, 185=50, 186=50, 187=50, 188=50, 189=50, 80=50, 81=50, 82=50, 83=50, 84=50, 85=50, 86=50, 87=50, 88=50, 89=50, 190=50, 191=50, 192=50, 193=50, 194=50, 195=50, 196=50, 197=50, 198=50, 199=50, 90=50, 91=50, 92=50, 93=50, 94=50, 95=50, 96=50, 97=50, 98=50, 99=50, 200=50, 100=50, 101=50, 102=50, 103=50, 104=50, 105=50, 106=50, 107=50, 108=50, 109=50}
Number of gene trees: 50
0 trees have missing taxa
Calculating quartet distance matrix (for completion of X)
Species tree distances calculated ...
Building set of clusters (X) from gene trees 
------------------------------
gradient0: 4735
Number of Clusters after addition by distance: 4735
calculating extra bipartitions to be added at level 1 ...
Adding to X using resolutions of greedy consensus ...
Limit for sigma of degrees:5075
polytomy size limit : 19
discarded polytomies:  [3, 3, 3, 3, 3, 3, 3, 3, 3, 3, 3, 4, 4, 4, 4, 4, 5, 5, 5, 5, 5, 5, 7, 9, 19]
Threshold 0.0:
Threshold 0.01:
Threshold 0.02:
Threshold 0.05:
polytomy of size 3; rounds with additions with at least 5 support: 0; clusters: 4735
polytomy of size 3; rounds with additions with at least 5 support: 1; clusters: 4737
Threshold 0.1:
polytomy of size 3; rounds with additions with at least 5 support: 0; clusters: 4737
polytomy of size 4; rounds with additions with at least 5 support: 0; clusters: 4737
polytomy of size 4; rounds with additions with at least 5 support: 1; clusters: 4739
Threshold 0.2:
polytomy of size 5; rounds with additions with at least 5 support: 0; clusters: 4739
polytomy of size 3; rounds with additions with at least 5 support: 0; clusters: 4739
polytomy of size 5; rounds with additions with at least 5 support: 0; clusters: 4739
polytomy of size 4; rounds with additions with at least 5 support: 0; clusters: 4739
polytomy of size 9; rounds with additions with at least 5 support: 0; clusters: 4741
Threshold 0.3333333333333333:
polytomy of size 3; rounds with additions with at least 5 support: 0; clusters: 4741
polytomy of size 3; rounds with additions with at least 5 support: 0; clusters: 4741
polytomy of size 4; rounds with additions with at least 5 support: 0; clusters: 4741
polytomy of size 5; rounds with additions with at least 5 support: 0; clusters: 4741
polytomy of size 5; rounds with additions with at least 5 support: 0; clusters: 4741
polytomy of size 3; rounds with additions with at least 5 support: 0; clusters: 4741
polytomy of size 3; rounds with additions with at least 5 support: 0; clusters: 4741
polytomy of size 7; rounds with additions with at least 5 support: 0; clusters: 4741
polytomy of size 3; rounds with additions with at least 5 support: 0; clusters: 4741
polytomy of size 4; rounds with additions with at least 5 support: 0; clusters: 4741
polytomy of size 3; rounds with additions with at least 5 support: 0; clusters: 4741
polytomy of size 5; rounds with additions with at least 5 support: 0; clusters: 4741
polytomy of size 3; rounds with additions with at least 5 support: 0; clusters: 4741
polytomy of size 5; rounds with additions with at least 5 support: 0; clusters: 4741
polytomy of size 19; rounds with additions with at least 5 support: 0; clusters: 4741
max k is :2
Number of Clusters after addition by greedy: 4741
gradient0 in heuristiic: 4741
partitions formed in 8.811 secs
Dynamic Programming starting after 8.811 secs
Using tree-based weight calculation.
Using polytree-based weight calculation.
Polytree max score: 3299917302
Polytree building time: 0.288 seconds.
Number of quartet trees in the gene trees: 3299917302
Size of largest cluster: 201
Greedy score: 2140794058
estimationFactor: 1.5414454695763173
Sub-optimal score: 2249111040
Total Number of elements weighted: 7482
Normalized score (portion of input quartet trees satisfied before correcting for multiple individuals): 0.7453772376384237
Optimization score: 2459683243
Optimal tree inferred in 13.132 secs.
(177,(30,((33,115),((45,18),(((95,(136,(189,87))),((150,1),(180,(29,(165,65))))),(((2,187),(70,(133,((32,152),(79,(167,(98,127))))))),(((160,((171,(88,137)),((68,(12,100)),(97,(149,(108,11)))))),(((40,19),((9,20),((38,113),(47,72)))),((85,(157,(153,(27,55)))),(143,((145,36),(200,(39,184))))))),(((57,106),((147,51),(78,(190,198)))),((((191,(170,7)),(((185,77),(164,44)),(50,(74,((31,141),(119,52)))))),((111,(75,178)),((117,61),(((82,179),(63,(140,66))),(132,(142,(144,(89,3)))))))),(((114,((192,26),(92,124))),(((84,130),(67,(69,195))),((120,162),((161,181),(176,(71,107)))))),(((54,101),(41,(129,(86,188)))),(0,((((197,35),((60,(28,(43,174))),(14,((5,73),(56,(131,(169,102))))))),((134,(34,196)),((24,(121,(13,(103,4)))),((42,(122,(37,17))),((105,154),((83,64),(183,104))))))),((59,(146,(((80,(53,199)),(22,(186,(6,15)))),((90,(156,109)),(112,(182,((48,23),(118,(91,135))))))))),(((173,(151,(126,128))),((46,25),(76,8))),(((163,(158,81)),(16,((96,159),((155,125),((172,(49,139)),(168,(58,99))))))),((123,138),(110,(((10,62),(21,(93,148))),((116,(193,194)),(175,(94,166))))))))))))))))))))));
Final quartet score is: 2459683243
Final normalized quartet score is: 0.7453772376384237
Extended species tree:
(134,((34,196)1:0.6359887667199969,(((24,(121,(13,(103,4)1:1.128465251817791)1:1.2750687260096663)1:1.8476123307575147)1:0.5420507671990417,((42,(122,(37,17)1:1.7354431607010283)0.45:0.029852963149681274)1:2.2924731637187024,((105,154)0.39:0.015772298455146015,((83,64)1:1.5804503755608483,(183,104)1:2.2735975561207935)1:2.191359457883822)0.65:0.09028548260347195)0.41:0.01805147328970335)1:1.2969456342874721,(((197,35)1:3.5263605246161593,((60,(28,(43,174)0.41:0.029852963149681274)1:3.5263605246161593)1:0.7273385453082244,(14,((5,73)1:0.8696036179015019,(56,(131,(169,102)1:0.9602463446583317)0.6:0.0768565377881939)1:0.7434090153408333)1:1.1522942496144861)1:0.5345393984091092)1:1.5355291089215959)1:1.341595232660219,(((59,(146,(((80,(53,199)0.97:0.2682639865946794)1:2.966744736680739,(22,(186,(6,15)1:1.2237754316221159)1:2.14006616349627)1:0.5809272849619752)0.56:0.06170366845182875,((90,(156,109)0.97:0.2682639865946794)1:2.8332133440562166,(112,(182,((48,23)1:0.6737290947028438,(118,(91,135)0.99:0.3465255736706909)0.69:0.11686434013931098)1:2.14006616349627)1:0.7178898247232818)1:0.45145852467497843)1:0.7741009935269862)0.54:0.12795913762005015)1:0.463114602800068)0.99:0.32816122476327925,(((173,(151,(126,128)1:0.6931471805599453)1:1.5124732481937315)1:1.6117773327148004,((46,25)0.53:0.060386705958220786,(76,8)0.93:0.21245143876203904)1:3.0800734219877417)1:0.6735730129781357,(((163,(158,81)1:2.4277482359480516)1:1.309770840151893,(16,((96,159)1:2.43124474300678,((155,125)1:2.4277482359480516,((172,(49,139)0.36:5.94353657912621E-4)1:1.0834190914287292,(168,(58,99)1:0.959470549429352)0.74:0.11984964927001897)0.96:0.25302486398734836)1:1.5113411641284447)1:0.6857827239948838)1:0.5131438517542494)1:0.34699488251416954,((123,138)1:1.3383383899171852,(110,(((10,62)0.36:0.0015017272682565617,(21,(93,148)0.46:0.06299485283839801)0.73:0.11593712635011859)1:0.41538905902032863,((116,(193,194)1:1.919957515877215)0.98:0.2939696038828222,(175,(94,166)1:0.5819215454497209)1:0.5146034899894734)1:1.6992677805792862)0.49:0.06069076156975765)1:1.56754697072494)1:1.1268275774489107)0.91:0.19725018154731436)1:0.7155685262200624)1:0.8213393836855336,(0,(((54,101)1:0.6359887667199969,(41,(129,(86,188)0.7:0.12583677046348038)1:1.2708031903499168)0.85:0.16482839934643745)1:2.8378002634004678,(((114,((192,26)1:1.1284652518177913,(92,124)1:1.917938356301896)0.93:0.2104135481738642)1:1.0006318803079064,(((84,130)1:0.6931471805599453,(67,(69,195)1:0.5306282510621702)1:2.14006616349627)1:2.4910613387373344,((120,162)1:2.431190580139026,((161,181)1:2.4277482359480516,(176,(71,107)1:2.4277482359480516)1:1.175471294193721)0.58:0.07049924677248005)1:0.7205980286943818)0.73:0.13585153078331866)1:2.468793449151323,((((191,(170,7)1:0.39086630868701183)1:3.5263605246161593,(((185,77)1:0.8183103235139515,(164,44)1:1.8216124323777365)1:2.2500670587106013,(50,(74,((31,141)1:1.5946919892816247,(119,52)1:1.0842342154370157)0.91:0.19292681394929534)0.45:0.029852963149681274)1:0.5824176729095268)1:2.831884440206163)0.6:0.07580428099542316,((111,(75,178)1:2.8332133440562166)1:1.329733497342539,((117,61)1:0.7109518051934518,(((82,179)1:1.4469189829363254,(63,(140,66)1:0.4825598480211481)1:0.7537718023763802)1:1.43732293873933,(132,(142,(144,(89,3)0.99:0.30708074094626453)0.98:0.2879807136366195)0.99:0.3202873940444252)1:1.8044825040409715)0.99:0.3058859783842636)1:2.3618665312640155)0.99:0.2965912334350837)0.99:0.3263096898690195,(((57,106)1:2.1108577379132156,((147,51)1:0.8644848637929147,(78,(190,198)1:0.8189839510234257)1:1.6561294399466109)1:1.000631880307906)1:2.236192216925254,(((160,((171,(88,137)0.66:0.09237332013101504)1:3.388258441696802,((68,(12,100)1:1.919957515877215)1:0.9506642064351546,(97,(149,(108,11)1:1.9169226121820613)1:1.0831310713648583)0.99:0.29818103433604337)0.94:0.22082678836129896)0.42:0.02123222010577428)1:2.2057338743036916,(((40,19)1:2.055252075001236,((9,20)1:3.4714839143903253,((38,113)1:0.7242314814056086,(47,72)0.73:0.12482479072611218)1:1.573878610397614)0.83:0.16394526491041392)1:1.0311906495493095,((85,(157,(153,(27,55)0.55:0.060624621816434854)1:2.14006616349627)1:0.7748252115742128)1:1.5391172335032677,(143,((145,36)1:2.4277482359480516,(200,(39,184)1:0.9610227422128602)1:1.3291359472799418)1:0.7007172394204908)1:0.49205552108399986)1:0.9713433944804829)0.99:0.3441792168334397)0.98:0.2907824008043434,(((2,187)1:2.8332133440562166,(70,(133,((32,152)1:1.8693541952629518,(79,(167,(98,127)1:0.5779422325982396)0.44:0.03154644365601417)0.66:0.10284984399001472)0.62:0.09641372966802)1:3.2393263303859388)0.56:0.09195118326797766)0.98:0.2723899316667739,(((95,(136,(189,87)0.73:0.1253315072948364)1:1.65455834771457)1:1.9769802045631997,((150,1)1:3.5263605246161593,(180,(29,(165,65)0.63:0.09237332013101504)1:1.4469189829363254)1:0.9574741541952851)1:0.6118851554346499)1:0.4075605717998183,((45,18)1:2.8332133440562166,((33,115)1:0.6088642162438133,(30,177)1:0.753454593809089)1:0.9231012008766816)1:0.9907564786734209)1:0.8516498000143542)1:0.4915676689873642)1:0.4475248859575504)0.42:0.031728606692508224)0.91:0.19471393283613983)0.98:0.27277703767191863)0.64:0.08930204085974233)0.49:0.052693571659213546)0.78:0.13808895163640433)1:0.4411640024703067)1:2.830484829403012));
Weight calculation took 3.337028627 secs
ASTRAL finished in 14.801 secs
