
================== ASTRAL ===================== 

This is ASTRAL version 5.7.8
Gene trees are treated as unrooted
200 trees read from Dataset/AstralII_data/model.200.2000000.0.000001/40/estimatedgenetre.halfresolved_200
index0
All output trees will be *arbitrarily* rooted at 134

======== Running the main analysis
Number of taxa: 201 (201 species)
Taxa: [134, 34, 196, 121, 103, 4, 13, 122, 42, 37, 17, 105, 114, 192, 26, 92, 124, 39, 200, 184, 85, 145, 36, 157, 27, 153, 55, 9, 20, 38, 47, 113, 72, 40, 19, 189, 87, 136, 95, 2, 187, 70, 197, 35, 86, 129, 188, 41, 54, 101, 22, 156, 109, 90, 146, 186, 6, 15, 112, 182, 91, 135, 48, 23, 118, 143, 50, 160, 171, 88, 137, 68, 12, 100, 149, 108, 11, 97, 111, 75, 178, 164, 44, 185, 77, 119, 52, 74, 31, 141, 14, 5, 169, 102, 73, 131, 56, 43, 174, 28, 60, 173, 151, 126, 128, 163, 158, 81, 96, 159, 16, 155, 125, 58, 99, 168, 49, 139, 172, 46, 76, 25, 8, 123, 138, 110, 21, 93, 10, 193, 194, 94, 166, 116, 175, 148, 62, 24, 154, 183, 83, 64, 104, 170, 191, 7, 117, 61, 140, 66, 63, 82, 179, 89, 3, 132, 142, 144, 190, 78, 198, 147, 51, 57, 106, 167, 98, 79, 127, 133, 32, 152, 180, 150, 1, 29, 165, 65, 33, 45, 18, 115, 177, 30, 59, 80, 53, 199, 0, 120, 162, 176, 161, 181, 69, 67, 195, 84, 130, 71, 107]
Taxon occupancy: {110=200, 111=200, 112=200, 113=200, 114=200, 115=200, 116=200, 117=200, 118=200, 119=200, 10=200, 11=200, 12=200, 13=200, 14=200, 15=200, 16=200, 17=200, 18=200, 19=200, 120=200, 121=200, 0=200, 122=200, 1=200, 2=200, 123=200, 124=200, 3=200, 4=200, 125=200, 5=200, 126=200, 6=200, 127=200, 128=200, 7=200, 129=200, 8=200, 9=200, 20=200, 21=200, 22=200, 23=200, 24=200, 25=200, 26=200, 27=200, 28=200, 29=200, 130=200, 131=200, 132=200, 133=200, 134=200, 135=200, 136=200, 137=200, 138=200, 139=200, 30=200, 31=200, 32=200, 33=200, 34=200, 35=200, 36=200, 37=200, 38=200, 39=200, 140=200, 141=200, 142=200, 143=200, 144=200, 145=200, 146=200, 147=200, 148=200, 149=200, 40=200, 41=200, 42=200, 43=200, 44=200, 45=200, 46=200, 47=200, 48=200, 49=200, 150=200, 151=200, 152=200, 153=200, 154=200, 155=200, 156=200, 157=200, 158=200, 159=200, 50=200, 51=200, 52=200, 53=200, 54=200, 55=200, 56=200, 57=200, 58=200, 59=200, 160=200, 161=200, 162=200, 163=200, 164=200, 165=200, 166=200, 167=200, 168=200, 169=200, 60=200, 61=200, 62=200, 63=200, 64=200, 65=200, 66=200, 67=200, 68=200, 69=200, 170=200, 171=200, 172=200, 173=200, 174=200, 175=200, 176=200, 177=200, 178=200, 179=200, 70=200, 71=200, 72=200, 73=200, 74=200, 75=200, 76=200, 77=200, 78=200, 79=200, 180=200, 181=200, 182=200, 183=200, 184=200, 185=200, 186=200, 187=200, 188=200, 189=200, 80=200, 81=200, 82=200, 83=200, 84=200, 85=200, 86=200, 87=200, 88=200, 89=200, 190=200, 191=200, 192=200, 193=200, 194=200, 195=200, 196=200, 197=200, 198=200, 199=200, 90=200, 91=200, 92=200, 93=200, 94=200, 95=200, 96=200, 97=200, 98=200, 99=200, 200=200, 100=200, 101=200, 102=200, 103=200, 104=200, 105=200, 106=200, 107=200, 108=200, 109=200}
Number of gene trees: 200
0 trees have missing taxa
Calculating quartet distance matrix (for completion of X)
Species tree distances calculated ...
Building set of clusters (X) from gene trees 
------------------------------
gradient0: 10985
Number of Clusters after addition by distance: 10985
calculating extra bipartitions to be added at level 1 ...
Adding to X using resolutions of greedy consensus ...
Limit for sigma of degrees:5075
polytomy size limit : 22
discarded polytomies:  [3, 3, 3, 3, 3, 3, 3, 3, 3, 3, 3, 3, 4, 4, 4, 4, 4, 5, 5, 5, 5, 5, 7, 7, 11, 22]
Threshold 0.0:
Threshold 0.01:
Threshold 0.02:
Threshold 0.05:
polytomy of size 3; rounds with additions with at least 5 support: 0; clusters: 10985
polytomy of size 4; rounds with additions with at least 5 support: 0; clusters: 10987
Threshold 0.1:
polytomy of size 3; rounds with additions with at least 5 support: 0; clusters: 10987
polytomy of size 7; rounds with additions with at least 5 support: 0; clusters: 10987
Threshold 0.2:
polytomy of size 5; rounds with additions with at least 5 support: 0; clusters: 10987
polytomy of size 3; rounds with additions with at least 5 support: 0; clusters: 10987
polytomy of size 5; rounds with additions with at least 5 support: 0; clusters: 10987
polytomy of size 3; rounds with additions with at least 5 support: 0; clusters: 10987
polytomy of size 3; rounds with additions with at least 5 support: 0; clusters: 10987
polytomy of size 3; rounds with additions with at least 5 support: 0; clusters: 10987
polytomy of size 3; rounds with additions with at least 5 support: 0; clusters: 10987
polytomy of size 11; rounds with additions with at least 5 support: 0; clusters: 10987
Threshold 0.3333333333333333:
polytomy of size 5; rounds with additions with at least 5 support: 0; clusters: 10987
polytomy of size 4; rounds with additions with at least 5 support: 0; clusters: 10987
polytomy of size 3; rounds with additions with at least 5 support: 0; clusters: 10987
polytomy of size 3; rounds with additions with at least 5 support: 0; clusters: 10987
polytomy of size 5; rounds with additions with at least 5 support: 0; clusters: 10987
polytomy of size 3; rounds with additions with at least 5 support: 0; clusters: 10987
polytomy of size 5; rounds with additions with at least 5 support: 0; clusters: 10987
polytomy of size 3; rounds with additions with at least 5 support: 0; clusters: 10987
polytomy of size 3; rounds with additions with at least 5 support: 0; clusters: 10987
polytomy of size 7; rounds with additions with at least 5 support: 0; clusters: 10987
polytomy of size 4; rounds with additions with at least 5 support: 0; clusters: 10987
polytomy of size 4; rounds with additions with at least 5 support: 0; clusters: 10987
polytomy of size 4; rounds with additions with at least 5 support: 0; clusters: 10987
polytomy of size 22; rounds with additions with at least 5 support: 0; clusters: 10987
max k is :0
Number of Clusters after addition by greedy: 10987
gradient0 in heuristiic: 10987
partitions formed in 6.571 secs
Dynamic Programming starting after 6.571 secs
Using tree-based weight calculation.
Using polytree-based weight calculation.
Polytree max score: 13199668617
Polytree building time: 0.26 seconds.
Number of quartet trees in the gene trees: 13199668617
Size of largest cluster: 201
Greedy score: 9287366963
estimationFactor: 1.4212498191991598
Sub-optimal score: 9342953510
Total Number of elements weighted: 24490
Normalized score (portion of input quartet trees satisfied before correcting for multiple individuals): 0.7454064407592847
Optimization score: 9839118003
Optimal tree inferred in 17.475 secs.
(177,(30,((33,115),((45,18),(((95,(136,(189,87))),((150,1),(180,(29,(165,65))))),(((70,(2,187)),(133,((32,152),((98,127),(167,79))))),((((160,(171,(88,137))),((68,(12,100)),(97,(149,(108,11))))),(((40,19),((9,20),((38,113),(47,72)))),((85,(157,(153,(27,55)))),(143,((145,36),(200,(39,184))))))),((((191,(170,7)),(((185,77),(164,44)),((50,74),((119,52),(31,141))))),((111,(75,178)),((117,61),(((82,179),(63,(140,66))),(132,(142,(144,(89,3)))))))),(((57,106),((147,51),(78,(190,198)))),(((114,((192,26),(92,124))),(((84,130),(67,(69,195))),((120,162),((161,181),(176,(71,107)))))),(0,((((54,101),(41,(129,(86,188)))),(((197,35),((60,(174,(43,28))),(14,((5,73),(56,(131,(169,102))))))),((134,(34,196)),((24,(121,(13,(103,4)))),(105,(((83,64),(183,104)),(154,((37,17),(122,42))))))))),((59,((146,((80,(53,199)),(22,(186,(6,15))))),((90,(156,109)),(112,(182,((48,23),(118,(91,135)))))))),(((173,(151,(126,128))),(25,(46,(76,8)))),(((163,(158,81)),(16,((96,159),((155,125),((168,(58,99)),(139,(49,172))))))),((123,138),(110,((62,(10,(21,(93,148)))),((116,(193,194)),(175,(94,166)))))))))))))))))))));
Final quartet score is: 9839118003
Final normalized quartet score is: 0.7454064407592847
Extended species tree:
(134,((34,196)1:0.4789991921543134,(((24,(121,(13,(103,4)1:0.8373967894044919)1:1.2470497195007526)1:1.8321627271845873)1:0.4184538278776742,(105,(((83,64)1:1.7843244907405371,(183,104)1:2.15699977602571)1:2.542059576373468,(154,((37,17)1:1.6400361591734063,(122,42)0.42:0.01898736762036786)1:2.6528784151038525)0.47:0.042468362904211174)0.86:0.08347207241151304)0.66:0.05165187546169153)1:1.5743145318491003,(((197,35)1:4.897839799950916,((60,(174,(43,28)0.5:0.02524011092508457)1:2.9519296508955994)1:0.9849249617474222,(14,((5,73)1:1.2470483673943233,(56,(131,(169,102)1:0.819617776179333)1:0.1750670796494051)1:0.5868571314953532)1:1.3633634200559739)1:0.5073077722333178)1:1.6174886513859625)1:1.364556663083367,(((54,101)1:1.0110294140882035,(41,(129,(86,188)0.67:0.05373225216804306)1:1.2724165425774767)1:0.2599294201628919)1:4.215892993614716,(((59,((146,((80,(53,199)0.97:0.12715517548524663)1:3.3396951819043625,(22,(186,(6,15)1:1.3424917384614978)1:2.3342580308631167)1:0.6996564979414531)0.74:0.11305393121147733)0.87:0.09795059506851105,((90,(156,109)1:0.20649191772176764)1:3.5506315312779417,(112,(182,((48,23)1:0.42095639504270543,(118,(91,135)1:0.24361168459386967)0.99:0.15478545553332346)1:2.5952547069568634)1:0.8756226190192034)1:0.3684418332319621)1:0.9776670341109092)1:0.6408009000811462)1:0.37312866097126646,(((173,(151,(126,128)1:0.9858167945227654)1:2.006481501209461)1:0.9220071659058221,(25,(46,(76,8)0.43:0.022719586669989387)0.6:0.05375264254277733)1:3.473525293287403)1:0.7854672102334851,(((163,(158,81)1:3.286383723360574)1:1.2497544886951806,(16,((96,159)1:2.5947312837572674,((155,125)1:2.664247578443819,((168,(58,99)1:0.9082012725068402)0.99:0.14116712614750457,(139,(49,172)0.99:0.14805189106238498)1:1.1406429160846558)1:0.3391687947680178)1:1.857084942634071)1:0.9612525598772395)1:0.5400665917925317)1:0.39195783054872374,((123,138)1:0.9484660584968009,(110,((62,(10,(21,(93,148)0.64:0.053056374992925474)0.67:0.05010172925147776)0.74:0.06547983789919605)1:0.5258524255228959,((116,(193,194)1:1.3729658223603955)1:0.37751085323311645,(175,(94,166)1:0.4085226949984744)1:0.46732829801120557)1:1.8701159847641469)0.69:0.054188901320923064)1:1.6443629435821876)1:0.9172736066588485)0.96:0.11764122740868276)1:0.8287842157105302)1:0.9015162343018652,(0,(((114,((192,26)1:1.2219247321617235,(92,124)1:2.259145117665103)1:0.16668897811634928)1:1.3919070980248471,(((84,130)1:0.8494026562431828,(67,(69,195)1:0.4092034302187715)1:2.064626455894696)1:2.6536543870476024,((120,162)1:3.3740271590529085,((161,181)1:3.0002097410932436,(176,(71,107)1:2.4999445271525413)1:0.8931073964184982)1:0.316147543617102)1:0.8058684218743672)0.62:0.042034643514255746)1:2.9959865586636476,(((57,106)1:2.8542124092176566,((147,51)1:1.2699225033536716,(78,(190,198)1:0.8910577307423098)1:1.3192935221641795)1:1.194630520282151)1:2.2489982413140073,((((191,(170,7)1:0.5158131652770298)1:4.204692619390971,(((185,77)1:0.9858167945227654,(164,44)1:1.8533173622274888)1:1.4855925821021705,((50,74)0.37:0.0043146910026439275,((119,52)1:1.2604540343336093,(31,141)1:2.1957293702364846)1:0.3110229074354694)1:0.5589505700764625)1:3.2103251044607175)0.57:0.0362748135748663,((111,(75,178)1:2.332890442489374)1:1.764217367441444,((117,61)1:0.6379060703303626,(((82,179)1:1.5656352897757073,(63,(140,66)1:0.4559018102526034)1:0.5126930379407861)1:1.757131188378278,(132,(142,(144,(89,3)0.79:0.06972810325946018)1:0.16661854046274804)1:0.4162410538270167)1:1.7011988773345974)1:0.1814198076047614)1:2.878169189925177)1:0.3437355426886649)1:0.20614801556268778,((((160,(171,(88,137)0.73:0.06155789299943332)1:3.5039600674417657)0.45:0.019090278675189466,((68,(12,100)1:2.5013228871226616)1:1.1125524791144308,(97,(149,(108,11)1:1.6397432619294297)1:1.3850072134880855)1:0.25719522576916026)1:0.16254877298792514)1:2.2389230044364297,(((40,19)1:2.815810934706127,((9,20)1:3.5131492884130004,((38,113)1:0.855189360500377,(47,72)0.73:0.0654329281220275)1:2.328266043044483)1:0.21991525923838556)1:0.8943176394423732,((85,(157,(153,(27,55)0.99:0.1529076715876614)1:1.806566639474258)1:0.611184996641637)1:1.8696467050574035,(143,((145,36)1:2.289747751973528,(200,(39,184)1:0.8541684869217764)1:1.5930671645698289)1:0.4565771390892794)1:0.645673110431897)1:0.8230856851557787)1:0.41197661910094535)1:0.33476251587965866,(((70,(2,187)1:3.799227511282799)0.99:0.15140965593418385,(133,((32,152)1:1.7966508615154249,((98,127)1:0.5155593903740052,(167,79)0.5:0.02991495323817458)1:0.17686574353969753)1:0.16384240657454863)1:3.385907611308826)1:0.30735670509669694,(((95,(136,(189,87)1:0.1883550997192357)1:2.2587824703356527)1:2.2803293254673984,((150,1)1:3.8043689107832215,(180,(29,(165,65)0.89:0.09381875521765486)1:1.5656352897757073)1:1.1120197941797176)1:0.6643689780460642)1:0.3087928922466909,((45,18)1:2.8158374374094035,((33,115)1:0.37610639988204897,(30,177)1:0.7004088796121751)1:0.9975779947798966)1:0.9628606920897825)1:1.1784777910057698)1:0.5790008750333046)1:0.5088161763585768)0.52:0.0285232946464432)1:0.1647202552552587)1:0.2400116768005416)0.63:0.045223965519183715)0.75:0.061723986478839574)1:0.2933533477597397)1:0.36417112395924545)1:3.953105004385242));
Weight calculation took 9.737263542 secs
ASTRAL finished in 20.053 secs
