
================== ASTRAL ===================== 

This is ASTRAL version 5.7.8
Gene trees are treated as unrooted
1000 trees read from Dataset/AstralII_data/model.200.2000000.0.000001/40/estimatedgenetre.halfresolved
index0
All output trees will be *arbitrarily* rooted at 134

======== Running the main analysis
Number of taxa: 201 (201 species)
Taxa: [134, 34, 196, 121, 103, 4, 13, 122, 42, 37, 17, 105, 114, 192, 26, 92, 124, 39, 200, 184, 85, 145, 36, 157, 27, 153, 55, 9, 20, 38, 47, 113, 72, 40, 19, 189, 87, 136, 95, 2, 187, 70, 197, 35, 86, 129, 188, 41, 54, 101, 22, 156, 109, 90, 146, 186, 6, 15, 112, 182, 91, 135, 48, 23, 118, 143, 50, 160, 171, 88, 137, 68, 12, 100, 149, 108, 11, 97, 111, 75, 178, 164, 44, 185, 77, 119, 52, 74, 31, 141, 14, 5, 169, 102, 73, 131, 56, 43, 174, 28, 60, 173, 151, 126, 128, 163, 158, 81, 96, 159, 16, 155, 125, 58, 99, 168, 49, 139, 172, 46, 76, 25, 8, 123, 138, 110, 21, 93, 10, 193, 194, 94, 166, 116, 175, 148, 62, 24, 154, 183, 83, 64, 104, 170, 191, 7, 117, 61, 140, 66, 63, 82, 179, 89, 3, 132, 142, 144, 190, 78, 198, 147, 51, 57, 106, 167, 98, 79, 127, 133, 32, 152, 180, 150, 1, 29, 165, 65, 33, 45, 18, 115, 177, 30, 59, 80, 53, 199, 0, 120, 162, 176, 161, 181, 69, 67, 195, 84, 130, 71, 107]
Taxon occupancy: {110=1000, 111=1000, 112=1000, 113=1000, 114=1000, 115=1000, 116=1000, 117=1000, 118=1000, 119=1000, 10=1000, 11=1000, 12=1000, 13=1000, 14=1000, 15=1000, 16=1000, 17=1000, 18=1000, 19=1000, 120=1000, 121=1000, 0=1000, 122=1000, 1=1000, 2=1000, 123=1000, 124=1000, 3=1000, 4=1000, 125=1000, 5=1000, 126=1000, 6=1000, 127=1000, 128=1000, 7=1000, 129=1000, 8=1000, 9=1000, 20=1000, 21=1000, 22=1000, 23=1000, 24=1000, 25=1000, 26=1000, 27=1000, 28=1000, 29=1000, 130=1000, 131=1000, 132=1000, 133=1000, 134=1000, 135=1000, 136=1000, 137=1000, 138=1000, 139=1000, 30=1000, 31=1000, 32=1000, 33=1000, 34=1000, 35=1000, 36=1000, 37=1000, 38=1000, 39=1000, 140=1000, 141=1000, 142=1000, 143=1000, 144=1000, 145=1000, 146=1000, 147=1000, 148=1000, 149=1000, 40=1000, 41=1000, 42=1000, 43=1000, 44=1000, 45=1000, 46=1000, 47=1000, 48=1000, 49=1000, 150=1000, 151=1000, 152=1000, 153=1000, 154=1000, 155=1000, 156=1000, 157=1000, 158=1000, 159=1000, 50=1000, 51=1000, 52=1000, 53=1000, 54=1000, 55=1000, 56=1000, 57=1000, 58=1000, 59=1000, 160=1000, 161=1000, 162=1000, 163=1000, 164=1000, 165=1000, 166=1000, 167=1000, 168=1000, 169=1000, 60=1000, 61=1000, 62=1000, 63=1000, 64=1000, 65=1000, 66=1000, 67=1000, 68=1000, 69=1000, 170=1000, 171=1000, 172=1000, 173=1000, 174=1000, 175=1000, 176=1000, 177=1000, 178=1000, 179=1000, 70=1000, 71=1000, 72=1000, 73=1000, 74=1000, 75=1000, 76=1000, 77=1000, 78=1000, 79=1000, 180=1000, 181=1000, 182=1000, 183=1000, 184=1000, 185=1000, 186=1000, 187=1000, 188=1000, 189=1000, 80=1000, 81=1000, 82=1000, 83=1000, 84=1000, 85=1000, 86=1000, 87=1000, 88=1000, 89=1000, 190=1000, 191=1000, 192=1000, 193=1000, 194=1000, 195=1000, 196=1000, 197=1000, 198=1000, 199=1000, 90=1000, 91=1000, 92=1000, 93=1000, 94=1000, 95=1000, 96=1000, 97=1000, 98=1000, 99=1000, 200=1000, 100=1000, 101=1000, 102=1000, 103=1000, 104=1000, 105=1000, 106=1000, 107=1000, 108=1000, 109=1000}
Number of gene trees: 1000
0 trees have missing taxa
Calculating quartet distance matrix (for completion of X)
Species tree distances calculated ...
Building set of clusters (X) from gene trees 
------------------------------
gradient0: 32191
Number of Clusters after addition by distance: 32191
calculating extra bipartitions to be added at level 1 ...
Adding to X using resolutions of greedy consensus ...
Limit for sigma of degrees:5075
polytomy size limit : 13
discarded polytomies:  [3, 3, 3, 3, 3, 3, 3, 3, 3, 3, 3, 3, 3, 3, 4, 4, 4, 4, 4, 4, 4, 5, 5, 5, 5, 6, 7, 7, 11, 13]
Threshold 0.0:
Threshold 0.01:
Threshold 0.02:
Threshold 0.05:
polytomy of size 3; rounds with additions with at least 5 support: 0; clusters: 32191
polytomy of size 3; rounds with additions with at least 5 support: 0; clusters: 32191
Threshold 0.1:
polytomy of size 3; rounds with additions with at least 5 support: 0; clusters: 32191
polytomy of size 3; rounds with additions with at least 5 support: 0; clusters: 32191
polytomy of size 7; rounds with additions with at least 5 support: 0; clusters: 32191
Threshold 0.2:
polytomy of size 5; rounds with additions with at least 5 support: 0; clusters: 32191
polytomy of size 5; rounds with additions with at least 5 support: 0; clusters: 32191
polytomy of size 3; rounds with additions with at least 5 support: 0; clusters: 32191
polytomy of size 3; rounds with additions with at least 5 support: 0; clusters: 32191
polytomy of size 4; rounds with additions with at least 5 support: 0; clusters: 32191
polytomy of size 4; rounds with additions with at least 5 support: 0; clusters: 32191
polytomy of size 3; rounds with additions with at least 5 support: 0; clusters: 32191
polytomy of size 11; rounds with additions with at least 5 support: 0; clusters: 32191
Threshold 0.3333333333333333:
polytomy of size 3; rounds with additions with at least 5 support: 0; clusters: 32191
polytomy of size 5; rounds with additions with at least 5 support: 0; clusters: 32191
polytomy of size 3; rounds with additions with at least 5 support: 0; clusters: 32191
polytomy of size 3; rounds with additions with at least 5 support: 0; clusters: 32191
polytomy of size 4; rounds with additions with at least 5 support: 0; clusters: 32191
polytomy of size 3; rounds with additions with at least 5 support: 0; clusters: 32191
polytomy of size 4; rounds with additions with at least 5 support: 0; clusters: 32191
polytomy of size 3; rounds with additions with at least 5 support: 0; clusters: 32191
polytomy of size 3; rounds with additions with at least 5 support: 0; clusters: 32191
polytomy of size 7; rounds with additions with at least 5 support: 0; clusters: 32191
polytomy of size 4; rounds with additions with at least 5 support: 0; clusters: 32191
polytomy of size 4; rounds with additions with at least 5 support: 0; clusters: 32191
polytomy of size 4; rounds with additions with at least 5 support: 0; clusters: 32191
polytomy of size 6; rounds with additions with at least 5 support: 0; clusters: 32191
polytomy of size 5; rounds with additions with at least 5 support: 0; clusters: 32191
polytomy of size 3; rounds with additions with at least 5 support: 0; clusters: 32191
polytomy of size 13; rounds with additions with at least 5 support: 0; clusters: 32191
max k is :0
Number of Clusters after addition by greedy: 32191
gradient0 in heuristiic: 32191
partitions formed in 44.25 secs
Dynamic Programming starting after 44.25 secs
Using tree-based weight calculation.
Using polytree-based weight calculation.
Polytree max score: 65998191621
Polytree building time: 3.452 seconds.
Number of quartet trees in the gene trees: 65998191621
Size of largest cluster: 201
Greedy score: 43787616449
estimationFactor: 1.5072341674013918
Sub-optimal score: 44480810361
Calculated 100000 weights; time (seconds): 220
Total Number of elements weighted: 127330
Normalized score (portion of input quartet trees satisfied before correcting for multiple individuals): 0.7456537717973059
Optimization score: 49211800514
Optimal tree inferred in 266.399 secs.
(177,(30,((33,115),((45,18),(((95,(136,(189,87))),((150,1),(180,(29,(165,65))))),(((70,(2,187)),(133,((32,152),(79,(167,(98,127)))))),((((160,(171,(88,137))),((68,(12,100)),(97,(149,(108,11))))),(((40,19),((9,20),((38,113),(47,72)))),((85,(157,(153,(27,55)))),(143,((145,36),(200,(39,184))))))),((((191,(170,7)),(((185,77),(164,44)),((50,74),((119,52),(31,141))))),((111,(75,178)),((117,61),(((82,179),(63,(140,66))),(132,(142,(144,(89,3)))))))),(((57,106),((147,51),(78,(190,198)))),((((120,162),((161,181),(176,(71,107)))),(((84,130),(67,(69,195))),(114,((192,26),(92,124))))),((((197,35),((60,(174,(43,28))),(14,((5,73),(56,(131,(169,102))))))),((134,(34,196)),((24,(121,(13,(103,4)))),(105,((122,(42,(37,17))),(154,((83,64),(183,104)))))))),(((54,101),(41,(129,(86,188)))),(0,((59,((146,((80,(53,199)),(22,(186,(6,15))))),((90,(156,109)),(112,(182,((48,23),(118,(91,135)))))))),(((173,(151,(126,128))),(25,(8,(46,76)))),(((163,(158,81)),(16,((96,159),((155,125),((168,(58,99)),(139,(49,172))))))),((123,138),(110,((62,(93,(148,(21,10)))),((116,(193,194)),(175,(94,166))))))))))))))))))))));
Final quartet score is: 49211800514
Final normalized quartet score is: 0.7456537717973059
Extended species tree:
(134,((34,196)1:0.5281572653530524,(((24,(121,(13,(103,4)1:1.039586277096551)1:1.291019679443043)1:2.181818570600166)1:0.41603851821423626,(105,((122,(42,(37,17)1:1.6356522960761002)0.53:0.018896679737586887)1:2.7125693345622794,(154,((83,64)1:1.992409880200234,(183,104)1:2.065968293406692)1:2.797766176650449)1:0.07444393164359077)0.56:0.033877510233933705)0.77:0.033854880860489586)1:1.75771404992187,(((197,35)1:5.072427920528869,((60,(174,(43,28)0.92:0.04392022342202871)1:2.442584136047446)1:0.9452498532945425,(14,((5,73)1:1.316691722580921,(56,(131,(169,102)1:0.7913281437892903)1:0.27079652345219435)1:0.6279744522843568)1:1.1893682555175134)1:0.45741793292428407)1:1.6736789030726)1:1.5989215336998948,((((54,101)1:0.7736520329679492,(41,(129,(86,188)1:0.08659865184220615)1:1.2373827578274113)1:0.2820930683148626)1:5.289066396893405,(0,((59,((146,((80,(53,199)1:0.12151638318296937)1:3.4676430313976114,(22,(186,(6,15)1:1.3557951943936035)1:2.516375823932998)1:0.5266553405315854)0.99:0.07811627898427012)1:0.16965126256232316,((90,(156,109)1:0.12303216250177622)1:4.126698117782644,(112,(182,((48,23)1:0.4574041361670445,(118,(91,135)1:0.2638912103498665)1:0.19414940583778229)1:2.645129574589066)1:0.8040764375205288)1:0.5912034824995277)1:1.0089063506085947)1:0.5291536578967745)1:0.4042482450431387,(((173,(151,(126,128)1:1.1285024054376933)1:2.0725635218674983)1:0.9963957182611306,(25,(8,(46,76)0.85:0.037552408577867666)0.99:0.06938272266846882)1:3.5700395869330035)1:0.6985240644721565,(((163,(158,81)1:3.8625116006937374)1:1.3375761480894908,(16,((96,159)1:3.476278173071159,((155,125)1:2.7000115041914445,((168,(58,99)1:0.9421268118696733)1:0.1554744391032479,(139,(49,172)1:0.24370916412251556)1:1.2079593931858295)1:0.22456006495999783)1:1.8169819280583612)1:1.08980379501011)1:0.47740909011076377)1:0.42248090056013865,((123,138)1:0.9035300583790444,(110,((62,(93,(148,(21,10)0.65:0.021900528679925365)0.73:0.02653599681210572)0.67:0.022335779497418596)1:0.3991554531180425,((116,(193,194)1:1.3499879857391819)1:0.36514219519790503,(175,(94,166)1:0.2665937657485492)1:0.43984296215977026)1:1.8080719423218266)0.82:0.037031248009764726)1:1.864508968079146)1:0.8410506804850011)1:0.1401185841001358)1:0.8322856491335654)1:0.7943907455263413)0.83:0.052023305030252834)0.6:0.021225259731752707,((((120,162)1:3.792836860402669,((161,181)1:2.9466305162236934,(176,(71,107)1:2.741385082078232)1:1.0067384813397595)1:0.23605162915573455)1:0.8574929346263276,(((84,130)1:0.9485041659066414,(67,(69,195)1:0.39856526507727424)1:1.9518123756821901)1:2.6620803677910745,(114,((192,26)1:1.1308621772587018,(92,124)1:2.4964708366486774)1:0.27366840724375696)1:1.4422921120488008)0.64:0.0231690442695974)1:3.0494933372061737,(((57,106)1:2.9162830817373298,((147,51)1:1.1921887177458022,(78,(190,198)1:0.8102379665475765)1:1.6268662733342294)1:1.16584246267114)1:2.495584457586362,((((191,(170,7)1:0.5807388320528738)1:4.971066023456827,(((185,77)1:1.039077765036349,(164,44)1:1.9802467301990276)1:1.6231637371234864,((50,74)0.47:0.01199078087556274,((119,52)1:1.2047642285756939,(31,141)1:2.261708811819441)1:0.40843991968538645)1:0.6900524350068595)1:3.062448293557092)0.94:0.04706799300009819,((111,(75,178)1:2.9773748787132734)1:2.3014229528616137,((117,61)1:0.6904313603960502,(((82,179)1:1.4274428329528723,(63,(140,66)1:0.41658798220050886)1:0.5631047437374357)1:1.7847135794244073,(132,(142,(144,(89,3)1:0.12389828665644874)1:0.20642225001610892)1:0.3156231741211067)1:1.7323768215124706)1:0.17447781069566545)1:3.1436285302908313)1:0.35115624025216907)1:0.24759326414732133,((((160,(171,(88,137)1:0.12481204061012048)1:3.0854797756111134)1:0.10429364780610992,((68,(12,100)1:2.6762965361756796)1:1.0096106043718818,(97,(149,(108,11)1:1.3497353681828745)1:1.4378874274241027)1:0.2789002421821966)1:0.14163577219131326)1:2.5655527649003345,(((40,19)1:2.951822805645686,((9,20)1:3.14894202986268,((38,113)1:0.8111226184828315,(47,72)0.97:0.05364957901630116)1:2.1958000948140257)1:0.278372203126003)1:0.8199225823077331,((85,(157,(153,(27,55)1:0.17892165778238642)1:1.798136345931161)1:0.49708732221262264)1:2.2358429428873485,(143,((145,36)1:2.455179019347346,(200,(39,184)1:0.9120200531204795)1:1.7306612436196898)1:0.41488069377429476)1:0.6568557638216589)1:0.8531656821748569)1:0.4452002652646831)1:0.268070961413765,(((70,(2,187)1:5.087142346937479)1:0.19876498346484903,(133,((32,152)1:1.5985463130458657,(79,(167,(98,127)1:0.5842031398147982)0.85:0.03640314481876493)1:0.19917252842750952)1:0.2184108631866148)1:3.3764449405118437)1:0.37911341255941833,(((95,(136,(189,87)1:0.30478572709857993)1:2.1213062058330006)1:2.472421701473593,((150,1)1:3.797721179478344,(180,(29,(165,65)1:0.10102383572348705)1:1.4535760895673222)1:1.2792998933001163)1:0.6756595426221511)1:0.4485050721455778,((45,18)1:3.453166342183077,((33,115)1:0.5180691971010478,(30,177)1:0.6730310908873464)1:1.1846796013912555)1:0.9734375715048041)1:1.252885253694177)1:0.6245094078819455)1:0.5544429715584023)0.48:0.010730338293243968)1:0.1458733697152147)1:0.2864513403548122)1:0.406147175945266)1:0.354656335818026)1:3.9087012547366773));
Weight calculation took 208.763792907 secs
ASTRAL finished in 276.919 secs
