
================== ASTRAL ===================== 

This is ASTRAL version 5.7.8
Gene trees are treated as unrooted
1000 trees read from Dataset/AstralII_data/model.200.2000000.0.000001/46/estimatedgenetre.halfresolved
index0
All output trees will be *arbitrarily* rooted at 112

======== Running the main analysis
Number of taxa: 201 (201 species)
Taxa: [112, 85, 163, 113, 32, 48, 106, 109, 117, 45, 161, 53, 69, 54, 12, 61, 181, 35, 183, 137, 146, 140, 200, 194, 131, 141, 90, 92, 152, 84, 89, 195, 70, 23, 142, 187, 168, 67, 91, 19, 149, 16, 10, 99, 190, 185, 52, 138, 156, 51, 186, 58, 25, 62, 110, 119, 95, 40, 145, 77, 116, 38, 18, 108, 177, 57, 166, 158, 68, 66, 72, 27, 80, 104, 160, 7, 162, 130, 139, 121, 128, 118, 2, 169, 136, 175, 3, 64, 154, 176, 150, 147, 28, 22, 11, 101, 157, 15, 36, 63, 180, 188, 82, 107, 47, 111, 189, 43, 31, 75, 79, 71, 198, 184, 83, 178, 170, 114, 50, 125, 20, 42, 21, 172, 193, 30, 182, 0, 174, 1, 55, 87, 86, 98, 14, 124, 144, 73, 93, 120, 164, 8, 26, 155, 49, 103, 199, 17, 148, 65, 115, 102, 9, 151, 122, 94, 179, 34, 33, 81, 24, 132, 78, 105, 197, 41, 97, 196, 133, 46, 192, 76, 167, 60, 143, 39, 134, 153, 100, 56, 171, 13, 127, 173, 191, 29, 135, 159, 44, 74, 4, 123, 96, 5, 59, 6, 126, 165, 88, 129, 37]
Taxon occupancy: {110=1000, 111=1000, 112=1000, 113=1000, 114=1000, 115=1000, 116=1000, 117=1000, 118=1000, 119=1000, 10=1000, 11=1000, 12=1000, 13=1000, 14=1000, 15=1000, 16=1000, 17=1000, 18=1000, 19=1000, 120=1000, 121=1000, 0=1000, 1=1000, 122=1000, 2=1000, 123=1000, 3=1000, 124=1000, 125=1000, 4=1000, 5=1000, 126=1000, 127=1000, 6=1000, 7=1000, 128=1000, 8=1000, 129=1000, 9=1000, 20=1000, 21=1000, 22=1000, 23=1000, 24=1000, 25=1000, 26=1000, 27=1000, 28=1000, 29=1000, 130=1000, 131=1000, 132=1000, 133=1000, 134=1000, 135=1000, 136=1000, 137=1000, 138=1000, 139=1000, 30=1000, 31=1000, 32=1000, 33=1000, 34=1000, 35=1000, 36=1000, 37=1000, 38=1000, 39=1000, 140=1000, 141=1000, 142=1000, 143=1000, 144=1000, 145=1000, 146=1000, 147=1000, 148=1000, 149=1000, 40=1000, 41=1000, 42=1000, 43=1000, 44=1000, 45=1000, 46=1000, 47=1000, 48=1000, 49=1000, 150=1000, 151=1000, 152=1000, 153=1000, 154=1000, 155=1000, 156=1000, 157=1000, 158=1000, 159=1000, 50=1000, 51=1000, 52=1000, 53=1000, 54=1000, 55=1000, 56=1000, 57=1000, 58=1000, 59=1000, 160=1000, 161=1000, 162=1000, 163=1000, 164=1000, 165=1000, 166=1000, 167=1000, 168=1000, 169=1000, 60=1000, 61=1000, 62=1000, 63=1000, 64=1000, 65=1000, 66=1000, 67=1000, 68=1000, 69=1000, 170=1000, 171=1000, 172=1000, 173=1000, 174=1000, 175=1000, 176=1000, 177=1000, 178=1000, 179=1000, 70=1000, 71=1000, 72=1000, 73=1000, 74=1000, 75=1000, 76=1000, 77=1000, 78=1000, 79=1000, 180=1000, 181=1000, 182=1000, 183=1000, 184=1000, 185=1000, 186=1000, 187=1000, 188=1000, 189=1000, 80=1000, 81=1000, 82=1000, 83=1000, 84=1000, 85=1000, 86=1000, 87=1000, 88=1000, 89=1000, 190=1000, 191=1000, 192=1000, 193=1000, 194=1000, 195=1000, 196=1000, 197=1000, 198=1000, 199=1000, 90=1000, 91=1000, 92=1000, 93=1000, 94=1000, 95=1000, 96=1000, 97=1000, 98=1000, 99=1000, 200=1000, 100=1000, 101=1000, 102=1000, 103=1000, 104=1000, 105=1000, 106=1000, 107=1000, 108=1000, 109=1000}
Number of gene trees: 1000
0 trees have missing taxa
Calculating quartet distance matrix (for completion of X)
Species tree distances calculated ...
Building set of clusters (X) from gene trees 
------------------------------
gradient0: 26929
Number of Clusters after addition by distance: 26929
calculating extra bipartitions to be added at level 1 ...
Adding to X using resolutions of greedy consensus ...
Limit for sigma of degrees:5075
polytomy size limit : 11
discarded polytomies:  [3, 3, 3, 3, 3, 3, 3, 3, 3, 3, 4, 4, 4, 4, 4, 4, 4, 5, 6, 7, 11]
Threshold 0.0:
Threshold 0.01:
Threshold 0.02:
Threshold 0.05:
polytomy of size 3; rounds with additions with at least 5 support: 0; clusters: 26929
Threshold 0.1:
polytomy of size 3; rounds with additions with at least 5 support: 0; clusters: 26929
polytomy of size 5; rounds with additions with at least 5 support: 0; clusters: 26929
Threshold 0.2:
polytomy of size 3; rounds with additions with at least 5 support: 0; clusters: 26929
polytomy of size 4; rounds with additions with at least 5 support: 0; clusters: 26929
polytomy of size 4; rounds with additions with at least 5 support: 0; clusters: 26929
polytomy of size 4; rounds with additions with at least 5 support: 0; clusters: 26929
polytomy of size 7; rounds with additions with at least 5 support: 0; clusters: 26929
polytomy of size 4; rounds with additions with at least 5 support: 0; clusters: 26929
Threshold 0.3333333333333333:
polytomy of size 4; rounds with additions with at least 5 support: 0; clusters: 26929
polytomy of size 3; rounds with additions with at least 5 support: 0; clusters: 26929
polytomy of size 3; rounds with additions with at least 5 support: 0; clusters: 26929
polytomy of size 3; rounds with additions with at least 5 support: 0; clusters: 26929
polytomy of size 6; rounds with additions with at least 5 support: 0; clusters: 26929
polytomy of size 3; rounds with additions with at least 5 support: 0; clusters: 26929
polytomy of size 3; rounds with additions with at least 5 support: 0; clusters: 26929
polytomy of size 4; rounds with additions with at least 5 support: 0; clusters: 26929
polytomy of size 3; rounds with additions with at least 5 support: 0; clusters: 26929
polytomy of size 4; rounds with additions with at least 5 support: 0; clusters: 26929
polytomy of size 11; rounds with additions with at least 5 support: 0; clusters: 26929
polytomy of size 3; rounds with additions with at least 5 support: 0; clusters: 26929
max k is :0
Number of Clusters after addition by greedy: 26929
gradient0 in heuristiic: 26929
partitions formed in 35.913 secs
Dynamic Programming starting after 35.913 secs
Using tree-based weight calculation.
Using polytree-based weight calculation.
Polytree max score: 65998350000
Polytree building time: 3.937 seconds.
Number of quartet trees in the gene trees: 65998350000
Size of largest cluster: 201
Greedy score: 49007595159
estimationFactor: 1.346696359735165
Sub-optimal score: 53212496604
Calculated 100000 weights; time (seconds): 189
Total Number of elements weighted: 115518
Normalized score (portion of input quartet trees satisfied before correcting for multiple individuals): 0.8249013209724182
Optimization score: 54442126097
Optimal tree inferred in 215.546 secs.
(97,(196,(41,((133,(76,(46,192))),((5,59),((((100,(167,(60,143))),((135,159),(44,(74,(4,(123,96)))))),(((56,(171,13)),((191,29),(127,173))),((129,37),((39,(134,153)),(88,(126,(6,165))))))),((((78,105),(((148,(65,115)),((94,179),(17,(102,(9,(151,122)))))),((49,103),(199,((8,(164,26)),((73,155),(144,((124,120),(14,93))))))))),(197,(((34,33),(81,(24,132))),(((112,(163,(85,113))),((53,(48,69)),(161,(45,(109,(106,117)))))),((141,90),((54,(12,61)),(32,((181,(35,(183,137))),(146,(131,(140,(200,194)))))))))))),(((174,(1,(55,87))),((86,98),(92,(152,(84,89))))),((0,((30,182),(193,(21,172)))),((195,(70,(23,142))),(((187,168),(67,(((91,19),(149,16)),((52,138),((190,185),(10,99)))))),(((25,62),((156,51),((186,58),(110,((119,95),(145,(40,77))))))),(((18,((166,158),(108,(177,57)))),((68,(27,(80,(66,72)))),((116,38),(160,(104,(7,162)))))),((42,(((130,139),(2,(169,136))),((121,(128,118)),(175,((154,(176,150)),((3,64),((22,11),(147,28)))))))),((198,(184,83)),(((47,111),(75,((43,31),(189,79)))),((82,107),(((36,71),(188,(63,180))),((15,(101,157)),(178,((170,114),(50,(125,20)))))))))))))))))))))));
Final quartet score is: 54442126097
Final normalized quartet score is: 0.8249013209724182
Extended species tree:
(112,((163,(85,113)1:0.13170372433651117)1:1.047968555849355,(((53,(48,69)1:0.25728078852071273)1:1.3663154550677825,(161,(45,(109,(106,117)1:0.552712882566242)1:0.5899032864447414)1:0.7486351927077657)1:0.35144389452118)1:3.6786721447101622,(((141,90)1:4.432466634668169,((54,(12,61)1:4.306065093870834)1:2.004284106589063,(32,((181,(35,(183,137)1:1.7669583236164053)1:0.4029707191869921)1:2.3572546133996504,(146,(131,(140,(200,194)1:0.6981242780241702)1:0.9581122267274937)1:1.258093261760341)1:1.4695975868433617)1:0.8836203500350228)1:0.3400756561260309)1:0.34247676813440914)1:0.8640497783444108,(((34,33)1:4.23460612988868,(81,(24,132)1:1.8783168579227851)1:2.121263036533175)1:2.6387271204964207,(197,(((78,105)1:5.901114268852811,(((148,(65,115)1:1.4095394704002937)1:2.235592222173759,((94,179)1:1.4848703186653105,(17,(102,(9,(151,122)1:0.18443076353258797)1:0.12234582493926263)1:1.4682272718068416)1:0.26785233497444677)1:1.192199943894758)1:2.2953857976558845,((49,103)1:2.3965066694754453,(199,((8,(164,26)1:0.31100981099538483)1:1.1883001680276741,((73,155)1:0.10742587591405846,(144,((124,120)1:0.13093186599181947,(14,93)1:0.8387265560671486)0.87:0.037261991302590954)1:0.45207565770890906)1:0.9289833307982831)1:2.4572178631743773)0.98:0.05902650154868228)1:0.9108649279497513)1:1.0895335064228198)1:0.6589052338161105,((((174,(1,(55,87)1:1.1096621248546947)1:4.200704578213011)1:1.9687591869306436,((86,98)1:3.1623323699222547,(92,(152,(84,89)1:1.0565522995407461)1:3.8475128509966554)1:0.7047877117630064)1:1.0195346981088595)1:0.17931893155736311,((0,((30,182)1:4.10539439840869,(193,(21,172)1:1.6992686264737988)1:1.2405994823021704)1:4.931473750562551)0.81:0.03262531469764644,((195,(70,(23,142)0.6:0.026317308317373417)1:5.250526702711674)1:1.4692608156795566,(((187,168)1:4.275482317833631,(67,(((91,19)1:1.5688157380763648,(149,16)1:2.6531420694969983)1:2.7613906648552895,((52,138)1:0.8393280897761687,((190,185)1:2.009277938351848,(10,99)1:0.8754677231402016)1:0.7858593012200918)1:1.5322114470001855)1:0.3651951351072038)1:0.8216875419967656)1:1.520594359452159,(((25,62)1:3.6468194649865735,((156,51)1:3.7933215896459984,((186,58)1:3.099964445627347,(110,((119,95)1:1.0725948513760042,(145,(40,77)1:0.674344053596849)1:1.022650747865065)1:2.760363238942712)1:0.21863654343849803)0.79:0.030685810703443783)0.68:0.023532727325624624)1:3.6143017620426905,(((18,((166,158)1:4.8938517587729455,(108,(177,57)1:3.1020922895449012)1:2.0548926483706476)1:0.22223781647895655)1:0.5586490161274641,((68,(27,(80,(66,72)1:0.24558338288516257)1:0.45120050228263986)1:0.8578427735638159)1:4.32170825509744,((116,38)1:2.0713745746146817,(160,(104,(7,162)1:2.4257522273013365)1:2.283035753027142)1:0.9474917409403607)0.72:0.025668126369029192)0.96:0.05297108534845152)1:0.8775984510230739,((42,(((130,139)1:2.606898411470608,(2,(169,136)1:0.4871325115087028)1:2.388596578966751)1:0.5818526912105901,((121,(128,118)0.95:0.04809110786693402)1:4.442572880494054,(175,((154,(176,150)1:2.146580844517464)1:2.0088861774569664,((3,64)1:3.20664591335365,((22,11)1:2.8526973560101867,(147,28)1:1.4126116694372635)1:0.8554672337084347)1:0.40497158293372826)1:0.44491158958874166)1:0.8268773134954772)0.99:0.06594851008116241)1:0.8248920534771396)1:0.5926969829970988,((198,(184,83)1:2.096570423942803)1:3.1780972661173124,(((47,111)1:4.051573841010782,(75,((43,31)1:0.11378173598612665,(189,79)1:0.2277249666665658)1:0.5955533991535987)1:0.4236897548845463)1:0.7013340352331154,((82,107)1:2.911259225074076,(((36,71)1:1.8353363303663273,(188,(63,180)1:1.0018047289982805)1:0.6739839743755305)1:1.3214560510675202,((15,(101,157)0.67:0.023245109280403364)1:3.558279765868697,(178,((170,114)1:1.291955852722334,(50,(125,20)1:0.7381460664629264)1:0.9908643496340096)1:1.3091416971273127)1:0.6985783612984818)1:0.5668649909432013)0.72:0.02878799481882497)0.46:0.015519536096661986)1:1.0150950388644766)1:1.1807971925906633)1:0.7478347706181611)1:0.5773913313316829)1:0.3305825658717527)1:0.32765864977218206)0.95:0.05016855755989758)1:0.13529237389918844)1:0.7448835101822802,((((100,(167,(60,143)1:0.16115936079119228)1:2.5817687667544975)1:2.2190845123668095,((135,159)1:3.6700763271508414,(44,(74,(4,(123,96)1:0.18064282860315925)1:0.7699483943093112)1:0.43873352104316177)1:1.8037352259805537)1:2.1018829701234973)1:0.3245650855498309,(((56,(171,13)1:0.6950258551322542)1:0.99440753555167,((191,29)1:1.8166330720446562,(127,173)1:0.6424311406384323)1:0.8655282976486479)1:3.1414034972831963,((129,37)1:2.78759659758932,((39,(134,153)1:1.8783168579227851)1:2.797891477982892,(88,(126,(6,165)1:0.4256474278580218)1:1.3643459915344096)1:1.9511143530670532)0.96:0.05213347353134968)1:0.6909780164004798)1:0.13419537677595214)1:0.6051825295698412,((5,59)1:4.248557681561109,((133,(76,(46,192)1:0.07034957846787668)1:1.1395339663971118)1:1.508332189830031,(41,(196,97)1:1.590857626697553)1:1.104561518727107)1:2.32784126579696)1:1.2188125499345228)1:1.5943710561818734)1:0.13996441545049398)1:0.08251229373514418)1:0.9028071610527749)0.91:0.042417620890379724)1:1.0340309099066176)1:2.484098261527424));
Weight calculation took 167.377954458 secs
ASTRAL finished in 227.649 secs
