
================== ASTRAL ===================== 

This is ASTRAL version 5.7.8
Gene trees are treated as unrooted
50 trees read from Dataset/AstralII_data/model.200.500000.0.000001/36/estimatedgenetre.halfresolved_50
index0
All output trees will be *arbitrarily* rooted at 36

======== Running the main analysis
Number of taxa: 201 (201 species)
Taxa: [36, 134, 178, 175, 4, 125, 161, 119, 67, 95, 126, 147, 113, 159, 23, 184, 73, 131, 39, 164, 44, 116, 110, 129, 91, 74, 7, 86, 177, 10, 83, 168, 22, 65, 121, 140, 166, 50, 102, 196, 143, 81, 105, 141, 190, 21, 170, 117, 70, 78, 9, 176, 19, 93, 179, 109, 2, 49, 112, 33, 79, 14, 32, 29, 92, 69, 30, 12, 137, 99, 183, 120, 35, 128, 56, 191, 11, 17, 47, 123, 48, 26, 107, 18, 61, 20, 60, 157, 151, 66, 160, 54, 188, 145, 64, 173, 57, 97, 101, 111, 82, 98, 135, 150, 52, 1, 114, 90, 148, 8, 155, 149, 37, 63, 115, 28, 89, 24, 127, 162, 71, 62, 165, 194, 34, 88, 139, 104, 192, 187, 84, 136, 138, 40, 146, 55, 108, 13, 171, 77, 124, 144, 169, 153, 0, 152, 158, 15, 181, 189, 142, 3, 100, 197, 195, 25, 132, 46, 154, 58, 53, 182, 94, 163, 59, 167, 80, 41, 16, 193, 87, 122, 85, 51, 199, 185, 118, 68, 172, 130, 96, 76, 106, 186, 133, 38, 45, 43, 75, 72, 198, 31, 103, 156, 174, 180, 6, 27, 200, 5, 42]
Taxon occupancy: {110=50, 111=50, 112=50, 113=50, 114=50, 115=50, 116=50, 117=50, 118=50, 119=50, 10=50, 11=50, 12=50, 13=50, 14=50, 15=50, 16=50, 17=50, 18=50, 19=50, 120=50, 121=50, 0=50, 1=50, 122=50, 2=50, 123=50, 124=50, 3=50, 4=50, 125=50, 126=50, 5=50, 127=50, 6=50, 7=50, 128=50, 129=50, 8=50, 9=50, 20=50, 21=50, 22=50, 23=50, 24=50, 25=50, 26=50, 27=50, 28=50, 29=50, 130=50, 131=50, 132=50, 133=50, 134=50, 135=50, 136=50, 137=50, 138=50, 139=50, 30=50, 31=50, 32=50, 33=50, 34=50, 35=50, 36=50, 37=50, 38=50, 39=50, 140=50, 141=50, 142=50, 143=50, 144=50, 145=50, 146=50, 147=50, 148=50, 149=50, 40=50, 41=50, 42=50, 43=50, 44=50, 45=50, 46=50, 47=50, 48=50, 49=50, 150=50, 151=50, 152=50, 153=50, 154=50, 155=50, 156=50, 157=50, 158=50, 159=50, 50=50, 51=50, 52=50, 53=50, 54=50, 55=50, 56=50, 57=50, 58=50, 59=50, 160=50, 161=50, 162=50, 163=50, 164=50, 165=50, 166=50, 167=50, 168=50, 169=50, 60=50, 61=50, 62=50, 63=50, 64=50, 65=50, 66=50, 67=50, 68=50, 69=50, 170=50, 171=50, 172=50, 173=50, 174=50, 175=50, 176=50, 177=50, 178=50, 179=50, 70=50, 71=50, 72=50, 73=50, 74=50, 75=50, 76=50, 77=50, 78=50, 79=50, 180=50, 181=50, 182=50, 183=50, 184=50, 185=50, 186=50, 187=50, 188=50, 189=50, 80=50, 81=50, 82=50, 83=50, 84=50, 85=50, 86=50, 87=50, 88=50, 89=50, 190=50, 191=50, 192=50, 193=50, 194=50, 195=50, 196=50, 197=50, 198=50, 199=50, 90=50, 91=50, 92=50, 93=50, 94=50, 95=50, 96=50, 97=50, 98=50, 99=50, 200=50, 100=50, 101=50, 102=50, 103=50, 104=50, 105=50, 106=50, 107=50, 108=50, 109=50}
Number of gene trees: 50
0 trees have missing taxa
Calculating quartet distance matrix (for completion of X)
Species tree distances calculated ...
Building set of clusters (X) from gene trees 
------------------------------
gradient0: 14749
Number of Clusters after addition by distance: 14749
calculating extra bipartitions to be added at level 1 ...
Adding to X using resolutions of greedy consensus ...
Limit for sigma of degrees:5075
polytomy size limit : 63
discarded polytomies: 77 124 163  [3, 3, 3, 3, 3, 3, 4, 4, 4, 4, 4, 5, 6, 35, 35, 35, 63, 77, 124, 163]
Threshold 0.0:
polytomy of size 4; rounds with additions with at least 5 support: 1; clusters: 14769
polytomy of size 35; rounds with additions with at least 5 support: 4; clusters: 36751
Threshold 0.01:
polytomy of size 4; rounds with additions with at least 5 support: 0; clusters: 36751
polytomy of size 35; rounds with additions with at least 5 support: 0; clusters: 56939
Threshold 0.02:
polytomy of size 4; rounds with additions with at least 5 support: 0; clusters: 56939
polytomy of size 35; rounds with additions with at least 5 support: 0; clusters: 76019
Threshold 0.05:
polytomy of size 4; rounds with additions with at least 5 support: 2; clusters: 76027
polytomy of size 63; rounds with additions with at least 5 support: 1; clusters: 76959
polytomy of size 3; rounds with additions with at least 5 support: 0; clusters: 76961
Threshold 0.1:
polytomy of size 3; rounds with additions with at least 5 support: 0; clusters: 76961
polytomy of size 3; rounds with additions with at least 5 support: 0; clusters: 76961
polytomy of size 4; rounds with additions with at least 5 support: 0; clusters: 76961
polytomy of size 5; rounds with additions with at least 5 support: 2; clusters: 76967
polytomy of size 77; rounds with additions with at least 5 support: 1; clusters: 77799
polytomy of size 3; rounds with additions with at least 5 support: 0; clusters: 77799
Threshold 0.2:
polytomy of size 3; rounds with additions with at least 5 support: 0; clusters: 77799
polytomy of size 6; rounds with additions with at least 5 support: 0; clusters: 77799
polytomy of size 124; rounds with additions with at least 5 support: 0; clusters: 78355
Threshold 0.3333333333333333:
polytomy of size 3; rounds with additions with at least 5 support: 0; clusters: 78355
polytomy of size 163; rounds with additions with at least 5 support: 0; clusters: 78615
max k is :8
Number of Clusters after addition by greedy: 78615
gradient0 in heuristiic: 78615
partitions formed in 33.099 secs
Dynamic Programming starting after 33.099 secs
Using tree-based weight calculation.
Using polytree-based weight calculation.
Polytree max score: 3293969943
Polytree building time: 0.08 seconds.
Number of quartet trees in the gene trees: 3293969943
Size of largest cluster: 201
Greedy score: 1266269509
estimationFactor: 2.6013182182688093
Sub-optimal score: 1361392354
Calculated 100000 weights; time (seconds): 73
Total Number of elements weighted: 198503
Normalized score (portion of input quartet trees satisfied before correcting for multiple individuals): 0.4482154468766505
Optimization score: 1476408210
Optimal tree inferred in 119.313 secs.
(106,((11,163),(96,(76,(69,((15,(8,77)),((127,((65,(22,169)),((47,(160,54)),(188,(145,108))))),(((166,148),((181,(191,182)),((153,(117,194)),((95,(132,46)),((34,88),((154,58),(90,24))))))),((176,19),(((89,138),(((92,(61,20)),(29,(14,(197,(179,(195,(109,2))))))),(79,(200,((93,(5,(33,42))),(49,(112,(9,27)))))))),((((60,38),(107,40)),((130,(123,18)),((48,172),((199,(51,185)),(68,(85,118)))))),((26,((178,126),(147,140))),(((0,(12,(137,99))),(((102,196),(136,(59,(167,156)))),((45,(16,((177,(7,86)),(10,(193,87))))),((64,(187,(66,28))),(((149,165),(84,(155,(62,(162,71))))),(((157,151),((146,55),(135,(82,98)))),((37,(63,115)),((74,(44,116)),(110,(129,91)))))))))),(((170,((3,25),(189,100))),(175,((141,142),(190,(105,(143,81)))))),(((152,158),(121,((36,134),((120,56),(183,(35,128)))))),(((139,(104,192)),(((23,184),(159,73)),(1,((111,(101,114)),((97,52),(150,(173,57))))))),((174,(122,180)),(((83,168),(131,39)),(17,(((75,72),(164,43)),((41,(21,(70,186))),((31,(4,(67,(161,(125,(124,144)))))),(103,((119,133),(80,((50,(78,(32,(198,6)))),((30,53),(113,(171,(13,94))))))))))))))))))))))))))))));
Final quartet score is: 1476408210
Final normalized quartet score is: 0.4482154468766505
Extended species tree:
(36,(134,(((120,56)0.88:0.17976470942905717,(183,(35,128)0.99:0.3293741721575948)0.99:0.34590464571370033)0.99:0.34481463275203017,(121,((152,158)1:0.5785536120859758,((((139,(104,192)1:1.1159830753666498)0.82:0.1583661576512565,(((23,184)1:0.36162416250683516,(159,73)0.95:0.24500398163926804)1:0.5292262676748571,(1,((111,(101,114)1:0.3544625536557918)0.95:0.23798277374189475,((97,52)1:0.42308806099288804,(150,(173,57)0.99:0.31212193118437614)0.86:0.16691506500429867)0.69:0.10154280237919845)0.75:0.12639369597911254)0.96:0.23976817854657897)0.68:0.10221677709531019)0.85:0.16339632708421867,((174,(122,180)0.83:0.15949569373331354)1:0.9401468989416151,(((83,168)0.68:0.11611421936982205,(131,39)0.99:0.3235485552128561)1:0.460858505870799,(17,(((75,72)0.93:0.20924983198538127,(164,43)1:0.7597305976220596)0.97:0.2616727033584573,((41,(21,(70,186)1:0.40454559066573986)0.93:0.2150435244199099)0.94:0.21956333536923664,((31,(4,(67,(161,(125,(124,144)0.94:0.2204388999428855)0.91:0.19656496734411233)0.48:0.04156897764483721)0.45:0.029589446354739594)1:0.515137396494777)0.45:0.02994280587444384,(103,((119,133)1:0.4304445569261011,(80,((50,(78,(32,(198,6)1:0.4187143846790817)0.46:0.03470828619856479)0.59:0.08106598185132322)0.85:0.1707410722217979,((30,53)1:0.39923235726336465,(113,(171,(13,94)0.99:0.31149769563878527)0.79:0.1453440635418216)0.88:0.17735614805743094)0.86:0.16750842433410618)0.91:0.193095005058996)0.46:0.03355497236448555)0.49:0.04801880321743365)0.63:0.08500939712390881)0.64:0.08802355011071077)0.45:0.030488894670325044)0.84:0.1624045013909963)0.38:0.010126186251289844)0.63:0.08545462337719642)0.38:0.008298720306480437)0.43:0.024999267066410365,(((170,((3,25)1:0.5731958285641126,(189,100)0.92:0.21167419472181112)0.55:0.06786678614873196)0.59:0.0726144510444312,(175,((141,142)1:0.3751224928242773,(190,(105,(143,81)0.44:0.03239368603828439)0.99:0.3218645821963191)0.45:0.03104216795415445)1:0.36980966546726857)0.4:0.02164502069804427)1:0.4613142559982109,(((0,(12,(137,99)1:0.5947619791136973)1:0.8520368511233771)0.36:0.0,(((102,196)1:0.7438439229999589,(136,(59,(167,156)0.51:0.0661054998676217)0.54:0.06064174098687169)0.67:0.09993954133297682)0.44:0.02680444784162713,((45,(16,((177,(7,86)0.97:0.26570757664471895)1:0.357724432079422,(10,(193,87)1:0.6779067302222346)0.99:0.33971090998454745)0.77:0.1304325685970268)0.97:0.25287364898660525)0.52:0.05257879055358851,((64,(187,(66,28)0.54:0.10400478198004344)1:1.058398975922786)0.9:0.19355878317880568,(((149,165)0.56:0.06474718733174537,(84,(155,(62,(162,71)0.99:0.3164202850836486)0.48:0.05207059306190464)1:0.5734455102915975)0.93:0.22244316336001152)0.51:0.05290015381608334,(((157,151)1:0.6600917468123235,((146,55)1:0.5338686303774294,(135,(82,98)0.83:0.15565768247690043)1:0.4478324173555437)1:0.4163316257916582)0.75:0.12247486303312527,((37,(63,115)1:0.6295490506149137)0.76:0.12397985069592053,((74,(44,116)1:0.42674658366999363)1:0.3757278067173649,(110,(129,91)0.48:0.051927863753900655)0.78:0.1347227382171801)0.98:0.2709807665483602)0.42:0.020129198500864184)0.38:0.008835461517576939)0.48:0.03716722011915411)0.69:0.10237514756865118)0.39:0.009872083028207643)0.41:0.015553074067891139)0.37:0.004338136288226385,((26,((178,126)0.96:0.24853297002263397,(147,140)0.51:0.05185079465661744)1:0.735176952054957)0.4:0.012986977912786555,((((60,38)0.9:0.1932953692611025,(107,40)0.95:0.22751755019493866)0.35:0.0,((130,(123,18)1:0.6756663255376751)0.75:0.12344537676968963,((48,172)1:0.7558248583679309,((199,(51,185)0.78:0.18507864713425184)0.98:0.2894024014250825,(68,(85,118)0.74:0.12621065216464475)0.59:0.07599304094944871)1:0.3538751656403757)0.41:0.015553411359327089)0.76:0.12365237025633481)0.46:0.03294530499203202,(((89,138)1:0.5794171135630243,(((92,(61,20)0.71:0.12335123476379639)1:0.4558751442662092,(29,(14,(197,(179,(195,(109,2)0.69:0.11346270487838434)0.69:0.10286121569064674)0.85:0.17854276457338167)0.76:0.15228655664980836)0.94:0.22017299855363534)0.48:0.039085488926616674)0.4:0.018357325110543287,(79,(200,((93,(5,(33,42)0.4:0.020790119656804672)0.86:0.1730812549302241)0.86:0.17335761862215296,(49,(112,(9,27)0.59:0.07741066980215854)0.9:0.21373796523097374)0.58:0.0726729362579249)0.56:0.07700941825652408)0.93:0.2091795476107227)0.79:0.13553516336273969)0.45:0.02996876993035995)0.61:0.07921575548126261,((176,19)1:0.4175966228319055,(((166,148)1:0.5716304930197496,((181,(191,182)1:0.4821928100350478)0.47:0.03552628807797029,((153,(117,194)0.97:0.25342259767171904)1:0.4752775585911074,((95,(132,46)1:0.683096844706444)0.99:0.30251926713340255,((34,88)1:0.40111198599479975,((154,58)1:0.36025732732000576,(90,24)1:0.47419606248329244)0.42:0.027543308993410575)1:0.4007971585332226)0.52:0.06252333792657322)0.85:0.15950773242365662)0.54:0.06992757408614793)0.79:0.13894745192886976,((127,((65,(22,169)1:0.45788911646244046)1:0.5648687180944898,((47,(160,54)1:1.0230261825220102)0.49:0.04962678164188817,(188,(145,108)0.54:0.06662424731531268)0.99:0.33034450562081313)0.4:0.013271128229428218)0.7:0.10349201308713336)0.6:0.07535111814488159,((15,(8,77)0.64:0.10271063003965436)0.75:0.11993639493632448,(69,(76,(96,((11,163)1:0.4101040760836323,106)0.72:0.12135102677237218)0.98:0.27113417035822424)0.63:0.09858745329878246)0.84:0.15999553919981915)0.57:0.0646811762857759)0.37:0.0057567625392542345)0.36:5.384700033737419E-4)0.37:0.0038131863028750194)0.51:0.05060490401874309)0.41:0.016316615852418156)0.45:0.030351614626439146)0.37:0.0028644706772018042)0.36:0.0018471826653829976)1:0.36306226359444543)0.45:0.042400800585586026)0.46:0.04041462357923492)1:1.0979535304541486));
Weight calculation took 62.279655781 secs
ASTRAL finished in 120.732 secs
