
================== ASTRAL ===================== 

This is ASTRAL version 5.7.8
Gene trees are treated as unrooted
965 trees read from Dataset/AstralII_data/model.200.500000.0.000001/36/estimatedgenetre.halfresolved
index0
All output trees will be *arbitrarily* rooted at 36

======== Running the main analysis
Number of taxa: 201 (201 species)
Taxa: [36, 134, 178, 175, 4, 125, 161, 119, 67, 95, 126, 147, 113, 159, 23, 184, 73, 131, 39, 164, 44, 116, 110, 129, 91, 74, 7, 86, 177, 10, 83, 168, 22, 65, 121, 140, 166, 50, 102, 196, 143, 81, 105, 141, 190, 21, 170, 117, 70, 78, 9, 176, 19, 93, 179, 109, 2, 49, 112, 33, 79, 14, 32, 29, 92, 69, 30, 12, 137, 99, 183, 120, 35, 128, 56, 191, 11, 17, 47, 123, 48, 26, 107, 18, 61, 20, 60, 157, 151, 66, 160, 54, 188, 145, 64, 173, 57, 97, 101, 111, 82, 98, 135, 150, 52, 1, 114, 90, 148, 8, 155, 149, 37, 63, 115, 28, 89, 24, 127, 162, 71, 62, 165, 194, 34, 88, 139, 104, 192, 187, 84, 136, 138, 40, 146, 55, 108, 13, 171, 77, 124, 144, 169, 153, 0, 152, 158, 15, 181, 189, 142, 3, 100, 197, 195, 25, 132, 46, 154, 58, 53, 182, 94, 163, 59, 167, 80, 41, 16, 193, 87, 122, 85, 51, 199, 185, 118, 68, 172, 130, 96, 76, 106, 186, 133, 38, 45, 43, 75, 72, 198, 31, 103, 156, 174, 180, 6, 27, 200, 5, 42]
Taxon occupancy: {110=965, 111=965, 112=965, 113=965, 114=965, 115=965, 116=965, 117=965, 118=965, 119=965, 10=965, 11=965, 12=965, 13=965, 14=965, 15=965, 16=965, 17=965, 18=965, 19=965, 120=965, 121=965, 0=965, 1=965, 122=965, 2=965, 123=965, 124=965, 3=965, 4=965, 125=965, 126=965, 5=965, 127=965, 6=965, 7=965, 128=965, 129=965, 8=965, 9=965, 20=965, 21=965, 22=965, 23=965, 24=965, 25=965, 26=965, 27=965, 28=965, 29=965, 130=965, 131=965, 132=965, 133=965, 134=965, 135=965, 136=965, 137=965, 138=965, 139=965, 30=965, 31=965, 32=965, 33=965, 34=965, 35=965, 36=965, 37=965, 38=965, 39=965, 140=965, 141=965, 142=965, 143=965, 144=965, 145=965, 146=965, 147=965, 148=965, 149=965, 40=965, 41=965, 42=965, 43=965, 44=965, 45=965, 46=965, 47=965, 48=965, 49=965, 150=965, 151=965, 152=965, 153=965, 154=965, 155=965, 156=965, 157=965, 158=965, 159=965, 50=965, 51=965, 52=965, 53=965, 54=965, 55=965, 56=965, 57=965, 58=965, 59=965, 160=965, 161=965, 162=965, 163=965, 164=965, 165=965, 166=965, 167=965, 168=965, 169=965, 60=965, 61=965, 62=965, 63=965, 64=965, 65=965, 66=965, 67=965, 68=965, 69=965, 170=965, 171=965, 172=965, 173=965, 174=965, 175=965, 176=965, 177=965, 178=965, 179=965, 70=965, 71=965, 72=965, 73=965, 74=965, 75=965, 76=965, 77=965, 78=965, 79=965, 180=965, 181=965, 182=965, 183=965, 184=965, 185=965, 186=965, 187=965, 188=965, 189=965, 80=965, 81=965, 82=965, 83=965, 84=965, 85=965, 86=965, 87=965, 88=965, 89=965, 190=965, 191=965, 192=965, 193=965, 194=965, 195=965, 196=965, 197=965, 198=965, 199=965, 90=965, 91=965, 92=965, 93=965, 94=965, 95=965, 96=965, 97=965, 98=965, 99=965, 200=965, 100=965, 101=965, 102=965, 103=965, 104=965, 105=965, 106=965, 107=965, 108=965, 109=965}
Number of gene trees: 965
0 trees have missing taxa
Calculating quartet distance matrix (for completion of X)
Species tree distances calculated ...
Building set of clusters (X) from gene trees 
------------------------------
gradient0: 206473
Number of Clusters after addition by distance: 206473
calculating extra bipartitions to be added at level 1 ...
Adding to X using resolutions of greedy consensus ...
Limit for sigma of degrees:5075
polytomy size limit : 61
discarded polytomies: 89 125 166  [3, 3, 3, 3, 3, 4, 17, 38, 49, 61, 89, 125, 166]
Threshold 0.0:
polytomy of size 17; rounds with additions with at least 5 support: 15; clusters: 208163
Threshold 0.01:
polytomy of size 38; rounds with additions with at least 5 support: 9; clusters: 221773
Threshold 0.02:
polytomy of size 3; rounds with additions with at least 5 support: 0; clusters: 221773
polytomy of size 4; rounds with additions with at least 5 support: 0; clusters: 221773
polytomy of size 49; rounds with additions with at least 5 support: 6; clusters: 243651
Threshold 0.05:
polytomy of size 3; rounds with additions with at least 5 support: 0; clusters: 243651
polytomy of size 61; rounds with additions with at least 5 support: 0; clusters: 243823
polytomy of size 3; rounds with additions with at least 5 support: 0; clusters: 243823
Threshold 0.1:
polytomy of size 3; rounds with additions with at least 5 support: 0; clusters: 243823
polytomy of size 3; rounds with additions with at least 5 support: 0; clusters: 243823
polytomy of size 89; rounds with additions with at least 5 support: 1; clusters: 243945
Threshold 0.2:
polytomy of size 125; rounds with additions with at least 5 support: 0; clusters: 243989
Threshold 0.3333333333333333:
polytomy of size 166; rounds with additions with at least 5 support: 0; clusters: 243989
max k is :30
Number of Clusters after addition by greedy: 243989
gradient0 in heuristiic: 243989
partitions formed in 397.314 secs
Dynamic Programming starting after 397.314 secs
Using tree-based weight calculation.
Using polytree-based weight calculation.
Polytree max score: 63428782320
Polytree building time: 3.412 seconds.
Number of quartet trees in the gene trees: 63428782320
Size of largest cluster: 201
Greedy score: 26999046944
estimationFactor: 2.349297086358664
Sub-optimal score: 27204884894
Calculated 100000 weights; time (seconds): 905
Calculated 200000 weights; time (seconds): 509
Calculated 300000 weights; time (seconds): 550
Calculated 400000 weights; time (seconds): 579
Calculated 500000 weights; time (seconds): 508
Calculated 600000 weights; time (seconds): 506
Total Number of elements weighted: 611561
Normalized score (portion of input quartet trees satisfied before correcting for multiple individuals): 0.44950986954403194
Optimization score: 28511863666
Optimal tree inferred in 3619.35 secs.
(106,((96,(11,163)),(76,(69,((77,(8,15)),(((47,127),((65,(22,169)),((160,54),(188,(145,108))))),((((89,138),(92,(61,20))),((29,(14,(197,((179,109),(2,195))))),(79,(200,((112,(9,27)),(49,(93,(5,(33,42))))))))),(((176,19),(181,(((166,148),(191,182)),((153,(117,194)),((95,(132,46)),((34,88),((154,58),(90,24)))))))),(((107,40),(130,((48,172),((123,18),((199,(51,185)),(68,(85,118))))))),(((60,38),(26,((178,126),(147,140)))),((((189,100),(3,25)),(170,(175,((141,142),(190,(81,(143,105))))))),((((102,196),(12,(137,99))),((152,158),(121,((36,134),((120,56),(183,(35,128))))))),(((136,(156,(59,167))),(((174,(122,180)),(45,(16,((10,(193,87)),(177,(7,86)))))),((149,165),((64,(187,(66,28))),((84,(155,(62,(162,71)))),(((157,151),((146,55),(135,(82,98)))),((37,(63,115)),((129,(110,91)),(74,(44,116)))))))))),((0,((139,(104,192)),(((23,184),(159,73)),(1,((111,(101,114)),((97,52),(150,(173,57)))))))),((17,((83,168),(131,39))),((41,(21,(70,186))),(((75,72),(164,43)),((31,103),((67,((4,161),(125,(124,144)))),((80,(119,133)),((32,(50,(78,(198,6)))),((30,53),(113,(171,(13,94)))))))))))))))))))))))));
Final quartet score is: 28511863666
Final normalized quartet score is: 0.44950986954403194
Extended species tree:
(36,(134,(((120,56)1:0.1425780238968563,(183,(35,128)1:0.5021444179720831)1:0.3143766689783267)1:0.21207456925592497,(121,((152,158)1:0.6530275086373399,(((102,196)1:0.7847121915029526,(12,(137,99)1:0.800366951686639)1:0.8438831404280823)0.5:0.012769169810162762,((((136,(156,(59,167)0.99:0.06920797624963924)1:0.10765453310430231)1:0.15838144138367619,(((174,(122,180)1:0.12194421296715645)1:1.092594364251086,(45,(16,((10,(193,87)1:0.509911867420338)1:0.39561209894808025,(177,(7,86)1:0.41208000593706373)1:0.4529321334009891)1:0.19041590217412527)1:0.1614462735750559)1:0.08055721158295111)0.48:0.010827015851863468,((149,165)1:0.18539053565100203,((64,(187,(66,28)1:0.13954583522116404)1:0.9867780155289623)1:0.3575900825589982,((84,(155,(62,(162,71)1:0.2926769731839855)1:0.12680646001952658)1:0.7223054059484094)1:0.153513712817755,(((157,151)1:0.487854388946749,((146,55)1:0.2261121600892599,(135,(82,98)1:0.17906430857632455)1:0.34157513125647126)1:0.5003073773373431)1:0.19407555119185407,((37,(63,115)1:0.6721698059029891)1:0.11005544486959243,((129,(110,91)1:0.1442752199555677)1:0.09366813297571153,(74,(44,116)1:0.3280112516024251)1:0.4883293468114273)1:0.19814241117272355)0.95:0.05036402456580978)1:0.07401474339953562)0.35:4.8034416192125327E-4)0.97:0.05460059523991272)0.81:0.032553816161815824)0.48:0.011329485312208348)0.68:0.023437900001686128,((0,((139,(104,192)1:1.1452250237214647)1:0.15790026715435773,(((23,184)1:0.44582350223247963,(159,73)1:0.28722388979252456)1:0.5422064478588008,(1,((111,(101,114)1:0.46376058572402923)1:0.21549799009367326,((97,52)1:0.286603205389263,(150,(173,57)1:0.3554067656193466)1:0.3036279666949307)1:0.1854313676180248)1:0.3004960011846149)1:0.15337484531541876)1:0.08690634139865162)1:0.27293350476204725)0.37:0.002727835884080585,((17,((83,168)1:0.1590545909466103,(131,39)1:0.3439369498666844)1:0.4130658324699486)0.65:0.023547604073104522,((41,(21,(70,186)1:0.524354722459333)1:0.18719621208389287)1:0.26769253668063,(((75,72)1:0.20546123420776638,(164,43)1:0.7780244494366918)1:0.3311929921812682,((31,103)0.99:0.06584502943715154,((67,((4,161)1:0.4257294415008613,(125,(124,144)1:0.11728204065741062)1:0.28455890764629727)0.97:0.059671590054399724)1:0.5345743481598653,((80,(119,133)1:0.26601857117946287)1:0.12423224132223579,((32,(50,(78,(198,6)1:0.36560344358762875)1:0.14205854532155782)0.48:0.010626298955574405)1:0.12984430885119017,((30,53)1:0.43694409186402633,(113,(171,(13,94)1:0.2433057433527659)1:0.2671794363650954)1:0.1429890602316457)1:0.2324278193836797)1:0.16804199538639908)1:0.08281357874379779)0.57:0.017274434351680863)1:0.10773717058649034)0.91:0.043684989721095045)1:0.10109006495292747)1:0.07084700688035944)0.44:0.008013044134594114)0.81:0.032994076382668984,((((189,100)1:0.3039115046017611,(3,25)1:0.7279136782056427)1:0.13686095756743355,(170,(175,((141,142)1:0.17470741991373415,(190,(81,(143,105)1:0.14304975363540054)1:0.2094255503869763)0.96:0.05500007734055073)1:0.4444968754061726)0.74:0.028442719712030592)0.48:0.012115360452160875)1:0.48189939794384146,(((60,38)1:0.24340813574993853,(26,((178,126)1:0.3071009946607493,(147,140)0.84:0.035995159378944035)1:0.579537946196074)0.59:0.018509290993181632)1:0.10039195710430339,(((107,40)1:0.24214870950969344,(130,((48,172)1:0.4376725079161767,((123,18)1:1.0669802190425026,((199,(51,185)1:0.3538774404016309)1:0.400636498683514,(68,(85,118)0.9:0.04286652571589822)0.45:0.009091529301052908)1:0.36865105537310144)0.44:0.007979567328113344)0.74:0.027852474013965848)1:0.2545624207752911)0.39:0.00447410382983465,(((176,19)1:0.36844149698761125,(181,(((166,148)1:0.8023757413573812,(191,182)1:0.39977697094340275)0.96:0.052876729743402975,((153,(117,194)1:0.43674379537205216)1:0.6176247620021496,((95,(132,46)1:0.4850830012068718)1:0.22895995010417,((34,88)1:0.3378157111623806,((154,58)1:0.42477891149251445,(90,24)1:0.38289398302289546)1:0.12103455680726478)1:0.5067696895849714)0.57:0.01728566366211394)1:0.11710553293912838)0.57:0.020256895476087073)1:0.17460332187658123)0.4:0.0051734870117533084,((((89,138)1:0.42127014799208823,(92,(61,20)0.97:0.05647342108626831)1:0.5457521920702888)0.87:0.03829423016059157,((29,(14,(197,((179,109)0.45:0.011264380651748195,(2,195)1:0.07462796450239388)1:0.3605632855124736)1:0.1562992048413977)1:0.24810381907574472)0.99:0.06979213042604906,(79,(200,((112,(9,27)1:0.12117553868870448)1:0.18317771298321317,(49,(93,(5,(33,42)0.89:0.04301118744493467)1:0.23635208502812233)1:0.09110229349345958)0.92:0.04550569700228038)0.99:0.06554830604706412)1:0.23889034571398635)1:0.0798229408806285)0.59:0.017998323849952928)1:0.14871986504289647,(((47,127)1:0.22613428016226253,((65,(22,169)1:0.3596734260365704)1:0.6649997841028842,((160,54)1:1.0249994901160235,(188,(145,108)0.97:0.05809490970883774)1:0.2764094729332883)0.64:0.02972802510409935)1:0.07548225735820144)1:0.1732692055972992,((77,(8,15)0.98:0.05832939016479177)1:0.33607890170587434,(69,(76,((96,(11,163)1:0.1110283171259978)0.97:0.05637443050178801,106)1:0.1835001675433164)1:0.1857990571641617)1:0.08957200974063936)0.81:0.032929318474661046)0.93:0.046673944666838815)0.43:0.007415463112208263)0.97:0.05455000322111697)0.44:0.00805164604251422)0.96:0.05126109266791931)0.51:0.01236549649223987)0.75:0.027953353542916542)1:0.37903966114605064)1:0.09507553000934067)1:0.10625182367090458)1:0.9661745063123325));
Weight calculation took 2936.629074472 secs
ASTRAL finished in 3628.533 secs
