
================== ASTRAL ===================== 

This is ASTRAL version 5.7.8
Gene trees are treated as unrooted
50 trees read from Dataset/AstralII_data/model.200.2000000.0.000001/45/estimatedgenetre.halfresolved_50
index0
All output trees will be *arbitrarily* rooted at 174

======== Running the main analysis
Number of taxa: 201 (201 species)
Taxa: [174, 6, 185, 48, 60, 200, 18, 191, 196, 1, 89, 127, 88, 103, 44, 161, 193, 107, 171, 3, 189, 173, 78, 124, 188, 119, 180, 72, 36, 120, 156, 194, 179, 43, 74, 113, 166, 146, 46, 61, 33, 182, 167, 20, 132, 23, 38, 5, 82, 75, 45, 39, 178, 53, 26, 137, 97, 114, 13, 63, 116, 195, 73, 170, 50, 86, 11, 17, 145, 25, 93, 0, 54, 91, 12, 129, 112, 148, 94, 177, 101, 64, 100, 10, 130, 139, 80, 181, 104, 68, 52, 183, 81, 169, 199, 115, 175, 85, 67, 111, 62, 2, 84, 108, 29, 118, 70, 186, 184, 197, 47, 15, 110, 165, 30, 69, 125, 77, 9, 133, 143, 40, 138, 198, 106, 154, 157, 22, 172, 99, 168, 37, 42, 24, 131, 27, 140, 162, 90, 150, 96, 117, 95, 109, 135, 83, 92, 98, 147, 49, 126, 105, 59, 121, 31, 32, 14, 58, 51, 8, 160, 76, 190, 66, 128, 16, 164, 7, 65, 141, 122, 136, 41, 152, 28, 187, 155, 55, 192, 87, 21, 142, 19, 163, 176, 79, 149, 102, 144, 151, 71, 123, 34, 159, 153, 57, 158, 35, 134, 56, 4]
Taxon occupancy: {110=50, 111=50, 112=50, 113=50, 114=50, 115=50, 116=50, 117=50, 118=50, 119=50, 10=50, 11=50, 12=50, 13=50, 14=50, 15=50, 16=50, 17=50, 18=50, 19=50, 120=50, 0=50, 121=50, 1=50, 122=50, 2=50, 123=50, 3=50, 124=50, 125=50, 4=50, 5=50, 126=50, 6=50, 127=50, 128=50, 7=50, 129=50, 8=50, 9=50, 20=50, 21=50, 22=50, 23=50, 24=50, 25=50, 26=50, 27=50, 28=50, 29=50, 130=50, 131=50, 132=50, 133=50, 134=50, 135=50, 136=50, 137=50, 138=50, 139=50, 30=50, 31=50, 32=50, 33=50, 34=50, 35=50, 36=50, 37=50, 38=50, 39=50, 140=50, 141=50, 142=50, 143=50, 144=50, 145=50, 146=50, 147=50, 148=50, 149=50, 40=50, 41=50, 42=50, 43=50, 44=50, 45=50, 46=50, 47=50, 48=50, 49=50, 150=50, 151=50, 152=50, 153=50, 154=50, 155=50, 156=50, 157=50, 158=50, 159=50, 50=50, 51=50, 52=50, 53=50, 54=50, 55=50, 56=50, 57=50, 58=50, 59=50, 160=50, 161=50, 162=50, 163=50, 164=50, 165=50, 166=50, 167=50, 168=50, 169=50, 60=50, 61=50, 62=50, 63=50, 64=50, 65=50, 66=50, 67=50, 68=50, 69=50, 170=50, 171=50, 172=50, 173=50, 174=50, 175=50, 176=50, 177=50, 178=50, 179=50, 70=50, 71=50, 72=50, 73=50, 74=50, 75=50, 76=50, 77=50, 78=50, 79=50, 180=50, 181=50, 182=50, 183=50, 184=50, 185=50, 186=50, 187=50, 188=50, 189=50, 80=50, 81=50, 82=50, 83=50, 84=50, 85=50, 86=50, 87=50, 88=50, 89=50, 190=50, 191=50, 192=50, 193=50, 194=50, 195=50, 196=50, 197=50, 198=50, 199=50, 90=50, 91=50, 92=50, 93=50, 94=50, 95=50, 96=50, 97=50, 98=50, 99=50, 200=50, 100=50, 101=50, 102=50, 103=50, 104=50, 105=50, 106=50, 107=50, 108=50, 109=50}
Number of gene trees: 50
0 trees have missing taxa
Calculating quartet distance matrix (for completion of X)
Species tree distances calculated ...
Building set of clusters (X) from gene trees 
------------------------------
gradient0: 5345
Number of Clusters after addition by distance: 5345
calculating extra bipartitions to be added at level 1 ...
Adding to X using resolutions of greedy consensus ...
Limit for sigma of degrees:5075
polytomy size limit : 21
discarded polytomies:  [3, 3, 3, 3, 3, 3, 3, 3, 3, 3, 3, 3, 3, 3, 3, 3, 3, 3, 4, 4, 4, 4, 4, 4, 5, 5, 5, 6, 6, 7, 9, 21]
Threshold 0.0:
polytomy of size 3; rounds with additions with at least 5 support: 1; clusters: 5349
Threshold 0.01:
polytomy of size 3; rounds with additions with at least 5 support: 0; clusters: 5349
Threshold 0.02:
polytomy of size 3; rounds with additions with at least 5 support: 0; clusters: 5349
Threshold 0.05:
polytomy of size 5; rounds with additions with at least 5 support: 2; clusters: 5359
Threshold 0.1:
polytomy of size 3; rounds with additions with at least 5 support: 1; clusters: 5363
polytomy of size 6; rounds with additions with at least 5 support: 0; clusters: 5365
Threshold 0.2:
polytomy of size 3; rounds with additions with at least 5 support: 0; clusters: 5365
polytomy of size 4; rounds with additions with at least 5 support: 0; clusters: 5365
polytomy of size 7; rounds with additions with at least 5 support: 0; clusters: 5371
polytomy of size 3; rounds with additions with at least 5 support: 0; clusters: 5371
polytomy of size 3; rounds with additions with at least 5 support: 0; clusters: 5371
polytomy of size 9; rounds with additions with at least 5 support: 0; clusters: 5377
Threshold 0.3333333333333333:
polytomy of size 3; rounds with additions with at least 5 support: 0; clusters: 5377
polytomy of size 3; rounds with additions with at least 5 support: 0; clusters: 5377
polytomy of size 3; rounds with additions with at least 5 support: 0; clusters: 5377
polytomy of size 4; rounds with additions with at least 5 support: 0; clusters: 5377
polytomy of size 3; rounds with additions with at least 5 support: 0; clusters: 5377
polytomy of size 3; rounds with additions with at least 5 support: 0; clusters: 5377
polytomy of size 3; rounds with additions with at least 5 support: 0; clusters: 5377
polytomy of size 5; rounds with additions with at least 5 support: 0; clusters: 5377
polytomy of size 3; rounds with additions with at least 5 support: 0; clusters: 5377
polytomy of size 4; rounds with additions with at least 5 support: 0; clusters: 5377
polytomy of size 4; rounds with additions with at least 5 support: 0; clusters: 5377
polytomy of size 4; rounds with additions with at least 5 support: 0; clusters: 5377
polytomy of size 5; rounds with additions with at least 5 support: 0; clusters: 5377
polytomy of size 6; rounds with additions with at least 5 support: 0; clusters: 5377
polytomy of size 3; rounds with additions with at least 5 support: 0; clusters: 5377
polytomy of size 3; rounds with additions with at least 5 support: 0; clusters: 5377
polytomy of size 3; rounds with additions with at least 5 support: 0; clusters: 5377
polytomy of size 3; rounds with additions with at least 5 support: 0; clusters: 5377
polytomy of size 4; rounds with additions with at least 5 support: 0; clusters: 5377
polytomy of size 21; rounds with additions with at least 5 support: 0; clusters: 5381
max k is :4
Number of Clusters after addition by greedy: 5381
gradient0 in heuristiic: 5381
partitions formed in 9.272 secs
Dynamic Programming starting after 9.272 secs
Using tree-based weight calculation.
Using polytree-based weight calculation.
Polytree max score: 3299916708
Polytree building time: 0.307 seconds.
Number of quartet trees in the gene trees: 3299916708
Size of largest cluster: 201
Greedy score: 2194149864
estimationFactor: 1.5039614030666777
Sub-optimal score: 2421158197
Total Number of elements weighted: 8786
Normalized score (portion of input quartet trees satisfied before correcting for multiple individuals): 0.7560191904092144
Optimization score: 2494800358
Optimal tree inferred in 13.812 secs.
(164,(16,((66,128),((51,(160,(14,(58,8)))),((76,190),(((69,31),(125,(77,9))),((((118,70),(186,184)),((197,(47,((15,165),(110,30)))),(62,(2,(111,(67,(29,(84,108)))))))),((((60,(185,48)),((200,18),(191,196))),((133,(40,(143,(138,198)))),(174,(((49,((126,105),(121,(59,32)))),((183,(169,(52,81))),((154,157),(106,(22,(172,99)))))),(((27,92),(140,(98,147))),(162,(((135,83),(117,(95,109))),((131,90),((150,96),((42,24),(168,37))))))))))),((199,(175,(115,85))),((0,((54,(91,12)),(((152,(41,(28,187))),(158,((56,4),(35,134)))),(((142,(19,163)),((34,159),(123,(153,57)))),(55,(((176,79),(149,((102,71),(144,151)))),((155,(192,(87,21))),(7,(65,(141,(122,136))))))))))),((((1,89),(6,(44,(161,(193,107))))),((80,((181,104),(130,(10,139)))),((129,68),((112,148),(100,(64,(177,(94,101)))))))),(((11,(17,145)),((127,(88,103)),(86,(25,93)))),((((173,78),(189,(171,3))),((36,((188,120),(119,(180,(72,156))))),(124,(146,(113,(166,(194,(179,(43,74))))))))),((82,((182,(61,33)),((132,23),(167,20)))),(((26,137),(39,(178,53))),((116,(75,45)),((46,(97,(13,(114,63)))),(73,(5,((38,50),(195,170)))))))))))))))))))));
Final quartet score is: 2494800358
Final normalized quartet score is: 0.7560191904092144
Extended species tree:
(174,((((49,((126,105)1:3.5263605246161593,(121,(59,32)1:1.1280062203660768)1:0.41284521540578695)1:0.6906365088921335)1:0.6212688099957827,((183,(169,(52,81)1:0.7540875087720569)0.89:0.19361228991464866)1:1.8841327893590694,((154,157)1:3.5263605246161593,(106,(22,(172,99)1:1.2232705086121458)1:0.9621924171943611)0.99:0.32842027628113296)0.54:0.05722521981786304)1:0.49674559345887476)0.94:0.21657978159761504,(((27,92)0.49:0.040786564308910346,(140,(98,147)1:2.429433156312971)0.65:0.09385565590438062)1:0.588272746636922,(162,(((135,83)1:1.721646776795413,(117,(95,109)0.81:0.15662948730343806)0.48:0.06429845391759688)1:0.5229560732329382,((131,90)0.5:0.04453604382782898,((150,96)1:1.35803969346229,((42,24)0.76:0.12643298439448178,(168,37)1:1.1740188503685272)1:0.4939996519320138)0.5:0.049234106037487534)1:1.0384589550973387)1:0.5103407879782336)1:0.4757623098359573)1:1.1231428348764068)1:0.9748444457733236,((133,(40,(143,(138,198)1:1.3268937938742522)0.76:0.12516314295400605)1:2.0600234558227326)1:1.5431345203698827,(((60,(185,48)1:0.34830669426821587)1:1.6355101527438756,((200,18)1:1.3291359472799418,(191,196)1:1.2761379589369815)1:0.8754687373539003)1:3.3179592550391543,(((199,(175,(115,85)1:0.4353180712578455)1:3.5263605246161593)1:0.7465871587376682,((0,((54,(91,12)1:1.5804503755608483)1:3.5263605246161593,(((152,(41,(28,187)1:1.0418748388419552)0.67:0.10880028574352585)1:2.695113410071489,(158,((56,4)1:1.084013489246957,(35,134)0.99:0.32748023905148027)1:1.8216124323777365)1:1.4506694969127636)0.65:0.09033946168031774,(((142,(19,163)1:0.7537718023763802)1:3.120895416507997,((34,159)1:2.14006616349627,(123,(153,57)0.91:0.19361503525546223)0.97:0.25840303288006455)1:1.1347654774138505)1:1.306142771722043,(55,(((176,79)1:3.5263605246161593,(149,((102,71)0.98:0.2682639865946794,(144,151)0.55:0.07629240834582425)1:1.9682159065696114)1:0.8688804213413247)1:1.385948192461653,((155,(192,(87,21)1:1.0414538748281608)1:3.5263605246161593)1:0.5505121316593101,(7,(65,(141,(122,136)1:0.3904272307436237)1:0.36936010346604814)1:2.2242984743156358)1:1.491859146005267)0.38:0.007893895777978364)0.61:0.08035462623212153)0.54:0.05538932648398324)0.89:0.17962902016237525)0.95:0.23263468783641292)1:0.48622983747371673)0.38:0.006969343418671525,((((1,89)1:2.4277482359480516,(6,(44,(161,(193,107)1:0.9606344680864525)1:0.5819215454497209)1:0.9614111671546247)1:1.9304152922265354)1:0.7579939246050086,((80,((181,104)1:2.8340640459365276,(130,(10,139)1:0.6348670616107964)1:0.5056867893974775)0.89:0.1823215567939546)1:3.189888287994948,((129,68)1:1.4391368424942705,((112,148)1:1.1845547184688336,(100,(64,(177,(94,101)0.44:0.030006020469946226)1:1.1754688264563047)0.89:0.1805224558589074)0.88:0.18970166409157713)1:1.8461535412938541)0.46:0.04604251925543807)1:1.9291276777728688)0.88:0.17516241953199865,(((11,(17,145)0.85:0.1590646946296874)1:0.9614111671546247,((127,(88,103)1:1.129843611787912)1:1.0020688096324357,(86,(25,93)0.94:0.22921512491731538)1:0.9723185633438176)0.53:0.054854265355098186)1:2.955440392329804,((((173,78)1:1.6292405397302794,(189,(171,3)1:1.7329189692051215)0.86:0.17645643734155653)1:2.6886321152451087,((36,((188,120)0.4:0.014623753152776543,(119,(180,(72,156)1:1.0410330879505025)0.87:0.17458802628152903)0.69:0.1195946303547341)1:0.34830669426821587)1:2.772588722239782,(124,(146,(113,(166,(194,(179,(43,74)0.95:0.2294897825848521)0.8:0.14231446573123321)1:0.8170639350459862)0.8:0.1488167655669145)1:1.286857968545772)0.4:0.014480029917884212)1:0.9061878763914304)0.86:0.17885341461163895)1:1.126256548165121,((82,((182,(61,33)0.98:0.2678755616529149)1:1.3573068242466386,((132,23)1:2.14006616349627,(167,20)1:0.9981982956552333)0.62:0.10863384100279554)1:1.2802635428867701)1:0.7158708446284918,(((26,137)1:1.488813335106393,(39,(178,53)1:1.4462878689993157)1:1.0444345029662996)1:1.0883913606620566,((116,(75,45)1:1.5804503755608483)1:2.2501914290857368,((46,(97,(13,(114,63)0.98:0.26845825565794196)1:0.41284521540578695)1:1.190985608799125)1:1.6378299549441062,(73,(5,((38,50)1:0.6641596436866931,(195,170)1:0.39053531072514397)0.69:0.10855020448704389)1:1.8710671529802234)1:0.735466683815811)1:0.5378557325217379)0.43:0.037769258747009885)1:0.3938276929010266)1:0.5331813836439014)1:0.37313396098577584)1:0.5783582141278971)0.88:0.17411579745627867)0.79:0.13502757631188395)0.76:0.13044909791224127,((((118,70)1:0.8183103235139515,(186,184)0.99:0.30748469974796055)1:3.5263605246161593,((197,(47,((15,165)1:0.8876658423303533,(110,30)1:0.8176337335016725)1:0.6934473456529988)1:1.3328465266764775)0.34:0.0,(62,(2,(111,(67,(29,(84,108)0.63:0.09221041388320037)1:1.3285720904846245)0.82:0.14850604323321112)0.88:0.1762765165062385)0.67:0.09877889351132742)1:1.7856507147397347)1:1.194435250635197)0.51:0.04727829856463388,(((69,31)1:0.6358942889458227,(125,(77,9)1:2.82817555002626)0.54:0.060624621816434854)1:1.7603459549900382,((76,190)1:2.8332133440562166,((51,(160,(14,(58,8)0.54:0.06487527817055667)0.93:0.21226681769625086)1:0.9116496575955608)1:2.077604993872536,((66,128)1:0.392965177173615,(16,164)1:1.2769406345653618)1:0.6401350822996963)0.68:0.09884583463663248)1:2.7874880749431257)0.85:0.16276149065395196)1:0.6163322374600724)0.75:0.13061238871821076)0.88:0.18100498184973984)0.58:0.10110487786093522));
Weight calculation took 3.497973005 secs
ASTRAL finished in 15.445 secs
