
================== ASTRAL ===================== 

This is ASTRAL version 5.7.8
Gene trees are treated as unrooted
50 trees read from Dataset/AstralII_data/model.200.2000000.0.000001/01/estimatedgenetre.halfresolved_50
index0
All output trees will be *arbitrarily* rooted at 8

======== Running the main analysis
Number of taxa: 201 (201 species)
Taxa: [8, 10, 50, 24, 88, 38, 132, 154, 75, 92, 136, 9, 3, 102, 165, 151, 6, 67, 41, 45, 130, 12, 47, 198, 121, 95, 76, 124, 51, 79, 81, 186, 98, 107, 131, 195, 123, 104, 168, 16, 118, 109, 146, 83, 148, 74, 62, 15, 193, 99, 43, 137, 78, 26, 106, 66, 134, 82, 157, 31, 72, 49, 188, 149, 119, 184, 143, 42, 183, 44, 159, 19, 14, 110, 40, 185, 13, 111, 173, 53, 153, 156, 196, 22, 128, 30, 77, 70, 85, 46, 152, 181, 182, 89, 7, 135, 161, 187, 150, 37, 61, 179, 28, 87, 100, 122, 126, 59, 120, 23, 69, 158, 29, 71, 96, 172, 178, 39, 65, 60, 166, 86, 68, 63, 34, 114, 167, 58, 139, 25, 57, 189, 84, 101, 55, 5, 163, 80, 2, 21, 190, 1, 33, 113, 36, 0, 48, 145, 127, 171, 176, 199, 169, 108, 54, 52, 162, 160, 197, 94, 20, 192, 138, 200, 141, 180, 142, 117, 105, 175, 32, 18, 191, 93, 17, 91, 147, 11, 164, 103, 174, 64, 90, 170, 125, 97, 133, 27, 177, 129, 144, 194, 115, 116, 35, 155, 4, 140, 56, 73, 112]
Taxon occupancy: {110=50, 111=50, 112=50, 113=50, 114=50, 115=50, 116=50, 117=50, 118=50, 119=50, 10=50, 11=50, 12=50, 13=50, 14=50, 15=50, 16=50, 17=50, 18=50, 19=50, 120=50, 121=50, 0=50, 122=50, 1=50, 123=50, 2=50, 3=50, 124=50, 125=50, 4=50, 126=50, 5=50, 6=50, 127=50, 128=50, 7=50, 8=50, 129=50, 9=50, 20=50, 21=50, 22=50, 23=50, 24=50, 25=50, 26=50, 27=50, 28=50, 29=50, 130=50, 131=50, 132=50, 133=50, 134=50, 135=50, 136=50, 137=50, 138=50, 139=50, 30=50, 31=50, 32=50, 33=50, 34=50, 35=50, 36=50, 37=50, 38=50, 39=50, 140=50, 141=50, 142=50, 143=50, 144=50, 145=50, 146=50, 147=50, 148=50, 149=50, 40=50, 41=50, 42=50, 43=50, 44=50, 45=50, 46=50, 47=50, 48=50, 49=50, 150=50, 151=50, 152=50, 153=50, 154=50, 155=50, 156=50, 157=50, 158=50, 159=50, 50=50, 51=50, 52=50, 53=50, 54=50, 55=50, 56=50, 57=50, 58=50, 59=50, 160=50, 161=50, 162=50, 163=50, 164=50, 165=50, 166=50, 167=50, 168=50, 169=50, 60=50, 61=50, 62=50, 63=50, 64=50, 65=50, 66=50, 67=50, 68=50, 69=50, 170=50, 171=50, 172=50, 173=50, 174=50, 175=50, 176=50, 177=50, 178=50, 179=50, 70=50, 71=50, 72=50, 73=50, 74=50, 75=50, 76=50, 77=50, 78=50, 79=50, 180=50, 181=50, 182=50, 183=50, 184=50, 185=50, 186=50, 187=50, 188=50, 189=50, 80=50, 81=50, 82=50, 83=50, 84=50, 85=50, 86=50, 87=50, 88=50, 89=50, 190=50, 191=50, 192=50, 193=50, 194=50, 195=50, 196=50, 197=50, 198=50, 199=50, 90=50, 91=50, 92=50, 93=50, 94=50, 95=50, 96=50, 97=50, 98=50, 99=50, 200=50, 100=50, 101=50, 102=50, 103=50, 104=50, 105=50, 106=50, 107=50, 108=50, 109=50}
Number of gene trees: 50
0 trees have missing taxa
Calculating quartet distance matrix (for completion of X)
Species tree distances calculated ...
Building set of clusters (X) from gene trees 
------------------------------
gradient0: 5747
Number of Clusters after addition by distance: 5747
calculating extra bipartitions to be added at level 1 ...
Adding to X using resolutions of greedy consensus ...
Limit for sigma of degrees:5075
polytomy size limit : 23
discarded polytomies:  [3, 3, 3, 3, 3, 3, 3, 3, 3, 3, 3, 3, 3, 4, 4, 4, 4, 5, 5, 7, 7, 7, 19, 23]
Threshold 0.0:
Threshold 0.01:
Threshold 0.02:
Threshold 0.05:
polytomy of size 3; rounds with additions with at least 5 support: 0; clusters: 5747
Threshold 0.1:
polytomy of size 5; rounds with additions with at least 5 support: 0; clusters: 5747
polytomy of size 7; rounds with additions with at least 5 support: 1; clusters: 5751
Threshold 0.2:
polytomy of size 3; rounds with additions with at least 5 support: 0; clusters: 5751
polytomy of size 4; rounds with additions with at least 5 support: 0; clusters: 5751
polytomy of size 3; rounds with additions with at least 5 support: 0; clusters: 5751
polytomy of size 3; rounds with additions with at least 5 support: 0; clusters: 5751
polytomy of size 3; rounds with additions with at least 5 support: 0; clusters: 5751
polytomy of size 19; rounds with additions with at least 5 support: 0; clusters: 5755
Threshold 0.3333333333333333:
polytomy of size 3; rounds with additions with at least 5 support: 0; clusters: 5755
polytomy of size 3; rounds with additions with at least 5 support: 0; clusters: 5755
polytomy of size 4; rounds with additions with at least 5 support: 0; clusters: 5755
polytomy of size 4; rounds with additions with at least 5 support: 0; clusters: 5755
polytomy of size 3; rounds with additions with at least 5 support: 0; clusters: 5755
polytomy of size 7; rounds with additions with at least 5 support: 0; clusters: 5757
polytomy of size 3; rounds with additions with at least 5 support: 0; clusters: 5757
polytomy of size 5; rounds with additions with at least 5 support: 0; clusters: 5757
polytomy of size 3; rounds with additions with at least 5 support: 0; clusters: 5757
polytomy of size 4; rounds with additions with at least 5 support: 0; clusters: 5757
polytomy of size 3; rounds with additions with at least 5 support: 0; clusters: 5757
polytomy of size 3; rounds with additions with at least 5 support: 0; clusters: 5757
polytomy of size 7; rounds with additions with at least 5 support: 0; clusters: 5757
polytomy of size 3; rounds with additions with at least 5 support: 0; clusters: 5757
polytomy of size 23; rounds with additions with at least 5 support: 0; clusters: 5761
max k is :2
Number of Clusters after addition by greedy: 5761
gradient0 in heuristiic: 5761
partitions formed in 8.218 secs
Dynamic Programming starting after 8.219 secs
Using tree-based weight calculation.
Using polytree-based weight calculation.
Polytree max score: 3299917500
Polytree building time: 0.151 seconds.
Number of quartet trees in the gene trees: 3299917500
Size of largest cluster: 201
Greedy score: 2544932031
estimationFactor: 1.2966623311756336
Sub-optimal score: 2579445279
Total Number of elements weighted: 8514
Normalized score (portion of input quartet trees satisfied before correcting for multiple individuals): 0.7929327930167951
Optimization score: 2616612800
Optimal tree inferred in 10.397 secs.
(142,((105,(117,175)),(((94,20),(138,((160,192),(197,(200,141))))),(((93,17),((108,54),(52,162))),(180,((32,(18,191)),((127,(169,(176,(171,199)))),((48,145),(((((58,(114,167)),(57,(139,25))),((2,((21,190),(1,33))),(5,((163,80),(55,(101,(189,84))))))),(((73,112),(4,(140,56))),(91,((147,11),((35,(116,(155,(194,115)))),(((97,133),((129,144),(27,177))),(64,(125,((90,170),(174,(164,103))))))))))),((((63,34),(113,36)),((172,178),((39,65),(68,(166,(60,86)))))),(0,((((69,((158,29),(71,96))),((179,28),((87,100),((122,126),(59,(120,23)))))),((181,((30,77),(152,(70,(85,46))))),((150,(187,(37,61))),((182,89),(161,(7,135)))))),(128,((31,((134,(82,157)),((72,49),((188,149),(119,(184,143)))))),(((8,(10,50)),((24,88),((38,92),(132,(154,75))))),((((53,153),(44,159)),((42,183),((196,22),((19,(110,(14,40))),(156,((185,13),(111,173))))))),((83,((148,74),(146,(118,109)))),(((62,(15,193)),((99,43),(26,(106,(137,78))))),(66,((3,(102,(165,151))),(16,((186,((76,(124,(51,79))),(98,((107,195),(123,(131,(104,168))))))),(((121,95),(136,9)),((6,(67,41)),(81,((45,130),(198,(12,47))))))))))))))))))))))))))));
Final quartet score is: 2616612800
Final normalized quartet score is: 0.7929327930167951
Extended species tree:
(8,((10,50)1:1.5847887771594464,(((24,88)1:2.938573859714043,((38,92)1:1.6805338341178306,(132,(154,75)1:0.39086630868701183)1:1.2745318132450902)1:1.0403090550122276)1:0.6312684917635868,(((((53,153)1:0.43612596558305017,(44,159)1:1.9317528507450858)1:0.5658244646928083,((42,183)1:3.359306439952999,((196,22)1:3.5263605246161593,((19,(110,(14,40)0.67:0.09678185041578104)1:2.02171927104457)1:0.47820712069856314,(156,((185,13)1:0.9263063828660115,(111,173)1:2.5919606459521587)0.44:0.04645570626392364)0.9:0.18870678877381392)0.9:0.188448648274291)0.93:0.2110146512653741)0.99:0.30781578221769773)1:0.8667941388977791,((83,((148,74)1:2.320858278238328,(146,(118,109)1:0.7553513320050478)0.85:0.1686104627129426)0.99:0.31983414549342903)1:0.7034869800355462,(((62,(15,193)0.75:0.12516314295400605)1:2.0794415416798353,((99,43)1:2.8280982433894466,(26,(106,(137,78)1:1.0414538748281608)1:0.7230001437096266)1:0.9689344653595771)1:0.9575125267389675)1:0.6990437411828739,(66,((3,(102,(165,151)1:0.4818380868927383)1:1.3868917327027692)1:2.7301834774748626,(16,((186,((76,(124,(51,79)1:0.8173007323125988)1:0.4818380868927383)1:2.565082050917731,(98,((107,195)1:0.6785483811387927,(123,(131,(104,168)0.87:0.23127216164079062)1:0.530247612854187)0.63:0.08701137698962969)1:2.195028688065558)1:0.6389903429696633)1:0.45978524028705753)0.63:0.107734065625493,(((121,95)1:1.0508037091964875,(136,9)1:3.120895416507997)0.99:0.34405549913011546,((6,(67,41)0.83:0.19271405312405615)1:1.511804786591713,(81,((45,130)1:2.6790626642289563,(198,(12,47)1:0.4353180712578455)1:1.4469189829363254)1:1.7962946243934468)0.42:0.023476032662488513)0.57:0.06736781067805482)0.77:0.12745647278626976)1:0.4364325782039363)0.48:0.0668556170167315)0.73:0.11509521675747805)0.66:0.09970289054903675)0.82:0.17199386453675727)0.5:0.04407692239564573)0.97:0.25920232950657607,((31,((134,(82,157)1:0.6931471805599453)1:1.2942251817708683,((72,49)1:0.5058350652040885,((188,149)1:1.2933150998054574,(119,(184,143)1:0.8869425096949185)1:1.3319744391091197)1:0.45631166051368527)1:0.3634291910042965)1:0.7718381559137096)1:0.4511860857326192,(128,((((69,((158,29)1:3.5263605246161593,(71,96)1:1.9240545833193319)1:0.9953397857261401)0.64:0.08626337500137293,((179,28)1:2.8332133440562166,((87,100)1:3.5263605246161593,((122,126)1:1.5804503755608483,(59,(120,23)1:0.6931471805599453)1:0.70765771327436)1:1.5569198781506544)1:0.7182136375312242)1:0.9442645440781214)1:0.7838032227820225,((181,((30,77)1:2.079139928044613,(152,(70,(85,46)1:0.6931471805599453)1:1.1275427425272755)0.49:0.05296174907086576)0.52:0.051804101154076715)1:0.9181103808967677,((150,(187,(37,61)1:0.7559838430950788)1:0.8183103235139515)1:0.6411137598067005,((182,89)1:2.4277482359480516,(161,(7,135)1:0.5819215454497209)1:2.815513766956816)0.98:0.2873247016758014)0.88:0.1771475926147352)1:2.554582734570915)0.97:0.24917456382795,(0,((((63,34)1:3.5263605246161593,(113,36)1:1.9169226121820613)1:0.8036910759722362,((172,178)1:3.5263605246161593,((39,65)1:2.4277482359480516,(68,(166,(60,86)1:0.6359887667199969)1:0.391528633471131)1:1.0408842365330653)1:2.14006616349627)1:1.5543392315571622)1:1.0750403954218177,(((((58,(114,167)1:1.7524359230241406)0.64:0.10318423623523088,(57,(139,25)1:1.0414538748281608)1:1.6292405397302803)1:1.0840134892469575,((2,((21,190)1:1.4469189829363254,(1,33)1:1.1312378968472643)1:0.9669208229655943)0.57:0.07523384212688551,(5,((163,80)1:0.4568774855562903,(55,(101,(189,84)0.84:0.15889055444639996)0.91:0.19415601444095737)1:0.818424290121859)0.99:0.3389008959813397)1:1.325790579251092)1:0.935584121172518)1:2.9316027330604,(((73,112)1:2.14006616349627,(4,(140,56)0.57:0.12516314295400605)1:2.14006616349627)1:1.1615482530493653,(91,((147,11)1:2.8167746177130537,((35,(116,(155,(194,115)0.66:0.09237332013101504)0.73:0.12186908194930018)1:0.4054651081081643)1:2.6705867070341793,(((97,133)1:0.9609181920398837,((129,144)1:1.1275427425272755,(27,177)1:0.751553452552065)1:0.6914141431672958)1:1.4676854579431726,(64,(125,((90,170)1:0.4818380868927383,(174,(164,103)0.91:0.19379532913497322)1:0.8351174418303327)1:1.0630529866316225)0.98:0.2837681731306446)1:2.048160116336149)0.37:0.0018561244971539773)1:1.0108324762189183)0.72:0.137731506920611)0.93:0.21705706956391888)1:1.3029897829863712)0.97:0.2542249470005105,((48,145)1:3.5263605246161593,((127,(169,(176,(171,199)0.5:0.06078246255545715)1:1.1740188503685278)1:0.420280193893305)1:2.1389891574686324,((32,(18,191)1:1.7346010553881062)1:2.538973871058275,(180,(((93,17)1:1.025660446760355,((108,54)1:0.41668789644529297,(52,162)1:0.7196217621179993)1:0.6187241319975882)0.98:0.26661024758723795,(((94,20)1:1.189983269924694,(138,((160,192)1:1.490366302695262,(197,(200,141)1:1.1335285537743378)0.96:0.24921579162398458)0.52:0.05455334577800937)1:0.8847527861076924)1:0.4597595679938786,((105,(117,175)1:0.34788590739055736)1:0.7559950842196087,142)1:1.3483523266999076)0.41:0.020239027149554226)0.99:0.3040291386208059)0.95:0.22395859473127974)1:2.445447813047453)1:0.4588461090095138)1:1.190759074505573)0.98:0.2916243130255001)0.7:0.14169706627340503)0.93:0.20827766622232066)0.98:0.28364525421353876)1:0.3913499945695458)1:0.3988502076582316)1:1.2855978161285164)1:1.2542269283823624));
Weight calculation took 1.550530562 secs
ASTRAL finished in 11.724 secs
