
================== ASTRAL ===================== 

This is ASTRAL version 5.7.8
Gene trees are treated as unrooted
200 trees read from Dataset/AstralII_data/model.200.2000000.0.000001/01/estimatedgenetre.halfresolved_200
index0
All output trees will be *arbitrarily* rooted at 8

======== Running the main analysis
Number of taxa: 201 (201 species)
Taxa: [8, 10, 50, 24, 88, 38, 132, 154, 75, 92, 136, 9, 3, 102, 165, 151, 6, 67, 41, 45, 130, 12, 47, 198, 121, 95, 76, 124, 51, 79, 81, 186, 98, 107, 131, 195, 123, 104, 168, 16, 118, 109, 146, 83, 148, 74, 62, 15, 193, 99, 43, 137, 78, 26, 106, 66, 134, 82, 157, 31, 72, 49, 188, 149, 119, 184, 143, 42, 183, 44, 159, 19, 14, 110, 40, 185, 13, 111, 173, 53, 153, 156, 196, 22, 128, 30, 77, 70, 85, 46, 152, 181, 182, 89, 7, 135, 161, 187, 150, 37, 61, 179, 28, 87, 100, 122, 126, 59, 120, 23, 69, 158, 29, 71, 96, 172, 178, 39, 65, 60, 166, 86, 68, 63, 34, 114, 167, 58, 139, 25, 57, 189, 84, 101, 55, 5, 163, 80, 2, 21, 190, 1, 33, 113, 36, 0, 48, 145, 127, 171, 176, 199, 169, 108, 54, 52, 162, 160, 197, 94, 20, 192, 138, 200, 141, 180, 142, 117, 105, 175, 32, 18, 191, 93, 17, 91, 147, 11, 164, 103, 174, 64, 90, 170, 125, 97, 133, 27, 177, 129, 144, 194, 115, 116, 35, 155, 4, 140, 56, 73, 112]
Taxon occupancy: {110=200, 111=200, 112=200, 113=200, 114=200, 115=200, 116=200, 117=200, 118=200, 119=200, 10=200, 11=200, 12=200, 13=200, 14=200, 15=200, 16=200, 17=200, 18=200, 19=200, 120=200, 121=200, 0=200, 122=200, 1=200, 123=200, 2=200, 3=200, 124=200, 125=200, 4=200, 126=200, 5=200, 6=200, 127=200, 128=200, 7=200, 8=200, 129=200, 9=200, 20=200, 21=200, 22=200, 23=200, 24=200, 25=200, 26=200, 27=200, 28=200, 29=200, 130=200, 131=200, 132=200, 133=200, 134=200, 135=200, 136=200, 137=200, 138=200, 139=200, 30=200, 31=200, 32=200, 33=200, 34=200, 35=200, 36=200, 37=200, 38=200, 39=200, 140=200, 141=200, 142=200, 143=200, 144=200, 145=200, 146=200, 147=200, 148=200, 149=200, 40=200, 41=200, 42=200, 43=200, 44=200, 45=200, 46=200, 47=200, 48=200, 49=200, 150=200, 151=200, 152=200, 153=200, 154=200, 155=200, 156=200, 157=200, 158=200, 159=200, 50=200, 51=200, 52=200, 53=200, 54=200, 55=200, 56=200, 57=200, 58=200, 59=200, 160=200, 161=200, 162=200, 163=200, 164=200, 165=200, 166=200, 167=200, 168=200, 169=200, 60=200, 61=200, 62=200, 63=200, 64=200, 65=200, 66=200, 67=200, 68=200, 69=200, 170=200, 171=200, 172=200, 173=200, 174=200, 175=200, 176=200, 177=200, 178=200, 179=200, 70=200, 71=200, 72=200, 73=200, 74=200, 75=200, 76=200, 77=200, 78=200, 79=200, 180=200, 181=200, 182=200, 183=200, 184=200, 185=200, 186=200, 187=200, 188=200, 189=200, 80=200, 81=200, 82=200, 83=200, 84=200, 85=200, 86=200, 87=200, 88=200, 89=200, 190=200, 191=200, 192=200, 193=200, 194=200, 195=200, 196=200, 197=200, 198=200, 199=200, 90=200, 91=200, 92=200, 93=200, 94=200, 95=200, 96=200, 97=200, 98=200, 99=200, 200=200, 100=200, 101=200, 102=200, 103=200, 104=200, 105=200, 106=200, 107=200, 108=200, 109=200}
Number of gene trees: 200
0 trees have missing taxa
Calculating quartet distance matrix (for completion of X)
Species tree distances calculated ...
Building set of clusters (X) from gene trees 
------------------------------
gradient0: 14961
Number of Clusters after addition by distance: 14961
calculating extra bipartitions to be added at level 1 ...
Adding to X using resolutions of greedy consensus ...
Limit for sigma of degrees:5075
polytomy size limit : 24
discarded polytomies:  [3, 3, 3, 3, 3, 3, 3, 3, 3, 3, 3, 3, 3, 4, 4, 4, 4, 4, 5, 5, 6, 6, 7, 7, 20, 24]
Threshold 0.0:
Threshold 0.01:
Threshold 0.02:
Threshold 0.05:
polytomy of size 3; rounds with additions with at least 5 support: 0; clusters: 14961
polytomy of size 5; rounds with additions with at least 5 support: 0; clusters: 14961
Threshold 0.1:
polytomy of size 3; rounds with additions with at least 5 support: 0; clusters: 14961
polytomy of size 3; rounds with additions with at least 5 support: 0; clusters: 14961
polytomy of size 4; rounds with additions with at least 5 support: 0; clusters: 14961
polytomy of size 5; rounds with additions with at least 5 support: 0; clusters: 14961
polytomy of size 6; rounds with additions with at least 5 support: 0; clusters: 14961
Threshold 0.2:
polytomy of size 4; rounds with additions with at least 5 support: 0; clusters: 14961
polytomy of size 6; rounds with additions with at least 5 support: 0; clusters: 14961
polytomy of size 3; rounds with additions with at least 5 support: 0; clusters: 14961
polytomy of size 3; rounds with additions with at least 5 support: 0; clusters: 14961
polytomy of size 20; rounds with additions with at least 5 support: 0; clusters: 14965
Threshold 0.3333333333333333:
polytomy of size 3; rounds with additions with at least 5 support: 0; clusters: 14965
polytomy of size 3; rounds with additions with at least 5 support: 0; clusters: 14965
polytomy of size 4; rounds with additions with at least 5 support: 0; clusters: 14965
polytomy of size 4; rounds with additions with at least 5 support: 0; clusters: 14965
polytomy of size 3; rounds with additions with at least 5 support: 0; clusters: 14965
polytomy of size 7; rounds with additions with at least 5 support: 0; clusters: 14965
polytomy of size 3; rounds with additions with at least 5 support: 0; clusters: 14965
polytomy of size 3; rounds with additions with at least 5 support: 0; clusters: 14965
polytomy of size 7; rounds with additions with at least 5 support: 0; clusters: 14965
polytomy of size 3; rounds with additions with at least 5 support: 0; clusters: 14965
polytomy of size 3; rounds with additions with at least 5 support: 0; clusters: 14965
polytomy of size 4; rounds with additions with at least 5 support: 0; clusters: 14965
polytomy of size 3; rounds with additions with at least 5 support: 0; clusters: 14965
polytomy of size 24; rounds with additions with at least 5 support: 0; clusters: 14965
max k is :0
Number of Clusters after addition by greedy: 14965
gradient0 in heuristiic: 14965
partitions formed in 7.381 secs
Dynamic Programming starting after 7.381 secs
Using tree-based weight calculation.
Using polytree-based weight calculation.
Polytree max score: 13199670000
Polytree building time: 0.263 seconds.
Number of quartet trees in the gene trees: 13199670000
Size of largest cluster: 201
Greedy score: 9794695697
estimationFactor: 1.3476345165111054
Sub-optimal score: 9877968958
Total Number of elements weighted: 35160
Normalized score (portion of input quartet trees satisfied before correcting for multiple individuals): 0.7844006669106122
Optimization score: 10353829951
Optimal tree inferred in 24.426 secs.
(142,((105,(117,175)),((((93,17),((52,162),(108,54))),((94,20),((160,192),(138,(197,(200,141)))))),(180,((32,(18,191)),((127,(169,(176,(171,199)))),((48,145),(((((58,(114,167)),(57,(139,25))),((2,((21,190),(1,33))),(5,((163,80),(55,(101,(189,84))))))),(((73,112),(56,(4,140))),((147,11),(91,((35,(116,(155,(194,115)))),(((97,133),((129,144),(27,177))),(64,(125,((90,170),(174,(164,103))))))))))),((((63,34),(113,36)),((172,178),((39,65),(68,(166,(60,86)))))),(0,((((69,((158,29),(71,96))),((179,28),((87,100),((122,126),(59,(120,23)))))),(((30,77),(181,(152,(70,(85,46))))),((150,(187,(37,61))),((182,89),(161,(7,135)))))),(128,((31,((134,(82,157)),((72,49),((188,149),(119,(184,143)))))),(((8,(10,50)),((24,88),((38,92),(132,(154,75))))),((((53,153),(44,159)),((42,183),((196,22),((19,(40,(14,110))),((111,173),(156,(185,13))))))),((83,((148,74),(146,(118,109)))),(((62,(15,193)),((99,43),(26,(106,(137,78))))),(66,((3,(102,(165,151))),(16,((186,((76,(124,(51,79))),(98,((107,195),(123,(131,(104,168))))))),(((136,9),(121,95)),((6,(67,41)),(81,((45,130),(198,(12,47)))))))))))))))))))))))))));
Final quartet score is: 10353829951
Final normalized quartet score is: 0.7844006669106122
Extended species tree:
(8,((10,50)1:1.6115885726099397,(((24,88)1:3.5164543751841,((38,92)1:1.8058701328034035,(132,(154,75)1:0.3868692994831175)1:1.1903839602640394)1:0.9160407246611069)1:0.8133986819557513,(((((53,153)1:0.4047929346431742,(44,159)1:2.2256184397762264)1:0.615567386870521,((42,183)1:4.045855507830083,((196,22)1:3.6730329087221323,((19,(40,(14,110)0.48:0.021486540891074168)1:2.0640294409515914)1:0.4661883627426352,((111,173)1:2.1582074393442525,(156,(185,13)1:1.4333673211979572)0.77:0.0978100655473313)1:0.24103957072597273)1:0.1633209700056748)1:0.18829362534592245)1:0.20685120370990911)1:1.0255658766019042,((83,((148,74)1:3.0487959485008047,(146,(118,109)1:0.678257825399747)0.96:0.1269606250582431)1:0.23807621535864712)1:0.8405614133508291,(((62,(15,193)0.99:0.14433669030931212)1:2.118977395695396,((99,43)1:2.0989962089055,(26,(106,(137,78)1:1.1368746190640209)1:0.8547885321163611)1:0.8086223188895844)1:0.9368199718145)1:0.8504871132905035,(66,((3,(102,(165,151)1:0.45536681246899985)1:1.160170181667543)1:2.9011248763028106,(16,((186,((76,(124,(51,79)1:0.7232971419732276)1:0.34923996545121416)1:3.1187331403939322,(98,((107,195)1:0.7043849835543567,(123,(131,(104,168)1:0.4101117986245951)1:0.5411309732613198)0.41:0.01247705650286677)1:1.8440939513928603)1:0.7995847649486325)1:0.48647178754668946)1:0.2486200301571226,(((136,9)1:3.799227511282799,(121,95)1:0.9721041376283451)1:0.5811084738880492,((6,(67,41)0.98:0.14377079629051037)1:1.6950298427695036,(81,((45,130)1:2.760578687382249,(198,(12,47)1:0.5031412687185766)1:1.4454256574420676)1:1.3036937689205141)0.47:0.035138055237634004)1:0.20961657554561433)0.68:0.054711261573353584)1:0.35259228440258045)0.97:0.15007973905106364)0.46:0.0194056050866334)1:0.17997888721014899)0.89:0.09365491003137288)0.58:0.037625092786412954)1:0.3051898313237225,((31,((134,(82,157)1:0.7080320240271791)1:1.185773874478731,((72,49)1:0.46333564967587826,((188,149)1:1.0907994526283913,(119,(184,143)1:1.0910650830327266)1:1.6790660211055553)1:0.49077487444680384)1:0.5066752874716022)1:0.7749548708772648)1:0.5813675400016418,(128,((((69,((158,29)1:4.204692619390971,(71,96)1:2.3356274920964157)1:1.1434258285213732)0.58:0.05185892605830149,((179,28)1:3.51154543883102,((87,100)1:4.426548340520745,((122,126)1:1.4530487581806617,(59,(120,23)1:0.7544646022344254)1:0.5282627902347599)1:1.530455100824187)1:0.5529932535888163)1:0.8827363399425298)1:0.5854762304874501,(((30,77)1:1.8525322017199848,(181,(152,(70,(85,46)1:0.7869659357776003)1:1.6804879784256845)0.89:0.09033981320256246)0.6:0.03921686641502704)1:0.8939994671181956,((150,(187,(37,61)1:0.6930718027285295)1:0.917731271946611)1:0.4891112245008113,((182,89)1:2.3384000983003435,(161,(7,135)1:0.2629637204508772)1:2.752386014922262)1:0.275284718436749)1:0.18675944244365072)1:3.0654636323669067)1:0.4090695908884952,(0,((((63,34)1:4.202157763787781,(113,36)1:2.0670180863321437)1:0.8127531275985662,((172,178)1:3.830809083333102,((39,65)1:2.1078551904455156,(68,(166,(60,86)1:0.6785549360013535)1:0.39243386084970516)1:0.9729090066151591)1:1.9678903446672447)1:1.3270534494007138)1:1.2849809452635315,(((((58,(114,167)1:2.199601892091451)0.87:0.08852941970277713,(57,(139,25)1:1.160530997114358)1:1.9878143933245518)1:1.1314007521684235,((2,((21,190)1:1.6755181421403451,(1,33)1:1.1492916899175645)1:1.013675766784022)0.47:0.01954738860961089,(5,((163,80)1:0.36489572873008563,(55,(101,(189,84)1:0.17036259576365104)1:0.4730235646167416)1:0.9412520691760209)1:0.23936095488046663)1:1.4380629752659257)1:0.953264213709646)1:3.5863493276473517,(((73,112)1:2.9519296508955994,(56,(4,140)0.95:0.11135866867478895)1:2.395860335854319)1:1.3454517352762665,((147,11)1:3.2880510718668323,(91,((35,(116,(155,(194,115)0.99:0.15330300663926205)0.59:0.041219831052578995)1:0.5033696494461445)1:3.362066979129505,(((97,133)1:0.8170265452820816,((129,144)1:1.3854613117324748,(27,177)1:0.6068242239254823)1:0.5568188037955639)1:1.599964598490044,(64,(125,((90,170)1:0.48300276992042807,(174,(164,103)1:0.23444835324802532)1:0.8503675992008592)1:1.2493150350314597)1:0.30282408936340843)1:2.0505759960465544)0.35:2.4917563874817656E-4)1:1.1982654164260558)0.68:0.06745536851008925)1:0.3075903006551531)1:0.8056920118723846)0.89:0.09144532055859947,((48,145)1:4.897839799950916,((127,(169,(176,(171,199)0.67:0.07041534683349428)1:0.9360602132691773)1:0.5814407145647037)1:2.047509363497267,((32,(18,191)1:1.496642418288756)1:2.336947243184989,(180,((((93,17)1:1.0540956352760593,((52,162)1:0.6270070750021846,(108,54)1:0.3820002450262452)1:0.662628369034524)1:0.3699999411911033,((94,20)1:1.211294674480942,((160,192)1:1.5047521364169842,(138,(197,(200,141)1:1.342636049018065)1:0.33741214330613756)0.38:0.005757068290067863)1:0.9930384035394557)1:0.29825410277366105)0.69:0.05289621034650294,((105,(117,175)1:0.2927706291656941)1:0.7956580088895384,142)1:1.2628248380701754)1:0.3459623445429482)1:0.20588940031949057)1:1.9497998360789188)1:0.3888685606965141)1:1.1755885415040606)1:0.267333101249941)1:0.18922281035702815)1:0.2088487345045044)0.98:0.13636384620470876)1:0.4308602992461811)1:0.3624307559047874)1:1.6492049914390003)1:1.2019357122014318));
Weight calculation took 15.400047037 secs
ASTRAL finished in 26.929 secs
