
================== ASTRAL ===================== 

This is ASTRAL version 5.7.8
Gene trees are treated as unrooted
1000 trees read from Dataset/AstralII_data/model.200.2000000.0.000001/01/estimatedgenetre.halfresolved
index0
All output trees will be *arbitrarily* rooted at 8

======== Running the main analysis
Number of taxa: 201 (201 species)
Taxa: [8, 10, 50, 24, 88, 38, 132, 154, 75, 92, 136, 9, 3, 102, 165, 151, 6, 67, 41, 45, 130, 12, 47, 198, 121, 95, 76, 124, 51, 79, 81, 186, 98, 107, 131, 195, 123, 104, 168, 16, 118, 109, 146, 83, 148, 74, 62, 15, 193, 99, 43, 137, 78, 26, 106, 66, 134, 82, 157, 31, 72, 49, 188, 149, 119, 184, 143, 42, 183, 44, 159, 19, 14, 110, 40, 185, 13, 111, 173, 53, 153, 156, 196, 22, 128, 30, 77, 70, 85, 46, 152, 181, 182, 89, 7, 135, 161, 187, 150, 37, 61, 179, 28, 87, 100, 122, 126, 59, 120, 23, 69, 158, 29, 71, 96, 172, 178, 39, 65, 60, 166, 86, 68, 63, 34, 114, 167, 58, 139, 25, 57, 189, 84, 101, 55, 5, 163, 80, 2, 21, 190, 1, 33, 113, 36, 0, 48, 145, 127, 171, 176, 199, 169, 108, 54, 52, 162, 160, 197, 94, 20, 192, 138, 200, 141, 180, 142, 117, 105, 175, 32, 18, 191, 93, 17, 91, 147, 11, 164, 103, 174, 64, 90, 170, 125, 97, 133, 27, 177, 129, 144, 194, 115, 116, 35, 155, 4, 140, 56, 73, 112]
Taxon occupancy: {110=1000, 111=1000, 112=1000, 113=1000, 114=1000, 115=1000, 116=1000, 117=1000, 118=1000, 119=1000, 10=1000, 11=1000, 12=1000, 13=1000, 14=1000, 15=1000, 16=1000, 17=1000, 18=1000, 19=1000, 120=1000, 121=1000, 0=1000, 122=1000, 1=1000, 123=1000, 2=1000, 3=1000, 124=1000, 125=1000, 4=1000, 126=1000, 5=1000, 6=1000, 127=1000, 128=1000, 7=1000, 8=1000, 129=1000, 9=1000, 20=1000, 21=1000, 22=1000, 23=1000, 24=1000, 25=1000, 26=1000, 27=1000, 28=1000, 29=1000, 130=1000, 131=1000, 132=1000, 133=1000, 134=1000, 135=1000, 136=1000, 137=1000, 138=1000, 139=1000, 30=1000, 31=1000, 32=1000, 33=1000, 34=1000, 35=1000, 36=1000, 37=1000, 38=1000, 39=1000, 140=1000, 141=1000, 142=1000, 143=1000, 144=1000, 145=1000, 146=1000, 147=1000, 148=1000, 149=1000, 40=1000, 41=1000, 42=1000, 43=1000, 44=1000, 45=1000, 46=1000, 47=1000, 48=1000, 49=1000, 150=1000, 151=1000, 152=1000, 153=1000, 154=1000, 155=1000, 156=1000, 157=1000, 158=1000, 159=1000, 50=1000, 51=1000, 52=1000, 53=1000, 54=1000, 55=1000, 56=1000, 57=1000, 58=1000, 59=1000, 160=1000, 161=1000, 162=1000, 163=1000, 164=1000, 165=1000, 166=1000, 167=1000, 168=1000, 169=1000, 60=1000, 61=1000, 62=1000, 63=1000, 64=1000, 65=1000, 66=1000, 67=1000, 68=1000, 69=1000, 170=1000, 171=1000, 172=1000, 173=1000, 174=1000, 175=1000, 176=1000, 177=1000, 178=1000, 179=1000, 70=1000, 71=1000, 72=1000, 73=1000, 74=1000, 75=1000, 76=1000, 77=1000, 78=1000, 79=1000, 180=1000, 181=1000, 182=1000, 183=1000, 184=1000, 185=1000, 186=1000, 187=1000, 188=1000, 189=1000, 80=1000, 81=1000, 82=1000, 83=1000, 84=1000, 85=1000, 86=1000, 87=1000, 88=1000, 89=1000, 190=1000, 191=1000, 192=1000, 193=1000, 194=1000, 195=1000, 196=1000, 197=1000, 198=1000, 199=1000, 90=1000, 91=1000, 92=1000, 93=1000, 94=1000, 95=1000, 96=1000, 97=1000, 98=1000, 99=1000, 200=1000, 100=1000, 101=1000, 102=1000, 103=1000, 104=1000, 105=1000, 106=1000, 107=1000, 108=1000, 109=1000}
Number of gene trees: 1000
0 trees have missing taxa
Calculating quartet distance matrix (for completion of X)
Species tree distances calculated ...
Building set of clusters (X) from gene trees 
------------------------------
gradient0: 50497
Number of Clusters after addition by distance: 50497
calculating extra bipartitions to be added at level 1 ...
Adding to X using resolutions of greedy consensus ...
Limit for sigma of degrees:5075
polytomy size limit : 24
discarded polytomies:  [3, 3, 3, 3, 3, 3, 3, 3, 3, 3, 3, 3, 3, 4, 4, 4, 4, 4, 4, 4, 6, 7, 7, 11, 21, 24]
Threshold 0.0:
Threshold 0.01:
Threshold 0.02:
Threshold 0.05:
polytomy of size 3; rounds with additions with at least 5 support: 0; clusters: 50497
polytomy of size 4; rounds with additions with at least 5 support: 0; clusters: 50497
Threshold 0.1:
polytomy of size 4; rounds with additions with at least 5 support: 0; clusters: 50497
polytomy of size 3; rounds with additions with at least 5 support: 0; clusters: 50497
polytomy of size 11; rounds with additions with at least 5 support: 0; clusters: 50497
Threshold 0.2:
polytomy of size 3; rounds with additions with at least 5 support: 0; clusters: 50497
polytomy of size 3; rounds with additions with at least 5 support: 0; clusters: 50497
polytomy of size 4; rounds with additions with at least 5 support: 0; clusters: 50497
polytomy of size 3; rounds with additions with at least 5 support: 0; clusters: 50497
polytomy of size 6; rounds with additions with at least 5 support: 0; clusters: 50497
polytomy of size 3; rounds with additions with at least 5 support: 0; clusters: 50497
polytomy of size 3; rounds with additions with at least 5 support: 0; clusters: 50497
polytomy of size 21; rounds with additions with at least 5 support: 0; clusters: 50497
Threshold 0.3333333333333333:
polytomy of size 3; rounds with additions with at least 5 support: 0; clusters: 50497
polytomy of size 4; rounds with additions with at least 5 support: 0; clusters: 50497
polytomy of size 4; rounds with additions with at least 5 support: 0; clusters: 50497
polytomy of size 3; rounds with additions with at least 5 support: 0; clusters: 50497
polytomy of size 3; rounds with additions with at least 5 support: 0; clusters: 50497
polytomy of size 7; rounds with additions with at least 5 support: 0; clusters: 50497
polytomy of size 3; rounds with additions with at least 5 support: 0; clusters: 50497
polytomy of size 4; rounds with additions with at least 5 support: 0; clusters: 50497
polytomy of size 3; rounds with additions with at least 5 support: 0; clusters: 50497
polytomy of size 4; rounds with additions with at least 5 support: 0; clusters: 50497
polytomy of size 7; rounds with additions with at least 5 support: 0; clusters: 50497
polytomy of size 3; rounds with additions with at least 5 support: 0; clusters: 50497
polytomy of size 24; rounds with additions with at least 5 support: 0; clusters: 50497
max k is :0
Number of Clusters after addition by greedy: 50497
gradient0 in heuristiic: 50497
partitions formed in 37.313 secs
Dynamic Programming starting after 37.313 secs
Using tree-based weight calculation.
Using polytree-based weight calculation.
Polytree max score: 65998348614
Polytree building time: 3.156 seconds.
Number of quartet trees in the gene trees: 65998348614
Size of largest cluster: 201
Greedy score: 36144358452
estimationFactor: 1.8259654186875758
Sub-optimal score: 46773185969
Calculated 100000 weights; time (seconds): 215
Calculated 200000 weights; time (seconds): 180
Total Number of elements weighted: 208741
Normalized score (portion of input quartet trees satisfied before correcting for multiple individuals): 0.780998017790797
Optimization score: 51544579445
Optimal tree inferred in 413.725 secs.
(176,(199,(171,(169,(127,(((32,(18,191)),(180,((142,(105,(117,175))),(((93,17),((52,162),(108,54))),((94,20),(138,((160,192),(197,(200,141))))))))),((48,145),(((((58,(114,167)),(57,(139,25))),((2,((21,190),(1,33))),(5,((163,80),(55,(101,(189,84))))))),(((73,112),(56,(4,140))),((147,11),(91,((64,(125,((90,170),(174,(164,103))))),((35,(116,(155,(194,115)))),((97,133),((27,177),(129,144))))))))),((((63,34),(113,36)),((172,178),((39,65),(68,(166,(60,86)))))),(0,(((69,(((158,29),(71,96)),((179,28),((87,100),((122,126),(59,(120,23))))))),((181,((30,77),(152,(70,(85,46))))),((150,(187,(37,61))),((182,89),(161,(7,135)))))),(128,((31,((134,(82,157)),((72,49),((188,149),(119,(184,143)))))),(((8,(10,50)),((24,88),((38,92),(132,(154,75))))),((83,((148,74),(146,(118,109)))),((((53,153),(44,159)),((42,183),((196,22),((19,(110,(14,40))),(156,((185,13),(111,173))))))),(((62,(15,193)),((99,43),(26,(106,(137,78))))),(66,((3,(102,(165,151))),(16,((186,((76,(124,(51,79))),(98,((123,(107,195)),(131,(104,168)))))),(((136,9),(121,95)),((6,(67,41)),(81,((45,130),(198,(12,47)))))))))))))))))))))))))));
Final quartet score is: 51544579445
Final normalized quartet score is: 0.780998017790797
Extended species tree:
(8,((10,50)1:1.6458291023602643,(((24,88)1:2.536153870855541,((38,92)1:1.7525330710381515,(132,(154,75)1:0.26884923707674546)1:1.1753268210149157)1:1.1500156255739236)1:0.7168795657900716,(((83,((148,74)1:3.643911039243436,(146,(118,109)1:0.5661266601365316)1:0.17709912701045818)1:0.3100309341191818)1:0.8463899640755992,((((53,153)1:0.4053465788469861,(44,159)1:2.4011918255811993)1:0.6145460570316804,((42,183)1:3.7527013474278386,((196,22)1:3.5266269603734184,((19,(110,(14,40)0.4:0.005228125348655661)1:2.134420280690155)1:0.39565218024140264,(156,((185,13)1:1.2346729951388127,(111,173)1:1.9755049819058395)1:0.07760440591341596)1:0.226883007956309)1:0.15717373933379003)1:0.22560633360176063)1:0.22336094958960712)1:0.9803950193464452,(((62,(15,193)1:0.1895952441934044)1:2.014780104145745,((99,43)1:2.085824738906218,(26,(106,(137,78)1:1.2090868689922074)1:1.0414602136870776)1:0.8996014513874395)1:1.0720650216809673)1:0.939452463460625,(66,((3,(102,(165,151)1:0.5293901052785576)1:1.0125182453365753)1:2.9846325263416875,(16,((186,((76,(124,(51,79)1:0.6862837356349625)1:0.35264902182056773)1:2.8875874484314084,(98,((123,(107,195)1:0.6973031725268102)0.57:0.016202950844660932,(131,(104,168)1:0.4838444272525076)1:0.7178983260757127)1:1.8391268121897564)1:0.6817800428976866)1:0.5162130438318868)1:0.2641020021067241,(((136,9)1:3.728007878032687,(121,95)1:0.938302601098082)1:0.6455481933159533,((6,(67,41)1:0.08461170239159886)1:1.799063960559016,(81,((45,130)1:2.614981015527845,(198,(12,47)1:0.6510436535437271)1:1.425154683351122)1:1.5126303527642717)0.92:0.044948122454849526)1:0.11888730377795269)0.97:0.057645010971012246)1:0.4301126363057551)1:0.1360649010267814)0.98:0.06497754508273068)1:0.16976691274882802)0.98:0.058909240456296426)0.9:0.04136350340880695)1:0.2929419098175935,((31,((134,(82,157)1:0.7228423708746627)1:1.219930291286848,((72,49)1:0.5919818846681485,((188,149)1:1.1378064980644818,(119,(184,143)1:1.034571050246004)1:1.6143705199558662)1:0.4066150707910682)1:0.49284496134142763)1:0.6844345977292394)1:0.5323045662626474,(128,(((69,(((158,29)1:3.8635074412338457,(71,96)1:2.6632916857856253)1:1.2434975150495768,((179,28)1:3.82432913637613,((87,100)1:4.143214031677275,((122,126)1:1.568412060939193,(59,(120,23)1:0.7479471027405998)1:0.5501391056006318)1:1.5637419790606446)1:0.4593389217176066)1:0.7961895045612546)0.99:0.07015400634896053)1:0.4800062216200135,((181,((30,77)1:2.100722245346803,(152,(70,(85,46)1:0.9161166786664073)1:1.7744653931194658)1:0.10537190034940072)0.62:0.020631678239059974)1:0.8882516241370723,((150,(187,(37,61)1:0.7828785453372313)1:0.8633826549911776)1:0.4395852151338603,((182,89)1:2.3596151920092,(161,(7,135)1:0.2503376327737342)1:2.8835853209268127)1:0.18761855942615452)1:0.3185534433321964)1:2.8383347562202017)1:0.3905492797555044,(0,((((63,34)1:4.021348497008915,(113,36)1:1.9616703385925987)1:0.829196232140119,((172,178)1:3.249186748717041,((39,65)1:1.7473040314094634,(68,(166,(60,86)1:0.6396154524581953)1:0.32107367437102363)1:0.9435387822047585)1:1.9972816339244526)1:1.3256215471392125)1:1.2839153460070345,(((((58,(114,167)1:2.5343327440265595)1:0.1011017849782069,(57,(139,25)1:1.0061835442154854)1:1.9727325158597258)1:1.052158062614061,((2,((21,190)1:1.6813924146450705,(1,33)1:1.3216487193437787)1:1.034643075014428)0.5:0.011468222330447192,(5,((163,80)1:0.3843174466473823,(55,(101,(189,84)1:0.1108744822265159)1:0.618315937669575)1:0.9278003992266147)1:0.29084241086945384)1:1.560039823636651)1:0.831052825941148)1:2.940948183001805,(((73,112)1:2.8543114338453095,(56,(4,140)1:0.17558740270889628)1:2.620621917309735)1:1.3357726066558122,((147,11)1:3.2524053133631754,(91,((64,(125,((90,170)1:0.5251576562474021,(174,(164,103)1:0.21924974041628215)1:0.813240524262182)1:1.1915794842130893)1:0.22610567220396138)1:2.0751179274583396,((35,(116,(155,(194,115)1:0.14738370032169026)0.46:0.016131175359062243)1:0.4420032312659347)1:3.496608781163915,((97,133)1:0.8994314235213516,((27,177)1:0.6910550183103059,(129,144)1:1.4783911007555912)1:0.5807012441599803)1:1.5637198837446038)0.69:0.025302230896737856)1:1.1180953558567357)0.99:0.08138740646964363)1:0.28872819041280384)1:0.8633321711497871)1:0.12334246427316833,((48,145)1:3.96528526217333,(((32,(18,191)1:1.1603273240410188)1:2.147040845204268,(180,((142,(105,(117,175)1:0.3170394802276826)1:0.8860110881197979)1:1.3474593332398552,(((93,17)1:1.2665136125294005,((52,162)1:0.6056199551625374,(108,54)1:0.3227424229871964)1:0.5625703231043101)1:0.41830198309737554,((94,20)1:1.3381435351573574,(138,((160,192)1:1.4449662128584213,(197,(200,141)1:1.4857757324229361)1:0.2775297009877635)0.43:0.0072781441889401355)1:1.1047847311175552)1:0.33870788391343487)1:0.08361931417375076)1:0.29716981171256257)1:0.24318967986660134)1:1.8130461280166885,(127,(169,(171,(199,176)0.68:0.024562826564965865)1:1.0377708275005983)1:0.611152289770264)1:2.087672454920844)1:0.32909931498804357)1:1.2139904476858585)1:0.22857751666300088)1:0.20349574767424142)1:0.2113562509609963)1:0.19193895687487647)1:0.37566578711447896)1:0.3335127697202676)1:1.6619461591878975)1:1.0920777877426946));
Weight calculation took 359.085623543 secs
ASTRAL finished in 424.052 secs
