
================== ASTRAL ===================== 

This is ASTRAL version 5.7.8
Gene trees are treated as unrooted
50 trees read from Dataset/AstralII_data/model.200.10000000.0.000001/01/estimatedgenetre.halfresolved_50
index0
All output trees will be *arbitrarily* rooted at 193

======== Running the main analysis
Number of taxa: 201 (201 species)
Taxa: [193, 62, 15, 99, 43, 26, 106, 137, 78, 146, 109, 118, 74, 148, 83, 9, 136, 19, 196, 22, 159, 44, 153, 53, 183, 42, 156, 173, 111, 13, 185, 40, 14, 110, 76, 124, 51, 79, 81, 67, 41, 6, 186, 98, 123, 107, 195, 168, 131, 104, 12, 47, 198, 45, 130, 95, 121, 66, 3, 151, 165, 102, 16, 119, 184, 143, 31, 128, 157, 82, 134, 49, 72, 0, 39, 65, 68, 166, 60, 86, 172, 178, 63, 34, 113, 36, 145, 48, 32, 18, 191, 180, 105, 117, 175, 17, 108, 197, 54, 93, 162, 52, 20, 94, 142, 192, 160, 138, 200, 141, 127, 171, 199, 176, 169, 58, 139, 57, 25, 114, 167, 33, 1, 5, 80, 163, 189, 84, 101, 55, 190, 21, 2, 115, 116, 155, 35, 194, 125, 90, 170, 174, 164, 103, 64, 97, 133, 144, 129, 177, 27, 147, 11, 91, 56, 4, 140, 73, 112, 150, 161, 135, 7, 37, 61, 77, 30, 181, 152, 70, 85, 46, 187, 89, 182, 71, 96, 29, 158, 69, 179, 28, 100, 87, 59, 126, 122, 120, 23, 188, 149, 24, 88, 92, 38, 132, 75, 154, 8, 50, 10]
Taxon occupancy: {110=50, 111=50, 112=50, 113=50, 114=50, 115=50, 116=50, 117=50, 118=50, 119=50, 10=50, 11=50, 12=50, 13=50, 14=50, 15=50, 16=50, 17=50, 18=50, 19=50, 120=50, 121=50, 0=50, 1=50, 122=50, 123=50, 2=50, 124=50, 3=50, 125=50, 4=50, 5=50, 126=50, 6=50, 127=50, 128=50, 7=50, 129=50, 8=50, 9=50, 20=50, 21=50, 22=50, 23=50, 24=50, 25=50, 26=50, 27=50, 28=50, 29=50, 130=50, 131=50, 132=50, 133=50, 134=50, 135=50, 136=50, 137=50, 138=50, 139=50, 30=50, 31=50, 32=50, 33=50, 34=50, 35=50, 36=50, 37=50, 38=50, 39=50, 140=50, 141=50, 142=50, 143=50, 144=50, 145=50, 146=50, 147=50, 148=50, 149=50, 40=50, 41=50, 42=50, 43=50, 44=50, 45=50, 46=50, 47=50, 48=50, 49=50, 150=50, 151=50, 152=50, 153=50, 154=50, 155=50, 156=50, 157=50, 158=50, 159=50, 50=50, 51=50, 52=50, 53=50, 54=50, 55=50, 56=50, 57=50, 58=50, 59=50, 160=50, 161=50, 162=50, 163=50, 164=50, 165=50, 166=50, 167=50, 168=50, 169=50, 60=50, 61=50, 62=50, 63=50, 64=50, 65=50, 66=50, 67=50, 68=50, 69=50, 170=50, 171=50, 172=50, 173=50, 174=50, 175=50, 176=50, 177=50, 178=50, 179=50, 70=50, 71=50, 72=50, 73=50, 74=50, 75=50, 76=50, 77=50, 78=50, 79=50, 180=50, 181=50, 182=50, 183=50, 184=50, 185=50, 186=50, 187=50, 188=50, 189=50, 80=50, 81=50, 82=50, 83=50, 84=50, 85=50, 86=50, 87=50, 88=50, 89=50, 190=50, 191=50, 192=50, 193=50, 194=50, 195=50, 196=50, 197=50, 198=50, 199=50, 90=50, 91=50, 92=50, 93=50, 94=50, 95=50, 96=50, 97=50, 98=50, 99=50, 200=50, 100=50, 101=50, 102=50, 103=50, 104=50, 105=50, 106=50, 107=50, 108=50, 109=50}
Number of gene trees: 50
0 trees have missing taxa
Calculating quartet distance matrix (for completion of X)
Species tree distances calculated ...
Building set of clusters (X) from gene trees 
------------------------------
gradient0: 3523
Number of Clusters after addition by distance: 3523
calculating extra bipartitions to be added at level 1 ...
Adding to X using resolutions of greedy consensus ...
Limit for sigma of degrees:5075
polytomy size limit : 8
discarded polytomies:  [3, 3, 3, 3, 3, 3, 3, 4, 4, 4, 4, 5, 5, 5, 8]
Threshold 0.0:
Threshold 0.01:
Threshold 0.02:
Threshold 0.05:
Threshold 0.1:
polytomy of size 3; rounds with additions with at least 5 support: 0; clusters: 3523
Threshold 0.2:
polytomy of size 3; rounds with additions with at least 5 support: 0; clusters: 3523
polytomy of size 3; rounds with additions with at least 5 support: 0; clusters: 3523
polytomy of size 5; rounds with additions with at least 5 support: 0; clusters: 3523
polytomy of size 3; rounds with additions with at least 5 support: 0; clusters: 3523
Threshold 0.3333333333333333:
polytomy of size 5; rounds with additions with at least 5 support: 0; clusters: 3523
polytomy of size 5; rounds with additions with at least 5 support: 0; clusters: 3523
polytomy of size 3; rounds with additions with at least 5 support: 0; clusters: 3523
polytomy of size 4; rounds with additions with at least 5 support: 0; clusters: 3523
polytomy of size 4; rounds with additions with at least 5 support: 0; clusters: 3523
polytomy of size 4; rounds with additions with at least 5 support: 0; clusters: 3523
polytomy of size 3; rounds with additions with at least 5 support: 0; clusters: 3523
polytomy of size 3; rounds with additions with at least 5 support: 0; clusters: 3523
polytomy of size 8; rounds with additions with at least 5 support: 0; clusters: 3523
polytomy of size 4; rounds with additions with at least 5 support: 0; clusters: 3523
max k is :0
Number of Clusters after addition by greedy: 3523
gradient0 in heuristiic: 3523
partitions formed in 5.735 secs
Dynamic Programming starting after 5.735 secs
Using tree-based weight calculation.
Using polytree-based weight calculation.
Polytree max score: 3299917500
Polytree building time: 0.327 seconds.
Number of quartet trees in the gene trees: 3299917500
Size of largest cluster: 201
Greedy score: 2934864978
estimationFactor: 1.124384775700574
Sub-optimal score: 3018508592
Total Number of elements weighted: 5337
Normalized score (portion of input quartet trees satisfied before correcting for multiple individuals): 0.9184816729509147
Optimization score: 3030913746
Optimal tree inferred in 7.745 secs.
(116,(115,(155,(194,(35,(((97,133),((177,27),(144,129))),((64,(125,((90,170),(174,(164,103))))),((147,11),(91,(((73,112),(56,(4,140))),((((58,(114,167)),(57,(139,25))),(2,(((33,1),(190,21)),(5,((80,163),(55,(101,(189,84)))))))),(((145,48),((127,(169,(199,(171,176)))),((32,(18,191)),(180,((142,(105,(117,175))),(((17,93),((162,52),(108,54))),((20,94),((138,(192,160)),(197,(200,141)))))))))),((((113,36),(63,34)),((172,178),((39,65),(68,(166,(60,86)))))),(0,(((69,(((29,158),(71,96)),((179,28),((100,87),((126,122),(59,(120,23))))))),(((77,30),(181,(152,(70,(85,46))))),((150,(187,(37,61))),((89,182),(161,(135,7)))))),(128,((31,((134,(157,82)),((49,72),((188,149),(119,(184,143)))))),(((8,(50,10)),((24,88),((92,38),(132,(75,154))))),((((146,(109,118)),(83,(74,148))),(((159,44),(153,53)),((183,42),((196,22),((19,(40,(14,110))),(156,((173,111),(13,185)))))))),(((62,(193,15)),((99,43),(26,(106,(137,78))))),(66,((3,(102,(151,165))),(16,((186,((76,(124,(51,79))),(98,((131,(168,104)),(123,(107,195)))))),(((95,121),(9,136)),((6,(67,41)),(81,((45,130),(198,(12,47))))))))))))))))))))))))))))));
Final quartet score is: 3030913746
Final normalized quartet score is: 0.9184816729509147
Extended species tree:
(193,(15,(62,(((99,43)1:2.2046046846338423,(26,(106,(137,78)1:1.5804503755608483)1:1.1275427425272755)1:1.5339303599259557)1:1.5841775509527711,((66,((3,(102,(151,165)0.99:0.30748469974796055)1:1.5114575040738965)1:3.5263605246161593,(16,((186,((76,(124,(51,79)1:0.8873031950009027)1:0.8183103235139515)1:2.8332133440562166,(98,((131,(168,104)1:0.4811168463277554)1:0.840433590129798,(123,(107,195)1:0.9614111671546247)0.42:0.024815169119724135)1:2.4277482359480516)1:0.952644042929082)1:0.38634141408872213)1:0.45165829815300973,(((95,121)1:1.6549488964404864,(9,136)1:2.8332133440562166)1:0.9297967352183459,((6,(67,41)0.55:0.060624621816434854)1:2.194814799361317,(81,((45,130)1:3.5263605246161593,(198,(12,47)1:1.2237754316221159)1:2.022283127839887)1:2.8332133440562166)1:0.4259242008306296)0.42:0.01984917093250946)0.95:0.22510691939210076)1:0.4040117368390137)1:0.4877256155598065)0.66:0.09078357583249048)1:0.5639766609677908,((((146,(109,118)1:0.6354277568876109)1:0.34830669426821587,(83,(74,148)1:3.5263605246161593)0.73:0.13633644355213123)1:2.153261453915104,(((159,44)1:2.8332133440562166,(153,53)1:1.282308333980366)1:1.0595230555785262,((183,42)1:3.5263605246161593,((196,22)1:3.158635744490846,((19,(40,(14,110)0.45:0.060624621816434854)1:2.2735975561207935)1:0.7366876680343332,(156,((173,111)1:2.8332133440562166,(13,185)1:1.739690124895578)0.61:0.07669697036362706)0.87:0.17513238738211442)0.99:0.3043737542869578)0.99:0.3247246560454176)1:0.4129659956462862)1:2.9516515748592274)0.59:0.09382949905969742,(((8,(50,10)1:1.9169226121820613)1:2.4277482359480516,((24,88)1:2.8332133440562166,((92,38)1:1.7917594692280556,(132,(75,154)1:0.34830669426821587)1:1.9169226121820613)1:1.3668762752627888)1:1.3592134025172196)1:2.3094404366856245,((31,((134,(157,82)1:0.8847811255681929)1:1.560247668243329,((49,72)1:1.2046805542164571,((188,149)1:1.4496864141863293,(119,(184,143)1:1.2237754316221159)1:2.8332133440562166)1:0.9066659337897608)1:0.7692930320331455)1:0.9869910056793313)1:0.9112876685971542,(128,(((69,(((29,158)1:3.5263605246161593,(71,96)1:2.8332133440562166)1:2.6229179352198546,((179,28)1:2.8332133440562166,((100,87)1:2.4277482359480516,((126,122)1:1.4469189829363254,(59,(120,23)1:0.6925531799484791)1:0.5948947003711008)1:1.6310462928328464)1:0.6674388238497385)1:1.5746055705248299)0.7:0.10331018387024615)1:1.1817989081454647,(((77,30)1:2.304102313737226,(181,(152,(70,(85,46)1:0.7537718023763802)1:2.155411733170931)0.84:0.15795107613403525)0.35:0.0)1:1.4982122773238766,((150,(187,(37,61)1:1.5804503755608483)1:1.053582973411987)1:0.4063999812404147,((89,182)1:2.4311553942696653,(161,(135,7)0.41:0.029852963149681274)1:3.5263605246161593)0.99:0.33024168687057687)0.77:0.16573715235209757)1:3.371374771671483)1:1.0011025793045938,(0,((((113,36)1:1.9169226121820613,(63,34)1:2.8332133440562166)1:1.402452842737081,((172,178)1:3.5263605246161593,((39,65)1:1.8216124323777365,(68,(166,(60,86)1:1.4431382600964195)0.99:0.3281018718937115)1:1.2241173704184027)1:1.5804503755608483)1:1.372999993113318)1:2.4277482359480516,(((145,48)1:2.8332133440562166,((127,(169,(199,(171,176)0.69:0.12516314295400605)1:1.58008785969681)1:1.128465251817791)1:2.8332133440562166,((32,(18,191)1:2.4277482359480516)1:3.3797570504242826,(180,((142,(105,(117,175)1:0.692850136149622)1:0.9614111671546247)1:1.2335419386225088,(((17,93)1:1.2493562590713623,((162,52)1:0.9610207708974702,(108,54)0.99:0.30586165212041166)1:1.197832818868984)1:0.4659617927546303,((20,94)1:2.8332133440562166,((138,(192,160)1:1.581894419133082)0.98:0.29423947299793995,(197,(200,141)1:1.7346010553881062)1:0.3760381073737415)1:1.3353279175278632)1:0.5329110090588042)0.48:0.06386283246954728)1:0.5307067470785378)0.93:0.23052365861183252)1:1.8017159920508583)1:0.9614111671546247)1:2.3015829215388632,((((58,(114,167)1:1.7396643573446537)0.97:0.2662935426073807,(57,(139,25)1:1.2237754316221159)1:2.055300896868562)1:0.9917822650309237,(2,(((33,1)1:1.5804503755608483,(190,21)1:2.8332133440562166)1:1.5109563765264509,(5,((80,163)1:0.6076892971986324,(55,(101,(189,84)0.6:0.0925362529215997)1:0.722692546044943)1:0.9615426682396985)0.91:0.19863029483587846)1:2.6862311537075714)0.65:0.09699226598730958)1:1.3686260569865762)1:3.5263605246161593,(((73,112)1:2.8332133440562166,(56,(4,140)0.84:0.1590646946296874)1:2.6100697927420056)1:2.1641637150753303,(91,((147,11)1:3.5263605246161593,((64,(125,((90,170)1:0.9114007465799635,(174,(164,103)0.98:0.2682639865946794)1:1.0414538748281608)1:1.5804503755608483)0.98:0.2837681731306446)1:3.04420835245765,(((97,133)1:1.3017369730918273,((177,27)1:1.5804503755608483,(144,129)1:2.6060171022913825)1:0.4818380868927383)1:1.871647390120074,(35,(194,(155,(115,116)0.63:0.09221041388320037)0.5:0.04496425848802344)1:0.5318194364323233)1:3.108689510828492)0.44:0.03338389801240783)1:1.2676530212950574)0.99:0.2975710399008658)1:0.6926263078343383)1:1.8035939268750574)1:1.1199786379404721)1:1.0414538748281608)1:2.14006616349627)1:2.6782226809792338)1:0.6833447745981835)1:0.7415935803316083)1:0.7877375479869847)1:0.9917804768813056)0.72:0.11457578442257756)1:1.692638991031907)1:3.5263605246161593)0.97:0.2682639865946794));
Weight calculation took 1.107015821 secs
ASTRAL finished in 9.239 secs
