
================== ASTRAL ===================== 

This is ASTRAL version 5.7.8
Gene trees are treated as unrooted
1000 trees read from Dataset/AstralII_data/model.200.10000000.0.000001/01/estimatedgenetre.halfresolved
index0
All output trees will be *arbitrarily* rooted at 193

======== Running the main analysis
Number of taxa: 201 (201 species)
Taxa: [193, 62, 15, 99, 43, 26, 106, 137, 78, 146, 109, 118, 74, 148, 83, 9, 136, 19, 196, 22, 159, 44, 153, 53, 183, 42, 156, 173, 111, 13, 185, 40, 14, 110, 76, 124, 51, 79, 81, 67, 41, 6, 186, 98, 123, 107, 195, 168, 131, 104, 12, 47, 198, 45, 130, 95, 121, 66, 3, 151, 165, 102, 16, 119, 184, 143, 31, 128, 157, 82, 134, 49, 72, 0, 39, 65, 68, 166, 60, 86, 172, 178, 63, 34, 113, 36, 145, 48, 32, 18, 191, 180, 105, 117, 175, 17, 108, 197, 54, 93, 162, 52, 20, 94, 142, 192, 160, 138, 200, 141, 127, 171, 199, 176, 169, 58, 139, 57, 25, 114, 167, 33, 1, 5, 80, 163, 189, 84, 101, 55, 190, 21, 2, 115, 116, 155, 35, 194, 125, 90, 170, 174, 164, 103, 64, 97, 133, 144, 129, 177, 27, 147, 11, 91, 56, 4, 140, 73, 112, 150, 161, 135, 7, 37, 61, 77, 30, 181, 152, 70, 85, 46, 187, 89, 182, 71, 96, 29, 158, 69, 179, 28, 100, 87, 59, 126, 122, 120, 23, 188, 149, 24, 88, 92, 38, 132, 75, 154, 8, 50, 10]
Taxon occupancy: {110=1000, 111=1000, 112=1000, 113=1000, 114=1000, 115=1000, 116=1000, 117=1000, 118=1000, 119=1000, 10=1000, 11=1000, 12=1000, 13=1000, 14=1000, 15=1000, 16=1000, 17=1000, 18=1000, 19=1000, 120=1000, 121=1000, 0=1000, 1=1000, 122=1000, 123=1000, 2=1000, 124=1000, 3=1000, 125=1000, 4=1000, 5=1000, 126=1000, 6=1000, 127=1000, 128=1000, 7=1000, 129=1000, 8=1000, 9=1000, 20=1000, 21=1000, 22=1000, 23=1000, 24=1000, 25=1000, 26=1000, 27=1000, 28=1000, 29=1000, 130=1000, 131=1000, 132=1000, 133=1000, 134=1000, 135=1000, 136=1000, 137=1000, 138=1000, 139=1000, 30=1000, 31=1000, 32=1000, 33=1000, 34=1000, 35=1000, 36=1000, 37=1000, 38=1000, 39=1000, 140=1000, 141=1000, 142=1000, 143=1000, 144=1000, 145=1000, 146=1000, 147=1000, 148=1000, 149=1000, 40=1000, 41=1000, 42=1000, 43=1000, 44=1000, 45=1000, 46=1000, 47=1000, 48=1000, 49=1000, 150=1000, 151=1000, 152=1000, 153=1000, 154=1000, 155=1000, 156=1000, 157=1000, 158=1000, 159=1000, 50=1000, 51=1000, 52=1000, 53=1000, 54=1000, 55=1000, 56=1000, 57=1000, 58=1000, 59=1000, 160=1000, 161=1000, 162=1000, 163=1000, 164=1000, 165=1000, 166=1000, 167=1000, 168=1000, 169=1000, 60=1000, 61=1000, 62=1000, 63=1000, 64=1000, 65=1000, 66=1000, 67=1000, 68=1000, 69=1000, 170=1000, 171=1000, 172=1000, 173=1000, 174=1000, 175=1000, 176=1000, 177=1000, 178=1000, 179=1000, 70=1000, 71=1000, 72=1000, 73=1000, 74=1000, 75=1000, 76=1000, 77=1000, 78=1000, 79=1000, 180=1000, 181=1000, 182=1000, 183=1000, 184=1000, 185=1000, 186=1000, 187=1000, 188=1000, 189=1000, 80=1000, 81=1000, 82=1000, 83=1000, 84=1000, 85=1000, 86=1000, 87=1000, 88=1000, 89=1000, 190=1000, 191=1000, 192=1000, 193=1000, 194=1000, 195=1000, 196=1000, 197=1000, 198=1000, 199=1000, 90=1000, 91=1000, 92=1000, 93=1000, 94=1000, 95=1000, 96=1000, 97=1000, 98=1000, 99=1000, 200=1000, 100=1000, 101=1000, 102=1000, 103=1000, 104=1000, 105=1000, 106=1000, 107=1000, 108=1000, 109=1000}
Number of gene trees: 1000
0 trees have missing taxa
Calculating quartet distance matrix (for completion of X)
Species tree distances calculated ...
Building set of clusters (X) from gene trees 
------------------------------
gradient0: 17335
Number of Clusters after addition by distance: 17335
calculating extra bipartitions to be added at level 1 ...
Adding to X using resolutions of greedy consensus ...
Limit for sigma of degrees:5075
polytomy size limit : 11
discarded polytomies:  [3, 3, 3, 3, 3, 3, 3, 3, 4, 4, 4, 4, 5, 11]
Threshold 0.0:
Threshold 0.01:
Threshold 0.02:
Threshold 0.05:
Threshold 0.1:
Threshold 0.2:
polytomy of size 3; rounds with additions with at least 5 support: 0; clusters: 17335
polytomy of size 3; rounds with additions with at least 5 support: 0; clusters: 17335
polytomy of size 4; rounds with additions with at least 5 support: 0; clusters: 17335
polytomy of size 4; rounds with additions with at least 5 support: 0; clusters: 17335
Threshold 0.3333333333333333:
polytomy of size 4; rounds with additions with at least 5 support: 0; clusters: 17335
polytomy of size 3; rounds with additions with at least 5 support: 0; clusters: 17335
polytomy of size 5; rounds with additions with at least 5 support: 0; clusters: 17335
polytomy of size 3; rounds with additions with at least 5 support: 0; clusters: 17335
polytomy of size 3; rounds with additions with at least 5 support: 0; clusters: 17335
polytomy of size 3; rounds with additions with at least 5 support: 0; clusters: 17335
polytomy of size 4; rounds with additions with at least 5 support: 0; clusters: 17335
polytomy of size 3; rounds with additions with at least 5 support: 0; clusters: 17335
polytomy of size 3; rounds with additions with at least 5 support: 0; clusters: 17335
polytomy of size 11; rounds with additions with at least 5 support: 0; clusters: 17335
max k is :0
Number of Clusters after addition by greedy: 17335
gradient0 in heuristiic: 17335
partitions formed in 21.355 secs
Dynamic Programming starting after 21.355 secs
Using tree-based weight calculation.
Using polytree-based weight calculation.
Polytree max score: 65998349604
Polytree building time: 2.832 seconds.
Number of quartet trees in the gene trees: 65998349604
Size of largest cluster: 201
Greedy score: 57166792942
estimationFactor: 1.1544875303912934
Sub-optimal score: 59429426008
Total Number of elements weighted: 70367
Normalized score (portion of input quartet trees satisfied before correcting for multiple individuals): 0.9145398383922897
Optimization score: 60358119981
Optimal tree inferred in 87.368 secs.
(116,(155,((115,194),(35,((64,(125,((90,170),(174,(164,103))))),(((97,133),((177,27),(144,129))),((147,11),(91,(((73,112),(56,(4,140))),((((58,(114,167)),(57,(139,25))),(2,(((33,1),(190,21)),(5,((80,163),(55,(101,(189,84)))))))),(((145,48),((127,(169,(171,(199,176)))),((32,(18,191)),(180,((142,(105,(117,175))),(((17,93),((162,52),(108,54))),((20,94),((138,(192,160)),(197,(200,141)))))))))),((((113,36),(63,34)),((172,178),((39,65),(68,(166,(60,86)))))),(0,(((69,(((29,158),(71,96)),((179,28),((100,87),((126,122),(59,(120,23))))))),((181,((77,30),(152,(70,(85,46))))),((150,(187,(37,61))),((89,182),(161,(135,7)))))),(128,((31,((134,(157,82)),((49,72),((188,149),(119,(184,143)))))),(((8,(50,10)),((24,88),((92,38),(132,(75,154))))),((83,((74,148),(146,(109,118)))),((((153,53),(159,44)),((183,42),((196,22),((19,(40,(14,110))),(156,((173,111),(13,185))))))),(((62,(193,15)),((99,43),(26,(106,(137,78))))),((66,(3,(102,(151,165)))),(16,((186,((76,(124,(51,79))),(98,(123,((107,195),(131,(168,104))))))),(((95,121),(9,136)),((6,(67,41)),(81,((45,130),(198,(12,47)))))))))))))))))))))))))))));
Final quartet score is: 60358119981
Final normalized quartet score is: 0.9145398383922897
Extended species tree:
(193,(15,(62,(((99,43)1:2.957252218496693,(26,(106,(137,78)1:1.7074991256103158)1:1.3703469051986372)1:1.4212166335129568)1:1.6169166913649424,(((66,(3,(102,(151,165)1:0.6386016048198926)1:1.1999847631479805)1:4.052841847742899)0.99:0.07889048051585516,(16,((186,((76,(124,(51,79)1:0.7962633054103311)1:0.47380705691155345)1:3.929339111035738,(98,(123,((107,195)1:0.7508358171058475,(131,(168,104)1:0.6541250065435426)1:0.8852624055216102)0.93:0.04600625371266592)1:2.344020064618966)1:1.1618182945599214)1:0.7656116287681094)1:0.5356215013296675,(((95,121)1:1.6318969958130054,(9,136)1:4.981324709737989)1:1.2403392239100492,((6,(67,41)1:0.08345926815858866)1:2.9149717915740454,(81,((45,130)1:3.491028095701856,(198,(12,47)1:0.9011708503273551)1:1.9957154386798996)1:2.312767654504411)1:0.08347515654662271)1:0.14096696027943248)1:0.1659330284208898)1:0.5075792057265377)1:0.4155960083569684)1:0.6378857551982782,((((153,53)1:0.8618687320202185,(159,44)1:3.3462892500569414)1:1.2582246986638308,((183,42)1:5.404677382538943,((196,22)1:4.243721963296708,((19,(40,(14,110)0.63:0.020182319749857378)1:2.8158071314100646)1:0.7107334844974288,(156,((173,111)1:2.708199808889196,(13,185)1:1.759417473164298)1:0.17868843695438136)1:0.3276301875436055)1:0.3086963278417046)1:0.4076355064407959)1:0.429536726133811)1:2.2488418664564787,((83,((74,148)1:4.442299629191166,(146,(109,118)1:0.6833266413374371)1:0.3635975636054547)1:0.14463303020457685)1:1.4158779260909573,(((8,(50,10)1:2.1867447632921104)1:1.9220804096870368,((24,88)1:3.5481109574147784,((92,38)1:2.0527067682800535,(132,(75,154)1:0.38298115230661045)1:1.5778492231740324)1:1.665883376161938)1:1.2351472827363046)1:3.144357409226415,((31,((134,(157,82)1:1.1186324493859325)1:2.0562396385769453,((49,72)1:0.7868963272299259,((188,149)1:1.708244329275209,(119,(184,143)1:1.4281158559732292)1:2.4871364985261044)1:0.7433558761426913)1:0.9750600894851343)1:1.6798398740322023)1:1.2099970254702639,(128,(((69,(((29,158)1:4.259237480571257,(71,96)1:3.835286243472078)1:2.1725057847302485,((179,28)1:4.402045140843216,((100,87)1:4.7080996668822035,((126,122)1:2.0723109159296684,(59,(120,23)1:1.048098064364721)1:0.7531495317564842)1:2.0679217976608775)1:0.8384393402332014)1:1.8327929008246442)1:0.11341893781213234)1:1.0444780420626745,((181,((77,30)1:2.864119072360793,(152,(70,(85,46)1:1.0961178997469374)1:2.3949988189269096)1:0.1696776303169593)0.55:0.019639614176957212)1:1.2781766273228945,((150,(187,(37,61)1:1.1667476196226283)1:1.3471120718201413)1:0.7487557734860938,((89,182)1:3.2493225265275854,(161,(135,7)1:0.3505354852230381)1:4.058063023702907)1:0.25136488133400253)1:0.4889403410886454)1:4.478935053911578)1:0.9286113453536702,(0,((((113,36)1:2.2922530988125427,(63,34)1:5.122084379594627)1:1.5699678613000663,((172,178)1:4.085342432551001,((39,65)1:1.9686932760302676,(68,(166,(60,86)1:0.7668477178364946)1:0.38537138404620336)1:1.276156219417805)1:2.242253119895723)1:2.0068562603653963)1:2.8386510190497747,(((145,48)1:5.810142490647089,((127,(169,(171,(199,176)0.73:0.026255150187069882)1:1.390079463530758)1:0.8592379436159706)1:3.0633916657984153,((32,(18,191)1:1.4598645542878097)1:3.147409368077447,(180,((142,(105,(117,175)1:0.4418209796092921)1:1.0830691726674535)1:1.8880944424253807,(((17,93)1:1.718622426387001,((162,52)1:0.9190970665955072,(108,54)1:0.5595314849326329)1:0.878085698918578)1:0.6684845534334666,((20,94)1:1.8262327049555012,((138,(192,160)1:1.86733558297856)0.45:0.010708014272472099,(197,(200,141)1:1.8876692293441375)1:0.3785819674549962)1:1.5728288659995604)1:0.4927075641645944)1:0.12626175168177142)1:0.4715226522624614)1:0.2850249104375385)1:2.5860999595940894)1:0.6689692685988476)1:2.9079410202792575,((((58,(114,167)1:3.1119045827876546)1:0.22175008374681993,(57,(139,25)1:1.1773522246954586)1:2.5215173852847017)1:1.6676054698551708,(2,(((33,1)1:1.9612106617103078,(190,21)1:2.3680012944738884)1:1.457658645655004,(5,((80,163)1:0.5141483334818753,(55,(101,(189,84)1:0.08502360812044096)1:0.7977912415561074)1:1.274652225297009)1:0.38173270821429783)1:2.2227233947977103)0.98:0.05716710866435463)1:1.1512196673383797)1:4.636234986237758,(((73,112)1:3.6655846292262506,(56,(4,140)1:0.1699741609043851)1:3.4828647850626924)1:2.888928529835285,(91,((147,11)1:5.40100090780961,(((97,133)1:1.3142435913260213,((177,27)1:1.0850933282738913,(144,129)1:2.1144336183108243)1:0.7844228219894842)1:2.9043506186854997,((64,(125,((90,170)1:0.6520063720576086,(174,(164,103)1:0.2552174905223487)1:1.1006295261077088)1:1.4762539891713222)1:0.350120572508741)1:3.102856838057459,(35,((115,194)1:0.18825392765408105,(155,116)0.89:0.041024699434974346)1:0.5684460923527642)1:4.012229155844686)0.66:0.02231340486502151)1:1.7269072140630146)1:0.21259482777172556)1:0.7610345653389092)1:2.0678883111008064)1:0.8741797111477698)1:1.1505015597996666)1:2.6753338727823137)1:1.6966651396715149)1:0.6851304177144131)1:0.6684227464529331)1:0.7565241279242041)1:0.7359037713105355)1:0.1406067150958442)1:0.08503829304723994)1:1.837619697187923)1:3.2383058473893604)1:0.2766931163011042));
Weight calculation took 60.82771644 secs
ASTRAL finished in 96.265 secs
