
================== ASTRAL ===================== 

This is ASTRAL version 5.7.8
Gene trees are treated as unrooted
200 trees read from Dataset/AstralII_data/model.200.10000000.0.000001/01/estimatedgenetre.halfresolved_200
index0
All output trees will be *arbitrarily* rooted at 193

======== Running the main analysis
Number of taxa: 201 (201 species)
Taxa: [193, 62, 15, 99, 43, 26, 106, 137, 78, 146, 109, 118, 74, 148, 83, 9, 136, 19, 196, 22, 159, 44, 153, 53, 183, 42, 156, 173, 111, 13, 185, 40, 14, 110, 76, 124, 51, 79, 81, 67, 41, 6, 186, 98, 123, 107, 195, 168, 131, 104, 12, 47, 198, 45, 130, 95, 121, 66, 3, 151, 165, 102, 16, 119, 184, 143, 31, 128, 157, 82, 134, 49, 72, 0, 39, 65, 68, 166, 60, 86, 172, 178, 63, 34, 113, 36, 145, 48, 32, 18, 191, 180, 105, 117, 175, 17, 108, 197, 54, 93, 162, 52, 20, 94, 142, 192, 160, 138, 200, 141, 127, 171, 199, 176, 169, 58, 139, 57, 25, 114, 167, 33, 1, 5, 80, 163, 189, 84, 101, 55, 190, 21, 2, 115, 116, 155, 35, 194, 125, 90, 170, 174, 164, 103, 64, 97, 133, 144, 129, 177, 27, 147, 11, 91, 56, 4, 140, 73, 112, 150, 161, 135, 7, 37, 61, 77, 30, 181, 152, 70, 85, 46, 187, 89, 182, 71, 96, 29, 158, 69, 179, 28, 100, 87, 59, 126, 122, 120, 23, 188, 149, 24, 88, 92, 38, 132, 75, 154, 8, 50, 10]
Taxon occupancy: {110=200, 111=200, 112=200, 113=200, 114=200, 115=200, 116=200, 117=200, 118=200, 119=200, 10=200, 11=200, 12=200, 13=200, 14=200, 15=200, 16=200, 17=200, 18=200, 19=200, 120=200, 121=200, 0=200, 1=200, 122=200, 123=200, 2=200, 124=200, 3=200, 125=200, 4=200, 5=200, 126=200, 6=200, 127=200, 128=200, 7=200, 129=200, 8=200, 9=200, 20=200, 21=200, 22=200, 23=200, 24=200, 25=200, 26=200, 27=200, 28=200, 29=200, 130=200, 131=200, 132=200, 133=200, 134=200, 135=200, 136=200, 137=200, 138=200, 139=200, 30=200, 31=200, 32=200, 33=200, 34=200, 35=200, 36=200, 37=200, 38=200, 39=200, 140=200, 141=200, 142=200, 143=200, 144=200, 145=200, 146=200, 147=200, 148=200, 149=200, 40=200, 41=200, 42=200, 43=200, 44=200, 45=200, 46=200, 47=200, 48=200, 49=200, 150=200, 151=200, 152=200, 153=200, 154=200, 155=200, 156=200, 157=200, 158=200, 159=200, 50=200, 51=200, 52=200, 53=200, 54=200, 55=200, 56=200, 57=200, 58=200, 59=200, 160=200, 161=200, 162=200, 163=200, 164=200, 165=200, 166=200, 167=200, 168=200, 169=200, 60=200, 61=200, 62=200, 63=200, 64=200, 65=200, 66=200, 67=200, 68=200, 69=200, 170=200, 171=200, 172=200, 173=200, 174=200, 175=200, 176=200, 177=200, 178=200, 179=200, 70=200, 71=200, 72=200, 73=200, 74=200, 75=200, 76=200, 77=200, 78=200, 79=200, 180=200, 181=200, 182=200, 183=200, 184=200, 185=200, 186=200, 187=200, 188=200, 189=200, 80=200, 81=200, 82=200, 83=200, 84=200, 85=200, 86=200, 87=200, 88=200, 89=200, 190=200, 191=200, 192=200, 193=200, 194=200, 195=200, 196=200, 197=200, 198=200, 199=200, 90=200, 91=200, 92=200, 93=200, 94=200, 95=200, 96=200, 97=200, 98=200, 99=200, 200=200, 100=200, 101=200, 102=200, 103=200, 104=200, 105=200, 106=200, 107=200, 108=200, 109=200}
Number of gene trees: 200
0 trees have missing taxa
Calculating quartet distance matrix (for completion of X)
Species tree distances calculated ...
Building set of clusters (X) from gene trees 
------------------------------
gradient0: 7253
Number of Clusters after addition by distance: 7253
calculating extra bipartitions to be added at level 1 ...
Adding to X using resolutions of greedy consensus ...
Limit for sigma of degrees:5075
polytomy size limit : 12
discarded polytomies:  [3, 3, 3, 3, 3, 3, 3, 3, 3, 3, 3, 3, 4, 4, 4, 5, 12]
Threshold 0.0:
Threshold 0.01:
Threshold 0.02:
Threshold 0.05:
Threshold 0.1:
polytomy of size 3; rounds with additions with at least 5 support: 0; clusters: 7253
Threshold 0.2:
polytomy of size 3; rounds with additions with at least 5 support: 0; clusters: 7253
polytomy of size 3; rounds with additions with at least 5 support: 0; clusters: 7253
polytomy of size 4; rounds with additions with at least 5 support: 0; clusters: 7253
polytomy of size 3; rounds with additions with at least 5 support: 0; clusters: 7253
polytomy of size 4; rounds with additions with at least 5 support: 0; clusters: 7253
Threshold 0.3333333333333333:
polytomy of size 5; rounds with additions with at least 5 support: 0; clusters: 7253
polytomy of size 3; rounds with additions with at least 5 support: 0; clusters: 7253
polytomy of size 3; rounds with additions with at least 5 support: 0; clusters: 7253
polytomy of size 3; rounds with additions with at least 5 support: 0; clusters: 7253
polytomy of size 4; rounds with additions with at least 5 support: 0; clusters: 7253
polytomy of size 3; rounds with additions with at least 5 support: 0; clusters: 7253
polytomy of size 3; rounds with additions with at least 5 support: 0; clusters: 7253
polytomy of size 3; rounds with additions with at least 5 support: 0; clusters: 7253
polytomy of size 3; rounds with additions with at least 5 support: 0; clusters: 7253
polytomy of size 3; rounds with additions with at least 5 support: 0; clusters: 7253
polytomy of size 12; rounds with additions with at least 5 support: 0; clusters: 7253
max k is :0
Number of Clusters after addition by greedy: 7253
gradient0 in heuristiic: 7253
partitions formed in 5.473 secs
Dynamic Programming starting after 5.473 secs
Using tree-based weight calculation.
Using polytree-based weight calculation.
Polytree max score: 13199669802
Polytree building time: 0.238 seconds.
Number of quartet trees in the gene trees: 13199669802
Size of largest cluster: 201
Greedy score: 11506629942
estimationFactor: 1.1471360310128935
Sub-optimal score: 11845239729
Total Number of elements weighted: 16424
Normalized score (portion of input quartet trees satisfied before correcting for multiple individuals): 0.9109416387960035
Optimization score: 12024128841
Optimal tree inferred in 10.8 secs.
(116,(155,((115,194),(35,(((97,133),((177,27),(144,129))),((64,(125,((90,170),(174,(164,103))))),((147,11),(91,(((73,112),(56,(4,140))),((((58,(114,167)),(57,(139,25))),(((33,1),(190,21)),(2,(5,((80,163),(55,(101,(189,84)))))))),(((145,48),((127,(169,(171,(199,176)))),((32,(18,191)),(180,((142,(105,(117,175))),(((17,93),((162,52),(108,54))),((20,94),((138,(192,160)),(197,(200,141)))))))))),((((113,36),(63,34)),((172,178),((39,65),(68,(166,(60,86)))))),(0,(((69,(((29,158),(71,96)),((179,28),((100,87),((126,122),(59,(120,23))))))),(((77,30),(181,(152,(70,(85,46))))),((150,(187,(37,61))),((89,182),(161,(135,7)))))),(128,((31,((134,(157,82)),((49,72),((188,149),(119,(184,143)))))),(((8,(50,10)),((24,88),((92,38),(132,(75,154))))),((83,((74,148),(146,(109,118)))),((((153,53),(159,44)),((183,42),((196,22),((19,(40,(14,110))),(156,((173,111),(13,185))))))),(((62,(193,15)),((99,43),(26,(106,(137,78))))),(66,((3,(102,(151,165))),(16,((186,((76,(124,(51,79))),(98,((131,(168,104)),(123,(107,195)))))),(((95,121),(9,136)),((6,(67,41)),(81,((45,130),(198,(12,47))))))))))))))))))))))))))))));
Final quartet score is: 12024128841
Final normalized quartet score is: 0.9109416387960035
Extended species tree:
(193,(15,(62,(((99,43)1:2.927147700743188,(26,(106,(137,78)1:1.9018550330235307)1:1.2602536402245255)1:1.442413266810046)1:1.5081669041407104,((66,((3,(102,(151,165)1:0.5232765532590027)1:1.3143208614948017)1:4.2939147563082765,(16,((186,((76,(124,(51,79)1:0.6495610315467314)1:0.580351686414601)1:3.5857883728582127,(98,((131,(168,104)1:0.6492002681675166)1:0.8577167918954492,(123,(107,195)1:0.8887634150476905)0.41:0.011257154524634447)1:2.422235542825222)1:1.040615764937637)1:0.7290703503875094)1:0.49976728969447964,(((95,121)1:1.655485420941034,(9,136)1:4.204692619390971)1:1.2244760757315267,((6,(67,41)0.92:0.1023414750246002)1:2.498485680171287,(81,((45,130)1:3.799227511282799,(198,(12,47)1:1.006431872980149)1:2.3762011408941803)1:2.4570547419159046)0.87:0.0907355123889292)0.97:0.12142984569807236)0.98:0.13437630464441902)1:0.5583211804537492)1:0.37260940295605743)0.86:0.08324140893728002)1:0.5421354118782014,((((153,53)1:0.9325406956183687,(159,44)1:3.0260376230493193)1:1.2516381146837454,((183,42)1:4.897839799950916,((196,22)1:4.145651638212596,((19,(40,(14,110)0.62:0.04580953603129422)1:2.5004061011279646)1:0.7131426125113998,(156,((173,111)1:2.6989246051367886,(13,185)1:1.6155364769941114)1:0.23505070525987834)1:0.27943081198672765)1:0.2888138989001441)1:0.4487567617030268)1:0.46648496123556726)1:2.12173683555426,((83,((74,148)1:4.0527309225610875,(146,(109,118)1:0.693599566905593)1:0.3339434537470518)0.77:0.08632275077166791)1:1.4221445980500982,(((8,(50,10)1:2.0625489955837977)1:2.145199097027228,((24,88)1:3.51154543883102,((92,38)1:1.806797346592597,(132,(75,154)1:0.333491608483075)1:1.6113053266088955)1:1.5572938875446163)1:1.1012687795564509)1:3.0741383500267703,((31,((134,(157,82)1:0.9268810609394533)1:1.8105781982106022,((49,72)1:0.962724657383624,((188,149)1:1.734922628730754,(119,(184,143)1:1.208960345836975)1:2.455492764581707)1:0.7640969365915743)1:0.8980488684191998)1:1.4492854324370106)1:1.1125836893335506,(128,(((69,(((29,158)1:3.51154543883102,(71,96)1:3.51154543883102)1:2.1879787886070106,((179,28)1:3.6615813321270005,((100,87)1:3.795796976186015,((126,122)1:1.9363610048754603,(59,(120,23)1:1.0260076751060105)1:0.6966562237517445)1:1.8454933614353621)1:0.8217157838423392)1:1.7012779598859213)0.97:0.12414853145811312)1:0.9718704143911314,(((77,30)1:2.527403380255094,(181,(152,(70,(85,46)1:0.8904147915697604)1:1.9899960761765711)1:0.24402523301399762)0.73:0.05845356896409187)1:1.1745589191196426,((150,(187,(37,61)1:1.2094655239229903)1:1.1411949617530945)1:0.7807636704894624,((89,182)1:3.5192279350030367,(161,(135,7)1:0.27286698666664033)1:4.173302722682888)1:0.2504319553014026)1:0.33813800404043365)1:4.566765938316214)1:1.017165691285662,(0,((((113,36)1:2.089416117087829,(63,34)1:4.199629317434433)1:1.2910775141224744,((172,178)1:4.204692619390971,((39,65)1:1.9936747199224114,(68,(166,(60,86)1:0.7705425086580044)1:0.39150885622880327)1:1.3107422770214439)1:2.1006216542775196)1:1.8788785386911628)1:2.332227532289427,(((145,48)1:4.204692619390971,((127,(169,(171,(199,176)0.48:0.022565372775011854)1:1.5481138387900653)1:0.9203858146021743)1:2.44204490849116,((32,(18,191)1:1.7197859696029656)1:3.6196540178533505,(180,((142,(105,(117,175)1:0.4788775006421463)1:1.2365585079383912)1:1.4722100529347264,(((17,93)1:1.711010484487992,((162,52)1:0.9639758359632918,(108,54)1:0.4492343728482466)1:0.8241777391802366)1:0.7855765818362895,((20,94)1:1.9185634286239959,((138,(192,160)1:1.7638838768204352)0.88:0.0884248933637866,(197,(200,141)1:2.064626455894697)1:0.38351116051881623)1:1.5845543943423146)1:0.437339114973758)0.98:0.12992864343036667)1:0.37915950571360946)1:0.28543123540689364)1:2.0047427143021075)1:0.9057090377371267)1:2.977105635462136,((((58,(114,167)1:2.5152119992833306)1:0.17819689466763725,(57,(139,25)1:1.0476921982408527)1:2.3822132928896256)1:1.5210110093057119,(((33,1)1:2.066718819533561,(190,21)1:2.258419954471612)1:1.478585530113783,(2,(5,((80,163)1:0.5592259863825207,(55,(101,(189,84)0.8:0.07763969742278003)1:0.7706235449970589)1:1.30155839482943)1:0.28990282649501964)1:2.156108758536228)0.75:0.061932892816327884)1:1.338333728312833)1:4.897839799950916,(((73,112)1:3.3735596958571183,(56,(4,140)0.98:0.1356658651531553)1:3.106080330722857)1:2.6421038988893715,(91,((147,11)1:4.897839799950916,((64,(125,((90,170)1:0.7078758911265367,(174,(164,103)1:0.2063529226558686)1:1.0583874873576007)1:1.6590607997999192)1:0.37199179090297535)1:2.9826769148559986,(((97,133)1:1.4399470746122105,((177,27)1:1.1502485705599208,(144,129)1:2.2551632119513396)1:0.7356169472705458)1:2.6732162484265767,(35,((115,194)1:0.23843142146872182,(155,116)0.62:0.041851642793703826)1:0.6560726804005717)1:3.650353888556381)0.83:0.07699305954517818)1:1.9834743266727541)1:0.19519847105872748)1:0.7932055019623263)1:1.8340492741207)1:1.009656405637744)1:1.1248807047170133)1:2.4700915640028582)1:1.647556511452652)1:0.5860543312808975)1:0.5814430190227127)1:0.6663297581112023)1:0.6799903666302068)0.98:0.13736587245868537)0.89:0.09100677575764203)1:1.6011795681142553)1:3.7718285370946862)1:0.333491608483075));
Weight calculation took 4.699892948 secs
ASTRAL finished in 12.955 secs
