
================== ASTRAL ===================== 

This is ASTRAL version 5.7.8
Gene trees are treated as unrooted
200 trees read from Dataset/AstralII_data/model.200.500000.0.000001/50/estimatedgenetre.halfresolved_200
index0
All output trees will be *arbitrarily* rooted at 149

======== Running the main analysis
Number of taxa: 201 (201 species)
Taxa: [149, 40, 118, 113, 55, 174, 77, 180, 44, 162, 153, 127, 182, 92, 38, 169, 39, 20, 184, 75, 107, 36, 136, 21, 88, 137, 71, 191, 25, 96, 189, 64, 117, 183, 68, 50, 128, 57, 143, 115, 27, 176, 200, 82, 81, 111, 34, 161, 144, 175, 4, 179, 108, 18, 87, 122, 186, 129, 168, 65, 156, 101, 155, 124, 31, 62, 120, 74, 33, 7, 2, 63, 177, 17, 196, 83, 28, 95, 3, 10, 159, 193, 109, 145, 37, 121, 46, 157, 173, 197, 53, 93, 141, 56, 119, 5, 42, 8, 190, 116, 102, 192, 194, 41, 198, 105, 125, 138, 130, 139, 178, 86, 79, 181, 123, 94, 110, 80, 106, 164, 9, 89, 11, 70, 1, 72, 146, 30, 154, 170, 14, 60, 112, 165, 172, 59, 163, 152, 6, 90, 15, 134, 91, 47, 160, 49, 150, 199, 52, 66, 22, 114, 131, 16, 84, 147, 167, 54, 48, 142, 97, 69, 188, 104, 43, 140, 13, 78, 99, 132, 24, 32, 58, 0, 126, 100, 73, 195, 185, 85, 12, 67, 51, 76, 61, 19, 45, 35, 29, 148, 151, 171, 166, 158, 187, 26, 135, 98, 103, 133, 23]
Taxon occupancy: {110=200, 111=200, 112=200, 113=200, 114=200, 115=200, 116=200, 117=200, 118=200, 119=200, 10=200, 11=200, 12=200, 13=200, 14=200, 15=200, 16=200, 17=200, 18=200, 19=200, 120=200, 121=200, 0=200, 122=200, 1=200, 2=200, 123=200, 124=200, 3=200, 4=200, 125=200, 5=200, 126=200, 127=200, 6=200, 128=200, 7=200, 129=200, 8=200, 9=200, 20=200, 21=200, 22=200, 23=200, 24=200, 25=200, 26=200, 27=200, 28=200, 29=200, 130=200, 131=200, 132=200, 133=200, 134=200, 135=200, 136=200, 137=200, 138=200, 139=200, 30=200, 31=200, 32=200, 33=200, 34=200, 35=200, 36=200, 37=200, 38=200, 39=200, 140=200, 141=200, 142=200, 143=200, 144=200, 145=200, 146=200, 147=200, 148=200, 149=200, 40=200, 41=200, 42=200, 43=200, 44=200, 45=200, 46=200, 47=200, 48=200, 49=200, 150=200, 151=200, 152=200, 153=200, 154=200, 155=200, 156=200, 157=200, 158=200, 159=200, 50=200, 51=200, 52=200, 53=200, 54=200, 55=200, 56=200, 57=200, 58=200, 59=200, 160=200, 161=200, 162=200, 163=200, 164=200, 165=200, 166=200, 167=200, 168=200, 169=200, 60=200, 61=200, 62=200, 63=200, 64=200, 65=200, 66=200, 67=200, 68=200, 69=200, 170=200, 171=200, 172=200, 173=200, 174=200, 175=200, 176=200, 177=200, 178=200, 179=200, 70=200, 71=200, 72=200, 73=200, 74=200, 75=200, 76=200, 77=200, 78=200, 79=200, 180=200, 181=200, 182=200, 183=200, 184=200, 185=200, 186=200, 187=200, 188=200, 189=200, 80=200, 81=200, 82=200, 83=200, 84=200, 85=200, 86=200, 87=200, 88=200, 89=200, 190=200, 191=200, 192=200, 193=200, 194=200, 195=200, 196=200, 197=200, 198=200, 199=200, 90=200, 91=200, 92=200, 93=200, 94=200, 95=200, 96=200, 97=200, 98=200, 99=200, 200=200, 100=200, 101=200, 102=200, 103=200, 104=200, 105=200, 106=200, 107=200, 108=200, 109=200}
Number of gene trees: 200
0 trees have missing taxa
Calculating quartet distance matrix (for completion of X)
Species tree distances calculated ...
Building set of clusters (X) from gene trees 
------------------------------
gradient0: 40109
Number of Clusters after addition by distance: 40109
calculating extra bipartitions to be added at level 1 ...
Adding to X using resolutions of greedy consensus ...
Limit for sigma of degrees:5075
polytomy size limit : 52
discarded polytomies: 64 84 126  [3, 3, 3, 3, 3, 3, 3, 3, 3, 3, 4, 4, 4, 5, 5, 5, 20, 28, 38, 52, 64, 84, 126]
Threshold 0.0:
polytomy of size 3; rounds with additions with at least 5 support: 1; clusters: 40115
polytomy of size 20; rounds with additions with at least 5 support: 11; clusters: 43493
Threshold 0.01:
polytomy of size 3; rounds with additions with at least 5 support: 2; clusters: 43497
polytomy of size 28; rounds with additions with at least 5 support: 5; clusters: 52133
Threshold 0.02:
polytomy of size 38; rounds with additions with at least 5 support: 3; clusters: 69211
Threshold 0.05:
polytomy of size 52; rounds with additions with at least 5 support: 6; clusters: 69585
Threshold 0.1:
polytomy of size 3; rounds with additions with at least 5 support: 0; clusters: 69585
polytomy of size 5; rounds with additions with at least 5 support: 0; clusters: 69585
polytomy of size 64; rounds with additions with at least 5 support: 0; clusters: 69751
Threshold 0.2:
polytomy of size 4; rounds with additions with at least 5 support: 0; clusters: 69751
polytomy of size 3; rounds with additions with at least 5 support: 0; clusters: 69751
polytomy of size 3; rounds with additions with at least 5 support: 0; clusters: 69751
polytomy of size 3; rounds with additions with at least 5 support: 0; clusters: 69751
polytomy of size 5; rounds with additions with at least 5 support: 0; clusters: 69751
polytomy of size 4; rounds with additions with at least 5 support: 0; clusters: 69751
polytomy of size 5; rounds with additions with at least 5 support: 0; clusters: 69751
polytomy of size 84; rounds with additions with at least 5 support: 0; clusters: 69935
Threshold 0.3333333333333333:
polytomy of size 3; rounds with additions with at least 5 support: 0; clusters: 69935
polytomy of size 3; rounds with additions with at least 5 support: 0; clusters: 69935
polytomy of size 3; rounds with additions with at least 5 support: 0; clusters: 69935
polytomy of size 4; rounds with additions with at least 5 support: 0; clusters: 69935
polytomy of size 126; rounds with additions with at least 5 support: 0; clusters: 70017
polytomy of size 3; rounds with additions with at least 5 support: 0; clusters: 70017
max k is :22
Number of Clusters after addition by greedy: 70017
gradient0 in heuristiic: 70017
partitions formed in 45.74 secs
Dynamic Programming starting after 45.74 secs
Using tree-based weight calculation.
Using polytree-based weight calculation.
Polytree max score: 13199663868
Polytree building time: 0.273 seconds.
Number of quartet trees in the gene trees: 13199663868
Size of largest cluster: 201
Greedy score: 5348654264
estimationFactor: 2.467847652229555
Sub-optimal score: 5679409624
Calculated 100000 weights; time (seconds): 148
Total Number of elements weighted: 165553
Normalized score (portion of input quartet trees satisfied before correcting for multiple individuals): 0.5031914314956251
Optimization score: 6641957757
Optimal tree inferred in 220.93 secs.
(51,((61,(76,19)),(((35,((20,88),(21,(184,75)))),((12,(85,(185,67))),((187,26),(29,(45,(171,((148,151),(166,158)))))))),((62,120),((195,((135,(98,23)),((124,(31,103)),(133,(155,(36,136)))))),(((96,189),(58,((32,100),(126,(180,(191,25)))))),((73,(179,108)),((107,(169,39)),(0,((((95,(3,10)),((71,(165,(38,112))),(172,(59,(163,(152,(137,6))))))),(90,(((60,(154,(170,14))),(106,(196,(72,(146,30))))),((80,(94,110)),((11,(70,1)),(164,(198,(9,89)))))))),(((93,(141,(56,(119,5)))),(83,((159,(17,(28,(145,(193,(109,37)))))),(186,(((7,(2,63)),(46,(157,173))),(((116,102),(194,(192,41))),((87,122),((121,190),((42,8),(177,(74,33))))))))))),(((153,(68,((162,64),((117,50),(183,(127,182)))))),((44,(86,181)),((139,178),(138,((125,79),(105,130)))))),((((77,(174,(113,55))),((40,118),(132,(149,24)))),(((92,115),(82,81)),((27,(176,200)),(143,(128,57))))),((111,123),((((144,175),((84,147),(34,161))),((140,(78,(13,99))),((167,54),((91,47),(43,((188,104),(97,69))))))),((15,134),(((52,(66,22)),(114,(18,(150,199)))),((197,53),(((4,131),(49,(160,16))),((48,(65,142)),(168,(129,(156,101)))))))))))))))))))))));
Final quartet score is: 6641957757
Final normalized quartet score is: 0.5031914314956251
Extended species tree:
(149,(24,(132,((40,118)1:0.3201352003468017,((77,(174,(113,55)0.81:0.07349351856331274)1:0.5139747546670111)1:0.8536378785826494,((((92,115)1:0.3986507395308302,(82,81)1:0.8275123171218013)1:0.8100392910231796,((27,(176,200)1:0.31860921584247387)1:1.1722287569130179,(143,(128,57)1:0.34594285919357864)1:1.3584665660241153)0.44:0.016429276275458614)0.99:0.14640974413971017,(((111,123)1:0.36059877217851166,((((144,175)1:1.1971077888062558,((84,147)1:0.973757461513644,(34,161)1:0.8466288416107903)1:0.22842560734423878)1:0.19333216680768384,((140,(78,(13,99)0.48:0.037283799288611766)0.61:0.040884343358870624)1:0.9940102377710842,((167,54)1:0.6001293140232757,((91,47)1:1.14840808728707,(43,((188,104)0.98:0.13794621927028153,(97,69)1:0.35381626287463613)1:0.26628604757021956)1:0.16752542206770496)0.59:0.04308092159309877)0.66:0.04893332501982385)0.77:0.06781527616642936)0.83:0.07682670578999909,((15,134)1:1.105783191111096,(((52,(66,22)1:0.5089964895715653)1:0.36728624043939523,(114,(18,(150,199)1:0.18792815351650094)0.98:0.13017098923971357)1:0.17395535872322504)1:0.6303801169194494,((197,53)1:0.8894538551767404,(((4,131)1:0.34063868674863423,(49,(160,16)1:0.4720258746265034)0.63:0.043450633568408815)1:0.7295703979170644,((48,(65,142)1:0.3126661994616152)1:0.3721787440829098,(168,(129,(156,101)1:0.2830193581306584)1:0.2154500989957278)0.74:0.06004991222657454)1:0.898009438112529)0.43:0.014061434546533032)0.76:0.06528506839135591)0.76:0.06294104994052543)0.96:0.1167836051268584)0.99:0.14598583283224345)0.41:0.011416061788564255,(((153,(68,((162,64)1:0.26506447546101786,((117,50)1:0.5226391303474294,(183,(127,182)1:0.6297683093946469)0.96:0.11878062034631255)0.73:0.06262211478543867)1:0.21704798411812393)1:0.5455286018088945)0.53:0.0363570136197341,((44,(86,181)1:0.845703574371096)1:0.1699953768452506,((139,178)0.65:0.046333191155946925,(138,((125,79)0.99:0.141431074581911,(105,130)1:0.3818337448593603)0.98:0.1288861781677765)1:0.3783019048407097)1:0.46778577844374736)1:0.30501541006014654)0.87:0.08544999957681457,(((93,(141,(56,(119,5)1:0.176189334493472)1:0.2612644073758857)1:0.2631768597382076)1:0.6474113815278522,(83,((159,(17,(28,(145,(193,(109,37)0.87:0.08421934068602457)0.58:0.03625821425851993)0.65:0.047072556945971726)1:0.8380822585907495)0.46:0.03485175120943597)1:0.21273870825762323,(186,(((7,(2,63)1:0.6534404646153841)1:0.35310034432100845,(46,(157,173)1:0.9984211492340697)1:0.5152577639853301)0.98:0.13205921770218187,(((116,102)1:0.3480349184974153,(194,(192,41)0.75:0.06175832995266108)1:0.9180627853470248)0.98:0.12906457415973663,((87,122)0.99:0.15381387917119904,((121,190)1:1.0848741925736411,((42,8)1:1.1231259650906265,(177,(74,33)1:0.5625316132967388)1:0.5046039030239452)0.99:0.155967779994463)0.73:0.06372417618952798)1:0.1655834122710999)0.64:0.05145437080274283)0.65:0.0499273154560731)0.56:0.03365561649689902)0.41:0.011394770593632121)0.66:0.053184692924543246)0.97:0.12277403132418181,((((95,(3,10)1:0.20586937037138883)1:1.6597768897175886,((71,(165,(38,112)1:0.26581132645995087)1:0.19059876729687558)0.98:0.13176790186948437,(172,(59,(163,(152,(137,6)1:0.3931548278538183)0.38:0.006518662317065539)0.96:0.12836656267154367)1:0.21909749964097885)0.42:0.01712239019462167)1:0.7057478483725323)0.43:0.016754793543657675,(90,(((60,(154,(170,14)1:0.16568793837629528)0.99:0.1427191859305606)1:1.2578624954432085,(106,(196,(72,(146,30)0.97:0.1285257427719184)0.88:0.10467467199066957)1:0.6219534633441988)0.55:0.03772210869919229)0.58:0.036613028699654576,((80,(94,110)0.95:0.11199081990641005)1:1.182308583164191,((11,(70,1)0.97:0.12348105677102116)1:1.1737623840050926,(164,(198,(9,89)1:0.4948553454014989)0.57:0.03517858672326389)1:0.6463625904542456)0.84:0.07812605489230158)0.99:0.14711348516392825)0.58:0.037771885527675894)1:0.2029547862756877)1:0.2032303212352507,(0,((107,(169,39)1:1.441778066645462)0.52:0.027792483747678003,((73,(179,108)1:0.9050033169574386)0.94:0.10505345636226424,(((96,189)1:1.0384267447950615,(58,((32,100)1:0.8040295684922573,(126,(180,(191,25)0.74:0.05983579161066511)1:0.8112664724562219)1:0.2693204090733745)0.56:0.036116212594374614)0.55:0.037701086861285954)0.99:0.16058602816423972,((195,((135,(98,23)1:0.19072401340506262)1:0.6624225443007298,((124,(31,103)0.95:0.11473476911313353)1:0.8506035052240686,(133,(155,(36,136)1:0.6147604355026962)1:0.26530631059885623)0.98:0.13244512453173468)1:0.5484292102974067)0.84:0.0795612091285971)0.75:0.06291118924424355,((62,120)1:1.223069335905694,(((35,((20,88)1:0.3305021753984129,(21,(184,75)1:0.6584042321160718)0.94:0.10646529871844249)1:0.20001180929596513)1:0.21126943588442645,((12,(85,(185,67)0.94:0.10635771269523923)1:0.6345881267393461)1:0.31322417873947644,((187,26)1:0.6272894007624965,(29,(45,(171,((148,151)0.56:0.03322556230819796,(166,158)1:0.35864680760901685)0.47:0.031192184942462425)1:0.1694200654692539)1:0.546152813536605)0.79:0.0714897950651814)0.83:0.07681471853871193)0.5:0.02747366543313631)1:0.16589403306164244,((61,(76,19)1:0.24770793340831343)1:0.5052724674371185,51)1:0.6547603401188007)0.85:0.08152539917560928)0.86:0.08126953549406404)0.44:0.02321249906445186)0.93:0.10071917450486886)0.53:0.028865550795608826)0.98:0.13617628239745272)0.37:0.004853822195672384)0.46:0.01950990639067757)0.83:0.07575291423331684)0.49:0.023185505786071633)0.6:0.04124029735836052)1:0.1714719021341349)1:0.2767766141356514)1:0.6605588066961199)0.62:0.059155777984188716));
Weight calculation took 148.884660776 secs
ASTRAL finished in 223.277 secs
