
================== ASTRAL ===================== 

This is ASTRAL version 5.7.8
Gene trees are treated as unrooted
1000 trees read from Dataset/AstralII_data/model.200.500000.0.000001/50/estimatedgenetre.halfresolved
index0
All output trees will be *arbitrarily* rooted at 149

======== Running the main analysis
Number of taxa: 201 (201 species)
Taxa: [149, 40, 118, 113, 55, 174, 77, 180, 44, 162, 153, 127, 182, 92, 38, 169, 39, 20, 184, 75, 107, 36, 136, 21, 88, 137, 71, 191, 25, 96, 189, 64, 117, 183, 68, 50, 128, 57, 143, 115, 27, 176, 200, 82, 81, 111, 34, 161, 144, 175, 4, 179, 108, 18, 87, 122, 186, 129, 168, 65, 156, 101, 155, 124, 31, 62, 120, 74, 33, 7, 2, 63, 177, 17, 196, 83, 28, 95, 3, 10, 159, 193, 109, 145, 37, 121, 46, 157, 173, 197, 53, 93, 141, 56, 119, 5, 42, 8, 190, 116, 102, 192, 194, 41, 198, 105, 125, 138, 130, 139, 178, 86, 79, 181, 123, 94, 110, 80, 106, 164, 9, 89, 11, 70, 1, 72, 146, 30, 154, 170, 14, 60, 112, 165, 172, 59, 163, 152, 6, 90, 15, 134, 91, 47, 160, 49, 150, 199, 52, 66, 22, 114, 131, 16, 84, 147, 167, 54, 48, 142, 97, 69, 188, 104, 43, 140, 13, 78, 99, 132, 24, 32, 58, 0, 126, 100, 73, 195, 185, 85, 12, 67, 51, 76, 61, 19, 45, 35, 29, 148, 151, 171, 166, 158, 187, 26, 135, 98, 103, 133, 23]
Taxon occupancy: {110=1000, 111=1000, 112=1000, 113=1000, 114=1000, 115=1000, 116=1000, 117=1000, 118=1000, 119=1000, 10=1000, 11=1000, 12=1000, 13=1000, 14=1000, 15=1000, 16=1000, 17=1000, 18=1000, 19=1000, 120=1000, 121=1000, 0=1000, 122=1000, 1=1000, 2=1000, 123=1000, 124=1000, 3=1000, 4=1000, 125=1000, 5=1000, 126=1000, 127=1000, 6=1000, 128=1000, 7=1000, 129=1000, 8=1000, 9=1000, 20=1000, 21=1000, 22=1000, 23=1000, 24=1000, 25=1000, 26=1000, 27=1000, 28=1000, 29=1000, 130=1000, 131=1000, 132=1000, 133=1000, 134=1000, 135=1000, 136=1000, 137=1000, 138=1000, 139=1000, 30=1000, 31=1000, 32=1000, 33=1000, 34=1000, 35=1000, 36=1000, 37=1000, 38=1000, 39=1000, 140=1000, 141=1000, 142=1000, 143=1000, 144=1000, 145=1000, 146=1000, 147=1000, 148=1000, 149=1000, 40=1000, 41=1000, 42=1000, 43=1000, 44=1000, 45=1000, 46=1000, 47=1000, 48=1000, 49=1000, 150=1000, 151=1000, 152=1000, 153=1000, 154=1000, 155=1000, 156=1000, 157=1000, 158=1000, 159=1000, 50=1000, 51=1000, 52=1000, 53=1000, 54=1000, 55=1000, 56=1000, 57=1000, 58=1000, 59=1000, 160=1000, 161=1000, 162=1000, 163=1000, 164=1000, 165=1000, 166=1000, 167=1000, 168=1000, 169=1000, 60=1000, 61=1000, 62=1000, 63=1000, 64=1000, 65=1000, 66=1000, 67=1000, 68=1000, 69=1000, 170=1000, 171=1000, 172=1000, 173=1000, 174=1000, 175=1000, 176=1000, 177=1000, 178=1000, 179=1000, 70=1000, 71=1000, 72=1000, 73=1000, 74=1000, 75=1000, 76=1000, 77=1000, 78=1000, 79=1000, 180=1000, 181=1000, 182=1000, 183=1000, 184=1000, 185=1000, 186=1000, 187=1000, 188=1000, 189=1000, 80=1000, 81=1000, 82=1000, 83=1000, 84=1000, 85=1000, 86=1000, 87=1000, 88=1000, 89=1000, 190=1000, 191=1000, 192=1000, 193=1000, 194=1000, 195=1000, 196=1000, 197=1000, 198=1000, 199=1000, 90=1000, 91=1000, 92=1000, 93=1000, 94=1000, 95=1000, 96=1000, 97=1000, 98=1000, 99=1000, 200=1000, 100=1000, 101=1000, 102=1000, 103=1000, 104=1000, 105=1000, 106=1000, 107=1000, 108=1000, 109=1000}
Number of gene trees: 1000
0 trees have missing taxa
Calculating quartet distance matrix (for completion of X)
Species tree distances calculated ...
Building set of clusters (X) from gene trees 
------------------------------
gradient0: 169361
Number of Clusters after addition by distance: 169361
calculating extra bipartitions to be added at level 1 ...
Adding to X using resolutions of greedy consensus ...
Limit for sigma of degrees:5075
polytomy size limit : 54
discarded polytomies: 64 87 123  [3, 3, 3, 3, 3, 3, 3, 3, 3, 3, 3, 4, 4, 4, 4, 4, 4, 5, 6, 12, 30, 40, 54, 64, 87, 123]
Threshold 0.0:
polytomy of size 4; rounds with additions with at least 5 support: 1; clusters: 169379
polytomy of size 12; rounds with additions with at least 5 support: 3; clusters: 169809
Threshold 0.01:
polytomy of size 30; rounds with additions with at least 5 support: 5; clusters: 174969
Threshold 0.02:
polytomy of size 40; rounds with additions with at least 5 support: 1; clusters: 184719
Threshold 0.05:
polytomy of size 3; rounds with additions with at least 5 support: 0; clusters: 184719
polytomy of size 54; rounds with additions with at least 5 support: 3; clusters: 184821
Threshold 0.1:
polytomy of size 3; rounds with additions with at least 5 support: 0; clusters: 184821
polytomy of size 3; rounds with additions with at least 5 support: 0; clusters: 184821
polytomy of size 6; rounds with additions with at least 5 support: 0; clusters: 184821
polytomy of size 64; rounds with additions with at least 5 support: 0; clusters: 184921
Threshold 0.2:
polytomy of size 3; rounds with additions with at least 5 support: 0; clusters: 184921
polytomy of size 3; rounds with additions with at least 5 support: 0; clusters: 184921
polytomy of size 4; rounds with additions with at least 5 support: 0; clusters: 184921
polytomy of size 4; rounds with additions with at least 5 support: 0; clusters: 184921
polytomy of size 5; rounds with additions with at least 5 support: 0; clusters: 184921
polytomy of size 4; rounds with additions with at least 5 support: 0; clusters: 184921
polytomy of size 87; rounds with additions with at least 5 support: 0; clusters: 184935
Threshold 0.3333333333333333:
polytomy of size 4; rounds with additions with at least 5 support: 0; clusters: 184935
polytomy of size 3; rounds with additions with at least 5 support: 0; clusters: 184935
polytomy of size 3; rounds with additions with at least 5 support: 0; clusters: 184935
polytomy of size 3; rounds with additions with at least 5 support: 0; clusters: 184935
polytomy of size 3; rounds with additions with at least 5 support: 0; clusters: 184935
polytomy of size 4; rounds with additions with at least 5 support: 0; clusters: 184935
polytomy of size 3; rounds with additions with at least 5 support: 0; clusters: 184935
polytomy of size 123; rounds with additions with at least 5 support: 0; clusters: 184949
polytomy of size 3; rounds with additions with at least 5 support: 0; clusters: 184949
max k is :10
Number of Clusters after addition by greedy: 184949
gradient0 in heuristiic: 184949
partitions formed in 202.613 secs
Dynamic Programming starting after 202.613 secs
Using tree-based weight calculation.
Using polytree-based weight calculation.
Polytree max score: 65998322319
Polytree building time: 3.5 seconds.
Number of quartet trees in the gene trees: 65998322319
Size of largest cluster: 201
Greedy score: 27294135969
estimationFactor: 2.4180403583377488
Sub-optimal score: 30396282346
Calculated 100000 weights; time (seconds): 631
Calculated 200000 weights; time (seconds): 440
Calculated 300000 weights; time (seconds): 475
Calculated 400000 weights; time (seconds): 463
Total Number of elements weighted: 476496
Normalized score (portion of input quartet trees satisfied before correcting for multiple individuals): 0.5017033260323898
Optimization score: 33111577820
Optimal tree inferred in 2374.582 secs.
(51,((61,(76,19)),(((35,((20,88),(21,(184,75)))),((12,(85,(185,67))),((29,(187,26)),(45,((148,151),(171,(166,158))))))),((62,120),((195,((135,(98,23)),((124,(31,103)),(133,(155,(36,136)))))),(((96,189),((32,100),(58,(126,(180,(191,25)))))),((107,(169,39)),((73,(179,108)),(((95,(3,10)),(((71,(165,(38,112))),(172,(59,(163,(152,(137,6)))))),(90,((60,(154,(170,14))),((106,(196,(72,(146,30)))),((80,(94,110)),((11,(70,1)),(164,(198,(9,89)))))))))),(0,(((93,(141,(56,(119,5)))),(83,((17,(159,(28,(193,(145,(109,37)))))),(186,(((7,(2,63)),(46,(157,173))),(((116,102),(194,(192,41))),((87,122),((121,190),((42,8),(177,(74,33))))))))))),((((153,(68,((162,64),((117,50),(183,(127,182)))))),((44,(86,181)),((139,178),(138,((125,79),(105,130)))))),(((77,(55,(113,174))),((40,118),(132,(149,24)))),((27,(176,200)),((143,(128,57)),((82,81),(92,115)))))),((111,123),((((144,175),((84,147),(34,161))),((99,(78,(140,13))),((167,54),((91,47),(43,((188,104),(97,69))))))),((15,134),(((52,(66,22)),(114,(18,(150,199)))),(((48,(65,142)),(168,(129,(156,101)))),((197,53),(49,((160,16),(4,131)))))))))))))))))))));
Final quartet score is: 33111577820
Final normalized quartet score is: 0.5017033260323898
Extended species tree:
(149,(24,(132,((40,118)1:0.2058108426214744,((77,(55,(113,174)0.86:0.03646967978139168)1:0.5354523146054573)1:0.8015613882921064,(((27,(176,200)1:0.33333032445374644)1:1.1954775082797258,((143,(128,57)1:0.37107468303557845)1:1.313867154924876,((82,81)1:0.817775707088494,(92,115)1:0.5500098074427712)1:0.7198630038494959)0.84:0.036445005141529076)1:0.14647974740054742,(((153,(68,((162,64)1:0.2179291505592896,((117,50)1:0.5569968427457943,(183,(127,182)1:0.589513702553578)1:0.12965649478624436)1:0.10322490123874271)1:0.24906436590603226)1:0.5234324072970411)0.58:0.017413280111083677,((44,(86,181)1:0.8055303854377248)1:0.13425077199984461,((139,178)1:0.1207750957307593,(138,((125,79)1:0.19858737324834227,(105,130)1:0.3198441964050813)0.98:0.06338953058141474)1:0.3865348121275651)1:0.5080594381857658)1:0.31359079409979845)1:0.09155066597183374,(((111,123)1:0.4135641363606342,((((144,175)1:1.029113896780172,((84,147)1:0.9262734550468726,(34,161)1:0.9661852559351551)1:0.34450196814376666)1:0.16096745606095053,((99,(78,(140,13)0.47:0.018423422928867467)0.78:0.036562336399283114)1:0.9687756254228419,((167,54)1:0.6482859734631241,((91,47)1:1.1476849217152671,(43,((188,104)1:0.1915272246386071,(97,69)1:0.3881710319995756)1:0.2219364637193862)1:0.14263249710746403)1:0.0748058352915706)0.96:0.051006278612531195)0.99:0.06509713373495249)0.99:0.06099085534289424,((15,134)1:1.2048679762330388,(((52,(66,22)1:0.41167485384091534)1:0.4687263386979713,(114,(18,(150,199)1:0.19536401315190297)1:0.195694826792583)1:0.1865954843823658)1:0.5693383802998937,(((48,(65,142)1:0.26126477357860634)1:0.41792027761122835,(168,(129,(156,101)1:0.34911808098264496)1:0.20958894534580724)0.54:0.018307355564631277)1:0.7494322932812936,((197,53)1:1.0060791956656285,(49,((160,16)1:0.476449405734132,(4,131)1:0.34587582936433403)0.38:0.003399060650057019)1:0.8353881321503431)0.73:0.027670635945835024)1:0.09401279133865152)0.51:0.012553001325724218)1:0.15383185335284572)1:0.18229684744459185)0.38:0.00405618673466591,(((93,(141,(56,(119,5)1:0.14398166859392408)1:0.275908141514549)1:0.29393343493981294)1:0.6902198562669772,(83,((17,(159,(28,(193,(145,(109,37)0.96:0.05206156148899676)0.79:0.03221910988592194)1:0.08743590350527541)1:0.762059092331176)0.78:0.03455575080734579)1:0.16606802530789408,(186,(((7,(2,63)1:0.6416929481505919)1:0.28363790324066435,(46,(157,173)1:0.9658310625633594)1:0.52385837848683)1:0.14832652233839896,(((116,102)1:0.2768773676963051,(194,(192,41)0.58:0.016988707465304394)1:0.8784285497641421)1:0.14063009364031617,((87,122)1:0.12388094583516433,((121,190)1:1.0201014212427266,((42,8)1:0.9973430377208737,(177,(74,33)1:0.5326542984376331)1:0.5493814051649186)1:0.21030321527406676)0.42:0.005874262479466925)1:0.19368493612269075)0.99:0.061910151388383794)0.54:0.014519150977282987)0.96:0.05178940108287648)0.85:0.03642744834449232)1:0.08244524483942622)1:0.088100657419534,(0,(((95,(3,10)1:0.19713637093706954)1:1.5638051875189312,(((71,(165,(38,112)1:0.2702711918763095)1:0.1833296866058956)1:0.10421039865832188,(172,(59,(163,(152,(137,6)1:0.35736277409995687)0.37:0.00298542397967517)1:0.11761713083799719)1:0.22951065288113318)0.91:0.04302314454451779)1:0.74832471077149,(90,((60,(154,(170,14)1:0.1279522097529114)1:0.2311593315820478)1:1.2089827778692446,((106,(196,(72,(146,30)1:0.08587587042464272)1:0.12922773970771093)1:0.627795390549534)0.99:0.061865418900366585,((80,(94,110)1:0.11898141940182526)1:1.137042825598565,((11,(70,1)1:0.11316764720419256)1:1.1129448031095672,(164,(198,(9,89)1:0.48982298395454527)0.86:0.036651664480235636)1:0.7392914357925083)1:0.10358560567320461)1:0.10648410629774774)0.5:0.015170786513036787)0.86:0.03723631614809821)1:0.19337458277828998)0.45:0.008768109895698806)1:0.20319893169866743,((73,(179,108)1:1.0697170163491152)1:0.12198245496112549,((107,(169,39)1:1.372315687363178)0.25:0.0,(((96,189)1:1.0503816706054048,((32,100)1:0.9235520646636696,(58,(126,(180,(191,25)1:0.08539925406594556)1:0.7074505949368308)1:0.23543018315529604)0.4:0.005388952371891494)0.91:0.042307045656762916)1:0.17072279622939393,((195,((135,(98,23)1:0.2522912015995228)1:0.6387091435712574,((124,(31,103)1:0.07503823898093066)1:0.9152546121892626,(133,(155,(36,136)1:0.6978397171054221)1:0.17365418251131792)1:0.145657406264939)1:0.4791929447319552)0.98:0.06029265462263396)1:0.09288658561624612,((62,120)1:1.4585130418557246,(((35,((20,88)1:0.41811254011795307,(21,(184,75)1:0.6460010328200724)1:0.08968548807962357)1:0.17264726844009676)1:0.2051130250922358,((12,(85,(185,67)0.8:0.04411333295346014)1:0.6013891423254699)1:0.3109229932095728,((29,(187,26)1:0.5778142040970274)0.64:0.021266705484592602,(45,((148,151)0.7:0.025423482164733408,(171,(166,158)1:0.3189866189374021)0.86:0.039806357179109346)1:0.1702271576158804)1:0.6250550642815372)1:0.11097800589207533)0.81:0.03409405644660958)1:0.16938848988576127,((61,(76,19)1:0.21186198528132855)1:0.5855333338791325,51)1:0.5378396725494459)1:0.11581986582380449)1:0.07136951311452235)0.87:0.03794214359242084)1:0.09724612467794773)0.72:0.026558603650239036)1:0.15303063939804384)0.5:0.012914422542346484)0.56:0.015573189545555883)1:0.08341045851913735)0.36:0.001340035433703548)0.94:0.04669030232673782)1:0.26048168982858927)1:0.2721761782232585)1:0.7668721758255532)0.84:0.035886278564408916));
Weight calculation took 1996.987479284 secs
ASTRAL finished in 2384.343 secs
