
================== ASTRAL ===================== 

This is ASTRAL version 5.7.8
Gene trees are treated as unrooted
50 trees read from Dataset/AstralII_data/model.200.500000.0.000001/50/estimatedgenetre.halfresolved_50
index0
All output trees will be *arbitrarily* rooted at 149

======== Running the main analysis
Number of taxa: 201 (201 species)
Taxa: [149, 40, 118, 113, 55, 174, 77, 180, 44, 162, 153, 127, 182, 92, 38, 169, 39, 20, 184, 75, 107, 36, 136, 21, 88, 137, 71, 191, 25, 96, 189, 64, 117, 183, 68, 50, 128, 57, 143, 115, 27, 176, 200, 82, 81, 111, 34, 161, 144, 175, 4, 179, 108, 18, 87, 122, 186, 129, 168, 65, 156, 101, 155, 124, 31, 62, 120, 74, 33, 7, 2, 63, 177, 17, 196, 83, 28, 95, 3, 10, 159, 193, 109, 145, 37, 121, 46, 157, 173, 197, 53, 93, 141, 56, 119, 5, 42, 8, 190, 116, 102, 192, 194, 41, 198, 105, 125, 138, 130, 139, 178, 86, 79, 181, 123, 94, 110, 80, 106, 164, 9, 89, 11, 70, 1, 72, 146, 30, 154, 170, 14, 60, 112, 165, 172, 59, 163, 152, 6, 90, 15, 134, 91, 47, 160, 49, 150, 199, 52, 66, 22, 114, 131, 16, 84, 147, 167, 54, 48, 142, 97, 69, 188, 104, 43, 140, 13, 78, 99, 132, 24, 32, 58, 0, 126, 100, 73, 195, 185, 85, 12, 67, 51, 76, 61, 19, 45, 35, 29, 148, 151, 171, 166, 158, 187, 26, 135, 98, 103, 133, 23]
Taxon occupancy: {110=50, 111=50, 112=50, 113=50, 114=50, 115=50, 116=50, 117=50, 118=50, 119=50, 10=50, 11=50, 12=50, 13=50, 14=50, 15=50, 16=50, 17=50, 18=50, 19=50, 120=50, 121=50, 0=50, 122=50, 1=50, 2=50, 123=50, 124=50, 3=50, 4=50, 125=50, 5=50, 126=50, 127=50, 6=50, 128=50, 7=50, 129=50, 8=50, 9=50, 20=50, 21=50, 22=50, 23=50, 24=50, 25=50, 26=50, 27=50, 28=50, 29=50, 130=50, 131=50, 132=50, 133=50, 134=50, 135=50, 136=50, 137=50, 138=50, 139=50, 30=50, 31=50, 32=50, 33=50, 34=50, 35=50, 36=50, 37=50, 38=50, 39=50, 140=50, 141=50, 142=50, 143=50, 144=50, 145=50, 146=50, 147=50, 148=50, 149=50, 40=50, 41=50, 42=50, 43=50, 44=50, 45=50, 46=50, 47=50, 48=50, 49=50, 150=50, 151=50, 152=50, 153=50, 154=50, 155=50, 156=50, 157=50, 158=50, 159=50, 50=50, 51=50, 52=50, 53=50, 54=50, 55=50, 56=50, 57=50, 58=50, 59=50, 160=50, 161=50, 162=50, 163=50, 164=50, 165=50, 166=50, 167=50, 168=50, 169=50, 60=50, 61=50, 62=50, 63=50, 64=50, 65=50, 66=50, 67=50, 68=50, 69=50, 170=50, 171=50, 172=50, 173=50, 174=50, 175=50, 176=50, 177=50, 178=50, 179=50, 70=50, 71=50, 72=50, 73=50, 74=50, 75=50, 76=50, 77=50, 78=50, 79=50, 180=50, 181=50, 182=50, 183=50, 184=50, 185=50, 186=50, 187=50, 188=50, 189=50, 80=50, 81=50, 82=50, 83=50, 84=50, 85=50, 86=50, 87=50, 88=50, 89=50, 190=50, 191=50, 192=50, 193=50, 194=50, 195=50, 196=50, 197=50, 198=50, 199=50, 90=50, 91=50, 92=50, 93=50, 94=50, 95=50, 96=50, 97=50, 98=50, 99=50, 200=50, 100=50, 101=50, 102=50, 103=50, 104=50, 105=50, 106=50, 107=50, 108=50, 109=50}
Number of gene trees: 50
0 trees have missing taxa
Calculating quartet distance matrix (for completion of X)
Species tree distances calculated ...
Building set of clusters (X) from gene trees 
------------------------------
gradient0: 12141
Number of Clusters after addition by distance: 12141
calculating extra bipartitions to be added at level 1 ...
Adding to X using resolutions of greedy consensus ...
Limit for sigma of degrees:5075
polytomy size limit : 58
discarded polytomies: 83 124  [3, 3, 3, 3, 3, 3, 3, 3, 3, 3, 4, 4, 4, 4, 4, 5, 5, 26, 26, 26, 50, 58, 83, 124]
Threshold 0.0:
polytomy of size 3; rounds with additions with at least 5 support: 1; clusters: 12147
polytomy of size 3; rounds with additions with at least 5 support: 1; clusters: 12153
polytomy of size 26; rounds with additions with at least 5 support: 5; clusters: 22057
Threshold 0.01:
polytomy of size 3; rounds with additions with at least 5 support: 0; clusters: 22057
polytomy of size 3; rounds with additions with at least 5 support: 0; clusters: 22057
polytomy of size 26; rounds with additions with at least 5 support: 0; clusters: 30319
Threshold 0.02:
polytomy of size 3; rounds with additions with at least 5 support: 0; clusters: 30319
polytomy of size 3; rounds with additions with at least 5 support: 0; clusters: 30319
polytomy of size 26; rounds with additions with at least 5 support: 0; clusters: 37831
Threshold 0.05:
polytomy of size 3; rounds with additions with at least 5 support: 0; clusters: 37831
polytomy of size 50; rounds with additions with at least 5 support: 2; clusters: 38449
Threshold 0.1:
polytomy of size 3; rounds with additions with at least 5 support: 0; clusters: 38449
polytomy of size 58; rounds with additions with at least 5 support: 2; clusters: 38993
Threshold 0.2:
polytomy of size 4; rounds with additions with at least 5 support: 0; clusters: 38993
polytomy of size 4; rounds with additions with at least 5 support: 0; clusters: 38993
polytomy of size 5; rounds with additions with at least 5 support: 0; clusters: 38993
polytomy of size 4; rounds with additions with at least 5 support: 0; clusters: 38995
polytomy of size 83; rounds with additions with at least 5 support: 0; clusters: 39429
Threshold 0.3333333333333333:
polytomy of size 4; rounds with additions with at least 5 support: 0; clusters: 39429
polytomy of size 5; rounds with additions with at least 5 support: 0; clusters: 39429
polytomy of size 4; rounds with additions with at least 5 support: 0; clusters: 39429
polytomy of size 3; rounds with additions with at least 5 support: 0; clusters: 39429
polytomy of size 124; rounds with additions with at least 5 support: 0; clusters: 39893
polytomy of size 3; rounds with additions with at least 5 support: 0; clusters: 39893
max k is :10
Number of Clusters after addition by greedy: 39893
gradient0 in heuristiic: 39893
partitions formed in 17.806 secs
Dynamic Programming starting after 17.807 secs
Using tree-based weight calculation.
Using polytree-based weight calculation.
Polytree max score: 3299916510
Polytree building time: 0.078 seconds.
Number of quartet trees in the gene trees: 3299916510
Size of largest cluster: 201
Greedy score: 1409559106
estimationFactor: 2.341098359021207
Sub-optimal score: 1467798318
Calculated 100000 weights; time (seconds): 50
Total Number of elements weighted: 146476
Normalized score (portion of input quartet trees satisfied before correcting for multiple individuals): 0.49743366840514397
Optimization score: 1641489575
Optimal tree inferred in 66.795 secs.
(22,(66,(52,((114,(18,(150,199))),((((48,(65,142)),(168,(129,(156,101)))),((197,53),((160,16),(49,(4,131))))),((15,134),((((144,175),((84,147),(34,161))),((167,54),((99,(140,(13,78))),((91,47),(43,((188,104),(97,69))))))),(((27,(176,200)),((143,(128,57)),((92,115),(82,81)))),((((77,(174,(113,55))),((40,118),(132,(149,24)))),(((111,123),(68,((162,64),((117,50),(183,(127,182)))))),(44,((86,181),(178,(139,(138,((125,79),(105,130))))))))),(153,((0,((93,(141,(56,(119,5)))),((17,(159,(145,(28,(37,(193,109)))))),((83,((7,(2,63)),(46,(157,173)))),((186,((116,102),(41,(192,194)))),((87,122),((121,190),((42,8),(177,(74,33)))))))))),(((95,(3,10)),(((172,(71,(165,(38,112)))),((59,163),(152,(137,6)))),(90,((106,((196,(72,(146,30))),(60,(154,(170,14))))),((80,(94,110)),((1,(11,70)),((9,89),(198,164)))))))),((107,(169,39)),((73,(179,108)),(((135,(98,23)),((124,(31,103)),(133,(155,(36,136))))),(((62,120),((58,(96,189)),((32,100),(126,(180,(191,25)))))),(195,((51,(61,(76,19))),((35,((184,75),(21,(20,88)))),((12,(67,(185,85))),((187,26),(29,(45,((148,151),(171,(166,158))))))))))))))))))))))))));
Final quartet score is: 1641489575
Final normalized quartet score is: 0.49743366840514397
Extended species tree:
(149,(24,(132,((40,118)0.85:0.17092219131424577,((77,(174,(113,55)0.73:0.12651085205287402)1:0.40935441742373163)1:0.9539603609987595,((((111,123)1:0.3464813542346262,(68,((162,64)0.68:0.09730732133941224,((117,50)1:0.41784636245155765,(183,(127,182)1:0.7979796782528933)0.45:0.03434665630849525)0.46:0.03307328392280141)0.99:0.31330471201898297)1:0.5441826754467992)0.47:0.03736794569952728,(44,((86,181)1:1.2789138282477714,(178,(139,(138,((125,79)0.57:0.06611236772355739,(105,130)1:0.437975035796704)0.61:0.08446360491083084)0.99:0.3209077200801012)0.59:0.07222515370887116)1:0.5189990840937001)0.41:0.026120222719997456)1:0.4322144600553008)0.38:0.006042692149982135,((153,((0,((93,(141,(56,(119,5)0.63:0.0839371896320547)0.99:0.2972831062989332)0.97:0.25268734766594214)1:0.6455584659135637,((17,(159,(145,(28,(37,(193,109)0.43:0.032765065751751206)0.86:0.17583324568996078)0.56:0.06365855627938076)1:0.8642200248180296)0.43:0.021391517780365094)0.95:0.22563682451690803,((83,((7,(2,63)1:0.49271958708027236)1:0.5075629781311741,(46,(157,173)1:0.9232967976488079)1:0.37526951002599507)0.57:0.06730496128118302)0.49:0.04159135967217751,((186,((116,102)1:0.4444817604506163,(41,(192,194)0.82:0.17592494649726206)1:0.8274506083933054)0.9:0.1849494410483119)0.38:0.0057618766517478865,((87,122)0.94:0.22026997041994623,((121,190)1:0.7456221118115327,((42,8)1:1.2195327438833252,(177,(74,33)1:0.48593497176512945)1:0.6468181686502057)0.6:0.0734589936890757)0.73:0.11643399198101449)0.93:0.21018655172418937)0.46:0.03684017963448076)0.38:0.008642072652827161)0.54:0.055618315917147734)0.67:0.09562047501439133)0.37:0.005068251548566541,(((95,(3,10)0.84:0.1590646946296874)1:1.751761343406198,(((172,(71,(165,(38,112)0.97:0.25437487443401235)0.78:0.13144339783163034)0.92:0.22405683337539972)0.4:0.013737289071960186,((59,163)0.51:0.060252667190610114,(152,(137,6)0.99:0.34978084426666833)0.54:0.06850797363417442)0.98:0.2909519646209423)1:0.6242258630605079,(90,((106,((196,(72,(146,30)0.99:0.3050633910589503)0.5:0.04691822370386823)1:0.5635253047349317,(60,(154,(170,14)0.49:0.04113770091593179)0.59:0.07532606908557217)1:1.0372886982499196)0.5:0.044529664307189576)0.47:0.04295667477191461,((80,(94,110)0.77:0.1290427126340025)1:1.1479646681345945,((1,(11,70)0.76:0.1263422890520533)1:1.2681744776818327,((9,89)1:0.5984886965453782,(198,164)0.68:0.09894472541185198)1:0.4301960969655205)0.88:0.1800451230425598)0.84:0.15613277967400832)0.43:0.026630673652329778)0.86:0.17035606075646448)0.53:0.05309045108519688)0.8:0.14028053016381528,((107,(169,39)1:1.512131131583372)0.62:0.07911261882613638,((73,(179,108)1:1.2137250957686143)0.84:0.1551308402075275,(((135,(98,23)0.88:0.17503975568085334)1:0.6545468434353598,((124,(31,103)0.71:0.10830271517195522)1:0.8649121621657049,(133,(155,(36,136)1:0.48053727370118104)0.98:0.27305875090553977)0.92:0.20528380962910214)1:0.45876767068145813)0.66:0.09381508414688268,(((62,120)1:1.1738163602477014,((58,(96,189)1:0.9139909422926917)0.42:0.02591501996513898,((32,100)1:0.6219847186359807,(126,(180,(191,25)0.42:0.02101548372138888)1:0.7332043138838683)1:0.4243066589247935)0.5:0.046657406413999326)0.72:0.11169191065867454)0.48:0.049941015135695405,(195,((51,(61,(76,19)0.83:0.19433640589089204)1:0.541986933583237)1:0.4752841833819675,((35,((184,75)1:0.6643540260373876,(21,(20,88)0.95:0.23859957817356675)0.42:0.022075616743844916)0.96:0.24183876748032904)0.96:0.24770586648200882,((12,(67,(185,85)0.42:0.030924856675479114)1:0.5457161219852436)1:0.5060605766035597,((187,26)0.99:0.3335964736334269,(29,(45,((148,151)0.72:0.12001767345779958,(171,(166,158)0.94:0.2256719976675684)0.67:0.09385565590438075)0.91:0.19482779070366305)1:0.5818672875619672)0.53:0.05258680777397749)0.69:0.10550269256027942)0.53:0.05359761019049255)0.91:0.19464616417800412)0.69:0.10213758252388079)0.54:0.08148528458603323)0.38:0.008731418480079921)0.57:0.06446426674065517)0.46:0.031121256806099746)0.76:0.12608871769317895)0.38:0.010680362877798751)0.47:0.042889591484517285)0.35:0.0,(((27,(176,200)0.78:0.13582584869804612)1:1.0973701548965966,((143,(128,57)1:0.46589088605898765)1:1.2820108351527386,((92,115)1:0.49595711403659165,(82,81)1:0.7510787314417969)1:0.5293404208777419)0.7:0.10881028396091398)0.87:0.17413042944550866,((((144,175)1:1.2347326795025377,((84,147)1:0.8385516295359812,(34,161)1:0.6759768356931835)0.98:0.2823419070779575)0.98:0.2769046627079849,((167,54)1:0.6856940819431331,((99,(140,(13,78)0.89:0.18499893456467106)0.63:0.08438175839537991)1:0.9003670323072925,((91,47)1:1.2251165366872057,(43,((188,104)0.57:0.06675058074881028,(97,69)1:0.39884330644842925)0.91:0.1971671029881809)0.89:0.20059700031368027)0.64:0.08467383534685277)0.43:0.03015811240169827)0.61:0.07766749617588421)0.55:0.060743057308918394,((15,134)1:1.0555983822143253,((((48,(65,142)1:0.347675580331206)0.71:0.10918325673413153,(168,(129,(156,101)0.98:0.26845825565794196)0.98:0.26875219633927855)0.83:0.16094266657715012)1:0.7016880212315725,((197,53)1:1.040509303893649,((160,16)1:0.7139707369902321,(49,(4,131)1:0.3990242196560925)0.78:0.13284563912602237)1:0.6205257006582153)0.39:0.012141445721221888)0.42:0.02188740340285946,((114,(18,(150,199)0.66:0.09400384389026936)0.89:0.191530747011841)0.74:0.11848446413470094,(52,(66,22)1:0.4257223841959901)1:0.3617395102041989)1:0.6409632737039922)0.5:0.04451472385301894)0.84:0.1561937617491332)0.64:0.08559708399637035)0.44:0.029907222305250718)0.41:0.0190028136853678)0.99:0.3118377652558935)0.75:0.12817693913805145)1:0.7036311171406847)0.45:0.033379222073834716));
Weight calculation took 40.553984279 secs
ASTRAL finished in 68.313 secs
