
================== ASTRAL ===================== 

This is ASTRAL version 5.7.8
Gene trees are treated as unrooted
979 trees read from Dataset/AstralII_data/model.200.10000000.0.000001/06/estimatedgenetre.halfresolved
index0
All output trees will be *arbitrarily* rooted at 163

======== Running the main analysis
Number of taxa: 201 (201 species)
Taxa: [163, 44, 18, 67, 144, 15, 34, 109, 156, 14, 23, 37, 129, 94, 157, 56, 119, 85, 140, 189, 64, 178, 196, 106, 192, 95, 48, 52, 74, 133, 186, 6, 81, 134, 154, 141, 194, 180, 86, 49, 87, 158, 3, 172, 80, 65, 175, 41, 50, 166, 152, 115, 108, 77, 54, 40, 151, 58, 169, 102, 10, 164, 174, 165, 51, 122, 138, 89, 188, 116, 75, 131, 177, 117, 83, 71, 111, 82, 128, 61, 130, 199, 101, 38, 60, 66, 181, 184, 148, 182, 114, 125, 25, 24, 28, 20, 110, 107, 176, 4, 155, 136, 132, 0, 135, 8, 1, 78, 7, 17, 47, 32, 53, 11, 200, 88, 170, 99, 45, 92, 143, 173, 183, 12, 190, 5, 62, 195, 59, 29, 168, 160, 72, 142, 153, 150, 93, 76, 162, 73, 33, 126, 161, 145, 179, 84, 2, 121, 104, 42, 97, 31, 123, 91, 68, 146, 69, 193, 98, 79, 27, 30, 113, 118, 187, 147, 96, 63, 9, 198, 16, 90, 103, 127, 55, 149, 120, 26, 46, 112, 139, 185, 57, 105, 191, 39, 21, 171, 159, 137, 100, 70, 35, 13, 167, 36, 124, 22, 197, 43, 19]
Taxon occupancy: {110=979, 111=979, 112=979, 113=979, 114=979, 115=979, 116=979, 117=979, 118=979, 119=979, 10=979, 11=979, 12=979, 13=979, 14=979, 15=979, 16=979, 17=979, 18=979, 19=979, 120=979, 0=979, 121=979, 122=979, 1=979, 2=979, 123=979, 3=979, 124=979, 125=979, 4=979, 5=979, 126=979, 6=979, 127=979, 128=979, 7=979, 129=979, 8=979, 9=979, 20=979, 21=979, 22=979, 23=979, 24=979, 25=979, 26=979, 27=979, 28=979, 29=979, 130=979, 131=979, 132=979, 133=979, 134=979, 135=979, 136=979, 137=979, 138=979, 139=979, 30=979, 31=979, 32=979, 33=979, 34=979, 35=979, 36=979, 37=979, 38=979, 39=979, 140=979, 141=979, 142=979, 143=979, 144=979, 145=979, 146=979, 147=979, 148=979, 149=979, 40=979, 41=979, 42=979, 43=979, 44=979, 45=979, 46=979, 47=979, 48=979, 49=979, 150=979, 151=979, 152=979, 153=979, 154=979, 155=979, 156=979, 157=979, 158=979, 159=979, 50=979, 51=979, 52=979, 53=979, 54=979, 55=979, 56=979, 57=979, 58=979, 59=979, 160=979, 161=979, 162=979, 163=979, 164=979, 165=979, 166=979, 167=979, 168=979, 169=979, 60=979, 61=979, 62=979, 63=979, 64=979, 65=979, 66=979, 67=979, 68=979, 69=979, 170=979, 171=979, 172=979, 173=979, 174=979, 175=979, 176=979, 177=979, 178=979, 179=979, 70=979, 71=979, 72=979, 73=979, 74=979, 75=979, 76=979, 77=979, 78=979, 79=979, 180=979, 181=979, 182=979, 183=979, 184=979, 185=979, 186=979, 187=979, 188=979, 189=979, 80=979, 81=979, 82=979, 83=979, 84=979, 85=979, 86=979, 87=979, 88=979, 89=979, 190=979, 191=979, 192=979, 193=979, 194=979, 195=979, 196=979, 197=979, 198=979, 199=979, 90=979, 91=979, 92=979, 93=979, 94=979, 95=979, 96=979, 97=979, 98=979, 99=979, 200=979, 100=979, 101=979, 102=979, 103=979, 104=979, 105=979, 106=979, 107=979, 108=979, 109=979}
Number of gene trees: 979
0 trees have missing taxa
Calculating quartet distance matrix (for completion of X)
Species tree distances calculated ...
Building set of clusters (X) from gene trees 
------------------------------
gradient0: 49269
Number of Clusters after addition by distance: 49269
calculating extra bipartitions to be added at level 1 ...
Adding to X using resolutions of greedy consensus ...
Limit for sigma of degrees:5075
polytomy size limit : 9
discarded polytomies:  [3, 3, 3, 3, 3, 3, 3, 3, 3, 3, 3, 3, 3, 3, 3, 3, 3, 3, 4, 4, 4, 4, 4, 4, 4, 4, 4, 4, 4, 4, 5, 5, 5, 6, 6, 7, 7, 9, 9]
Threshold 0.0:
Threshold 0.01:
Threshold 0.02:
Threshold 0.05:
polytomy of size 3; rounds with additions with at least 5 support: 0; clusters: 49269
Threshold 0.1:
polytomy of size 3; rounds with additions with at least 5 support: 0; clusters: 49269
polytomy of size 4; rounds with additions with at least 5 support: 0; clusters: 49269
polytomy of size 4; rounds with additions with at least 5 support: 0; clusters: 49269
polytomy of size 5; rounds with additions with at least 5 support: 0; clusters: 49269
Threshold 0.2:
polytomy of size 4; rounds with additions with at least 5 support: 0; clusters: 49269
polytomy of size 3; rounds with additions with at least 5 support: 0; clusters: 49269
polytomy of size 3; rounds with additions with at least 5 support: 0; clusters: 49269
polytomy of size 3; rounds with additions with at least 5 support: 0; clusters: 49269
polytomy of size 6; rounds with additions with at least 5 support: 0; clusters: 49269
polytomy of size 5; rounds with additions with at least 5 support: 0; clusters: 49269
polytomy of size 4; rounds with additions with at least 5 support: 0; clusters: 49269
polytomy of size 6; rounds with additions with at least 5 support: 0; clusters: 49269
polytomy of size 4; rounds with additions with at least 5 support: 0; clusters: 49269
polytomy of size 3; rounds with additions with at least 5 support: 0; clusters: 49269
Threshold 0.3333333333333333:
polytomy of size 3; rounds with additions with at least 5 support: 0; clusters: 49269
polytomy of size 5; rounds with additions with at least 5 support: 0; clusters: 49269
polytomy of size 3; rounds with additions with at least 5 support: 0; clusters: 49269
polytomy of size 3; rounds with additions with at least 5 support: 0; clusters: 49269
polytomy of size 3; rounds with additions with at least 5 support: 0; clusters: 49269
polytomy of size 4; rounds with additions with at least 5 support: 0; clusters: 49269
polytomy of size 4; rounds with additions with at least 5 support: 0; clusters: 49269
polytomy of size 3; rounds with additions with at least 5 support: 0; clusters: 49269
polytomy of size 9; rounds with additions with at least 5 support: 0; clusters: 49269
polytomy of size 7; rounds with additions with at least 5 support: 0; clusters: 49269
polytomy of size 3; rounds with additions with at least 5 support: 0; clusters: 49269
polytomy of size 4; rounds with additions with at least 5 support: 0; clusters: 49269
polytomy of size 3; rounds with additions with at least 5 support: 0; clusters: 49269
polytomy of size 3; rounds with additions with at least 5 support: 0; clusters: 49269
polytomy of size 3; rounds with additions with at least 5 support: 0; clusters: 49269
polytomy of size 3; rounds with additions with at least 5 support: 0; clusters: 49269
polytomy of size 4; rounds with additions with at least 5 support: 0; clusters: 49269
polytomy of size 4; rounds with additions with at least 5 support: 0; clusters: 49269
polytomy of size 4; rounds with additions with at least 5 support: 0; clusters: 49269
polytomy of size 3; rounds with additions with at least 5 support: 0; clusters: 49269
polytomy of size 9; rounds with additions with at least 5 support: 0; clusters: 49269
polytomy of size 7; rounds with additions with at least 5 support: 0; clusters: 49269
polytomy of size 4; rounds with additions with at least 5 support: 0; clusters: 49269
polytomy of size 3; rounds with additions with at least 5 support: 0; clusters: 49269
max k is :0
Number of Clusters after addition by greedy: 49269
gradient0 in heuristiic: 49269
partitions formed in 39.194 secs
Dynamic Programming starting after 39.194 secs
Using tree-based weight calculation.
Using polytree-based weight calculation.
Polytree max score: 64577992002
Polytree building time: 4.351 seconds.
Number of quartet trees in the gene trees: 64577992002
Size of largest cluster: 201
Greedy score: 47941955542
estimationFactor: 1.3470037104645396
Sub-optimal score: 51105232991
Calculated 100000 weights; time (seconds): 237
Total Number of elements weighted: 198217
Normalized score (portion of input quartet trees satisfied before correcting for multiple individuals): 0.8240977162986394
Optimization score: 53218575732
Optimal tree inferred in 441.845 secs.
(153,((62,150),(142,(195,(16,(((59,29),(72,(168,160))),(76,((93,((161,145),((121,104),(2,(179,84))))),((((91,68),(183,(12,(190,5)))),(173,((31,123),(97,(143,42))))),(((90,103),(146,((99,(45,92)),(126,(33,(162,73)))))),(((79,((27,30),(113,(118,187)))),((193,(69,98)),(((147,198),(9,(96,63))),((135,(200,(88,170))),((78,(7,17)),((8,1),(47,(53,(32,11))))))))),(0,(((172,80),(3,(((175,41),(65,(50,166))),(158,(((52,74),(133,186)),((86,49),((194,180),((141,87),((6,81),(134,154)))))))))),(((58,((77,54),(40,151))),((51,(165,122)),(((131,177),(10,164)),((83,(138,117)),((102,(169,174)),(89,(188,(116,75)))))))),(((((163,44),(152,115)),((95,108),((189,64),(196,(178,(106,192)))))),(((18,67),(144,(34,(156,(15,109))))),((85,140),(((23,129),(94,157)),(14,(37,(56,119))))))),(((101,19),(71,(82,(128,61)))),((130,(199,38)),(((100,(21,(137,(171,159)))),(124,((13,(167,36)),((70,35),(22,(197,43)))))),(((136,132),(4,155)),(111,((28,(((182,114),(24,(125,25))),(66,(60,(181,(184,148)))))),((20,(110,(107,176))),(((127,55),(149,(120,26))),((48,(185,(57,105))),((191,39),(139,(46,112)))))))))))))))))))))))))));
Final quartet score is: 53218575732
Final normalized quartet score is: 0.8240977162986394
Extended species tree:
(163,(44,((152,115)1:1.7930538896175008,(((95,108)1:1.4085241460910336,((189,64)1:2.133659546926998,(196,(178,(106,192)1:0.8886302429340078)1:0.9524618835672839)0.99:0.06147960632904508)1:1.3549713340598373)1:0.9446063231292076,((((18,67)1:0.9965728402446041,(144,(34,(156,(15,109)1:0.2077552353614663)1:0.5069401564962357)1:0.5920052958969829)1:0.47071280699759926)1:1.1299177139434966,((85,140)1:0.6783765570810614,(((23,129)0.97:0.06014035103109289,(94,157)1:0.8016862117199757)1:0.6230524379556797,(14,(37,(56,119)1:0.09275906922057066)1:0.10228347909387782)1:0.4196002283006893)1:0.5145056670486645)1:0.28712734951941393)1:1.7658557140497597,((((101,19)1:0.9239853797885337,(71,(82,(128,61)1:0.6873023066297337)1:1.6298706586501204)1:0.45615343574078665)1:2.2238737462682456,((130,(199,38)1:0.1462870113397122)1:1.0732739208365147,(((100,(21,(137,(171,159)1:0.1362470002677144)1:1.2833586866041073)1:0.3154973434261654)1:1.241209955680582,(124,((13,(167,36)1:1.8586140713994936)1:1.4670017174725125,((70,35)1:1.0045875227551848,(22,(197,43)1:0.6899541865949186)1:0.4234251704843319)1:0.923047383006788)1:0.3113035191430817)1:0.7236705431075349)1:1.887612337306444,(((136,132)1:1.4399407812740836,(4,155)1:1.3486186458753802)1:1.546547514248153,(111,((28,(((182,114)1:0.07619298101900424,(24,(125,25)1:0.8024631742552403)1:0.08950908368752822)1:1.1700711633201504,(66,(60,(181,(184,148)1:0.18062432018139726)1:1.2461122446462662)1:0.5253730928326711)1:0.28950805224985177)0.5:0.027799616452066037)1:1.5171720247221985,((20,(110,(107,176)1:0.4231219194641688)1:0.09393993976009553)1:2.098530662794684,(((127,55)1:1.3161498936786582,(149,(120,26)1:0.24709326129700682)1:1.1154893419739975)1:1.5948350170672922,((48,(185,(57,105)1:0.2833214448193805)1:0.41045628974700954)1:0.27865427264585046,((191,39)1:2.059942277550027,(139,(46,112)1:0.1829162500876267)1:1.9794611629635674)1:0.1636175427178543)1:1.2828843677513544)1:0.3756795447354557)0.99:0.062385440351718294)1:0.4598724115977161)0.64:0.021498525442721895)1:0.07715513895594664)1:0.11957615303377632)1:0.27779147106210456)1:0.8076706410491932,(((58,((77,54)1:1.3244203323293744,(40,151)1:0.9276808180011519)1:1.1280810602834774)1:2.75978480520624,((51,(165,122)1:1.0908431041951938)1:1.9846162533058216,(((131,177)1:0.537085379077949,(10,164)1:0.5574548561661422)1:1.1118080851255505,((83,(138,117)1:1.3184147756313656)1:0.1828813656236215,((102,(169,174)1:1.9861549842593638)1:0.4158862464133301,(89,(188,(116,75)1:2.16013885557875)1:1.1521819109246174)1:0.07197911307023372)0.78:0.039247250918652894)1:0.08455003484624435)1:1.478933471001468)1:1.9817082381307156)1:0.3901945371919502,(((172,80)1:0.891829729414361,(3,(((175,41)1:1.738980507456648,(65,(50,166)1:0.9723849432669422)0.96:0.05164531942395478)1:1.4303261478958764,(158,(((52,74)1:2.417005175468149,(133,186)1:1.3768694801295107)1:0.7915355014638074,((86,49)1:2.39453009993084,((194,180)1:2.8958937357335484,((141,87)1:1.1215917049160993,((6,81)1:2.4408700597435935,(134,154)1:2.577160140944752)1:0.151386394183662)1:0.1806708211202549)1:1.4073322750865076)1:0.1411719292340963)1:0.5338334577813219)1:0.7045121450832526)0.53:0.019259258993274388)1:1.3014345099571916)1:0.6713525313197197,(0,(((79,((27,30)1:0.445696252700871,(113,(118,187)1:1.0902941265545059)1:0.22916755937473035)1:2.0089827696960083)1:2.472229533359632,((193,(69,98)1:1.0022053648850169)1:2.3036880639959896,(((147,198)0.62:0.023369522029309427,(9,(96,63)1:3.065974923027105)1:0.6296557480510683)1:0.12936259051522095,((135,(200,(88,170)1:1.0622555230218114)1:1.950815121178041)1:0.18411560874672506,((78,(7,17)1:1.8850168029340229)1:1.1062197523333164,((8,1)1:0.894641780118889,(47,(53,(32,11)1:1.6824265979817397)1:0.581583551022303)1:0.5127962953023784)1:0.6890631249081637)1:0.8626889239172593)1:1.1873950525611447)1:0.47581519375721926)1:0.23109714674955126)1:0.17202154843973694,(((90,103)1:2.7156189905492547,(146,((99,(45,92)1:0.8856614809644311)0.91:0.04251382137050895,(126,(33,(162,73)1:0.20005123571773567)1:0.17312678718565042)1:1.5938315354129347)0.97:0.05393136489433474)1:0.6833635064642491)1:0.17543964345776272,((((91,68)1:2.1654342605745613,(183,(12,(190,5)1:0.3662380119530723)1:1.0559421707984133)1:1.061404297847416)1:0.42836302349124106,(173,((31,123)1:1.2832077133666606,(97,(143,42)1:0.33374288235986604)1:0.7952389925419805)1:1.0935043462743337)1:0.9740239864330402)0.67:0.025683910387165998,((93,((161,145)1:1.3034895396711474,((121,104)1:1.1459539668935073,(2,(179,84)1:0.09142931457122715)1:1.339563368621784)1:1.6741153162345037)0.99:0.06652850650702269)1:0.6716989818178228,(76,(((59,29)1:1.5869358212573774,(72,(168,160)1:0.7790722776859785)1:0.10477843365323312)1:0.8162734924944822,(16,(195,(142,((62,150)1:0.22998446258821675,153)1:0.7018239670654002)1:0.35076109903443664)1:1.1957689193258745)1:0.6326651539642415)1:0.5730173887461278)1:0.08947755818949597)0.82:0.04053520390992564)1:0.3589997892879079)1:1.1313398294672699)1:2.0741910252043523)1:0.7911229738027729)1:0.40397262194903283)1:0.13787505515049495)1:0.6054421992684117)1:1.2192661900608888)1:0.5259257072621388)1:1.657052758794343));
Weight calculation took 377.538460073 secs
ASTRAL finished in 451.988 secs
