
================== ASTRAL ===================== 

This is ASTRAL version 5.7.8
Gene trees are treated as unrooted
50 trees read from Dataset/AstralII_data/model.200.10000000.0.000001/06/estimatedgenetre.halfresolved_50
index0
All output trees will be *arbitrarily* rooted at 163

======== Running the main analysis
Number of taxa: 201 (201 species)
Taxa: [163, 44, 18, 67, 144, 15, 34, 109, 156, 14, 23, 37, 129, 94, 157, 56, 119, 85, 140, 189, 64, 178, 196, 106, 192, 95, 48, 52, 74, 133, 186, 6, 81, 134, 154, 141, 194, 180, 86, 49, 87, 158, 3, 172, 80, 65, 175, 41, 50, 166, 152, 115, 108, 77, 54, 40, 151, 58, 169, 102, 10, 164, 174, 165, 51, 122, 138, 89, 188, 116, 75, 131, 177, 117, 83, 71, 111, 82, 128, 61, 130, 199, 101, 38, 60, 66, 181, 184, 148, 182, 114, 125, 25, 24, 28, 20, 110, 107, 176, 4, 155, 136, 132, 0, 135, 8, 1, 78, 7, 17, 47, 32, 53, 11, 200, 88, 170, 99, 45, 92, 143, 173, 183, 12, 190, 5, 62, 195, 59, 29, 168, 160, 72, 142, 153, 150, 93, 76, 162, 73, 33, 126, 161, 145, 179, 84, 2, 121, 104, 42, 97, 31, 123, 91, 68, 146, 69, 193, 98, 79, 27, 30, 113, 118, 187, 147, 96, 63, 9, 198, 16, 90, 103, 127, 55, 149, 120, 26, 46, 112, 139, 185, 57, 105, 191, 39, 21, 171, 159, 137, 100, 70, 35, 13, 167, 36, 124, 22, 197, 43, 19]
Taxon occupancy: {110=50, 111=50, 112=50, 113=50, 114=50, 115=50, 116=50, 117=50, 118=50, 119=50, 10=50, 11=50, 12=50, 13=50, 14=50, 15=50, 16=50, 17=50, 18=50, 19=50, 120=50, 0=50, 121=50, 122=50, 1=50, 2=50, 123=50, 3=50, 124=50, 125=50, 4=50, 5=50, 126=50, 6=50, 127=50, 128=50, 7=50, 129=50, 8=50, 9=50, 20=50, 21=50, 22=50, 23=50, 24=50, 25=50, 26=50, 27=50, 28=50, 29=50, 130=50, 131=50, 132=50, 133=50, 134=50, 135=50, 136=50, 137=50, 138=50, 139=50, 30=50, 31=50, 32=50, 33=50, 34=50, 35=50, 36=50, 37=50, 38=50, 39=50, 140=50, 141=50, 142=50, 143=50, 144=50, 145=50, 146=50, 147=50, 148=50, 149=50, 40=50, 41=50, 42=50, 43=50, 44=50, 45=50, 46=50, 47=50, 48=50, 49=50, 150=50, 151=50, 152=50, 153=50, 154=50, 155=50, 156=50, 157=50, 158=50, 159=50, 50=50, 51=50, 52=50, 53=50, 54=50, 55=50, 56=50, 57=50, 58=50, 59=50, 160=50, 161=50, 162=50, 163=50, 164=50, 165=50, 166=50, 167=50, 168=50, 169=50, 60=50, 61=50, 62=50, 63=50, 64=50, 65=50, 66=50, 67=50, 68=50, 69=50, 170=50, 171=50, 172=50, 173=50, 174=50, 175=50, 176=50, 177=50, 178=50, 179=50, 70=50, 71=50, 72=50, 73=50, 74=50, 75=50, 76=50, 77=50, 78=50, 79=50, 180=50, 181=50, 182=50, 183=50, 184=50, 185=50, 186=50, 187=50, 188=50, 189=50, 80=50, 81=50, 82=50, 83=50, 84=50, 85=50, 86=50, 87=50, 88=50, 89=50, 190=50, 191=50, 192=50, 193=50, 194=50, 195=50, 196=50, 197=50, 198=50, 199=50, 90=50, 91=50, 92=50, 93=50, 94=50, 95=50, 96=50, 97=50, 98=50, 99=50, 200=50, 100=50, 101=50, 102=50, 103=50, 104=50, 105=50, 106=50, 107=50, 108=50, 109=50}
Number of gene trees: 50
0 trees have missing taxa
Calculating quartet distance matrix (for completion of X)
Species tree distances calculated ...
Building set of clusters (X) from gene trees 
------------------------------
gradient0: 5837
Number of Clusters after addition by distance: 5837
calculating extra bipartitions to be added at level 1 ...
Adding to X using resolutions of greedy consensus ...
Limit for sigma of degrees:5075
polytomy size limit : 9
discarded polytomies:  [3, 3, 3, 3, 3, 3, 3, 3, 3, 3, 3, 3, 3, 3, 3, 3, 3, 3, 3, 3, 3, 3, 3, 4, 4, 4, 4, 4, 4, 4, 4, 5, 5, 6, 6, 7, 8, 9]
Threshold 0.0:
Threshold 0.01:
Threshold 0.02:
Threshold 0.05:
polytomy of size 3; rounds with additions with at least 5 support: 0; clusters: 5839
Threshold 0.1:
polytomy of size 3; rounds with additions with at least 5 support: 0; clusters: 5839
polytomy of size 3; rounds with additions with at least 5 support: 0; clusters: 5839
polytomy of size 3; rounds with additions with at least 5 support: 0; clusters: 5839
Threshold 0.2:
polytomy of size 3; rounds with additions with at least 5 support: 0; clusters: 5839
polytomy of size 3; rounds with additions with at least 5 support: 0; clusters: 5839
polytomy of size 3; rounds with additions with at least 5 support: 0; clusters: 5839
polytomy of size 4; rounds with additions with at least 5 support: 0; clusters: 5839
polytomy of size 5; rounds with additions with at least 5 support: 1; clusters: 5843
polytomy of size 3; rounds with additions with at least 5 support: 0; clusters: 5843
polytomy of size 6; rounds with additions with at least 5 support: 0; clusters: 5843
polytomy of size 4; rounds with additions with at least 5 support: 0; clusters: 5843
polytomy of size 3; rounds with additions with at least 5 support: 0; clusters: 5843
polytomy of size 3; rounds with additions with at least 5 support: 0; clusters: 5843
Threshold 0.3333333333333333:
polytomy of size 3; rounds with additions with at least 5 support: 0; clusters: 5843
polytomy of size 5; rounds with additions with at least 5 support: 0; clusters: 5843
polytomy of size 3; rounds with additions with at least 5 support: 0; clusters: 5843
polytomy of size 3; rounds with additions with at least 5 support: 0; clusters: 5843
polytomy of size 3; rounds with additions with at least 5 support: 0; clusters: 5843
polytomy of size 3; rounds with additions with at least 5 support: 0; clusters: 5843
polytomy of size 4; rounds with additions with at least 5 support: 0; clusters: 5843
polytomy of size 4; rounds with additions with at least 5 support: 0; clusters: 5843
polytomy of size 8; rounds with additions with at least 5 support: 0; clusters: 5843
polytomy of size 7; rounds with additions with at least 5 support: 0; clusters: 5843
polytomy of size 3; rounds with additions with at least 5 support: 0; clusters: 5843
polytomy of size 4; rounds with additions with at least 5 support: 0; clusters: 5843
polytomy of size 3; rounds with additions with at least 5 support: 0; clusters: 5843
polytomy of size 3; rounds with additions with at least 5 support: 0; clusters: 5843
polytomy of size 6; rounds with additions with at least 5 support: 0; clusters: 5843
polytomy of size 3; rounds with additions with at least 5 support: 0; clusters: 5843
polytomy of size 3; rounds with additions with at least 5 support: 0; clusters: 5843
polytomy of size 4; rounds with additions with at least 5 support: 0; clusters: 5843
polytomy of size 3; rounds with additions with at least 5 support: 0; clusters: 5843
polytomy of size 4; rounds with additions with at least 5 support: 0; clusters: 5843
polytomy of size 3; rounds with additions with at least 5 support: 0; clusters: 5843
polytomy of size 9; rounds with additions with at least 5 support: 0; clusters: 5843
polytomy of size 4; rounds with additions with at least 5 support: 0; clusters: 5845
polytomy of size 3; rounds with additions with at least 5 support: 0; clusters: 5845
max k is :2
Number of Clusters after addition by greedy: 5845
gradient0 in heuristiic: 5845
partitions formed in 8.032 secs
Dynamic Programming starting after 8.032 secs
Using tree-based weight calculation.
Using polytree-based weight calculation.
Polytree max score: 3297673731
Polytree building time: 0.333 seconds.
Number of quartet trees in the gene trees: 3297673731
Size of largest cluster: 201
Greedy score: 2471469553
estimationFactor: 1.3342967252002396
Sub-optimal score: 2673377962
Total Number of elements weighted: 9306
Normalized score (portion of input quartet trees satisfied before correcting for multiple individuals): 0.8448176066694089
Optimization score: 2785932829
Optimal tree inferred in 11.388 secs.
(153,((62,150),(142,(195,(16,(((59,29),(72,(168,160))),((76,(93,((161,145),((121,104),(2,(179,84)))))),(((173,((31,123),(97,(143,42)))),((91,68),(183,(12,(190,5))))),(((90,103),((99,146),((45,92),(126,(33,(162,73)))))),(((79,((27,30),(113,(118,187)))),((193,(69,98)),((147,(198,(9,(96,63)))),((135,(200,(88,170))),((78,(7,17)),((8,1),(47,(53,(32,11))))))))),(0,(((172,80),(3,(((50,166),(65,(175,41))),(158,(((86,49),((52,74),(133,186))),((194,180),((141,87),((6,81),(134,154))))))))),(((58,((77,54),(40,151))),((51,(165,122)),(((131,177),(10,164)),((89,(102,(169,174))),((188,(116,75)),(83,(138,117))))))),(((((163,44),(152,115)),((95,108),(196,((189,64),(178,(106,192)))))),(((18,67),(144,(34,(156,(15,109))))),((85,140),(((94,157),(23,129)),(14,(37,(56,119))))))),(((101,19),(71,(82,(128,61)))),((199,(130,38)),(((136,132),(4,155)),((111,((100,(21,(137,(171,159)))),(124,((13,(167,36)),((70,35),(22,(197,43))))))),((28,(((182,114),(24,(125,25))),(66,(60,(181,(184,148)))))),(((20,110),(107,176)),(((127,55),(149,(120,26))),((48,(185,(57,105))),((191,39),(139,(46,112)))))))))))))))))))))))));
Final quartet score is: 2785932829
Final normalized quartet score is: 0.8448176066694089
Extended species tree:
(163,(44,((152,115)1:1.3869914681540467,(((95,108)1:1.2044175300572282,(196,((189,64)1:1.546118815033056,(178,(106,192)1:0.6251412027250464)1:1.5297337793647283)0.45:0.029075825866577542)1:1.174414595879059)1:0.5557047545880559,((((18,67)1:1.1376206770653716,(144,(34,(156,(15,109)0.92:0.24354487656793333)1:0.5988108642585309)1:0.537258582986793)1:0.5808048224078542)1:1.2055807850511877,((85,140)1:0.7409062663830817,(((94,157)1:0.6505940583196974,(23,129)0.67:0.10928795826941362)1:0.7054389569884115,(14,(37,(56,119)0.94:0.24225725247640503)0.47:0.058692713813888735)0.99:0.3184716190861935)1:0.520863411039149)0.98:0.2822712259498381)1:2.022781909337397,((((101,19)1:0.6113324822305048,(71,(82,(128,61)1:0.6529413018889558)1:1.3914891779969951)1:0.3849156299366923)1:2.4872676984189654,((199,(130,38)0.4:0.01869213301215252)1:1.42089384930201,(((136,132)1:1.196137794494223,(4,155)1:1.357479700035814)1:1.6903841055341324,((111,((100,(21,(137,(171,159)0.8:0.15336907750278436)1:1.0724712804569736)1:0.4034413469707272)1:0.9487736831194001,(124,((13,(167,36)1:2.3491653115126754)1:1.0789770764241298,((70,35)1:1.5292150228839527,(22,(197,43)1:0.9951552532386726)0.99:0.33194438995401365)1:0.860204389949698)0.99:0.35666000239751205)1:0.5979049871941411)1:1.9460121520064526)0.9:0.19107912010968955,((28,(((182,114)0.52:0.06356496921904109,(24,(125,25)1:0.7168330499568829)0.74:0.1257357769705038)1:0.83733155165891,(66,(60,(181,(184,148)0.99:0.3538139226384242)1:0.8616545874411321)1:0.6168673383602402)1:0.38316707010721196)0.65:0.08969730742217188)1:1.3863985366532168,(((20,110)0.58:0.10464488811140758,(107,176)1:0.4566391250997241)1:1.8447943951468433,(((127,55)1:1.1329780212554406,(149,(120,26)1:0.5657230066840446)1:0.6719567403148061)1:1.3956452878000842,((48,(185,(57,105)0.99:0.3089639993103179)1:0.4788769688559561)0.96:0.24551138266130357,((191,39)1:2.53268769661472,(139,(46,112)0.54:0.09218902557108166)1:2.6013952519552315)0.85:0.179533822723942)1:1.296981428732331)0.95:0.22858449629908473)0.42:0.01996473473778672)1:0.6023097881463393)0.53:0.0628097937924109)0.68:0.0991741534686666)0.97:0.26624136315924346)1:0.783263733811571,(((58,((77,54)1:1.0040731849814954,(40,151)1:0.848618797428334)1:1.3902640712167529)1:2.997679854095811,((51,(165,122)1:1.1697277398853774)1:1.5803438055175862,(((131,177)1:0.405695975014419,(10,164)1:1.0868174518195932)1:1.0983547527543656,((89,(102,(169,174)1:1.812509173456575)1:0.4582751486580811)0.76:0.12336146663305689,((188,(116,75)1:2.763125578179157)1:1.0106375164318333,(83,(138,117)1:1.2030817592692091)0.88:0.17463117623280558)0.5:0.04962734983564185)0.76:0.14149574889942781)1:1.4670766324845779)1:2.067634147475342)1:0.35811282813452144,(((172,80)1:0.6882829825724344,(3,(((50,166)1:1.1792975068890863,(65,(175,41)1:2.1405370374718364)0.37:0.00223026993500318)1:2.170734524332536,(158,(((86,49)1:1.8857830541817084,((52,74)1:1.6436844541625573,(133,186)1:1.1710095142781782)1:0.4755062544747995)0.5:0.05990056931884709,((194,180)1:3.1174471372290786,((141,87)1:1.035807452752579,((6,81)1:2.803309620773532,(134,154)1:2.8134107167600355)0.52:0.07507142487106845)0.91:0.19436421523981262)1:1.258230335705166)1:0.5149025358950219)1:0.8223004886338369)0.4:0.019354737070248308)1:1.2659882571317507)1:0.689191208002585,(0,(((79,((27,30)1:0.5726806086947076,(113,(118,187)1:0.8574070474321535)0.54:0.10384174773733382)1:1.4678718340366317)1:1.5627726091596181,((193,(69,98)1:0.7507762933965817)1:2.28568535206842,((147,(198,(9,(96,63)1:2.407945608651871)0.99:0.3653497385252407)0.52:0.05066217490307126)0.4:0.014472953694320119,((135,(200,(88,170)1:0.7989792831163959)1:2.3922640274174554)0.85:0.15859606719010594,((78,(7,17)1:2.155427448657759)1:0.8740508657727765,((8,1)1:0.5735205005329289,(47,(53,(32,11)1:1.6917643889300777)0.91:0.1936224705229725)1:0.5271265436980451)1:0.7452980314505953)1:1.1825280387158421)1:1.138726636469456)1:0.5838433184969309)0.82:0.15568327481004204)0.95:0.23477680145313243,(((90,103)1:2.412277863194449,((99,146)0.44:0.029388051087170696,((45,92)1:0.9503569434157129,(126,(33,(162,73)0.55:0.06235052060129383)0.69:0.10782466873839334)1:1.74035318107045)0.43:0.026091278098544675)1:0.7221107495379371)0.82:0.17863266680965761,(((173,((31,123)1:1.0327827990524945,(97,(143,42)1:0.4650995435618117)1:0.6599289150328769)1:0.9994957296702098)1:0.6859532029432757,((91,68)1:1.0705169280444444,(183,(12,(190,5)1:0.3742915317142997)1:1.0655526780241542)1:1.10534014279165)1:0.7861615597189494)0.77:0.13083041167197967,((76,(93,((161,145)1:1.1279893627552686,((121,104)1:1.4837496972706035,(2,(179,84)0.66:0.09385290880634647)1:1.0682635524014006)1:1.4443257497547806)0.72:0.10992484529000433)1:0.7203388275082597)0.52:0.054628205180656544,(((59,29)1:1.8862392874066856,(72,(168,160)1:0.81483240477)0.56:0.08655034352887626)1:1.1909383354579044,(16,(195,(142,((62,150)0.97:0.31453489698131704,153)1:0.6324461458948188)0.98:0.283606533594964)1:1.176186347850091)1:0.6581860947054751)1:0.7501567126593358)0.46:0.039095203108521034)0.94:0.22319450558102671)1:1.5730188751971785)1:1.8747118655539337)1:0.9604207003161933)1:0.5231010143929455)0.98:0.29079317400343535)1:0.630121661418687)1:1.1267917677563835)1:0.49359392850382444)1:1.9900204039980132));
Weight calculation took 2.478139015 secs
ASTRAL finished in 12.837 secs
