
================== ASTRAL ===================== 

This is ASTRAL version 5.7.8
Gene trees are treated as unrooted
200 trees read from Dataset/AstralII_data/model.200.10000000.0.000001/06/estimatedgenetre.halfresolved_200
index0
All output trees will be *arbitrarily* rooted at 163

======== Running the main analysis
Number of taxa: 201 (201 species)
Taxa: [163, 44, 18, 67, 144, 15, 34, 109, 156, 14, 23, 37, 129, 94, 157, 56, 119, 85, 140, 189, 64, 178, 196, 106, 192, 95, 48, 52, 74, 133, 186, 6, 81, 134, 154, 141, 194, 180, 86, 49, 87, 158, 3, 172, 80, 65, 175, 41, 50, 166, 152, 115, 108, 77, 54, 40, 151, 58, 169, 102, 10, 164, 174, 165, 51, 122, 138, 89, 188, 116, 75, 131, 177, 117, 83, 71, 111, 82, 128, 61, 130, 199, 101, 38, 60, 66, 181, 184, 148, 182, 114, 125, 25, 24, 28, 20, 110, 107, 176, 4, 155, 136, 132, 0, 135, 8, 1, 78, 7, 17, 47, 32, 53, 11, 200, 88, 170, 99, 45, 92, 143, 173, 183, 12, 190, 5, 62, 195, 59, 29, 168, 160, 72, 142, 153, 150, 93, 76, 162, 73, 33, 126, 161, 145, 179, 84, 2, 121, 104, 42, 97, 31, 123, 91, 68, 146, 69, 193, 98, 79, 27, 30, 113, 118, 187, 147, 96, 63, 9, 198, 16, 90, 103, 127, 55, 149, 120, 26, 46, 112, 139, 185, 57, 105, 191, 39, 21, 171, 159, 137, 100, 70, 35, 13, 167, 36, 124, 22, 197, 43, 19]
Taxon occupancy: {110=200, 111=200, 112=200, 113=200, 114=200, 115=200, 116=200, 117=200, 118=200, 119=200, 10=200, 11=200, 12=200, 13=200, 14=200, 15=200, 16=200, 17=200, 18=200, 19=200, 120=200, 0=200, 121=200, 122=200, 1=200, 2=200, 123=200, 3=200, 124=200, 125=200, 4=200, 5=200, 126=200, 6=200, 127=200, 128=200, 7=200, 129=200, 8=200, 9=200, 20=200, 21=200, 22=200, 23=200, 24=200, 25=200, 26=200, 27=200, 28=200, 29=200, 130=200, 131=200, 132=200, 133=200, 134=200, 135=200, 136=200, 137=200, 138=200, 139=200, 30=200, 31=200, 32=200, 33=200, 34=200, 35=200, 36=200, 37=200, 38=200, 39=200, 140=200, 141=200, 142=200, 143=200, 144=200, 145=200, 146=200, 147=200, 148=200, 149=200, 40=200, 41=200, 42=200, 43=200, 44=200, 45=200, 46=200, 47=200, 48=200, 49=200, 150=200, 151=200, 152=200, 153=200, 154=200, 155=200, 156=200, 157=200, 158=200, 159=200, 50=200, 51=200, 52=200, 53=200, 54=200, 55=200, 56=200, 57=200, 58=200, 59=200, 160=200, 161=200, 162=200, 163=200, 164=200, 165=200, 166=200, 167=200, 168=200, 169=200, 60=200, 61=200, 62=200, 63=200, 64=200, 65=200, 66=200, 67=200, 68=200, 69=200, 170=200, 171=200, 172=200, 173=200, 174=200, 175=200, 176=200, 177=200, 178=200, 179=200, 70=200, 71=200, 72=200, 73=200, 74=200, 75=200, 76=200, 77=200, 78=200, 79=200, 180=200, 181=200, 182=200, 183=200, 184=200, 185=200, 186=200, 187=200, 188=200, 189=200, 80=200, 81=200, 82=200, 83=200, 84=200, 85=200, 86=200, 87=200, 88=200, 89=200, 190=200, 191=200, 192=200, 193=200, 194=200, 195=200, 196=200, 197=200, 198=200, 199=200, 90=200, 91=200, 92=200, 93=200, 94=200, 95=200, 96=200, 97=200, 98=200, 99=200, 200=200, 100=200, 101=200, 102=200, 103=200, 104=200, 105=200, 106=200, 107=200, 108=200, 109=200}
Number of gene trees: 200
0 trees have missing taxa
Calculating quartet distance matrix (for completion of X)
Species tree distances calculated ...
Building set of clusters (X) from gene trees 
------------------------------
gradient0: 15973
Number of Clusters after addition by distance: 15973
calculating extra bipartitions to be added at level 1 ...
Adding to X using resolutions of greedy consensus ...
Limit for sigma of degrees:5075
polytomy size limit : 9
discarded polytomies:  [3, 3, 3, 3, 3, 3, 3, 3, 3, 3, 3, 3, 3, 3, 3, 3, 3, 3, 3, 3, 4, 4, 4, 4, 4, 4, 4, 4, 4, 4, 4, 4, 5, 5, 5, 6, 6, 7, 7, 8, 9]
Threshold 0.0:
Threshold 0.01:
Threshold 0.02:
Threshold 0.05:
polytomy of size 3; rounds with additions with at least 5 support: 0; clusters: 15973
polytomy of size 3; rounds with additions with at least 5 support: 0; clusters: 15973
Threshold 0.1:
polytomy of size 3; rounds with additions with at least 5 support: 0; clusters: 15973
polytomy of size 4; rounds with additions with at least 5 support: 0; clusters: 15973
polytomy of size 3; rounds with additions with at least 5 support: 0; clusters: 15973
polytomy of size 4; rounds with additions with at least 5 support: 0; clusters: 15973
Threshold 0.2:
polytomy of size 4; rounds with additions with at least 5 support: 0; clusters: 15973
polytomy of size 4; rounds with additions with at least 5 support: 0; clusters: 15973
polytomy of size 3; rounds with additions with at least 5 support: 0; clusters: 15973
polytomy of size 3; rounds with additions with at least 5 support: 0; clusters: 15973
polytomy of size 5; rounds with additions with at least 5 support: 0; clusters: 15973
polytomy of size 6; rounds with additions with at least 5 support: 0; clusters: 15973
polytomy of size 4; rounds with additions with at least 5 support: 0; clusters: 15973
polytomy of size 6; rounds with additions with at least 5 support: 0; clusters: 15973
polytomy of size 4; rounds with additions with at least 5 support: 0; clusters: 15973
polytomy of size 3; rounds with additions with at least 5 support: 0; clusters: 15973
Threshold 0.3333333333333333:
polytomy of size 3; rounds with additions with at least 5 support: 0; clusters: 15973
polytomy of size 5; rounds with additions with at least 5 support: 0; clusters: 15973
polytomy of size 3; rounds with additions with at least 5 support: 0; clusters: 15973
polytomy of size 7; rounds with additions with at least 5 support: 0; clusters: 15973
polytomy of size 3; rounds with additions with at least 5 support: 0; clusters: 15973
polytomy of size 3; rounds with additions with at least 5 support: 0; clusters: 15973
polytomy of size 3; rounds with additions with at least 5 support: 0; clusters: 15973
polytomy of size 4; rounds with additions with at least 5 support: 0; clusters: 15973
polytomy of size 4; rounds with additions with at least 5 support: 0; clusters: 15973
polytomy of size 8; rounds with additions with at least 5 support: 0; clusters: 15973
polytomy of size 7; rounds with additions with at least 5 support: 0; clusters: 15973
polytomy of size 3; rounds with additions with at least 5 support: 0; clusters: 15973
polytomy of size 4; rounds with additions with at least 5 support: 0; clusters: 15973
polytomy of size 3; rounds with additions with at least 5 support: 0; clusters: 15973
polytomy of size 3; rounds with additions with at least 5 support: 0; clusters: 15973
polytomy of size 3; rounds with additions with at least 5 support: 0; clusters: 15973
polytomy of size 3; rounds with additions with at least 5 support: 0; clusters: 15973
polytomy of size 4; rounds with additions with at least 5 support: 0; clusters: 15973
polytomy of size 4; rounds with additions with at least 5 support: 0; clusters: 15973
polytomy of size 3; rounds with additions with at least 5 support: 0; clusters: 15973
polytomy of size 3; rounds with additions with at least 5 support: 0; clusters: 15973
polytomy of size 4; rounds with additions with at least 5 support: 0; clusters: 15973
polytomy of size 9; rounds with additions with at least 5 support: 0; clusters: 15973
polytomy of size 5; rounds with additions with at least 5 support: 0; clusters: 15973
polytomy of size 3; rounds with additions with at least 5 support: 0; clusters: 15973
max k is :0
Number of Clusters after addition by greedy: 15973
gradient0 in heuristiic: 15973
partitions formed in 8.227 secs
Dynamic Programming starting after 8.227 secs
Using tree-based weight calculation.
Using polytree-based weight calculation.
Polytree max score: 13194054378
Polytree building time: 0.347 seconds.
Number of quartet trees in the gene trees: 13194054378
Size of largest cluster: 201
Greedy score: 9375391885
estimationFactor: 1.4073069733873849
Sub-optimal score: 10434646726
Total Number of elements weighted: 38251
Normalized score (portion of input quartet trees satisfied before correcting for multiple individuals): 0.8227454049378786
Optimization score: 10855347612
Optimal tree inferred in 31.578 secs.
(153,((62,150),(142,(195,(16,(((59,29),(72,(168,160))),(76,((93,((161,145),((121,104),(2,(179,84))))),((173,((31,123),(97,(143,42)))),(((91,68),(183,(12,(190,5)))),(((90,103),(146,(99,((45,92),(126,(33,(162,73))))))),(((79,((27,30),(113,(118,187)))),((193,(69,98)),((147,(198,(9,(96,63)))),((135,(200,(88,170))),((78,(7,17)),((8,1),(47,(53,(32,11))))))))),(0,(((172,80),((3,((175,41),(65,(50,166)))),(158,(((52,74),(133,186)),((86,49),((194,180),((141,87),((6,81),(134,154))))))))),(((58,((77,54),(40,151))),((51,(165,122)),(((10,164),(131,177)),((89,(102,(169,174))),((188,(116,75)),(83,(138,117))))))),(((((163,44),(152,115)),((95,108),((189,64),(196,(178,(106,192)))))),(((18,67),(144,(34,(156,(15,109))))),((85,140),(((23,129),(94,157)),(14,(37,(56,119))))))),(((101,19),(71,(82,(128,61)))),((130,(199,38)),(((136,132),(4,155)),((111,((100,(21,(137,(171,159)))),(124,((13,(167,36)),((70,35),(22,(197,43))))))),(((20,110),(107,176)),((28,(((182,114),(24,(125,25))),(66,(60,(181,(184,148)))))),(((127,55),(149,(120,26))),((48,(185,(57,105))),((191,39),(139,(46,112)))))))))))))))))))))))))));
Final quartet score is: 10855347612
Final normalized quartet score is: 0.8227454049378786
Extended species tree:
(163,(44,((152,115)1:1.7315461903691343,(((95,108)1:1.3144353645239617,((189,64)1:1.8977487995262179,(196,(178,(106,192)1:0.7952193012781853)1:1.1731388786830403)0.57:0.03611726735245731)1:1.295067633164388)1:0.8287533853275757,((((18,67)1:1.0350503627387266,(144,(34,(156,(15,109)1:0.17165774117548166)1:0.569067761108901)1:0.4958802381438059)1:0.49629025373089103)1:1.0957064366929445,((85,140)1:0.5783229689350649,(((23,129)0.75:0.06260635520577652,(94,157)1:0.6759173460393298)1:0.613842645759133,(14,(37,(56,119)0.99:0.1596568012408837)0.58:0.03971390100619753)1:0.38888901131097453)1:0.511124066999274)1:0.28255297400003776)1:1.6424338350090844,((((101,19)1:0.8499758571518732,(71,(82,(128,61)1:0.7050169246446097)1:1.3308638094808793)1:0.4513783007259968)1:2.5310774836289696,((130,(199,38)0.94:0.1086847691686287)1:1.1919046411330887,(((136,132)1:1.322122350991231,(4,155)1:1.2746126099415067)1:1.6359794997607535,((111,((100,(21,(137,(171,159)0.98:0.15386501494029592)1:1.09505276974744)1:0.4813593848499681)1:1.0030327914445274,(124,((13,(167,36)1:2.2350015481652328)1:1.4408680007786185,((70,35)1:1.050210115864924,(22,(197,43)1:0.6183305599984564)1:0.47910327792418406)1:0.9769678508473055)1:0.3727915555378132)1:0.6867244154442013)1:1.7016654703756102)0.8:0.08147808556037328,(((20,110)0.81:0.0827800992129901,(107,176)1:0.47706170525880937)1:2.1344082501981654,((28,(((182,114)0.51:0.03149777600798412,(24,(125,25)1:0.6430570378737446)0.94:0.10755675960447829)1:0.9903777550935225,(66,(60,(181,(184,148)1:0.209823780769208)1:1.0603106001367177)1:0.4812990703774905)1:0.2614137377172561)0.66:0.05538518692532289)1:1.4344683421376379,(((127,55)1:1.6153471147836338,(149,(120,26)1:0.2826902293516371)1:1.0496782093419494)1:1.280348265531864,((48,(185,(57,105)1:0.24279609917977082)1:0.4453356368844363)1:0.27258258816218717,((191,39)1:2.253168055960487,(139,(46,112)1:0.17741890065317037)1:1.8104520822058423)0.99:0.15479222258872546)1:1.2835898463206223)1:0.33052863210314937)0.44:0.017293739860518857)1:0.6106882550048551)0.62:0.041903980966791425)0.87:0.08446183899395925)1:0.27930370412587174)1:0.6652995126752315,(((58,((77,54)1:1.3554572689891309,(40,151)1:0.8677216285969371)1:1.2409164237386174)1:2.72829747453285,((51,(165,122)1:1.0029409150560797)1:1.8682367670124973,(((10,164)1:0.6836683150243295,(131,177)1:0.4187271738824708)1:1.0832599324446932,((89,(102,(169,174)1:1.8922410810905728)1:0.3652177767512775)0.67:0.05178185165554746,((188,(116,75)1:2.293604619230396)1:1.1556791432233573,(83,(138,117)1:1.2408637547238988)0.84:0.09493196605930518)0.55:0.03215321628893341)0.84:0.0845920103019311)1:1.415296296024574)1:2.2124810418155336)1:0.2293713310151306,(((172,80)1:0.8596259739660538,((3,((175,41)1:2.0141562256803427,(65,(50,166)1:1.0357179756430275)0.54:0.033457025993273506)1:1.1953034290828015)0.45:0.021073789677522645,(158,(((52,74)1:1.9794886740469702,(133,186)1:1.3293141459464697)1:0.6931964846723849,((86,49)1:2.1056585455555368,((194,180)1:2.7170612085700956,((141,87)1:1.0455429908528309,((6,81)1:2.8068571324938487,(134,154)1:2.9397166444235174)0.99:0.14589773903273004)1:0.1776595616726875)1:1.5501016618574788)1:0.16888060079891407)1:0.4628420351768903)1:0.7713320559957262)1:1.4397016367127622)1:0.6678284730818171,(0,(((79,((27,30)1:0.42810120974229565,(113,(118,187)1:1.236418208816882)1:0.2292465845837939)1:2.0276592816496586)1:2.0094912557852225,((193,(69,98)1:0.8118227978219572)1:2.4751677163419137,((147,(198,(9,(96,63)1:3.5128910407170015)1:0.6218925842512061)0.65:0.048709307871560546)0.82:0.07759635742019158,((135,(200,(88,170)1:1.0167455490228188)1:1.9277535683680969)1:0.24705058739547436,((78,(7,17)1:2.0285181266168606)1:0.9792381558436494,((8,1)1:0.8570728187791583,(47,(53,(32,11)1:1.5070169899618073)1:0.4510254732774296)1:0.5787151160328972)1:0.7905295909550544)1:0.943393568130869)1:1.214104777476496)1:0.5459855609035803)1:0.24163723602268686)1:0.25487314935516153,(((90,103)1:2.835075907088546,(146,(99,((45,92)1:0.9262293165663669,(126,(33,(162,73)1:0.1699354633503598)1:0.20169341919219183)1:1.4628699155899425)0.69:0.05257794124151414)0.72:0.05889504981129005)1:0.606278861228659)1:0.2236201679632676,(((91,68)1:1.8737944035307987,(183,(12,(190,5)1:0.30430573578618975)1:1.2279794353215723)1:1.086661785101641)1:0.45259689661969377,((173,((31,123)1:1.0582813651083491,(97,(143,42)1:0.3575007172879474)1:0.7764452039162665)1:0.9876173763074853)1:1.1899588296065702,((93,((161,145)1:1.1547800974883855,((121,104)1:1.3206954422982589,(2,(179,84)0.68:0.053604668406637516)1:1.3318549035394414)1:1.659079882599904)0.95:0.12614858420594952)1:0.7617432533219405,(76,(((59,29)1:1.846311418060348,(72,(168,160)1:0.8069119789284193)0.99:0.1494579632706175)1:0.7062228655237659,(16,(195,(142,((62,150)1:0.22416614077208546,153)1:0.6108187279486123)1:0.34831315434868687)1:1.0140772695200457)1:0.6527976451267562)1:0.5229212893020011)0.67:0.05104976366939478)0.4:0.00932465021884749)0.42:0.012578514929206752)1:0.36151610951327534)1:1.2224454713586614)1:1.855084091118077)1:0.8065663213411159)1:0.35638592238090133)1:0.17644733410894042)1:0.5308312113668303)1:1.0849276887715538)1:0.4267649650900354)1:1.6022416313744288));
Weight calculation took 21.13704667 secs
ASTRAL finished in 34.211 secs
