
================== ASTRAL ===================== 

This is ASTRAL version 5.7.8
Gene trees are treated as unrooted
200 trees read from Dataset/AstralII_data/model.200.2000000.0.000001/10/estimatedgenetre.halfresolved_200
index0
All output trees will be *arbitrarily* rooted at 174

======== Running the main analysis
Number of taxa: 201 (201 species)
Taxa: [174, 134, 9, 51, 195, 125, 11, 15, 8, 53, 139, 197, 198, 166, 40, 77, 196, 28, 98, 175, 170, 78, 149, 27, 194, 111, 101, 62, 55, 193, 184, 36, 162, 143, 41, 150, 47, 96, 2, 24, 104, 65, 129, 31, 192, 10, 82, 152, 123, 148, 132, 113, 117, 33, 59, 158, 172, 20, 128, 110, 168, 50, 54, 94, 99, 155, 38, 151, 127, 85, 183, 141, 60, 75, 56, 173, 119, 49, 171, 58, 81, 165, 121, 74, 189, 100, 34, 37, 6, 145, 179, 137, 0, 7, 12, 147, 114, 167, 73, 181, 57, 88, 17, 126, 185, 116, 32, 3, 144, 35, 29, 13, 200, 108, 19, 95, 69, 133, 43, 157, 161, 105, 159, 46, 120, 191, 164, 142, 52, 1, 187, 122, 66, 190, 70, 71, 79, 21, 136, 30, 91, 124, 67, 90, 44, 80, 107, 45, 72, 16, 188, 163, 25, 48, 199, 180, 178, 186, 68, 169, 176, 39, 182, 5, 140, 115, 42, 23, 86, 4, 135, 63, 83, 118, 153, 84, 130, 64, 92, 160, 89, 156, 154, 138, 106, 93, 146, 103, 87, 97, 22, 26, 61, 109, 18, 131, 177, 76, 102, 112, 14]
Taxon occupancy: {110=200, 111=200, 112=200, 113=200, 114=200, 115=200, 116=200, 117=200, 118=200, 119=200, 10=200, 11=200, 12=200, 13=200, 14=200, 15=200, 16=200, 17=200, 18=200, 19=200, 120=200, 121=200, 0=200, 1=200, 122=200, 2=200, 123=200, 3=200, 124=200, 125=200, 4=200, 126=200, 5=200, 127=200, 6=200, 128=200, 7=200, 8=200, 129=200, 9=200, 20=200, 21=200, 22=200, 23=200, 24=200, 25=200, 26=200, 27=200, 28=200, 29=200, 130=200, 131=200, 132=200, 133=200, 134=200, 135=200, 136=200, 137=200, 138=200, 139=200, 30=200, 31=200, 32=200, 33=200, 34=200, 35=200, 36=200, 37=200, 38=200, 39=200, 140=200, 141=200, 142=200, 143=200, 144=200, 145=200, 146=200, 147=200, 148=200, 149=200, 40=200, 41=200, 42=200, 43=200, 44=200, 45=200, 46=200, 47=200, 48=200, 49=200, 150=200, 151=200, 152=200, 153=200, 154=200, 155=200, 156=200, 157=200, 158=200, 159=200, 50=200, 51=200, 52=200, 53=200, 54=200, 55=200, 56=200, 57=200, 58=200, 59=200, 160=200, 161=200, 162=200, 163=200, 164=200, 165=200, 166=200, 167=200, 168=200, 169=200, 60=200, 61=200, 62=200, 63=200, 64=200, 65=200, 66=200, 67=200, 68=200, 69=200, 170=200, 171=200, 172=200, 173=200, 174=200, 175=200, 176=200, 177=200, 178=200, 179=200, 70=200, 71=200, 72=200, 73=200, 74=200, 75=200, 76=200, 77=200, 78=200, 79=200, 180=200, 181=200, 182=200, 183=200, 184=200, 185=200, 186=200, 187=200, 188=200, 189=200, 80=200, 81=200, 82=200, 83=200, 84=200, 85=200, 86=200, 87=200, 88=200, 89=200, 190=200, 191=200, 192=200, 193=200, 194=200, 195=200, 196=200, 197=200, 198=200, 199=200, 90=200, 91=200, 92=200, 93=200, 94=200, 95=200, 96=200, 97=200, 98=200, 99=200, 200=200, 100=200, 101=200, 102=200, 103=200, 104=200, 105=200, 106=200, 107=200, 108=200, 109=200}
Number of gene trees: 200
0 trees have missing taxa
Calculating quartet distance matrix (for completion of X)
Species tree distances calculated ...
Building set of clusters (X) from gene trees 
------------------------------
gradient0: 13985
Number of Clusters after addition by distance: 13985
calculating extra bipartitions to be added at level 1 ...
Adding to X using resolutions of greedy consensus ...
Limit for sigma of degrees:5075
polytomy size limit : 15
discarded polytomies:  [3, 3, 3, 3, 3, 3, 3, 3, 3, 3, 3, 3, 3, 4, 4, 4, 4, 4, 4, 4, 4, 5, 5, 5, 5, 6, 7, 8, 9, 15]
Threshold 0.0:
Threshold 0.01:
Threshold 0.02:
Threshold 0.05:
polytomy of size 5; rounds with additions with at least 5 support: 0; clusters: 13985
Threshold 0.1:
polytomy of size 6; rounds with additions with at least 5 support: 0; clusters: 13985
Threshold 0.2:
polytomy of size 7; rounds with additions with at least 5 support: 0; clusters: 13985
polytomy of size 3; rounds with additions with at least 5 support: 0; clusters: 13985
polytomy of size 3; rounds with additions with at least 5 support: 0; clusters: 13985
polytomy of size 3; rounds with additions with at least 5 support: 0; clusters: 13985
polytomy of size 3; rounds with additions with at least 5 support: 0; clusters: 13985
polytomy of size 9; rounds with additions with at least 5 support: 0; clusters: 13985
polytomy of size 3; rounds with additions with at least 5 support: 0; clusters: 13985
Threshold 0.3333333333333333:
polytomy of size 3; rounds with additions with at least 5 support: 0; clusters: 13985
polytomy of size 3; rounds with additions with at least 5 support: 0; clusters: 13985
polytomy of size 5; rounds with additions with at least 5 support: 0; clusters: 13985
polytomy of size 4; rounds with additions with at least 5 support: 0; clusters: 13985
polytomy of size 3; rounds with additions with at least 5 support: 0; clusters: 13985
polytomy of size 4; rounds with additions with at least 5 support: 0; clusters: 13985
polytomy of size 3; rounds with additions with at least 5 support: 0; clusters: 13985
polytomy of size 5; rounds with additions with at least 5 support: 0; clusters: 13985
polytomy of size 4; rounds with additions with at least 5 support: 0; clusters: 13985
polytomy of size 3; rounds with additions with at least 5 support: 0; clusters: 13985
polytomy of size 8; rounds with additions with at least 5 support: 0; clusters: 13985
polytomy of size 4; rounds with additions with at least 5 support: 0; clusters: 13985
polytomy of size 4; rounds with additions with at least 5 support: 0; clusters: 13985
polytomy of size 4; rounds with additions with at least 5 support: 0; clusters: 13985
polytomy of size 4; rounds with additions with at least 5 support: 0; clusters: 13985
polytomy of size 5; rounds with additions with at least 5 support: 0; clusters: 13985
polytomy of size 3; rounds with additions with at least 5 support: 0; clusters: 13985
polytomy of size 3; rounds with additions with at least 5 support: 0; clusters: 13985
polytomy of size 15; rounds with additions with at least 5 support: 0; clusters: 13985
polytomy of size 4; rounds with additions with at least 5 support: 0; clusters: 13985
polytomy of size 3; rounds with additions with at least 5 support: 0; clusters: 13985
max k is :0
Number of Clusters after addition by greedy: 13985
gradient0 in heuristiic: 13985
partitions formed in 6.982 secs
Dynamic Programming starting after 6.982 secs
Using tree-based weight calculation.
Using polytree-based weight calculation.
Polytree max score: 13192064163
Polytree building time: 0.3 seconds.
Number of quartet trees in the gene trees: 13192064163
Size of largest cluster: 201
Greedy score: 5610475777
estimationFactor: 2.3513271756881164
Sub-optimal score: 8522538502
Total Number of elements weighted: 31088
Normalized score (portion of input quartet trees satisfied before correcting for multiple individuals): 0.7338736661206762
Optimization score: 9681308491
Optimal tree inferred in 23.426 secs.
(42,(140,((182,5),(23,(115,(39,(((86,(4,135)),((63,(83,118)),((154,(64,92)),((106,(138,(153,84))),(130,(160,(89,156))))))),((((139,40),(197,(198,166))),(51,(15,((195,125),(53,(11,8)))))),(((105,159),(161,46)),(((157,((73,181),(17,(57,(88,126))))),((69,(133,43)),(((144,(35,29)),(116,(185,(32,3)))),((7,12),((13,(167,(147,114))),(95,(108,(200,19)))))))),(((0,(61,109)),((137,(174,96)),((186,(180,178)),((112,14),(134,9))))),((((169,(68,176)),(((103,87),(97,(22,26))),((93,146),(76,(177,102))))),(((44,80),((45,(188,(72,16))),(107,(163,(25,48))))),(((71,79),((91,(136,30)),(190,(70,21)))),((124,(67,90)),((164,(120,191)),((122,(187,66)),(1,(142,52)))))))),(((98,(28,(77,196))),((175,170),(184,(36,((41,((162,143),(150,47))),((78,149),((111,(27,194)),((62,55),(101,193))))))))),((199,(18,131)),((31,(2,((65,(24,104)),(129,(192,10))))),(((82,(152,123)),(148,(132,113))),(((172,20),(59,(117,(33,158)))),((151,(141,(60,(127,(85,183))))),(((74,189),(58,(81,((75,(165,121)),(56,(173,(179,(171,(119,49))))))))),((110,(168,(99,(54,(50,94))))),((155,38),(128,((100,34),(6,(37,145)))))))))))))))))))))))));
Final quartet score is: 9681308491
Final normalized quartet score is: 0.7338736661206762
Extended species tree:
(174,(96,(137,(((186,(180,178)1:0.6034216180844003)1:0.21785652082385457,((112,14)1:0.5746354215902894,(134,9)1:2.21646750423612)0.89:0.09033358920690424)1:1.565016381200761,((0,(61,109)1:4.897839799950916)0.69:0.05381607077810421,(((((169,(68,176)0.98:0.14191838274912089)1:3.6382957138490624,(((103,87)1:0.6704311955726832,(97,(22,26)1:0.762627183663252)1:0.2700697820455792)1:0.9203200682446854,((93,146)1:2.659165487008528,(76,(177,102)1:1.592164544107291)1:1.1321830118517142)0.56:0.051101893234555745)1:1.5722717622338769)1:0.42428028260255723,(((44,80)1:2.8520064787172896,((45,(188,(72,16)1:1.364050626588573)1:0.4718067783091097)1:1.3734570601378115,(107,(163,(25,48)1:1.85567973367894)1:0.31763328235747945)1:0.4024074106608385)1:1.0445303952829215)1:0.42968490122941566,(((71,79)1:1.5718004717441112,((91,(136,30)1:0.19194945125491594)1:0.9364557498478708,(190,(70,21)1:0.8089268935820642)1:0.612429446692832)0.6:0.040345357652276474)1:2.6186369963241125,((124,(67,90)1:3.3129429964329242)1:0.4002808575755268,((164,(120,191)1:1.199507839300201)1:1.1967892146020214,((122,(187,66)0.92:0.10219483544388902)1:1.0432254909279641,(1,(142,52)1:0.38046458530197835)1:1.6754255289982176)1:0.26996081127480365)1:1.301855348833616)0.97:0.12550473278723762)1:1.1954103424407156)1:1.376391375905909)1:0.39185309000350144,(((98,(28,(77,196)1:1.531140321489719)1:3.386966504882554)1:1.768816696535219,((175,170)1:4.252191347620321,(184,(36,((41,((162,143)1:1.2372762659542622,(150,47)1:2.826487454351939)1:0.1808453395980768)1:2.226134643692247,((78,149)1:2.495118109779518,((111,(27,194)0.99:0.15070842373622578)1:3.0586226690609712,((62,55)1:0.8520892631260513,(101,193)1:1.3589785504729275)1:1.7792854015091841)1:1.6699221632436312)0.97:0.12446073179775226)1:0.297364633073695)0.85:0.08023961904724533)1:0.8962991497971705)1:0.20931401793193394)1:0.6274698226775547,((199,(18,131)1:1.30987099053909)1:2.311159442665169,((31,(2,((65,(24,104)0.97:0.13506859183815406)1:2.596516344837339,(129,(192,10)1:2.194514548577354)1:0.5365065738164272)0.45:0.019414900784163986)1:0.8124523650616015)1:1.1474329394669158,(((82,(152,123)0.86:0.09381875521765486)1:2.8808875983637097,(148,(132,113)1:0.7276240042251076)1:3.608395264820928)1:0.3077930903196992,(((172,20)0.43:0.014181248781420196,(59,(117,(33,158)1:0.18714547809674872)0.93:0.10149374610308173)1:0.9247058389438365)1:2.7392661661151023,((151,(141,(60,(127,(85,183)1:0.6320332377119724)1:0.9093500182203831)1:1.1015095537469495)1:0.9168675792197554)1:0.898577131324829,(((74,189)1:2.4455121412569616,(58,(81,((75,(165,121)1:1.6075832914373325)1:0.6255054522107873,(56,(173,(179,(171,(119,49)1:0.2978494113216921)1:1.1471404499267652)0.98:0.13679480162470947)0.87:0.096034879278307)0.91:0.09765520716117264)1:0.39456622560339777)0.55:0.03328777017311618)1:0.2437443814183214)1:1.1733336900561069,((110,(168,(99,(54,(50,94)0.87:0.08828364179228637)1:0.8632911337305159)1:0.2173981686770621)1:0.28824249684297676)1:0.8869163923022708,((155,38)1:2.30094759843683,(128,((100,34)0.58:0.03776230156109596,(6,(37,145)1:0.31773381659113253)1:0.37380587524656445)1:0.6610289590784483)1:0.2595056809267232)0.52:0.031880578145414215)1:0.8824189130324063)1:0.28539316002951853)0.98:0.12999906882893472)1:0.9878409196385135)0.99:0.15558210791024638)1:0.4175338904938477)0.99:0.13859326351439502)0.53:0.03460196882825663)1:0.2639156899741459,(((157,((73,181)1:0.2827069378116672,(17,(57,(88,126)1:0.5079195195462587)1:0.7008683323030667)1:0.5264360642120374)1:3.762951918476656)1:0.508819764071019,((69,(133,43)1:3.5862148672233336)1:0.8352166790317849,(((144,(35,29)1:1.6062233875898801)1:0.2793974558780422,(116,(185,(32,3)1:1.9920710798397285)1:0.18254730432708244)1:1.719879246600872)1:1.1180663661620966,((7,12)1:3.8464226215372364,((13,(167,(147,114)1:0.6830717193939464)1:2.53840010002817)1:0.3612030027440633,(95,(108,(200,19)1:0.17211202322240096)1:0.5966869143723832)1:4.000730126928594)1:0.5945341730622264)1:0.22333931529735876)1:0.5573606295210385)1:0.573644525043448)1:0.6982318456844626,(((105,159)1:2.7365981957340875,(161,46)1:0.6604899982110631)1:2.6637113554442036,((((139,40)1:1.6157964650284788,(197,(198,166)1:0.39510626766885604)1:0.5047565802633479)1:1.9849945314317556,(51,(15,((195,125)0.49:0.04317339876601619,(53,(11,8)1:0.17285567397732665)1:0.20737193290645636)1:1.144719433934079)1:0.5129270936243162)1:2.682406964140553)1:0.6859389744413747,(((86,(4,135)1:1.273706142340611)1:3.409167715698717,((63,(83,118)1:1.6670458379790016)1:2.0201480880267453,((154,(64,92)1:1.2205656940250806)0.97:0.136771008061256,((106,(138,(153,84)0.9:0.1130806170464799)0.99:0.16194928857523555)1:1.0313997409027547,(130,(160,(89,156)1:0.23130058588955793)1:0.17227519196246394)1:0.7152888692911938)1:0.32120543845897476)1:1.2588759486309893)1:1.103643062338942)1:1.159751893436393,(39,(115,(23,((182,5)1:0.3653015226022539,(140,42)0.61:0.048241768213818356)1:0.35494941310294165)0.93:0.11081589099944124)1:2.870720998652958)1:1.324978366252439)1:1.3108394441571471)1:0.16277864564685723)1:0.24390760567404438)0.99:0.15650855140802658)0.56:0.03328966884025292)1:1.875982579839894)0.75:0.06250314364788553)1:0.17496029768360818));
Weight calculation took 15.102244911 secs
ASTRAL finished in 25.926 secs
