
================== ASTRAL ===================== 

This is ASTRAL version 5.7.8
Gene trees are treated as unrooted
1000 trees read from Dataset/AstralII_data/model.200.2000000.0.000001/06/estimatedgenetre.halfresolved
index0
All output trees will be *arbitrarily* rooted at 86

======== Running the main analysis
Number of taxa: 201 (201 species)
Taxa: [86, 25, 46, 154, 39, 184, 63, 48, 194, 123, 75, 185, 197, 182, 196, 45, 62, 71, 9, 12, 60, 21, 59, 67, 40, 122, 83, 90, 1, 189, 6, 115, 23, 134, 139, 129, 14, 22, 138, 43, 109, 173, 159, 81, 175, 30, 114, 37, 191, 8, 52, 102, 137, 74, 84, 150, 96, 170, 188, 101, 171, 155, 135, 112, 41, 126, 124, 176, 32, 73, 136, 108, 95, 140, 79, 66, 20, 34, 143, 4, 36, 17, 57, 106, 192, 10, 156, 151, 91, 94, 113, 15, 98, 145, 163, 158, 64, 111, 107, 161, 128, 147, 27, 103, 78, 125, 177, 58, 2, 51, 162, 28, 183, 153, 19, 146, 174, 157, 76, 85, 190, 35, 167, 193, 31, 149, 68, 165, 50, 65, 61, 133, 53, 119, 42, 3, 116, 55, 166, 77, 180, 92, 181, 44, 5, 168, 82, 26, 117, 172, 47, 148, 97, 11, 16, 49, 200, 195, 93, 56, 80, 169, 118, 132, 199, 104, 110, 121, 33, 160, 70, 186, 127, 144, 13, 0, 152, 178, 72, 24, 198, 87, 88, 29, 54, 142, 100, 179, 38, 187, 131, 89, 18, 120, 99, 105, 130, 141, 69, 7, 164]
Taxon occupancy: {110=1000, 111=1000, 112=1000, 113=1000, 114=1000, 115=1000, 116=1000, 117=1000, 118=1000, 119=1000, 10=1000, 11=1000, 12=1000, 13=1000, 14=1000, 15=1000, 16=1000, 17=1000, 18=1000, 19=1000, 120=1000, 121=1000, 0=1000, 122=1000, 1=1000, 123=1000, 2=1000, 124=1000, 3=1000, 4=1000, 125=1000, 126=1000, 5=1000, 6=1000, 127=1000, 128=1000, 7=1000, 129=1000, 8=1000, 9=1000, 20=1000, 21=1000, 22=1000, 23=1000, 24=1000, 25=1000, 26=1000, 27=1000, 28=1000, 29=1000, 130=1000, 131=1000, 132=1000, 133=1000, 134=1000, 135=1000, 136=1000, 137=1000, 138=1000, 139=1000, 30=1000, 31=1000, 32=1000, 33=1000, 34=1000, 35=1000, 36=1000, 37=1000, 38=1000, 39=1000, 140=1000, 141=1000, 142=1000, 143=1000, 144=1000, 145=1000, 146=1000, 147=1000, 148=1000, 149=1000, 40=1000, 41=1000, 42=1000, 43=1000, 44=1000, 45=1000, 46=1000, 47=1000, 48=1000, 49=1000, 150=1000, 151=1000, 152=1000, 153=1000, 154=1000, 155=1000, 156=1000, 157=1000, 158=1000, 159=1000, 50=1000, 51=1000, 52=1000, 53=1000, 54=1000, 55=1000, 56=1000, 57=1000, 58=1000, 59=1000, 160=1000, 161=1000, 162=1000, 163=1000, 164=1000, 165=1000, 166=1000, 167=1000, 168=1000, 169=1000, 60=1000, 61=1000, 62=1000, 63=1000, 64=1000, 65=1000, 66=1000, 67=1000, 68=1000, 69=1000, 170=1000, 171=1000, 172=1000, 173=1000, 174=1000, 175=1000, 176=1000, 177=1000, 178=1000, 179=1000, 70=1000, 71=1000, 72=1000, 73=1000, 74=1000, 75=1000, 76=1000, 77=1000, 78=1000, 79=1000, 180=1000, 181=1000, 182=1000, 183=1000, 184=1000, 185=1000, 186=1000, 187=1000, 188=1000, 189=1000, 80=1000, 81=1000, 82=1000, 83=1000, 84=1000, 85=1000, 86=1000, 87=1000, 88=1000, 89=1000, 190=1000, 191=1000, 192=1000, 193=1000, 194=1000, 195=1000, 196=1000, 197=1000, 198=1000, 199=1000, 90=1000, 91=1000, 92=1000, 93=1000, 94=1000, 95=1000, 96=1000, 97=1000, 98=1000, 99=1000, 200=1000, 100=1000, 101=1000, 102=1000, 103=1000, 104=1000, 105=1000, 106=1000, 107=1000, 108=1000, 109=1000}
Number of gene trees: 1000
0 trees have missing taxa
Calculating quartet distance matrix (for completion of X)
Species tree distances calculated ...
Building set of clusters (X) from gene trees 
------------------------------
gradient0: 69693
Number of Clusters after addition by distance: 69693
calculating extra bipartitions to be added at level 1 ...
Adding to X using resolutions of greedy consensus ...
Limit for sigma of degrees:5075
polytomy size limit : 25
discarded polytomies:  [3, 3, 3, 3, 3, 3, 3, 3, 3, 3, 3, 3, 3, 3, 3, 3, 3, 3, 3, 3, 4, 4, 4, 4, 4, 4, 4, 4, 5, 5, 5, 6, 8, 8, 9, 12, 16, 25]
Threshold 0.0:
Threshold 0.01:
polytomy of size 4; rounds with additions with at least 5 support: 0; clusters: 69693
Threshold 0.02:
polytomy of size 5; rounds with additions with at least 5 support: 0; clusters: 69697
Threshold 0.05:
polytomy of size 3; rounds with additions with at least 5 support: 0; clusters: 69697
polytomy of size 9; rounds with additions with at least 5 support: 0; clusters: 69697
Threshold 0.1:
polytomy of size 3; rounds with additions with at least 5 support: 0; clusters: 69697
polytomy of size 3; rounds with additions with at least 5 support: 0; clusters: 69697
polytomy of size 4; rounds with additions with at least 5 support: 0; clusters: 69697
polytomy of size 3; rounds with additions with at least 5 support: 0; clusters: 69697
polytomy of size 12; rounds with additions with at least 5 support: 0; clusters: 69697
Threshold 0.2:
polytomy of size 4; rounds with additions with at least 5 support: 0; clusters: 69697
polytomy of size 3; rounds with additions with at least 5 support: 0; clusters: 69697
polytomy of size 8; rounds with additions with at least 5 support: 0; clusters: 69697
polytomy of size 3; rounds with additions with at least 5 support: 0; clusters: 69697
polytomy of size 3; rounds with additions with at least 5 support: 0; clusters: 69697
polytomy of size 3; rounds with additions with at least 5 support: 0; clusters: 69697
polytomy of size 6; rounds with additions with at least 5 support: 0; clusters: 69697
polytomy of size 16; rounds with additions with at least 5 support: 0; clusters: 69697
Threshold 0.3333333333333333:
polytomy of size 4; rounds with additions with at least 5 support: 0; clusters: 69697
polytomy of size 5; rounds with additions with at least 5 support: 0; clusters: 69697
polytomy of size 4; rounds with additions with at least 5 support: 0; clusters: 69697
polytomy of size 3; rounds with additions with at least 5 support: 0; clusters: 69697
polytomy of size 5; rounds with additions with at least 5 support: 0; clusters: 69697
polytomy of size 3; rounds with additions with at least 5 support: 0; clusters: 69697
polytomy of size 3; rounds with additions with at least 5 support: 0; clusters: 69697
polytomy of size 3; rounds with additions with at least 5 support: 0; clusters: 69697
polytomy of size 3; rounds with additions with at least 5 support: 0; clusters: 69697
polytomy of size 4; rounds with additions with at least 5 support: 0; clusters: 69697
polytomy of size 4; rounds with additions with at least 5 support: 0; clusters: 69697
polytomy of size 3; rounds with additions with at least 5 support: 0; clusters: 69697
polytomy of size 3; rounds with additions with at least 5 support: 0; clusters: 69697
polytomy of size 4; rounds with additions with at least 5 support: 0; clusters: 69697
polytomy of size 3; rounds with additions with at least 5 support: 0; clusters: 69697
polytomy of size 8; rounds with additions with at least 5 support: 0; clusters: 69697
polytomy of size 3; rounds with additions with at least 5 support: 0; clusters: 69697
polytomy of size 25; rounds with additions with at least 5 support: 0; clusters: 69697
polytomy of size 3; rounds with additions with at least 5 support: 0; clusters: 69697
polytomy of size 3; rounds with additions with at least 5 support: 0; clusters: 69697
polytomy of size 3; rounds with additions with at least 5 support: 0; clusters: 69697
max k is :0
Number of Clusters after addition by greedy: 69697
gradient0 in heuristiic: 69697
partitions formed in 41.996 secs
Dynamic Programming starting after 41.996 secs
Using tree-based weight calculation.
Using polytree-based weight calculation.
Polytree max score: 65998337142
Polytree building time: 3.45 seconds.
Number of quartet trees in the gene trees: 65998337142
Size of largest cluster: 201
Greedy score: 39622354480
estimationFactor: 1.6656843846903062
Sub-optimal score: 41279279516
Calculated 100000 weights; time (seconds): 263
Calculated 200000 weights; time (seconds): 219
Total Number of elements weighted: 227481
Normalized score (portion of input quartet trees satisfied before correcting for multiple individuals): 0.6664584284504457
Optimization score: 43985148052
Optimal tree inferred in 549.461 secs.
(110,(104,(((118,(132,199)),((121,33),(160,70))),(((146,179),((172,(47,(148,97))),(16,(49,(11,(195,(200,93))))))),(((((43,151),((159,(109,173)),((30,114),((81,175),((99,105),(130,(141,69))))))),(((188,171),(155,(135,(126,(124,(112,41)))))),(52,(101,((137,(102,74)),((84,150),(96,170))))))),(((22,(139,(138,(129,14)))),((6,23),(189,((115,134),(90,1))))),((91,(94,(113,15))),(((73,(136,108)),((98,145),((107,(176,32)),(163,(111,(158,64)))))),(((140,79),(20,(66,156))),(95,(187,(((36,192),(57,106)),(10,(17,(4,(34,143)))))))))))),(((167,(193,31)),((191,8),((183,(153,19)),((28,(51,(35,(162,190)))),((2,(58,(161,177))),((128,125),(147,(27,(103,78))))))))),(((174,157),(76,85)),(0,((((80,169),((120,(89,18)),((198,87),(88,(29,54))))),((142,100),((39,131),((154,(86,(25,46))),((48,(194,(184,63))),((182,196),((185,197),(123,75)))))))),((((122,83),(59,(67,40))),((45,62),(71,((60,21),(9,12))))),(((7,164),((186,127),(144,13))),((149,(68,165)),(((133,119),((117,(53,166)),(5,(26,(168,82))))),(((56,38),(152,(37,(72,(178,24))))),(((180,92),(77,(181,44))),((61,(50,65)),((42,3),(116,55))))))))))))))))));
Final quartet score is: 43985148052
Final normalized quartet score is: 0.6664584284504457
Extended species tree:
(86,((25,46)1:0.5482376626559148,(154,(((48,(194,(184,63)1:1.1853627105283873)1:0.15861556855171538)1:0.742721161517547,((182,196)1:0.22019891690584764,((185,197)1:0.7675036660725386,(123,75)1:0.08757811449443804)1:0.6612755958632162)1:0.7359421325441009)1:0.6615717552315771,((39,131)1:0.2476856320041758,((142,100)1:2.35419865339047,(((80,169)1:1.2163853539781009,((120,(89,18)1:0.4303149621948341)1:1.8855460139070324,((198,87)1:2.047104956305435,(88,(29,54)1:0.9678660806713936)1:0.8270951530696821)1:0.1645720172712435)1:0.7194516013244396)1:0.19019131582823917,(((((122,83)1:0.4572129385668448,(59,(67,40)1:1.6356775236922683)1:0.7078873364700952)1:0.961286844303438,((45,62)1:1.8560479624060935,(71,((60,21)1:1.061861308785616,(9,12)1:1.4051890704499193)1:0.5519531364789496)1:0.738229866832376)1:0.535894762788572)1:0.9588038983222845,(((7,164)1:1.7398673378109464,((186,127)1:2.1090285394739694,(144,13)1:1.1103790581763013)1:0.143159218923561)1:1.4110621533754741,((149,(68,165)1:1.0103945134624004)1:1.4061593565661485,(((133,119)1:1.3606562774349047,((117,(53,166)1:0.4694286122063617)1:1.0371643903982197,(5,(26,(168,82)1:0.2977732213001454)1:1.0270279109740954)1:1.2158908016282877)1:0.6424818084137522)1:1.1454193466985232,(((56,38)1:0.11071867991319692,(152,(37,(72,(178,24)1:0.6805426668402289)1:0.6939436558187351)1:0.9499017120907406)1:1.1234843690313245)0.41:0.005509034885128088,(((180,92)1:1.635114400479627,(77,(181,44)1:1.467912492514307)0.97:0.05530282515388111)1:0.18667429198787402,((61,(50,65)1:0.8720054833325127)1:1.511044085521374,((42,3)1:0.5687086318335443,(116,55)1:0.4650402823095132)1:1.1316851159913166)1:0.9001343376392374)1:1.0261580499699772)1:0.08656524707482688)1:0.16435248524167165)1:0.6947883646606652)1:0.16754022608675917)0.74:0.030236414017800597,(0,(((174,157)1:1.6945986789035716,(76,85)1:1.4882647026637263)1:0.3666842292585472,(((167,(193,31)1:1.3504360776798825)1:1.442058282639475,((191,8)1:0.3767127228729208,((183,(153,19)0.68:0.02320261111293087)1:2.8560104439265137,((28,(51,(35,(162,190)1:0.15313729946106663)1:0.2957777572414236)1:0.8139361924622679)1:1.25739031166094,((2,(58,(161,177)1:0.23677118860435178)1:1.9616703385925964)0.99:0.05996104792736421,((128,125)1:0.7091395234562257,(147,(27,(103,78)1:0.808413795963565)1:0.1987573525666407)1:0.09754146411291525)1:1.0412710328458827)1:1.0014117273471843)1:0.3703892845093352)1:0.1773857776209709)1:0.8437886057843706)1:0.47218178632022906,(((((43,151)1:1.9659337162050907,((159,(109,173)1:0.08007045822634169)1:1.4975576188242026,((30,114)1:0.8372672706077755,((81,175)1:1.5976713091885424,((99,105)1:1.010221229206749,(130,(141,69)1:0.4168593562148064)0.99:0.06527071026270384)1:2.016121617040102)1:0.6568418643982109)0.95:0.05735831397050919)1:0.5388131002558677)1:0.1382372339303803,(((188,171)1:1.768038555006685,(155,(135,(126,(124,(112,41)0.99:0.06578047510258579)0.64:0.02090053348618922)1:1.8335331335926346)0.99:0.0680313837267128)1:0.24977577569311088)1:0.26846274039606655,(52,(101,((137,(102,74)1:0.36452029160730676)1:0.7821452173311175,((84,150)1:0.4567267597210095,(96,170)1:0.8361336783194239)1:0.5571091995191177)1:0.4625847775365041)0.98:0.05938437500234821)1:0.9467229565019006)1:1.8845917100252305)1:0.15210867662020586,(((22,(139,(138,(129,14)1:0.8307561392383973)1:0.14724370164132178)1:0.13248051827903498)1:2.393209152887353,((6,23)1:0.1790360242038277,(189,((115,134)1:0.9761696693056979,(90,1)1:1.1240278659035796)0.9:0.04129747720008477)0.66:0.021927670608995437)1:1.7626344466484958)1:0.12350177797795764,((91,(94,(113,15)1:1.159651354723598)1:0.4838878121956324)1:0.8064427634231544,(((73,(136,108)1:1.162043440239578)1:1.2995236601564557,((98,145)1:1.1114968697407475,((107,(176,32)1:0.9326153983099857)1:0.11089131494692878,(163,(111,(158,64)1:0.11510574245538839)1:1.1163409488209675)1:1.0291413155478273)1:0.12359573661965939)1:0.9442067941152578)1:0.24536301839562852,(((140,79)1:0.6440260125382372,(20,(66,156)1:0.26094130847341745)1:1.7236625320087648)1:1.0852622888931034,(95,(187,(((36,192)1:0.2569243278600791,(57,106)1:0.19674579237353168)1:2.333564695240424,(10,(17,(4,(34,143)0.54:0.014139974869012521)1:1.4656261020705579)1:0.13390135354979948)1:0.6461557571621149)1:0.1284771521582227)1:0.08382157857700134)1:0.15107207451605847)1:0.2878029433034003)1:0.07175193782288997)1:1.2883479381573297)1:0.29216329205029)0.93:0.045816763103746695,(((146,179)1:1.8176910155753117,((172,(47,(148,97)1:0.39637422772791275)1:0.1358428481910089)1:1.1471095949081507,(16,(49,(11,(195,(200,93)1:0.07101524614845181)1:0.5538667284284509)1:0.1455489675493567)1:0.4235413198090424)1:1.3088229078708296)1:0.9684769289626792)1:0.6845240531602736,(((118,(132,199)1:0.07642064663500114)1:1.6805170306610888,((121,33)1:0.7107943659933799,(160,70)1:0.7171304635657662)1:1.3093644081269495)1:0.24540384604475798,(104,110)1:0.9012477290512062)1:1.443940641493936)1:1.026280091993978)1:0.2178535057374681)1:0.14671480342475535)0.95:0.04956533901600842)0.68:0.027081415750272786)1:0.32186133746052104)1:0.2369367221272001)1:1.092859316331623)1:0.5253102354749662)1:0.45675685605573646)0.99:0.06853132943764692));
Weight calculation took 481.183554687 secs
ASTRAL finished in 559.691 secs
