
================== ASTRAL ===================== 

This is ASTRAL version 5.7.8
Gene trees are treated as unrooted
50 trees read from Dataset/AstralII_data/model.200.2000000.0.000001/06/estimatedgenetre.halfresolved_50
index0
All output trees will be *arbitrarily* rooted at 86

======== Running the main analysis
Number of taxa: 201 (201 species)
Taxa: [86, 25, 46, 154, 39, 184, 63, 48, 194, 123, 75, 185, 197, 182, 196, 45, 62, 71, 9, 12, 60, 21, 59, 67, 40, 122, 83, 90, 1, 189, 6, 115, 23, 134, 139, 129, 14, 22, 138, 43, 109, 173, 159, 81, 175, 30, 114, 37, 191, 8, 52, 102, 137, 74, 84, 150, 96, 170, 188, 101, 171, 155, 135, 112, 41, 126, 124, 176, 32, 73, 136, 108, 95, 140, 79, 66, 20, 34, 143, 4, 36, 17, 57, 106, 192, 10, 156, 151, 91, 94, 113, 15, 98, 145, 163, 158, 64, 111, 107, 161, 128, 147, 27, 103, 78, 125, 177, 58, 2, 51, 162, 28, 183, 153, 19, 146, 174, 157, 76, 85, 190, 35, 167, 193, 31, 149, 68, 165, 50, 65, 61, 133, 53, 119, 42, 3, 116, 55, 166, 77, 180, 92, 181, 44, 5, 168, 82, 26, 117, 172, 47, 148, 97, 11, 16, 49, 200, 195, 93, 56, 80, 169, 118, 132, 199, 104, 110, 121, 33, 160, 70, 186, 127, 144, 13, 0, 152, 178, 72, 24, 198, 87, 88, 29, 54, 142, 100, 179, 38, 187, 131, 89, 18, 120, 99, 105, 130, 141, 69, 7, 164]
Taxon occupancy: {110=50, 111=50, 112=50, 113=50, 114=50, 115=50, 116=50, 117=50, 118=50, 119=50, 10=50, 11=50, 12=50, 13=50, 14=50, 15=50, 16=50, 17=50, 18=50, 19=50, 120=50, 121=50, 0=50, 122=50, 1=50, 123=50, 2=50, 124=50, 3=50, 4=50, 125=50, 126=50, 5=50, 6=50, 127=50, 128=50, 7=50, 129=50, 8=50, 9=50, 20=50, 21=50, 22=50, 23=50, 24=50, 25=50, 26=50, 27=50, 28=50, 29=50, 130=50, 131=50, 132=50, 133=50, 134=50, 135=50, 136=50, 137=50, 138=50, 139=50, 30=50, 31=50, 32=50, 33=50, 34=50, 35=50, 36=50, 37=50, 38=50, 39=50, 140=50, 141=50, 142=50, 143=50, 144=50, 145=50, 146=50, 147=50, 148=50, 149=50, 40=50, 41=50, 42=50, 43=50, 44=50, 45=50, 46=50, 47=50, 48=50, 49=50, 150=50, 151=50, 152=50, 153=50, 154=50, 155=50, 156=50, 157=50, 158=50, 159=50, 50=50, 51=50, 52=50, 53=50, 54=50, 55=50, 56=50, 57=50, 58=50, 59=50, 160=50, 161=50, 162=50, 163=50, 164=50, 165=50, 166=50, 167=50, 168=50, 169=50, 60=50, 61=50, 62=50, 63=50, 64=50, 65=50, 66=50, 67=50, 68=50, 69=50, 170=50, 171=50, 172=50, 173=50, 174=50, 175=50, 176=50, 177=50, 178=50, 179=50, 70=50, 71=50, 72=50, 73=50, 74=50, 75=50, 76=50, 77=50, 78=50, 79=50, 180=50, 181=50, 182=50, 183=50, 184=50, 185=50, 186=50, 187=50, 188=50, 189=50, 80=50, 81=50, 82=50, 83=50, 84=50, 85=50, 86=50, 87=50, 88=50, 89=50, 190=50, 191=50, 192=50, 193=50, 194=50, 195=50, 196=50, 197=50, 198=50, 199=50, 90=50, 91=50, 92=50, 93=50, 94=50, 95=50, 96=50, 97=50, 98=50, 99=50, 200=50, 100=50, 101=50, 102=50, 103=50, 104=50, 105=50, 106=50, 107=50, 108=50, 109=50}
Number of gene trees: 50
0 trees have missing taxa
Calculating quartet distance matrix (for completion of X)
Species tree distances calculated ...
Building set of clusters (X) from gene trees 
------------------------------
gradient0: 6751
Number of Clusters after addition by distance: 6751
calculating extra bipartitions to be added at level 1 ...
Adding to X using resolutions of greedy consensus ...
Limit for sigma of degrees:5075
polytomy size limit : 21
discarded polytomies:  [3, 3, 3, 3, 3, 3, 3, 3, 3, 3, 3, 3, 3, 3, 3, 3, 3, 3, 3, 3, 3, 3, 4, 4, 4, 4, 4, 4, 5, 5, 5, 8, 8, 8, 11, 14, 21]
Threshold 0.0:
polytomy of size 3; rounds with additions with at least 5 support: 1; clusters: 6757
Threshold 0.01:
polytomy of size 3; rounds with additions with at least 5 support: 0; clusters: 6757
Threshold 0.02:
polytomy of size 3; rounds with additions with at least 5 support: 0; clusters: 6757
Threshold 0.05:
polytomy of size 3; rounds with additions with at least 5 support: 0; clusters: 6757
polytomy of size 3; rounds with additions with at least 5 support: 0; clusters: 6757
polytomy of size 8; rounds with additions with at least 5 support: 2; clusters: 6795
Threshold 0.1:
polytomy of size 4; rounds with additions with at least 5 support: 0; clusters: 6795
polytomy of size 3; rounds with additions with at least 5 support: 0; clusters: 6795
polytomy of size 11; rounds with additions with at least 5 support: 2; clusters: 6815
Threshold 0.2:
polytomy of size 8; rounds with additions with at least 5 support: 0; clusters: 6815
polytomy of size 4; rounds with additions with at least 5 support: 0; clusters: 6815
polytomy of size 3; rounds with additions with at least 5 support: 0; clusters: 6815
polytomy of size 5; rounds with additions with at least 5 support: 0; clusters: 6815
polytomy of size 14; rounds with additions with at least 5 support: 0; clusters: 6825
Threshold 0.3333333333333333:
polytomy of size 4; rounds with additions with at least 5 support: 0; clusters: 6825
polytomy of size 3; rounds with additions with at least 5 support: 0; clusters: 6825
polytomy of size 5; rounds with additions with at least 5 support: 0; clusters: 6825
polytomy of size 3; rounds with additions with at least 5 support: 0; clusters: 6825
polytomy of size 4; rounds with additions with at least 5 support: 0; clusters: 6825
polytomy of size 3; rounds with additions with at least 5 support: 0; clusters: 6825
polytomy of size 8; rounds with additions with at least 5 support: 1; clusters: 6827
polytomy of size 3; rounds with additions with at least 5 support: 0; clusters: 6827
polytomy of size 3; rounds with additions with at least 5 support: 0; clusters: 6827
polytomy of size 3; rounds with additions with at least 5 support: 0; clusters: 6827
polytomy of size 3; rounds with additions with at least 5 support: 0; clusters: 6827
polytomy of size 4; rounds with additions with at least 5 support: 0; clusters: 6827
polytomy of size 5; rounds with additions with at least 5 support: 0; clusters: 6827
polytomy of size 3; rounds with additions with at least 5 support: 0; clusters: 6827
polytomy of size 3; rounds with additions with at least 5 support: 0; clusters: 6827
polytomy of size 3; rounds with additions with at least 5 support: 0; clusters: 6827
polytomy of size 3; rounds with additions with at least 5 support: 0; clusters: 6827
polytomy of size 3; rounds with additions with at least 5 support: 0; clusters: 6827
polytomy of size 3; rounds with additions with at least 5 support: 0; clusters: 6827
polytomy of size 3; rounds with additions with at least 5 support: 0; clusters: 6827
polytomy of size 21; rounds with additions with at least 5 support: 0; clusters: 6837
polytomy of size 4; rounds with additions with at least 5 support: 0; clusters: 6837
polytomy of size 3; rounds with additions with at least 5 support: 0; clusters: 6837
max k is :4
Number of Clusters after addition by greedy: 6837
gradient0 in heuristiic: 6837
partitions formed in 8.403 secs
Dynamic Programming starting after 8.404 secs
Using tree-based weight calculation.
Using polytree-based weight calculation.
Polytree max score: 3299917500
Polytree building time: 0.121 seconds.
Number of quartet trees in the gene trees: 3299917500
Size of largest cluster: 201
Greedy score: 2035789110
estimationFactor: 1.6209525258733701
Sub-optimal score: 2052837311
Total Number of elements weighted: 10711
Normalized score (portion of input quartet trees satisfied before correcting for multiple individuals): 0.6738023993024068
Optimization score: 2223492329
Optimal tree inferred in 11.231 secs.
(42,(3,((116,55),((61,(50,65)),(((180,92),(77,(181,44))),(((56,38),((133,119),((117,(53,166)),(5,(26,(168,82)))))),((152,(37,(72,(178,24)))),((149,(68,165)),(((186,127),((7,164),(144,13))),((((80,169),((120,(89,18)),((198,87),(88,(29,54))))),((142,100),((39,131),((154,(86,(25,46))),((48,(194,(184,63))),((182,196),(123,(75,(185,197))))))))),((((122,83),(59,(67,40))),((45,62),(71,((60,21),(9,12))))),(0,(((174,157),(76,85)),(((167,(193,31)),((191,8),((19,(183,153)),((28,(51,(35,(162,190)))),((2,(58,(161,177))),((128,125),((147,27),(103,78)))))))),((((104,110),((118,(132,199)),((160,70),(121,33)))),((146,179),((172,(47,(148,97))),(16,(11,(49,(200,(195,93)))))))),((((43,151),((159,(109,173)),((30,114),((81,175),((99,105),(130,(141,69))))))),(((188,171),((155,135),(126,(41,(112,124))))),((52,101),((137,(102,74)),((84,150),(96,170)))))),(((139,(22,(138,(129,14)))),(23,((115,134),((90,1),(189,6))))),((91,(94,(113,15))),(((73,(136,108)),((98,145),((107,(176,32)),(163,(111,(158,64)))))),(((140,79),(20,(66,156))),(187,(95,(((36,192),(57,106)),((17,10),(34,(143,4))))))))))))))))))))))))));
Final quartet score is: 2223492329
Final normalized quartet score is: 0.6738023993024068
Extended species tree:
(86,((25,46)1:0.8801140914284333,(154,(((48,(194,(184,63)1:1.3268937938742522)0.53:0.07758231500645638)1:0.7161136207015402,((182,196)1:0.4689182456370111,(123,(75,(185,197)1:0.9586953555920825)0.45:0.030391486838504452)1:0.5148558559214118)1:0.644606361859951)1:0.9273085296146025,((39,131)0.48:0.03920981155474348,((142,100)1:2.509804201409726,(((80,169)1:0.8234719639489623,((120,(89,18)1:0.34788590739055736)1:1.8005452848538015,((198,87)1:2.6531619357967986,(88,(29,54)1:1.2540263925421402)1:0.8486117483702003)0.95:0.23594355225714117)1:0.6503339453610207)0.77:0.12936270020851343,(((((122,83)1:0.43702019932837605,(59,(67,40)1:1.221757267465878)1:0.6676643201711424)1:0.7960603306004286,((45,62)1:2.0354275578373104,(71,((60,21)1:1.0844549903578817,(9,12)1:1.1735359918366934)1:0.5593532173680745)1:0.735970494152254)1:0.41311332894642133)1:1.1779213268061852,(0,(((174,157)1:2.151553207483401,(76,85)1:1.4393336115470685)1:0.3941153535469496,(((167,(193,31)1:1.4462878689993157)1:1.0023412055407945,((191,8)0.99:0.31803742194712015,((19,(183,153)0.91:0.19415601444095737)1:2.8628841744306013,((28,(51,(35,(162,190)0.69:0.12499480695495517)0.91:0.19433732166654705)1:0.8183103235139507)1:1.572094446754764,((2,(58,(161,177)1:0.5306282510621702)1:1.5822649287714876)0.49:0.04613226844120202,((128,125)1:0.7385832475008902,((147,27)0.85:0.19451866177040794,(103,78)1:1.9103453053943005)0.72:0.11189683005652924)1:0.9469670546751379)1:0.9943292033247999)1:0.49986586549686496)0.89:0.18163281125819314)1:0.8478947190917417)1:0.4211196243533558,((((104,110)1:1.0655514264072212,((118,(132,199)0.98:0.30708074094626453)1:1.3432674009009113,((160,70)1:0.7537718023763802,(121,33)1:0.6080411709298622)1:1.4261945045485143)0.61:0.07758623653004672)1:1.3656712628761887,((146,179)1:1.5178269523593761,((172,(47,(148,97)0.91:0.19541943848772952)0.78:0.14154017223532875)1:1.3726993449489866,(16,(11,(49,(200,(195,93)0.5:0.058102552383724845)1:0.46102642796805277)0.55:0.060624621816434854)1:0.6940525676747581)1:1.0047660687507802)1:0.8758422898423679)1:0.5555441138796613)1:0.8415581308380018,((((43,151)1:1.3950882884108193,((159,(109,173)0.58:0.12516314295400605)1:1.874056852194779,((30,114)1:0.9037536664425396,((81,175)1:1.2205846512916005,((99,105)1:1.2237754316221148,(130,(141,69)1:0.39152528729405467)0.68:0.13353139262452274)1:1.7759661049343725)1:0.6868252940964544)0.56:0.07395236645823944)1:0.5322784532518742)0.77:0.12800358225838182,(((188,171)1:2.1426601986733167,((155,135)0.88:0.17344702504942822,(126,(41,(112,124)0.54:0.05825999550772171)0.7:0.11063300868237426)1:1.3276176323175484)0.83:0.15196560060107425)0.99:0.2979808900242554,((52,101)0.57:0.06767134113139699,((137,(102,74)0.82:0.1592388651430599)1:0.8445096548275408,((84,150)1:0.41374804810451254,(96,170)1:0.8196648784112102)1:0.5816954903365219)1:0.5190419859770992)1:0.8497518493487703)1:1.7542052896670688)0.77:0.12846356296127645,(((139,(22,(138,(129,14)1:0.9602463446583317)0.91:0.19324997107010514)0.44:0.029852963149681274)1:2.414172376032514,(23,((115,134)1:0.8065844690491291,((90,1)1:1.387190552367326,(189,6)0.59:0.08462545280379935)0.4:0.013247237812877366)0.53:0.05350201313075692)1:1.4069227260689858)0.99:0.3440335351383518,((91,(94,(113,15)1:1.1071153607103552)1:0.5017349898437502)1:0.5739415766246947,(((73,(136,108)1:1.128465251817791)1:1.4380664541144172,((98,145)1:1.1493805108461694,((107,(176,32)1:0.6931471805599453)0.92:0.20570533101720936,(163,(111,(158,64)0.91:0.19433640589089204)1:1.040396904007847)1:0.92049401459265)0.97:0.25871107010675765)1:0.8827603851952887)0.83:0.1497648396388179,(((140,79)1:0.7123377503036097,(20,(66,156)1:0.4344002189676166)1:1.513159632144427)1:1.233098031611606,(187,(95,(((36,192)0.92:0.21300550655717207,(57,106)0.96:0.24950316171073672)1:1.7536617704692279,((17,10)0.65:0.13307417137863098,(34,(143,4)0.5:0.060624621816434854)1:1.5808148734690206)1:0.7257923379215625)0.98:0.28676882569369777)0.58:0.07548225891273487)0.96:0.2536109538073389)0.95:0.23158232718358224)0.48:0.07462299052630005)1:1.5993240181444495)0.98:0.28798647812676686)0.84:0.15617410270727491)0.91:0.1954002866865306)0.5:0.05948585681395608)0.82:0.14677259638306117)0.38:0.008006929919163198)0.41:0.01823250596131821,(((186,127)1:1.8054271079567183,((7,164)1:1.6576870166726112,(144,13)1:1.7329104379101987)0.52:0.06327235473887591)1:1.2434203215561828,((149,(68,165)1:0.8873031950009027)1:1.5713086156027538,((152,(37,(72,(178,24)1:0.5816557647172594)1:0.8574768926169737)1:0.8298276410869734)1:0.9432311122129792,(((56,38)0.83:0.16482839934643745,((133,119)1:1.8613527610272507,((117,(53,166)1:0.528610086905933)1:0.8564869084193815,(5,(26,(168,82)1:0.5813900546054264)1:0.9614111671546247)1:1.516510339812778)1:0.3704873638809072)1:1.1086023151344364)0.51:0.05702720670986769,(((180,92)1:1.5001834275006773,(77,(181,44)1:1.2192402764567243)0.98:0.28508440888695374)0.96:0.24550045841548626,((61,(50,65)1:0.8183103235139515)1:1.2787379561914025,((116,55)1:0.48038881127674804,(3,42)1:0.7848657290191796)1:0.9274325191470386)1:1.0197266100745275)1:0.839624438366083)0.59:0.07648419895335419)0.86:0.17013851257714824)1:0.5909133453765082)0.62:0.09952629603453599)0.95:0.2261851897473738)1:0.4299005602105154)1:1.0675526277955225)1:0.3520044007444934)1:0.4454158769291455)0.6:0.07645355571544213));
Weight calculation took 2.133811589 secs
ASTRAL finished in 12.552 secs
