
================== ASTRAL ===================== 

This is ASTRAL version 5.7.8
Gene trees are treated as unrooted
50 trees read from Dataset/AstralII_data/model.200.2000000.0.000001/20/estimatedgenetre.halfresolved_50
index0
All output trees will be *arbitrarily* rooted at 103

======== Running the main analysis
Number of taxa: 201 (201 species)
Taxa: [103, 162, 56, 136, 129, 177, 176, 113, 31, 97, 64, 110, 153, 104, 72, 123, 99, 152, 14, 197, 67, 42, 62, 36, 75, 187, 107, 74, 19, 126, 33, 138, 169, 32, 166, 39, 140, 179, 6, 190, 146, 118, 50, 193, 173, 174, 22, 182, 198, 141, 158, 135, 133, 54, 194, 188, 132, 37, 98, 84, 192, 20, 35, 172, 134, 86, 0, 79, 45, 95, 164, 149, 108, 40, 101, 150, 1, 43, 27, 181, 87, 51, 154, 115, 189, 83, 61, 102, 90, 148, 7, 44, 109, 34, 180, 29, 81, 106, 170, 168, 183, 60, 53, 200, 142, 89, 159, 100, 137, 155, 58, 116, 144, 13, 96, 171, 21, 10, 80, 165, 23, 178, 127, 38, 122, 47, 41, 184, 163, 147, 70, 139, 199, 3, 114, 191, 196, 151, 120, 125, 59, 161, 111, 121, 11, 76, 143, 5, 156, 119, 2, 17, 28, 94, 131, 77, 128, 88, 4, 68, 49, 175, 48, 124, 195, 105, 25, 57, 52, 117, 91, 18, 145, 130, 30, 185, 78, 63, 85, 12, 93, 8, 46, 92, 69, 82, 71, 16, 186, 55, 167, 73, 65, 9, 160, 66, 157, 24, 112, 15, 26]
Taxon occupancy: {110=50, 111=50, 112=50, 113=50, 114=50, 115=50, 116=50, 117=50, 118=50, 119=50, 10=50, 11=50, 12=50, 13=50, 14=50, 15=50, 16=50, 17=50, 18=50, 19=50, 120=50, 0=50, 121=50, 1=50, 122=50, 123=50, 2=50, 3=50, 124=50, 125=50, 4=50, 126=50, 5=50, 6=50, 127=50, 7=50, 128=50, 129=50, 8=50, 9=50, 20=50, 21=50, 22=50, 23=50, 24=50, 25=50, 26=50, 27=50, 28=50, 29=50, 130=50, 131=50, 132=50, 133=50, 134=50, 135=50, 136=50, 137=50, 138=50, 139=50, 30=50, 31=50, 32=50, 33=50, 34=50, 35=50, 36=50, 37=50, 38=50, 39=50, 140=50, 141=50, 142=50, 143=50, 144=50, 145=50, 146=50, 147=50, 148=50, 149=50, 40=50, 41=50, 42=50, 43=50, 44=50, 45=50, 46=50, 47=50, 48=50, 49=50, 150=50, 151=50, 152=50, 153=50, 154=50, 155=50, 156=50, 157=50, 158=50, 159=50, 50=50, 51=50, 52=50, 53=50, 54=50, 55=50, 56=50, 57=50, 58=50, 59=50, 160=50, 161=50, 162=50, 163=50, 164=50, 165=50, 166=50, 167=50, 168=50, 169=50, 60=50, 61=50, 62=50, 63=50, 64=50, 65=50, 66=50, 67=50, 68=50, 69=50, 170=50, 171=50, 172=50, 173=50, 174=50, 175=50, 176=50, 177=50, 178=50, 179=50, 70=50, 71=50, 72=50, 73=50, 74=50, 75=50, 76=50, 77=50, 78=50, 79=50, 180=50, 181=50, 182=50, 183=50, 184=50, 185=50, 186=50, 187=50, 188=50, 189=50, 80=50, 81=50, 82=50, 83=50, 84=50, 85=50, 86=50, 87=50, 88=50, 89=50, 190=50, 191=50, 192=50, 193=50, 194=50, 195=50, 196=50, 197=50, 198=50, 199=50, 90=50, 91=50, 92=50, 93=50, 94=50, 95=50, 96=50, 97=50, 98=50, 99=50, 200=50, 100=50, 101=50, 102=50, 103=50, 104=50, 105=50, 106=50, 107=50, 108=50, 109=50}
Number of gene trees: 50
0 trees have missing taxa
Calculating quartet distance matrix (for completion of X)
Species tree distances calculated ...
Building set of clusters (X) from gene trees 
------------------------------
gradient0: 4501
Number of Clusters after addition by distance: 4501
calculating extra bipartitions to be added at level 1 ...
Adding to X using resolutions of greedy consensus ...
Limit for sigma of degrees:5075
polytomy size limit : 23
discarded polytomies:  [3, 3, 3, 3, 3, 3, 3, 3, 3, 4, 4, 5, 5, 8, 9, 11, 23]
Threshold 0.0:
polytomy of size 3; rounds with additions with at least 5 support: 1; clusters: 4505
Threshold 0.01:
polytomy of size 3; rounds with additions with at least 5 support: 0; clusters: 4505
Threshold 0.02:
polytomy of size 3; rounds with additions with at least 5 support: 0; clusters: 4505
Threshold 0.05:
polytomy of size 8; rounds with additions with at least 5 support: 2; clusters: 4529
Threshold 0.1:
polytomy of size 3; rounds with additions with at least 5 support: 0; clusters: 4529
polytomy of size 9; rounds with additions with at least 5 support: 1; clusters: 4537
Threshold 0.2:
polytomy of size 4; rounds with additions with at least 5 support: 0; clusters: 4537
polytomy of size 3; rounds with additions with at least 5 support: 0; clusters: 4537
polytomy of size 5; rounds with additions with at least 5 support: 0; clusters: 4537
polytomy of size 11; rounds with additions with at least 5 support: 0; clusters: 4541
Threshold 0.3333333333333333:
polytomy of size 3; rounds with additions with at least 5 support: 0; clusters: 4541
polytomy of size 3; rounds with additions with at least 5 support: 0; clusters: 4541
polytomy of size 5; rounds with additions with at least 5 support: 0; clusters: 4541
polytomy of size 3; rounds with additions with at least 5 support: 0; clusters: 4541
polytomy of size 4; rounds with additions with at least 5 support: 0; clusters: 4541
polytomy of size 3; rounds with additions with at least 5 support: 0; clusters: 4541
polytomy of size 23; rounds with additions with at least 5 support: 0; clusters: 4541
max k is :4
Number of Clusters after addition by greedy: 4541
gradient0 in heuristiic: 4541
partitions formed in 6.028 secs
Dynamic Programming starting after 6.031 secs
Using tree-based weight calculation.
Using polytree-based weight calculation.
Polytree max score: 3299917500
Polytree building time: 0.174 seconds.
Number of quartet trees in the gene trees: 3299917500
Size of largest cluster: 201
Greedy score: 1815465578
estimationFactor: 1.817670100710662
Sub-optimal score: 1937303949
Total Number of elements weighted: 6756
Normalized score (portion of input quartet trees satisfied before correcting for multiple individuals): 0.6944990055054406
Optimization score: 2291789422
Optimal tree inferred in 8.451 secs.
(46,(8,((92,(69,82)),((((91,18),(71,(117,(16,186)))),(85,((130,(12,93)),((30,63),(185,78))))),(145,(((70,(147,(139,199))),((3,((184,163),(41,(122,47)))),((125,59),((161,143),((151,120),(76,(111,(121,11)))))))),((((55,(167,(73,65))),((171,(21,10)),(80,(13,96)))),(((53,(60,200)),(81,((168,183),(106,170)))),(((112,(24,(15,26))),(9,(160,(66,157)))),(29,((116,144),(155,(58,((89,159),(100,(142,137)))))))))),((((103,162),((31,(97,64)),((56,177),((176,113),(136,129))))),((87,(51,154)),(((101,43),((150,1),(27,181))),(115,(61,((90,148),(189,(83,102)))))))),((((99,152),(110,(153,(104,(72,123))))),(((14,(197,(67,42))),((75,187),((62,36),(107,74)))),(190,(6,((140,179),(32,(39,((138,169),((126,33),(19,166)))))))))),(((25,(57,52)),((175,48),(105,(124,195)))),(0,((((7,44),(109,(34,180))),(165,(23,(178,(127,38))))),((114,(191,196)),((((119,2),(5,156)),((88,(4,(68,49))),(128,(94,(28,(17,(131,77))))))),((173,(146,118)),(((182,(198,141)),((174,(158,135)),(22,(79,(95,(45,164)))))),((50,193),((40,(149,108)),(133,(((35,172),(134,(86,(192,20)))),(54,(194,(132,((188,98),(37,84)))))))))))))))))))))))));
Final quartet score is: 2291789422
Final normalized quartet score is: 0.6944990055054406
Extended species tree:
(103,(162,(((31,(97,64)1:2.4277482359480516)1:0.42683145738052714,((56,177)1:0.3797245953584762,((176,113)1:2.8306784884530276,(136,129)1:3.5263605246161593)0.56:0.07661720885050893)1:1.748587297362847)1:0.961546129028101,(((87,(51,154)1:3.5263605246161593)1:0.4469714201249087,(((101,43)1:2.4277482359480516,((150,1)1:2.8332133440562166,(27,181)1:2.6100697927420056)0.84:0.1590646946296874)1:3.329080483891871,(115,(61,((90,148)1:0.5470030864858991,(189,(83,102)0.93:0.22921512491731538)0.76:0.14197026127038734)0.96:0.24294617861038934)1:2.0912759993268395)1:3.5263605246161593)1:0.4023697447096853)0.99:0.3109636698947943,(((((99,152)1:2.14006616349627,(110,(153,(104,(72,123)1:0.4353180712578455)1:0.6937445521428232)0.86:0.17062551703076334)1:3.5263605246161593)1:1.9575904607257721,(((14,(197,(67,42)0.6:0.09286219816568488)0.76:0.12516314295400605)1:3.0155349008501675,((75,187)1:2.14006616349627,((62,36)1:1.7346010553881062,(107,74)0.91:0.19415601444095737)1:1.3291359472799418)1:1.6937790608678511)1:0.8183103235139515,(190,(6,((140,179)1:1.281842789378103,(32,(39,((138,169)1:1.9169226121820613,((126,33)1:1.2227607181915694,(19,166)0.5:0.04496425848802344)1:0.7081153588132354)1:0.481960823928793)0.99:0.3209077200801012)1:0.8465025705134511)0.93:0.2108595953623267)1:0.9305531787947194)1:0.45924582106767725)1:2.2175152805326954)0.99:0.3414716996801432,(((25,(57,52)1:0.8183103235139515)1:2.8332133440562166,((175,48)1:1.9169226121820613,(105,(124,195)1:0.6925531799484791)1:0.6931471805599453)1:3.5263605246161593)1:2.8383182546007792,(0,((((7,44)1:3.5263605246161593,(109,(34,180)1:1.0414538748281608)1:3.5263605246161593)1:0.9608474919776434,(165,(23,(178,(127,38)1:0.7537718023763802)1:1.3291359472799418)1:3.5263605246161593)1:0.49863252828682275)0.47:0.03766660392668012,((114,(191,196)1:1.7346010553881062)1:3.506687759017458,((((119,2)1:1.084013489246957,(5,156)1:1.2750687260096663)1:3.5263605246161593,((88,(4,(68,49)1:1.5804503755608483)1:0.46090806376125054)1:0.38125084998756975,(128,(94,(28,(17,(131,77)1:0.6365500914610897)0.91:0.19451866177040794)0.99:0.34830669426821603)1:1.4494863784415712)0.99:0.30150262807041284)1:1.6809561017009922)1:1.6349949631776135,((173,(146,118)1:0.9614111671546247)1:2.428211306111456,(((182,(198,141)0.98:0.2682639865946794)1:3.5263605246161593,((174,(158,135)1:1.5804503755608483)1:1.42273199543573,(22,(79,(95,(45,164)1:0.4353180712578455)1:2.6100697927420056)1:2.4277482359480516)0.98:0.27210755336001896)0.78:0.14486472272407974)1:0.4581572861916929,((50,193)1:3.5263605246161593,((40,(149,108)0.76:0.12516314295400605)1:3.5263605246161593,(133,(((35,172)1:1.9701070323527285,(134,(86,(192,20)1:0.8829835338563864)1:0.5568575767865049)0.98:0.2740003290972774)1:1.713113712575308,(54,(194,(132,((188,98)0.64:0.1250785441637182,(37,84)0.84:0.1590646946296874)1:0.8017810215627406)1:0.6339964507059255)1:1.0249245728769503)1:0.7433541802573335)1:1.2231771894180166)1:0.5584575714591211)1:0.5498262730998764)0.6:0.07276627867841072)1:0.41697048606130804)0.47:0.07508165582659418)1:0.6754821901757072)0.53:0.0596857236518422)0.78:0.13253884814491554)0.44:0.030876979776552585)0.49:0.042400460429108326)0.66:0.09107551309734702,((((55,(167,(73,65)1:0.4818380868927383)1:1.084013489246957)1:3.5263605246161593,((171,(21,10)0.97:0.2682639865946794)1:2.182625777915066,(80,(13,96)1:1.0401920450077389)0.87:0.1823215567939546)1:3.4954302239248034)0.77:0.13601434567087167,(((53,(60,200)1:1.5804503755608483)1:2.8332133440562166,(81,((168,183)1:1.000631880307906,(106,170)1:1.9169226121820613)1:1.3862943611198908)1:2.1407140417178305)0.99:0.3190741382838341,(((112,(24,(15,26)1:2.4277482359480516)1:0.4583075894825443)1:1.6937790608678511,(9,(160,(66,157)1:1.2237754316221159)1:0.5559460590464603)1:1.5804503755608483)1:1.763193566897602,(29,((116,144)1:1.6221230719614164,(155,(58,((89,159)1:0.5472624337966246,(100,(142,137)1:0.8869425096949185)1:0.45812962715076816)1:0.5821914874138385)0.68:0.09867849022470858)1:0.5775451708499221)1:3.5263605246161593)0.95:0.22888060519686124)0.98:0.28751682000027684)0.51:0.050157445769546255)1:0.6618573290152824,(((70,(147,(139,199)1:3.5263605246161593)0.98:0.2682639865946794)1:1.6465159763243173,((3,((184,163)1:2.1413424878558747,(41,(122,47)0.97:0.2682639865946794)1:2.4285989378283652)0.4:0.014815085785140587)1:1.7145334923372963,((125,59)1:0.8863687028293554,((161,143)1:3.0155349008501675,((151,120)1:2.4311728968294157,(76,(111,(121,11)0.7:0.12549989998699165)0.99:0.30707869081018685)1:1.2587385545227558)0.82:0.1505695248976096)1:0.7647943701738434)1:2.305969190978286)1:0.7816013800548148)1:0.41565713616647,(145,((((91,18)1:1.6987142960545822,(71,(117,(16,186)1:1.2237754316221159)1:2.4277482359480516)1:0.7117197954009252)0.61:0.09326858016675685,(85,((130,(12,93)1:2.8332133440562166)1:0.8479550400989483,((30,63)1:0.7230001437096266,(185,78)0.5:0.045120435280469655)1:1.4472411997910546)0.51:0.05111685540691023)1:1.2422802002026958)0.54:0.05681577890746045,((92,(69,82)0.54:0.060624621816434854)1:1.6168180197317232,(8,46)0.61:0.09237332013101504)1:2.529858037650266)1:0.6439569363691733)1:1.7957672589429725)1:0.5889346176654837)0.79:0.1397472768942397)0.94:0.21987485123367628)1:1.2859497849422452)1:2.14006616349627));
Weight calculation took 1.496961486 secs
ASTRAL finished in 10.049 secs
