
================== ASTRAL ===================== 

This is ASTRAL version 5.7.8
Gene trees are treated as unrooted
200 trees read from Dataset/AstralII_data/model.200.2000000.0.000001/23/estimatedgenetre.halfresolved_200
index0
All output trees will be *arbitrarily* rooted at 85

======== Running the main analysis
Number of taxa: 201 (201 species)
Taxa: [85, 70, 37, 29, 108, 51, 144, 196, 117, 138, 175, 190, 121, 181, 28, 65, 115, 7, 35, 13, 188, 39, 186, 26, 184, 185, 127, 116, 62, 183, 131, 107, 12, 93, 31, 141, 90, 27, 104, 91, 54, 16, 23, 147, 19, 146, 24, 136, 189, 87, 109, 172, 52, 166, 58, 191, 99, 128, 9, 176, 164, 160, 168, 79, 198, 95, 106, 53, 36, 180, 75, 48, 179, 187, 25, 44, 34, 21, 162, 78, 64, 134, 197, 96, 68, 103, 60, 143, 140, 151, 94, 118, 112, 113, 73, 200, 89, 40, 169, 0, 139, 125, 193, 5, 149, 129, 45, 18, 42, 47, 174, 148, 46, 33, 154, 10, 159, 135, 177, 77, 152, 56, 14, 111, 182, 150, 30, 114, 161, 82, 76, 15, 132, 63, 41, 61, 97, 98, 84, 17, 3, 130, 72, 83, 137, 133, 81, 1, 173, 4, 194, 157, 105, 80, 158, 86, 43, 122, 199, 67, 6, 38, 22, 55, 32, 74, 2, 156, 57, 153, 192, 100, 165, 171, 145, 8, 119, 195, 178, 170, 49, 101, 110, 102, 20, 124, 11, 126, 88, 59, 123, 142, 66, 155, 69, 163, 167, 50, 92, 71, 120]
Taxon occupancy: {110=200, 111=200, 112=200, 113=200, 114=200, 115=200, 116=200, 117=200, 118=200, 119=200, 10=200, 11=200, 12=200, 13=200, 14=200, 15=200, 16=200, 17=200, 18=200, 19=200, 120=200, 121=200, 0=200, 1=200, 122=200, 2=200, 123=200, 3=200, 124=200, 125=200, 4=200, 5=200, 126=200, 127=200, 6=200, 7=200, 128=200, 129=200, 8=200, 9=200, 20=200, 21=200, 22=200, 23=200, 24=200, 25=200, 26=200, 27=200, 28=200, 29=200, 130=200, 131=200, 132=200, 133=200, 134=200, 135=200, 136=200, 137=200, 138=200, 139=200, 30=200, 31=200, 32=200, 33=200, 34=200, 35=200, 36=200, 37=200, 38=200, 39=200, 140=200, 141=200, 142=200, 143=200, 144=200, 145=200, 146=200, 147=200, 148=200, 149=200, 40=200, 41=200, 42=200, 43=200, 44=200, 45=200, 46=200, 47=200, 48=200, 49=200, 150=200, 151=200, 152=200, 153=200, 154=200, 155=200, 156=200, 157=200, 158=200, 159=200, 50=200, 51=200, 52=200, 53=200, 54=200, 55=200, 56=200, 57=200, 58=200, 59=200, 160=200, 161=200, 162=200, 163=200, 164=200, 165=200, 166=200, 167=200, 168=200, 169=200, 60=200, 61=200, 62=200, 63=200, 64=200, 65=200, 66=200, 67=200, 68=200, 69=200, 170=200, 171=200, 172=200, 173=200, 174=200, 175=200, 176=200, 177=200, 178=200, 179=200, 70=200, 71=200, 72=200, 73=200, 74=200, 75=200, 76=200, 77=200, 78=200, 79=200, 180=200, 181=200, 182=200, 183=200, 184=200, 185=200, 186=200, 187=200, 188=200, 189=200, 80=200, 81=200, 82=200, 83=200, 84=200, 85=200, 86=200, 87=200, 88=200, 89=200, 190=200, 191=200, 192=200, 193=200, 194=200, 195=200, 196=200, 197=200, 198=200, 199=200, 90=200, 91=200, 92=200, 93=200, 94=200, 95=200, 96=200, 97=200, 98=200, 99=200, 200=200, 100=200, 101=200, 102=200, 103=200, 104=200, 105=200, 106=200, 107=200, 108=200, 109=200}
Number of gene trees: 200
0 trees have missing taxa
Calculating quartet distance matrix (for completion of X)
Species tree distances calculated ...
Building set of clusters (X) from gene trees 
------------------------------
gradient0: 15315
Number of Clusters after addition by distance: 15315
calculating extra bipartitions to be added at level 1 ...
Adding to X using resolutions of greedy consensus ...
Limit for sigma of degrees:5075
polytomy size limit : 16
discarded polytomies:  [3, 3, 3, 3, 3, 3, 3, 3, 3, 3, 3, 3, 3, 3, 3, 3, 4, 4, 4, 4, 4, 4, 4, 4, 4, 4, 4, 4, 5, 5, 8, 10, 10, 16]
Threshold 0.0:
Threshold 0.01:
polytomy of size 4; rounds with additions with at least 5 support: 1; clusters: 15331
Threshold 0.02:
polytomy of size 4; rounds with additions with at least 5 support: 0; clusters: 15331
Threshold 0.05:
polytomy of size 8; rounds with additions with at least 5 support: 0; clusters: 15331
Threshold 0.1:
polytomy of size 10; rounds with additions with at least 5 support: 1; clusters: 15341
polytomy of size 3; rounds with additions with at least 5 support: 0; clusters: 15341
Threshold 0.2:
polytomy of size 4; rounds with additions with at least 5 support: 0; clusters: 15341
polytomy of size 3; rounds with additions with at least 5 support: 0; clusters: 15341
polytomy of size 4; rounds with additions with at least 5 support: 0; clusters: 15341
polytomy of size 10; rounds with additions with at least 5 support: 0; clusters: 15349
polytomy of size 4; rounds with additions with at least 5 support: 0; clusters: 15349
Threshold 0.3333333333333333:
polytomy of size 3; rounds with additions with at least 5 support: 0; clusters: 15349
polytomy of size 4; rounds with additions with at least 5 support: 0; clusters: 15349
polytomy of size 3; rounds with additions with at least 5 support: 0; clusters: 15349
polytomy of size 4; rounds with additions with at least 5 support: 0; clusters: 15349
polytomy of size 3; rounds with additions with at least 5 support: 0; clusters: 15349
polytomy of size 4; rounds with additions with at least 5 support: 0; clusters: 15349
polytomy of size 5; rounds with additions with at least 5 support: 0; clusters: 15349
polytomy of size 3; rounds with additions with at least 5 support: 0; clusters: 15349
polytomy of size 4; rounds with additions with at least 5 support: 0; clusters: 15349
polytomy of size 3; rounds with additions with at least 5 support: 0; clusters: 15349
polytomy of size 3; rounds with additions with at least 5 support: 0; clusters: 15349
polytomy of size 4; rounds with additions with at least 5 support: 0; clusters: 15349
polytomy of size 3; rounds with additions with at least 5 support: 0; clusters: 15349
polytomy of size 5; rounds with additions with at least 5 support: 0; clusters: 15349
polytomy of size 3; rounds with additions with at least 5 support: 0; clusters: 15349
polytomy of size 3; rounds with additions with at least 5 support: 0; clusters: 15349
polytomy of size 4; rounds with additions with at least 5 support: 0; clusters: 15349
polytomy of size 3; rounds with additions with at least 5 support: 0; clusters: 15349
polytomy of size 3; rounds with additions with at least 5 support: 0; clusters: 15349
polytomy of size 3; rounds with additions with at least 5 support: 0; clusters: 15349
polytomy of size 3; rounds with additions with at least 5 support: 0; clusters: 15349
polytomy of size 3; rounds with additions with at least 5 support: 0; clusters: 15349
polytomy of size 16; rounds with additions with at least 5 support: 0; clusters: 15353
polytomy of size 4; rounds with additions with at least 5 support: 0; clusters: 15353
max k is :2
Number of Clusters after addition by greedy: 15353
gradient0 in heuristiic: 15353
partitions formed in 8.415 secs
Dynamic Programming starting after 8.415 secs
Using tree-based weight calculation.
Using polytree-based weight calculation.
Polytree max score: 13197984471
Polytree building time: 0.261 seconds.
Number of quartet trees in the gene trees: 13197984471
Size of largest cluster: 201
Greedy score: 7158707494
estimationFactor: 1.8436267275987683
Sub-optimal score: 8439163192
Total Number of elements weighted: 32047
Normalized score (portion of input quartet trees satisfied before correcting for multiple individuals): 0.6935068052331549
Optimization score: 9152892046
Optimal tree inferred in 26.779 secs.
(41,((132,63),(97,(((15,61),(82,(161,76))),(((98,137),((84,17),((3,83),(130,72)))),((((157,105),(173,(4,194))),((158,86),((133,80),(81,1)))),(((42,(18,47)),(143,(176,(112,((94,118),(140,151)))))),((((95,106),(198,(160,(168,79)))),((30,114),(75,((164,48),(180,(53,36)))))),(((103,60),(0,((((43,122),(174,148)),((149,129),(5,(125,193)))),((150,(46,(33,154))),((14,(111,182)),(56,((77,152),(10,(177,(159,135)))))))))),(((179,((187,25),(31,(12,93)))),((139,(200,((113,(44,34)),(89,(40,169))))),(((37,73),((85,70),(29,108))),((185,127),(141,(62,(116,(131,(183,107))))))))),((((21,(162,(78,64))),(134,(197,(96,68)))),(((144,196),(51,117)),(((138,175),(121,(181,(190,28)))),(188,(((186,26),(39,184)),((65,115),(35,(7,13)))))))),((45,((199,67),((172,52),((166,(58,((128,9),((191,99),(109,(189,87)))))),(90,((27,(24,136)),((104,91),(147,(19,(54,(146,(16,23)))))))))))),((((88,(59,123)),(155,(142,66))),(126,((69,(71,120)),(92,(163,(167,50)))))),((((192,100),(6,(38,22))),((55,32),(74,((2,156),(57,153))))),((195,((165,145),(171,8))),(((49,101),(178,170)),((110,102),(119,(11,(20,124))))))))))))))))))));
Final quartet score is: 9152892046
Final normalized quartet score is: 0.6935068052331549
Extended species tree:
(85,(70,((29,108)1:1.9808925650309295,((37,73)1:0.8457053585307488,(((185,127)1:3.4707234443107673,(141,(62,(116,(131,(183,107)1:0.659258255226602)1:0.47991091315498624)1:0.2650948843559366)1:1.3994303962298011)0.88:0.09545093675211119)1:1.0867466699473232,((139,(200,((113,(44,34)1:2.6761267144123098)1:0.38068971887805997,(89,(40,169)1:1.3079362132818482)1:3.109533123489317)1:0.1663481049548622)1:0.20331323934943712)0.71:0.11056948476480088,((179,((187,25)1:2.9402760886894814,(31,(12,93)1:0.23453845297633405)1:1.008342473018885)1:0.5865132003838315)1:2.0160141292968126,(((((21,(162,(78,64)1:0.43986572521935813)1:1.6463898659311216)0.99:0.15762568647358113,(134,(197,(96,68)1:1.3946626107904068)1:0.970828664588501)1:1.5494482921504593)1:0.5829492984622263,(((144,196)1:2.770615886028166,(51,117)1:0.37795897622989855)1:1.8440945366045538,(((138,175)1:2.8366067847497196,(121,(181,(190,28)1:1.030539484516555)1:0.4246358796085208)1:2.139616589866235)0.76:0.06423373729948377,(188,(((186,26)1:1.7068796545583296,(39,184)1:0.8307967141653338)1:0.7201727638850164,((65,115)1:2.150874182599028,(35,(7,13)0.49:0.035848910545868556)1:2.141753422546934)1:0.5511207617284792)0.97:0.1219059973250702)1:1.501009657974898)1:0.5437365615012903)1:0.36160046283087866)1:0.8285536573347144,((45,((199,67)1:2.081526365440394,((172,52)1:1.0658889301306365,((166,(58,((128,9)1:0.8915452177804786,((191,99)1:0.7916992794947565,(109,(189,87)0.95:0.12209229892622547)1:2.117508151254451)0.99:0.1516844579292053)1:0.3417086000730111)1:0.4164420196442046)1:0.2956291816488375,(90,((27,(24,136)0.94:0.1075600690494543)1:1.1474614932685319,((104,91)1:1.9088633264063417,(147,(19,(54,(146,(16,23)1:0.6634127809308094)1:0.27417803864097834)0.45:0.025828293790327306)0.55:0.040163916185186756)1:0.6704956041404541)1:0.9177208647522906)1:0.29678571541546006)1:0.5703428329029611)1:1.04568971110038)1:1.0144803441668309)1:0.21767527856452917)1:0.34279019530075205,((((88,(59,123)1:0.4246531553375668)1:1.898013354864256,(155,(142,66)1:1.0474660306497041)1:2.882936779408647)1:1.5906916756100835,(126,((69,(71,120)1:0.34397376464885754)1:0.8936410757528993,(92,(163,(167,50)1:0.7076091697954038)1:1.2011027088564477)1:0.3358144003987033)1:1.1165613613551781)0.91:0.10246758025602627)1:0.988822830441677,((((192,100)0.99:0.14125341057776514,(6,(38,22)1:0.5520685823000397)1:3.288401887516811)1:0.31525937244537655,((55,32)1:1.155051739612051,(74,((2,156)1:1.7340591380714243,(57,153)1:2.1465191920397046)0.67:0.04994336339853222)1:0.4739775866131057)1:2.0323253042295124)1:0.35737135176527274,((195,((165,145)0.94:0.10663545686450213,(171,8)0.78:0.07537124102950211)1:1.1417448982343348)1:0.9759425655056841,(((49,101)1:0.4950081540194433,(178,170)1:0.4635610451403334)1:0.8160736062672783,((110,102)1:1.6293628800360906,(119,(11,(20,124)1:1.0040929154362368)1:0.5941740097898487)1:0.675905264532489)1:0.20410998336987216)1:1.1464835292409368)1:0.8321171584730895)1:1.176443045775762)1:0.3786429295860257)0.98:0.1381122789982023)1:0.2346447043662083,(((103,60)1:1.3570599261062986,(0,((((43,122)1:0.7584587862675075,(174,148)1:1.4921685155830535)1:1.544210790358596,((149,129)1:1.457686459313421,(5,(125,193)1:0.5029542771014893)1:2.5318021173980196)1:0.9541206498112565)0.86:0.08951825561452496,((150,(46,(33,154)1:0.8180489854616437)1:1.7430017755780993)1:1.1040532140403474,((14,(111,182)1:1.7170288873506605)1:0.49854998355876345,(56,((77,152)1:0.7716500170760359,(10,(177,(159,135)0.99:0.16940541326681968)1:1.88960320852842)0.65:0.046666067132910556)1:0.17687757593834444)1:0.7772572598624724)1:1.1229097477758287)1:1.4011671328329538)1:0.5490504696057088)0.87:0.08572816347756196)0.57:0.03642171509724976,((((95,106)1:1.139745276815502,(198,(160,(168,79)1:0.27156757772218465)1:0.24758463765678748)1:1.2978849738360476)1:1.95959632764635,((30,114)1:2.8543086260352237,(75,((164,48)1:0.32205137559625197,(180,(53,36)0.83:0.07633708387052059)1:1.0229320030351543)1:0.4709311586379015)1:0.21745762611982458)1:0.29297510785483344)1:1.2245062143142067,(((42,(18,47)1:0.9225603448877504)1:4.897839799950916,(143,(176,(112,((94,118)1:2.5901408948477664,(140,151)1:0.9923665201317958)1:0.23816270537053358)1:0.26273746842778495)1:0.5288749037074226)1:1.7562936705509344)1:0.29571041631841616,((((157,105)1:1.1427133088756534,(173,(4,194)1:0.9053427328536223)1:0.429442734913747)1:0.5230171282110918,((158,86)1:0.6968357473213225,((133,80)0.88:0.09251632547434689,(81,1)1:1.5166156172983856)0.49:0.02374942038302087)1:0.6447285504446466)1:1.5361552026215959,(((98,137)1:0.6418596862046821,((84,17)1:2.329941386402376,((3,83)1:0.843866740012438,(130,72)1:1.5454197336262465)1:0.5549293951108282)1:1.0673275481605766)1:1.1311800431128796,(((15,61)1:0.5865334524302366,(82,(161,76)1:0.3116901427951805)1:1.1554661378428186)1:0.6682388099796011,(97,((132,63)1:1.5974187245850318,41)0.78:0.07261266639890332)1:0.8426508844285914)0.99:0.15750678281735955)1:0.2877951498533833)1:4.004324095194204)0.84:0.07782258140706944)0.87:0.08646783032345598)0.92:0.09816181573522038)0.38:0.005611960812463929)1:1.0463452109361715)1:0.6006645565760252)1:0.484377617433165)1:0.84362420625836)1:2.254079983825921));
Weight calculation took 16.706316232 secs
ASTRAL finished in 29.333 secs
