
================== ASTRAL ===================== 

This is ASTRAL version 5.7.8
Gene trees are treated as unrooted
50 trees read from Dataset/AstralII_data/model.200.500000.0.000001/11/estimatedgenetre.halfresolved_50
index0
All output trees will be *arbitrarily* rooted at 185

======== Running the main analysis
Number of taxa: 201 (201 species)
Taxa: [185, 65, 148, 150, 4, 81, 67, 181, 126, 37, 105, 197, 59, 180, 115, 171, 103, 2, 108, 145, 169, 94, 190, 43, 159, 34, 99, 125, 39, 139, 68, 71, 138, 93, 111, 16, 164, 121, 107, 100, 142, 127, 44, 116, 50, 56, 109, 85, 30, 149, 133, 80, 48, 112, 131, 170, 136, 75, 135, 32, 122, 3, 104, 140, 120, 14, 35, 42, 87, 166, 162, 92, 179, 175, 95, 128, 134, 69, 86, 54, 10, 70, 141, 21, 101, 117, 163, 82, 178, 76, 5, 7, 90, 52, 152, 20, 195, 161, 124, 119, 8, 177, 26, 0, 151, 176, 154, 1, 79, 49, 123, 113, 31, 158, 157, 153, 106, 12, 6, 183, 29, 24, 167, 191, 72, 13, 25, 40, 53, 137, 36, 22, 144, 182, 84, 118, 38, 57, 73, 193, 91, 173, 114, 11, 187, 174, 194, 47, 96, 199, 46, 165, 51, 184, 28, 62, 17, 41, 23, 129, 15, 77, 146, 60, 156, 66, 98, 147, 110, 61, 160, 33, 196, 74, 78, 186, 130, 168, 88, 45, 200, 27, 189, 198, 58, 18, 132, 143, 97, 55, 192, 102, 64, 83, 155, 188, 172, 63, 9, 89, 19]
Taxon occupancy: {110=50, 111=50, 112=50, 113=50, 114=50, 115=50, 116=50, 117=50, 118=50, 119=50, 10=50, 11=50, 12=50, 13=50, 14=50, 15=50, 16=50, 17=50, 18=50, 19=50, 120=50, 121=50, 0=50, 122=50, 1=50, 2=50, 123=50, 3=50, 124=50, 4=50, 125=50, 126=50, 5=50, 127=50, 6=50, 128=50, 7=50, 8=50, 129=50, 9=50, 20=50, 21=50, 22=50, 23=50, 24=50, 25=50, 26=50, 27=50, 28=50, 29=50, 130=50, 131=50, 132=50, 133=50, 134=50, 135=50, 136=50, 137=50, 138=50, 139=50, 30=50, 31=50, 32=50, 33=50, 34=50, 35=50, 36=50, 37=50, 38=50, 39=50, 140=50, 141=50, 142=50, 143=50, 144=50, 145=50, 146=50, 147=50, 148=50, 149=50, 40=50, 41=50, 42=50, 43=50, 44=50, 45=50, 46=50, 47=50, 48=50, 49=50, 150=50, 151=50, 152=50, 153=50, 154=50, 155=50, 156=50, 157=50, 158=50, 159=50, 50=50, 51=50, 52=50, 53=50, 54=50, 55=50, 56=50, 57=50, 58=50, 59=50, 160=50, 161=50, 162=50, 163=50, 164=50, 165=50, 166=50, 167=50, 168=50, 169=50, 60=50, 61=50, 62=50, 63=50, 64=50, 65=50, 66=50, 67=50, 68=50, 69=50, 170=50, 171=50, 172=50, 173=50, 174=50, 175=50, 176=50, 177=50, 178=50, 179=50, 70=50, 71=50, 72=50, 73=50, 74=50, 75=50, 76=50, 77=50, 78=50, 79=50, 180=50, 181=50, 182=50, 183=50, 184=50, 185=50, 186=50, 187=50, 188=50, 189=50, 80=50, 81=50, 82=50, 83=50, 84=50, 85=50, 86=50, 87=50, 88=50, 89=50, 190=50, 191=50, 192=50, 193=50, 194=50, 195=50, 196=50, 197=50, 198=50, 199=50, 90=50, 91=50, 92=50, 93=50, 94=50, 95=50, 96=50, 97=50, 98=50, 99=50, 200=50, 100=50, 101=50, 102=50, 103=50, 104=50, 105=50, 106=50, 107=50, 108=50, 109=50}
Number of gene trees: 50
0 trees have missing taxa
Calculating quartet distance matrix (for completion of X)
Species tree distances calculated ...
Building set of clusters (X) from gene trees 
------------------------------
gradient0: 12717
Number of Clusters after addition by distance: 12717
calculating extra bipartitions to be added at level 1 ...
Adding to X using resolutions of greedy consensus ...
Limit for sigma of degrees:5075
polytomy size limit : 52
discarded polytomies: 104 129  [3, 3, 3, 3, 3, 3, 3, 3, 3, 3, 3, 3, 4, 4, 4, 4, 4, 4, 5, 5, 7, 8, 19, 19, 19, 40, 52, 104, 129]
Threshold 0.0:
polytomy of size 19; rounds with additions with at least 5 support: 5; clusters: 17301
polytomy of size 4; rounds with additions with at least 5 support: 2; clusters: 17321
Threshold 0.01:
polytomy of size 19; rounds with additions with at least 5 support: 1; clusters: 20855
polytomy of size 4; rounds with additions with at least 5 support: 0; clusters: 20855
Threshold 0.02:
polytomy of size 19; rounds with additions with at least 5 support: 0; clusters: 23833
polytomy of size 4; rounds with additions with at least 5 support: 0; clusters: 23833
Threshold 0.05:
polytomy of size 3; rounds with additions with at least 5 support: 1; clusters: 23837
polytomy of size 3; rounds with additions with at least 5 support: 0; clusters: 23837
polytomy of size 3; rounds with additions with at least 5 support: 0; clusters: 23839
polytomy of size 3; rounds with additions with at least 5 support: 0; clusters: 23841
polytomy of size 3; rounds with additions with at least 5 support: 0; clusters: 23841
polytomy of size 3; rounds with additions with at least 5 support: 0; clusters: 23841
polytomy of size 40; rounds with additions with at least 5 support: 9; clusters: 24817
Threshold 0.1:
polytomy of size 3; rounds with additions with at least 5 support: 0; clusters: 24817
polytomy of size 3; rounds with additions with at least 5 support: 0; clusters: 24817
polytomy of size 3; rounds with additions with at least 5 support: 0; clusters: 24817
polytomy of size 5; rounds with additions with at least 5 support: 1; clusters: 24823
polytomy of size 4; rounds with additions with at least 5 support: 0; clusters: 24823
polytomy of size 3; rounds with additions with at least 5 support: 0; clusters: 24823
polytomy of size 5; rounds with additions with at least 5 support: 0; clusters: 24829
polytomy of size 4; rounds with additions with at least 5 support: 1; clusters: 24831
polytomy of size 52; rounds with additions with at least 5 support: 1; clusters: 25181
Threshold 0.2:
polytomy of size 7; rounds with additions with at least 5 support: 0; clusters: 25181
polytomy of size 104; rounds with additions with at least 5 support: 0; clusters: 25491
Threshold 0.3333333333333333:
polytomy of size 4; rounds with additions with at least 5 support: 0; clusters: 25491
polytomy of size 3; rounds with additions with at least 5 support: 0; clusters: 25491
polytomy of size 3; rounds with additions with at least 5 support: 0; clusters: 25491
polytomy of size 8; rounds with additions with at least 5 support: 0; clusters: 25491
polytomy of size 129; rounds with additions with at least 5 support: 0; clusters: 25585
max k is :18
Number of Clusters after addition by greedy: 25585
gradient0 in heuristiic: 25585
partitions formed in 23.976 secs
Dynamic Programming starting after 23.976 secs
Using tree-based weight calculation.
Using polytree-based weight calculation.
Polytree max score: 3297900003
Polytree building time: 0.079 seconds.
Number of quartet trees in the gene trees: 3297900003
Size of largest cluster: 201
Greedy score: 1353870911
estimationFactor: 2.4359043216048537
Sub-optimal score: 1572949881
Calculated 100000 weights; time (seconds): 57
Total Number of elements weighted: 104978
Normalized score (portion of input quartet trees satisfied before correcting for multiple individuals): 0.5121521939608671
Optimization score: 1689026722
Optimal tree inferred in 59.367 secs.
(46,(96,(((194,47),((28,(51,(165,62))),(199,((187,174),(184,(114,11)))))),(129,((17,(41,23)),((154,((141,72),((167,191),(80,(48,112))))),(((131,135),(170,(136,75))),(((163,(76,5)),((22,(188,172)),((173,(36,15)),((((168,88),(200,(45,27))),((144,(193,(91,196))),(182,(84,((130,(160,33)),((74,186),(118,((57,73),(38,78))))))))),((((122,(3,104)),((95,(175,25)),(162,(166,(42,87))))),((134,86),(140,(12,(32,(69,(128,(120,(14,35))))))))),((127,((85,(49,123)),(1,((31,(79,113)),(50,(109,(116,56))))))),(((44,(153,106)),((176,158),(151,157))),((13,(30,(92,179))),((149,53),(133,(40,137))))))))))),(((198,(64,(83,155))),((97,55),(192,((132,143),((82,178),(102,(58,18))))))),((0,((10,(54,70)),((77,146),((((65,59),(180,115)),((148,197),((67,105),(181,((150,126),(4,(81,37))))))),(7,((195,(117,(101,90))),((161,124),((20,(52,152)),(26,(177,(119,(21,8)))))))))))),(43,(((93,(138,111)),(121,(16,164))),(((183,189),(66,(6,(110,(147,61))))),((63,((98,(29,24)),(125,(99,(71,((159,139),(39,(34,68)))))))),((9,(89,19)),((190,(185,(100,(107,142)))),((94,(60,156)),((171,145),(169,(103,(2,108)))))))))))))))))))));
Final quartet score is: 1689026722
Final normalized quartet score is: 0.5121521939608671
Extended species tree:
(185,((100,(107,142)0.95:0.23449405799826398)0.94:0.22125762146824296,(190,(((94,(60,156)0.91:0.19487777556936703)0.88:0.1768006637096472,((171,145)0.7:0.10972554782387903,(169,(103,(2,108)0.54:0.06063702391735108)1:0.4247914667265023)0.85:0.16526662655451352)0.9:0.1896836354422272)1:0.46810230999993424,((9,(89,19)1:0.6524706511646831)1:1.0411627681355031,((63,((98,(29,24)1:0.5886586773240968)0.7:0.1081973603288023,(125,(99,(71,((159,139)0.79:0.13831567369834627,(39,(34,68)0.97:0.2607103987389891)0.44:0.045611012505310855)0.41:0.018047025435943498)0.76:0.13212620360358782)0.51:0.052746403991517324)1:0.7640402795755191)0.97:0.24907505166111435)0.52:0.05108098668737605,(((183,189)0.61:0.07780620064397085,(66,(6,(110,(147,61)0.93:0.21314063691892718)1:0.5962797206103941)0.75:0.12170767252152134)0.36:1.8481049011445227E-4)0.98:0.2910328562777115,(((93,(138,111)1:0.5531011069142291)0.45:0.03011668366843721,(121,(16,164)1:1.040760427873829)1:0.4044012381182718)0.93:0.21281223159744328,(43,((0,((10,(54,70)0.96:0.2516834529245851)1:1.1896996855705522,((77,146)1:0.6037966746557784,((((65,59)1:0.4664356721683904,(180,115)0.54:0.06824776612625755)0.98:0.28989774832879445,((148,197)1:0.4123799368118402,((67,105)0.78:0.1402076494508257,(181,((150,126)0.98:0.2825203788904183,(4,(81,37)0.47:0.036732009268730006)0.99:0.3346045156702017)0.49:0.04172611621087971)0.97:0.26851949574304235)0.74:0.12538275688047035)0.99:0.30535849762239214)0.85:0.16344965538138304,(7,((195,(117,(101,90)0.59:0.07900333516293151)0.47:0.09142335223331573)0.88:0.17673389785607502,((161,124)1:1.3036001922050666,((20,(52,152)0.63:0.08632723820461087)1:0.8544223390552891,(26,(177,(119,(21,8)0.97:0.28090238546640195)0.64:0.08923113372794252)0.47:0.06579100584945666)1:0.4707334528754737)0.62:0.08291352611801645)0.72:0.11683983450789398)0.92:0.20586568624281415)1:0.40759029881574305)0.43:0.02433506754680575)0.47:0.03793993353111073)0.87:0.1706471011836554)0.4:0.01775356816355066,(((198,(64,(83,155)1:0.4011891150882568)0.99:0.3067283528671643)0.98:0.27373583255094025,((97,55)1:0.6435832465952774,(192,((132,143)1:0.6046180540448641,((82,178)1:0.5436293448398868,(102,(58,18)1:0.48326867190595096)0.92:0.20548366699271298)0.53:0.055819646153401514)0.39:0.012113554138350649)0.63:0.10280220782230166)1:0.49395508278507905)0.99:0.30702109482421797,(((163,(76,5)1:0.4319966613320896)1:0.6815427095396293,((22,(188,172)1:0.5923424814379799)0.75:0.12076682853841489,((173,(36,15)1:1.1455992667210142)1:0.34946410826284346,((((168,88)1:0.38754441436883535,(200,(45,27)0.77:0.1319027393021427)1:0.5888561797023798)0.39:0.008595722937699815,((144,(193,(91,196)1:1.2303627369216374)0.62:0.08065252829317049)0.52:0.06457798486672824,(182,(84,((130,(160,33)0.45:0.04948113367167497)0.95:0.22839913125247913,((74,186)1:0.9565014328700991,(118,((57,73)1:0.41883713534985784,(38,78)1:0.370909906709422)0.47:0.04697294838212427)0.89:0.18534533698765276)0.95:0.2304452855453434)0.75:0.1257531583267764)0.79:0.13396076177790034)0.68:0.11367411183386363)0.95:0.22589972942798908)0.99:0.3407879556918584,((((122,(3,104)1:0.6701914933224042)0.99:0.29240822656498455,((95,(175,25)0.49:0.0523846152382862)1:1.3898828360529314,(162,(166,(42,87)1:0.6150644343146171)1:0.8541487435394114)0.59:0.07881343735560793)0.49:0.056873794824267535)0.97:0.2510412808171679,((134,86)1:0.8186725730101854,(140,(12,(32,(69,(128,(120,(14,35)0.4:0.02142883278872253)1:0.961266636751231)0.68:0.09958689166954733)0.89:0.18376560763194663)0.9:0.21985152298873456)0.24:0.0)0.6:0.07519321644017482)0.99:0.3004598226590233)0.38:0.006961200004222697,((127,((85,(49,123)1:1.5471021274825247)0.64:0.09304204962302257,(1,((31,(79,113)0.78:0.1568069216919047)1:0.770256807628292,(50,(109,(116,56)0.63:0.09478948205759521)1:0.42057369252915694)1:0.448130193852042)0.51:0.04814205440862704)0.67:0.1371689314610983)1:0.5709359745502636)0.44:0.031394636607839865,(((44,(153,106)1:1.3392883187439601)0.95:0.23272156670672786,((176,158)0.76:0.1236263988078774,(151,157)0.42:0.03472162674203484)1:1.3608969626098637)0.41:0.021836790916534926,((13,(30,(92,179)1:0.7754701648374586)1:0.5023516267258415)0.53:0.05611008809292509,((149,53)0.53:0.0621138253679026,(133,(40,137)0.98:0.28254575140070876)0.77:0.142835388065413)1:0.6862774489403121)0.56:0.060831679316426746)0.42:0.020774023438177854)0.49:0.04096064820715869)0.62:0.08131407096414961)0.35:0.0)0.38:0.007491090044107718)0.42:0.030244402721671927)0.45:0.029382551126320395,(((131,135)1:0.617578315619714,(170,(136,75)1:0.9084370944113045)1:0.6753671685847302)0.81:0.14293469010698656,((154,((141,72)0.9:0.1929060364185017,((167,191)1:0.6926784357828892,(80,(48,112)0.86:0.1689939494809927)1:0.9630738543006)0.6:0.07902705802231907)0.72:0.11358338545619197)0.89:0.18029141722172926,((17,(41,23)1:0.8996445494623023)0.35:0.0,(129,(((194,47)0.99:0.30639813040550995,((28,(51,(165,62)0.93:0.21186677575218207)0.87:0.18650101151997564)0.42:0.03375750465945054,(199,((187,174)0.65:0.09288831439823057,(184,(114,11)0.48:0.04480781971500592)0.56:0.06857755043064906)0.98:0.28653303548859044)0.66:0.11300297325126875)0.56:0.06803747977395676)0.68:0.1002340226597596,(96,46)0.99:0.3431321485884415)0.98:0.27469717423784146)0.81:0.14633818227993703)1:0.4229638225308565)0.48:0.04147426477043872)0.49:0.04170699272664228)0.48:0.03964394384364023)0.39:0.010965752975165995)0.96:0.23753166245072904)0.5:0.04324659773214507)0.58:0.06780104733667326)0.79:0.14083561725365432)0.43:0.027057464361326757)0.48:0.03703237959626761)0.52:0.051246689549959874)1:0.5091754996322805));
Weight calculation took 31.527140486 secs
ASTRAL finished in 61.217 secs
