
================== ASTRAL ===================== 

This is ASTRAL version 5.7.8
Gene trees are treated as unrooted
975 trees read from Dataset/AstralII_data/model.200.500000.0.000001/11/estimatedgenetre.halfresolved
index0
All output trees will be *arbitrarily* rooted at 185

======== Running the main analysis
Number of taxa: 201 (201 species)
Taxa: [185, 65, 148, 150, 4, 81, 67, 181, 126, 37, 105, 197, 59, 180, 115, 171, 103, 2, 108, 145, 169, 94, 190, 43, 159, 34, 99, 125, 39, 139, 68, 71, 138, 93, 111, 16, 164, 121, 107, 100, 142, 127, 44, 116, 50, 56, 109, 85, 30, 149, 133, 80, 48, 112, 131, 170, 136, 75, 135, 32, 122, 3, 104, 140, 120, 14, 35, 42, 87, 166, 162, 92, 179, 175, 95, 128, 134, 69, 86, 54, 10, 70, 141, 21, 101, 117, 163, 82, 178, 76, 5, 7, 90, 52, 152, 20, 195, 161, 124, 119, 8, 177, 26, 0, 151, 176, 154, 1, 79, 49, 123, 113, 31, 158, 157, 153, 106, 12, 6, 183, 29, 24, 167, 191, 72, 13, 25, 40, 53, 137, 36, 22, 144, 182, 84, 118, 38, 57, 73, 193, 91, 173, 114, 11, 187, 174, 194, 47, 96, 199, 46, 165, 51, 184, 28, 62, 17, 41, 23, 129, 15, 77, 146, 60, 156, 66, 98, 147, 110, 61, 160, 33, 196, 74, 78, 186, 130, 168, 88, 45, 200, 27, 189, 198, 58, 18, 132, 143, 97, 55, 192, 102, 64, 83, 155, 188, 172, 63, 9, 89, 19]
Taxon occupancy: {110=975, 111=975, 112=975, 113=975, 114=975, 115=975, 116=975, 117=975, 118=975, 119=975, 10=975, 11=975, 12=975, 13=975, 14=975, 15=975, 16=975, 17=975, 18=975, 19=975, 120=975, 121=975, 0=975, 122=975, 1=975, 2=975, 123=975, 3=975, 124=975, 4=975, 125=975, 126=975, 5=975, 127=975, 6=975, 128=975, 7=975, 8=975, 129=975, 9=975, 20=975, 21=975, 22=975, 23=975, 24=975, 25=975, 26=975, 27=975, 28=975, 29=975, 130=975, 131=975, 132=975, 133=975, 134=975, 135=975, 136=975, 137=975, 138=975, 139=975, 30=975, 31=975, 32=975, 33=975, 34=975, 35=975, 36=975, 37=975, 38=975, 39=975, 140=975, 141=975, 142=975, 143=975, 144=975, 145=975, 146=975, 147=975, 148=975, 149=975, 40=975, 41=975, 42=975, 43=975, 44=975, 45=975, 46=975, 47=975, 48=975, 49=975, 150=975, 151=975, 152=975, 153=975, 154=975, 155=975, 156=975, 157=975, 158=975, 159=975, 50=975, 51=975, 52=975, 53=975, 54=975, 55=975, 56=975, 57=975, 58=975, 59=975, 160=975, 161=975, 162=975, 163=975, 164=975, 165=975, 166=975, 167=975, 168=975, 169=975, 60=975, 61=975, 62=975, 63=975, 64=975, 65=975, 66=975, 67=975, 68=975, 69=975, 170=975, 171=975, 172=975, 173=975, 174=975, 175=975, 176=975, 177=975, 178=975, 179=975, 70=975, 71=975, 72=975, 73=975, 74=975, 75=975, 76=975, 77=975, 78=975, 79=975, 180=975, 181=975, 182=975, 183=975, 184=975, 185=975, 186=975, 187=975, 188=975, 189=975, 80=975, 81=975, 82=975, 83=975, 84=975, 85=975, 86=975, 87=975, 88=975, 89=975, 190=975, 191=975, 192=975, 193=975, 194=975, 195=975, 196=975, 197=975, 198=975, 199=975, 90=975, 91=975, 92=975, 93=975, 94=975, 95=975, 96=975, 97=975, 98=975, 99=975, 200=975, 100=975, 101=975, 102=975, 103=975, 104=975, 105=975, 106=975, 107=975, 108=975, 109=975}
Number of gene trees: 975
0 trees have missing taxa
Calculating quartet distance matrix (for completion of X)
Species tree distances calculated ...
Building set of clusters (X) from gene trees 
------------------------------
gradient0: 167291
Number of Clusters after addition by distance: 167291
calculating extra bipartitions to be added at level 1 ...
Adding to X using resolutions of greedy consensus ...
Limit for sigma of degrees:5075
polytomy size limit : 68
discarded polytomies: 110 143  [3, 3, 3, 3, 3, 3, 3, 3, 4, 4, 4, 5, 5, 5, 6, 7, 10, 23, 29, 44, 68, 110, 143]
Threshold 0.0:
polytomy of size 10; rounds with additions with at least 5 support: 18; clusters: 167779
Threshold 0.01:
polytomy of size 23; rounds with additions with at least 5 support: 4; clusters: 170627
Threshold 0.02:
polytomy of size 4; rounds with additions with at least 5 support: 0; clusters: 170631
polytomy of size 29; rounds with additions with at least 5 support: 2; clusters: 175339
Threshold 0.05:
polytomy of size 3; rounds with additions with at least 5 support: 0; clusters: 175339
polytomy of size 4; rounds with additions with at least 5 support: 0; clusters: 175339
polytomy of size 44; rounds with additions with at least 5 support: 0; clusters: 175435
Threshold 0.1:
polytomy of size 5; rounds with additions with at least 5 support: 0; clusters: 175435
polytomy of size 5; rounds with additions with at least 5 support: 0; clusters: 175435
polytomy of size 6; rounds with additions with at least 5 support: 0; clusters: 175435
polytomy of size 3; rounds with additions with at least 5 support: 0; clusters: 175435
polytomy of size 3; rounds with additions with at least 5 support: 0; clusters: 175435
polytomy of size 5; rounds with additions with at least 5 support: 0; clusters: 175435
polytomy of size 3; rounds with additions with at least 5 support: 0; clusters: 175435
polytomy of size 68; rounds with additions with at least 5 support: 0; clusters: 175479
Threshold 0.2:
polytomy of size 3; rounds with additions with at least 5 support: 0; clusters: 175479
polytomy of size 7; rounds with additions with at least 5 support: 0; clusters: 175479
polytomy of size 110; rounds with additions with at least 5 support: 0; clusters: 175525
Threshold 0.3333333333333333:
polytomy of size 3; rounds with additions with at least 5 support: 0; clusters: 175525
polytomy of size 4; rounds with additions with at least 5 support: 0; clusters: 175525
polytomy of size 3; rounds with additions with at least 5 support: 0; clusters: 175525
polytomy of size 3; rounds with additions with at least 5 support: 0; clusters: 175525
polytomy of size 143; rounds with additions with at least 5 support: 0; clusters: 175525
max k is :36
Number of Clusters after addition by greedy: 175525
gradient0 in heuristiic: 175525
partitions formed in 250.775 secs
Dynamic Programming starting after 250.775 secs
Using tree-based weight calculation.
Using polytree-based weight calculation.
Polytree max score: 64251203850
Polytree building time: 4.365 seconds.
Number of quartet trees in the gene trees: 64251203850
Size of largest cluster: 201
Greedy score: 29419128646
estimationFactor: 2.1839941156359157
Sub-optimal score: 31096126302
Calculated 100000 weights; time (seconds): 699
Calculated 200000 weights; time (seconds): 445
Calculated 300000 weights; time (seconds): 443
Calculated 400000 weights; time (seconds): 466
Calculated 500000 weights; time (seconds): 475
Total Number of elements weighted: 588448
Normalized score (portion of input quartet trees satisfied before correcting for multiple individuals): 0.49643595712954103
Optimization score: 31896607880
Optimal tree inferred in 2947.721 secs.
(84,(((33,(160,130)),((74,186),((38,78),(118,(57,73))))),((144,(193,(91,196))),(182,((200,(45,27)),((168,88),(((((131,135),(170,(136,75))),((154,((167,191),((141,72),(80,(48,112))))),(17,((41,23),(129,((96,46),((194,47),((28,(51,(165,62))),(199,((114,184),(11,(187,174)))))))))))),((127,((85,(49,123)),(1,((31,(79,113)),(50,(56,(116,109))))))),(((12,(140,(134,86))),(32,(69,(128,(35,(120,14)))))),(((13,(30,(92,179))),(149,(53,(133,(40,137))))),((151,(176,(158,157))),((44,(153,106)),((122,(3,104)),((166,(42,87)),(162,(175,(95,25))))))))))),(((22,(188,172)),(173,(36,15))),(((198,(64,(83,155))),(192,((97,55),((102,(58,18)),((132,143),(82,178)))))),((163,(76,5)),(((10,(54,70)),(((180,(115,(65,59))),((148,197),(105,(67,(181,((150,126),(37,(4,81)))))))),((77,146),(7,((117,(195,(101,90))),((161,124),((52,(152,20)),(26,(177,(119,(21,8))))))))))),(0,(43,(((183,189),(66,(6,(110,(147,61))))),((93,((138,111),(121,(16,164)))),(((190,(185,(100,(107,142)))),((94,(60,156)),((171,145),(169,(2,(103,108)))))),((63,(9,(89,19))),((98,(29,24)),((99,125),(39,(71,((159,139),(34,68)))))))))))))))))))))));
Final quartet score is: 31896607880
Final normalized quartet score is: 0.49643595712954103
Extended species tree:
(185,((100,(107,142)1:0.14506166418213826)1:0.17357372930181977,(190,(((94,(60,156)1:0.1587709293022028)1:0.24647477701041864,((171,145)1:0.14327035946946073,(169,(2,(103,108)0.98:0.05997535222189511)1:0.22264198562752804)1:0.11686249089329658)1:0.22283359287154678)1:0.5197827601221375,(((63,(9,(89,19)1:0.7800788408853339)1:0.6364713664024999)1:0.07518125352990257,((98,(29,24)1:0.6012184354914748)1:0.19500967585627707,((99,125)0.99:0.0663827260416081,(39,(71,((159,139)1:0.14781042994433036,(34,68)1:0.09980628903404286)0.99:0.06545606507620967)0.8:0.036242841610519556)1:0.15546209509052702)1:0.7376626294753954)1:0.27020528900621577)0.68:0.02322948001557304,((93,((138,111)1:0.525038871838011,(121,(16,164)1:0.86470838607014)1:0.5204942927231615)0.43:0.0075317191043743695)1:0.20179849115504528,(((183,189)1:0.10999629362650805,(66,(6,(110,(147,61)1:0.11669843206962831)1:0.7433740158068403)0.9:0.04283375362511921)0.35:6.225161641325604E-4)1:0.5047569993627632,(43,(0,(((10,(54,70)1:0.27226749902639485)1:1.486516566813622,(((180,(115,(65,59)1:0.5837261971022901)0.76:0.03000519606538724)1:0.2950152359997678,((148,197)1:0.40487669107258223,(105,(67,(181,((150,126)1:0.30719842580307366,(37,(4,81)0.76:0.029761129372579555)1:0.35379324988203403)0.87:0.039628386773518834)1:0.28956715128115296)1:0.07175410065772465)1:0.10399881089469033)1:0.4592779821996129)1:0.18775786366067748,((77,146)1:0.8600135928654509,(7,((117,(195,(101,90)1:0.07512775370772194)0.55:0.017744519321577213)1:0.3701585175961011,((161,124)1:0.995890491179565,((52,(152,20)0.77:0.03051047880041462)1:0.7829945900235944,(26,(177,(119,(21,8)1:0.15751982469746814)0.55:0.016037296245788)1:0.07920319773726174)1:0.3550161975228786)1:0.15603920292093812)1:0.1685886631869353)1:0.17795243620274223)1:0.4462323573517027)0.52:0.013595197493333228)1:0.08148745094720884)1:0.14952876099908738,((163,(76,5)1:0.37528371266356436)1:0.6389015835952823,(((198,(64,(83,155)1:0.38698292719535476)1:0.35132787419851924)1:0.3196548884768973,(192,((97,55)1:1.0369551668910917,((102,(58,18)1:0.6157064941091428)1:0.2574275326158925,((132,143)1:0.8535568380869267,(82,178)1:0.5926977127113913)0.59:0.019017533918448428)1:0.15961198009482006)0.99:0.0628630481151434)1:0.5101283595417615)1:0.2995143224309085,(((22,(188,172)1:0.5569545056694969)1:0.2211558425207503,(173,(36,15)1:1.2443222683979862)1:0.38655402957600665)0.37:0.002533239395547796,(((((131,135)1:0.5109846019732102,(170,(136,75)1:0.7613479710194131)1:1.0100524053172764)1:0.14061923537493193,((154,((167,191)1:0.8850221505639212,((141,72)1:0.10565334040372625,(80,(48,112)1:0.10462420557739295)1:0.7282121259913901)1:0.06997431933631308)1:0.08460774405354876)1:0.18024117138960238,(17,((41,23)1:1.179799779342305,(129,((96,46)1:0.32405848612051713,((194,47)1:0.5144528684768439,((28,(51,(165,62)1:0.2681749174081058)1:0.27372262354023047)1:0.11467515196990363,(199,((114,184)0.97:0.05603136562971717,(11,(187,174)1:0.1346699191398438)0.91:0.04285237407502704)1:0.33837768718553257)1:0.10213664242291236)1:0.12756889565682275)1:0.10460956374419932)1:0.2627836755012176)1:0.16445590875661034)0.38:0.0038309915315229105)1:0.3257930960081103)0.76:0.02887642322935194)0.98:0.05622429654824937,((127,((85,(49,123)1:1.178837586767462)1:0.13673487479920962,(1,((31,(79,113)1:0.20584475872635546)1:0.387607597746539,(50,(56,(116,109)1:0.19115253511195737)1:0.6104090888914182)1:0.2800356779006988)0.99:0.07615398736909483)1:0.18892020717535504)1:0.4934153964158118)0.83:0.034462014831189096,(((12,(140,(134,86)1:0.5951287099746544)1:0.18116463549208328)0.59:0.01802059174955892,(32,(69,(128,(35,(120,14)0.99:0.06457300003218126)1:0.7157283699323628)1:0.23474506742279955)1:0.1570858372098891)1:0.22989400827674872)1:0.24760369396331677,(((13,(30,(92,179)1:0.6701694016979164)1:0.5773236440034396)0.98:0.05816871400998728,(149,(53,(133,(40,137)1:0.19253128180781326)1:0.2805165406513579)0.35:0.001245315377501287)1:0.6829050286243369)1:0.1344681083975641,((151,(176,(158,157)0.71:0.026734850791814247)1:0.11646552976759181)1:1.4147992499502249,((44,(153,106)1:1.265406118322564)1:0.30704554841722237,((122,(3,104)1:0.7836283623477093)1:0.26201477482036223,((166,(42,87)1:0.5536501815051241)1:0.8377800076270429,(162,(175,(95,25)0.86:0.038481016530160866)1:1.2917483430062235)1:0.0768955596360149)1:0.08141955449494835)1:0.18405220334131667)0.92:0.044551463072927906)0.4:0.005071977159077018)0.53:0.013636620601354727)0.46:0.010397740352645788)1:0.11677348892811733)0.48:0.011011611995627094,((168,88)1:0.5652836661249192,((200,(45,27)1:0.10128676990557828)1:0.7906163779703169,(182,((144,(193,(91,196)1:0.9145427807226167)0.99:0.06823834183000242)1:0.08192045665531222,(((33,(160,130)0.49:0.01520738341579202)1:0.15729575319823186,((74,186)1:0.7235942106503302,((38,78)1:0.2880403856301544,(118,(57,73)1:0.21849429534909412)0.95:0.04940395339696621)1:0.14535469933513176)1:0.2322159011926469)0.86:0.03978046122808567,84)1:0.2443660832362015)0.48:0.01013938159214492)1:0.1681690390184498)0.38:0.003529649823058885)1:0.3952961833999064)0.47:0.010074454357024138)0.46:0.008928181847749489)0.47:0.011043845195577374)0.88:0.0390278055088831)0.44:0.009508374666028626)1:0.1827549954023307)1:0.09333028646037661)0.39:0.004923585210222509)1:0.1579458595507258)1:0.08812030116674674)0.93:0.050449938857764706)1:0.6274277735156973));
Weight calculation took 2534.645396272 secs
ASTRAL finished in 2957.93 secs
