
================== ASTRAL ===================== 

This is ASTRAL version 5.7.8
Gene trees are treated as unrooted
200 trees read from Dataset/AstralII_data/model.200.500000.0.000001/11/estimatedgenetre.halfresolved_200
index0
All output trees will be *arbitrarily* rooted at 185

======== Running the main analysis
Number of taxa: 201 (201 species)
Taxa: [185, 65, 148, 150, 4, 81, 67, 181, 126, 37, 105, 197, 59, 180, 115, 171, 103, 2, 108, 145, 169, 94, 190, 43, 159, 34, 99, 125, 39, 139, 68, 71, 138, 93, 111, 16, 164, 121, 107, 100, 142, 127, 44, 116, 50, 56, 109, 85, 30, 149, 133, 80, 48, 112, 131, 170, 136, 75, 135, 32, 122, 3, 104, 140, 120, 14, 35, 42, 87, 166, 162, 92, 179, 175, 95, 128, 134, 69, 86, 54, 10, 70, 141, 21, 101, 117, 163, 82, 178, 76, 5, 7, 90, 52, 152, 20, 195, 161, 124, 119, 8, 177, 26, 0, 151, 176, 154, 1, 79, 49, 123, 113, 31, 158, 157, 153, 106, 12, 6, 183, 29, 24, 167, 191, 72, 13, 25, 40, 53, 137, 36, 22, 144, 182, 84, 118, 38, 57, 73, 193, 91, 173, 114, 11, 187, 174, 194, 47, 96, 199, 46, 165, 51, 184, 28, 62, 17, 41, 23, 129, 15, 77, 146, 60, 156, 66, 98, 147, 110, 61, 160, 33, 196, 74, 78, 186, 130, 168, 88, 45, 200, 27, 189, 198, 58, 18, 132, 143, 97, 55, 192, 102, 64, 83, 155, 188, 172, 63, 9, 89, 19]
Taxon occupancy: {110=200, 111=200, 112=200, 113=200, 114=200, 115=200, 116=200, 117=200, 118=200, 119=200, 10=200, 11=200, 12=200, 13=200, 14=200, 15=200, 16=200, 17=200, 18=200, 19=200, 120=200, 121=200, 0=200, 122=200, 1=200, 2=200, 123=200, 3=200, 124=200, 4=200, 125=200, 126=200, 5=200, 127=200, 6=200, 128=200, 7=200, 8=200, 129=200, 9=200, 20=200, 21=200, 22=200, 23=200, 24=200, 25=200, 26=200, 27=200, 28=200, 29=200, 130=200, 131=200, 132=200, 133=200, 134=200, 135=200, 136=200, 137=200, 138=200, 139=200, 30=200, 31=200, 32=200, 33=200, 34=200, 35=200, 36=200, 37=200, 38=200, 39=200, 140=200, 141=200, 142=200, 143=200, 144=200, 145=200, 146=200, 147=200, 148=200, 149=200, 40=200, 41=200, 42=200, 43=200, 44=200, 45=200, 46=200, 47=200, 48=200, 49=200, 150=200, 151=200, 152=200, 153=200, 154=200, 155=200, 156=200, 157=200, 158=200, 159=200, 50=200, 51=200, 52=200, 53=200, 54=200, 55=200, 56=200, 57=200, 58=200, 59=200, 160=200, 161=200, 162=200, 163=200, 164=200, 165=200, 166=200, 167=200, 168=200, 169=200, 60=200, 61=200, 62=200, 63=200, 64=200, 65=200, 66=200, 67=200, 68=200, 69=200, 170=200, 171=200, 172=200, 173=200, 174=200, 175=200, 176=200, 177=200, 178=200, 179=200, 70=200, 71=200, 72=200, 73=200, 74=200, 75=200, 76=200, 77=200, 78=200, 79=200, 180=200, 181=200, 182=200, 183=200, 184=200, 185=200, 186=200, 187=200, 188=200, 189=200, 80=200, 81=200, 82=200, 83=200, 84=200, 85=200, 86=200, 87=200, 88=200, 89=200, 190=200, 191=200, 192=200, 193=200, 194=200, 195=200, 196=200, 197=200, 198=200, 199=200, 90=200, 91=200, 92=200, 93=200, 94=200, 95=200, 96=200, 97=200, 98=200, 99=200, 200=200, 100=200, 101=200, 102=200, 103=200, 104=200, 105=200, 106=200, 107=200, 108=200, 109=200}
Number of gene trees: 200
0 trees have missing taxa
Calculating quartet distance matrix (for completion of X)
Species tree distances calculated ...
Building set of clusters (X) from gene trees 
------------------------------
gradient0: 41725
Number of Clusters after addition by distance: 41725
calculating extra bipartitions to be added at level 1 ...
Adding to X using resolutions of greedy consensus ...
Limit for sigma of degrees:5075
polytomy size limit : 68
discarded polytomies: 107 142  [3, 3, 3, 3, 3, 3, 3, 3, 3, 3, 3, 4, 4, 4, 5, 5, 7, 13, 22, 32, 47, 68, 107, 142]
Threshold 0.0:
polytomy of size 13; rounds with additions with at least 5 support: 8; clusters: 42977
polytomy of size 3; rounds with additions with at least 5 support: 1; clusters: 42981
Threshold 0.01:
polytomy of size 22; rounds with additions with at least 5 support: 15; clusters: 47807
Threshold 0.02:
polytomy of size 3; rounds with additions with at least 5 support: 0; clusters: 47807
polytomy of size 32; rounds with additions with at least 5 support: 1; clusters: 59659
Threshold 0.05:
polytomy of size 3; rounds with additions with at least 5 support: 0; clusters: 59659
polytomy of size 3; rounds with additions with at least 5 support: 0; clusters: 59659
polytomy of size 4; rounds with additions with at least 5 support: 0; clusters: 59659
polytomy of size 47; rounds with additions with at least 5 support: 0; clusters: 59825
Threshold 0.1:
polytomy of size 5; rounds with additions with at least 5 support: 0; clusters: 59825
polytomy of size 4; rounds with additions with at least 5 support: 0; clusters: 59825
polytomy of size 3; rounds with additions with at least 5 support: 0; clusters: 59825
polytomy of size 3; rounds with additions with at least 5 support: 0; clusters: 59825
polytomy of size 3; rounds with additions with at least 5 support: 0; clusters: 59825
polytomy of size 3; rounds with additions with at least 5 support: 0; clusters: 59825
polytomy of size 5; rounds with additions with at least 5 support: 0; clusters: 59825
polytomy of size 68; rounds with additions with at least 5 support: 0; clusters: 59927
Threshold 0.2:
polytomy of size 7; rounds with additions with at least 5 support: 0; clusters: 59927
polytomy of size 3; rounds with additions with at least 5 support: 0; clusters: 59927
polytomy of size 107; rounds with additions with at least 5 support: 0; clusters: 59997
Threshold 0.3333333333333333:
polytomy of size 3; rounds with additions with at least 5 support: 0; clusters: 59997
polytomy of size 4; rounds with additions with at least 5 support: 0; clusters: 59997
polytomy of size 3; rounds with additions with at least 5 support: 0; clusters: 59997
polytomy of size 142; rounds with additions with at least 5 support: 0; clusters: 60037
max k is :30
Number of Clusters after addition by greedy: 60037
gradient0 in heuristiic: 60037
partitions formed in 51.789 secs
Dynamic Programming starting after 51.789 secs
Using tree-based weight calculation.
Using polytree-based weight calculation.
Polytree max score: 13171600899
Polytree building time: 0.313 seconds.
Number of quartet trees in the gene trees: 13171600899
Size of largest cluster: 201
Greedy score: 5958676463
estimationFactor: 2.210491034508782
Sub-optimal score: 6163967584
Calculated 100000 weights; time (seconds): 158
Total Number of elements weighted: 159709
Normalized score (portion of input quartet trees satisfied before correcting for multiple individuals): 0.49866821029315184
Optimization score: 6568258647
Optimal tree inferred in 228.282 secs.
(189,(183,((66,(6,(110,(147,61)))),(((121,(16,164)),(93,(138,111))),(((63,((98,(29,24)),(125,(99,(39,(71,((159,139),(34,68)))))))),((9,(89,19)),((190,(185,(100,(107,142)))),((94,(60,156)),((171,145),(169,(2,(103,108)))))))),(43,(0,(((10,(54,70)),((((65,59),(180,115)),((148,197),(105,(67,(181,((150,126),(37,(4,81)))))))),((77,146),(7,((195,(117,(101,90))),((161,124),((152,(52,20)),(26,(119,(177,(21,8))))))))))),(((198,(64,(83,155))),((192,(97,55)),((132,143),((82,178),(102,(58,18)))))),(((173,(36,15)),((163,(76,5)),(22,(188,172)))),((((131,135),(170,(136,75))),((154,((167,191),((141,72),(80,(48,112))))),(17,((41,23),(129,((96,46),((194,47),((28,(51,(165,62))),(199,((187,174),(11,(114,184)))))))))))),(((200,(45,27)),((168,88),(182,((144,(193,(91,196))),(84,((130,(160,33)),((74,186),((38,78),(118,(57,73)))))))))),((12,((140,(134,86)),(32,(69,(128,(35,(120,14))))))),(((122,(3,104)),((166,(42,87)),(162,(25,(175,95))))),(((151,(176,(158,157))),((13,(30,(92,179))),(53,(149,(133,(40,137)))))),(127,((44,(153,106)),((85,(49,123)),(1,((31,(79,113)),(50,(56,(116,109)))))))))))))))))))))));
Final quartet score is: 6568258647
Final normalized quartet score is: 0.49866821029315184
Extended species tree:
(185,((100,(107,142)0.97:0.12592645846213163)1:0.24279727319329472,(190,(((94,(60,156)0.93:0.10181278072756615)1:0.20209841923365437,((171,145)0.94:0.11043875286554622,(169,(2,(103,108)0.83:0.07681129060661647)1:0.2619754575281066)0.91:0.09450741062546977)1:0.23758253910126556)1:0.5333353206192298,((9,(89,19)1:0.8722450013565481)1:0.7322433070502322,((63,((98,(29,24)1:0.6961941055253501)0.98:0.13390435872433962,(125,(99,(39,(71,((159,139)0.92:0.10138019693669759,(34,68)0.61:0.05119391971821129)0.8:0.07211439060980918)0.96:0.11754494235856354)0.98:0.14421678663399295)0.52:0.030398942322507644)1:0.7061128389932972)1:0.2574419946441902)0.72:0.057769345473617596,((43,(0,(((10,(54,70)1:0.2726537228585023)1:1.3335864111563536,((((65,59)1:0.5531248307118275,(180,115)0.79:0.07180394417041365)1:0.32103702894739544,((148,197)1:0.372791999083585,(105,(67,(181,((150,126)1:0.2983315057849601,(37,(4,81)0.52:0.028249806679827735)1:0.3662210083895506)0.76:0.06336861061858295)1:0.24109129862872097)0.54:0.03751786980242604)0.96:0.11967798302609525)1:0.43691461988946767)1:0.24697951072239235,((77,146)1:0.9145926998286001,(7,((195,(117,(101,90)0.88:0.0880218085668405)0.68:0.07833212508829503)1:0.2849807226230616,((161,124)1:1.061521788207468,((152,(52,20)0.85:0.08139109932425977)1:0.8140558409250538,(26,(119,(177,(21,8)1:0.2051952635642983)0.7:0.05436836722902636)0.47:0.03878559077935068)1:0.4344319686851344)0.99:0.14123313286419598)0.99:0.1437276903320863)1:0.19384851750840623)1:0.45930165378870996)0.42:0.012827214137750523)0.64:0.047121005155002824)1:0.1947129067250442,(((198,(64,(83,155)1:0.33808114849351945)1:0.3324269246859173)1:0.2988387159260072,((192,(97,55)1:1.03660197401756)0.4:0.009296657426277633,((132,143)1:0.7264554339110927,((82,178)1:0.6118149651923532,(102,(58,18)1:0.5500967109464341)1:0.20775617304643984)0.48:0.029484301278733274)1:0.17889975512709386)1:0.5987910075870831)1:0.29214410199797536,(((173,(36,15)1:1.0665221207538746)1:0.4388771063579529,((163,(76,5)1:0.5479351077334981)1:0.6537980614255278,(22,(188,172)1:0.5214478784226136)1:0.1920529479094935)0.37:0.0054780084926325185)0.3:0.0,((((131,135)1:0.4438882165437255,(170,(136,75)1:0.7873060787997366)1:0.9242767548404791)0.95:0.1120411860645511,((154,((167,191)1:0.887405729307263,((141,72)0.99:0.1447381491839709,(80,(48,112)0.94:0.11340528570092806)1:0.8363772233893488)0.73:0.05886088116094218)0.88:0.08738775166025174)1:0.17253186716423288,(17,((41,23)1:1.1462002901707216,(129,((96,46)1:0.3242316651000811,((194,47)1:0.42535831307721644,((28,(51,(165,62)1:0.25848798771219056)1:0.2657070926067626)0.65:0.06628360400344657,(199,((187,174)1:0.19899024729199943,(11,(114,184)0.78:0.06806059864057347)0.62:0.046939309938587706)1:0.31278251736732116)0.79:0.07258501859039546)0.97:0.12808279536625528)0.83:0.07590743113299471)1:0.29507285717724147)0.97:0.12318096719393216)0.39:0.009047101661576639)1:0.29156987112557226)0.65:0.046669380458886287)0.85:0.0812748994306176,(((200,(45,27)0.99:0.14830516223156334)1:0.736432689185586,((168,88)1:0.6194655848024669,(182,((144,(193,(91,196)1:1.0706845029391718)0.53:0.03041362106424413)0.96:0.11397863792776504,(84,((130,(160,33)0.93:0.1045473473165217)0.99:0.15793013515787235,((74,186)1:0.8142412846458545,((38,78)1:0.28012622654460956,(118,(57,73)1:0.26120905351304513)0.45:0.027666564443337337)0.96:0.11739196790789866)1:0.24601962556057133)0.55:0.043420390575530377)1:0.2543511418105969)0.6:0.038916810204720084)0.98:0.13644165183867113)0.5:0.027268291059678106)1:0.37689531781137675,((12,((140,(134,86)1:0.6210274152603603)1:0.1939065842453037,(32,(69,(128,(35,(120,14)0.95:0.11677492754873033)1:0.7491578709993945)0.99:0.14419444324139577)0.99:0.1425396975623981)1:0.24794724056523681)0.4:0.009844682911501815)1:0.27701466102356015,(((122,(3,104)1:0.7269736130275224)1:0.341009188188995,((166,(42,87)1:0.5299013948354329)1:0.8018462748956513,(162,(25,(175,95)0.39:0.007620720059280127)1:1.454324073370332)0.54:0.040868426159496755)0.89:0.09072519741666081)1:0.24215668984862704,(((151,(176,(158,157)0.71:0.0626378133075674)0.98:0.14279668047278357)1:1.3834792706207921,((13,(30,(92,179)1:0.7708453407782593)1:0.5389131294895552)0.79:0.07306612349691556,(53,(149,(133,(40,137)1:0.2729064493340312)1:0.20659056605783127)0.43:0.019246718676134037)1:0.6751810792356425)0.89:0.09181847075246302)0.49:0.023288253287588188,(127,((44,(153,106)1:1.4617587855323797)1:0.18644529503124438,((85,(49,123)1:1.3081853267456438)0.91:0.09596851431069332,(1,((31,(79,113)1:0.19866146249097907)1:0.4760460844877869,(50,(56,(116,109)0.98:0.14058761327963762)1:0.5131747537905397)1:0.35968425149222183)0.53:0.04268333997653102)1:0.17274269419873792)1:0.4754438946721551)0.44:0.02135338246333429)0.59:0.03899919579511997)0.38:0.005461386206867088)0.38:0.008307426856891446)0.91:0.09667228417385557)0.52:0.030825081346545935)0.42:0.014485890007619689)0.43:0.014650304939001763)0.52:0.02772748745923375)0.41:0.013488661342014823)1:0.21658236703846626)0.78:0.069517650525754,(((121,(16,164)1:0.732664830485491)1:0.4666988547612156,(93,(138,111)1:0.4881572573934472)0.59:0.03894591299110427)1:0.21868639464601,((66,(6,(110,(147,61)1:0.1761766722613065)1:0.8195897710079435)0.45:0.017241806434505992)0.45:0.022213827160669327,(183,189)0.74:0.060447814290236546)1:0.48063943515183033)0.35:0.0)0.99:0.1521280587645571)0.48:0.0229193034173831)0.84:0.07820057720499839)0.74:0.06141933596177896)1:0.5653702918651795));
Weight calculation took 159.70601186 secs
ASTRAL finished in 231.024 secs
