
================== ASTRAL ===================== 

This is ASTRAL version 5.7.8
Gene trees are treated as unrooted
200 trees read from Dataset/AstralII_data/model.200.10000000.0.000001/50/estimatedgenetre.halfresolved_200
index0
All output trees will be *arbitrarily* rooted at 32

======== Running the main analysis
Number of taxa: 201 (201 species)
Taxa: [32, 115, 195, 90, 200, 93, 100, 105, 45, 56, 60, 178, 131, 12, 75, 132, 143, 112, 89, 109, 177, 123, 146, 168, 35, 77, 52, 106, 160, 43, 147, 133, 150, 196, 145, 67, 189, 98, 104, 126, 23, 138, 57, 148, 162, 159, 114, 199, 29, 107, 151, 37, 61, 24, 192, 0, 22, 171, 167, 68, 152, 158, 183, 97, 136, 44, 42, 170, 137, 86, 14, 19, 9, 119, 40, 124, 62, 134, 30, 5, 101, 180, 76, 83, 64, 140, 118, 63, 3, 173, 36, 181, 4, 17, 116, 186, 11, 81, 26, 111, 28, 73, 10, 8, 157, 197, 84, 48, 139, 198, 184, 190, 2, 6, 113, 174, 50, 135, 121, 130, 194, 155, 179, 161, 91, 182, 38, 46, 58, 120, 87, 85, 188, 149, 108, 193, 15, 71, 163, 110, 80, 156, 95, 102, 74, 47, 21, 172, 176, 31, 166, 66, 103, 39, 191, 128, 55, 154, 49, 92, 69, 129, 70, 65, 144, 72, 34, 153, 27, 185, 18, 41, 125, 51, 53, 117, 88, 141, 165, 20, 175, 187, 99, 169, 54, 13, 164, 96, 122, 94, 79, 16, 33, 59, 82, 25, 142, 78, 1, 7, 127]
Taxon occupancy: {110=200, 111=200, 112=200, 113=200, 114=200, 115=200, 116=200, 117=200, 118=200, 119=200, 10=200, 11=200, 12=200, 13=200, 14=200, 15=200, 16=200, 17=200, 18=200, 19=200, 120=200, 0=200, 121=200, 122=200, 1=200, 123=200, 2=200, 124=200, 3=200, 4=200, 125=200, 126=200, 5=200, 6=200, 127=200, 128=200, 7=200, 8=200, 129=200, 9=200, 20=200, 21=200, 22=200, 23=200, 24=200, 25=200, 26=200, 27=200, 28=200, 29=200, 130=200, 131=200, 132=200, 133=200, 134=200, 135=200, 136=200, 137=200, 138=200, 139=200, 30=200, 31=200, 32=200, 33=200, 34=200, 35=200, 36=200, 37=200, 38=200, 39=200, 140=200, 141=200, 142=200, 143=200, 144=200, 145=200, 146=200, 147=200, 148=200, 149=200, 40=200, 41=200, 42=200, 43=200, 44=200, 45=200, 46=200, 47=200, 48=200, 49=200, 150=200, 151=200, 152=200, 153=200, 154=200, 155=200, 156=200, 157=200, 158=200, 159=200, 50=200, 51=200, 52=200, 53=200, 54=200, 55=200, 56=200, 57=200, 58=200, 59=200, 160=200, 161=200, 162=200, 163=200, 164=200, 165=200, 166=200, 167=200, 168=200, 169=200, 60=200, 61=200, 62=200, 63=200, 64=200, 65=200, 66=200, 67=200, 68=200, 69=200, 170=200, 171=200, 172=200, 173=200, 174=200, 175=200, 176=200, 177=200, 178=200, 179=200, 70=200, 71=200, 72=200, 73=200, 74=200, 75=200, 76=200, 77=200, 78=200, 79=200, 180=200, 181=200, 182=200, 183=200, 184=200, 185=200, 186=200, 187=200, 188=200, 189=200, 80=200, 81=200, 82=200, 83=200, 84=200, 85=200, 86=200, 87=200, 88=200, 89=200, 190=200, 191=200, 192=200, 193=200, 194=200, 195=200, 196=200, 197=200, 198=200, 199=200, 90=200, 91=200, 92=200, 93=200, 94=200, 95=200, 96=200, 97=200, 98=200, 99=200, 200=200, 100=200, 101=200, 102=200, 103=200, 104=200, 105=200, 106=200, 107=200, 108=200, 109=200}
Number of gene trees: 200
0 trees have missing taxa
Calculating quartet distance matrix (for completion of X)
Species tree distances calculated ...
Building set of clusters (X) from gene trees 
------------------------------
gradient0: 4647
Number of Clusters after addition by distance: 4647
calculating extra bipartitions to be added at level 1 ...
Adding to X using resolutions of greedy consensus ...
Limit for sigma of degrees:5075
polytomy size limit : 4
discarded polytomies:  [3, 3, 3, 3, 3, 3, 4, 4, 4]
Threshold 0.0:
Threshold 0.01:
Threshold 0.02:
Threshold 0.05:
Threshold 0.1:
Threshold 0.2:
polytomy of size 3; rounds with additions with at least 5 support: 0; clusters: 4647
Threshold 0.3333333333333333:
polytomy of size 4; rounds with additions with at least 5 support: 0; clusters: 4647
polytomy of size 3; rounds with additions with at least 5 support: 0; clusters: 4647
polytomy of size 3; rounds with additions with at least 5 support: 0; clusters: 4647
polytomy of size 4; rounds with additions with at least 5 support: 0; clusters: 4647
polytomy of size 3; rounds with additions with at least 5 support: 0; clusters: 4647
polytomy of size 4; rounds with additions with at least 5 support: 0; clusters: 4647
polytomy of size 3; rounds with additions with at least 5 support: 0; clusters: 4647
polytomy of size 3; rounds with additions with at least 5 support: 0; clusters: 4647
max k is :0
Number of Clusters after addition by greedy: 4647
gradient0 in heuristiic: 4647
partitions formed in 4.182 secs
Dynamic Programming starting after 4.182 secs
Using tree-based weight calculation.
Using polytree-based weight calculation.
Polytree max score: 13199670000
Polytree building time: 0.227 seconds.
Number of quartet trees in the gene trees: 13199670000
Size of largest cluster: 201
Greedy score: 12432685898
estimationFactor: 1.0616909417878386
Sub-optimal score: 12537018892
Total Number of elements weighted: 9102
Normalized score (portion of input quartet trees satisfied before correcting for multiple individuals): 0.95422332694681
Optimization score: 12595433022
Optimal tree inferred in 6.513 secs.
(166,(66,(((95,(102,74)),(47,(21,(172,(176,31))))),(103,((39,(191,128)),(55,(((112,89),(77,((168,35),(146,(123,(109,177)))))),(((189,(98,104)),((147,(43,(52,(106,160)))),((133,150),(196,(145,67))))),(((15,71),(163,((149,(108,193)),(110,(80,156))))),((((45,56),((60,178),(143,(132,(131,(12,75)))))),((187,((94,((79,16),(59,(82,(33,25))))),((99,169),(164,(54,(13,(96,122))))))),((((20,175),(200,(93,(100,105)))),((142,78),(127,((1,7),((32,115),(195,90)))))),(((49,92),(154,(65,((144,72),((34,153),(27,185)))))),((70,(69,129)),((125,(51,53)),(18,((41,117),(88,(141,165)))))))))),((((126,23),(138,57)),((148,(162,159)),((114,(199,29)),((107,(24,192)),(151,(37,61)))))),(0,(((85,188),((182,(91,38)),((120,87),(46,58)))),(((22,((44,42),(136,((171,(167,68)),(97,(152,(158,183))))))),((170,(137,86)),((63,(118,3)),(((14,(19,9)),((62,134),(119,(40,124)))),((30,5),((101,180),((64,140),(76,83)))))))),((173,(36,(181,4))),((116,(186,(11,81))),(17,(((161,((130,194),(155,179))),((26,111),(73,(28,10)))),(8,((2,(6,((113,174),(121,(50,135))))),((157,197),((84,48),(139,(184,(198,190)))))))))))))))))))))))));
Final quartet score is: 12595433022
Final normalized quartet score is: 0.95422332694681
Extended species tree:
(32,(115,((195,90)1:0.8905066147184405,((1,7)1:2.332890442489374,(127,((142,78)1:1.0645830354806576,(((20,175)1:2.9446303484139875,(200,(93,(100,105)1:0.23440070583884415)1:1.6789639750827108)1:3.799227511282799)1:0.9389970518978197,((((49,92)1:4.897839799950916,(154,(65,((144,72)1:2.817757437999229,((34,153)1:2.9512047505376473,(27,185)1:2.0071860739152787)0.99:0.14034477579461496)1:0.4433426707608473)1:1.3051992814992837)1:0.38871604079630495)1:0.2999686499899407,((70,(69,129)1:3.799227511282799)1:0.4903752145983458,((125,(51,53)1:0.5033906452784724)1:2.1478016176884775,(18,((41,117)1:0.8033818654708803,(88,(141,165)1:0.455188543460595)1:2.477698454383436)1:1.7762658806463316)0.99:0.15873682621365587)1:0.8388066903871169)1:0.4823785392711864)1:2.4119447611831566,((187,((94,((79,16)1:0.3101027430461629,(59,(82,(33,25)0.96:0.1186314280038687)1:0.7870491546849834)1:0.6254801865971948)0.91:0.0957536155439502)1:0.9106209789112051,((99,169)1:2.6339312383070217,(164,(54,(13,(96,122)1:2.1894529551828397)0.78:0.07337100843985997)0.99:0.14189196334674767)1:0.9893410386191669)0.92:0.09992636170645129)1:2.3583290161280575)1:2.1696589662005707,(((45,56)1:2.800698681171674,((60,178)1:1.9031389860035834,(143,(132,(131,(12,75)0.97:0.127069577368353)1:0.8548775912071267)1:0.5715020711376185)1:2.80099262923543)1:0.2315745146030089)1:4.443260641030802,(((((126,23)1:1.2602536402245255,(138,57)1:4.897839799950916)1:3.799227511282799,((148,(162,159)1:0.4789991921543134)1:4.897839799950916,((114,(199,29)1:1.68017683150792)1:0.23047759370637225,((107,(24,192)1:1.2071942295711713)1:0.5472310663672901,(151,(37,61)0.99:0.1529076715876614)1:1.620888602860248)1:1.401332238484433)1:3.0542433863737095)1:2.4623316074131796)1:2.497616237392947,(0,(((85,188)1:4.445854676207867,((182,(91,38)1:0.3652403067976554)1:4.897839799950916,((120,87)1:3.288401887516811,(46,58)1:4.897839799950916)1:4.199551219890549)0.97:0.12587597988062865)1:2.209329587826284,(((22,((44,42)1:4.897839799950916,(136,((171,(167,68)1:2.007468042054746)1:0.9370266303533334,(97,(152,(158,183)1:1.160170181667543)1:1.8533173622274888)1:1.7337722115777046)1:2.313842247518681)1:3.799227511282799)1:1.160170181667543)1:2.006674706035348,((170,(137,86)1:4.897839799950916)1:3.1248778766903618,((63,(118,3)1:0.2631108117212756)1:4.897839799950916,(((14,(19,9)1:4.204692619390971)1:0.6845077847075006,((62,134)1:2.0844290831908743,(119,(40,124)1:1.3146014844796654)1:0.455188543460595)1:2.6503427266825024)1:1.196348765744547,((30,5)1:4.892671829792475,((101,180)1:4.887635629776674,((64,140)1:1.221539128043835,(76,83)1:3.106080330722857)1:2.888421880579402)1:0.338225377145354)1:0.2365085692019698)1:2.633475919777064)1:3.51154543883102)1:2.53769053129354)1:0.48728255200550163,((173,(36,(181,4)1:1.1842677332466038)1:4.897839799950916)1:4.204692619390971,((116,(186,(11,81)1:2.7000542127823044)1:0.8118634873993271)1:4.897839799950916,(17,(((161,((130,194)1:1.3143208614948017,(155,179)1:1.8774149138065486)1:3.862406412904335)1:0.7904911533056044,((26,111)1:4.204692619390971,(73,(28,10)0.73:0.061718239347888795)1:1.4321038971511846)1:3.856693949151058)1:0.40845250837883434,(8,((2,(6,((113,174)1:0.4870637519910438,(121,(50,135)1:0.19740534889483782)1:1.37147927533475)1:1.9446671408157157)1:2.4146528410424377)1:1.6381075725522676,((157,197)1:4.204692619390971,((84,48)1:2.5229340453772404,(139,(184,(198,190)1:0.18830959863857716)1:1.2602536402245255)1:2.045208370037593)1:4.862212622307755)0.62:0.05437264068372556)1:1.5929208917058921)1:0.1779133766646316)1:2.1097380494812725)1:1.1119034406977082)1:3.030027310198768)1:0.5457385121902719)1:1.0989422290626885)1:3.799227511282799)1:2.412933150162912)1:3.5051556407322515,(((15,71)1:1.187758138186371,(163,((149,(108,193)0.57:0.038027395589239135)1:2.883278718204932,(110,(80,156)1:0.24387944979338808)1:3.255612064693818)1:0.3338138253378044)1:0.6894227814689631)1:4.897839799950916,(((189,(98,104)1:2.4999445271525413)1:3.51154543883102,((147,(43,(52,(106,160)1:0.5033906452784724)1:0.6492357893428099)1:0.46304243392560107)1:3.659465568907647,((133,150)1:2.73737486992661,(196,(145,67)1:1.805191657521838)0.57:0.038126277237874616)1:1.7843244907405371)1:3.288401887516811)1:1.7998004482259828,(((112,89)1:2.2690389705028413,(77,((168,35)1:1.1963162612751808,(146,(123,(109,177)1:0.2064455838864761)1:0.8120341285839915)1:2.156393398013137)1:0.3561777383064947)1:0.18381520905073817)1:4.897839799950916,(55,((39,(191,128)0.98:0.135795373668521)1:3.9111635514729763,(103,(((95,(102,74)1:0.4319316812963277)1:4.897839799950916,(47,(21,(172,(176,31)1:1.3144611631435763)1:0.6931471805599453)1:2.996138488650465)1:0.9269126399751202)1:0.4275122623173731,(66,166)0.62:0.04150862968188197)1:0.9040064193251991)0.57:0.04504668091170753)1:0.33473973963263265)1:2.1397575245389158)1:0.31051520815478934)0.63:0.043294156450389365)1:2.3857250259546814)1:1.685367412117918)1:3.5803659589275307)1:0.18859355923549198)1:0.9168316425367432)1:0.5491934401603127)1:0.23717249443186883)1:0.8810853426634689)1:4.492374691842744)0.98:0.1356658651531553));
Weight calculation took 1.872307027 secs
ASTRAL finished in 8.693 secs
