
================== ASTRAL ===================== 

This is ASTRAL version 5.7.8
Gene trees are treated as unrooted
200 trees read from Dataset/AstralII_data/model.200.2000000.0.000001/19/estimatedgenetre.halfresolved_200
index0
All output trees will be *arbitrarily* rooted at 82

======== Running the main analysis
Number of taxa: 201 (201 species)
Taxa: [82, 13, 173, 172, 42, 193, 133, 37, 51, 110, 167, 183, 114, 190, 178, 112, 137, 157, 48, 115, 98, 63, 154, 79, 96, 199, 175, 14, 50, 124, 120, 152, 102, 163, 129, 52, 19, 159, 72, 103, 111, 116, 66, 160, 113, 43, 0, 54, 104, 125, 195, 88, 89, 166, 33, 68, 57, 56, 26, 100, 32, 181, 185, 197, 74, 177, 8, 23, 138, 81, 189, 39, 143, 179, 58, 71, 29, 146, 59, 148, 84, 165, 15, 142, 119, 188, 87, 171, 53, 91, 69, 11, 25, 21, 140, 3, 83, 147, 128, 55, 132, 164, 38, 170, 130, 149, 18, 64, 141, 135, 92, 20, 47, 5, 184, 187, 86, 73, 109, 95, 80, 65, 123, 94, 127, 30, 122, 6, 139, 107, 136, 24, 85, 169, 41, 67, 44, 35, 151, 198, 61, 105, 4, 17, 200, 60, 40, 7, 93, 194, 70, 99, 182, 117, 161, 150, 34, 134, 106, 36, 174, 131, 145, 180, 90, 45, 22, 31, 9, 192, 118, 144, 27, 168, 121, 49, 97, 10, 28, 1, 156, 46, 158, 176, 2, 101, 76, 191, 75, 108, 78, 12, 126, 62, 196, 153, 186, 155, 77, 16, 162]
Taxon occupancy: {110=200, 111=200, 112=200, 113=200, 114=200, 115=200, 116=200, 117=200, 118=200, 119=200, 10=200, 11=200, 12=200, 13=200, 14=200, 15=200, 16=200, 17=200, 18=200, 19=200, 120=200, 0=200, 121=200, 122=200, 1=200, 123=200, 2=200, 124=200, 3=200, 125=200, 4=200, 5=200, 126=200, 127=200, 6=200, 128=200, 7=200, 129=200, 8=200, 9=200, 20=200, 21=200, 22=200, 23=200, 24=200, 25=200, 26=200, 27=200, 28=200, 29=200, 130=200, 131=200, 132=200, 133=200, 134=200, 135=200, 136=200, 137=200, 138=200, 139=200, 30=200, 31=200, 32=200, 33=200, 34=200, 35=200, 36=200, 37=200, 38=200, 39=200, 140=200, 141=200, 142=200, 143=200, 144=200, 145=200, 146=200, 147=200, 148=200, 149=200, 40=200, 41=200, 42=200, 43=200, 44=200, 45=200, 46=200, 47=200, 48=200, 49=200, 150=200, 151=200, 152=200, 153=200, 154=200, 155=200, 156=200, 157=200, 158=200, 159=200, 50=200, 51=200, 52=200, 53=200, 54=200, 55=200, 56=200, 57=200, 58=200, 59=200, 160=200, 161=200, 162=200, 163=200, 164=200, 165=200, 166=200, 167=200, 168=200, 169=200, 60=200, 61=200, 62=200, 63=200, 64=200, 65=200, 66=200, 67=200, 68=200, 69=200, 170=200, 171=200, 172=200, 173=200, 174=200, 175=200, 176=200, 177=200, 178=200, 179=200, 70=200, 71=200, 72=200, 73=200, 74=200, 75=200, 76=200, 77=200, 78=200, 79=200, 180=200, 181=200, 182=200, 183=200, 184=200, 185=200, 186=200, 187=200, 188=200, 189=200, 80=200, 81=200, 82=200, 83=200, 84=200, 85=200, 86=200, 87=200, 88=200, 89=200, 190=200, 191=200, 192=200, 193=200, 194=200, 195=200, 196=200, 197=200, 198=200, 199=200, 90=200, 91=200, 92=200, 93=200, 94=200, 95=200, 96=200, 97=200, 98=200, 99=200, 200=200, 100=200, 101=200, 102=200, 103=200, 104=200, 105=200, 106=200, 107=200, 108=200, 109=200}
Number of gene trees: 200
0 trees have missing taxa
Calculating quartet distance matrix (for completion of X)
Species tree distances calculated ...
Building set of clusters (X) from gene trees 
------------------------------
gradient0: 17639
Number of Clusters after addition by distance: 17639
calculating extra bipartitions to be added at level 1 ...
Adding to X using resolutions of greedy consensus ...
Limit for sigma of degrees:5075
polytomy size limit : 14
discarded polytomies:  [3, 3, 3, 3, 3, 3, 3, 3, 3, 3, 3, 3, 3, 4, 4, 4, 4, 4, 4, 4, 4, 4, 4, 4, 5, 5, 5, 5, 6, 7, 7, 7, 8, 8, 8, 8, 14]
Threshold 0.0:
Threshold 0.01:
Threshold 0.02:
Threshold 0.05:
polytomy of size 3; rounds with additions with at least 5 support: 0; clusters: 17639
polytomy of size 4; rounds with additions with at least 5 support: 0; clusters: 17639
Threshold 0.1:
polytomy of size 4; rounds with additions with at least 5 support: 0; clusters: 17639
polytomy of size 4; rounds with additions with at least 5 support: 0; clusters: 17639
polytomy of size 3; rounds with additions with at least 5 support: 0; clusters: 17639
polytomy of size 3; rounds with additions with at least 5 support: 0; clusters: 17639
polytomy of size 3; rounds with additions with at least 5 support: 0; clusters: 17639
polytomy of size 4; rounds with additions with at least 5 support: 0; clusters: 17639
polytomy of size 5; rounds with additions with at least 5 support: 0; clusters: 17641
Threshold 0.2:
polytomy of size 7; rounds with additions with at least 5 support: 0; clusters: 17641
polytomy of size 5; rounds with additions with at least 5 support: 0; clusters: 17641
polytomy of size 4; rounds with additions with at least 5 support: 0; clusters: 17641
polytomy of size 8; rounds with additions with at least 5 support: 0; clusters: 17641
polytomy of size 5; rounds with additions with at least 5 support: 0; clusters: 17641
polytomy of size 3; rounds with additions with at least 5 support: 0; clusters: 17641
polytomy of size 3; rounds with additions with at least 5 support: 0; clusters: 17641
polytomy of size 6; rounds with additions with at least 5 support: 0; clusters: 17641
polytomy of size 7; rounds with additions with at least 5 support: 0; clusters: 17643
Threshold 0.3333333333333333:
polytomy of size 3; rounds with additions with at least 5 support: 0; clusters: 17643
polytomy of size 4; rounds with additions with at least 5 support: 0; clusters: 17643
polytomy of size 4; rounds with additions with at least 5 support: 0; clusters: 17643
polytomy of size 3; rounds with additions with at least 5 support: 0; clusters: 17643
polytomy of size 4; rounds with additions with at least 5 support: 0; clusters: 17643
polytomy of size 3; rounds with additions with at least 5 support: 0; clusters: 17643
polytomy of size 3; rounds with additions with at least 5 support: 0; clusters: 17643
polytomy of size 5; rounds with additions with at least 5 support: 0; clusters: 17643
polytomy of size 3; rounds with additions with at least 5 support: 0; clusters: 17643
polytomy of size 8; rounds with additions with at least 5 support: 0; clusters: 17643
polytomy of size 8; rounds with additions with at least 5 support: 0; clusters: 17643
polytomy of size 8; rounds with additions with at least 5 support: 0; clusters: 17643
polytomy of size 7; rounds with additions with at least 5 support: 0; clusters: 17643
polytomy of size 4; rounds with additions with at least 5 support: 0; clusters: 17643
polytomy of size 4; rounds with additions with at least 5 support: 0; clusters: 17643
polytomy of size 3; rounds with additions with at least 5 support: 0; clusters: 17643
polytomy of size 4; rounds with additions with at least 5 support: 0; clusters: 17643
polytomy of size 3; rounds with additions with at least 5 support: 0; clusters: 17643
polytomy of size 14; rounds with additions with at least 5 support: 0; clusters: 17643
max k is :0
Number of Clusters after addition by greedy: 17643
gradient0 in heuristiic: 17643
partitions formed in 7.669 secs
Dynamic Programming starting after 7.669 secs
Using tree-based weight calculation.
Using polytree-based weight calculation.
Polytree max score: 13173812289
Polytree building time: 0.273 seconds.
Number of quartet trees in the gene trees: 13173812289
Size of largest cluster: 201
Greedy score: 8899886277
estimationFactor: 1.48022254206159
Sub-optimal score: 10073211434
Total Number of elements weighted: 43855
Normalized score (portion of input quartet trees satisfied before correcting for multiple individuals): 0.7854295730052056
Optimization score: 10347101761
Optimal tree inferred in 34.368 secs.
(158,(176,((31,(9,192)),(((49,(97,10)),(28,(1,(156,46)))),((22,(121,(27,(168,(118,144))))),(((155,77),((153,186),(62,((126,196),((191,(75,108)),((2,101),(76,(78,12)))))))),((16,162),(((41,(169,67)),((193,133),(51,(37,110)))),((((173,(82,13)),((90,(180,45)),(36,(131,(174,145))))),((151,(198,61)),((17,200),(((44,35),((105,4),(172,42))),((117,(150,(161,(34,134)))),(182,(106,(99,((60,40),(93,(7,(194,70)))))))))))),((85,(167,183)),(((((52,19),(129,(120,(163,(152,102))))),((159,72),(103,((116,66),(111,(160,(113,43))))))),(((137,(157,48)),(114,(190,(178,112)))),((79,((63,154),(115,98))),((14,(50,124)),(175,(96,199)))))),(0,((54,((195,88),(125,(104,89)))),(((5,(184,(187,86))),((18,(135,(25,(21,140)))),((20,(92,((164,(38,170)),((128,(55,132)),(147,(3,83)))))),(47,((64,141),((73,(130,149)),(109,((123,(94,127)),(95,(80,65)))))))))),((((179,58),(189,(39,143))),((87,(148,(84,165))),(((171,53),(91,(69,11))),((15,(119,(142,188))),(59,(71,(29,146))))))),((((185,197),(74,177)),((32,181),((68,57),(56,(26,100))))),((166,33),((8,(23,(138,81))),(30,(6,(24,(122,(136,(139,107))))))))))))))))))))))));
Final quartet score is: 10347101761
Final normalized quartet score is: 0.7854295730052056
Extended species tree:
(82,(13,(173,(((90,(180,45)0.52:0.028422972836488907)1:0.3599445866638489,(36,(131,(174,145)0.99:0.1608153515729909)1:0.5345668188736555)1:1.2328594740636547)1:2.2621638040191296,(((151,(198,61)1:0.5118310623589857)1:2.9716800023369254,((17,200)1:2.471986783496831,(((44,35)1:3.1537591776286478,((105,4)1:2.4400953500712346,(172,42)1:1.7052810560627967)0.49:0.036376181583953386)1:0.16533939886676793,((117,(150,(161,(34,134)1:0.3112838363285525)1:0.31317247851098984)1:0.9250437839310436)1:0.5535716934299292,(182,(106,(99,((60,40)0.63:0.06351193540088658,(93,(7,(194,70)0.65:0.04895541650093692)1:0.5871653671698687)0.9:0.09800911971568896)1:0.7270974467614437)1:0.2426976931649805)1:0.6506191238509006)1:0.2598279243666947)1:0.7666277745808425)0.52:0.02766795131422618)1:0.30322127919001496)1:0.5278450099081531,(((85,(167,183)1:1.318910037975264)1:0.16589154602074688,(((((52,19)1:3.1442493677557066,(129,(120,(163,(152,102)1:2.603468509080208)0.99:0.1567763466600034)1:0.2458007738976684)1:0.19778117657280048)0.99:0.15539272906482604,((159,72)1:3.4218064251530134,(103,((116,66)1:1.412238832904286,(111,(160,(113,43)1:1.4474730214957507)1:0.3164398651930182)1:0.4969802441822755)1:1.6551964789785503)1:0.8005893136917522)0.95:0.11911165762905417)1:0.8056704618345796,(((137,(157,48)1:1.1222264104304907)0.47:0.022433818581780965,(114,(190,(178,112)1:0.3049655998150009)1:0.9814077589049537)1:2.458617007488777)1:0.1719026218868423,((79,((63,154)0.61:0.05050914219527081,(115,98)0.69:0.055545347656935216)1:2.7160407469171077)1:0.7476304615972691,((14,(50,124)1:1.540979943340219)1:0.9096484989857282,(175,(96,199)1:1.8218646293802854)1:0.5286338530125785)1:0.6978688875061684)1:1.0948620639121263)1:0.5543154304725364)1:0.6995544986382697,(0,((54,((195,88)1:3.2929297877916035,(125,(104,89)1:0.17249767718846537)1:0.16880281524605287)1:0.6620688936094409)1:2.4476867219083176,(((5,(184,(187,86)1:0.9697875883839183)1:1.109601935321003)1:1.2837903340173469,((18,(135,(25,(21,140)1:0.4836627710421297)1:2.4449470454474134)1:0.18815426711345587)1:0.59245485537984,((20,(92,((164,(38,170)1:0.3149002475072385)1:0.7843063488390994,((128,(55,132)1:2.0252165108606572)0.94:0.10712329898384296,(147,(3,83)1:0.5183747055194227)1:0.6220032051231249)1:2.14718092809851)1:0.5947533850645955)1:0.18485063711861832)1:0.7621646405672139,(47,((64,141)1:2.796938389879054,((73,(130,149)1:2.013602372862655)0.65:0.04867685336643185,(109,((123,(94,127)0.98:0.14069026493161868)1:1.2802415926292545,(95,(80,65)1:0.5529714170026253)1:0.7251406946700807)1:0.6082336579092323)1:0.6965573918320144)1:0.21691386729589301)1:1.04739153422495)1:0.17150034978011228)1:0.16781727017014617)0.67:0.05026839139995016)1:1.1160473205468602,((((179,58)1:0.6954548477869064,(189,(39,143)1:1.1307038528978548)1:2.2025973816644564)1:2.3274958125884675,((87,(148,(84,165)1:0.7002917321901183)1:2.4512007150238984)1:0.31063907396709256,(((171,53)1:0.7214262755071404,(91,(69,11)1:0.6629329514919966)0.73:0.061061464398786604)1:0.8863594514657813,((15,(119,(142,188)1:0.1981511457199942)1:1.2135156255016404)1:1.5060215103748533,(59,(71,(29,146)1:1.9044215080451103)0.53:0.0313707201024787)1:0.239437854857628)1:1.071644685084991)1:0.5605934601999153)1:2.0736641943255787)0.52:0.02894162918150476,((((185,197)1:1.4489483941813195,(74,177)1:0.9984219380167826)1:2.3200840368887623,((32,181)1:3.3852242402280837,((68,57)1:3.457889528412866,(56,(26,100)1:1.1019622857710567)1:2.534004234318767)1:0.8739860373520985)1:0.349777590179387)1:0.5508187604465001,((166,33)1:3.0511513666328884,((8,(23,(138,81)1:2.3545193109784393)1:0.18321254861890585)1:2.893508050266144,(30,(6,(24,(122,(136,(139,107)1:0.4411615046164505)1:1.5773814302304308)1:0.2360154711285591)1:0.23780386685950192)1:1.263191592246022)1:1.4342116125519913)1:0.7366758370253389)0.78:0.06958134059043662)0.99:0.1559115917437166)1:0.24831800594081793)0.43:0.021685691144943606)0.69:0.05330045217224526)1:1.053908759451193)1:0.5658242423222345)1:0.3386340736398695,(((41,(169,67)0.84:0.08197585394886439)1:3.0041187049579294,((193,133)1:1.6527494644865643,(51,(37,110)1:0.29319488025572)1:0.7029090622591961)1:1.256856327094585)1:1.5790877155572915,((16,162)1:2.3468549571058865,(((155,77)1:1.3840792167445681,((153,186)1:1.0064560912611342,(62,((126,196)1:0.517215389774544,((191,(75,108)1:0.8400988891047662)0.64:0.04631884306382868,((2,101)1:0.6150460506638306,(76,(78,12)1:0.8129268532376116)1:0.3100922568941074)1:0.20921618591880958)0.93:0.10531296270314446)0.95:0.1138590748700387)1:0.33948735313880474)1:1.2097226124220484)1:0.4666920428290225,((22,(121,(27,(168,(118,144)1:0.8317242886732723)1:0.820301039351358)0.86:0.09821269703398634)1:0.4977434949178089)0.37:0.004078992186947541,(((49,(97,10)1:0.4836043942858515)1:1.0922585278746768,(28,(1,(156,46)1:0.36525662230172096)1:0.32819582630744243)1:0.9918016276469872)1:1.3159080271928632,((31,(9,192)1:2.117096927783618)1:0.3961404255811992,(176,158)1:0.5861487478001625)1:0.34676332583213393)0.85:0.0802695025964423)1:0.29632291940386213)1:0.9550767257400952)0.7:0.07262186884816527)0.38:0.00637401584658115)0.86:0.08436207943635354)0.64:0.06269304198572626)1:1.9672695321901352)0.68:0.05369945531745284));
Weight calculation took 24.779317011 secs
ASTRAL finished in 36.685 secs
