
================== ASTRAL ===================== 

This is ASTRAL version 5.7.8
Gene trees are treated as unrooted
50 trees read from Dataset/AstralII_data/model.200.2000000.0.000001/19/estimatedgenetre.halfresolved_50
index0
All output trees will be *arbitrarily* rooted at 82

======== Running the main analysis
Number of taxa: 201 (201 species)
Taxa: [82, 13, 173, 172, 42, 193, 133, 37, 51, 110, 167, 183, 114, 190, 178, 112, 137, 157, 48, 115, 98, 63, 154, 79, 96, 199, 175, 14, 50, 124, 120, 152, 102, 163, 129, 52, 19, 159, 72, 103, 111, 116, 66, 160, 113, 43, 0, 54, 104, 125, 195, 88, 89, 166, 33, 68, 57, 56, 26, 100, 32, 181, 185, 197, 74, 177, 8, 23, 138, 81, 189, 39, 143, 179, 58, 71, 29, 146, 59, 148, 84, 165, 15, 142, 119, 188, 87, 171, 53, 91, 69, 11, 25, 21, 140, 3, 83, 147, 128, 55, 132, 164, 38, 170, 130, 149, 18, 64, 141, 135, 92, 20, 47, 5, 184, 187, 86, 73, 109, 95, 80, 65, 123, 94, 127, 30, 122, 6, 139, 107, 136, 24, 85, 169, 41, 67, 44, 35, 151, 198, 61, 105, 4, 17, 200, 60, 40, 7, 93, 194, 70, 99, 182, 117, 161, 150, 34, 134, 106, 36, 174, 131, 145, 180, 90, 45, 22, 31, 9, 192, 118, 144, 27, 168, 121, 49, 97, 10, 28, 1, 156, 46, 158, 176, 2, 101, 76, 191, 75, 108, 78, 12, 126, 62, 196, 153, 186, 155, 77, 16, 162]
Taxon occupancy: {110=50, 111=50, 112=50, 113=50, 114=50, 115=50, 116=50, 117=50, 118=50, 119=50, 10=50, 11=50, 12=50, 13=50, 14=50, 15=50, 16=50, 17=50, 18=50, 19=50, 120=50, 0=50, 121=50, 122=50, 1=50, 123=50, 2=50, 124=50, 3=50, 125=50, 4=50, 5=50, 126=50, 127=50, 6=50, 128=50, 7=50, 129=50, 8=50, 9=50, 20=50, 21=50, 22=50, 23=50, 24=50, 25=50, 26=50, 27=50, 28=50, 29=50, 130=50, 131=50, 132=50, 133=50, 134=50, 135=50, 136=50, 137=50, 138=50, 139=50, 30=50, 31=50, 32=50, 33=50, 34=50, 35=50, 36=50, 37=50, 38=50, 39=50, 140=50, 141=50, 142=50, 143=50, 144=50, 145=50, 146=50, 147=50, 148=50, 149=50, 40=50, 41=50, 42=50, 43=50, 44=50, 45=50, 46=50, 47=50, 48=50, 49=50, 150=50, 151=50, 152=50, 153=50, 154=50, 155=50, 156=50, 157=50, 158=50, 159=50, 50=50, 51=50, 52=50, 53=50, 54=50, 55=50, 56=50, 57=50, 58=50, 59=50, 160=50, 161=50, 162=50, 163=50, 164=50, 165=50, 166=50, 167=50, 168=50, 169=50, 60=50, 61=50, 62=50, 63=50, 64=50, 65=50, 66=50, 67=50, 68=50, 69=50, 170=50, 171=50, 172=50, 173=50, 174=50, 175=50, 176=50, 177=50, 178=50, 179=50, 70=50, 71=50, 72=50, 73=50, 74=50, 75=50, 76=50, 77=50, 78=50, 79=50, 180=50, 181=50, 182=50, 183=50, 184=50, 185=50, 186=50, 187=50, 188=50, 189=50, 80=50, 81=50, 82=50, 83=50, 84=50, 85=50, 86=50, 87=50, 88=50, 89=50, 190=50, 191=50, 192=50, 193=50, 194=50, 195=50, 196=50, 197=50, 198=50, 199=50, 90=50, 91=50, 92=50, 93=50, 94=50, 95=50, 96=50, 97=50, 98=50, 99=50, 200=50, 100=50, 101=50, 102=50, 103=50, 104=50, 105=50, 106=50, 107=50, 108=50, 109=50}
Number of gene trees: 50
0 trees have missing taxa
Calculating quartet distance matrix (for completion of X)
Species tree distances calculated ...
Building set of clusters (X) from gene trees 
------------------------------
gradient0: 6701
Number of Clusters after addition by distance: 6701
calculating extra bipartitions to be added at level 1 ...
Adding to X using resolutions of greedy consensus ...
Limit for sigma of degrees:5075
polytomy size limit : 13
discarded polytomies:  [3, 3, 3, 3, 3, 3, 3, 3, 3, 3, 3, 3, 3, 3, 3, 4, 4, 4, 4, 4, 4, 4, 4, 4, 5, 5, 5, 6, 6, 6, 6, 7, 7, 7, 8, 8, 8, 8, 13]
Threshold 0.0:
Threshold 0.01:
Threshold 0.02:
Threshold 0.05:
polytomy of size 3; rounds with additions with at least 5 support: 0; clusters: 6701
polytomy of size 3; rounds with additions with at least 5 support: 0; clusters: 6703
polytomy of size 3; rounds with additions with at least 5 support: 1; clusters: 6705
polytomy of size 4; rounds with additions with at least 5 support: 1; clusters: 6707
Threshold 0.1:
polytomy of size 4; rounds with additions with at least 5 support: 1; clusters: 6711
polytomy of size 4; rounds with additions with at least 5 support: 0; clusters: 6711
polytomy of size 3; rounds with additions with at least 5 support: 0; clusters: 6711
polytomy of size 3; rounds with additions with at least 5 support: 0; clusters: 6711
polytomy of size 6; rounds with additions with at least 5 support: 2; clusters: 6715
polytomy of size 5; rounds with additions with at least 5 support: 2; clusters: 6723
Threshold 0.2:
polytomy of size 7; rounds with additions with at least 5 support: 0; clusters: 6727
polytomy of size 6; rounds with additions with at least 5 support: 0; clusters: 6727
polytomy of size 4; rounds with additions with at least 5 support: 0; clusters: 6727
polytomy of size 5; rounds with additions with at least 5 support: 0; clusters: 6727
polytomy of size 8; rounds with additions with at least 5 support: 0; clusters: 6727
polytomy of size 3; rounds with additions with at least 5 support: 0; clusters: 6727
polytomy of size 5; rounds with additions with at least 5 support: 0; clusters: 6727
polytomy of size 7; rounds with additions with at least 5 support: 0; clusters: 6735
Threshold 0.3333333333333333:
polytomy of size 3; rounds with additions with at least 5 support: 0; clusters: 6735
polytomy of size 3; rounds with additions with at least 5 support: 0; clusters: 6735
polytomy of size 3; rounds with additions with at least 5 support: 0; clusters: 6735
polytomy of size 3; rounds with additions with at least 5 support: 0; clusters: 6735
polytomy of size 8; rounds with additions with at least 5 support: 0; clusters: 6735
polytomy of size 8; rounds with additions with at least 5 support: 0; clusters: 6735
polytomy of size 6; rounds with additions with at least 5 support: 0; clusters: 6735
polytomy of size 4; rounds with additions with at least 5 support: 0; clusters: 6735
polytomy of size 4; rounds with additions with at least 5 support: 0; clusters: 6735
polytomy of size 4; rounds with additions with at least 5 support: 0; clusters: 6735
polytomy of size 3; rounds with additions with at least 5 support: 0; clusters: 6735
polytomy of size 4; rounds with additions with at least 5 support: 0; clusters: 6735
polytomy of size 4; rounds with additions with at least 5 support: 0; clusters: 6735
polytomy of size 3; rounds with additions with at least 5 support: 0; clusters: 6735
polytomy of size 7; rounds with additions with at least 5 support: 0; clusters: 6735
polytomy of size 3; rounds with additions with at least 5 support: 0; clusters: 6735
polytomy of size 8; rounds with additions with at least 5 support: 0; clusters: 6735
polytomy of size 3; rounds with additions with at least 5 support: 0; clusters: 6735
polytomy of size 6; rounds with additions with at least 5 support: 0; clusters: 6735
polytomy of size 3; rounds with additions with at least 5 support: 0; clusters: 6735
polytomy of size 13; rounds with additions with at least 5 support: 0; clusters: 6735
max k is :4
Number of Clusters after addition by greedy: 6735
gradient0 in heuristiic: 6735
partitions formed in 8.317 secs
Dynamic Programming starting after 8.317 secs
Using tree-based weight calculation.
Using polytree-based weight calculation.
Polytree max score: 3292458771
Polytree building time: 0.15 seconds.
Number of quartet trees in the gene trees: 3292458771
Size of largest cluster: 201
Greedy score: 2364317593
estimationFactor: 1.3925619725319194
Sub-optimal score: 2506494176
Total Number of elements weighted: 10783
Normalized score (portion of input quartet trees satisfied before correcting for multiple individuals): 0.7813692795972752
Optimization score: 2572626138
Optimal tree inferred in 11.612 secs.
(41,(67,(169,(((193,133),(51,(37,110))),(((16,162),(((155,77),((153,186),(62,((126,196),(191,((75,108),((2,101),(76,(78,12))))))))),(22,((27,(121,(168,(118,144)))),(((158,176),(31,(9,192))),((49,(97,10)),(28,(1,(156,46))))))))),((((173,(82,13)),((45,(180,90)),(36,(131,(174,145))))),((151,(198,61)),(((17,200),((172,42),((44,35),(105,4)))),((117,(150,(161,(34,134)))),(182,(106,(99,((40,93),(60,(7,(194,70))))))))))),((85,(167,183)),((((52,19),((129,(120,(163,(152,102)))),((159,72),(103,((116,66),(111,(160,(113,43)))))))),((137,((157,48),(114,(190,(178,112))))),((79,(115,(98,(63,154)))),((175,(96,199)),(14,(50,124)))))),(0,((54,((195,88),(125,(104,89)))),(((5,(184,(187,86))),(((18,135),(25,(21,140))),(((64,141),(73,((130,149),(109,((123,(94,127)),(95,(80,65))))))),(47,(20,(92,((164,(38,170)),((147,(3,83)),(128,(55,132)))))))))),((((179,58),(189,(39,143))),((87,(148,(84,165))),(((171,53),(91,(69,11))),((71,(59,(29,146))),(15,(119,(142,188))))))),(((8,(23,(138,81))),(30,(6,(24,(122,(136,(139,107))))))),((166,33),(((185,197),(74,177)),((32,181),((68,57),(56,(26,100)))))))))))))))))));
Final quartet score is: 2572626138
Final normalized quartet score is: 0.7813692795972752
Extended species tree:
(82,(13,(173,(((45,(180,90)0.77:0.15283494108243506)0.91:0.1973564773465769,(36,(131,(174,145)0.55:0.10479824406584093)1:0.4383982898304045)1:1.4433783045961055)1:1.8600404344391002,(((151,(198,61)1:0.6391800243320306)1:2.9837753594299077,(((17,200)1:2.257380892256301,((172,42)1:1.4339954676293791,((44,35)1:3.074394012795903,(105,4)1:2.6110905134593905)0.44:0.04025443512134508)0.87:0.1758330864901128)0.52:0.06220700013785373,((117,(150,(161,(34,134)0.99:0.32122819494298493)0.97:0.26211743322790654)1:0.8429781992426871)1:0.6671217836552781,(182,(106,(99,((40,93)0.54:0.07260431440850915,(60,(7,(194,70)0.91:0.20334738603269237)1:0.39400000615336184)0.6:0.07985907258402752)1:0.6565553149876405)0.96:0.2512689287109922)1:0.5994537109002285)0.92:0.21363299195705415)1:0.6478081941205944)0.69:0.10366501072527132)1:0.477668521859675,(((85,(167,183)1:1.1037289139238315)0.84:0.1560152031606255,((((52,19)1:2.221432071666628,((129,(120,(163,(152,102)1:3.4425626724880938)0.83:0.153740193768691)0.92:0.20484299259343486)0.9:0.18568613888004226,((159,72)1:2.835820907463299,(103,((116,66)1:1.6841047944919278,(111,(160,(113,43)1:1.6504884522644578)0.99:0.3154587355317479)1:0.44357527014512405)1:1.3615446735012933)1:0.8120222644899291)0.85:0.1642189007512066)0.59:0.07985952664585157)1:0.640603057493676,((137,((157,48)1:1.861167011330623,(114,(190,(178,112)0.98:0.3088658530367093)1:0.9499640365892436)1:2.1575060093412652)0.5:0.044010821153779425)0.9:0.20773406180716475,((79,(115,(98,(63,154)0.73:0.12138034740126082)0.37:0.0032034197175377006)1:2.626358321905566)1:0.7269188598618597,((175,(96,199)1:1.6769281540365168)1:0.3580241145743522,(14,(50,124)1:0.9538236465931588)1:1.1673943284960895)1:0.5178925126633698)1:1.260080603763402)1:0.534191231808952)1:0.7738626136450646,(0,((54,((195,88)1:3.5111703591221923,(125,(104,89)0.44:0.028170876966696335)0.91:0.19726831051275756)1:0.6919720725666074)1:1.9178485334425368,(((5,(184,(187,86)1:1.039712615382237)1:0.9941554358935212)1:1.2598212280292718,(((18,135)0.7:0.1058902214580932,(25,(21,140)1:0.6921997622039052)1:1.5825451598838902)1:0.5644288494547276,(((64,141)1:2.876489314625614,(73,((130,149)1:1.4344048469775454,(109,((123,(94,127)0.95:0.24986744634179917)1:1.5790624743647939,(95,(80,65)1:0.5627117044603621)1:0.7550029391760656)1:0.4642232992554411)1:0.6366715603477724)0.88:0.177987657765965)0.96:0.25282970191271753)1:1.4551611884560047,(47,(20,(92,((164,(38,170)1:0.46561635713469485)1:0.5473245061697796,((147,(3,83)0.98:0.30669047767151425)1:0.7221372610466299,(128,(55,132)1:2.0953918407405356)0.96:0.24537077653270473)1:2.22549831881937)1:0.5641393510126814)0.91:0.1982887691492968)1:0.7253393171147116)0.46:0.03359952168155057)0.84:0.15964315702449558)0.72:0.12396487783868904)1:0.9777472984782934,((((179,58)1:0.8399718202951304,(189,(39,143)1:0.8574502318512215)1:1.905031579049202)1:2.260121331564224,((87,(148,(84,165)1:0.4023652916148648)1:1.8689380229194072)1:0.3809130870187481,(((171,53)1:0.8759929042164861,(91,(69,11)1:0.7572894266774706)0.67:0.09620097342246016)1:0.972024007930106,((71,(59,(29,146)1:1.9149222352066033)0.49:0.04181519321515766)0.91:0.2056891866465465,(15,(119,(142,188)0.85:0.16953641491830648)1:1.1534683380348285)1:1.4330864189774142)1:0.6901647418043878)1:0.5138084845727592)1:2.051801935939591)0.43:0.02875074287410075,(((8,(23,(138,81)1:1.6290939377367357)0.98:0.2901028926777986)1:2.1487472443441944,(30,(6,(24,(122,(136,(139,107)1:0.40005259255022835)1:1.2417249904146874)0.82:0.14882706469997056)0.77:0.1311604463689053)1:1.193616269146409)1:0.9898134184860734)1:0.7580205360231238,((166,33)1:2.00520890456304,(((185,197)1:1.046732780270719,(74,177)1:0.641169602530261)1:1.7392514608285574,((32,181)1:2.4979116870054896,((68,57)1:2.080085751443244,(56,(26,100)1:1.142140426165036)1:2.5989829345390945)1:0.9623309090152858)1:0.5645128908412667)1:0.44700658773468654)0.87:0.17418887152626797)0.55:0.0627706611132503)0.96:0.2690220089242678)0.36:0.0037723562131356087)0.52:0.04914516487975966)1:0.8895101965413444)1:0.7570874138120222)0.95:0.23417932562900912,(((16,162)1:2.325153656568958,(((155,77)1:1.214496393593901,((153,186)1:0.8217425754396442,(62,((126,196)1:0.5531085256695847,(191,((75,108)1:0.9146475558681055,((2,101)1:0.5794884321684866,(76,(78,12)1:0.883625706255869)0.94:0.23270748893694954)0.77:0.17192763185157756)0.53:0.057503195218626464)0.42:0.03102709505567904)0.95:0.23043636940098897)0.94:0.22783715566283286)1:1.2342941094323794)0.99:0.3453768673643389,(22,((27,(121,(168,(118,144)1:0.4499766255784782)1:0.6619079585147917)0.45:0.03837079590755649)1:0.5821083600296547,(((158,176)1:0.6828952674588881,(31,(9,192)1:2.0816683598419425)0.96:0.2512940383324087)0.85:0.1613331447190014,((49,(97,10)1:0.43732397663583505)1:0.9713261636444656,(28,(1,(156,46)0.99:0.3572297033260819)1:0.4684584586325369)1:0.6616233721038712)1:1.4782709426110332)0.53:0.05375341149032254)0.65:0.09157581223084514)1:0.34880797694021204)1:0.8112327376301073)0.56:0.07454536939065615,(((193,133)1:1.9993988340062994,(51,(37,110)0.86:0.18257957137320957)1:0.7307227787896152)1:1.7209184813057634,(169,(67,41)0.39:0.011428695823622631)1:2.377667998907304)1:1.7620369346396578)0.65:0.08936507648552498)0.62:0.07874784659423224)0.64:0.1159134346325065)1:1.4904100902299102)0.44:0.029075337040129132));
Weight calculation took 2.627364509 secs
ASTRAL finished in 13.202 secs
