
================== ASTRAL ===================== 

This is ASTRAL version 5.7.8
Gene trees are treated as unrooted
874 trees read from Dataset/AstralII_data/model.200.2000000.0.000001/19/estimatedgenetre.halfresolved
index0
All output trees will be *arbitrarily* rooted at 82

======== Running the main analysis
Number of taxa: 201 (201 species)
Taxa: [82, 13, 173, 172, 42, 193, 133, 37, 51, 110, 167, 183, 114, 190, 178, 112, 137, 157, 48, 115, 98, 63, 154, 79, 96, 199, 175, 14, 50, 124, 120, 152, 102, 163, 129, 52, 19, 159, 72, 103, 111, 116, 66, 160, 113, 43, 0, 54, 104, 125, 195, 88, 89, 166, 33, 68, 57, 56, 26, 100, 32, 181, 185, 197, 74, 177, 8, 23, 138, 81, 189, 39, 143, 179, 58, 71, 29, 146, 59, 148, 84, 165, 15, 142, 119, 188, 87, 171, 53, 91, 69, 11, 25, 21, 140, 3, 83, 147, 128, 55, 132, 164, 38, 170, 130, 149, 18, 64, 141, 135, 92, 20, 47, 5, 184, 187, 86, 73, 109, 95, 80, 65, 123, 94, 127, 30, 122, 6, 139, 107, 136, 24, 85, 169, 41, 67, 44, 35, 151, 198, 61, 105, 4, 17, 200, 60, 40, 7, 93, 194, 70, 99, 182, 117, 161, 150, 34, 134, 106, 36, 174, 131, 145, 180, 90, 45, 22, 31, 9, 192, 118, 144, 27, 168, 121, 49, 97, 10, 28, 1, 156, 46, 158, 176, 2, 101, 76, 191, 75, 108, 78, 12, 126, 62, 196, 153, 186, 155, 77, 16, 162]
Taxon occupancy: {110=874, 111=874, 112=874, 113=874, 114=874, 115=874, 116=874, 117=874, 118=874, 119=874, 10=874, 11=874, 12=874, 13=874, 14=874, 15=874, 16=874, 17=874, 18=874, 19=874, 120=874, 0=874, 121=874, 122=874, 1=874, 123=874, 2=874, 124=874, 3=874, 125=874, 4=874, 5=874, 126=874, 127=874, 6=874, 128=874, 7=874, 129=874, 8=874, 9=874, 20=874, 21=874, 22=874, 23=874, 24=874, 25=874, 26=874, 27=874, 28=874, 29=874, 130=874, 131=874, 132=874, 133=874, 134=874, 135=874, 136=874, 137=874, 138=874, 139=874, 30=874, 31=874, 32=874, 33=874, 34=874, 35=874, 36=874, 37=874, 38=874, 39=874, 140=874, 141=874, 142=874, 143=874, 144=874, 145=874, 146=874, 147=874, 148=874, 149=874, 40=874, 41=874, 42=874, 43=874, 44=874, 45=874, 46=874, 47=874, 48=874, 49=874, 150=874, 151=874, 152=874, 153=874, 154=874, 155=874, 156=874, 157=874, 158=874, 159=874, 50=874, 51=874, 52=874, 53=874, 54=874, 55=874, 56=874, 57=874, 58=874, 59=874, 160=874, 161=874, 162=874, 163=874, 164=874, 165=874, 166=874, 167=874, 168=874, 169=874, 60=874, 61=874, 62=874, 63=874, 64=874, 65=874, 66=874, 67=874, 68=874, 69=874, 170=874, 171=874, 172=874, 173=874, 174=874, 175=874, 176=874, 177=874, 178=874, 179=874, 70=874, 71=874, 72=874, 73=874, 74=874, 75=874, 76=874, 77=874, 78=874, 79=874, 180=874, 181=874, 182=874, 183=874, 184=874, 185=874, 186=874, 187=874, 188=874, 189=874, 80=874, 81=874, 82=874, 83=874, 84=874, 85=874, 86=874, 87=874, 88=874, 89=874, 190=874, 191=874, 192=874, 193=874, 194=874, 195=874, 196=874, 197=874, 198=874, 199=874, 90=874, 91=874, 92=874, 93=874, 94=874, 95=874, 96=874, 97=874, 98=874, 99=874, 200=874, 100=874, 101=874, 102=874, 103=874, 104=874, 105=874, 106=874, 107=874, 108=874, 109=874}
Number of gene trees: 874
0 trees have missing taxa
Calculating quartet distance matrix (for completion of X)
Species tree distances calculated ...
Building set of clusters (X) from gene trees 
------------------------------
gradient0: 52523
Number of Clusters after addition by distance: 52523
calculating extra bipartitions to be added at level 1 ...
Adding to X using resolutions of greedy consensus ...
Limit for sigma of degrees:5075
polytomy size limit : 14
discarded polytomies:  [3, 3, 3, 3, 3, 3, 3, 3, 3, 3, 3, 3, 3, 3, 3, 3, 3, 4, 4, 4, 4, 4, 4, 4, 4, 4, 5, 5, 5, 5, 6, 6, 7, 7, 8, 8, 8, 8, 14]
Threshold 0.0:
Threshold 0.01:
Threshold 0.02:
Threshold 0.05:
polytomy of size 3; rounds with additions with at least 5 support: 0; clusters: 52523
polytomy of size 3; rounds with additions with at least 5 support: 0; clusters: 52523
polytomy of size 4; rounds with additions with at least 5 support: 0; clusters: 52523
Threshold 0.1:
polytomy of size 5; rounds with additions with at least 5 support: 0; clusters: 52523
polytomy of size 3; rounds with additions with at least 5 support: 0; clusters: 52523
polytomy of size 3; rounds with additions with at least 5 support: 0; clusters: 52523
polytomy of size 3; rounds with additions with at least 5 support: 0; clusters: 52523
polytomy of size 3; rounds with additions with at least 5 support: 0; clusters: 52523
polytomy of size 5; rounds with additions with at least 5 support: 0; clusters: 52523
Threshold 0.2:
polytomy of size 6; rounds with additions with at least 5 support: 0; clusters: 52523
polytomy of size 5; rounds with additions with at least 5 support: 0; clusters: 52523
polytomy of size 4; rounds with additions with at least 5 support: 0; clusters: 52523
polytomy of size 8; rounds with additions with at least 5 support: 0; clusters: 52523
polytomy of size 4; rounds with additions with at least 5 support: 0; clusters: 52523
polytomy of size 3; rounds with additions with at least 5 support: 0; clusters: 52523
polytomy of size 3; rounds with additions with at least 5 support: 0; clusters: 52523
polytomy of size 3; rounds with additions with at least 5 support: 0; clusters: 52523
polytomy of size 6; rounds with additions with at least 5 support: 0; clusters: 52523
polytomy of size 7; rounds with additions with at least 5 support: 0; clusters: 52523
Threshold 0.3333333333333333:
polytomy of size 3; rounds with additions with at least 5 support: 0; clusters: 52523
polytomy of size 4; rounds with additions with at least 5 support: 0; clusters: 52523
polytomy of size 4; rounds with additions with at least 5 support: 0; clusters: 52523
polytomy of size 3; rounds with additions with at least 5 support: 0; clusters: 52523
polytomy of size 4; rounds with additions with at least 5 support: 0; clusters: 52523
polytomy of size 3; rounds with additions with at least 5 support: 0; clusters: 52523
polytomy of size 5; rounds with additions with at least 5 support: 0; clusters: 52523
polytomy of size 3; rounds with additions with at least 5 support: 0; clusters: 52523
polytomy of size 8; rounds with additions with at least 5 support: 0; clusters: 52523
polytomy of size 8; rounds with additions with at least 5 support: 0; clusters: 52523
polytomy of size 8; rounds with additions with at least 5 support: 0; clusters: 52523
polytomy of size 7; rounds with additions with at least 5 support: 0; clusters: 52523
polytomy of size 4; rounds with additions with at least 5 support: 0; clusters: 52523
polytomy of size 4; rounds with additions with at least 5 support: 0; clusters: 52523
polytomy of size 3; rounds with additions with at least 5 support: 0; clusters: 52523
polytomy of size 4; rounds with additions with at least 5 support: 0; clusters: 52523
polytomy of size 3; rounds with additions with at least 5 support: 0; clusters: 52523
polytomy of size 3; rounds with additions with at least 5 support: 0; clusters: 52523
polytomy of size 14; rounds with additions with at least 5 support: 0; clusters: 52523
polytomy of size 3; rounds with additions with at least 5 support: 0; clusters: 52523
max k is :0
Number of Clusters after addition by greedy: 52523
gradient0 in heuristiic: 52523
partitions formed in 37.558 secs
Dynamic Programming starting after 37.558 secs
Using tree-based weight calculation.
Using polytree-based weight calculation.
Polytree max score: 57583736163
Polytree building time: 2.428 seconds.
Number of quartet trees in the gene trees: 57583736163
Size of largest cluster: 201
Greedy score: 41161440127
estimationFactor: 1.3989728246954054
Sub-optimal score: 42665667081
Calculated 100000 weights; time (seconds): 241
Calculated 200000 weights; time (seconds): 200
Total Number of elements weighted: 208031
Normalized score (portion of input quartet trees satisfied before correcting for multiple individuals): 0.7884550192172636
Optimization score: 45402185803
Optimal tree inferred in 458.147 secs.
(22,(((49,(97,10)),(28,(1,(156,46)))),((((158,176),(31,(9,192))),(121,(27,(168,(118,144))))),(((155,77),((153,186),(62,((126,196),((191,(75,108)),((2,101),(76,(78,12)))))))),(((41,(169,67)),((193,133),(51,(37,110)))),((16,162),((((13,(82,173)),((180,(90,45)),(36,(131,(174,145))))),((151,(198,61)),((17,200),(((172,42),((44,35),(105,4))),((117,(150,(161,(34,134)))),(182,(106,(99,((60,40),(93,(194,(7,70)))))))))))),((85,(167,183)),(((((52,19),(129,(120,(163,(152,102))))),((159,72),(103,((116,66),(111,(160,(113,43))))))),(((137,(157,48)),(114,(190,(178,112)))),((79,(154,(115,(98,63)))),((175,(96,199)),(14,(50,124)))))),(0,(((5,(184,(187,86))),((18,(135,(25,(21,140)))),((20,(92,((164,(38,170)),((128,(55,132)),(147,(3,83)))))),(47,((64,141),((73,(130,149)),(109,((95,(80,65)),(123,(94,127)))))))))),((54,((195,88),(125,(104,89)))),((((179,58),(189,(39,143))),((87,(148,(84,165))),(((171,53),(91,(69,11))),((71,(59,(29,146))),(15,(119,(142,188))))))),((((185,197),(74,177)),((32,181),((68,57),(56,(26,100))))),((166,33),((8,(23,(138,81))),(30,(6,(24,(122,(136,(139,107))))))))))))))))))))));
Final quartet score is: 45402185803
Final normalized quartet score is: 0.7884550192172636
Extended species tree:
(82,(173,(13,(((180,(90,45)0.78:0.03474138357543766)1:0.40724179151016976,(36,(131,(174,145)1:0.1908398606074229)1:0.5192668011135281)1:1.1971095993297607)1:2.491092818247623,(((151,(198,61)1:0.5081443558230184)1:3.003986889951092,((17,200)1:2.7602329618407637,(((172,42)1:2.283188358669271,((44,35)1:3.3229580904453675,(105,4)1:3.0604285220163963)0.98:0.061594246484333356)1:0.12870463954871897,((117,(150,(161,(34,134)1:0.3693969965566124)1:0.3253071352085267)1:1.1293446535658338)1:0.6052380817763786,(182,(106,(99,((60,40)1:0.11310849277431709,(93,(194,(7,70)0.92:0.049285021103388456)1:0.6525719125094046)0.73:0.03699180657872399)1:0.7574078726899022)1:0.20645311059265745)1:0.7724422310872968)1:0.2605459883410797)1:0.799307649884807)0.96:0.055775146395702684)1:0.3355988664318191)1:0.4797191388210989,(((85,(167,183)1:1.5395762663858243)1:0.16961103210041825,(((((52,19)1:3.371409422123024,(129,(120,(163,(152,102)1:2.959544330129983)1:0.1230016080461236)1:0.22431180537799056)1:0.15293118766342956)1:0.26967852426199973,((159,72)1:3.7198004092814094,(103,((116,66)1:1.5752924420057595,(111,(160,(113,43)1:1.239671180682448)1:0.27128990839391287)1:0.36680850888177374)1:1.691514482325034)1:0.7207385666131167)1:0.1369769716351227)1:0.7877574373243239,(((137,(157,48)1:1.2998257344871802)0.57:0.020294933390452897,(114,(190,(178,112)1:0.3317329039060706)1:0.8703872589069651)1:2.268774390441731)1:0.17306817945073258,((79,(154,(115,(98,63)0.73:0.02955249140678791)0.46:0.01064191797949562)1:2.567052107639795)1:0.8178595987707393,((175,(96,199)1:2.193843826660994)1:0.6113164515440999,(14,(50,124)1:1.7005983177632518)1:0.9506131348570959)1:0.7395130333953026)1:1.0941585236417624)1:0.6167736636602437)1:0.8069343994441488,(0,(((5,(184,(187,86)1:0.9340658250537595)1:1.2828751351926382)1:1.4529280637856845,((18,(135,(25,(21,140)1:0.43712567142439457)1:2.4280867481318866)1:0.20584206120745802)1:0.686336344310127,((20,(92,((164,(38,170)1:0.3991361385814615)1:0.769619671823575,((128,(55,132)1:1.7845907266002987)1:0.0786104552315307,(147,(3,83)1:0.5492096709780452)1:0.6812590402048727)1:2.377720190849418)1:0.6445970457215905)1:0.2432645357521928)1:0.7809744097640514,(47,((64,141)1:3.3017295247131186,((73,(130,149)1:2.0171229221166054)1:0.0895293510823089,(109,((95,(80,65)1:0.5827194583168029)1:0.7845090224198522,(123,(94,127)1:0.17896196868798472)1:1.2826450609404718)1:0.6562894767305946)1:0.608161512702703)1:0.22084260311287263)1:1.1838568885402365)1:0.18637363167320875)1:0.20267540037440662)0.59:0.0187521483349253)1:1.236249219384839,((54,((195,88)1:2.990035030664309,(125,(104,89)1:0.16034404855700046)1:0.08836087826780374)1:0.6738776806247728)1:2.6845326853300557,((((179,58)1:0.8356514000871675,(189,(39,143)1:0.8827016455985067)1:2.3455488422322106)1:2.326720684652814,((87,(148,(84,165)1:0.6217723509786208)1:2.3824277537468177)1:0.242989971283411,(((171,53)1:0.6779712122384103,(91,(69,11)1:0.6154934430854047)0.84:0.0382343286591641)1:0.9066414477712759,((71,(59,(29,146)1:2.003114138785759)0.94:0.05325719903573652)1:0.196313084121655,(15,(119,(142,188)0.99:0.06739232238569202)1:1.3129895241826246)1:1.3915752086492652)1:1.093438026005319)1:0.46177895462893126)1:2.0251229706844165)0.76:0.03166375424797986,((((185,197)1:1.5460724453532022,(74,177)1:1.0027494224804465)1:2.3169329848189135,((32,181)1:3.1961844420641077,((68,57)1:3.5033625776703143,(56,(26,100)1:1.0461347970482202)1:2.7843294043336653)1:0.7084305029527399)1:0.34274197179696797)1:0.5536221617588569,((166,33)1:3.7649076928288974,((8,(23,(138,81)1:2.2197888194916846)1:0.1826229668062552)1:2.963188581797143,(30,(6,(24,(122,(136,(139,107)1:0.4441083931350821)1:1.5991166248412327)1:0.2781635599413974)1:0.2196275607230737)1:1.1773565566311)1:1.3900321396312219)1:0.6822435840128876)1:0.10868881689878872)1:0.19199410046333606)1:0.24491214577763012)0.99:0.07064762807969002)0.92:0.04732223094239373)1:1.082298518891424)1:0.6227280392163596)1:0.3550095008385018,((16,162)1:2.2298684366308685,(((41,(169,67)1:0.09623294217122098)1:3.071297839496285,((193,133)1:1.9802796713917523,(51,(37,110)1:0.2561511678873806)1:0.6925448749513667)1:1.138440389645209)1:1.4920661134582929,(((155,77)1:1.6183833615806773,((153,186)1:1.0994341584920153,(62,((126,196)1:0.4376034555303752,((191,(75,108)1:0.8881287880917074)1:0.10706106497477905,((2,101)1:0.718321406856566,(76,(78,12)1:0.7360386973021511)1:0.3819778496862549)1:0.10937335000504703)1:0.1173095581641769)1:0.10499668819659833)1:0.32671252103259146)1:1.1252144534512556)1:0.5304520870552522,((((158,176)1:0.5878225051562027,(31,(9,192)1:1.97402372408934)1:0.5039340886402217)1:0.4608247765423969,(121,(27,(168,(118,144)1:0.830082011688344)1:0.7706783358708175)1:0.09826558616414459)1:0.5391309366816032)0.42:0.007602236818139822,(((49,(97,10)1:0.4396973690340347)1:1.0467329740759848,(28,(1,(156,46)1:0.29352490430499817)1:0.3613655689994638)1:1.0377447966984008)1:1.540420752890799,22)0.69:0.026226748824092868)1:0.38383633504721565)1:1.0632136712843634)0.51:0.017475683577534065)0.52:0.014179910474710913)1:0.11299704417932863)0.97:0.05831266494041003)1:2.0501226626264266)0.56:0.016487146537614197));
Weight calculation took 400.529627179 secs
ASTRAL finished in 467.246 secs
