
================== ASTRAL ===================== 

This is ASTRAL version 5.7.8
Gene trees are treated as unrooted
1000 trees read from Dataset/AstralII_data/model.200.500000.0.000001/27/estimatedgenetre.halfresolved
index0
All output trees will be *arbitrarily* rooted at 8

======== Running the main analysis
Number of taxa: 201 (201 species)
Taxa: [8, 134, 102, 145, 123, 93, 126, 81, 66, 6, 170, 197, 118, 89, 47, 163, 44, 96, 104, 153, 14, 16, 42, 95, 124, 110, 64, 3, 94, 194, 62, 114, 116, 160, 24, 18, 27, 125, 188, 135, 75, 159, 178, 169, 192, 142, 185, 120, 181, 168, 31, 13, 155, 43, 68, 154, 79, 83, 108, 17, 51, 195, 69, 101, 85, 147, 53, 187, 193, 82, 84, 115, 111, 65, 49, 41, 21, 164, 198, 136, 174, 59, 80, 87, 78, 107, 196, 57, 61, 186, 2, 151, 11, 131, 46, 23, 152, 39, 7, 97, 71, 98, 12, 138, 129, 177, 139, 73, 105, 161, 33, 50, 179, 100, 112, 48, 146, 106, 167, 150, 26, 70, 1, 20, 166, 35, 199, 40, 90, 37, 4, 140, 60, 28, 171, 45, 10, 103, 29, 63, 109, 22, 56, 92, 38, 190, 76, 121, 148, 143, 36, 86, 156, 162, 122, 165, 99, 176, 74, 91, 173, 127, 175, 54, 157, 113, 52, 133, 132, 67, 191, 180, 158, 72, 55, 9, 88, 58, 144, 32, 19, 172, 5, 117, 137, 141, 25, 200, 30, 130, 189, 15, 119, 149, 128, 183, 77, 34, 184, 182, 0]
Taxon occupancy: {110=1000, 111=1000, 112=1000, 113=1000, 114=1000, 115=1000, 116=1000, 117=1000, 118=1000, 119=1000, 10=1000, 11=1000, 12=1000, 13=1000, 14=1000, 15=1000, 16=1000, 17=1000, 18=1000, 19=1000, 120=1000, 121=1000, 0=1000, 1=1000, 122=1000, 123=1000, 2=1000, 124=1000, 3=1000, 125=1000, 4=1000, 126=1000, 5=1000, 6=1000, 127=1000, 7=1000, 128=1000, 8=1000, 129=1000, 9=1000, 20=1000, 21=1000, 22=1000, 23=1000, 24=1000, 25=1000, 26=1000, 27=1000, 28=1000, 29=1000, 130=1000, 131=1000, 132=1000, 133=1000, 134=1000, 135=1000, 136=1000, 137=1000, 138=1000, 139=1000, 30=1000, 31=1000, 32=1000, 33=1000, 34=1000, 35=1000, 36=1000, 37=1000, 38=1000, 39=1000, 140=1000, 141=1000, 142=1000, 143=1000, 144=1000, 145=1000, 146=1000, 147=1000, 148=1000, 149=1000, 40=1000, 41=1000, 42=1000, 43=1000, 44=1000, 45=1000, 46=1000, 47=1000, 48=1000, 49=1000, 150=1000, 151=1000, 152=1000, 153=1000, 154=1000, 155=1000, 156=1000, 157=1000, 158=1000, 159=1000, 50=1000, 51=1000, 52=1000, 53=1000, 54=1000, 55=1000, 56=1000, 57=1000, 58=1000, 59=1000, 160=1000, 161=1000, 162=1000, 163=1000, 164=1000, 165=1000, 166=1000, 167=1000, 168=1000, 169=1000, 60=1000, 61=1000, 62=1000, 63=1000, 64=1000, 65=1000, 66=1000, 67=1000, 68=1000, 69=1000, 170=1000, 171=1000, 172=1000, 173=1000, 174=1000, 175=1000, 176=1000, 177=1000, 178=1000, 179=1000, 70=1000, 71=1000, 72=1000, 73=1000, 74=1000, 75=1000, 76=1000, 77=1000, 78=1000, 79=1000, 180=1000, 181=1000, 182=1000, 183=1000, 184=1000, 185=1000, 186=1000, 187=1000, 188=1000, 189=1000, 80=1000, 81=1000, 82=1000, 83=1000, 84=1000, 85=1000, 86=1000, 87=1000, 88=1000, 89=1000, 190=1000, 191=1000, 192=1000, 193=1000, 194=1000, 195=1000, 196=1000, 197=1000, 198=1000, 199=1000, 90=1000, 91=1000, 92=1000, 93=1000, 94=1000, 95=1000, 96=1000, 97=1000, 98=1000, 99=1000, 200=1000, 100=1000, 101=1000, 102=1000, 103=1000, 104=1000, 105=1000, 106=1000, 107=1000, 108=1000, 109=1000}
Number of gene trees: 1000
0 trees have missing taxa
Calculating quartet distance matrix (for completion of X)
Species tree distances calculated ...
Building set of clusters (X) from gene trees 
------------------------------
gradient0: 221125
Number of Clusters after addition by distance: 221125
calculating extra bipartitions to be added at level 1 ...
Adding to X using resolutions of greedy consensus ...
Limit for sigma of degrees:5075
polytomy size limit : 69
discarded polytomies: 87 142 171  [3, 3, 3, 3, 3, 3, 4, 4, 18, 35, 45, 69, 87, 142, 171]
Threshold 0.0:
polytomy of size 18; rounds with additions with at least 5 support: 25; clusters: 224977
Threshold 0.01:
polytomy of size 35; rounds with additions with at least 5 support: 12; clusters: 242817
Threshold 0.02:
polytomy of size 45; rounds with additions with at least 5 support: 4; clusters: 272371
Threshold 0.05:
polytomy of size 3; rounds with additions with at least 5 support: 0; clusters: 272371
polytomy of size 69; rounds with additions with at least 5 support: 2; clusters: 272581
Threshold 0.1:
polytomy of size 4; rounds with additions with at least 5 support: 0; clusters: 272581
polytomy of size 3; rounds with additions with at least 5 support: 0; clusters: 272581
polytomy of size 3; rounds with additions with at least 5 support: 0; clusters: 272581
polytomy of size 4; rounds with additions with at least 5 support: 0; clusters: 272581
polytomy of size 87; rounds with additions with at least 5 support: 0; clusters: 272603
Threshold 0.2:
polytomy of size 3; rounds with additions with at least 5 support: 0; clusters: 272603
polytomy of size 142; rounds with additions with at least 5 support: 0; clusters: 272651
Threshold 0.3333333333333333:
polytomy of size 3; rounds with additions with at least 5 support: 0; clusters: 272651
polytomy of size 3; rounds with additions with at least 5 support: 0; clusters: 272651
polytomy of size 171; rounds with additions with at least 5 support: 0; clusters: 272653
max k is :50
Number of Clusters after addition by greedy: 272653
gradient0 in heuristiic: 272653
partitions formed in 416.095 secs
Dynamic Programming starting after 416.095 secs
Using tree-based weight calculation.
Using polytree-based weight calculation.
Polytree max score: 65716201923
Polytree building time: 3.392 seconds.
Number of quartet trees in the gene trees: 65716201923
Size of largest cluster: 201
Greedy score: 26250599370
estimationFactor: 2.5034171980889135
Sub-optimal score: 26296199797
Calculated 100000 weights; time (seconds): 995
Calculated 200000 weights; time (seconds): 601
Calculated 300000 weights; time (seconds): 682
Calculated 400000 weights; time (seconds): 568
Calculated 500000 weights; time (seconds): 575
Total Number of elements weighted: 583915
Normalized score (portion of input quartet trees satisfied before correcting for multiple individuals): 0.4174700440257517
Optimization score: 27434545710
Optimal tree inferred in 3904.078 secs.
(52,((113,133),((132,(191,(157,(127,67)))),((175,54),((((137,141),((40,90),(32,(172,(19,117))))),((23,129),(((46,98),(71,(7,97))),((138,5),(12,(44,(152,39))))))),((((30,130),((136,174),(198,151))),(186,(57,((61,35),(29,(166,199)))))),((14,((92,(76,((43,68),((148,36),(121,143))))),(((59,107),(8,(80,(60,(87,78))))),((195,131),((95,(83,(42,154))),((51,69),(108,(16,(79,17))))))))),(0,((((158,72),(144,((55,58),(9,88)))),(((56,25),(200,(45,(124,171)))),((38,190),((182,(34,184)),(77,(142,183)))))),(((10,103),(((110,64),(180,189)),(15,(63,(13,(192,119)))))),((22,86),((96,(((102,((156,162),(122,(165,99)))),((149,128),(176,(140,((91,173),(4,74)))))),(((115,(111,65)),(49,(193,82))),((177,139),(((106,167),(48,146)),((112,(50,(179,100))),((73,161),(84,(105,33))))))))),((((27,(125,188)),(101,((134,(53,187)),(26,(150,(70,1)))))),((196,((185,155),(168,31))),(((41,21),(85,147)),(164,((104,(20,37)),(28,(153,2))))))),(((109,(93,(126,(6,(81,66))))),(163,((145,178),((123,(89,47)),(170,(197,118)))))),(((135,120),(159,(75,181))),((169,(3,94)),((11,(62,(114,116))),(160,(194,(24,18))))))))))))))))))));
Final quartet score is: 27434545710
Final normalized quartet score is: 0.4174700440257517
Extended species tree:
(8,((80,(60,(87,78)1:0.8844153702029065)0.61:0.018980542316013666)1:0.17394764984861788,((59,107)1:0.8688050226190769,(((195,131)1:0.14050259434442774,((95,(83,(42,154)1:0.34091745866032636)0.83:0.0376053846953011)1:0.5694346272098864,((51,69)1:0.1939683637650611,(108,(16,(79,17)1:0.15265239624756022)1:0.09240890205354745)0.36:0.0013733881499282236)1:0.1293712188625537)1:0.10755938236047283)1:0.26320595566362404,((92,(76,((43,68)1:0.09660140526363192,((148,36)0.6:0.020910227541069314,(121,143)1:0.0766123369117628)0.93:0.045728661514207854)1:0.3024769798030581)1:0.5020341382972818)0.98:0.056625659981352404,(14,((0,((((158,72)1:1.2107349552697888,(144,((55,58)1:0.48821945694539176,(9,88)1:0.1595815279876597)1:0.345630363528733)1:0.14698250589309259)1:0.17423709701500467,(((56,25)1:0.5668730961623668,(200,(45,(124,171)0.99:0.06609785796785995)1:0.348184387153602)0.76:0.028980963363850212)1:0.29181134600654557,((38,190)1:0.5380649209412107,((182,(34,184)0.9:0.046771650802234895)1:1.0974992350661663,(77,(142,183)1:0.0883246499613892)1:0.4146096633966407)0.99:0.06466163139098027)1:0.18612309873102073)1:0.10613373983717474)0.37:0.002510212613290364,(((10,103)1:1.0307297721954998,(((110,64)1:0.5023800751193159,(180,189)1:0.8634304268632884)0.6:0.018879416678082923,(15,(63,(13,(192,119)1:0.2801938988921296)1:0.24283222917098427)0.85:0.035988299402871016)1:0.17958825488924465)1:0.08490707828990983)1:0.1657835310374598,((22,86)1:0.13802228397727792,((96,(((102,((156,162)1:0.7785309096586381,(122,(165,99)1:0.5535281953848777)1:0.2101936031894045)1:0.3917181904924917)0.85:0.03622073162852418,((149,128)1:0.1555247029221419,(176,(140,((91,173)1:0.7520927849629877,(4,74)1:0.31817519734047955)1:0.12040210437452206)0.36:0.001440356790571698)1:0.14211071299564695)1:0.08532966617690825)1:0.16490535692904087,(((115,(111,65)1:0.8611553038195402)1:0.2800730656434847,(49,(193,82)1:1.0658474146443173)1:0.07283578942117132)0.93:0.04595411056803897,((177,139)1:1.2061413212119856,(((106,167)1:0.6672041320182779,(48,146)1:0.13965539198961485)0.92:0.044054264017216474,((112,(50,(179,100)1:0.2834233351858763)0.52:0.018455656705717177)1:0.8103823132598279,((73,161)1:0.3373111281146504,(84,(105,33)1:0.40779989911657416)0.45:0.010433750926769344)1:0.40400868042662813)0.94:0.04679962873053498)1:0.0734906088322992)0.99:0.061901701570472534)0.97:0.05462055982541793)0.44:0.00843551084983734)0.45:0.009103255249130917,((((27,(125,188)1:0.17733884528912242)1:1.0313272798835165,(101,((134,(53,187)1:0.2336060365917097)1:0.5621792083853571,(26,(150,(70,1)0.98:0.06039450703328946)1:0.20734760300016064)1:0.16495822765762197)1:0.26650523371680007)1:0.08825619618906833)0.73:0.026432568664435746,((196,((185,155)1:0.585436904653529,(168,31)1:0.2002835224597053)1:0.26051949463638213)1:0.3126373798129132,(((41,21)1:0.5941805867944159,(85,147)1:0.40346480602591445)1:0.62117549835754,(164,((104,(20,37)1:0.17126312955727432)0.91:0.042490102592026104,(28,(153,2)1:0.5436783429764409)1:0.48703717724818113)0.48:0.011174018082414318)1:0.15103517477791206)0.72:0.025750688740329254)1:0.08518078185383024)0.35:0.0012795527216240012,(((109,(93,(126,(6,(81,66)0.99:0.06896693741974466)0.68:0.02350618877773667)0.94:0.04835878885686761)1:0.10446069503908445)1:0.17199295775085874,(163,((145,178)1:0.1505698300998012,((123,(89,47)1:0.08259810229763437)1:0.18690073714709043,(170,(197,118)1:0.21374218527852004)1:0.14152207065921182)1:0.3358465207068682)0.61:0.019199661650874777)1:0.1922253497263811)1:0.22170943726379724,(((135,120)1:0.13842686689314973,(159,(75,181)1:0.4500715366952303)1:0.29613233019726026)1:0.5009692066252136,((169,(3,94)1:0.5939210706678126)1:0.12847685112374077,((11,(62,(114,116)1:0.08069788052913915)1:0.07832324382238948)1:0.2745367775425247,(160,(194,(24,18)1:0.07808590819110026)1:0.5511260843032056)1:0.22794529767198785)1:0.2605944496109494)0.96:0.05050246107716965)0.99:0.06758181400202692)0.85:0.035865645225925565)0.63:0.02026646031268294)0.55:0.01478471325697582)0.46:0.009992023901405914)0.51:0.01280455804831366)0.23:0.0)0.63:0.020250609846887528,((((30,130)1:1.0501022520562644,((136,174)1:0.32618342606224965,(198,151)1:0.2802630661377682)1:0.5776204966319126)1:0.08628744205524636,(186,(57,((61,35)1:0.2548264547322831,(29,(166,199)1:0.44134116313823046)1:0.2265735931914124)0.96:0.05590777731307178)1:0.09559979004304053)1:0.44478234209478296)1:0.10116095802374678,((((137,141)1:0.44179816206623623,((40,90)0.92:0.04360707701015408,(32,(172,(19,117)1:0.235390437028015)1:0.14844706298151564)1:0.11380871009735498)1:0.22229382617888074)1:0.11586923726135989,((23,129)1:0.372305162208667,(((46,98)1:0.14733287689766228,(71,(7,97)1:0.12785323409488156)1:0.244690851984919)0.91:0.042339188202772826,((138,5)1:0.24591003564790065,(12,(44,(152,39)1:0.691250973958114)0.99:0.06941837804637482)0.9:0.041747224604220964)1:0.10545864405659262)1:0.1033060118329849)0.64:0.020607888141916417)1:0.07643490865694486,((175,54)1:0.15330604126079794,((132,(191,(157,(127,67)0.79:0.03610403536481433)1:0.10642824853810105)1:0.3443293034540941)1:0.08220933176096734,((113,133)0.97:0.055199560101109206,52)1:0.3589805190902596)1:0.4071391764112477)1:0.17959590235216824)0.99:0.06709491822549192)0.79:0.030777453870994235)0.52:0.013061669527547165)0.98:0.055928706398041574)1:0.0721844379414386)1:0.07871392911632132)1:0.12187033469781332));
Weight calculation took 3146.258386712 secs
ASTRAL finished in 3912.813 secs
