
================== ASTRAL ===================== 

This is ASTRAL version 5.7.8
Gene trees are treated as unrooted
50 trees read from Dataset/AstralII_data/model.200.500000.0.000001/27/estimatedgenetre.halfresolved_50
index0
All output trees will be *arbitrarily* rooted at 8

======== Running the main analysis
Number of taxa: 201 (201 species)
Taxa: [8, 134, 102, 145, 123, 93, 126, 81, 66, 6, 170, 197, 118, 89, 47, 163, 44, 96, 104, 153, 14, 16, 42, 95, 124, 110, 64, 3, 94, 194, 62, 114, 116, 160, 24, 18, 27, 125, 188, 135, 75, 159, 178, 169, 192, 142, 185, 120, 181, 168, 31, 13, 155, 43, 68, 154, 79, 83, 108, 17, 51, 195, 69, 101, 85, 147, 53, 187, 193, 82, 84, 115, 111, 65, 49, 41, 21, 164, 198, 136, 174, 59, 80, 87, 78, 107, 196, 57, 61, 186, 2, 151, 11, 131, 46, 23, 152, 39, 7, 97, 71, 98, 12, 138, 129, 177, 139, 73, 105, 161, 33, 50, 179, 100, 112, 48, 146, 106, 167, 150, 26, 70, 1, 20, 166, 35, 199, 40, 90, 37, 4, 140, 60, 28, 171, 45, 10, 103, 29, 63, 109, 22, 56, 92, 38, 190, 76, 121, 148, 143, 36, 86, 156, 162, 122, 165, 99, 176, 74, 91, 173, 127, 175, 54, 157, 113, 52, 133, 132, 67, 191, 180, 158, 72, 55, 9, 88, 58, 144, 32, 19, 172, 5, 117, 137, 141, 25, 200, 30, 130, 189, 15, 119, 149, 128, 183, 77, 34, 184, 182, 0]
Taxon occupancy: {110=50, 111=50, 112=50, 113=50, 114=50, 115=50, 116=50, 117=50, 118=50, 119=50, 10=50, 11=50, 12=50, 13=50, 14=50, 15=50, 16=50, 17=50, 18=50, 19=50, 120=50, 121=50, 0=50, 1=50, 122=50, 123=50, 2=50, 124=50, 3=50, 125=50, 4=50, 126=50, 5=50, 6=50, 127=50, 7=50, 128=50, 8=50, 129=50, 9=50, 20=50, 21=50, 22=50, 23=50, 24=50, 25=50, 26=50, 27=50, 28=50, 29=50, 130=50, 131=50, 132=50, 133=50, 134=50, 135=50, 136=50, 137=50, 138=50, 139=50, 30=50, 31=50, 32=50, 33=50, 34=50, 35=50, 36=50, 37=50, 38=50, 39=50, 140=50, 141=50, 142=50, 143=50, 144=50, 145=50, 146=50, 147=50, 148=50, 149=50, 40=50, 41=50, 42=50, 43=50, 44=50, 45=50, 46=50, 47=50, 48=50, 49=50, 150=50, 151=50, 152=50, 153=50, 154=50, 155=50, 156=50, 157=50, 158=50, 159=50, 50=50, 51=50, 52=50, 53=50, 54=50, 55=50, 56=50, 57=50, 58=50, 59=50, 160=50, 161=50, 162=50, 163=50, 164=50, 165=50, 166=50, 167=50, 168=50, 169=50, 60=50, 61=50, 62=50, 63=50, 64=50, 65=50, 66=50, 67=50, 68=50, 69=50, 170=50, 171=50, 172=50, 173=50, 174=50, 175=50, 176=50, 177=50, 178=50, 179=50, 70=50, 71=50, 72=50, 73=50, 74=50, 75=50, 76=50, 77=50, 78=50, 79=50, 180=50, 181=50, 182=50, 183=50, 184=50, 185=50, 186=50, 187=50, 188=50, 189=50, 80=50, 81=50, 82=50, 83=50, 84=50, 85=50, 86=50, 87=50, 88=50, 89=50, 190=50, 191=50, 192=50, 193=50, 194=50, 195=50, 196=50, 197=50, 198=50, 199=50, 90=50, 91=50, 92=50, 93=50, 94=50, 95=50, 96=50, 97=50, 98=50, 99=50, 200=50, 100=50, 101=50, 102=50, 103=50, 104=50, 105=50, 106=50, 107=50, 108=50, 109=50}
Number of gene trees: 50
0 trees have missing taxa
Calculating quartet distance matrix (for completion of X)
Species tree distances calculated ...
Building set of clusters (X) from gene trees 
------------------------------
gradient0: 14821
Number of Clusters after addition by distance: 14821
calculating extra bipartitions to be added at level 1 ...
Adding to X using resolutions of greedy consensus ...
Limit for sigma of degrees:5075
polytomy size limit : 68
discarded polytomies: 83 127 170  [3, 3, 3, 3, 3, 4, 4, 4, 4, 7, 32, 32, 32, 68, 83, 127, 170]
Threshold 0.0:
polytomy of size 4; rounds with additions with at least 5 support: 2; clusters: 14841
polytomy of size 32; rounds with additions with at least 5 support: 4; clusters: 33235
Threshold 0.01:
polytomy of size 4; rounds with additions with at least 5 support: 0; clusters: 33235
polytomy of size 32; rounds with additions with at least 5 support: 0; clusters: 50043
Threshold 0.02:
polytomy of size 4; rounds with additions with at least 5 support: 0; clusters: 50043
polytomy of size 32; rounds with additions with at least 5 support: 0; clusters: 66505
Threshold 0.05:
polytomy of size 68; rounds with additions with at least 5 support: 3; clusters: 67687
Threshold 0.1:
polytomy of size 4; rounds with additions with at least 5 support: 0; clusters: 67687
polytomy of size 83; rounds with additions with at least 5 support: 0; clusters: 68253
Threshold 0.2:
polytomy of size 3; rounds with additions with at least 5 support: 0; clusters: 68253
polytomy of size 3; rounds with additions with at least 5 support: 0; clusters: 68253
polytomy of size 7; rounds with additions with at least 5 support: 0; clusters: 68253
polytomy of size 127; rounds with additions with at least 5 support: 0; clusters: 68661
Threshold 0.3333333333333333:
polytomy of size 3; rounds with additions with at least 5 support: 0; clusters: 68661
polytomy of size 3; rounds with additions with at least 5 support: 0; clusters: 68661
polytomy of size 3; rounds with additions with at least 5 support: 0; clusters: 68661
polytomy of size 170; rounds with additions with at least 5 support: 0; clusters: 68741
max k is :8
Number of Clusters after addition by greedy: 68741
gradient0 in heuristiic: 68741
partitions formed in 32.789 secs
Dynamic Programming starting after 32.789 secs
Using tree-based weight calculation.
Using polytree-based weight calculation.
Polytree max score: 3286622142
Polytree building time: 0.107 seconds.
Number of quartet trees in the gene trees: 3286622142
Size of largest cluster: 201
Greedy score: 1276459629
estimationFactor: 2.574795212736023
Sub-optimal score: 1287200975
Calculated 100000 weights; time (seconds): 75
Total Number of elements weighted: 153365
Normalized score (portion of input quartet trees satisfied before correcting for multiple individuals): 0.4291116654322108
Optimization score: 1410327901
Optimal tree inferred in 99.907 secs.
(36,(68,((148,(121,143)),(43,(76,(((8,((59,107),(80,(60,(87,78))))),((195,131),(((95,83),(42,154)),(108,((51,69),(16,(79,17))))))),(((((30,130),((136,174),(198,151))),(57,(186,((61,35),(29,(166,199)))))),(((175,54),((133,(113,52)),(132,(157,(191,(127,67)))))),((23,129),(((137,141),((40,90),(32,(172,(19,117))))),(((46,98),(71,(7,97))),((138,5),(12,(44,(152,39))))))))),((((158,72),(144,((55,58),(9,88)))),((200,((56,25),(45,(124,171)))),((38,190),((34,(184,182)),(183,(142,77)))))),(((14,92),((22,86),(((27,(125,188)),(101,((134,(53,187)),(26,(150,(70,1)))))),(0,(((102,((156,162),(122,(165,99)))),((149,128),(140,(176,((91,173),(4,74)))))),(((115,(111,65)),(49,(193,82))),((177,139),((48,(106,167)),(((73,161),(84,(105,33))),(146,(50,(112,(179,100))))))))))))),((((10,103),(180,189)),((110,64),(15,(63,(13,(192,119)))))),((96,((196,((185,155),(168,31))),(((41,21),(85,147)),((28,(153,2)),(104,(164,(20,37))))))),(((109,(93,(6,(126,(81,66))))),((145,178),(163,((123,(89,47)),(170,(197,118)))))),(((135,120),(159,(75,181))),((169,(3,94)),((11,(62,(114,116))),(160,(24,(194,18))))))))))))))))));
Final quartet score is: 1410327901
Final normalized quartet score is: 0.4291116654322108
Extended species tree:
(8,(((59,107)1:1.259501551733013,(80,(60,(87,78)1:1.0917686677239309)0.52:0.07051378432765813)0.68:0.1186022438920923)0.44:0.031291993618822934,(((195,131)0.74:0.12071227081105369,(((95,83)0.63:0.08701619950886544,(42,154)0.98:0.2888350001921073)1:0.5215242667130995,(108,((51,69)0.82:0.15514526071893509,(16,(79,17)0.7:0.1075068849648374)0.37:0.004514448748530139)0.5:0.04881837258862146)0.65:0.1019215996497955)0.53:0.055831588952780266)0.92:0.20263975225066622,((((((30,130)1:0.6047255132784821,((136,174)0.76:0.154612040850436,(198,151)0.64:0.13430546655274198)1:0.5229582373378686)0.53:0.05913186775566239,(57,(186,((61,35)1:0.4101405500856952,(29,(166,199)0.95:0.24844476509319585)0.95:0.2433410103072569)0.38:0.007826337693316553)0.6:0.0803161768663321)0.98:0.2695685991467689)0.65:0.0937185755978701,(((175,54)0.88:0.17656458286227444,((133,(113,52)0.44:0.0288450021301674)1:0.4030734644156977,(132,(157,(191,(127,67)0.83:0.1662305988011736)0.49:0.05002297337487747)0.96:0.26265224450286556)0.72:0.11201344823165563)0.97:0.26224971577237854)0.93:0.21279841653020326,((23,129)0.98:0.2898978688145453,(((137,141)0.99:0.3157685404257597,((40,90)0.54:0.058156537511143774,(32,(172,(19,117)0.86:0.1879288830671735)0.97:0.25947235977953204)0.75:0.12390450237427898)0.9:0.1896079100810271)0.71:0.10798479841882257,(((46,98)0.9:0.19201978210539258,(71,(7,97)0.98:0.2950814079671982)0.97:0.2560321424339118)0.56:0.06556195957682971,((138,5)0.63:0.08173366713470237,(12,(44,(152,39)1:0.5700315328825805)0.65:0.09077162809247409)0.77:0.13667147665353777)0.73:0.12093026293442494)0.54:0.05800342722532719)0.38:0.005687522916560399)0.45:0.03321508504272854)0.58:0.0715843725472637)0.42:0.020086921672670083,((((158,72)1:1.1164547063309025,(144,((55,58)1:0.5068850662066836,(9,88)0.84:0.16630797917040746)0.97:0.25332977409314505)0.8:0.14969757362902428)0.95:0.23032267046005173,((200,((56,25)0.89:0.20165254848701888,(45,(124,171)0.56:0.06498659544393338)0.93:0.2182180321788971)0.56:0.062439606953130306)0.87:0.17159807092824722,((38,190)1:0.6645011582926807,((34,(184,182)0.39:0.008670206040649114)1:1.0595742435662137,(183,(142,77)0.6:0.10008613483326524)1:0.4916494441966797)0.83:0.15436125227207131)0.89:0.18590079576817928)0.56:0.06243876166603355)0.43:0.02396054813565023,(((14,92)0.33:0.0,((22,86)0.71:0.11218783902027663,(((27,(125,188)0.88:0.193794665620443)1:1.1515015866138125,(101,((134,(53,187)1:0.40977499518036214)1:0.42144180332726744,(26,(150,(70,1)0.95:0.23096709301852214)0.91:0.1979055018025406)0.73:0.13082162330869876)0.99:0.3352851581857924)0.44:0.026093054501763396)0.42:0.020521727556221888,(0,(((102,((156,162)1:0.7551487967531898,(122,(165,99)1:0.6281203487456197)0.79:0.13478116993428269)1:0.3942804380046947)0.45:0.030877027553097878,((149,128)0.83:0.15072633293795318,(140,(176,((91,173)1:0.7684453121162546,(4,74)0.99:0.3057296460318984)0.85:0.161416393553675)0.45:0.042798860159332604)0.72:0.11376936875025377)0.88:0.17749627355228187)0.9:0.18887423619313545,(((115,(111,65)1:0.8036772379113133)0.96:0.24026795697241532,(49,(193,82)1:0.7604149773450637)0.74:0.12045603664041707)0.5:0.04398198496695386,((177,139)1:1.4593648762021516,((48,(106,167)1:0.4966297234849243)0.56:0.06740310066608253,(((73,161)0.91:0.2229124518684738,(84,(105,33)1:0.3813383637105351)0.39:0.010477584907247199)0.99:0.3173856567332446,(146,(50,(112,(179,100)0.99:0.3440016622197072)0.59:0.09253260568255968)1:0.792694697521732)0.56:0.06435702963994977)0.6:0.07688258973311257)0.61:0.07744029099706323)0.41:0.016986566545825813)0.59:0.07259631186637538)0.5:0.04627017543913765)0.34:0.0)0.37:0.003979415891358975)0.4:0.01423615763699201)0.35:0.0,((((10,103)1:0.9798791816849179,(180,189)1:0.8874290397338374)0.37:0.0023026590616201377,((110,64)1:0.7207679546296035,(15,(63,(13,(192,119)0.99:0.3651586081767183)0.97:0.2621854554403143)0.74:0.12023184732334534)0.62:0.08155681801135728)0.58:0.0698859335747118)0.78:0.1332274010814654,((96,((196,((185,155)1:0.8512654980640636,(168,31)0.97:0.25839241233715454)0.91:0.20170595566899954)1:0.39475694375251075,(((41,21)1:0.4841024503621176,(85,147)0.99:0.329721879430935)1:0.6839266255839728,((28,(153,2)1:0.8352720870710971)0.97:0.24831922215928617,(104,(164,(20,37)0.77:0.13284891520509615)0.46:0.033269530210689)0.48:0.037931411248774805)0.71:0.1143989044956799)0.52:0.05118918656721603)0.39:0.009397695516359992)0.35:0.0,(((109,(93,(6,(126,(81,66)0.66:0.0968930645587277)0.42:0.022154623670228128)0.73:0.12501202264262154)0.61:0.07784378357979728)0.73:0.1164097378251856,((145,178)0.96:0.25403586547333457,(163,((123,(89,47)0.53:0.06994920417849235)0.99:0.31887511382112416,(170,(197,118)0.99:0.36813091648194934)0.94:0.2226912629503767)0.97:0.2730214717939947)0.58:0.07058061772609102)0.45:0.03590652106914189)0.89:0.1794834218240127,(((135,120)0.8:0.14360261835973806,(159,(75,181)1:0.43655359265053706)0.65:0.09011729988130249)1:0.518964933338596,((169,(3,94)1:1.3160832153705846)0.89:0.1811293166979345,((11,(62,(114,116)0.62:0.09175888668650628)0.42:0.01941210240135663)0.9:0.19189705241454857,(160,(24,(194,18)0.49:0.053331656691321734)1:0.6950319922329309)0.79:0.14172581391998199)1:0.4182844688994726)0.42:0.019891774643052182)0.42:0.020758233832574996)0.53:0.05302571018413619)0.41:0.017204457915276614)0.36:5.307064496795843E-4)0.38:0.0077186343259686135)0.52:0.051033026413956295)0.64:0.08803451259393216,(76,(43,((148,(121,143)0.94:0.2705912911466701)0.46:0.03705929743623171,(68,36)0.72:0.12082754875515227)0.43:0.02191679981366165)0.99:0.3103994147756074)1:0.4947300617465066)0.75:0.12084702745985644)0.48:0.03960545224637813));
Weight calculation took 50.746962852 secs
ASTRAL finished in 101.162 secs
