
================== ASTRAL ===================== 

This is ASTRAL version 5.7.8
Gene trees are treated as unrooted
200 trees read from Dataset/AstralII_data/model.200.500000.0.000001/27/estimatedgenetre.halfresolved_200
index0
All output trees will be *arbitrarily* rooted at 8

======== Running the main analysis
Number of taxa: 201 (201 species)
Taxa: [8, 134, 102, 145, 123, 93, 126, 81, 66, 6, 170, 197, 118, 89, 47, 163, 44, 96, 104, 153, 14, 16, 42, 95, 124, 110, 64, 3, 94, 194, 62, 114, 116, 160, 24, 18, 27, 125, 188, 135, 75, 159, 178, 169, 192, 142, 185, 120, 181, 168, 31, 13, 155, 43, 68, 154, 79, 83, 108, 17, 51, 195, 69, 101, 85, 147, 53, 187, 193, 82, 84, 115, 111, 65, 49, 41, 21, 164, 198, 136, 174, 59, 80, 87, 78, 107, 196, 57, 61, 186, 2, 151, 11, 131, 46, 23, 152, 39, 7, 97, 71, 98, 12, 138, 129, 177, 139, 73, 105, 161, 33, 50, 179, 100, 112, 48, 146, 106, 167, 150, 26, 70, 1, 20, 166, 35, 199, 40, 90, 37, 4, 140, 60, 28, 171, 45, 10, 103, 29, 63, 109, 22, 56, 92, 38, 190, 76, 121, 148, 143, 36, 86, 156, 162, 122, 165, 99, 176, 74, 91, 173, 127, 175, 54, 157, 113, 52, 133, 132, 67, 191, 180, 158, 72, 55, 9, 88, 58, 144, 32, 19, 172, 5, 117, 137, 141, 25, 200, 30, 130, 189, 15, 119, 149, 128, 183, 77, 34, 184, 182, 0]
Taxon occupancy: {110=200, 111=200, 112=200, 113=200, 114=200, 115=200, 116=200, 117=200, 118=200, 119=200, 10=200, 11=200, 12=200, 13=200, 14=200, 15=200, 16=200, 17=200, 18=200, 19=200, 120=200, 121=200, 0=200, 1=200, 122=200, 123=200, 2=200, 124=200, 3=200, 125=200, 4=200, 126=200, 5=200, 6=200, 127=200, 7=200, 128=200, 8=200, 129=200, 9=200, 20=200, 21=200, 22=200, 23=200, 24=200, 25=200, 26=200, 27=200, 28=200, 29=200, 130=200, 131=200, 132=200, 133=200, 134=200, 135=200, 136=200, 137=200, 138=200, 139=200, 30=200, 31=200, 32=200, 33=200, 34=200, 35=200, 36=200, 37=200, 38=200, 39=200, 140=200, 141=200, 142=200, 143=200, 144=200, 145=200, 146=200, 147=200, 148=200, 149=200, 40=200, 41=200, 42=200, 43=200, 44=200, 45=200, 46=200, 47=200, 48=200, 49=200, 150=200, 151=200, 152=200, 153=200, 154=200, 155=200, 156=200, 157=200, 158=200, 159=200, 50=200, 51=200, 52=200, 53=200, 54=200, 55=200, 56=200, 57=200, 58=200, 59=200, 160=200, 161=200, 162=200, 163=200, 164=200, 165=200, 166=200, 167=200, 168=200, 169=200, 60=200, 61=200, 62=200, 63=200, 64=200, 65=200, 66=200, 67=200, 68=200, 69=200, 170=200, 171=200, 172=200, 173=200, 174=200, 175=200, 176=200, 177=200, 178=200, 179=200, 70=200, 71=200, 72=200, 73=200, 74=200, 75=200, 76=200, 77=200, 78=200, 79=200, 180=200, 181=200, 182=200, 183=200, 184=200, 185=200, 186=200, 187=200, 188=200, 189=200, 80=200, 81=200, 82=200, 83=200, 84=200, 85=200, 86=200, 87=200, 88=200, 89=200, 190=200, 191=200, 192=200, 193=200, 194=200, 195=200, 196=200, 197=200, 198=200, 199=200, 90=200, 91=200, 92=200, 93=200, 94=200, 95=200, 96=200, 97=200, 98=200, 99=200, 200=200, 100=200, 101=200, 102=200, 103=200, 104=200, 105=200, 106=200, 107=200, 108=200, 109=200}
Number of gene trees: 200
0 trees have missing taxa
Calculating quartet distance matrix (for completion of X)
Species tree distances calculated ...
Building set of clusters (X) from gene trees 
------------------------------
gradient0: 51855
Number of Clusters after addition by distance: 51855
calculating extra bipartitions to be added at level 1 ...
Adding to X using resolutions of greedy consensus ...
Limit for sigma of degrees:5075
polytomy size limit : 67
discarded polytomies: 89 138 171  [3, 3, 3, 3, 3, 3, 3, 3, 3, 25, 29, 40, 67, 89, 138, 171]
Threshold 0.0:
polytomy of size 25; rounds with additions with at least 5 support: 23; clusters: 63227
Threshold 0.01:
polytomy of size 29; rounds with additions with at least 5 support: 8; clusters: 76965
Threshold 0.02:
polytomy of size 40; rounds with additions with at least 5 support: 5; clusters: 104761
Threshold 0.05:
polytomy of size 3; rounds with additions with at least 5 support: 0; clusters: 104761
polytomy of size 3; rounds with additions with at least 5 support: 0; clusters: 104761
polytomy of size 67; rounds with additions with at least 5 support: 2; clusters: 105121
Threshold 0.1:
polytomy of size 3; rounds with additions with at least 5 support: 0; clusters: 105121
polytomy of size 3; rounds with additions with at least 5 support: 0; clusters: 105121
polytomy of size 3; rounds with additions with at least 5 support: 0; clusters: 105121
polytomy of size 89; rounds with additions with at least 5 support: 2; clusters: 105439
Threshold 0.2:
polytomy of size 3; rounds with additions with at least 5 support: 0; clusters: 105439
polytomy of size 3; rounds with additions with at least 5 support: 0; clusters: 105439
polytomy of size 138; rounds with additions with at least 5 support: 0; clusters: 105553
Threshold 0.3333333333333333:
polytomy of size 3; rounds with additions with at least 5 support: 0; clusters: 105553
polytomy of size 3; rounds with additions with at least 5 support: 0; clusters: 105553
polytomy of size 171; rounds with additions with at least 5 support: 0; clusters: 105595
max k is :46
Number of Clusters after addition by greedy: 105595
gradient0 in heuristiic: 105595
partitions formed in 204.18 secs
Dynamic Programming starting after 204.181 secs
Using tree-based weight calculation.
Using polytree-based weight calculation.
Polytree max score: 13150090218
Polytree building time: 0.665 seconds.
Number of quartet trees in the gene trees: 13150090218
Size of largest cluster: 201
Greedy score: 4949989006
estimationFactor: 2.656589782736984
Sub-optimal score: 5123978475
Calculated 100000 weights; time (seconds): 355
Calculated 200000 weights; time (seconds): 166
Total Number of elements weighted: 201478
Normalized score (portion of input quartet trees satisfied before correcting for multiple individuals): 0.4159058596810001
Optimization score: 5469199577
Optimal tree inferred in 524.512 secs.
(171,(124,(45,(200,((56,25),(((38,190),((182,(34,184)),(77,(142,183)))),(((14,(((158,72),(144,((55,58),(9,88)))),((92,(76,((43,68),((148,36),(121,143))))),(((59,107),(8,(80,(60,(87,78))))),((195,131),((83,(95,(42,154))),(108,((51,69),(16,(79,17)))))))))),((((30,130),((136,174),(198,151))),(186,(57,((61,35),(29,(166,199)))))),(((175,54),((133,(113,52)),(132,(191,(157,(127,67)))))),(((23,129),((137,141),((40,90),(32,(172,(19,117)))))),(((46,98),(71,(7,97))),((138,5),(12,(44,(152,39))))))))),(0,(((10,103),((180,189),((110,64),(15,(63,(13,(192,119))))))),(((96,(22,86)),(((102,((156,162),(122,(165,99)))),((149,128),((140,176),((91,173),(4,74))))),(((115,(111,65)),(49,(193,82))),((177,139),(((106,167),(48,146)),((112,(50,(179,100))),(84,((73,161),(105,33))))))))),(((196,((185,155),(168,31))),(((41,21),(85,147)),((28,(153,2)),(164,(104,(20,37)))))),(((27,(125,188)),(101,((134,(53,187)),(26,(150,(70,1)))))),(((109,(93,(126,(6,(81,66))))),((145,178),(163,((123,(89,47)),(170,(197,118)))))),(((135,120),(159,(75,181))),((169,(3,94)),(((62,11),(114,116)),(160,(194,(24,18)))))))))))))))))));
Final quartet score is: 5469199577
Final normalized quartet score is: 0.4159058596810001
Extended species tree:
(8,((80,(60,(87,78)1:0.875989583029634)0.44:0.015199358875843448)0.99:0.157335724872271,((59,107)1:0.8712379000947149,(((195,131)0.92:0.10020830126113411,((83,(95,(42,154)1:0.3379626963889781)0.56:0.03789637557582483)1:0.6040314908407436,(108,((51,69)1:0.1971199891435304,(16,(79,17)1:0.19134721693912268)0.76:0.06449943955476221)0.51:0.026051150229319288)0.95:0.11335795285331605)0.98:0.13496132150233867)1:0.223770251199064,((92,(76,((43,68)0.89:0.09277876173259769,((148,36)0.52:0.02948504218619839,(121,143)0.96:0.13274388412388402)0.59:0.039934915123532026)1:0.2897912541684349)1:0.4967975541253387)0.43:0.01344861944557537,(((158,72)1:1.1539484541640717,(144,((55,58)1:0.543656771554378,(9,88)0.99:0.15606045413680902)1:0.282961754814809)0.93:0.10432002567379742)1:0.19170512693174535,(14,(((((30,130)1:0.9636825000382397,((136,174)1:0.27678769293582645,(198,151)1:0.3386226580068294)1:0.5819171287617068)0.91:0.10114625667875039,(186,(57,((61,35)1:0.3490689873697871,(29,(166,199)1:0.46857014516042605)1:0.16793076823211614)0.73:0.06951333268229039)0.88:0.0922838910296646)1:0.3879218218090813)0.95:0.1108947010932435,(((175,54)0.96:0.1186869530116575,((133,(113,52)0.39:0.007187348714539889)1:0.32256546850985635,(132,(191,(157,(127,67)0.8:0.07971940443537873)0.82:0.08613090147600147)1:0.2947260334678859)0.92:0.09979753860528613)1:0.37049534697304226)1:0.20610105397337755,(((23,129)1:0.39335492300520786,((137,141)1:0.40545859779745996,((40,90)0.63:0.043830508453283734,(32,(172,(19,117)1:0.20369626937132795)0.96:0.12119687672814662)0.99:0.14266836460879093)1:0.21580690368303906)0.94:0.10577576175173786)0.52:0.029805326793903995,(((46,98)1:0.19221740159617845,(71,(7,97)1:0.20792589773149397)1:0.2274380583033932)0.78:0.06870794934547825,((138,5)1:0.22774027549876916,(12,(44,(152,39)1:0.7013043993438006)0.56:0.03427977239645107)0.63:0.04623846484639315)0.99:0.14000874553509707)0.83:0.07585988209782486)0.74:0.06259466741285519)0.87:0.08402639390843988)0.48:0.021140776441700145,((0,(((10,103)1:1.0256422877461877,((180,189)1:0.9295584585116771,((110,64)1:0.5671040748181668,(15,(63,(13,(192,119)1:0.27395020049295254)1:0.2398902021512322)0.78:0.06638760002508422)0.99:0.1558595743704774)0.47:0.024591727344225694)0.7:0.053354615440582245)1:0.1908684831932919,(((96,(22,86)0.7:0.07592788301865241)0.49:0.024352750195436628,(((102,((156,162)1:0.6385509130769085,(122,(165,99)1:0.5118195036406579)1:0.203542807369198)1:0.40711534237282127)0.46:0.021866128016068857,((149,128)1:0.20766769363089999,((140,176)0.46:0.018726780998308296,((91,173)1:0.7254177614644536,(4,74)1:0.33985370616307187)0.91:0.09512762834289924)0.97:0.1245475139892952)0.92:0.10118153282794295)0.99:0.15688116024082602,(((115,(111,65)1:0.6500594283905509)1:0.3180001730895695,(49,(193,82)1:1.1943070021289268)0.79:0.06905446077726413)0.62:0.042074966388357296,((177,139)1:1.1900351883202525,(((106,167)1:0.5430990312648345,(48,146)1:0.16729300143643347)0.58:0.03680488279970854,((112,(50,(179,100)1:0.17567948282823262)0.82:0.07743176899993033)1:0.6395972784901851,(84,((73,161)1:0.30318460703584155,(105,33)1:0.41242759718628785)0.66:0.04820088217107518)1:0.3480447866298864)0.53:0.029652032235750903)0.89:0.0903115684927701)0.66:0.047635700150413435)0.66:0.04773436860221198)0.47:0.019972353146882095)0.32:0.0,(((196,((185,155)1:0.6964068672043745,(168,31)0.99:0.16632379320226331)1:0.28130979481013496)1:0.2848059260519808,(((41,21)1:0.48074840929789314,(85,147)1:0.39339294033204036)1:0.6519772404120238,((28,(153,2)1:0.5834059062527698)1:0.447019803106277,(164,(104,(20,37)1:0.18252401668228105)0.58:0.03760052818909849)0.44:0.02411553617880644)1:0.1611472090211274)0.4:0.012480881546806903)0.9:0.09160867517472697,(((27,(125,188)0.76:0.06887109281643825)1:1.1294732090669852,(101,((134,(53,187)1:0.28463010638512753)1:0.4741176520920599,(26,(150,(70,1)1:0.17288380862709948)1:0.173293568680308)1:0.17546381309918863)1:0.2617221166377915)0.73:0.06235172848348254)0.47:0.019723765028120743,(((109,(93,(126,(6,(81,66)0.79:0.0732905756568389)0.67:0.05276612046846016)0.77:0.06637175939489925)0.88:0.08846444950820354)0.97:0.12332575194504664,((145,178)1:0.20151127269134658,(163,((123,(89,47)0.78:0.0794318351249437)1:0.27180461329244343,(170,(197,118)1:0.25046886054804224)1:0.1833162569213233)1:0.31622349277242406)0.47:0.02129642058271045)1:0.17846048277591606)1:0.22162545203254982,(((135,120)0.81:0.08096259069981869,(159,(75,181)1:0.5039266285525966)1:0.21374738451253758)1:0.5153254290859594,((169,(3,94)1:0.6686603472008438)1:0.18081075697121293,(((62,11)0.62:0.05212758266730154,(114,116)0.88:0.08770637517025114)1:0.23407489204994758,(160,(194,(24,18)0.91:0.10649028946048772)1:0.6296916530432873)1:0.196592952695762)1:0.2687746087154066)0.66:0.04822667331298334)0.65:0.04699948879406201)0.51:0.026671768451069704)0.36:0.0018743536786754917)0.37:0.003500515515357726)0.38:0.007122153780419576)0.4:0.009706858205536982)0.34:0.0,(((38,190)1:0.5846460948995689,((182,(34,184)0.47:0.02540597024208447)1:1.1207581857809308,(77,(142,183)0.63:0.06816886211467839)1:0.483864153585438)0.9:0.09333003109993428)1:0.18507785766901783,((56,25)1:0.4663472705513279,(200,(45,(124,171)0.67:0.05038879259633022)1:0.40639720359295173)0.39:0.009417977423946015)1:0.2282554097312691)0.95:0.11317380590584104)0.43:0.014315272393117924)0.4:0.010312153202641913)0.36:0.002508477979626866)0.8:0.06975343141202117)0.7:0.05410159141085666)0.87:0.08561885754895501)0.99:0.15162593016108464));
Weight calculation took 236.520308002 secs
ASTRAL finished in 530.617 secs
