
================== ASTRAL ===================== 

This is ASTRAL version 5.7.8
Gene trees are treated as unrooted
1000 trees read from Dataset/AstralII_data/model.200.500000.0.000001/22/estimatedgenetre.halfresolved
index0
All output trees will be *arbitrarily* rooted at 144

======== Running the main analysis
Number of taxa: 201 (201 species)
Taxa: [144, 196, 83, 4, 179, 70, 162, 176, 165, 157, 61, 184, 37, 134, 172, 58, 155, 29, 115, 91, 55, 49, 8, 146, 106, 153, 16, 154, 81, 36, 73, 56, 27, 43, 18, 169, 84, 98, 66, 76, 124, 7, 100, 87, 102, 72, 96, 20, 0, 131, 63, 168, 147, 145, 181, 105, 54, 132, 52, 111, 191, 141, 75, 35, 135, 95, 82, 185, 40, 32, 67, 1, 140, 166, 198, 30, 65, 148, 46, 177, 57, 188, 17, 116, 170, 51, 69, 25, 59, 3, 112, 34, 193, 108, 47, 15, 173, 156, 5, 163, 194, 130, 200, 97, 122, 38, 180, 128, 45, 10, 187, 42, 119, 6, 53, 183, 114, 189, 149, 150, 171, 13, 24, 12, 88, 123, 195, 107, 19, 109, 161, 79, 64, 151, 103, 160, 68, 120, 133, 86, 126, 192, 164, 117, 137, 158, 48, 21, 41, 77, 33, 14, 136, 89, 127, 139, 99, 186, 31, 143, 101, 9, 175, 85, 74, 39, 60, 78, 94, 125, 110, 92, 190, 129, 93, 22, 11, 121, 138, 142, 167, 44, 50, 199, 174, 80, 159, 152, 71, 26, 2, 182, 113, 178, 118, 90, 28, 23, 197, 104, 62]
Taxon occupancy: {110=1000, 111=1000, 112=1000, 113=1000, 114=1000, 115=1000, 116=1000, 117=1000, 118=1000, 119=1000, 10=1000, 11=1000, 12=1000, 13=1000, 14=1000, 15=1000, 16=1000, 17=1000, 18=1000, 19=1000, 120=1000, 0=1000, 121=1000, 1=1000, 122=1000, 123=1000, 2=1000, 124=1000, 3=1000, 4=1000, 125=1000, 5=1000, 126=1000, 6=1000, 127=1000, 7=1000, 128=1000, 8=1000, 129=1000, 9=1000, 20=1000, 21=1000, 22=1000, 23=1000, 24=1000, 25=1000, 26=1000, 27=1000, 28=1000, 29=1000, 130=1000, 131=1000, 132=1000, 133=1000, 134=1000, 135=1000, 136=1000, 137=1000, 138=1000, 139=1000, 30=1000, 31=1000, 32=1000, 33=1000, 34=1000, 35=1000, 36=1000, 37=1000, 38=1000, 39=1000, 140=1000, 141=1000, 142=1000, 143=1000, 144=1000, 145=1000, 146=1000, 147=1000, 148=1000, 149=1000, 40=1000, 41=1000, 42=1000, 43=1000, 44=1000, 45=1000, 46=1000, 47=1000, 48=1000, 49=1000, 150=1000, 151=1000, 152=1000, 153=1000, 154=1000, 155=1000, 156=1000, 157=1000, 158=1000, 159=1000, 50=1000, 51=1000, 52=1000, 53=1000, 54=1000, 55=1000, 56=1000, 57=1000, 58=1000, 59=1000, 160=1000, 161=1000, 162=1000, 163=1000, 164=1000, 165=1000, 166=1000, 167=1000, 168=1000, 169=1000, 60=1000, 61=1000, 62=1000, 63=1000, 64=1000, 65=1000, 66=1000, 67=1000, 68=1000, 69=1000, 170=1000, 171=1000, 172=1000, 173=1000, 174=1000, 175=1000, 176=1000, 177=1000, 178=1000, 179=1000, 70=1000, 71=1000, 72=1000, 73=1000, 74=1000, 75=1000, 76=1000, 77=1000, 78=1000, 79=1000, 180=1000, 181=1000, 182=1000, 183=1000, 184=1000, 185=1000, 186=1000, 187=1000, 188=1000, 189=1000, 80=1000, 81=1000, 82=1000, 83=1000, 84=1000, 85=1000, 86=1000, 87=1000, 88=1000, 89=1000, 190=1000, 191=1000, 192=1000, 193=1000, 194=1000, 195=1000, 196=1000, 197=1000, 198=1000, 199=1000, 90=1000, 91=1000, 92=1000, 93=1000, 94=1000, 95=1000, 96=1000, 97=1000, 98=1000, 99=1000, 200=1000, 100=1000, 101=1000, 102=1000, 103=1000, 104=1000, 105=1000, 106=1000, 107=1000, 108=1000, 109=1000}
Number of gene trees: 1000
0 trees have missing taxa
Calculating quartet distance matrix (for completion of X)
Species tree distances calculated ...
Building set of clusters (X) from gene trees 
------------------------------
gradient0: 142429
Number of Clusters after addition by distance: 142429
calculating extra bipartitions to be added at level 1 ...
Adding to X using resolutions of greedy consensus ...
Limit for sigma of degrees:5075
polytomy size limit : 53
discarded polytomies: 77 97  [3, 3, 3, 3, 3, 3, 3, 4, 4, 4, 4, 5, 5, 11, 25, 29, 42, 53, 77, 97]
Threshold 0.0:
polytomy of size 11; rounds with additions with at least 5 support: 4; clusters: 143111
Threshold 0.01:
polytomy of size 25; rounds with additions with at least 5 support: 6; clusters: 148787
Threshold 0.02:
polytomy of size 3; rounds with additions with at least 5 support: 0; clusters: 148787
polytomy of size 29; rounds with additions with at least 5 support: 0; clusters: 155407
Threshold 0.05:
polytomy of size 4; rounds with additions with at least 5 support: 0; clusters: 155407
polytomy of size 42; rounds with additions with at least 5 support: 1; clusters: 155495
Threshold 0.1:
polytomy of size 3; rounds with additions with at least 5 support: 0; clusters: 155495
polytomy of size 53; rounds with additions with at least 5 support: 0; clusters: 155567
Threshold 0.2:
polytomy of size 3; rounds with additions with at least 5 support: 0; clusters: 155567
polytomy of size 3; rounds with additions with at least 5 support: 0; clusters: 155567
polytomy of size 4; rounds with additions with at least 5 support: 0; clusters: 155567
polytomy of size 77; rounds with additions with at least 5 support: 0; clusters: 155585
Threshold 0.3333333333333333:
polytomy of size 3; rounds with additions with at least 5 support: 0; clusters: 155585
polytomy of size 4; rounds with additions with at least 5 support: 0; clusters: 155585
polytomy of size 5; rounds with additions with at least 5 support: 0; clusters: 155585
polytomy of size 3; rounds with additions with at least 5 support: 0; clusters: 155585
polytomy of size 5; rounds with additions with at least 5 support: 0; clusters: 155585
polytomy of size 4; rounds with additions with at least 5 support: 0; clusters: 155585
polytomy of size 97; rounds with additions with at least 5 support: 0; clusters: 155605
polytomy of size 3; rounds with additions with at least 5 support: 0; clusters: 155605
max k is :12
Number of Clusters after addition by greedy: 155605
gradient0 in heuristiic: 155605
partitions formed in 171.701 secs
Dynamic Programming starting after 171.701 secs
Using tree-based weight calculation.
Using polytree-based weight calculation.
Polytree max score: 65998349406
Polytree building time: 5.382 seconds.
Number of quartet trees in the gene trees: 65998349406
Size of largest cluster: 201
Greedy score: 29888667430
estimationFactor: 2.208139575327999
Sub-optimal score: 30205483100
Calculated 100000 weights; time (seconds): 544
Calculated 200000 weights; time (seconds): 366
Calculated 300000 weights; time (seconds): 381
Calculated 400000 weights; time (seconds): 396
Total Number of elements weighted: 427978
Normalized score (portion of input quartet trees satisfied before correcting for multiple individuals): 0.4705642097645644
Optimization score: 31056461134
Optimal tree inferred in 1799.374 secs.
(60,(88,((98,((84,(18,169)),(125,(94,(110,(92,190)))))),(2,((((63,45),((145,(181,105)),((168,10),((114,189),(42,(131,147)))))),((123,195),(((163,122),(38,(180,128))),(194,((97,(130,200)),(19,(107,109))))))),(((9,175),((62,(104,(23,197))),((85,(71,(74,39))),((101,78),(26,(43,143)))))),(((((183,99),(53,(186,31))),((103,(79,((133,86),(68,120)))),((28,(160,90)),(161,(64,151))))),(((138,(136,(127,(89,142)))),((48,21),((41,(139,(77,33))),((117,14),(137,158))))),(((73,(56,27)),((15,173),(167,44))),((199,(50,(93,22))),((11,121),((159,152),(174,80))))))),((0,(((187,192),((148,126),(46,177))),(((36,156),(5,(113,(178,118)))),((155,(58,((134,172),(184,37)))),((153,((146,106),((55,8),((115,49),(29,91))))),((67,(198,((166,30),(1,140)))),((82,185),((40,32),((135,95),((75,35),(16,(141,(154,81))))))))))))),(((164,(170,(51,69))),(((112,34),(108,(193,47))),((59,(25,3)),((111,(191,150)),((171,(13,24)),(52,(149,12))))))),(((54,132),((66,65),(96,20))),(((72,(129,(165,(157,61)))),(76,(182,((57,188),(17,(144,116)))))),((124,((162,176),(7,100))),(((87,102),(119,6)),(196,((179,70),(83,4))))))))))))))));
Final quartet score is: 31056461134
Final normalized quartet score is: 0.4705642097645644
Extended species tree:
(144,(116,(17,((57,188)1:0.4891255365829678,(182,(76,((72,(129,(165,(157,61)1:0.307751135505215)1:1.0442551242402724)0.55:0.015261434230889805)0.99:0.06632926412579433,(((124,((162,176)1:0.2757703585300165,(7,100)1:0.14545180344531403)1:0.8737845969761504)1:0.8905780091711237,(((87,102)1:1.7018307809172089,(119,6)1:1.4095861844557809)1:0.10714461190024148,(196,((179,70)0.98:0.05559774243460376,(83,4)1:0.4539573595389796)1:0.35758880653941366)1:0.7611371639671941)1:0.09406531824986741)0.43:0.007224997318706705,(((54,132)1:1.876132217331131,((66,65)1:0.6734113743149269,(96,20)1:1.8626151577611834)1:0.14969361994037872)1:0.23913476449652638,(((164,(170,(51,69)1:0.2905924883306396)1:0.817433412819006)1:0.7929106285505998,(((112,34)1:0.12656561562599997,(108,(193,47)1:0.24939287437464558)1:0.6089254895135731)1:0.9005841483953342,((59,(25,3)1:0.08362382033022595)1:1.2559871638505626,((111,(191,150)1:0.21798779176267571)1:0.17466720371390373,((171,(13,24)1:0.40031311319873736)1:0.4355251117773917,(52,(149,12)1:0.2002267935571814)1:0.3957415373863616)1:0.16701274953863873)1:0.8216537601767796)1:0.20253563996395266)0.89:0.039963268721719826)1:0.12437562187356915,((0,(((187,192)1:0.13546539540309838,((148,126)0.98:0.05956200485175561,(46,177)1:0.7625260712724039)1:0.25631119275441344)1:1.1066076341737812,(((36,156)1:0.08053816838926725,(5,(113,(178,118)1:0.13378250640203063)1:1.0233066312682806)1:0.5757325054159502)1:0.26102159889910076,((155,(58,((134,172)1:0.3182829140022442,(184,37)1:0.4974492583759355)1:0.859696910827434)0.98:0.05812963402993262)1:0.7333017454075779,((153,((146,106)1:0.4452202484106806,((55,8)0.94:0.049400221114667325,((115,49)1:0.18494369268530672,(29,91)1:0.4357751483552263)1:0.1699485611481543)1:0.3378697760058903)1:0.3773998982066509)1:0.2611388531038373,((67,(198,((166,30)1:0.25627826643785584,(1,140)1:0.08800164801597261)1:0.20255515838845195)1:0.2077549652377593)1:0.8615350489437751,((82,185)1:1.331231639040296,((40,32)1:0.10924922062994152,((135,95)1:0.8770424958058692,((75,35)1:0.30612774792731884,(16,(141,(154,81)1:0.21831725159273793)1:0.1626797252071734)1:0.4268262765870321)1:0.274345704976084)0.89:0.04059276978783996)1:0.07440766399109697)1:0.28294641096650924)1:0.3046427458628381)1:0.24783927276823906)0.89:0.039662331484772016)0.9:0.04098563260748112)0.41:0.007488123859560026)0.52:0.013463954479454785,(((((183,99)1:1.5744597863343028,(53,(186,31)1:0.29235497815117373)1:0.9941750645126399)1:0.6636541564814507,((103,(79,((133,86)0.99:0.06326243998242456,(68,120)0.42:0.005994186539696693)1:0.8817341189513473)1:0.30315764218109287)1:0.11520323505084185,((28,(160,90)1:0.4675303786857072)1:1.1302256476190293,(161,(64,151)1:0.5340397488328487)1:0.8998124520826339)0.44:0.00938449758355599)1:0.11688455907575244)0.47:0.011409645560666929,(((138,(136,(127,(89,142)1:0.13193685778055952)1:0.9918790891983098)1:0.4012143844071748)1:0.08753518403109578,((48,21)1:1.020210446845787,((41,(139,(77,33)1:0.18407588739428313)1:0.5475114813160835)1:0.5983279163560036,((117,14)1:0.28581259579125495,(137,158)1:1.0935376344919208)1:0.2103739286508236)0.66:0.021911753180029598)1:0.10898970266693676)1:0.3494166888712481,(((73,(56,27)1:1.0749635232921333)1:0.48715451325941317,((15,173)1:0.8891616573196959,(167,44)1:1.4952635309553246)1:0.41109580558965786)1:0.09531727192216517,((199,(50,(93,22)1:1.279908125212195)0.66:0.021836926808694257)1:0.3710229257499126,((11,121)1:0.6561841553756603,((159,152)1:0.5037046314291261,(174,80)1:1.1680360223384985)1:0.07161078238855226)1:0.3222549376625663)1:0.298741384915568)1:0.09037092431826142)1:0.07712123543505432)0.65:0.021017749072866593,(((9,175)1:1.6866333620453582,((62,(104,(23,197)1:0.1696692144918686)1:0.29470475190629625)1:0.3666767654927203,((85,(71,(74,39)1:0.24303245969149964)1:0.6342222145492662)1:0.247041246522715,((101,78)0.37:0.0021532268441263667,(26,(43,143)1:1.5580462364241563)1:0.19160347614737708)1:0.13070303510997364)0.93:0.04452961328535309)0.66:0.02217703070880716)1:0.10479449059745488,((((63,45)1:1.026106889815887,((145,(181,105)1:0.8544754970718016)1:0.4747255315519365,((168,10)1:1.0588211351782406,((114,189)1:1.3534742859263618,(42,(131,147)1:0.27268892747573376)1:0.6044027524597001)1:0.06977171317725388)1:0.08089016895432248)1:0.1537003938660519)1:0.21019127827254164,((123,195)1:1.126631991349533,(((163,122)1:0.3113515723727394,(38,(180,128)1:0.13668906429075176)1:0.8460721597459242)1:0.5453234156818427,(194,((97,(130,200)1:0.9111161493246833)1:0.39084113907893325,(19,(107,109)0.58:0.018006946880234742)1:0.8437657635919324)1:0.10837330513926419)0.99:0.06857670767887272)1:0.4248723972887167)1:0.14278716124606788)1:0.14872322694835818,(2,((98,((84,(18,169)1:0.27712237583501065)1:0.29604645087586556,(125,(94,(110,(92,190)1:0.6278767050432202)1:0.46771109235557)1:0.10239396826336872)1:0.287590630945384)1:0.1299017430717408)0.81:0.03213582252097204,(88,60)1:1.0585986548545427)0.99:0.06444937264131252)1:0.0890610621527263)0.78:0.030056244764997467)1:0.1101112690355577)0.52:0.012692303656563106)0.66:0.021651986910485966)0.69:0.023749654320038692)1:0.25017905399742557)0.95:0.04821556323389632)1:0.09246957601178932)0.88:0.03922660418683425)1:1.173316292263584)1:0.10303222589823506)1:0.3829922522561057));
Weight calculation took 1527.523303301 secs
ASTRAL finished in 1810.629 secs
