
================== ASTRAL ===================== 

This is ASTRAL version 5.7.8
Gene trees are treated as unrooted
50 trees read from Dataset/AstralII_data/model.200.500000.0.000001/06/estimatedgenetre.halfresolved_50
index0
All output trees will be *arbitrarily* rooted at 59

======== Running the main analysis
Number of taxa: 201 (201 species)
Taxa: [59, 71, 120, 170, 178, 137, 17, 175, 98, 163, 38, 48, 134, 33, 143, 132, 117, 53, 102, 25, 99, 156, 61, 142, 160, 77, 166, 3, 26, 63, 12, 97, 149, 11, 46, 114, 95, 1, 125, 104, 158, 188, 18, 23, 138, 118, 92, 172, 57, 151, 131, 191, 181, 121, 28, 109, 155, 167, 108, 35, 69, 100, 51, 194, 159, 179, 129, 6, 29, 82, 152, 130, 65, 165, 113, 0, 50, 66, 145, 45, 200, 87, 190, 41, 169, 186, 177, 5, 112, 2, 107, 44, 13, 183, 94, 21, 43, 80, 4, 196, 147, 42, 56, 86, 78, 101, 14, 185, 123, 141, 52, 180, 39, 73, 171, 184, 144, 157, 49, 27, 197, 110, 148, 79, 84, 174, 161, 55, 126, 89, 20, 70, 198, 75, 162, 85, 58, 67, 103, 153, 115, 195, 81, 68, 10, 173, 24, 127, 96, 60, 182, 193, 19, 146, 122, 136, 150, 54, 164, 154, 116, 91, 31, 135, 62, 74, 32, 72, 30, 168, 9, 37, 64, 111, 105, 124, 22, 34, 88, 192, 15, 128, 8, 140, 106, 47, 16, 76, 119, 7, 189, 133, 83, 176, 139, 199, 93, 90, 187, 40, 36]
Taxon occupancy: {110=50, 111=50, 112=50, 113=50, 114=50, 115=50, 116=50, 117=50, 118=50, 119=50, 10=50, 11=50, 12=50, 13=50, 14=50, 15=50, 16=50, 17=50, 18=50, 19=50, 120=50, 121=50, 0=50, 1=50, 122=50, 2=50, 123=50, 3=50, 124=50, 125=50, 4=50, 5=50, 126=50, 6=50, 127=50, 128=50, 7=50, 129=50, 8=50, 9=50, 20=50, 21=50, 22=50, 23=50, 24=50, 25=50, 26=50, 27=50, 28=50, 29=50, 130=50, 131=50, 132=50, 133=50, 134=50, 135=50, 136=50, 137=50, 138=50, 139=50, 30=50, 31=50, 32=50, 33=50, 34=50, 35=50, 36=50, 37=50, 38=50, 39=50, 140=50, 141=50, 142=50, 143=50, 144=50, 145=50, 146=50, 147=50, 148=50, 149=50, 40=50, 41=50, 42=50, 43=50, 44=50, 45=50, 46=50, 47=50, 48=50, 49=50, 150=50, 151=50, 152=50, 153=50, 154=50, 155=50, 156=50, 157=50, 158=50, 159=50, 50=50, 51=50, 52=50, 53=50, 54=50, 55=50, 56=50, 57=50, 58=50, 59=50, 160=50, 161=50, 162=50, 163=50, 164=50, 165=50, 166=50, 167=50, 168=50, 169=50, 60=50, 61=50, 62=50, 63=50, 64=50, 65=50, 66=50, 67=50, 68=50, 69=50, 170=50, 171=50, 172=50, 173=50, 174=50, 175=50, 176=50, 177=50, 178=50, 179=50, 70=50, 71=50, 72=50, 73=50, 74=50, 75=50, 76=50, 77=50, 78=50, 79=50, 180=50, 181=50, 182=50, 183=50, 184=50, 185=50, 186=50, 187=50, 188=50, 189=50, 80=50, 81=50, 82=50, 83=50, 84=50, 85=50, 86=50, 87=50, 88=50, 89=50, 190=50, 191=50, 192=50, 193=50, 194=50, 195=50, 196=50, 197=50, 198=50, 199=50, 90=50, 91=50, 92=50, 93=50, 94=50, 95=50, 96=50, 97=50, 98=50, 99=50, 200=50, 100=50, 101=50, 102=50, 103=50, 104=50, 105=50, 106=50, 107=50, 108=50, 109=50}
Number of gene trees: 50
0 trees have missing taxa
Calculating quartet distance matrix (for completion of X)
Species tree distances calculated ...
Building set of clusters (X) from gene trees 
------------------------------
gradient0: 10837
Number of Clusters after addition by distance: 10837
calculating extra bipartitions to be added at level 1 ...
Adding to X using resolutions of greedy consensus ...
Limit for sigma of degrees:5075
polytomy size limit : 69
discarded polytomies: 103  [3, 3, 3, 3, 3, 3, 3, 3, 3, 3, 3, 3, 3, 3, 3, 4, 4, 4, 4, 5, 5, 5, 5, 10, 17, 17, 17, 31, 51, 69, 103]
Threshold 0.0:
polytomy of size 3; rounds with additions with at least 5 support: 0; clusters: 10841
polytomy of size 3; rounds with additions with at least 5 support: 0; clusters: 10845
polytomy of size 17; rounds with additions with at least 5 support: 2; clusters: 14629
Threshold 0.01:
polytomy of size 3; rounds with additions with at least 5 support: 0; clusters: 14629
polytomy of size 3; rounds with additions with at least 5 support: 0; clusters: 14629
polytomy of size 17; rounds with additions with at least 5 support: 0; clusters: 17371
Threshold 0.02:
polytomy of size 3; rounds with additions with at least 5 support: 0; clusters: 17371
polytomy of size 3; rounds with additions with at least 5 support: 0; clusters: 17371
polytomy of size 17; rounds with additions with at least 5 support: 0; clusters: 19793
Threshold 0.05:
polytomy of size 5; rounds with additions with at least 5 support: 0; clusters: 19793
polytomy of size 5; rounds with additions with at least 5 support: 2; clusters: 19803
polytomy of size 31; rounds with additions with at least 5 support: 6; clusters: 20195
Threshold 0.1:
polytomy of size 5; rounds with additions with at least 5 support: 1; clusters: 20197
polytomy of size 3; rounds with additions with at least 5 support: 0; clusters: 20197
polytomy of size 51; rounds with additions with at least 5 support: 2; clusters: 20473
Threshold 0.2:
polytomy of size 3; rounds with additions with at least 5 support: 0; clusters: 20473
polytomy of size 3; rounds with additions with at least 5 support: 0; clusters: 20473
polytomy of size 10; rounds with additions with at least 5 support: 0; clusters: 20475
polytomy of size 3; rounds with additions with at least 5 support: 0; clusters: 20475
polytomy of size 69; rounds with additions with at least 5 support: 0; clusters: 20673
Threshold 0.3333333333333333:
polytomy of size 3; rounds with additions with at least 5 support: 0; clusters: 20673
polytomy of size 4; rounds with additions with at least 5 support: 0; clusters: 20673
polytomy of size 3; rounds with additions with at least 5 support: 0; clusters: 20673
polytomy of size 3; rounds with additions with at least 5 support: 0; clusters: 20673
polytomy of size 5; rounds with additions with at least 5 support: 0; clusters: 20673
polytomy of size 4; rounds with additions with at least 5 support: 0; clusters: 20673
polytomy of size 3; rounds with additions with at least 5 support: 0; clusters: 20673
polytomy of size 4; rounds with additions with at least 5 support: 0; clusters: 20673
polytomy of size 3; rounds with additions with at least 5 support: 0; clusters: 20673
polytomy of size 103; rounds with additions with at least 5 support: 0; clusters: 20729
polytomy of size 4; rounds with additions with at least 5 support: 0; clusters: 20729
max k is :12
Number of Clusters after addition by greedy: 20729
gradient0 in heuristiic: 20729
partitions formed in 18.207 secs
Dynamic Programming starting after 18.207 secs
Using tree-based weight calculation.
Using polytree-based weight calculation.
Polytree max score: 3299917104
Polytree building time: 0.08 seconds.
Number of quartet trees in the gene trees: 3299917104
Size of largest cluster: 201
Greedy score: 1610907783
estimationFactor: 2.048482935413318
Sub-optimal score: 1703126146
Total Number of elements weighted: 89421
Normalized score (portion of input quartet trees satisfied before correcting for multiple individuals): 0.5252879349298951
Optimization score: 1733406641
Optimal tree inferred in 45.598 secs.
(182,(60,(193,((146,(96,(162,127))),((122,136),((87,190),(((21,43),(131,(71,(4,(59,80))))),((66,(187,(40,36))),(((112,((158,188),(37,(104,18)))),((((143,93),(33,132)),((53,95),((102,(1,125)),(((98,163),(48,134)),(38,(175,(17,25))))))),((117,(23,((138,118),(46,151)))),((77,(142,160)),(((166,97),(99,(156,61))),(((149,11),(63,12)),((3,26),(57,(172,(114,92)))))))))),(((6,((152,(65,165)),(130,(29,82)))),(((51,194),((179,129),(159,(69,(35,100))))),((109,155),(153,((103,(115,(167,108))),(85,(58,((24,(195,68)),((67,10),(81,173)))))))))),((0,(64,((198,75),(120,(170,(178,(137,50))))))),(((90,(32,(9,(140,(168,106))))),((199,(8,((47,16),(128,(192,(88,15)))))),((72,30),((124,(133,83)),(34,(176,((22,(7,139)),(119,(76,189))))))))),(((28,((91,74),(62,(31,135)))),(((169,(177,(41,186))),((107,44),(145,(45,(111,(200,105)))))),(((5,56),(94,(147,(196,42)))),(113,(55,((126,20),(183,(13,89)))))))),((70,((144,157),(184,(73,171)))),(((19,54),(164,(154,116))),(150,(((141,39),(((2,78),(101,14)),(52,(86,(185,(123,180)))))),(((174,161),(49,(27,197))),((181,(191,121)),((110,148),(79,84)))))))))))))))))))));
Final quartet score is: 1733406641
Final normalized quartet score is: 0.5252879349298951
Extended species tree:
(59,(80,(4,(71,(131,((21,43)1:0.601039653962436,(((66,(187,(40,36)1:1.542923848423329)0.4:0.016331501270205877)0.64:0.08721720251670549,(((112,((158,188)0.82:0.14955109674216413,(37,(104,18)0.54:0.06141407476657002)0.93:0.21096930958127777)0.98:0.2704359688879719)1:0.9762152701714737,((((143,93)0.96:0.2469197990339949,(33,132)0.43:0.030314537125104294)0.99:0.30974058683053085,((53,95)0.85:0.1669661687107598,((102,(1,125)0.83:0.15889055444639996)1:0.7241171948111802,(((98,163)0.79:0.1355382679111242,(48,134)1:0.39318636717672867)0.53:0.06581943869353879,(38,(175,(17,25)0.53:0.05920517516220872)1:0.36461922614553643)0.87:0.17337057539015557)0.96:0.2417544547848678)0.8:0.14102783375534497)0.58:0.0699063081482994)0.96:0.24121728038679294,((117,(23,((138,118)1:0.3904250024133005,(46,151)0.99:0.30748469974796055)0.8:0.14136511753028655)1:0.45348916309925613)0.66:0.09408590092179658,((77,(142,160)1:0.4436168740725408)1:0.46554343108555524,(((166,97)1:0.5222451205499931,(99,(156,61)0.86:0.1681620281903201)0.89:0.17923508834730717)0.78:0.1343178226795633,(((149,11)1:0.6606849044152839,(63,12)1:0.788965103457179)0.38:0.011239915731810327,((3,26)1:0.837902716500656,(57,(172,(114,92)0.56:0.06141407476657002)1:0.780294292486599)0.41:0.017651097343729553)0.55:0.07024721883112109)0.76:0.12733694959975986)1:0.41078621537143545)0.43:0.027600054460537305)0.81:0.14217095254227746)0.65:0.09196516340719926)1:0.44870551837075423,(((6,((152,(65,165)0.98:0.26884690704254677)1:0.5061441238264578,(130,(29,82)0.82:0.16011017303124034)1:0.3765874673831627)0.85:0.16290347093685334)1:1.1694296113932356,(((51,194)1:0.5294631269741213,((179,129)1:0.3913681068074349,(159,(69,(35,100)0.82:0.15472026169528402)0.99:0.32996909235323085)0.95:0.22843656934270276)0.99:0.3360361080268329)1:0.632480203050165,((109,155)1:0.542474199858116,(153,((103,(115,(167,108)0.46:0.0313845915697922)1:0.3627935262344583)0.89:0.18459782094623842,(85,(58,((24,(195,68)0.95:0.23210954456221186)0.74:0.12040643282167067,((67,10)0.44:0.029034378983146626,(81,173)0.4:0.01802845926744101)0.46:0.05100740248598443)1:0.42621377861706167)0.37:0.006608799893398461)0.86:0.17605991275766839)0.79:0.13714792454940025)0.98:0.274351565197234)1:0.7718127785989092)0.45:0.04439126518443971)0.82:0.14991137684832379,((0,(64,((198,75)1:1.1412931960702557,(120,(170,(178,(137,50)0.88:0.19379532913497322)1:0.43485671023466765)0.99:0.3098003038610435)0.97:0.2548726876221189)0.54:0.056859052087719415)1:0.42191399049899686)0.36:0.0016009451513360252,(((90,(32,(9,(140,(168,106)0.69:0.16011017303124034)0.99:0.3041400455379113)0.97:0.2556541347501298)0.6:0.07682077948004137)0.72:0.11176488726591437,((199,(8,((47,16)1:0.3473989867012861,(128,(192,(88,15)0.79:0.16011017303124034)0.75:0.14033690608241436)1:0.6364637132974355)0.64:0.08714921106518801)1:0.509860936326043)0.95:0.24668943961453674,((72,30)1:1.2777190843398931,((124,(133,83)1:0.8079267098703297)0.99:0.34323460103806697,(34,(176,((22,(7,139)0.59:0.09009504412521671)0.39:0.009573076733362974,(119,(76,189)0.8:0.1629034709368532)0.92:0.21959906116175215)0.99:0.32923148373385325)0.88:0.1743376642261442)0.9:0.1866209229449964)0.85:0.1614021945702123)0.73:0.11477015747825882)0.63:0.08315911815862596)0.99:0.29887214264281875,(((28,((91,74)1:0.5296933141023079,(62,(31,135)0.73:0.12499480695495517)0.99:0.31763811244534046)1:1.0423802296882914)0.9:0.18850852734281923,(((169,(177,(41,186)1:0.5293664212417482)0.65:0.09237332013101504)1:1.0935609373367186,((107,44)1:1.0496488743249939,(145,(45,(111,(200,105)0.57:0.08539220565142329)0.94:0.22527331840541812)1:0.7094864245429036)1:0.4729187290873012)0.81:0.1448289375069493)0.54:0.059334284671382596,(((5,56)0.99:0.31774225727759076,(94,(147,(196,42)0.91:0.19469728644334708)0.54:0.06691019766854259)1:0.6154508829118271)1:0.5359138518060785,(113,(55,((126,20)1:0.43508618719883557,(183,(13,89)0.91:0.19325454498479527)0.98:0.26860745216563275)0.83:0.15280668645796375)1:0.915760247984636)1:0.37548389083339867)1:0.4380031207610309)0.37:0.005996196512789365)0.38:0.0069397194466790275,((70,((144,157)0.99:0.30354688489647647,(184,(73,171)1:1.0787572353581298)1:0.8382354072872108)0.92:0.23751225122323955)0.81:0.1460486163912912,(((19,54)0.44:0.02784508541896256,(164,(154,116)0.99:0.31559833452213026)1:0.44089948109604077)1:1.2183918547969035,(150,(((141,39)1:0.7905889736036261,(((2,78)1:0.4758132464005705,(101,14)1:1.2171981248343542)0.85:0.16943618096672222,(52,(86,(185,(123,180)0.99:0.30748469974796055)1:0.8797178236116463)0.42:0.020721416600771658)0.7:0.10452259747382787)0.96:0.24274718525298622)0.46:0.040952463168573885,(((174,161)0.71:0.10824359709540374,(49,(27,197)0.98:0.2678755616529149)0.56:0.06281931155033368)1:1.136641235266552,((181,(191,121)0.95:0.23052365861183224)1:0.48780825387924215,((110,148)1:0.5069265960655887,(79,84)0.97:0.24979061440279407)1:1.313978400544634)0.98:0.28848122974666507)0.98:0.2767640176224754)0.82:0.14597543918487493)0.78:0.13173677480639054)0.51:0.04670855593833177)0.48:0.03917564861036335)0.38:0.008651048317502779)0.43:0.02438429420540281)0.39:0.014607629271520116)0.42:0.01877181438283029)0.45:0.03453185096442044)0.57:0.07003148459845017,((87,190)1:1.840828309995101,((122,136)1:0.8487797585096413,((146,(96,(162,127)0.99:0.30748469974796055)1:0.8035300746051406)1:0.38537813419054884,(193,(60,182)1:0.48039612557583694)1:0.7581305145801616)0.94:0.22210370203054172)0.93:0.207952413466677)0.72:0.12198780398900808)1:0.7173170053076663)1:0.5043967176109306)0.76:0.13033522530118175)0.98:0.26836160947756077)0.51:0.06173003053539142));
Weight calculation took 24.002665715 secs
ASTRAL finished in 46.989 secs
