
================== ASTRAL ===================== 

This is ASTRAL version 5.7.8
Gene trees are treated as unrooted
200 trees read from Dataset/AstralII_data/model.200.500000.0.000001/06/estimatedgenetre.halfresolved_200
index0
All output trees will be *arbitrarily* rooted at 59

======== Running the main analysis
Number of taxa: 201 (201 species)
Taxa: [59, 71, 120, 170, 178, 137, 17, 175, 98, 163, 38, 48, 134, 33, 143, 132, 117, 53, 102, 25, 99, 156, 61, 142, 160, 77, 166, 3, 26, 63, 12, 97, 149, 11, 46, 114, 95, 1, 125, 104, 158, 188, 18, 23, 138, 118, 92, 172, 57, 151, 131, 191, 181, 121, 28, 109, 155, 167, 108, 35, 69, 100, 51, 194, 159, 179, 129, 6, 29, 82, 152, 130, 65, 165, 113, 0, 50, 66, 145, 45, 200, 87, 190, 41, 169, 186, 177, 5, 112, 2, 107, 44, 13, 183, 94, 21, 43, 80, 4, 196, 147, 42, 56, 86, 78, 101, 14, 185, 123, 141, 52, 180, 39, 73, 171, 184, 144, 157, 49, 27, 197, 110, 148, 79, 84, 174, 161, 55, 126, 89, 20, 70, 198, 75, 162, 85, 58, 67, 103, 153, 115, 195, 81, 68, 10, 173, 24, 127, 96, 60, 182, 193, 19, 146, 122, 136, 150, 54, 164, 154, 116, 91, 31, 135, 62, 74, 32, 72, 30, 168, 9, 37, 64, 111, 105, 124, 22, 34, 88, 192, 15, 128, 8, 140, 106, 47, 16, 76, 119, 7, 189, 133, 83, 176, 139, 199, 93, 90, 187, 40, 36]
Taxon occupancy: {110=200, 111=200, 112=200, 113=200, 114=200, 115=200, 116=200, 117=200, 118=200, 119=200, 10=200, 11=200, 12=200, 13=200, 14=200, 15=200, 16=200, 17=200, 18=200, 19=200, 120=200, 121=200, 0=200, 1=200, 122=200, 2=200, 123=200, 3=200, 124=200, 125=200, 4=200, 5=200, 126=200, 6=200, 127=200, 128=200, 7=200, 129=200, 8=200, 9=200, 20=200, 21=200, 22=200, 23=200, 24=200, 25=200, 26=200, 27=200, 28=200, 29=200, 130=200, 131=200, 132=200, 133=200, 134=200, 135=200, 136=200, 137=200, 138=200, 139=200, 30=200, 31=200, 32=200, 33=200, 34=200, 35=200, 36=200, 37=200, 38=200, 39=200, 140=200, 141=200, 142=200, 143=200, 144=200, 145=200, 146=200, 147=200, 148=200, 149=200, 40=200, 41=200, 42=200, 43=200, 44=200, 45=200, 46=200, 47=200, 48=200, 49=200, 150=200, 151=200, 152=200, 153=200, 154=200, 155=200, 156=200, 157=200, 158=200, 159=200, 50=200, 51=200, 52=200, 53=200, 54=200, 55=200, 56=200, 57=200, 58=200, 59=200, 160=200, 161=200, 162=200, 163=200, 164=200, 165=200, 166=200, 167=200, 168=200, 169=200, 60=200, 61=200, 62=200, 63=200, 64=200, 65=200, 66=200, 67=200, 68=200, 69=200, 170=200, 171=200, 172=200, 173=200, 174=200, 175=200, 176=200, 177=200, 178=200, 179=200, 70=200, 71=200, 72=200, 73=200, 74=200, 75=200, 76=200, 77=200, 78=200, 79=200, 180=200, 181=200, 182=200, 183=200, 184=200, 185=200, 186=200, 187=200, 188=200, 189=200, 80=200, 81=200, 82=200, 83=200, 84=200, 85=200, 86=200, 87=200, 88=200, 89=200, 190=200, 191=200, 192=200, 193=200, 194=200, 195=200, 196=200, 197=200, 198=200, 199=200, 90=200, 91=200, 92=200, 93=200, 94=200, 95=200, 96=200, 97=200, 98=200, 99=200, 200=200, 100=200, 101=200, 102=200, 103=200, 104=200, 105=200, 106=200, 107=200, 108=200, 109=200}
Number of gene trees: 200
0 trees have missing taxa
Calculating quartet distance matrix (for completion of X)
Species tree distances calculated ...
Building set of clusters (X) from gene trees 
------------------------------
gradient0: 33311
Number of Clusters after addition by distance: 33311
calculating extra bipartitions to be added at level 1 ...
Adding to X using resolutions of greedy consensus ...
Limit for sigma of degrees:5075
polytomy size limit : 69
discarded polytomies: 105  [3, 3, 3, 3, 3, 3, 3, 3, 3, 3, 3, 3, 3, 3, 3, 3, 4, 4, 4, 4, 4, 4, 5, 5, 6, 11, 12, 16, 17, 35, 52, 69, 105]
Threshold 0.0:
polytomy of size 12; rounds with additions with at least 5 support: 7; clusters: 34319
Threshold 0.01:
polytomy of size 3; rounds with additions with at least 5 support: 0; clusters: 34323
polytomy of size 16; rounds with additions with at least 5 support: 7; clusters: 36629
Threshold 0.02:
polytomy of size 3; rounds with additions with at least 5 support: 0; clusters: 36629
polytomy of size 3; rounds with additions with at least 5 support: 0; clusters: 36631
polytomy of size 3; rounds with additions with at least 5 support: 1; clusters: 36633
polytomy of size 4; rounds with additions with at least 5 support: 0; clusters: 36641
polytomy of size 17; rounds with additions with at least 5 support: 1; clusters: 38539
Threshold 0.05:
polytomy of size 3; rounds with additions with at least 5 support: 0; clusters: 38539
polytomy of size 3; rounds with additions with at least 5 support: 0; clusters: 38539
polytomy of size 5; rounds with additions with at least 5 support: 0; clusters: 38539
polytomy of size 35; rounds with additions with at least 5 support: 4; clusters: 38669
Threshold 0.1:
polytomy of size 4; rounds with additions with at least 5 support: 0; clusters: 38669
polytomy of size 4; rounds with additions with at least 5 support: 0; clusters: 38669
polytomy of size 3; rounds with additions with at least 5 support: 0; clusters: 38669
polytomy of size 52; rounds with additions with at least 5 support: 0; clusters: 38713
Threshold 0.2:
polytomy of size 3; rounds with additions with at least 5 support: 0; clusters: 38713
polytomy of size 11; rounds with additions with at least 5 support: 0; clusters: 38713
polytomy of size 4; rounds with additions with at least 5 support: 0; clusters: 38713
polytomy of size 3; rounds with additions with at least 5 support: 0; clusters: 38713
polytomy of size 69; rounds with additions with at least 5 support: 0; clusters: 38725
Threshold 0.3333333333333333:
polytomy of size 3; rounds with additions with at least 5 support: 0; clusters: 38725
polytomy of size 4; rounds with additions with at least 5 support: 0; clusters: 38725
polytomy of size 3; rounds with additions with at least 5 support: 0; clusters: 38725
polytomy of size 3; rounds with additions with at least 5 support: 0; clusters: 38725
polytomy of size 5; rounds with additions with at least 5 support: 0; clusters: 38725
polytomy of size 6; rounds with additions with at least 5 support: 0; clusters: 38725
polytomy of size 3; rounds with additions with at least 5 support: 0; clusters: 38725
polytomy of size 3; rounds with additions with at least 5 support: 0; clusters: 38725
polytomy of size 3; rounds with additions with at least 5 support: 0; clusters: 38725
polytomy of size 3; rounds with additions with at least 5 support: 0; clusters: 38725
polytomy of size 4; rounds with additions with at least 5 support: 0; clusters: 38725
polytomy of size 105; rounds with additions with at least 5 support: 0; clusters: 38775
max k is :14
Number of Clusters after addition by greedy: 38775
gradient0 in heuristiic: 38775
partitions formed in 30.564 secs
Dynamic Programming starting after 30.564 secs
Using tree-based weight calculation.
Using polytree-based weight calculation.
Polytree max score: 13199665848
Polytree building time: 0.267 seconds.
Number of quartet trees in the gene trees: 13199665848
Size of largest cluster: 201
Greedy score: 6514865721
estimationFactor: 2.026084099546708
Sub-optimal score: 6520611465
Calculated 100000 weights; time (seconds): 119
Total Number of elements weighted: 104213
Normalized score (portion of input quartet trees satisfied before correcting for multiple individuals): 0.5192546936359385
Optimization score: 6853988446
Optimal tree inferred in 123.653 secs.
(32,((9,(106,(168,140))),(90,(((199,((8,(47,16)),(128,(192,(88,15))))),((72,30),((124,(133,83)),(34,(176,((22,7),(139,(119,(76,189))))))))),((((28,((91,74),(62,(31,135)))),(((5,56),(94,(147,(196,42)))),(113,(55,((126,20),(183,(13,89))))))),((64,((198,75),(120,(170,(178,(137,50)))))),(((177,(169,(41,186))),((107,44),(145,(45,(111,(200,105)))))),((((19,54),(164,(154,116))),(70,((144,157),(184,(73,171))))),(150,(((141,39),(((101,14),(2,78)),(86,(52,(185,(123,180)))))),(((174,161),(49,(27,197))),((181,(191,121)),((79,84),(110,148)))))))))),(((6,((152,(65,165)),(130,(29,82)))),(((51,194),((179,129),(159,(69,(35,100))))),((109,155),(153,((103,(115,(167,108))),(85,(58,((81,173),((67,10),(24,(195,68))))))))))),((0,(66,((187,((40,36),((21,43),(131,(71,(4,(59,80))))))),((87,190),((122,136),((193,(60,182)),(146,(96,(162,127))))))))),((112,((158,188),(104,(18,37)))),((((143,93),(33,132)),((53,95),((102,(1,125)),(((98,163),(48,134)),(38,(17,(175,25))))))),(117,(((77,(142,160)),((46,151),(23,(138,118)))),(((166,97),(99,(156,61))),((149,11),((63,12),((3,26),(57,(172,(114,92))))))))))))))))));
Final quartet score is: 6853988446
Final normalized quartet score is: 0.5192546936359385
Extended species tree:
(59,(80,(4,(71,(131,((21,43)1:0.5456747195289067,((40,36)1:1.5694158113040475,(187,(((87,190)1:1.9062388556149752,((122,136)1:0.9570673812367791,((193,(60,182)1:0.36540323958824)1:0.8475687720868763,(146,(96,(162,127)1:0.20155071219294382)1:1.0067967643609557)1:0.45357943515841426)1:0.31362772628310404)1:0.17316041651679617)1:0.22926831328946226,(66,(0,(((112,((158,188)0.98:0.13582577095444218,(104,(18,37)0.45:0.019870472202749342)1:0.3715002588622558)1:0.18490429984436088)1:1.0582029001190014,((((143,93)1:0.34838088193305056,(33,132)0.99:0.14626459047159604)1:0.31956228286311417,((53,95)0.98:0.13563280183690157,((102,(1,125)0.98:0.12882580492990214)1:0.7850157247845904,(((98,163)1:0.2592250194680485,(48,134)1:0.39184512255489956)1:0.17591185905243054,(38,(17,(175,25)0.9:0.09294978365282548)1:0.26832372483919414)0.98:0.13317424910610276)1:0.22097338230510552)1:0.18148830607616706)0.71:0.05506102940581001)1:0.3606555235127515,(117,(((77,(142,160)1:0.39937783871951427)1:0.3265961793513768,((46,151)1:0.5304175919649159,(23,(138,118)1:0.5489313248249069)0.36:0.0024016022216864007)1:0.5491081770950536)0.69:0.053887290336335485,(((166,97)1:0.384013181390213,(99,(156,61)0.83:0.07874009897656684)1:0.2658389203550792)1:0.16741238941312078,((149,11)1:0.8936648570718653,((63,12)1:0.7908524103650562,((3,26)1:0.8978038844846185,(57,(172,(114,92)0.47:0.02613399178754198)1:0.6842591271281)1:0.1840750322732397)0.48:0.025990240937418148)0.94:0.10680395226446779)0.77:0.07202595898077797)1:0.43326603363081034)0.51:0.029857456188553053)1:0.20517412569996596)0.62:0.04286289065560966)1:0.49143856245798967,(((6,((152,(65,165)0.99:0.16150845236026032)1:0.4276770649005892,(130,(29,82)0.91:0.09722868562695557)1:0.6310513648542277)1:0.23209081221100006)1:1.1612338112355105,(((51,194)1:0.4526417537261981,((179,129)1:0.4911674581018974,(159,(69,(35,100)0.96:0.11775790844989942)1:0.29751544367791166)1:0.3569301110745896)1:0.3742225287828377)1:0.6832865524923912,((109,155)1:0.34737045506116804,(153,((103,(115,(167,108)0.48:0.02364717357562976)1:0.346841376987293)1:0.2850665965928454,(85,(58,((81,173)0.94:0.10880303707245723,((67,10)0.99:0.15477065773527762,(24,(195,68)1:0.19604954950264886)0.5:0.025057171806025028)0.44:0.02566326092033857)1:0.4924659395891786)0.51:0.026620525924977247)0.98:0.13149908317271103)0.96:0.11647443020605558)1:0.28129998244252163)1:0.7385619133317028)0.47:0.0234184147796294)1:0.21496617084864367,((((28,((91,74)1:0.47934758493995855,(62,(31,135)0.8:0.07005145316729346)1:0.3487676658155516)1:1.3900006724748788)0.42:0.014775994089349192,(((5,56)1:0.29747601803408186,(94,(147,(196,42)1:0.43152540136386963)1:0.17128337656997739)1:0.6215536201491522)1:0.5391249106074611,(113,(55,((126,20)0.95:0.12155002132843978,(183,(13,89)0.99:0.15301430536693994)1:0.2539764143316377)0.99:0.15438032731936896)1:0.9069103388004296)1:0.32248013227936023)1:0.3381637051648085)0.78:0.06582395253145829,((64,((198,75)1:1.3519620667140262,(120,(170,(178,(137,50)1:0.23521102071432756)0.95:0.11087696181968862)1:0.46933373488129077)0.99:0.15923084805069937)0.98:0.13568357931740144)1:0.38344681625492666,(((177,(169,(41,186)1:0.6634405553047231)0.57:0.038066746302475904)1:1.4152510927439266,((107,44)1:1.0964604280160575,(145,(45,(111,(200,105)0.98:0.13419927299104525)1:0.19823660694851697)1:0.5957761567402329)1:0.5517191462713006)1:0.17861046242853681)0.51:0.025982857064864705,((((19,54)0.75:0.06257071541672,(164,(154,116)0.88:0.10376204850658165)1:0.6645654960175092)1:1.1804133821923326,(70,((144,157)0.89:0.09028424838618979,(184,(73,171)1:0.9487351196182336)1:0.6037874361269108)0.99:0.15975379538051196)1:0.34324516045286335)0.49:0.02417471065008954,(150,(((141,39)1:0.9108069735178999,(((101,14)1:1.4047739928626684,(2,78)1:0.5407080508612752)1:0.22636507502806563,(86,(52,(185,(123,180)1:0.2532061175409689)1:0.8910605290605204)0.77:0.07012488136053482)0.85:0.08108743010797435)1:0.17213364595813524)0.6:0.040136359464059926,(((174,161)1:0.25217420337753815,(49,(27,197)1:0.3544912903471134)1:0.216311078559862)1:1.156311363352144,((181,(191,121)1:0.21987924828813263)1:0.7610765804089492,((79,84)1:0.38338882556484727,(110,148)1:0.32924408531152294)1:0.8937922313799009)1:0.34475966120692414)1:0.21594693967439774)0.85:0.08212903035985054)1:0.16508100786913896)0.77:0.06563252373036002)0.37:0.0045207474813623244)0.38:0.006489373743553831)0.43:0.014712494363260512,(((199,((8,(47,16)1:0.4417322497663918)0.82:0.07498941321511504,(128,(192,(88,15)1:0.2532061175409689)1:0.19284724822581725)1:0.6305322784075137)1:0.4667300511768122)0.98:0.13274130829735617,((72,30)1:1.456857712049581,((124,(133,83)1:0.936065091817711)1:0.4417536552938204,(34,(176,((22,7)0.81:0.07216544017894745,(139,(119,(76,189)1:0.35605055619520165)1:0.19807496466254304)0.38:0.005545389386928816)1:0.36853666609432956)1:0.20932427511157295)1:0.17577586249132093)0.95:0.1098790477856199)0.64:0.044860550696460916)1:0.18283866791985165,(90,((9,(106,(168,140)0.99:0.16746190872186997)1:0.5055236448324737)1:0.28081834973435976,32)0.88:0.08811834578380903)1:0.17325268911496355)1:0.27576855798349464)0.47:0.021878337353032126)0.42:0.013340554860778524)0.42:0.014016638739667527)0.64:0.045402064885583446)0.41:0.012457218871517463)0.69:0.052703156952174035)0.56:0.03482333611292125)1:0.7109231781566099)1:0.43778477681482386)1:0.24087134505555013)1:0.40604297031832115)0.9:0.10229972398603714));
Weight calculation took 86.726882886 secs
ASTRAL finished in 126.161 secs
