
================== ASTRAL ===================== 

This is ASTRAL version 5.7.8
Gene trees are treated as unrooted
1000 trees read from Dataset/AstralII_data/model.200.500000.0.000001/06/estimatedgenetre.halfresolved
index0
All output trees will be *arbitrarily* rooted at 59

======== Running the main analysis
Number of taxa: 201 (201 species)
Taxa: [59, 71, 120, 170, 178, 137, 17, 175, 98, 163, 38, 48, 134, 33, 143, 132, 117, 53, 102, 25, 99, 156, 61, 142, 160, 77, 166, 3, 26, 63, 12, 97, 149, 11, 46, 114, 95, 1, 125, 104, 158, 188, 18, 23, 138, 118, 92, 172, 57, 151, 131, 191, 181, 121, 28, 109, 155, 167, 108, 35, 69, 100, 51, 194, 159, 179, 129, 6, 29, 82, 152, 130, 65, 165, 113, 0, 50, 66, 145, 45, 200, 87, 190, 41, 169, 186, 177, 5, 112, 2, 107, 44, 13, 183, 94, 21, 43, 80, 4, 196, 147, 42, 56, 86, 78, 101, 14, 185, 123, 141, 52, 180, 39, 73, 171, 184, 144, 157, 49, 27, 197, 110, 148, 79, 84, 174, 161, 55, 126, 89, 20, 70, 198, 75, 162, 85, 58, 67, 103, 153, 115, 195, 81, 68, 10, 173, 24, 127, 96, 60, 182, 193, 19, 146, 122, 136, 150, 54, 164, 154, 116, 91, 31, 135, 62, 74, 32, 72, 30, 168, 9, 37, 64, 111, 105, 124, 22, 34, 88, 192, 15, 128, 8, 140, 106, 47, 16, 76, 119, 7, 189, 133, 83, 176, 139, 199, 93, 90, 187, 40, 36]
Taxon occupancy: {110=1000, 111=1000, 112=1000, 113=1000, 114=1000, 115=1000, 116=1000, 117=1000, 118=1000, 119=1000, 10=1000, 11=1000, 12=1000, 13=1000, 14=1000, 15=1000, 16=1000, 17=1000, 18=1000, 19=1000, 120=1000, 121=1000, 0=1000, 1=1000, 122=1000, 2=1000, 123=1000, 3=1000, 124=1000, 125=1000, 4=1000, 5=1000, 126=1000, 6=1000, 127=1000, 128=1000, 7=1000, 129=1000, 8=1000, 9=1000, 20=1000, 21=1000, 22=1000, 23=1000, 24=1000, 25=1000, 26=1000, 27=1000, 28=1000, 29=1000, 130=1000, 131=1000, 132=1000, 133=1000, 134=1000, 135=1000, 136=1000, 137=1000, 138=1000, 139=1000, 30=1000, 31=1000, 32=1000, 33=1000, 34=1000, 35=1000, 36=1000, 37=1000, 38=1000, 39=1000, 140=1000, 141=1000, 142=1000, 143=1000, 144=1000, 145=1000, 146=1000, 147=1000, 148=1000, 149=1000, 40=1000, 41=1000, 42=1000, 43=1000, 44=1000, 45=1000, 46=1000, 47=1000, 48=1000, 49=1000, 150=1000, 151=1000, 152=1000, 153=1000, 154=1000, 155=1000, 156=1000, 157=1000, 158=1000, 159=1000, 50=1000, 51=1000, 52=1000, 53=1000, 54=1000, 55=1000, 56=1000, 57=1000, 58=1000, 59=1000, 160=1000, 161=1000, 162=1000, 163=1000, 164=1000, 165=1000, 166=1000, 167=1000, 168=1000, 169=1000, 60=1000, 61=1000, 62=1000, 63=1000, 64=1000, 65=1000, 66=1000, 67=1000, 68=1000, 69=1000, 170=1000, 171=1000, 172=1000, 173=1000, 174=1000, 175=1000, 176=1000, 177=1000, 178=1000, 179=1000, 70=1000, 71=1000, 72=1000, 73=1000, 74=1000, 75=1000, 76=1000, 77=1000, 78=1000, 79=1000, 180=1000, 181=1000, 182=1000, 183=1000, 184=1000, 185=1000, 186=1000, 187=1000, 188=1000, 189=1000, 80=1000, 81=1000, 82=1000, 83=1000, 84=1000, 85=1000, 86=1000, 87=1000, 88=1000, 89=1000, 190=1000, 191=1000, 192=1000, 193=1000, 194=1000, 195=1000, 196=1000, 197=1000, 198=1000, 199=1000, 90=1000, 91=1000, 92=1000, 93=1000, 94=1000, 95=1000, 96=1000, 97=1000, 98=1000, 99=1000, 200=1000, 100=1000, 101=1000, 102=1000, 103=1000, 104=1000, 105=1000, 106=1000, 107=1000, 108=1000, 109=1000}
Number of gene trees: 1000
0 trees have missing taxa
Calculating quartet distance matrix (for completion of X)
Species tree distances calculated ...
Building set of clusters (X) from gene trees 
------------------------------
gradient0: 133401
Number of Clusters after addition by distance: 133401
calculating extra bipartitions to be added at level 1 ...
Adding to X using resolutions of greedy consensus ...
Limit for sigma of degrees:5075
polytomy size limit : 52
discarded polytomies: 69 106  [3, 3, 3, 3, 3, 3, 3, 3, 3, 3, 3, 3, 3, 3, 4, 4, 4, 4, 5, 6, 6, 10, 11, 16, 19, 41, 52, 69, 106]
Threshold 0.0:
polytomy of size 10; rounds with additions with at least 5 support: 9; clusters: 133819
Threshold 0.01:
polytomy of size 3; rounds with additions with at least 5 support: 0; clusters: 133821
polytomy of size 16; rounds with additions with at least 5 support: 10; clusters: 134943
Threshold 0.02:
polytomy of size 3; rounds with additions with at least 5 support: 0; clusters: 134943
polytomy of size 5; rounds with additions with at least 5 support: 0; clusters: 134957
polytomy of size 19; rounds with additions with at least 5 support: 4; clusters: 136459
Threshold 0.05:
polytomy of size 3; rounds with additions with at least 5 support: 0; clusters: 136459
polytomy of size 41; rounds with additions with at least 5 support: 0; clusters: 136489
Threshold 0.1:
polytomy of size 4; rounds with additions with at least 5 support: 0; clusters: 136489
polytomy of size 4; rounds with additions with at least 5 support: 0; clusters: 136489
polytomy of size 3; rounds with additions with at least 5 support: 0; clusters: 136489
polytomy of size 52; rounds with additions with at least 5 support: 0; clusters: 136521
Threshold 0.2:
polytomy of size 3; rounds with additions with at least 5 support: 0; clusters: 136521
polytomy of size 3; rounds with additions with at least 5 support: 0; clusters: 136521
polytomy of size 11; rounds with additions with at least 5 support: 0; clusters: 136521
polytomy of size 3; rounds with additions with at least 5 support: 0; clusters: 136521
polytomy of size 69; rounds with additions with at least 5 support: 0; clusters: 136559
Threshold 0.3333333333333333:
polytomy of size 3; rounds with additions with at least 5 support: 0; clusters: 136559
polytomy of size 4; rounds with additions with at least 5 support: 0; clusters: 136559
polytomy of size 6; rounds with additions with at least 5 support: 0; clusters: 136559
polytomy of size 4; rounds with additions with at least 5 support: 0; clusters: 136559
polytomy of size 6; rounds with additions with at least 5 support: 0; clusters: 136559
polytomy of size 3; rounds with additions with at least 5 support: 0; clusters: 136559
polytomy of size 3; rounds with additions with at least 5 support: 0; clusters: 136559
polytomy of size 3; rounds with additions with at least 5 support: 0; clusters: 136559
polytomy of size 3; rounds with additions with at least 5 support: 0; clusters: 136559
polytomy of size 3; rounds with additions with at least 5 support: 0; clusters: 136559
polytomy of size 3; rounds with additions with at least 5 support: 0; clusters: 136559
polytomy of size 106; rounds with additions with at least 5 support: 0; clusters: 136559
max k is :20
Number of Clusters after addition by greedy: 136559
gradient0 in heuristiic: 136559
partitions formed in 155.021 secs
Dynamic Programming starting after 155.021 secs
Using tree-based weight calculation.
Using polytree-based weight calculation.
Polytree max score: 65998214457
Polytree building time: 2.73 seconds.
Number of quartet trees in the gene trees: 65998214457
Size of largest cluster: 201
Greedy score: 29818660953
estimationFactor: 2.2133191883105012
Sub-optimal score: 32156595217
Calculated 100000 weights; time (seconds): 533
Calculated 200000 weights; time (seconds): 371
Calculated 300000 weights; time (seconds): 373
Calculated 400000 weights; time (seconds): 394
Total Number of elements weighted: 473791
Normalized score (portion of input quartet trees satisfied before correcting for multiple individuals): 0.5193686981233842
Optimization score: 34277406721
Optimal tree inferred in 1983.846 secs.
(32,((9,(106,(168,140))),(90,((((72,30),(199,((8,(47,16)),(128,(192,(88,15)))))),((124,(133,83)),(34,(176,((22,7),(139,(119,(76,189)))))))),(((64,((198,75),(120,(170,(178,(137,50)))))),(((177,(169,(41,186))),(((107,44),(145,(45,(111,(200,105))))),((28,((91,74),(62,(31,135)))),(((5,56),(94,(147,(196,42)))),(113,(55,((126,20),(183,(13,89))))))))),((((19,54),(164,(154,116))),(70,((144,157),(184,(73,171))))),(150,(((141,39),(((2,78),(101,14)),((86,52),(185,(123,180))))),(((174,161),(49,(27,197))),((181,(191,121)),((110,148),(79,84))))))))),((((51,194),((179,129),(159,(69,(35,100))))),((6,((152,(65,165)),(130,(29,82)))),((109,155),(153,((103,(115,(167,108))),((85,58),((81,173),((67,10),(24,(195,68)))))))))),((0,(66,((187,((40,36),((21,43),(131,(71,(4,(59,80))))))),((87,190),((122,136),((193,(60,182)),(146,(96,(162,127))))))))),((112,((158,188),(37,(104,18)))),((((143,93),(33,132)),((53,95),((102,(1,125)),((38,(17,(175,25))),((48,134),(98,163)))))),(((77,(142,160)),(23,((138,118),(46,151)))),(117,(((166,97),(99,(156,61))),((149,11),((63,12),((3,26),(57,(172,(114,92))))))))))))))))));
Final quartet score is: 34277406721
Final normalized quartet score is: 0.5193686981233842
Extended species tree:
(59,(80,(4,(71,(131,((21,43)1:0.4167984896445711,((40,36)1:1.6126080182057205,(187,(((87,190)1:2.023901533105418,((122,136)1:0.9513717184815081,((193,(60,182)1:0.4438833098297949)1:0.9316425311053094,(146,(96,(162,127)1:0.15288380083420633)1:0.9440632428603837)1:0.42246695007386775)1:0.23815956561324372)1:0.1855205418903776)1:0.20002767201948154,(66,(0,(((112,((158,188)1:0.11444247788548224,(37,(104,18)1:0.09821479118634746)1:0.3211262955790264)1:0.18611264228532748)1:1.0765701750620549,((((143,93)1:0.3193632949101178,(33,132)0.71:0.026443636996923547)1:0.34428113838237906,((53,95)1:0.16276578334168765,((102,(1,125)1:0.11786534310312513)1:0.9339751178070097,((38,(17,(175,25)0.6:0.018901208249151768)1:0.24597708730370438)1:0.14414916939846031,((48,134)1:0.30578642104173936,(98,163)1:0.3464128589559634)1:0.19333135609950236)1:0.19998331528495425)1:0.20806333517944173)0.77:0.029574259668030865)1:0.372762947911341,(((77,(142,160)1:0.33638747649232636)1:0.3466400627722922,(23,((138,118)1:0.5986473173237983,(46,151)1:0.597745261886789)1:0.07022771707199484)1:0.5732088407173825)1:0.08186535449065115,(117,(((166,97)1:0.4231463454794827,(99,(156,61)0.99:0.061610391183182615)1:0.3400070911072831)1:0.09782537663820655,((149,11)1:0.8625570221022731,((63,12)1:0.7453357683214722,((3,26)1:0.9414298372487631,(57,(172,(114,92)0.9:0.041520422515058976)1:0.7089563925410349)1:0.1589990387823642)0.5:0.014691154511159162)1:0.10042093734309333)1:0.11718588241551316)1:0.3740935603967063)0.64:0.020483871841621506)1:0.2288322568469497)0.96:0.05200325071248175)1:0.4468432753241076,((((51,194)1:0.4947438637430221,((179,129)1:0.45555991531582696,(159,(69,(35,100)1:0.16921183964347425)1:0.3038213747729992)1:0.41867344934773104)1:0.3580705256624645)1:0.7589991272566511,((6,((152,(65,165)1:0.2567599838722916)1:0.3694916779026218,(130,(29,82)1:0.07668451858340457)1:0.6922294074142785)1:0.24839342733776876)1:1.0370250319644325,((109,155)1:0.3774340646433915,(153,((103,(115,(167,108)0.99:0.07072745475180715)1:0.32730215772389015)1:0.3072078218709559,((85,58)0.5:0.012541832513299402,((81,173)1:0.11630832937773966,((67,10)1:0.07261492835153865,(24,(195,68)1:0.1237659117981734)0.9:0.04321045161959925)0.92:0.044270188353499135)1:0.4841652463980994)1:0.15782426883284517)1:0.11027671331296908)1:0.27639387276991684)1:0.6692106489830824)0.71:0.026115718361636887)1:0.2484228187236161,(((64,((198,75)1:1.4448268754649998,(120,(170,(178,(137,50)1:0.22882254401943175)1:0.114600303879171)1:0.6000849609810749)1:0.1688033681220949)1:0.1456063598698912)1:0.3131420419929243,(((177,(169,(41,186)1:0.6152794890423939)1:0.06970098933042343)1:1.4951501164593395,(((107,44)1:1.2571015424899417,(145,(45,(111,(200,105)1:0.15085386698953626)1:0.18774351213663903)1:0.6369757954755197)1:0.4824727789605443)1:0.16815367612960275,((28,((91,74)1:0.45530887875645176,(62,(31,135)1:0.10019362262971615)1:0.40654210006151864)1:1.4962963286077797)0.55:0.014891834129381123,(((5,56)1:0.3453306141145764,(94,(147,(196,42)1:0.4099963871965101)1:0.0718854734315255)1:0.6466057404788266)1:0.467411562667569,(113,(55,((126,20)0.78:0.033238668515313805,(183,(13,89)1:0.099227751202101)1:0.2890139261447707)1:0.15738194219389026)1:0.9188210424748848)1:0.24046626704915255)1:0.4206685704028807)0.52:0.01362966394459836)0.46:0.010111492873388396)0.62:0.0192248505503897,((((19,54)1:0.10774987027996427,(164,(154,116)1:0.15217481297880373)1:0.6461804712412593)1:1.0567136354020292,(70,((144,157)1:0.1353971572690428,(184,(73,171)1:1.047321264739952)1:0.5814377211039196)1:0.13850655099105907)1:0.37179397388078816)0.82:0.032952870453019874,(150,(((141,39)1:0.9562111657375206,(((2,78)1:0.5201140048407212,(101,14)1:1.3785755527478902)1:0.26283109419475503,((86,52)0.99:0.06628387778362592,(185,(123,180)1:0.22370164106724716)1:1.1369392056169871)1:0.15833351851942487)1:0.14606147626351867)1:0.07178051989858557,(((174,161)1:0.1461255487332481,(49,(27,197)1:0.2915189470010067)1:0.22748328601382614)1:1.1496157848043527,((181,(191,121)1:0.23395428232685425)1:0.8696997011538509,((110,148)1:0.2978862426260224,(79,84)1:0.44248375158593173)1:0.8181215267153852)1:0.3247575356762716)1:0.2618649775556356)1:0.07015197073179893)1:0.1374820912716425)1:0.08904391102217883)0.5:0.011772329208313248)0.72:0.025753647804119782,((((72,30)1:1.4962253177627627,(199,((8,(47,16)1:0.5506893351502169)0.98:0.060824405764369746,(128,(192,(88,15)1:0.2807967399414362)1:0.18206955631701438)1:0.7088557047027944)1:0.3422763955780317)1:0.17724657487422002)0.56:0.015696558257915917,((124,(133,83)1:0.906271615289188)1:0.47315016966280643,(34,(176,((22,7)1:0.09020351369986876,(139,(119,(76,189)1:0.2462503563850888)1:0.18265799597661234)0.45:0.009601161310900469)1:0.35205127488476184)1:0.2689636116078942)1:0.18495442041406887)1:0.22866515331517825)1:0.17816894455805152,(90,((9,(106,(168,140)1:0.1949704669613786)1:0.5204920149544294)1:0.290830137801888,32)1:0.09862505084830127)1:0.16530017653921433)1:0.31760953174408596)0.56:0.01655265646229118)0.47:0.009812282516417595)0.42:0.0060649792537186)1:0.09805192730605927)0.55:0.015797920474784108)0.99:0.06561425333245852)0.99:0.06323640893806053)1:0.6639630738826414)1:0.46150201668558866)1:0.29751640359063836)1:0.35883719396996105)1:0.23433183257986867));
Weight calculation took 1738.376038269 secs
ASTRAL finished in 1996.26 secs
