
================== ASTRAL ===================== 

This is ASTRAL version 5.7.8
Gene trees are treated as unrooted
999 trees read from Dataset/AstralII_data/model.200.10000000.0.000001/19/estimatedgenetre.halfresolved
index0
All output trees will be *arbitrarily* rooted at 52

======== Running the main analysis
Number of taxa: 201 (201 species)
Taxa: [52, 154, 179, 1, 122, 37, 68, 140, 110, 142, 176, 7, 88, 112, 25, 102, 190, 31, 39, 123, 14, 72, 158, 38, 53, 124, 184, 3, 161, 90, 6, 133, 163, 95, 178, 148, 165, 63, 137, 108, 182, 75, 2, 36, 106, 167, 8, 12, 129, 20, 132, 43, 151, 191, 58, 96, 89, 78, 91, 67, 100, 71, 66, 86, 0, 73, 134, 22, 169, 42, 144, 10, 170, 34, 62, 194, 171, 19, 47, 177, 15, 185, 145, 27, 192, 189, 29, 28, 79, 152, 9, 117, 116, 121, 115, 4, 97, 187, 141, 80, 107, 11, 60, 50, 138, 195, 193, 197, 103, 93, 166, 32, 101, 180, 76, 69, 55, 131, 105, 157, 160, 188, 99, 85, 48, 136, 156, 33, 164, 51, 196, 40, 46, 57, 120, 45, 81, 199, 84, 94, 125, 109, 82, 16, 126, 74, 35, 159, 139, 30, 198, 114, 59, 113, 172, 21, 147, 111, 49, 104, 61, 149, 135, 92, 65, 150, 41, 24, 44, 162, 54, 127, 173, 153, 155, 183, 118, 98, 5, 168, 186, 13, 143, 87, 64, 26, 83, 17, 181, 146, 130, 174, 56, 200, 23, 175, 70, 128, 119, 77, 18]
Taxon occupancy: {110=999, 111=999, 112=999, 113=999, 114=999, 115=999, 116=999, 117=999, 118=999, 119=999, 10=999, 11=999, 12=999, 13=999, 14=999, 15=999, 16=999, 17=999, 18=999, 19=999, 120=999, 0=999, 121=999, 1=999, 122=999, 123=999, 2=999, 124=999, 3=999, 4=999, 125=999, 126=999, 5=999, 6=999, 127=999, 7=999, 128=999, 8=999, 129=999, 9=999, 20=999, 21=999, 22=999, 23=999, 24=999, 25=999, 26=999, 27=999, 28=999, 29=999, 130=999, 131=999, 132=999, 133=999, 134=999, 135=999, 136=999, 137=999, 138=999, 139=999, 30=999, 31=999, 32=999, 33=999, 34=999, 35=999, 36=999, 37=999, 38=999, 39=999, 140=999, 141=999, 142=999, 143=999, 144=999, 145=999, 146=999, 147=999, 148=999, 149=999, 40=999, 41=999, 42=999, 43=999, 44=999, 45=999, 46=999, 47=999, 48=999, 49=999, 150=999, 151=999, 152=999, 153=999, 154=999, 155=999, 156=999, 157=999, 158=999, 159=999, 50=999, 51=999, 52=999, 53=999, 54=999, 55=999, 56=999, 57=999, 58=999, 59=999, 160=999, 161=999, 162=999, 163=999, 164=999, 165=999, 166=999, 167=999, 168=999, 169=999, 60=999, 61=999, 62=999, 63=999, 64=999, 65=999, 66=999, 67=999, 68=999, 69=999, 170=999, 171=999, 172=999, 173=999, 174=999, 175=999, 176=999, 177=999, 178=999, 179=999, 70=999, 71=999, 72=999, 73=999, 74=999, 75=999, 76=999, 77=999, 78=999, 79=999, 180=999, 181=999, 182=999, 183=999, 184=999, 185=999, 186=999, 187=999, 188=999, 189=999, 80=999, 81=999, 82=999, 83=999, 84=999, 85=999, 86=999, 87=999, 88=999, 89=999, 190=999, 191=999, 192=999, 193=999, 194=999, 195=999, 196=999, 197=999, 198=999, 199=999, 90=999, 91=999, 92=999, 93=999, 94=999, 95=999, 96=999, 97=999, 98=999, 99=999, 200=999, 100=999, 101=999, 102=999, 103=999, 104=999, 105=999, 106=999, 107=999, 108=999, 109=999}
Number of gene trees: 999
0 trees have missing taxa
Calculating quartet distance matrix (for completion of X)
Species tree distances calculated ...
Building set of clusters (X) from gene trees 
------------------------------
gradient0: 9799
Number of Clusters after addition by distance: 9799
calculating extra bipartitions to be added at level 1 ...
Adding to X using resolutions of greedy consensus ...
Limit for sigma of degrees:5075
polytomy size limit : 5
discarded polytomies:  [3, 3, 3, 3, 3, 3, 3, 3, 3, 5]
Threshold 0.0:
Threshold 0.01:
Threshold 0.02:
Threshold 0.05:
Threshold 0.1:
Threshold 0.2:
polytomy of size 3; rounds with additions with at least 5 support: 0; clusters: 9799
Threshold 0.3333333333333333:
polytomy of size 3; rounds with additions with at least 5 support: 0; clusters: 9799
polytomy of size 3; rounds with additions with at least 5 support: 0; clusters: 9799
polytomy of size 3; rounds with additions with at least 5 support: 0; clusters: 9799
polytomy of size 3; rounds with additions with at least 5 support: 0; clusters: 9799
polytomy of size 3; rounds with additions with at least 5 support: 0; clusters: 9799
polytomy of size 3; rounds with additions with at least 5 support: 0; clusters: 9799
polytomy of size 5; rounds with additions with at least 5 support: 0; clusters: 9799
polytomy of size 3; rounds with additions with at least 5 support: 0; clusters: 9799
polytomy of size 3; rounds with additions with at least 5 support: 0; clusters: 9799
max k is :0
Number of Clusters after addition by greedy: 9799
gradient0 in heuristiic: 9799
partitions formed in 17.726 secs
Dynamic Programming starting after 17.726 secs
Using tree-based weight calculation.
Using polytree-based weight calculation.
Polytree max score: 65932119792
Polytree building time: 2.58 seconds.
Number of quartet trees in the gene trees: 65932119792
Size of largest cluster: 201
Greedy score: 61454408154
estimationFactor: 1.072862334411865
Sub-optimal score: 61720705203
Total Number of elements weighted: 26194
Normalized score (portion of input quartet trees satisfied before correcting for multiple individuals): 0.9444790868616336
Optimization score: 62271508296
Optimal tree inferred in 37.681 secs.
(198,(113,((114,59),(30,(139,(((166,32),(((55,(131,(105,157))),(101,(180,(76,69)))),(160,(((82,(16,126)),(74,(35,159))),(((84,(94,(125,109))),(188,((136,156),(99,(85,48))))),(33,((199,(45,81)),((51,196),(164,(40,(46,(57,120)))))))))))),((((195,((103,93),(193,197))),((50,138),(107,(11,60)))),((27,(29,(192,189))),(187,((141,80),((115,(97,(121,4))),((28,79),(116,(9,(152,117))))))))),((((49,(149,(104,61))),(((21,147),(172,111)),(((44,162),(54,(127,173))),((41,24),(135,(92,(65,150))))))),(((98,(5,168)),(153,(155,(183,118)))),((186,13),(((56,(119,(77,18))),(200,(23,(175,(70,128))))),((130,174),(143,((26,(87,64)),((83,17),(181,146))))))))),((0,(((15,(185,145)),(73,((42,144),(169,(134,22))))),((34,(10,170)),((62,194),(171,(19,(47,177))))))),(((52,154),(37,(122,(179,1)))),(((43,151),(8,(12,(20,(129,132))))),((191,((96,(58,89)),(78,((91,67),((66,86),(100,71)))))),((((163,(95,178)),(148,(165,63))),(36,((106,167),((137,108),(182,(75,2)))))),(((158,(72,38)),((53,124),((90,(6,133)),(184,(3,161))))),(68,(((190,31),(14,(39,123))),((110,(140,142)),((25,102),((176,112),(7,88))))))))))))))))))));
Final quartet score is: 62271508296
Final normalized quartet score is: 0.9444790868616336
Extended species tree:
(52,(154,((37,(122,(179,1)1:0.20451800023207495)1:0.6868168614230462)1:1.3740201980684192,((((43,151)1:3.9214731612096085,(8,(12,(20,(129,132)1:0.14210054464556873)1:1.1384813461988479)1:0.612986843996513)1:2.7068009817017784)1:5.680525612491955,((191,((96,(58,89)1:0.5787729707868408)1:4.906631535923703,(78,((91,67)1:2.817199938082054,((66,86)1:2.355450830570854,(100,71)1:3.1005926641701356)1:1.6012694423335772)1:1.4698412683456812)1:0.10220958047645322)1:2.723377594056558)1:2.3805690671477957,((((163,(95,178)1:1.3068748482148824)1:0.3564753301632534,(148,(165,63)1:2.7660595456450334)1:1.954459410582601)1:0.27200904418976124,(36,((106,167)1:2.9584919580704154,((137,108)1:3.015919674631923,(182,(75,2)1:1.5179201700835239)1:1.0019799313777409)1:2.0652386840214896)1:0.45312549388187495)1:2.3618140796643576)1:2.583399576692537,(((158,(72,38)1:0.2576395200460501)1:4.8122429097182655,((53,124)1:2.6509172713024522,((90,(6,133)1:1.1704693928084555)1:2.6589802211698528,(184,(3,161)1:0.20780486545362875)1:4.2146885666691745)1:1.1760964199599173)1:1.5475880353576046)1:2.001712012837257,(68,(((190,31)1:2.26945882517255,(14,(39,123)1:1.1087240006435042)1:0.9510877056938981)1:1.959985727230319,((110,(140,142)1:0.29275099688172873)1:2.7256498147584463,((25,102)1:1.6349863794497996,((176,112)1:0.655650038512672,(7,88)1:0.9662184202747278)1:1.7467301671669473)1:1.4769735814631522)1:0.5790203504564171)1:3.391784829794793)1:1.0285488216419636)0.91:0.041735518994503625)1:1.1015606367719906)1:0.10398016447925337)1:4.090235369471974,((0,(((15,(185,145)1:3.4577677331505488)1:4.718373879106943,(73,((42,144)1:1.9222514965539816,(169,(134,22)1:0.3319577904291382)1:1.2574010213098095)1:1.4691911377763331)1:2.7573060987086255)1:1.505828929815079,((34,(10,170)1:0.9017863290678205)1:3.740665235345094,((62,194)1:0.5286143188472701,(171,(19,(47,177)1:1.0152347282587841)1:0.20890765522965807)1:2.1862435067355293)1:1.0301480725197707)1:4.845827319795025)1:6.502290170873972)1:5.111767473644564,((((49,(149,(104,61)1:0.6366209140999287)1:3.638784847408642)1:4.969936384073668,(((21,147)1:2.9913510223229856,(172,111)1:0.29390443695672835)1:1.5988471984176298,(((44,162)1:0.8965881495983175,(54,(127,173)1:1.174139300762742)1:0.6651362866279478)1:4.508505262381717,((41,24)1:1.3795911730737713,(135,(92,(65,150)1:0.43397117849568745)1:0.4252294542787837)1:0.10507175594156658)1:5.443038956086432)1:0.4898917053538519)1:0.891317113595242)1:1.0939872862139608,(((98,(5,168)1:3.605042948201205)1:2.412336678602911,(153,(155,(183,118)1:2.532474833606903)1:0.8307739674545331)1:3.9968343674877866)1:0.49566953256083524,((186,13)1:3.4999714485392297,(((56,(119,(77,18)1:0.6705113750219446)1:2.4252260386528293)1:0.23678698233702938,(200,(23,(175,(70,128)1:1.262425617142204)1:0.36916706130431165)1:0.3711370845973418)1:3.779548784105102)1:0.3227363913777339,((130,174)1:2.2106953891060037,(143,((26,(87,64)1:0.16757913639282251)1:2.6372959701323455,((83,17)1:0.16486044962246332,(181,146)1:1.4279162775360985)1:1.9556147004453837)1:0.19835248684817336)1:2.6415956976527357)1:1.2004366442447278)1:0.5491549737438469)1:0.38779688307662075)1:3.37517480060648)1:5.095824016040568,((((195,((103,93)1:0.9034538896330573,(193,197)1:1.82980777098532)1:1.8466763280172411)1:4.374526038792988,((50,138)1:6.502290170873972,(107,(11,60)1:1.8247419078977778)1:4.986938697524486)1:0.8367394860678337)1:3.2252209634607643,((27,(29,(192,189)1:0.7510583028415722)1:5.115995809754081)1:5.403677882205862,(187,((141,80)1:5.215348541205107,((115,(97,(121,4)1:0.9127503844890166)1:0.7429826373549897)1:2.9996807354107893,((28,79)1:2.526792241242755,(116,(9,(152,117)1:0.2784782931255101)0.61:0.0189385032301152)1:1.7171752612333475)1:4.105347279099972)1:1.1343731211016967)1:0.306485411968304)1:1.946993616228731)1:3.4140629457451577)1:1.3853568944676633,(((166,32)1:6.502290170873972,(((55,(131,(105,157)1:3.0046290751766)1:2.225060195062601)1:0.9101020199632766,(101,(180,(76,69)1:0.9176224946074844)0.61:0.022020065474963362)1:2.7902251999236305)1:4.579353719886919,(160,(((82,(16,126)1:0.9731590863554592)1:1.1652912804991913,(74,(35,159)1:1.8201596934800375)1:0.4450349686997622)1:1.2733032465504868,(((84,(94,(125,109)0.54:0.017476104790161342)1:0.9296929053852615)1:3.485461261242614,(188,((136,156)1:1.0238131963814348,(99,(85,48)1:0.4832655162668212)1:1.104160104231147)1:0.20687889328092626)1:1.1111644816544208)1:0.6610911629201092,(33,((199,(45,81)1:3.121643193422387)1:0.16435758978453643,((51,196)1:2.6749825203177475,(164,(40,(46,(57,120)0.58:0.01728126552924063)1:2.4039737215098906)1:0.11691039631445449)1:0.2741666321617394)1:1.1651912980377654)1:0.38551378144798465)1:0.10187199966707822)1:0.5349547010601885)1:2.300143814399682)1:3.335732443190763)1:0.6793886818882007)1:2.2781902824969635,(139,(30,((114,59)1:4.151382140618497,(113,198)1:0.3150428353000197)1:1.5394315189482364)1:4.407736433696516)1:1.4104491230711131)1:0.876395662542845)1:2.7646845431557634)1:0.5096887107568097)1:3.9779183788770003)1:6.502290170873972)1:1.6154574941924864));
Weight calculation took 16.262909116 secs
ASTRAL finished in 47.977 secs
