
================== ASTRAL ===================== 

This is ASTRAL version 5.7.8
Gene trees are treated as unrooted
50 trees read from Dataset/AstralII_data/model.200.10000000.0.000001/19/estimatedgenetre.halfresolved_50
index0
All output trees will be *arbitrarily* rooted at 52

======== Running the main analysis
Number of taxa: 201 (201 species)
Taxa: [52, 154, 179, 1, 122, 37, 68, 140, 110, 142, 176, 7, 88, 112, 25, 102, 190, 31, 39, 123, 14, 72, 158, 38, 53, 124, 184, 3, 161, 90, 6, 133, 163, 95, 178, 148, 165, 63, 137, 108, 182, 75, 2, 36, 106, 167, 8, 12, 129, 20, 132, 43, 151, 191, 58, 96, 89, 78, 91, 67, 100, 71, 66, 86, 0, 73, 134, 22, 169, 42, 144, 10, 170, 34, 62, 194, 171, 19, 47, 177, 15, 185, 145, 27, 192, 189, 29, 28, 79, 152, 9, 117, 116, 121, 115, 4, 97, 187, 141, 80, 107, 11, 60, 50, 138, 195, 193, 197, 103, 93, 166, 32, 101, 180, 76, 69, 55, 131, 105, 157, 160, 188, 99, 85, 48, 136, 156, 33, 164, 51, 196, 40, 46, 57, 120, 45, 81, 199, 84, 94, 125, 109, 82, 16, 126, 74, 35, 159, 139, 30, 198, 114, 59, 113, 172, 21, 147, 111, 49, 104, 61, 149, 135, 92, 65, 150, 41, 24, 44, 162, 54, 127, 173, 153, 155, 183, 118, 98, 5, 168, 186, 13, 143, 87, 64, 26, 83, 17, 181, 146, 130, 174, 56, 200, 23, 175, 70, 128, 119, 77, 18]
Taxon occupancy: {110=50, 111=50, 112=50, 113=50, 114=50, 115=50, 116=50, 117=50, 118=50, 119=50, 10=50, 11=50, 12=50, 13=50, 14=50, 15=50, 16=50, 17=50, 18=50, 19=50, 120=50, 0=50, 121=50, 1=50, 122=50, 123=50, 2=50, 124=50, 3=50, 4=50, 125=50, 126=50, 5=50, 6=50, 127=50, 7=50, 128=50, 8=50, 129=50, 9=50, 20=50, 21=50, 22=50, 23=50, 24=50, 25=50, 26=50, 27=50, 28=50, 29=50, 130=50, 131=50, 132=50, 133=50, 134=50, 135=50, 136=50, 137=50, 138=50, 139=50, 30=50, 31=50, 32=50, 33=50, 34=50, 35=50, 36=50, 37=50, 38=50, 39=50, 140=50, 141=50, 142=50, 143=50, 144=50, 145=50, 146=50, 147=50, 148=50, 149=50, 40=50, 41=50, 42=50, 43=50, 44=50, 45=50, 46=50, 47=50, 48=50, 49=50, 150=50, 151=50, 152=50, 153=50, 154=50, 155=50, 156=50, 157=50, 158=50, 159=50, 50=50, 51=50, 52=50, 53=50, 54=50, 55=50, 56=50, 57=50, 58=50, 59=50, 160=50, 161=50, 162=50, 163=50, 164=50, 165=50, 166=50, 167=50, 168=50, 169=50, 60=50, 61=50, 62=50, 63=50, 64=50, 65=50, 66=50, 67=50, 68=50, 69=50, 170=50, 171=50, 172=50, 173=50, 174=50, 175=50, 176=50, 177=50, 178=50, 179=50, 70=50, 71=50, 72=50, 73=50, 74=50, 75=50, 76=50, 77=50, 78=50, 79=50, 180=50, 181=50, 182=50, 183=50, 184=50, 185=50, 186=50, 187=50, 188=50, 189=50, 80=50, 81=50, 82=50, 83=50, 84=50, 85=50, 86=50, 87=50, 88=50, 89=50, 190=50, 191=50, 192=50, 193=50, 194=50, 195=50, 196=50, 197=50, 198=50, 199=50, 90=50, 91=50, 92=50, 93=50, 94=50, 95=50, 96=50, 97=50, 98=50, 99=50, 200=50, 100=50, 101=50, 102=50, 103=50, 104=50, 105=50, 106=50, 107=50, 108=50, 109=50}
Number of gene trees: 50
0 trees have missing taxa
Calculating quartet distance matrix (for completion of X)
Species tree distances calculated ...
Building set of clusters (X) from gene trees 
------------------------------
gradient0: 2551
Number of Clusters after addition by distance: 2551
calculating extra bipartitions to be added at level 1 ...
Adding to X using resolutions of greedy consensus ...
Limit for sigma of degrees:5075
polytomy size limit : 3
discarded polytomies:  [3, 3, 3, 3, 3, 3, 3, 3, 3]
Threshold 0.0:
Threshold 0.01:
Threshold 0.02:
Threshold 0.05:
Threshold 0.1:
Threshold 0.2:
polytomy of size 3; rounds with additions with at least 5 support: 0; clusters: 2551
Threshold 0.3333333333333333:
polytomy of size 3; rounds with additions with at least 5 support: 0; clusters: 2551
polytomy of size 3; rounds with additions with at least 5 support: 0; clusters: 2551
polytomy of size 3; rounds with additions with at least 5 support: 0; clusters: 2551
polytomy of size 3; rounds with additions with at least 5 support: 0; clusters: 2551
polytomy of size 3; rounds with additions with at least 5 support: 0; clusters: 2551
polytomy of size 3; rounds with additions with at least 5 support: 0; clusters: 2551
polytomy of size 3; rounds with additions with at least 5 support: 0; clusters: 2551
polytomy of size 3; rounds with additions with at least 5 support: 0; clusters: 2551
max k is :0
Number of Clusters after addition by greedy: 2551
gradient0 in heuristiic: 2551
partitions formed in 5.495 secs
Dynamic Programming starting after 5.495 secs
Using tree-based weight calculation.
Using polytree-based weight calculation.
Polytree max score: 3299906328
Polytree building time: 0.408 seconds.
Number of quartet trees in the gene trees: 3299906328
Size of largest cluster: 201
Greedy score: 3010395779
estimationFactor: 1.0961702614053526
Sub-optimal score: 3136164355
Total Number of elements weighted: 3031
Normalized score (portion of input quartet trees satisfied before correcting for multiple individuals): 0.9516787441367639
Optimization score: 3140450710
Optimal tree inferred in 7.769 secs.
(198,(113,((114,59),(30,(139,(((166,32),(((55,(131,(105,157))),(180,(101,(76,69)))),(160,(((82,(16,126)),(74,(35,159))),(((84,(94,(125,109))),(188,((136,156),(99,(85,48))))),(33,((45,81),(199,((51,196),(164,(40,(57,(46,120))))))))))))),(((((50,138),(107,(11,60))),(195,((193,197),(103,93)))),((27,(29,(192,189))),(187,((141,80),((115,(97,(121,4))),((28,79),((152,117),(9,116)))))))),((((49,(149,(104,61))),(((172,111),(21,147)),(((44,162),(54,(127,173))),((41,24),(135,(92,(65,150))))))),(((98,(5,168)),(153,(155,(183,118)))),((186,13),(((56,(119,(77,18))),(200,(23,(175,(70,128))))),((130,174),(143,((26,(87,64)),((181,146),(83,17))))))))),((0,(((15,(185,145)),(73,((42,144),(169,(134,22))))),((34,(10,170)),((62,194),(171,(19,(47,177))))))),(((52,154),(37,(122,(179,1)))),(((43,151),(8,(12,(20,(129,132))))),((191,((96,(58,89)),(78,((91,67),((66,86),(100,71)))))),((((163,(95,178)),(148,(165,63))),(36,((106,167),((137,108),(182,(75,2)))))),(((158,(72,38)),((53,124),((184,(3,161)),(90,(6,133))))),(68,(((190,31),(14,(39,123))),((110,(140,142)),((25,102),((7,88),(176,112))))))))))))))))))));
Final quartet score is: 3140450710
Final normalized quartet score is: 0.9516787441367639
Extended species tree:
(52,(154,((37,(122,(179,1)0.63:0.09139628048318847)1:0.7867815642799324)1:1.0381805494831917,((((43,151)1:2.4277482359480516,(8,(12,(20,(129,132)1:0.41551544396166595)1:1.128596475021862)1:0.7748252115742128)1:2.022283127839887)1:3.5263605246161593,((191,((96,(58,89)1:0.5621189181535411)1:3.5263605246161593,(78,((91,67)1:2.4277482359480516,((66,86)1:1.7346010553881062,(100,71)1:3.5263605246161593)1:1.65455834771457)1:1.651391282517869)0.99:0.321049232851865)1:1.8887517352153638)1:2.2189290119219955,((((163,(95,178)1:0.8880249561293123)1:0.4131491552280423,(148,(165,63)1:2.8332133440562166)1:1.3219443947108882)0.94:0.240345396910332,(36,((106,167)1:3.5263605246161593,((137,108)1:2.8332133440562166,(182,(75,2)1:1.7346010553881062)1:1.0410287951193165)1:1.5793464196069635)0.99:0.29992783269990153)1:1.8303081393452905)1:2.1774355892696042,(((158,(72,38)0.91:0.19415601444095737)1:2.8332133440562166,((53,124)1:2.11765087982535,((184,(3,161)0.95:0.23052365861183224)1:2.8242790153224484,(90,(6,133)1:1.3280142421707417)1:2.270671438451405)1:0.630343629018979)1:1.1705673050297931)1:2.1834708553893645,(68,(((190,31)1:2.060023455822734,(14,(39,123)1:0.9629663774214312)1:0.7884873728194411)1:2.3223877202902274,((110,(140,142)0.93:0.22977571542064434)1:2.022283127839887,((25,102)1:1.4484222744207742,((7,88)1:1.000631880307906,(176,112)1:0.6084902553795578)1:1.617578042568991)1:1.6263151354011751)1:0.5306282510621702)1:2.8413105542888344)1:0.8229990970446331)0.35:0.0)1:0.7845685729655778)0.57:0.06532314259798903)1:3.5263605246161593,((0,(((15,(185,145)1:3.5263605246161593)1:3.5263605246161593,(73,((42,144)1:2.2298643513930783,(169,(134,22)0.88:0.19379532913497322)1:1.2748002335929645)1:1.2576769832977965)1:3.5263605246161593)1:1.3291359472799418,((34,(10,170)1:0.7537718023763802)1:3.5263605246161593,((62,194)1:0.5185856702779104,(171,(19,(47,177)1:1.3263340401512684)0.6:0.0764346019871512)1:2.055567398228716)1:0.8375037614036827)1:2.679062664228959)1:3.5263605246161593)1:2.8332133440562166,((((49,(149,(104,61)1:0.5306282510621702)1:3.5263605246161593)1:3.5263605246161593,(((172,111)0.72:0.11255263536207652,(21,147)1:1.914387756578873)1:1.502343089929482,(((44,162)1:0.9360933591703345,(54,(127,173)1:1.5804503755608483)1:0.6785483811387927)1:3.5263605246161593,((41,24)1:1.1749852674526835,(135,(92,(65,150)1:0.5315398281535542)1:0.42500441379165604)0.57:0.08701137698962969)1:3.5263605246161593)1:0.38631846107235845)1:0.870462777205655)1:0.9979687628884222,(((98,(5,168)1:2.8332133440562166)1:2.1648554302420413,(153,(155,(183,118)1:2.8332133440562166)1:0.6359887667199969)1:2.6790626642289563)1:0.6252442274370195,((186,13)1:2.8528493185730777,(((56,(119,(77,18)1:0.753456195619776)1:2.001076976030682)0.99:0.3169179420922158,(200,(23,(175,(70,128)1:1.7337596586199147)1:0.4818380868927383)0.79:0.13633644355213123)1:2.8332133440562166)1:0.3626605939771009,((130,174)1:2.436512533941641,(143,((26,(87,64)0.83:0.1590646946296874)1:3.120895416507997,((181,146)1:1.8206899230872218,(83,17)0.88:0.19361228991464866)1:1.8846317498683816)0.93:0.22092679343626653)1:2.6390573296152575)1:1.1254727308813364)1:0.7415398202668586)0.97:0.26019942675794905)1:3.5263605246161593)1:2.8332133440562166,(((((50,138)1:3.5263605246161593,(107,(11,60)1:2.4277482359480516)1:3.5263605246161593)1:0.8183103235139515,(195,((193,197)1:1.7147984280919266,(103,93)1:1.0414538748281608)1:1.9169226121820613)1:3.5263605246161593)1:2.4277482359480516,((27,(29,(192,189)1:0.4818380868927383)1:3.5263605246161593)1:3.5263605246161593,(187,((141,80)1:3.5263605246161593,((115,(97,(121,4)1:0.9614111671546247)1:0.6641596436866931)1:3.015534900850171,((28,79)1:1.9070703157390496,((152,117)0.94:0.22038285185722925,(9,116)0.76:0.12523282485615123)1:1.2968229582893984)1:3.120895416507997)1:0.7528903567485743)0.98:0.2916113505916705)1:2.679062664228959)1:2.4277482359480516)1:1.3266138778472323,(((166,32)1:3.5263605246161593,(((55,(131,(105,157)1:3.5263605246161593)1:2.14006616349627)1:1.0986122886681093,(180,(101,(76,69)1:1.0414538748281608)0.4:0.014815085785140587)1:2.4896420134063892)1:2.8332133440562166,(160,(((82,(16,126)1:1.1293839473348632)1:1.1437327239485793,(74,(35,159)1:1.2252917321400798)0.98:0.26708125434562996)1:1.613007386501737,(((84,(94,(125,109)0.95:0.24795618121248436)1:0.48240723077344233)1:2.6051231238214463,(188,((136,156)1:1.068168087298393,(99,(85,48)1:0.5642754398023866)1:1.2459995522912903)0.97:0.25468143482881034)1:1.0750456203399383)1:0.5406035004535755,(33,((45,81)1:3.02210091262106,(199,((51,196)1:2.3020796084763813,(164,(40,(57,(46,120)0.76:0.1253315072948364)1:2.825627972666962)0.89:0.1808820171979525)0.93:0.23535585709185933)1:1.4245036992654057)0.49:0.10393652719991152)1:0.4301579625716304)0.5:0.04443349179300395)1:0.3911858969509975)1:2.915905059901328)1:3.5263605246161593)1:0.6359887667199969)1:1.9508241638577435,(139,(30,((114,59)1:3.120895416507997,(113,198)0.55:0.060624621816434854)1:1.5114575040738965)1:3.3899486691262783)1:1.2067241817494563)1:1.2072461296709047)1:3.0380077567022297)1:0.6986771485694063)1:2.8332133440562166)1:3.5263605246161593)1:1.4469189829363254));
Weight calculation took 1.018623015 secs
ASTRAL finished in 9.693 secs
