
================== ASTRAL ===================== 

This is ASTRAL version 5.7.8
Gene trees are treated as unrooted
998 trees read from Dataset/AstralII_data/model.200.2000000.0.000001/49/estimatedgenetre.halfresolved
index0
All output trees will be *arbitrarily* rooted at 161

======== Running the main analysis
Number of taxa: 201 (201 species)
Taxa: [161, 20, 111, 25, 169, 118, 154, 23, 130, 95, 41, 17, 100, 110, 59, 200, 47, 15, 30, 192, 63, 155, 13, 69, 57, 56, 128, 176, 16, 133, 198, 50, 54, 46, 12, 146, 182, 141, 68, 194, 136, 81, 162, 74, 43, 102, 7, 90, 199, 61, 67, 86, 98, 44, 65, 83, 178, 135, 32, 93, 122, 189, 113, 45, 35, 14, 53, 88, 24, 131, 151, 126, 72, 37, 181, 158, 51, 27, 76, 127, 152, 9, 8, 153, 159, 28, 5, 148, 170, 87, 55, 60, 165, 3, 144, 96, 52, 2, 42, 188, 18, 34, 120, 21, 175, 79, 180, 137, 84, 145, 80, 38, 71, 75, 197, 173, 89, 78, 105, 129, 73, 49, 183, 184, 117, 195, 164, 92, 139, 10, 33, 109, 94, 177, 174, 190, 97, 125, 6, 142, 40, 108, 48, 101, 91, 179, 193, 163, 62, 1, 123, 140, 157, 124, 187, 29, 121, 160, 4, 22, 149, 186, 103, 172, 134, 70, 171, 119, 0, 156, 168, 143, 112, 77, 19, 64, 147, 138, 99, 185, 104, 107, 115, 58, 26, 39, 116, 132, 36, 191, 66, 82, 11, 114, 85, 167, 31, 166, 150, 196, 106]
Taxon occupancy: {110=998, 111=998, 112=998, 113=998, 114=998, 115=998, 116=998, 117=998, 118=998, 119=998, 10=998, 11=998, 12=998, 13=998, 14=998, 15=998, 16=998, 17=998, 18=998, 19=998, 120=998, 121=998, 0=998, 122=998, 1=998, 2=998, 123=998, 3=998, 124=998, 125=998, 4=998, 126=998, 5=998, 127=998, 6=998, 128=998, 7=998, 8=998, 129=998, 9=998, 20=998, 21=998, 22=998, 23=998, 24=998, 25=998, 26=998, 27=998, 28=998, 29=998, 130=998, 131=998, 132=998, 133=998, 134=998, 135=998, 136=998, 137=998, 138=998, 139=998, 30=998, 31=998, 32=998, 33=998, 34=998, 35=998, 36=998, 37=998, 38=998, 39=998, 140=998, 141=998, 142=998, 143=998, 144=998, 145=998, 146=998, 147=998, 148=998, 149=998, 40=998, 41=998, 42=998, 43=998, 44=998, 45=998, 46=998, 47=998, 48=998, 49=998, 150=998, 151=998, 152=998, 153=998, 154=998, 155=998, 156=998, 157=998, 158=998, 159=998, 50=998, 51=998, 52=998, 53=998, 54=998, 55=998, 56=998, 57=998, 58=998, 59=998, 160=998, 161=998, 162=998, 163=998, 164=998, 165=998, 166=998, 167=998, 168=998, 169=998, 60=998, 61=998, 62=998, 63=998, 64=998, 65=998, 66=998, 67=998, 68=998, 69=998, 170=998, 171=998, 172=998, 173=998, 174=998, 175=998, 176=998, 177=998, 178=998, 179=998, 70=998, 71=998, 72=998, 73=998, 74=998, 75=998, 76=998, 77=998, 78=998, 79=998, 180=998, 181=998, 182=998, 183=998, 184=998, 185=998, 186=998, 187=998, 188=998, 189=998, 80=998, 81=998, 82=998, 83=998, 84=998, 85=998, 86=998, 87=998, 88=998, 89=998, 190=998, 191=998, 192=998, 193=998, 194=998, 195=998, 196=998, 197=998, 198=998, 199=998, 90=998, 91=998, 92=998, 93=998, 94=998, 95=998, 96=998, 97=998, 98=998, 99=998, 200=998, 100=998, 101=998, 102=998, 103=998, 104=998, 105=998, 106=998, 107=998, 108=998, 109=998}
Number of gene trees: 998
0 trees have missing taxa
Calculating quartet distance matrix (for completion of X)
Species tree distances calculated ...
Building set of clusters (X) from gene trees 
------------------------------
gradient0: 36739
Number of Clusters after addition by distance: 36739
calculating extra bipartitions to be added at level 1 ...
Adding to X using resolutions of greedy consensus ...
Limit for sigma of degrees:5075
polytomy size limit : 26
discarded polytomies:  [3, 3, 3, 3, 3, 3, 3, 3, 3, 3, 3, 3, 4, 4, 4, 4, 4, 4, 4, 5, 5, 5, 6, 11, 26]
Threshold 0.0:
Threshold 0.01:
polytomy of size 3; rounds with additions with at least 5 support: 0; clusters: 36739
Threshold 0.02:
polytomy of size 4; rounds with additions with at least 5 support: 0; clusters: 36739
Threshold 0.05:
polytomy of size 5; rounds with additions with at least 5 support: 0; clusters: 36739
Threshold 0.1:
polytomy of size 3; rounds with additions with at least 5 support: 0; clusters: 36739
polytomy of size 6; rounds with additions with at least 5 support: 0; clusters: 36739
Threshold 0.2:
polytomy of size 4; rounds with additions with at least 5 support: 0; clusters: 36739
polytomy of size 5; rounds with additions with at least 5 support: 0; clusters: 36739
polytomy of size 4; rounds with additions with at least 5 support: 0; clusters: 36739
polytomy of size 11; rounds with additions with at least 5 support: 0; clusters: 36739
polytomy of size 3; rounds with additions with at least 5 support: 0; clusters: 36739
Threshold 0.3333333333333333:
polytomy of size 3; rounds with additions with at least 5 support: 0; clusters: 36739
polytomy of size 4; rounds with additions with at least 5 support: 0; clusters: 36739
polytomy of size 3; rounds with additions with at least 5 support: 0; clusters: 36739
polytomy of size 3; rounds with additions with at least 5 support: 0; clusters: 36739
polytomy of size 4; rounds with additions with at least 5 support: 0; clusters: 36739
polytomy of size 3; rounds with additions with at least 5 support: 0; clusters: 36739
polytomy of size 3; rounds with additions with at least 5 support: 0; clusters: 36739
polytomy of size 3; rounds with additions with at least 5 support: 0; clusters: 36739
polytomy of size 3; rounds with additions with at least 5 support: 0; clusters: 36739
polytomy of size 3; rounds with additions with at least 5 support: 0; clusters: 36739
polytomy of size 4; rounds with additions with at least 5 support: 0; clusters: 36739
polytomy of size 5; rounds with additions with at least 5 support: 0; clusters: 36739
polytomy of size 3; rounds with additions with at least 5 support: 0; clusters: 36739
polytomy of size 26; rounds with additions with at least 5 support: 0; clusters: 36739
polytomy of size 4; rounds with additions with at least 5 support: 0; clusters: 36739
max k is :0
Number of Clusters after addition by greedy: 36739
gradient0 in heuristiic: 36739
partitions formed in 37.471 secs
Dynamic Programming starting after 37.471 secs
Using tree-based weight calculation.
Using polytree-based weight calculation.
Polytree max score: 65858097087
Polytree building time: 3.593 seconds.
Number of quartet trees in the gene trees: 65858097087
Size of largest cluster: 201
Greedy score: 43417426662
estimationFactor: 1.516858601494239
Sub-optimal score: 44353973565
Calculated 100000 weights; time (seconds): 204
Total Number of elements weighted: 130547
Normalized score (portion of input quartet trees satisfied before correcting for multiple individuals): 0.7160574368509768
Optimization score: 47158180196
Optimal tree inferred in 259.102 secs.
(123,((186,103),((140,157),((101,(91,(179,((62,1),(193,163))))),((((190,97),(125,((6,142),(40,108)))),((184,((33,109),(94,(177,174)))),((117,195),(10,(139,(164,92)))))),((48,((3,(144,(2,(96,52)))),(((42,(188,18)),(175,(34,(120,21)))),((49,183),(((105,(129,73)),(84,(79,(180,137)))),((173,(78,(145,89))),((80,38),(75,(71,197))))))))),(((148,(60,165)),(170,(87,55))),((8,(9,(153,(5,(159,28))))),((((162,(22,149)),(((124,187),(29,(121,(160,4)))),((192,(110,(17,100))),((41,(59,200)),(15,(47,30)))))),((172,(72,((37,181),(134,(70,(171,119)))))),(((131,(151,126)),(158,((51,27),(76,127)))),(156,((147,138),(112,(168,(64,(143,(77,19)))))))))),((152,(0,((199,(44,((65,83),(67,(86,98))))),(((31,(150,(166,(196,106)))),((191,(66,82)),(36,(116,(132,11))))),((61,(85,167)),(114,((35,(53,(45,14))),(178,((88,24),(113,((93,122),(189,(135,32))))))))))))),(((74,((43,102),(7,90))),((99,(185,104)),(107,(115,(58,(26,39)))))),((((146,182),((46,12),(54,(50,141)))),((69,(57,56)),((133,198),(16,(128,176))))),(((13,(63,155)),((68,194),(136,81))),(118,((154,95),((23,130),((161,20),(169,(111,25)))))))))))))))))));
Final quartet score is: 47158180196
Final normalized quartet score is: 0.7160574368509768
Extended species tree:
(161,(20,((169,(111,25)1:0.8732631281301687)1:3.5308726513934463,((23,130)1:2.2496345090742924,((154,95)1:0.49682239403829304,(118,(((13,(63,155)1:0.8847685889069926)1:4.058563739583353,((68,194)1:1.0054537795270455,(136,81)1:3.458807904452955)1:2.934483207549952)1:0.453008719053498,((((146,182)1:1.6484911796912671,((46,12)1:1.5079458240560475,(54,(50,141)1:0.3402459999056516)1:1.248615753875426)1:0.1029177461499753)1:2.4057026787921894,((69,(57,56)1:0.278035573664646)1:2.7552261089390635,((133,198)1:1.8474827506314075,(16,(128,176)1:0.5459389927002576)1:2.6749152360089097)1:0.9933817615786099)1:0.7901028123815621)1:1.3901764176292595,(((74,((43,102)1:1.0140953093462353,(7,90)1:0.7687412488241903)1:3.003461743481225)1:2.1289297882483402,((99,(185,104)1:0.1969246720187042)1:3.964827446654141,(107,(115,(58,(26,39)1:0.5354374865512909)1:0.9236274128336969)1:1.5900421264946547)1:2.1020181624630143)1:2.499530646307399)1:0.14074437610743562,((152,(0,((199,(44,((65,83)1:2.6031213546443377,(67,(86,98)1:0.17406453676726388)1:2.9702126479329625)0.47:0.017915931073506402)1:3.452822813225085)1:0.5128356724487789,(((31,(150,(166,(196,106)1:0.9458293161160711)1:0.29123587274609775)1:0.1820492229355963)1:4.436358738564853,((191,(66,82)1:2.419263132077584)1:0.5729417393785149,(36,(116,(132,11)1:1.906884288412717)1:1.7244509165853288)1:0.12285747908315)1:0.3347814278599565)1:0.15598438501552775,((61,(85,167)1:0.6253429932258701)1:4.013797877803984,(114,((35,(53,(45,14)1:0.15215420399289759)1:0.2759865654164442)1:2.987739269143796,(178,((88,24)1:1.8566965778516407,(113,((93,122)1:0.9762604554698106,(189,(135,32)1:0.29483257584217626)0.99:0.06246208547054419)1:2.150367186697641)1:0.3862160006201778)1:0.10856735268584797)1:0.8774278790789266)1:0.8365588218220065)1:0.6682877479192022)1:0.7604407518847094)1:0.2869225385443412)1:0.586190918797545)0.99:0.0639886645661524)0.67:0.02345520619098503,((((162,(22,149)1:4.782447309353521)1:0.45069864228444045,(((124,187)1:3.1887011094556956,(29,(121,(160,4)1:0.8827531049854513)1:0.08675933634598838)1:2.1901868878660915)1:2.0747959456613176,((192,(110,(17,100)1:0.08514684204521476)1:1.5405644583428477)1:0.5756453740446955,((41,(59,200)1:1.3537804341014037)1:0.5897649828640379,(15,(47,30)1:1.7060255800788349)1:0.9555141829686451)1:0.5814730977942968)1:1.9758850746395478)1:0.5355071917875002)1:1.261028823410419,((172,(72,((37,181)1:3.341281318412217,(134,(70,(171,119)1:2.0282765566034393)1:1.7603757610193043)1:2.074212590840869)1:0.1994835292669032)1:0.15368421671211013)1:0.8367578579006248,(((131,(151,126)1:1.6011276677624902)1:3.093562402982978,(158,((51,27)1:0.5921194779911131,(76,127)1:1.4009776757214858)1:1.9240362652556435)1:1.6509451314431374)1:1.8256190461501687,(156,((147,138)1:2.1861647385989813,(112,(168,(64,(143,(77,19)0.43:0.006810242433209157)1:0.2387845283441353)0.5:0.022875982540023366)1:0.5740521667013603)1:1.503710153282316)1:0.6711520240908205)1:3.887509413433004)1:0.5469392001848752)1:0.24462599281983638)0.95:0.04881855925542952,((8,(9,(153,(5,(159,28)1:0.6014160427477364)1:0.7232828735677597)1:0.31029717561637243)0.78:0.030219977312679627)1:4.286755579080692,(((148,(60,165)1:0.4662897551327267)1:1.373316917063055,(170,(87,55)1:0.241123205532345)1:1.8550671512570163)1:4.394459942452513,((48,((3,(144,(2,(96,52)1:2.4518954226533816)1:1.4280134074136468)1:0.35067393146254355)1:1.1061265996555008,(((42,(188,18)1:1.175420000924443)1:3.779036684473001,(175,(34,(120,21)1:1.3630757225231804)1:1.7433455373509092)1:0.16921358593848004)0.42:0.006274055612612642,((49,183)0.81:0.033980537022737796,(((105,(129,73)1:1.7277723676614174)1:1.2278192767808214,(84,(79,(180,137)1:0.798066988366039)1:1.4370352280563408)1:0.39754617082103355)1:0.44873159194371864,((173,(78,(145,89)0.45:0.014075448502875327)1:0.4662072776157481)1:0.8871305116421272,((80,38)1:0.9716253295044436,(75,(71,197)1:0.3493803969326666)1:0.5097288116757112)1:0.7980559717086357)1:1.667761916883478)1:0.9289274993182974)1:1.925696530314333)1:0.2801630960256299)1:0.22192800283193106)1:0.6507536414427569,((((190,97)1:3.0038247984718724,(125,((6,142)1:0.7098933883470732,(40,108)1:0.18590374176628655)1:0.6048248677110515)1:1.6362517372069412)1:3.4591772081269276,((184,((33,109)1:0.3157534908977467,(94,(177,174)1:0.8123717123443598)1:2.003444982446565)1:2.2499786833227002)1:0.5355683340559924,((117,195)1:0.907838531907954,(10,(139,(164,92)1:0.7964799675214812)1:0.12298370148107406)1:0.3673411133508471)1:3.16691720386911)1:0.7545455561645238)1:0.1998550848757542,((101,(91,(179,((62,1)1:0.8977725075786146,(193,163)1:0.4692174540895666)1:0.32665078552576504)1:0.23603886247378256)1:2.386980727288142)1:0.24642820173333227,((140,157)1:3.257602533354166,((186,103)1:1.1054638205181602,123)1:1.2423383262274945)1:1.1286824960251332)1:1.7422578092005172)1:0.3945698942240509)0.68:0.029232174080171543)1:0.3908660498156484)1:0.5280977288858624)0.64:0.021884730225987834)1:0.38669025863540163)1:0.667451535449458)0.98:0.05725031235839239)1:0.6664569934794522)1:0.5027601799095439)1:0.481128627516721)1:0.2473529104642981)0.5:0.020154589944472265));
Weight calculation took 205.691441816 secs
ASTRAL finished in 269.956 secs
