
================== ASTRAL ===================== 

This is ASTRAL version 5.7.8
Gene trees are treated as unrooted
50 trees read from Dataset/AstralII_data/model.200.2000000.0.000001/49/estimatedgenetre.halfresolved_50
index0
All output trees will be *arbitrarily* rooted at 161

======== Running the main analysis
Number of taxa: 201 (201 species)
Taxa: [161, 20, 111, 25, 169, 118, 154, 23, 130, 95, 41, 17, 100, 110, 59, 200, 47, 15, 30, 192, 63, 155, 13, 69, 57, 56, 128, 176, 16, 133, 198, 50, 54, 46, 12, 146, 182, 141, 68, 194, 136, 81, 162, 74, 43, 102, 7, 90, 199, 61, 67, 86, 98, 44, 65, 83, 178, 135, 32, 93, 122, 189, 113, 45, 35, 14, 53, 88, 24, 131, 151, 126, 72, 37, 181, 158, 51, 27, 76, 127, 152, 9, 8, 153, 159, 28, 5, 148, 170, 87, 55, 60, 165, 3, 144, 96, 52, 2, 42, 188, 18, 34, 120, 21, 175, 79, 180, 137, 84, 145, 80, 38, 71, 75, 197, 173, 89, 78, 105, 129, 73, 49, 183, 184, 117, 195, 164, 92, 139, 10, 33, 109, 94, 177, 174, 190, 97, 125, 6, 142, 40, 108, 48, 101, 91, 179, 193, 163, 62, 1, 123, 140, 157, 124, 187, 29, 121, 160, 4, 22, 149, 186, 103, 172, 134, 70, 171, 119, 0, 156, 168, 143, 112, 77, 19, 64, 147, 138, 99, 185, 104, 107, 115, 58, 26, 39, 116, 132, 36, 191, 66, 82, 11, 114, 85, 167, 31, 166, 150, 196, 106]
Taxon occupancy: {110=50, 111=50, 112=50, 113=50, 114=50, 115=50, 116=50, 117=50, 118=50, 119=50, 10=50, 11=50, 12=50, 13=50, 14=50, 15=50, 16=50, 17=50, 18=50, 19=50, 120=50, 121=50, 0=50, 122=50, 1=50, 2=50, 123=50, 3=50, 124=50, 125=50, 4=50, 126=50, 5=50, 127=50, 6=50, 128=50, 7=50, 8=50, 129=50, 9=50, 20=50, 21=50, 22=50, 23=50, 24=50, 25=50, 26=50, 27=50, 28=50, 29=50, 130=50, 131=50, 132=50, 133=50, 134=50, 135=50, 136=50, 137=50, 138=50, 139=50, 30=50, 31=50, 32=50, 33=50, 34=50, 35=50, 36=50, 37=50, 38=50, 39=50, 140=50, 141=50, 142=50, 143=50, 144=50, 145=50, 146=50, 147=50, 148=50, 149=50, 40=50, 41=50, 42=50, 43=50, 44=50, 45=50, 46=50, 47=50, 48=50, 49=50, 150=50, 151=50, 152=50, 153=50, 154=50, 155=50, 156=50, 157=50, 158=50, 159=50, 50=50, 51=50, 52=50, 53=50, 54=50, 55=50, 56=50, 57=50, 58=50, 59=50, 160=50, 161=50, 162=50, 163=50, 164=50, 165=50, 166=50, 167=50, 168=50, 169=50, 60=50, 61=50, 62=50, 63=50, 64=50, 65=50, 66=50, 67=50, 68=50, 69=50, 170=50, 171=50, 172=50, 173=50, 174=50, 175=50, 176=50, 177=50, 178=50, 179=50, 70=50, 71=50, 72=50, 73=50, 74=50, 75=50, 76=50, 77=50, 78=50, 79=50, 180=50, 181=50, 182=50, 183=50, 184=50, 185=50, 186=50, 187=50, 188=50, 189=50, 80=50, 81=50, 82=50, 83=50, 84=50, 85=50, 86=50, 87=50, 88=50, 89=50, 190=50, 191=50, 192=50, 193=50, 194=50, 195=50, 196=50, 197=50, 198=50, 199=50, 90=50, 91=50, 92=50, 93=50, 94=50, 95=50, 96=50, 97=50, 98=50, 99=50, 200=50, 100=50, 101=50, 102=50, 103=50, 104=50, 105=50, 106=50, 107=50, 108=50, 109=50}
Number of gene trees: 50
0 trees have missing taxa
Calculating quartet distance matrix (for completion of X)
Species tree distances calculated ...
Building set of clusters (X) from gene trees 
------------------------------
gradient0: 5011
Number of Clusters after addition by distance: 5011
calculating extra bipartitions to be added at level 1 ...
Adding to X using resolutions of greedy consensus ...
Limit for sigma of degrees:5075
polytomy size limit : 29
discarded polytomies:  [3, 3, 3, 3, 3, 3, 3, 3, 3, 3, 3, 3, 3, 3, 3, 4, 4, 5, 6, 7, 8, 12, 29]
Threshold 0.0:
polytomy of size 3; rounds with additions with at least 5 support: 1; clusters: 5017
polytomy of size 3; rounds with additions with at least 5 support: 1; clusters: 5021
Threshold 0.01:
polytomy of size 3; rounds with additions with at least 5 support: 0; clusters: 5021
polytomy of size 3; rounds with additions with at least 5 support: 0; clusters: 5021
Threshold 0.02:
polytomy of size 3; rounds with additions with at least 5 support: 0; clusters: 5021
polytomy of size 3; rounds with additions with at least 5 support: 0; clusters: 5021
Threshold 0.05:
polytomy of size 7; rounds with additions with at least 5 support: 7; clusters: 5079
Threshold 0.1:
polytomy of size 8; rounds with additions with at least 5 support: 0; clusters: 5089
Threshold 0.2:
polytomy of size 3; rounds with additions with at least 5 support: 0; clusters: 5089
polytomy of size 5; rounds with additions with at least 5 support: 0; clusters: 5089
polytomy of size 4; rounds with additions with at least 5 support: 0; clusters: 5089
polytomy of size 12; rounds with additions with at least 5 support: 0; clusters: 5089
Threshold 0.3333333333333333:
polytomy of size 4; rounds with additions with at least 5 support: 0; clusters: 5089
polytomy of size 3; rounds with additions with at least 5 support: 0; clusters: 5089
polytomy of size 3; rounds with additions with at least 5 support: 0; clusters: 5089
polytomy of size 3; rounds with additions with at least 5 support: 0; clusters: 5089
polytomy of size 3; rounds with additions with at least 5 support: 0; clusters: 5089
polytomy of size 3; rounds with additions with at least 5 support: 0; clusters: 5089
polytomy of size 3; rounds with additions with at least 5 support: 0; clusters: 5089
polytomy of size 6; rounds with additions with at least 5 support: 0; clusters: 5089
polytomy of size 29; rounds with additions with at least 5 support: 0; clusters: 5089
polytomy of size 3; rounds with additions with at least 5 support: 0; clusters: 5089
polytomy of size 3; rounds with additions with at least 5 support: 0; clusters: 5089
max k is :14
Number of Clusters after addition by greedy: 5089
gradient0 in heuristiic: 5089
partitions formed in 7.301 secs
Dynamic Programming starting after 7.301 secs
Using tree-based weight calculation.
Using polytree-based weight calculation.
Polytree max score: 3299902761
Polytree building time: 0.128 seconds.
Number of quartet trees in the gene trees: 3299902761
Size of largest cluster: 201
Greedy score: 2249836723
estimationFactor: 1.4667298863358451
Sub-optimal score: 2289999017
Total Number of elements weighted: 7624
Normalized score (portion of input quartet trees satisfied before correcting for multiple individuals): 0.7012357719591604
Optimization score: 2314009860
Optimal tree inferred in 10.354 secs.
(123,((186,103),((140,157),((101,(91,(179,((62,1),(193,163))))),((((190,97),(125,((40,108),(6,142)))),((184,((33,109),(94,(177,174)))),((117,195),((164,92),(139,10))))),(((170,(87,55)),(148,(60,165))),((48,((3,(144,(2,(96,52)))),(((34,(120,21)),(175,(42,(188,18)))),((49,183),(((105,(129,73)),(84,(79,(180,137)))),((173,(89,(145,78))),((80,38),(75,(71,197))))))))),(((9,8),(153,(5,(159,28)))),((((74,((7,90),(43,102))),((99,(185,104)),(107,(115,(58,(26,39)))))),((((54,(50,141)),((46,12),(146,182))),((69,(57,56)),((133,198),(16,(128,176))))),(((13,(63,155)),((68,194),(136,81))),(118,((154,95),((23,130),(161,(20,(169,(111,25)))))))))),(152,(((162,(22,149)),(((124,187),((29,121),(160,4))),((192,(110,(17,100))),((41,(59,200)),(15,(47,30)))))),(((172,((72,(37,181)),(134,(70,(171,119))))),(((131,(151,126)),(158,((51,27),(76,127)))),(156,((147,138),(112,(168,((143,19),(77,64)))))))),(0,((199,((44,(65,83)),(67,(86,98)))),(((31,(150,(166,(196,106)))),(36,((191,(66,82)),(116,(132,11))))),((61,(85,167)),(114,((35,(53,(45,14))),((178,(88,24)),(113,((135,32),(189,(93,122)))))))))))))))))))))));
Final quartet score is: 2314009860
Final normalized quartet score is: 0.7012357719591604
Extended species tree:
(161,((20,(169,(111,25)1:0.5819215454497209)1:3.1124707668487486)0.9:0.1933060356392533,((23,130)1:1.6925427120600458,((154,95)0.82:0.1486511242612194,(118,(((13,(63,155)1:0.6931471805599453)1:2.8332133440562166,((68,194)1:0.7537718023763802,(136,81)1:2.022283127839887)1:2.8332133440562166)1:0.49250554852873446,((((54,(50,141)0.97:0.2674872875265072)1:0.9828527259805719,((46,12)1:2.421843537223314,(146,182)1:1.6487183466898507)0.56:0.09425958976103094)1:2.214419719980362,((69,(57,56)0.97:0.2682639865946794)1:1.8132630241470846,((133,198)1:1.8661906998297193,(16,(128,176)1:0.39086630868701183)1:2.2735975561207935)1:0.7533401166368896)1:0.8859362706962091)1:1.3644470537037179,(((74,((7,90)1:0.4818380868927383,(43,102)1:0.8183103235139515)1:1.8253299087778674)1:1.8053051165691603,((99,(185,104)0.94:0.23052365861183224)1:2.6121444822828646,(107,(115,(58,(26,39)1:0.9613121327400849)1:0.6544523903942728)1:1.9169226121820613)1:1.7913785603749364)1:2.971619822509075)0.62:0.09714845399123824,((152,(((162,(22,149)1:3.5263605246161593)1:0.3822141667647599,(((124,187)1:2.8332133440562166,((29,121)0.51:0.05077232537342326,(160,4)1:0.8873031950009027)1:2.022283127839887)1:1.5110972086277357,((192,(110,(17,100)0.6:0.09237332013101504)1:2.02397660834622)1:0.5760906251389277,((41,(59,200)1:1.334199249236489)1:0.4508617156429686,(15,(47,30)1:1.4481824069830973)1:0.9332128963049813)1:0.3981390680160914)1:2.57710561720303)1:0.5676355426254922)1:1.0824174439853231,(((172,((72,(37,181)1:2.1566165094399485)0.94:0.2326737346927518,(134,(70,(171,119)1:2.1202635362000914)1:2.1362662855864962)1:2.2951002039711534)0.96:0.24643346976465114)1:0.7362158935384148,(((131,(151,126)1:2.14006616349627)1:2.6100697927420056,(158,((51,27)1:0.6641596436866931,(76,127)1:1.3291359472799418)1:1.6533816462648132)1:1.3291359472799418)1:1.2842000432486853,(156,((147,138)1:2.0992441689760164,(112,(168,((143,19)0.51:0.05149778918387059,(77,64)0.65:0.12874408917982463)0.62:0.12040997562267244)1:0.41551544396166595)1:1.203464958090859)1:0.5996211225491221)1:2.8977518651937877)1:0.4922975200422611)0.52:0.05159713605591252,(0,((199,((44,(65,83)1:1.5804503755608483)0.67:0.10318423623523063,(67,(86,98)0.79:0.13926206733350752)1:2.6100697927420056)1:2.6543341314532354)1:0.5553942728255085,(((31,(150,(166,(196,106)1:1.224181575293591)0.99:0.32748023905148027)0.87:0.1823215567939546)1:3.140743396306511,(36,((191,(66,82)1:2.133772876520481)1:0.6513482877945882,(116,(132,11)1:1.5942537185867476)1:1.4026158750409548)0.35:0.0)0.99:0.3140671632648348)0.74:0.1428782496415912,((61,(85,167)1:0.5819215454497209)1:2.282286482347008,(114,((35,(53,(45,14)0.65:0.09237332013101504)1:0.4583075894825443)1:1.9169226121820613,((178,(88,24)1:2.4127103585835115)0.43:0.022932520305107517,(113,((135,32)0.98:0.29430660736740555,(189,(93,122)1:0.9410180743058304)0.5:0.04788891665005681)1:2.3182935487575618)0.95:0.2349573411853746)1:0.861610267413165)1:0.6142666162029308)1:0.6797204441440369)1:0.6056584332542938)1:0.5188963466446304)1:0.4427855634532286)0.57:0.06556335606533024)0.35:0.0)0.43:0.026495661010893973)0.38:0.008875888808895586,(((9,8)0.8:0.14197026127038734,(153,(5,(159,28)1:0.6362693897048607)1:0.6648850699063911)0.89:0.1823215567939546)1:2.966744736680739,((48,((3,(144,(2,(96,52)1:2.14006616349627)1:1.328290281267598)0.97:0.2540406586506393)1:0.959110621557949,(((34,(120,21)1:1.3224245126919552)1:2.4372433439703776,(175,(42,(188,18)1:1.0414538748281608)1:3.120895416507997)0.7:0.13171376110319816)0.49:0.05479705650928753,((49,183)0.94:0.2238042283689129,(((105,(129,73)1:0.8887472385731363)1:0.9339371802411017,(84,(79,(180,137)1:0.7537718023763802)1:1.3862943611198908)0.98:0.27925018728536344)0.95:0.23568096761897697,((173,(89,(145,78)0.43:0.04129559149808668)1:0.5066787645897229)1:0.5717215497431822,((80,38)1:0.8915981192837836,(75,(71,197)0.98:0.3083013596545167)1:0.575092073074921)1:0.9048408549487749)1:1.6501723757713167)1:0.8445782503345615)1:1.5281614469954554)0.77:0.12637523898336828)0.69:0.10471328186776997)1:0.6280272124919656,(((170,(87,55)1:0.41551544396166595)1:1.9169226121820613,(148,(60,165)1:0.672453684607964)1:1.4469189829363254)1:3.5223037239205524,((((190,97)1:2.14006616349627,(125,((40,108)0.89:0.19227960341292993,(6,142)1:0.462277209869705)1:0.5559460590464603)1:2.022283127839887)1:2.8332133440562166,((184,((33,109)0.51:0.06032445672338132,(94,(177,174)1:0.7985076962177715)1:2.022283127839887)1:1.5501450260655196)1:0.6961291093850409,((117,195)1:0.7699332615141514,((164,92)1:0.7830175470710307,(139,10)0.45:0.030726556911743412)1:0.509364979059899)1:2.2604219602250484)1:0.7187133764579672)0.44:0.030510310694730418,((101,(91,(179,((62,1)1:0.851337061031838,(193,163)1:0.41228135861047005)0.99:0.337365492598428)0.99:0.34830669426821587)1:2.9402935505935694)0.97:0.2634121210895468,((140,157)1:3.5263605246161593,((186,103)1:0.8873031950009027,123)1:1.3271537860759506)1:0.9148911515197317)1:1.9175986478076275)1:0.49409270882851913)0.39:0.00910535140251574)0.98:0.27700369651124346)1:0.5015824503036352)0.99:0.295683851210824)1:0.6276469224191624)0.92:0.20108411652581928)1:0.6712089809332942)1:0.3781511580999674)1:0.4682527120159423)0.92:0.20242835405646872));
Weight calculation took 2.080695445 secs
ASTRAL finished in 13.003 secs
