
================== ASTRAL ===================== 

This is ASTRAL version 5.7.8
Gene trees are treated as unrooted
200 trees read from Dataset/AstralII_data/model.200.2000000.0.000001/49/estimatedgenetre.halfresolved_200
index0
All output trees will be *arbitrarily* rooted at 161

======== Running the main analysis
Number of taxa: 201 (201 species)
Taxa: [161, 20, 111, 25, 169, 118, 154, 23, 130, 95, 41, 17, 100, 110, 59, 200, 47, 15, 30, 192, 63, 155, 13, 69, 57, 56, 128, 176, 16, 133, 198, 50, 54, 46, 12, 146, 182, 141, 68, 194, 136, 81, 162, 74, 43, 102, 7, 90, 199, 61, 67, 86, 98, 44, 65, 83, 178, 135, 32, 93, 122, 189, 113, 45, 35, 14, 53, 88, 24, 131, 151, 126, 72, 37, 181, 158, 51, 27, 76, 127, 152, 9, 8, 153, 159, 28, 5, 148, 170, 87, 55, 60, 165, 3, 144, 96, 52, 2, 42, 188, 18, 34, 120, 21, 175, 79, 180, 137, 84, 145, 80, 38, 71, 75, 197, 173, 89, 78, 105, 129, 73, 49, 183, 184, 117, 195, 164, 92, 139, 10, 33, 109, 94, 177, 174, 190, 97, 125, 6, 142, 40, 108, 48, 101, 91, 179, 193, 163, 62, 1, 123, 140, 157, 124, 187, 29, 121, 160, 4, 22, 149, 186, 103, 172, 134, 70, 171, 119, 0, 156, 168, 143, 112, 77, 19, 64, 147, 138, 99, 185, 104, 107, 115, 58, 26, 39, 116, 132, 36, 191, 66, 82, 11, 114, 85, 167, 31, 166, 150, 196, 106]
Taxon occupancy: {110=200, 111=200, 112=200, 113=200, 114=200, 115=200, 116=200, 117=200, 118=200, 119=200, 10=200, 11=200, 12=200, 13=200, 14=200, 15=200, 16=200, 17=200, 18=200, 19=200, 120=200, 121=200, 0=200, 122=200, 1=200, 2=200, 123=200, 3=200, 124=200, 125=200, 4=200, 126=200, 5=200, 127=200, 6=200, 128=200, 7=200, 8=200, 129=200, 9=200, 20=200, 21=200, 22=200, 23=200, 24=200, 25=200, 26=200, 27=200, 28=200, 29=200, 130=200, 131=200, 132=200, 133=200, 134=200, 135=200, 136=200, 137=200, 138=200, 139=200, 30=200, 31=200, 32=200, 33=200, 34=200, 35=200, 36=200, 37=200, 38=200, 39=200, 140=200, 141=200, 142=200, 143=200, 144=200, 145=200, 146=200, 147=200, 148=200, 149=200, 40=200, 41=200, 42=200, 43=200, 44=200, 45=200, 46=200, 47=200, 48=200, 49=200, 150=200, 151=200, 152=200, 153=200, 154=200, 155=200, 156=200, 157=200, 158=200, 159=200, 50=200, 51=200, 52=200, 53=200, 54=200, 55=200, 56=200, 57=200, 58=200, 59=200, 160=200, 161=200, 162=200, 163=200, 164=200, 165=200, 166=200, 167=200, 168=200, 169=200, 60=200, 61=200, 62=200, 63=200, 64=200, 65=200, 66=200, 67=200, 68=200, 69=200, 170=200, 171=200, 172=200, 173=200, 174=200, 175=200, 176=200, 177=200, 178=200, 179=200, 70=200, 71=200, 72=200, 73=200, 74=200, 75=200, 76=200, 77=200, 78=200, 79=200, 180=200, 181=200, 182=200, 183=200, 184=200, 185=200, 186=200, 187=200, 188=200, 189=200, 80=200, 81=200, 82=200, 83=200, 84=200, 85=200, 86=200, 87=200, 88=200, 89=200, 190=200, 191=200, 192=200, 193=200, 194=200, 195=200, 196=200, 197=200, 198=200, 199=200, 90=200, 91=200, 92=200, 93=200, 94=200, 95=200, 96=200, 97=200, 98=200, 99=200, 200=200, 100=200, 101=200, 102=200, 103=200, 104=200, 105=200, 106=200, 107=200, 108=200, 109=200}
Number of gene trees: 200
0 trees have missing taxa
Calculating quartet distance matrix (for completion of X)
Species tree distances calculated ...
Building set of clusters (X) from gene trees 
------------------------------
gradient0: 11675
Number of Clusters after addition by distance: 11675
calculating extra bipartitions to be added at level 1 ...
Adding to X using resolutions of greedy consensus ...
Limit for sigma of degrees:5075
polytomy size limit : 26
discarded polytomies:  [3, 3, 3, 3, 3, 3, 3, 3, 3, 4, 4, 4, 4, 4, 5, 5, 5, 5, 6, 15, 26]
Threshold 0.0:
Threshold 0.01:
Threshold 0.02:
polytomy of size 4; rounds with additions with at least 5 support: 0; clusters: 11683
Threshold 0.05:
polytomy of size 5; rounds with additions with at least 5 support: 0; clusters: 11683
Threshold 0.1:
polytomy of size 3; rounds with additions with at least 5 support: 0; clusters: 11683
polytomy of size 6; rounds with additions with at least 5 support: 1; clusters: 11685
Threshold 0.2:
polytomy of size 4; rounds with additions with at least 5 support: 0; clusters: 11685
polytomy of size 5; rounds with additions with at least 5 support: 0; clusters: 11685
polytomy of size 15; rounds with additions with at least 5 support: 0; clusters: 11685
polytomy of size 3; rounds with additions with at least 5 support: 0; clusters: 11685
Threshold 0.3333333333333333:
polytomy of size 4; rounds with additions with at least 5 support: 0; clusters: 11685
polytomy of size 3; rounds with additions with at least 5 support: 0; clusters: 11685
polytomy of size 3; rounds with additions with at least 5 support: 0; clusters: 11685
polytomy of size 4; rounds with additions with at least 5 support: 0; clusters: 11685
polytomy of size 3; rounds with additions with at least 5 support: 0; clusters: 11685
polytomy of size 3; rounds with additions with at least 5 support: 0; clusters: 11685
polytomy of size 3; rounds with additions with at least 5 support: 0; clusters: 11685
polytomy of size 3; rounds with additions with at least 5 support: 0; clusters: 11685
polytomy of size 3; rounds with additions with at least 5 support: 0; clusters: 11685
polytomy of size 4; rounds with additions with at least 5 support: 0; clusters: 11685
polytomy of size 5; rounds with additions with at least 5 support: 0; clusters: 11685
polytomy of size 26; rounds with additions with at least 5 support: 0; clusters: 11685
polytomy of size 5; rounds with additions with at least 5 support: 0; clusters: 11685
max k is :2
Number of Clusters after addition by greedy: 11685
gradient0 in heuristiic: 11685
partitions formed in 6.651 secs
Dynamic Programming starting after 6.651 secs
Using tree-based weight calculation.
Using polytree-based weight calculation.
Polytree max score: 13193928591
Polytree building time: 0.272 seconds.
Number of quartet trees in the gene trees: 13193928591
Size of largest cluster: 201
Greedy score: 8654839529
estimationFactor: 1.524456755875225
Sub-optimal score: 8865266994
Total Number of elements weighted: 24106
Normalized score (portion of input quartet trees satisfied before correcting for multiple individuals): 0.717039286346703
Optimization score: 9460565141
Optimal tree inferred in 17.892 secs.
(123,((186,103),((140,157),((101,(91,(179,((62,1),(193,163))))),((((190,97),(125,((6,142),(40,108)))),((184,((33,109),(94,(177,174)))),((117,195),(10,(139,(164,92)))))),((48,((3,(144,(2,(96,52)))),((175,(34,(120,21))),((42,(188,18)),((49,183),(((105,(129,73)),(84,(79,(180,137)))),((173,(89,(145,78))),((80,38),(75,(71,197)))))))))),(((170,(87,55)),(148,(60,165))),(((9,8),(153,(5,(159,28)))),((((162,(22,149)),(((124,187),(29,(121,(160,4)))),((192,(100,(17,110))),((41,(59,200)),(15,(47,30)))))),((172,(72,((37,181),(134,(70,(171,119)))))),(((131,(151,126)),(158,((51,27),(76,127)))),(156,((147,138),(112,(64,(168,(19,(143,77)))))))))),(152,((0,((199,((44,(65,83)),(67,(86,98)))),(((31,(150,(166,(196,106)))),((191,(66,82)),(36,(116,(132,11))))),((61,(85,167)),(114,((35,(53,(45,14))),(178,((88,24),(113,((93,122),(189,(135,32)))))))))))),(((74,((7,90),(43,102))),((99,(185,104)),(107,(115,(58,(26,39)))))),((((146,182),((46,12),(54,(50,141)))),((69,(57,56)),((133,198),(16,(128,176))))),(((13,(63,155)),((68,194),(136,81))),(118,((154,95),((23,130),(161,(20,(169,(111,25)))))))))))))))))))));
Final quartet score is: 9460565141
Final normalized quartet score is: 0.717039286346703
Extended species tree:
(161,((20,(169,(111,25)1:0.9808040001676235)1:3.390946293175006)0.82:0.0749283840464857,((23,130)1:2.0837185674463616,((154,95)1:0.42759653771122114,(118,(((13,(63,155)1:0.9073721668590654)1:3.123411787074497,((68,194)1:0.9338409919801509,(136,81)1:2.546464542787433)1:2.501820700310766)1:0.5629335087645484,((((146,182)1:1.638633647802737,((46,12)1:1.6697169362421438,(54,(50,141)1:0.295731376370226)1:1.100986568536541)0.93:0.10186577981230321)1:2.6023571198179187,((69,(57,56)1:0.19858843061418172)1:2.666301025802751,((133,198)1:1.9397987974983035,(16,(128,176)1:0.48142847440579284)1:2.545432670938641)1:0.983644398103153)1:0.7863009302812639)1:1.4689410062109944,(((74,((7,90)1:0.7081850579244859,(43,102)1:0.9562579922812209)1:2.6486985398076444)1:2.0990433317301123,((99,(185,104)1:0.17949911960533205)1:3.3976444851037213,(107,(115,(58,(26,39)1:0.5925245500559863)1:0.8063882818265488)1:1.7165680998924469)1:1.9731889113129721)1:2.5578863617857888)0.96:0.12248578908690348,((0,((199,((44,(65,83)1:2.056376268748841)0.6:0.04208384615221463,(67,(86,98)1:0.22884157242884753)1:2.9669379286686097)1:3.0915811428168762)1:0.38103326966822254,(((31,(150,(166,(196,106)1:0.9306079342245319)1:0.3184553254262187)1:0.174565949585795)1:3.824976588169835,((191,(66,82)1:2.1320084253023075)1:0.5761284180624341,(36,(116,(132,11)1:1.7641038262329578)1:1.6877332777359961)0.94:0.10679147679604802)1:0.321304796300384)1:0.1742288535589157,((61,(85,167)1:0.5361434317502807)1:3.1476952119584936,(114,((35,(53,(45,14)0.98:0.1409798862223516)1:0.3089915079475294)1:2.605034195179177,(178,((88,24)1:2.3639999781814343,(113,((93,122)1:1.0140289366493433,(189,(135,32)1:0.30739581256492904)0.73:0.05896770272698817)1:2.322869029871176)1:0.362349782272474)0.55:0.031431582376763245)1:0.8431813169509572)1:0.6366880694742522)1:0.8946679925799471)1:0.7760483834491962)1:0.2685658315612506)1:0.5595638161837578)0.82:0.07398647508115568,(152,((((162,(22,149)1:4.828036969445884)1:0.4545644966427822,(((124,187)1:3.355561729058985,(29,(121,(160,4)1:0.941389055684218)0.58:0.04231239255250497)1:2.173752221151076)1:2.069263581860896,((192,(100,(17,110)0.75:0.07240778658702067)1:1.3438326161464895)1:0.6413496201640009,((41,(59,200)1:1.3420187634398497)1:0.6214467476538752,(15,(47,30)1:1.4653199471597147)1:1.1069708904387332)1:0.5565193072818119)1:2.023547294277133)1:0.5917995218969369)1:1.080914010623553,((172,(72,((37,181)1:2.818476717083842,(134,(70,(171,119)1:2.049588578530155)1:1.804870154332428)1:2.52369310787347)1:0.19807578180735977)0.98:0.13806012008780344)1:0.8819318737822638,(((131,(151,126)1:1.7623455840217614)1:2.909255929984481,(158,((51,27)1:0.6079413213414994,(76,127)1:1.4321615163192822)1:1.8206736627443478)1:1.6473280853760328)1:1.564604937403228,(156,((147,138)1:2.3580481559153466,(112,(64,(168,(19,(143,77)0.73:0.0756693353554718)1:0.16349982799089188)0.43:0.014175731038898189)1:0.540677217606411)1:1.2916007709749862)1:0.6950597151639537)1:3.2290680266193066)1:0.4742246442423134)1:0.2288929428902954)0.78:0.06730187123007982,(((9,8)0.66:0.04972343535243062,(153,(5,(159,28)1:0.523596215698192)1:0.7901249937470162)1:0.24297735116607375)1:4.010734155998864,(((170,(87,55)1:0.23796959812454105)1:1.9310215365615637,(148,(60,165)1:0.45208898946117687)1:1.5078157188868813)1:4.228790170970023,((48,((3,(144,(2,(96,52)1:2.41144956363534)1:1.516637957592275)1:0.3880835406452646)1:1.163217849754532,((175,(34,(120,21)1:1.4327354096445442)1:1.6551850104834807)1:0.17628927872215633,((42,(188,18)1:1.1842677332466038)1:3.5053532304334514,((49,183)0.97:0.1260732843267259,(((105,(129,73)1:1.4951630927821653)1:1.2330812402164983,(84,(79,(180,137)1:0.9217030795116324)1:1.338811429163077)1:0.4679879472458963)1:0.334537285242484,((173,(89,(145,78)0.87:0.08701137698962969)1:0.4444546297141596)1:0.6732424342950785,((80,38)1:0.8908374616354877,(75,(71,197)1:0.33954113694960697)1:0.44070246743049285)1:0.8569711538300185)1:2.01006812804217)1:0.927361335720284)1:1.7279815956739475)0.7:0.0547844563653594)1:0.2031505599284258)1:0.18741417633507373)1:0.6257282327579544,((((190,97)1:2.7006152226146916,(125,((6,142)1:0.7440410931449356,(40,108)1:0.18366038961826775)1:0.5330894677260772)1:1.867296443552252)1:2.916237291884756,((184,((33,109)1:0.23492718117079275,(94,(177,174)1:0.8754687373538999)1:2.2511457478504218)1:2.167261570435745)1:0.7434066272154182,((117,195)1:0.7713321792447374,(10,(139,(164,92)1:0.9251466314200414)0.92:0.09777370554236055)1:0.3649202984997377)1:2.849046596939702)1:0.614004507860586)1:0.18213149923971694,((101,(91,(179,((62,1)1:0.8564970903574933,(193,163)1:0.4339637599854323)1:0.33383589209497405)1:0.27224288487163334)1:2.43210195774669)1:0.3236514000266909,((140,157)1:3.1022740640210364,((186,103)1:1.2383786347873316,123)1:1.2009724333857301)1:0.9635628358367837)1:1.712387629168773)1:0.3979329948911836)0.65:0.048305629480444603)1:0.2871253639740865)1:0.557049377310898)0.53:0.03031549395681289)0.35:2.912823499883544E-4)1:0.362239600792505)1:0.7691171107793284)0.59:0.04300553008749089)1:0.6966906706918704)1:0.4435359897101346)1:0.4891836586569688)1:0.19393748083264675));
Weight calculation took 10.121598159 secs
ASTRAL finished in 20.349 secs
