
================== ASTRAL ===================== 

This is ASTRAL version 5.7.8
Gene trees are treated as unrooted
50 trees read from Dataset/AstralII_data/model.200.500000.0.000001/34/estimatedgenetre.halfresolved_50
index0
All output trees will be *arbitrarily* rooted at 17

======== Running the main analysis
Number of taxa: 201 (201 species)
Taxa: [17, 156, 118, 113, 90, 166, 155, 103, 32, 45, 110, 106, 130, 5, 137, 179, 107, 8, 184, 116, 35, 125, 9, 24, 126, 186, 41, 33, 93, 138, 163, 153, 27, 81, 127, 145, 60, 48, 198, 193, 50, 49, 34, 162, 59, 112, 68, 136, 158, 7, 98, 195, 104, 95, 96, 73, 10, 139, 13, 167, 196, 129, 159, 75, 12, 182, 85, 88, 57, 173, 0, 76, 175, 124, 71, 56, 18, 79, 64, 164, 157, 133, 181, 66, 39, 78, 23, 119, 84, 180, 144, 61, 109, 40, 54, 100, 146, 143, 123, 199, 89, 105, 31, 44, 192, 172, 22, 69, 187, 58, 99, 177, 80, 152, 6, 117, 14, 87, 168, 29, 114, 189, 16, 3, 120, 188, 47, 94, 83, 51, 142, 170, 171, 194, 30, 115, 21, 141, 74, 165, 174, 70, 65, 43, 97, 147, 121, 149, 2, 26, 63, 151, 19, 11, 161, 52, 111, 200, 55, 128, 77, 86, 101, 134, 91, 20, 72, 37, 108, 140, 46, 160, 38, 197, 176, 15, 28, 36, 67, 42, 1, 102, 132, 191, 178, 150, 53, 185, 169, 183, 190, 82, 131, 92, 154, 4, 148, 25, 62, 135, 122]
Taxon occupancy: {110=50, 111=50, 112=50, 113=50, 114=50, 115=50, 116=50, 117=50, 118=50, 119=50, 10=50, 11=50, 12=50, 13=50, 14=50, 15=50, 16=50, 17=50, 18=50, 19=50, 120=50, 0=50, 121=50, 1=50, 122=50, 123=50, 2=50, 124=50, 3=50, 125=50, 4=50, 5=50, 126=50, 127=50, 6=50, 7=50, 128=50, 8=50, 129=50, 9=50, 20=50, 21=50, 22=50, 23=50, 24=50, 25=50, 26=50, 27=50, 28=50, 29=50, 130=50, 131=50, 132=50, 133=50, 134=50, 135=50, 136=50, 137=50, 138=50, 139=50, 30=50, 31=50, 32=50, 33=50, 34=50, 35=50, 36=50, 37=50, 38=50, 39=50, 140=50, 141=50, 142=50, 143=50, 144=50, 145=50, 146=50, 147=50, 148=50, 149=50, 40=50, 41=50, 42=50, 43=50, 44=50, 45=50, 46=50, 47=50, 48=50, 49=50, 150=50, 151=50, 152=50, 153=50, 154=50, 155=50, 156=50, 157=50, 158=50, 159=50, 50=50, 51=50, 52=50, 53=50, 54=50, 55=50, 56=50, 57=50, 58=50, 59=50, 160=50, 161=50, 162=50, 163=50, 164=50, 165=50, 166=50, 167=50, 168=50, 169=50, 60=50, 61=50, 62=50, 63=50, 64=50, 65=50, 66=50, 67=50, 68=50, 69=50, 170=50, 171=50, 172=50, 173=50, 174=50, 175=50, 176=50, 177=50, 178=50, 179=50, 70=50, 71=50, 72=50, 73=50, 74=50, 75=50, 76=50, 77=50, 78=50, 79=50, 180=50, 181=50, 182=50, 183=50, 184=50, 185=50, 186=50, 187=50, 188=50, 189=50, 80=50, 81=50, 82=50, 83=50, 84=50, 85=50, 86=50, 87=50, 88=50, 89=50, 190=50, 191=50, 192=50, 193=50, 194=50, 195=50, 196=50, 197=50, 198=50, 199=50, 90=50, 91=50, 92=50, 93=50, 94=50, 95=50, 96=50, 97=50, 98=50, 99=50, 200=50, 100=50, 101=50, 102=50, 103=50, 104=50, 105=50, 106=50, 107=50, 108=50, 109=50}
Number of gene trees: 50
0 trees have missing taxa
Calculating quartet distance matrix (for completion of X)
Species tree distances calculated ...
Building set of clusters (X) from gene trees 
------------------------------
gradient0: 11163
Number of Clusters after addition by distance: 11163
calculating extra bipartitions to be added at level 1 ...
Adding to X using resolutions of greedy consensus ...
Limit for sigma of degrees:5075
polytomy size limit : 57
discarded polytomies: 81 114  [3, 3, 3, 3, 3, 3, 3, 3, 3, 3, 3, 4, 4, 4, 5, 21, 21, 21, 44, 57, 81, 114]
Threshold 0.0:
polytomy of size 3; rounds with additions with at least 5 support: 2; clusters: 11167
polytomy of size 21; rounds with additions with at least 5 support: 3; clusters: 17589
Threshold 0.01:
polytomy of size 3; rounds with additions with at least 5 support: 0; clusters: 17589
polytomy of size 21; rounds with additions with at least 5 support: 0; clusters: 22543
Threshold 0.02:
polytomy of size 3; rounds with additions with at least 5 support: 0; clusters: 22543
polytomy of size 21; rounds with additions with at least 5 support: 0; clusters: 26875
Threshold 0.05:
polytomy of size 3; rounds with additions with at least 5 support: 1; clusters: 26877
polytomy of size 44; rounds with additions with at least 5 support: 6; clusters: 27539
Threshold 0.1:
polytomy of size 3; rounds with additions with at least 5 support: 0; clusters: 27539
polytomy of size 57; rounds with additions with at least 5 support: 4; clusters: 28057
Threshold 0.2:
polytomy of size 3; rounds with additions with at least 5 support: 0; clusters: 28057
polytomy of size 4; rounds with additions with at least 5 support: 0; clusters: 28057
polytomy of size 3; rounds with additions with at least 5 support: 0; clusters: 28057
polytomy of size 4; rounds with additions with at least 5 support: 0; clusters: 28059
polytomy of size 81; rounds with additions with at least 5 support: 1; clusters: 28349
Threshold 0.3333333333333333:
polytomy of size 4; rounds with additions with at least 5 support: 0; clusters: 28349
polytomy of size 3; rounds with additions with at least 5 support: 0; clusters: 28349
polytomy of size 3; rounds with additions with at least 5 support: 0; clusters: 28349
polytomy of size 3; rounds with additions with at least 5 support: 0; clusters: 28349
polytomy of size 5; rounds with additions with at least 5 support: 0; clusters: 28349
polytomy of size 3; rounds with additions with at least 5 support: 0; clusters: 28349
polytomy of size 114; rounds with additions with at least 5 support: 0; clusters: 28515
max k is :12
Number of Clusters after addition by greedy: 28515
gradient0 in heuristiic: 28515
partitions formed in 23.43 secs
Dynamic Programming starting after 23.43 secs
Using tree-based weight calculation.
Using polytree-based weight calculation.
Polytree max score: 3299917500
Polytree building time: 0.232 seconds.
Number of quartet trees in the gene trees: 3299917500
Size of largest cluster: 201
Greedy score: 1444192014
estimationFactor: 2.2849575873641412
Sub-optimal score: 1444219943
Calculated 100000 weights; time (seconds): 54
Total Number of elements weighted: 118005
Normalized score (portion of input quartet trees satisfied before correcting for multiple individuals): 0.4977901617237401
Optimization score: 1642666466
Optimal tree inferred in 60.086 secs.
(132,(191,(178,(23,((16,(3,183)),(144,((((61,109),(84,180)),(((94,83),(189,(46,160))),(30,(((14,(6,(117,87))),(119,(150,(169,(53,185))))),((152,(80,168)),((171,194),((29,142),(51,(114,170))))))))),((190,82),(((130,(115,(165,(141,(21,74))))),(((174,(5,137)),(95,((139,(96,13)),((73,10),(110,106))))),(((85,42),((1,102),(188,(173,(88,57))))),(((12,120),((167,196),(129,(159,75)))),(182,((38,197),((36,67),(15,(176,28))))))))),(47,(((((125,(9,24)),((91,20),(116,35))),((184,(37,(72,(108,140)))),((98,(195,104)),(7,(112,(68,(158,(59,136)))))))),((55,(26,((200,(19,(11,161))),(111,((63,52),(56,151)))))),((175,124),((2,(66,39)),(71,((64,164),((133,181),(157,(18,79))))))))),(((0,78),((156,(118,113)),(76,(179,((41,(8,(103,107))),(32,(45,(33,93)))))))),(17,(((143,123),((40,(54,(100,146))),((186,(162,((50,49),(193,34)))),(198,((127,(145,60)),((138,163),((81,48),(153,27)))))))),(((86,(101,134)),((77,(121,149)),(128,(65,(70,(43,(97,147))))))),(((135,122),(99,177)),(((131,(92,154)),(25,(4,(148,62)))),((89,(126,105)),(((172,22),(31,(44,192))),((199,(90,155)),(166,(69,(187,58)))))))))))))))))))))));
Final quartet score is: 1642666466
Final normalized quartet score is: 0.4977901617237401
Extended species tree:
(17,((((143,123)1:0.748009803337576,((40,(54,(100,146)1:0.38889197438329404)1:0.6419285381077809)1:0.6446588401045398,((186,(162,((50,49)1:0.786011860949802,(193,34)1:0.5299939345169562)0.73:0.11669569185490751)1:0.7847763607583216)0.87:0.1734075101517613,(198,((127,(145,60)0.99:0.30708074094626453)1:1.3677781241139344,((138,163)1:1.2115428631864815,((81,48)1:0.6931471805599453,(153,27)0.55:0.05911877647541502)1:0.9195010075044031)0.46:0.033813077310410694)0.44:0.03883068553848771)0.53:0.05236304700464789)0.8:0.14135475637898873)0.68:0.1009092081192731)0.95:0.22791570232787428,(((86,(101,134)0.46:0.0655293069116767)1:2.0905344138391193,((77,(121,149)1:0.9617997430289525)1:0.358723171076919,(128,(65,(70,(43,(97,147)0.76:0.12499480695495517)0.71:0.1084674239613065)0.98:0.2715398854818335)1:0.9333087781785857)0.7:0.11394161821004173)0.42:0.029603586589785225)0.97:0.2635264402606824,(((135,122)1:1.5866333376113089,(99,177)1:1.274534537962775)0.69:0.11092302507957161,(((131,(92,154)1:0.5582797823926803)0.39:0.008755623332932401,(25,(4,(148,62)0.36:2.9713267192323724E-4)1:0.5320251653791118)1:0.43430327861777496)1:0.4881673767756252,((89,(126,105)0.98:0.28392601386966687)1:1.205506941367205,(((172,22)0.65:0.09122190952597319,(31,(44,192)0.97:0.26380618291447516)1:0.4064034233383046)0.94:0.21834113875729755,((199,(90,155)0.92:0.2301496170888629)0.54:0.059075403660396576,(166,(69,(187,58)0.83:0.15680323415471353)1:0.3911974162448074)0.96:0.24569910533179465)0.64:0.10617063265015371)1:0.39046566765601115)0.63:0.08299347134186776)0.98:0.27195945110891767)0.37:0.00434494748323301)0.63:0.08568328429183346)0.52:0.050849259149933636,(((0,78)0.51:0.05414493665427831,((156,(118,113)1:1.3426954770655748)1:1.081818859431656,(76,(179,((41,(8,(103,107)0.96:0.24313559048708033)0.48:0.04270243168434778)1:0.4316546688200921,(32,(45,(33,93)1:0.8905552303872802)0.97:0.26572913099149137)0.96:0.23715018405107663)0.38:0.006550975813508297)1:0.4082600481980121)0.8:0.14148954980817963)0.48:0.03709099862968042)0.49:0.04198449029645142,(((((125,(9,24)1:0.3880157421256976)0.53:0.0818905453683549,((91,20)1:0.4255596561816571,(116,35)0.99:0.31063687074480495)1:0.40603379616019003)1:0.5049440667495039,((184,(37,(72,(108,140)0.53:0.08960751669214256)0.76:0.14619495178031125)1:1.1143415905766534)1:0.3926374906056419,((98,(195,104)1:1.12205790724279)0.68:0.10300026312308955,(7,(112,(68,(158,(59,136)1:0.692850136149622)0.91:0.19424666394471368)0.98:0.2822281181277624)0.98:0.2877323502365523)0.45:0.041185878119823216)0.99:0.3201010888052893)0.62:0.08731020781625334)0.79:0.13679993855157727,((55,(26,((200,(19,(11,161)1:0.8159561942949201)0.92:0.2025303579381231)0.8:0.16728806925467712,(111,((63,52)0.94:0.21912060019832005,(56,151)0.98:0.27817234253809914)0.53:0.0750376219852319)1:0.37614280584652654)0.92:0.2029454636562674)0.75:0.13144011191065194)0.55:0.08505274445254703,((175,124)1:0.8513785001393165,((2,(66,39)1:1.581172136689258)1:0.6165517033101763,(71,((64,164)1:0.3913146386653797,((133,181)1:0.4062907790126429,(157,(18,79)0.65:0.09139628048318858)0.48:0.0416335857761619)1:0.3526654064719969)1:0.4240534470442204)0.93:0.2157900707336946)0.63:0.0859772378715125)0.42:0.021325708433403878)1:0.35608642909928057)0.47:0.03777611786308189,(47,(((130,(115,(165,(141,(21,74)1:0.40791909706973095)0.71:0.1181656857462155)1:0.41337445595796546)0.99:0.3260142915439469)0.92:0.20259225123430075,(((174,(5,137)1:0.5819215454497209)1:0.939561537406437,(95,((139,(96,13)1:0.4746489833202692)1:0.8427473845679583,((73,10)1:0.7472890537656074,(110,106)0.97:0.2652423945496599)0.97:0.257353592465788)0.77:0.14523955556707085)1:0.48020438213447336)0.36:0.0,(((85,42)1:1.1025058691872416,((1,102)1:1.3427611132442594,(188,(173,(88,57)0.63:0.0926992122636044)1:0.7814351939223901)0.9:0.18734167802122734)0.96:0.2412070829060508)0.52:0.0636703758943274,(((12,120)0.98:0.27982941959598634,((167,196)1:0.656608053922732,(129,(159,75)1:0.40212843500912526)0.51:0.05379214906208702)0.65:0.09348245955261685)1:0.533936809708946,(182,((38,197)1:0.9865459869411426,((36,67)1:1.2734588517687628,(15,(176,28)0.66:0.0926992122636044)1:0.9707759159622482)0.57:0.0728201419692934)0.54:0.060559857074337906)0.81:0.14502480205616683)0.69:0.1029665796516195)0.98:0.2684742525469844)0.41:0.015325027708749396)0.57:0.06831465160250466,((190,82)1:1.7515382557411914,((((61,109)1:1.2432532385816863,(84,180)1:1.761177844632267)0.71:0.10952634744117305,(((94,83)1:1.8328065791208885,(189,(46,160)1:0.853954946922579)0.52:0.05264474740501709)0.66:0.09662078091394306,(30,(((14,(6,(117,87)0.99:0.30708074094626453)0.64:0.10655561588970215)1:1.0427568066085766,(119,(150,(169,(53,185)0.94:0.230710731851551)0.99:0.33831029387935774)0.99:0.2958519431135084)0.98:0.27723085188976343)0.44:0.028545127431073083,((152,(80,168)1:0.7607404716924736)1:0.4166419927099913,((171,194)1:0.9568221884550604,((29,142)0.97:0.2622642294551534,(51,(114,170)0.99:0.30889984200373743)0.99:0.32649070565572175)0.84:0.16876917349340023)0.53:0.06806936826601417)0.91:0.19497969878688914)0.77:0.12973054560252792)0.41:0.020610968269798954)0.38:0.005422077169954808)0.58:0.07256177408285787,(144,((16,(3,183)1:0.34788590739055736)1:0.7818690443516956,(23,(178,(191,132)0.6:0.07813820430914321)0.56:0.07847009199063558)0.98:0.2740078277739313)0.96:0.24111818719278583)0.42:0.01965966022461685)0.44:0.028187780422608093)0.68:0.09988661019015724)0.47:0.03720572952651115)0.34:0.0)0.42:0.021662844588304773)0.47:0.03736474241534021));
Weight calculation took 30.932022401 secs
ASTRAL finished in 61.57 secs
