
================== ASTRAL ===================== 

This is ASTRAL version 5.7.8
Gene trees are treated as unrooted
200 trees read from Dataset/AstralII_data/model.200.500000.0.000001/34/estimatedgenetre.halfresolved_200
index0
All output trees will be *arbitrarily* rooted at 17

======== Running the main analysis
Number of taxa: 201 (201 species)
Taxa: [17, 156, 118, 113, 90, 166, 155, 103, 32, 45, 110, 106, 130, 5, 137, 179, 107, 8, 184, 116, 35, 125, 9, 24, 126, 186, 41, 33, 93, 138, 163, 153, 27, 81, 127, 145, 60, 48, 198, 193, 50, 49, 34, 162, 59, 112, 68, 136, 158, 7, 98, 195, 104, 95, 96, 73, 10, 139, 13, 167, 196, 129, 159, 75, 12, 182, 85, 88, 57, 173, 0, 76, 175, 124, 71, 56, 18, 79, 64, 164, 157, 133, 181, 66, 39, 78, 23, 119, 84, 180, 144, 61, 109, 40, 54, 100, 146, 143, 123, 199, 89, 105, 31, 44, 192, 172, 22, 69, 187, 58, 99, 177, 80, 152, 6, 117, 14, 87, 168, 29, 114, 189, 16, 3, 120, 188, 47, 94, 83, 51, 142, 170, 171, 194, 30, 115, 21, 141, 74, 165, 174, 70, 65, 43, 97, 147, 121, 149, 2, 26, 63, 151, 19, 11, 161, 52, 111, 200, 55, 128, 77, 86, 101, 134, 91, 20, 72, 37, 108, 140, 46, 160, 38, 197, 176, 15, 28, 36, 67, 42, 1, 102, 132, 191, 178, 150, 53, 185, 169, 183, 190, 82, 131, 92, 154, 4, 148, 25, 62, 135, 122]
Taxon occupancy: {110=200, 111=200, 112=200, 113=200, 114=200, 115=200, 116=200, 117=200, 118=200, 119=200, 10=200, 11=200, 12=200, 13=200, 14=200, 15=200, 16=200, 17=200, 18=200, 19=200, 120=200, 0=200, 121=200, 1=200, 122=200, 123=200, 2=200, 124=200, 3=200, 125=200, 4=200, 5=200, 126=200, 127=200, 6=200, 7=200, 128=200, 8=200, 129=200, 9=200, 20=200, 21=200, 22=200, 23=200, 24=200, 25=200, 26=200, 27=200, 28=200, 29=200, 130=200, 131=200, 132=200, 133=200, 134=200, 135=200, 136=200, 137=200, 138=200, 139=200, 30=200, 31=200, 32=200, 33=200, 34=200, 35=200, 36=200, 37=200, 38=200, 39=200, 140=200, 141=200, 142=200, 143=200, 144=200, 145=200, 146=200, 147=200, 148=200, 149=200, 40=200, 41=200, 42=200, 43=200, 44=200, 45=200, 46=200, 47=200, 48=200, 49=200, 150=200, 151=200, 152=200, 153=200, 154=200, 155=200, 156=200, 157=200, 158=200, 159=200, 50=200, 51=200, 52=200, 53=200, 54=200, 55=200, 56=200, 57=200, 58=200, 59=200, 160=200, 161=200, 162=200, 163=200, 164=200, 165=200, 166=200, 167=200, 168=200, 169=200, 60=200, 61=200, 62=200, 63=200, 64=200, 65=200, 66=200, 67=200, 68=200, 69=200, 170=200, 171=200, 172=200, 173=200, 174=200, 175=200, 176=200, 177=200, 178=200, 179=200, 70=200, 71=200, 72=200, 73=200, 74=200, 75=200, 76=200, 77=200, 78=200, 79=200, 180=200, 181=200, 182=200, 183=200, 184=200, 185=200, 186=200, 187=200, 188=200, 189=200, 80=200, 81=200, 82=200, 83=200, 84=200, 85=200, 86=200, 87=200, 88=200, 89=200, 190=200, 191=200, 192=200, 193=200, 194=200, 195=200, 196=200, 197=200, 198=200, 199=200, 90=200, 91=200, 92=200, 93=200, 94=200, 95=200, 96=200, 97=200, 98=200, 99=200, 200=200, 100=200, 101=200, 102=200, 103=200, 104=200, 105=200, 106=200, 107=200, 108=200, 109=200}
Number of gene trees: 200
0 trees have missing taxa
Calculating quartet distance matrix (for completion of X)
Species tree distances calculated ...
Building set of clusters (X) from gene trees 
------------------------------
gradient0: 35871
Number of Clusters after addition by distance: 35871
calculating extra bipartitions to be added at level 1 ...
Adding to X using resolutions of greedy consensus ...
Limit for sigma of degrees:5075
polytomy size limit : 57
discarded polytomies: 87 105  [3, 3, 3, 3, 3, 3, 3, 3, 3, 3, 4, 5, 17, 24, 29, 43, 57, 87, 105]
Threshold 0.0:
polytomy of size 17; rounds with additions with at least 5 support: 6; clusters: 38503
Threshold 0.01:
polytomy of size 3; rounds with additions with at least 5 support: 1; clusters: 38507
polytomy of size 24; rounds with additions with at least 5 support: 9; clusters: 44967
Threshold 0.02:
polytomy of size 3; rounds with additions with at least 5 support: 0; clusters: 44967
polytomy of size 29; rounds with additions with at least 5 support: 3; clusters: 53715
Threshold 0.05:
polytomy of size 43; rounds with additions with at least 5 support: 2; clusters: 53859
Threshold 0.1:
polytomy of size 3; rounds with additions with at least 5 support: 0; clusters: 53859
polytomy of size 3; rounds with additions with at least 5 support: 0; clusters: 53859
polytomy of size 3; rounds with additions with at least 5 support: 0; clusters: 53859
polytomy of size 57; rounds with additions with at least 5 support: 2; clusters: 53955
Threshold 0.2:
polytomy of size 5; rounds with additions with at least 5 support: 0; clusters: 53955
polytomy of size 87; rounds with additions with at least 5 support: 0; clusters: 54035
Threshold 0.3333333333333333:
polytomy of size 3; rounds with additions with at least 5 support: 0; clusters: 54035
polytomy of size 3; rounds with additions with at least 5 support: 0; clusters: 54035
polytomy of size 3; rounds with additions with at least 5 support: 0; clusters: 54035
polytomy of size 3; rounds with additions with at least 5 support: 0; clusters: 54035
polytomy of size 4; rounds with additions with at least 5 support: 0; clusters: 54035
polytomy of size 3; rounds with additions with at least 5 support: 0; clusters: 54035
polytomy of size 105; rounds with additions with at least 5 support: 0; clusters: 54067
max k is :18
Number of Clusters after addition by greedy: 54067
gradient0 in heuristiic: 54067
partitions formed in 37.157 secs
Dynamic Programming starting after 37.158 secs
Using tree-based weight calculation.
Using polytree-based weight calculation.
Polytree max score: 13199670000
Polytree building time: 0.302 seconds.
Number of quartet trees in the gene trees: 13199670000
Size of largest cluster: 201
Greedy score: 5218748274
estimationFactor: 2.5292789203421155
Sub-optimal score: 5873685038
Calculated 100000 weights; time (seconds): 126
Total Number of elements weighted: 144930
Normalized score (portion of input quartet trees satisfied before correcting for multiple individuals): 0.4954746221685845
Optimization score: 6540101506
Optimal tree inferred in 169.835 secs.
(63,((52,111),((56,151),((200,(19,(11,161))),(26,(55,(((2,(66,39)),(71,((64,164),(79,(18,(157,(133,181))))))),((175,124),(((184,(37,(72,(108,140)))),(((125,(9,24)),((91,20),(116,35))),(98,((195,104),(7,(112,(68,(158,(59,136))))))))),(((78,((156,(118,113)),(76,(179,((8,(41,(103,107))),(32,(45,(33,93)))))))),(17,(0,(((143,123),((40,(54,(100,146))),((186,(162,((193,34),(50,49)))),((153,(27,(81,48))),((138,163),(198,(127,(145,60)))))))),(((128,(65,((70,43),(97,147)))),((77,(121,149)),(101,(86,134)))),(((135,122),(99,177)),(((131,(92,154)),(25,(148,(4,62)))),((89,(126,105)),(((172,22),(31,(44,192))),((199,(90,155)),(166,(69,(187,58))))))))))))),((47,(((144,(190,82)),((16,(3,183)),(23,(178,(132,191))))),((94,83),(((61,109),(84,180)),((189,30),((46,160),((119,(150,(169,(53,185)))),((14,(6,(117,87))),((152,(80,168)),((171,194),((29,142),(51,(114,170))))))))))))),((174,(5,137)),((130,(115,(165,(141,(21,74))))),((95,((139,(96,13)),((110,106),(73,10)))),(((85,42),((1,102),(188,(173,(88,57))))),(((12,120),((159,75),(129,(167,196)))),((38,197),((182,(36,67)),(15,(176,28))))))))))))))))))));
Final quartet score is: 6540101506
Final normalized quartet score is: 0.4954746221685845
Extended species tree:
(17,((0,(((143,123)1:0.7605838074887543,((40,(54,(100,146)1:0.5421026962024208)1:0.7454817656035414)1:0.6200057654032709,((186,(162,((193,34)1:0.5326417929015651,(50,49)1:0.6935639656374952)0.65:0.04729541299685369)1:0.9577028992364748)1:0.2696163139884369,((153,(27,(81,48)1:0.7243075963750075)0.53:0.03094983671089526)1:1.027044873035254,((138,163)1:1.2505839436065675,(198,(127,(145,60)0.99:0.1441625349623028)1:1.4852858293564195)0.52:0.03782864770028148)0.53:0.02878867903759986)0.99:0.1413143434455147)0.85:0.08152744205754764)0.53:0.0312878501474889)1:0.26469027191733485,(((128,(65,((70,43)0.58:0.05050008801864648,(97,147)1:0.1823821692831763)1:0.3065926213746763)1:0.9421680298537519)1:0.21109450348485956,((77,(121,149)1:1.3787845631343774)1:0.3342664812690381,(101,(86,134)1:0.16208447648058102)1:1.5248425997141297)0.86:0.08296656092874531)1:0.2719218570051451,(((135,122)1:1.656477582943248,(99,177)1:1.0780100097012257)0.55:0.03770679864202891,(((131,(92,154)1:0.486144042554376)0.43:0.01435473056876865,(25,(148,(4,62)0.98:0.13575220229976617)1:0.5260493872469759)1:0.4213624612454235)1:0.33898658202137266,((89,(126,105)0.95:0.113594060482713)1:1.3629308970257665,(((172,22)1:0.2562491286224663,(31,(44,192)1:0.3117906554095984)1:0.5845612143301911)1:0.2545226984352258,((199,(90,155)1:0.3155041054450952)0.65:0.05014296947353109,(166,(69,(187,58)1:0.24267767101637086)1:0.3818892418347894)1:0.30252327136759666)0.99:0.14520259578515055)1:0.5224763802983737)0.9:0.09549300818300867)1:0.302050621197154)0.53:0.029365480343594375)0.68:0.05142368989417677)0.48:0.02259225703851249)0.53:0.029289448062855657,((78,((156,(118,113)1:0.9106343637314814)1:1.0152456052135774,(76,(179,((8,(41,(103,107)1:0.22945772999508615)0.89:0.09638090966106365)1:0.28992295770009385,(32,(45,(33,93)1:0.7380890375780169)1:0.29312657114372953)1:0.3629030770191773)0.42:0.01619760103616972)1:0.4589220210073047)0.69:0.05357360417017591)0.68:0.05211558509472126)0.46:0.01918142255779241,(((47,(((144,(190,82)1:1.8569313885680456)0.66:0.04884975022221056,((16,(3,183)1:0.25934230120482543)1:0.9387586153826898,(23,(178,(132,191)1:0.17380971725204353)0.62:0.04208867514973016)1:0.3634313538355161)1:0.16605362073726412)0.44:0.018325813194523245,((94,83)1:1.6171666105853157,(((61,109)1:1.5298440574249283,(84,180)1:1.3541621845582656)0.99:0.15597823933458457,((189,30)1:0.1661100335838206,((46,160)1:0.5054539955386752,((119,(150,(169,(53,185)1:0.3770398537288106)1:0.24571821930402044)1:0.3580974192852758)1:0.19149238472482644,((14,(6,(117,87)1:0.1704072875023906)1:0.28030976434939275)1:1.0056521496272222,((152,(80,168)1:0.855674978411444)1:0.4386859283618918,((171,194)1:0.7917772210633431,((29,142)1:0.47016609548357785,(51,(114,170)1:0.47057668652190254)1:0.491493942447671)0.99:0.1511350019501818)0.93:0.10410233187513415)1:0.19813930620521958)0.41:0.011121978092232424)0.97:0.12471498863220053)0.41:0.012144597268870069)0.52:0.029135031258772433)0.39:0.007816441124614198)0.91:0.0962324275867229)0.98:0.13705642978132723)0.37:0.004545569900539967,((174,(5,137)1:0.580351686414601)1:1.2531203819223484,((130,(115,(165,(141,(21,74)1:0.6265895549078887)0.93:0.10267872624805358)1:0.47910164802153815)1:0.5274997782369916)1:0.21479544845819185,((95,((139,(96,13)1:0.39887223493356855)1:0.5988201525533157,((110,106)1:0.5158131652770295,(73,10)1:0.9869341698231349)0.99:0.14208567029934918)1:0.20499567585898523)1:0.5340381557093664,(((85,42)1:1.3635608965588748,((1,102)1:1.0574229678202016,(188,(173,(88,57)1:0.28281929811198575)1:0.6022824649439342)1:0.2724899838346538)1:0.21605945475852237)0.94:0.1092302884305912,(((12,120)1:0.48050324156183183,((159,75)1:0.37164288235258625,(129,(167,196)1:0.8340933003531189)0.93:0.10573498925705348)0.59:0.03978377875888607)1:0.4976747342900083,((38,197)1:1.041209015266782,((182,(36,67)1:1.4591390556539523)0.63:0.043255375464605166,(15,(176,28)0.46:0.024533383597544724)1:0.7971479033766237)0.49:0.03122468608709143)1:0.2630300331148864)0.71:0.05552284148414927)1:0.2142008818958111)0.45:0.017017417050141075)0.39:0.0076009012691037265)0.82:0.07444242420472925)0.64:0.04441284960559602,(((184,(37,(72,(108,140)1:0.16439189674466873)1:0.18860689439286804)1:1.0161006895125042)1:0.42819406283367806,(((125,(9,24)1:0.7424349809675643)0.96:0.1274937790219736,((91,20)1:0.314557154297255,(116,35)1:0.4123453025014102)1:0.6011916212877584)1:0.533765515901832,(98,((195,104)1:0.9903868066310271,(7,(112,(68,(158,(59,136)1:0.820302356045192)1:0.3411083170592916)1:0.17342128804524445)1:0.2589249121942797)0.49:0.02260688034182924)0.55:0.03194932829338505)1:0.22014784124347236)0.82:0.07955943892526297)0.99:0.1531860106734191,((175,124)1:0.9113508264381568,(((2,(66,39)1:1.0509211322700247)1:0.7501363697745919,(71,((64,164)1:0.4050189851400472,(79,(18,(157,(133,181)1:0.34290020899424845)0.43:0.015307102957981928)0.54:0.031457242391950115)1:0.3190321123046835)1:0.49071623660705893)1:0.352483474309612)0.39:0.007045428203901044,(55,(26,((200,(19,(11,161)1:0.7010936408111232)1:0.27028249218627354)0.93:0.11230019282789003,((56,151)1:0.2627311202572953,((52,111)0.42:0.015573680507980069,63)1:0.17307416276726542)1:0.35388034500771753)1:0.20019305000856719)1:0.28200736010617616)0.62:0.04348713332294061)0.56:0.034119078270823416)1:0.39441390990909003)0.54:0.03179214210143363)0.48:0.022316414385988203)0.73:0.05770813281417893));
Weight calculation took 116.130671406 secs
ASTRAL finished in 172.598 secs
