
================== ASTRAL ===================== 

This is ASTRAL version 5.7.8
Gene trees are treated as unrooted
1000 trees read from Dataset/AstralII_data/model.200.2000000.0.000001/11/estimatedgenetre.halfresolved
index0
All output trees will be *arbitrarily* rooted at 137

======== Running the main analysis
Number of taxa: 201 (201 species)
Taxa: [137, 65, 105, 159, 170, 123, 58, 94, 51, 102, 151, 20, 176, 117, 183, 178, 158, 1, 101, 121, 147, 60, 112, 119, 13, 52, 40, 180, 19, 14, 113, 42, 138, 95, 85, 53, 37, 81, 195, 106, 50, 18, 120, 169, 187, 194, 143, 71, 98, 174, 17, 5, 193, 43, 21, 165, 34, 73, 78, 93, 160, 47, 130, 114, 186, 15, 115, 61, 16, 41, 134, 164, 118, 2, 162, 27, 196, 48, 182, 11, 131, 190, 74, 3, 140, 124, 63, 110, 30, 116, 32, 149, 33, 7, 179, 26, 184, 44, 83, 12, 38, 200, 175, 111, 82, 173, 86, 128, 90, 132, 99, 103, 126, 76, 177, 87, 199, 125, 155, 107, 84, 4, 89, 6, 57, 185, 54, 104, 192, 72, 171, 77, 62, 22, 122, 29, 69, 181, 23, 88, 135, 109, 163, 139, 191, 133, 67, 161, 188, 66, 97, 80, 24, 144, 56, 25, 92, 64, 45, 75, 142, 68, 35, 197, 91, 172, 31, 146, 49, 55, 108, 168, 157, 79, 96, 8, 152, 148, 59, 9, 129, 70, 167, 154, 189, 10, 136, 100, 150, 156, 145, 39, 127, 46, 36, 28, 198, 153, 0, 141, 166]
Taxon occupancy: {110=1000, 111=1000, 112=1000, 113=1000, 114=1000, 115=1000, 116=1000, 117=1000, 118=1000, 119=1000, 10=1000, 11=1000, 12=1000, 13=1000, 14=1000, 15=1000, 16=1000, 17=1000, 18=1000, 19=1000, 120=1000, 121=1000, 0=1000, 1=1000, 122=1000, 123=1000, 2=1000, 3=1000, 124=1000, 125=1000, 4=1000, 5=1000, 126=1000, 6=1000, 127=1000, 7=1000, 128=1000, 8=1000, 129=1000, 9=1000, 20=1000, 21=1000, 22=1000, 23=1000, 24=1000, 25=1000, 26=1000, 27=1000, 28=1000, 29=1000, 130=1000, 131=1000, 132=1000, 133=1000, 134=1000, 135=1000, 136=1000, 137=1000, 138=1000, 139=1000, 30=1000, 31=1000, 32=1000, 33=1000, 34=1000, 35=1000, 36=1000, 37=1000, 38=1000, 39=1000, 140=1000, 141=1000, 142=1000, 143=1000, 144=1000, 145=1000, 146=1000, 147=1000, 148=1000, 149=1000, 40=1000, 41=1000, 42=1000, 43=1000, 44=1000, 45=1000, 46=1000, 47=1000, 48=1000, 49=1000, 150=1000, 151=1000, 152=1000, 153=1000, 154=1000, 155=1000, 156=1000, 157=1000, 158=1000, 159=1000, 50=1000, 51=1000, 52=1000, 53=1000, 54=1000, 55=1000, 56=1000, 57=1000, 58=1000, 59=1000, 160=1000, 161=1000, 162=1000, 163=1000, 164=1000, 165=1000, 166=1000, 167=1000, 168=1000, 169=1000, 60=1000, 61=1000, 62=1000, 63=1000, 64=1000, 65=1000, 66=1000, 67=1000, 68=1000, 69=1000, 170=1000, 171=1000, 172=1000, 173=1000, 174=1000, 175=1000, 176=1000, 177=1000, 178=1000, 179=1000, 70=1000, 71=1000, 72=1000, 73=1000, 74=1000, 75=1000, 76=1000, 77=1000, 78=1000, 79=1000, 180=1000, 181=1000, 182=1000, 183=1000, 184=1000, 185=1000, 186=1000, 187=1000, 188=1000, 189=1000, 80=1000, 81=1000, 82=1000, 83=1000, 84=1000, 85=1000, 86=1000, 87=1000, 88=1000, 89=1000, 190=1000, 191=1000, 192=1000, 193=1000, 194=1000, 195=1000, 196=1000, 197=1000, 198=1000, 199=1000, 90=1000, 91=1000, 92=1000, 93=1000, 94=1000, 95=1000, 96=1000, 97=1000, 98=1000, 99=1000, 200=1000, 100=1000, 101=1000, 102=1000, 103=1000, 104=1000, 105=1000, 106=1000, 107=1000, 108=1000, 109=1000}
Number of gene trees: 1000
0 trees have missing taxa
Calculating quartet distance matrix (for completion of X)
Species tree distances calculated ...
Building set of clusters (X) from gene trees 
------------------------------
gradient0: 24839
Number of Clusters after addition by distance: 24839
calculating extra bipartitions to be added at level 1 ...
Adding to X using resolutions of greedy consensus ...
Limit for sigma of degrees:5075
polytomy size limit : 9
discarded polytomies:  [3, 3, 3, 3, 3, 3, 3, 3, 3, 3, 3, 3, 3, 4, 4, 4, 5, 5, 6, 9, 9]
Threshold 0.0:
Threshold 0.01:
Threshold 0.02:
Threshold 0.05:
polytomy of size 4; rounds with additions with at least 5 support: 0; clusters: 24839
Threshold 0.1:
polytomy of size 3; rounds with additions with at least 5 support: 0; clusters: 24839
polytomy of size 6; rounds with additions with at least 5 support: 0; clusters: 24839
Threshold 0.2:
polytomy of size 3; rounds with additions with at least 5 support: 0; clusters: 24839
polytomy of size 3; rounds with additions with at least 5 support: 0; clusters: 24839
polytomy of size 3; rounds with additions with at least 5 support: 0; clusters: 24839
polytomy of size 4; rounds with additions with at least 5 support: 0; clusters: 24839
polytomy of size 9; rounds with additions with at least 5 support: 0; clusters: 24839
Threshold 0.3333333333333333:
polytomy of size 4; rounds with additions with at least 5 support: 0; clusters: 24839
polytomy of size 3; rounds with additions with at least 5 support: 0; clusters: 24839
polytomy of size 5; rounds with additions with at least 5 support: 0; clusters: 24839
polytomy of size 3; rounds with additions with at least 5 support: 0; clusters: 24839
polytomy of size 3; rounds with additions with at least 5 support: 0; clusters: 24839
polytomy of size 3; rounds with additions with at least 5 support: 0; clusters: 24839
polytomy of size 3; rounds with additions with at least 5 support: 0; clusters: 24839
polytomy of size 3; rounds with additions with at least 5 support: 0; clusters: 24839
polytomy of size 3; rounds with additions with at least 5 support: 0; clusters: 24839
polytomy of size 5; rounds with additions with at least 5 support: 0; clusters: 24839
polytomy of size 3; rounds with additions with at least 5 support: 0; clusters: 24839
polytomy of size 3; rounds with additions with at least 5 support: 0; clusters: 24839
polytomy of size 9; rounds with additions with at least 5 support: 0; clusters: 24839
max k is :0
Number of Clusters after addition by greedy: 24839
gradient0 in heuristiic: 24839
partitions formed in 27.945 secs
Dynamic Programming starting after 27.945 secs
Using tree-based weight calculation.
Using polytree-based weight calculation.
Polytree max score: 65998350000
Polytree building time: 2.398 seconds.
Number of quartet trees in the gene trees: 65998350000
Size of largest cluster: 201
Greedy score: 44449856255
estimationFactor: 1.4847820794150732
Sub-optimal score: 45378396867
Total Number of elements weighted: 90275
Normalized score (portion of input quartet trees satisfied before correcting for multiple individuals): 0.7598576703205459
Optimization score: 50149352476
Optimal tree inferred in 126.736 secs.
(97,(80,(66,(24,((56,(144,25)),((((92,197),(35,(91,172))),((64,45),(75,(142,68)))),(((46,36),(28,(198,153))),(((((176,117),(183,(178,158))),(20,(123,(58,((94,51),(102,151)))))),(((14,113),(19,(40,180))),((106,50),((121,(1,101)),((147,(85,((60,112),(13,(119,52))))),((42,(138,95)),(53,(195,(37,81))))))))),((((137,(65,(105,(159,170)))),((76,177),(126,(99,(132,103))))),(0,((((163,139),(31,(146,(49,55)))),((135,109),((122,29),(23,(88,(69,181)))))),((191,(133,(161,(67,188)))),((141,166),((167,(10,(154,189))),((136,((39,127),(145,(156,(100,150))))),((8,(157,(108,168))),(((129,70),(79,96)),(59,(9,(152,148)))))))))))),((((22,(171,77)),((104,192),(72,62))),(((48,(196,(2,(162,27)))),((164,118),((186,(15,115)),(61,(16,(41,134)))))),((73,160),((34,(165,((17,5),(43,(193,21))))),((130,(47,114)),((169,187),((194,143),((98,174),(71,(18,120)))))))))),(((74,3),(182,(11,(131,190)))),((140,((155,107),(((84,4),(125,(87,199))),((89,57),(54,(6,185)))))),(((184,44),((200,(12,38)),(83,(175,111)))),(((124,63),(78,93)),(26,(((82,173),(86,(128,90))),(110,(149,((32,(30,116)),(33,(7,179)))))))))))))))))))));
Final quartet score is: 50149352476
Final normalized quartet score is: 0.7598576703205459
Extended species tree:
(137,((65,(105,(159,170)1:0.563131709377713)1:2.1992245780028856)1:3.285026278735249,(((76,177)1:1.2112419176726148,(126,(99,(132,103)1:0.7349686754132838)1:1.2826046370505613)1:0.21509595925888078)1:3.5651028832996574,((0,((((163,139)1:5.1815338312247485,(31,(146,(49,55)1:1.6911053158346392)1:1.1140209415811246)1:1.6636623962267283)1:0.9843023985192147,((135,109)1:6.5032896712070904,((122,29)1:5.408102043420297,(23,(88,(69,181)1:1.8783663739040792)1:0.5500529293333815)1:2.836708263050491)1:0.10370594185451706)1:0.6117550270384996)1:0.9798190967756174,((191,(133,(161,(67,188)1:0.07518439852246003)1:1.2802347891595665)1:4.075541435258999)1:2.508082877574684,((141,166)1:4.907932644206395,((167,(10,(154,189)1:5.116995310087171)1:0.9367583342449585)1:1.106763260896386,((136,((39,127)1:3.1191167283011256,(145,(156,(100,150)1:0.46540669764622644)1:0.7763592537124848)1:0.8304775929133543)1:2.1762085428674203)1:0.8227681167568256,((8,(157,(108,168)1:0.28868157278486456)1:3.3471536477336765)1:0.21599757949046164,(((129,70)1:1.1295164378428104,(79,96)1:2.3505325467797573)0.99:0.06174264236900574,(59,(9,(152,148)0.75:0.027856954502966335)1:2.0145392373707653)1:1.2909902986272503)1:0.7706485417542711)1:1.7751009635976425)0.36:0.0018823889613624352)1:0.6563095673229261)1:0.9121120147493939)1:0.15229083885471006)1:0.20952045957506973)0.9:0.07970083461057374,(((((22,(171,77)1:3.668591986667542)0.96:0.05237757856427566,((104,192)1:5.118265151527657,(72,62)1:0.35130787937735036)1:0.33769495774249114)1:3.1626649073726467,(((48,(196,(2,(162,27)1:0.9234455007006707)1:0.8454182605785814)1:0.4614489167740064)1:2.7664550787660134,((164,118)1:2.055225917871863,((186,(15,115)1:2.254794429157698)1:2.0518535851610076,(61,(16,(41,134)1:0.5979691087871555)1:0.3698916282104079)1:3.631026672461092)1:0.7346242251944625)1:1.4610703377553813)1:0.8162497271437372,((73,160)1:1.8910567657448294,((34,(165,((17,5)1:3.6129179133108944,(43,(193,21)0.98:0.05598380866584292)1:3.1188994078612837)1:1.1220029174237984)1:0.32116216507402967)1:0.8981387182255303,((130,(47,114)1:0.3007541540191335)1:3.0698336046974797,((169,187)1:2.9114350356935925,((194,143)1:2.2901087908828326,((98,174)1:2.5523730600179015,(71,(18,120)1:1.4157556898328374)1:0.6841079522497479)1:0.673571156482501)1:0.18902290682043393)1:1.408936048182305)1:1.4714385080013945)1:0.22991519682424388)1:0.9155068309996904)1:1.047161502187475)1:0.07348414328268787,(((74,3)1:0.21450217461061286,(182,(11,(131,190)1:1.4095394704002937)1:2.3289024013114186)1:1.8088883514910203)1:3.099665366208101,((140,((155,107)1:1.4721983685434177,(((84,4)1:1.636907113648095,(125,(87,199)1:0.5928078778546143)1:0.6780423605016731)1:0.503923180776445,((89,57)1:1.1005280249437115,(54,(6,185)1:0.619911011265271)1:0.39280419282021084)1:1.0075321907826473)1:0.5008851840607397)1:3.4877547703568803)1:1.3655700039788985,(((184,44)1:2.6892470741391135,((200,(12,38)1:0.6539357821446753)1:0.8023516941414246,(83,(175,111)1:2.9192097229185587)1:0.10999481901919925)1:1.552954977353819)1:2.3241720523326856,(((124,63)1:5.848957194862556,(78,93)1:4.338742119897123)1:0.3170810473065632,(26,(((82,173)1:2.9573638973085443,(86,(128,90)1:1.2669014385976824)1:1.509461495427182)1:2.1162556476484355,(110,(149,((32,(30,116)1:0.6170874403137525)1:0.5776955860071108,(33,(7,179)1:1.3445827433599253)1:0.4113283403093248)0.96:0.050354901538463843)1:2.09860501264059)1:1.7310825856461767)1:0.6888155955585202)1:0.2907703437534882)1:0.08005583557576779)1:0.20934471720525138)1:0.6063404651781388)1:0.8374929320170694)1:0.33821716866037516,(((((176,117)1:2.5020355320509666,(183,(178,158)1:1.7157979284250098)1:2.962330347169742)1:2.605862464004086,(20,(123,(58,((94,51)1:3.669927039996726,(102,151)1:1.2127946981320294)1:0.40914421579260796)1:2.0034942459924965)1:1.6117630332819832)1:0.22166728291460758)1:0.3453525729626219,(((14,113)1:2.773588222572864,(19,(40,180)1:2.2967895501943003)1:0.29257690485140253)1:2.7407834362636527,((106,50)1:4.618004143968183,((121,(1,101)1:1.4791765883570407)1:1.4000570304984374,((147,(85,((60,112)1:2.2311927430142755,(13,(119,52)1:0.5843958169339096)1:1.9947877296328607)1:0.7781499992183099)1:0.11436793900756069)1:1.2484025274620685,((42,(138,95)1:2.360475663227509)1:1.3844011421860725,(53,(195,(37,81)1:2.1460629781154217)1:0.13248078411990524)1:1.2688420918315928)1:0.9901369166141454)1:0.4719814251677799)1:0.6417910781134487)1:1.6585074350049602)1:0.3351001510695726)1:0.8880476240697093,(((46,36)1:3.4430188765154863,(28,(198,153)1:2.3135584093045574)1:0.3558903224783146)1:3.758623042273554,((((92,197)1:0.9646305550475871,(35,(91,172)1:0.20750198246984247)0.75:0.028181289349101565)1:0.41613622813797746,((64,45)1:1.3084826810286831,(75,(142,68)1:0.698306837508643)1:0.7531008237366992)1:3.4667354031328093)1:2.0218970047417275,((56,(144,25)1:1.1515512251077042)1:1.237299820273111,(24,(66,(80,97)1:1.6749759339047552)1:2.82621823684934)0.74:0.02708066242291579)1:2.8351930800981697)1:0.8857781091608912)1:0.9394284169634687)1:0.37542956884621576)1:0.09160290348901447)1:1.8010055227830155)1:0.17122763610991873));
Weight calculation took 90.75985237 secs
ASTRAL finished in 136.259 secs
