
================== ASTRAL ===================== 

This is ASTRAL version 5.7.8
Gene trees are treated as unrooted
200 trees read from Dataset/AstralII_data/model.200.2000000.0.000001/11/estimatedgenetre.halfresolved_200
index0
All output trees will be *arbitrarily* rooted at 137

======== Running the main analysis
Number of taxa: 201 (201 species)
Taxa: [137, 65, 105, 159, 170, 123, 58, 94, 51, 102, 151, 20, 176, 117, 183, 178, 158, 1, 101, 121, 147, 60, 112, 119, 13, 52, 40, 180, 19, 14, 113, 42, 138, 95, 85, 53, 37, 81, 195, 106, 50, 18, 120, 169, 187, 194, 143, 71, 98, 174, 17, 5, 193, 43, 21, 165, 34, 73, 78, 93, 160, 47, 130, 114, 186, 15, 115, 61, 16, 41, 134, 164, 118, 2, 162, 27, 196, 48, 182, 11, 131, 190, 74, 3, 140, 124, 63, 110, 30, 116, 32, 149, 33, 7, 179, 26, 184, 44, 83, 12, 38, 200, 175, 111, 82, 173, 86, 128, 90, 132, 99, 103, 126, 76, 177, 87, 199, 125, 155, 107, 84, 4, 89, 6, 57, 185, 54, 104, 192, 72, 171, 77, 62, 22, 122, 29, 69, 181, 23, 88, 135, 109, 163, 139, 191, 133, 67, 161, 188, 66, 97, 80, 24, 144, 56, 25, 92, 64, 45, 75, 142, 68, 35, 197, 91, 172, 31, 146, 49, 55, 108, 168, 157, 79, 96, 8, 152, 148, 59, 9, 129, 70, 167, 154, 189, 10, 136, 100, 150, 156, 145, 39, 127, 46, 36, 28, 198, 153, 0, 141, 166]
Taxon occupancy: {110=200, 111=200, 112=200, 113=200, 114=200, 115=200, 116=200, 117=200, 118=200, 119=200, 10=200, 11=200, 12=200, 13=200, 14=200, 15=200, 16=200, 17=200, 18=200, 19=200, 120=200, 121=200, 0=200, 1=200, 122=200, 123=200, 2=200, 3=200, 124=200, 125=200, 4=200, 5=200, 126=200, 6=200, 127=200, 7=200, 128=200, 8=200, 129=200, 9=200, 20=200, 21=200, 22=200, 23=200, 24=200, 25=200, 26=200, 27=200, 28=200, 29=200, 130=200, 131=200, 132=200, 133=200, 134=200, 135=200, 136=200, 137=200, 138=200, 139=200, 30=200, 31=200, 32=200, 33=200, 34=200, 35=200, 36=200, 37=200, 38=200, 39=200, 140=200, 141=200, 142=200, 143=200, 144=200, 145=200, 146=200, 147=200, 148=200, 149=200, 40=200, 41=200, 42=200, 43=200, 44=200, 45=200, 46=200, 47=200, 48=200, 49=200, 150=200, 151=200, 152=200, 153=200, 154=200, 155=200, 156=200, 157=200, 158=200, 159=200, 50=200, 51=200, 52=200, 53=200, 54=200, 55=200, 56=200, 57=200, 58=200, 59=200, 160=200, 161=200, 162=200, 163=200, 164=200, 165=200, 166=200, 167=200, 168=200, 169=200, 60=200, 61=200, 62=200, 63=200, 64=200, 65=200, 66=200, 67=200, 68=200, 69=200, 170=200, 171=200, 172=200, 173=200, 174=200, 175=200, 176=200, 177=200, 178=200, 179=200, 70=200, 71=200, 72=200, 73=200, 74=200, 75=200, 76=200, 77=200, 78=200, 79=200, 180=200, 181=200, 182=200, 183=200, 184=200, 185=200, 186=200, 187=200, 188=200, 189=200, 80=200, 81=200, 82=200, 83=200, 84=200, 85=200, 86=200, 87=200, 88=200, 89=200, 190=200, 191=200, 192=200, 193=200, 194=200, 195=200, 196=200, 197=200, 198=200, 199=200, 90=200, 91=200, 92=200, 93=200, 94=200, 95=200, 96=200, 97=200, 98=200, 99=200, 200=200, 100=200, 101=200, 102=200, 103=200, 104=200, 105=200, 106=200, 107=200, 108=200, 109=200}
Number of gene trees: 200
0 trees have missing taxa
Calculating quartet distance matrix (for completion of X)
Species tree distances calculated ...
Building set of clusters (X) from gene trees 
------------------------------
gradient0: 8643
Number of Clusters after addition by distance: 8643
calculating extra bipartitions to be added at level 1 ...
Adding to X using resolutions of greedy consensus ...
Limit for sigma of degrees:5075
polytomy size limit : 9
discarded polytomies:  [3, 3, 3, 3, 3, 3, 3, 3, 3, 4, 4, 4, 6, 6, 8, 9]
Threshold 0.0:
Threshold 0.01:
Threshold 0.02:
Threshold 0.05:
polytomy of size 4; rounds with additions with at least 5 support: 0; clusters: 8643
Threshold 0.1:
polytomy of size 6; rounds with additions with at least 5 support: 0; clusters: 8643
Threshold 0.2:
polytomy of size 3; rounds with additions with at least 5 support: 0; clusters: 8643
polytomy of size 3; rounds with additions with at least 5 support: 0; clusters: 8643
polytomy of size 4; rounds with additions with at least 5 support: 0; clusters: 8643
polytomy of size 3; rounds with additions with at least 5 support: 0; clusters: 8643
polytomy of size 8; rounds with additions with at least 5 support: 0; clusters: 8643
Threshold 0.3333333333333333:
polytomy of size 4; rounds with additions with at least 5 support: 0; clusters: 8643
polytomy of size 3; rounds with additions with at least 5 support: 0; clusters: 8643
polytomy of size 3; rounds with additions with at least 5 support: 0; clusters: 8643
polytomy of size 3; rounds with additions with at least 5 support: 0; clusters: 8643
polytomy of size 3; rounds with additions with at least 5 support: 0; clusters: 8643
polytomy of size 3; rounds with additions with at least 5 support: 0; clusters: 8643
polytomy of size 3; rounds with additions with at least 5 support: 0; clusters: 8643
polytomy of size 6; rounds with additions with at least 5 support: 0; clusters: 8643
polytomy of size 9; rounds with additions with at least 5 support: 0; clusters: 8643
max k is :0
Number of Clusters after addition by greedy: 8643
gradient0 in heuristiic: 8643
partitions formed in 5.13 secs
Dynamic Programming starting after 5.13 secs
Using tree-based weight calculation.
Using polytree-based weight calculation.
Polytree max score: 13199670000
Polytree building time: 0.232 seconds.
Number of quartet trees in the gene trees: 13199670000
Size of largest cluster: 201
Greedy score: 9028537103
estimationFactor: 1.4619943241540223
Sub-optimal score: 9144678445
Total Number of elements weighted: 17253
Normalized score (portion of input quartet trees satisfied before correcting for multiple individuals): 0.7623759623536043
Optimization score: 10063111119
Optimal tree inferred in 11.213 secs.
(97,(80,(66,((24,(56,(144,25))),(((35,((91,172),(92,197))),((64,45),(75,(142,68)))),(((46,36),(28,(198,153))),(((((176,117),(183,(178,158))),(20,(123,(58,((102,151),(94,51)))))),(((14,113),(19,(40,180))),((106,50),((121,(1,101)),((147,(85,((60,112),(13,(119,52))))),((42,(138,95)),(53,(195,(37,81))))))))),((((137,(65,(105,(159,170)))),((76,177),(126,(99,(132,103))))),(0,((((163,139),(31,(146,(49,55)))),((122,29),((135,109),(23,(88,(69,181)))))),((191,(133,(161,(67,188)))),((141,166),((167,(10,(154,189))),((136,((39,127),(145,(156,(100,150))))),((8,(157,(108,168))),((129,70),((79,96),(59,(152,(148,9))))))))))))),((((22,(171,77)),((104,192),(72,62))),(((48,(196,(2,(162,27)))),((164,118),((186,(15,115)),(61,(16,(41,134)))))),((73,160),((34,(165,((17,5),(43,(193,21))))),((130,(47,114)),((169,187),((194,143),((98,174),(71,(18,120)))))))))),(((74,3),(182,(11,(131,190)))),((140,((155,107),(((89,57),(54,(6,185))),((84,4),(125,(87,199)))))),(((184,44),((200,(12,38)),(83,(175,111)))),(((124,63),(78,93)),(26,(((82,173),(86,(128,90))),(110,(149,((33,(7,179)),(32,(30,116))))))))))))))))))));
Final quartet score is: 10063111119
Final normalized quartet score is: 0.7623759623536043
Extended species tree:
(137,((65,(105,(159,170)1:0.5283919474838898)1:2.0944794190443763)1:2.7006152226146916,(((76,177)1:1.401332238484431,(126,(99,(132,103)1:0.7232971419732276)1:1.135931636080495)1:0.19584542932727989)1:3.318861095001521,((0,((((163,139)1:4.338224012015484,(31,(146,(49,55)1:1.8530768909025348)1:1.1134194589143127)1:2.123969847555082)1:1.084323253459867,((122,29)1:4.204692619390971,((135,109)1:4.897839799950916,(23,(88,(69,181)1:1.8072565888509544)1:0.3027199498163214)1:2.9996946996497837)0.44:0.021367728932705367)1:0.6504019030448702)1:1.0201060778468733,((191,(133,(161,(67,188)0.99:0.1528637551167819)1:1.037110088910316)1:4.204692619390971)1:2.81652866202656,((141,166)1:4.204692619390971,((167,(10,(154,189)1:4.897839799950916)1:0.8711293518166252)1:1.0849936953453165,((136,((39,127)1:2.9882972950664715,(145,(156,(100,150)1:0.5669071174930841)1:0.7234134835704288)1:0.9244081663941224)1:2.2182845342076627)1:0.8972838853777908,((8,(157,(108,168)1:0.34396290835037063)1:3.512815280271502)1:0.2254684701184001,((129,70)1:1.128997354373771,((79,96)1:2.571187680874228,(59,(152,(148,9)0.57:0.06155789299943332)1:1.7197859696029647)1:1.2916686400688464)0.41:0.011494253702864237)1:0.8815759530852814)1:1.6884030061381492)0.49:0.02376118394754133)1:0.5909962573992436)1:0.7997700887793395)0.97:0.12372097177946034)1:0.18799944643054603)0.9:0.11518566335479363,(((((22,(171,77)1:3.5077647159911165)0.79:0.07152806531928345,((104,192)1:3.799227511282799,(72,62)1:0.29737610360207867)1:0.36883097492838357)1:3.22261470782329,(((48,(196,(2,(162,27)1:0.7868003591566408)1:0.9273563522093515)1:0.412955779837322)1:2.4579111454459888,((164,118)1:1.88119673649572,((186,(15,115)1:2.2587824703356527)1:1.852826564671624,(61,(16,(41,134)1:0.455188543460595)1:0.3387135524642268)1:3.51154543883102)1:0.7205720671899202)1:1.3136271882125443)1:0.8657452820580033,((73,160)1:1.901683639641418,((34,(165,((17,5)1:4.204692619390971,(43,(193,21)0.56:0.038027395589239135)1:2.546464542787433)1:1.1462263364672647)1:0.4149304434963265)1:0.9554166852434169,((130,(47,114)1:0.19735943415849522)1:3.0175269333814123,((169,187)1:2.8527424879634737,((194,143)1:2.3972492282603586,((98,174)1:2.0648265559453876,(71,(18,120)1:1.6385784394331364)1:0.5638223844633905)1:0.694815494538515)1:0.27771942701013574)1:1.3197314579634605)1:1.5057922381926392)1:0.22283450466513732)1:0.8753396241082225)1:0.9342547859746959)0.8:0.0705554820034767,(((74,3)1:0.20878812998211776,(182,(11,(131,190)1:1.5305439699644372)1:2.7006152226146916)1:2.664247578443817)1:3.9110955063018618,((140,((155,107)1:1.4165997106152197,(((89,57)1:1.069013563994367,(54,(6,185)1:0.5675052632590983)1:0.43162384690879596)1:1.0071135217237208,((84,4)1:1.6010585576369025,(125,(87,199)1:0.5418434777446153)1:0.6929377903605453)1:0.5214178474419743)1:0.6114984154114375)1:3.393762403174639)1:1.380936738448698,(((184,44)1:3.255612064693818,((200,(12,38)1:0.6783320947748046)1:0.9402062832707133,(83,(175,111)1:2.81587618883837)0.99:0.1529076715876614)1:1.3747526006797177)1:2.147328313779068,(((124,63)1:4.897839799950916,(78,93)1:3.799227511282799)1:0.2299990541778517,(26,(((82,173)1:2.8183982582710745,(86,(128,90)1:1.37147927533475)1:1.4089368378696503)1:2.1065740793518564,(110,(149,((33,(7,179)1:1.4976530297946795)1:0.30612728492993807,(32,(30,116)1:0.6632942174102642)1:0.46717563790862765)0.68:0.05015926015776012)1:2.007468042054746)1:1.6315120920303472)1:0.7271388720108275)1:0.24507815029337612)0.94:0.10779265153141587)1:0.23061617396793138)1:0.7089174999037319)1:0.7280015473481493)1:0.3441940530185998,(((((176,117)1:2.9519296508955994,(183,(178,158)1:1.9021075263969205)1:2.8183982582710745)1:2.3478869159077633,(20,(123,(58,((102,151)1:1.1725133900905342,(94,51)1:3.1930917077124845)1:0.4148372479370274)1:2.0498047158862858)1:1.4064688070319695)1:0.23555441093298793)1:0.2392823914401172,(((14,113)1:2.7775762637508223,(19,(40,180)1:2.1258825902044896)1:0.3148526231417384)1:3.055226555382975,((106,50)1:4.204692619390971,((121,(1,101)1:1.3148821862358946)1:1.407113078763471,((147,(85,((60,112)1:2.4999445271525413,(13,(119,52)1:0.5671064596645802)1:1.9269021850101364)1:0.6409307252243729)0.81:0.10097630201464151)1:1.0841539599927503,((42,(138,95)1:2.5952547069568657)1:1.2873050757878535,(53,(195,(37,81)1:1.9021075263969216)0.99:0.15281939475144585)1:1.1779873814590547)1:0.9020201965826043)1:0.5519392927216975)1:0.6425648709161734)1:1.7387231522953486)1:0.38155805964911277)1:0.8925708661560705,(((46,36)1:3.69386699562498,(28,(198,153)1:2.4999445271525413)1:0.333491608483075)1:3.4284990816132748,(((35,((91,172)1:0.18427057209678863,(92,197)1:0.9076814102965604)0.63:0.044176622511560855)1:0.4296354690359773,((64,45)1:1.2690642699066814,(75,(142,68)1:0.6636601023069586)1:0.8680337588663819)1:2.9614991019117523)1:2.216818271236623,((24,(56,(144,25)1:1.160170181667543)1:1.4304396736026757)0.9:0.09381875521765497,(66,(80,97)1:1.806797346592596)1:3.0260376230493193)1:2.562464884133873)1:0.7157384837289082)1:1.0856156659254672)1:0.4023117759073925)0.99:0.14500526116857823)1:1.6747259185360905)1:0.25118257747411077));
Weight calculation took 5.254341149 secs
ASTRAL finished in 13.358 secs
