
================== ASTRAL ===================== 

This is ASTRAL version 5.7.8
Gene trees are treated as unrooted
997 trees read from Dataset/AstralII_data/model.200.10000000.0.000001/30/estimatedgenetre.halfresolved
index0
All output trees will be *arbitrarily* rooted at 176

======== Running the main analysis
Number of taxa: 201 (201 species)
Taxa: [176, 52, 139, 28, 180, 132, 79, 62, 112, 83, 12, 185, 104, 94, 142, 188, 197, 191, 137, 25, 87, 171, 22, 92, 124, 121, 93, 27, 71, 91, 80, 17, 154, 163, 47, 192, 106, 42, 46, 40, 36, 122, 88, 133, 193, 157, 195, 73, 29, 144, 108, 24, 13, 172, 53, 7, 14, 11, 147, 43, 177, 23, 35, 159, 198, 129, 99, 72, 190, 120, 55, 54, 128, 59, 31, 32, 58, 189, 30, 75, 84, 168, 143, 152, 34, 114, 65, 181, 39, 161, 186, 145, 38, 98, 102, 89, 49, 109, 0, 41, 110, 150, 166, 134, 82, 56, 160, 118, 4, 111, 48, 16, 158, 21, 167, 5, 141, 101, 107, 136, 119, 155, 57, 9, 6, 51, 90, 138, 20, 140, 18, 182, 113, 33, 179, 85, 131, 194, 184, 175, 173, 97, 116, 125, 8, 60, 81, 26, 95, 123, 178, 117, 66, 162, 68, 183, 63, 156, 37, 69, 70, 170, 135, 103, 200, 86, 153, 61, 199, 149, 127, 74, 100, 115, 64, 105, 169, 67, 130, 151, 19, 146, 96, 10, 126, 76, 174, 50, 45, 78, 2, 187, 44, 148, 77, 15, 3, 165, 1, 196, 164]
Taxon occupancy: {110=997, 111=997, 112=997, 113=997, 114=997, 115=997, 116=997, 117=997, 118=997, 119=997, 10=997, 11=997, 12=997, 13=997, 14=997, 15=997, 16=997, 17=997, 18=997, 19=997, 120=997, 121=997, 0=997, 122=997, 1=997, 123=997, 2=997, 124=997, 3=997, 4=997, 125=997, 5=997, 126=997, 6=997, 127=997, 7=997, 128=997, 129=997, 8=997, 9=997, 20=997, 21=997, 22=997, 23=997, 24=997, 25=997, 26=997, 27=997, 28=997, 29=997, 130=997, 131=997, 132=997, 133=997, 134=997, 135=997, 136=997, 137=997, 138=997, 139=997, 30=997, 31=997, 32=997, 33=997, 34=997, 35=997, 36=997, 37=997, 38=997, 39=997, 140=997, 141=997, 142=997, 143=997, 144=997, 145=997, 146=997, 147=997, 148=997, 149=997, 40=997, 41=997, 42=997, 43=997, 44=997, 45=997, 46=997, 47=997, 48=997, 49=997, 150=997, 151=997, 152=997, 153=997, 154=997, 155=997, 156=997, 157=997, 158=997, 159=997, 50=997, 51=997, 52=997, 53=997, 54=997, 55=997, 56=997, 57=997, 58=997, 59=997, 160=997, 161=997, 162=997, 163=997, 164=997, 165=997, 166=997, 167=997, 168=997, 169=997, 60=997, 61=997, 62=997, 63=997, 64=997, 65=997, 66=997, 67=997, 68=997, 69=997, 170=997, 171=997, 172=997, 173=997, 174=997, 175=997, 176=997, 177=997, 178=997, 179=997, 70=997, 71=997, 72=997, 73=997, 74=997, 75=997, 76=997, 77=997, 78=997, 79=997, 180=997, 181=997, 182=997, 183=997, 184=997, 185=997, 186=997, 187=997, 188=997, 189=997, 80=997, 81=997, 82=997, 83=997, 84=997, 85=997, 86=997, 87=997, 88=997, 89=997, 190=997, 191=997, 192=997, 193=997, 194=997, 195=997, 196=997, 197=997, 198=997, 199=997, 90=997, 91=997, 92=997, 93=997, 94=997, 95=997, 96=997, 97=997, 98=997, 99=997, 200=997, 100=997, 101=997, 102=997, 103=997, 104=997, 105=997, 106=997, 107=997, 108=997, 109=997}
Number of gene trees: 997
0 trees have missing taxa
Calculating quartet distance matrix (for completion of X)
Species tree distances calculated ...
Building set of clusters (X) from gene trees 
------------------------------
gradient0: 6769
Number of Clusters after addition by distance: 6769
calculating extra bipartitions to be added at level 1 ...
Adding to X using resolutions of greedy consensus ...
Limit for sigma of degrees:5075
polytomy size limit : 4
discarded polytomies:  [3, 3, 3, 3, 3, 3, 3, 4]
Threshold 0.0:
Threshold 0.01:
Threshold 0.02:
Threshold 0.05:
Threshold 0.1:
Threshold 0.2:
Threshold 0.3333333333333333:
polytomy of size 3; rounds with additions with at least 5 support: 0; clusters: 6769
polytomy of size 3; rounds with additions with at least 5 support: 0; clusters: 6769
polytomy of size 3; rounds with additions with at least 5 support: 0; clusters: 6769
polytomy of size 4; rounds with additions with at least 5 support: 0; clusters: 6769
polytomy of size 3; rounds with additions with at least 5 support: 0; clusters: 6769
polytomy of size 3; rounds with additions with at least 5 support: 0; clusters: 6769
polytomy of size 3; rounds with additions with at least 5 support: 0; clusters: 6769
polytomy of size 3; rounds with additions with at least 5 support: 0; clusters: 6769
max k is :0
Number of Clusters after addition by greedy: 6769
gradient0 in heuristiic: 6769
partitions formed in 17.249 secs
Dynamic Programming starting after 17.249 secs
Using tree-based weight calculation.
Using polytree-based weight calculation.
Polytree max score: 65799597129
Polytree building time: 1.815 seconds.
Number of quartet trees in the gene trees: 65799597129
Size of largest cluster: 201
Greedy score: 61696253330
estimationFactor: 1.0665088004137318
Sub-optimal score: 62141804942
Total Number of elements weighted: 10029
Normalized score (portion of input quartet trees satisfied before correcting for multiple individuals): 0.9578377159732291
Optimization score: 63025335826
Optimal tree inferred in 24.619 secs.
(153,((199,149),(61,(86,((170,(135,(103,200))),((156,(37,(69,70))),((((180,(176,(52,(139,28)))),(132,((112,(79,62)),((12,185),(83,104))))),(((148,77),(169,(165,(1,(196,164))))),((15,3),(((127,74),(100,(115,(64,105)))),(((174,50),((187,44),(45,(78,2)))),(76,((151,19),((126,(67,130)),(10,(146,96)))))))))),((((94,142),(188,197)),(((163,47),(192,106)),(((17,154),(27,(80,(71,91)))),((121,93),((92,124),(137,(191,((171,22),(25,87))))))))),(((162,(((117,66),(68,(183,63))),((123,178),(60,(26,(81,95)))))),((0,8),((116,(125,(184,(173,(175,97))))),(((82,(56,160)),((41,134),(110,(150,166)))),(((16,(158,21)),(118,(4,(111,48)))),(((141,101),(167,5)),((85,(131,194)),(((33,179),(182,113)),(((140,18),(90,(138,20))),((51,(9,6)),((119,155),(57,(107,136))))))))))))),((((42,(73,(193,(157,195)))),((46,(40,36)),(122,(88,133)))),((13,((29,144),(108,24))),((172,(53,7)),((11,(147,43)),(14,((159,198),(23,(177,35)))))))),((((99,72),(190,(120,(55,54)))),(129,((128,(59,31)),((32,58),(189,30))))),((75,(84,168)),(((145,(38,98)),(102,(89,(49,109)))),((143,152),((161,186),((181,39),(114,(34,65))))))))))))))))));
Final quartet score is: 63025335826
Final normalized quartet score is: 0.9578377159732291
Extended species tree:
(176,((52,(139,28)1:2.7606125311930665)1:3.69900647272389,(180,((132,((112,(79,62)0.99:0.06876527556266407)1:3.3418306893393583,((12,185)1:3.5253967428457598,(83,104)1:1.087311074414709)0.76:0.030561418024250015)1:0.49017041771194747)1:5.684427233151373,((((148,77)1:6.500288168203354,(169,(165,(1,(196,164)1:0.1578987258917187)1:1.8459208391591346)1:3.9681853245140615)1:0.43540969496410287)1:0.36088640411983186,((15,3)1:2.726876982925983,(((127,74)1:0.1427509230139507,(100,(115,(64,105)1:0.9068842186263213)1:1.136350757080164)1:2.384285975054642)1:1.3232978599543639,(((174,50)1:4.015987422521341,((187,44)1:0.9658073165900991,(45,(78,2)1:1.635531939425486)1:0.5978917548369974)1:3.051612613053049)1:0.6549687625470672,(76,((151,19)1:2.7417347421594913,((126,(67,130)1:1.6654881577393768)1:0.4553567774642812,(10,(146,96)1:1.3397020601134406)1:0.8740921606540539)1:1.6246526371962007)1:0.901555414210635)1:1.4686200786433554)1:0.5438347477313589)1:2.4514206075865332)1:0.711124462876056)1:2.8230309303787933,(((((94,142)1:2.7274726275589836,(188,197)1:3.050111663730539)1:4.771286067948128,(((163,47)1:4.197167579791952,(192,106)1:3.7871441467902875)1:3.0410641748258245,(((17,154)1:1.727603232364626,(27,(80,(71,91)0.42:0.008572362084782343)1:1.633928341554013)1:1.1395497570947473)1:4.352846487020893,((121,93)1:4.796289119060081,((92,124)1:4.1993218196002635,(137,(191,((171,22)1:0.22445750764924957,(25,87)1:0.5714290894053301)1:1.180134761712161)1:1.4261201701991815)1:1.1777633827848668)1:1.5164477795245044)1:3.131159560482241)1:0.9243003721777054)1:0.464605820995908)1:4.972869330374562,(((162,(((117,66)1:2.636127186371761,(68,(183,63)1:4.196695503144645)1:1.9197776891017728)1:5.0508954672460815,((123,178)1:0.6221443696382247,(60,(26,(81,95)1:2.3857162430790324)1:0.15689379840910392)1:0.14767328666611115)1:4.8847407146627395)1:0.6423247798609395)1:4.963986762087346,((0,8)1:1.1674418133814637,((116,(125,(184,(173,(175,97)1:0.3574489689471174)1:1.3929155733668583)1:1.2652189450589422)0.95:0.0484203729718893)1:6.16381593158211,(((82,(56,160)1:3.608898706735564)1:1.086693582453452,((41,134)0.88:0.038915721171127376,(110,(150,166)1:0.7892885236975784)1:1.3825742120150364)1:3.118649609281962)1:5.054898641828002,(((16,(158,21)1:3.095069635882352)1:4.049905375307307,(118,(4,(111,48)1:2.404863942114463)1:2.542851347804699)1:0.3595376019517489)1:3.3018562588581455,(((141,101)1:5.461644722178903,(167,5)1:6.499285661853637)1:0.5537302976341533,((85,(131,194)0.91:0.04273150796806315)1:5.196078138336937,(((33,179)1:3.4578443548513067,(182,113)1:2.527749431318794)1:2.593330674759836,(((140,18)1:2.759993883533174,(90,(138,20)1:1.0126517386453704)1:3.4539028621268675)1:1.3192467272853865,((51,(9,6)1:3.413917896814247)1:1.5783510205440625,((119,155)1:0.2687692753690152,(57,(107,136)1:1.8750155047970583)0.75:0.028227362488747618)1:2.689473932345993)1:0.823419889371288)1:0.5636348579252868)1:2.521046219312937)1:1.4868975560408997)1:0.13812019030033276)1:0.5657757215952719)1:5.449535955279144)1:2.180089778072997)1:0.3329655918445381)1:2.2445392289936343,((((42,(73,(193,(157,195)1:1.273528856684836)1:4.422103752096192)1:1.9569848654547515)1:0.8362546163539782,((46,(40,36)1:0.7954644520156382)1:4.213845265426169,(122,(88,133)1:4.303038287415433)1:3.2847581189184236)1:3.02357865801457)1:3.2941468297051695,((13,((29,144)1:0.806453259312941,(108,24)1:1.474175791704914)1:2.039238949190517)1:4.756415047890639,((172,(53,7)1:4.8718148750925865)1:2.285975187409938,((11,(147,43)1:3.9292377200886057)1:1.1908134861020667,(14,((159,198)1:3.144630892278018,(23,(177,35)0.99:0.067615549892962)1:3.1992096515444395)1:0.4784136640449657)1:0.2991037678194494)1:3.4634688977161057)1:2.458075997154452)1:2.453268869652999)0.97:0.0640802572808633,((((99,72)1:6.5002727526382005,(190,(120,(55,54)1:0.5547036299380449)1:5.246800299349977)1:3.605652011520671)1:1.6127978529048124,(129,((128,(59,31)1:4.889825482573693)1:0.8105253323333171,((32,58)1:2.2920823707948967,(189,30)1:0.3520087274886149)1:5.071729554148917)1:0.8612983127910752)1:1.7719343111178898)1:3.593037222528807,((75,(84,168)1:2.9169845550856075)1:4.474431301997558,(((145,(38,98)1:1.0313909509370716)1:6.489522789121467,(102,(89,(49,109)1:4.039524168115832)1:0.6615075586558853)1:1.8325861999616782)1:2.319521005091555,((143,152)1:1.475830198198098,((161,186)1:1.8480967756421258,((181,39)1:0.1547482941686647,(114,(34,65)1:0.2032120970595467)1:0.8977691327571513)1:2.5849882731082543)1:3.713039031211169)1:3.5945772638119764)1:0.48392781257111533)1:2.7721280854347996)1:0.4016661991860587)1:3.0187374800934306)1:4.078570131849569)1:0.6509800564055376,((156,(37,(69,70)1:4.7066746644018025)1:2.73825695870101)1:3.059304717803849,((170,(135,(103,200)1:0.4417548444101357)1:2.9726946846294475)1:0.38255633647304293,(86,(61,((199,149)1:0.09923335488928174,153)1:0.3228084434952019)1:1.480537117286944)1:1.9544418723466772)1:5.3241732199314)1:2.4464211411521974)1:3.7617119711106284)1:2.863198648342784)1:0.9780024575973988)1:0.30049243810696197));
Weight calculation took 4.469642308 secs
ASTRAL finished in 36.983 secs
