
================== ASTRAL ===================== 

This is ASTRAL version 5.7.8
Gene trees are treated as unrooted
50 trees read from Dataset/AstralII_data/model.200.10000000.0.000001/30/estimatedgenetre.halfresolved_50
index0
All output trees will be *arbitrarily* rooted at 176

======== Running the main analysis
Number of taxa: 201 (201 species)
Taxa: [176, 52, 139, 28, 180, 132, 79, 62, 112, 83, 12, 185, 104, 94, 142, 188, 197, 191, 137, 25, 87, 171, 22, 92, 124, 121, 93, 27, 71, 91, 80, 17, 154, 163, 47, 192, 106, 42, 46, 40, 36, 122, 88, 133, 193, 157, 195, 73, 29, 144, 108, 24, 13, 172, 53, 7, 14, 11, 147, 43, 177, 23, 35, 159, 198, 129, 99, 72, 190, 120, 55, 54, 128, 59, 31, 32, 58, 189, 30, 75, 84, 168, 143, 152, 34, 114, 65, 181, 39, 161, 186, 145, 38, 98, 102, 89, 49, 109, 0, 41, 110, 150, 166, 134, 82, 56, 160, 118, 4, 111, 48, 16, 158, 21, 167, 5, 141, 101, 107, 136, 119, 155, 57, 9, 6, 51, 90, 138, 20, 140, 18, 182, 113, 33, 179, 85, 131, 194, 184, 175, 173, 97, 116, 125, 8, 60, 81, 26, 95, 123, 178, 117, 66, 162, 68, 183, 63, 156, 37, 69, 70, 170, 135, 103, 200, 86, 153, 61, 199, 149, 127, 74, 100, 115, 64, 105, 169, 67, 130, 151, 19, 146, 96, 10, 126, 76, 174, 50, 45, 78, 2, 187, 44, 148, 77, 15, 3, 165, 1, 196, 164]
Taxon occupancy: {110=50, 111=50, 112=50, 113=50, 114=50, 115=50, 116=50, 117=50, 118=50, 119=50, 10=50, 11=50, 12=50, 13=50, 14=50, 15=50, 16=50, 17=50, 18=50, 19=50, 120=50, 121=50, 0=50, 122=50, 1=50, 123=50, 2=50, 124=50, 3=50, 4=50, 125=50, 5=50, 126=50, 6=50, 127=50, 7=50, 128=50, 129=50, 8=50, 9=50, 20=50, 21=50, 22=50, 23=50, 24=50, 25=50, 26=50, 27=50, 28=50, 29=50, 130=50, 131=50, 132=50, 133=50, 134=50, 135=50, 136=50, 137=50, 138=50, 139=50, 30=50, 31=50, 32=50, 33=50, 34=50, 35=50, 36=50, 37=50, 38=50, 39=50, 140=50, 141=50, 142=50, 143=50, 144=50, 145=50, 146=50, 147=50, 148=50, 149=50, 40=50, 41=50, 42=50, 43=50, 44=50, 45=50, 46=50, 47=50, 48=50, 49=50, 150=50, 151=50, 152=50, 153=50, 154=50, 155=50, 156=50, 157=50, 158=50, 159=50, 50=50, 51=50, 52=50, 53=50, 54=50, 55=50, 56=50, 57=50, 58=50, 59=50, 160=50, 161=50, 162=50, 163=50, 164=50, 165=50, 166=50, 167=50, 168=50, 169=50, 60=50, 61=50, 62=50, 63=50, 64=50, 65=50, 66=50, 67=50, 68=50, 69=50, 170=50, 171=50, 172=50, 173=50, 174=50, 175=50, 176=50, 177=50, 178=50, 179=50, 70=50, 71=50, 72=50, 73=50, 74=50, 75=50, 76=50, 77=50, 78=50, 79=50, 180=50, 181=50, 182=50, 183=50, 184=50, 185=50, 186=50, 187=50, 188=50, 189=50, 80=50, 81=50, 82=50, 83=50, 84=50, 85=50, 86=50, 87=50, 88=50, 89=50, 190=50, 191=50, 192=50, 193=50, 194=50, 195=50, 196=50, 197=50, 198=50, 199=50, 90=50, 91=50, 92=50, 93=50, 94=50, 95=50, 96=50, 97=50, 98=50, 99=50, 200=50, 100=50, 101=50, 102=50, 103=50, 104=50, 105=50, 106=50, 107=50, 108=50, 109=50}
Number of gene trees: 50
0 trees have missing taxa
Calculating quartet distance matrix (for completion of X)
Species tree distances calculated ...
Building set of clusters (X) from gene trees 
------------------------------
gradient0: 2035
Number of Clusters after addition by distance: 2035
calculating extra bipartitions to be added at level 1 ...
Adding to X using resolutions of greedy consensus ...
Limit for sigma of degrees:5075
polytomy size limit : 3
discarded polytomies:  [3, 3, 3, 3, 3, 3, 3, 3]
Threshold 0.0:
Threshold 0.01:
Threshold 0.02:
Threshold 0.05:
Threshold 0.1:
Threshold 0.2:
Threshold 0.3333333333333333:
polytomy of size 3; rounds with additions with at least 5 support: 0; clusters: 2035
polytomy of size 3; rounds with additions with at least 5 support: 0; clusters: 2035
polytomy of size 3; rounds with additions with at least 5 support: 0; clusters: 2035
polytomy of size 3; rounds with additions with at least 5 support: 0; clusters: 2035
polytomy of size 3; rounds with additions with at least 5 support: 0; clusters: 2035
polytomy of size 3; rounds with additions with at least 5 support: 0; clusters: 2035
polytomy of size 3; rounds with additions with at least 5 support: 0; clusters: 2035
polytomy of size 3; rounds with additions with at least 5 support: 0; clusters: 2035
max k is :0
Number of Clusters after addition by greedy: 2035
gradient0 in heuristiic: 2035
partitions formed in 5.21 secs
Dynamic Programming starting after 5.21 secs
Using tree-based weight calculation.
Using polytree-based weight calculation.
Polytree max score: 3299917302
Polytree building time: 0.329 seconds.
Number of quartet trees in the gene trees: 3299917302
Size of largest cluster: 201
Greedy score: 3134770814
estimationFactor: 1.0526821569418887
Sub-optimal score: 3158526824
Total Number of elements weighted: 2249
Normalized score (portion of input quartet trees satisfied before correcting for multiple individuals): 0.9657374844116624
Optimization score: 3186853834
Optimal tree inferred in 6.995 secs.
(153,((199,149),(61,(86,((170,(135,(103,200))),((156,(37,(69,70))),((((180,(176,(52,(139,28)))),(132,((83,104),((12,185),(112,(79,62)))))),(((148,77),(169,(165,(1,(196,164))))),((15,3),(((127,74),(100,(115,(64,105)))),(((174,50),((187,44),(45,(78,2)))),(76,((151,19),((126,(67,130)),(10,(146,96)))))))))),((((94,142),(188,197)),(((163,47),(192,106)),(((17,154),(27,(91,(71,80)))),((121,93),((92,124),(137,(191,((171,22),(25,87))))))))),(((162,(((117,66),(68,(183,63))),((123,178),(60,(26,(81,95)))))),((0,8),((116,(125,(184,(173,(175,97))))),(((82,(56,160)),((41,134),(110,(150,166)))),(((16,(158,21)),(118,(4,(111,48)))),(((141,101),(167,5)),((131,(85,194)),(((33,179),(182,113)),(((140,18),(90,(138,20))),((51,(9,6)),(57,((107,136),(119,155))))))))))))),((((42,(73,(193,(157,195)))),((46,(40,36)),(122,(88,133)))),((13,((29,144),(108,24))),((172,(53,7)),((11,(147,43)),(14,((159,198),(177,(23,35)))))))),((((99,72),(190,(120,(55,54)))),(129,((128,(59,31)),((189,30),(32,58))))),((75,(84,168)),(((145,(38,98)),(102,(89,(49,109)))),((143,152),((161,186),((181,39),(114,(34,65))))))))))))))))));
Final quartet score is: 3186853834
Final normalized quartet score is: 0.9657374844116624
Extended species tree:
(176,((52,(139,28)1:2.14006616349627)1:3.5263605246161593,(180,((132,((83,104)1:1.397883389878681,((12,185)1:2.4277482359480516,(112,(79,62)0.91:0.19415601444095737)1:2.612112694371805)0.43:0.030087292383325293)1:0.5059356384717991)1:3.5263605246161593,((((148,77)1:3.5263605246161593,(169,(165,(1,(196,164)0.99:0.30748469974796055)1:1.4469189829363254)1:3.5263605246161593)0.99:0.3122382480189965)0.64:0.10264090560518407,((15,3)1:3.460763242130347,(((127,74)0.58:0.06846779927746072,(100,(115,(64,105)1:0.8869425096949185)1:0.8522118751896327)1:2.0600234558227353)1:1.2539125260423543,(((174,50)1:3.5263605246161593,((187,44)1:0.8873031950009027,(45,(78,2)1:1.5804503755608483)1:0.6931471805599453)1:2.8332133440562166)1:0.7214906820097647,(76,((151,19)1:1.5804503755608483,((126,(67,130)1:1.7354431607010283)1:0.44292267064306495,(10,(146,96)1:1.7346010553881062)1:0.9873866535578852)1:1.4260882345359307)1:0.8637726975907091)1:1.7154957968941607)1:0.6051636649834606)1:2.36468944607864)1:0.6931471805599453)1:2.468239597302788,(((((94,142)1:2.4277482359480516,(188,197)1:3.5263605246161593)1:3.5263605246161593,(((163,47)1:3.5263605246161593,(192,106)1:3.5263605246161593)1:2.8332133440562166,(((17,154)1:1.7346010553881062,(27,(91,(71,80)0.6:0.09237332013101504)1:1.5107809140616175)1:0.9743145719905326)1:3.5263605246161593,((121,93)1:3.5263605246161593,((92,124)1:3.5263605246161593,(137,(191,((171,22)0.86:0.17654549643232206,(25,87)1:0.5560762250082449)1:1.2750687260096663)1:0.9236708391717778)1:1.0086640520051702)1:1.0276605526958256)1:2.2735975561207935)1:1.1244552213815875)0.98:0.2730832730306283)1:3.5263605246161593,(((162,(((117,66)1:2.8332133440562166,(68,(183,63)1:3.5263605246161593)1:2.4277482359480516)1:3.521111168730016,((123,178)1:0.5559460590464603,(60,(26,(81,95)1:2.4260661497650666)0.83:0.19324997107010514)0.97:0.26187418849590843)1:3.5263605246161593)1:0.4818380868927383)1:3.5053071154183297,((0,8)1:0.6359887667199969,((116,(125,(184,(173,(175,97)1:0.39086630868701183)1:1.224029270943189)1:1.4473442434147732)0.5:0.060624621816434854)1:3.5263605246161593,(((82,(56,160)1:3.5263605246161593)1:0.8873031950009027,((41,134)0.42:0.01980262729617987,(110,(150,166)1:0.6359887667199969)1:1.8681324480126293)1:3.23867845216438)1:3.5263605246161593,(((16,(158,21)1:2.14006616349627)1:3.5263605246161593,(118,(4,(111,48)1:2.14006616349627)1:2.4277482359480516)1:0.516129063156191)1:2.4874184522432525,(((141,101)1:3.5263605246161593,(167,5)1:3.5263605246161593)1:0.461874579556018,((131,(85,194)0.44:0.029852963149681274)1:3.5263605246161593,(((33,179)1:3.5263605246161593,(182,113)1:2.4277482359480516)1:2.8332133440562166,(((140,18)1:2.4277482359480516,(90,(138,20)1:1.0414538748281608)1:2.2735975561207935)1:2.1718148618108515,((51,(9,6)1:2.8332133440562166)1:1.3285604076957103,(57,((107,136)1:1.9154009278914803,(119,155)0.96:0.24902425743454665)0.61:0.07637297878457397)1:2.6439713444176887)1:0.8138757264460854)1:0.6153694795172608)1:2.24116228036764)1:1.168439141373864)0.73:0.11885256439295551)1:0.4883787045507298)1:3.463840167634827)1:2.011024730777469)1:0.5722574962041809)1:2.1057903713765875,((((42,(73,(193,(157,195)1:1.7346010553881062)1:3.5263605246161593)1:1.2283778432235668)1:0.6085897925318822,((46,(40,36)1:0.4818380868927383)1:2.753170636382678,(122,(88,133)1:2.8332133440562166)1:1.9169226121820613)1:3.189888287994948)1:2.6024686966034185,((13,((29,144)1:0.7855205006909604,(108,24)1:1.5804503755608483)1:2.6100697927420056)1:3.5263605246161593,((172,(53,7)1:3.5263605246161593)1:2.8332133440562166,((11,(147,43)1:2.8332133440562166)1:1.128465251817791,(14,((159,198)1:3.5263605246161593,(177,(23,35)0.5:0.060624621816434854)1:2.8332133440562166)0.94:0.23090359782612915)1:0.4818380868927383)1:3.5263605246161593)1:2.4277482359480516)1:2.160504831173546)0.89:0.21416717250160985,((((99,72)1:3.5263605246161593,(190,(120,(55,54)1:0.6931471805599453)1:3.5263605246161593)1:2.4141656841821826)1:1.1514547700424895,(129,((128,(59,31)1:3.5263605246161593)1:0.4820835760310769,((189,30)1:0.5306282510621702,(32,58)1:2.022283127839887)1:3.5263605246161593)1:1.069476724261466)1:1.7063352796432634)1:2.42576607474406,((75,(84,168)1:1.9169226121820613)1:3.5263605246161593,(((145,(38,98)1:0.9614111671546247)1:3.5263605246161593,(102,(89,(49,109)1:2.8332133440562166)1:0.6094132896961797)1:1.4469189829363263)1:2.015996623077067,((143,152)1:1.4469189829363254,((161,186)1:1.4469189829363254,((181,39)0.96:0.2429461786103896,(114,(34,65)0.97:0.2678755616529149)1:1.084013489246957)1:3.120895416507997)1:3.5263605246161593)1:3.5263605246161593)1:0.9836343039393348)1:2.8597911029545613)0.96:0.2535927439912516)1:3.509553406299778)1:3.4761978125988944)1:0.9092029247750749,((156,(37,(69,70)1:3.5263605246161593)1:2.8332133440562166)1:2.4277482359480516,((170,(135,(103,200)1:0.5819215454497209)1:3.120895416507997)0.99:0.3400078914535205,(86,(61,((199,149)0.83:0.15861741016809663,153)0.93:0.21217451994363562)1:1.1909856087991246)1:1.8216124323777365)1:3.5263605246161593)1:2.7123486418624245)1:2.8297471360797295)1:2.7379031642518896)1:1.084013489246957)0.45:0.029852963149681274));
Weight calculation took 0.769382968 secs
ASTRAL finished in 8.802 secs
