
================== ASTRAL ===================== 

This is ASTRAL version 5.7.8
Gene trees are treated as unrooted
200 trees read from Dataset/AstralII_data/model.200.10000000.0.000001/30/estimatedgenetre.halfresolved_200
index0
All output trees will be *arbitrarily* rooted at 176

======== Running the main analysis
Number of taxa: 201 (201 species)
Taxa: [176, 52, 139, 28, 180, 132, 79, 62, 112, 83, 12, 185, 104, 94, 142, 188, 197, 191, 137, 25, 87, 171, 22, 92, 124, 121, 93, 27, 71, 91, 80, 17, 154, 163, 47, 192, 106, 42, 46, 40, 36, 122, 88, 133, 193, 157, 195, 73, 29, 144, 108, 24, 13, 172, 53, 7, 14, 11, 147, 43, 177, 23, 35, 159, 198, 129, 99, 72, 190, 120, 55, 54, 128, 59, 31, 32, 58, 189, 30, 75, 84, 168, 143, 152, 34, 114, 65, 181, 39, 161, 186, 145, 38, 98, 102, 89, 49, 109, 0, 41, 110, 150, 166, 134, 82, 56, 160, 118, 4, 111, 48, 16, 158, 21, 167, 5, 141, 101, 107, 136, 119, 155, 57, 9, 6, 51, 90, 138, 20, 140, 18, 182, 113, 33, 179, 85, 131, 194, 184, 175, 173, 97, 116, 125, 8, 60, 81, 26, 95, 123, 178, 117, 66, 162, 68, 183, 63, 156, 37, 69, 70, 170, 135, 103, 200, 86, 153, 61, 199, 149, 127, 74, 100, 115, 64, 105, 169, 67, 130, 151, 19, 146, 96, 10, 126, 76, 174, 50, 45, 78, 2, 187, 44, 148, 77, 15, 3, 165, 1, 196, 164]
Taxon occupancy: {110=200, 111=200, 112=200, 113=200, 114=200, 115=200, 116=200, 117=200, 118=200, 119=200, 10=200, 11=200, 12=200, 13=200, 14=200, 15=200, 16=200, 17=200, 18=200, 19=200, 120=200, 121=200, 0=200, 122=200, 1=200, 123=200, 2=200, 124=200, 3=200, 4=200, 125=200, 5=200, 126=200, 6=200, 127=200, 7=200, 128=200, 129=200, 8=200, 9=200, 20=200, 21=200, 22=200, 23=200, 24=200, 25=200, 26=200, 27=200, 28=200, 29=200, 130=200, 131=200, 132=200, 133=200, 134=200, 135=200, 136=200, 137=200, 138=200, 139=200, 30=200, 31=200, 32=200, 33=200, 34=200, 35=200, 36=200, 37=200, 38=200, 39=200, 140=200, 141=200, 142=200, 143=200, 144=200, 145=200, 146=200, 147=200, 148=200, 149=200, 40=200, 41=200, 42=200, 43=200, 44=200, 45=200, 46=200, 47=200, 48=200, 49=200, 150=200, 151=200, 152=200, 153=200, 154=200, 155=200, 156=200, 157=200, 158=200, 159=200, 50=200, 51=200, 52=200, 53=200, 54=200, 55=200, 56=200, 57=200, 58=200, 59=200, 160=200, 161=200, 162=200, 163=200, 164=200, 165=200, 166=200, 167=200, 168=200, 169=200, 60=200, 61=200, 62=200, 63=200, 64=200, 65=200, 66=200, 67=200, 68=200, 69=200, 170=200, 171=200, 172=200, 173=200, 174=200, 175=200, 176=200, 177=200, 178=200, 179=200, 70=200, 71=200, 72=200, 73=200, 74=200, 75=200, 76=200, 77=200, 78=200, 79=200, 180=200, 181=200, 182=200, 183=200, 184=200, 185=200, 186=200, 187=200, 188=200, 189=200, 80=200, 81=200, 82=200, 83=200, 84=200, 85=200, 86=200, 87=200, 88=200, 89=200, 190=200, 191=200, 192=200, 193=200, 194=200, 195=200, 196=200, 197=200, 198=200, 199=200, 90=200, 91=200, 92=200, 93=200, 94=200, 95=200, 96=200, 97=200, 98=200, 99=200, 200=200, 100=200, 101=200, 102=200, 103=200, 104=200, 105=200, 106=200, 107=200, 108=200, 109=200}
Number of gene trees: 200
0 trees have missing taxa
Calculating quartet distance matrix (for completion of X)
Species tree distances calculated ...
Building set of clusters (X) from gene trees 
------------------------------
gradient0: 3481
Number of Clusters after addition by distance: 3481
calculating extra bipartitions to be added at level 1 ...
Adding to X using resolutions of greedy consensus ...
Limit for sigma of degrees:5075
polytomy size limit : 4
discarded polytomies:  [3, 3, 3, 3, 3, 3, 4]
Threshold 0.0:
Threshold 0.01:
Threshold 0.02:
Threshold 0.05:
Threshold 0.1:
Threshold 0.2:
Threshold 0.3333333333333333:
polytomy of size 3; rounds with additions with at least 5 support: 0; clusters: 3481
polytomy of size 3; rounds with additions with at least 5 support: 0; clusters: 3481
polytomy of size 4; rounds with additions with at least 5 support: 0; clusters: 3481
polytomy of size 3; rounds with additions with at least 5 support: 0; clusters: 3481
polytomy of size 3; rounds with additions with at least 5 support: 0; clusters: 3481
polytomy of size 3; rounds with additions with at least 5 support: 0; clusters: 3481
polytomy of size 3; rounds with additions with at least 5 support: 0; clusters: 3481
max k is :0
Number of Clusters after addition by greedy: 3481
gradient0 in heuristiic: 3481
partitions formed in 4.108 secs
Dynamic Programming starting after 4.108 secs
Using tree-based weight calculation.
Using polytree-based weight calculation.
Polytree max score: 13199469576
Polytree building time: 0.218 seconds.
Number of quartet trees in the gene trees: 13199469576
Size of largest cluster: 201
Greedy score: 12140499631
estimationFactor: 1.0872262243883264
Sub-optimal score: 12561593643
Total Number of elements weighted: 4139
Normalized score (portion of input quartet trees satisfied before correcting for multiple individuals): 0.9607169219176206
Optimization score: 12680953782
Optimal tree inferred in 5.51 secs.
(153,((199,149),(61,(86,((170,(135,(103,200))),((156,(37,(69,70))),((((180,(176,(52,(139,28)))),(132,((83,104),((12,185),(112,(79,62)))))),(((148,77),(169,(165,(1,(196,164))))),((15,3),(((127,74),(100,(115,(64,105)))),(((174,50),((187,44),(45,(78,2)))),(76,((151,19),((126,(67,130)),(10,(146,96)))))))))),((((94,142),(188,197)),(((163,47),(192,106)),(((17,154),(27,(91,(71,80)))),((121,93),((92,124),(137,(191,((171,22),(25,87))))))))),(((162,(((117,66),(68,(183,63))),((123,178),(60,(26,(81,95)))))),((0,8),((116,(125,(184,(173,(175,97))))),(((82,(56,160)),(41,(134,(110,(150,166))))),(((16,(158,21)),(118,(4,(111,48)))),(((141,101),(167,5)),((85,(131,194)),(((33,179),(182,113)),(((140,18),(90,(138,20))),((51,(9,6)),((107,136),(57,(119,155))))))))))))),((((42,(73,(193,(157,195)))),((46,(40,36)),(122,(88,133)))),((13,((29,144),(108,24))),((172,(53,7)),((11,(147,43)),(14,((159,198),(23,(177,35)))))))),((((99,72),(190,(120,(55,54)))),(129,((128,(59,31)),((32,58),(189,30))))),((75,(84,168)),(((145,(38,98)),(102,(89,(49,109)))),((143,152),((161,186),((181,39),(114,(34,65))))))))))))))))));
Final quartet score is: 12680953782
Final normalized quartet score is: 0.9607169219176206
Extended species tree:
(176,((52,(139,28)1:2.590267165445826)1:3.7925493522938587,(180,((132,((83,104)1:0.9548177327855899,((12,185)1:3.1018669575512696,(112,(79,62)0.96:0.11715509215066329)1:3.791692197692967)0.58:0.03926328798689308)1:0.6226561150744562)1:4.669601268840158,((((148,77)1:4.897839799950916,(169,(165,(1,(196,164)0.98:0.127069577368353)1:1.6989595143862308)1:3.5806294223402677)1:0.37616328655414255)1:0.2526606557493808,((15,3)1:3.512059181457269,(((127,74)0.99:0.1436125192421505,(100,(115,(64,105)1:1.0541350181706866)1:1.1239544443175815)1:2.244353495361365)1:1.1622654034137627,(((174,50)1:4.212545680941603,((187,44)1:0.9229397393440906,(45,(78,2)1:1.758254540953554)1:0.63365482530449)1:2.986759971901655)1:0.7764213739771476,(76,((151,19)1:2.212615790785937,((126,(67,130)1:1.751855662610788)1:0.5016337931607211,(10,(146,96)1:1.3501391719404927)1:0.9285950831966708)1:1.474274097683379)1:1.0195567213294146)1:1.2871384400231185)1:0.5131711558141913)1:2.725093705067061)1:0.7351624176582984)1:2.767353964661865,(((((94,142)1:2.646548001344417,(188,197)1:3.1949392832957817)1:3.873074761234549,(((163,47)1:4.892776113408927,(192,106)1:3.2943603480462644)1:2.6680735426533624,(((17,154)1:1.8844442522506608,(27,(91,(71,80)0.56:0.04676420831506408)1:1.6011220138426234)1:1.2610559317008494)1:3.7196006904940204,((121,93)1:4.202162788218406,((92,124)1:3.517327062701499,(137,(191,((171,22)1:0.23871301437804432,(25,87)1:0.5210619260675426)1:1.2742313006628698)1:1.4804570060853646)1:1.1745452825781195)1:1.4360832829596575)1:2.503966481501479)1:0.882818181985498)1:0.4705497771768321)1:4.09306886409513,(((162,(((117,66)1:2.5952547069568657,(68,(183,63)1:3.799227511282799)1:1.806797346592596)1:4.5421302341204095,((123,178)1:0.6602271216360018,(60,(26,(81,95)1:2.3217255366584966)1:0.18731963025922735)0.98:0.1390181942044325)1:4.408725147641841)1:0.5802811421656916)1:4.856167103550335,((0,8)1:1.1169712986635556,((116,(125,(184,(173,(175,97)1:0.4156371287683201)1:1.3835511179500686)1:1.2173285955074917)0.91:0.09587003798821227)1:4.897839799950916,(((82,(56,160)1:3.506557897319981)1:1.069541786463005,(41,(134,(110,(150,166)1:0.8151829565261993)1:1.5095856850481097)0.41:0.011734096513601919)1:3.145163627717473)1:4.853026423966009,(((16,(158,21)1:3.106080330722857)1:3.4886144977671045,(118,(4,(111,48)1:2.184802057337663)1:2.456817853114819)1:0.35211687930728963)1:2.9844262696210877,(((141,101)1:4.292733598689579,(167,5)1:4.892852258439872)1:0.6306670790539205,((85,(131,194)0.91:0.09706171284313124)1:4.897839799950916,(((33,179)1:3.3016877242284615,(182,113)1:2.4074490613287045)1:2.6932105238429336,(((140,18)1:2.6906151392801094,(90,(138,20)1:1.0275910189197652)1:2.8109524547415887)1:1.554296128347753,((51,(9,6)1:3.106080330722857)1:1.6208781645066537,((107,136)1:2.3278518792685876,(57,(119,155)1:0.21016643877496957)0.4:0.009524613059416171)1:2.8238992222604553)1:0.8785178209790798)1:0.5841669262094545)1:2.57809508667404)1:1.4275756970122429)1:0.17653790217884066)1:0.44490672195662095)1:4.172042884823804)1:1.9563627717806285)1:0.4725940461570531)1:2.0512302892968854,((((42,(73,(193,(157,195)1:1.396344696973392)1:4.204692619390971)1:1.6354354424616933)1:0.7498089754407865,((46,(40,36)1:0.580351686414601)1:3.74516029001252,(122,(88,133)1:3.106080330722857)1:3.288401887516811)1:3.7330456044014997)1:2.885874332457135,((13,((29,144)1:0.7161690080228275,(108,24)1:1.6343613809416562)1:2.136050577139531)1:3.814955589005733,((172,(53,7)1:4.174839656241289)1:2.2538918776123293,((11,(147,43)1:3.7942399697717617)1:1.1958950283617638,(14,((159,198)1:2.953174781576726,(23,(177,35)0.77:0.0727255174555189)1:3.1915860101403)1:0.43317639373012234)1:0.3540550071953303)1:3.2738909288792764)1:2.756683738508329)1:2.673299872837139)0.99:0.17069385373237803,((((99,72)1:4.897839799950916,(190,(120,(55,54)1:0.5887871652357026)1:4.203424388402964)1:3.2751566607667835)1:1.4177521638214678,(129,((128,(59,31)1:4.202170549958244)1:0.7235318353410133,((32,58)1:2.3595953477108256,(189,30)1:0.45108818225319985)1:4.897839799950916)1:0.8040711087496196)1:1.9174331773370634)1:3.2959859204296347,((75,(84,168)1:2.958218164325642)1:4.502607305716299,(((145,(38,98)1:1.0010319603292457)1:4.897839799950916,(102,(89,(49,109)1:3.506557897319981)1:0.6375488608113937)1:1.7538481864623319)1:2.0854566379715345,((143,152)1:1.354812222849538,((161,186)1:1.6470658034037475,((181,39)1:0.18798475713933036,(114,(34,65)1:0.18210729950073504)1:0.9611261730254874)1:2.283370217466252)1:3.1930917077124845)1:3.5064426501145953)1:0.5911134982405633)1:2.2825262082075453)1:0.41248954747303246)1:3.3108772447227284)1:3.5756290962492874)1:0.7558564372749735,((156,(37,(69,70)1:4.892852258439872)1:2.7006152226146916)1:2.8183982582710745,((170,(135,(103,200)1:0.5359919051191852)1:2.9601398270680086)1:0.3431567534899364,(86,(61,((199,149)0.98:0.13062781731618825,153)1:0.3262948047568094)1:1.426211739375183)1:1.7793369492294975)1:4.897839799950916)1:2.3668472565231133)1:4.121449908986753)1:2.9857674032076846)1:1.0878399480218561)1:0.22366983773780147));
Weight calculation took 0.962313609 secs
ASTRAL finished in 7.93 secs
