
================== ASTRAL ===================== 

This is ASTRAL version 5.7.8
Gene trees are treated as unrooted
200 trees read from Dataset/AstralII_data/model.200.10000000.0.000001/13/estimatedgenetre.halfresolved_200
index0
All output trees will be *arbitrarily* rooted at 54

======== Running the main analysis
Number of taxa: 201 (201 species)
Taxa: [54, 180, 52, 10, 20, 7, 170, 197, 166, 159, 92, 107, 194, 17, 15, 46, 182, 137, 24, 6, 76, 103, 120, 37, 80, 187, 161, 44, 186, 200, 39, 45, 0, 43, 124, 160, 29, 30, 195, 33, 26, 152, 111, 135, 40, 93, 168, 183, 98, 139, 27, 176, 55, 100, 31, 189, 110, 136, 78, 174, 97, 131, 23, 108, 140, 35, 91, 172, 157, 169, 87, 153, 12, 89, 19, 69, 156, 109, 150, 167, 63, 60, 134, 127, 41, 99, 2, 25, 70, 96, 121, 148, 28, 13, 32, 145, 1, 34, 142, 61, 106, 81, 11, 191, 83, 116, 162, 47, 73, 95, 132, 8, 141, 88, 128, 5, 57, 151, 14, 56, 4, 175, 188, 113, 67, 122, 185, 62, 119, 65, 64, 198, 84, 193, 85, 118, 163, 125, 158, 90, 86, 3, 164, 154, 59, 149, 147, 105, 68, 101, 130, 50, 102, 77, 123, 129, 177, 21, 66, 173, 22, 178, 112, 75, 94, 71, 199, 143, 9, 115, 51, 179, 53, 82, 144, 192, 36, 104, 126, 155, 114, 74, 117, 171, 79, 138, 42, 38, 48, 181, 196, 165, 184, 18, 58, 190, 72, 49, 16, 146, 133]
Taxon occupancy: {110=200, 111=200, 112=200, 113=200, 114=200, 115=200, 116=200, 117=200, 118=200, 119=200, 10=200, 11=200, 12=200, 13=200, 14=200, 15=200, 16=200, 17=200, 18=200, 19=200, 120=200, 0=200, 121=200, 1=200, 122=200, 2=200, 123=200, 124=200, 3=200, 4=200, 125=200, 5=200, 126=200, 6=200, 127=200, 7=200, 128=200, 8=200, 129=200, 9=200, 20=200, 21=200, 22=200, 23=200, 24=200, 25=200, 26=200, 27=200, 28=200, 29=200, 130=200, 131=200, 132=200, 133=200, 134=200, 135=200, 136=200, 137=200, 138=200, 139=200, 30=200, 31=200, 32=200, 33=200, 34=200, 35=200, 36=200, 37=200, 38=200, 39=200, 140=200, 141=200, 142=200, 143=200, 144=200, 145=200, 146=200, 147=200, 148=200, 149=200, 40=200, 41=200, 42=200, 43=200, 44=200, 45=200, 46=200, 47=200, 48=200, 49=200, 150=200, 151=200, 152=200, 153=200, 154=200, 155=200, 156=200, 157=200, 158=200, 159=200, 50=200, 51=200, 52=200, 53=200, 54=200, 55=200, 56=200, 57=200, 58=200, 59=200, 160=200, 161=200, 162=200, 163=200, 164=200, 165=200, 166=200, 167=200, 168=200, 169=200, 60=200, 61=200, 62=200, 63=200, 64=200, 65=200, 66=200, 67=200, 68=200, 69=200, 170=200, 171=200, 172=200, 173=200, 174=200, 175=200, 176=200, 177=200, 178=200, 179=200, 70=200, 71=200, 72=200, 73=200, 74=200, 75=200, 76=200, 77=200, 78=200, 79=200, 180=200, 181=200, 182=200, 183=200, 184=200, 185=200, 186=200, 187=200, 188=200, 189=200, 80=200, 81=200, 82=200, 83=200, 84=200, 85=200, 86=200, 87=200, 88=200, 89=200, 190=200, 191=200, 192=200, 193=200, 194=200, 195=200, 196=200, 197=200, 198=200, 199=200, 90=200, 91=200, 92=200, 93=200, 94=200, 95=200, 96=200, 97=200, 98=200, 99=200, 200=200, 100=200, 101=200, 102=200, 103=200, 104=200, 105=200, 106=200, 107=200, 108=200, 109=200}
Number of gene trees: 200
0 trees have missing taxa
Calculating quartet distance matrix (for completion of X)
Species tree distances calculated ...
Building set of clusters (X) from gene trees 
------------------------------
gradient0: 13187
Number of Clusters after addition by distance: 13187
calculating extra bipartitions to be added at level 1 ...
Adding to X using resolutions of greedy consensus ...
Limit for sigma of degrees:5075
polytomy size limit : 11
discarded polytomies:  [3, 3, 3, 3, 3, 3, 3, 3, 3, 3, 3, 3, 3, 3, 4, 4, 4, 4, 4, 4, 4, 4, 5, 5, 5, 5, 5, 6, 6, 6, 6, 10, 11]
Threshold 0.0:
Threshold 0.01:
Threshold 0.02:
Threshold 0.05:
Threshold 0.1:
polytomy of size 6; rounds with additions with at least 5 support: 0; clusters: 13187
Threshold 0.2:
polytomy of size 10; rounds with additions with at least 5 support: 0; clusters: 13187
polytomy of size 3; rounds with additions with at least 5 support: 0; clusters: 13187
polytomy of size 4; rounds with additions with at least 5 support: 0; clusters: 13187
polytomy of size 3; rounds with additions with at least 5 support: 0; clusters: 13187
polytomy of size 3; rounds with additions with at least 5 support: 0; clusters: 13187
polytomy of size 5; rounds with additions with at least 5 support: 0; clusters: 13187
polytomy of size 3; rounds with additions with at least 5 support: 0; clusters: 13187
Threshold 0.3333333333333333:
polytomy of size 11; rounds with additions with at least 5 support: 0; clusters: 13187
polytomy of size 4; rounds with additions with at least 5 support: 0; clusters: 13187
polytomy of size 4; rounds with additions with at least 5 support: 0; clusters: 13187
polytomy of size 3; rounds with additions with at least 5 support: 0; clusters: 13187
polytomy of size 4; rounds with additions with at least 5 support: 0; clusters: 13187
polytomy of size 6; rounds with additions with at least 5 support: 0; clusters: 13187
polytomy of size 3; rounds with additions with at least 5 support: 0; clusters: 13187
polytomy of size 3; rounds with additions with at least 5 support: 0; clusters: 13187
polytomy of size 5; rounds with additions with at least 5 support: 0; clusters: 13187
polytomy of size 6; rounds with additions with at least 5 support: 0; clusters: 13187
polytomy of size 3; rounds with additions with at least 5 support: 0; clusters: 13187
polytomy of size 4; rounds with additions with at least 5 support: 0; clusters: 13187
polytomy of size 3; rounds with additions with at least 5 support: 0; clusters: 13187
polytomy of size 3; rounds with additions with at least 5 support: 0; clusters: 13187
polytomy of size 5; rounds with additions with at least 5 support: 0; clusters: 13187
polytomy of size 3; rounds with additions with at least 5 support: 0; clusters: 13187
polytomy of size 5; rounds with additions with at least 5 support: 0; clusters: 13187
polytomy of size 4; rounds with additions with at least 5 support: 0; clusters: 13187
polytomy of size 3; rounds with additions with at least 5 support: 0; clusters: 13187
polytomy of size 4; rounds with additions with at least 5 support: 0; clusters: 13187
polytomy of size 3; rounds with additions with at least 5 support: 0; clusters: 13187
polytomy of size 6; rounds with additions with at least 5 support: 0; clusters: 13187
polytomy of size 3; rounds with additions with at least 5 support: 0; clusters: 13187
polytomy of size 5; rounds with additions with at least 5 support: 0; clusters: 13187
polytomy of size 4; rounds with additions with at least 5 support: 0; clusters: 13187
max k is :0
Number of Clusters after addition by greedy: 13187
gradient0 in heuristiic: 13187
partitions formed in 7.07 secs
Dynamic Programming starting after 7.07 secs
Using tree-based weight calculation.
Using polytree-based weight calculation.
Polytree max score: 13197602376
Polytree building time: 0.237 seconds.
Number of quartet trees in the gene trees: 13197602376
Size of largest cluster: 201
Greedy score: 11130058744
estimationFactor: 1.185762149109462
Sub-optimal score: 11527603002
Total Number of elements weighted: 35094
Normalized score (portion of input quartet trees satisfied before correcting for multiple individuals): 0.8991246283930323
Optimization score: 11866289332
Optimal tree inferred in 26.133 secs.
(117,(74,(146,(((190,72),(18,(196,(181,165)))),((184,((155,114),(104,(36,126)))),(((58,(49,16)),(133,((38,(42,48)),(171,(79,138))))),((((54,180),(52,((10,(170,(20,7))),(((197,92),(166,159)),(15,(17,(46,(107,194)))))))),(((((113,67),(122,185)),((64,198),(65,(62,119)))),((84,193),((90,(85,(158,(125,(118,163))))),((86,3),(105,((149,147),(164,(154,(59,68))))))))),((129,(192,(102,(77,123)))),((101,(130,50)),((143,9),((112,(144,(75,(53,82)))),((178,(177,21)),((173,22),(94,((71,199),(66,(179,(115,51))))))))))))),(((45,(39,(186,200))),((161,44),(182,((137,24),(76,(103,(6,((120,187),(37,80))))))))),(0,((((116,162),((169,12),(153,(87,(89,19))))),((156,109),((69,(150,(167,63))),((96,(25,70)),((60,134),(127,(2,(41,99)))))))),(((183,((93,168),(98,(124,160)))),((40,(111,135)),((26,(33,152)),(30,(29,195))))),((((14,56),(4,(175,188))),((43,(5,(57,151))),(141,(128,(8,(132,88)))))),(47,(((28,(121,148)),((13,32),(145,(1,(34,142))))),((83,(81,(11,191))),((61,(106,(73,95))),(100,((27,(157,(139,(176,55)))),((172,((35,91),(189,(110,(31,136))))),(78,((174,(108,140)),(23,(97,131)))))))))))))))))))))));
Final quartet score is: 11866289332
Final normalized quartet score is: 0.8991246283930323
Extended species tree:
(54,(180,((52,((10,(170,(20,7)1:1.6377021315897384)1:0.4275399887221139)1:0.6315730936538836,(((197,92)1:0.9467425192678737,(166,159)1:2.1225899419426004)1:1.131524036014789,(15,(17,(46,(107,194)1:1.127687922125138)1:0.21694682152996256)1:1.1226206863730963)1:0.22441402323900697)0.82:0.07595341177226285)1:1.4616251159550793)1:0.6657237640203049,((((((113,67)0.91:0.10457937232144185,(122,185)1:0.3444988626294628)1:2.2875387188727925,((64,198)1:1.6437028484492684,(65,(62,119)1:1.2083638742769742)1:0.4686542334363009)1:2.272619154987256)1:1.67739883696444,((84,193)1:2.7320666266519384,((90,(85,(158,(125,(118,163)0.9:0.0995136708821872)0.96:0.13307722592974489)1:1.2583409814604711)1:0.7541448616850239)1:2.0507391453016592,((86,3)1:2.002755497690598,(105,((149,147)0.54:0.03373176546257538,(164,(154,(59,68)0.87:0.09786663624562626)0.84:0.08665727651600327)1:0.2823139340540419)1:1.4431720876618748)0.98:0.14856528966935587)1:1.6351626910868593)0.9:0.09453569574019179)1:1.8149380831998534)1:0.4130551374195181,((129,(192,(102,(77,123)0.56:0.043049649800873606)1:2.473551045785865)0.64:0.04992287053235199)1:0.3107072048367824,((101,(130,50)1:1.6536686281894772)0.62:0.06475562666088241,((143,9)1:2.027466756831416,((112,(144,(75,(53,82)1:1.816130545882378)1:0.4176159414199307)1:0.35203543809207594)0.59:0.03786147130705647,((178,(177,21)1:1.5243902081422305)0.4:0.010220774079102667,((173,22)1:1.5017605540721934,(94,((71,199)1:1.2604681228426116,(66,(179,(115,51)1:1.2319115280704633)0.45:0.017616849638609544)0.43:0.018534804609586043)0.74:0.06308002520664427)1:0.1912673649227662)0.96:0.11495280795686726)1:0.44769822309010887)1:0.7794051881293882)1:0.3052117641016234)1:0.7112255419797722)1:2.281959085509252)1:0.8839788682252208,((((45,(39,(186,200)1:1.0293014619383725)1:0.21358137105561756)1:2.636619418345986,((161,44)1:1.792209700867986,(182,((137,24)1:4.177965570589575,(76,(103,(6,((120,187)1:0.17866895317579315,(37,80)0.84:0.09189037231629671)1:0.32322484915775934)1:0.20788593054282667)1:0.46796338517720265)1:1.4902407088257759)1:0.34737382856308774)1:0.8785427668819387)1:1.264703426280826)1:2.124147488561441,(0,((((116,162)1:1.338932767743081,((169,12)1:1.1319354244466462,(153,(87,(89,19)1:1.1262778161335518)1:0.46279104925109066)0.92:0.0989576520980325)1:1.2139174139567814)1:1.5314775064393473,((156,109)1:3.3921926868056924,((69,(150,(167,63)1:0.2789508098372564)1:0.9251950342989638)1:0.5566400393798491,((96,(25,70)0.85:0.0956547034025325)1:2.249385764200589,((60,134)1:0.7741228235820948,(127,(2,(41,99)1:1.0468488078058433)0.88:0.09087943964773744)0.99:0.14977609722667834)1:2.0146489844718345)1:0.878508426892488)1:0.20370209862733926)1:0.6985403608588403)1:1.1541522258764327,(((183,((93,168)1:1.7882365603336974,(98,(124,160)1:2.0074167507973293)1:0.6259520766415335)0.72:0.057521933868390974)1:1.5811068479019856,((40,(111,135)1:0.7316433199774626)1:2.078919060964112,((26,(33,152)1:0.5368881852857694)0.89:0.09231305156264488,(30,(29,195)0.87:0.08598108635655936)1:0.3997613877080133)1:1.7585883679797578)1:0.728564075857835)1:1.8363008794643578,((((14,56)1:0.7561279789224189,(4,(175,188)1:1.921089380270225)1:0.5888871155100939)1:0.3337745512773334,((43,(5,(57,151)1:1.0059912426089335)1:1.0542176326509818)0.9:0.0914533326237298,(141,(128,(8,(132,88)0.99:0.17040090551907017)1:0.44133522479433285)1:1.8518686404003606)1:0.4304753890087238)1:0.25601629134894244)1:1.8463591430673731,(47,(((28,(121,148)1:1.3563106512427776)1:1.3417849494366538,((13,32)1:1.1192147432627169,(145,(1,(34,142)1:1.0352737007504957)0.93:0.10274441684525742)1:0.7312689755747326)1:1.2791738260626515)1:1.107707236556507,((83,(81,(11,191)1:1.189334443357641)1:0.37704045623844384)1:1.6901386285238442,((61,(106,(73,95)1:2.3126145469589883)1:0.5967554037040989)1:1.1503986910636481,(100,((27,(157,(139,(176,55)1:1.2029028563838207)0.46:0.01964374670968804)1:0.31065932459575013)1:0.9123217163514651,((172,((35,91)1:1.532003876184057,(189,(110,(31,136)0.64:0.0769494868541113)1:0.940054941678101)1:0.45108531402669566)1:0.2561426170870869)1:0.3116682640682661,(78,((174,(108,140)0.85:0.088259621807658)1:0.6038001368493486,(23,(97,131)0.61:0.08903628766887778)1:0.4504435179496332)1:0.5305279232838939)1:0.6004687107452872)1:0.396057420423642)0.95:0.10982355001662693)1:1.7779896494329126)0.56:0.03799500832495836)1:0.17316223375219852)0.7:0.05722035535436818)1:0.5055158510016373)1:0.803881451591369)1:0.34772114102762636)1:2.5143238598768853)1:1.392665838552034)1:1.383556896307655,(((58,(49,16)1:1.6685599329464311)1:1.4893061889121988,(133,((38,(42,48)1:0.2554699400142138)1:1.7571270491956683,(171,(79,138)1:1.2336502632968915)1:1.1583077045087657)1:0.6517945074483892)1:0.21816495394863916)1:0.678172092489365,((184,((155,114)1:0.9729638399811095,(104,(36,126)0.79:0.07188076969208267)1:1.4810821176481237)1:2.298437430473964)0.88:0.09264624429534613,(((190,72)1:0.562073256543666,(18,(196,(181,165)1:0.23786670136916377)0.44:0.015552248533286541)1:2.0126169978967505)1:1.2810195756691556,(146,(74,117)1:2.2976729349966685)1:0.31601689088393464)1:0.5069792063236126)0.76:0.06611656174287375)1:2.0510997354653515)1:0.3923507267670554)1:0.8839087842059924)1:3.150757343885926));
Weight calculation took 17.966799171 secs
ASTRAL finished in 28.8 secs
