
================== ASTRAL ===================== 

This is ASTRAL version 5.7.8
Gene trees are treated as unrooted
50 trees read from Dataset/AstralII_data/model.200.10000000.0.000001/13/estimatedgenetre.halfresolved_50
index0
All output trees will be *arbitrarily* rooted at 54

======== Running the main analysis
Number of taxa: 201 (201 species)
Taxa: [54, 180, 52, 10, 20, 7, 170, 197, 166, 159, 92, 107, 194, 17, 15, 46, 182, 137, 24, 6, 76, 103, 120, 37, 80, 187, 161, 44, 186, 200, 39, 45, 0, 43, 124, 160, 29, 30, 195, 33, 26, 152, 111, 135, 40, 93, 168, 183, 98, 139, 27, 176, 55, 100, 31, 189, 110, 136, 78, 174, 97, 131, 23, 108, 140, 35, 91, 172, 157, 169, 87, 153, 12, 89, 19, 69, 156, 109, 150, 167, 63, 60, 134, 127, 41, 99, 2, 25, 70, 96, 121, 148, 28, 13, 32, 145, 1, 34, 142, 61, 106, 81, 11, 191, 83, 116, 162, 47, 73, 95, 132, 8, 141, 88, 128, 5, 57, 151, 14, 56, 4, 175, 188, 113, 67, 122, 185, 62, 119, 65, 64, 198, 84, 193, 85, 118, 163, 125, 158, 90, 86, 3, 164, 154, 59, 149, 147, 105, 68, 101, 130, 50, 102, 77, 123, 129, 177, 21, 66, 173, 22, 178, 112, 75, 94, 71, 199, 143, 9, 115, 51, 179, 53, 82, 144, 192, 36, 104, 126, 155, 114, 74, 117, 171, 79, 138, 42, 38, 48, 181, 196, 165, 184, 18, 58, 190, 72, 49, 16, 146, 133]
Taxon occupancy: {110=50, 111=50, 112=50, 113=50, 114=50, 115=50, 116=50, 117=50, 118=50, 119=50, 10=50, 11=50, 12=50, 13=50, 14=50, 15=50, 16=50, 17=50, 18=50, 19=50, 120=50, 0=50, 121=50, 1=50, 122=50, 2=50, 123=50, 124=50, 3=50, 4=50, 125=50, 5=50, 126=50, 6=50, 127=50, 7=50, 128=50, 8=50, 129=50, 9=50, 20=50, 21=50, 22=50, 23=50, 24=50, 25=50, 26=50, 27=50, 28=50, 29=50, 130=50, 131=50, 132=50, 133=50, 134=50, 135=50, 136=50, 137=50, 138=50, 139=50, 30=50, 31=50, 32=50, 33=50, 34=50, 35=50, 36=50, 37=50, 38=50, 39=50, 140=50, 141=50, 142=50, 143=50, 144=50, 145=50, 146=50, 147=50, 148=50, 149=50, 40=50, 41=50, 42=50, 43=50, 44=50, 45=50, 46=50, 47=50, 48=50, 49=50, 150=50, 151=50, 152=50, 153=50, 154=50, 155=50, 156=50, 157=50, 158=50, 159=50, 50=50, 51=50, 52=50, 53=50, 54=50, 55=50, 56=50, 57=50, 58=50, 59=50, 160=50, 161=50, 162=50, 163=50, 164=50, 165=50, 166=50, 167=50, 168=50, 169=50, 60=50, 61=50, 62=50, 63=50, 64=50, 65=50, 66=50, 67=50, 68=50, 69=50, 170=50, 171=50, 172=50, 173=50, 174=50, 175=50, 176=50, 177=50, 178=50, 179=50, 70=50, 71=50, 72=50, 73=50, 74=50, 75=50, 76=50, 77=50, 78=50, 79=50, 180=50, 181=50, 182=50, 183=50, 184=50, 185=50, 186=50, 187=50, 188=50, 189=50, 80=50, 81=50, 82=50, 83=50, 84=50, 85=50, 86=50, 87=50, 88=50, 89=50, 190=50, 191=50, 192=50, 193=50, 194=50, 195=50, 196=50, 197=50, 198=50, 199=50, 90=50, 91=50, 92=50, 93=50, 94=50, 95=50, 96=50, 97=50, 98=50, 99=50, 200=50, 100=50, 101=50, 102=50, 103=50, 104=50, 105=50, 106=50, 107=50, 108=50, 109=50}
Number of gene trees: 50
0 trees have missing taxa
Calculating quartet distance matrix (for completion of X)
Species tree distances calculated ...
Building set of clusters (X) from gene trees 
------------------------------
gradient0: 5197
Number of Clusters after addition by distance: 5197
calculating extra bipartitions to be added at level 1 ...
Adding to X using resolutions of greedy consensus ...
Limit for sigma of degrees:5075
polytomy size limit : 10
discarded polytomies:  [3, 3, 3, 3, 3, 3, 3, 3, 3, 3, 3, 3, 4, 4, 4, 4, 4, 4, 4, 4, 5, 5, 5, 5, 6, 6, 6, 8, 10]
Threshold 0.0:
Threshold 0.01:
Threshold 0.02:
Threshold 0.05:
Threshold 0.1:
polytomy of size 3; rounds with additions with at least 5 support: 0; clusters: 5197
Threshold 0.2:
polytomy of size 8; rounds with additions with at least 5 support: 0; clusters: 5197
polytomy of size 3; rounds with additions with at least 5 support: 0; clusters: 5197
polytomy of size 5; rounds with additions with at least 5 support: 0; clusters: 5197
polytomy of size 3; rounds with additions with at least 5 support: 0; clusters: 5197
polytomy of size 4; rounds with additions with at least 5 support: 0; clusters: 5197
polytomy of size 3; rounds with additions with at least 5 support: 0; clusters: 5197
Threshold 0.3333333333333333:
polytomy of size 10; rounds with additions with at least 5 support: 0; clusters: 5197
polytomy of size 4; rounds with additions with at least 5 support: 0; clusters: 5197
polytomy of size 4; rounds with additions with at least 5 support: 0; clusters: 5197
polytomy of size 3; rounds with additions with at least 5 support: 0; clusters: 5197
polytomy of size 6; rounds with additions with at least 5 support: 0; clusters: 5197
polytomy of size 4; rounds with additions with at least 5 support: 0; clusters: 5197
polytomy of size 6; rounds with additions with at least 5 support: 0; clusters: 5197
polytomy of size 3; rounds with additions with at least 5 support: 0; clusters: 5197
polytomy of size 4; rounds with additions with at least 5 support: 0; clusters: 5197
polytomy of size 3; rounds with additions with at least 5 support: 0; clusters: 5197
polytomy of size 5; rounds with additions with at least 5 support: 0; clusters: 5197
polytomy of size 4; rounds with additions with at least 5 support: 0; clusters: 5197
polytomy of size 3; rounds with additions with at least 5 support: 0; clusters: 5197
polytomy of size 3; rounds with additions with at least 5 support: 0; clusters: 5197
polytomy of size 4; rounds with additions with at least 5 support: 0; clusters: 5197
polytomy of size 3; rounds with additions with at least 5 support: 0; clusters: 5197
polytomy of size 6; rounds with additions with at least 5 support: 0; clusters: 5197
polytomy of size 3; rounds with additions with at least 5 support: 0; clusters: 5197
polytomy of size 5; rounds with additions with at least 5 support: 0; clusters: 5199
polytomy of size 3; rounds with additions with at least 5 support: 0; clusters: 5199
polytomy of size 5; rounds with additions with at least 5 support: 0; clusters: 5199
polytomy of size 4; rounds with additions with at least 5 support: 0; clusters: 5199
max k is :0
Number of Clusters after addition by greedy: 5199
gradient0 in heuristiic: 5199
partitions formed in 7.388 secs
Dynamic Programming starting after 7.389 secs
Using tree-based weight calculation.
Using polytree-based weight calculation.
Polytree max score: 3299396340
Polytree building time: 0.233 seconds.
Number of quartet trees in the gene trees: 3299396340
Size of largest cluster: 201
Greedy score: 2657058118
estimationFactor: 1.2417479006757652
Sub-optimal score: 2837013658
Total Number of elements weighted: 8585
Normalized score (portion of input quartet trees satisfied before correcting for multiple individuals): 0.9026792358628851
Optimization score: 2978296567
Optimal tree inferred in 10.746 secs.
(117,(74,(146,(((190,72),(18,(196,(181,165)))),(((155,114),(36,(104,126))),(184,(((58,(49,16)),(133,((171,(79,138)),(38,(42,48))))),((((54,180),(52,((10,(170,(20,7))),(((197,92),(166,159)),(15,(17,(46,(107,194)))))))),(((((113,67),(122,185)),((64,198),(65,(62,119)))),((84,193),((90,(85,(158,(125,(118,163))))),((86,3),(105,(147,(149,((164,154),(59,68))))))))),((129,(192,(123,(102,77)))),((130,50),(101,((143,9),(112,((144,(75,(53,82))),((177,21),(178,((173,22),(94,((66,(115,51)),(179,(71,199))))))))))))))),(((45,(39,(186,200))),((161,44),(182,((137,24),(76,(103,(6,((37,80),(120,187))))))))),(0,((((116,162),((169,12),(153,(87,(89,19))))),((156,109),((69,(150,(167,63))),((96,(25,70)),((60,134),(127,(2,(41,99)))))))),(((183,((93,168),(98,(124,160)))),((40,(111,135)),((30,(29,195)),(26,(33,152))))),((((14,56),(4,(175,188))),((43,(5,(57,151))),(141,(128,(8,(132,88)))))),(47,(((28,(121,148)),((13,32),(145,(1,(34,142))))),((61,(106,(73,95))),((83,(81,(11,191))),(100,((27,(157,(139,(176,55)))),((78,((174,(108,140)),(23,(97,131)))),(172,((35,91),(189,(136,(31,110)))))))))))))))))))))))));
Final quartet score is: 2978296567
Final normalized quartet score is: 0.9026792358628851
Extended species tree:
(54,(180,((52,((10,(170,(20,7)1:1.7276915421622523)1:0.39717617630403884)1:0.7255824563130986,(((197,92)1:0.8878472153244114,(166,159)1:1.5075428270029383)1:1.1359267316741057,(15,(17,(46,(107,194)1:1.730203054574914)0.52:0.06829487635534477)1:1.1537639368416783)0.86:0.16735427490225677)0.63:0.09131862600170021)1:1.6608103150693714)1:0.5676046649109404,((((((113,67)0.81:0.15415067982725836,(122,185)1:0.40546510810816444)1:2.4155003330559808,((64,198)1:1.707835467336676,(65,(62,119)1:1.3058709570781837)1:0.49787428566354447)1:2.053466055276577)1:2.0211260011173944,((84,193)1:2.14006616349627,((90,(85,(158,(125,(118,163)0.69:0.10595981150316569)0.51:0.04965985825442106)1:1.0520811540770647)1:0.8292312791171069)1:1.6886207748268014,((86,3)1:2.5856361477468184,(105,(147,(149,((164,154)0.85:0.1770508464899292,(59,68)0.41:0.019375357813968184)0.91:0.20639392682476657)0.61:0.08227066675299048)1:1.3880774349815113)0.74:0.13134436575540517)1:1.8287827705137598)0.6:0.07450817584894139)1:1.8181207000786368)1:0.44772026699408796,((129,(192,(123,(102,77)0.88:0.18574677098704148)1:2.280377823757983)0.55:0.06076953024029833)0.99:0.32072505016016656,((130,50)1:2.2016670693019402,(101,((143,9)1:1.7578908772578683,(112,((144,(75,(53,82)1:1.886070148699296)1:0.4906901363934011)1:0.5095531016101685,((177,21)1:0.9803444351777975,(178,((173,22)1:1.1693237605991829,(94,((66,(115,51)1:1.2977683677958758)0.55:0.06272542985732318,(179,(71,199)1:1.0654282385011618)0.51:0.04964731521003507)0.39:0.009885488041517157)0.9:0.20781956596806)0.47:0.03627664822013197)0.51:0.04627378770866617)1:0.5076963640511293)0.37:0.0042410928140546875)1:1.1983425614740202)0.99:0.3407739166870442)0.71:0.1100227851115039)1:0.6533554645685801)1:1.9194006374270496)1:0.6106347904083066,((((45,(39,(186,200)1:1.330622789006995)0.81:0.14921239818667562)1:2.613318306697837,((161,44)1:1.6210991676463882,(182,((137,24)1:3.5263605246161593,(76,(103,(6,((37,80)0.45:0.03276073964377425,(120,187)0.65:0.0921690157234922)1:0.43961059587380014)0.66:0.09992867177546473)1:0.44449784620700106)1:1.944914933662166)0.99:0.3187975140821118)1:1.2401043813151789)1:1.445905982680867)1:1.9851308622085946,(0,((((116,162)1:1.262692218599487,((169,12)1:0.9801221465627472,(153,(87,(89,19)1:1.1321451087761918)1:0.5292332853930601)0.89:0.17985100629206974)1:1.2062322607902198)1:1.178147028881938,((156,109)1:2.4421889201028466,((69,(150,(167,63)0.97:0.26591010331619597)1:1.231630860768573)1:0.43486746208979904,((96,(25,70)0.47:0.08515780834030683)1:2.4225534190709483,((60,134)1:0.6054181124542586,(127,(2,(41,99)1:0.9136164612892583)0.67:0.09942608375341842)0.84:0.17269957421384768)1:1.9377833084930025)1:0.8697693326244441)1:0.3856717003572312)1:0.6823038740720623)1:1.1454093285490667,(((183,((93,168)1:1.7833022645024403,(98,(124,160)1:2.823163008202716)1:0.6385430465250937)0.63:0.12867357080656214)1:1.330012476281438,((40,(111,135)1:0.8974555664649211)1:2.028275923709348,((30,(29,195)0.63:0.09022211587226645)0.98:0.28999747087885974,(26,(33,152)1:0.7334515277127464)0.83:0.16045085974627815)1:1.602099612532813)1:0.6069062952436183)1:1.800938343944847,((((14,56)1:1.196872737659516,(4,(175,188)1:1.7187343342131645)1:0.5213206425170763)1:0.5216466419253423,((43,(5,(57,151)1:0.920811243285473)1:0.7131568974908344)0.56:0.06421548915936698,(141,(128,(8,(132,88)0.97:0.2871081184671332)1:0.413190962267939)1:2.0445934103884467)1:0.4393201881431559)0.97:0.25241632274398335)1:1.8228528572547118,(47,(((28,(121,148)1:1.9342434731246922)1:1.2778595318928658,((13,32)1:0.987439596244792,(145,(1,(34,142)1:1.1619307587487688)0.54:0.07062767406867498)1:0.8477381055770155)1:1.2120105451710281)1:1.212374295229803,((61,(106,(73,95)1:2.4516401573727835)1:0.4794006991613233)1:1.217372530169631,((83,(81,(11,191)1:1.3246007921145502)1:0.5694429552776781)1:1.589517453873783,(100,((27,(157,(139,(176,55)1:1.160207776359177)0.54:0.0581805512719207)0.94:0.22231050836432537)1:0.7523767889138663,((78,((174,(108,140)0.79:0.14327812138996973)1:0.4560662451000851,(23,(97,131)0.52:0.05307043496401648)0.98:0.28186667683689803)1:0.718071890494704)1:0.7325025230572737,(172,((35,91)1:1.5389107389420789,(189,(136,(31,110)0.48:0.04720935389748403)1:0.7391566731195757)0.99:0.30939828679578746)0.98:0.2752686235296431)0.93:0.20788175250063518)1:0.5521058605988344)0.66:0.10716871526634614)1:1.734773098900959)0.56:0.08503724389169805)0.66:0.09428800061612655)0.49:0.04320760627984837)1:0.524063905358112)1:0.6032961669226287)1:0.4081757619134803)1:2.3718042973576323)1:1.4630051206879497)1:1.8089949215342842,(((58,(49,16)1:1.3313831392368471)1:1.4647833402660349,(133,((171,(79,138)1:1.4161565154038034)1:0.9985396085865119,(38,(42,48)0.99:0.30893287214787546)1:2.0257077887212525)1:0.8072604873273669)0.73:0.11445779909556089)1:0.6863456670173553,(184,(((155,114)1:1.4337608983588142,(36,(104,126)0.52:0.07752009677672393)1:1.9583636101266002)1:2.130604236015147,(((190,72)1:0.5287435205860548,(18,(196,(181,165)0.97:0.26716591524449573)0.44:0.03652880452577648)1:2.0125060783479976)1:1.5292047897743295,(146,(74,117)1:2.803360380906534)1:0.4622983551827868)1:0.4441665790916781)0.6:0.08118627365801717)0.48:0.045717516594948764)1:1.8759012172535348)1:0.4717443740169635)1:0.88072489818793)1:3.2750460963352546));
Weight calculation took 2.540626878 secs
ASTRAL finished in 12.453 secs
