
================== ASTRAL ===================== 

This is ASTRAL version 5.7.8
Gene trees are treated as unrooted
966 trees read from Dataset/AstralII_data/model.200.10000000.0.000001/13/estimatedgenetre.halfresolved
index0
All output trees will be *arbitrarily* rooted at 54

======== Running the main analysis
Number of taxa: 201 (201 species)
Taxa: [54, 180, 52, 10, 20, 7, 170, 197, 166, 159, 92, 107, 194, 17, 15, 46, 182, 137, 24, 6, 76, 103, 120, 37, 80, 187, 161, 44, 186, 200, 39, 45, 0, 43, 124, 160, 29, 30, 195, 33, 26, 152, 111, 135, 40, 93, 168, 183, 98, 139, 27, 176, 55, 100, 31, 189, 110, 136, 78, 174, 97, 131, 23, 108, 140, 35, 91, 172, 157, 169, 87, 153, 12, 89, 19, 69, 156, 109, 150, 167, 63, 60, 134, 127, 41, 99, 2, 25, 70, 96, 121, 148, 28, 13, 32, 145, 1, 34, 142, 61, 106, 81, 11, 191, 83, 116, 162, 47, 73, 95, 132, 8, 141, 88, 128, 5, 57, 151, 14, 56, 4, 175, 188, 113, 67, 122, 185, 62, 119, 65, 64, 198, 84, 193, 85, 118, 163, 125, 158, 90, 86, 3, 164, 154, 59, 149, 147, 105, 68, 101, 130, 50, 102, 77, 123, 129, 177, 21, 66, 173, 22, 178, 112, 75, 94, 71, 199, 143, 9, 115, 51, 179, 53, 82, 144, 192, 36, 104, 126, 155, 114, 74, 117, 171, 79, 138, 42, 38, 48, 181, 196, 165, 184, 18, 58, 190, 72, 49, 16, 146, 133]
Taxon occupancy: {110=966, 111=966, 112=966, 113=966, 114=966, 115=966, 116=966, 117=966, 118=966, 119=966, 10=966, 11=966, 12=966, 13=966, 14=966, 15=966, 16=966, 17=966, 18=966, 19=966, 120=966, 0=966, 121=966, 1=966, 122=966, 2=966, 123=966, 124=966, 3=966, 4=966, 125=966, 5=966, 126=966, 6=966, 127=966, 7=966, 128=966, 8=966, 129=966, 9=966, 20=966, 21=966, 22=966, 23=966, 24=966, 25=966, 26=966, 27=966, 28=966, 29=966, 130=966, 131=966, 132=966, 133=966, 134=966, 135=966, 136=966, 137=966, 138=966, 139=966, 30=966, 31=966, 32=966, 33=966, 34=966, 35=966, 36=966, 37=966, 38=966, 39=966, 140=966, 141=966, 142=966, 143=966, 144=966, 145=966, 146=966, 147=966, 148=966, 149=966, 40=966, 41=966, 42=966, 43=966, 44=966, 45=966, 46=966, 47=966, 48=966, 49=966, 150=966, 151=966, 152=966, 153=966, 154=966, 155=966, 156=966, 157=966, 158=966, 159=966, 50=966, 51=966, 52=966, 53=966, 54=966, 55=966, 56=966, 57=966, 58=966, 59=966, 160=966, 161=966, 162=966, 163=966, 164=966, 165=966, 166=966, 167=966, 168=966, 169=966, 60=966, 61=966, 62=966, 63=966, 64=966, 65=966, 66=966, 67=966, 68=966, 69=966, 170=966, 171=966, 172=966, 173=966, 174=966, 175=966, 176=966, 177=966, 178=966, 179=966, 70=966, 71=966, 72=966, 73=966, 74=966, 75=966, 76=966, 77=966, 78=966, 79=966, 180=966, 181=966, 182=966, 183=966, 184=966, 185=966, 186=966, 187=966, 188=966, 189=966, 80=966, 81=966, 82=966, 83=966, 84=966, 85=966, 86=966, 87=966, 88=966, 89=966, 190=966, 191=966, 192=966, 193=966, 194=966, 195=966, 196=966, 197=966, 198=966, 199=966, 90=966, 91=966, 92=966, 93=966, 94=966, 95=966, 96=966, 97=966, 98=966, 99=966, 200=966, 100=966, 101=966, 102=966, 103=966, 104=966, 105=966, 106=966, 107=966, 108=966, 109=966}
Number of gene trees: 966
0 trees have missing taxa
Calculating quartet distance matrix (for completion of X)
Species tree distances calculated ...
Building set of clusters (X) from gene trees 
------------------------------
gradient0: 39223
Number of Clusters after addition by distance: 39223
calculating extra bipartitions to be added at level 1 ...
Adding to X using resolutions of greedy consensus ...
Limit for sigma of degrees:5075
polytomy size limit : 11
discarded polytomies:  [3, 3, 3, 3, 3, 3, 3, 3, 3, 3, 3, 3, 3, 3, 3, 3, 3, 3, 3, 4, 4, 4, 4, 4, 4, 4, 4, 4, 4, 4, 4, 5, 5, 5, 6, 6, 6, 6, 10, 11]
Threshold 0.0:
Threshold 0.01:
Threshold 0.02:
Threshold 0.05:
Threshold 0.1:
polytomy of size 4; rounds with additions with at least 5 support: 0; clusters: 39223
polytomy of size 4; rounds with additions with at least 5 support: 0; clusters: 39223
polytomy of size 3; rounds with additions with at least 5 support: 0; clusters: 39223
Threshold 0.2:
polytomy of size 10; rounds with additions with at least 5 support: 0; clusters: 39223
polytomy of size 3; rounds with additions with at least 5 support: 0; clusters: 39223
polytomy of size 6; rounds with additions with at least 5 support: 0; clusters: 39223
polytomy of size 3; rounds with additions with at least 5 support: 0; clusters: 39223
polytomy of size 4; rounds with additions with at least 5 support: 0; clusters: 39223
polytomy of size 3; rounds with additions with at least 5 support: 0; clusters: 39223
polytomy of size 3; rounds with additions with at least 5 support: 0; clusters: 39223
polytomy of size 5; rounds with additions with at least 5 support: 0; clusters: 39223
polytomy of size 3; rounds with additions with at least 5 support: 0; clusters: 39223
Threshold 0.3333333333333333:
polytomy of size 11; rounds with additions with at least 5 support: 0; clusters: 39223
polytomy of size 4; rounds with additions with at least 5 support: 0; clusters: 39223
polytomy of size 4; rounds with additions with at least 5 support: 0; clusters: 39223
polytomy of size 4; rounds with additions with at least 5 support: 0; clusters: 39223
polytomy of size 6; rounds with additions with at least 5 support: 0; clusters: 39223
polytomy of size 3; rounds with additions with at least 5 support: 0; clusters: 39223
polytomy of size 4; rounds with additions with at least 5 support: 0; clusters: 39223
polytomy of size 3; rounds with additions with at least 5 support: 0; clusters: 39223
polytomy of size 4; rounds with additions with at least 5 support: 0; clusters: 39223
polytomy of size 4; rounds with additions with at least 5 support: 0; clusters: 39223
polytomy of size 6; rounds with additions with at least 5 support: 0; clusters: 39223
polytomy of size 3; rounds with additions with at least 5 support: 0; clusters: 39223
polytomy of size 3; rounds with additions with at least 5 support: 0; clusters: 39223
polytomy of size 4; rounds with additions with at least 5 support: 0; clusters: 39223
polytomy of size 3; rounds with additions with at least 5 support: 0; clusters: 39223
polytomy of size 3; rounds with additions with at least 5 support: 0; clusters: 39223
polytomy of size 3; rounds with additions with at least 5 support: 0; clusters: 39223
polytomy of size 3; rounds with additions with at least 5 support: 0; clusters: 39223
polytomy of size 3; rounds with additions with at least 5 support: 0; clusters: 39223
polytomy of size 5; rounds with additions with at least 5 support: 0; clusters: 39223
polytomy of size 4; rounds with additions with at least 5 support: 0; clusters: 39223
polytomy of size 3; rounds with additions with at least 5 support: 0; clusters: 39223
polytomy of size 3; rounds with additions with at least 5 support: 0; clusters: 39223
polytomy of size 3; rounds with additions with at least 5 support: 0; clusters: 39223
polytomy of size 6; rounds with additions with at least 5 support: 0; clusters: 39223
polytomy of size 3; rounds with additions with at least 5 support: 0; clusters: 39223
polytomy of size 5; rounds with additions with at least 5 support: 0; clusters: 39223
polytomy of size 4; rounds with additions with at least 5 support: 0; clusters: 39223
max k is :0
Number of Clusters after addition by greedy: 39223
gradient0 in heuristiic: 39223
partitions formed in 35.122 secs
Dynamic Programming starting after 35.122 secs
Using tree-based weight calculation.
Using polytree-based weight calculation.
Polytree max score: 63737890128
Polytree building time: 2.234 seconds.
Number of quartet trees in the gene trees: 63737890128
Size of largest cluster: 201
Greedy score: 51238800800
estimationFactor: 1.2439379753790023
Sub-optimal score: 56403435576
Calculated 100000 weights; time (seconds): 223
Total Number of elements weighted: 176185
Normalized score (portion of input quartet trees satisfied before correcting for multiple individuals): 0.8990628173590303
Optimization score: 57304367071
Optimal tree inferred in 370.019 secs.
(117,(74,(146,(((190,72),(18,(196,(181,165)))),((184,((155,114),(104,(36,126)))),(((58,(49,16)),(133,((38,(42,48)),(171,(79,138))))),((((54,180),(52,(((197,92),(166,159)),((10,(170,(20,7))),(15,(17,(46,(107,194)))))))),(((((122,185),(113,67)),((64,198),(65,(62,119)))),((84,193),((90,(85,(158,(125,(118,163))))),((86,3),(105,(147,(149,(164,(154,(59,68)))))))))),((129,(192,(102,(77,123)))),((101,(130,50)),((143,9),((112,(144,(75,(53,82)))),(178,((177,21),((173,22),(94,((71,199),(66,(179,(115,51)))))))))))))),(((45,(39,(186,200))),((161,44),(182,((137,24),(76,(103,(6,((120,187),(37,80))))))))),(0,((((116,162),((169,12),(153,(87,(89,19))))),((156,109),((69,(150,(167,63))),((96,(25,70)),((60,134),(127,(2,(41,99)))))))),(((183,((93,168),(98,(124,160)))),((40,(111,135)),((26,(33,152)),(30,(29,195))))),((((14,56),(4,(175,188))),((43,(5,(57,151))),(141,(128,(8,(132,88)))))),(((28,(121,148)),((13,32),(145,(1,(34,142))))),(47,((83,(81,(11,191))),((61,(106,(73,95))),(100,((27,(157,(139,(176,55)))),((172,((35,91),(189,(110,(31,136))))),(78,((108,(174,140)),(23,(97,131)))))))))))))))))))))));
Final quartet score is: 57304367071
Final normalized quartet score is: 0.8990628173590303
Extended species tree:
(54,(180,((52,(((197,92)1:0.9029295624216781,(166,159)1:2.304213460783336)1:1.1819806711441587,((10,(170,(20,7)1:1.3974608129097754)1:0.36974903934050257)1:0.7461746941970039,(15,(17,(46,(107,194)1:1.4543047447294306)1:0.19035889463191186)1:1.1096351166561167)1:0.23720136381028462)0.46:0.015312328597493815)1:1.3927176668288277)1:0.7358214802480382,((((((122,185)1:0.2649145516661352,(113,67)1:0.16320615103061936)1:2.418263370380802,((64,198)1:1.5573658256246745,(65,(62,119)1:1.3483616704231631)1:0.39416139394295424)1:2.288947274219245)1:1.5890658920495797,((84,193)1:2.640704561193599,((90,(85,(158,(125,(118,163)1:0.14019806479474692)1:0.09546192929129248)1:1.2794496389614898)1:0.7872839362241253)1:1.8108233217137635,((86,3)1:1.8956743910540237,(105,(147,(149,(164,(154,(59,68)0.91:0.05083489758534392)0.75:0.03203019022354638)1:0.3337404453779574)0.94:0.05280662594214169)1:1.4543340177442994)1:0.10720141167650081)1:1.671195175012532)1:0.10940155338532764)1:1.8717438711945105)1:0.48675978853871066,((129,(192,(102,(77,123)0.99:0.07133576729662852)1:2.527981720947475)0.85:0.03815195694931796)1:0.2616897316077683,((101,(130,50)1:1.527419663120345)0.77:0.04176167676580505,((143,9)1:2.1916911440655893,((112,(144,(75,(53,82)1:1.7525860653592296)1:0.4664693787579558)1:0.3596697116193801)0.94:0.04847447063852826,(178,((177,21)1:1.2777133861547594,((173,22)1:1.413287025352126,(94,((71,199)1:1.265479071610315,(66,(179,(115,51)1:1.1562666070146452)0.58:0.01930994456772147)0.72:0.02744200402571802)0.98:0.05873371457544972)1:0.21156072018666477)1:0.09857034106968376)0.89:0.041545030125125594)1:0.42646064309620807)1:0.7226915447537371)1:0.3547406044506015)1:0.7540108633772696)1:2.201525906759)1:0.8677790570127404,((((45,(39,(186,200)1:1.167019060170099)1:0.127063963485505)1:2.922294965461049,((161,44)1:1.822853327264389,(182,((137,24)1:3.61309507730286,(76,(103,(6,((120,187)1:0.13728408591326113,(37,80)1:0.17013505607213347)1:0.27578508237750793)1:0.2319869294106115)1:0.4258060039283645)1:1.4493351791371385)1:0.3751671421360663)1:0.7294215845619141)1:1.3125038254375736)1:2.1162779027089025,(0,((((116,162)1:1.2820008425932472,((169,12)1:1.2038116396421417,(153,(87,(89,19)1:1.0300708360129889)1:0.42378934933162166)1:0.11016789613977107)1:1.2998953020678068)1:1.131719177004416,((156,109)1:3.0157723416099675,((69,(150,(167,63)1:0.4613411917073482)1:0.9475349748275338)1:0.574793734964106,((96,(25,70)0.74:0.03605073278779616)1:2.5346292359978317,((60,134)1:0.8728195952301934,(127,(2,(41,99)1:1.1940805751714454)0.37:0.0028470590041522045)1:0.07987905045844763)1:2.2656156115009174)1:0.8525978105771085)1:0.25356354586391694)1:0.7240291861053896)1:1.1787404794230627,(((183,((93,168)1:1.9499193297324597,(98,(124,160)1:2.285886815290101)1:0.4684372823631516)1:0.12855387299262358)1:1.5482624833220837,((40,(111,135)1:0.691823405258942)1:1.9543607851899494,((26,(33,152)1:0.538058292398358)0.93:0.04592927360793321,(30,(29,195)0.84:0.04234746631634324)1:0.5343996875410038)1:1.4195932921691932)1:0.6998961599262433)1:1.6420622614091926,((((14,56)1:0.7303689269955511,(4,(175,188)1:1.933321758875205)1:0.5718456799389394)1:0.29230085079655105,((43,(5,(57,151)1:1.0541966757931702)1:1.121458254429554)0.96:0.052872399347088685,(141,(128,(8,(132,88)1:0.11213792653669015)1:0.44319663989127284)1:1.9520637505072471)1:0.37292585393058986)1:0.23298912543816525)1:1.7644175160437523,(((28,(121,148)1:1.0730463010917823)1:1.3857066412135086,((13,32)1:1.291724011178735,(145,(1,(34,142)1:0.8945758929791134)1:0.09457715618087204)1:0.6149811277165748)1:1.3153289027142219)1:1.0553582199583253,(47,((83,(81,(11,191)1:1.0545207823290812)1:0.3908828972491984)1:1.6713373919376622,((61,(106,(73,95)1:2.454065401512551)1:0.612672563812117)1:1.0573670048504782,(100,((27,(157,(139,(176,55)1:1.1312549586159772)0.57:0.0192171368801642)1:0.33674110665997065)1:0.949573514378528,((172,((35,91)1:1.514721817721794,(189,(110,(31,136)1:0.12222493469726563)1:0.8641792113239066)1:0.46863484119880255)1:0.23812501733424019)1:0.3197678320430743,(78,((108,(174,140)0.61:0.022958166641441055)1:0.6216602019414942,(23,(97,131)1:0.0915946460669111)1:0.504642803376475)1:0.5417274899497517)1:0.5291104829373825)1:0.30678439755037)1:0.1377426620493269)1:1.5631522751266196)0.42:0.007262861349069707)1:0.1676310244157596)0.93:0.04955599365864533)1:0.6569709934165322)1:0.841133197971489)1:0.2457209961390498)1:2.706645195509383)1:1.5241180368668585)1:1.6400411577061502,(((58,(49,16)1:1.7063659881071178)1:1.5534979673618683,(133,((38,(42,48)1:0.24119192836408695)1:1.7488885204855709,(171,(79,138)1:0.9973181762102309)1:0.9692571517618488)1:0.5511162573247695)1:0.36632236696323267)1:0.5642772034865513,((184,((155,114)1:0.8844679503517772,(104,(36,126)1:0.08293567118806988)1:1.3966169806688764)1:2.139085135208708)1:0.07595938325104606,(((190,72)1:0.4995517494800958,(18,(196,(181,165)1:0.189016117369274)1:0.09224760374513945)1:1.8588807934766185)1:1.2714212677918364,(146,(74,117)1:2.126641464582682)1:0.4698179012081602)1:0.47840429941238655)1:0.0916749944143569)1:2.0425226637327047)1:0.46986151803537207)1:0.9929896138514734)1:3.6774579106315706));
Weight calculation took 324.25012195 secs
ASTRAL finished in 379.434 secs
