
================== ASTRAL ===================== 

This is ASTRAL version 5.7.8
Gene trees are treated as unrooted
200 trees read from Dataset/AstralII_data/model.200.10000000.0.000001/40/estimatedgenetre.halfresolved_200
index0
All output trees will be *arbitrarily* rooted at 67

======== Running the main analysis
Number of taxa: 201 (201 species)
Taxa: [67, 63, 46, 131, 186, 25, 197, 22, 138, 79, 108, 89, 70, 87, 12, 156, 151, 11, 85, 92, 196, 148, 115, 162, 114, 169, 160, 66, 53, 157, 37, 104, 26, 2, 124, 34, 93, 50, 189, 154, 35, 130, 102, 128, 78, 29, 61, 5, 163, 135, 39, 82, 4, 84, 101, 105, 3, 76, 166, 60, 86, 140, 28, 168, 44, 132, 36, 106, 144, 116, 150, 118, 77, 181, 71, 126, 133, 24, 191, 57, 88, 125, 56, 32, 7, 123, 20, 165, 119, 110, 72, 200, 16, 6, 192, 187, 94, 80, 198, 179, 194, 69, 174, 65, 107, 171, 149, 51, 55, 13, 178, 199, 121, 9, 193, 10, 103, 73, 43, 40, 81, 190, 113, 146, 52, 14, 136, 120, 172, 0, 64, 31, 59, 74, 134, 68, 19, 185, 23, 97, 112, 95, 142, 54, 111, 176, 184, 170, 183, 41, 141, 137, 98, 75, 153, 47, 49, 8, 96, 33, 158, 188, 155, 99, 62, 164, 18, 145, 152, 159, 161, 180, 129, 38, 175, 90, 143, 139, 173, 195, 48, 177, 127, 100, 147, 42, 45, 182, 122, 1, 27, 30, 117, 58, 91, 83, 21, 17, 109, 15, 167]
Taxon occupancy: {110=200, 111=200, 112=200, 113=200, 114=200, 115=200, 116=200, 117=200, 118=200, 119=200, 10=200, 11=200, 12=200, 13=200, 14=200, 15=200, 16=200, 17=200, 18=200, 19=200, 120=200, 121=200, 0=200, 122=200, 1=200, 2=200, 123=200, 124=200, 3=200, 4=200, 125=200, 5=200, 126=200, 6=200, 127=200, 128=200, 7=200, 8=200, 129=200, 9=200, 20=200, 21=200, 22=200, 23=200, 24=200, 25=200, 26=200, 27=200, 28=200, 29=200, 130=200, 131=200, 132=200, 133=200, 134=200, 135=200, 136=200, 137=200, 138=200, 139=200, 30=200, 31=200, 32=200, 33=200, 34=200, 35=200, 36=200, 37=200, 38=200, 39=200, 140=200, 141=200, 142=200, 143=200, 144=200, 145=200, 146=200, 147=200, 148=200, 149=200, 40=200, 41=200, 42=200, 43=200, 44=200, 45=200, 46=200, 47=200, 48=200, 49=200, 150=200, 151=200, 152=200, 153=200, 154=200, 155=200, 156=200, 157=200, 158=200, 159=200, 50=200, 51=200, 52=200, 53=200, 54=200, 55=200, 56=200, 57=200, 58=200, 59=200, 160=200, 161=200, 162=200, 163=200, 164=200, 165=200, 166=200, 167=200, 168=200, 169=200, 60=200, 61=200, 62=200, 63=200, 64=200, 65=200, 66=200, 67=200, 68=200, 69=200, 170=200, 171=200, 172=200, 173=200, 174=200, 175=200, 176=200, 177=200, 178=200, 179=200, 70=200, 71=200, 72=200, 73=200, 74=200, 75=200, 76=200, 77=200, 78=200, 79=200, 180=200, 181=200, 182=200, 183=200, 184=200, 185=200, 186=200, 187=200, 188=200, 189=200, 80=200, 81=200, 82=200, 83=200, 84=200, 85=200, 86=200, 87=200, 88=200, 89=200, 190=200, 191=200, 192=200, 193=200, 194=200, 195=200, 196=200, 197=200, 198=200, 199=200, 90=200, 91=200, 92=200, 93=200, 94=200, 95=200, 96=200, 97=200, 98=200, 99=200, 200=200, 100=200, 101=200, 102=200, 103=200, 104=200, 105=200, 106=200, 107=200, 108=200, 109=200}
Number of gene trees: 200
0 trees have missing taxa
Calculating quartet distance matrix (for completion of X)
Species tree distances calculated ...
Building set of clusters (X) from gene trees 
------------------------------
gradient0: 5263
Number of Clusters after addition by distance: 5263
calculating extra bipartitions to be added at level 1 ...
Adding to X using resolutions of greedy consensus ...
Limit for sigma of degrees:5075
polytomy size limit : 6
discarded polytomies:  [3, 3, 3, 3, 3, 3, 3, 3, 3, 3, 3, 3, 3, 3, 3, 3, 4, 4, 6]
Threshold 0.0:
Threshold 0.01:
Threshold 0.02:
Threshold 0.05:
Threshold 0.1:
Threshold 0.2:
polytomy of size 3; rounds with additions with at least 5 support: 0; clusters: 5263
polytomy of size 3; rounds with additions with at least 5 support: 0; clusters: 5263
Threshold 0.3333333333333333:
polytomy of size 4; rounds with additions with at least 5 support: 0; clusters: 5263
polytomy of size 3; rounds with additions with at least 5 support: 0; clusters: 5263
polytomy of size 3; rounds with additions with at least 5 support: 0; clusters: 5263
polytomy of size 3; rounds with additions with at least 5 support: 0; clusters: 5263
polytomy of size 3; rounds with additions with at least 5 support: 0; clusters: 5263
polytomy of size 3; rounds with additions with at least 5 support: 0; clusters: 5263
polytomy of size 3; rounds with additions with at least 5 support: 0; clusters: 5263
polytomy of size 3; rounds with additions with at least 5 support: 0; clusters: 5263
polytomy of size 3; rounds with additions with at least 5 support: 0; clusters: 5263
polytomy of size 4; rounds with additions with at least 5 support: 0; clusters: 5263
polytomy of size 3; rounds with additions with at least 5 support: 0; clusters: 5263
polytomy of size 3; rounds with additions with at least 5 support: 0; clusters: 5263
polytomy of size 3; rounds with additions with at least 5 support: 0; clusters: 5263
polytomy of size 3; rounds with additions with at least 5 support: 0; clusters: 5263
polytomy of size 6; rounds with additions with at least 5 support: 0; clusters: 5263
polytomy of size 3; rounds with additions with at least 5 support: 0; clusters: 5263
polytomy of size 3; rounds with additions with at least 5 support: 0; clusters: 5263
max k is :0
Number of Clusters after addition by greedy: 5263
gradient0 in heuristiic: 5263
partitions formed in 5.12 secs
Dynamic Programming starting after 5.12 secs
Using tree-based weight calculation.
Using polytree-based weight calculation.
Polytree max score: 13199669802
Polytree building time: 0.252 seconds.
Number of quartet trees in the gene trees: 13199669802
Size of largest cluster: 201
Greedy score: 10552257821
estimationFactor: 1.250885831819935
Sub-optimal score: 10613075349
Total Number of elements weighted: 9767
Normalized score (portion of input quartet trees satisfied before correcting for multiple individuals): 0.8377886317523202
Optimization score: 11058533303
Optimal tree inferred in 7.954 secs.
(127,(195,(48,(177,(173,(100,(((83,(21,((15,167),(17,109)))),(147,((58,91),((42,45),((182,(122,1)),(27,(30,117))))))),(((71,(126,133)),((28,(168,(44,132))),((118,77),(181,(36,(150,(106,(144,116)))))))),((((86,140),((82,(4,((76,(166,60)),(105,(3,(84,101)))))),((78,(29,61)),((5,(163,(135,39))),((102,128),((35,130),(189,154))))))),(((138,((197,22),(79,108))),((186,25),((67,63),(46,131)))),((124,(93,(34,50))),(89,(92,((87,(12,(85,(151,(156,11))))),((70,(26,2)),((196,148),((104,(157,37)),((162,(115,114)),((169,53),(160,66)))))))))))),(((((155,145),(164,(18,(99,62)))),((152,159),((161,180),(139,((90,143),(129,(38,175))))))),(0,((137,((98,75),(153,47))),(((64,(59,(134,(31,74)))),((112,(54,(95,142))),((185,97),(19,23)))),((49,(68,(8,(96,33)))),((158,188),((170,(184,183)),((41,141),(111,176))))))))),(24,((191,(57,88)),(((123,(125,20)),(32,(56,7))),((((110,72),(165,119)),((187,(94,80)),(200,(6,(16,192))))),(((51,55),((13,178),((193,10),(9,(199,121))))),(((81,(40,(43,190))),(113,((103,73),((52,136),(146,14))))),(((120,172),(194,(198,179))),(149,((107,171),(69,(174,65)))))))))))))))))))));
Final quartet score is: 11058533303
Final normalized quartet score is: 0.8377886317523202
Extended species tree:
(67,(63,((46,131)1:3.1060803307228535,((186,25)1:1.2801878551253432,((138,((197,22)1:1.1372891691206124,(79,108)1:1.60162699409253)0.52:0.04385831590003244)1:3.148639945141654,(((124,(93,(34,50)0.87:0.08565544457849389)1:1.4321038971511846)1:4.897839799950916,(89,(92,((87,(12,(85,(151,(156,11)0.8:0.0696068739945671)0.96:0.11452342857934593)1:1.853236380731716)1:1.9803463065709317)1:0.3470397617691424,((70,(26,2)1:2.8177671443340633)1:0.3096453267711173,((196,148)1:1.035507363935361,((104,(157,37)0.52:0.038027395589239135)1:2.4573155037512047,((162,(115,114)1:0.28276928936044365)1:1.966680412386124,((169,53)0.99:0.1609291642210518,(160,66)1:1.1974782942609759)0.97:0.12083382630343738)1:1.8588313033777766)0.91:0.10227103890856641)1:1.054583117173075)1:0.4352497598567638)1:0.9581050200997341)1:1.453977286578774)1:0.19575769682126323)1:2.0511145269161273,(((86,140)1:4.886603726683972,((82,(4,((76,(166,60)1:1.564914049210724)1:1.1810982579496545,(105,(3,(84,101)1:1.9023600835393166)1:1.7196802222333338)1:0.7653434717644343)1:2.295533991670551)1:0.3515101139857533)1:4.1486031527399225,((78,(29,61)1:1.5305439699644372)1:4.897839799950916,((5,(163,(135,39)1:2.332890442489374)1:1.5479357126763067)1:1.846993732555974,((102,128)1:0.483628364152438,((35,130)1:2.035638919021443,(189,154)1:0.7311745761491845)1:4.320794376880199)0.97:0.12284952334641759)0.77:0.06677099608401219)1:0.6328414230007936)1:0.8494883611602769)1:1.9529443775919515,((((((155,145)1:1.496642418288756,(164,(18,(99,62)1:0.22519978724183196)1:0.22034895238319396)1:1.6502519340304063)1:2.7160490287445316,((152,159)1:4.892617855969753,((161,180)1:3.9815490680767565,(139,((90,143)1:1.0125659421010385,(129,(38,175)0.64:0.05369248203938154)1:1.9017249465287074)1:0.2992037354277123)1:1.1552968057077253)1:2.5302254685443795)1:4.567661459681265)1:2.621902479228162,(0,((137,((98,75)1:4.892776497994345,(153,47)1:2.3332809912152914)1:1.2980146244564055)1:1.4755107102351095,(((64,(59,(134,(31,74)1:1.3148821862358933)0.65:0.04972343535243062)1:3.91701054693919)1:3.799227511282799,((112,(54,(95,142)1:1.4961374952787887)1:0.2296948148014317)1:4.387014176184912,((185,97)0.97:0.12715517548524663,(19,23)1:0.9181581460489506)1:3.9815490680767565)1:2.4160408108215456)1:1.5719712945939222,((49,(68,(8,(96,33)1:1.6397432619294297)1:4.897839799950916)1:0.38016348210067485)1:0.30960061076363055,((158,188)1:4.204692619390971,((170,(184,183)1:0.6493445579015524)1:3.8417871257015954,((41,141)1:0.3551932458799242,(111,176)1:3.799227511282799)1:0.3597129878393502)1:1.458490652324379)1:2.775390724066188)1:0.21564389927868252)1:0.36473171283507383)1:2.7599546624010003)1:0.7676328903718039)0.86:0.14979576578063622,(24,((191,(57,88)1:1.9534008207844709)1:4.897839799950916,(((123,(125,20)0.51:0.02666009785348571)1:0.9276930348132982,(32,(56,7)1:1.497147596374771)1:1.5759138185580694)1:2.451910207051043,((((110,72)1:4.897839799950916,(165,119)1:1.460909493275972)1:1.1959160939704085,((187,(94,80)1:1.1366396842573487)1:3.336444908187059,(200,(6,(16,192)0.63:0.04565172020203904)1:1.0912337133504648)1:1.121254765417869)1:2.4010522539657124)1:0.8860717903101952,(((51,55)1:2.911924316281904,((13,178)1:0.6768171725035589,((193,10)1:3.163238744562802,(9,(199,121)0.89:0.09381875521765486)1:3.1930917077124845)1:0.9541916003980877)0.41:0.010879867215876837)1:2.705678524571237,(((81,(40,(43,190)0.64:0.06161293575330803)1:0.24616206723359366)1:3.146571692077588,(113,((103,73)1:3.393762403174639,((52,136)1:0.2111598065130892,(146,14)0.6:0.04567074490180727)1:1.234015203517357)1:0.7227588769530917)1:0.7402596483716561)1:3.3308485777640606,(((120,172)1:4.204692619390971,(194,(198,179)1:1.5301957199173863)1:1.037110088910316)1:1.3566262493964028,(149,((107,171)1:0.5585502577333852,(69,(174,65)1:0.23382911393988648)1:0.38980160531973)1:1.9511541337014937)1:2.0030334449868805)1:0.5827587342958813)1:0.40398600023342485)1:2.3979294080250764)0.48:0.021742812806526863)1:0.8307250610268007)1:0.40299832940971475)1:3.164427926749901)1:0.7714318049502048,(((71,(126,133)1:4.897839799950916)0.91:0.10480787679325011,((28,(168,(44,132)1:0.3981423693648577)1:0.8460548521476067)1:3.013298597271894,((118,77)1:3.254609725819388,(181,(36,(150,(106,(144,116)1:0.5282001745424639)1:0.38166727241016607)0.79:0.07487366897520523)1:2.2955300537208223)1:0.2819346938377629)1:1.0025163049621464)1:3.692255391730631)1:2.349128427130379,(((83,(21,((15,167)0.96:0.11871630683938185,(17,109)1:1.2342781538212648)1:1.7197859696029656)1:2.9519296508955994)1:1.7229034721896903,(147,((58,91)1:2.7983133589397644,((42,45)1:3.5141394740080654,((182,(122,1)1:1.160170181667543)1:1.2607935970411,(27,(30,117)1:0.17054137470396796)1:2.8374896001291927)1:0.4090481959116777)1:0.45727983658494364)1:0.25963576319211307)1:1.8163620469359325)1:0.3480792723620033,(100,(173,(177,(48,(195,127)1:0.5285198165461445)0.94:0.10608473841323189)1:3.1569560013833087)1:0.5025046814184702)1:0.5608428527305231)1:2.585608927844213)1:0.3642371532280107)0.8:0.07073728105350056)1:0.4162436406829111)1:4.7604813839031)1:2.276800975838331)0.42:0.013145729212502729)1:3.106926712491535));
Weight calculation took 2.305565343 secs
ASTRAL finished in 10.396 secs
