
================== ASTRAL ===================== 

This is ASTRAL version 5.7.8
Gene trees are treated as unrooted
50 trees read from Dataset/AstralII_data/model.200.10000000.0.000001/40/estimatedgenetre.halfresolved_50
index0
All output trees will be *arbitrarily* rooted at 67

======== Running the main analysis
Number of taxa: 201 (201 species)
Taxa: [67, 63, 46, 131, 186, 25, 197, 22, 138, 79, 108, 89, 70, 87, 12, 156, 151, 11, 85, 92, 196, 148, 115, 162, 114, 169, 160, 66, 53, 157, 37, 104, 26, 2, 124, 34, 93, 50, 189, 154, 35, 130, 102, 128, 78, 29, 61, 5, 163, 135, 39, 82, 4, 84, 101, 105, 3, 76, 166, 60, 86, 140, 28, 168, 44, 132, 36, 106, 144, 116, 150, 118, 77, 181, 71, 126, 133, 24, 191, 57, 88, 125, 56, 32, 7, 123, 20, 165, 119, 110, 72, 200, 16, 6, 192, 187, 94, 80, 198, 179, 194, 69, 174, 65, 107, 171, 149, 51, 55, 13, 178, 199, 121, 9, 193, 10, 103, 73, 43, 40, 81, 190, 113, 146, 52, 14, 136, 120, 172, 0, 64, 31, 59, 74, 134, 68, 19, 185, 23, 97, 112, 95, 142, 54, 111, 176, 184, 170, 183, 41, 141, 137, 98, 75, 153, 47, 49, 8, 96, 33, 158, 188, 155, 99, 62, 164, 18, 145, 152, 159, 161, 180, 129, 38, 175, 90, 143, 139, 173, 195, 48, 177, 127, 100, 147, 42, 45, 182, 122, 1, 27, 30, 117, 58, 91, 83, 21, 17, 109, 15, 167]
Taxon occupancy: {110=50, 111=50, 112=50, 113=50, 114=50, 115=50, 116=50, 117=50, 118=50, 119=50, 10=50, 11=50, 12=50, 13=50, 14=50, 15=50, 16=50, 17=50, 18=50, 19=50, 120=50, 121=50, 0=50, 122=50, 1=50, 2=50, 123=50, 124=50, 3=50, 4=50, 125=50, 5=50, 126=50, 6=50, 127=50, 128=50, 7=50, 8=50, 129=50, 9=50, 20=50, 21=50, 22=50, 23=50, 24=50, 25=50, 26=50, 27=50, 28=50, 29=50, 130=50, 131=50, 132=50, 133=50, 134=50, 135=50, 136=50, 137=50, 138=50, 139=50, 30=50, 31=50, 32=50, 33=50, 34=50, 35=50, 36=50, 37=50, 38=50, 39=50, 140=50, 141=50, 142=50, 143=50, 144=50, 145=50, 146=50, 147=50, 148=50, 149=50, 40=50, 41=50, 42=50, 43=50, 44=50, 45=50, 46=50, 47=50, 48=50, 49=50, 150=50, 151=50, 152=50, 153=50, 154=50, 155=50, 156=50, 157=50, 158=50, 159=50, 50=50, 51=50, 52=50, 53=50, 54=50, 55=50, 56=50, 57=50, 58=50, 59=50, 160=50, 161=50, 162=50, 163=50, 164=50, 165=50, 166=50, 167=50, 168=50, 169=50, 60=50, 61=50, 62=50, 63=50, 64=50, 65=50, 66=50, 67=50, 68=50, 69=50, 170=50, 171=50, 172=50, 173=50, 174=50, 175=50, 176=50, 177=50, 178=50, 179=50, 70=50, 71=50, 72=50, 73=50, 74=50, 75=50, 76=50, 77=50, 78=50, 79=50, 180=50, 181=50, 182=50, 183=50, 184=50, 185=50, 186=50, 187=50, 188=50, 189=50, 80=50, 81=50, 82=50, 83=50, 84=50, 85=50, 86=50, 87=50, 88=50, 89=50, 190=50, 191=50, 192=50, 193=50, 194=50, 195=50, 196=50, 197=50, 198=50, 199=50, 90=50, 91=50, 92=50, 93=50, 94=50, 95=50, 96=50, 97=50, 98=50, 99=50, 200=50, 100=50, 101=50, 102=50, 103=50, 104=50, 105=50, 106=50, 107=50, 108=50, 109=50}
Number of gene trees: 50
0 trees have missing taxa
Calculating quartet distance matrix (for completion of X)
Species tree distances calculated ...
Building set of clusters (X) from gene trees 
------------------------------
gradient0: 2993
Number of Clusters after addition by distance: 2993
calculating extra bipartitions to be added at level 1 ...
Adding to X using resolutions of greedy consensus ...
Limit for sigma of degrees:5075
polytomy size limit : 4
discarded polytomies:  [3, 3, 3, 3, 3, 3, 3, 3, 3, 3, 3, 3, 3, 4, 4, 4, 4]
Threshold 0.0:
Threshold 0.01:
Threshold 0.02:
Threshold 0.05:
Threshold 0.1:
Threshold 0.2:
polytomy of size 3; rounds with additions with at least 5 support: 0; clusters: 2993
polytomy of size 3; rounds with additions with at least 5 support: 0; clusters: 2993
Threshold 0.3333333333333333:
polytomy of size 4; rounds with additions with at least 5 support: 0; clusters: 2993
polytomy of size 3; rounds with additions with at least 5 support: 0; clusters: 2993
polytomy of size 4; rounds with additions with at least 5 support: 0; clusters: 2993
polytomy of size 3; rounds with additions with at least 5 support: 0; clusters: 2993
polytomy of size 3; rounds with additions with at least 5 support: 0; clusters: 2993
polytomy of size 3; rounds with additions with at least 5 support: 0; clusters: 2993
polytomy of size 3; rounds with additions with at least 5 support: 0; clusters: 2993
polytomy of size 3; rounds with additions with at least 5 support: 0; clusters: 2993
polytomy of size 3; rounds with additions with at least 5 support: 0; clusters: 2993
polytomy of size 4; rounds with additions with at least 5 support: 0; clusters: 2993
polytomy of size 4; rounds with additions with at least 5 support: 0; clusters: 2993
polytomy of size 3; rounds with additions with at least 5 support: 0; clusters: 2993
polytomy of size 3; rounds with additions with at least 5 support: 0; clusters: 2993
polytomy of size 3; rounds with additions with at least 5 support: 0; clusters: 2993
polytomy of size 3; rounds with additions with at least 5 support: 0; clusters: 2993
max k is :0
Number of Clusters after addition by greedy: 2993
gradient0 in heuristiic: 2993
partitions formed in 5.067 secs
Dynamic Programming starting after 5.067 secs
Using tree-based weight calculation.
Using polytree-based weight calculation.
Polytree max score: 3299917500
Polytree building time: 0.228 seconds.
Number of quartet trees in the gene trees: 3299917500
Size of largest cluster: 201
Greedy score: 2717752689
estimationFactor: 1.2142081630003678
Sub-optimal score: 2723551645
Total Number of elements weighted: 4062
Normalized score (portion of input quartet trees satisfied before correcting for multiple individuals): 0.8520754694624941
Optimization score: 2811778753
Optimal tree inferred in 6.904 secs.
(127,(195,(48,(177,(173,(100,(((83,(21,((15,167),(17,109)))),(147,((58,91),((42,45),((182,(122,1)),(27,(30,117))))))),(((126,133),(71,((28,(168,(44,132))),((118,77),(181,(36,(150,(106,(144,116))))))))),((((86,140),((82,(4,((76,(166,60)),(105,(3,(84,101)))))),((78,(29,61)),((5,(163,(135,39))),((102,128),((35,130),(189,154))))))),((((197,22),(138,(79,108))),((186,25),((67,63),(46,131)))),((124,(93,(34,50))),(89,(92,((87,(12,(151,(156,(11,85))))),((70,(26,2)),((196,148),((157,(37,104)),((162,(115,114)),((160,66),(169,53)))))))))))),(((((155,145),(164,(18,(99,62)))),((152,159),((161,180),(139,((90,143),(129,(38,175))))))),(0,((137,((98,75),(153,47))),(((64,((59,134),(31,74))),((112,(54,(95,142))),((19,23),(185,97)))),((49,(68,(8,(96,33)))),((158,188),((170,(184,183)),((41,141),(111,176))))))))),(24,((191,(57,88)),(((20,(125,123)),(32,(56,7))),((((110,72),(165,119)),((187,(94,80)),(200,(6,(16,192))))),((((13,178),(51,55)),((193,10),(121,(199,9)))),(((81,(190,(43,40))),(113,((103,73),(14,(146,(52,136)))))),(((120,172),(194,(198,179))),(149,((107,171),(69,(174,65)))))))))))))))))))));
Final quartet score is: 2811778753
Final normalized quartet score is: 0.8520754694624941
Extended species tree:
(67,(63,((46,131)1:3.5263605246161593,((186,25)1:1.000631880307906,(((197,22)1:1.0696247517948572,(138,(79,108)1:1.2252917321400798)0.78:0.13353139262452274)1:3.238678452164384,(((124,(93,(34,50)0.63:0.09237332013101504)1:1.2750687260096663)1:3.5263605246161593,(89,(92,((87,(12,(151,(156,(11,85)0.94:0.22902833123039865)0.39:0.014890851970728314)1:1.9169226121820613)1:1.7346010553881062)0.91:0.2044201511397867,((70,(26,2)1:2.39789527279837)0.98:0.27968475974988394,((196,148)1:1.0756291366465118,((157,(37,104)0.73:0.12516314295400605)1:2.4277482359480516,((162,(115,114)0.99:0.30748469974796055)1:1.7987959929455921,((160,66)1:1.1289268257932141,(169,53)0.99:0.326548513739499)0.92:0.20631853510530476)1:1.9481197540241033)0.76:0.13339801483172722)1:1.0616992524535531)0.99:0.3499541410988145)1:1.3559988213165373)1:1.668275074389209)0.93:0.21474264804934592)1:2.039954126298011,(((86,140)1:3.5151244513492372,((82,(4,((76,(166,60)1:1.128465251817791)1:1.084013489246957,(105,(3,(84,101)1:1.7346010553881062)1:1.7346010553881062)1:0.7963314167951759)1:1.6937790608678511)1:0.39709685843764786)1:3.417161232651173,((78,(29,61)1:1.7346010553881062)1:3.5263605246161593,((5,(163,(135,39)1:2.14006616349627)1:1.8216124323777365)1:2.1328929993838583,((102,128)1:0.3899748443979762,((35,130)1:2.14006616349627,(189,154)1:0.5306282510621702)1:3.3032169733019505)0.92:0.1989355558951568)0.57:0.09349640537104623)1:0.6123716592283348)1:0.7637903124333147)1:2.087588155854564,((((((155,145)1:1.1514547700424895,(164,(18,(99,62)0.94:0.23033662036196506)1:0.5559460590464603)1:1.4607968884178117)1:2.8305142870870506,((152,159)1:3.5263605246161593,((161,180)1:2.6100697927420056,(139,((90,143)1:1.1289291813088302,(129,(38,175)0.66:0.09237332013101504)1:1.5811795042843644)0.65:0.09253875978727791)1:1.184056636075711)1:2.543569845673219)1:3.520969675981286)1:3.009690767096019,(0,((137,((98,75)1:3.52129722265961,(153,47)1:1.581175801780546)1:1.0287794339314331)1:1.2195655896975608,(((64,((59,134)0.52:0.060624621816434854,(31,74)1:1.2237754316221159)1:3.5263605246161593)1:3.5263605246161593,((112,(54,(95,142)1:1.4462878689993157)0.95:0.23052365861183224)1:3.5263605246161593,((19,23)1:0.6359887667199969,(185,97)0.97:0.249215791623985)1:3.5263605246161593)1:1.9158593478607313)1:1.3452753416753445,((49,(68,(8,(96,33)1:1.2237754316221159)1:3.5263605246161593)1:0.6809173487850283)0.87:0.17198925377651544,((158,188)1:3.5263605246161593,((170,(184,183)1:0.7537718023763802)1:3.120895416507997,((41,141)1:0.34894141342630686,(111,176)1:3.5263605246161593)0.98:0.3008401570292923)1:1.7072020811999908)1:2.195025047777027)0.87:0.17294590628315923)1:0.5137470301096595)1:1.7685026070637884)1:0.6800750989925927)0.75:0.14910063570748258,(24,((191,(57,88)1:2.4277482359480516)1:3.5263605246161593,(((20,(125,123)0.37:0.004615507337525788)1:0.9983097921179324,(32,(56,7)1:1.7346010553881062)1:1.363528827025253)1:2.0760400155332293,((((110,72)1:3.5263605246161593,(165,119)1:1.3330918721902445)1:0.8873031950009027,((187,(94,80)1:1.0414538748281608)1:2.8255111236941244,(200,(6,(16,192)0.91:0.19361503525546223)1:0.7230001437096266)1:1.292768303109067)1:2.4090642251261296)1:0.9141327638813713,((((13,178)1:0.6863029342324038,(51,55)1:2.8332133440562166)0.5:0.04820210181787775,((193,10)1:3.5263605246161593,(121,(199,9)0.55:0.060624621816434854)1:3.120895416507997)1:0.905321700503581)1:2.919811583258518,(((81,(190,(43,40)0.55:0.060940328212111525)0.83:0.17645643734155653)1:3.015534900850171,(113,((103,73)1:2.8332133440562166,(14,(146,(52,136)0.98:0.2682639865946794)0.66:0.0927008668093449)1:1.1284652518177913)1:0.49282110591492345)1:0.974314571990533)1:3.197337112007938,(((120,172)1:2.8332133440562166,(194,(198,179)1:1.5804503755608483)1:1.3291359472799418)1:1.1241682769560148,(149,((107,171)1:0.6002590811034545,(69,(174,65)0.66:0.09237332013101504)0.9:0.20340050844973903)1:1.364905831275491)1:1.3071570405611665)1:0.674040703196159)0.98:0.2930440155931662)1:2.830073624051549)0.71:0.11353235732305572)1:0.7365986796192253)0.99:0.30915835904247685)1:2.5708259936976647)1:0.9185093398035105,(((126,133)1:3.5263605246161593,(71,((28,(168,(44,132)1:0.5819215454497209)1:0.9236708391717778)1:2.8332133440562166,((118,77)1:2.4277482359480516,(181,(36,(150,(106,(144,116)1:0.5819215454497209)0.98:0.2877816096041053)0.84:0.1590646946296874)1:1.868620967807395)0.99:0.3400078914535208)1:0.9083566041987353)1:3.5263605246161593)0.41:0.029852963149681274)1:2.37846673055864,(((83,(21,((15,167)0.61:0.07637297878457397,(17,109)1:1.5114575040738965)1:1.5804503755608483)1:3.5263605246161593)1:2.1630556817209707,(147,((58,91)1:1.9938941245772017,((42,45)1:2.4312084470129474,((182,(122,1)1:1.0414538748281608)1:1.446278162664477,(27,(30,117)0.42:0.030312205408039427)1:2.272133427015904)0.97:0.2630629744233143)1:0.4889479862178281)0.84:0.16758546702638577)1:1.4715402665489294)0.94:0.21569387613931323,(100,(173,(177,(48,(195,127)1:0.8176371494730467)0.81:0.14179820345853816)1:2.8306655719774185)1:0.5262787495140767)1:0.5509591077345658)1:2.486338459572199)1:0.6082064267495181)0.76:0.1265105232069297)0.95:0.24379836015912731)1:3.5263605246161593)1:3.120895416507997)0.61:0.07637297878457397)1:2.4277482359480516));
Weight calculation took 0.983638819 secs
ASTRAL finished in 8.765 secs
