
================== ASTRAL ===================== 

This is ASTRAL version 5.7.8
Gene trees are treated as unrooted
1000 trees read from Dataset/AstralII_data/model.200.500000.0.000001/13/estimatedgenetre.halfresolved
index0
All output trees will be *arbitrarily* rooted at 108

======== Running the main analysis
Number of taxa: 201 (201 species)
Taxa: [108, 193, 57, 113, 60, 134, 23, 36, 21, 155, 112, 133, 137, 66, 91, 33, 199, 87, 138, 156, 136, 79, 8, 107, 2, 111, 187, 191, 90, 131, 147, 44, 10, 144, 16, 132, 53, 180, 39, 84, 88, 80, 7, 56, 85, 100, 168, 175, 99, 178, 198, 78, 15, 74, 140, 55, 177, 167, 12, 32, 169, 20, 51, 27, 170, 41, 102, 63, 64, 30, 37, 154, 70, 38, 148, 101, 9, 82, 48, 146, 135, 118, 104, 183, 54, 182, 0, 171, 142, 62, 3, 18, 164, 186, 128, 153, 98, 95, 52, 190, 150, 68, 173, 61, 43, 165, 19, 93, 188, 117, 75, 103, 195, 116, 179, 24, 149, 14, 40, 5, 110, 192, 143, 65, 26, 50, 47, 176, 162, 141, 81, 121, 4, 158, 89, 106, 151, 172, 129, 185, 46, 124, 17, 58, 45, 174, 11, 127, 77, 59, 181, 145, 159, 126, 97, 189, 200, 76, 194, 1, 130, 160, 6, 83, 125, 119, 49, 13, 35, 22, 120, 105, 67, 157, 71, 196, 69, 122, 29, 31, 114, 161, 92, 197, 139, 25, 166, 163, 109, 115, 34, 152, 86, 42, 96, 184, 72, 73, 28, 94, 123]
Taxon occupancy: {110=1000, 111=1000, 112=1000, 113=1000, 114=1000, 115=1000, 116=1000, 117=1000, 118=1000, 119=1000, 10=1000, 11=1000, 12=1000, 13=1000, 14=1000, 15=1000, 16=1000, 17=1000, 18=1000, 19=1000, 120=1000, 0=1000, 121=1000, 1=1000, 122=1000, 2=1000, 123=1000, 3=1000, 124=1000, 4=1000, 125=1000, 5=1000, 126=1000, 127=1000, 6=1000, 7=1000, 128=1000, 8=1000, 129=1000, 9=1000, 20=1000, 21=1000, 22=1000, 23=1000, 24=1000, 25=1000, 26=1000, 27=1000, 28=1000, 29=1000, 130=1000, 131=1000, 132=1000, 133=1000, 134=1000, 135=1000, 136=1000, 137=1000, 138=1000, 139=1000, 30=1000, 31=1000, 32=1000, 33=1000, 34=1000, 35=1000, 36=1000, 37=1000, 38=1000, 39=1000, 140=1000, 141=1000, 142=1000, 143=1000, 144=1000, 145=1000, 146=1000, 147=1000, 148=1000, 149=1000, 40=1000, 41=1000, 42=1000, 43=1000, 44=1000, 45=1000, 46=1000, 47=1000, 48=1000, 49=1000, 150=1000, 151=1000, 152=1000, 153=1000, 154=1000, 155=1000, 156=1000, 157=1000, 158=1000, 159=1000, 50=1000, 51=1000, 52=1000, 53=1000, 54=1000, 55=1000, 56=1000, 57=1000, 58=1000, 59=1000, 160=1000, 161=1000, 162=1000, 163=1000, 164=1000, 165=1000, 166=1000, 167=1000, 168=1000, 169=1000, 60=1000, 61=1000, 62=1000, 63=1000, 64=1000, 65=1000, 66=1000, 67=1000, 68=1000, 69=1000, 170=1000, 171=1000, 172=1000, 173=1000, 174=1000, 175=1000, 176=1000, 177=1000, 178=1000, 179=1000, 70=1000, 71=1000, 72=1000, 73=1000, 74=1000, 75=1000, 76=1000, 77=1000, 78=1000, 79=1000, 180=1000, 181=1000, 182=1000, 183=1000, 184=1000, 185=1000, 186=1000, 187=1000, 188=1000, 189=1000, 80=1000, 81=1000, 82=1000, 83=1000, 84=1000, 85=1000, 86=1000, 87=1000, 88=1000, 89=1000, 190=1000, 191=1000, 192=1000, 193=1000, 194=1000, 195=1000, 196=1000, 197=1000, 198=1000, 199=1000, 90=1000, 91=1000, 92=1000, 93=1000, 94=1000, 95=1000, 96=1000, 97=1000, 98=1000, 99=1000, 200=1000, 100=1000, 101=1000, 102=1000, 103=1000, 104=1000, 105=1000, 106=1000, 107=1000, 108=1000, 109=1000}
Number of gene trees: 1000
0 trees have missing taxa
Calculating quartet distance matrix (for completion of X)
Species tree distances calculated ...
Building set of clusters (X) from gene trees 
------------------------------
gradient0: 158393
Number of Clusters after addition by distance: 158393
calculating extra bipartitions to be added at level 1 ...
Adding to X using resolutions of greedy consensus ...
Limit for sigma of degrees:5075
polytomy size limit : 60
discarded polytomies: 89 132  [3, 3, 3, 3, 3, 3, 3, 3, 4, 4, 4, 4, 4, 4, 5, 5, 5, 5, 5, 5, 12, 28, 32, 37, 60, 89, 132]
Threshold 0.0:
polytomy of size 12; rounds with additions with at least 5 support: 11; clusters: 158971
Threshold 0.01:
polytomy of size 4; rounds with additions with at least 5 support: 0; clusters: 158971
polytomy of size 28; rounds with additions with at least 5 support: 6; clusters: 163209
Threshold 0.02:
polytomy of size 3; rounds with additions with at least 5 support: 0; clusters: 163209
polytomy of size 5; rounds with additions with at least 5 support: 0; clusters: 163209
polytomy of size 3; rounds with additions with at least 5 support: 0; clusters: 163209
polytomy of size 32; rounds with additions with at least 5 support: 2; clusters: 167007
Threshold 0.05:
polytomy of size 5; rounds with additions with at least 5 support: 0; clusters: 167007
polytomy of size 4; rounds with additions with at least 5 support: 0; clusters: 167007
polytomy of size 5; rounds with additions with at least 5 support: 0; clusters: 167007
polytomy of size 4; rounds with additions with at least 5 support: 0; clusters: 167007
polytomy of size 37; rounds with additions with at least 5 support: 1; clusters: 167067
Threshold 0.1:
polytomy of size 5; rounds with additions with at least 5 support: 0; clusters: 167067
polytomy of size 3; rounds with additions with at least 5 support: 0; clusters: 167067
polytomy of size 5; rounds with additions with at least 5 support: 0; clusters: 167067
polytomy of size 60; rounds with additions with at least 5 support: 0; clusters: 167153
Threshold 0.2:
polytomy of size 3; rounds with additions with at least 5 support: 0; clusters: 167153
polytomy of size 5; rounds with additions with at least 5 support: 0; clusters: 167153
polytomy of size 3; rounds with additions with at least 5 support: 0; clusters: 167153
polytomy of size 89; rounds with additions with at least 5 support: 0; clusters: 167217
Threshold 0.3333333333333333:
polytomy of size 4; rounds with additions with at least 5 support: 0; clusters: 167217
polytomy of size 3; rounds with additions with at least 5 support: 0; clusters: 167217
polytomy of size 3; rounds with additions with at least 5 support: 0; clusters: 167217
polytomy of size 3; rounds with additions with at least 5 support: 0; clusters: 167217
polytomy of size 4; rounds with additions with at least 5 support: 0; clusters: 167217
polytomy of size 4; rounds with additions with at least 5 support: 0; clusters: 167217
polytomy of size 132; rounds with additions with at least 5 support: 0; clusters: 167267
max k is :22
Number of Clusters after addition by greedy: 167267
gradient0 in heuristiic: 167267
partitions formed in 231.85 secs
Dynamic Programming starting after 231.85 secs
Using tree-based weight calculation.
Using polytree-based weight calculation.
Polytree max score: 65995813521
Polytree building time: 3.928 seconds.
Number of quartet trees in the gene trees: 65995813521
Size of largest cluster: 201
Greedy score: 29036536745
estimationFactor: 2.2728541664792123
Sub-optimal score: 32889447882
Calculated 100000 weights; time (seconds): 671
Calculated 200000 weights; time (seconds): 444
Calculated 300000 weights; time (seconds): 441
Calculated 400000 weights; time (seconds): 460
Calculated 500000 weights; time (seconds): 463
Total Number of elements weighted: 567626
Normalized score (portion of input quartet trees satisfied before correcting for multiple individuals): 0.5079195978595474
Optimization score: 33520567064
Optimal tree inferred in 2798.813 secs.
(89,(106,(158,(((121,46),(81,4)),(((185,17),(124,(129,(58,45)))),((((63,62),(64,(171,142))),(((133,(136,(79,8))),(66,(137,(20,51)))),((146,(41,102)),(0,(((163,(135,118)),((184,72),(73,(161,((92,197),(31,((13,28),(114,(139,25))))))))),((((35,22),(69,(120,(94,(122,123))))),((49,(119,(134,23))),((155,(112,(36,21))),((108,193),(60,(57,113)))))),((76,(166,(3,((1,(59,181)),(159,((145,194),(126,(97,(189,200))))))))),(((115,(109,34)),(157,((33,71),(199,105)))),(((196,29),(67,(27,170))),(101,((148,(42,96)),(152,((82,(9,86)),(30,(37,(154,(70,38))))))))))))))))),(((130,(176,162)),((141,(14,(24,149))),((125,(6,(160,83))),((75,((116,179),(103,(195,77)))),((174,(54,182)),((183,(11,127)),(104,(151,172)))))))),((188,117),((((40,5),(187,191)),(((84,(48,(173,61))),(47,(87,(65,(91,169))))),((88,(12,32)),((50,(110,(192,143))),(156,(26,(138,167))))))),((43,((164,(18,98)),((150,(190,68)),((95,52),(186,(128,153)))))),((80,((56,168),(100,(85,175)))),(((107,(90,(131,147))),((2,111),(93,(165,19)))),((7,78),(((39,15),(180,74)),((16,(132,99)),((53,(178,198)),(140,((10,144),(44,(55,177))))))))))))))))))));
Final quartet score is: 33520567064
Final normalized quartet score is: 0.5079195978595474
Extended species tree:
(108,(193,((60,(57,113)1:0.40949613191109896)1:0.27695687190013213,((155,(112,(36,21)1:0.7190253207396997)1:0.2131123748817585)1:0.43547029805278953,((49,(119,(134,23)1:0.10807361826508781)1:1.054755460526752)0.84:0.03525191414203253,(((35,22)1:1.6308110793639323,(69,(120,(94,(122,123)1:0.47645871325431255)1:1.0768318965305959)1:0.08821096733789056)1:0.14545857165726717)1:0.3748039581883969,(((76,(166,(3,((1,(59,181)1:0.25875081478691286)1:0.07242532109615024,(159,((145,194)1:0.368279513985801,(126,(97,(189,200)0.79:0.03169919325342291)1:1.1347365350040244)0.93:0.04557196070398578)0.98:0.057601407349368555)0.88:0.03874279834894337)1:0.21848085694378602)1:0.2323612525516796)0.99:0.06506385924182562)1:0.2026261137875766,(((115,(109,34)1:0.6681775243596954)1:0.7969927500193245,(157,((33,71)1:0.20485287749810652,(199,105)1:0.08195256619983934)1:0.4656247172800522)1:0.46498811453932526)1:0.6432072356325164,(((196,29)1:1.023702324385439,(67,(27,170)1:0.1735266215073433)1:0.8393716391738482)1:0.18376804217771636,(101,((148,(42,96)1:0.2399491303390192)1:0.45103674306875563,(152,((82,(9,86)1:0.3554489036139688)1:0.09045911514545822,(30,(37,(154,(70,38)0.58:0.02349372921885683)1:0.2179291598227)1:0.4784215100367093)1:0.3458052300609871)0.98:0.057660256934172864)1:0.5494339085689451)0.54:0.01685294716264859)1:0.19021938614508646)0.99:0.06762904409503825)0.98:0.05819626509949338)0.44:0.007576477516415065,(((163,(135,118)1:0.9379375343225895)1:0.5610719617483998,((184,72)1:0.7726069157178928,(73,(161,((92,197)1:1.14138062364099,(31,((13,28)1:0.43230845742960844,(114,(139,25)1:0.5454191786898172)1:0.12844522087614224)1:0.3975632364571683)1:0.2414783728508209)0.69:0.026518868690580993)1:0.13281679321673903)1:0.09307595056319518)1:0.43678651765489496)1:0.09247041844179885,(0,((146,(41,102)1:1.126352520282751)1:0.239993806091019,(((133,(136,(79,8)1:0.2556525111562067)1:0.8491708575516927)1:0.07994517244370945,(66,(137,(20,51)1:0.18023467259396495)1:0.6555792882311328)1:0.2502978883801479)1:0.8980737490822492,(((63,62)1:1.3912152813418148,(64,(171,142)1:1.240677990643722)1:0.4339495686484639)0.95:0.04850082666238482,((((130,(176,162)1:1.0500811938206547)1:0.75342496453565,((141,(14,(24,149)0.61:0.021001559608648242)1:0.6458701101578473)1:0.44157775800813676,((125,(6,(160,83)0.52:0.01302801226832286)1:0.07679916646243927)1:1.4992081628572496,((75,((116,179)1:0.4795419659579974,(103,(195,77)1:0.07767917054192422)1:0.09103749470169219)1:0.5702127999594176)0.99:0.06672490938773697,((174,(54,182)1:0.832362434066032)0.52:0.013153229826649506,((183,(11,127)1:1.442437831328577)0.99:0.06644671693268511,(104,(151,172)1:0.20124268931367228)1:0.17744244754294983)1:0.20448767103813728)1:0.07419876885767383)1:0.09374583937065249)0.49:0.010901199574448926)1:0.10245218947353862)1:0.11926847175152236,((188,117)1:0.12950514552454223,((((40,5)1:0.4735016798295624,(187,191)1:1.2474480558983367)1:0.2575405966881785,(((84,(48,(173,61)1:0.26380654686076505)1:0.208163000381978)1:1.0198725596045262,(47,(87,(65,(91,169)1:0.1203889392008511)1:0.2666270785454965)0.97:0.057991061347039734)0.96:0.05102871836053117)0.98:0.05887796629881299,((88,(12,32)1:0.537024200852556)0.9:0.04158840214144281,((50,(110,(192,143)1:0.627992571937424)1:0.32879465329803204)1:0.18118335874880523,(156,(26,(138,167)1:0.6488974792117161)1:0.1165519949041379)1:0.18043102030441474)1:0.4071068547140633)1:0.10736068039665259)1:0.11959749506707648)1:0.07365158863257869,((43,((164,(18,98)0.96:0.050566742991235376)1:0.1592357848265271,((150,(190,68)0.99:0.06579741674714655)1:0.5687941373173044,((95,52)1:0.2110290993492021,(186,(128,153)1:0.1533703708890453)1:0.45068486240571765)0.77:0.029375560220860946)0.89:0.04008027448399216)1:0.7186426396478505)1:0.3897637557134129,((80,((56,168)1:0.10638326410696755,(100,(85,175)1:0.07106482168887121)1:0.9132321391639866)1:0.40687868567153784)1:0.2604670907516684,(((107,(90,(131,147)1:0.5618515431938834)1:0.28419924764347726)1:0.16870760879513683,((2,111)1:0.7727710340102909,(93,(165,19)1:0.29203065287120206)1:0.12310644487355642)1:0.5589162592698883)1:0.17360412902425565,((7,78)1:0.1313963330525912,(((39,15)1:0.2298577675717661,(180,74)1:0.451109261385391)1:0.48366079201284645,((16,(132,99)1:0.18348813497073074)1:0.26668447404746787,((53,(178,198)0.94:0.0468430521812112)1:0.5281731643950603,(140,((10,144)1:0.28554452675115194,(44,(55,177)0.99:0.066083031057735)1:0.1541950092561545)1:0.14241123130495778)1:0.2918228104027843)0.98:0.05880780547725011)0.57:0.016880341657683838)0.59:0.01896644099377665)1:0.5528346069265618)1:0.26353796690233017)0.48:0.01578971671571444)1:0.08027231990165694)1:0.0845060103755096)1:0.10891955441148936)0.98:0.05750959276256243,(((185,17)0.96:0.05069848605815137,(124,(129,(58,45)1:0.3511007754671307)1:0.07926840142145496)0.72:0.03165855196717124)1:0.08235580057121285,(((121,46)1:0.5141759829546511,(81,4)1:0.09879340415540488)1:0.5205230260294488,(158,(106,89)1:0.16415127709527644)1:0.7519777911690552)0.78:0.030354894551755808)1:0.8944435702624067)0.83:0.034119123179975015)0.61:0.019204799376524286)0.37:0.0021474899800254456)0.35:9.001238387755252E-4)0.57:0.01693513297702367)0.57:0.015838758700263533)0.99:0.061239846947148034)1:0.1417612867441972)1:0.47070541876331345)1:0.46193690541603977)1:0.27790626822502373));
Weight calculation took 2430.132697168 secs
ASTRAL finished in 2809.093 secs
