
================== ASTRAL ===================== 

This is ASTRAL version 5.7.8
Gene trees are treated as unrooted
50 trees read from Dataset/AstralII_data/model.200.500000.0.000001/13/estimatedgenetre.halfresolved_50
index0
All output trees will be *arbitrarily* rooted at 108

======== Running the main analysis
Number of taxa: 201 (201 species)
Taxa: [108, 193, 57, 113, 60, 134, 23, 36, 21, 155, 112, 133, 137, 66, 91, 33, 199, 87, 138, 156, 136, 79, 8, 107, 2, 111, 187, 191, 90, 131, 147, 44, 10, 144, 16, 132, 53, 180, 39, 84, 88, 80, 7, 56, 85, 100, 168, 175, 99, 178, 198, 78, 15, 74, 140, 55, 177, 167, 12, 32, 169, 20, 51, 27, 170, 41, 102, 63, 64, 30, 37, 154, 70, 38, 148, 101, 9, 82, 48, 146, 135, 118, 104, 183, 54, 182, 0, 171, 142, 62, 3, 18, 164, 186, 128, 153, 98, 95, 52, 190, 150, 68, 173, 61, 43, 165, 19, 93, 188, 117, 75, 103, 195, 116, 179, 24, 149, 14, 40, 5, 110, 192, 143, 65, 26, 50, 47, 176, 162, 141, 81, 121, 4, 158, 89, 106, 151, 172, 129, 185, 46, 124, 17, 58, 45, 174, 11, 127, 77, 59, 181, 145, 159, 126, 97, 189, 200, 76, 194, 1, 130, 160, 6, 83, 125, 119, 49, 13, 35, 22, 120, 105, 67, 157, 71, 196, 69, 122, 29, 31, 114, 161, 92, 197, 139, 25, 166, 163, 109, 115, 34, 152, 86, 42, 96, 184, 72, 73, 28, 94, 123]
Taxon occupancy: {110=50, 111=50, 112=50, 113=50, 114=50, 115=50, 116=50, 117=50, 118=50, 119=50, 10=50, 11=50, 12=50, 13=50, 14=50, 15=50, 16=50, 17=50, 18=50, 19=50, 120=50, 0=50, 121=50, 1=50, 122=50, 2=50, 123=50, 3=50, 124=50, 4=50, 125=50, 5=50, 126=50, 127=50, 6=50, 7=50, 128=50, 8=50, 129=50, 9=50, 20=50, 21=50, 22=50, 23=50, 24=50, 25=50, 26=50, 27=50, 28=50, 29=50, 130=50, 131=50, 132=50, 133=50, 134=50, 135=50, 136=50, 137=50, 138=50, 139=50, 30=50, 31=50, 32=50, 33=50, 34=50, 35=50, 36=50, 37=50, 38=50, 39=50, 140=50, 141=50, 142=50, 143=50, 144=50, 145=50, 146=50, 147=50, 148=50, 149=50, 40=50, 41=50, 42=50, 43=50, 44=50, 45=50, 46=50, 47=50, 48=50, 49=50, 150=50, 151=50, 152=50, 153=50, 154=50, 155=50, 156=50, 157=50, 158=50, 159=50, 50=50, 51=50, 52=50, 53=50, 54=50, 55=50, 56=50, 57=50, 58=50, 59=50, 160=50, 161=50, 162=50, 163=50, 164=50, 165=50, 166=50, 167=50, 168=50, 169=50, 60=50, 61=50, 62=50, 63=50, 64=50, 65=50, 66=50, 67=50, 68=50, 69=50, 170=50, 171=50, 172=50, 173=50, 174=50, 175=50, 176=50, 177=50, 178=50, 179=50, 70=50, 71=50, 72=50, 73=50, 74=50, 75=50, 76=50, 77=50, 78=50, 79=50, 180=50, 181=50, 182=50, 183=50, 184=50, 185=50, 186=50, 187=50, 188=50, 189=50, 80=50, 81=50, 82=50, 83=50, 84=50, 85=50, 86=50, 87=50, 88=50, 89=50, 190=50, 191=50, 192=50, 193=50, 194=50, 195=50, 196=50, 197=50, 198=50, 199=50, 90=50, 91=50, 92=50, 93=50, 94=50, 95=50, 96=50, 97=50, 98=50, 99=50, 200=50, 100=50, 101=50, 102=50, 103=50, 104=50, 105=50, 106=50, 107=50, 108=50, 109=50}
Number of gene trees: 50
0 trees have missing taxa
Calculating quartet distance matrix (for completion of X)
Species tree distances calculated ...
Building set of clusters (X) from gene trees 
------------------------------
gradient0: 12017
Number of Clusters after addition by distance: 12017
calculating extra bipartitions to be added at level 1 ...
Adding to X using resolutions of greedy consensus ...
Limit for sigma of degrees:5075
polytomy size limit : 50
discarded polytomies: 89 126  [3, 3, 3, 3, 3, 3, 3, 3, 3, 3, 3, 4, 5, 5, 5, 5, 23, 23, 23, 41, 50, 89, 126]
Threshold 0.0:
polytomy of size 3; rounds with additions with at least 5 support: 1; clusters: 12023
polytomy of size 23; rounds with additions with at least 5 support: 5; clusters: 18759
Threshold 0.01:
polytomy of size 3; rounds with additions with at least 5 support: 0; clusters: 18759
polytomy of size 23; rounds with additions with at least 5 support: 0; clusters: 23751
Threshold 0.02:
polytomy of size 3; rounds with additions with at least 5 support: 0; clusters: 23751
polytomy of size 23; rounds with additions with at least 5 support: 0; clusters: 28153
Threshold 0.05:
polytomy of size 3; rounds with additions with at least 5 support: 1; clusters: 28157
polytomy of size 3; rounds with additions with at least 5 support: 2; clusters: 28161
polytomy of size 3; rounds with additions with at least 5 support: 1; clusters: 28163
polytomy of size 41; rounds with additions with at least 5 support: 7; clusters: 28987
Threshold 0.1:
polytomy of size 5; rounds with additions with at least 5 support: 1; clusters: 29003
polytomy of size 3; rounds with additions with at least 5 support: 0; clusters: 29003
polytomy of size 5; rounds with additions with at least 5 support: 2; clusters: 29015
polytomy of size 3; rounds with additions with at least 5 support: 0; clusters: 29015
polytomy of size 5; rounds with additions with at least 5 support: 1; clusters: 29017
polytomy of size 50; rounds with additions with at least 5 support: 0; clusters: 29353
Threshold 0.2:
polytomy of size 5; rounds with additions with at least 5 support: 0; clusters: 29355
polytomy of size 3; rounds with additions with at least 5 support: 0; clusters: 29355
polytomy of size 3; rounds with additions with at least 5 support: 0; clusters: 29355
polytomy of size 89; rounds with additions with at least 5 support: 0; clusters: 29685
Threshold 0.3333333333333333:
polytomy of size 4; rounds with additions with at least 5 support: 0; clusters: 29685
polytomy of size 3; rounds with additions with at least 5 support: 0; clusters: 29685
polytomy of size 126; rounds with additions with at least 5 support: 0; clusters: 29857
max k is :14
Number of Clusters after addition by greedy: 29857
gradient0 in heuristiic: 29857
partitions formed in 24.305 secs
Dynamic Programming starting after 24.305 secs
Using tree-based weight calculation.
Using polytree-based weight calculation.
Polytree max score: 3299917500
Polytree building time: 0.138 seconds.
Number of quartet trees in the gene trees: 3299917500
Size of largest cluster: 201
Greedy score: 1371500725
estimationFactor: 2.4060632560001016
Sub-optimal score: 1553055883
Calculated 100000 weights; time (seconds): 55
Total Number of elements weighted: 137203
Normalized score (portion of input quartet trees satisfied before correcting for multiple individuals): 0.5066161141907336
Optimization score: 1671791381
Optimal tree inferred in 66.687 secs.
(92,(197,(161,((31,((13,28),(114,(139,25)))),(73,((184,72),((163,(135,118)),(((115,(109,34)),(157,(105,(199,(33,71))))),(((((196,29),(67,(27,170))),(101,((148,(42,96)),(152,(82,((9,86),(30,(37,(70,(154,38)))))))))),(((35,22),(120,(69,(94,(122,123))))),((49,(119,(134,23))),((155,(112,(36,21))),((108,193),(60,(57,113))))))),(((0,((146,(41,102)),((133,(136,(79,8))),(66,(137,(20,51)))))),((76,166),(3,((1,(59,181)),(159,((145,194),(126,(97,(189,200))))))))),(((63,62),(64,(171,142))),(((185,(129,((124,17),(58,45)))),((158,(89,106)),(81,(4,(121,46))))),(((130,(176,162)),((141,(14,(24,149))),((160,(125,(6,83))),((75,((116,179),(103,(195,77)))),(174,((54,182),((183,(11,127)),(104,(151,172))))))))),((188,117),((((187,191),(40,5)),(((84,(48,(173,61))),(47,(87,(65,(91,169))))),((12,32),(88,((50,(110,(192,143))),(156,(26,(138,167)))))))),((43,((18,(164,98)),((95,52),((150,(190,68)),(186,(128,153)))))),((80,((56,168),(100,(85,175)))),(((107,(90,(131,147))),((2,111),(93,(165,19)))),(((53,(178,198)),(140,((10,144),(44,(55,177))))),((7,78),((16,(132,99)),((39,15),(180,74)))))))))))))))))))))));
Final quartet score is: 1671791381
Final normalized quartet score is: 0.5066161141907336
Extended species tree:
(108,(193,((60,(57,113)1:0.6407701005370752)0.98:0.3003165747009014,((155,(112,(36,21)1:0.580858846093599)0.83:0.15792758538842183)1:0.6138589052118942,((49,(119,(134,23)0.98:0.2815610147381691)1:0.6400862645051728)0.73:0.11750929340255753,(((35,22)1:1.4719724853818756,(120,(69,(94,(122,123)0.99:0.3076867403588104)1:1.0130950102680936)0.65:0.11360883659052755)0.84:0.15613617498779894)0.99:0.3361570441806223,((((196,29)1:1.113579685777892,(67,(27,170)0.95:0.23145937497092628)1:0.680769123779198)0.96:0.24678392426525864,(101,((148,(42,96)0.98:0.2746948769249698)1:0.37048648340041124,(152,(82,((9,86)1:0.4558172860069614,(30,(37,(70,(154,38)0.42:0.030312205408039427)1:0.347355370270672)0.98:0.28076990881521807)1:0.5437944431348266)0.72:0.11637629927118602)0.61:0.09184542569764031)1:0.43620029451753645)0.43:0.024357904091046028)0.85:0.16476206969753393)0.72:0.11129700545962422,((((0,((146,(41,102)1:1.2127255954355303)0.95:0.2286491981873861,((133,(136,(79,8)0.88:0.19343477387597435)1:0.5845967744395661)0.4:0.012317755599309019,(66,(137,(20,51)0.93:0.20832518882268322)1:0.6279836681472436)1:0.4092821980164817)1:0.7518069029159522)0.36:9.601038687570237E-4)0.39:0.010193035409179135,((76,166)0.79:0.1366570565234005,(3,((1,(59,181)0.77:0.12701671160332895)0.75:0.12027607646663523,(159,((145,194)0.98:0.28572320796644796,(126,(97,(189,200)0.5:0.060624621816434854)1:1.2255536614822855)0.61:0.07860039318949423)0.7:0.10471218466636721)0.41:0.01864274175933337)0.99:0.2962101511427556)0.71:0.11429160182868173)0.98:0.2759136278312931)0.44:0.026059840390930605,(((63,62)1:1.185405420349147,(64,(171,142)1:1.0897391159876235)0.88:0.17784479773206618)0.7:0.10309978810514665,(((185,(129,((124,17)0.63:0.11130028704561054,(58,45)1:0.7268531191165698)0.46:0.0339972842042446)0.52:0.06955864236484378)0.87:0.17151479335461958,((158,(89,106)0.76:0.12566832104002115)1:0.8105654783143599,(81,(4,(121,46)1:0.5829853753372859)0.86:0.19370289014121103)1:0.46196380310704366)0.62:0.08679332513982821)1:0.5294616528370589,(((130,(176,162)1:1.1335285537743378)1:0.9190255605483022,((141,(14,(24,149)0.73:0.1263422890520533)1:0.5459738207368307)1:0.5482877005557798,((160,(125,(6,83)0.65:0.0925362529215997)0.4:0.014663570633335725)1:1.0906501043369488,((75,((116,179)1:0.4022440109001228,(103,(195,77)0.61:0.08830860434845335)0.5:0.04755668152455362)1:0.6182458723868278)0.58:0.06959921171511074,(174,((54,182)1:0.739144843856317,((183,(11,127)1:1.0946096148784523)0.77:0.12964611092898387,(104,(151,172)0.8:0.1421414794884238)0.74:0.11987798871995227)0.95:0.2348293818238083)0.51:0.0488935702509507)0.43:0.04089721784984542)0.59:0.07308523920964445)0.74:0.12150178276011495)0.56:0.06421580551228792)0.56:0.06207981319810625,((188,117)0.91:0.19332024339356157,((((187,191)1:1.0431473553344934,(40,5)1:0.792916376296347)0.98:0.2754825024935057,(((84,(48,(173,61)1:0.39086630868701183)0.98:0.2711968267065058)1:0.9804752851646475,(47,(87,(65,(91,169)0.51:0.11561293214218682)0.91:0.19733364660316086)0.58:0.09144112364424041)0.46:0.04646348420294576)0.47:0.041701644355055266,((12,32)1:0.7123184282708024,(88,((50,(110,(192,143)1:0.5364532643669593)0.98:0.2831140406752356)0.54:0.06382760860064778,(156,(26,(138,167)1:0.6264941408002184)0.59:0.0725931681000044)1:0.34597062247680876)0.99:0.3074326177709171)0.45:0.038271473421425645)0.53:0.0548129410050374)0.87:0.17227171944506364)0.5:0.050523961708386585,((43,((18,(164,98)0.88:0.18357010774541221)0.69:0.1015943965813103,((95,52)0.98:0.28268256874364356,((150,(190,68)0.98:0.26671119125161846)1:0.6310153994529389,(186,(128,153)0.79:0.16063332240231407)1:0.4294688554565854)0.46:0.03435532902946625)0.4:0.012827013559754425)1:0.7153998968213964)0.99:0.29964169335956353,((80,((56,168)0.89:0.1834025730544133,(100,(85,175)0.64:0.09335131531899186)1:0.7209922659789079)0.93:0.20622488818851328)0.97:0.26287559965884305,(((107,(90,(131,147)1:0.6148885946799104)0.99:0.309517220772883)0.91:0.19652737548367363,((2,111)1:0.8876676929090752,(93,(165,19)1:0.4355476660240935)0.99:0.3213042410448774)1:0.48176575154603984)0.69:0.10600294352486261,(((53,(178,198)0.53:0.0820004556503023)1:0.4883073804181792,(140,((10,144)1:0.43919074281620024,(44,(55,177)0.55:0.06015124902653009)0.96:0.2450370108366951)0.88:0.1769363845565767)0.98:0.2819523314500483)0.37:0.0036795113239965808,((7,78)0.86:0.18058986376288433,((16,(132,99)0.95:0.23164662335645625)0.94:0.2241010289553649,((39,15)0.8:0.14033690608241436,(180,74)1:0.5048219837133789)1:0.4424702665007681)0.46:0.032592402224573706)0.43:0.022027322318290705)1:0.519205790449407)0.92:0.20413436010732555)0.58:0.0688990022797302)0.41:0.02260566063546655)0.64:0.08673912098824783)0.68:0.09698806008423577)0.42:0.02172706020629634)0.42:0.018387661438782805)0.46:0.034830293630343574)0.36:3.1332197666764127E-4,(((115,(109,34)1:0.8274428070772241)1:0.9740858114009474,(157,(105,(199,(33,71)0.92:0.19885680053346538)0.48:0.039435725815966535)1:0.49234007619826564)1:0.47450424269336366)1:0.5143150957574758,((163,(135,118)1:0.8655360554801804)1:0.4475813755594605,((184,72)1:0.9333590056863768,(73,((31,((13,28)1:0.5173662414239821,(114,(139,25)1:0.4072492299016658)0.64:0.08626135820400214)1:0.46408852853629845)0.82:0.169959556661062,(161,(197,92)1:1.0469402781237889)0.5:0.04960429756944362)0.76:0.12576444838678183)0.51:0.06205863011468022)1:0.5157043265870606)0.44:0.025899711439467298)0.51:0.04967130884234923)0.44:0.02730320193711814)0.44:0.0255487841983542)0.66:0.09152571357893646)1:0.41672388612574507)1:0.4026351700842992)1:0.48532650968963226));
Weight calculation took 36.526074295 secs
ASTRAL finished in 68.236 secs
