
================== ASTRAL ===================== 

This is ASTRAL version 5.7.8
Gene trees are treated as unrooted
200 trees read from Dataset/AstralII_data/model.200.500000.0.000001/13/estimatedgenetre.halfresolved_200
index0
All output trees will be *arbitrarily* rooted at 108

======== Running the main analysis
Number of taxa: 201 (201 species)
Taxa: [108, 193, 57, 113, 60, 134, 23, 36, 21, 155, 112, 133, 137, 66, 91, 33, 199, 87, 138, 156, 136, 79, 8, 107, 2, 111, 187, 191, 90, 131, 147, 44, 10, 144, 16, 132, 53, 180, 39, 84, 88, 80, 7, 56, 85, 100, 168, 175, 99, 178, 198, 78, 15, 74, 140, 55, 177, 167, 12, 32, 169, 20, 51, 27, 170, 41, 102, 63, 64, 30, 37, 154, 70, 38, 148, 101, 9, 82, 48, 146, 135, 118, 104, 183, 54, 182, 0, 171, 142, 62, 3, 18, 164, 186, 128, 153, 98, 95, 52, 190, 150, 68, 173, 61, 43, 165, 19, 93, 188, 117, 75, 103, 195, 116, 179, 24, 149, 14, 40, 5, 110, 192, 143, 65, 26, 50, 47, 176, 162, 141, 81, 121, 4, 158, 89, 106, 151, 172, 129, 185, 46, 124, 17, 58, 45, 174, 11, 127, 77, 59, 181, 145, 159, 126, 97, 189, 200, 76, 194, 1, 130, 160, 6, 83, 125, 119, 49, 13, 35, 22, 120, 105, 67, 157, 71, 196, 69, 122, 29, 31, 114, 161, 92, 197, 139, 25, 166, 163, 109, 115, 34, 152, 86, 42, 96, 184, 72, 73, 28, 94, 123]
Taxon occupancy: {110=200, 111=200, 112=200, 113=200, 114=200, 115=200, 116=200, 117=200, 118=200, 119=200, 10=200, 11=200, 12=200, 13=200, 14=200, 15=200, 16=200, 17=200, 18=200, 19=200, 120=200, 0=200, 121=200, 1=200, 122=200, 2=200, 123=200, 3=200, 124=200, 4=200, 125=200, 5=200, 126=200, 127=200, 6=200, 7=200, 128=200, 8=200, 129=200, 9=200, 20=200, 21=200, 22=200, 23=200, 24=200, 25=200, 26=200, 27=200, 28=200, 29=200, 130=200, 131=200, 132=200, 133=200, 134=200, 135=200, 136=200, 137=200, 138=200, 139=200, 30=200, 31=200, 32=200, 33=200, 34=200, 35=200, 36=200, 37=200, 38=200, 39=200, 140=200, 141=200, 142=200, 143=200, 144=200, 145=200, 146=200, 147=200, 148=200, 149=200, 40=200, 41=200, 42=200, 43=200, 44=200, 45=200, 46=200, 47=200, 48=200, 49=200, 150=200, 151=200, 152=200, 153=200, 154=200, 155=200, 156=200, 157=200, 158=200, 159=200, 50=200, 51=200, 52=200, 53=200, 54=200, 55=200, 56=200, 57=200, 58=200, 59=200, 160=200, 161=200, 162=200, 163=200, 164=200, 165=200, 166=200, 167=200, 168=200, 169=200, 60=200, 61=200, 62=200, 63=200, 64=200, 65=200, 66=200, 67=200, 68=200, 69=200, 170=200, 171=200, 172=200, 173=200, 174=200, 175=200, 176=200, 177=200, 178=200, 179=200, 70=200, 71=200, 72=200, 73=200, 74=200, 75=200, 76=200, 77=200, 78=200, 79=200, 180=200, 181=200, 182=200, 183=200, 184=200, 185=200, 186=200, 187=200, 188=200, 189=200, 80=200, 81=200, 82=200, 83=200, 84=200, 85=200, 86=200, 87=200, 88=200, 89=200, 190=200, 191=200, 192=200, 193=200, 194=200, 195=200, 196=200, 197=200, 198=200, 199=200, 90=200, 91=200, 92=200, 93=200, 94=200, 95=200, 96=200, 97=200, 98=200, 99=200, 200=200, 100=200, 101=200, 102=200, 103=200, 104=200, 105=200, 106=200, 107=200, 108=200, 109=200}
Number of gene trees: 200
0 trees have missing taxa
Calculating quartet distance matrix (for completion of X)
Species tree distances calculated ...
Building set of clusters (X) from gene trees 
------------------------------
gradient0: 38727
Number of Clusters after addition by distance: 38727
calculating extra bipartitions to be added at level 1 ...
Adding to X using resolutions of greedy consensus ...
Limit for sigma of degrees:5075
polytomy size limit : 59
discarded polytomies: 90 129  [3, 3, 3, 3, 3, 3, 3, 3, 3, 4, 4, 4, 4, 4, 5, 5, 5, 6, 6, 18, 25, 33, 35, 59, 90, 129]
Threshold 0.0:
polytomy of size 3; rounds with additions with at least 5 support: 0; clusters: 38733
polytomy of size 18; rounds with additions with at least 5 support: 10; clusters: 41027
Threshold 0.01:
polytomy of size 3; rounds with additions with at least 5 support: 0; clusters: 41027
polytomy of size 25; rounds with additions with at least 5 support: 7; clusters: 45911
Threshold 0.02:
polytomy of size 5; rounds with additions with at least 5 support: 0; clusters: 45925
polytomy of size 3; rounds with additions with at least 5 support: 0; clusters: 45925
polytomy of size 33; rounds with additions with at least 5 support: 8; clusters: 56635
Threshold 0.05:
polytomy of size 4; rounds with additions with at least 5 support: 1; clusters: 56637
polytomy of size 3; rounds with additions with at least 5 support: 0; clusters: 56637
polytomy of size 3; rounds with additions with at least 5 support: 0; clusters: 56637
polytomy of size 5; rounds with additions with at least 5 support: 0; clusters: 56637
polytomy of size 4; rounds with additions with at least 5 support: 0; clusters: 56637
polytomy of size 35; rounds with additions with at least 5 support: 2; clusters: 56789
Threshold 0.1:
polytomy of size 5; rounds with additions with at least 5 support: 0; clusters: 56789
polytomy of size 6; rounds with additions with at least 5 support: 0; clusters: 56789
polytomy of size 59; rounds with additions with at least 5 support: 4; clusters: 57039
Threshold 0.2:
polytomy of size 3; rounds with additions with at least 5 support: 0; clusters: 57039
polytomy of size 6; rounds with additions with at least 5 support: 0; clusters: 57039
polytomy of size 3; rounds with additions with at least 5 support: 0; clusters: 57039
polytomy of size 90; rounds with additions with at least 5 support: 0; clusters: 57135
Threshold 0.3333333333333333:
polytomy of size 4; rounds with additions with at least 5 support: 0; clusters: 57135
polytomy of size 3; rounds with additions with at least 5 support: 0; clusters: 57135
polytomy of size 3; rounds with additions with at least 5 support: 0; clusters: 57135
polytomy of size 4; rounds with additions with at least 5 support: 0; clusters: 57135
polytomy of size 4; rounds with additions with at least 5 support: 0; clusters: 57135
polytomy of size 129; rounds with additions with at least 5 support: 0; clusters: 57159
max k is :20
Number of Clusters after addition by greedy: 57159
gradient0 in heuristiic: 57159
partitions formed in 49.291 secs
Dynamic Programming starting after 49.292 secs
Using tree-based weight calculation.
Using polytree-based weight calculation.
Polytree max score: 13197589041
Polytree building time: 0.32 seconds.
Number of quartet trees in the gene trees: 13197589041
Size of largest cluster: 201
Greedy score: 6037450218
estimationFactor: 2.185954097253312
Sub-optimal score: 6482753062
Calculated 100000 weights; time (seconds): 146
Total Number of elements weighted: 180241
Normalized score (portion of input quartet trees satisfied before correcting for multiple individuals): 0.5082718505751963
Optimization score: 6707963005
Optimal tree inferred in 232.774 secs.
(89,(106,(158,(((121,46),(81,4)),(((185,(124,17)),(129,(58,45))),((((63,62),(64,(171,142))),(((66,(137,(20,51))),(133,(136,(79,8)))),((0,(146,(41,102))),(((163,(135,118)),((184,72),(73,((92,197),(161,(31,((13,28),(114,(139,25))))))))),((((35,22),(69,(120,(94,(122,123))))),((49,(119,(134,23))),((155,(112,(36,21))),((108,193),(60,(57,113)))))),((76,(166,(3,((1,(59,181)),(159,((145,194),(126,(189,(97,200))))))))),(((115,(109,34)),(157,((33,71),(199,105)))),(((196,29),(67,(27,170))),((148,(42,96)),(101,(152,((82,(9,86)),(30,(37,(70,(154,38)))))))))))))))),(((130,(176,162)),((141,(24,(149,14))),((125,(160,(6,83))),((75,((116,179),(195,(103,77)))),(174,((54,182),((183,(11,127)),(104,(151,172))))))))),((188,117),((((187,191),(40,5)),(((84,(48,(173,61))),(47,(87,(65,(91,169))))),((88,(12,32)),((50,(110,(192,143))),(156,(26,(138,167))))))),(((80,((56,168),(85,(100,175)))),(43,((98,(18,164)),((95,52),((150,(190,68)),(186,(128,153))))))),(((107,(90,(131,147))),((2,111),(93,(165,19)))),((16,(132,99)),((140,((10,144),(44,(55,177)))),(((39,15),(180,74)),((7,78),(198,(53,178)))))))))))))))));
Final quartet score is: 6707963005
Final normalized quartet score is: 0.5082718505751963
Extended species tree:
(108,(193,((60,(57,113)1:0.4812890218147342)1:0.2834646608548419,((155,(112,(36,21)1:0.8433356714887738)1:0.21188528366312626)1:0.49270972125045476,((49,(119,(134,23)0.72:0.057717273780245514)1:0.9880019212910461)0.8:0.07025534857171056,(((35,22)1:1.7406200565058079,(69,(120,(94,(122,123)1:0.4318736311990774)1:1.0639704246831603)0.86:0.0879117351159294)0.98:0.13199936386977423)1:0.4718862637166025,(((76,(166,(3,((1,(59,181)0.99:0.14220537439410502)0.64:0.05533257879085773,(159,((145,194)1:0.367586591774376,(126,(189,(97,200)0.44:0.02042182306978835)1:1.1753677746113138)0.81:0.07821325996700614)0.52:0.050317224874893186)0.61:0.040786902694530655)1:0.21443073000371124)1:0.2737284427882495)0.59:0.04816588232803286)1:0.17228628994032724,(((115,(109,34)1:0.6838175647336492)1:0.8813479591222396,(157,((33,71)1:0.27058036241634636,(199,105)0.93:0.10456952283649759)1:0.3910393162753574)1:0.4892243546030287)1:0.6717438905953675,(((196,29)1:0.9290571752323663,(67,(27,170)1:0.2156618099844377)1:0.8857175440593777)1:0.19680358729431596,((148,(42,96)1:0.2518961054664782)1:0.36702809280221993,(101,(152,((82,(9,86)1:0.3832737271865901)0.77:0.06509261122904655,(30,(37,(70,(154,38)0.6:0.046595476891861685)1:0.17889106496346738)1:0.4200199543464478)1:0.34239214744148805)0.98:0.13116462048167543)1:0.4552541880226763)0.39:0.007427597205481544)1:0.19461636660582807)0.74:0.06064130791784234)0.68:0.05088948065837749)0.38:0.005042380720444928,(((163,(135,118)1:0.8602081180349924)1:0.6156136983829809,((184,72)1:0.7485737632057237,(73,((92,197)1:1.1325944537672734,(161,(31,((13,28)1:0.49615227138056245,(114,(139,25)1:0.4955031404859131)0.99:0.13853715587592066)1:0.4220095587900113)1:0.2090298940073868)0.43:0.015248337220099906)0.9:0.09410693877417867)0.9:0.09470821303247492)1:0.471230508982363)0.93:0.10273933973141351,((0,(146,(41,102)1:1.2932206894547147)1:0.21933423895264803)0.41:0.0114625622443714,(((66,(137,(20,51)0.99:0.14235811254071018)1:0.7276785498053583)1:0.26625978586927823,(133,(136,(79,8)1:0.21556829085970836)1:0.8560360817345911)0.57:0.038382253633008526)1:0.8610449832933054,(((63,62)1:1.213087661115334,(64,(171,142)1:1.1972863288673776)1:0.5036578145510799)0.73:0.05799317321087951,((((130,(176,162)1:1.111421246960691)1:0.7907959350290682,((141,(24,(149,14)0.6:0.039163425483230686)1:0.6952708066898537)1:0.3818412711758018,((125,(160,(6,83)0.46:0.02373975979712622)0.82:0.07469921121609856)1:1.3379668438632093,((75,((116,179)1:0.42748045863969514,(195,(103,77)0.62:0.04289396720343097)0.97:0.12276539542064362)1:0.5835591038853035)0.79:0.06820212627375409,(174,((54,182)1:0.7584404180657287,((183,(11,127)1:1.422053561297683)0.88:0.09154447632061484,(104,(151,172)1:0.16150845236026032)0.97:0.1217662739564555)1:0.22130266779288768)0.59:0.041828884431000864)0.68:0.0588461759595868)0.94:0.11032451728996796)0.77:0.06540665644335333)0.62:0.04226139464032041)0.97:0.12384699898486322,((188,117)0.97:0.11955110790276763,((((187,191)1:1.3119266627594155,(40,5)1:0.6105492713145559)1:0.3240493001440119,(((84,(48,(173,61)1:0.285122408327437)0.99:0.159839609385376)1:0.9660590857340545,(47,(87,(65,(91,169)1:0.18055920291817162)1:0.3021817159791762)0.57:0.04783113591115489)0.69:0.053945217778449274)0.62:0.044074523789868876,((88,(12,32)1:0.5102729849014145)0.49:0.02518689222839155,((50,(110,(192,143)1:0.6602016204694865)1:0.28758105979986004)0.99:0.14453252218685417,(156,(26,(138,167)1:0.7078790135456626)0.77:0.0661291124571249)1:0.22421506362498833)1:0.35095445191554964)0.94:0.10844427073524196)1:0.16175030549909342)0.62:0.04357748554685486,(((80,((56,168)0.98:0.13604386553565648,(85,(100,175)0.5:0.02851984267466363)1:0.9116468709353022)1:0.37074451791447716)1:0.2650384044306754,(43,((98,(18,164)0.36:0.003738322110607104)0.99:0.1566656127911694,((95,52)1:0.26773270752785966,((150,(190,68)0.88:0.09311524383934568)1:0.5212552972781584,(186,(128,153)1:0.16225158555820654)1:0.47549948534367953)0.5:0.026429075848815594)0.4:0.009232760859715411)1:0.7394167278593056)1:0.38095831091191057)0.39:0.007421808464719187,(((107,(90,(131,147)1:0.5715688201280646)1:0.22257075532042805)1:0.20623710819051316,((2,111)1:0.8475051787252527,(93,(165,19)1:0.28823501689495407)0.99:0.14769722343937122)1:0.5040821137115455)0.99:0.13872880441383773,((16,(132,99)1:0.2132292070498775)1:0.25222169593743177,((140,((10,144)1:0.39438821699829046,(44,(55,177)0.96:0.11803747779337372)0.99:0.15435059319879688)0.98:0.12986055561631885)1:0.33735209718476217,(((39,15)1:0.23699001440611023,(180,74)1:0.6255097090284161)1:0.4749088602318764,((7,78)0.86:0.08381818641047388,(198,(53,178)0.43:0.013242208418182137)1:0.6487694018429976)0.43:0.01973841022479023)0.51:0.02681148279745435)0.37:0.004952505067195253)1:0.5857901705950678)1:0.21631453872640496)0.78:0.0674191215486196)0.95:0.10931670888359023)0.95:0.11189596765158497)0.76:0.06310197994153263,(((185,(124,17)0.69:0.05353341733947961)0.67:0.0520791490448898,(129,(58,45)1:0.5671729158865683)0.78:0.06813216278369429)0.92:0.09860122911965848,(((121,46)1:0.5729540034818765,(81,4)0.47:0.04236133897510938)1:0.44801607905203794,(158,(106,89)1:0.16124270694280488)1:0.8679192178892219)0.76:0.06311626315180838)1:0.7163829705283962)0.61:0.042366047850220745)0.43:0.014373260029269745)0.39:0.007466182600625225)0.45:0.017779256907305283)0.46:0.019048585483153233)0.77:0.0651478132970703)0.9:0.09352206061936885)1:0.536917013834708)1:0.4017745928006479)1:0.36022401616978517));
Weight calculation took 164.728898537 secs
ASTRAL finished in 235.391 secs
