
================== ASTRAL ===================== 

This is ASTRAL version 5.7.8
Gene trees are treated as unrooted
50 trees read from Dataset/AstralII_data/model.200.10000000.0.000001/23/estimatedgenetre.halfresolved_50
index0
All output trees will be *arbitrarily* rooted at 154

======== Running the main analysis
Number of taxa: 201 (201 species)
Taxa: [154, 171, 21, 116, 69, 79, 39, 73, 59, 200, 141, 158, 95, 131, 136, 168, 77, 155, 119, 71, 150, 178, 192, 76, 194, 132, 124, 64, 129, 120, 193, 7, 34, 96, 162, 115, 152, 176, 104, 153, 35, 25, 180, 9, 189, 142, 197, 27, 183, 37, 19, 85, 139, 15, 110, 12, 113, 169, 86, 8, 45, 3, 126, 0, 47, 149, 172, 165, 31, 88, 144, 146, 18, 44, 97, 67, 121, 127, 98, 87, 54, 145, 107, 61, 195, 177, 2, 112, 188, 80, 84, 41, 184, 49, 164, 133, 108, 53, 140, 138, 70, 65, 187, 128, 68, 151, 196, 174, 105, 57, 198, 93, 179, 63, 130, 29, 143, 40, 147, 135, 75, 182, 10, 42, 16, 60, 175, 23, 134, 186, 48, 43, 14, 94, 181, 24, 91, 46, 137, 99, 159, 167, 101, 55, 11, 62, 163, 157, 51, 118, 82, 90, 160, 125, 92, 156, 20, 103, 106, 100, 114, 111, 38, 72, 58, 13, 191, 83, 66, 33, 5, 89, 50, 26, 52, 185, 173, 1, 6, 199, 28, 123, 30, 102, 78, 166, 17, 32, 170, 117, 81, 4, 148, 74, 109, 22, 56, 122, 161, 190, 36]
Taxon occupancy: {110=50, 111=50, 112=50, 113=50, 114=50, 115=50, 116=50, 117=50, 118=50, 119=50, 10=50, 11=50, 12=50, 13=50, 14=50, 15=50, 16=50, 17=50, 18=50, 19=50, 120=50, 0=50, 121=50, 1=50, 122=50, 2=50, 123=50, 124=50, 3=50, 125=50, 4=50, 126=50, 5=50, 127=50, 6=50, 7=50, 128=50, 129=50, 8=50, 9=50, 20=50, 21=50, 22=50, 23=50, 24=50, 25=50, 26=50, 27=50, 28=50, 29=50, 130=50, 131=50, 132=50, 133=50, 134=50, 135=50, 136=50, 137=50, 138=50, 139=50, 30=50, 31=50, 32=50, 33=50, 34=50, 35=50, 36=50, 37=50, 38=50, 39=50, 140=50, 141=50, 142=50, 143=50, 144=50, 145=50, 146=50, 147=50, 148=50, 149=50, 40=50, 41=50, 42=50, 43=50, 44=50, 45=50, 46=50, 47=50, 48=50, 49=50, 150=50, 151=50, 152=50, 153=50, 154=50, 155=50, 156=50, 157=50, 158=50, 159=50, 50=50, 51=50, 52=50, 53=50, 54=50, 55=50, 56=50, 57=50, 58=50, 59=50, 160=50, 161=50, 162=50, 163=50, 164=50, 165=50, 166=50, 167=50, 168=50, 169=50, 60=50, 61=50, 62=50, 63=50, 64=50, 65=50, 66=50, 67=50, 68=50, 69=50, 170=50, 171=50, 172=50, 173=50, 174=50, 175=50, 176=50, 177=50, 178=50, 179=50, 70=50, 71=50, 72=50, 73=50, 74=50, 75=50, 76=50, 77=50, 78=50, 79=50, 180=50, 181=50, 182=50, 183=50, 184=50, 185=50, 186=50, 187=50, 188=50, 189=50, 80=50, 81=50, 82=50, 83=50, 84=50, 85=50, 86=50, 87=50, 88=50, 89=50, 190=50, 191=50, 192=50, 193=50, 194=50, 195=50, 196=50, 197=50, 198=50, 199=50, 90=50, 91=50, 92=50, 93=50, 94=50, 95=50, 96=50, 97=50, 98=50, 99=50, 200=50, 100=50, 101=50, 102=50, 103=50, 104=50, 105=50, 106=50, 107=50, 108=50, 109=50}
Number of gene trees: 50
0 trees have missing taxa
Calculating quartet distance matrix (for completion of X)
Species tree distances calculated ...
Building set of clusters (X) from gene trees 
------------------------------
gradient0: 2385
Number of Clusters after addition by distance: 2385
calculating extra bipartitions to be added at level 1 ...
Adding to X using resolutions of greedy consensus ...
Limit for sigma of degrees:5075
polytomy size limit : 4
discarded polytomies:  [3, 3, 3, 4, 4, 4, 4, 4]
Threshold 0.0:
Threshold 0.01:
Threshold 0.02:
Threshold 0.05:
Threshold 0.1:
Threshold 0.2:
polytomy of size 3; rounds with additions with at least 5 support: 0; clusters: 2385
polytomy of size 3; rounds with additions with at least 5 support: 0; clusters: 2385
Threshold 0.3333333333333333:
polytomy of size 4; rounds with additions with at least 5 support: 0; clusters: 2385
polytomy of size 4; rounds with additions with at least 5 support: 0; clusters: 2385
polytomy of size 4; rounds with additions with at least 5 support: 0; clusters: 2385
polytomy of size 4; rounds with additions with at least 5 support: 0; clusters: 2385
polytomy of size 4; rounds with additions with at least 5 support: 0; clusters: 2385
polytomy of size 3; rounds with additions with at least 5 support: 0; clusters: 2385
max k is :0
Number of Clusters after addition by greedy: 2385
gradient0 in heuristiic: 2385
partitions formed in 5.004 secs
Dynamic Programming starting after 5.004 secs
Using tree-based weight calculation.
Using polytree-based weight calculation.
Polytree max score: 3299917302
Polytree building time: 0.172 seconds.
Number of quartet trees in the gene trees: 3299917302
Size of largest cluster: 201
Greedy score: 2949492012
estimationFactor: 1.1188086926746355
Sub-optimal score: 2952054217
Total Number of elements weighted: 3109
Normalized score (portion of input quartet trees satisfied before correcting for multiple individuals): 0.9053693370404348
Optimization score: 2987643940
Optimal tree inferred in 6.771 secs.
(82,(118,(90,(51,(157,((62,163),(11,(((((160,125),((20,103),(106,(114,(100,111))))),((92,156),(89,((38,(72,58)),((50,(26,52)),((66,(83,33)),(5,(13,191)))))))),((166,((109,(17,(170,117))),(81,((32,4),(148,74))))),(((161,(190,36)),(22,(56,122))),((78,(102,(123,30))),((199,28),((1,6),(185,173))))))),(((((140,(108,53)),((138,70),((187,(65,128)),((68,151),(196,174))))),(((61,(145,107)),(87,((127,98),(54,(67,121))))),((164,133),((184,49),(177,(112,(2,(195,(188,(41,(80,84))))))))))),(((63,130),(179,(105,(57,(198,93))))),(((29,(143,40)),(147,(135,75))),((((159,101),(167,55)),(182,(10,(42,16)))),(((48,43),(14,(94,(181,24)))),((134,(23,186)),((91,(60,175)),(46,(137,99))))))))),(((126,(45,3)),(0,(47,((146,(18,(97,(144,44)))),((149,172),(31,(165,88))))))),((193,((154,(171,21)),((116,69),(73,(59,(79,39)))))),((((76,(192,194)),((77,155),((150,178),(119,71)))),((120,(129,(132,(124,64)))),(168,((95,(131,136)),(200,(141,158)))))),((115,(34,(7,(96,162)))),((15,(8,(110,(86,(12,(113,169)))))),(((176,153),((27,(183,37)),(19,(85,139)))),(152,((104,25),((180,9),(35,(197,(189,142)))))))))))))))))))));
Final quartet score is: 2987643940
Final normalized quartet score is: 0.9053693370404348
Extended species tree:
(154,((171,21)1:2.4277482359480516,(((116,69)1:2.2735975561207935,(73,(59,(79,39)1:0.6359887667199969)1:1.7346010553881062)1:1.0840134892469566)1:3.5263605246161593,(193,(((((76,(192,194)1:0.8183103235139515)1:2.022283127839887,((77,155)1:3.5263605246161593,((150,178)1:2.022283127839887,(119,71)1:0.7855205006909604)1:1.9169226121820613)1:1.0554401168029006)1:3.5263605246161593,((120,(129,(132,(124,64)1:3.5263605246161593)1:1.734601055388107)0.87:0.17062551703076334)1:1.6382092097130398,(168,((95,(131,136)1:2.8332133440562166)1:2.4277482359480516,(200,(141,158)1:1.7346010553881062)1:2.4277482359480516)1:2.8332133440562166)1:0.47011568034115225)1:1.9169226121820624)1:0.9990346181314701,((115,(34,(7,(96,162)1:0.4357773135162038)0.54:0.060466004955129896)0.76:0.12516314295400605)1:3.5263605246161593,((15,(8,(110,(86,(12,(113,169)0.99:0.30748469974796055)1:0.7850293817484538)1:0.37647757123491227)1:3.5263605246161593)1:1.2237754316221159)1:2.4277482359480516,(((176,153)1:1.581067392918611,((27,(183,37)1:1.0414538748281608)1:3.5263605246161593,(19,(85,139)1:3.5263605246161593)1:0.4813498056330371)1:0.8574066920667366)0.42:0.030695068462603357,(152,((104,25)1:1.9138186262444692,((180,9)1:2.4277482359480516,(35,(197,(189,142)0.84:0.1590646946296874)1:1.2237754316221159)1:1.000631880307906)1:1.7556544645859384)1:0.5146540895116802)0.97:0.25750476744293976)1:2.8332133440562166)1:1.3451362886263836)1:1.9119993994822728)0.63:0.08513886721854347,(((126,(45,3)1:1.0414538748281608)1:3.5263605246161593,(0,(47,((146,(18,(97,(144,44)0.42:0.030312205408039427)0.51:0.09245519674300681)1:1.0696247517948576)1:1.5804503755608483,((149,172)1:1.4469189829363254,(31,(165,88)1:0.7537718023763802)1:2.0794415416798353)1:2.4277482359480516)1:3.5263605246161593)1:2.8332133440562166)1:2.4944396104467237)1:2.301302069548666,(((((140,(108,53)0.55:0.060624621816434854)1:3.5263605246161593,((138,70)1:3.5263605246161593,((187,(65,128)1:0.4818380868927383)1:3.120895416507997,((68,151)1:0.5559460590464603,(196,174)1:1.1270818068196449)1:1.5804503755608483)1:3.5263605246161593)1:1.5964507169072897)1:0.3602828853149315,(((61,(145,107)0.83:0.1590646946296874)1:3.5263605246161593,(87,((127,98)1:3.238678452164384,(54,(67,121)1:1.7379737398667452)1:0.4353180712578455)0.81:0.14763599880606468)1:3.5263605246161593)1:3.4618220034785883,((164,133)1:2.4277482359480516,((184,49)1:0.8183103235139515,(177,(112,(2,(195,(188,(41,(80,84)0.54:0.06078246255545715)1:0.43520271104545477)1:0.6935474207093747)1:0.7068148192886093)0.69:0.10492263566362917)0.71:0.10863384100279554)1:2.5278316945050334)1:3.5263605246161593)1:2.8332133440562166)0.98:0.28279208715758913)1:2.340984905592461,(((63,130)1:2.938573859714043,(179,(105,(57,(198,93)1:1.4475504954296845)0.97:0.2682639865946794)1:3.5263605246161593)1:0.9614111671546247)1:1.2439781389396352,(((29,(143,40)1:0.8183103235139515)1:3.5263605246161593,(147,(135,75)1:2.4277482359480516)1:3.5263605246161593)1:1.3291359472799418,((((159,101)1:1.7371423528167782,(167,55)1:1.0368115368854085)1:2.7802375280784526,(182,(10,(42,16)1:3.5263605246161593)1:2.4277482359480516)1:1.5606622619474422)0.98:0.28687458479549904,(((48,43)1:2.14006616349627,(14,(94,(181,24)1:1.128465251817791)1:0.4353180712578455)1:2.6790626642289563)1:0.9614111671546247,((134,(23,186)0.82:0.1590646946296874)1:3.5263605246161593,((91,(60,175)1:1.4488147181012245)1:0.4114786282440104,(46,(137,99)1:1.128465251817791)1:2.8332133440562166)1:0.7684184736541564)1:0.9743145719905326)1:2.4447458123166226)1:1.683230244625183)1:1.8803331647497683)1:3.456740890338401)1:0.4895720256029178,(((((160,125)1:3.5263605246161593,((20,103)1:1.128465251817791,(106,(114,(100,111)1:0.6357082224623004)1:0.8183103235139515)1:3.0155349008501675)1:2.4165845304832763)0.83:0.15447753062278122,((92,156)1:3.5263605246161593,(89,((38,(72,58)1:0.6359887667199969)1:3.5263605246161593,((50,(26,52)1:1.5804503755608483)1:1.3291359472799418,((66,(83,33)0.99:0.30748469974796055)1:1.3668762752627894,(5,(13,191)0.99:0.30748469974796055)1:2.14006616349627)1:2.14006616349627)1:1.4890186157462753)1:1.2116740091961928)1:1.0452693883786124)0.53:0.05642671460219506)1:3.5263605246161593,((166,((109,(17,(170,117)1:1.2237754316221159)0.95:0.22902074643715062)1:0.5108256237659904,(81,((32,4)0.96:0.2464421300495129,(148,74)1:0.555685777941399)0.91:0.1941560144409575)0.93:0.21673033647949647)1:3.5263605246161593)1:2.14006616349627,(((161,(190,36)1:0.6931471805599453)1:2.4277482359480516,(22,(56,122)1:0.8183103235139515)1:3.5263605246161593)1:3.5263605246161593,((78,(102,(123,30)1:3.5263605246161593)1:1.045692965533928)1:0.3778247759892299,((199,28)1:3.5263605246161593,((1,6)1:0.9236708391717778,(185,173)0.53:0.12516314295400605)1:2.8332133440562166)1:2.14006616349627)1:1.338438339942256)1:1.4344964629377683)1:3.1634550309267926)1:2.4630876023933603,(11,((62,163)1:2.091275999326838,(157,(51,(90,(118,82)0.72:0.13926206733350752)1:1.8216124323777365)1:1.014054900640047)1:1.0208345876254252)1:3.5263605246161593)1:2.4277482359480516)1:0.8480376906864029)0.98:0.2954298114238332)1:2.735905161589219)1:1.3737080695544912)1:3.5263605246161593)1:0.6359887667199969));
Weight calculation took 0.938385814 secs
ASTRAL finished in 9.103 secs
