
================== ASTRAL ===================== 

This is ASTRAL version 5.7.8
Gene trees are treated as unrooted
200 trees read from Dataset/AstralII_data/model.200.10000000.0.000001/23/estimatedgenetre.halfresolved_200
index0
All output trees will be *arbitrarily* rooted at 154

======== Running the main analysis
Number of taxa: 201 (201 species)
Taxa: [154, 171, 21, 116, 69, 79, 39, 73, 59, 200, 141, 158, 95, 131, 136, 168, 77, 155, 119, 71, 150, 178, 192, 76, 194, 132, 124, 64, 129, 120, 193, 7, 34, 96, 162, 115, 152, 176, 104, 153, 35, 25, 180, 9, 189, 142, 197, 27, 183, 37, 19, 85, 139, 15, 110, 12, 113, 169, 86, 8, 45, 3, 126, 0, 47, 149, 172, 165, 31, 88, 144, 146, 18, 44, 97, 67, 121, 127, 98, 87, 54, 145, 107, 61, 195, 177, 2, 112, 188, 80, 84, 41, 184, 49, 164, 133, 108, 53, 140, 138, 70, 65, 187, 128, 68, 151, 196, 174, 105, 57, 198, 93, 179, 63, 130, 29, 143, 40, 147, 135, 75, 182, 10, 42, 16, 60, 175, 23, 134, 186, 48, 43, 14, 94, 181, 24, 91, 46, 137, 99, 159, 167, 101, 55, 11, 62, 163, 157, 51, 118, 82, 90, 160, 125, 92, 156, 20, 103, 106, 100, 114, 111, 38, 72, 58, 13, 191, 83, 66, 33, 5, 89, 50, 26, 52, 185, 173, 1, 6, 199, 28, 123, 30, 102, 78, 166, 17, 32, 170, 117, 81, 4, 148, 74, 109, 22, 56, 122, 161, 190, 36]
Taxon occupancy: {110=200, 111=200, 112=200, 113=200, 114=200, 115=200, 116=200, 117=200, 118=200, 119=200, 10=200, 11=200, 12=200, 13=200, 14=200, 15=200, 16=200, 17=200, 18=200, 19=200, 120=200, 0=200, 121=200, 1=200, 122=200, 2=200, 123=200, 124=200, 3=200, 125=200, 4=200, 126=200, 5=200, 127=200, 6=200, 7=200, 128=200, 129=200, 8=200, 9=200, 20=200, 21=200, 22=200, 23=200, 24=200, 25=200, 26=200, 27=200, 28=200, 29=200, 130=200, 131=200, 132=200, 133=200, 134=200, 135=200, 136=200, 137=200, 138=200, 139=200, 30=200, 31=200, 32=200, 33=200, 34=200, 35=200, 36=200, 37=200, 38=200, 39=200, 140=200, 141=200, 142=200, 143=200, 144=200, 145=200, 146=200, 147=200, 148=200, 149=200, 40=200, 41=200, 42=200, 43=200, 44=200, 45=200, 46=200, 47=200, 48=200, 49=200, 150=200, 151=200, 152=200, 153=200, 154=200, 155=200, 156=200, 157=200, 158=200, 159=200, 50=200, 51=200, 52=200, 53=200, 54=200, 55=200, 56=200, 57=200, 58=200, 59=200, 160=200, 161=200, 162=200, 163=200, 164=200, 165=200, 166=200, 167=200, 168=200, 169=200, 60=200, 61=200, 62=200, 63=200, 64=200, 65=200, 66=200, 67=200, 68=200, 69=200, 170=200, 171=200, 172=200, 173=200, 174=200, 175=200, 176=200, 177=200, 178=200, 179=200, 70=200, 71=200, 72=200, 73=200, 74=200, 75=200, 76=200, 77=200, 78=200, 79=200, 180=200, 181=200, 182=200, 183=200, 184=200, 185=200, 186=200, 187=200, 188=200, 189=200, 80=200, 81=200, 82=200, 83=200, 84=200, 85=200, 86=200, 87=200, 88=200, 89=200, 190=200, 191=200, 192=200, 193=200, 194=200, 195=200, 196=200, 197=200, 198=200, 199=200, 90=200, 91=200, 92=200, 93=200, 94=200, 95=200, 96=200, 97=200, 98=200, 99=200, 200=200, 100=200, 101=200, 102=200, 103=200, 104=200, 105=200, 106=200, 107=200, 108=200, 109=200}
Number of gene trees: 200
0 trees have missing taxa
Calculating quartet distance matrix (for completion of X)
Species tree distances calculated ...
Building set of clusters (X) from gene trees 
------------------------------
gradient0: 3835
Number of Clusters after addition by distance: 3835
calculating extra bipartitions to be added at level 1 ...
Adding to X using resolutions of greedy consensus ...
Limit for sigma of degrees:5075
polytomy size limit : 5
discarded polytomies:  [3, 3, 3, 3, 3, 4, 4, 4, 5]
Threshold 0.0:
Threshold 0.01:
Threshold 0.02:
Threshold 0.05:
Threshold 0.1:
Threshold 0.2:
polytomy of size 3; rounds with additions with at least 5 support: 0; clusters: 3835
polytomy of size 3; rounds with additions with at least 5 support: 0; clusters: 3835
Threshold 0.3333333333333333:
polytomy of size 3; rounds with additions with at least 5 support: 0; clusters: 3835
polytomy of size 3; rounds with additions with at least 5 support: 0; clusters: 3835
polytomy of size 5; rounds with additions with at least 5 support: 0; clusters: 3835
polytomy of size 4; rounds with additions with at least 5 support: 0; clusters: 3835
polytomy of size 4; rounds with additions with at least 5 support: 0; clusters: 3835
polytomy of size 4; rounds with additions with at least 5 support: 0; clusters: 3835
polytomy of size 3; rounds with additions with at least 5 support: 0; clusters: 3835
max k is :0
Number of Clusters after addition by greedy: 3835
gradient0 in heuristiic: 3835
partitions formed in 4.311 secs
Dynamic Programming starting after 4.311 secs
Using tree-based weight calculation.
Using polytree-based weight calculation.
Polytree max score: 13199656650
Polytree building time: 0.236 seconds.
Number of quartet trees in the gene trees: 13199656650
Size of largest cluster: 201
Greedy score: 11349265024
estimationFactor: 1.163040657001755
Sub-optimal score: 11636282137
Total Number of elements weighted: 6750
Normalized score (portion of input quartet trees satisfied before correcting for multiple individuals): 0.9024633606662792
Optimization score: 11912206500
Optimal tree inferred in 6.236 secs.
(82,((118,90),(51,(157,((62,163),(11,(((((92,156),((160,125),((20,103),(106,(114,(100,111)))))),(89,((38,(72,58)),((50,(26,52)),((66,(83,33)),(5,(13,191))))))),((166,(((17,109),(170,117)),(81,((32,4),(148,74))))),(((161,(190,36)),(22,(56,122))),((78,(102,(123,30))),((199,28),(185,(173,(1,6)))))))),(((((53,(108,140)),((138,70),((187,(65,128)),((68,151),(196,174))))),(((61,(145,107)),(87,((127,98),(54,(67,121))))),((164,133),((184,49),((177,2),(112,(195,(188,(41,(80,84)))))))))),(((63,130),(179,(105,(57,(198,93))))),(((147,(135,75)),(29,(143,40))),((((159,101),(167,55)),(182,(10,(42,16)))),(((48,43),(14,(94,(181,24)))),((134,(23,186)),((46,(137,99)),(91,(60,175))))))))),(((126,(45,3)),(0,(47,((146,(18,(97,(144,44)))),((149,172),(31,(165,88))))))),((193,((154,(171,21)),((116,69),(73,(59,(79,39)))))),((((76,(192,194)),((77,155),((150,178),(119,71)))),((120,(129,(132,(124,64)))),(168,((95,(131,136)),(200,(141,158)))))),((115,(34,(7,(96,162)))),((15,(8,(110,(86,(12,(113,169)))))),(((176,153),((27,(183,37)),(19,(85,139)))),(152,((104,25),((180,9),(35,(197,(189,142))))))))))))))))))));
Final quartet score is: 11912206500
Final normalized quartet score is: 0.9024633606662792
Extended species tree:
(154,((171,21)1:2.4958208099686803,(((116,69)1:2.6719716931943736,(73,(59,(79,39)1:0.6073803588025202)1:1.7193630472029209)1:0.7924454015422259)1:4.204692619390971,(193,(((((76,(192,194)1:0.6351599229095962)1:2.012108421611248,((77,155)1:3.88623888827243,((150,178)1:1.6789639750827108,(119,71)1:1.0583874873576007)1:2.2236911505243833)1:1.1580642657452447)1:4.892299619575299,((120,(129,(132,(124,64)1:3.5077647159911165)1:2.007750089722673)0.81:0.09398604923728385)1:1.8231643240567998,(168,((95,(131,136)1:3.799227511282799)1:2.3309199985020763,(200,(141,158)1:2.5952547069568657)1:2.9555993797845606)1:2.661489970298675)1:0.20483318060042713)1:2.3068586037714294)1:1.2654961615965683,((115,(34,(7,(96,162)1:0.5621189181535411)0.69:0.0526300142764712)1:0.16546443972753155)1:4.897839799950916,((15,(8,(110,(86,(12,(113,169)1:0.6074495461966049)1:0.6350169432124697)1:0.3474778504578149)1:4.674696248636701)1:1.0243004597749668)1:2.976027202474658,(((176,153)1:1.85253635304176,((27,(183,37)1:1.401332238484431)1:4.217596024226873,(19,(85,139)1:4.204692619390971)1:0.35900119466277236)1:0.9986098494821655)0.66:0.048127034171656737,(152,((104,25)1:2.1252510777111304,((180,9)1:2.72746828695931,(35,(197,(189,142)1:0.3544912903471134)1:1.3009448435832942)1:1.485846206823485)1:2.3300546902346015)1:0.32109945302873516)1:0.40990592410084037)1:3.213500579343696)1:1.90053069715614)1:1.31284699284871)1:0.17254277601633702,(((126,(45,3)1:0.867500567704723)1:4.897839799950916,(0,(47,((146,(18,(97,(144,44)0.99:0.14468509202000468)0.91:0.10631643198898437)1:1.4967558034014132)1:1.3046455959713832,((149,172)1:1.8232429064308149,(31,(165,88)1:0.41551544396166595)1:2.7577736364546412)1:2.064626455894696)1:3.51154543883102)1:2.601624155242347)1:2.7795723895824116)1:2.4692457500023393,(((((53,(108,140)0.86:0.08565544457849389)1:4.897839799950916,((138,70)1:4.897839799950916,((187,(65,128)1:0.42050298547270487)1:3.393762403174639,((68,151)1:0.9764697516070538,(196,174)1:1.247181558657173)1:1.5479357126763067)1:4.897839799950916)1:1.563558837873424)1:0.5786864070955398,(((61,(145,107)1:0.22501096548900523)1:4.897839799950916,(87,((127,98)1:3.6923375535730862,(54,(67,121)1:1.5310665725370836)1:0.6277499625668881)0.99:0.14281385841844252)1:4.204692619390971)1:3.4801006061233664,((164,133)1:3.510223561573103,((184,49)1:0.8814567791985225,((177,2)0.45:0.018780413873757812,(112,(195,(188,(41,(80,84)0.7:0.05373225216804306)1:0.4376367040108311)1:0.6172368071929683)1:0.6389047374674582)0.76:0.0639169526932354)1:2.306787602409291)1:3.51154543883102)1:3.287291393232784)0.99:0.1467457086486656)1:2.8421494175227333,(((63,130)1:3.942328354923476,(179,(105,(57,(198,93)1:1.5658156812256412)1:0.3231288214475286)1:4.387014176184925)1:1.0911773101805917)1:1.3901101755781662,(((147,(135,75)1:3.106080330722857)1:4.204692619390971,(29,(143,40)1:0.9660141672265857)1:4.204692619390971)1:1.8303984280861074,((((159,101)1:2.008032216963927,(167,55)1:0.9283143902209308)1:2.6573781846574014,(182,(10,(42,16)1:3.51154543883102)1:2.9519296508955994)1:1.6236485557701341)1:0.27015531077995086,(((48,43)1:3.288401887516811,(14,(94,(181,24)1:1.4266429828502414)1:0.25812327021023657)1:2.864928297612033)1:1.4761255428839486,((134,(23,186)0.78:0.0725706928348355)1:4.163870624870707,((46,(137,99)1:1.342968593068662)1:2.9493178018153103,(91,(60,175)1:1.1835289079451705)1:0.4261717029873932)1:0.692033580279119)1:0.9415084114059016)1:2.883519554265917)1:2.02901637826095)1:1.7046198596769133)1:4.800347145493707)1:0.5162401570098211,(((((92,156)1:4.229876190177926,((160,125)1:4.897839799950916,((20,103)1:1.1106244451161136,(106,(114,(100,111)1:0.79842352467612)1:0.795171180156749)1:3.9683038413267333)1:2.4951280714391006)0.99:0.156491748154744)0.92:0.10215015446359399,(89,((38,(72,58)1:0.5540343780972276)1:3.8761885524189346,((50,(26,52)1:1.7597140035557055)1:1.1250788618562733,((66,(83,33)1:0.3078847797693004)1:1.4972259218271722,(5,(13,191)1:0.26782993162601904)1:2.130734836067386)1:2.4802533142623613)1:1.9364196713856971)1:1.5417337577932027)1:1.0622489867600817)1:3.5915881465045465,((166,(((17,109)0.82:0.08134735166397894,(170,117)1:1.1487883379778414)1:0.7980100599795845,(81,((32,4)0.94:0.1061900470202017,(148,74)1:0.5861728648611371)0.5:0.02449416670179726)1:0.44494704940839785)1:4.897839799950916)1:2.7006152226146916,(((161,(190,36)1:0.503340390234112)1:2.5952547069568657,(22,(56,122)1:0.7869659357776003)1:3.645076831455545)1:4.407216883502449,((78,(102,(123,30)1:4.2148449908549885)1:1.0934359220950147)1:0.4781970020272758,((199,28)1:3.8112654898422744,(185,(173,(1,6)1:0.8370485393574415)1:0.26797700137244856)1:3.0568832489486244)1:1.807028844864053)1:1.4144422393507956)1:1.753687521278648)1:4.006866876061046)1:3.12241675004255,(11,((62,163)1:2.348394629025339,(157,(51,((118,90)0.9:0.10034797383428211,82)1:1.8774149138065486)1:1.0689766002003989)1:1.0967483552300472)1:4.204692619390971)1:3.51154543883102)1:0.5967629116012367)1:0.2446685203656632)1:3.3965302512986444)1:1.5557551811759993)1:4.046064320142409)1:0.7428706159123759));
Weight calculation took 1.434932374 secs
ASTRAL finished in 8.506 secs
