
================== ASTRAL ===================== 

This is ASTRAL version 5.7.8
Gene trees are treated as unrooted
50 trees read from Dataset/AstralII_data/model.200.500000.0.000001/46/estimatedgenetre.halfresolved_50
index0
All output trees will be *arbitrarily* rooted at 136

======== Running the main analysis
Number of taxa: 201 (201 species)
Taxa: [136, 144, 170, 122, 110, 167, 64, 28, 91, 9, 75, 137, 173, 188, 22, 56, 162, 98, 150, 43, 180, 143, 102, 74, 169, 51, 12, 123, 135, 132, 88, 142, 148, 179, 95, 131, 130, 120, 4, 141, 76, 139, 31, 190, 90, 61, 145, 97, 149, 105, 24, 52, 106, 2, 62, 47, 83, 194, 81, 50, 69, 21, 172, 16, 33, 19, 111, 35, 171, 54, 112, 32, 140, 68, 104, 134, 36, 87, 17, 13, 191, 186, 128, 23, 151, 40, 196, 178, 42, 195, 181, 38, 86, 156, 177, 175, 129, 93, 153, 89, 92, 174, 66, 161, 165, 117, 25, 71, 55, 146, 199, 138, 85, 34, 15, 44, 192, 58, 1, 96, 99, 73, 182, 37, 158, 18, 14, 8, 107, 184, 126, 46, 29, 60, 154, 124, 77, 0, 82, 7, 115, 163, 109, 187, 41, 185, 94, 133, 39, 176, 164, 59, 101, 78, 119, 118, 48, 45, 57, 20, 155, 6, 168, 127, 30, 200, 160, 26, 193, 183, 100, 3, 27, 108, 147, 103, 197, 166, 49, 72, 121, 80, 113, 189, 67, 198, 53, 65, 70, 159, 125, 63, 152, 114, 79, 84, 5, 10, 157, 11, 116]
Taxon occupancy: {110=50, 111=50, 112=50, 113=50, 114=50, 115=50, 116=50, 117=50, 118=50, 119=50, 10=50, 11=50, 12=50, 13=50, 14=50, 15=50, 16=50, 17=50, 18=50, 19=50, 120=50, 0=50, 121=50, 122=50, 1=50, 123=50, 2=50, 124=50, 3=50, 4=50, 125=50, 126=50, 5=50, 6=50, 127=50, 128=50, 7=50, 129=50, 8=50, 9=50, 20=50, 21=50, 22=50, 23=50, 24=50, 25=50, 26=50, 27=50, 28=50, 29=50, 130=50, 131=50, 132=50, 133=50, 134=50, 135=50, 136=50, 137=50, 138=50, 139=50, 30=50, 31=50, 32=50, 33=50, 34=50, 35=50, 36=50, 37=50, 38=50, 39=50, 140=50, 141=50, 142=50, 143=50, 144=50, 145=50, 146=50, 147=50, 148=50, 149=50, 40=50, 41=50, 42=50, 43=50, 44=50, 45=50, 46=50, 47=50, 48=50, 49=50, 150=50, 151=50, 152=50, 153=50, 154=50, 155=50, 156=50, 157=50, 158=50, 159=50, 50=50, 51=50, 52=50, 53=50, 54=50, 55=50, 56=50, 57=50, 58=50, 59=50, 160=50, 161=50, 162=50, 163=50, 164=50, 165=50, 166=50, 167=50, 168=50, 169=50, 60=50, 61=50, 62=50, 63=50, 64=50, 65=50, 66=50, 67=50, 68=50, 69=50, 170=50, 171=50, 172=50, 173=50, 174=50, 175=50, 176=50, 177=50, 178=50, 179=50, 70=50, 71=50, 72=50, 73=50, 74=50, 75=50, 76=50, 77=50, 78=50, 79=50, 180=50, 181=50, 182=50, 183=50, 184=50, 185=50, 186=50, 187=50, 188=50, 189=50, 80=50, 81=50, 82=50, 83=50, 84=50, 85=50, 86=50, 87=50, 88=50, 89=50, 190=50, 191=50, 192=50, 193=50, 194=50, 195=50, 196=50, 197=50, 198=50, 199=50, 90=50, 91=50, 92=50, 93=50, 94=50, 95=50, 96=50, 97=50, 98=50, 99=50, 200=50, 100=50, 101=50, 102=50, 103=50, 104=50, 105=50, 106=50, 107=50, 108=50, 109=50}
Number of gene trees: 50
0 trees have missing taxa
Calculating quartet distance matrix (for completion of X)
Species tree distances calculated ...
Building set of clusters (X) from gene trees 
------------------------------
gradient0: 14233
Number of Clusters after addition by distance: 14233
calculating extra bipartitions to be added at level 1 ...
Adding to X using resolutions of greedy consensus ...
Limit for sigma of degrees:5075
polytomy size limit : 55
discarded polytomies: 71 106 162  [3, 3, 3, 3, 3, 3, 3, 3, 3, 3, 3, 3, 3, 3, 4, 4, 4, 4, 5, 5, 7, 9, 31, 31, 31, 55, 71, 106, 162]
Threshold 0.0:
polytomy of size 31; rounds with additions with at least 5 support: 6; clusters: 32211
Threshold 0.01:
polytomy of size 31; rounds with additions with at least 5 support: 0; clusters: 48531
Threshold 0.02:
polytomy of size 31; rounds with additions with at least 5 support: 0; clusters: 64383
Threshold 0.05:
polytomy of size 3; rounds with additions with at least 5 support: 0; clusters: 64385
polytomy of size 4; rounds with additions with at least 5 support: 0; clusters: 64387
polytomy of size 3; rounds with additions with at least 5 support: 0; clusters: 64387
polytomy of size 55; rounds with additions with at least 5 support: 1; clusters: 65305
Threshold 0.1:
polytomy of size 4; rounds with additions with at least 5 support: 0; clusters: 65305
polytomy of size 7; rounds with additions with at least 5 support: 0; clusters: 65307
polytomy of size 3; rounds with additions with at least 5 support: 0; clusters: 65307
polytomy of size 5; rounds with additions with at least 5 support: 1; clusters: 65309
polytomy of size 3; rounds with additions with at least 5 support: 1; clusters: 65311
polytomy of size 71; rounds with additions with at least 5 support: 0; clusters: 65953
Threshold 0.2:
polytomy of size 5; rounds with additions with at least 5 support: 0; clusters: 65953
polytomy of size 3; rounds with additions with at least 5 support: 0; clusters: 65953
polytomy of size 3; rounds with additions with at least 5 support: 0; clusters: 65953
polytomy of size 9; rounds with additions with at least 5 support: 0; clusters: 65953
polytomy of size 3; rounds with additions with at least 5 support: 0; clusters: 65953
polytomy of size 3; rounds with additions with at least 5 support: 0; clusters: 65953
polytomy of size 4; rounds with additions with at least 5 support: 0; clusters: 65953
polytomy of size 106; rounds with additions with at least 5 support: 1; clusters: 66547
Threshold 0.3333333333333333:
polytomy of size 3; rounds with additions with at least 5 support: 0; clusters: 66547
polytomy of size 3; rounds with additions with at least 5 support: 0; clusters: 66547
polytomy of size 4; rounds with additions with at least 5 support: 0; clusters: 66547
polytomy of size 3; rounds with additions with at least 5 support: 0; clusters: 66547
polytomy of size 3; rounds with additions with at least 5 support: 0; clusters: 66547
polytomy of size 3; rounds with additions with at least 5 support: 0; clusters: 66547
polytomy of size 3; rounds with additions with at least 5 support: 0; clusters: 66547
polytomy of size 162; rounds with additions with at least 5 support: 0; clusters: 66619
max k is :12
Number of Clusters after addition by greedy: 66619
gradient0 in heuristiic: 66619
partitions formed in 24.287 secs
Dynamic Programming starting after 24.287 secs
Using tree-based weight calculation.
Using polytree-based weight calculation.
Polytree max score: 3294235815
Polytree building time: 0.079 seconds.
Number of quartet trees in the gene trees: 3294235815
Size of largest cluster: 201
Greedy score: 1300512106
estimationFactor: 2.533029719448071
Sub-optimal score: 1309319085
Calculated 100000 weights; time (seconds): 63
Total Number of elements weighted: 154945
Normalized score (portion of input quartet trees satisfied before correcting for multiple individuals): 0.4213403562914029
Optimization score: 1387994492
Optimal tree inferred in 89.613 secs.
(113,(198,(67,(53,((180,(140,189)),((49,(138,((199,197),(166,(71,103))))),(((81,(50,69)),(109,((60,163),(41,(187,185))))),(((72,121),(((165,(161,15)),((66,119),(55,118))),((7,(125,(70,159))),((63,(65,(147,80))),(146,((117,25),(18,14))))))),(((89,107),(137,(98,(56,162)))),((0,((124,((37,158),((135,132),(88,(142,148))))),((3,108),(27,((157,(74,10)),(102,(143,169))))))),(((183,(193,100)),((61,97),(122,(151,((48,(90,145)),(39,(133,45))))))),((((167,(64,28)),((174,114),((188,178),(54,(8,(91,171)))))),((116,(78,(101,(59,(176,164))))),((46,(21,(111,(16,(33,(172,19)))))),((153,82),(((156,177),(32,(42,86))),((195,(181,38)),(112,(175,(129,93))))))))),(11,((((149,105),(83,(106,((2,(24,62)),(194,(52,47)))))),((173,(191,23)),((160,(186,(128,200))),(168,((13,26),(184,(127,30))))))),(((190,(136,31)),((141,(76,(4,139))),(43,((68,(170,77)),((144,150),(35,((179,120),(95,(131,130))))))))),(((22,(79,(152,84))),((155,(20,6)),(94,((126,154),(57,(29,115)))))),(((110,9),((34,(85,182)),(75,(104,(134,(36,(87,17))))))),(92,(((5,(40,196)),(1,(192,58))),((73,(44,96)),(51,(123,(12,99)))))))))))))))))))))));
Final quartet score is: 1387994492
Final normalized quartet score is: 0.4213403562914029
Extended species tree:
(136,(31,(190,(((141,(76,(4,139)0.41:0.018169327020412667)1:0.6737463499160754)0.69:0.10314039225572585,(43,((68,(170,77)1:0.5192296613936972)0.99:0.3040822838457865,((144,150)1:0.671558334305487,(35,((179,120)0.42:0.019178600215694112,(95,(131,130)0.4:0.01526747213078842)1:0.8687827642072717)0.98:0.28351257403446734)0.47:0.036567599774619194)0.52:0.051448231847921556)0.51:0.04756779963679144)0.45:0.03212012282222208)0.39:0.01245622218976839,((((22,(79,(152,84)0.49:0.05502922230646673)1:0.5448011607461597)0.95:0.22704217659106507,((155,(20,6)0.58:0.07209164085902582)1:0.8316962790557852,(94,((126,154)1:0.4604172039259145,(57,(29,115)0.99:0.32601799306688567)0.9:0.19102356964742226)0.96:0.2480804327384703)0.42:0.023779338439289678)0.65:0.09580956318938436)0.55:0.05955675462256281,(((110,9)1:0.42927707442471275,((34,(85,182)0.81:0.14508077990059395)0.97:0.25233644635366614,(75,(104,(134,(36,(87,17)0.96:0.24869236229061722)0.46:0.04302018269732644)0.93:0.2164601193042628)0.92:0.20582822013692353)0.47:0.06215208384215934)0.72:0.11682238869581825)0.67:0.10390553546307402,(92,(((5,(40,196)0.98:0.290212822397938)0.78:0.1317641625802467,(1,(192,58)0.91:0.2129840253414205)1:0.42790519370018804)1:0.47161211176573486,((73,(44,96)1:0.611947030096293)0.53:0.05684689233742731,(51,(123,(12,99)0.64:0.08955953957314974)0.81:0.144062022347885)1:0.5319124948065698)0.76:0.1241422444356052)0.78:0.1363327110752506)0.78:0.1315052237295304)0.36:0.0)0.38:0.005924393555882113,((((149,105)1:0.529379852463818,(83,(106,((2,(24,62)0.47:0.04240803767588994)0.52:0.05677336351948157,(194,(52,47)0.47:0.05199011474462249)0.58:0.07152660860157137)0.74:0.13185189952519452)0.65:0.1296783456000661)1:0.4755915923497401)0.94:0.226472285969173,((173,(191,23)0.66:0.10326981849527227)1:0.6129858862381218,((160,(186,(128,200)0.76:0.12900556716631853)0.89:0.1829919002176976)1:0.9666605230407692,(168,((13,26)0.96:0.24419911772776673,(184,(127,30)1:0.9504607993614297)0.94:0.21555000359791104)0.59:0.07007346608142993)0.78:0.13317790278880817)0.71:0.11296104316717788)0.93:0.20724761609116693)0.44:0.02852180234532548,(11,((((167,(64,28)1:0.6211610215051633)0.99:0.31008937214283755,((174,114)0.97:0.253904877091017,((188,178)1:0.40678789327217185,(54,(8,(91,171)1:0.37150399894460023)0.81:0.14819907442903302)0.58:0.0702742288777593)0.83:0.15325172327223618)0.89:0.1793312801320357)0.39:0.011083246487441448,((116,(78,(101,(59,(176,164)0.98:0.30706122886848825)0.73:0.12212118903808619)0.92:0.20617149736699852)1:0.43535133738977183)0.75:0.12264697137983217,((46,(21,(111,(16,(33,(172,19)0.83:0.15139821389015254)0.94:0.22572690324419017)0.75:0.12915587233027742)0.62:0.08252896082421399)0.51:0.05239953488715262)0.99:0.30617319336500853,((153,82)0.93:0.21503369438486922,(((156,177)0.95:0.2332975127089984,(32,(42,86)0.95:0.23649018251597295)0.85:0.187780136037648)0.9:0.19543887323043763,((195,(181,38)1:0.37719290888594786)1:0.41021733633811497,(112,(175,(129,93)0.88:0.19548053389431083)0.97:0.2540404502545918)1:0.36039525537697503)1:0.3585751919292956)0.51:0.048789450273663056)0.78:0.14080251068743085)0.79:0.135962467782448)0.45:0.028437395974713568)0.44:0.025942848669079647,(((183,(193,100)1:0.6804620210326296)1:0.4509322643098629,((61,97)0.73:0.11460338273900399,(122,(151,((48,(90,145)0.87:0.17916598459514482)0.44:0.028084696841265813,(39,(133,45)0.54:0.058884598322951016)0.65:0.09113862971808291)0.91:0.196981020906797)0.51:0.06102285212508098)0.73:0.11817269553490999)1:0.7607302931856843)0.56:0.06206250486777845,((0,((124,((37,158)1:0.7101284315235982,((135,132)0.89:0.18911285824863916,(88,(142,148)0.97:0.26553516040813413)0.63:0.0862495224397017)1:0.37004225871196106)0.71:0.1094739626117343)0.5:0.057590194866491695,((3,108)0.96:0.2541373669616323,(27,((157,(74,10)0.95:0.24622021786895437)0.98:0.2841862705723823,(102,(143,169)1:0.5866606243369817)0.78:0.13582984308554508)0.85:0.16245943342945587)0.66:0.09378971778577937)0.82:0.14742825914826835)0.49:0.042672310625100275)0.42:0.019320911677131035,(((89,107)1:1.5395379199858883,(137,(98,(56,162)0.59:0.0822494204443498)0.98:0.2828115295497819)0.45:0.03284851786453453)0.78:0.13348114822287008,(((72,121)1:1.2799915390368464,(((165,(161,15)1:0.8382343542338571)0.98:0.28998427200461413,((66,119)0.91:0.20733294528756757,(55,118)0.62:0.12178923928358128)0.94:0.22029244039466545)0.71:0.11304675179763049,((7,(125,(70,159)0.73:0.1338726819595762)1:0.4023749768938531)0.86:0.16553324026611563,((63,(65,(147,80)1:0.39250335919387236)0.45:0.03864662942893362)0.44:0.03538723582833542,(146,((117,25)0.9:0.18957366150440272,(18,14)1:0.9845216877244041)0.81:0.14421100111684942)0.74:0.12362581454281286)0.42:0.026754587593496425)0.52:0.051064937927161144)0.44:0.0334747165988522)0.34:0.0,(((81,(50,69)0.46:0.03611488972047649)1:0.8462938764093352,(109,((60,163)0.99:0.30364094623948756,(41,(187,185)0.99:0.33078126493363313)1:0.4406324099096858)0.66:0.09241875197299679)0.44:0.029480199725881683)0.91:0.19651494108179357,((49,(138,((199,197)0.73:0.11333402434955252,(166,(71,103)0.44:0.02968174030272804)0.53:0.060953946017076426)0.96:0.23980850887636287)1:0.5503496950965959)0.91:0.19353089493477663,((180,(140,189)0.52:0.051223925352259066)0.96:0.23797742242126718,(53,(67,(198,113)0.82:0.15652796022658522)1:0.47361464175813445)0.93:0.2128890762471895)0.89:0.18522495905363107)0.47:0.03803612516506131)0.38:0.007010657919731984)0.36:0.0)0.48:0.03905761454390214)0.39:0.010253805839917592)0.38:0.007466763220788034)0.34:0.0)0.36:0.0)0.38:0.00570340096955552)0.53:0.05660670218036614)1:0.3533116452195741)0.67:0.10140207407139852));
Weight calculation took 47.711860213 secs
ASTRAL finished in 91.031 secs
