
================== ASTRAL ===================== 

This is ASTRAL version 5.7.8
Gene trees are treated as unrooted
50 trees read from Dataset/AstralII_data/model.200.2000000.0.000001/50/estimatedgenetre.halfresolved_50
index0
All output trees will be *arbitrarily* rooted at 17

======== Running the main analysis
Number of taxa: 201 (201 species)
Taxa: [17, 192, 158, 87, 36, 23, 76, 162, 118, 30, 92, 5, 107, 167, 146, 184, 121, 117, 26, 129, 35, 104, 139, 102, 84, 11, 89, 182, 103, 3, 49, 79, 188, 6, 144, 21, 177, 14, 125, 127, 54, 156, 172, 53, 115, 83, 16, 41, 157, 96, 85, 64, 98, 111, 131, 186, 58, 7, 55, 145, 69, 196, 154, 190, 170, 80, 134, 91, 160, 0, 151, 195, 200, 176, 70, 142, 136, 163, 75, 57, 40, 37, 97, 81, 56, 63, 119, 78, 86, 187, 109, 138, 165, 71, 161, 183, 108, 110, 45, 113, 178, 32, 68, 51, 9, 140, 153, 174, 42, 193, 27, 62, 166, 114, 112, 93, 66, 2, 132, 191, 50, 4, 124, 44, 133, 33, 99, 106, 185, 149, 137, 15, 180, 120, 12, 67, 48, 59, 101, 25, 18, 22, 116, 31, 29, 181, 77, 90, 38, 47, 171, 1, 152, 150, 39, 169, 128, 73, 100, 61, 135, 74, 175, 95, 122, 24, 94, 155, 189, 159, 126, 46, 88, 19, 34, 164, 10, 194, 28, 43, 179, 141, 147, 60, 198, 13, 143, 173, 197, 123, 130, 105, 65, 52, 168, 199, 8, 82, 72, 148, 20]
Taxon occupancy: {110=50, 111=50, 112=50, 113=50, 114=50, 115=50, 116=50, 117=50, 118=50, 119=50, 10=50, 11=50, 12=50, 13=50, 14=50, 15=50, 16=50, 17=50, 18=50, 19=50, 120=50, 121=50, 0=50, 1=50, 122=50, 2=50, 123=50, 3=50, 124=50, 125=50, 4=50, 5=50, 126=50, 6=50, 127=50, 7=50, 128=50, 129=50, 8=50, 9=50, 20=50, 21=50, 22=50, 23=50, 24=50, 25=50, 26=50, 27=50, 28=50, 29=50, 130=50, 131=50, 132=50, 133=50, 134=50, 135=50, 136=50, 137=50, 138=50, 139=50, 30=50, 31=50, 32=50, 33=50, 34=50, 35=50, 36=50, 37=50, 38=50, 39=50, 140=50, 141=50, 142=50, 143=50, 144=50, 145=50, 146=50, 147=50, 148=50, 149=50, 40=50, 41=50, 42=50, 43=50, 44=50, 45=50, 46=50, 47=50, 48=50, 49=50, 150=50, 151=50, 152=50, 153=50, 154=50, 155=50, 156=50, 157=50, 158=50, 159=50, 50=50, 51=50, 52=50, 53=50, 54=50, 55=50, 56=50, 57=50, 58=50, 59=50, 160=50, 161=50, 162=50, 163=50, 164=50, 165=50, 166=50, 167=50, 168=50, 169=50, 60=50, 61=50, 62=50, 63=50, 64=50, 65=50, 66=50, 67=50, 68=50, 69=50, 170=50, 171=50, 172=50, 173=50, 174=50, 175=50, 176=50, 177=50, 178=50, 179=50, 70=50, 71=50, 72=50, 73=50, 74=50, 75=50, 76=50, 77=50, 78=50, 79=50, 180=50, 181=50, 182=50, 183=50, 184=50, 185=50, 186=50, 187=50, 188=50, 189=50, 80=50, 81=50, 82=50, 83=50, 84=50, 85=50, 86=50, 87=50, 88=50, 89=50, 190=50, 191=50, 192=50, 193=50, 194=50, 195=50, 196=50, 197=50, 198=50, 199=50, 90=50, 91=50, 92=50, 93=50, 94=50, 95=50, 96=50, 97=50, 98=50, 99=50, 200=50, 100=50, 101=50, 102=50, 103=50, 104=50, 105=50, 106=50, 107=50, 108=50, 109=50}
Number of gene trees: 50
0 trees have missing taxa
Calculating quartet distance matrix (for completion of X)
Species tree distances calculated ...
Building set of clusters (X) from gene trees 
------------------------------
gradient0: 5169
Number of Clusters after addition by distance: 5169
calculating extra bipartitions to be added at level 1 ...
Adding to X using resolutions of greedy consensus ...
Limit for sigma of degrees:5075
polytomy size limit : 24
discarded polytomies:  [3, 3, 3, 3, 3, 3, 3, 3, 3, 3, 3, 4, 4, 5, 6, 7, 9, 19, 24]
Threshold 0.0:
Threshold 0.01:
Threshold 0.02:
Threshold 0.05:
polytomy of size 7; rounds with additions with at least 5 support: 5; clusters: 5191
Threshold 0.1:
polytomy of size 3; rounds with additions with at least 5 support: 0; clusters: 5191
polytomy of size 9; rounds with additions with at least 5 support: 3; clusters: 5213
polytomy of size 3; rounds with additions with at least 5 support: 0; clusters: 5213
polytomy of size 3; rounds with additions with at least 5 support: 0; clusters: 5213
Threshold 0.2:
polytomy of size 3; rounds with additions with at least 5 support: 0; clusters: 5213
polytomy of size 3; rounds with additions with at least 5 support: 0; clusters: 5213
polytomy of size 19; rounds with additions with at least 5 support: 1; clusters: 5233
Threshold 0.3333333333333333:
polytomy of size 4; rounds with additions with at least 5 support: 0; clusters: 5233
polytomy of size 3; rounds with additions with at least 5 support: 0; clusters: 5233
polytomy of size 3; rounds with additions with at least 5 support: 0; clusters: 5233
polytomy of size 3; rounds with additions with at least 5 support: 0; clusters: 5233
polytomy of size 3; rounds with additions with at least 5 support: 0; clusters: 5233
polytomy of size 4; rounds with additions with at least 5 support: 0; clusters: 5233
polytomy of size 5; rounds with additions with at least 5 support: 0; clusters: 5233
polytomy of size 3; rounds with additions with at least 5 support: 0; clusters: 5233
polytomy of size 3; rounds with additions with at least 5 support: 0; clusters: 5233
polytomy of size 6; rounds with additions with at least 5 support: 0; clusters: 5233
polytomy of size 24; rounds with additions with at least 5 support: 0; clusters: 5233
max k is :10
Number of Clusters after addition by greedy: 5233
gradient0 in heuristiic: 5233
partitions formed in 6.905 secs
Dynamic Programming starting after 6.905 secs
Using tree-based weight calculation.
Using polytree-based weight calculation.
Polytree max score: 3299917500
Polytree building time: 0.128 seconds.
Number of quartet trees in the gene trees: 3299917500
Size of largest cluster: 201
Greedy score: 2316709755
estimationFactor: 1.424398327359743
Sub-optimal score: 2317949436
Total Number of elements weighted: 7691
Normalized score (portion of input quartet trees satisfied before correcting for multiple individuals): 0.7271779533882287
Optimization score: 2399627254
Optimal tree inferred in 9.77 secs.
(171,(1,((169,128),((152,(150,39)),((77,90),((38,47),(((31,(29,181)),(106,(149,(185,137)))),(33,((99,(199,(52,168))),(((160,(124,(44,133))),(22,(116,((180,120),(15,(12,((67,48),(59,(101,(25,18)))))))))),((((115,(53,(83,16))),((172,(54,156)),((64,(98,(111,131))),((186,(96,85)),((58,7),((41,157),((8,82),(72,148)))))))),(((6,(79,188)),(49,(103,3))),(((158,(17,192)),((87,(127,(76,(162,118)))),((89,182),((36,23),((144,21),(177,(14,125))))))),((30,(167,(107,(92,5)))),((35,((84,11),(102,(104,139)))),(129,((184,121),(117,(146,26))))))))),((91,0),(((((132,(191,50)),((66,2),(153,174))),((93,(193,27)),(42,(62,(166,(114,112)))))),(((71,161),(109,(183,(138,165)))),((78,(86,187)),((108,140),((51,9),(32,(68,(110,(45,(113,178)))))))))),(((55,145),((80,134),(69,((190,170),(196,154))))),(((56,(63,119)),((142,((151,195),(176,(200,70)))),((136,(75,(163,57))),((40,37),(97,81))))),((20,((73,(95,122)),(61,(4,(100,(135,(74,175))))))),(((155,189),(19,((34,(164,10)),(159,(126,(46,88)))))),((65,(130,(123,105))),(((24,94),(194,(28,(43,179)))),((141,(147,60)),(198,((13,143),(173,197)))))))))))))))))))))));
Final quartet score is: 2399627254
Final normalized quartet score is: 0.7271779533882287
Extended species tree:
(17,(192,(158,(((87,(127,(76,(162,118)1:0.959470549429352)0.83:0.1590646946296874)1:1.7917594692280545)1:1.1471252814386759,((89,182)1:2.84971784472768,((36,23)1:3.056356895370426,((144,21)1:3.5263605246161593,(177,(14,125)1:0.5819215454497209)1:1.8206852185885445)0.98:0.2837144804140484)1:0.7539671339523502)0.51:0.04875398992596119)0.94:0.2219897698898982,(((30,(167,(107,(92,5)1:0.8873031950009027)1:0.7230001437096266)1:1.1026721393688632)1:1.070848326143692,((35,((84,11)1:1.489478597355122,(102,(104,139)0.9:0.19415601444095737)1:0.6359887667199969)1:2.322387720290224)1:0.8631576535956765,(129,((184,121)1:3.5263605246161593,(117,(146,26)1:0.6359887667199969)1:2.022283127839887)1:1.2608650837664428)0.5:0.05074741602844343)1:0.4001285099410505)1:1.0773295957791331,(((6,(79,188)0.73:0.12516314295400605)1:3.5263605246161593,(49,(103,3)0.54:0.060624621816434854)1:3.5263605246161593)1:0.8197850433102839,(((115,(53,(83,16)1:2.4243868882453468)1:0.8112288574011673)0.7:0.23135931432432913,((172,(54,156)0.73:0.12516314295400605)1:3.5263605246161593,((64,(98,(111,131)1:1.1270887891090675)1:1.1769209080280052)1:1.147937355230611,((186,(96,85)1:1.12205790724279)0.9:0.18986542018893363,((58,7)1:1.5804503755608483,((41,157)1:2.4311728968294157,((8,82)1:1.5804503755608483,(72,148)1:1.9169226121820613)1:1.252122148223518)0.93:0.21834045214001493)0.47:0.05161018416235868)0.97:0.26187418849590843)1:2.5624394331926847)0.94:0.22612270800685114)1:0.47657298082885113,(((91,0)0.88:0.19732907143907152,(((((132,(191,50)0.93:0.23052365861183224)1:2.0733955740489898,((66,2)0.92:0.21272843428571592,(153,174)0.61:0.12516314295400605)1:1.1494588410736306)1:1.1803761160875603,((93,(193,27)1:2.8206661280041256)1:0.45568421104206874,(42,(62,(166,(114,112)0.95:0.23033662036196506)1:1.1286960121741854)1:0.9360933591703345)1:0.8761394895361265)1:0.839823578486309)0.45:0.04034576214330074,(((71,161)1:1.6168180197317232,(109,(183,(138,165)1:1.918944857562829)1:0.4135222635020629)0.46:0.04000533461369925)1:1.3906297360428834,((78,(86,187)1:3.430132492521604)0.82:0.1710956918702241,((108,140)0.99:0.30748469974796055,((51,9)0.95:0.2360721903020201,(32,(68,(110,(45,(113,178)0.98:0.2682639865946794)1:0.4357796452332687)1:0.4205086695806782)1:0.5303077895949192)1:0.7478953203851363)1:0.41655579480232263)1:2.1092945048295166)1:0.8417201816521368)1:0.8874955029047289)1:1.061561908256132,(((55,145)1:3.5263605246161593,((80,134)1:2.2454266791540958,(69,((190,170)1:1.4443841273331384,(196,154)1:2.4277482359480516)1:1.912849286794425)1:0.6371348986506195)1:0.7475412526257441)1:1.014518738586974,(((56,(63,119)1:3.5263605246161593)1:1.2447231241932666,((142,((151,195)1:3.5263605246161593,(176,(200,70)0.93:0.23052365861183224)1:2.6100697927420056)0.86:0.16919541310450936)0.99:0.33177739231700504,((136,(75,(163,57)1:0.43623676677491796)1:0.7521867647961585)0.98:0.2779258975064163,((40,37)1:2.1387979325082744,(97,81)1:0.8876658423303528)0.99:0.3379439072326693)1:3.0408527088344606)1:2.373681014677776)1:1.262199538334187,((20,((73,(95,122)1:2.8510482116922504)0.43:0.03330483150652422,(61,(4,(100,(135,(74,175)1:0.9614111671546247)1:1.581175801780546)0.58:0.07018334143412308)0.88:0.19415601444095737)1:2.4419692472629926)0.72:0.1120059455522615)0.85:0.16956112639571036,(((155,189)1:3.5263605246161593,(19,((34,(164,10)1:0.7537718023763802)1:1.4469189829363254,(159,(126,(46,88)1:2.8332133440562166)0.58:0.12499395252978047)1:0.5195784148755854)1:0.8813684594810881)1:1.295630606942474)1:0.9279677428988812,((65,(130,(123,105)0.36:0.0)1:1.5114575040738965)1:1.8684670640438588,(((24,94)1:1.8681324480126293,(194,(28,(43,179)1:0.5816557647172594)1:1.5804503755608483)1:0.4583075894825443)1:1.1193461649500784,((141,(147,60)1:1.9169226121820613)1:0.6551404832793251,(198,((13,143)0.7:0.10614048864724254,(173,197)1:1.4472362921568207)0.46:0.0381588521572836)1:1.0574489930560345)0.61:0.08168561628215998)1:0.5670679986217462)0.7:0.14392811722114043)1:1.9095727290871234)0.99:0.3279043862705718)0.78:0.13088456045965202)0.56:0.07010979481220883)0.41:0.018918435824710093)0.7:0.1215106159418494,(((160,(124,(44,133)1:2.138804333675848)1:0.6641596436866931)0.99:0.3280367970157985,(22,(116,((180,120)1:1.5811050400686815,(15,(12,((67,48)1:1.3864452020584068,(59,(101,(25,18)0.85:0.16011017303124034)0.65:0.09122775090337014)1:0.5061858261138343)1:1.0949425597791473)1:0.8291343808023564)1:0.7311929935237268)0.68:0.09860022228643606)1:0.6304485863443812)1:1.264943001817283)0.56:0.071686364910376,((99,(199,(52,168)1:0.34830669426821587)1:3.5263605246161593)1:0.8140222703650372,(33,(((31,(29,181)1:2.8332133440562166)1:1.3297088490429625,(106,(149,(185,137)0.63:0.09237332013101504)1:1.6541679514574164)1:2.4208988941024785)0.89:0.19256642855079212,((38,47)1:3.5263605246161593,((77,90)1:3.5263605246161593,((152,(150,39)1:1.9169226121820613)1:0.6643069299377878,((169,128)1:2.142607460924944,(1,171)1:2.8332133440562166)0.74:0.1196229625783907)1:1.497892518510654)0.86:0.18938759478659706)1:0.6772632252639781)1:0.5441233544214537)1:0.5578405186208499)0.41:0.02581803377640167)1:0.36693434920286194)1:0.6057951439040735)0.97:0.2635847094604651)0.99:0.3118692036252312)0.89:0.18328104798190778)1:3.124265478025497)0.44:0.029852963149681274));
Weight calculation took 1.803896106 secs
ASTRAL finished in 11.612 secs
