
================== ASTRAL ===================== 

This is ASTRAL version 5.7.8
Gene trees are treated as unrooted
1000 trees read from Dataset/AstralII_data/model.200.2000000.0.000001/50/estimatedgenetre.halfresolved
index0
All output trees will be *arbitrarily* rooted at 17

======== Running the main analysis
Number of taxa: 201 (201 species)
Taxa: [17, 192, 158, 87, 36, 23, 76, 162, 118, 30, 92, 5, 107, 167, 146, 184, 121, 117, 26, 129, 35, 104, 139, 102, 84, 11, 89, 182, 103, 3, 49, 79, 188, 6, 144, 21, 177, 14, 125, 127, 54, 156, 172, 53, 115, 83, 16, 41, 157, 96, 85, 64, 98, 111, 131, 186, 58, 7, 55, 145, 69, 196, 154, 190, 170, 80, 134, 91, 160, 0, 151, 195, 200, 176, 70, 142, 136, 163, 75, 57, 40, 37, 97, 81, 56, 63, 119, 78, 86, 187, 109, 138, 165, 71, 161, 183, 108, 110, 45, 113, 178, 32, 68, 51, 9, 140, 153, 174, 42, 193, 27, 62, 166, 114, 112, 93, 66, 2, 132, 191, 50, 4, 124, 44, 133, 33, 99, 106, 185, 149, 137, 15, 180, 120, 12, 67, 48, 59, 101, 25, 18, 22, 116, 31, 29, 181, 77, 90, 38, 47, 171, 1, 152, 150, 39, 169, 128, 73, 100, 61, 135, 74, 175, 95, 122, 24, 94, 155, 189, 159, 126, 46, 88, 19, 34, 164, 10, 194, 28, 43, 179, 141, 147, 60, 198, 13, 143, 173, 197, 123, 130, 105, 65, 52, 168, 199, 8, 82, 72, 148, 20]
Taxon occupancy: {110=1000, 111=1000, 112=1000, 113=1000, 114=1000, 115=1000, 116=1000, 117=1000, 118=1000, 119=1000, 10=1000, 11=1000, 12=1000, 13=1000, 14=1000, 15=1000, 16=1000, 17=1000, 18=1000, 19=1000, 120=1000, 121=1000, 0=1000, 1=1000, 122=1000, 2=1000, 123=1000, 3=1000, 124=1000, 125=1000, 4=1000, 5=1000, 126=1000, 6=1000, 127=1000, 7=1000, 128=1000, 129=1000, 8=1000, 9=1000, 20=1000, 21=1000, 22=1000, 23=1000, 24=1000, 25=1000, 26=1000, 27=1000, 28=1000, 29=1000, 130=1000, 131=1000, 132=1000, 133=1000, 134=1000, 135=1000, 136=1000, 137=1000, 138=1000, 139=1000, 30=1000, 31=1000, 32=1000, 33=1000, 34=1000, 35=1000, 36=1000, 37=1000, 38=1000, 39=1000, 140=1000, 141=1000, 142=1000, 143=1000, 144=1000, 145=1000, 146=1000, 147=1000, 148=1000, 149=1000, 40=1000, 41=1000, 42=1000, 43=1000, 44=1000, 45=1000, 46=1000, 47=1000, 48=1000, 49=1000, 150=1000, 151=1000, 152=1000, 153=1000, 154=1000, 155=1000, 156=1000, 157=1000, 158=1000, 159=1000, 50=1000, 51=1000, 52=1000, 53=1000, 54=1000, 55=1000, 56=1000, 57=1000, 58=1000, 59=1000, 160=1000, 161=1000, 162=1000, 163=1000, 164=1000, 165=1000, 166=1000, 167=1000, 168=1000, 169=1000, 60=1000, 61=1000, 62=1000, 63=1000, 64=1000, 65=1000, 66=1000, 67=1000, 68=1000, 69=1000, 170=1000, 171=1000, 172=1000, 173=1000, 174=1000, 175=1000, 176=1000, 177=1000, 178=1000, 179=1000, 70=1000, 71=1000, 72=1000, 73=1000, 74=1000, 75=1000, 76=1000, 77=1000, 78=1000, 79=1000, 180=1000, 181=1000, 182=1000, 183=1000, 184=1000, 185=1000, 186=1000, 187=1000, 188=1000, 189=1000, 80=1000, 81=1000, 82=1000, 83=1000, 84=1000, 85=1000, 86=1000, 87=1000, 88=1000, 89=1000, 190=1000, 191=1000, 192=1000, 193=1000, 194=1000, 195=1000, 196=1000, 197=1000, 198=1000, 199=1000, 90=1000, 91=1000, 92=1000, 93=1000, 94=1000, 95=1000, 96=1000, 97=1000, 98=1000, 99=1000, 200=1000, 100=1000, 101=1000, 102=1000, 103=1000, 104=1000, 105=1000, 106=1000, 107=1000, 108=1000, 109=1000}
Number of gene trees: 1000
0 trees have missing taxa
Calculating quartet distance matrix (for completion of X)
Species tree distances calculated ...
Building set of clusters (X) from gene trees 
------------------------------
gradient0: 42307
Number of Clusters after addition by distance: 42307
calculating extra bipartitions to be added at level 1 ...
Adding to X using resolutions of greedy consensus ...
Limit for sigma of degrees:5075
polytomy size limit : 26
discarded polytomies:  [3, 3, 3, 3, 3, 3, 3, 3, 3, 3, 3, 4, 4, 4, 4, 4, 5, 5, 6, 7, 10, 21, 26]
Threshold 0.0:
Threshold 0.01:
Threshold 0.02:
polytomy of size 5; rounds with additions with at least 5 support: 0; clusters: 42311
Threshold 0.05:
polytomy of size 7; rounds with additions with at least 5 support: 0; clusters: 42311
Threshold 0.1:
polytomy of size 3; rounds with additions with at least 5 support: 0; clusters: 42311
polytomy of size 10; rounds with additions with at least 5 support: 0; clusters: 42313
polytomy of size 3; rounds with additions with at least 5 support: 0; clusters: 42313
Threshold 0.2:
polytomy of size 3; rounds with additions with at least 5 support: 0; clusters: 42313
polytomy of size 4; rounds with additions with at least 5 support: 0; clusters: 42313
polytomy of size 21; rounds with additions with at least 5 support: 0; clusters: 42313
Threshold 0.3333333333333333:
polytomy of size 4; rounds with additions with at least 5 support: 0; clusters: 42313
polytomy of size 6; rounds with additions with at least 5 support: 0; clusters: 42313
polytomy of size 3; rounds with additions with at least 5 support: 0; clusters: 42313
polytomy of size 4; rounds with additions with at least 5 support: 0; clusters: 42313
polytomy of size 3; rounds with additions with at least 5 support: 0; clusters: 42313
polytomy of size 3; rounds with additions with at least 5 support: 0; clusters: 42313
polytomy of size 3; rounds with additions with at least 5 support: 0; clusters: 42313
polytomy of size 3; rounds with additions with at least 5 support: 0; clusters: 42313
polytomy of size 4; rounds with additions with at least 5 support: 0; clusters: 42313
polytomy of size 5; rounds with additions with at least 5 support: 0; clusters: 42313
polytomy of size 4; rounds with additions with at least 5 support: 0; clusters: 42313
polytomy of size 3; rounds with additions with at least 5 support: 0; clusters: 42313
polytomy of size 3; rounds with additions with at least 5 support: 0; clusters: 42313
polytomy of size 3; rounds with additions with at least 5 support: 0; clusters: 42313
polytomy of size 26; rounds with additions with at least 5 support: 0; clusters: 42313
max k is :0
Number of Clusters after addition by greedy: 42313
gradient0 in heuristiic: 42313
partitions formed in 39.362 secs
Dynamic Programming starting after 39.362 secs
Using tree-based weight calculation.
Using polytree-based weight calculation.
Polytree max score: 65998350000
Polytree building time: 4.057 seconds.
Number of quartet trees in the gene trees: 65998350000
Size of largest cluster: 201
Greedy score: 42741721758
estimationFactor: 1.544120060807963
Sub-optimal score: 47114362789
Calculated 100000 weights; time (seconds): 208
Total Number of elements weighted: 151256
Normalized score (portion of input quartet trees satisfied before correcting for multiple individuals): 0.7329438842031657
Optimization score: 48373087000
Optimal tree inferred in 302.44 secs.
(94,(24,((194,(28,(43,179))),(((141,(147,60)),(198,((173,197),(13,143)))),((65,(123,(130,105))),(((155,189),(19,((34,(164,10)),(159,(126,(46,88)))))),((20,((95,122),(73,(61,(4,(100,(135,(74,175)))))))),(((56,(63,119)),((142,((151,195),(176,(200,70)))),(((40,37),(97,81)),(136,(75,(163,57)))))),(((55,145),((80,134),(69,((190,170),(196,154))))),(0,(((((132,(191,50)),((153,174),(66,2))),((93,(193,27)),(42,(62,(166,(114,112)))))),(((71,161),(109,(183,(138,165)))),((78,(86,187)),((108,140),(51,(9,(32,(68,(110,(45,(113,178))))))))))),(((91,160),(((124,(44,133)),(22,((180,120),(116,(15,(12,((67,48),((59,101),(25,18))))))))),((99,(199,(52,168))),(33,(((31,(29,181)),(106,(149,(185,137)))),((38,47),((77,90),((152,(150,39)),((169,128),(171,1)))))))))),(((115,(53,(83,16))),((172,(54,156)),((64,(98,(111,131))),((186,(96,85)),((58,7),((41,157),((8,82),(72,148)))))))),(((6,(79,188)),(49,(103,3))),(((192,(17,158)),((89,182),((87,(127,(76,(162,118)))),((36,23),((144,21),(177,(14,125))))))),((30,(167,(107,(92,5)))),((35,((84,11),(102,(104,139)))),(129,((184,121),(117,(146,26)))))))))))))))))))));
Final quartet score is: 48373087000
Final normalized quartet score is: 0.7329438842031657
Extended species tree:
(17,(158,(192,(((89,182)1:4.848122040756623,((87,(127,(76,(162,118)1:0.9501147778552802)1:0.12229424686509024)1:1.1966988015403084)1:1.3665935002079361,((36,23)1:4.242601032920439,((144,21)1:3.8883298931708596,(177,(14,125)1:0.4702276727474432)1:2.062861772902113)1:0.44698059308627025)1:1.0443703701527483)1:0.184801648459959)1:0.2251776106225506,(((30,(167,(107,(92,5)1:0.8648810833441952)1:0.7272022750707064)1:1.343159806843751)1:1.0883161113805704,((35,((84,11)1:1.1530125657283081,(102,(104,139)1:0.36757174622801075)1:0.7095141580241505)1:2.3650918160596466)1:0.8215917199253265,(129,((184,121)1:3.650658241293734,(117,(146,26)1:0.4465056579784314)1:2.114240558078084)1:1.3184425384450733)1:0.13961894745641418)1:0.2773569893471512)1:1.221002475785994,(((6,(79,188)1:0.15940923708072535)1:4.638613415195437,(49,(103,3)0.81:0.03403935441128363)1:4.151914414043575)1:0.8455881184326991,(((115,(53,(83,16)1:2.973370423973907)1:0.7283677304782789)1:0.20367085085124542,((172,(54,156)1:0.08983071403969925)1:4.190159282904939,((64,(98,(111,131)1:0.6740173095978631)1:1.4373589496679193)1:1.2379372269861177,((186,(96,85)1:1.5230788738230188)1:0.07351979121231289,((58,7)1:2.1603145066686222,((41,157)1:3.134889234900378,((8,82)1:1.4095238995333856,(72,148)1:2.2692567365932774)1:1.2906524003647777)1:0.1800304925219495)0.74:0.027434666472610843)1:0.35413425118288644)1:1.930912909638106)1:0.17930844803052529)1:0.4652994028177152,(((91,160)1:0.13415110238694736,(((124,(44,133)1:2.547588148945441)1:3.7435236246223487,(22,((180,120)1:2.3270866867965223,(116,(15,(12,((67,48)1:1.2965956992720145,((59,101)1:0.07527870932583268,(25,18)1:0.3304557971818644)1:0.6109497813193948)1:0.9212429436824062)1:0.9210115258780945)1:0.45895634153433484)0.45:0.008720016440404193)1:0.9416339748837828)1:1.1441843933172446)1:0.17373017383157302,((99,(199,(52,168)1:0.44885032493768573)1:4.011637633279515)1:0.9602038289988883,(33,(((31,(29,181)1:3.251233093096502)1:1.6801335414225884,(106,(149,(185,137)1:0.2192026241663499)1:1.5814578527205252)1:2.24853033898704)1:0.3356637474149256,((38,47)1:4.424872045363032,((77,90)1:5.404677382538943,((152,(150,39)1:1.5333010222469596)1:0.9041663545519518,((169,128)1:2.3310914413537245,(171,1)1:4.712376583747686)1:0.14123668448370733)1:1.0585485735770395)1:0.2226446447446477)1:0.8335104459808992)1:0.6304792531544928)1:0.3296828839952108)1:0.16672510802167761)1:0.13049038044021088)1:0.19823420781349832,(((((132,(191,50)1:0.41193408424578326)1:2.7657121042884176,((153,174)0.95:0.06519290336578461,(66,2)1:0.23609875486034126)1:1.2458591817251103)1:1.3376058030202296,((93,(193,27)1:3.1307827820078264)1:0.3053913918918744,(42,(62,(166,(114,112)1:0.3028214757325811)1:0.6454217835379827)1:1.0992878618794129)1:0.6932429443082636)1:1.0127458334910528)0.9:0.040442876831479055,(((71,161)1:1.6996785465451267,(109,(183,(138,165)1:1.7243784067089838)1:0.7353018527380963)0.96:0.05200268835751156)1:1.751047598886433,((78,(86,187)1:2.387130906211209)1:0.09492344725340424,((108,140)1:0.39179476100912347,(51,(9,(32,(68,(110,(45,(113,178)1:0.24380477977931736)1:0.3569115011592413)1:0.5210726832466535)1:0.421574341534203)1:0.6858287933154028)1:0.09076974308475481)1:0.459793788742592)1:2.4308401277067957)1:0.8959683437143701)1:0.783046830147553)1:1.0276438760393218,(0,(((55,145)1:5.116995310087171,((80,134)1:2.5875211118126207,(69,((190,170)1:1.651318895097413,(196,154)1:2.1724895418073253)1:1.760978543433564)1:0.5243190867269143)1:0.7314397531404029)1:1.1848178334086212,(((56,(63,119)1:4.306065093870834)1:1.0991933982779292,((142,((151,195)1:3.7908274486936513,(176,(200,70)1:0.19880393707180863)1:3.557911283798673)1:0.26039982826999497)1:0.5059796087729136,(((40,37)1:1.53996593951931,(97,81)1:0.7313584488616652)1:0.1979272095164002,(136,(75,(163,57)1:0.4536991650140099)1:0.8014125639104027)1:0.318968973723321)1:2.9163045247744566)1:2.269844135544249)1:1.6523416311194503,((20,((95,122)1:3.978335135967729,(73,(61,(4,(100,(135,(74,175)1:1.3159038653663009)1:1.3670732862747805)1:0.07915686902864634)1:0.20987039236057464)1:2.857220871536176)0.91:0.04438962257152438)0.85:0.045637433084893556)1:0.2063258497076319,(((155,189)1:3.881014106224287,(19,((34,(164,10)1:1.1704001024987818)1:1.1084942269817832,(159,(126,(46,88)1:2.3599946241738965)0.98:0.05853317119601475)1:0.4429093842617601)1:0.9650718377853998)1:1.149986322804849)1:0.7675184486411493,((65,(123,(130,105)1:0.17895786244736123)1:1.5982405245385374)1:2.3802789253026253,(((141,(147,60)1:2.944628201802574)1:0.7327641770545382,(198,((173,197)1:1.6128642129341224,(13,143)1:0.12391593045886676)1:0.08906152182078002)1:0.8086333420948852)1:0.19723364662099713,((194,(28,(43,179)1:0.3046467241346452)1:1.3585584230688874)1:0.4406440501836839,(24,94)1:2.2479679657195755)1:1.30307313942716)1:0.6656757294176749)1:0.10557373353221106)1:1.7474712215008992)1:0.5979920282304685)1:0.07147195949588164)0.99:0.06902719127080653)1:0.10101985406438029)1:0.10635932509444242)1:0.7412856894714597)1:0.4654288054467816)1:0.22814749779897853)1:0.07601108326456792)1:5.439034167395571)0.79:0.030943376706155663));
Weight calculation took 241.634145398 secs
ASTRAL finished in 312.375 secs
