
================== ASTRAL ===================== 

This is ASTRAL version 5.7.8
Gene trees are treated as unrooted
200 trees read from Dataset/AstralII_data/model.200.2000000.0.000001/50/estimatedgenetre.halfresolved_200
index0
All output trees will be *arbitrarily* rooted at 17

======== Running the main analysis
Number of taxa: 201 (201 species)
Taxa: [17, 192, 158, 87, 36, 23, 76, 162, 118, 30, 92, 5, 107, 167, 146, 184, 121, 117, 26, 129, 35, 104, 139, 102, 84, 11, 89, 182, 103, 3, 49, 79, 188, 6, 144, 21, 177, 14, 125, 127, 54, 156, 172, 53, 115, 83, 16, 41, 157, 96, 85, 64, 98, 111, 131, 186, 58, 7, 55, 145, 69, 196, 154, 190, 170, 80, 134, 91, 160, 0, 151, 195, 200, 176, 70, 142, 136, 163, 75, 57, 40, 37, 97, 81, 56, 63, 119, 78, 86, 187, 109, 138, 165, 71, 161, 183, 108, 110, 45, 113, 178, 32, 68, 51, 9, 140, 153, 174, 42, 193, 27, 62, 166, 114, 112, 93, 66, 2, 132, 191, 50, 4, 124, 44, 133, 33, 99, 106, 185, 149, 137, 15, 180, 120, 12, 67, 48, 59, 101, 25, 18, 22, 116, 31, 29, 181, 77, 90, 38, 47, 171, 1, 152, 150, 39, 169, 128, 73, 100, 61, 135, 74, 175, 95, 122, 24, 94, 155, 189, 159, 126, 46, 88, 19, 34, 164, 10, 194, 28, 43, 179, 141, 147, 60, 198, 13, 143, 173, 197, 123, 130, 105, 65, 52, 168, 199, 8, 82, 72, 148, 20]
Taxon occupancy: {110=200, 111=200, 112=200, 113=200, 114=200, 115=200, 116=200, 117=200, 118=200, 119=200, 10=200, 11=200, 12=200, 13=200, 14=200, 15=200, 16=200, 17=200, 18=200, 19=200, 120=200, 121=200, 0=200, 1=200, 122=200, 2=200, 123=200, 3=200, 124=200, 125=200, 4=200, 5=200, 126=200, 6=200, 127=200, 7=200, 128=200, 129=200, 8=200, 9=200, 20=200, 21=200, 22=200, 23=200, 24=200, 25=200, 26=200, 27=200, 28=200, 29=200, 130=200, 131=200, 132=200, 133=200, 134=200, 135=200, 136=200, 137=200, 138=200, 139=200, 30=200, 31=200, 32=200, 33=200, 34=200, 35=200, 36=200, 37=200, 38=200, 39=200, 140=200, 141=200, 142=200, 143=200, 144=200, 145=200, 146=200, 147=200, 148=200, 149=200, 40=200, 41=200, 42=200, 43=200, 44=200, 45=200, 46=200, 47=200, 48=200, 49=200, 150=200, 151=200, 152=200, 153=200, 154=200, 155=200, 156=200, 157=200, 158=200, 159=200, 50=200, 51=200, 52=200, 53=200, 54=200, 55=200, 56=200, 57=200, 58=200, 59=200, 160=200, 161=200, 162=200, 163=200, 164=200, 165=200, 166=200, 167=200, 168=200, 169=200, 60=200, 61=200, 62=200, 63=200, 64=200, 65=200, 66=200, 67=200, 68=200, 69=200, 170=200, 171=200, 172=200, 173=200, 174=200, 175=200, 176=200, 177=200, 178=200, 179=200, 70=200, 71=200, 72=200, 73=200, 74=200, 75=200, 76=200, 77=200, 78=200, 79=200, 180=200, 181=200, 182=200, 183=200, 184=200, 185=200, 186=200, 187=200, 188=200, 189=200, 80=200, 81=200, 82=200, 83=200, 84=200, 85=200, 86=200, 87=200, 88=200, 89=200, 190=200, 191=200, 192=200, 193=200, 194=200, 195=200, 196=200, 197=200, 198=200, 199=200, 90=200, 91=200, 92=200, 93=200, 94=200, 95=200, 96=200, 97=200, 98=200, 99=200, 200=200, 100=200, 101=200, 102=200, 103=200, 104=200, 105=200, 106=200, 107=200, 108=200, 109=200}
Number of gene trees: 200
0 trees have missing taxa
Calculating quartet distance matrix (for completion of X)
Species tree distances calculated ...
Building set of clusters (X) from gene trees 
------------------------------
gradient0: 13243
Number of Clusters after addition by distance: 13243
calculating extra bipartitions to be added at level 1 ...
Adding to X using resolutions of greedy consensus ...
Limit for sigma of degrees:5075
polytomy size limit : 26
discarded polytomies:  [3, 3, 3, 3, 3, 3, 3, 3, 3, 3, 4, 4, 4, 5, 5, 5, 6, 6, 8, 21, 26]
Threshold 0.0:
Threshold 0.01:
Threshold 0.02:
polytomy of size 5; rounds with additions with at least 5 support: 0; clusters: 13267
Threshold 0.05:
polytomy of size 6; rounds with additions with at least 5 support: 0; clusters: 13267
Threshold 0.1:
polytomy of size 3; rounds with additions with at least 5 support: 0; clusters: 13267
polytomy of size 8; rounds with additions with at least 5 support: 1; clusters: 13269
Threshold 0.2:
polytomy of size 3; rounds with additions with at least 5 support: 0; clusters: 13269
polytomy of size 3; rounds with additions with at least 5 support: 0; clusters: 13269
polytomy of size 5; rounds with additions with at least 5 support: 0; clusters: 13269
polytomy of size 21; rounds with additions with at least 5 support: 0; clusters: 13279
Threshold 0.3333333333333333:
polytomy of size 4; rounds with additions with at least 5 support: 0; clusters: 13279
polytomy of size 6; rounds with additions with at least 5 support: 0; clusters: 13279
polytomy of size 3; rounds with additions with at least 5 support: 0; clusters: 13279
polytomy of size 3; rounds with additions with at least 5 support: 0; clusters: 13279
polytomy of size 3; rounds with additions with at least 5 support: 0; clusters: 13279
polytomy of size 4; rounds with additions with at least 5 support: 0; clusters: 13279
polytomy of size 5; rounds with additions with at least 5 support: 0; clusters: 13279
polytomy of size 3; rounds with additions with at least 5 support: 0; clusters: 13279
polytomy of size 4; rounds with additions with at least 5 support: 0; clusters: 13279
polytomy of size 3; rounds with additions with at least 5 support: 0; clusters: 13279
polytomy of size 3; rounds with additions with at least 5 support: 0; clusters: 13279
polytomy of size 3; rounds with additions with at least 5 support: 0; clusters: 13279
polytomy of size 26; rounds with additions with at least 5 support: 0; clusters: 13279
max k is :2
Number of Clusters after addition by greedy: 13279
gradient0 in heuristiic: 13279
partitions formed in 7.358 secs
Dynamic Programming starting after 7.358 secs
Using tree-based weight calculation.
Using polytree-based weight calculation.
Polytree max score: 13199670000
Polytree building time: 0.241 seconds.
Number of quartet trees in the gene trees: 13199670000
Size of largest cluster: 201
Greedy score: 8944040999
estimationFactor: 1.4758060703742084
Sub-optimal score: 9133015188
Total Number of elements weighted: 28276
Normalized score (portion of input quartet trees satisfied before correcting for multiple individuals): 0.7352452538586192
Optimization score: 9704994720
Optimal tree inferred in 20.003 secs.
(171,(1,((169,128),((152,(150,39)),((77,90),((38,47),(((31,(29,181)),(106,(149,(185,137)))),(33,((99,(199,(52,168))),(((160,(124,(44,133))),(22,((116,(180,120)),(15,(12,((67,48),(59,(101,(25,18))))))))),((((115,(53,(83,16))),((172,(54,156)),((64,(98,(111,131))),((186,(96,85)),((58,7),((41,157),((72,148),(8,82)))))))),(((6,(79,188)),(49,(103,3))),(((17,(192,158)),((89,182),((87,(127,(76,(162,118)))),((36,23),((144,21),(177,(14,125))))))),((30,(167,(107,(92,5)))),((35,((84,11),(102,(104,139)))),(129,((184,121),(117,(146,26))))))))),((91,0),((((93,(193,27)),(42,(62,(166,(114,112))))),(((132,(191,50)),((153,174),(66,2))),(((71,161),(109,(183,(138,165)))),((78,(86,187)),((108,140),(51,(9,(32,(68,(110,(45,(113,178)))))))))))),(((55,145),((80,134),(69,((190,170),(196,154))))),(((56,(63,119)),((142,((151,195),(176,(200,70)))),(((40,37),(97,81)),(136,(75,(163,57)))))),((20,((73,(95,122)),(61,(4,(100,(135,(74,175))))))),(((155,189),(19,((34,(164,10)),(159,(126,(46,88)))))),((65,(123,(130,105))),(((24,94),(194,(28,(43,179)))),((141,(147,60)),(198,((13,143),(173,197)))))))))))))))))))))));
Final quartet score is: 9704994720
Final normalized quartet score is: 0.7352452538586192
Extended species tree:
(17,((192,158)0.39:0.007490671729157626,(((89,182)1:3.8170623789188385,((87,(127,(76,(162,118)1:1.0056073006802846)0.98:0.1397960364482864)1:1.2342781538212648)1:1.2648290754707507,((36,23)1:3.6197737511202095,((144,21)1:4.897839799950916,(177,(14,125)1:0.580351686414601)1:2.0341822545249792)1:0.3442523334817277)1:1.0965722009610135)1:0.16290332183223766)1:0.21103536410017018,(((30,(167,(107,(92,5)1:0.7870487343700717)1:0.7311745761491845)1:1.4415553091177336)1:1.1000455224277779,((35,((84,11)1:1.121254765417869,(102,(104,139)1:0.34390974655242607)1:0.7747458244428247)1:2.3433991145903508)1:0.8976896381301539,(129,((184,121)1:4.050541939563702,(117,(146,26)1:0.4092034302187715)1:1.9800690678666326)1:1.2848219915298023)0.97:0.1218171627637928)1:0.3438993456616472)1:1.2151680793485498,(((6,(79,188)0.98:0.1356658651531553)1:4.204692619390971,(49,(103,3)0.9:0.09381875521765486)1:4.492374691842744)1:0.9040151445463943,(((115,(53,(83,16)1:3.280353554333987)1:0.6877070462516508)0.97:0.2212905992370205,((172,(54,156)0.64:0.04580953603129422)1:4.897839799950916,((64,(98,(111,131)1:0.7543043201375921)1:1.1962871835662872)1:1.0580617013960938,((186,(96,85)1:1.394772837344095)0.97:0.12162023166727247,((58,7)1:2.144982464021695,((41,157)1:2.758981001527355,((72,148)1:2.3723142219445013,(8,82)1:1.4021016468473855)1:1.4102883085339708)1:0.16815625537377912)0.57:0.035356320818265924)1:0.3684938015618855)1:1.8818654507534986)1:0.17626141081001637)1:0.44325403107464173,(((91,0)0.99:0.17644051173709138,((((93,(193,27)1:2.944740547323127)1:0.2787411600711356,(42,(62,(166,(114,112)1:0.25349746453730015)1:0.8118634873993271)1:1.0192258566538952)1:0.7710815511551606)1:1.1361384869421847,(((132,(191,50)1:0.40926017907671597)1:2.4096631587744892,((153,174)0.82:0.08569671487832849,(66,2)1:0.24884704951631875)1:1.2946604928925534)1:1.2770942952182973,(((71,161)1:2.050027656473543,(109,(183,(138,165)1:1.602751436975541)1:0.5802840068098241)0.7:0.053531582125204404)1:1.710543625979088,((78,(86,187)1:2.7903852220433993)0.53:0.08830555395250142,((108,140)1:0.43920971182187674,(51,(9,(32,(68,(110,(45,(113,178)1:0.2441680917350657)1:0.4148946071202484)1:0.44735615162195935)1:0.44331362881990355)1:0.7115960546444136)0.89:0.10114328595829357)1:0.4459567923692128)1:2.1739290473767277)1:0.8620314587449713)1:0.8772593223669835)0.53:0.03516878963795056)1:0.934261338775752,(((55,145)1:3.799227511282799,((80,134)1:2.576463304339838,(69,((190,170)1:1.6791670413845567,(196,154)1:2.455492764581707)1:1.7840977590764886)1:0.64530266373455)1:0.6968542921713375)1:1.0863158040827359,(((56,(63,119)1:3.1179348302574055)1:1.1401305311213168,((142,((151,195)1:3.51154543883102,(176,(200,70)1:0.22501096548900523)1:3.288401887516811)1:0.2352719125151183)1:0.5335310353722417,(((40,37)1:1.6217491612540273,(97,81)1:0.7403854016505073)1:0.2296948148014317,(136,(75,(163,57)1:0.34401607297464204)1:0.7706235449970592)1:0.34747785045781454)1:3.106080330722857)1:2.148079110267333)1:1.3365502990031513,((20,((73,(95,122)1:3.669913754602487)0.65:0.04701740496830898,(61,(4,(100,(135,(74,175)1:1.2602536402245255)1:1.448174600805973)0.97:0.12660764870759567)1:0.22267724214278514)1:2.5126511784216543)0.57:0.04715797603619177)1:0.19434584909868227,(((155,189)1:4.204692619390971,(19,((34,(164,10)1:1.0476921982408527)1:1.1996928549864718,(159,(126,(46,88)1:2.2591432857824687)0.84:0.09398519995838538)1:0.47234861726884164)1:0.9660818995484748)1:1.1041927508732723)1:0.8017693141621117,((65,(123,(130,105)0.95:0.11043223579596158)1:1.4173809606549563)1:2.3673450141966113,(((24,94)1:2.296670738255154,(194,(28,(43,179)1:0.28266927935936026)1:1.463361476523258)1:0.5411309732613194)1:1.294001739385119,((141,(147,60)1:2.412933150162912)1:0.6639961518542918,(198,((13,143)0.73:0.06436175569223045,(173,197)1:1.602379015184562)0.43:0.015695174351106726)1:0.8734986739451154)1:0.203213515323564)1:0.5819741311926651)0.78:0.0974926146140022)1:1.7783702762441906)1:0.5530970638317263)0.89:0.09227176927842902)0.98:0.13329251786946184)0.78:0.07878797242971555)0.55:0.06504265236725235,(((160,(124,(44,133)1:2.4971934937806513)1:0.8572851896771604)1:0.22318977397718956,(22,((116,(180,120)1:2.252309955830035)0.71:0.058432560555938505,(15,(12,((67,48)1:1.2150687075400537,(59,(101,(25,18)1:0.2832194581813511)0.52:0.034100123526683956)1:0.6495277248587454)1:0.8973481465351569)1:1.0820652381931948)1:0.5253225219450361)1:0.885277405652248)1:1.2309792478955481)0.98:0.13546431048650423,((99,(199,(52,168)1:0.4434925036974035)1:4.204692619390971)1:0.7626921671013907,(33,(((31,(29,181)1:3.106080330722857)1:1.7881117219844211,(106,(149,(185,137)0.89:0.09381875521765486)1:1.6205992952783475)1:2.108320470456247)1:0.3680294042535842,((38,47)1:4.204692619390971,((77,90)1:4.897839799950916,((152,(150,39)1:1.9026127044829357)1:0.8308196394779692,((169,128)1:2.3368028105470877,(1,171)1:4.202157763787781)0.99:0.15727998329679635)1:0.9875544144213064)1:0.20622982887214775)1:0.7846508700638458)1:0.5910946913718242)1:0.371891354622971)0.99:0.15199359637496682)1:0.416953201401154)1:0.7024394373640622)1:0.42500350750604726)1:0.25640009697541216)0.97:0.1255861250636007)1:4.209751980251136));
Weight calculation took 11.306213312 secs
ASTRAL finished in 22.347 secs
