
================== ASTRAL ===================== 

This is ASTRAL version 5.7.8
Gene trees are treated as unrooted
50 trees read from Dataset/AstralII_data/model.200.2000000.0.000001/39/estimatedgenetre.halfresolved_50
index0
All output trees will be *arbitrarily* rooted at 101

======== Running the main analysis
Number of taxa: 201 (201 species)
Taxa: [101, 15, 75, 194, 111, 89, 48, 32, 149, 24, 133, 21, 138, 132, 124, 84, 193, 64, 196, 46, 37, 45, 18, 98, 58, 118, 76, 170, 80, 30, 163, 62, 41, 178, 175, 36, 181, 168, 11, 34, 159, 187, 143, 173, 160, 112, 61, 47, 100, 39, 96, 20, 88, 83, 189, 155, 59, 179, 200, 7, 141, 184, 126, 19, 186, 122, 35, 66, 145, 104, 44, 82, 77, 190, 50, 140, 105, 55, 183, 162, 135, 197, 158, 191, 86, 28, 120, 156, 150, 93, 57, 5, 128, 12, 108, 49, 185, 152, 53, 6, 102, 94, 199, 43, 68, 154, 192, 114, 31, 119, 109, 151, 157, 139, 22, 134, 74, 113, 71, 52, 146, 67, 13, 81, 142, 131, 87, 69, 16, 130, 103, 40, 176, 107, 70, 38, 166, 148, 129, 2, 121, 136, 198, 33, 127, 123, 72, 95, 153, 17, 195, 85, 90, 60, 147, 65, 99, 56, 25, 63, 73, 1, 188, 169, 97, 8, 165, 115, 137, 4, 164, 26, 91, 180, 23, 116, 79, 42, 51, 10, 27, 92, 174, 117, 78, 182, 177, 167, 9, 172, 110, 144, 171, 161, 106, 14, 3, 29, 54, 0, 125]
Taxon occupancy: {110=50, 111=50, 112=50, 113=50, 114=50, 115=50, 116=50, 117=50, 118=50, 119=50, 10=50, 11=50, 12=50, 13=50, 14=50, 15=50, 16=50, 17=50, 18=50, 19=50, 120=50, 121=50, 0=50, 122=50, 1=50, 2=50, 123=50, 124=50, 3=50, 4=50, 125=50, 126=50, 5=50, 6=50, 127=50, 7=50, 128=50, 129=50, 8=50, 9=50, 20=50, 21=50, 22=50, 23=50, 24=50, 25=50, 26=50, 27=50, 28=50, 29=50, 130=50, 131=50, 132=50, 133=50, 134=50, 135=50, 136=50, 137=50, 138=50, 139=50, 30=50, 31=50, 32=50, 33=50, 34=50, 35=50, 36=50, 37=50, 38=50, 39=50, 140=50, 141=50, 142=50, 143=50, 144=50, 145=50, 146=50, 147=50, 148=50, 149=50, 40=50, 41=50, 42=50, 43=50, 44=50, 45=50, 46=50, 47=50, 48=50, 49=50, 150=50, 151=50, 152=50, 153=50, 154=50, 155=50, 156=50, 157=50, 158=50, 159=50, 50=50, 51=50, 52=50, 53=50, 54=50, 55=50, 56=50, 57=50, 58=50, 59=50, 160=50, 161=50, 162=50, 163=50, 164=50, 165=50, 166=50, 167=50, 168=50, 169=50, 60=50, 61=50, 62=50, 63=50, 64=50, 65=50, 66=50, 67=50, 68=50, 69=50, 170=50, 171=50, 172=50, 173=50, 174=50, 175=50, 176=50, 177=50, 178=50, 179=50, 70=50, 71=50, 72=50, 73=50, 74=50, 75=50, 76=50, 77=50, 78=50, 79=50, 180=50, 181=50, 182=50, 183=50, 184=50, 185=50, 186=50, 187=50, 188=50, 189=50, 80=50, 81=50, 82=50, 83=50, 84=50, 85=50, 86=50, 87=50, 88=50, 89=50, 190=50, 191=50, 192=50, 193=50, 194=50, 195=50, 196=50, 197=50, 198=50, 199=50, 90=50, 91=50, 92=50, 93=50, 94=50, 95=50, 96=50, 97=50, 98=50, 99=50, 200=50, 100=50, 101=50, 102=50, 103=50, 104=50, 105=50, 106=50, 107=50, 108=50, 109=50}
Number of gene trees: 50
0 trees have missing taxa
Calculating quartet distance matrix (for completion of X)
Species tree distances calculated ...
Building set of clusters (X) from gene trees 
------------------------------
gradient0: 5015
Number of Clusters after addition by distance: 5015
calculating extra bipartitions to be added at level 1 ...
Adding to X using resolutions of greedy consensus ...
Limit for sigma of degrees:5075
polytomy size limit : 28
discarded polytomies:  [3, 3, 3, 3, 3, 3, 3, 3, 3, 3, 3, 3, 3, 4, 4, 5, 5, 5, 5, 18, 28]
Threshold 0.0:
polytomy of size 3; rounds with additions with at least 5 support: 2; clusters: 5021
Threshold 0.01:
polytomy of size 3; rounds with additions with at least 5 support: 0; clusters: 5021
Threshold 0.02:
polytomy of size 3; rounds with additions with at least 5 support: 0; clusters: 5021
Threshold 0.05:
polytomy of size 5; rounds with additions with at least 5 support: 2; clusters: 5027
Threshold 0.1:
polytomy of size 3; rounds with additions with at least 5 support: 1; clusters: 5029
polytomy of size 4; rounds with additions with at least 5 support: 0; clusters: 5031
polytomy of size 5; rounds with additions with at least 5 support: 0; clusters: 5031
polytomy of size 3; rounds with additions with at least 5 support: 0; clusters: 5031
Threshold 0.2:
polytomy of size 3; rounds with additions with at least 5 support: 0; clusters: 5031
polytomy of size 18; rounds with additions with at least 5 support: 0; clusters: 5035
polytomy of size 3; rounds with additions with at least 5 support: 0; clusters: 5035
Threshold 0.3333333333333333:
polytomy of size 5; rounds with additions with at least 5 support: 0; clusters: 5035
polytomy of size 3; rounds with additions with at least 5 support: 0; clusters: 5035
polytomy of size 3; rounds with additions with at least 5 support: 0; clusters: 5035
polytomy of size 3; rounds with additions with at least 5 support: 0; clusters: 5035
polytomy of size 4; rounds with additions with at least 5 support: 0; clusters: 5035
polytomy of size 3; rounds with additions with at least 5 support: 0; clusters: 5035
polytomy of size 5; rounds with additions with at least 5 support: 0; clusters: 5035
polytomy of size 3; rounds with additions with at least 5 support: 0; clusters: 5035
polytomy of size 28; rounds with additions with at least 5 support: 0; clusters: 5039
polytomy of size 3; rounds with additions with at least 5 support: 0; clusters: 5039
max k is :4
Number of Clusters after addition by greedy: 5039
gradient0 in heuristiic: 5039
partitions formed in 8.254 secs
Dynamic Programming starting after 8.254 secs
Using tree-based weight calculation.
Using polytree-based weight calculation.
Polytree max score: 3299917500
Polytree building time: 0.215 seconds.
Number of quartet trees in the gene trees: 3299917500
Size of largest cluster: 201
Greedy score: 2264865258
estimationFactor: 1.4570038938713765
Sub-optimal score: 2271295904
Total Number of elements weighted: 7354
Normalized score (portion of input quartet trees satisfied before correcting for multiple individuals): 0.7394182975786516
Optimization score: 2440019380
Optimal tree inferred in 12.073 secs.
(174,(((27,92),(117,78)),((125,(79,(51,(42,10)))),((182,((177,(167,(9,(172,(110,144))))),((161,106),(171,(54,(29,(14,3))))))),(((91,(180,(23,116))),((4,(164,26)),((175,(181,(36,(168,11)))),((173,(160,112)),((34,143),(159,187)))))),((118,76),(0,((145,((188,169),(63,(73,1)))),((((121,(95,((136,198),((127,123),(33,72))))),(((147,65),(99,(56,25))),(153,((17,195),(85,(90,60)))))),((2,((8,115),(97,(165,137)))),((148,(70,(129,(38,166)))),(((30,(163,62)),((41,178),(170,80))),((((155,59),(179,(200,7))),((184,(126,19)),(141,(111,(75,194))))),(((138,(66,(101,15))),(89,((149,24),(21,(133,(48,32)))))),((186,122),((61,47),((96,(39,(132,100))),((88,83),(20,189))))))))))),(((176,(107,(103,40))),(102,((68,154),(43,(94,199))))),(((119,(134,((22,(151,(109,(157,139)))),(35,(52,((74,113),(146,(71,67)))))))),(55,((13,(81,142)),((183,(162,(158,(135,197)))),((191,86),(105,(50,((77,190),(140,(104,(44,82))))))))))),(((131,87),((192,(114,31)),(16,(69,130)))),(((124,(84,193)),(5,(128,(12,108)))),(((45,(18,(98,58))),((64,196),(46,37))),(((49,152),(53,6)),(185,((28,120),(156,(57,(150,93))))))))))))))))))));
Final quartet score is: 2440019380
Final normalized quartet score is: 0.7394182975786516
Extended species tree:
(101,(15,(66,(138,((89,((149,24)1:2.4303156314532974,(21,(133,(48,32)1:1.128465251817791)1:1.4466017743690343)1:0.47417521414716923)0.73:0.11526810266339077)1:1.3595147737586384,(((186,122)1:3.2635893425438667,((61,47)1:1.7649433232719844,((96,(39,(132,100)1:0.9629663774214312)0.47:0.04402770960196043)1:0.7589937463575318,((88,83)0.91:0.19524435120718978,(20,189)0.4:0.014815085785140587)1:0.5623769493767508)1:2.6150560253533777)0.92:0.2032915318421412)0.99:0.3373606922277234,((((155,59)1:1.9859154836690123,(179,(200,7)1:1.0422959801410836)1:0.4353180712578455)1:3.23867845216438,((184,(126,19)1:2.8332133440562166)1:1.508026968977107,(141,(111,(75,194)1:0.39086630868701183)1:2.8332133440562166)1:0.9954221070766489)0.9:0.21398793165965793)1:0.628516772513636,(((30,(163,62)1:1.4469189829363254)1:2.2046046846338423,((41,178)1:2.1362662855864962,(170,80)1:2.14006616349627)1:1.7072020811999908)1:2.249452942798856,((148,(70,(129,(38,166)0.5:0.0603090150598306)0.88:0.17627834295105899)0.92:0.2061322054876729)1:3.5263605246161593,((2,((8,115)1:1.159236910484544,(97,(165,137)1:0.8876640104477181)1:0.9234818925486364)1:0.9117760515196287)1:1.5026826218637344,(((121,(95,((136,198)1:2.8332133440562166,((127,123)1:1.2240292709431897,(33,72)1:0.348200946898583)1:1.733533249627278)0.42:0.025702730683734736)0.86:0.17682010677005772)1:1.9510062643629593,(((147,65)1:0.930496804242177,(99,(56,25)1:1.3291359472799418)1:2.8142614186403487)1:0.7055474484841008,(153,((17,195)1:3.5263605246161593,(85,(90,60)1:0.4353180712578455)1:1.7346010553881062)1:2.322387720290224)1:0.5415295602677377)1:0.4440326732645074)1:1.2357925467027633,((((176,(107,(103,40)1:0.7544033148697391)0.88:0.19415601444095737)1:3.5263605246161593,(102,((68,154)1:1.5334666455656873,(43,(94,199)1:0.7531406884393703)1:1.0842353417159756)1:1.5002386204691074)1:0.8305312931445209)1:0.8777568894439196,(((119,(134,((22,(151,(109,(157,139)1:0.9621884699531866)0.83:0.1944279876079484)1:0.46768539006849175)1:0.765604572841997,(35,(52,((74,113)0.99:0.32014959605605814,(146,(71,67)1:0.4818380868927383)0.39:0.016072348547192243)0.6:0.10936270400882318)1:0.5695727137163406)1:0.6957753848703246)0.75:0.13240306719995015)1:1.5128250459821806)1:0.6971740916974745,(55,((13,(81,142)1:1.4469189829363254)1:3.5263605246161593,((183,(162,(158,(135,197)1:2.4277482359480516)1:0.6085897925318822)1:2.227077540485901)1:0.7397906940767052,((191,86)1:3.5263605246161593,(105,(50,((77,190)1:2.8332133440562166,(140,(104,(44,82)0.36:0.0)1:1.9169226121820613)1:0.5502206440488748)1:0.3802771220737268)1:0.7029994770029568)1:1.150255301836692)0.99:0.338259886646745)0.57:0.08189430832448097)0.92:0.22874800091490272)0.99:0.2982465133264377)0.99:0.3041569206207786,(((131,87)1:3.5263605246161593,((192,(114,31)1:2.14006616349627)1:2.4277482359480516,(16,(69,130)1:1.9169226121820613)1:2.8332133440562166)1:0.37810732194751984)1:0.40208731479632526,(((124,(84,193)0.99:0.30748469974796055)1:3.4085774889597764,(5,(128,(12,108)1:2.14006616349627)1:2.8332133440562166)0.99:0.3220925956325602)1:0.9606133362871276,(((45,(18,(98,58)1:1.581172136689258)1:1.5804503755608483)1:2.14006616349627,((64,196)1:3.5263605246161593,(46,37)1:0.5819215454497209)1:2.022283127839887)1:1.3114772657944922,(((49,152)1:1.7346010553881062,(53,6)1:2.8156028260475807)1:1.4906725101777654,(185,((28,120)1:1.2749337823484406,(156,(57,(150,93)1:0.3913055795045299)1:0.6083154441076647)1:0.7135653818983397)0.58:0.06944237906709816)1:1.241832215369358)1:0.6474024256958238)0.99:0.3435753260147821)0.99:0.3231273231935479)0.98:0.27282384422585826)0.99:0.29566170448488804)1:0.557904026865293,((145,((188,169)1:1.5804503755608492,(63,(73,1)1:2.4277482359480516)1:1.3862943611198908)1:1.7938733157044362)1:0.9315152931008471,(0,((118,76)1:3.5263605246161593,(((91,(180,(23,116)1:0.5306282510621702)1:3.5263605246161593)1:1.8274234897080421,((4,(164,26)1:2.14006616349627)1:1.1940252568036773,((175,(181,(36,(168,11)1:1.2237754316221159)0.96:0.2682639865946794)1:3.5263605246161593)1:0.8369254475545207,((173,(160,112)1:2.8332133440562166)1:0.619374966057341,((34,143)0.99:0.30748469974796055,(159,187)0.91:0.19415601444095737)1:3.120895416507997)1:1.36010236329986)1:0.8262853749072374)0.83:0.1519521912031285)0.83:0.15254439805911926,((182,((177,(167,(9,(172,(110,144)0.65:0.09237332013101504)1:1.3865930023047297)0.94:0.21844024347303512)1:0.6785483811387927)1:2.570849079588726,((161,106)1:1.5804503755608483,(171,(54,(29,(14,3)0.36:0.0)1:1.5114575040738965)1:0.634289530967037)1:0.49835818417349903)1:1.0927471692157116)1:3.5263605246161593)1:0.5462582400024516,((125,(79,(51,(42,10)0.44:0.029852963149681274)1:1.7358708968285819)0.67:0.09479010698240942)1:1.2668359682035302,(((27,92)1:2.14006616349627,(117,78)1:1.9179383563018972)1:0.4353180712578455,174)1:2.18039744074161)1:0.6754301122280246)1:0.6131513291942287)0.65:0.08921852057506126)0.99:0.3331372628158619)0.39:0.01326550252789485)0.88:0.1897967068672882)0.58:0.07813943035864672)0.68:0.10048739804090608)0.91:0.19373284910050018)1:0.7342560192489569)1:0.4954627572537552)0.49:0.06009209318043664)0.99:0.3107511309241308)1:0.4796802543782489)0.45:0.029084146320853207)1:2.803360380906534));
Weight calculation took 2.707109212 secs
ASTRAL finished in 13.984 secs
