
================== ASTRAL ===================== 

This is ASTRAL version 5.7.8
Gene trees are treated as unrooted
50 trees read from Dataset/AstralII_data/model.200.2000000.0.000001/42/estimatedgenetre.halfresolved_50
index0
All output trees will be *arbitrarily* rooted at 113

======== Running the main analysis
Number of taxa: 201 (201 species)
Taxa: [113, 67, 37, 196, 24, 1, 85, 143, 188, 137, 132, 124, 193, 92, 42, 157, 168, 149, 115, 46, 158, 197, 34, 101, 17, 55, 2, 60, 96, 98, 16, 127, 53, 107, 56, 33, 31, 0, 41, 146, 135, 125, 128, 104, 129, 167, 68, 106, 82, 151, 18, 198, 184, 103, 3, 22, 26, 74, 189, 154, 105, 155, 47, 4, 178, 199, 161, 7, 75, 91, 21, 14, 139, 144, 90, 25, 30, 191, 142, 66, 12, 186, 112, 169, 102, 153, 174, 187, 35, 29, 50, 20, 116, 58, 97, 159, 79, 54, 120, 164, 64, 138, 195, 131, 121, 182, 175, 152, 192, 141, 180, 11, 59, 133, 162, 126, 111, 86, 185, 63, 108, 117, 183, 5, 6, 118, 80, 77, 99, 32, 39, 171, 114, 44, 177, 123, 19, 70, 9, 87, 176, 71, 65, 130, 73, 51, 23, 179, 134, 52, 122, 140, 40, 93, 166, 49, 156, 48, 83, 10, 28, 88, 172, 150, 170, 200, 95, 45, 72, 173, 36, 76, 148, 181, 62, 100, 8, 43, 160, 57, 81, 165, 94, 61, 38, 194, 69, 190, 136, 27, 13, 110, 89, 163, 119, 84, 78, 15, 147, 109, 145]
Taxon occupancy: {110=50, 111=50, 112=50, 113=50, 114=50, 115=50, 116=50, 117=50, 118=50, 119=50, 10=50, 11=50, 12=50, 13=50, 14=50, 15=50, 16=50, 17=50, 18=50, 19=50, 120=50, 0=50, 121=50, 1=50, 122=50, 2=50, 123=50, 124=50, 3=50, 125=50, 4=50, 126=50, 5=50, 127=50, 6=50, 128=50, 7=50, 129=50, 8=50, 9=50, 20=50, 21=50, 22=50, 23=50, 24=50, 25=50, 26=50, 27=50, 28=50, 29=50, 130=50, 131=50, 132=50, 133=50, 134=50, 135=50, 136=50, 137=50, 138=50, 139=50, 30=50, 31=50, 32=50, 33=50, 34=50, 35=50, 36=50, 37=50, 38=50, 39=50, 140=50, 141=50, 142=50, 143=50, 144=50, 145=50, 146=50, 147=50, 148=50, 149=50, 40=50, 41=50, 42=50, 43=50, 44=50, 45=50, 46=50, 47=50, 48=50, 49=50, 150=50, 151=50, 152=50, 153=50, 154=50, 155=50, 156=50, 157=50, 158=50, 159=50, 50=50, 51=50, 52=50, 53=50, 54=50, 55=50, 56=50, 57=50, 58=50, 59=50, 160=50, 161=50, 162=50, 163=50, 164=50, 165=50, 166=50, 167=50, 168=50, 169=50, 60=50, 61=50, 62=50, 63=50, 64=50, 65=50, 66=50, 67=50, 68=50, 69=50, 170=50, 171=50, 172=50, 173=50, 174=50, 175=50, 176=50, 177=50, 178=50, 179=50, 70=50, 71=50, 72=50, 73=50, 74=50, 75=50, 76=50, 77=50, 78=50, 79=50, 180=50, 181=50, 182=50, 183=50, 184=50, 185=50, 186=50, 187=50, 188=50, 189=50, 80=50, 81=50, 82=50, 83=50, 84=50, 85=50, 86=50, 87=50, 88=50, 89=50, 190=50, 191=50, 192=50, 193=50, 194=50, 195=50, 196=50, 197=50, 198=50, 199=50, 90=50, 91=50, 92=50, 93=50, 94=50, 95=50, 96=50, 97=50, 98=50, 99=50, 200=50, 100=50, 101=50, 102=50, 103=50, 104=50, 105=50, 106=50, 107=50, 108=50, 109=50}
Number of gene trees: 50
0 trees have missing taxa
Calculating quartet distance matrix (for completion of X)
Species tree distances calculated ...
Building set of clusters (X) from gene trees 
------------------------------
gradient0: 5823
Number of Clusters after addition by distance: 5823
calculating extra bipartitions to be added at level 1 ...
Adding to X using resolutions of greedy consensus ...
Limit for sigma of degrees:5075
polytomy size limit : 31
discarded polytomies:  [3, 3, 3, 3, 3, 3, 3, 3, 3, 3, 4, 4, 4, 4, 4, 4, 4, 4, 4, 5, 7, 7, 14, 31]
Threshold 0.0:
Threshold 0.01:
Threshold 0.02:
Threshold 0.05:
polytomy of size 4; rounds with additions with at least 5 support: 0; clusters: 5827
Threshold 0.1:
polytomy of size 3; rounds with additions with at least 5 support: 0; clusters: 5827
polytomy of size 3; rounds with additions with at least 5 support: 0; clusters: 5827
polytomy of size 3; rounds with additions with at least 5 support: 0; clusters: 5827
polytomy of size 4; rounds with additions with at least 5 support: 0; clusters: 5827
Threshold 0.2:
polytomy of size 3; rounds with additions with at least 5 support: 0; clusters: 5827
polytomy of size 4; rounds with additions with at least 5 support: 0; clusters: 5827
polytomy of size 4; rounds with additions with at least 5 support: 0; clusters: 5827
polytomy of size 7; rounds with additions with at least 5 support: 0; clusters: 5827
polytomy of size 14; rounds with additions with at least 5 support: 0; clusters: 5827
Threshold 0.3333333333333333:
polytomy of size 4; rounds with additions with at least 5 support: 0; clusters: 5827
polytomy of size 3; rounds with additions with at least 5 support: 0; clusters: 5827
polytomy of size 4; rounds with additions with at least 5 support: 0; clusters: 5827
polytomy of size 4; rounds with additions with at least 5 support: 0; clusters: 5827
polytomy of size 3; rounds with additions with at least 5 support: 0; clusters: 5827
polytomy of size 3; rounds with additions with at least 5 support: 0; clusters: 5827
polytomy of size 4; rounds with additions with at least 5 support: 0; clusters: 5827
polytomy of size 3; rounds with additions with at least 5 support: 0; clusters: 5827
polytomy of size 7; rounds with additions with at least 5 support: 0; clusters: 5829
polytomy of size 3; rounds with additions with at least 5 support: 0; clusters: 5829
polytomy of size 4; rounds with additions with at least 5 support: 0; clusters: 5829
polytomy of size 5; rounds with additions with at least 5 support: 0; clusters: 5829
polytomy of size 31; rounds with additions with at least 5 support: 0; clusters: 5831
polytomy of size 3; rounds with additions with at least 5 support: 0; clusters: 5831
max k is :0
Number of Clusters after addition by greedy: 5831
gradient0 in heuristiic: 5831
partitions formed in 10.806 secs
Dynamic Programming starting after 10.807 secs
Using tree-based weight calculation.
Using polytree-based weight calculation.
Polytree max score: 3299917500
Polytree building time: 0.176 seconds.
Number of quartet trees in the gene trees: 3299917500
Size of largest cluster: 201
Greedy score: 2415648470
estimationFactor: 1.3660586550492588
Sub-optimal score: 2597743997
Total Number of elements weighted: 8738
Normalized score (portion of input quartet trees satisfied before correcting for multiple individuals): 0.8094698952322293
Optimization score: 2671183873
Optimal tree inferred in 14.182 secs.
(94,(61,(165,((38,((160,(57,81)),(((136,27),(194,(69,190))),(148,(43,(181,(62,(100,8)))))))),(((185,63),(146,(41,(135,125)))),(((36,76),(86,(13,((89,163),(110,(84,(119,78))))))),(((15,(113,67)),(147,(109,145))),((((37,(137,(132,(124,(193,92))))),(196,((24,188),(143,(1,85))))),((107,(56,(33,31))),((((168,149),(158,(115,46))),(((42,157),(34,(197,101))),((16,(127,53)),((60,(17,96)),(2,(55,98)))))),((155,((129,167),(68,(106,82)))),((151,(18,198)),((128,104),((103,(26,(3,22))),(108,(189,(74,(105,(184,154)))))))))))),(0,(((19,(114,(177,(44,123)))),(117,(((45,(200,95)),(150,(88,(172,(170,(10,28)))))),((179,(134,(52,122))),(((72,173),(140,((40,166),(48,(83,(156,(93,49))))))),((87,(70,9)),(176,(71,((130,73),(65,(51,23))))))))))),((((174,(153,187)),(116,(35,(29,(50,20))))),(((5,6),(118,(80,77))),((186,112),((39,171),(99,32))))),(((169,102),((47,(4,178)),(12,((66,(191,(30,142))),(((91,139),(21,14)),((90,(144,25)),((7,75),(199,161)))))))),(183,(((64,(138,(121,(195,131)))),(175,((182,152),(192,(141,180))))),(58,((11,59),((126,111),((54,(120,164)),((133,162),(97,(159,79)))))))))))))))))))));
Final quartet score is: 2671183873
Final normalized quartet score is: 0.8094698952322293
Extended species tree:
(113,(67,(15,((147,(109,145)1:2.8332133440562166)1:1.069771282676503,(((((37,(137,(132,(124,(193,92)1:1.2237754316221159)1:1.7346010553881062)1:1.3259286999311166)1:0.9232910442564644)0.71:0.10705645791774031,(196,((24,188)0.36:0.0,(143,(1,85)0.91:0.19379532913497322)1:0.6785483811387927)1:2.8323590082502994)1:0.6439766896506881)1:0.8437311415042957,((107,(56,(33,31)1:0.4346296030723041)1:1.0414538748281608)1:1.7973012107388966,((((168,149)1:0.9114007465799635,(158,(115,46)1:3.516310188762658)0.75:0.13765581847462885)1:1.141693987258731,(((42,157)1:2.8332133440562166,(34,(197,101)0.5:0.060624621816434854)1:2.4277482359480516)0.9:0.18498842103112506,((16,(127,53)1:0.8880249561293123)1:0.9873866535578848,((60,(17,96)1:0.8169644282905961)0.62:0.08143256196259091,(2,(55,98)0.95:0.22921512491731538)1:0.5211857922361705)1:0.37172696847631415)1:2.33081888480552)1:0.5584600960247659)1:0.4678788262344167,((155,((129,167)1:1.159236910484544,(68,(106,82)1:0.5824533189267563)1:0.7856850961978747)1:1.7072020811999928)1:0.6510146725886685,((151,(18,198)1:2.123785277892133)0.68:0.12515567583732104,((128,104)1:0.8624446761471901,((103,(26,(3,22)1:0.347675580331206)0.43:0.045120435280469655)1:2.420887974248743,(108,(189,(74,(105,(184,154)1:0.43508852919325436)1:1.0833516028466212)1:0.5197185906562436)1:0.46189182271035945)0.62:0.09270271063487798)1:0.6575301181251267)0.92:0.1993055794457575)1:0.822981711303142)1:0.5588430275587287)0.99:0.33034559775587863)0.99:0.3390778298895178)1:0.9304205931417355,(0,(((19,(114,(177,(44,123)0.36:7.429972850908566E-4)1:0.6640146215705661)0.87:0.18232155679395445)1:2.728833701453982,(117,(((45,(200,95)0.41:0.029852963149681274)1:3.1088158908533927,(150,(88,(172,(170,(10,28)1:0.6925531799484791)0.68:0.10821785031498804)0.96:0.24294617861038934)1:2.0794415416798353)1:1.5532927432346517)1:1.1847884530475905,((179,(134,(52,122)1:2.14006616349627)1:1.1330906069649938)1:0.9429601017147996,(((72,173)1:2.772588722239782,(140,((40,166)0.83:0.1590646946296874,(48,(83,(156,(93,49)0.54:0.09221041388320037)0.69:0.1087170599101793)1:1.1289291813088302)1:0.49375217578138403)1:1.534872867064529)1:0.3601094316148081)0.99:0.3407986930734807,((87,(70,9)1:1.3291359472799418)1:1.5999795067633256,(176,(71,((130,73)1:1.490144302472349,(65,(51,23)0.95:0.23052365861183224)1:1.3573068242466386)1:0.8298294055816353)0.89:0.2029946659423366)1:1.2161836128287298)1:0.9147617313124213)1:0.9974820439950235)0.48:0.053948974941801925)0.98:0.2740029523010541)0.51:0.0919088057061259)1:0.48310759335278847,((((174,(153,187)1:0.34830669426821587)1:1.7018112325651154,(116,(35,(29,(50,20)1:0.5824533189267563)1:0.7855205006909604)1:0.9358382896625117)1:0.6085897925318822)1:3.216205596312326,(((5,6)1:1.6805338341178315,(118,(80,77)1:0.3474652975000243)1:0.8351174418303327)1:3.238459177961108,((186,112)1:2.8513250939992627,((39,171)1:2.843417514230458,(99,32)1:2.4311380697025626)0.64:0.09477487815661047)0.44:0.026501329376176948)0.64:0.0964226276922138)0.95:0.22817124759700283,(((169,102)1:3.5263605246161593,((47,(4,178)0.99:0.30566816882156284)1:1.5841365173996287,(12,((66,(191,(30,142)0.55:0.06078246255545715)1:1.128465251817791)0.96:0.24513576853968685,(((91,139)0.84:0.1590646946296874,(21,14)1:0.8869406791368636)1:2.3794355696986424,((90,(144,25)1:0.7550352264231521)1:0.8444214675176368,((7,75)1:1.3880875474939964,(199,161)1:2.14006616349627)1:1.148183534030068)0.85:0.16443678148441854)0.92:0.20036421301089122)0.4:0.01619856462886048)1:0.43073871792998597)1:1.0463462241108652)0.92:0.2206055782495996,(183,(((64,(138,(121,(195,131)0.36:0.001040350840656787)0.77:0.14205630127904428)1:1.0718137347922394)1:1.7844334291359816,(175,((182,152)1:0.5990746246759704,(192,(141,180)0.76:0.12432174618581442)1:0.5819215454497209)1:0.5140989491109597)1:0.8416687388221805)1:2.143508994731975,(58,((11,59)0.53:0.05429548676478721,((126,111)1:1.5594495574990845,((54,(120,164)1:1.7346010553881062)0.99:0.326841830437569,((133,162)1:1.8539797511883835,(97,(159,79)1:1.0418748388419552)1:0.5689819932046745)0.89:0.18329734512532947)1:0.740509353399353)0.44:0.028000823399412927)1:1.1974235839730751)1:0.5816490085006956)1:0.40209232919579396)1:0.4743744819387493)0.57:0.06788745204066499)1:1.137264064887775)0.86:0.16637058618392353)0.87:0.1719890416431689)1:0.8174817242090048,(((36,76)1:0.5479568470583653,(86,(13,((89,163)1:2.8332133440562166,(110,(84,(119,78)1:0.9614111671546247)1:0.4583075894825443)1:1.502269078019491)1:1.4823325196023238)1:0.6167921304729416)0.6:0.11648734895705744)0.99:0.3129336500868922,(((185,63)1:1.6870326384689975,(146,(41,(135,125)0.75:0.12499480695495517)0.98:0.29207110692891447)1:0.9838167848153654)0.94:0.22109681694396618,((38,((160,(57,81)1:1.9169226121820613)1:1.6297024840377379,(((136,27)1:2.0588467543729783,(194,(69,190)1:2.4277482359480516)1:1.2745318132450902)1:1.0503136699273714,(148,(43,(181,(62,(100,8)1:0.7525099725559581)0.98:0.2879807136366195)1:1.4897004498241393)0.85:0.16576258389356824)1:0.657325904108128)1:0.9267432684312266)0.84:0.20808325309969425)0.99:0.34992349195106975,(165,(61,94)1:0.8183103235139515)1:2.097191632063094)0.98:0.2717524470645982)0.86:0.18034531039407373)0.82:0.15298995016356048)1:1.1383119576552547)0.93:0.20659570491659662)1:0.7443466619167968));
Weight calculation took 2.608525077 secs
ASTRAL finished in 15.821 secs
