
================== ASTRAL ===================== 

This is ASTRAL version 5.7.8
Gene trees are treated as unrooted
1000 trees read from Dataset/AstralII_data/model.200.2000000.0.000001/42/estimatedgenetre.halfresolved
index0
All output trees will be *arbitrarily* rooted at 113

======== Running the main analysis
Number of taxa: 201 (201 species)
Taxa: [113, 67, 37, 196, 24, 1, 85, 143, 188, 137, 132, 124, 193, 92, 42, 157, 168, 149, 115, 46, 158, 197, 34, 101, 17, 55, 2, 60, 96, 98, 16, 127, 53, 107, 56, 33, 31, 0, 41, 146, 135, 125, 128, 104, 129, 167, 68, 106, 82, 151, 18, 198, 184, 103, 3, 22, 26, 74, 189, 154, 105, 155, 47, 4, 178, 199, 161, 7, 75, 91, 21, 14, 139, 144, 90, 25, 30, 191, 142, 66, 12, 186, 112, 169, 102, 153, 174, 187, 35, 29, 50, 20, 116, 58, 97, 159, 79, 54, 120, 164, 64, 138, 195, 131, 121, 182, 175, 152, 192, 141, 180, 11, 59, 133, 162, 126, 111, 86, 185, 63, 108, 117, 183, 5, 6, 118, 80, 77, 99, 32, 39, 171, 114, 44, 177, 123, 19, 70, 9, 87, 176, 71, 65, 130, 73, 51, 23, 179, 134, 52, 122, 140, 40, 93, 166, 49, 156, 48, 83, 10, 28, 88, 172, 150, 170, 200, 95, 45, 72, 173, 36, 76, 148, 181, 62, 100, 8, 43, 160, 57, 81, 165, 94, 61, 38, 194, 69, 190, 136, 27, 13, 110, 89, 163, 119, 84, 78, 15, 147, 109, 145]
Taxon occupancy: {110=1000, 111=1000, 112=1000, 113=1000, 114=1000, 115=1000, 116=1000, 117=1000, 118=1000, 119=1000, 10=1000, 11=1000, 12=1000, 13=1000, 14=1000, 15=1000, 16=1000, 17=1000, 18=1000, 19=1000, 120=1000, 0=1000, 121=1000, 1=1000, 122=1000, 2=1000, 123=1000, 124=1000, 3=1000, 125=1000, 4=1000, 126=1000, 5=1000, 127=1000, 6=1000, 128=1000, 7=1000, 129=1000, 8=1000, 9=1000, 20=1000, 21=1000, 22=1000, 23=1000, 24=1000, 25=1000, 26=1000, 27=1000, 28=1000, 29=1000, 130=1000, 131=1000, 132=1000, 133=1000, 134=1000, 135=1000, 136=1000, 137=1000, 138=1000, 139=1000, 30=1000, 31=1000, 32=1000, 33=1000, 34=1000, 35=1000, 36=1000, 37=1000, 38=1000, 39=1000, 140=1000, 141=1000, 142=1000, 143=1000, 144=1000, 145=1000, 146=1000, 147=1000, 148=1000, 149=1000, 40=1000, 41=1000, 42=1000, 43=1000, 44=1000, 45=1000, 46=1000, 47=1000, 48=1000, 49=1000, 150=1000, 151=1000, 152=1000, 153=1000, 154=1000, 155=1000, 156=1000, 157=1000, 158=1000, 159=1000, 50=1000, 51=1000, 52=1000, 53=1000, 54=1000, 55=1000, 56=1000, 57=1000, 58=1000, 59=1000, 160=1000, 161=1000, 162=1000, 163=1000, 164=1000, 165=1000, 166=1000, 167=1000, 168=1000, 169=1000, 60=1000, 61=1000, 62=1000, 63=1000, 64=1000, 65=1000, 66=1000, 67=1000, 68=1000, 69=1000, 170=1000, 171=1000, 172=1000, 173=1000, 174=1000, 175=1000, 176=1000, 177=1000, 178=1000, 179=1000, 70=1000, 71=1000, 72=1000, 73=1000, 74=1000, 75=1000, 76=1000, 77=1000, 78=1000, 79=1000, 180=1000, 181=1000, 182=1000, 183=1000, 184=1000, 185=1000, 186=1000, 187=1000, 188=1000, 189=1000, 80=1000, 81=1000, 82=1000, 83=1000, 84=1000, 85=1000, 86=1000, 87=1000, 88=1000, 89=1000, 190=1000, 191=1000, 192=1000, 193=1000, 194=1000, 195=1000, 196=1000, 197=1000, 198=1000, 199=1000, 90=1000, 91=1000, 92=1000, 93=1000, 94=1000, 95=1000, 96=1000, 97=1000, 98=1000, 99=1000, 200=1000, 100=1000, 101=1000, 102=1000, 103=1000, 104=1000, 105=1000, 106=1000, 107=1000, 108=1000, 109=1000}
Number of gene trees: 1000
0 trees have missing taxa
Calculating quartet distance matrix (for completion of X)
Species tree distances calculated ...
Building set of clusters (X) from gene trees 
------------------------------
gradient0: 46579
Number of Clusters after addition by distance: 46579
calculating extra bipartitions to be added at level 1 ...
Adding to X using resolutions of greedy consensus ...
Limit for sigma of degrees:5075
polytomy size limit : 30
discarded polytomies:  [3, 3, 3, 3, 3, 3, 3, 3, 3, 3, 3, 3, 4, 4, 4, 4, 4, 5, 6, 6, 16, 30]
Threshold 0.0:
Threshold 0.01:
Threshold 0.02:
Threshold 0.05:
polytomy of size 3; rounds with additions with at least 5 support: 0; clusters: 46579
Threshold 0.1:
polytomy of size 3; rounds with additions with at least 5 support: 0; clusters: 46579
polytomy of size 3; rounds with additions with at least 5 support: 0; clusters: 46579
polytomy of size 3; rounds with additions with at least 5 support: 0; clusters: 46579
polytomy of size 4; rounds with additions with at least 5 support: 0; clusters: 46579
Threshold 0.2:
polytomy of size 3; rounds with additions with at least 5 support: 0; clusters: 46579
polytomy of size 5; rounds with additions with at least 5 support: 0; clusters: 46579
polytomy of size 6; rounds with additions with at least 5 support: 0; clusters: 46579
polytomy of size 16; rounds with additions with at least 5 support: 0; clusters: 46579
Threshold 0.3333333333333333:
polytomy of size 3; rounds with additions with at least 5 support: 0; clusters: 46579
polytomy of size 4; rounds with additions with at least 5 support: 0; clusters: 46579
polytomy of size 3; rounds with additions with at least 5 support: 0; clusters: 46579
polytomy of size 3; rounds with additions with at least 5 support: 0; clusters: 46579
polytomy of size 4; rounds with additions with at least 5 support: 0; clusters: 46579
polytomy of size 4; rounds with additions with at least 5 support: 0; clusters: 46579
polytomy of size 6; rounds with additions with at least 5 support: 0; clusters: 46579
polytomy of size 3; rounds with additions with at least 5 support: 0; clusters: 46579
polytomy of size 3; rounds with additions with at least 5 support: 0; clusters: 46579
polytomy of size 4; rounds with additions with at least 5 support: 0; clusters: 46579
polytomy of size 3; rounds with additions with at least 5 support: 0; clusters: 46579
polytomy of size 30; rounds with additions with at least 5 support: 0; clusters: 46579
polytomy of size 3; rounds with additions with at least 5 support: 0; clusters: 46579
max k is :0
Number of Clusters after addition by greedy: 46579
gradient0 in heuristiic: 46579
partitions formed in 45.658 secs
Dynamic Programming starting after 45.658 secs
Using tree-based weight calculation.
Using polytree-based weight calculation.
Polytree max score: 65998349010
Polytree building time: 4.57 seconds.
Number of quartet trees in the gene trees: 65998349010
Size of largest cluster: 201
Greedy score: 47425163140
estimationFactor: 1.3916314597626496
Sub-optimal score: 52205667465
Calculated 100000 weights; time (seconds): 259
Total Number of elements weighted: 187137
Normalized score (portion of input quartet trees satisfied before correcting for multiple individuals): 0.807772490444
Optimization score: 53311650745
Optimal tree inferred in 419.131 secs.
(94,(61,(165,(((160,(57,81)),(38,(((136,27),(194,(69,190))),((148,43),(181,(62,(100,8))))))),(((185,63),(146,(41,(135,125)))),(((36,76),(86,(13,((89,163),(110,(84,(119,78))))))),(((15,(113,67)),(147,(109,145))),((((196,(188,(24,(143,(1,85))))),(37,(137,(132,(124,(193,92)))))),((107,(56,(33,31))),((((168,149),(158,(115,46))),(((42,157),(101,(197,34))),((16,(127,53)),((2,(55,98)),(60,(17,96)))))),((155,((129,167),(68,(106,82)))),((151,(18,198)),((128,104),((26,(103,(3,22))),(108,(189,(74,(105,(184,154)))))))))))),(0,((117,((19,(114,(123,(44,177)))),(((179,(134,(52,122))),((200,(95,45)),(150,(88,((10,28),(172,170)))))),(((87,(70,9)),(176,(71,((130,73),(65,(51,23)))))),((72,173),(140,((40,166),(48,(83,(156,(93,49))))))))))),(((169,102),((47,(4,178)),(12,((66,(191,(30,142))),(((21,14),(91,139)),((90,(144,25)),((7,75),(199,161)))))))),((((5,6),(118,(80,77))),(((99,32),((39,171),(186,112))),((174,(153,187)),(116,(35,(29,(50,20))))))),(183,(((64,(138,(121,(195,131)))),(175,((182,152),(192,(141,180))))),(58,((59,(126,111)),(11,((54,(120,164)),((133,162),(97,(159,79)))))))))))))))))))));
Final quartet score is: 53311650745
Final normalized quartet score is: 0.807772490444
Extended species tree:
(113,(67,(15,((147,(109,145)1:3.4120176757841483)1:1.3207957231583665,(((((196,(188,(24,(143,(1,85)1:0.29858907627230913)1:0.6308502061565527)1:0.17539540538853757)1:2.991897324844187)1:0.7402299564378311,(37,(137,(132,(124,(193,92)1:0.919679447747328)1:1.499632985775569)1:0.9899775107275406)1:1.1376791675006508)1:0.18822225474677085)1:1.4112139916592117,((107,(56,(33,31)1:0.6200657653823907)1:1.187598722448127)1:2.879937195454189,((((168,149)1:1.2308746197329223,(158,(115,46)1:3.357310431306281)1:0.26818890750921703)1:1.1921180052365192,(((42,157)1:3.81216189542625,(101,(197,34)1:0.12147365380095795)1:3.197113395488844)1:0.14233565349888544,((16,(127,53)1:0.9080151968214893)1:0.8560576457289738,((2,(55,98)1:0.42349517236688855)1:0.5711941242819764,(60,(17,96)1:0.7032791644563023)1:0.26698698741802934)1:0.6487695213522752)1:2.141397537075005)1:0.6774753605635635)1:0.4286090487822105,((155,((129,167)1:1.9058362578995791,(68,(106,82)1:0.352708440327679)1:0.8829442639930958)1:1.8121613692667589)1:0.48933674573374536,((151,(18,198)1:2.2669897022515157)1:0.22288670072972863,((128,104)1:1.0357565369530777,((26,(103,(3,22)1:0.4117969821273408)1:0.16645046366788604)1:2.2872441341991774,(108,(189,(74,(105,(184,154)1:0.45600107375138427)1:0.9119807484347101)1:0.7186537239677954)1:0.21610811072309383)1:0.11075228314221083)1:0.8149831085288041)1:0.3322567564830537)1:0.8985616200936523)1:0.6905855779168105)1:0.5363703221149165)1:0.23339888813023058)1:0.8383130489213267,(0,((117,((19,(114,(123,(44,177)1:0.08012469975314722)1:0.7941914012209169)0.4:0.00500752173062207)1:4.617386853852096,(((179,(134,(52,122)1:2.392498605626217)1:1.4380636487585539)1:0.8366032967411121,((200,(95,45)1:0.09466103989188382)1:3.410355069696699,(150,(88,((10,28)1:1.0478600971557421,(172,170)1:0.08569929175174483)1:0.4097371768443824)1:1.5784450542363175)1:1.5789084651585226)1:1.015816515633069)1:0.0967906080166681,(((87,(70,9)1:1.267250755418152)1:1.7506413002052759,(176,(71,((130,73)1:1.1737389921090595,(65,(51,23)1:0.1514220826044928)1:1.4005962326928534)1:0.9850133058332331)1:0.24514228376480354)1:1.3516252274265665)1:0.5228572092666179,((72,173)1:3.0564651045398383,(140,((40,166)1:0.23173818778933752,(48,(83,(156,(93,49)1:0.10639368659142824)1:0.09642643822240374)1:1.132635822922929)1:0.7066269425714912)1:1.0804463655906504)1:0.33080786430213727)1:0.4887777632636391)1:1.3847196501073284)1:0.26396098604647084)1:0.1010527626420967)1:0.35122876602471237,(((169,102)1:3.6346600420570048,((47,(4,178)1:0.27382281593905816)1:1.5503567333014219,(12,((66,(191,(30,142)0.95:0.05418453508676129)1:1.6177035953643983)1:0.4474347688739902,(((21,14)1:0.7667009992098892,(91,139)1:0.1522666511735685)1:2.352785697183872,((90,(144,25)1:0.9634333347558094)1:0.9016583773739526,((7,75)1:1.2909920184560977,(199,161)1:2.140191046418694)1:1.2439949274678546)0.52:0.02231907036850226)1:0.27160999891254267)0.59:0.03208860803009749)1:0.4729011934992716)1:1.0838038024632755)1:0.33976361510134595,((((5,6)1:2.3028195799020876,(118,(80,77)1:0.3481635395994427)1:0.6484078144315694)1:2.9515550676808484,(((99,32)1:2.776268735015438,((39,171)1:3.7570605593638153,(186,112)1:2.4889666662899437)0.99:0.09249504205260227)1:0.1508914639193279,((174,(153,187)1:0.28868157278486456)1:2.1743646188288155,(116,(35,(29,(50,20)1:0.3581103242829244)1:0.7255509158630266)1:0.5363757399687363)1:0.7797130355440277)1:3.2350998118306276)0.78:0.03370902876070766)1:0.4025323571644206,(183,(((64,(138,(121,(195,131)1:0.0741114686633313)1:0.143689456123278)1:0.9454968240974185)1:1.566008247705676,(175,((182,152)1:0.9659420130949354,(192,(141,180)1:0.09531017980432464)1:0.5280562668476948)1:0.705918258954113)1:0.9507626563705764)1:2.5741014919139427,(58,((59,(126,111)1:1.435561434923988)1:0.1605231277208758,(11,((54,(120,164)1:1.887269469194901)1:0.3723324227418772,((133,162)1:2.3509382897105997,(97,(159,79)1:1.1235086955223506)1:0.815596827597788)1:0.3925936400935623)1:0.7667072931335117)0.49:0.011855836723442774)1:1.160219511580987)1:0.6369300167380221)1:0.2983423603721908)1:0.5283117272421849)0.96:0.05165271469273602)1:1.0583496812457964)1:0.331406641247171)0.82:0.034653548654835824)1:0.8074486774805496,(((36,76)1:0.52256485348718,(86,(13,((89,163)1:2.287900541311125,(110,(84,(119,78)1:0.8829254040223087)1:0.26990963472258916)1:1.5633336514610363)1:1.5337135489535407)1:0.5898893642090532)1:0.138515098892794)1:0.470233590420702,(((185,63)1:2.3560932008073463,(146,(41,(135,125)1:0.1756234868571338)1:0.5038179273329706)1:0.7538912413591331)1:0.23633915064436786,(((160,(57,81)1:2.6964027397345283)1:1.8508324129186269,(38,(((136,27)1:1.9560044534518528,(194,(69,190)1:2.096570423942803)1:1.1875860598510743)1:1.0796666280037766,((148,43)0.96:0.05979454684358893,(181,(62,(100,8)1:0.9578952363827131)1:0.24562694554134518)1:1.8306046285348858)1:1.2221559434489087)1:1.3434400231749044)0.93:0.0576665737999156)1:0.15259655969820674,(165,(61,94)1:0.6253417058453867)1:2.5494047749797777)1:0.22177579930422314)1:0.3516273244639428)1:0.1302525912301688)1:1.1216580182475202)1:0.2240693364156097)1:0.954980299215426));
Weight calculation took 352.6891424 secs
ASTRAL finished in 429.192 secs
