
================== ASTRAL ===================== 

This is ASTRAL version 5.7.8
Gene trees are treated as unrooted
200 trees read from Dataset/AstralII_data/model.200.2000000.0.000001/42/estimatedgenetre.halfresolved_200
index0
All output trees will be *arbitrarily* rooted at 113

======== Running the main analysis
Number of taxa: 201 (201 species)
Taxa: [113, 67, 37, 196, 24, 1, 85, 143, 188, 137, 132, 124, 193, 92, 42, 157, 168, 149, 115, 46, 158, 197, 34, 101, 17, 55, 2, 60, 96, 98, 16, 127, 53, 107, 56, 33, 31, 0, 41, 146, 135, 125, 128, 104, 129, 167, 68, 106, 82, 151, 18, 198, 184, 103, 3, 22, 26, 74, 189, 154, 105, 155, 47, 4, 178, 199, 161, 7, 75, 91, 21, 14, 139, 144, 90, 25, 30, 191, 142, 66, 12, 186, 112, 169, 102, 153, 174, 187, 35, 29, 50, 20, 116, 58, 97, 159, 79, 54, 120, 164, 64, 138, 195, 131, 121, 182, 175, 152, 192, 141, 180, 11, 59, 133, 162, 126, 111, 86, 185, 63, 108, 117, 183, 5, 6, 118, 80, 77, 99, 32, 39, 171, 114, 44, 177, 123, 19, 70, 9, 87, 176, 71, 65, 130, 73, 51, 23, 179, 134, 52, 122, 140, 40, 93, 166, 49, 156, 48, 83, 10, 28, 88, 172, 150, 170, 200, 95, 45, 72, 173, 36, 76, 148, 181, 62, 100, 8, 43, 160, 57, 81, 165, 94, 61, 38, 194, 69, 190, 136, 27, 13, 110, 89, 163, 119, 84, 78, 15, 147, 109, 145]
Taxon occupancy: {110=200, 111=200, 112=200, 113=200, 114=200, 115=200, 116=200, 117=200, 118=200, 119=200, 10=200, 11=200, 12=200, 13=200, 14=200, 15=200, 16=200, 17=200, 18=200, 19=200, 120=200, 0=200, 121=200, 1=200, 122=200, 2=200, 123=200, 124=200, 3=200, 125=200, 4=200, 126=200, 5=200, 127=200, 6=200, 128=200, 7=200, 129=200, 8=200, 9=200, 20=200, 21=200, 22=200, 23=200, 24=200, 25=200, 26=200, 27=200, 28=200, 29=200, 130=200, 131=200, 132=200, 133=200, 134=200, 135=200, 136=200, 137=200, 138=200, 139=200, 30=200, 31=200, 32=200, 33=200, 34=200, 35=200, 36=200, 37=200, 38=200, 39=200, 140=200, 141=200, 142=200, 143=200, 144=200, 145=200, 146=200, 147=200, 148=200, 149=200, 40=200, 41=200, 42=200, 43=200, 44=200, 45=200, 46=200, 47=200, 48=200, 49=200, 150=200, 151=200, 152=200, 153=200, 154=200, 155=200, 156=200, 157=200, 158=200, 159=200, 50=200, 51=200, 52=200, 53=200, 54=200, 55=200, 56=200, 57=200, 58=200, 59=200, 160=200, 161=200, 162=200, 163=200, 164=200, 165=200, 166=200, 167=200, 168=200, 169=200, 60=200, 61=200, 62=200, 63=200, 64=200, 65=200, 66=200, 67=200, 68=200, 69=200, 170=200, 171=200, 172=200, 173=200, 174=200, 175=200, 176=200, 177=200, 178=200, 179=200, 70=200, 71=200, 72=200, 73=200, 74=200, 75=200, 76=200, 77=200, 78=200, 79=200, 180=200, 181=200, 182=200, 183=200, 184=200, 185=200, 186=200, 187=200, 188=200, 189=200, 80=200, 81=200, 82=200, 83=200, 84=200, 85=200, 86=200, 87=200, 88=200, 89=200, 190=200, 191=200, 192=200, 193=200, 194=200, 195=200, 196=200, 197=200, 198=200, 199=200, 90=200, 91=200, 92=200, 93=200, 94=200, 95=200, 96=200, 97=200, 98=200, 99=200, 200=200, 100=200, 101=200, 102=200, 103=200, 104=200, 105=200, 106=200, 107=200, 108=200, 109=200}
Number of gene trees: 200
0 trees have missing taxa
Calculating quartet distance matrix (for completion of X)
Species tree distances calculated ...
Building set of clusters (X) from gene trees 
------------------------------
gradient0: 14655
Number of Clusters after addition by distance: 14655
calculating extra bipartitions to be added at level 1 ...
Adding to X using resolutions of greedy consensus ...
Limit for sigma of degrees:5075
polytomy size limit : 31
discarded polytomies:  [3, 3, 3, 3, 3, 3, 3, 3, 3, 3, 3, 3, 3, 3, 4, 4, 4, 4, 4, 4, 5, 6, 7, 14, 31]
Threshold 0.0:
Threshold 0.01:
Threshold 0.02:
Threshold 0.05:
polytomy of size 3; rounds with additions with at least 5 support: 0; clusters: 14655
polytomy of size 3; rounds with additions with at least 5 support: 0; clusters: 14655
Threshold 0.1:
polytomy of size 3; rounds with additions with at least 5 support: 0; clusters: 14655
polytomy of size 3; rounds with additions with at least 5 support: 0; clusters: 14655
polytomy of size 3; rounds with additions with at least 5 support: 0; clusters: 14655
polytomy of size 4; rounds with additions with at least 5 support: 0; clusters: 14655
polytomy of size 4; rounds with additions with at least 5 support: 0; clusters: 14655
Threshold 0.2:
polytomy of size 3; rounds with additions with at least 5 support: 0; clusters: 14655
polytomy of size 5; rounds with additions with at least 5 support: 0; clusters: 14655
polytomy of size 6; rounds with additions with at least 5 support: 0; clusters: 14655
polytomy of size 14; rounds with additions with at least 5 support: 0; clusters: 14655
Threshold 0.3333333333333333:
polytomy of size 3; rounds with additions with at least 5 support: 0; clusters: 14655
polytomy of size 4; rounds with additions with at least 5 support: 0; clusters: 14655
polytomy of size 3; rounds with additions with at least 5 support: 0; clusters: 14655
polytomy of size 3; rounds with additions with at least 5 support: 0; clusters: 14655
polytomy of size 3; rounds with additions with at least 5 support: 0; clusters: 14655
polytomy of size 4; rounds with additions with at least 5 support: 0; clusters: 14655
polytomy of size 3; rounds with additions with at least 5 support: 0; clusters: 14655
polytomy of size 7; rounds with additions with at least 5 support: 0; clusters: 14655
polytomy of size 4; rounds with additions with at least 5 support: 0; clusters: 14655
polytomy of size 3; rounds with additions with at least 5 support: 0; clusters: 14655
polytomy of size 4; rounds with additions with at least 5 support: 0; clusters: 14655
polytomy of size 3; rounds with additions with at least 5 support: 0; clusters: 14655
polytomy of size 31; rounds with additions with at least 5 support: 0; clusters: 14655
polytomy of size 3; rounds with additions with at least 5 support: 0; clusters: 14655
max k is :0
Number of Clusters after addition by greedy: 14655
gradient0 in heuristiic: 14655
partitions formed in 7.753 secs
Dynamic Programming starting after 7.753 secs
Using tree-based weight calculation.
Using polytree-based weight calculation.
Polytree max score: 13199670000
Polytree building time: 0.303 seconds.
Number of quartet trees in the gene trees: 13199670000
Size of largest cluster: 201
Greedy score: 9752827191
estimationFactor: 1.3534198588262467
Sub-optimal score: 10325281569
Total Number of elements weighted: 32153
Normalized score (portion of input quartet trees satisfied before correcting for multiple individuals): 0.8094577463679016
Optimization score: 10684575131
Optimal tree inferred in 23.328 secs.
(94,(61,(165,(((160,(57,81)),(38,(((136,27),(194,(69,190))),(148,(43,(181,(62,(100,8)))))))),(((185,63),(146,(41,(135,125)))),(((36,76),(86,(13,((89,163),(110,(84,(119,78))))))),(((15,(113,67)),(147,(109,145))),((((37,(137,(132,(124,(193,92))))),(196,(188,(24,(143,(1,85)))))),((107,(56,(33,31))),((((168,149),(158,(115,46))),(((42,157),(101,(197,34))),((16,(127,53)),((2,(55,98)),(60,(17,96)))))),((155,((129,167),(68,(106,82)))),((151,(18,198)),((128,104),((26,(103,(3,22))),(108,(189,(74,(105,(184,154)))))))))))),(0,((117,((19,(114,(123,(44,177)))),(((179,(134,(52,122))),((45,(200,95)),(150,(88,((10,28),(172,170)))))),(((72,173),(140,((40,166),(48,(83,(156,(93,49))))))),((87,(70,9)),(176,(71,((130,73),(65,(51,23)))))))))),(((169,102),((47,(4,178)),(12,((66,(191,(30,142))),(((91,139),(21,14)),((90,(144,25)),((7,75),(199,161)))))))),((((5,6),(118,(80,77))),(((99,32),((39,171),(186,112))),((174,(153,187)),(116,(35,(29,(50,20))))))),(183,(((64,(138,(121,(195,131)))),(175,((182,152),(192,(141,180))))),(58,((59,(126,111)),(11,((54,(120,164)),((133,162),(97,(159,79)))))))))))))))))))));
Final quartet score is: 10684575131
Final normalized quartet score is: 0.8094577463679016
Extended species tree:
(113,(67,(15,((147,(109,145)1:3.106080330722857)1:1.2439013411722002,(((((37,(137,(132,(124,(193,92)1:1.11365016603265)1:1.6786594529263705)1:0.9611241819323939)1:1.1199051187616889)1:0.17702721783144557,(196,(188,(24,(143,(1,85)1:0.2726194435309849)1:0.7382431387611591)0.75:0.06424750178949874)1:2.7583771367747123)1:0.6297099131355849)1:1.2384183248349876,((107,(56,(33,31)1:0.5156869106212216)1:1.1249621757417878)1:2.5795036131294156,((((168,149)1:1.2568580512233873,(158,(115,46)1:3.792516076694812)1:0.251072409791144)1:1.268203302236988,(((42,157)1:3.2782495160527954,(101,(197,34)0.98:0.12715517548524663)1:2.625293216076092)1:0.2342409634441344,((16,(127,53)1:0.8720372729067866)1:0.6810868558269882,((2,(55,98)1:0.4202160661237651)1:0.5730507677726795,(60,(17,96)1:0.7543043201375921)1:0.18884874449058667)1:0.6097587769139242)1:1.9808530464694682)1:0.6625982316899821)1:0.4057419346185202,((155,((129,167)1:1.7197859696029647,(68,(106,82)1:0.43210585180970024)1:1.0600896154281316)1:1.674767663720531)1:0.47340132412184455,((151,(18,198)1:2.4125123632852543)1:0.23512584526968344,((128,104)1:0.9807608144892351,((26,(103,(3,22)1:0.46678252978264445)1:0.16164135155641576)1:1.8451511237814036,(108,(189,(74,(105,(184,154)1:0.43210585180970024)1:0.9647210850351703)1:0.7117990842650419)1:0.2805636999507606)0.66:0.05882954817893145)1:0.9656079143847924)1:0.2376631056076654)1:0.8910913348295897)1:0.557977540597555)1:0.478359607557737)1:0.32653738945505906)1:0.8804981060383836,(0,((117,((19,(114,(123,(44,177)0.9:0.09402576455451518)1:0.7312532791241979)0.45:0.01756632371789917)1:3.834755478611084,(((179,(134,(52,122)1:2.594749783946897)1:1.2959486497194639)1:0.7747522052086446,((45,(200,95)0.75:0.0829900338601769)1:2.9411987431122886,(150,(88,((10,28)1:0.9758664636695972,(172,170)1:0.19715179535697858)1:0.3205810493687299)1:1.6301249720570745)1:1.6116558553266283)1:1.008800540044351)0.75:0.062179109787144506,(((72,173)1:2.850146956585655,(140,((40,166)1:0.21938082850275573,(48,(83,(156,(93,49)0.94:0.1102638856272138)0.94:0.10621111007244939)1:1.2871977113327082)1:0.6729267783689765)1:1.106656309929544)1:0.33107151508938165)1:0.5281507009724903,((87,(70,9)1:1.37147927533475)1:1.7165501235934428,(176,(71,((130,73)1:1.2959717228266046,(65,(51,23)1:0.2534003394400985)1:1.4558204237685008)1:0.9899621266891163)1:0.23872828233090818)1:1.3433979912516352)1:0.5619101361450664)1:1.3127693591445593)1:0.19638989273220842)0.81:0.09664975361826837)1:0.432295635445003,(((169,102)1:3.4963831910913394,((47,(4,178)1:0.28062127544664534)1:1.6499054046256534,(12,((66,(191,(30,142)0.52:0.07515805419721616)1:1.5318576278141651)1:0.36199594419694403,(((91,139)1:0.17481889870165968,(21,14)1:0.8635991617985161)1:2.325672483028935,((90,(144,25)1:0.8897722655024022)1:0.8280093331787137,((7,75)1:1.2579853091431707,(199,161)1:1.928076333688103)1:1.2311110886245653)0.95:0.11297485945827791)1:0.28192825827797313)0.41:0.01348577299409288)1:0.4067575617956532)1:1.0103941359793318)1:0.2627922646143997,((((5,6)1:2.21226245470076,(118,(80,77)1:0.4093169311552761)1:0.7196137537481087)1:2.8043039126566383,(((99,32)1:2.9479084427718196,((39,171)1:4.051993318628353,(186,112)1:2.6695188802980367)0.82:0.11229439449954812)0.95:0.11718538250634225,((174,(153,187)1:0.3652403067976554)1:2.3176229703585878,(116,(35,(29,(50,20)1:0.42050298547270487)1:0.7305451752393779)1:0.5501326438215938)1:0.7815163310100356)1:3.534626160485031)0.65:0.047342625963615506)1:0.3100970261006441,(183,(((64,(138,(121,(195,131)0.64:0.04608577367634916)1:0.1660816877488138)1:0.9276441559536173)1:1.8395240400951511,(175,((182,152)1:0.6882349077493614,(192,(141,180)0.63:0.04577007973899698)1:0.656256143075605)1:0.717487450586799)1:0.8997549910424084)1:2.37914846272058,(58,((59,(126,111)1:1.4308420673307616)0.8:0.0721444199489339,(11,((54,(120,164)1:1.8054208838838708)1:0.3387949381919284,((133,162)1:2.443000868728473,(97,(159,79)1:1.1139945779527067)1:0.7509463543720799)1:0.4946124673441023)1:0.8253231784772661)0.35:0.0)1:1.35027836430706)1:0.5929115424997221)1:0.31837912334441065)1:0.48649727371695733)0.83:0.07496094347562048)1:1.0957446159589994)1:0.23370510782225692)0.87:0.0879929553751038)1:0.7401785892451078,(((36,76)1:0.6109008567447156,(86,(13,((89,163)1:2.455492764581707,(110,(84,(119,78)1:1.0688690769315885)1:0.2828700709765406)1:1.3639660919839678)1:1.5826233984844889)1:0.5324556356925735)1:0.2429111542737048)1:0.46008061962281943,(((185,63)1:2.05494496633717,(146,(41,(135,125)1:0.22439754090919395)1:0.5070320355401909)1:0.8473042387721329)1:0.24829686867900372,(((160,(57,81)1:2.5952547069568657)1:1.9954684423764335,(38,(((136,27)1:1.9693708448606775,(194,(69,190)1:2.1897895988487015)1:1.152365441078586)1:0.9978716189717222,(148,(43,(181,(62,(100,8)1:1.0262180021653615)1:0.27780600740798095)1:1.4970960358968965)0.53:0.036468285654103344)1:0.9198358930633748)1:1.3033776263345924)0.87:0.09247357125309985)1:0.17775380299663257,(165,(61,94)1:0.7234525300552743)1:2.495038548383688)1:0.22945396209525193)1:0.3339151568052826)0.98:0.1371003903158958)1:0.9965484722399445)1:0.25422994210055405)1:0.8465820002884384));
Weight calculation took 14.061786266 secs
ASTRAL finished in 25.294 secs
