
================== ASTRAL ===================== 

This is ASTRAL version 5.7.8
Gene trees are treated as unrooted
200 trees read from Dataset/AstralII_data/model.200.500000.0.000001/48/estimatedgenetre.halfresolved_200
index0
All output trees will be *arbitrarily* rooted at 67

======== Running the main analysis
Number of taxa: 201 (201 species)
Taxa: [67, 58, 5, 146, 52, 61, 176, 7, 85, 51, 119, 181, 124, 34, 190, 140, 10, 162, 96, 54, 17, 38, 187, 72, 59, 1, 3, 95, 77, 84, 62, 79, 24, 11, 163, 94, 93, 43, 180, 100, 173, 165, 99, 98, 192, 41, 78, 102, 178, 31, 104, 71, 70, 46, 50, 177, 14, 152, 191, 196, 15, 171, 157, 26, 128, 110, 89, 113, 56, 169, 22, 174, 123, 68, 39, 149, 103, 82, 156, 33, 90, 6, 153, 27, 189, 129, 40, 137, 188, 160, 30, 49, 91, 87, 148, 170, 142, 65, 116, 111, 134, 86, 167, 75, 193, 80, 144, 57, 64, 35, 150, 138, 37, 184, 36, 28, 122, 74, 48, 151, 118, 127, 92, 114, 166, 108, 60, 55, 175, 12, 69, 13, 183, 53, 186, 161, 0, 47, 29, 105, 4, 147, 2, 88, 97, 194, 159, 125, 145, 155, 133, 197, 135, 25, 106, 182, 168, 73, 136, 44, 195, 21, 179, 76, 16, 185, 63, 18, 66, 109, 198, 200, 143, 8, 154, 117, 120, 126, 20, 112, 9, 81, 158, 23, 32, 131, 115, 139, 107, 130, 141, 19, 121, 83, 199, 45, 42, 132, 164, 101, 172]
Taxon occupancy: {110=200, 111=200, 112=200, 113=200, 114=200, 115=200, 116=200, 117=200, 118=200, 119=200, 10=200, 11=200, 12=200, 13=200, 14=200, 15=200, 16=200, 17=200, 18=200, 19=200, 120=200, 0=200, 121=200, 1=200, 122=200, 123=200, 2=200, 124=200, 3=200, 4=200, 125=200, 5=200, 126=200, 6=200, 127=200, 7=200, 128=200, 129=200, 8=200, 9=200, 20=200, 21=200, 22=200, 23=200, 24=200, 25=200, 26=200, 27=200, 28=200, 29=200, 130=200, 131=200, 132=200, 133=200, 134=200, 135=200, 136=200, 137=200, 138=200, 139=200, 30=200, 31=200, 32=200, 33=200, 34=200, 35=200, 36=200, 37=200, 38=200, 39=200, 140=200, 141=200, 142=200, 143=200, 144=200, 145=200, 146=200, 147=200, 148=200, 149=200, 40=200, 41=200, 42=200, 43=200, 44=200, 45=200, 46=200, 47=200, 48=200, 49=200, 150=200, 151=200, 152=200, 153=200, 154=200, 155=200, 156=200, 157=200, 158=200, 159=200, 50=200, 51=200, 52=200, 53=200, 54=200, 55=200, 56=200, 57=200, 58=200, 59=200, 160=200, 161=200, 162=200, 163=200, 164=200, 165=200, 166=200, 167=200, 168=200, 169=200, 60=200, 61=200, 62=200, 63=200, 64=200, 65=200, 66=200, 67=200, 68=200, 69=200, 170=200, 171=200, 172=200, 173=200, 174=200, 175=200, 176=200, 177=200, 178=200, 179=200, 70=200, 71=200, 72=200, 73=200, 74=200, 75=200, 76=200, 77=200, 78=200, 79=200, 180=200, 181=200, 182=200, 183=200, 184=200, 185=200, 186=200, 187=200, 188=200, 189=200, 80=200, 81=200, 82=200, 83=200, 84=200, 85=200, 86=200, 87=200, 88=200, 89=200, 190=200, 191=200, 192=200, 193=200, 194=200, 195=200, 196=200, 197=200, 198=200, 199=200, 90=200, 91=200, 92=200, 93=200, 94=200, 95=200, 96=200, 97=200, 98=200, 99=200, 200=200, 100=200, 101=200, 102=200, 103=200, 104=200, 105=200, 106=200, 107=200, 108=200, 109=200}
Number of gene trees: 200
0 trees have missing taxa
Calculating quartet distance matrix (for completion of X)
Species tree distances calculated ...
Building set of clusters (X) from gene trees 
------------------------------
gradient0: 45389
Number of Clusters after addition by distance: 45389
calculating extra bipartitions to be added at level 1 ...
Adding to X using resolutions of greedy consensus ...
Limit for sigma of degrees:5075
polytomy size limit : 56
discarded polytomies: 82 112 147  [3, 3, 3, 3, 3, 3, 3, 3, 4, 4, 6, 25, 29, 40, 56, 82, 112, 147]
Threshold 0.0:
polytomy of size 25; rounds with additions with at least 5 support: 20; clusters: 54729
Threshold 0.01:
polytomy of size 29; rounds with additions with at least 5 support: 9; clusters: 66413
Threshold 0.02:
polytomy of size 3; rounds with additions with at least 5 support: 1; clusters: 66415
polytomy of size 3; rounds with additions with at least 5 support: 0; clusters: 66415
polytomy of size 40; rounds with additions with at least 5 support: 7; clusters: 90907
Threshold 0.05:
polytomy of size 4; rounds with additions with at least 5 support: 0; clusters: 90907
polytomy of size 56; rounds with additions with at least 5 support: 2; clusters: 91221
Threshold 0.1:
polytomy of size 3; rounds with additions with at least 5 support: 0; clusters: 91221
polytomy of size 82; rounds with additions with at least 5 support: 0; clusters: 91435
Threshold 0.2:
polytomy of size 3; rounds with additions with at least 5 support: 0; clusters: 91435
polytomy of size 3; rounds with additions with at least 5 support: 0; clusters: 91435
polytomy of size 112; rounds with additions with at least 5 support: 0; clusters: 91655
Threshold 0.3333333333333333:
polytomy of size 3; rounds with additions with at least 5 support: 0; clusters: 91655
polytomy of size 3; rounds with additions with at least 5 support: 0; clusters: 91655
polytomy of size 3; rounds with additions with at least 5 support: 0; clusters: 91655
polytomy of size 6; rounds with additions with at least 5 support: 0; clusters: 91655
polytomy of size 4; rounds with additions with at least 5 support: 0; clusters: 91655
polytomy of size 147; rounds with additions with at least 5 support: 0; clusters: 91795
max k is :40
Number of Clusters after addition by greedy: 91795
gradient0 in heuristiic: 91795
partitions formed in 70.605 secs
Dynamic Programming starting after 70.605 secs
Using tree-based weight calculation.
Using polytree-based weight calculation.
Polytree max score: 13183312551
Polytree building time: 0.301 seconds.
Number of quartet trees in the gene trees: 13183312551
Size of largest cluster: 201
Greedy score: 4942746052
estimationFactor: 2.6672041032060694
Sub-optimal score: 5642960145
Calculated 100000 weights; time (seconds): 181
Calculated 200000 weights; time (seconds): 126
Total Number of elements weighted: 214369
Normalized score (portion of input quartet trees satisfied before correcting for multiple individuals): 0.45400771474131457
Optimization score: 5985325604
Optimal tree inferred in 325.206 secs.
(63,(185,(89,((110,(128,(67,58))),(((146,(61,(5,52))),((15,(153,(157,26))),((27,(196,(152,191))),(171,(82,(156,33)))))),((((149,(68,39)),(192,(24,(151,47)))),((199,((186,161),(190,(143,(200,(62,79)))))),((101,172),((9,(81,19)),((158,(20,112)),(((77,43),(11,(121,(84,23)))),((130,(115,139)),(141,(131,(32,107)))))))))),((140,(164,((54,126),((187,((59,1),(95,(72,3)))),((55,175),((17,(162,96)),(34,(124,38)))))))),((0,((194,((7,85),((108,97),(48,(46,50))))),((127,(114,(92,166))),(((29,105),(4,147)),((21,((198,(179,76)),((10,195),(42,132)))),((113,(56,(169,22))),(109,((51,103),(83,45))))))))),((177,((2,(64,((138,37),(150,(65,193))))),((70,136),(178,(41,((78,104),(71,14))))))),((((93,102),(163,31)),(118,((100,173),(98,(165,(180,99)))))),(((142,(188,(137,160))),(((60,44),(8,(174,(123,(117,120))))),((80,(170,111)),((148,154),(35,(30,(49,(91,87)))))))),(((94,57),(((184,28),(36,122)),((129,40),(53,((13,73),(69,183)))))),(((90,6),(159,(119,144))),(((189,116),(16,(12,(74,((75,(86,167)),(66,(134,18))))))),(135,((133,197),((181,155),((25,182),((106,168),(176,(88,(125,145))))))))))))))))))))));
Final quartet score is: 5985325604
Final normalized quartet score is: 0.45400771474131457
Extended species tree:
(67,(58,(128,(110,((((146,(61,(5,52)0.97:0.12427811149270801)0.57:0.03665036644901175)1:0.8383939112672637,((15,(153,(157,26)1:0.9463106699082275)1:0.16887233184493297)0.61:0.04633505600082158,((27,(196,(152,191)0.93:0.10445027625307368)1:0.6935143598045161)1:0.32317268516476316,(171,(82,(156,33)0.97:0.1412071478352263)1:1.0803668219137266)0.41:0.011567119998289403)0.91:0.09580119294644454)0.99:0.15333005753899573)0.9:0.09294644240042883,((((149,(68,39)1:0.4333248338956348)1:0.6999186158238083,(192,(24,(151,47)1:0.30311005962346327)0.97:0.12707730727474353)0.93:0.1035866375598325)0.85:0.08089407461236506,((199,((186,161)0.43:0.01639387391984599,(190,(143,(200,(62,79)1:0.588066210352491)0.67:0.06144276325824636)1:0.2342872203923781)1:0.18492529041035982)1:0.28875686985966575)1:0.23472382742212947,((101,172)1:1.0322309188149323,((9,(81,19)0.5:0.02522283855371522)1:0.2149102008836084,((158,(20,112)1:0.8377215850861527)0.9:0.09441537152274658,(((77,43)1:0.6659008465314413,(11,(121,(84,23)0.62:0.04748155417051423)1:0.3718463303676657)1:0.5924420466621444)0.85:0.08060242767428923,((130,(115,139)1:0.23644612065232562)1:0.207822294464599,(141,(131,(32,107)0.7:0.05584742244583534)0.65:0.04776014856972156)1:0.3580179907051484)1:0.7053804359954456)0.46:0.018391900228785115)0.85:0.0798133991075289)0.85:0.08121917396444471)0.44:0.02057583480686186)0.68:0.051112260930100406)0.41:0.011467990299550214,((140,(164,((54,126)1:0.46371490927595127,((187,((59,1)1:0.41533385864407846,(95,(72,3)0.93:0.10523132503688581)1:0.3261029006802892)1:0.5432993537076661)0.96:0.11649045978044945,((55,175)1:0.7946782806320043,((17,(162,96)0.36:0.0032764603245682817)1:0.28576322096113377,(34,(124,38)1:0.28435243563533275)1:0.30085706471787765)0.87:0.08569113100899806)0.99:0.15631170764221225)0.62:0.0417043510403027)0.75:0.06521392057147793)0.38:0.005520734632031496)1:0.32359829258394845,((0,((194,((7,85)1:1.4198045273892514,((108,97)1:0.8906904944464353,(48,(46,50)1:0.31954028011187624)0.63:0.044702655254688105)1:0.252198083584373)1:0.23865003526081283)0.4:0.009926713314806154,((127,(114,(92,166)0.93:0.10869635608457949)1:0.6977302389130033)1:0.5330220316843882,(((29,105)1:0.33758581110568686,(4,147)0.89:0.09450388942628733)1:0.30252891180971503,((21,((198,(179,76)0.46:0.01814019467665502)1:0.2184899119895974,((10,195)1:0.28634925154449437,(42,132)0.99:0.1409550802593086)1:0.24270392832453103)0.99:0.14000438718396374)1:0.28837692162540624,((113,(56,(169,22)1:0.42936100136867195)0.85:0.0853952312421237)1:0.19125087700488963,(109,((51,103)0.99:0.14638355863856095,(83,45)1:1.0052055890921738)0.45:0.01697788000917031)0.67:0.05035783261393895)0.96:0.11875685075379948)1:0.29382134876754745)0.57:0.03499067968133447)0.9:0.09309561580244011)0.43:0.01403231708491767)0.43:0.015004387404566095,((177,((2,(64,((138,37)1:0.6318395356378217,(150,(65,193)1:0.1978852316465718)1:0.5502190391011859)0.51:0.03482938573873848)1:0.255819449588824)0.74:0.06172065608290573,((70,136)1:0.8591409685158221,(178,(41,((78,104)1:1.0791648169642738,(71,14)0.94:0.11028460740519452)1:0.2562791153442133)0.4:0.01363857693188207)1:0.2748176866223147)0.57:0.034883116194162476)0.68:0.05131821706823477)0.4:0.009575398119069468,((((93,102)1:1.324148867162709,(163,31)1:0.6399975149858408)0.99:0.15845265761105162,(118,((100,173)1:0.1916788687666821,(98,(165,(180,99)1:0.1993979619279873)0.9:0.09459402371275276)1:0.4046441764551189)1:0.8063301700743747)1:0.22131474144986832)0.75:0.06202064086706487,(((142,(188,(137,160)1:0.8652742189433633)1:0.7534651358548472)0.53:0.042917116319724447,(((60,44)1:0.21573087742341263,(8,(174,(123,(117,120)0.87:0.08568082754398701)1:0.4198745378840332)0.63:0.050897010545179235)1:0.650311520104213)0.97:0.12095216772153845,((80,(170,111)1:0.41050433911896744)1:0.377723534015411,((148,154)1:0.4046862021290792,(35,(30,(49,(91,87)0.49:0.034018489476780954)1:0.8821731897012162)1:0.288776791180235)0.5:0.02578760427510465)0.52:0.02746077813794363)1:0.22514152174361907)0.63:0.04405375913119442)1:0.2276780388817975,(((94,57)1:0.7360272014868584,(((184,28)1:0.35204111052537257,(36,122)0.99:0.1419918838710155)1:1.1618181801269716,((129,40)1:0.8181485176363346,(53,((13,73)0.99:0.1528583622350998,(69,183)1:0.3736170298884755)1:0.2743258374194562)1:0.517575663737198)0.41:0.010740242353654098)0.69:0.05415994557118454)0.42:0.012688320506616101,(((90,6)1:1.1709248446168605,(159,(119,144)0.61:0.055824708450306335)1:0.5309576625065897)1:0.3159453143916391,(((189,116)1:0.5599386841755041,(16,(12,(74,((75,(86,167)1:0.3171180111005305)1:0.6971848277013584,(66,(134,18)0.54:0.03109647129679947)1:0.22713097141985605)0.92:0.0991762919692444)0.74:0.060042817403627595)0.87:0.08829552113008672)0.65:0.046930088931877625)0.73:0.060496785479465194,(135,((133,197)1:1.0245675612620817,((181,155)1:0.2671207549786326,((25,182)1:0.8474822087758157,((106,168)1:0.17528964122856847,(176,(88,(125,145)1:0.17635918131228154)0.47:0.021966039438339323)0.72:0.058557736668933845)1:0.28333683107720614)0.59:0.03795431487155405)0.99:0.14811498120957522)0.48:0.02247631160300502)1:0.47590216609263536)0.84:0.07901801572291252)0.91:0.09673365722553608)0.74:0.05966740057466178)0.48:0.0225933034255474)0.36:0.003324138380330725)0.36:0.0031376005617435414)0.42:0.012520938622443903)0.75:0.06103196088316428)1:0.18120441470087134)0.85:0.08405245099922623,(89,(185,63)1:0.45224209406439914)1:0.38350631179551936)1:0.4874013517269625)1:0.1814272379324319)1:0.8032174003124265));
Weight calculation took 218.112597389 secs
ASTRAL finished in 328.075 secs
