
================== ASTRAL ===================== 

This is ASTRAL version 5.7.8
Gene trees are treated as unrooted
996 trees read from Dataset/AstralII_data/model.200.500000.0.000001/48/estimatedgenetre.halfresolved
index0
All output trees will be *arbitrarily* rooted at 67

======== Running the main analysis
Number of taxa: 201 (201 species)
Taxa: [67, 58, 5, 146, 52, 61, 176, 7, 85, 51, 119, 181, 124, 34, 190, 140, 10, 162, 96, 54, 17, 38, 187, 72, 59, 1, 3, 95, 77, 84, 62, 79, 24, 11, 163, 94, 93, 43, 180, 100, 173, 165, 99, 98, 192, 41, 78, 102, 178, 31, 104, 71, 70, 46, 50, 177, 14, 152, 191, 196, 15, 171, 157, 26, 128, 110, 89, 113, 56, 169, 22, 174, 123, 68, 39, 149, 103, 82, 156, 33, 90, 6, 153, 27, 189, 129, 40, 137, 188, 160, 30, 49, 91, 87, 148, 170, 142, 65, 116, 111, 134, 86, 167, 75, 193, 80, 144, 57, 64, 35, 150, 138, 37, 184, 36, 28, 122, 74, 48, 151, 118, 127, 92, 114, 166, 108, 60, 55, 175, 12, 69, 13, 183, 53, 186, 161, 0, 47, 29, 105, 4, 147, 2, 88, 97, 194, 159, 125, 145, 155, 133, 197, 135, 25, 106, 182, 168, 73, 136, 44, 195, 21, 179, 76, 16, 185, 63, 18, 66, 109, 198, 200, 143, 8, 154, 117, 120, 126, 20, 112, 9, 81, 158, 23, 32, 131, 115, 139, 107, 130, 141, 19, 121, 83, 199, 45, 42, 132, 164, 101, 172]
Taxon occupancy: {110=996, 111=996, 112=996, 113=996, 114=996, 115=996, 116=996, 117=996, 118=996, 119=996, 10=996, 11=996, 12=996, 13=996, 14=996, 15=996, 16=996, 17=996, 18=996, 19=996, 120=996, 0=996, 121=996, 1=996, 122=996, 123=996, 2=996, 124=996, 3=996, 4=996, 125=996, 5=996, 126=996, 6=996, 127=996, 7=996, 128=996, 129=996, 8=996, 9=996, 20=996, 21=996, 22=996, 23=996, 24=996, 25=996, 26=996, 27=996, 28=996, 29=996, 130=996, 131=996, 132=996, 133=996, 134=996, 135=996, 136=996, 137=996, 138=996, 139=996, 30=996, 31=996, 32=996, 33=996, 34=996, 35=996, 36=996, 37=996, 38=996, 39=996, 140=996, 141=996, 142=996, 143=996, 144=996, 145=996, 146=996, 147=996, 148=996, 149=996, 40=996, 41=996, 42=996, 43=996, 44=996, 45=996, 46=996, 47=996, 48=996, 49=996, 150=996, 151=996, 152=996, 153=996, 154=996, 155=996, 156=996, 157=996, 158=996, 159=996, 50=996, 51=996, 52=996, 53=996, 54=996, 55=996, 56=996, 57=996, 58=996, 59=996, 160=996, 161=996, 162=996, 163=996, 164=996, 165=996, 166=996, 167=996, 168=996, 169=996, 60=996, 61=996, 62=996, 63=996, 64=996, 65=996, 66=996, 67=996, 68=996, 69=996, 170=996, 171=996, 172=996, 173=996, 174=996, 175=996, 176=996, 177=996, 178=996, 179=996, 70=996, 71=996, 72=996, 73=996, 74=996, 75=996, 76=996, 77=996, 78=996, 79=996, 180=996, 181=996, 182=996, 183=996, 184=996, 185=996, 186=996, 187=996, 188=996, 189=996, 80=996, 81=996, 82=996, 83=996, 84=996, 85=996, 86=996, 87=996, 88=996, 89=996, 190=996, 191=996, 192=996, 193=996, 194=996, 195=996, 196=996, 197=996, 198=996, 199=996, 90=996, 91=996, 92=996, 93=996, 94=996, 95=996, 96=996, 97=996, 98=996, 99=996, 200=996, 100=996, 101=996, 102=996, 103=996, 104=996, 105=996, 106=996, 107=996, 108=996, 109=996}
Number of gene trees: 996
0 trees have missing taxa
Calculating quartet distance matrix (for completion of X)
Species tree distances calculated ...
Building set of clusters (X) from gene trees 
------------------------------
gradient0: 189705
Number of Clusters after addition by distance: 189705
calculating extra bipartitions to be added at level 1 ...
Adding to X using resolutions of greedy consensus ...
Limit for sigma of degrees:5075
polytomy size limit : 61
discarded polytomies: 85 106 148  [3, 3, 3, 3, 3, 3, 3, 5, 6, 15, 32, 40, 61, 85, 106, 148]
Threshold 0.0:
polytomy of size 15; rounds with additions with at least 5 support: 21; clusters: 191641
Threshold 0.01:
polytomy of size 32; rounds with additions with at least 5 support: 12; clusters: 203033
Threshold 0.02:
polytomy of size 3; rounds with additions with at least 5 support: 0; clusters: 203033
polytomy of size 40; rounds with additions with at least 5 support: 0; clusters: 220835
Threshold 0.05:
polytomy of size 3; rounds with additions with at least 5 support: 0; clusters: 220835
polytomy of size 3; rounds with additions with at least 5 support: 0; clusters: 220835
polytomy of size 61; rounds with additions with at least 5 support: 0; clusters: 220965
Threshold 0.1:
polytomy of size 85; rounds with additions with at least 5 support: 0; clusters: 221099
Threshold 0.2:
polytomy of size 3; rounds with additions with at least 5 support: 0; clusters: 221099
polytomy of size 3; rounds with additions with at least 5 support: 0; clusters: 221099
polytomy of size 5; rounds with additions with at least 5 support: 0; clusters: 221099
polytomy of size 106; rounds with additions with at least 5 support: 0; clusters: 221141
Threshold 0.3333333333333333:
polytomy of size 3; rounds with additions with at least 5 support: 0; clusters: 221141
polytomy of size 3; rounds with additions with at least 5 support: 0; clusters: 221141
polytomy of size 6; rounds with additions with at least 5 support: 0; clusters: 221141
polytomy of size 148; rounds with additions with at least 5 support: 0; clusters: 221185
max k is :42
Number of Clusters after addition by greedy: 221185
gradient0 in heuristiic: 221185
partitions formed in 280.461 secs
Dynamic Programming starting after 280.461 secs
Using tree-based weight calculation.
Using polytree-based weight calculation.
Polytree max score: 65687844576
Polytree building time: 3.48 seconds.
Number of quartet trees in the gene trees: 65687844576
Size of largest cluster: 201
Greedy score: 24625907498
estimationFactor: 2.6674283813229973
Sub-optimal score: 24886582378
Calculated 100000 weights; time (seconds): 761
Calculated 200000 weights; time (seconds): 477
Calculated 300000 weights; time (seconds): 493
Calculated 400000 weights; time (seconds): 526
Calculated 500000 weights; time (seconds): 511
Total Number of elements weighted: 594591
Normalized score (portion of input quartet trees satisfied before correcting for multiple individuals): 0.45256878225932307
Optimization score: 29728267829
Optimal tree inferred in 3230.711 secs.
(158,((20,112),((((77,43),(11,(23,(84,121)))),((130,(115,139)),(141,(131,(32,107))))),((9,(81,19)),(((101,172),(199,(186,(161,(190,(143,(200,(62,79)))))))),(((149,(68,39)),(192,(24,(151,47)))),((((89,(185,63)),(110,(128,(67,58)))),((146,(61,(5,52))),((15,(153,(157,26))),(171,((82,(156,33)),(27,(196,(152,191)))))))),((140,(164,((54,126),((187,((59,1),(3,(72,95)))),((96,(162,17)),((55,175),(34,(124,38)))))))),((0,((194,((7,85),((108,97),(48,(46,50))))),((127,(114,(92,166))),(((4,147),(29,105)),((21,((179,(76,198)),((10,195),(42,132)))),((113,(56,(169,22))),(109,((51,103),(83,45))))))))),((177,((((93,102),(163,31)),(118,((100,173),(98,(165,(180,99)))))),((2,(64,((138,37),(150,(65,193))))),((70,136),(178,(41,((78,104),(71,14)))))))),((142,((188,(137,160)),(((60,44),((174,8),(123,(117,120)))),((80,(170,111)),((35,(148,154)),(30,(49,(91,87)))))))),((94,57),((((184,28),(36,122)),((129,40),(53,((13,73),(69,183))))),(((90,6),(159,(119,144))),(((189,116),(16,(12,(74,((75,(86,167)),(66,(134,18))))))),(135,((133,197),((181,155),((25,182),((106,168),(176,(88,(125,145)))))))))))))))))))))));
Final quartet score is: 29728267829
Final normalized quartet score is: 0.45256878225932307
Extended species tree:
(67,(58,(128,(110,((89,(185,63)1:0.4705173051153817)1:0.45883161375740783,(((146,(61,(5,52)0.55:0.014908026878824088)0.93:0.046016485160021756)1:0.818215970419909,((15,(153,(157,26)1:0.8083041138264011)1:0.27108280743164437)0.46:0.009235204661890631,(171,((82,(156,33)1:0.1525392000955102)1:0.9888389417466242,(27,(196,(152,191)1:0.08281763452699475)1:0.6210693498979171)1:0.3492362044694896)0.45:0.010293731392832852)1:0.1381581425316473)1:0.1585881840955475)1:0.11111350608673017,(((140,(164,((54,126)1:0.39658850500955817,((187,((59,1)1:0.45506215115950044,(3,(72,95)0.86:0.039685540186504796)1:0.2917326421664424)1:0.6071238256889914)1:0.09244316291348448,((96,(162,17)1:0.07776617454429965)1:0.2915618795644608,((55,175)1:0.8916769507951792,(34,(124,38)1:0.29118118851055924)1:0.3023767167774556)0.84:0.035208697179834436)1:0.183762688699581)0.68:0.02324313539206003)1:0.09237741951692965)0.44:0.010444636597457566)1:0.3746935968710233,((0,((194,((7,85)1:1.5331108141978704,((108,97)1:0.9950040250600268,(48,(46,50)1:0.310192102033655)0.88:0.04007200839225997)1:0.2734394396806566)1:0.17736884117761414)0.86:0.037027323625017795,((127,(114,(92,166)1:0.0715553994368002)1:0.7497229190482897)1:0.5311627484551497,(((4,147)1:0.10548721369872531,(29,105)1:0.3116319088886375)1:0.2956728288414134,((21,((179,(76,198)0.47:0.010103847055822618)1:0.1777137126022343,((10,195)1:0.20213955043576737,(42,132)1:0.1465728964414432)1:0.2337663257369938)1:0.07972193283705535)1:0.3929255501398646,((113,(56,(169,22)1:0.5273364766418978)1:0.13320999814096893)1:0.19745873848977,(109,((51,103)1:0.13206433752051158,(83,45)1:1.033573802292142)0.99:0.06715673857355829)1:0.07244604830545558)1:0.0824065526165938)1:0.32695608500445783)0.99:0.06876891413316621)1:0.10786171402246728)0.59:0.01775670086102092)0.49:0.010964241528731215,((177,((((93,102)1:1.3444025169887026,(163,31)1:0.5908187821654959)1:0.16353299683382333,(118,((100,173)1:0.2185215049068259,(98,(165,(180,99)1:0.17900837686557147)1:0.1000630100618993)1:0.41527096324183865)1:0.7661930310250745)1:0.2304619187336511)0.99:0.060468266710961636,((2,(64,((138,37)1:0.7535760700790433,(150,(65,193)1:0.2564038522828886)1:0.5294577637879868)0.51:0.012505048013975612)1:0.26277991968010084)0.96:0.05110660232214002,((70,136)1:0.7798161319738196,(178,(41,((78,104)1:0.8798418291849437,(71,14)0.99:0.06877150015199872)1:0.27369963579572704)0.81:0.032048860724280336)1:0.2881956186767591)0.79:0.030941953136176505)0.99:0.06257876563988136)0.39:0.0043672517433158255)0.55:0.01498368798424997,((142,((188,(137,160)1:0.6821338194057786)1:0.7877764139975726,(((60,44)1:0.22255217819802897,((174,8)0.44:0.012256057235233651,(123,(117,120)1:0.08395486023080154)1:0.4743931634819363)1:0.6927367486867364)1:0.1078201428336732,((80,(170,111)1:0.45651229079186156)1:0.37799967504404947,((35,(148,154)1:0.3900166214014531)0.58:0.024241370958877025,(30,(49,(91,87)1:0.07245765781674365)1:0.8583504849512739)1:0.23938640278248777)0.98:0.058983507583829746)1:0.28412616618744246)0.72:0.025814509247921405)0.71:0.026011454215655355)1:0.22987920639359424,((94,57)1:0.7450901617847895,((((184,28)1:0.3967551094625508,(36,122)1:0.18949680400655514)1:1.2643379031564657,((129,40)1:1.0159793222084197,(53,((13,73)1:0.08317760436016673,(69,183)1:0.38657752441479465)1:0.3021997371246434)1:0.5922947454820171)0.53:0.014545439669813993)0.91:0.04250133382548769,(((90,6)1:0.9739147827379208,(159,(119,144)0.56:0.016230860305514513)1:0.5203649719260804)1:0.32458267543607416,(((189,116)1:0.6479150041581342,(16,(12,(74,((75,(86,167)1:0.25595979423800636)1:0.9051515611294894,(66,(134,18)0.74:0.033621724933686245)1:0.2750181744847962)1:0.08658364401540881)0.95:0.048012544624052834)1:0.10877386128554153)0.93:0.045764073360356365)0.99:0.06231188049097861,(135,((133,197)1:1.103994324689918,((181,155)1:0.3167157464908344,((25,182)1:0.9001521083987819,((106,168)1:0.1171034287107102,(176,(88,(125,145)0.91:0.046051665794986714)0.53:0.014740380051857991)1:0.07526192880318869)1:0.3310718970738051)0.54:0.02140866832826608)1:0.1822863275922165)0.52:0.014306915153471694)1:0.40400655768425675)1:0.09608000683039909)0.99:0.06451761074354782)0.39:0.004697827631409816)1:0.07723845729573003)0.41:0.005800829889301522)0.57:0.016313680241925387)0.41:0.00649913556925717)0.99:0.06376145134550616,(((149,(68,39)1:0.49533782572795376)1:0.7653856060731442,(192,(24,(151,47)1:0.32219458939808165)1:0.11176424770047985)1:0.10850479947283904)1:0.11500269487721408,(((101,172)1:0.9451505285733633,(199,(186,(161,(190,(143,(200,(62,79)1:0.5407212258485732)0.6:0.018110971658039664)1:0.30486127764306026)1:0.13088695232710576)0.81:0.03265519933298895)1:0.26297735248047577)1:0.1536117850240039)0.85:0.036271291512342214,((9,(81,19)0.4:0.006260005195136741)1:0.24840281635890507,((((77,43)1:0.6044932692395933,(11,(23,(84,121)0.58:0.02523575097761625)1:0.3516747616843689)1:0.6276760287865593)0.96:0.051545777338552715,((130,(115,139)1:0.25110986836321086)1:0.24259223091914003,(141,(131,(32,107)0.73:0.033357713285661866)1:0.08741183109616336)1:0.3577343563281885)1:0.6653544479971548)0.62:0.020941693328280275,((20,112)1:0.7837153549356637,158)1:0.08492525469982487)1:0.0857012327016251)1:0.14699396720048635)1:0.07474707835384906)0.39:0.004503629511312667)1:0.1444198927743117)0.9:0.043057920147768367)1:0.5534017346256783)1:0.22428817402459308)1:0.6993841697851473));
Weight calculation took 2726.617755309 secs
ASTRAL finished in 3239.749 secs
