
================== ASTRAL ===================== 

This is ASTRAL version 5.7.8
Gene trees are treated as unrooted
50 trees read from Dataset/AstralII_data/model.200.2000000.0.000001/31/estimatedgenetre.halfresolved_50
index0
All output trees will be *arbitrarily* rooted at 18

======== Running the main analysis
Number of taxa: 201 (201 species)
Taxa: [18, 11, 59, 28, 81, 180, 176, 118, 184, 50, 175, 112, 120, 196, 99, 5, 33, 95, 141, 42, 133, 47, 45, 46, 88, 57, 170, 43, 190, 9, 165, 191, 74, 65, 62, 68, 123, 3, 168, 195, 64, 75, 53, 44, 78, 26, 8, 61, 143, 92, 166, 151, 189, 116, 87, 56, 193, 121, 132, 63, 150, 67, 86, 23, 32, 125, 51, 4, 89, 16, 129, 198, 139, 148, 80, 12, 122, 69, 15, 109, 1, 185, 164, 24, 84, 115, 14, 117, 162, 152, 179, 13, 71, 19, 107, 197, 172, 35, 90, 37, 103, 159, 178, 52, 174, 41, 111, 21, 149, 156, 144, 130, 72, 54, 163, 128, 106, 94, 138, 137, 96, 49, 25, 38, 7, 135, 31, 145, 194, 48, 104, 29, 36, 140, 114, 200, 153, 76, 183, 98, 131, 147, 93, 60, 82, 30, 73, 124, 17, 155, 169, 10, 83, 182, 199, 77, 55, 192, 39, 160, 58, 108, 187, 173, 110, 102, 101, 142, 85, 6, 134, 91, 40, 27, 181, 66, 126, 100, 157, 20, 34, 70, 105, 2, 167, 171, 113, 186, 0, 136, 22, 188, 158, 127, 154, 97, 79, 119, 146, 177, 161]
Taxon occupancy: {110=50, 111=50, 112=50, 113=50, 114=50, 115=50, 116=50, 117=50, 118=50, 119=50, 10=50, 11=50, 12=50, 13=50, 14=50, 15=50, 16=50, 17=50, 18=50, 19=50, 120=50, 121=50, 0=50, 122=50, 1=50, 123=50, 2=50, 3=50, 124=50, 125=50, 4=50, 5=50, 126=50, 6=50, 127=50, 128=50, 7=50, 8=50, 129=50, 9=50, 20=50, 21=50, 22=50, 23=50, 24=50, 25=50, 26=50, 27=50, 28=50, 29=50, 130=50, 131=50, 132=50, 133=50, 134=50, 135=50, 136=50, 137=50, 138=50, 139=50, 30=50, 31=50, 32=50, 33=50, 34=50, 35=50, 36=50, 37=50, 38=50, 39=50, 140=50, 141=50, 142=50, 143=50, 144=50, 145=50, 146=50, 147=50, 148=50, 149=50, 40=50, 41=50, 42=50, 43=50, 44=50, 45=50, 46=50, 47=50, 48=50, 49=50, 150=50, 151=50, 152=50, 153=50, 154=50, 155=50, 156=50, 157=50, 158=50, 159=50, 50=50, 51=50, 52=50, 53=50, 54=50, 55=50, 56=50, 57=50, 58=50, 59=50, 160=50, 161=50, 162=50, 163=50, 164=50, 165=50, 166=50, 167=50, 168=50, 169=50, 60=50, 61=50, 62=50, 63=50, 64=50, 65=50, 66=50, 67=50, 68=50, 69=50, 170=50, 171=50, 172=50, 173=50, 174=50, 175=50, 176=50, 177=50, 178=50, 179=50, 70=50, 71=50, 72=50, 73=50, 74=50, 75=50, 76=50, 77=50, 78=50, 79=50, 180=50, 181=50, 182=50, 183=50, 184=50, 185=50, 186=50, 187=50, 188=50, 189=50, 80=50, 81=50, 82=50, 83=50, 84=50, 85=50, 86=50, 87=50, 88=50, 89=50, 190=50, 191=50, 192=50, 193=50, 194=50, 195=50, 196=50, 197=50, 198=50, 199=50, 90=50, 91=50, 92=50, 93=50, 94=50, 95=50, 96=50, 97=50, 98=50, 99=50, 200=50, 100=50, 101=50, 102=50, 103=50, 104=50, 105=50, 106=50, 107=50, 108=50, 109=50}
Number of gene trees: 50
0 trees have missing taxa
Calculating quartet distance matrix (for completion of X)
Species tree distances calculated ...
Building set of clusters (X) from gene trees 
------------------------------
gradient0: 5067
Number of Clusters after addition by distance: 5067
calculating extra bipartitions to be added at level 1 ...
Adding to X using resolutions of greedy consensus ...
Limit for sigma of degrees:5075
polytomy size limit : 14
discarded polytomies:  [3, 3, 3, 3, 3, 3, 3, 3, 3, 4, 4, 4, 4, 5, 5, 5, 6, 6, 6, 7, 8, 10, 12, 14]
Threshold 0.0:
Threshold 0.01:
Threshold 0.02:
Threshold 0.05:
polytomy of size 5; rounds with additions with at least 5 support: 2; clusters: 5077
polytomy of size 6; rounds with additions with at least 5 support: 2; clusters: 5083
Threshold 0.1:
polytomy of size 5; rounds with additions with at least 5 support: 0; clusters: 5083
polytomy of size 4; rounds with additions with at least 5 support: 0; clusters: 5083
polytomy of size 7; rounds with additions with at least 5 support: 1; clusters: 5099
Threshold 0.2:
polytomy of size 3; rounds with additions with at least 5 support: 0; clusters: 5099
polytomy of size 3; rounds with additions with at least 5 support: 0; clusters: 5099
polytomy of size 3; rounds with additions with at least 5 support: 0; clusters: 5099
polytomy of size 8; rounds with additions with at least 5 support: 0; clusters: 5115
polytomy of size 12; rounds with additions with at least 5 support: 2; clusters: 5127
Threshold 0.3333333333333333:
polytomy of size 4; rounds with additions with at least 5 support: 0; clusters: 5127
polytomy of size 3; rounds with additions with at least 5 support: 0; clusters: 5127
polytomy of size 4; rounds with additions with at least 5 support: 0; clusters: 5127
polytomy of size 3; rounds with additions with at least 5 support: 0; clusters: 5127
polytomy of size 6; rounds with additions with at least 5 support: 0; clusters: 5127
polytomy of size 5; rounds with additions with at least 5 support: 0; clusters: 5127
polytomy of size 3; rounds with additions with at least 5 support: 0; clusters: 5127
polytomy of size 6; rounds with additions with at least 5 support: 0; clusters: 5127
polytomy of size 3; rounds with additions with at least 5 support: 0; clusters: 5127
polytomy of size 3; rounds with additions with at least 5 support: 0; clusters: 5127
polytomy of size 10; rounds with additions with at least 5 support: 0; clusters: 5133
polytomy of size 3; rounds with additions with at least 5 support: 0; clusters: 5133
polytomy of size 4; rounds with additions with at least 5 support: 0; clusters: 5133
polytomy of size 14; rounds with additions with at least 5 support: 0; clusters: 5143
max k is :4
Number of Clusters after addition by greedy: 5143
gradient0 in heuristiic: 5143
partitions formed in 8.768 secs
Dynamic Programming starting after 8.768 secs
Using tree-based weight calculation.
Using polytree-based weight calculation.
Polytree max score: 3299917500
Polytree building time: 0.312 seconds.
Number of quartet trees in the gene trees: 3299917500
Size of largest cluster: 201
Greedy score: 2387965164
estimationFactor: 1.381895159003249
Sub-optimal score: 2502171115
Total Number of elements weighted: 7938
Normalized score (portion of input quartet trees satisfied before correcting for multiple individuals): 0.7770808924768574
Optimization score: 2564302836
Optimal tree inferred in 12.499 secs.
(105,(((34,70),((113,186),((167,(2,171)),((66,126),(100,(157,20)))))),(((185,164),((156,144),(111,(21,149)))),(((136,22),((127,154),((97,(188,158)),((79,119),(146,(177,161)))))),((((138,(25,(49,(137,96)))),((153,76),((94,((135,31),(38,7))),((128,106),((145,194),((54,(163,(130,72))),((114,(48,200)),(140,(104,(29,36)))))))))),((30,73),(((83,182),(199,(155,((169,10),(124,17))))),(((77,55),(192,(39,160))),((102,(108,(58,(187,173)))),((142,85),((110,(27,181)),(6,(101,(134,(91,40))))))))))),(0,(((((180,176),(5,(196,99))),(118,((112,120),(175,(184,50))))),((18,((11,81),(59,28))),(183,((147,(98,131)),(60,(93,82)))))),(((41,((53,(64,75)),(26,(8,(44,78))))),((33,(95,(141,42))),((24,(84,115)),((179,(152,13)),((71,19),(14,(117,162))))))),(((3,((168,195),((88,(57,170)),((133,47),(45,46))))),((68,123),((43,(190,9)),((74,62),(191,(165,65)))))),(61,(((121,(132,63)),((87,(56,193)),(116,((143,92),(166,(151,189)))))),(((109,107),(((4,89),(16,(129,198))),(67,((125,51),((23,32),(150,86)))))),(((52,(159,178)),(174,(37,103))),(1,((139,(148,80)),(197,((172,(35,90)),(12,(15,(122,69))))))))))))))))))));
Final quartet score is: 2564302836
Final normalized quartet score is: 0.7770808924768574
Extended species tree:
(18,(((11,81)1:0.9610207708974702,(59,28)1:0.41295802492703)1:0.5432070332690306,((183,((147,(98,131)1:2.4277482359480516)1:0.4818380868927383,(60,(93,82)1:0.39086630868701183)1:3.015534900850171)1:2.4277482359480516)1:1.128465251817791,((((180,176)1:2.4277482359480516,(5,(196,99)1:1.128465251817791)1:1.171831838520533)0.45:0.03291452960096583,(118,((112,120)1:1.489478597355122,(175,(184,50)0.75:0.12516314295400605)1:1.1749852674526835)1:1.6292405397302803)0.52:0.06036149854166327)1:2.9316448069792895,((((41,((53,(64,75)0.45:0.029852963149681274)1:1.1990828190317444,(26,(8,(44,78)0.88:0.19361503525546223)0.71:0.10838422582489665)1:0.9873866535578852)1:3.5263605246161593)0.92:0.21469727722200968,((33,(95,(141,42)1:0.4353180712578455)1:1.65455834771457)1:2.5002033151634744,((24,(84,115)1:0.7537718023763802)1:2.6100697927420056,((179,(152,13)1:0.636830872032919)1:0.9461436950238363,((71,19)1:2.132442238385612,(14,(117,162)1:1.128465251817791)1:2.0143779483327764)0.83:0.15524059819128383)1:0.9979687628884222)1:3.0408527088344606)0.98:0.28300387370246066)0.73:0.12219165266957681,(((3,((168,195)1:2.7642204725692627,((88,(57,170)0.99:0.3068788227224588)1:0.5179512133732598,((133,47)1:0.4353180712578455,(45,46)1:1.1749852674526835)1:1.4069220709711276)1:1.2916528540252008)0.85:0.161039666066595)1:0.8825525922423053,((68,123)1:2.8384626999423563,((43,(190,9)1:1.5804503755608483)1:2.4277482359480516,((74,62)0.47:0.04005739760993649,(191,(165,65)0.66:0.09351440754800873)0.44:0.029698367802693165)1:1.7532931884002598)1:2.1289587948757585)1:0.3613401570697966)1:1.442287974263117,(61,(((121,(132,63)1:3.5263605246161593)1:0.5936863870293069,((87,(56,193)1:3.5263605246161593)1:1.015675018629046,(116,((143,92)1:2.2270775404858996,(166,(151,189)1:0.8193209350198749)1:0.39108816115603035)0.41:0.019443717353085293)1:1.1730691150278836)0.48:0.07109592168373022)1:1.784383063891089,(((109,107)0.46:0.04067400732333505,(((4,89)1:2.6790626642289563,(16,(129,198)1:1.5833405509830816)0.58:0.10412744933259471)1:0.6965766461191439,(67,((125,51)1:1.7354561217078406,((23,32)1:1.65455834771457,(150,86)1:0.5813873574028301)1:0.8513280925426249)1:0.8347680358169941)1:0.8004230519517074)1:0.9973675425555653)0.67:0.09697863236380097,(((52,(159,178)1:1.4469189829363254)1:2.4277482359480516,(174,(37,103)1:2.8256661384208344)1:0.5811121564941624)1:1.0847265017548826,(1,((139,(148,80)1:2.14006616349627)1:2.6134967105546894,(197,((172,(35,90)1:1.2237754316221159)1:2.14006616349627,(12,(15,(122,69)1:0.5308808082045661)1:0.4353180712578455)1:1.318186817295685)1:0.52571804608108)0.54:0.05642761451845761)0.68:0.12669282496082143)0.51:0.0803735371919859)0.77:0.12863316045177423)1:0.7565955837985907)0.56:0.06180480931664529)1:0.6481971970037026)0.48:0.038378376887529465)1:0.761462851782161,(0,((((138,(25,(49,(137,96)1:2.8332133440562166)1:0.7009409849995558)1:0.4467467670814682)1:0.67855973916068,((153,76)1:2.4445553542644327,((94,((135,31)1:2.4277482359480516,(38,7)1:1.3308294277862744)1:1.4475569414906577)0.88:0.1788728468030075,((128,106)1:2.41882757018967,((145,194)1:0.5870758014574806,((54,(163,(130,72)1:0.5819215454497209)0.88:0.17583324568996103)1:1.4516293072365087,((114,(48,200)1:1.7346010553881062)0.77:0.13344476378572803,(140,(104,(29,36)1:1.4475504954296845)0.77:0.1270261293510746)0.94:0.22247417765874833)1:1.6053505598180418)0.83:0.15685301370197174)1:0.9605468141441612)0.43:0.030757440373294163)1:0.4857973198375331)0.74:0.12134477172283144)1:1.4333687891534717,((30,73)1:3.5263605246161593,(((83,182)1:1.6089808392182507,(199,(155,((169,10)0.99:0.3276874070654803,(124,17)1:1.5804503755608483)1:1.5114575040738965)1:2.023423378818619)0.99:0.34621475609091173)1:0.6950729824969539,(((77,55)1:0.5474353693785513,(192,(39,160)0.99:0.3072826999492736)1:0.8017810215627406)1:2.9984080055524913,((102,(108,(58,(187,173)1:2.14006616349627)1:0.41284521540578695)1:2.063168112502206)0.87:0.1701848789421906,((142,85)1:3.5263605246161593,((110,(27,181)1:2.1476707628814906)0.75:0.12426544583195274,(6,(101,(134,(91,40)0.98:0.2682639865946794)1:2.2735975561207935)1:0.817970245292683)1:0.9270668633243627)1:0.41414138180699045)0.99:0.3415475547549055)1:0.7878329209829872)1:0.8859292425265104)0.97:0.2649042522128423)0.45:0.03392273693859824)0.88:0.18101220972566143,(((136,22)1:2.7207353606295244,((127,154)1:1.5282646223902776,((97,(188,158)1:2.8332133440562166)0.96:0.24560515096074367,((79,119)1:2.8332133440562166,(146,(177,161)1:2.4277482359480516)1:1.9169226121820613)1:1.4462715241892008)0.58:0.06921837977533653)1:1.4749198063357387)1:0.8601025452914774,(((185,164)1:3.3261585425443525,((156,144)1:2.8332133440562166,(111,(21,149)1:2.14006616349627)1:2.4277482359480516)1:2.0075017330744083)0.46:0.04803946478926493,(((34,70)1:1.2597590617443293,((113,186)1:3.0408527088344606,((167,(2,171)1:0.5306282510621702)1:3.5263605246161593,((66,126)1:1.7917594692280556,(100,(157,20)1:0.6937415342178578)1:1.1749852674526835)1:2.830626020491267)0.44:0.029218545999139988)0.63:0.10508390004802684)1:0.8175659198000944,105)1:0.4911963303764687)0.47:0.06028076635017637)0.75:0.12330136419110421)0.82:0.14649368735590396)1:0.49939751610480637)0.88:0.18692811028408685)1:0.9018547856412131)1:3.120895416507997));
Weight calculation took 2.726408695 secs
ASTRAL finished in 14.523 secs
