
================== ASTRAL ===================== 

This is ASTRAL version 5.7.8
Gene trees are treated as unrooted
1000 trees read from Dataset/AstralII_data/model.200.2000000.0.000001/31/estimatedgenetre.halfresolved
index0
All output trees will be *arbitrarily* rooted at 18

======== Running the main analysis
Number of taxa: 201 (201 species)
Taxa: [18, 11, 59, 28, 81, 180, 176, 118, 184, 50, 175, 112, 120, 196, 99, 5, 33, 95, 141, 42, 133, 47, 45, 46, 88, 57, 170, 43, 190, 9, 165, 191, 74, 65, 62, 68, 123, 3, 168, 195, 64, 75, 53, 44, 78, 26, 8, 61, 143, 92, 166, 151, 189, 116, 87, 56, 193, 121, 132, 63, 150, 67, 86, 23, 32, 125, 51, 4, 89, 16, 129, 198, 139, 148, 80, 12, 122, 69, 15, 109, 1, 185, 164, 24, 84, 115, 14, 117, 162, 152, 179, 13, 71, 19, 107, 197, 172, 35, 90, 37, 103, 159, 178, 52, 174, 41, 111, 21, 149, 156, 144, 130, 72, 54, 163, 128, 106, 94, 138, 137, 96, 49, 25, 38, 7, 135, 31, 145, 194, 48, 104, 29, 36, 140, 114, 200, 153, 76, 183, 98, 131, 147, 93, 60, 82, 30, 73, 124, 17, 155, 169, 10, 83, 182, 199, 77, 55, 192, 39, 160, 58, 108, 187, 173, 110, 102, 101, 142, 85, 6, 134, 91, 40, 27, 181, 66, 126, 100, 157, 20, 34, 70, 105, 2, 167, 171, 113, 186, 0, 136, 22, 188, 158, 127, 154, 97, 79, 119, 146, 177, 161]
Taxon occupancy: {110=1000, 111=1000, 112=1000, 113=1000, 114=1000, 115=1000, 116=1000, 117=1000, 118=1000, 119=1000, 10=1000, 11=1000, 12=1000, 13=1000, 14=1000, 15=1000, 16=1000, 17=1000, 18=1000, 19=1000, 120=1000, 121=1000, 0=1000, 122=1000, 1=1000, 123=1000, 2=1000, 3=1000, 124=1000, 125=1000, 4=1000, 5=1000, 126=1000, 6=1000, 127=1000, 128=1000, 7=1000, 8=1000, 129=1000, 9=1000, 20=1000, 21=1000, 22=1000, 23=1000, 24=1000, 25=1000, 26=1000, 27=1000, 28=1000, 29=1000, 130=1000, 131=1000, 132=1000, 133=1000, 134=1000, 135=1000, 136=1000, 137=1000, 138=1000, 139=1000, 30=1000, 31=1000, 32=1000, 33=1000, 34=1000, 35=1000, 36=1000, 37=1000, 38=1000, 39=1000, 140=1000, 141=1000, 142=1000, 143=1000, 144=1000, 145=1000, 146=1000, 147=1000, 148=1000, 149=1000, 40=1000, 41=1000, 42=1000, 43=1000, 44=1000, 45=1000, 46=1000, 47=1000, 48=1000, 49=1000, 150=1000, 151=1000, 152=1000, 153=1000, 154=1000, 155=1000, 156=1000, 157=1000, 158=1000, 159=1000, 50=1000, 51=1000, 52=1000, 53=1000, 54=1000, 55=1000, 56=1000, 57=1000, 58=1000, 59=1000, 160=1000, 161=1000, 162=1000, 163=1000, 164=1000, 165=1000, 166=1000, 167=1000, 168=1000, 169=1000, 60=1000, 61=1000, 62=1000, 63=1000, 64=1000, 65=1000, 66=1000, 67=1000, 68=1000, 69=1000, 170=1000, 171=1000, 172=1000, 173=1000, 174=1000, 175=1000, 176=1000, 177=1000, 178=1000, 179=1000, 70=1000, 71=1000, 72=1000, 73=1000, 74=1000, 75=1000, 76=1000, 77=1000, 78=1000, 79=1000, 180=1000, 181=1000, 182=1000, 183=1000, 184=1000, 185=1000, 186=1000, 187=1000, 188=1000, 189=1000, 80=1000, 81=1000, 82=1000, 83=1000, 84=1000, 85=1000, 86=1000, 87=1000, 88=1000, 89=1000, 190=1000, 191=1000, 192=1000, 193=1000, 194=1000, 195=1000, 196=1000, 197=1000, 198=1000, 199=1000, 90=1000, 91=1000, 92=1000, 93=1000, 94=1000, 95=1000, 96=1000, 97=1000, 98=1000, 99=1000, 200=1000, 100=1000, 101=1000, 102=1000, 103=1000, 104=1000, 105=1000, 106=1000, 107=1000, 108=1000, 109=1000}
Number of gene trees: 1000
0 trees have missing taxa
Calculating quartet distance matrix (for completion of X)
Species tree distances calculated ...
Building set of clusters (X) from gene trees 
------------------------------
gradient0: 38871
Number of Clusters after addition by distance: 38871
calculating extra bipartitions to be added at level 1 ...
Adding to X using resolutions of greedy consensus ...
Limit for sigma of degrees:5075
polytomy size limit : 22
discarded polytomies:  [3, 3, 3, 3, 3, 3, 3, 3, 3, 3, 4, 4, 4, 4, 4, 4, 4, 5, 5, 5, 5, 6, 6, 6, 7, 10, 22]
Threshold 0.0:
Threshold 0.01:
Threshold 0.02:
Threshold 0.05:
polytomy of size 4; rounds with additions with at least 5 support: 0; clusters: 38871
polytomy of size 5; rounds with additions with at least 5 support: 0; clusters: 38871
Threshold 0.1:
polytomy of size 5; rounds with additions with at least 5 support: 0; clusters: 38871
polytomy of size 4; rounds with additions with at least 5 support: 0; clusters: 38871
polytomy of size 6; rounds with additions with at least 5 support: 0; clusters: 38871
Threshold 0.2:
polytomy of size 3; rounds with additions with at least 5 support: 0; clusters: 38871
polytomy of size 3; rounds with additions with at least 5 support: 0; clusters: 38871
polytomy of size 4; rounds with additions with at least 5 support: 0; clusters: 38871
polytomy of size 3; rounds with additions with at least 5 support: 0; clusters: 38871
polytomy of size 5; rounds with additions with at least 5 support: 0; clusters: 38871
polytomy of size 3; rounds with additions with at least 5 support: 0; clusters: 38871
polytomy of size 3; rounds with additions with at least 5 support: 0; clusters: 38871
polytomy of size 7; rounds with additions with at least 5 support: 0; clusters: 38871
polytomy of size 4; rounds with additions with at least 5 support: 0; clusters: 38871
polytomy of size 10; rounds with additions with at least 5 support: 0; clusters: 38871
Threshold 0.3333333333333333:
polytomy of size 4; rounds with additions with at least 5 support: 0; clusters: 38871
polytomy of size 3; rounds with additions with at least 5 support: 0; clusters: 38871
polytomy of size 3; rounds with additions with at least 5 support: 0; clusters: 38871
polytomy of size 5; rounds with additions with at least 5 support: 0; clusters: 38871
polytomy of size 3; rounds with additions with at least 5 support: 0; clusters: 38871
polytomy of size 6; rounds with additions with at least 5 support: 0; clusters: 38871
polytomy of size 6; rounds with additions with at least 5 support: 0; clusters: 38871
polytomy of size 4; rounds with additions with at least 5 support: 0; clusters: 38871
polytomy of size 3; rounds with additions with at least 5 support: 0; clusters: 38871
polytomy of size 3; rounds with additions with at least 5 support: 0; clusters: 38871
polytomy of size 4; rounds with additions with at least 5 support: 0; clusters: 38871
polytomy of size 22; rounds with additions with at least 5 support: 0; clusters: 38871
max k is :0
Number of Clusters after addition by greedy: 38871
gradient0 in heuristiic: 38871
partitions formed in 35.258 secs
Dynamic Programming starting after 35.259 secs
Using tree-based weight calculation.
Using polytree-based weight calculation.
Polytree max score: 65998349604
Polytree building time: 3.876 seconds.
Number of quartet trees in the gene trees: 65998349604
Size of largest cluster: 201
Greedy score: 45568446698
estimationFactor: 1.4483344152895312
Sub-optimal score: 48665311141
Calculated 100000 weights; time (seconds): 205
Total Number of elements weighted: 173122
Normalized score (portion of input quartet trees satisfied before correcting for multiple individuals): 0.7660079942807535
Optimization score: 50555263406
Optimal tree inferred in 330.416 secs.
(105,(((113,186),((167,(2,171)),((34,70),((66,126),(100,(157,20)))))),(((156,144),(111,(21,149))),((185,164),(((136,22),((97,(188,158)),((127,154),((79,119),(146,(177,161)))))),(((((83,182),(199,(155,((169,10),(124,17))))),(((77,55),(192,(39,160))),((102,(108,(58,(187,173)))),((142,85),((110,(27,181)),(6,(101,(134,(91,40))))))))),((30,73),((138,(25,(49,(137,96)))),((153,76),(94,(((38,7),(135,31)),((128,106),((145,194),((54,(163,(130,72))),((114,(48,200)),(140,(104,(29,36))))))))))))),(0,(((((180,176),(5,(196,99))),(118,((112,120),(175,(184,50))))),((18,((11,81),(59,28))),(183,((147,(98,131)),(60,(93,82)))))),(((3,((168,195),((88,(57,170)),((45,46),(133,47))))),((68,123),((43,(190,9)),(191,((165,65),(74,62)))))),(((41,((75,(64,53)),(26,(44,(78,8))))),((33,(95,(141,42))),((24,(84,115)),((179,(152,13)),((71,19),(14,(117,162))))))),((61,((87,(56,193)),((121,(132,63)),((166,(151,189)),(116,(143,92)))))),(((139,(148,80)),(197,((172,(35,90)),(12,(15,(122,69)))))),(1,(((52,(159,178)),(174,(37,103))),(107,(109,(((129,198),(16,(4,89))),(67,((125,51),((23,32),(150,86)))))))))))))))))))));
Final quartet score is: 50555263406
Final normalized quartet score is: 0.7660079942807535
Extended species tree:
(18,(((11,81)1:1.170509573756431,(59,28)1:0.5105061973112152)1:0.42798469186410315,((183,((147,(98,131)1:2.571166994072407)1:0.4283268552983829,(60,(93,82)1:0.5068124560129117)1:2.313634929180636)1:2.804820038642185)1:1.3544159728714285,((((180,176)1:3.0760731969059343,(5,(196,99)1:1.2824698533259418)1:1.3185010099686871)0.81:0.032796190744370915,(118,((112,120)1:1.612787109920176,(175,(184,50)1:0.13753941402206152)1:1.3674012021953867)1:1.9789680730822885)0.83:0.03489324804647542)1:3.858284309172144,((((3,((168,195)1:2.68112299490077,((88,(57,170)1:0.3976963440903031)1:0.3957244879923037,((45,46)1:1.069634169542603,(133,47)1:0.6102581953614833)1:1.3829476498255193)1:1.1463410899275825)1:0.2819295499715794)1:0.9324220994231425,((68,123)1:4.431073119905147,((43,(190,9)1:1.8584132644579525)1:1.5307024447483302,(191,((165,65)1:0.3208534816490756,(74,62)1:0.16637410087270102)0.88:0.03906898864494365)1:1.5557125130779368)1:1.74020923968844)1:0.41272786267176637)1:1.1474510694785542,(((41,((75,(64,53)0.93:0.04498305297206773)1:1.482721058412818,(26,(44,(78,8)0.88:0.038709234378335525)1:0.31494737650645654)1:1.5052263928193677)1:3.220993177744968)1:0.5905216832167662,((33,(95,(141,42)1:0.5657667920842657)1:2.542476501609479)1:2.930115134940471,((24,(84,115)1:0.5578690626004811)1:3.60599747046632,((179,(152,13)1:0.783077253733314)1:1.148547896462317,((71,19)1:2.308315152554817,(14,(117,162)1:1.1551826401565042)1:1.8969212238291409)1:0.17215666848572275)1:0.9550176048084226)1:2.449429388919818)1:0.43121921811347835)1:0.08388499629536435,((61,((87,(56,193)1:3.0676745972431068)1:0.9113500178508004,((121,(132,63)1:3.5612459027665695)1:0.7881483421812413,((166,(151,189)1:1.3790551656287382)1:0.3523388868578571,(116,(143,92)1:1.5461830229001696)0.57:0.019684521614356167)1:1.40659939010094)0.99:0.06618020293368092)1:1.8883369157081216)0.77:0.04101451323390354,(((139,(148,80)1:1.7670912228125606)1:3.240082228284853,(197,((172,(35,90)1:1.065210362283861)1:2.5662472270445695,(12,(15,(122,69)1:0.8368105570808245)1:0.41494718448638657)1:1.5688445813973848)1:0.5852969229398607)1:0.5216514400860117)0.98:0.06178828397498193,(1,(((52,(159,178)1:1.1561580907547346)1:3.329697345538116,(174,(37,103)1:3.6112358271279077)1:0.42653388667024317)1:1.1990887871191245,(107,(109,(((129,198)1:1.5407424068819116,(16,(4,89)1:3.1718069221602585)1:0.34599456039545295)1:0.8720413162852014,(67,((125,51)1:2.2333053700583214,((23,32)1:1.639765594395584,(150,86)1:0.5218882785754712)1:1.1253616429666293)1:0.6064739569198838)1:1.0100402660577597)1:1.0318130344434802)1:0.1102251706797128)1:0.07855267594725446)0.78:0.03139611772946391)0.91:0.043966452655105404)1:0.859154243064024)1:0.8041719629329818)0.72:0.025804554829008466)1:0.6802036120641697,(0,(((((83,182)1:1.8239930084252072,(199,(155,((169,10)1:0.4441308958227233,(124,17)1:1.8685606829774208)1:1.8685606829774208)1:2.7930690554965607)1:0.457961495954982)1:0.7173459401601013,(((77,55)1:0.5436659925598102,(192,(39,160)1:0.38527034742107497)1:0.8197185808461832)1:3.134971946564505,((102,(108,(58,(187,173)1:2.631983446979059)1:0.4643108520933308)1:2.285509147025787)0.91:0.0428859893179843,((142,85)1:3.7604250135550004,((110,(27,181)1:2.8934643563224376)1:0.1543536063178333,(6,(101,(134,(91,40)1:0.08656564118801482)1:2.6013170016324083)1:1.31441331866741)1:0.9882587076902454)1:0.27049096167435843)1:0.12261154327835966)1:1.0269032391497341)1:0.9955508732379481)1:0.3418167393289906,((30,73)1:5.346335345598522,((138,(25,(49,(137,96)1:3.6700763271508476)1:0.6136105377745705)1:0.7561686433312141)1:0.5702328774154097,((153,76)1:2.4221794109032757,(94,(((38,7)1:1.7942626375745279,(135,31)1:3.1031080336647374)1:1.4883601915339288,((128,106)1:3.3234797327687287,((145,194)1:0.7165673357161672,((54,(163,(130,72)1:0.7071858682645603)1:0.3386345955534729)1:1.1847152128554512,((114,(48,200)1:2.1586974672514163)1:0.12226984347575635,(140,(104,(29,36)1:1.4728187405225004)1:0.1771265770119905)1:0.14772904505064147)1:1.426391740045469)1:0.26932752334793614)1:0.9278539888875069)1:0.14323640961274578)0.63:0.01992821402291121)1:0.5048741835902065)1:0.09738608252651701)1:1.5224232683680454)0.9:0.04303262581227125)1:0.14480129709886055,(((136,22)1:3.173203805892134,((97,(188,158)1:2.86464081212455)1:0.2971126767967511,((127,154)1:1.7341088853097295,((79,119)1:3.2455856748981713,(146,(177,161)1:1.9183221925364842)1:1.737068469314066)1:1.0817725038100938)0.97:0.05452924245277571)1:2.031983510635078)1:0.6077561252713364,((185,164)1:4.671912124017956,(((156,144)1:4.557379522151745,(111,(21,149)1:2.3136349291806306)1:2.601213935412276)1:1.9630059254507286,(((113,186)1:4.094772797186875,((167,(2,171)1:0.56575346612463)1:4.777349356622979,((34,70)1:1.0807814353014125,((66,126)1:2.283831987289995,(100,(157,20)1:0.7829778945996445)1:1.371897687029542)1:3.292452946338581)0.97:0.054730318042132096)0.38:0.0034111361492033952)1:0.8252469884478127,105)1:0.5774055965011151)0.83:0.03779897026730369)0.99:0.06865798320862143)1:0.11199629695796245)1:0.24262960844439807)1:0.4328377317016891)1:0.2914476710806181)1:0.6369967353996525)1:3.689958322675966));
Weight calculation took 278.676771324 secs
ASTRAL finished in 340.619 secs
