
================== ASTRAL ===================== 

This is ASTRAL version 5.7.8
Gene trees are treated as unrooted
200 trees read from Dataset/AstralII_data/model.200.2000000.0.000001/31/estimatedgenetre.halfresolved_200
index0
All output trees will be *arbitrarily* rooted at 18

======== Running the main analysis
Number of taxa: 201 (201 species)
Taxa: [18, 11, 59, 28, 81, 180, 176, 118, 184, 50, 175, 112, 120, 196, 99, 5, 33, 95, 141, 42, 133, 47, 45, 46, 88, 57, 170, 43, 190, 9, 165, 191, 74, 65, 62, 68, 123, 3, 168, 195, 64, 75, 53, 44, 78, 26, 8, 61, 143, 92, 166, 151, 189, 116, 87, 56, 193, 121, 132, 63, 150, 67, 86, 23, 32, 125, 51, 4, 89, 16, 129, 198, 139, 148, 80, 12, 122, 69, 15, 109, 1, 185, 164, 24, 84, 115, 14, 117, 162, 152, 179, 13, 71, 19, 107, 197, 172, 35, 90, 37, 103, 159, 178, 52, 174, 41, 111, 21, 149, 156, 144, 130, 72, 54, 163, 128, 106, 94, 138, 137, 96, 49, 25, 38, 7, 135, 31, 145, 194, 48, 104, 29, 36, 140, 114, 200, 153, 76, 183, 98, 131, 147, 93, 60, 82, 30, 73, 124, 17, 155, 169, 10, 83, 182, 199, 77, 55, 192, 39, 160, 58, 108, 187, 173, 110, 102, 101, 142, 85, 6, 134, 91, 40, 27, 181, 66, 126, 100, 157, 20, 34, 70, 105, 2, 167, 171, 113, 186, 0, 136, 22, 188, 158, 127, 154, 97, 79, 119, 146, 177, 161]
Taxon occupancy: {110=200, 111=200, 112=200, 113=200, 114=200, 115=200, 116=200, 117=200, 118=200, 119=200, 10=200, 11=200, 12=200, 13=200, 14=200, 15=200, 16=200, 17=200, 18=200, 19=200, 120=200, 121=200, 0=200, 122=200, 1=200, 123=200, 2=200, 3=200, 124=200, 125=200, 4=200, 5=200, 126=200, 6=200, 127=200, 128=200, 7=200, 8=200, 129=200, 9=200, 20=200, 21=200, 22=200, 23=200, 24=200, 25=200, 26=200, 27=200, 28=200, 29=200, 130=200, 131=200, 132=200, 133=200, 134=200, 135=200, 136=200, 137=200, 138=200, 139=200, 30=200, 31=200, 32=200, 33=200, 34=200, 35=200, 36=200, 37=200, 38=200, 39=200, 140=200, 141=200, 142=200, 143=200, 144=200, 145=200, 146=200, 147=200, 148=200, 149=200, 40=200, 41=200, 42=200, 43=200, 44=200, 45=200, 46=200, 47=200, 48=200, 49=200, 150=200, 151=200, 152=200, 153=200, 154=200, 155=200, 156=200, 157=200, 158=200, 159=200, 50=200, 51=200, 52=200, 53=200, 54=200, 55=200, 56=200, 57=200, 58=200, 59=200, 160=200, 161=200, 162=200, 163=200, 164=200, 165=200, 166=200, 167=200, 168=200, 169=200, 60=200, 61=200, 62=200, 63=200, 64=200, 65=200, 66=200, 67=200, 68=200, 69=200, 170=200, 171=200, 172=200, 173=200, 174=200, 175=200, 176=200, 177=200, 178=200, 179=200, 70=200, 71=200, 72=200, 73=200, 74=200, 75=200, 76=200, 77=200, 78=200, 79=200, 180=200, 181=200, 182=200, 183=200, 184=200, 185=200, 186=200, 187=200, 188=200, 189=200, 80=200, 81=200, 82=200, 83=200, 84=200, 85=200, 86=200, 87=200, 88=200, 89=200, 190=200, 191=200, 192=200, 193=200, 194=200, 195=200, 196=200, 197=200, 198=200, 199=200, 90=200, 91=200, 92=200, 93=200, 94=200, 95=200, 96=200, 97=200, 98=200, 99=200, 200=200, 100=200, 101=200, 102=200, 103=200, 104=200, 105=200, 106=200, 107=200, 108=200, 109=200}
Number of gene trees: 200
0 trees have missing taxa
Calculating quartet distance matrix (for completion of X)
Species tree distances calculated ...
Building set of clusters (X) from gene trees 
------------------------------
gradient0: 12519
Number of Clusters after addition by distance: 12519
calculating extra bipartitions to be added at level 1 ...
Adding to X using resolutions of greedy consensus ...
Limit for sigma of degrees:5075
polytomy size limit : 14
discarded polytomies:  [3, 3, 3, 3, 3, 3, 3, 3, 3, 3, 4, 4, 4, 4, 4, 4, 4, 5, 5, 6, 6, 6, 7, 7, 8, 13, 14]
Threshold 0.0:
Threshold 0.01:
Threshold 0.02:
Threshold 0.05:
polytomy of size 4; rounds with additions with at least 5 support: 1; clusters: 12523
polytomy of size 5; rounds with additions with at least 5 support: 0; clusters: 12525
Threshold 0.1:
polytomy of size 6; rounds with additions with at least 5 support: 0; clusters: 12525
polytomy of size 4; rounds with additions with at least 5 support: 0; clusters: 12525
polytomy of size 7; rounds with additions with at least 5 support: 0; clusters: 12533
Threshold 0.2:
polytomy of size 3; rounds with additions with at least 5 support: 0; clusters: 12533
polytomy of size 4; rounds with additions with at least 5 support: 0; clusters: 12533
polytomy of size 3; rounds with additions with at least 5 support: 0; clusters: 12533
polytomy of size 3; rounds with additions with at least 5 support: 0; clusters: 12533
polytomy of size 3; rounds with additions with at least 5 support: 0; clusters: 12533
polytomy of size 3; rounds with additions with at least 5 support: 0; clusters: 12533
polytomy of size 7; rounds with additions with at least 5 support: 0; clusters: 12533
polytomy of size 13; rounds with additions with at least 5 support: 0; clusters: 12533
Threshold 0.3333333333333333:
polytomy of size 4; rounds with additions with at least 5 support: 0; clusters: 12533
polytomy of size 5; rounds with additions with at least 5 support: 0; clusters: 12533
polytomy of size 3; rounds with additions with at least 5 support: 0; clusters: 12533
polytomy of size 6; rounds with additions with at least 5 support: 0; clusters: 12533
polytomy of size 6; rounds with additions with at least 5 support: 0; clusters: 12533
polytomy of size 4; rounds with additions with at least 5 support: 0; clusters: 12533
polytomy of size 4; rounds with additions with at least 5 support: 0; clusters: 12533
polytomy of size 3; rounds with additions with at least 5 support: 0; clusters: 12533
polytomy of size 4; rounds with additions with at least 5 support: 0; clusters: 12533
polytomy of size 3; rounds with additions with at least 5 support: 0; clusters: 12533
polytomy of size 3; rounds with additions with at least 5 support: 0; clusters: 12533
polytomy of size 8; rounds with additions with at least 5 support: 0; clusters: 12533
polytomy of size 3; rounds with additions with at least 5 support: 0; clusters: 12533
polytomy of size 14; rounds with additions with at least 5 support: 0; clusters: 12533
max k is :2
Number of Clusters after addition by greedy: 12533
gradient0 in heuristiic: 12533
partitions formed in 6.961 secs
Dynamic Programming starting after 6.961 secs
Using tree-based weight calculation.
Using polytree-based weight calculation.
Polytree max score: 13199670000
Polytree building time: 0.286 seconds.
Number of quartet trees in the gene trees: 13199670000
Size of largest cluster: 201
Greedy score: 9753125371
estimationFactor: 1.3533784810403418
Sub-optimal score: 9901019695
Total Number of elements weighted: 29083
Normalized score (portion of input quartet trees satisfied before correcting for multiple individuals): 0.769068084353624
Optimization score: 10151444921
Optimal tree inferred in 19.479 secs.
(105,(((167,(2,171)),((113,186),((34,70),((66,126),(100,(157,20)))))),(((156,144),(111,(21,149))),((185,164),(((136,22),((127,154),((97,(188,158)),((79,119),(146,(177,161)))))),(((((83,182),(199,(155,((169,10),(124,17))))),(((77,55),(192,(39,160))),((102,(108,(58,(187,173)))),((142,85),((110,(27,181)),(6,(101,(134,(91,40))))))))),((30,73),((138,(25,(49,(137,96)))),((153,76),((94,((38,7),(135,31))),((128,106),((145,194),((54,(163,(130,72))),((114,(48,200)),(140,(104,(29,36)))))))))))),(0,(((118,(((112,120),(175,(184,50))),((180,176),(5,(196,99))))),((18,((11,81),(59,28))),(183,((147,(98,131)),(60,(93,82)))))),((((3,((168,195),((88,(57,170)),((45,46),(133,47))))),((68,123),((43,(190,9)),(191,((165,65),(74,62)))))),((41,((75,(64,53)),(26,(8,(44,78))))),((33,(95,(141,42))),((24,(84,115)),((179,(152,13)),((71,19),(14,(117,162)))))))),((61,((87,(56,193)),((121,(132,63)),((166,(151,189)),(116,(143,92)))))),((107,(109,(((129,198),(16,(4,89))),(67,((125,51),((23,32),(150,86))))))),(1,(((52,(159,178)),(174,(37,103))),((139,(148,80)),(197,((172,(35,90)),(12,(15,(122,69)))))))))))))))))));
Final quartet score is: 10151444921
Final normalized quartet score is: 0.769068084353624
Extended species tree:
(18,(((11,81)1:1.1019514433226707,(59,28)1:0.409060852121377)1:0.4319316812963277,((183,((147,(98,131)1:2.7006152226146916)1:0.5305038806870336,(60,(93,82)1:0.3652403067976554)1:2.4849066497880017)1:3.000719815065031)1:1.2779957352346027,((118,(((112,120)1:1.5776114808224229,(175,(184,50)0.59:0.05365271349232014)1:1.2668543242558776)1:1.7458050869754929,((180,176)1:2.8152145561231503,(5,(196,99)1:1.2333720635385759)1:1.3116317366699901)0.87:0.08630407499049138)0.41:0.013404443404419224)1:3.1869986296878343,(((((3,((168,195)1:2.6398349951027766,((88,(57,170)1:0.19740534889483782)1:0.49410305728785064,((45,46)1:0.9658151226399408,(133,47)1:0.6786307359596434)1:1.462938480639158)1:1.1264367437694567)1:0.17974503316073603)1:0.9052506369627001,((68,123)1:4.209941975277114,((43,(190,9)1:2.007468042054746)1:1.5620702236112112,(191,((165,65)1:0.28760631200627323,(74,62)1:0.19247980379765284)0.89:0.08986413939471304)1:1.5897328413547684)1:2.069009314233277)1:0.3431337959218142)1:1.2185911914073917,((41,((75,(64,53)0.87:0.08577863521616132)1:1.4128399357301207,(26,(8,(44,78)0.57:0.03779251596396688)1:0.24850701259474853)1:1.3645295570775484)1:3.3653836542563162)1:0.48052555839011735,((33,(95,(141,42)1:0.580351686414601)1:2.4999445271525413)1:2.7526690972529555,((24,(84,115)1:0.5411309732613196)1:3.0069894280786245,((179,(152,13)1:0.6933733481510934)1:1.3279714668878415,((71,19)1:2.411658452730911,(14,(117,162)1:0.9275478863987895)1:1.7594659718868246)0.99:0.15179192671228622)1:0.9062125095281034)1:2.164223165860192)1:0.41056473614836564)0.86:0.08623945010791884)0.43:0.01885290356023451,((61,((87,(56,193)1:3.288401887516811)1:0.9247786606764344,((121,(132,63)1:3.799227511282799)1:0.6832845955394838,((166,(151,189)1:1.1362873855043654)1:0.32319931472426167,(116,(143,92)1:1.760152119663482)0.67:0.04977036120623831)1:1.4709152612288632)0.74:0.06589011751753457)1:1.960090226467357)0.85:0.08942043293510032,((107,(109,(((129,198)1:1.461715315572855,(16,(4,89)1:2.819661682317846)1:0.22768476387340747)1:0.9934320105943678,(67,((125,51)1:2.5228147919038424,((23,32)1:1.3426367816120888,(150,86)1:0.4911824587751419)1:0.9177029417382114)1:0.524964121771732)1:0.9692076969869827)1:1.0176431505246533)0.6:0.049000198995574805)0.64:0.04675864418405181,(1,(((52,(159,178)1:1.37147927533475)1:3.3573947590037623,(174,(37,103)1:3.2853761666002765)1:0.43308176767956524)1:1.2554242898900092,((139,(148,80)1:1.9021075263969205)1:2.945605704301706,(197,((172,(35,90)1:1.1842677332466038)1:2.3665595838641322,(12,(15,(122,69)1:0.9464989609886962)1:0.3762167629767422)1:1.5297542988214137)1:0.5254230963870996)1:0.47322431151962613)0.81:0.07248756918717472)0.52:0.02952737764515409)0.42:0.0133469954986776)1:0.9055617707751756)1:0.7263546719767536)1:0.7167461478835189,(0,(((((83,182)1:1.6712905551212127,(199,(155,((169,10)1:0.4434925036974035,(124,17)1:1.7197859696029656)1:1.7408393788007983)1:2.452376110233432)1:0.36096509729726806)1:0.5850292759657116,(((77,55)1:0.5656082985444991,(192,(39,160)1:0.39791790247278147)1:0.8547885321163611)1:2.973855551526071,((102,(108,(58,(187,173)1:2.6994935175054917)1:0.4380475503600775)1:2.3360350991688454)0.93:0.10124867736303066,((142,85)1:3.1091391052291812,((110,(27,181)1:2.59828961065202)0.97:0.123504168718779,(6,(101,(134,(91,40)0.93:0.11034805716886546)1:2.4994831661293633)1:1.1218391392779266)1:0.9332587562196323)1:0.36349100733675344)0.98:0.14021045611846694)1:0.933445363301609)1:1.005245745979719)1:0.321963519689335,((30,73)1:4.703000024799553,((138,(25,(49,(137,96)1:3.106922436035781)1:0.6297765697421243)1:0.6845538910623521)1:0.5597528715601222,((153,76)1:2.172564504581727,((94,((38,7)1:1.4351224076645515,(135,31)1:3.0260376230493193)1:1.3846964912725954)0.68:0.05187575172997382,((128,106)1:3.1833640045444707,((145,194)1:0.7248744600247262,((54,(163,(130,72)1:0.6213841407904154)1:0.21020111213453938)1:1.1600150439228136,((114,(48,200)1:2.0619562273388152)0.95:0.11133651804398359,(140,(104,(29,36)1:1.2351850658481844)0.99:0.15786365323476712)1:0.18414400939483044)1:1.548462936891573)1:0.25226776848308646)1:0.9401315713784127)0.92:0.10252985367919899)1:0.5690023064162661)0.78:0.06710004229993329)1:1.5104672821055902)0.38:0.008268311425743262)0.99:0.1545704494999212,(((136,22)1:2.9468029810421963,((127,154)1:1.894414679279437,((97,(188,158)1:2.819661682317846)1:0.2922655505297249,((79,119)1:3.288401887516811,(146,(177,161)1:1.9021075263969205)1:1.6216581798136886)1:1.0409108973619856)0.46:0.019446279136744904)1:1.9052374194058481)1:0.6196113746863772,((185,164)1:3.751675604546343,(((156,144)1:4.204692619390971,(111,(21,149)1:2.064626455894696)1:3.106080330722857)1:1.8076383895353585,(((167,(2,171)1:0.4911205526866583)1:4.2313529220522925,((113,186)1:3.6656961186582735,((34,70)1:1.1504483239102312,((66,126)1:1.9189146447133016,(100,(157,20)1:0.6932979532703702)1:1.3641532352426768)1:4.17924595372979)0.67:0.0766387982858136)0.7:0.053794570902053376)1:0.8586358028270006,105)1:0.5523845676402636)0.76:0.07028861426067934)0.59:0.038596253663447856)0.97:0.12425567256198226)1:0.26973360387612283)1:0.4772573151529679)1:0.2436184499972794)1:0.8075713386066781)1:3.288401887516811));
Weight calculation took 11.283586669 secs
ASTRAL finished in 21.756 secs
