
================== ASTRAL ===================== 

This is ASTRAL version 5.7.8
Gene trees are treated as unrooted
200 trees read from Dataset/AstralII_data/model.200.10000000.0.000001/34/estimatedgenetre.halfresolved_200
index0
All output trees will be *arbitrarily* rooted at 59

======== Running the main analysis
Number of taxa: 201 (201 species)
Taxa: [59, 137, 110, 134, 78, 125, 111, 0, 98, 120, 41, 158, 52, 136, 33, 181, 173, 153, 190, 2, 172, 28, 85, 30, 96, 56, 44, 183, 145, 65, 164, 143, 144, 8, 194, 11, 117, 128, 168, 53, 24, 80, 146, 36, 200, 76, 174, 69, 186, 92, 101, 129, 6, 197, 32, 51, 177, 178, 84, 184, 196, 106, 16, 170, 75, 199, 29, 27, 61, 113, 1, 81, 45, 89, 31, 5, 167, 130, 179, 66, 198, 169, 140, 152, 157, 14, 180, 141, 142, 77, 188, 19, 43, 12, 22, 109, 7, 126, 64, 60, 118, 112, 67, 139, 95, 86, 100, 154, 162, 57, 82, 119, 39, 123, 108, 68, 10, 37, 83, 148, 182, 70, 79, 166, 192, 34, 135, 193, 133, 97, 93, 54, 104, 171, 17, 35, 18, 151, 21, 147, 15, 90, 73, 94, 20, 116, 38, 138, 48, 191, 47, 160, 72, 87, 187, 42, 105, 176, 150, 99, 103, 55, 40, 131, 71, 63, 62, 159, 161, 115, 25, 185, 74, 49, 156, 175, 23, 121, 107, 124, 9, 163, 50, 149, 4, 13, 155, 26, 165, 195, 91, 46, 88, 122, 189, 58, 102, 132, 127, 114, 3]
Taxon occupancy: {110=200, 111=200, 112=200, 113=200, 114=200, 115=200, 116=200, 117=200, 118=200, 119=200, 10=200, 11=200, 12=200, 13=200, 14=200, 15=200, 16=200, 17=200, 18=200, 19=200, 120=200, 0=200, 121=200, 1=200, 122=200, 2=200, 123=200, 124=200, 3=200, 125=200, 4=200, 5=200, 126=200, 6=200, 127=200, 128=200, 7=200, 8=200, 129=200, 9=200, 20=200, 21=200, 22=200, 23=200, 24=200, 25=200, 26=200, 27=200, 28=200, 29=200, 130=200, 131=200, 132=200, 133=200, 134=200, 135=200, 136=200, 137=200, 138=200, 139=200, 30=200, 31=200, 32=200, 33=200, 34=200, 35=200, 36=200, 37=200, 38=200, 39=200, 140=200, 141=200, 142=200, 143=200, 144=200, 145=200, 146=200, 147=200, 148=200, 149=200, 40=200, 41=200, 42=200, 43=200, 44=200, 45=200, 46=200, 47=200, 48=200, 49=200, 150=200, 151=200, 152=200, 153=200, 154=200, 155=200, 156=200, 157=200, 158=200, 159=200, 50=200, 51=200, 52=200, 53=200, 54=200, 55=200, 56=200, 57=200, 58=200, 59=200, 160=200, 161=200, 162=200, 163=200, 164=200, 165=200, 166=200, 167=200, 168=200, 169=200, 60=200, 61=200, 62=200, 63=200, 64=200, 65=200, 66=200, 67=200, 68=200, 69=200, 170=200, 171=200, 172=200, 173=200, 174=200, 175=200, 176=200, 177=200, 178=200, 179=200, 70=200, 71=200, 72=200, 73=200, 74=200, 75=200, 76=200, 77=200, 78=200, 79=200, 180=200, 181=200, 182=200, 183=200, 184=200, 185=200, 186=200, 187=200, 188=200, 189=200, 80=200, 81=200, 82=200, 83=200, 84=200, 85=200, 86=200, 87=200, 88=200, 89=200, 190=200, 191=200, 192=200, 193=200, 194=200, 195=200, 196=200, 197=200, 198=200, 199=200, 90=200, 91=200, 92=200, 93=200, 94=200, 95=200, 96=200, 97=200, 98=200, 99=200, 200=200, 100=200, 101=200, 102=200, 103=200, 104=200, 105=200, 106=200, 107=200, 108=200, 109=200}
Number of gene trees: 200
0 trees have missing taxa
Calculating quartet distance matrix (for completion of X)
Species tree distances calculated ...
Building set of clusters (X) from gene trees 
------------------------------
gradient0: 10511
Number of Clusters after addition by distance: 10511
calculating extra bipartitions to be added at level 1 ...
Adding to X using resolutions of greedy consensus ...
Limit for sigma of degrees:5075
polytomy size limit : 7
discarded polytomies:  [3, 3, 3, 3, 3, 3, 3, 3, 3, 3, 3, 3, 3, 3, 3, 3, 3, 3, 3, 4, 4, 4, 4, 5, 5, 5, 6, 6, 7]
Threshold 0.0:
Threshold 0.01:
Threshold 0.02:
Threshold 0.05:
Threshold 0.1:
Threshold 0.2:
polytomy of size 5; rounds with additions with at least 5 support: 0; clusters: 10511
polytomy of size 3; rounds with additions with at least 5 support: 0; clusters: 10511
Threshold 0.3333333333333333:
polytomy of size 3; rounds with additions with at least 5 support: 0; clusters: 10511
polytomy of size 4; rounds with additions with at least 5 support: 0; clusters: 10511
polytomy of size 3; rounds with additions with at least 5 support: 0; clusters: 10511
polytomy of size 3; rounds with additions with at least 5 support: 0; clusters: 10511
polytomy of size 3; rounds with additions with at least 5 support: 0; clusters: 10511
polytomy of size 3; rounds with additions with at least 5 support: 0; clusters: 10511
polytomy of size 6; rounds with additions with at least 5 support: 0; clusters: 10511
polytomy of size 3; rounds with additions with at least 5 support: 0; clusters: 10511
polytomy of size 4; rounds with additions with at least 5 support: 0; clusters: 10511
polytomy of size 3; rounds with additions with at least 5 support: 0; clusters: 10511
polytomy of size 3; rounds with additions with at least 5 support: 0; clusters: 10511
polytomy of size 3; rounds with additions with at least 5 support: 0; clusters: 10511
polytomy of size 3; rounds with additions with at least 5 support: 0; clusters: 10511
polytomy of size 3; rounds with additions with at least 5 support: 0; clusters: 10511
polytomy of size 3; rounds with additions with at least 5 support: 0; clusters: 10511
polytomy of size 3; rounds with additions with at least 5 support: 0; clusters: 10511
polytomy of size 3; rounds with additions with at least 5 support: 0; clusters: 10511
polytomy of size 7; rounds with additions with at least 5 support: 0; clusters: 10511
polytomy of size 6; rounds with additions with at least 5 support: 0; clusters: 10511
polytomy of size 3; rounds with additions with at least 5 support: 0; clusters: 10511
polytomy of size 4; rounds with additions with at least 5 support: 0; clusters: 10511
polytomy of size 5; rounds with additions with at least 5 support: 0; clusters: 10511
polytomy of size 5; rounds with additions with at least 5 support: 0; clusters: 10511
polytomy of size 3; rounds with additions with at least 5 support: 0; clusters: 10511
polytomy of size 3; rounds with additions with at least 5 support: 0; clusters: 10511
polytomy of size 3; rounds with additions with at least 5 support: 0; clusters: 10511
polytomy of size 4; rounds with additions with at least 5 support: 0; clusters: 10511
max k is :0
Number of Clusters after addition by greedy: 10511
gradient0 in heuristiic: 10511
partitions formed in 6.833 secs
Dynamic Programming starting after 6.833 secs
Using tree-based weight calculation.
Using polytree-based weight calculation.
Polytree max score: 13199497875
Polytree building time: 0.359 seconds.
Number of quartet trees in the gene trees: 13199497875
Size of largest cluster: 201
Greedy score: 10528001616
estimationFactor: 1.2537515054082036
Sub-optimal score: 10601866807
Total Number of elements weighted: 26363
Normalized score (portion of input quartet trees satisfied before correcting for multiple individuals): 0.8304242519528418
Optimization score: 10961183149
Optimal tree inferred in 19.558 secs.
(47,((((160,72),(40,(150,55))),((99,103),(87,(42,(187,(105,176)))))),(((115,((131,71),(63,(62,159)))),((((73,94),(90,20)),((138,191),(48,(116,38)))),((189,((46,88),(122,3))),((161,114),(58,(102,(132,127))))))),((((25,185),((121,107),(74,(23,(175,(49,156)))))),(((163,50),(124,9)),(149,((4,91),(13,((155,165),(26,195))))))),(((((60,118),(112,67)),((126,64),(22,(109,7)))),(((86,(95,100)),(12,(139,108))),(82,(154,(119,((162,57),(39,123))))))),((((68,(37,(10,83))),((93,(97,(171,(54,104)))),((147,15),(((17,35),(18,(151,21))),(((193,133),(135,(192,34))),((79,166),(70,(148,182)))))))),((75,(199,(29,27))),(((1,81),(61,113)),(((45,(89,(31,5))),(167,(66,(130,179)))),(((77,188),(19,43)),((141,142),((198,152),(157,(14,(180,(169,140))))))))))),(((111,(125,(110,(134,(137,(59,78)))))),((106,(16,170)),((6,197),((184,196),((177,178),(84,(32,51))))))),(129,(0,(((69,(186,((200,76),(174,(92,101))))),((24,80),((117,(53,36)),(146,(168,(11,128)))))),((144,(8,194)),(((145,65),((164,143),(96,(56,(44,183))))),(((52,(41,(120,158))),((136,33),(181,173))),((28,(85,30)),((98,172),(2,(153,190)))))))))))))))));
Final quartet score is: 10961183149
Final normalized quartet score is: 0.8304242519528418
Extended species tree:
(59,(78,(137,(134,(110,(125,(111,(((106,(16,170)1:0.5119695513330496)1:2.1632585353870306,((6,197)1:1.5120129177046944,((184,196)1:2.3776522523989874,((177,178)1:1.4587089452743847,(84,(32,51)1:0.31788097850596475)1:1.7167082277200403)1:0.9243273759402777)1:0.3918168332969723)1:0.5779693747822316)1:0.6636625151791489,((129,(0,(((69,(186,((200,76)1:0.9488803187570923,(174,(92,101)1:0.8599797051423063)1:1.5248980404551178)1:0.22414066773637)0.71:0.059016307308756316)1:0.44554440624534386,((24,80)1:2.815229939886827,((117,(53,36)1:1.8234968176974387)1:0.17389071611450785,(146,(168,(11,128)1:0.6822789014338297)1:1.0765183594477588)1:0.40305016531932)1:0.1736649466773648)1:0.7564754807825742)1:1.4351950897208574,((144,(8,194)1:0.31522976701359795)1:2.5253427177581513,(((145,65)1:0.5569365891901019,((164,143)0.87:0.08943605131695574,(96,(56,(44,183)1:0.5710418581717341)1:0.20032628354209445)1:0.3716082634655339)1:0.43968599247476936)1:2.044188568547743,(((52,(41,(120,158)1:0.834835939731581)1:0.81867242813069)0.89:0.08882804426342898,((136,33)1:0.7805579382798302,(181,173)1:0.5035390908129569)1:1.5344725205184822)1:0.845552544659788,((28,(85,30)0.99:0.1577692891717446)1:2.181797341851919,((98,172)1:1.8420328757148599,(2,(153,190)0.61:0.044563408890547704)1:1.7714625037442358)0.71:0.06312174368236248)1:0.9367469371013654)1:1.5488709365243858)1:0.986486918430932)1:0.47925022767715825)1:4.897839799950916)1:1.6089118357582486)1:0.34822239953988265,((((68,(37,(10,83)0.97:0.13426768555002097)1:0.931674769745239)1:3.551691255084923,((93,(97,(171,(54,104)1:0.3651265036646715)1:0.17453697804630933)1:1.2469761729122089)1:2.3013522904919097,((147,15)1:1.2799933404388715,(((17,35)0.85:0.08212580385774566,(18,(151,21)1:0.38819841062689336)1:0.2417775909741697)1:3.512217707763905,(((193,133)1:1.3187593322504618,(135,(192,34)0.96:0.11491102411098467)1:0.8634030708143672)1:0.4797298653088228,((79,166)1:1.1898415590824927,(70,(148,182)1:2.6038776363689844)1:0.5838441726086168)0.95:0.11794666160782435)1:1.9565659830906317)1:1.0737099831188937)0.97:0.12991471603218027)1:0.41979219918010374)1:1.2897995386363668,((75,(199,(29,27)1:0.3493425841522798)1:2.007468042054746)1:3.80998281720427,(((1,81)1:2.0190013413274457,(61,113)1:0.39106730444041726)1:1.6036179055697581,(((45,(89,(31,5)0.89:0.09463464158084427)1:0.3186123731431397)1:2.392278616321822,(167,(66,(130,179)1:0.9554104400276033)0.81:0.0725706928348355)1:3.255612064693818)1:1.8737942094328324,(((77,188)0.76:0.07324871918485672,(19,43)1:2.366240099199542)1:0.8880059828915793,((141,142)1:0.4138973277195642,((198,152)1:0.30141292776959167,(157,(14,(180,(169,140)0.58:0.04193389193593187)0.98:0.13676299557052507)1:0.28850152073582147)1:0.4086711829729026)1:0.6080030430356101)1:3.0962503838948736)1:0.23055391118676513)1:0.9474958270628423)1:0.7353543656105056)1:0.6633941705047429)1:0.2411681227342573,(((((60,118)1:2.3717051467048837,(112,67)1:2.600343776464337)1:0.8522697770203114,((126,64)1:1.6112307509088932,(22,(109,7)1:0.8274076463689158)0.99:0.1451623041225827)1:2.115747766448302)1:2.789991650126346,(((86,(95,100)1:0.46881657710433794)1:3.605574388479299,(12,(139,108)0.43:0.015879982677462698)1:0.46321463333915275)0.91:0.0969482837578385,(82,(154,(119,((162,57)1:3.9815490680767565,(39,123)1:1.1362855975023956)1:0.2277564818782431)1:0.22509484152028048)1:0.702344602121569)1:1.0039410438495233)1:1.2633859277778468)1:0.22312481392712025,((((25,185)1:1.9432833684570414,((121,107)1:2.2479467971135048,(74,(23,(175,(49,156)1:0.28808539041968567)0.66:0.05015337306736214)1:0.46681357212488817)1:0.9537402041184703)1:1.7493864393792575)1:1.0944402704131746,(((163,50)1:1.6749112846320877,(124,9)1:1.1708289907434295)1:0.750650567981475,(149,((4,91)1:0.7334805610626869,(13,((155,165)0.68:0.05147722596552246,(26,195)0.55:0.03742424900352856)1:0.1920388796350772)0.99:0.15887964350241393)1:0.4595675584734097)1:1.015865096485756)1:1.0997617190488747)1:1.1226544103638072,(((115,((131,71)1:0.6275741938017294,(63,(62,159)1:0.31013852614304366)1:0.5058463496194527)1:2.8967063601324012)1:1.5189269801809235,((((73,94)1:1.2667400489808047,(90,20)1:0.7105055273099176)1:1.1966706747214735,((138,191)1:0.6823559822934725,(48,(116,38)1:0.41892457100307884)1:0.3807538522794619)1:1.1267108920812883)1:1.0052164748533885,((189,((46,88)1:0.16846993236136565,(122,3)0.76:0.06579941390828985)1:0.9079097110562145)1:1.870844420742109,((161,114)1:0.2964845739855481,(58,(102,(132,127)1:1.430659323290474)1:0.3724734687113154)1:1.3750215621381072)1:0.24334450518247558)1:0.36060170477049514)1:1.8414052684577844)0.98:0.12766300100677774,((((160,72)1:1.0366562403021302,(40,(150,55)0.99:0.14355294065100965)1:0.879453889594709)1:0.5221493340310825,((99,103)1:1.6696058375060572,(87,(42,(187,(105,176)0.65:0.049146742680318704)1:0.688500102573291)0.78:0.0680129155050248)1:0.9364990326895177)0.72:0.057805807600907394)1:2.9127640397333323,47)1:1.46400946028686)0.99:0.16034434239767828)1:0.48346448577611667)1:0.8260168641986682)1:0.8090619711997116)1:0.8970649756953334)1:4.124649911717419)1:0.7804299647978146)1:0.7213846264671938)1:0.1831008899469207)0.98:0.14230883231693092)1:0.3554102700215744));
Weight calculation took 11.779367007 secs
ASTRAL finished in 21.988 secs
