
================== ASTRAL ===================== 

This is ASTRAL version 5.7.8
Gene trees are treated as unrooted
50 trees read from Dataset/AstralII_data/model.200.10000000.0.000001/34/estimatedgenetre.halfresolved_50
index0
All output trees will be *arbitrarily* rooted at 59

======== Running the main analysis
Number of taxa: 201 (201 species)
Taxa: [59, 137, 110, 134, 78, 125, 111, 0, 98, 120, 41, 158, 52, 136, 33, 181, 173, 153, 190, 2, 172, 28, 85, 30, 96, 56, 44, 183, 145, 65, 164, 143, 144, 8, 194, 11, 117, 128, 168, 53, 24, 80, 146, 36, 200, 76, 174, 69, 186, 92, 101, 129, 6, 197, 32, 51, 177, 178, 84, 184, 196, 106, 16, 170, 75, 199, 29, 27, 61, 113, 1, 81, 45, 89, 31, 5, 167, 130, 179, 66, 198, 169, 140, 152, 157, 14, 180, 141, 142, 77, 188, 19, 43, 12, 22, 109, 7, 126, 64, 60, 118, 112, 67, 139, 95, 86, 100, 154, 162, 57, 82, 119, 39, 123, 108, 68, 10, 37, 83, 148, 182, 70, 79, 166, 192, 34, 135, 193, 133, 97, 93, 54, 104, 171, 17, 35, 18, 151, 21, 147, 15, 90, 73, 94, 20, 116, 38, 138, 48, 191, 47, 160, 72, 87, 187, 42, 105, 176, 150, 99, 103, 55, 40, 131, 71, 63, 62, 159, 161, 115, 25, 185, 74, 49, 156, 175, 23, 121, 107, 124, 9, 163, 50, 149, 4, 13, 155, 26, 165, 195, 91, 46, 88, 122, 189, 58, 102, 132, 127, 114, 3]
Taxon occupancy: {110=50, 111=50, 112=50, 113=50, 114=50, 115=50, 116=50, 117=50, 118=50, 119=50, 10=50, 11=50, 12=50, 13=50, 14=50, 15=50, 16=50, 17=50, 18=50, 19=50, 120=50, 0=50, 121=50, 1=50, 122=50, 2=50, 123=50, 124=50, 3=50, 125=50, 4=50, 5=50, 126=50, 6=50, 127=50, 128=50, 7=50, 8=50, 129=50, 9=50, 20=50, 21=50, 22=50, 23=50, 24=50, 25=50, 26=50, 27=50, 28=50, 29=50, 130=50, 131=50, 132=50, 133=50, 134=50, 135=50, 136=50, 137=50, 138=50, 139=50, 30=50, 31=50, 32=50, 33=50, 34=50, 35=50, 36=50, 37=50, 38=50, 39=50, 140=50, 141=50, 142=50, 143=50, 144=50, 145=50, 146=50, 147=50, 148=50, 149=50, 40=50, 41=50, 42=50, 43=50, 44=50, 45=50, 46=50, 47=50, 48=50, 49=50, 150=50, 151=50, 152=50, 153=50, 154=50, 155=50, 156=50, 157=50, 158=50, 159=50, 50=50, 51=50, 52=50, 53=50, 54=50, 55=50, 56=50, 57=50, 58=50, 59=50, 160=50, 161=50, 162=50, 163=50, 164=50, 165=50, 166=50, 167=50, 168=50, 169=50, 60=50, 61=50, 62=50, 63=50, 64=50, 65=50, 66=50, 67=50, 68=50, 69=50, 170=50, 171=50, 172=50, 173=50, 174=50, 175=50, 176=50, 177=50, 178=50, 179=50, 70=50, 71=50, 72=50, 73=50, 74=50, 75=50, 76=50, 77=50, 78=50, 79=50, 180=50, 181=50, 182=50, 183=50, 184=50, 185=50, 186=50, 187=50, 188=50, 189=50, 80=50, 81=50, 82=50, 83=50, 84=50, 85=50, 86=50, 87=50, 88=50, 89=50, 190=50, 191=50, 192=50, 193=50, 194=50, 195=50, 196=50, 197=50, 198=50, 199=50, 90=50, 91=50, 92=50, 93=50, 94=50, 95=50, 96=50, 97=50, 98=50, 99=50, 200=50, 100=50, 101=50, 102=50, 103=50, 104=50, 105=50, 106=50, 107=50, 108=50, 109=50}
Number of gene trees: 50
0 trees have missing taxa
Calculating quartet distance matrix (for completion of X)
Species tree distances calculated ...
Building set of clusters (X) from gene trees 
------------------------------
gradient0: 4875
Number of Clusters after addition by distance: 4875
calculating extra bipartitions to be added at level 1 ...
Adding to X using resolutions of greedy consensus ...
Limit for sigma of degrees:5075
polytomy size limit : 7
discarded polytomies:  [3, 3, 3, 3, 3, 3, 3, 3, 3, 3, 3, 3, 3, 3, 3, 3, 3, 3, 3, 3, 3, 4, 4, 4, 4, 4, 4, 5, 6, 7, 7]
Threshold 0.0:
Threshold 0.01:
Threshold 0.02:
Threshold 0.05:
Threshold 0.1:
Threshold 0.2:
polytomy of size 3; rounds with additions with at least 5 support: 0; clusters: 4875
polytomy of size 3; rounds with additions with at least 5 support: 0; clusters: 4875
polytomy of size 3; rounds with additions with at least 5 support: 0; clusters: 4875
polytomy of size 3; rounds with additions with at least 5 support: 0; clusters: 4875
polytomy of size 3; rounds with additions with at least 5 support: 0; clusters: 4875
Threshold 0.3333333333333333:
polytomy of size 3; rounds with additions with at least 5 support: 0; clusters: 4875
polytomy of size 3; rounds with additions with at least 5 support: 0; clusters: 4875
polytomy of size 4; rounds with additions with at least 5 support: 0; clusters: 4875
polytomy of size 3; rounds with additions with at least 5 support: 0; clusters: 4875
polytomy of size 3; rounds with additions with at least 5 support: 0; clusters: 4875
polytomy of size 3; rounds with additions with at least 5 support: 0; clusters: 4875
polytomy of size 3; rounds with additions with at least 5 support: 0; clusters: 4875
polytomy of size 3; rounds with additions with at least 5 support: 0; clusters: 4875
polytomy of size 3; rounds with additions with at least 5 support: 0; clusters: 4875
polytomy of size 3; rounds with additions with at least 5 support: 0; clusters: 4875
polytomy of size 4; rounds with additions with at least 5 support: 0; clusters: 4875
polytomy of size 4; rounds with additions with at least 5 support: 0; clusters: 4875
polytomy of size 4; rounds with additions with at least 5 support: 0; clusters: 4875
polytomy of size 7; rounds with additions with at least 5 support: 0; clusters: 4875
polytomy of size 4; rounds with additions with at least 5 support: 0; clusters: 4875
polytomy of size 3; rounds with additions with at least 5 support: 0; clusters: 4875
polytomy of size 3; rounds with additions with at least 5 support: 0; clusters: 4875
polytomy of size 3; rounds with additions with at least 5 support: 0; clusters: 4875
polytomy of size 7; rounds with additions with at least 5 support: 0; clusters: 4875
polytomy of size 3; rounds with additions with at least 5 support: 0; clusters: 4875
polytomy of size 3; rounds with additions with at least 5 support: 0; clusters: 4875
polytomy of size 4; rounds with additions with at least 5 support: 0; clusters: 4875
polytomy of size 5; rounds with additions with at least 5 support: 0; clusters: 4875
polytomy of size 6; rounds with additions with at least 5 support: 0; clusters: 4875
polytomy of size 3; rounds with additions with at least 5 support: 0; clusters: 4875
polytomy of size 3; rounds with additions with at least 5 support: 0; clusters: 4875
max k is :0
Number of Clusters after addition by greedy: 4875
gradient0 in heuristiic: 4875
partitions formed in 8.196 secs
Dynamic Programming starting after 8.197 secs
Using tree-based weight calculation.
Using polytree-based weight calculation.
Polytree max score: 3299863599
Polytree building time: 0.224 seconds.
Number of quartet trees in the gene trees: 3299863599
Size of largest cluster: 201
Greedy score: 2700261296
estimationFactor: 1.2220534375277732
Sub-optimal score: 2715642524
Total Number of elements weighted: 7963
Normalized score (portion of input quartet trees satisfied before correcting for multiple individuals): 0.8439052310658857
Optimization score: 2784772153
Optimal tree inferred in 10.319 secs.
(47,(((99,103),(((160,72),(150,(55,40))),(87,(42,(187,(105,176)))))),(((115,((131,71),(63,(62,159)))),((((73,94),(90,20)),((138,191),(48,(116,38)))),((189,((46,88),(122,3))),((161,114),(58,(102,(132,127))))))),((((25,185),((121,107),(74,(23,(175,(49,156)))))),(((163,50),(124,9)),(149,((4,91),(13,(195,(26,(155,165)))))))),(((((112,67),(60,118)),((126,64),(22,(109,7)))),(((86,(95,100)),(12,(139,108))),(82,(154,(119,((162,57),(39,123))))))),((((68,(10,(37,83))),((93,(97,(171,(54,104)))),((147,15),((17,(35,(18,(151,21)))),((70,(148,182)),((79,166),((193,133),(135,(192,34))))))))),((75,(199,(29,27))),(((61,113),(1,81)),(((45,(89,(31,5))),((130,179),(167,66))),((77,(188,(19,43))),((141,142),((198,152),(157,(14,(169,(140,180))))))))))),(((111,(125,(110,(134,(137,(59,78)))))),((106,(16,170)),((6,197),((184,196),((177,178),(84,(32,51))))))),(129,(0,(((186,(69,((200,76),(174,(92,101))))),((24,80),((117,(53,36)),(146,(168,(11,128)))))),((144,(8,194)),(((145,65),((164,143),(96,(56,(44,183))))),(((52,(41,(120,158))),((136,33),(181,173))),((98,172),((28,(85,30)),(190,(153,2)))))))))))))))));
Final quartet score is: 2784772153
Final normalized quartet score is: 0.8439052310658857
Extended species tree:
(59,(78,(137,(134,(110,(125,(111,(((106,(16,170)1:0.6910697202490463)1:1.5747139419511214,((6,197)1:0.8445443019700212,((184,196)1:2.0447559836919456,((177,178)1:1.791159409204048,(84,(32,51)1:0.4339416085491223)1:1.7363031834586364)1:0.8326741596375639)1:0.532244139239883)1:0.5120997840092114)1:1.024437625394285,((129,(0,(((186,(69,((200,76)1:0.7635028030951166,(174,(92,101)1:1.058432211362579)1:1.1061057810783888)0.91:0.1973662900712056)0.42:0.020896008324577768)1:0.4613945010145481,((24,80)1:1.8628586160323404,((117,(53,36)1:2.1135993130909636)0.98:0.28849101126934046,(146,(168,(11,128)1:0.6919595319642893)1:0.8800777300398607)0.98:0.27066720859486515)0.87:0.17178712357020942)1:0.7601454514002097)1:1.1809659953837588,((144,(8,194)0.9:0.19415601444095737)1:3.120895416507997,(((145,65)1:0.6231454209213412,((164,143)0.41:0.021953759924361535,(96,(56,(44,183)1:0.58225524028889)0.81:0.14302803150170773)1:0.36223802878162403)0.99:0.33443313685809467)1:1.8511402103668249,(((52,(41,(120,158)1:0.5804943132041156)1:1.0368115368854085)0.49:0.0691788534381661,((136,33)1:0.9657607536844993,(181,173)1:0.568513069355699)1:1.6074104698857887)1:0.5271139978237248,((98,172)1:1.740664304799165,((28,(85,30)0.85:0.192371892647456)1:2.602211836259583,(190,(153,2)0.51:0.06466481831499717)1:1.9260956908698637)0.38:0.01126405534376165)1:1.0717774766577306)1:2.0146773368061095)1:1.064710736992428)1:0.5306282510621706)1:3.5263605246161593)1:1.406866515195099)1:0.5001718113667145,((((68,(10,(37,83)0.6:0.09221041388320037)1:0.6931471805599453)1:2.4296548142186327,((93,(97,(171,(54,104)1:0.5238859759000899)0.77:0.12842523015750065)1:1.20007883505034)1:1.6576724713781448,((147,15)1:1.1026485564408055,((17,(35,(18,(151,21)1:0.5103207007560207)0.61:0.07812835566867758)0.44:0.05089321436621098)1:2.173203268837078,((70,(148,182)1:2.155333635627059)1:0.3636158794834699,((79,166)1:1.635393450742303,((193,133)1:0.9896717543573195,(135,(192,34)0.84:0.15993585070882563)1:0.665472458403725)1:0.39374659197325784)0.47:0.05373306546959177)1:2.775393773167388)1:1.0252364532956162)0.82:0.1693336404167995)0.99:0.33083899819630935)1:1.2725879260962623,((75,(199,(29,27)0.98:0.2680697552645551)1:2.14006616349627)1:3.5263605246161593,(((61,113)0.99:0.32971595692139327,(1,81)1:1.2770590269030784)1:1.5193793324403542,(((45,(89,(31,5)0.8:0.1695015386899708)0.92:0.20269146563534657)1:2.0600234558227353,((130,179)1:0.8423595787466209,(167,66)0.48:0.060624621816434854)1:2.347705528274515)1:1.5981891998982298,((77,(188,(19,43)1:1.9169226121820613)0.81:0.14334779054547245)1:0.8179557764441145,((141,142)1:0.44839015282519823,((198,152)0.8:0.15205060232185016,(157,(14,(169,(140,180)0.75:0.12364913812279098)0.99:0.3468272477339711)0.96:0.24380322410815353)0.99:0.3452622439244546)1:0.7169578292536637)1:2.8332133440562166)0.99:0.2991308020322848)1:1.2460943339727941)1:0.6644602742219433)1:0.5434925177207381)0.91:0.19151422568895662,(((((112,67)1:2.146431557363348,(60,118)1:2.022283127839887)1:0.6990469026871338,((126,64)1:1.329135947279943,(22,(109,7)1:0.5639813638162819)0.69:0.10047053036363439)1:1.9003933102308495)1:2.8332133440562166,(((86,(95,100)1:0.37106368139083207)1:3.009399912282655,(12,(139,108)0.44:0.026034124016961226)0.98:0.27162267788799965)0.96:0.24365881849612067,(82,(154,(119,((162,57)1:3.5263605246161593,(39,123)1:1.445650751948331)1:0.40179537921920205)1:0.36799714836886416)1:0.7900535395844427)1:1.0331892636379876)1:1.2278806809031921)0.96:0.24541150764759478,((((25,185)1:1.8726779103843039,((121,107)1:3.3170191954992223,(74,(23,(175,(49,156)0.78:0.15443434216782742)0.58:0.06767046293202231)0.98:0.27443505527000656)1:0.9802230086766989)1:1.17577923335386)1:1.3185986268480776,(((163,50)1:1.3910833556063555,(124,9)1:1.3803401905075428)1:0.7060687746550961,(149,((4,91)1:0.7498086645364288,(13,(195,(26,(155,165)0.79:0.1380605103892667)0.42:0.020876948706076377)0.81:0.14797522977083286)0.86:0.1713587859608554)1:0.477489454305863)1:0.690915445709635)1:0.8059081258272608)1:1.1969962543433534,(((115,((131,71)1:0.5246124382143786,(63,(62,159)1:0.4415234898674201)1:0.4386236213380908)1:2.182625777915066)1:1.4924021213482626,((((73,94)1:1.4383365279337894,(90,20)1:0.582723362945572)1:1.0725307558517694,((138,191)1:0.6191249606679919,(48,(116,38)1:0.43705727265505667)1:0.4327202779200012)1:1.2080575926977717)1:1.1471260263675664,((189,((46,88)0.37:0.004179056321539371,(122,3)0.74:0.12746349426090856)1:0.7601033731109996)1:1.451841354541969,((161,114)0.97:0.2484903654042868,(58,(102,(132,127)1:0.8865819544359197)1:0.4377598315341937)1:1.8550786495964386)0.94:0.22327900940465123)1:0.40885799498851827)1:1.2563960207300253)0.97:0.25756190722209993,(((99,103)1:1.6792814858013632,(((160,72)1:1.0665682033123087,(150,(55,40)0.78:0.1561084278040242)1:0.8271074080467369)0.99:0.29811857697244265,(87,(42,(187,(105,176)0.38:0.011187794034410566)1:0.46178162027548514)0.87:0.17447487168601927)1:1.1070400649981749)0.35:0.0)1:2.5798601861662696,47)1:1.3719910866903706)0.68:0.11310446564306584)1:0.5805915580906573)1:0.9155444014350933)1:0.9382057337600871)1:0.7370339478581578)1:3.5263605246161593)1:0.8453389959018707)1:0.518839043307707)1:0.40539841254006026)0.99:0.2978867581272741)0.84:0.15929016453041095));
Weight calculation took 1.652385285 secs
ASTRAL finished in 11.652 secs
