
================== ASTRAL ===================== 

This is ASTRAL version 5.7.8
Gene trees are treated as unrooted
1000 trees read from Dataset/AstralII_data/model.200.10000000.0.000001/34/estimatedgenetre.halfresolved
index0
All output trees will be *arbitrarily* rooted at 59

======== Running the main analysis
Number of taxa: 201 (201 species)
Taxa: [59, 137, 110, 134, 78, 125, 111, 0, 98, 120, 41, 158, 52, 136, 33, 181, 173, 153, 190, 2, 172, 28, 85, 30, 96, 56, 44, 183, 145, 65, 164, 143, 144, 8, 194, 11, 117, 128, 168, 53, 24, 80, 146, 36, 200, 76, 174, 69, 186, 92, 101, 129, 6, 197, 32, 51, 177, 178, 84, 184, 196, 106, 16, 170, 75, 199, 29, 27, 61, 113, 1, 81, 45, 89, 31, 5, 167, 130, 179, 66, 198, 169, 140, 152, 157, 14, 180, 141, 142, 77, 188, 19, 43, 12, 22, 109, 7, 126, 64, 60, 118, 112, 67, 139, 95, 86, 100, 154, 162, 57, 82, 119, 39, 123, 108, 68, 10, 37, 83, 148, 182, 70, 79, 166, 192, 34, 135, 193, 133, 97, 93, 54, 104, 171, 17, 35, 18, 151, 21, 147, 15, 90, 73, 94, 20, 116, 38, 138, 48, 191, 47, 160, 72, 87, 187, 42, 105, 176, 150, 99, 103, 55, 40, 131, 71, 63, 62, 159, 161, 115, 25, 185, 74, 49, 156, 175, 23, 121, 107, 124, 9, 163, 50, 149, 4, 13, 155, 26, 165, 195, 91, 46, 88, 122, 189, 58, 102, 132, 127, 114, 3]
Taxon occupancy: {110=1000, 111=1000, 112=1000, 113=1000, 114=1000, 115=1000, 116=1000, 117=1000, 118=1000, 119=1000, 10=1000, 11=1000, 12=1000, 13=1000, 14=1000, 15=1000, 16=1000, 17=1000, 18=1000, 19=1000, 120=1000, 0=1000, 121=1000, 1=1000, 122=1000, 2=1000, 123=1000, 124=1000, 3=1000, 125=1000, 4=1000, 5=1000, 126=1000, 6=1000, 127=1000, 128=1000, 7=1000, 8=1000, 129=1000, 9=1000, 20=1000, 21=1000, 22=1000, 23=1000, 24=1000, 25=1000, 26=1000, 27=1000, 28=1000, 29=1000, 130=1000, 131=1000, 132=1000, 133=1000, 134=1000, 135=1000, 136=1000, 137=1000, 138=1000, 139=1000, 30=1000, 31=1000, 32=1000, 33=1000, 34=1000, 35=1000, 36=1000, 37=1000, 38=1000, 39=1000, 140=1000, 141=1000, 142=1000, 143=1000, 144=1000, 145=1000, 146=1000, 147=1000, 148=1000, 149=1000, 40=1000, 41=1000, 42=1000, 43=1000, 44=1000, 45=1000, 46=1000, 47=1000, 48=1000, 49=1000, 150=1000, 151=1000, 152=1000, 153=1000, 154=1000, 155=1000, 156=1000, 157=1000, 158=1000, 159=1000, 50=1000, 51=1000, 52=1000, 53=1000, 54=1000, 55=1000, 56=1000, 57=1000, 58=1000, 59=1000, 160=1000, 161=1000, 162=1000, 163=1000, 164=1000, 165=1000, 166=1000, 167=1000, 168=1000, 169=1000, 60=1000, 61=1000, 62=1000, 63=1000, 64=1000, 65=1000, 66=1000, 67=1000, 68=1000, 69=1000, 170=1000, 171=1000, 172=1000, 173=1000, 174=1000, 175=1000, 176=1000, 177=1000, 178=1000, 179=1000, 70=1000, 71=1000, 72=1000, 73=1000, 74=1000, 75=1000, 76=1000, 77=1000, 78=1000, 79=1000, 180=1000, 181=1000, 182=1000, 183=1000, 184=1000, 185=1000, 186=1000, 187=1000, 188=1000, 189=1000, 80=1000, 81=1000, 82=1000, 83=1000, 84=1000, 85=1000, 86=1000, 87=1000, 88=1000, 89=1000, 190=1000, 191=1000, 192=1000, 193=1000, 194=1000, 195=1000, 196=1000, 197=1000, 198=1000, 199=1000, 90=1000, 91=1000, 92=1000, 93=1000, 94=1000, 95=1000, 96=1000, 97=1000, 98=1000, 99=1000, 200=1000, 100=1000, 101=1000, 102=1000, 103=1000, 104=1000, 105=1000, 106=1000, 107=1000, 108=1000, 109=1000}
Number of gene trees: 1000
0 trees have missing taxa
Calculating quartet distance matrix (for completion of X)
Species tree distances calculated ...
Building set of clusters (X) from gene trees 
------------------------------
gradient0: 26999
Number of Clusters after addition by distance: 26999
calculating extra bipartitions to be added at level 1 ...
Adding to X using resolutions of greedy consensus ...
Limit for sigma of degrees:5075
polytomy size limit : 7
discarded polytomies:  [3, 3, 3, 3, 3, 3, 3, 3, 3, 3, 3, 3, 3, 3, 3, 3, 3, 3, 3, 3, 3, 3, 4, 4, 4, 4, 5, 5, 5, 5, 6, 7]
Threshold 0.0:
Threshold 0.01:
Threshold 0.02:
Threshold 0.05:
Threshold 0.1:
Threshold 0.2:
polytomy of size 5; rounds with additions with at least 5 support: 0; clusters: 26999
polytomy of size 3; rounds with additions with at least 5 support: 0; clusters: 26999
polytomy of size 3; rounds with additions with at least 5 support: 0; clusters: 26999
polytomy of size 3; rounds with additions with at least 5 support: 0; clusters: 26999
polytomy of size 3; rounds with additions with at least 5 support: 0; clusters: 26999
Threshold 0.3333333333333333:
polytomy of size 3; rounds with additions with at least 5 support: 0; clusters: 26999
polytomy of size 3; rounds with additions with at least 5 support: 0; clusters: 26999
polytomy of size 3; rounds with additions with at least 5 support: 0; clusters: 26999
polytomy of size 3; rounds with additions with at least 5 support: 0; clusters: 26999
polytomy of size 3; rounds with additions with at least 5 support: 0; clusters: 26999
polytomy of size 3; rounds with additions with at least 5 support: 0; clusters: 26999
polytomy of size 3; rounds with additions with at least 5 support: 0; clusters: 26999
polytomy of size 5; rounds with additions with at least 5 support: 0; clusters: 26999
polytomy of size 3; rounds with additions with at least 5 support: 0; clusters: 26999
polytomy of size 4; rounds with additions with at least 5 support: 0; clusters: 26999
polytomy of size 3; rounds with additions with at least 5 support: 0; clusters: 26999
polytomy of size 3; rounds with additions with at least 5 support: 0; clusters: 26999
polytomy of size 3; rounds with additions with at least 5 support: 0; clusters: 26999
polytomy of size 3; rounds with additions with at least 5 support: 0; clusters: 26999
polytomy of size 4; rounds with additions with at least 5 support: 0; clusters: 26999
polytomy of size 3; rounds with additions with at least 5 support: 0; clusters: 26999
polytomy of size 3; rounds with additions with at least 5 support: 0; clusters: 26999
polytomy of size 3; rounds with additions with at least 5 support: 0; clusters: 26999
polytomy of size 7; rounds with additions with at least 5 support: 0; clusters: 26999
polytomy of size 6; rounds with additions with at least 5 support: 0; clusters: 26999
polytomy of size 3; rounds with additions with at least 5 support: 0; clusters: 26999
polytomy of size 4; rounds with additions with at least 5 support: 0; clusters: 26999
polytomy of size 5; rounds with additions with at least 5 support: 0; clusters: 26999
polytomy of size 5; rounds with additions with at least 5 support: 0; clusters: 26999
polytomy of size 3; rounds with additions with at least 5 support: 0; clusters: 26999
polytomy of size 3; rounds with additions with at least 5 support: 0; clusters: 26999
polytomy of size 4; rounds with additions with at least 5 support: 0; clusters: 26999
max k is :0
Number of Clusters after addition by greedy: 26999
gradient0 in heuristiic: 26999
partitions formed in 33.646 secs
Dynamic Programming starting after 33.647 secs
Using tree-based weight calculation.
Using polytree-based weight calculation.
Polytree max score: 65997598554
Polytree building time: 2.756 seconds.
Number of quartet trees in the gene trees: 65997598554
Size of largest cluster: 201
Greedy score: 48289296710
estimationFactor: 1.366712771783501
Sub-optimal score: 52106514675
Calculated 100000 weights; time (seconds): 172
Total Number of elements weighted: 108337
Normalized score (portion of input quartet trees satisfied before correcting for multiple individuals): 0.8240324656737661
Optimization score: 54384163865
Optimal tree inferred in 184.202 secs.
(47,((((160,72),(40,(150,55))),((99,103),(87,(42,(187,(105,176)))))),(((115,((131,71),(63,(62,159)))),((((73,94),(90,20)),((138,191),(48,(116,38)))),((189,((46,88),(122,3))),((161,114),(58,(102,(132,127))))))),((((25,185),((121,107),(74,((49,156),(175,23))))),(((163,50),(124,9)),(149,((4,91),(13,((155,165),(26,195))))))),(((((112,67),(60,118)),((126,64),(22,(109,7)))),(((86,(95,100)),(108,(12,139))),(82,(154,(119,((162,57),(39,123))))))),((((68,(37,(10,83))),((93,(97,(171,(54,104)))),((147,15),(((17,35),(18,(151,21))),(((193,133),(135,(192,34))),((79,166),(70,(148,182)))))))),((75,(199,(29,27))),(((61,113),(1,81)),(((45,(89,(31,5))),(66,(167,(130,179)))),(((77,188),(19,43)),((141,142),((198,152),(157,(14,(180,(169,140))))))))))),(((111,(125,(110,(134,(137,(59,78)))))),((106,(16,170)),((6,197),((184,196),((177,178),(84,(32,51))))))),(129,(0,(((69,(186,((200,76),(174,(92,101))))),((24,80),((117,(53,36)),(146,(168,(11,128)))))),((144,(8,194)),(((145,65),((164,143),(96,(56,(44,183))))),(((52,(41,(120,158))),((136,33),(181,173))),((28,(85,30)),((98,172),(190,(153,2)))))))))))))))));
Final quartet score is: 54384163865
Final normalized quartet score is: 0.8240324656737661
Extended species tree:
(59,(78,(137,(134,(110,(125,(111,(((106,(16,170)1:0.4606928275194601)1:2.4402551988819683,((6,197)1:1.5899494494558788,((184,196)1:2.488930110577349,((177,178)1:1.636173937391109,(84,(32,51)1:0.30898409679943123)1:1.8191148016753547)1:0.9249465370459372)1:0.3642812186481283)1:0.6341554017414717)1:0.6652966830684278,((129,(0,(((69,(186,((200,76)1:0.9803165857768799,(174,(92,101)1:0.922918750015447)1:1.4037672250669526)1:0.2579693014801781)0.99:0.06987440211617574)1:0.3441420544003422,((24,80)1:2.2822453838101366,((117,(53,36)1:1.9198715298873352)1:0.2375956726953786,(146,(168,(11,128)1:0.717034825268267)1:1.096971800815729)1:0.31544217043970246)1:0.15171250423888402)1:0.7284792147588247)1:1.7288903155916353,((144,(8,194)1:0.3085770562810479)1:2.3486678995465855,(((145,65)1:0.6492839747744882,((164,143)0.99:0.06716996289053186,(96,(56,(44,183)1:0.6933848393689772)1:0.18461594739882983)1:0.30807710660026844)1:0.591083154446399)1:2.320023305870138,(((52,(41,(120,158)1:0.8441719094350755)1:0.7304425484029793)1:0.08950763581795876,((136,33)1:0.6318697726880017,(181,173)1:0.6062039229798105)1:1.443799692410174)1:0.9665742494701771,((28,(85,30)1:0.16246243841027502)1:2.281916728217479,((98,172)1:1.865773386674093,(190,(153,2)1:0.1147288553350426)1:1.6772754024696053)1:0.09847751679417932)1:0.8289483197840447)1:1.287928165929507)1:1.276894017153646)1:0.4421432319541835)1:5.404677382538943)1:1.809181546438442)1:0.30216686373839086,((((68,(37,(10,83)0.97:0.0927552427717739)1:1.124422111564797)1:4.2603810565859375,((93,(97,(171,(54,104)1:0.44594259724524304)1:0.1516740400963774)1:1.3591103558290185)1:2.3351950674911044,((147,15)1:1.2443554947790842,(((17,35)1:0.08724811800373188,(18,(151,21)1:0.34678803727881097)1:0.36764383837223663)1:3.243392428357928,(((193,133)1:1.1580308119836003,(135,(192,34)1:0.1110402553994881)1:0.9452637579940235)1:0.541684204270454,((79,166)1:1.263957115238519,(70,(148,182)1:2.6551858501255836)1:0.5963199578111906)1:0.1544738382504763)1:1.674413340629118)1:1.0990209528263382)1:0.13331586125603745)1:0.4538653647555484)1:1.2870202773286274,((75,(199,(29,27)1:0.3594633130256151)1:1.7892650803068832)1:3.4973423079303636,(((61,113)1:0.3776029753012392,(1,81)1:1.7141989562366442)1:1.943309128993867,(((45,(89,(31,5)1:0.09919800805976008)1:0.2439229096828191)1:2.5285432624740536,(66,(167,(130,179)1:0.9540234929224596)0.88:0.04925323786845975)1:3.306145702358615)1:1.8219095570567403,(((77,188)0.87:0.0500170586287118,(19,43)1:2.55295181965209)1:0.9030128052974652,((141,142)1:0.5166649208476539,((198,152)1:0.2955533457286326,(157,(14,(180,(169,140)1:0.1384231199105603)1:0.1592803042113273)1:0.3304299941471903)1:0.4784903090877997)1:0.6062234069558718)1:3.5632797788941883)1:0.21097196215971759)1:1.057054247218943)1:0.6614303222141817)1:0.6272190047328718)1:0.21840043295140918,(((((112,67)1:3.0684840690986905,(60,118)1:2.459170312483248)1:0.9982037616443423,((126,64)1:1.7079804024339855,(22,(109,7)1:0.8299194374044933)1:0.1599621767677892)1:2.4825991243635865)1:3.130673343323203,(((86,(95,100)1:0.4505482221971238)1:3.794673395255135,(108,(12,139)0.74:0.027224916589746205)1:0.6313731508180762)0.81:0.03333132810277358,(82,(154,(119,((162,57)1:4.62834829890513,(39,123)1:1.2241396008258425)1:0.1461683167059422)1:0.2391517554863364)1:0.8568087376736557)1:0.93015072210327)1:1.3096745351341221)1:0.21646770356953082,((((25,185)1:1.6387055018471388,((121,107)1:2.125885044564196,(74,((49,156)1:0.31586751521544854,(175,23)0.99:0.0674279122965651)1:0.40030738451631076)1:1.0712516163733976)1:1.6662402614378335)1:1.1828798562496992,(((163,50)1:1.5972420624958674,(124,9)1:1.2399378455574566)1:0.811724338645203,(149,((4,91)1:0.6991883877274335,(13,((155,165)0.66:0.02368271760199622,(26,195)0.99:0.06480205242784068)1:0.23266174045732693)1:0.2413678099567562)1:0.4231060238802803)1:1.017465426724496)1:1.1690482060802037)1:1.0340972173737395,(((115,((131,71)1:0.6689002401719132,(63,(62,159)1:0.21100245163709355)1:0.46828307641811945)1:2.9546170759105603)1:1.6285979580646526,((((73,94)1:1.3891198904951547,(90,20)1:0.6833172795671348)1:1.0565776155815896,((138,191)1:0.6695758214004707,(48,(116,38)1:0.3726269296829838)1:0.5071525537421449)1:1.2903110201150598)1:0.854773697815801,((189,((46,88)1:0.19371909573342186,(122,3)0.73:0.028619301553153113)1:0.8276701884458514)1:1.9470815391331913,((161,114)1:0.4041605290817954,(58,(102,(132,127)1:1.385381007832259)1:0.38092450939235406)1:1.4524096948088494)1:0.2811434758451768)1:0.3935835975925407)1:1.9039995564967813)1:0.09725748002615593,((((160,72)1:0.9014585614425445,(40,(150,55)1:0.18569506355579293)1:0.6476610395311847)1:0.4846719056949232,((99,103)1:1.667936192605565,(87,(42,(187,(105,176)1:0.09178091155811945)1:0.8949994966823196)0.99:0.0649980397938854)1:1.016396869965417)1:0.08235690584665734)1:2.9138663820262214,47)1:1.5083075753744652)1:0.22687625868840328)1:0.5061285973783396)1:0.7307974862284504)1:0.717863430080099)1:0.9952951521976585)1:4.56271380090159)1:0.749573702364464)1:0.8063188911863541)1:0.15758842088300049)1:0.14721217753955168)1:0.512703793090802));
Weight calculation took 143.501934695 secs
ASTRAL finished in 193.243 secs
