
================== ASTRAL ===================== 

This is ASTRAL version 5.7.8
Gene trees are treated as unrooted
200 trees read from Dataset/AstralII_data/model.200.2000000.0.000001/34/estimatedgenetre.halfresolved_200
index0
All output trees will be *arbitrarily* rooted at 148

======== Running the main analysis
Number of taxa: 201 (201 species)
Taxa: [148, 83, 38, 194, 49, 179, 108, 180, 24, 168, 164, 69, 14, 62, 171, 12, 6, 112, 103, 39, 41, 79, 64, 198, 200, 2, 35, 123, 116, 107, 184, 94, 51, 163, 153, 114, 75, 128, 34, 17, 176, 33, 22, 76, 195, 47, 119, 15, 57, 154, 126, 134, 145, 167, 56, 91, 40, 151, 21, 122, 50, 96, 147, 65, 132, 152, 172, 155, 95, 187, 71, 16, 118, 100, 158, 55, 31, 11, 105, 72, 28, 25, 183, 7, 8, 58, 66, 26, 182, 135, 46, 18, 29, 89, 106, 143, 54, 150, 117, 144, 44, 80, 9, 63, 67, 93, 30, 20, 87, 53, 19, 177, 77, 0, 185, 161, 45, 131, 181, 101, 90, 136, 61, 99, 42, 113, 190, 193, 142, 4, 109, 178, 27, 78, 141, 127, 10, 36, 115, 86, 32, 130, 188, 138, 166, 197, 102, 84, 3, 60, 186, 160, 137, 124, 74, 159, 37, 81, 149, 125, 23, 1, 189, 129, 196, 175, 140, 162, 111, 156, 173, 92, 82, 133, 98, 5, 146, 165, 139, 70, 68, 43, 104, 121, 85, 157, 110, 48, 59, 73, 120, 169, 97, 170, 174, 13, 88, 199, 192, 52, 191]
Taxon occupancy: {110=200, 111=200, 112=200, 113=200, 114=200, 115=200, 116=200, 117=200, 118=200, 119=200, 10=200, 11=200, 12=200, 13=200, 14=200, 15=200, 16=200, 17=200, 18=200, 19=200, 120=200, 0=200, 121=200, 122=200, 1=200, 2=200, 123=200, 3=200, 124=200, 4=200, 125=200, 126=200, 5=200, 6=200, 127=200, 128=200, 7=200, 8=200, 129=200, 9=200, 20=200, 21=200, 22=200, 23=200, 24=200, 25=200, 26=200, 27=200, 28=200, 29=200, 130=200, 131=200, 132=200, 133=200, 134=200, 135=200, 136=200, 137=200, 138=200, 139=200, 30=200, 31=200, 32=200, 33=200, 34=200, 35=200, 36=200, 37=200, 38=200, 39=200, 140=200, 141=200, 142=200, 143=200, 144=200, 145=200, 146=200, 147=200, 148=200, 149=200, 40=200, 41=200, 42=200, 43=200, 44=200, 45=200, 46=200, 47=200, 48=200, 49=200, 150=200, 151=200, 152=200, 153=200, 154=200, 155=200, 156=200, 157=200, 158=200, 159=200, 50=200, 51=200, 52=200, 53=200, 54=200, 55=200, 56=200, 57=200, 58=200, 59=200, 160=200, 161=200, 162=200, 163=200, 164=200, 165=200, 166=200, 167=200, 168=200, 169=200, 60=200, 61=200, 62=200, 63=200, 64=200, 65=200, 66=200, 67=200, 68=200, 69=200, 170=200, 171=200, 172=200, 173=200, 174=200, 175=200, 176=200, 177=200, 178=200, 179=200, 70=200, 71=200, 72=200, 73=200, 74=200, 75=200, 76=200, 77=200, 78=200, 79=200, 180=200, 181=200, 182=200, 183=200, 184=200, 185=200, 186=200, 187=200, 188=200, 189=200, 80=200, 81=200, 82=200, 83=200, 84=200, 85=200, 86=200, 87=200, 88=200, 89=200, 190=200, 191=200, 192=200, 193=200, 194=200, 195=200, 196=200, 197=200, 198=200, 199=200, 90=200, 91=200, 92=200, 93=200, 94=200, 95=200, 96=200, 97=200, 98=200, 99=200, 200=200, 100=200, 101=200, 102=200, 103=200, 104=200, 105=200, 106=200, 107=200, 108=200, 109=200}
Number of gene trees: 200
0 trees have missing taxa
Calculating quartet distance matrix (for completion of X)
Species tree distances calculated ...
Building set of clusters (X) from gene trees 
------------------------------
gradient0: 23151
Number of Clusters after addition by distance: 23151
calculating extra bipartitions to be added at level 1 ...
Adding to X using resolutions of greedy consensus ...
Limit for sigma of degrees:5075
polytomy size limit : 38
discarded polytomies:  [3, 3, 3, 3, 3, 3, 3, 3, 3, 3, 3, 3, 3, 3, 3, 3, 3, 3, 3, 3, 4, 4, 4, 4, 4, 6, 6, 7, 7, 9, 14, 18, 24, 38]
Threshold 0.0:
polytomy of size 4; rounds with additions with at least 5 support: 0; clusters: 23171
Threshold 0.01:
polytomy of size 6; rounds with additions with at least 5 support: 2; clusters: 23223
Threshold 0.02:
polytomy of size 7; rounds with additions with at least 5 support: 0; clusters: 23265
Threshold 0.05:
polytomy of size 14; rounds with additions with at least 5 support: 2; clusters: 23279
Threshold 0.1:
polytomy of size 3; rounds with additions with at least 5 support: 0; clusters: 23279
polytomy of size 18; rounds with additions with at least 5 support: 0; clusters: 23289
Threshold 0.2:
polytomy of size 3; rounds with additions with at least 5 support: 0; clusters: 23289
polytomy of size 3; rounds with additions with at least 5 support: 0; clusters: 23289
polytomy of size 4; rounds with additions with at least 5 support: 0; clusters: 23289
polytomy of size 3; rounds with additions with at least 5 support: 0; clusters: 23289
polytomy of size 9; rounds with additions with at least 5 support: 0; clusters: 23289
polytomy of size 3; rounds with additions with at least 5 support: 0; clusters: 23289
polytomy of size 24; rounds with additions with at least 5 support: 0; clusters: 23289
polytomy of size 3; rounds with additions with at least 5 support: 0; clusters: 23289
Threshold 0.3333333333333333:
polytomy of size 3; rounds with additions with at least 5 support: 0; clusters: 23289
polytomy of size 3; rounds with additions with at least 5 support: 0; clusters: 23289
polytomy of size 3; rounds with additions with at least 5 support: 0; clusters: 23289
polytomy of size 3; rounds with additions with at least 5 support: 0; clusters: 23289
polytomy of size 4; rounds with additions with at least 5 support: 0; clusters: 23289
polytomy of size 3; rounds with additions with at least 5 support: 0; clusters: 23289
polytomy of size 3; rounds with additions with at least 5 support: 0; clusters: 23289
polytomy of size 3; rounds with additions with at least 5 support: 0; clusters: 23289
polytomy of size 4; rounds with additions with at least 5 support: 0; clusters: 23289
polytomy of size 3; rounds with additions with at least 5 support: 0; clusters: 23289
polytomy of size 4; rounds with additions with at least 5 support: 0; clusters: 23289
polytomy of size 3; rounds with additions with at least 5 support: 0; clusters: 23289
polytomy of size 7; rounds with additions with at least 5 support: 0; clusters: 23289
polytomy of size 3; rounds with additions with at least 5 support: 0; clusters: 23289
polytomy of size 3; rounds with additions with at least 5 support: 0; clusters: 23289
polytomy of size 3; rounds with additions with at least 5 support: 0; clusters: 23289
polytomy of size 6; rounds with additions with at least 5 support: 0; clusters: 23289
polytomy of size 38; rounds with additions with at least 5 support: 0; clusters: 23289
polytomy of size 3; rounds with additions with at least 5 support: 0; clusters: 23289
polytomy of size 3; rounds with additions with at least 5 support: 0; clusters: 23289
max k is :4
Number of Clusters after addition by greedy: 23289
gradient0 in heuristiic: 23289
partitions formed in 11.161 secs
Dynamic Programming starting after 11.161 secs
Using tree-based weight calculation.
Using polytree-based weight calculation.
Polytree max score: 13199046114
Polytree building time: 0.377 seconds.
Number of quartet trees in the gene trees: 13199046114
Size of largest cluster: 201
Greedy score: 7442937676
estimationFactor: 1.773365126589836
Sub-optimal score: 7652241928
Total Number of elements weighted: 49600
Normalized score (portion of input quartet trees satisfied before correcting for multiple individuals): 0.6330704277286382
Optimization score: 8355925769
Optimal tree inferred in 48.069 secs.
(186,(60,(3,((102,84),(((160,137),((124,(74,159)),((188,(138,(166,197))),((127,10),((86,32),(130,(36,115))))))),((((38,(120,170)),((151,50),(96,(21,122)))),(((78,141),(109,(178,27))),((37,81),((23,1),(147,(149,(125,189))))))),(((71,28),((182,(25,183)),((8,(58,(66,26))),(89,(7,(18,(135,46))))))),((44,((52,(65,(148,83))),((169,174),((161,45),(101,(131,181)))))),((150,117),((((132,29),(16,(187,(155,95)))),((152,172),((105,72),((118,11),(100,(55,(158,31))))))),(((19,(30,((177,77),(20,(87,53))))),(97,((106,(93,(67,(80,(9,63))))),((191,(13,(199,(88,192)))),((143,54),((121,(85,157)),((104,110),(48,59)))))))),((64,(198,200)),((((42,(185,4)),((193,142),(113,190))),((99,(61,(90,136))),((144,129),((194,49),(108,((168,(62,171)),((12,(179,180)),(24,(164,(69,14)))))))))),(((0,((6,73),((41,79),(39,(112,103))))),(196,(140,((139,(43,(70,68))),(156,(((5,146),(165,(133,98))),(111,((175,162),(173,(92,82)))))))))),((((123,(116,107)),(35,(2,184))),((56,(91,40)),((145,167),(154,(126,134))))),(((22,76),((176,33),(17,(34,195)))),((119,(47,(15,57))),((51,163),((153,114),(128,(94,75)))))))))))))))))))));
Final quartet score is: 8355925769
Final normalized quartet score is: 0.6330704277286382
Extended species tree:
(148,(83,(65,(52,(((169,174)1:0.3726128441497943,((161,45)1:1.2194241085851447,(101,(131,181)1:0.40772001805261615)1:0.9163605441109993)1:1.0059495304994788)0.9:0.09798645520511112,(44,(((150,117)1:2.457368754423122,((((132,29)1:1.1128188685128346,(16,(187,(155,95)1:0.4518396586180643)1:1.20048018289972)0.47:0.03406550199294348)1:0.8222344691956498,((152,172)1:0.5463381572971671,((105,72)1:1.1583861135723672,((118,11)1:1.188780715708809,(100,(55,(158,31)1:0.27324938330258924)1:0.44329444215981506)1:1.1107745732658572)1:0.27357822445225505)1:0.9367283041694376)1:0.24444578721068158)1:0.6886268237894602,(((19,(30,((177,77)1:1.1647361437691433,(20,(87,53)0.91:0.1013214949991007)1:1.4020814020593306)1:0.4423431907567647)1:0.30452361753382845)1:1.5333939067441138,(97,((106,(93,(67,(80,(9,63)1:0.8545307714376679)0.93:0.11389523636252681)1:0.3508609740733133)1:0.5325388006029405)1:1.2574187908304648,((191,(13,(199,(88,192)0.92:0.1005658818546883)1:0.6421550907086522)1:0.9525662483559882)0.7:0.06218523497482084,((143,54)1:1.0915745465171138,((121,(85,157)1:1.021702792595264)1:0.6895022272796728,((104,110)1:1.1100528311408093,(48,59)1:0.5122770767467371)0.5:0.034095911300976375)1:1.4317041587670405)1:0.3395399873407851)0.96:0.11659300802454406)0.93:0.10249479268686476)0.98:0.12886905358629533)1:0.16943844250962686,((64,(198,200)0.99:0.14595133577170868)1:2.898658910592216,((((42,(185,4)1:1.1347007769032047)1:0.6378586167451286,((193,142)1:0.8207065932917028,(113,190)1:0.9833325731128593)1:1.6876230146027722)0.93:0.10735385604185832,((99,(61,(90,136)1:0.8043956688953319)1:1.5570608430911443)1:0.7329148460789702,((144,129)1:1.0185515198576245,((194,49)1:0.3847401922847862,(108,((168,(62,171)1:1.1602248785828326)0.65:0.04947725188246241,((12,(179,180)1:1.1491679543380808)0.61:0.054542295363839116,(24,(164,(69,14)1:0.780268006569045)1:1.4765081442135655)0.97:0.12340873655269988)0.99:0.14745366097137844)1:0.2810437693315688)1:0.201309158819579)0.89:0.0941788606519232)1:0.7800725757000085)0.98:0.13567873507507616)1:0.30004215237253723,(((0,((6,73)1:1.4385850826173263,((41,79)1:1.071448359727287,(39,(112,103)1:0.7528927035216189)0.88:0.08872510617797875)1:0.49740402819505963)1:0.38186690065823164)0.69:0.05357102119478507,(196,(140,((139,(43,(70,68)1:0.22157797627997156)1:1.2121128469613998)1:1.4751865097426764,(156,(((5,146)1:0.46542145496506093,(165,(133,98)1:0.6680360678055324)0.86:0.09555832353324131)1:1.901748946015738,(111,((175,162)1:1.9213634894713114,(173,(92,82)1:0.26562908465762125)1:0.8381147111669046)1:0.32634304427641525)1:0.35031167344120445)1:0.20965194080741328)0.86:0.0946339497763988)0.88:0.09098606286317783)1:0.5025772658523139)1:1.2278296704165115)0.35:9.44242951767176E-4,((((123,(116,107)0.91:0.09751263483910384)1:1.3573523711597533,(35,(2,184)1:0.3929079934041307)1:0.9706244336316421)1:1.2127990727884483,((56,(91,40)1:1.284120736390583)1:1.2607309834774791,((145,167)1:0.4522117859258054,(154,(126,134)1:0.5523723309394111)1:1.2942917803605476)1:0.6429745613255192)1:0.40098292346336617)1:0.8253849293869381,(((22,76)1:0.8634148035462066,((176,33)1:1.2440547203457075,(17,(34,195)1:0.7707440894549683)0.8:0.07144657874683162)1:0.6295685459827839)1:0.678417205673022,((119,(47,(15,57)1:1.5647338203195456)1:1.2498880989105519)1:0.23256997143945696,((51,163)1:1.461830473276839,((153,114)1:1.859487605513903,(128,(94,75)1:0.9454459033177446)1:0.8342454440368835)0.66:0.050662728179243444)1:0.5949346964867221)0.99:0.15798451552815732)1:1.4025738593684216)1:0.5625399450753197)0.48:0.021671292116141907)0.62:0.04152582724946062)0.81:0.0731269118325841)0.58:0.036098583077920625)1:0.31100288650700186)0.99:0.15080684027376084,(((71,28)1:0.6021441709520823,((182,(25,183)1:0.6521070280196997)1:0.569437526233923,((8,(58,(66,26)1:0.26071902176316614)0.99:0.16002151896468744)1:0.9806246480113682,(89,(7,(18,(135,46)0.99:0.172479635615451)1:0.9560287163346697)1:0.2536472643721524)0.89:0.09140448656338288)1:0.583485119763409)1:0.23481466012196334)1:1.3539231420322304,((((38,(120,170)0.64:0.050073247668237855)1:1.1027869589625132,((151,50)1:0.473739665925015,(96,(21,122)1:0.7950265090997395)1:0.9722316174890785)1:1.5144843897678795)0.96:0.12017419108142151,(((78,141)1:0.5422801226379734,(109,(178,27)0.87:0.09538431060501536)1:0.7222933882764736)1:0.8750282183280629,((37,81)1:0.607768420046711,((23,1)1:1.8272472525896948,(147,(149,(125,189)1:0.3892633166867802)1:0.5860652692247185)1:0.9855895999253537)0.85:0.09972027261908781)1:0.9233349080858392)1:0.2517742887979891)1:0.36284529941665683,(((160,137)1:1.4549171046450735,((124,(74,159)1:0.6993872008076155)1:2.5618042564035197,((188,(138,(166,197)1:0.6000432895711582)1:0.9207804714084897)1:0.4439670799435525,((127,10)1:0.5989667731302364,((86,32)1:1.1768074964467066,(130,(36,115)1:0.30818059400012193)1:0.8460356252929667)1:0.262897298981962)1:0.3501251902933988)1:0.45571685658982397)0.55:0.03348775893641626)1:0.32140187296472494,((102,84)1:1.411198952008032,(3,(60,186)1:0.1892546910407381)1:1.4165362503825532)1:0.6374504615100992)1:0.8850511181809101)0.84:0.07835169108845388)0.62:0.04626886206174775)1:0.9906828116834971)1:0.5524049999766679)1:0.8269204031321125)0.48:0.0535847142650947)1:1.312350097104689));
Weight calculation took 33.951976308 secs
ASTRAL finished in 50.789 secs
