
================== ASTRAL ===================== 

This is ASTRAL version 5.7.8
Gene trees are treated as unrooted
50 trees read from Dataset/AstralII_data/model.200.2000000.0.000001/34/estimatedgenetre.halfresolved_50
index0
All output trees will be *arbitrarily* rooted at 148

======== Running the main analysis
Number of taxa: 201 (201 species)
Taxa: [148, 83, 38, 194, 49, 179, 108, 180, 24, 168, 164, 69, 14, 62, 171, 12, 6, 112, 103, 39, 41, 79, 64, 198, 200, 2, 35, 123, 116, 107, 184, 94, 51, 163, 153, 114, 75, 128, 34, 17, 176, 33, 22, 76, 195, 47, 119, 15, 57, 154, 126, 134, 145, 167, 56, 91, 40, 151, 21, 122, 50, 96, 147, 65, 132, 152, 172, 155, 95, 187, 71, 16, 118, 100, 158, 55, 31, 11, 105, 72, 28, 25, 183, 7, 8, 58, 66, 26, 182, 135, 46, 18, 29, 89, 106, 143, 54, 150, 117, 144, 44, 80, 9, 63, 67, 93, 30, 20, 87, 53, 19, 177, 77, 0, 185, 161, 45, 131, 181, 101, 90, 136, 61, 99, 42, 113, 190, 193, 142, 4, 109, 178, 27, 78, 141, 127, 10, 36, 115, 86, 32, 130, 188, 138, 166, 197, 102, 84, 3, 60, 186, 160, 137, 124, 74, 159, 37, 81, 149, 125, 23, 1, 189, 129, 196, 175, 140, 162, 111, 156, 173, 92, 82, 133, 98, 5, 146, 165, 139, 70, 68, 43, 104, 121, 85, 157, 110, 48, 59, 73, 120, 169, 97, 170, 174, 13, 88, 199, 192, 52, 191]
Taxon occupancy: {110=50, 111=50, 112=50, 113=50, 114=50, 115=50, 116=50, 117=50, 118=50, 119=50, 10=50, 11=50, 12=50, 13=50, 14=50, 15=50, 16=50, 17=50, 18=50, 19=50, 120=50, 0=50, 121=50, 122=50, 1=50, 2=50, 123=50, 3=50, 124=50, 4=50, 125=50, 126=50, 5=50, 6=50, 127=50, 128=50, 7=50, 8=50, 129=50, 9=50, 20=50, 21=50, 22=50, 23=50, 24=50, 25=50, 26=50, 27=50, 28=50, 29=50, 130=50, 131=50, 132=50, 133=50, 134=50, 135=50, 136=50, 137=50, 138=50, 139=50, 30=50, 31=50, 32=50, 33=50, 34=50, 35=50, 36=50, 37=50, 38=50, 39=50, 140=50, 141=50, 142=50, 143=50, 144=50, 145=50, 146=50, 147=50, 148=50, 149=50, 40=50, 41=50, 42=50, 43=50, 44=50, 45=50, 46=50, 47=50, 48=50, 49=50, 150=50, 151=50, 152=50, 153=50, 154=50, 155=50, 156=50, 157=50, 158=50, 159=50, 50=50, 51=50, 52=50, 53=50, 54=50, 55=50, 56=50, 57=50, 58=50, 59=50, 160=50, 161=50, 162=50, 163=50, 164=50, 165=50, 166=50, 167=50, 168=50, 169=50, 60=50, 61=50, 62=50, 63=50, 64=50, 65=50, 66=50, 67=50, 68=50, 69=50, 170=50, 171=50, 172=50, 173=50, 174=50, 175=50, 176=50, 177=50, 178=50, 179=50, 70=50, 71=50, 72=50, 73=50, 74=50, 75=50, 76=50, 77=50, 78=50, 79=50, 180=50, 181=50, 182=50, 183=50, 184=50, 185=50, 186=50, 187=50, 188=50, 189=50, 80=50, 81=50, 82=50, 83=50, 84=50, 85=50, 86=50, 87=50, 88=50, 89=50, 190=50, 191=50, 192=50, 193=50, 194=50, 195=50, 196=50, 197=50, 198=50, 199=50, 90=50, 91=50, 92=50, 93=50, 94=50, 95=50, 96=50, 97=50, 98=50, 99=50, 200=50, 100=50, 101=50, 102=50, 103=50, 104=50, 105=50, 106=50, 107=50, 108=50, 109=50}
Number of gene trees: 50
0 trees have missing taxa
Calculating quartet distance matrix (for completion of X)
Species tree distances calculated ...
Building set of clusters (X) from gene trees 
------------------------------
gradient0: 8069
Number of Clusters after addition by distance: 8069
calculating extra bipartitions to be added at level 1 ...
Adding to X using resolutions of greedy consensus ...
Limit for sigma of degrees:5075
polytomy size limit : 29
discarded polytomies:  [3, 3, 3, 3, 3, 3, 3, 3, 3, 3, 3, 3, 3, 3, 3, 3, 3, 3, 4, 4, 4, 4, 4, 4, 4, 6, 6, 6, 6, 6, 6, 9, 13, 16, 23, 29]
Threshold 0.0:
polytomy of size 6; rounds with additions with at least 5 support: 3; clusters: 8161
Threshold 0.01:
polytomy of size 6; rounds with additions with at least 5 support: 1; clusters: 8171
Threshold 0.02:
polytomy of size 6; rounds with additions with at least 5 support: 0; clusters: 8171
Threshold 0.05:
polytomy of size 13; rounds with additions with at least 5 support: 4; clusters: 8273
polytomy of size 3; rounds with additions with at least 5 support: 2; clusters: 8277
Threshold 0.1:
polytomy of size 3; rounds with additions with at least 5 support: 0; clusters: 8277
polytomy of size 16; rounds with additions with at least 5 support: 0; clusters: 8299
Threshold 0.2:
polytomy of size 3; rounds with additions with at least 5 support: 0; clusters: 8299
polytomy of size 4; rounds with additions with at least 5 support: 0; clusters: 8299
polytomy of size 6; rounds with additions with at least 5 support: 0; clusters: 8299
polytomy of size 4; rounds with additions with at least 5 support: 0; clusters: 8301
polytomy of size 3; rounds with additions with at least 5 support: 0; clusters: 8301
polytomy of size 4; rounds with additions with at least 5 support: 0; clusters: 8301
polytomy of size 23; rounds with additions with at least 5 support: 1; clusters: 8319
Threshold 0.3333333333333333:
polytomy of size 3; rounds with additions with at least 5 support: 0; clusters: 8319
polytomy of size 3; rounds with additions with at least 5 support: 0; clusters: 8319
polytomy of size 4; rounds with additions with at least 5 support: 0; clusters: 8319
polytomy of size 3; rounds with additions with at least 5 support: 0; clusters: 8319
polytomy of size 3; rounds with additions with at least 5 support: 0; clusters: 8319
polytomy of size 3; rounds with additions with at least 5 support: 0; clusters: 8319
polytomy of size 4; rounds with additions with at least 5 support: 0; clusters: 8319
polytomy of size 3; rounds with additions with at least 5 support: 0; clusters: 8319
polytomy of size 3; rounds with additions with at least 5 support: 0; clusters: 8319
polytomy of size 3; rounds with additions with at least 5 support: 0; clusters: 8319
polytomy of size 4; rounds with additions with at least 5 support: 0; clusters: 8319
polytomy of size 3; rounds with additions with at least 5 support: 0; clusters: 8319
polytomy of size 3; rounds with additions with at least 5 support: 0; clusters: 8319
polytomy of size 6; rounds with additions with at least 5 support: 0; clusters: 8319
polytomy of size 3; rounds with additions with at least 5 support: 0; clusters: 8319
polytomy of size 3; rounds with additions with at least 5 support: 0; clusters: 8319
polytomy of size 9; rounds with additions with at least 5 support: 0; clusters: 8319
polytomy of size 3; rounds with additions with at least 5 support: 0; clusters: 8319
polytomy of size 6; rounds with additions with at least 5 support: 0; clusters: 8319
polytomy of size 29; rounds with additions with at least 5 support: 0; clusters: 8325
polytomy of size 4; rounds with additions with at least 5 support: 0; clusters: 8325
polytomy of size 3; rounds with additions with at least 5 support: 0; clusters: 8325
max k is :8
Number of Clusters after addition by greedy: 8325
gradient0 in heuristiic: 8325
partitions formed in 12.238 secs
Dynamic Programming starting after 12.239 secs
Using tree-based weight calculation.
Using polytree-based weight calculation.
Polytree max score: 3299504829
Polytree building time: 0.245 seconds.
Number of quartet trees in the gene trees: 3299504829
Size of largest cluster: 201
Greedy score: 1597080975
estimationFactor: 2.065959635515663
Sub-optimal score: 1852605455
Total Number of elements weighted: 13021
Normalized score (portion of input quartet trees satisfied before correcting for multiple individuals): 0.6240161192987301
Optimization score: 2058944199
Optimal tree inferred in 16.609 secs.
(186,(60,(3,((102,84),((((160,137),(124,(74,159))),((188,(138,(166,197))),((127,10),((86,32),(130,(36,115)))))),((((71,28),((182,(25,183)),(89,((7,(18,(135,46))),(8,(58,(66,26))))))),(((170,(38,120)),((151,50),(96,(21,122)))),(((78,141),(27,(109,178))),((37,81),((23,1),(147,(149,(125,189)))))))),((44,(((161,45),(101,(131,181))),((169,174),(52,(65,(148,83)))))),((150,117),((((132,29),(16,(187,(155,95)))),((152,172),((105,72),((118,11),(100,(55,(158,31))))))),(((19,(30,((177,77),(20,(87,53))))),(97,((106,(93,(80,(67,(9,63))))),((191,(13,(199,(88,192)))),((143,54),((104,110),((48,59),(121,(85,157))))))))),((64,(198,200)),((((6,73),((41,79),(39,(112,103)))),(((42,(185,4)),((193,142),(113,190))),((99,(61,(90,136))),((144,129),((194,49),(108,((168,(62,171)),((164,(69,14)),((24,12),(179,180)))))))))),(0,((196,((140,(139,(43,(70,68)))),(156,(((5,146),(165,(133,98))),(111,((175,162),(173,(92,82)))))))),((((107,(123,116)),(35,(2,184))),((56,(91,40)),((145,167),(154,(126,134))))),(((22,76),((176,33),(17,(34,195)))),((119,(47,(15,57))),((51,163),((153,114),(128,(94,75)))))))))))))))))))));
Final quartet score is: 2058944199
Final normalized quartet score is: 0.6240161192987301
Extended species tree:
(148,(83,(65,(52,((169,174)1:0.643033236680432,(((161,45)1:1.1747053460219055,(101,(131,181)1:0.3946475408787445)1:0.7862437042558472)1:1.5447139724711518,(44,(((150,117)1:2.302030557007613,((((132,29)1:0.8347151487544051,(16,(187,(155,95)1:0.4278393932971431)1:1.520586791495187)0.66:0.09856837285521272)1:0.8453349667730115,((152,172)1:0.5231627320288028,((105,72)1:1.1679372133628334,((118,11)1:1.3988922358587077,(100,(55,(158,31)0.96:0.2482671279683754)1:0.4586803631194938)1:0.889294006192407)0.99:0.31296601599542356)1:0.6679814475816513)0.99:0.31954987859755696)1:0.5444007113233196,(((19,(30,((177,77)1:1.405492687455811,(20,(87,53)0.97:0.28623976450944294)1:1.2352213775988337)1:0.5035930743032637)0.94:0.22609702302862966)1:1.4540551288710526,(97,((106,(93,(80,(67,(9,63)1:1.0191291780992715)0.64:0.15585263494577214)0.98:0.29035337095492764)1:0.4401080798322475)1:1.4897425691330772,((191,(13,(199,(88,192)0.89:0.19192150305285)0.99:0.34936478345803296)1:0.7660707649574493)0.47:0.04253073976291536,((143,54)1:1.1691906818278175,((104,110)1:0.7870577800098468,((48,59)1:0.5012005909473078,(121,(85,157)1:1.5780901339184865)1:0.36535164785236357)0.62:0.0811709211867131)1:1.3730948248811685)0.88:0.17923718534587724)0.84:0.15900370158273033)0.52:0.054297117696301564)0.88:0.1764752707290966)0.77:0.12789964040087104,((64,(198,200)0.83:0.16998088564400518)1:2.341588687849076,((((6,73)1:1.1126583211199532,((41,79)1:0.9462831637694193,(39,(112,103)1:0.5969909389426428)0.86:0.1720691403095942)0.98:0.2847215993055316)1:0.34488611644414197,(((42,(185,4)1:0.948672141377195)1:0.5803628043256066,((193,142)1:1.1103408493814475,(113,190)1:1.0804884800890848)1:1.5701938753936593)0.56:0.06377651363742766,((99,(61,(90,136)1:0.6072475324230059)1:1.3240726453233955)1:0.6686560447071382,((144,129)1:0.9217277906503171,((194,49)1:0.40124998903011044,(108,((168,(62,171)1:1.066958406741665)0.44:0.03178764241033591,((164,(69,14)1:0.7832879185848775)1:1.4476730311783086,((24,12)0.57:0.07305944782649644,(179,180)1:0.9709157887567766)0.54:0.08208028156733159)0.81:0.1467327280197209)1:0.39143359336734307)0.96:0.24051480791275603)0.62:0.07971557545397936)1:0.8957208564387238)0.51:0.052239804822839624)0.99:0.3217590272691531)0.43:0.02726186346102443,(0,((196,((140,(139,(43,(70,68)0.66:0.09816070823885438)1:1.4183358612271204)1:0.9992722607918659)0.41:0.01903525875526616,(156,(((5,146)1:0.4306905757257972,(165,(133,98)1:0.6345868318205362)0.57:0.0779128745380711)1:1.6001289504014753,(111,((175,162)1:1.6469246213380933,(173,(92,82)1:0.5226460923664169)1:0.6283190029236627)1:0.5529588515803308)0.84:0.16519597526047836)0.97:0.2651276047800723)0.53:0.06742573558617737)1:0.6814258027835023)1:0.8943517981817349,((((107,(123,116)0.56:0.06601298164693109)1:1.2838445572165964,(35,(2,184)0.99:0.35025567296237486)1:0.8195502996864065)1:1.0070789669095759,((56,(91,40)1:0.8927291442869)1:1.205904975568224,((145,167)1:0.4400447469828514,(154,(126,134)1:0.870745828437531)1:1.4149112301690439)1:0.5528950518379219)0.99:0.33410811155510756)1:0.8714580532380131,(((22,76)1:0.9185967412159549,((176,33)1:1.2552924280140503,(17,(34,195)1:0.5961609782472832)0.47:0.03913542894360087)1:0.6759619584087162)1:0.6018324223885076,((119,(47,(15,57)1:1.9260550957453333)1:0.9843189619223759)0.48:0.04254038494385628,((51,163)1:1.1633871769256705,((153,114)1:1.5451134553024846,(128,(94,75)1:0.8886133053437693)1:0.8648048374326497)0.43:0.030152821894563947)1:0.6253294058335794)0.75:0.14302080221588193)1:1.6633011909012643)1:0.6429169246748937)0.34:0.0)0.44:0.03927891061920246)0.43:0.034534473093244054)0.62:0.0812107852556803)0.43:0.02519943209406684)0.83:0.157647749856563)0.9:0.1943743030510135,((((71,28)1:0.668651509745781,((182,(25,183)1:0.9419971157327729)1:0.5684754223593985,(89,((7,(18,(135,46)0.88:0.20810955521403007)1:0.9218480169390212)0.97:0.26067418067392684,(8,(58,(66,26)0.93:0.22529524660375463)0.83:0.15526511708704896)1:1.3005519063554973)0.36:0.0018213020630687782)1:0.6764403019420976)0.88:0.18716005834772415)1:1.0713926890198164,(((170,(38,120)0.48:0.041242958534049134)1:1.2727806448196677,((151,50)0.98:0.2878163456980383,(96,(21,122)1:0.6325225587435105)1:1.1083072892499357)1:1.0655619576560702)0.99:0.32232475501607405,(((78,141)1:0.8873031950009027,(27,(109,178)0.52:0.057688706066695246)1:0.6387561979700016)1:0.961462314125457,((37,81)1:0.426134196711182,((23,1)1:1.86364591797185,(147,(149,(125,189)1:0.5631458062145579)1:0.39221370223694313)1:0.9332326951262375)0.68:0.11858815944675676)1:0.9576742954444629)0.98:0.2888953626569881)1:0.36108714607970854)0.37:0.004633714512341454,((((160,137)1:1.3168280316134857,(124,(74,159)1:0.9609318045324233)1:1.8588547899224264)0.81:0.1460207081559389,((188,(138,(166,197)1:0.5115834866290927)1:0.9925428574348226)1:0.5522641366973781,((127,10)1:0.6769419805845672,((86,32)1:1.316628178241802,(130,(36,115)0.88:0.1856600984765207)1:0.6258431997117403)1:0.34876507593374356)1:0.3917442415712719)1:0.5520668490335547)0.88:0.17840339611826156,((102,84)1:1.4311008739366298,(3,(60,186)0.62:0.08330766905214544)1:1.2729228024393893)1:0.6271034611026013)1:0.996074791941237)0.64:0.0970322145382228)1:1.0920150295956381)1:0.44717748437554566)0.69:0.1099160963479399)1:0.8433170566289492)0.82:0.15159050808883007)1:1.0041928522245243));
Weight calculation took 3.341802504 secs
ASTRAL finished in 18.19 secs
