
================== ASTRAL ===================== 

This is ASTRAL version 5.7.8
Gene trees are treated as unrooted
971 trees read from Dataset/AstralII_data/model.200.500000.0.000001/18/estimatedgenetre.halfresolved
index0
All output trees will be *arbitrarily* rooted at 24

======== Running the main analysis
Number of taxa: 201 (201 species)
Taxa: [24, 198, 10, 44, 79, 42, 149, 146, 14, 64, 92, 169, 87, 91, 13, 190, 142, 120, 9, 147, 7, 123, 26, 71, 23, 47, 109, 18, 170, 157, 3, 104, 69, 88, 139, 45, 156, 67, 117, 70, 55, 159, 185, 80, 131, 39, 73, 93, 11, 53, 116, 95, 182, 85, 19, 195, 86, 166, 173, 141, 78, 60, 180, 136, 186, 199, 158, 34, 130, 103, 76, 63, 99, 193, 100, 125, 21, 122, 82, 111, 30, 115, 1, 128, 16, 72, 181, 22, 178, 143, 121, 41, 50, 54, 0, 81, 66, 77, 153, 184, 74, 31, 137, 154, 49, 113, 144, 37, 192, 148, 96, 162, 163, 40, 36, 27, 98, 176, 135, 56, 168, 52, 140, 35, 189, 172, 38, 126, 108, 177, 124, 191, 32, 196, 20, 17, 134, 65, 164, 179, 194, 4, 155, 151, 129, 183, 48, 15, 106, 132, 57, 138, 8, 102, 145, 94, 84, 33, 133, 43, 6, 161, 175, 101, 59, 188, 61, 58, 5, 200, 89, 187, 165, 150, 83, 160, 90, 119, 28, 127, 112, 75, 2, 97, 68, 152, 118, 105, 174, 12, 107, 46, 51, 29, 25, 114, 167, 171, 197, 62, 110]
Taxon occupancy: {110=971, 111=971, 112=971, 113=971, 114=971, 115=971, 116=971, 117=971, 118=971, 119=971, 10=971, 11=971, 12=971, 13=971, 14=971, 15=971, 16=971, 17=971, 18=971, 19=971, 120=971, 121=971, 0=971, 122=971, 1=971, 123=971, 2=971, 3=971, 124=971, 125=971, 4=971, 126=971, 5=971, 6=971, 127=971, 7=971, 128=971, 129=971, 8=971, 9=971, 20=971, 21=971, 22=971, 23=971, 24=971, 25=971, 26=971, 27=971, 28=971, 29=971, 130=971, 131=971, 132=971, 133=971, 134=971, 135=971, 136=971, 137=971, 138=971, 139=971, 30=971, 31=971, 32=971, 33=971, 34=971, 35=971, 36=971, 37=971, 38=971, 39=971, 140=971, 141=971, 142=971, 143=971, 144=971, 145=971, 146=971, 147=971, 148=971, 149=971, 40=971, 41=971, 42=971, 43=971, 44=971, 45=971, 46=971, 47=971, 48=971, 49=971, 150=971, 151=971, 152=971, 153=971, 154=971, 155=971, 156=971, 157=971, 158=971, 159=971, 50=971, 51=971, 52=971, 53=971, 54=971, 55=971, 56=971, 57=971, 58=971, 59=971, 160=971, 161=971, 162=971, 163=971, 164=971, 165=971, 166=971, 167=971, 168=971, 169=971, 60=971, 61=971, 62=971, 63=971, 64=971, 65=971, 66=971, 67=971, 68=971, 69=971, 170=971, 171=971, 172=971, 173=971, 174=971, 175=971, 176=971, 177=971, 178=971, 179=971, 70=971, 71=971, 72=971, 73=971, 74=971, 75=971, 76=971, 77=971, 78=971, 79=971, 180=971, 181=971, 182=971, 183=971, 184=971, 185=971, 186=971, 187=971, 188=971, 189=971, 80=971, 81=971, 82=971, 83=971, 84=971, 85=971, 86=971, 87=971, 88=971, 89=971, 190=971, 191=971, 192=971, 193=971, 194=971, 195=971, 196=971, 197=971, 198=971, 199=971, 90=971, 91=971, 92=971, 93=971, 94=971, 95=971, 96=971, 97=971, 98=971, 99=971, 200=971, 100=971, 101=971, 102=971, 103=971, 104=971, 105=971, 106=971, 107=971, 108=971, 109=971}
Number of gene trees: 971
0 trees have missing taxa
Calculating quartet distance matrix (for completion of X)
Species tree distances calculated ...
Building set of clusters (X) from gene trees 
------------------------------
gradient0: 176169
Number of Clusters after addition by distance: 176169
calculating extra bipartitions to be added at level 1 ...
Adding to X using resolutions of greedy consensus ...
Limit for sigma of degrees:5075
polytomy size limit : 61
discarded polytomies: 73 96 124  [3, 3, 3, 3, 3, 3, 3, 3, 3, 3, 3, 4, 4, 4, 4, 4, 4, 6, 6, 11, 34, 43, 61, 73, 96, 124]
Threshold 0.0:
polytomy of size 3; rounds with additions with at least 5 support: 0; clusters: 176175
polytomy of size 3; rounds with additions with at least 5 support: 0; clusters: 176179
polytomy of size 11; rounds with additions with at least 5 support: 1; clusters: 176429
polytomy of size 4; rounds with additions with at least 5 support: 0; clusters: 176443
Threshold 0.01:
polytomy of size 34; rounds with additions with at least 5 support: 10; clusters: 182879
polytomy of size 3; rounds with additions with at least 5 support: 0; clusters: 182879
Threshold 0.02:
polytomy of size 43; rounds with additions with at least 5 support: 6; clusters: 192673
Threshold 0.05:
polytomy of size 61; rounds with additions with at least 5 support: 0; clusters: 192843
Threshold 0.1:
polytomy of size 73; rounds with additions with at least 5 support: 0; clusters: 192943
Threshold 0.2:
polytomy of size 4; rounds with additions with at least 5 support: 0; clusters: 192943
polytomy of size 3; rounds with additions with at least 5 support: 0; clusters: 192943
polytomy of size 4; rounds with additions with at least 5 support: 0; clusters: 192943
polytomy of size 3; rounds with additions with at least 5 support: 0; clusters: 192943
polytomy of size 4; rounds with additions with at least 5 support: 0; clusters: 192943
polytomy of size 96; rounds with additions with at least 5 support: 0; clusters: 192943
Threshold 0.3333333333333333:
polytomy of size 3; rounds with additions with at least 5 support: 0; clusters: 192943
polytomy of size 3; rounds with additions with at least 5 support: 0; clusters: 192943
polytomy of size 3; rounds with additions with at least 5 support: 0; clusters: 192943
polytomy of size 6; rounds with additions with at least 5 support: 0; clusters: 192943
polytomy of size 3; rounds with additions with at least 5 support: 0; clusters: 192943
polytomy of size 4; rounds with additions with at least 5 support: 0; clusters: 192943
polytomy of size 6; rounds with additions with at least 5 support: 0; clusters: 192943
polytomy of size 3; rounds with additions with at least 5 support: 0; clusters: 192943
polytomy of size 4; rounds with additions with at least 5 support: 0; clusters: 192943
polytomy of size 3; rounds with additions with at least 5 support: 0; clusters: 192943
polytomy of size 124; rounds with additions with at least 5 support: 0; clusters: 192943
max k is :20
Number of Clusters after addition by greedy: 192943
gradient0 in heuristiic: 192943
partitions formed in 276.429 secs
Dynamic Programming starting after 276.429 secs
Using tree-based weight calculation.
Using polytree-based weight calculation.
Polytree max score: 64006595505
Polytree building time: 2.678 seconds.
Number of quartet trees in the gene trees: 64006595505
Size of largest cluster: 201
Greedy score: 24752643084
estimationFactor: 2.5858489248113297
Sub-optimal score: 25961340540
Calculated 100000 weights; time (seconds): 723
Calculated 200000 weights; time (seconds): 456
Calculated 300000 weights; time (seconds): 490
Calculated 400000 weights; time (seconds): 481
Total Number of elements weighted: 485447
Normalized score (portion of input quartet trees satisfied before correcting for multiple individuals): 0.49090833635332876
Optimization score: 31421371315
Optimal tree inferred in 2551.351 secs.
(57,(138,((8,((48,132),(15,(106,188)))),(((129,43),(85,(143,151))),(((101,(161,175)),(103,((6,61),(133,(33,59))))),(((155,183),((93,(27,(135,(98,176)))),((126,((73,50),(108,(121,41)))),((172,38),((125,196),(53,(11,1))))))),((78,54),((((94,(145,84)),((63,99),(102,(82,(111,(122,(30,124))))))),(((34,(199,130)),((19,21),(158,(86,(193,100))))),((76,(173,141)),((166,(39,(95,(116,182)))),((128,16),(180,(186,(60,136)))))))),((66,((144,(37,192)),((81,31),((77,96),(74,(137,((49,113),(153,(184,154))))))))),(((185,(80,(131,195))),((32,(140,(35,189))),((159,115),((72,178),(181,22))))),(((45,156),(((117,(70,55)),(104,(88,139))),((134,(17,4)),(162,(65,(20,(194,(164,179)))))))),(((18,(69,67)),((36,(92,169)),((52,(191,(168,177))),(148,((26,56),((23,(120,(7,71))),(123,(91,(47,109))))))))),(0,(((40,(147,163)),(149,((87,9),(13,(190,142))))),(((127,(46,25)),(62,(75,(83,(110,(198,119)))))),(171,(((105,(118,((12,107),(152,174)))),((28,(29,(146,14))),(90,((51,(165,2)),(150,(200,(89,187))))))),(((112,114),(24,(68,(58,5)))),(((64,97),(160,(167,197))),((44,42),((79,170),(157,(10,3)))))))))))))))))))))));
Final quartet score is: 31421371315
Final normalized quartet score is: 0.49090833635332876
Extended species tree:
(24,((68,(58,5)0.93:0.04708713948879639)1:0.7708816585074839,((112,114)1:1.0276010982886004,((((64,97)1:0.31307295190479495,(160,(167,197)1:0.36502912101234425)1:0.27107047293390846)1:0.09481892964373506,((44,42)1:0.38715291059838935,((79,170)0.97:0.0560104443192233,(157,(10,3)1:0.12320977064349452)1:0.23357182356224)1:0.4543895192286408)1:0.38922298803097394)0.98:0.05837867922810533,(((105,(118,((12,107)1:0.1247235180934674,(152,174)1:0.10458560642418548)1:0.18031188836382653)1:0.34094746474979604)1:1.1154691167149768,((28,(29,(146,14)1:0.08422023706500471)1:0.6663462305314808)1:0.5787900341504328,(90,((51,(165,2)1:0.27864712049296075)1:0.2898746804756788,(150,(200,(89,187)1:0.7729616834656965)1:0.6606927693006324)1:0.07115118806335553)1:0.12216142618603629)1:0.08474907078215227)0.77:0.03276368670972477)0.84:0.03872944674818576,(171,(((127,(46,25)1:0.2531018042551465)1:0.35002457012904864,(62,(75,(83,(110,(198,119)1:0.18683838140821768)1:0.28452738383968473)1:0.8695998410140369)0.9:0.05111967254694635)0.69:0.03821951716289998)1:0.2542261319720147,(((40,(147,163)1:0.4116931455921956)1:0.46263585524405104,(149,((87,9)0.96:0.05101980987563262,(13,(190,142)1:0.1679353374801498)1:0.1531456595976594)1:0.5349169801807241)1:0.7012989822417582)1:0.2945777913619242,(0,(((18,(69,67)1:0.4162500397708942)1:0.1399363087694176,((36,(92,169)1:1.3679667253771672)1:0.32768868835525344,((52,(191,(168,177)1:0.09748156515003804)1:0.3037187827548944)1:0.9185525780435881,(148,((26,56)1:1.2237331388649662,((23,(120,(7,71)1:1.08300469269324)1:0.18032496264340606)0.45:0.008863755982060196,(123,(91,(47,109)1:0.5004891801323654)1:0.4098487679871099)1:0.12117708181536692)1:0.2044866310996553)0.48:0.02055988514996913)1:0.13950392708447623)1:0.2595776143180312)0.78:0.030444411863011576)0.35:9.595508737503202E-4,(((45,156)1:1.263892503776511,(((117,(70,55)0.99:0.07385065374788506)1:0.5912456325124585,(104,(88,139)1:0.607048671743856)1:0.36854731400322155)1:0.517875231856876,((134,(17,4)1:0.3223189239788886)1:1.0430397465009142,(162,(65,(20,(194,(164,179)1:0.24101106617875326)1:0.40380426986643553)1:0.4763239405690299)1:0.17291655543347076)0.99:0.06838342986887333)1:0.07599248103461165)0.63:0.020398464331256014)1:0.30163014815773664,(((185,(80,(131,195)1:0.19290478237980313)1:0.8901718205107282)1:0.41303371655376586,((32,(140,(35,189)1:0.1328124035467562)1:1.3659621562852993)1:0.17095749271365168,((159,115)1:0.945814735166624,((72,178)1:0.9373225941595056,(181,22)1:0.4910186634365925)1:0.4228396270900957)1:0.16444855879615555)0.47:0.019893802115052997)1:0.29158038811881914,((66,((144,(37,192)1:0.4958565292882952)1:0.9122209765703166,((81,31)1:0.15677166491929242,((77,96)1:1.0559113436794372,(74,(137,((49,113)1:0.3708488875366958,(153,(184,154)0.43:0.006809427818167289)1:0.10592274741475136)1:0.7284789810400019)1:0.30227378715495173)1:0.14088691126407465)1:0.11278667234155278)0.98:0.060165965822171555)0.88:0.04036499769345717)1:0.205080510621154,((((94,(145,84)1:0.4526714851219376)1:0.7757823943081402,((63,99)1:1.5191893549928364,(102,(82,(111,(122,(30,124)1:0.13647097904506247)1:0.32269383669271384)0.43:0.0070765370481229726)1:0.7500820347797789)1:0.09927220247438134)0.54:0.01690444529589361)1:0.13443301242002695,(((34,(199,130)0.97:0.056741754738127564)1:0.5545386523414773,((19,21)1:0.45528177039119977,(158,(86,(193,100)1:1.2603646733939018)1:0.2358963145007354)1:0.08852998065618976)1:0.09545199157158034)0.98:0.05756381999942954,((76,(173,141)1:0.6085459280360505)1:0.3991010441329361,((166,(39,(95,(116,182)1:0.645125489807934)1:0.2760139862458921)1:0.20210630315925343)0.92:0.04444359135576331,((128,16)1:0.8308446604254281,(180,(186,(60,136)1:0.10223994749226677)1:0.6399300944566082)1:0.4004667046578031)0.88:0.04156442046450924)1:0.15893495396871132)0.99:0.06836544711705436)1:0.14369879946652875)0.74:0.027738104544278826,((78,54)1:0.43213338477594665,(((155,183)1:0.7966537380204466,((93,(27,(135,(98,176)1:0.34706694665936283)1:0.6055072097414957)1:0.413387194396666)0.95:0.051812081773327,((126,((73,50)1:0.9233477677216785,(108,(121,41)1:0.7463416264057062)1:0.19263502095522606)0.4:0.004690948352125375)0.61:0.020079549973067583,((172,38)1:1.2874396853672918,((125,196)0.58:0.027557715825849306,(53,(11,1)1:0.264679519833227)1:0.1522025438326582)1:0.8120260790340473)1:0.08500097824922276)1:0.1272727994465633)1:0.07142505482597375)0.81:0.03270597758518265,(((101,(161,175)1:0.4230076985081465)1:1.0780707662686102,(103,((6,61)1:0.5137875662312631,(133,(33,59)1:0.37332550509961704)1:0.20170549364058832)1:0.18318316961816777)0.51:0.017176272807338296)0.36:0.002349698548906603,(((129,43)1:0.41819685838200554,(85,(143,151)1:0.30232607679484025)1:0.29063824826920315)1:0.42506832644125475,((8,((48,132)1:0.3245194255501436,(15,(106,188)1:0.6368807834066167)0.53:0.027984961727036992)1:0.2796243058392209)1:0.265458331330293,(138,57)1:1.3185553942402484)1:0.13304752274546167)0.67:0.024434806226541032)1:0.1425804344974711)1:0.09340319833895976)0.41:0.0056453291247289305)1:0.1460429102090028)0.45:0.008429085366600418)0.98:0.05942947402580208)0.39:0.004541391778037611)0.52:0.013427347384253809)0.59:0.018595696577589783)1:0.14210673170664487)0.6:0.019898842992139607)0.93:0.046763984782751664)1:0.3091573846631953)1:0.19820623813015284)1:0.4895807213097197));
Weight calculation took 2103.399969365 secs
ASTRAL finished in 2561.381 secs
