
================== ASTRAL ===================== 

This is ASTRAL version 5.7.8
Gene trees are treated as unrooted
50 trees read from Dataset/AstralII_data/model.200.500000.0.000001/18/estimatedgenetre.halfresolved_50
index0
All output trees will be *arbitrarily* rooted at 24

======== Running the main analysis
Number of taxa: 201 (201 species)
Taxa: [24, 198, 10, 44, 79, 42, 149, 146, 14, 64, 92, 169, 87, 91, 13, 190, 142, 120, 9, 147, 7, 123, 26, 71, 23, 47, 109, 18, 170, 157, 3, 104, 69, 88, 139, 45, 156, 67, 117, 70, 55, 159, 185, 80, 131, 39, 73, 93, 11, 53, 116, 95, 182, 85, 19, 195, 86, 166, 173, 141, 78, 60, 180, 136, 186, 199, 158, 34, 130, 103, 76, 63, 99, 193, 100, 125, 21, 122, 82, 111, 30, 115, 1, 128, 16, 72, 181, 22, 178, 143, 121, 41, 50, 54, 0, 81, 66, 77, 153, 184, 74, 31, 137, 154, 49, 113, 144, 37, 192, 148, 96, 162, 163, 40, 36, 27, 98, 176, 135, 56, 168, 52, 140, 35, 189, 172, 38, 126, 108, 177, 124, 191, 32, 196, 20, 17, 134, 65, 164, 179, 194, 4, 155, 151, 129, 183, 48, 15, 106, 132, 57, 138, 8, 102, 145, 94, 84, 33, 133, 43, 6, 161, 175, 101, 59, 188, 61, 58, 5, 200, 89, 187, 165, 150, 83, 160, 90, 119, 28, 127, 112, 75, 2, 97, 68, 152, 118, 105, 174, 12, 107, 46, 51, 29, 25, 114, 167, 171, 197, 62, 110]
Taxon occupancy: {110=50, 111=50, 112=50, 113=50, 114=50, 115=50, 116=50, 117=50, 118=50, 119=50, 10=50, 11=50, 12=50, 13=50, 14=50, 15=50, 16=50, 17=50, 18=50, 19=50, 120=50, 121=50, 0=50, 122=50, 1=50, 123=50, 2=50, 3=50, 124=50, 125=50, 4=50, 126=50, 5=50, 6=50, 127=50, 7=50, 128=50, 129=50, 8=50, 9=50, 20=50, 21=50, 22=50, 23=50, 24=50, 25=50, 26=50, 27=50, 28=50, 29=50, 130=50, 131=50, 132=50, 133=50, 134=50, 135=50, 136=50, 137=50, 138=50, 139=50, 30=50, 31=50, 32=50, 33=50, 34=50, 35=50, 36=50, 37=50, 38=50, 39=50, 140=50, 141=50, 142=50, 143=50, 144=50, 145=50, 146=50, 147=50, 148=50, 149=50, 40=50, 41=50, 42=50, 43=50, 44=50, 45=50, 46=50, 47=50, 48=50, 49=50, 150=50, 151=50, 152=50, 153=50, 154=50, 155=50, 156=50, 157=50, 158=50, 159=50, 50=50, 51=50, 52=50, 53=50, 54=50, 55=50, 56=50, 57=50, 58=50, 59=50, 160=50, 161=50, 162=50, 163=50, 164=50, 165=50, 166=50, 167=50, 168=50, 169=50, 60=50, 61=50, 62=50, 63=50, 64=50, 65=50, 66=50, 67=50, 68=50, 69=50, 170=50, 171=50, 172=50, 173=50, 174=50, 175=50, 176=50, 177=50, 178=50, 179=50, 70=50, 71=50, 72=50, 73=50, 74=50, 75=50, 76=50, 77=50, 78=50, 79=50, 180=50, 181=50, 182=50, 183=50, 184=50, 185=50, 186=50, 187=50, 188=50, 189=50, 80=50, 81=50, 82=50, 83=50, 84=50, 85=50, 86=50, 87=50, 88=50, 89=50, 190=50, 191=50, 192=50, 193=50, 194=50, 195=50, 196=50, 197=50, 198=50, 199=50, 90=50, 91=50, 92=50, 93=50, 94=50, 95=50, 96=50, 97=50, 98=50, 99=50, 200=50, 100=50, 101=50, 102=50, 103=50, 104=50, 105=50, 106=50, 107=50, 108=50, 109=50}
Number of gene trees: 50
0 trees have missing taxa
Calculating quartet distance matrix (for completion of X)
Species tree distances calculated ...
Building set of clusters (X) from gene trees 
------------------------------
gradient0: 12839
Number of Clusters after addition by distance: 12839
calculating extra bipartitions to be added at level 1 ...
Adding to X using resolutions of greedy consensus ...
Limit for sigma of degrees:5075
polytomy size limit : 59
discarded polytomies: 69 91 126  [3, 3, 3, 3, 3, 3, 3, 3, 3, 3, 3, 4, 4, 4, 4, 5, 32, 32, 32, 59, 69, 91, 126]
Threshold 0.0:
polytomy of size 32; rounds with additions with at least 5 support: 5; clusters: 29071
polytomy of size 3; rounds with additions with at least 5 support: 1; clusters: 29077
Threshold 0.01:
polytomy of size 32; rounds with additions with at least 5 support: 0; clusters: 41907
polytomy of size 3; rounds with additions with at least 5 support: 0; clusters: 41907
Threshold 0.02:
polytomy of size 32; rounds with additions with at least 5 support: 0; clusters: 54241
polytomy of size 3; rounds with additions with at least 5 support: 0; clusters: 54241
Threshold 0.05:
polytomy of size 59; rounds with additions with at least 5 support: 8; clusters: 55591
Threshold 0.1:
polytomy of size 69; rounds with additions with at least 5 support: 3; clusters: 56343
Threshold 0.2:
polytomy of size 4; rounds with additions with at least 5 support: 0; clusters: 56343
polytomy of size 3; rounds with additions with at least 5 support: 0; clusters: 56343
polytomy of size 3; rounds with additions with at least 5 support: 0; clusters: 56343
polytomy of size 4; rounds with additions with at least 5 support: 0; clusters: 56343
polytomy of size 3; rounds with additions with at least 5 support: 0; clusters: 56343
polytomy of size 91; rounds with additions with at least 5 support: 0; clusters: 56747
Threshold 0.3333333333333333:
polytomy of size 5; rounds with additions with at least 5 support: 0; clusters: 56747
polytomy of size 3; rounds with additions with at least 5 support: 0; clusters: 56747
polytomy of size 3; rounds with additions with at least 5 support: 0; clusters: 56747
polytomy of size 3; rounds with additions with at least 5 support: 0; clusters: 56747
polytomy of size 3; rounds with additions with at least 5 support: 0; clusters: 56747
polytomy of size 3; rounds with additions with at least 5 support: 0; clusters: 56747
polytomy of size 4; rounds with additions with at least 5 support: 0; clusters: 56747
polytomy of size 4; rounds with additions with at least 5 support: 0; clusters: 56747
polytomy of size 126; rounds with additions with at least 5 support: 0; clusters: 57247
max k is :16
Number of Clusters after addition by greedy: 57247
gradient0 in heuristiic: 57247
partitions formed in 25.962 secs
Dynamic Programming starting after 25.962 secs
Using tree-based weight calculation.
Using polytree-based weight calculation.
Polytree max score: 3298691841
Polytree building time: 0.073 seconds.
Number of quartet trees in the gene trees: 3298691841
Size of largest cluster: 201
Greedy score: 1283974260
estimationFactor: 2.56912614509889
Sub-optimal score: 1379714314
Calculated 100000 weights; time (seconds): 58
Calculated 200000 weights; time (seconds): 38
Total Number of elements weighted: 252819
Normalized score (portion of input quartet trees satisfied before correcting for multiple individuals): 0.49141116573914007
Optimization score: 1621014003
Optimal tree inferred in 120.6 secs.
(2,(165,(51,((150,(200,(89,187))),(90,((28,(29,(146,14))),(((105,(118,((12,107),(152,174)))),(((112,114),(24,(5,(58,68)))),(((64,97),(160,(167,197))),((44,42),((79,170),(157,(10,3))))))),((171,(62,((127,(46,25)),(75,(83,(110,(198,119))))))),((36,(92,169)),((((45,156),(162,(65,(20,(194,(164,179)))))),((134,(17,4)),((117,(70,55)),(104,(88,139))))),(((18,(69,67)),(0,(((40,(147,163)),(149,(9,(87,(13,(190,142)))))),((52,(191,(168,177))),(148,((26,56),(23,((120,(7,71)),(123,(91,(47,109))))))))))),((66,((144,(37,192)),(((81,31),(77,96)),(74,(137,((49,113),(154,(153,184)))))))),(((185,(80,(131,195))),((32,(140,(35,189))),((159,115),((72,178),(181,22))))),(((94,(145,84)),(102,((63,99),(111,(82,(124,(122,30))))))),((((34,(199,130)),((19,21),(158,(86,(193,100))))),((76,(173,141)),(166,((128,16),((180,(186,(60,136))),(39,(95,(116,182)))))))),((78,54),(((27,(135,(98,176))),((155,183),(93,(((73,50),(126,(108,(121,41)))),((172,38),((125,196),(53,(11,1)))))))),((((129,43),(85,(143,151))),(103,((6,61),(133,(33,59))))),((101,(161,175)),((57,138),(8,((48,132),(15,(106,188))))))))))))))))))))))));
Final quartet score is: 1621014003
Final normalized quartet score is: 0.49141116573914007
Extended species tree:
(24,((5,(58,68)0.86:0.1694545975417571)1:0.5589997542394329,((112,114)1:1.0200338632350794,((((64,97)0.56:0.08011780060106938,(160,(167,197)1:0.42919035886386286)0.98:0.2877321087280919)0.55:0.059061189505413315,((44,42)0.97:0.26415629857997064,((79,170)0.68:0.0998595458271395,(157,(10,3)0.94:0.22607946138816973)0.83:0.15900712033920902)1:0.3834965696323496)1:0.4254372473040049)0.7:0.1063292972319003,((105,(118,((12,107)0.97:0.28676935133878895,(152,174)0.51:0.051426999123125726)0.46:0.03750220972416251)1:0.44293387186175787)1:0.927375605958745,(((171,(62,((127,(46,25)0.96:0.26244352261130677)1:0.36740478743670535,(75,(83,(110,(198,119)0.95:0.2315151320224196)0.39:0.008875834900181626)1:0.695250230756724)0.66:0.09198829671765464)0.36:0.0)0.69:0.10644681134524334)0.45:0.029060027146882727,((36,(92,169)1:1.058860385207699)0.97:0.2592386326201303,((((45,156)1:1.3131447441536497,(162,(65,(20,(194,(164,179)0.43:0.02215074278758897)1:0.4759746308003861)1:0.3757884623891684)0.89:0.18390652259615117)0.72:0.11570883961487785)0.63:0.0872358331889138,((134,(17,4)1:0.3606464689825889)1:0.9753516631434274,((117,(70,55)0.81:0.1822766442611047)1:0.8513624754539802,(104,(88,139)1:0.5298709621202615)1:0.37625781516326623)1:0.5509628485331)0.42:0.018724178234372866)0.98:0.284788940748298,(((18,(69,67)1:0.5191905400976183)0.67:0.09520201410549199,(0,(((40,(147,163)0.98:0.28687431796521207)1:0.4018069262104576,(149,(9,(87,(13,(190,142)0.85:0.16023712588366062)0.73:0.11407556711033898)0.62:0.10018263256048573)1:0.42273059110362965)1:0.47084158672244336)0.99:0.31891942501083775,((52,(191,(168,177)0.6:0.08080403241529611)0.84:0.17532426630296016)1:0.9865269997660614,(148,((26,56)1:0.8652911564766856,(23,((120,(7,71)1:1.3379662507879504)0.95:0.22944206634035055,(123,(91,(47,109)1:0.8890043096409457)1:0.4853584394276998)0.57:0.06832948154011839)0.39:0.012176959450318707)0.92:0.20111769548991226)0.53:0.057466992382752415)0.88:0.18381140300975432)0.82:0.15184917254621358)0.45:0.02899585052714549)0.42:0.02057604769592778)0.28:0.0,((66,((144,(37,192)1:0.503229276874056)1:0.7294184366873112,(((81,31)0.89:0.18488459953980052,(77,96)1:1.0514443926140247)0.37:0.0022454236115056676,(74,(137,((49,113)1:0.43257750519915344,(154,(153,184)0.86:0.18685719032765075)0.59:0.09861427852276249)1:0.6242816843710732)0.98:0.2837279033229275)0.56:0.06284540449681053)0.86:0.16748301880587577)0.42:0.028558627510539884)0.99:0.2923625413248985,(((185,(80,(131,195)0.91:0.19415601444095737)1:0.6047557470300656)1:0.48094721823693687,((32,(140,(35,189)0.96:0.28675054001366945)1:0.833214187000923)0.96:0.24631254721923515,((159,115)1:0.7085836605298437,((72,178)1:0.9567364410724061,(181,22)1:0.6481892301566633)1:0.40880779273106843)0.81:0.14899410584758999)0.51:0.04850717400463458)0.94:0.21931755341157494,(((94,(145,84)1:0.43899792821624606)1:0.6856866892686533,(102,((63,99)1:1.9785786936051568,(111,(82,(124,(122,30)0.65:0.10263227670997667)1:0.4272590275699788)0.59:0.0907286593367684)1:0.7003369404898934)0.4:0.014892422315089054)0.61:0.11857669417325122)0.85:0.1592700858630633,((((34,(199,130)0.39:0.011897911436801545)1:0.5729330915245457,((19,21)1:0.4638727959285286,(158,(86,(193,100)1:1.2871214190909857)0.97:0.2545049513986906)0.75:0.1227612806081406)0.49:0.04341145722630612)0.43:0.02202286641227058,((76,(173,141)1:0.47369432930981864)0.99:0.31320838964123654,(166,((128,16)1:0.8801764442926885,((180,(186,(60,136)0.5:0.04767536386979347)1:0.5718100271891497)1:0.38058122752218265,(39,(95,(116,182)1:0.6761367905603447)0.99:0.30687574814079394)0.51:0.05470782203017999)0.43:0.02370369022357231)0.62:0.12087417828968457)0.63:0.08410188520228375)0.65:0.09129695652956918)0.82:0.1518928814757976,((78,54)1:0.41196272096325964,(((27,(135,(98,176)1:0.39287733982368234)0.99:0.3104607231179037)1:0.44705521972060386,((155,183)1:0.6028617530119614,(93,(((73,50)1:0.9876951927464649,(126,(108,(121,41)1:0.9754895785032226)0.76:0.12628557550765082)0.48:0.05565693509151213)0.51:0.0547041532491527,((172,38)1:1.0366883424389086,((125,196)0.41:0.019394506419941743,(53,(11,1)0.83:0.16447813664583374)0.8:0.14019624258605617)1:0.7683395126240575)0.46:0.03493801635352669)0.57:0.06510007522807347)0.61:0.07839873923202613)0.38:0.006453020949921683)0.44:0.02879646883366162,((((129,43)0.99:0.3041907362009909,(85,(143,151)0.83:0.16588611821493426)0.99:0.3224804427350398)1:0.37735238883226974,(103,((6,61)1:0.48957108441086644,(133,(33,59)0.5:0.05554426512819148)0.98:0.270060692273594)0.82:0.14884938040748158)0.52:0.05109184510881842)0.49:0.0436572135219661,((101,(161,175)1:0.38136932508992893)1:0.8407981316309041,((57,138)1:1.355482680964671,(8,((48,132)0.98:0.2981013161540279,(15,(106,188)1:0.6954733510146826)0.62:0.08489310089684943)0.97:0.26188750762866403)1:0.3468287976906564)0.81:0.1551753130584433)0.42:0.018604223264161897)0.64:0.08885408297581088)0.55:0.06376024328765285)0.32:0.0)0.4:0.014456121885497653)0.75:0.12209992125963239)0.39:0.011066437061856605)0.59:0.07276586623901504)0.4:0.013029576433229767)0.46:0.03248333018378285)0.69:0.10501472506540804)0.51:0.04837690477571045,((28,(29,(146,14)0.51:0.04772479236543207)1:0.5665841088380946)1:0.38798617250081147,(90,((150,(200,(89,187)1:0.8315667878604746)1:0.6022703664942849)0.73:0.11674128010952686,(51,(165,2)0.97:0.2650484702076374)0.88:0.18037530158375237)0.77:0.14474040704534438)0.47:0.039683764778465885)0.48:0.0380451741994223)0.46:0.03264123406613456)0.88:0.17391154699163178)0.94:0.21792672203088728)0.91:0.21407220129833332));
Weight calculation took 73.976874283 secs
ASTRAL finished in 122.131 secs
