
================== ASTRAL ===================== 

This is ASTRAL version 5.7.8
Gene trees are treated as unrooted
200 trees read from Dataset/AstralII_data/model.200.500000.0.000001/18/estimatedgenetre.halfresolved_200
index0
All output trees will be *arbitrarily* rooted at 24

======== Running the main analysis
Number of taxa: 201 (201 species)
Taxa: [24, 198, 10, 44, 79, 42, 149, 146, 14, 64, 92, 169, 87, 91, 13, 190, 142, 120, 9, 147, 7, 123, 26, 71, 23, 47, 109, 18, 170, 157, 3, 104, 69, 88, 139, 45, 156, 67, 117, 70, 55, 159, 185, 80, 131, 39, 73, 93, 11, 53, 116, 95, 182, 85, 19, 195, 86, 166, 173, 141, 78, 60, 180, 136, 186, 199, 158, 34, 130, 103, 76, 63, 99, 193, 100, 125, 21, 122, 82, 111, 30, 115, 1, 128, 16, 72, 181, 22, 178, 143, 121, 41, 50, 54, 0, 81, 66, 77, 153, 184, 74, 31, 137, 154, 49, 113, 144, 37, 192, 148, 96, 162, 163, 40, 36, 27, 98, 176, 135, 56, 168, 52, 140, 35, 189, 172, 38, 126, 108, 177, 124, 191, 32, 196, 20, 17, 134, 65, 164, 179, 194, 4, 155, 151, 129, 183, 48, 15, 106, 132, 57, 138, 8, 102, 145, 94, 84, 33, 133, 43, 6, 161, 175, 101, 59, 188, 61, 58, 5, 200, 89, 187, 165, 150, 83, 160, 90, 119, 28, 127, 112, 75, 2, 97, 68, 152, 118, 105, 174, 12, 107, 46, 51, 29, 25, 114, 167, 171, 197, 62, 110]
Taxon occupancy: {110=200, 111=200, 112=200, 113=200, 114=200, 115=200, 116=200, 117=200, 118=200, 119=200, 10=200, 11=200, 12=200, 13=200, 14=200, 15=200, 16=200, 17=200, 18=200, 19=200, 120=200, 121=200, 0=200, 122=200, 1=200, 123=200, 2=200, 3=200, 124=200, 125=200, 4=200, 126=200, 5=200, 6=200, 127=200, 7=200, 128=200, 129=200, 8=200, 9=200, 20=200, 21=200, 22=200, 23=200, 24=200, 25=200, 26=200, 27=200, 28=200, 29=200, 130=200, 131=200, 132=200, 133=200, 134=200, 135=200, 136=200, 137=200, 138=200, 139=200, 30=200, 31=200, 32=200, 33=200, 34=200, 35=200, 36=200, 37=200, 38=200, 39=200, 140=200, 141=200, 142=200, 143=200, 144=200, 145=200, 146=200, 147=200, 148=200, 149=200, 40=200, 41=200, 42=200, 43=200, 44=200, 45=200, 46=200, 47=200, 48=200, 49=200, 150=200, 151=200, 152=200, 153=200, 154=200, 155=200, 156=200, 157=200, 158=200, 159=200, 50=200, 51=200, 52=200, 53=200, 54=200, 55=200, 56=200, 57=200, 58=200, 59=200, 160=200, 161=200, 162=200, 163=200, 164=200, 165=200, 166=200, 167=200, 168=200, 169=200, 60=200, 61=200, 62=200, 63=200, 64=200, 65=200, 66=200, 67=200, 68=200, 69=200, 170=200, 171=200, 172=200, 173=200, 174=200, 175=200, 176=200, 177=200, 178=200, 179=200, 70=200, 71=200, 72=200, 73=200, 74=200, 75=200, 76=200, 77=200, 78=200, 79=200, 180=200, 181=200, 182=200, 183=200, 184=200, 185=200, 186=200, 187=200, 188=200, 189=200, 80=200, 81=200, 82=200, 83=200, 84=200, 85=200, 86=200, 87=200, 88=200, 89=200, 190=200, 191=200, 192=200, 193=200, 194=200, 195=200, 196=200, 197=200, 198=200, 199=200, 90=200, 91=200, 92=200, 93=200, 94=200, 95=200, 96=200, 97=200, 98=200, 99=200, 200=200, 100=200, 101=200, 102=200, 103=200, 104=200, 105=200, 106=200, 107=200, 108=200, 109=200}
Number of gene trees: 200
0 trees have missing taxa
Calculating quartet distance matrix (for completion of X)
Species tree distances calculated ...
Building set of clusters (X) from gene trees 
------------------------------
gradient0: 42847
Number of Clusters after addition by distance: 42847
calculating extra bipartitions to be added at level 1 ...
Adding to X using resolutions of greedy consensus ...
Limit for sigma of degrees:5075
polytomy size limit : 61
discarded polytomies: 72 95 118  [3, 3, 3, 3, 3, 3, 3, 3, 3, 3, 4, 4, 4, 4, 5, 6, 6, 24, 32, 42, 61, 72, 95, 118]
Threshold 0.0:
polytomy of size 24; rounds with additions with at least 5 support: 9; clusters: 47539
Threshold 0.01:
polytomy of size 3; rounds with additions with at least 5 support: 0; clusters: 47541
polytomy of size 32; rounds with additions with at least 5 support: 6; clusters: 57383
Threshold 0.02:
polytomy of size 42; rounds with additions with at least 5 support: 7; clusters: 76121
polytomy of size 3; rounds with additions with at least 5 support: 0; clusters: 76123
Threshold 0.05:
polytomy of size 61; rounds with additions with at least 5 support: 3; clusters: 76367
Threshold 0.1:
polytomy of size 72; rounds with additions with at least 5 support: 1; clusters: 76643
Threshold 0.2:
polytomy of size 4; rounds with additions with at least 5 support: 0; clusters: 76643
polytomy of size 3; rounds with additions with at least 5 support: 0; clusters: 76643
polytomy of size 3; rounds with additions with at least 5 support: 0; clusters: 76643
polytomy of size 3; rounds with additions with at least 5 support: 0; clusters: 76643
polytomy of size 95; rounds with additions with at least 5 support: 0; clusters: 76785
Threshold 0.3333333333333333:
polytomy of size 3; rounds with additions with at least 5 support: 0; clusters: 76785
polytomy of size 3; rounds with additions with at least 5 support: 0; clusters: 76785
polytomy of size 3; rounds with additions with at least 5 support: 0; clusters: 76785
polytomy of size 6; rounds with additions with at least 5 support: 0; clusters: 76785
polytomy of size 3; rounds with additions with at least 5 support: 0; clusters: 76785
polytomy of size 4; rounds with additions with at least 5 support: 0; clusters: 76785
polytomy of size 4; rounds with additions with at least 5 support: 0; clusters: 76785
polytomy of size 3; rounds with additions with at least 5 support: 0; clusters: 76785
polytomy of size 6; rounds with additions with at least 5 support: 0; clusters: 76785
polytomy of size 5; rounds with additions with at least 5 support: 0; clusters: 76785
polytomy of size 4; rounds with additions with at least 5 support: 0; clusters: 76785
polytomy of size 118; rounds with additions with at least 5 support: 0; clusters: 76953
max k is :18
Number of Clusters after addition by greedy: 76953
gradient0 in heuristiic: 76953
partitions formed in 61.56 secs
Dynamic Programming starting after 61.56 secs
Using tree-based weight calculation.
Using polytree-based weight calculation.
Polytree max score: 13191606687
Polytree building time: 0.283 seconds.
Number of quartet trees in the gene trees: 13191606687
Size of largest cluster: 201
Greedy score: 6055438772
estimationFactor: 2.1784724746945225
Sub-optimal score: 6066008212
Calculated 100000 weights; time (seconds): 167
Calculated 200000 weights; time (seconds): 132
Total Number of elements weighted: 223421
Normalized score (portion of input quartet trees satisfied before correcting for multiple individuals): 0.49005262659708343
Optimization score: 6464581506
Optimal tree inferred in 328.379 secs.
(61,(6,((133,(33,59)),(((129,43),(85,(143,151))),(103,(((101,(161,175)),((57,138),(8,((48,132),(15,(106,188)))))),(((155,183),((93,(27,(135,(98,176)))),(((73,50),(108,(121,41))),(126,((172,38),((125,196),(53,(11,1)))))))),((78,54),((((94,(145,84)),((63,99),(102,(111,(82,(122,(30,124))))))),(((34,(199,130)),((19,21),(158,(86,(193,100))))),((76,(173,141)),(166,((39,(95,(116,182))),((128,16),(180,(186,(60,136))))))))),(((185,(80,(131,195))),((32,(140,(35,189))),((159,115),((181,22),(72,178))))),((66,((144,(37,192)),((81,31),((77,96),(74,(137,((49,113),(154,(153,184))))))))),((0,(18,(69,67))),(((36,(92,169)),((52,(191,(168,177))),(148,((26,56),((120,(7,71)),(23,(123,(91,(47,109))))))))),(((45,156),(((117,(70,55)),(104,(88,139))),((134,(17,4)),(162,(65,(20,(194,(164,179)))))))),(((40,(147,163)),(149,(9,(87,(13,(190,142)))))),((171,((127,(46,25)),(62,(75,(83,(110,(198,119))))))),(((105,(118,((12,107),(152,174)))),((28,(29,(146,14))),(90,((51,(165,2)),(150,(200,(89,187))))))),(((112,114),(24,(5,(58,68)))),(((64,97),(160,(167,197))),((44,42),((79,170),(157,(10,3)))))))))))))))))))))));
Final quartet score is: 6464581506
Final normalized quartet score is: 0.49005262659708343
Extended species tree:
(24,((5,(58,68)0.54:0.04471365609767228)1:0.6825570949667659,((112,114)1:0.8727847709976273,((((64,97)1:0.29384646089377126,(160,(167,197)1:0.423880566998842)1:0.3101316982185554)0.62:0.04214209154008977,((44,42)1:0.27786898261083787,((79,170)0.72:0.0576112195060829,(157,(10,3)0.98:0.13818459121461685)1:0.22810241240155035)1:0.4283179512028986)1:0.40721299035235414)0.9:0.09339882176825776,(((105,(118,((12,107)1:0.28137501694323275,(152,174)0.5:0.0507979182006676)0.98:0.14454718902963964)1:0.36362749629842483)1:0.9818151800870412,((28,(29,(146,14)0.65:0.0471986177406501)1:0.6215881740487208)1:0.4933180681032214,(90,((51,(165,2)1:0.26429971221688175)1:0.3386264153168162,(150,(200,(89,187)1:0.7982805961967057)1:0.6723446941862233)0.51:0.027333307369254437)0.97:0.12468546996654851)0.97:0.1220221653135575)0.53:0.03760658779192952)0.48:0.026358764028927766,((171,((127,(46,25)1:0.1831626484494955)1:0.35261429106407766,(62,(75,(83,(110,(198,119)1:0.2793640594684466)0.96:0.12487938385344236)1:0.7257575501054847)0.64:0.05932742742494769)0.6:0.039914953396251236)1:0.20545117019314482)0.54:0.030960709662908373,(((40,(147,163)1:0.2677380657400577)1:0.49454076576794403,(149,(9,(87,(13,(190,142)0.99:0.14279489591587025)1:0.2107416279437981)0.5:0.029173439437279212)1:0.4644536296200048)1:0.6813532654123362)1:0.24852506403255045,(((45,156)1:1.404596745391033,(((117,(70,55)0.69:0.053881881634864424)1:0.6569482505736214,(104,(88,139)1:0.6332017566621749)1:0.388849763501745)1:0.5023675821866981,((134,(17,4)1:0.4152200680937291)1:1.0151386014194057,(162,(65,(20,(194,(164,179)1:0.24736473206066265)1:0.4339255778370653)1:0.4820787810121948)1:0.1864056603741205)0.82:0.07371596080549664)0.65:0.04895390671494976)0.84:0.07745519078009692)1:0.26030485064205067,(((36,(92,169)1:1.4388978227910378)1:0.32515843261875194,((52,(191,(168,177)0.77:0.06712399558275461)1:0.27494569027996524)1:0.9123557259707723,(148,((26,56)1:1.0950224619445423,((120,(7,71)1:1.2368665124596374)1:0.17496293578766597,(23,(123,(91,(47,109)1:0.6203162212508136)1:0.5016175376649958)0.74:0.0639547872151606)0.42:0.011799980958726055)1:0.23502648135218793)0.83:0.07718058964802203)0.95:0.11249556830469223)1:0.22337835449902183)0.45:0.017359956921830618,((0,(18,(69,67)1:0.4128569552212873)0.97:0.1201508980463713)0.36:0.002578338251513463,((66,((144,(37,192)1:0.6402232248661427)1:0.8578922507697514,((81,31)1:0.17826783293702844,((77,96)1:1.0822809592770446,(74,(137,((49,113)1:0.38926817565093996,(154,(153,184)0.5:0.02593480195288655)0.98:0.13014220837337767)1:0.6802423030684291)1:0.2638016718696052)0.95:0.11021062448354009)0.89:0.09513152212988411)0.96:0.11552210026435604)0.53:0.038925008504510486)1:0.21841068079354964,(((185,(80,(131,195)1:0.17624912230967693)1:0.8664332355369199)1:0.37679582639485937,((32,(140,(35,189)0.98:0.15761413542197547)1:1.2535651968794261)1:0.20611212965990486,((159,115)1:0.8213684298727723,((181,22)1:0.4726325252538194,(72,178)1:0.9628751781306758)1:0.4346458368779863)1:0.18286863361450975)0.59:0.044060364508313604)1:0.2795412213458777,((((94,(145,84)1:0.3683659145780836)1:0.9135451158687323,((63,99)1:1.5783296361309505,(102,(111,(82,(122,(30,124)0.81:0.08572844609563048)1:0.26254362202532355)0.54:0.03186226633143166)1:0.8108148243539088)0.83:0.07538650658776659)0.44:0.018744473448114054)0.99:0.13976029689822483,(((34,(199,130)0.66:0.04868926173525194)1:0.5695443071649906,((19,21)1:0.4601853406630775,(158,(86,(193,100)1:1.1810439313197305)1:0.23555336991624828)0.93:0.10415233112770877)0.85:0.08268101264950896)0.6:0.04022196506869409,((76,(173,141)1:0.6905855879590529)1:0.4241294252015458,(166,((39,(95,(116,182)1:0.6577777915582134)1:0.3483935463615242)1:0.19953227270631613,((128,16)1:0.8980894626061112,(180,(186,(60,136)0.6:0.05119727292822928)1:0.631828671827217)1:0.3409544908104998)0.61:0.04038906496088739)0.57:0.03478238967759985)0.96:0.11483501305130686)0.88:0.08939353432284643)0.98:0.13218781151288644)0.51:0.026306727688826036,((78,54)1:0.2608911024633428,(((155,183)1:0.7331324524622257,((93,(27,(135,(98,176)1:0.26109497632973955)1:0.48441942260887727)1:0.3519052189604672)0.5:0.024646118248958657,(((73,50)1:0.9787308481332795,(108,(121,41)1:0.717403596900345)1:0.2146304671842668)0.51:0.032756749766511065,(126,((172,38)1:1.19175697073572,((125,196)0.52:0.0428196520961743,(53,(11,1)1:0.17850444237845375)1:0.2203017794235286)1:0.8701938973750568)0.8:0.06967674805698094)0.48:0.021335371605777476)0.89:0.09014216612660783)0.8:0.06973956210160524)0.69:0.0533439577269282,(((101,(161,175)1:0.5197503660012841)1:0.9688536075269326,((57,138)1:1.4341299118642226,(8,((48,132)1:0.3521458573270264,(15,(106,188)1:0.5790963432085598)0.64:0.045243991621359704)1:0.316188895745559)1:0.23814288228805464)0.7:0.05945349706740324)0.53:0.030137011971244156,(103,(((129,43)1:0.4032576216644397,(85,(143,151)1:0.27254436619554856)1:0.2841847699563463)1:0.39100951037077614,((133,(33,59)1:0.32395501161695645)1:0.17475671081064686,(6,61)1:0.40447329210109967)1:0.20353052919857625)0.43:0.016284036919253793)0.55:0.036321533205292314)0.99:0.14661433919476927)0.8:0.07212273893241992)0.44:0.016081326204441047)0.98:0.13360817902173674)0.39:0.007341909992104636)0.73:0.05934738757649705)0.42:0.013195130768935415)0.35:3.5652342582401817E-4)0.44:0.01635306220776767)0.99:0.1381908405005102)0.83:0.07631814086180438)1:0.2787954977795073)1:0.2388944997749964)1:0.35887369371574884));
Weight calculation took 221.798825752 secs
ASTRAL finished in 331.054 secs
