
================== ASTRAL ===================== 

This is ASTRAL version 5.7.8
Gene trees are treated as unrooted
200 trees read from Dataset/AstralII_data/model.200.500000.0.000001/32/estimatedgenetre.halfresolved_200
index0
All output trees will be *arbitrarily* rooted at 16

======== Running the main analysis
Number of taxa: 201 (201 species)
Taxa: [16, 46, 180, 97, 164, 162, 124, 111, 11, 76, 52, 88, 136, 7, 87, 144, 81, 133, 175, 189, 29, 36, 192, 30, 163, 106, 10, 187, 143, 96, 69, 64, 165, 55, 94, 22, 193, 62, 66, 137, 5, 2, 157, 21, 177, 27, 40, 155, 12, 117, 179, 72, 130, 59, 82, 65, 105, 35, 39, 70, 43, 18, 170, 92, 147, 38, 194, 122, 183, 14, 129, 19, 150, 152, 161, 3, 58, 54, 68, 25, 0, 128, 198, 173, 63, 116, 118, 127, 41, 8, 188, 195, 199, 85, 93, 119, 151, 67, 77, 61, 95, 47, 158, 131, 91, 73, 139, 168, 45, 103, 44, 86, 185, 145, 110, 113, 126, 108, 49, 200, 120, 190, 109, 100, 167, 125, 99, 132, 182, 135, 1, 31, 166, 33, 83, 159, 160, 101, 172, 80, 169, 181, 57, 4, 197, 148, 42, 89, 9, 17, 140, 26, 6, 176, 15, 53, 196, 75, 74, 84, 142, 50, 71, 51, 154, 171, 104, 79, 153, 23, 156, 186, 13, 60, 115, 191, 107, 32, 138, 90, 37, 112, 98, 121, 34, 114, 20, 48, 102, 56, 174, 123, 78, 24, 134, 178, 184, 28, 146, 141, 149]
Taxon occupancy: {110=200, 111=200, 112=200, 113=200, 114=200, 115=200, 116=200, 117=200, 118=200, 119=200, 10=200, 11=200, 12=200, 13=200, 14=200, 15=200, 16=200, 17=200, 18=200, 19=200, 120=200, 0=200, 121=200, 122=200, 1=200, 2=200, 123=200, 124=200, 3=200, 125=200, 4=200, 5=200, 126=200, 127=200, 6=200, 7=200, 128=200, 129=200, 8=200, 9=200, 20=200, 21=200, 22=200, 23=200, 24=200, 25=200, 26=200, 27=200, 28=200, 29=200, 130=200, 131=200, 132=200, 133=200, 134=200, 135=200, 136=200, 137=200, 138=200, 139=200, 30=200, 31=200, 32=200, 33=200, 34=200, 35=200, 36=200, 37=200, 38=200, 39=200, 140=200, 141=200, 142=200, 143=200, 144=200, 145=200, 146=200, 147=200, 148=200, 149=200, 40=200, 41=200, 42=200, 43=200, 44=200, 45=200, 46=200, 47=200, 48=200, 49=200, 150=200, 151=200, 152=200, 153=200, 154=200, 155=200, 156=200, 157=200, 158=200, 159=200, 50=200, 51=200, 52=200, 53=200, 54=200, 55=200, 56=200, 57=200, 58=200, 59=200, 160=200, 161=200, 162=200, 163=200, 164=200, 165=200, 166=200, 167=200, 168=200, 169=200, 60=200, 61=200, 62=200, 63=200, 64=200, 65=200, 66=200, 67=200, 68=200, 69=200, 170=200, 171=200, 172=200, 173=200, 174=200, 175=200, 176=200, 177=200, 178=200, 179=200, 70=200, 71=200, 72=200, 73=200, 74=200, 75=200, 76=200, 77=200, 78=200, 79=200, 180=200, 181=200, 182=200, 183=200, 184=200, 185=200, 186=200, 187=200, 188=200, 189=200, 80=200, 81=200, 82=200, 83=200, 84=200, 85=200, 86=200, 87=200, 88=200, 89=200, 190=200, 191=200, 192=200, 193=200, 194=200, 195=200, 196=200, 197=200, 198=200, 199=200, 90=200, 91=200, 92=200, 93=200, 94=200, 95=200, 96=200, 97=200, 98=200, 99=200, 200=200, 100=200, 101=200, 102=200, 103=200, 104=200, 105=200, 106=200, 107=200, 108=200, 109=200}
Number of gene trees: 200
0 trees have missing taxa
Calculating quartet distance matrix (for completion of X)
Species tree distances calculated ...
Building set of clusters (X) from gene trees 
------------------------------
gradient0: 45301
Number of Clusters after addition by distance: 45301
calculating extra bipartitions to be added at level 1 ...
Adding to X using resolutions of greedy consensus ...
Limit for sigma of degrees:5075
polytomy size limit : 51
discarded polytomies: 74 110 160  [3, 3, 3, 3, 3, 3, 3, 3, 3, 3, 3, 3, 4, 4, 4, 5, 5, 6, 6, 7, 23, 28, 35, 51, 74, 110, 160]
Threshold 0.0:
polytomy of size 23; rounds with additions with at least 5 support: 17; clusters: 52615
Threshold 0.01:
polytomy of size 28; rounds with additions with at least 5 support: 13; clusters: 63333
Threshold 0.02:
polytomy of size 3; rounds with additions with at least 5 support: 1; clusters: 63335
polytomy of size 35; rounds with additions with at least 5 support: 3; clusters: 80463
Threshold 0.05:
polytomy of size 3; rounds with additions with at least 5 support: 0; clusters: 80463
polytomy of size 3; rounds with additions with at least 5 support: 0; clusters: 80463
polytomy of size 51; rounds with additions with at least 5 support: 3; clusters: 80835
polytomy of size 5; rounds with additions with at least 5 support: 0; clusters: 80835
Threshold 0.1:
polytomy of size 4; rounds with additions with at least 5 support: 0; clusters: 80835
polytomy of size 3; rounds with additions with at least 5 support: 0; clusters: 80835
polytomy of size 3; rounds with additions with at least 5 support: 0; clusters: 80835
polytomy of size 3; rounds with additions with at least 5 support: 0; clusters: 80835
polytomy of size 3; rounds with additions with at least 5 support: 0; clusters: 80835
polytomy of size 74; rounds with additions with at least 5 support: 2; clusters: 81135
Threshold 0.2:
polytomy of size 6; rounds with additions with at least 5 support: 0; clusters: 81135
polytomy of size 6; rounds with additions with at least 5 support: 0; clusters: 81135
polytomy of size 4; rounds with additions with at least 5 support: 0; clusters: 81135
polytomy of size 3; rounds with additions with at least 5 support: 0; clusters: 81135
polytomy of size 5; rounds with additions with at least 5 support: 0; clusters: 81135
polytomy of size 3; rounds with additions with at least 5 support: 0; clusters: 81135
polytomy of size 4; rounds with additions with at least 5 support: 0; clusters: 81135
polytomy of size 110; rounds with additions with at least 5 support: 0; clusters: 81311
Threshold 0.3333333333333333:
polytomy of size 3; rounds with additions with at least 5 support: 0; clusters: 81311
polytomy of size 3; rounds with additions with at least 5 support: 0; clusters: 81311
polytomy of size 3; rounds with additions with at least 5 support: 0; clusters: 81311
polytomy of size 7; rounds with additions with at least 5 support: 0; clusters: 81311
polytomy of size 160; rounds with additions with at least 5 support: 0; clusters: 81379
max k is :34
Number of Clusters after addition by greedy: 81379
gradient0 in heuristiic: 81379
partitions formed in 72.297 secs
Dynamic Programming starting after 72.297 secs
Using tree-based weight calculation.
Using polytree-based weight calculation.
Polytree max score: 13149381858
Polytree building time: 0.248 seconds.
Number of quartet trees in the gene trees: 13149381858
Size of largest cluster: 201
Greedy score: 5596263410
estimationFactor: 2.3496717174719266
Sub-optimal score: 5694667346
Calculated 100000 weights; time (seconds): 185
Calculated 200000 weights; time (seconds): 121
Total Number of elements weighted: 216009
Normalized score (portion of input quartet trees satisfied before correcting for multiple individuals): 0.45656163687629975
Optimization score: 6003503305
Optimal tree inferred in 325.617 secs.
(83,(96,(((((26,50),(97,166)),((122,(15,(6,176))),(55,(165,(64,94))))),((172,(101,(159,160))),(((193,89),(105,194)),((4,(57,140)),((17,23),(147,38)))))),(33,((((69,22),(196,(53,142))),((75,79),((51,154),((169,181),(71,171))))),(((188,91),(118,((41,8),(116,(63,127))))),(0,(((128,((90,((131,138),(80,(104,153)))),((148,(18,42)),(((62,66),(170,92)),(70,((14,197),(9,(32,(74,84))))))))),(((108,((49,200),(126,186))),((13,191),(156,(107,(60,115))))),((184,(178,(24,(16,134)))),((28,(189,(175,192))),(98,(36,(37,112))))))),(((12,183),(((56,(163,174)),((78,(30,123)),(29,(102,((187,143),(180,(34,(46,3)))))))),((132,(125,(99,135))),(25,((54,68),(182,((146,(20,48)),(58,(1,31))))))))),((65,(19,((129,152),(150,(106,161))))),((((198,173),(61,(95,(77,167)))),((67,(47,73)),((119,100),(139,(151,168))))),(((40,155),(((87,144),(121,(124,(162,114)))),(((164,113),(44,(86,185))),(43,(195,((103,(145,(45,110))),((85,190),(120,(199,109))))))))),(((111,157),(141,(133,(81,149)))),((27,((158,(93,(117,179))),((72,(130,82)),(59,(137,5))))),((10,2),(177,(21,((11,(76,52)),(88,(39,(136,(7,35))))))))))))))))))))));
Final quartet score is: 6003503305
Final normalized quartet score is: 0.45656163687629975
Extended species tree:
(16,(134,(24,(178,(184,(((28,(189,(175,192)1:0.4120329847400387)0.99:0.1429043259826804)0.47:0.02243227805670926,(98,(36,(37,112)0.39:0.00909007734838388)1:0.27150845139167507)0.49:0.029852162603228052)1:0.22789833913926846,(((108,((49,200)1:0.41881868842583225,(126,186)0.47:0.027938333399313554)0.92:0.10342709478318171)1:0.6485582297194413,((13,191)0.74:0.06390402886647366,(156,(107,(60,115)1:0.4717630790228536)0.64:0.05153141398172591)1:0.4662419345833246)1:0.20497419903451417)1:0.515025832698423,((128,((90,((131,138)0.91:0.09507828696617134,(80,(104,153)1:0.18802909718223557)1:0.2030178010477343)0.45:0.018341164206944087)1:0.19007253924410214,((148,(18,42)0.98:0.13767002058847477)0.8:0.07162634233432891,(((62,66)1:0.8972938706592848,(170,92)0.95:0.11171448322589698)1:0.5567645664513988,(70,((14,197)1:0.7558450538061791,(9,(32,(74,84)1:0.6646114035210783)1:0.283373555834622)1:0.24349694558504742)0.57:0.035762340718945816)0.81:0.07314278902981892)0.67:0.050224494668678094)0.8:0.07194017987747692)0.99:0.15617311503000764)0.54:0.03227363948988733,((((12,183)0.62:0.04301310895812402,(((56,(163,174)1:0.7656210759941252)1:0.1952497060950063,((78,(30,123)1:0.338381289929042)1:0.5902002129084905,(29,(102,((187,143)1:0.33110794966993135,(180,(34,(46,3)0.4:0.010155873214017576)0.89:0.09140955584743152)1:0.22888110361831826)1:0.2394244001277048)1:0.16686998765204272)0.52:0.02763160738755263)0.99:0.153707480088726)0.99:0.15806534970296765,((132,(125,(99,135)1:0.22197762109234015)1:0.3988314094842648)1:0.4923850688633258,(25,((54,68)1:0.6458709728473807,(182,((146,(20,48)1:1.0788803356816945)0.85:0.08053727963536023,(58,(1,31)1:0.6701698663763537)0.98:0.13757347720761237)0.73:0.0809268694534608)0.97:0.12267820589475392)0.47:0.019860401278146506)1:0.2050410204989128)0.99:0.15156449695833638)0.48:0.022964533533804166)0.4:0.010124753000548235,((65,(19,((129,152)0.91:0.09513891295854275,(150,(106,161)0.6:0.039958683953208424)0.89:0.09138177967313461)0.51:0.02684037977359236)1:1.0073431987207992)0.63:0.04469805266077579,((((198,173)1:0.34324310200131614,(61,(95,(77,167)1:0.28691012711128583)0.56:0.034875576620973354)1:0.2896634790329958)1:0.40501036878413815,((67,(47,73)0.92:0.1054711619600123)0.98:0.13869111356850522,((119,100)1:0.4740509774615387,(139,(151,168)0.81:0.07289095437062727)1:0.17328199213670492)0.98:0.13221718269035893)1:0.27976380422666236)1:0.4721617261154736,(((40,155)0.98:0.12852607292823587,(((87,144)1:1.291454623704466,(121,(124,(162,114)0.98:0.13711348600702725)1:0.5094296283804384)1:0.6531079153242364)0.56:0.03828947573236332,(((164,113)0.39:0.01085106709504837,(44,(86,185)0.65:0.051094431520919754)1:0.6841895206100773)1:0.29605807513806764,(43,(195,((103,(145,(45,110)0.89:0.10143989214716827)0.99:0.15567734549923307)1:0.45879727719869223,((85,190)1:0.30658094630947275,(120,(199,109)0.83:0.08032257384844776)1:0.2887355967160412)0.91:0.09457038336288219)1:0.21965363934577917)0.81:0.07423530709031835)1:0.2748501466404917)1:0.21383540620083033)0.54:0.03151694416298564)0.46:0.018778330064205897,(((111,157)0.49:0.032446910447855706,(141,(133,(81,149)0.6:0.04101715885238962)1:0.5325685456177901)1:0.6845629976144342)0.85:0.08069563823802117,((27,((158,(93,(117,179)1:0.9014783461622285)1:0.16916242593391162)0.71:0.054872577698573524,((72,(130,82)0.98:0.1371602480396313)0.77:0.06727024536275537,(59,(137,5)0.94:0.10923456655156864)1:0.1759266291195037)1:0.7860863116923361)0.47:0.031630132106848854)0.99:0.1530874098014681,((10,2)1:0.4062952397498841,(177,(21,((11,(76,52)1:1.0392910846804977)0.96:0.11808175791550525,(88,(39,(136,(7,35)0.46:0.020152905412533388)1:0.4442923322837552)1:0.18000223654469102)1:0.22176768336240063)1:0.28164232120298366)0.46:0.01952322606552456)1:0.187822723707587)0.57:0.03477600443566736)0.4:0.009869536597052026)0.4:0.010638630121640407)0.38:0.006885010878067927)0.87:0.08456189452062557)0.45:0.017015493677694102)0.39:0.007442898158770586,(0,(((188,91)1:0.41110928395538804,(118,((41,8)1:0.20725208060364458,(116,(63,127)0.99:0.14397306083223702)0.58:0.03683175585161431)1:0.17456126314905063)0.99:0.15978599115079395)1:1.0267288455638648,((((69,22)1:0.4270977018805668,(196,(53,142)0.95:0.11402639404551651)1:0.5716226595662891)0.65:0.04617509295150857,((75,79)1:1.1858747582390357,((51,154)1:0.2638023577168586,((169,181)1:0.8074446509321362,(71,171)1:0.4368722009570682)0.71:0.06135447378474073)0.7:0.06336215286582302)1:0.6208203847145389)0.98:0.13419776108182305,(33,(((((26,50)1:0.18814750686806964,(97,166)0.49:0.026613239444680484)0.87:0.08516850721802229,((122,(15,(6,176)0.93:0.10649121787362434)0.95:0.11344867040373517)1:0.48096812178389725,(55,(165,(64,94)1:0.4350440110542391)1:0.48586108866009114)1:0.37185916566200133)0.99:0.14346329172801772)0.49:0.024687487311806786,((172,(101,(159,160)1:0.4761363304877814)0.98:0.1352818401965608)1:0.9257574706407173,(((193,89)0.63:0.046131605779936385,(105,194)0.88:0.0884511034911835)1:0.17368572223151893,((4,(57,140)1:0.2343039519323299)1:0.2572743404881985,((17,23)0.98:0.14694481022180425,(147,38)0.71:0.06733076311451518)1:0.6377897481880527)1:0.22737321323626045)1:0.3042870196228422)0.7:0.05424224328360032)0.5:0.024467998116395134,(96,83)1:0.6930097198246364)0.44:0.018413398700320785)1:0.16500335763101107)0.38:0.006040851529792762)0.46:0.021437867083749836)0.46:0.019056844153146894)0.43:0.014671503905930845)0.43:0.014584482731539594)1:0.6281642210316386)0.44:0.020939359021533193)1:0.4267494075857042)1:0.307580799206796)0.58:0.05533418463775833));
Weight calculation took 224.77838146 secs
ASTRAL finished in 328.307 secs
