
================== ASTRAL ===================== 

This is ASTRAL version 5.7.8
Gene trees are treated as unrooted
839 trees read from Dataset/AstralII_data/model.200.500000.0.000001/32/estimatedgenetre.halfresolved
index0
All output trees will be *arbitrarily* rooted at 16

======== Running the main analysis
Number of taxa: 201 (201 species)
Taxa: [16, 46, 180, 97, 164, 162, 124, 111, 11, 76, 52, 88, 136, 7, 87, 144, 81, 133, 175, 189, 29, 36, 192, 30, 163, 106, 10, 187, 143, 96, 69, 64, 165, 55, 94, 22, 193, 62, 66, 137, 5, 2, 157, 21, 177, 27, 40, 155, 12, 117, 179, 72, 130, 59, 82, 65, 105, 35, 39, 70, 43, 18, 170, 92, 147, 38, 194, 122, 183, 14, 129, 19, 150, 152, 161, 3, 58, 54, 68, 25, 0, 128, 198, 173, 63, 116, 118, 127, 41, 8, 188, 195, 199, 85, 93, 119, 151, 67, 77, 61, 95, 47, 158, 131, 91, 73, 139, 168, 45, 103, 44, 86, 185, 145, 110, 113, 126, 108, 49, 200, 120, 190, 109, 100, 167, 125, 99, 132, 182, 135, 1, 31, 166, 33, 83, 159, 160, 101, 172, 80, 169, 181, 57, 4, 197, 148, 42, 89, 9, 17, 140, 26, 6, 176, 15, 53, 196, 75, 74, 84, 142, 50, 71, 51, 154, 171, 104, 79, 153, 23, 156, 186, 13, 60, 115, 191, 107, 32, 138, 90, 37, 112, 98, 121, 34, 114, 20, 48, 102, 56, 174, 123, 78, 24, 134, 178, 184, 28, 146, 141, 149]
Taxon occupancy: {110=839, 111=839, 112=839, 113=839, 114=839, 115=839, 116=839, 117=839, 118=839, 119=839, 10=839, 11=839, 12=839, 13=839, 14=839, 15=839, 16=839, 17=839, 18=839, 19=839, 120=839, 0=839, 121=839, 122=839, 1=839, 2=839, 123=839, 124=839, 3=839, 125=839, 4=839, 5=839, 126=839, 127=839, 6=839, 7=839, 128=839, 129=839, 8=839, 9=839, 20=839, 21=839, 22=839, 23=839, 24=839, 25=839, 26=839, 27=839, 28=839, 29=839, 130=839, 131=839, 132=839, 133=839, 134=839, 135=839, 136=839, 137=839, 138=839, 139=839, 30=839, 31=839, 32=839, 33=839, 34=839, 35=839, 36=839, 37=839, 38=839, 39=839, 140=839, 141=839, 142=839, 143=839, 144=839, 145=839, 146=839, 147=839, 148=839, 149=839, 40=839, 41=839, 42=839, 43=839, 44=839, 45=839, 46=839, 47=839, 48=839, 49=839, 150=839, 151=839, 152=839, 153=839, 154=839, 155=839, 156=839, 157=839, 158=839, 159=839, 50=839, 51=839, 52=839, 53=839, 54=839, 55=839, 56=839, 57=839, 58=839, 59=839, 160=839, 161=839, 162=839, 163=839, 164=839, 165=839, 166=839, 167=839, 168=839, 169=839, 60=839, 61=839, 62=839, 63=839, 64=839, 65=839, 66=839, 67=839, 68=839, 69=839, 170=839, 171=839, 172=839, 173=839, 174=839, 175=839, 176=839, 177=839, 178=839, 179=839, 70=839, 71=839, 72=839, 73=839, 74=839, 75=839, 76=839, 77=839, 78=839, 79=839, 180=839, 181=839, 182=839, 183=839, 184=839, 185=839, 186=839, 187=839, 188=839, 189=839, 80=839, 81=839, 82=839, 83=839, 84=839, 85=839, 86=839, 87=839, 88=839, 89=839, 190=839, 191=839, 192=839, 193=839, 194=839, 195=839, 196=839, 197=839, 198=839, 199=839, 90=839, 91=839, 92=839, 93=839, 94=839, 95=839, 96=839, 97=839, 98=839, 99=839, 200=839, 100=839, 101=839, 102=839, 103=839, 104=839, 105=839, 106=839, 107=839, 108=839, 109=839}
Number of gene trees: 839
0 trees have missing taxa
Calculating quartet distance matrix (for completion of X)
Species tree distances calculated ...
Building set of clusters (X) from gene trees 
------------------------------
gradient0: 162097
Number of Clusters after addition by distance: 162097
calculating extra bipartitions to be added at level 1 ...
Adding to X using resolutions of greedy consensus ...
Limit for sigma of degrees:5075
polytomy size limit : 51
discarded polytomies: 77 114 166  [3, 3, 3, 3, 3, 3, 3, 3, 3, 3, 3, 4, 4, 4, 4, 4, 5, 6, 6, 19, 30, 37, 51, 77, 114, 166]
Threshold 0.0:
polytomy of size 19; rounds with additions with at least 5 support: 7; clusters: 164649
Threshold 0.01:
polytomy of size 30; rounds with additions with at least 5 support: 8; clusters: 173227
Threshold 0.02:
polytomy of size 37; rounds with additions with at least 5 support: 0; clusters: 187183
polytomy of size 3; rounds with additions with at least 5 support: 0; clusters: 187183
Threshold 0.05:
polytomy of size 3; rounds with additions with at least 5 support: 0; clusters: 187183
polytomy of size 51; rounds with additions with at least 5 support: 2; clusters: 187379
polytomy of size 4; rounds with additions with at least 5 support: 0; clusters: 187379
Threshold 0.1:
polytomy of size 3; rounds with additions with at least 5 support: 0; clusters: 187379
polytomy of size 4; rounds with additions with at least 5 support: 0; clusters: 187379
polytomy of size 3; rounds with additions with at least 5 support: 0; clusters: 187379
polytomy of size 4; rounds with additions with at least 5 support: 0; clusters: 187379
polytomy of size 3; rounds with additions with at least 5 support: 0; clusters: 187379
polytomy of size 3; rounds with additions with at least 5 support: 0; clusters: 187379
polytomy of size 77; rounds with additions with at least 5 support: 0; clusters: 187479
Threshold 0.2:
polytomy of size 6; rounds with additions with at least 5 support: 0; clusters: 187479
polytomy of size 6; rounds with additions with at least 5 support: 0; clusters: 187479
polytomy of size 4; rounds with additions with at least 5 support: 0; clusters: 187479
polytomy of size 3; rounds with additions with at least 5 support: 0; clusters: 187479
polytomy of size 3; rounds with additions with at least 5 support: 0; clusters: 187479
polytomy of size 5; rounds with additions with at least 5 support: 0; clusters: 187479
polytomy of size 4; rounds with additions with at least 5 support: 0; clusters: 187479
polytomy of size 114; rounds with additions with at least 5 support: 0; clusters: 187575
Threshold 0.3333333333333333:
polytomy of size 3; rounds with additions with at least 5 support: 0; clusters: 187575
polytomy of size 3; rounds with additions with at least 5 support: 0; clusters: 187575
polytomy of size 3; rounds with additions with at least 5 support: 0; clusters: 187575
polytomy of size 166; rounds with additions with at least 5 support: 0; clusters: 187575
max k is :16
Number of Clusters after addition by greedy: 187575
gradient0 in heuristiic: 187575
partitions formed in 266.347 secs
Dynamic Programming starting after 266.347 secs
Using tree-based weight calculation.
Using polytree-based weight calculation.
Polytree max score: 55169388564
Polytree building time: 1.83 seconds.
Number of quartet trees in the gene trees: 55169388564
Size of largest cluster: 201
Greedy score: 21105174128
estimationFactor: 2.61402195638876
Sub-optimal score: 24185018528
Calculated 100000 weights; time (seconds): 688
Calculated 200000 weights; time (seconds): 429
Calculated 300000 weights; time (seconds): 478
Calculated 400000 weights; time (seconds): 467
Total Number of elements weighted: 468542
Normalized score (portion of input quartet trees satisfied before correcting for multiple individuals): 0.4570657695571121
Optimization score: 25216039040
Optimal tree inferred in 2371.391 secs.
(140,(57,(4,(((17,23),(147,38)),(((193,89),(105,194)),((172,(101,(159,160))),(((97,(166,(26,50))),((122,(15,(6,176))),(55,(165,(64,94))))),((96,83),(33,((((69,22),(196,(53,142))),((75,79),((71,171),((169,181),(51,154))))),(((188,91),(118,(116,((41,8),(63,127))))),((((108,((49,200),(126,186))),((13,191),(107,(156,(60,115))))),((184,(178,(16,(24,134)))),((28,(189,(175,192))),(98,(36,(37,112)))))),((0,(128,((90,((131,138),(80,(104,153)))),((148,(18,42)),(((62,66),(170,92)),((70,(14,197)),(9,(32,(74,84))))))))),(((12,183),(((56,(163,174)),((78,(30,123)),(29,(102,((187,143),(180,(3,(46,34)))))))),((132,(125,(99,135))),(25,((54,68),(182,((146,(20,48)),(58,(1,31))))))))),((65,(19,((129,152),(150,(106,161))))),(((40,155),(((198,173),((61,95),(77,167))),((67,(47,73)),((119,100),(139,(151,168)))))),((((87,144),(121,(124,(162,114)))),((113,(164,(44,(86,185)))),(43,(195,((103,(145,(45,110))),((85,190),(120,(199,109)))))))),((111,(157,(141,(81,(133,149))))),(((27,(158,(93,(117,179)))),((72,(130,82)),(59,(137,5)))),((10,2),((21,177),((11,(76,52)),(88,(39,(7,(136,35))))))))))))))))))))))))));
Final quartet score is: 25216039040
Final normalized quartet score is: 0.4570657695571121
Extended species tree:
(16,((24,134)0.81:0.04310515788285098,(178,(184,(((28,(189,(175,192)1:0.3471602351727659)1:0.10047248711211729)0.44:0.008198794345704636,(98,(36,(37,112)0.95:0.057407477970848275)1:0.26400326487971715)0.88:0.042212733096170726)1:0.25180713923555686,(((108,((49,200)1:0.369819367436083,(126,186)1:0.08750709456645875)0.85:0.04002756704878731)1:0.7120311796329132,((13,191)0.73:0.02968331399442515,(107,(156,(60,115)1:0.4530315271982095)0.63:0.03591935329764872)1:0.5068657873238134)1:0.1954726984733793)1:0.5584659924281873,(((0,(128,((90,((131,138)1:0.07724899820315059,(80,(104,153)1:0.2570995974178498)1:0.21816834782521935)0.68:0.026350786612820205)1:0.1963553920264628,((148,(18,42)1:0.09374900295803475)0.96:0.055412836047947826,(((62,66)1:0.7967877111300204,(170,92)1:0.08960602443233472)1:0.5437398481781551,((70,(14,197)1:0.6301201833171971)0.65:0.02536365508848654,(9,(32,(74,84)1:0.6037562264279739)1:0.266071277747703)1:0.23089645960596628)1:0.1241028203938973)0.59:0.02000104262326836)0.93:0.048557049703957376)1:0.1434304326218482)0.99:0.06939541007106632)0.22:0.0,(((12,183)0.94:0.051216868720289126,(((56,(163,174)1:0.8340387761730783)1:0.1899718740176468,((78,(30,123)1:0.2492127002719565)1:0.6812858828235101,(29,(102,((187,143)1:0.4162080518275451,(180,(3,(46,34)1:0.07784487539172096)0.48:0.024483042979403926)1:0.22479325196452632)1:0.22548169965943252)1:0.16383297639877975)0.67:0.02483762155884958)1:0.14063996771228265)1:0.1803178483367965,((132,(125,(99,135)1:0.1466990873994493)1:0.37373992573280207)1:0.4676054070146043,(25,((54,68)1:0.7227347036938011,(182,((146,(20,48)1:1.0119565870732974)0.97:0.059726126506619744,(58,(1,31)1:0.6181092660323375)1:0.18594257377902593)1:0.13404562980615128)1:0.08162927228537942)0.89:0.04460353114649887)1:0.22987859085764847)1:0.16642656183482563)0.94:0.05093801490402418)0.48:0.011691513075568255,((65,(19,((129,152)1:0.08832014870808721,(150,(106,161)0.99:0.06797247741429731)0.94:0.05195764839733518)0.82:0.036649960398011536)1:1.0173552767820346)0.91:0.0458619088323705,(((40,155)1:0.11458870418735581,(((198,173)1:0.26969457479719156,((61,95)0.77:0.04735083072434643,(77,167)1:0.34974322591784296)1:0.3409414644030144)1:0.4083361356818754,((67,(47,73)1:0.2122957079906032)1:0.12083612512971866,((119,100)1:0.4527804866925191,(139,(151,168)1:0.14032989419726905)1:0.17776529055542514)1:0.15234677180764947)1:0.28431469754426203)1:0.3939769239368268)0.82:0.0364731860185455,((((87,144)1:1.3426710061534572,(121,(124,(162,114)1:0.16841634585569246)1:0.5388866468382557)1:0.7879301212546616)0.81:0.036179524720686786,((113,(164,(44,(86,185)0.8:0.035272426616420556)1:0.7982899396030682)0.51:0.013584729794676552)1:0.29724711044050356,(43,(195,((103,(145,(45,110)1:0.1514745032464774)1:0.16789666818086432)1:0.3784111580383912,((85,190)1:0.29438444232597916,(120,(199,109)0.79:0.03800806036001022)1:0.2874247869967726)1:0.10752587025875211)1:0.29097950139489626)0.52:0.014919065181696462)1:0.27502721561585425)1:0.1920946357060528)0.9:0.04477423838241749,((111,(157,(141,(81,(133,149)0.58:0.019871336714706467)1:0.5336780221150627)1:0.6957797656465775)0.53:0.015775670736585135)1:0.09676242706219826,(((27,(158,(93,(117,179)1:0.9445409794926779)1:0.1905445666629305)0.95:0.05307407484491363)0.96:0.05588100047377965,((72,(130,82)1:0.0992103127584096)0.77:0.03477547579107636,(59,(137,5)1:0.2538636984978267)1:0.13648498082418847)1:0.8045441573964809)1:0.1940302553345032,((10,2)1:0.45729762507871846,((21,177)0.45:0.011469212801369016,((11,(76,52)1:1.087593070351151)1:0.1071268842429587,(88,(39,(7,(136,35)0.64:0.023202630255238388)1:0.47377065953619085)1:0.16627484633942732)1:0.24648592191895438)1:0.2914645653334024)1:0.20415435850111605)0.48:0.012432021179912196)0.62:0.021057673044604243)0.56:0.017335037498030892)0.35:0.0010757777880087158)1:0.10731542197870361)0.37:0.003058934839895032)0.72:0.02802252793374252)0.31:0.0,(((188,91)1:0.3567970292452476,(118,(116,((41,8)1:0.24609761956289902,(63,127)0.84:0.045373798259295856)0.37:0.002775624023326096)1:0.1717237605080657)1:0.23494679902980256)1:0.9952554102797911,((((69,22)1:0.4871199768819521,(196,(53,142)1:0.14110990545843985)1:0.5448366454719804)0.59:0.019218008879198976,((75,79)1:1.315957622770493,((71,171)1:0.5473022894687252,((169,181)1:0.8698792443890577,(51,154)1:0.24774116321740844)0.68:0.027071555817135086)0.97:0.0591467154295656)1:0.6351887080663404)1:0.13171888098900666,(33,((96,83)1:0.7313371937692279,(((97,(166,(26,50)1:0.2176570926308568)0.44:0.012743118309581301)0.99:0.07492389980422227,((122,(15,(6,176)0.99:0.07638249181832224)1:0.10677289362844074)1:0.5809118710642074,(55,(165,(64,94)1:0.536643798756401)1:0.4126367861622072)1:0.3137351677980202)1:0.13564152776617075)0.91:0.046390879299625896,((172,(101,(159,160)1:0.32846067223177505)1:0.09269206255070904)1:0.9923137196215763,(((193,89)0.73:0.041701770091043165,(105,194)1:0.1355282644158221)1:0.1380522488307857,(((17,23)1:0.14532803776180092,(147,38)0.77:0.044287269159861274)1:0.7552895671785447,(4,(57,140)1:0.1973651515162086)1:0.283754832516095)1:0.23650530190488583)1:0.2778914908853384)0.94:0.05065734539123748)0.43:0.007856954407906876)0.63:0.022552562775800897)1:0.21252984529897795)0.52:0.014197712792870121)0.55:0.018982887081154087)0.64:0.022472172786514)1:0.6425130830895723)0.96:0.05985531134161052)1:0.38525417418568875)1:0.3684790779512813));
Weight calculation took 1909.411585395 secs
ASTRAL finished in 2379.779 secs
