
================== ASTRAL ===================== 

This is ASTRAL version 5.7.8
Gene trees are treated as unrooted
50 trees read from Dataset/AstralII_data/model.200.500000.0.000001/32/estimatedgenetre.halfresolved_50
index0
All output trees will be *arbitrarily* rooted at 16

======== Running the main analysis
Number of taxa: 201 (201 species)
Taxa: [16, 46, 180, 97, 164, 162, 124, 111, 11, 76, 52, 88, 136, 7, 87, 144, 81, 133, 175, 189, 29, 36, 192, 30, 163, 106, 10, 187, 143, 96, 69, 64, 165, 55, 94, 22, 193, 62, 66, 137, 5, 2, 157, 21, 177, 27, 40, 155, 12, 117, 179, 72, 130, 59, 82, 65, 105, 35, 39, 70, 43, 18, 170, 92, 147, 38, 194, 122, 183, 14, 129, 19, 150, 152, 161, 3, 58, 54, 68, 25, 0, 128, 198, 173, 63, 116, 118, 127, 41, 8, 188, 195, 199, 85, 93, 119, 151, 67, 77, 61, 95, 47, 158, 131, 91, 73, 139, 168, 45, 103, 44, 86, 185, 145, 110, 113, 126, 108, 49, 200, 120, 190, 109, 100, 167, 125, 99, 132, 182, 135, 1, 31, 166, 33, 83, 159, 160, 101, 172, 80, 169, 181, 57, 4, 197, 148, 42, 89, 9, 17, 140, 26, 6, 176, 15, 53, 196, 75, 74, 84, 142, 50, 71, 51, 154, 171, 104, 79, 153, 23, 156, 186, 13, 60, 115, 191, 107, 32, 138, 90, 37, 112, 98, 121, 34, 114, 20, 48, 102, 56, 174, 123, 78, 24, 134, 178, 184, 28, 146, 141, 149]
Taxon occupancy: {110=50, 111=50, 112=50, 113=50, 114=50, 115=50, 116=50, 117=50, 118=50, 119=50, 10=50, 11=50, 12=50, 13=50, 14=50, 15=50, 16=50, 17=50, 18=50, 19=50, 120=50, 0=50, 121=50, 122=50, 1=50, 2=50, 123=50, 124=50, 3=50, 125=50, 4=50, 5=50, 126=50, 127=50, 6=50, 7=50, 128=50, 129=50, 8=50, 9=50, 20=50, 21=50, 22=50, 23=50, 24=50, 25=50, 26=50, 27=50, 28=50, 29=50, 130=50, 131=50, 132=50, 133=50, 134=50, 135=50, 136=50, 137=50, 138=50, 139=50, 30=50, 31=50, 32=50, 33=50, 34=50, 35=50, 36=50, 37=50, 38=50, 39=50, 140=50, 141=50, 142=50, 143=50, 144=50, 145=50, 146=50, 147=50, 148=50, 149=50, 40=50, 41=50, 42=50, 43=50, 44=50, 45=50, 46=50, 47=50, 48=50, 49=50, 150=50, 151=50, 152=50, 153=50, 154=50, 155=50, 156=50, 157=50, 158=50, 159=50, 50=50, 51=50, 52=50, 53=50, 54=50, 55=50, 56=50, 57=50, 58=50, 59=50, 160=50, 161=50, 162=50, 163=50, 164=50, 165=50, 166=50, 167=50, 168=50, 169=50, 60=50, 61=50, 62=50, 63=50, 64=50, 65=50, 66=50, 67=50, 68=50, 69=50, 170=50, 171=50, 172=50, 173=50, 174=50, 175=50, 176=50, 177=50, 178=50, 179=50, 70=50, 71=50, 72=50, 73=50, 74=50, 75=50, 76=50, 77=50, 78=50, 79=50, 180=50, 181=50, 182=50, 183=50, 184=50, 185=50, 186=50, 187=50, 188=50, 189=50, 80=50, 81=50, 82=50, 83=50, 84=50, 85=50, 86=50, 87=50, 88=50, 89=50, 190=50, 191=50, 192=50, 193=50, 194=50, 195=50, 196=50, 197=50, 198=50, 199=50, 90=50, 91=50, 92=50, 93=50, 94=50, 95=50, 96=50, 97=50, 98=50, 99=50, 200=50, 100=50, 101=50, 102=50, 103=50, 104=50, 105=50, 106=50, 107=50, 108=50, 109=50}
Number of gene trees: 50
0 trees have missing taxa
Calculating quartet distance matrix (for completion of X)
Species tree distances calculated ...
Building set of clusters (X) from gene trees 
------------------------------
gradient0: 13813
Number of Clusters after addition by distance: 13813
calculating extra bipartitions to be added at level 1 ...
Adding to X using resolutions of greedy consensus ...
Limit for sigma of degrees:5075
polytomy size limit : 52
discarded polytomies: 69 112 165  [3, 3, 3, 3, 3, 3, 3, 3, 3, 3, 3, 3, 3, 3, 3, 3, 3, 3, 3, 3, 3, 4, 4, 5, 6, 6, 6, 6, 26, 26, 26, 52, 69, 112, 165]
Threshold 0.0:
polytomy of size 3; rounds with additions with at least 5 support: 1; clusters: 13817
polytomy of size 3; rounds with additions with at least 5 support: 1; clusters: 13821
polytomy of size 26; rounds with additions with at least 5 support: 5; clusters: 25083
Threshold 0.01:
polytomy of size 3; rounds with additions with at least 5 support: 0; clusters: 25083
polytomy of size 3; rounds with additions with at least 5 support: 0; clusters: 25083
polytomy of size 26; rounds with additions with at least 5 support: 0; clusters: 34509
Threshold 0.02:
polytomy of size 3; rounds with additions with at least 5 support: 0; clusters: 34509
polytomy of size 3; rounds with additions with at least 5 support: 0; clusters: 34509
polytomy of size 26; rounds with additions with at least 5 support: 0; clusters: 43629
Threshold 0.05:
polytomy of size 3; rounds with additions with at least 5 support: 0; clusters: 43629
polytomy of size 3; rounds with additions with at least 5 support: 0; clusters: 43629
polytomy of size 3; rounds with additions with at least 5 support: 1; clusters: 43631
polytomy of size 4; rounds with additions with at least 5 support: 0; clusters: 43633
polytomy of size 52; rounds with additions with at least 5 support: 5; clusters: 44781
polytomy of size 5; rounds with additions with at least 5 support: 1; clusters: 44783
Threshold 0.1:
polytomy of size 3; rounds with additions with at least 5 support: 0; clusters: 44783
polytomy of size 3; rounds with additions with at least 5 support: 0; clusters: 44783
polytomy of size 3; rounds with additions with at least 5 support: 0; clusters: 44783
polytomy of size 3; rounds with additions with at least 5 support: 0; clusters: 44783
polytomy of size 3; rounds with additions with at least 5 support: 0; clusters: 44783
polytomy of size 69; rounds with additions with at least 5 support: 0; clusters: 45299
polytomy of size 6; rounds with additions with at least 5 support: 1; clusters: 45301
Threshold 0.2:
polytomy of size 6; rounds with additions with at least 5 support: 0; clusters: 45301
polytomy of size 6; rounds with additions with at least 5 support: 0; clusters: 45303
polytomy of size 3; rounds with additions with at least 5 support: 0; clusters: 45303
polytomy of size 4; rounds with additions with at least 5 support: 0; clusters: 45303
polytomy of size 3; rounds with additions with at least 5 support: 0; clusters: 45303
polytomy of size 3; rounds with additions with at least 5 support: 0; clusters: 45303
polytomy of size 3; rounds with additions with at least 5 support: 0; clusters: 45303
polytomy of size 112; rounds with additions with at least 5 support: 1; clusters: 45951
Threshold 0.3333333333333333:
polytomy of size 3; rounds with additions with at least 5 support: 0; clusters: 45951
polytomy of size 3; rounds with additions with at least 5 support: 0; clusters: 45951
polytomy of size 6; rounds with additions with at least 5 support: 0; clusters: 45951
polytomy of size 3; rounds with additions with at least 5 support: 0; clusters: 45951
polytomy of size 165; rounds with additions with at least 5 support: 0; clusters: 46045
max k is :10
Number of Clusters after addition by greedy: 46045
gradient0 in heuristiic: 46045
partitions formed in 32.29 secs
Dynamic Programming starting after 32.29 secs
Using tree-based weight calculation.
Using polytree-based weight calculation.
Polytree max score: 3286716657
Polytree building time: 0.159 seconds.
Number of quartet trees in the gene trees: 3286716657
Size of largest cluster: 201
Greedy score: 1403201204
estimationFactor: 2.342298914532573
Sub-optimal score: 1468073194
Calculated 100000 weights; time (seconds): 69
Total Number of elements weighted: 166308
Normalized score (portion of input quartet trees satisfied before correcting for multiple individuals): 0.4618481008294595
Optimization score: 1517963846
Optimal tree inferred in 95.81 secs.
(104,(153,(80,(90,((131,138),(((148,(18,42)),((70,((62,66),(170,92))),((14,197),(9,(32,(74,84)))))),((((69,22),(196,(53,142))),((51,154),((75,79),((169,181),(71,171))))),((0,128),(((((126,186),(108,(49,200))),(13,(191,(107,(156,(60,115)))))),(33,((96,83),(((97,166),((26,50),((122,(15,(6,176))),(55,(165,(64,94)))))),((172,(101,(159,160))),((194,(105,(193,89))),((4,(57,140)),((17,23),(147,38))))))))),(((188,91),(118,((41,8),(63,(116,127))))),(((184,(178,(16,(24,134)))),((189,(175,192)),(28,(98,(112,(36,37)))))),(((12,183),(((56,(163,174)),((78,(30,123)),(29,(102,((187,143),(180,(34,(46,3)))))))),(65,((132,(125,(99,135))),((25,(54,68)),(182,((146,(20,48)),(58,(1,31))))))))),((((150,(106,161)),(19,(129,152))),(((198,173),(61,(95,(77,167)))),((67,(47,73)),((119,100),(139,(151,168)))))),((111,157),(((40,(121,(124,(162,114)))),((155,(141,(81,(133,149)))),((87,144),((10,2),(27,(158,((93,(117,179)),((72,(130,82)),(59,(137,5)))))))))),((21,(177,((11,(76,52)),(88,(39,(136,(7,35))))))),((164,(113,(44,(86,185)))),(43,(195,((103,(45,(145,110))),((85,190),(120,(199,109)))))))))))))))))))))));
Final quartet score is: 1517963846
Final normalized quartet score is: 0.4618481008294595
Extended species tree:
(16,((24,134)0.66:0.1436188658102375,(178,(184,(((189,(175,192)0.95:0.24002849090561368)0.82:0.15532754461460135,(28,(98,(112,(36,37)0.54:0.05946942353628583)0.91:0.19985399343131022)0.64:0.09684029235373241)0.41:0.021111804148271494)0.98:0.26883631020426196,((((12,183)0.91:0.19989241994881626,(((56,(163,174)1:0.5717749087472468)0.95:0.23610333914199513,((78,(30,123)0.72:0.14140471771310345)1:0.5840041587945631,(29,(102,((187,143)0.99:0.3414068154674818,(180,(34,(46,3)0.87:0.17407130071596577)0.38:0.007628348780048833)0.97:0.264537452254903)0.87:0.17008738812254715)0.98:0.2933493715444242)0.53:0.05557197324953046)0.58:0.06879013776443436)0.89:0.1855896649472707,(65,((132,(125,(99,135)0.57:0.07627651048880453)1:0.3972729169663821)1:0.3868532310010881,((25,(54,68)1:0.43575023331614593)0.47:0.03465750278256273,(182,((146,(20,48)1:0.911858184880312)0.5:0.046156565177669084,(58,(1,31)1:0.596651771534314)0.62:0.08069342780897659)0.47:0.0536314455038592)0.67:0.09690441207822258)0.97:0.25967753163424007)0.51:0.047485117273084965)0.49:0.04256472045065366)0.44:0.03228261533915885)0.41:0.01835382202619249,((((150,(106,161)0.71:0.11551504238483504)0.65:0.10229671636990803,(19,(129,152)0.71:0.10870444119475886)0.39:0.011379923662762446)1:1.004810790309595,(((198,173)0.98:0.3019202134230436,(61,(95,(77,167)0.78:0.15468160630641437)0.69:0.1030256786747491)0.75:0.14056393060477793)1:0.4038844241859427,((67,(47,73)0.99:0.3356531487965121)0.46:0.03736009699542889,((119,100)0.97:0.2551509640397999,(139,(151,168)0.93:0.2126742691400655)0.92:0.20307263169703366)0.76:0.12631549770313488)1:0.39048937208131734)1:0.38902756028203045)0.52:0.05292724223110415,((111,157)0.62:0.08191834378901619,(((40,(121,(124,(162,114)0.43:0.024405691980982712)1:0.3455790311565888)1:0.8360245699827612)0.63:0.08268216064759096,((155,(141,(81,(133,149)0.53:0.07507400024365972)1:0.45139928157821363)1:0.49604161660904195)0.61:0.0796480477641467,((87,144)1:1.2755868029468547,((10,2)1:0.5045016460121907,(27,(158,((93,(117,179)1:0.7557381266070621)0.86:0.16836605105854352,((72,(130,82)0.9:0.20584900105337361)0.88:0.1821735057795348,(59,(137,5)0.96:0.253453913011745)0.84:0.15967400081702177)1:0.5342218507506118)0.59:0.07106878533111483)0.5:0.053906431101099786)0.78:0.1321800294455419)0.44:0.026459077779101253)0.5:0.04952368041141512)0.46:0.03177921372326671)0.34:0.0,((21,(177,((11,(76,52)1:0.8859362575817353)0.5:0.047932531404110856,(88,(39,(136,(7,35)0.5:0.055263860418298026)1:0.5305516033679729)0.9:0.20968579126936301)0.97:0.264477985479965)0.94:0.2190794423550421)0.77:0.1438835899294833)0.93:0.2092624759220619,((164,(113,(44,(86,185)0.38:0.011225562219815166)1:0.4769746320417825)0.6:0.07453788973342003)0.98:0.2872604576609103,(43,(195,((103,(45,(145,110)0.6:0.10629079635957502)0.36:0.0)1:0.5832414415299252,((85,190)0.87:0.17782519194414423,(120,(199,109)0.54:0.09204331030941115)0.65:0.09051911937498373)0.67:0.09873170080375637)0.84:0.15773008222155777)0.5:0.05958721419900336)0.99:0.30987078023636355)0.88:0.1780648820167458)0.45:0.03173506494089916)0.43:0.025903958964079123)0.35:0.0)0.57:0.06578536312980504)0.42:0.02265483811604541,(((188,91)1:0.35487356109175217,(118,((41,8)0.64:0.09198757265665143,(63,(116,127)0.68:0.10465079242008639)0.63:0.09420331907267936)0.98:0.2905330709357871)0.92:0.205171112965762)1:0.8735209107359381,(((((126,186)0.64:0.08806901854776533,(108,(49,200)1:0.6724491644559963)0.43:0.024913277234436676)1:0.5367248490146626,(13,(191,(107,(156,(60,115)0.8:0.1408030984556046)0.84:0.15910983696695696)0.96:0.2428850148141431)0.72:0.11447334925632367)0.91:0.19421124294892314)1:0.6141806985906604,(33,((96,83)1:0.5512822157677305,(((97,166)0.38:0.009976957899350665,((26,50)0.99:0.30116068175697175,((122,(15,(6,176)0.96:0.2459770271663299)0.69:0.10373091905567156)1:0.385596673000271,(55,(165,(64,94)0.98:0.2844543109243938)1:0.41937101538313304)1:0.4642039556575377)0.72:0.1265485698859042)0.51:0.05111702993829614)0.45:0.03254656363570615,((172,(101,(159,160)1:0.5274391639091626)0.47:0.038543887439918295)1:0.8605160238751428,((194,(105,(193,89)0.53:0.08245875137114167)0.48:0.04012708941000839)0.93:0.21574985050091938,((4,(57,140)0.98:0.26696105481426347)0.82:0.15088347767942176,((17,23)0.97:0.3008086019623761,(147,38)0.99:0.3759649054296074)1:0.5089776265352907)0.62:0.09958534284204033)0.99:0.30682437445684857)0.42:0.021257230329894728)0.51:0.05029665124946479)0.37:0.0028964654335901846)0.9:0.18717344323603155)0.45:0.03075229671375694,((0,128)0.4:0.014069368170200323,((((69,22)1:0.49518895706873584,(196,(53,142)0.91:0.19382289422983803)1:0.46070348614025924)0.55:0.06537641061673943,((51,154)0.71:0.11223001118594267,((75,79)1:1.1851202305105675,((169,181)1:0.7128470392395746,(71,171)0.98:0.29187071878173526)0.37:0.003848706602547246)0.38:0.007697501526587067)1:0.4737257656710203)0.64:0.08992078152478218,(((148,(18,42)0.86:0.17082220038474266)0.5:0.04523694620335237,((70,((62,66)1:0.8697007886143252,(170,92)0.82:0.1512106004700893)1:0.5111508554964634)0.38:0.04449302034495345,((14,197)1:0.7930451364809908,(9,(32,(74,84)1:0.5437978663040837)0.98:0.28712709148347343)0.88:0.17726237445492737)0.75:0.12298198303461948)0.51:0.05519644655290614)0.67:0.09631424435686142,((131,138)0.57:0.07318276742349811,(90,(80,(153,104)0.85:0.16099701570629005)0.98:0.27439218132172727)0.42:0.024005783885192818)0.78:0.13179376688870043)0.8:0.14020843007415743)0.37:0.004317287065876838)0.37:0.0020225047243720047)0.37:0.004363720276869694)0.37:0.006010808745685724)1:0.5961401757613236)0.61:0.07727116623168036)0.99:0.32067832195036816)0.97:0.2762533766281581));
Weight calculation took 52.053312738 secs
ASTRAL finished in 97.568 secs
