
================== ASTRAL ===================== 

This is ASTRAL version 5.7.8
Gene trees are treated as unrooted
1000 trees read from Dataset/AstralII_data/model.200.500000.0.000001/29/estimatedgenetre.halfresolved
index0
All output trees will be *arbitrarily* rooted at 133

======== Running the main analysis
Number of taxa: 201 (201 species)
Taxa: [133, 172, 54, 66, 181, 11, 86, 50, 119, 113, 173, 75, 149, 184, 137, 43, 74, 35, 105, 193, 48, 61, 71, 49, 55, 159, 6, 126, 122, 80, 18, 111, 76, 44, 24, 9, 94, 128, 97, 165, 15, 200, 22, 89, 142, 139, 108, 3, 41, 196, 190, 179, 82, 123, 20, 31, 32, 77, 16, 189, 125, 67, 147, 29, 28, 185, 155, 178, 57, 169, 194, 5, 120, 183, 98, 168, 102, 135, 153, 63, 161, 152, 124, 192, 23, 140, 92, 182, 199, 103, 144, 188, 186, 176, 143, 38, 118, 60, 195, 132, 62, 177, 99, 56, 157, 64, 164, 197, 78, 191, 167, 131, 154, 59, 27, 138, 146, 69, 158, 85, 42, 109, 100, 117, 104, 79, 87, 150, 121, 110, 91, 166, 112, 47, 134, 174, 148, 175, 81, 156, 72, 129, 46, 162, 115, 19, 88, 40, 141, 136, 25, 21, 95, 116, 26, 65, 58, 106, 12, 36, 2, 68, 13, 84, 145, 39, 170, 17, 70, 83, 101, 45, 171, 0, 73, 34, 51, 180, 163, 96, 187, 127, 30, 7, 107, 4, 90, 33, 151, 14, 130, 1, 10, 198, 93, 53, 52, 114, 8, 160, 37]
Taxon occupancy: {110=1000, 111=1000, 112=1000, 113=1000, 114=1000, 115=1000, 116=1000, 117=1000, 118=1000, 119=1000, 10=1000, 11=1000, 12=1000, 13=1000, 14=1000, 15=1000, 16=1000, 17=1000, 18=1000, 19=1000, 120=1000, 121=1000, 0=1000, 122=1000, 1=1000, 123=1000, 2=1000, 3=1000, 124=1000, 125=1000, 4=1000, 126=1000, 5=1000, 6=1000, 127=1000, 128=1000, 7=1000, 129=1000, 8=1000, 9=1000, 20=1000, 21=1000, 22=1000, 23=1000, 24=1000, 25=1000, 26=1000, 27=1000, 28=1000, 29=1000, 130=1000, 131=1000, 132=1000, 133=1000, 134=1000, 135=1000, 136=1000, 137=1000, 138=1000, 139=1000, 30=1000, 31=1000, 32=1000, 33=1000, 34=1000, 35=1000, 36=1000, 37=1000, 38=1000, 39=1000, 140=1000, 141=1000, 142=1000, 143=1000, 144=1000, 145=1000, 146=1000, 147=1000, 148=1000, 149=1000, 40=1000, 41=1000, 42=1000, 43=1000, 44=1000, 45=1000, 46=1000, 47=1000, 48=1000, 49=1000, 150=1000, 151=1000, 152=1000, 153=1000, 154=1000, 155=1000, 156=1000, 157=1000, 158=1000, 159=1000, 50=1000, 51=1000, 52=1000, 53=1000, 54=1000, 55=1000, 56=1000, 57=1000, 58=1000, 59=1000, 160=1000, 161=1000, 162=1000, 163=1000, 164=1000, 165=1000, 166=1000, 167=1000, 168=1000, 169=1000, 60=1000, 61=1000, 62=1000, 63=1000, 64=1000, 65=1000, 66=1000, 67=1000, 68=1000, 69=1000, 170=1000, 171=1000, 172=1000, 173=1000, 174=1000, 175=1000, 176=1000, 177=1000, 178=1000, 179=1000, 70=1000, 71=1000, 72=1000, 73=1000, 74=1000, 75=1000, 76=1000, 77=1000, 78=1000, 79=1000, 180=1000, 181=1000, 182=1000, 183=1000, 184=1000, 185=1000, 186=1000, 187=1000, 188=1000, 189=1000, 80=1000, 81=1000, 82=1000, 83=1000, 84=1000, 85=1000, 86=1000, 87=1000, 88=1000, 89=1000, 190=1000, 191=1000, 192=1000, 193=1000, 194=1000, 195=1000, 196=1000, 197=1000, 198=1000, 199=1000, 90=1000, 91=1000, 92=1000, 93=1000, 94=1000, 95=1000, 96=1000, 97=1000, 98=1000, 99=1000, 200=1000, 100=1000, 101=1000, 102=1000, 103=1000, 104=1000, 105=1000, 106=1000, 107=1000, 108=1000, 109=1000}
Number of gene trees: 1000
0 trees have missing taxa
Calculating quartet distance matrix (for completion of X)
Species tree distances calculated ...
Building set of clusters (X) from gene trees 
------------------------------
gradient0: 154593
Number of Clusters after addition by distance: 154593
calculating extra bipartitions to be added at level 1 ...
Adding to X using resolutions of greedy consensus ...
Limit for sigma of degrees:5075
polytomy size limit : 49
discarded polytomies: 55 85 119  [3, 3, 3, 3, 3, 3, 3, 3, 3, 3, 3, 3, 3, 3, 3, 3, 4, 4, 4, 4, 4, 5, 5, 6, 6, 7, 7, 8, 13, 27, 37, 49, 55, 85, 119]
Threshold 0.0:
polytomy of size 13; rounds with additions with at least 5 support: 10; clusters: 155617
Threshold 0.01:
polytomy of size 3; rounds with additions with at least 5 support: 0; clusters: 155617
polytomy of size 27; rounds with additions with at least 5 support: 3; clusters: 161695
Threshold 0.02:
polytomy of size 37; rounds with additions with at least 5 support: 2; clusters: 172999
Threshold 0.05:
polytomy of size 3; rounds with additions with at least 5 support: 0; clusters: 172999
polytomy of size 3; rounds with additions with at least 5 support: 0; clusters: 172999
polytomy of size 4; rounds with additions with at least 5 support: 0; clusters: 172999
polytomy of size 49; rounds with additions with at least 5 support: 3; clusters: 173175
Threshold 0.1:
polytomy of size 3; rounds with additions with at least 5 support: 0; clusters: 173175
polytomy of size 3; rounds with additions with at least 5 support: 0; clusters: 173175
polytomy of size 3; rounds with additions with at least 5 support: 0; clusters: 173175
polytomy of size 3; rounds with additions with at least 5 support: 0; clusters: 173175
polytomy of size 5; rounds with additions with at least 5 support: 0; clusters: 173175
polytomy of size 4; rounds with additions with at least 5 support: 0; clusters: 173175
polytomy of size 5; rounds with additions with at least 5 support: 0; clusters: 173175
polytomy of size 55; rounds with additions with at least 5 support: 1; clusters: 173287
Threshold 0.2:
polytomy of size 3; rounds with additions with at least 5 support: 0; clusters: 173287
polytomy of size 6; rounds with additions with at least 5 support: 0; clusters: 173287
polytomy of size 3; rounds with additions with at least 5 support: 0; clusters: 173287
polytomy of size 4; rounds with additions with at least 5 support: 0; clusters: 173287
polytomy of size 7; rounds with additions with at least 5 support: 0; clusters: 173287
polytomy of size 3; rounds with additions with at least 5 support: 0; clusters: 173287
polytomy of size 3; rounds with additions with at least 5 support: 0; clusters: 173287
polytomy of size 4; rounds with additions with at least 5 support: 0; clusters: 173287
polytomy of size 3; rounds with additions with at least 5 support: 0; clusters: 173287
polytomy of size 85; rounds with additions with at least 5 support: 0; clusters: 173357
Threshold 0.3333333333333333:
polytomy of size 3; rounds with additions with at least 5 support: 0; clusters: 173357
polytomy of size 6; rounds with additions with at least 5 support: 0; clusters: 173357
polytomy of size 7; rounds with additions with at least 5 support: 0; clusters: 173357
polytomy of size 4; rounds with additions with at least 5 support: 0; clusters: 173357
polytomy of size 3; rounds with additions with at least 5 support: 0; clusters: 173357
polytomy of size 3; rounds with additions with at least 5 support: 0; clusters: 173357
polytomy of size 3; rounds with additions with at least 5 support: 0; clusters: 173357
polytomy of size 8; rounds with additions with at least 5 support: 0; clusters: 173357
polytomy of size 119; rounds with additions with at least 5 support: 0; clusters: 173357
max k is :20
Number of Clusters after addition by greedy: 173357
gradient0 in heuristiic: 173357
partitions formed in 208.642 secs
Dynamic Programming starting after 208.642 secs
Using tree-based weight calculation.
Using polytree-based weight calculation.
Polytree max score: 65998350000
Polytree building time: 2.353 seconds.
Number of quartet trees in the gene trees: 65998350000
Size of largest cluster: 201
Greedy score: 26299422022
estimationFactor: 2.5094981153878986
Sub-optimal score: 29042007828
Calculated 100000 weights; time (seconds): 588
Calculated 200000 weights; time (seconds): 391
Calculated 300000 weights; time (seconds): 410
Calculated 400000 weights; time (seconds): 413
Calculated 500000 weights; time (seconds): 417
Total Number of elements weighted: 512013
Normalized score (portion of input quartet trees satisfied before correcting for multiple individuals): 0.47956535966429464
Optimization score: 31650522455
Optimal tree inferred in 2271.097 secs.
(25,(((88,(((135,153),(102,40)),(50,(((119,141),(113,136)),(54,((11,86),(181,(172,66)))))))),(((194,21),((116,26),(95,(5,120)))),((13,(84,145)),(65,((2,68),((58,36),(106,12))))))),((19,(1,((10,198),(130,((4,(107,90)),(33,(151,14))))))),(22,(((97,((171,(197,7)),((15,200),(128,(165,(180,163)))))),((0,(89,(108,((64,164),((8,160),((94,114),(9,37))))))),((24,(63,((3,(132,62)),(60,(177,(195,(142,139))))))),((118,(190,179)),((92,(140,182)),((143,38),((161,199),((124,(81,(152,175))),((23,(192,(186,176))),((46,(72,(156,129))),(162,(103,(144,(188,115)))))))))))))),(((173,73),(((75,51),((101,(71,49)),((170,83),((70,45),(17,(48,61)))))),((193,39),((44,(149,(184,137))),(34,((159,(126,(6,122))),((80,76),(55,(18,111))))))))),((((82,123),(169,((178,57),(168,(155,98))))),((147,29),((183,78),((28,185),((154,(131,59)),(67,(167,((138,(191,27)),(158,(146,69)))))))))),((((41,125),((196,20),(31,32))),((187,(96,(127,30))),(133,((99,(56,157)),(85,(42,109)))))),(((43,(74,35)),(53,(52,(105,93)))),(((77,(174,148)),(47,(16,(189,134)))),((100,117),(150,((104,121),(166,(87,(112,(110,(79,91))))))))))))))))));
Final quartet score is: 31650522455
Final normalized quartet score is: 0.47956535966429464
Extended species tree:
(133,(((99,(56,157)0.97:0.05440027706019853)1:1.0702135672397532,(85,(42,109)0.49:0.013984962844957613)1:0.9507243864987972)1:0.5101341147990094,((187,(96,(127,30)1:0.2777016691134311)1:0.15699451950292395)1:1.4022212641727416,(((41,125)0.83:0.036397529262698854,((196,20)1:0.27226877924319604,(31,32)1:0.1911403810015051)1:0.6378735947374404)1:0.6409418685237761,((((43,(74,35)1:0.48687386055671855)1:0.28056511597989614,(53,(52,(105,93)1:0.34420496037265946)0.49:0.01765520621201991)1:0.5931870721489402)1:0.17475881230699378,(((77,(174,148)1:1.0980221440655598)1:0.11095820032160297,(47,(16,(189,134)1:0.799978688156935)1:0.5521118875155719)1:0.15057945628479916)1:0.20225985048171183,((100,117)1:0.9429949796403333,(150,((104,121)1:0.28898386372059615,(166,(87,(112,(110,(79,91)0.98:0.05768209156568901)1:0.08403907993151022)1:0.18612805428446919)1:0.15459008063511342)1:0.0702571181872059)0.99:0.06570956396100402)1:0.724424136040567)1:0.2688444210420998)1:0.2267947236945968)0.92:0.04415106395453477,((((82,123)1:1.688244926049435,(169,((178,57)1:0.8488213074802309,(168,(155,98)1:0.3646903402048393)1:0.7080696883048844)1:0.0847992568843322)1:0.9307101892476098)0.7:0.024734380059992428,((147,29)1:1.7327831515227479,((183,78)1:0.8030439093026704,((28,185)1:0.9348030628770605,((154,(131,59)1:0.18791340401048914)1:1.0688109441574905,(67,(167,((138,(191,27)1:0.46923499667779156)1:0.09727604435283203,(158,(146,69)1:0.4535443044775243)1:0.12338300578781278)1:0.48598350573289634)1:0.12577290922600404)0.99:0.06517277489809782)1:0.0754225282491402)1:0.46379486083276167)1:0.075711502638062)1:0.07248352513008965)0.58:0.016583078592906822,(((173,73)0.39:0.004399383667688041,(((75,51)1:0.16445444198328066,((101,(71,49)1:0.9522895649074609)1:0.3171910902657511,((170,83)0.51:0.013954707287241753,((70,45)1:0.27574855910769236,(17,(48,61)1:0.20923577982621025)1:0.4284979809289709)0.56:0.017494331228943286)1:0.20583619135972558)0.99:0.06628186066067267)0.79:0.03083405193391919,((193,39)1:0.21333845640001953,((44,(149,(184,137)1:0.45602495548901983)0.43:0.006874592961520369)1:0.22381255813794734,(34,((159,(126,(6,122)0.8:0.031966490575807506)1:0.13614350506317496)1:0.4843264927147411,((80,76)1:0.30882527864989,(55,(18,111)0.99:0.06360050572770333)0.94:0.04586145253966544)1:0.2247421894278274)1:0.7878321602957062)1:0.27046671634553965)0.87:0.03783799107054346)0.42:0.008449795431916568)0.99:0.062025362803456156)0.98:0.055668191164311036,(((97,((171,(197,7)1:0.9238648278773112)1:0.17080209116225795,((15,200)1:0.4974703157939902,(128,(165,(180,163)1:0.09473591914911657)1:0.6504091437464168)0.54:0.0148306080795712)0.99:0.06410571437902925)1:0.13355704668155677)1:0.2570959800320221,((0,(89,(108,((64,164)1:0.8797211912017471,((8,160)1:0.11408852205400605,((94,114)1:0.2284846327367107,(9,37)1:0.09430521833270374)0.98:0.059486624572156546)1:1.1319725749876426)1:0.18295706088170993)1:0.17069378787579836)1:0.10109611687136974)0.11:0.0,((24,(63,((3,(132,62)1:0.8813163343754481)1:0.18392859915627996,(60,(177,(195,(142,139)1:0.1563605082715951)1:0.6994475075133332)1:0.10856482575098224)1:0.09640541010797736)0.8:0.0392753683265011)1:0.4625598172805463)1:0.07697919388001682,((118,(190,179)1:1.2239131821561169)1:0.6404799481560357,((92,(140,182)1:0.7198219731246187)1:0.6742878745105684,((143,38)1:1.0401370540575294,((161,199)0.42:0.007956254034045023,((124,(81,(152,175)1:0.1577685039702791)1:0.10523966243391918)1:0.5487835430981314,((23,(192,(186,176)1:0.5845859077707461)1:0.40964542329470266)1:0.4630523153280992,((46,(72,(156,129)1:0.11480466277365282)1:0.10178925955742049)1:0.3803819563060808,(162,(103,(144,(188,115)1:0.1429471629887648)1:0.07400831106958625)1:0.6739439735755108)1:0.18054853692812767)1:0.3144221378761239)0.71:0.025348748815799568)1:0.15300621530346314)1:0.12515814796148567)1:0.13880337732453268)0.99:0.068831988948149)1:0.15132590480974198)0.97:0.05222465778914162)1:0.07568316528499248)0.75:0.027914879828267732,(22,((19,(1,((10,198)0.96:0.053121380384145926,(130,((4,(107,90)1:0.18940315198855553)1:0.35949111172835896,(33,(151,14)1:0.2821273411880722)1:0.1199057627263458)0.97:0.052685347794960376)1:0.6308149423122058)1:0.1400552598029503)1:0.5805642683790017)1:0.07482368487805346,(((88,(((135,153)1:0.5889501380688753,(102,40)1:0.16980719828124663)1:0.542453773838864,(50,(((119,141)1:0.3687306256561965,(113,136)1:0.07291951248797877)1:0.7123019877563918,(54,((11,86)0.96:0.050406819189012235,(181,(172,66)1:0.5351376919146937)1:0.3808919700463336)1:0.11347214189369999)1:0.4433496639331873)1:0.10792227369192817)0.45:0.008741285931644494)1:0.15693327999490753)0.99:0.06505989116198486,(((194,21)1:0.23472461261211208,((116,26)1:0.6711528723250278,(95,(5,120)1:0.6238859266405434)0.85:0.03543052889160786)1:0.09806689323551529)1:0.38021005353975207,((13,(84,145)1:0.15173430374301194)1:0.1907888870455522,(65,((2,68)1:0.192227525302168,((58,36)0.93:0.046444314653732714,(106,12)0.96:0.05126073330348802)0.94:0.047517776042749475)1:0.26956140997015055)1:0.7951594771853076)1:0.4485691742171832)0.62:0.02234961279178156)0.99:0.061706238638498896,25)0.37:0.0027586489743813146)1:0.22880460276352624)0.52:0.012939368430081952)0.81:0.03208560546717215)0.51:0.012878102536555948)0.38:0.003566759562210205)0.72:0.026013169030494106)1:0.10151599385471002)1:0.21661512548149284));
Weight calculation took 1925.13464918 secs
ASTRAL finished in 2280.492 secs
