
================== ASTRAL ===================== 

This is ASTRAL version 5.7.8
Gene trees are treated as unrooted
50 trees read from Dataset/AstralII_data/model.200.500000.0.000001/29/estimatedgenetre.halfresolved_50
index0
All output trees will be *arbitrarily* rooted at 133

======== Running the main analysis
Number of taxa: 201 (201 species)
Taxa: [133, 172, 54, 66, 181, 11, 86, 50, 119, 113, 173, 75, 149, 184, 137, 43, 74, 35, 105, 193, 48, 61, 71, 49, 55, 159, 6, 126, 122, 80, 18, 111, 76, 44, 24, 9, 94, 128, 97, 165, 15, 200, 22, 89, 142, 139, 108, 3, 41, 196, 190, 179, 82, 123, 20, 31, 32, 77, 16, 189, 125, 67, 147, 29, 28, 185, 155, 178, 57, 169, 194, 5, 120, 183, 98, 168, 102, 135, 153, 63, 161, 152, 124, 192, 23, 140, 92, 182, 199, 103, 144, 188, 186, 176, 143, 38, 118, 60, 195, 132, 62, 177, 99, 56, 157, 64, 164, 197, 78, 191, 167, 131, 154, 59, 27, 138, 146, 69, 158, 85, 42, 109, 100, 117, 104, 79, 87, 150, 121, 110, 91, 166, 112, 47, 134, 174, 148, 175, 81, 156, 72, 129, 46, 162, 115, 19, 88, 40, 141, 136, 25, 21, 95, 116, 26, 65, 58, 106, 12, 36, 2, 68, 13, 84, 145, 39, 170, 17, 70, 83, 101, 45, 171, 0, 73, 34, 51, 180, 163, 96, 187, 127, 30, 7, 107, 4, 90, 33, 151, 14, 130, 1, 10, 198, 93, 53, 52, 114, 8, 160, 37]
Taxon occupancy: {110=50, 111=50, 112=50, 113=50, 114=50, 115=50, 116=50, 117=50, 118=50, 119=50, 10=50, 11=50, 12=50, 13=50, 14=50, 15=50, 16=50, 17=50, 18=50, 19=50, 120=50, 121=50, 0=50, 122=50, 1=50, 123=50, 2=50, 3=50, 124=50, 125=50, 4=50, 126=50, 5=50, 6=50, 127=50, 128=50, 7=50, 129=50, 8=50, 9=50, 20=50, 21=50, 22=50, 23=50, 24=50, 25=50, 26=50, 27=50, 28=50, 29=50, 130=50, 131=50, 132=50, 133=50, 134=50, 135=50, 136=50, 137=50, 138=50, 139=50, 30=50, 31=50, 32=50, 33=50, 34=50, 35=50, 36=50, 37=50, 38=50, 39=50, 140=50, 141=50, 142=50, 143=50, 144=50, 145=50, 146=50, 147=50, 148=50, 149=50, 40=50, 41=50, 42=50, 43=50, 44=50, 45=50, 46=50, 47=50, 48=50, 49=50, 150=50, 151=50, 152=50, 153=50, 154=50, 155=50, 156=50, 157=50, 158=50, 159=50, 50=50, 51=50, 52=50, 53=50, 54=50, 55=50, 56=50, 57=50, 58=50, 59=50, 160=50, 161=50, 162=50, 163=50, 164=50, 165=50, 166=50, 167=50, 168=50, 169=50, 60=50, 61=50, 62=50, 63=50, 64=50, 65=50, 66=50, 67=50, 68=50, 69=50, 170=50, 171=50, 172=50, 173=50, 174=50, 175=50, 176=50, 177=50, 178=50, 179=50, 70=50, 71=50, 72=50, 73=50, 74=50, 75=50, 76=50, 77=50, 78=50, 79=50, 180=50, 181=50, 182=50, 183=50, 184=50, 185=50, 186=50, 187=50, 188=50, 189=50, 80=50, 81=50, 82=50, 83=50, 84=50, 85=50, 86=50, 87=50, 88=50, 89=50, 190=50, 191=50, 192=50, 193=50, 194=50, 195=50, 196=50, 197=50, 198=50, 199=50, 90=50, 91=50, 92=50, 93=50, 94=50, 95=50, 96=50, 97=50, 98=50, 99=50, 200=50, 100=50, 101=50, 102=50, 103=50, 104=50, 105=50, 106=50, 107=50, 108=50, 109=50}
Number of gene trees: 50
0 trees have missing taxa
Calculating quartet distance matrix (for completion of X)
Species tree distances calculated ...
Building set of clusters (X) from gene trees 
------------------------------
gradient0: 11983
Number of Clusters after addition by distance: 11983
calculating extra bipartitions to be added at level 1 ...
Adding to X using resolutions of greedy consensus ...
Limit for sigma of degrees:5075
polytomy size limit : 56
discarded polytomies: 78 116  [3, 3, 3, 3, 3, 3, 3, 3, 3, 3, 3, 3, 3, 3, 3, 4, 4, 4, 4, 4, 5, 6, 6, 7, 7, 9, 26, 26, 26, 46, 56, 78, 116]
Threshold 0.0:
polytomy of size 3; rounds with additions with at least 5 support: 1; clusters: 11987
polytomy of size 26; rounds with additions with at least 5 support: 5; clusters: 23259
Threshold 0.01:
polytomy of size 3; rounds with additions with at least 5 support: 0; clusters: 23259
polytomy of size 26; rounds with additions with at least 5 support: 1; clusters: 33007
Threshold 0.02:
polytomy of size 3; rounds with additions with at least 5 support: 0; clusters: 33007
polytomy of size 26; rounds with additions with at least 5 support: 0; clusters: 42269
Threshold 0.05:
polytomy of size 3; rounds with additions with at least 5 support: 0; clusters: 42269
polytomy of size 3; rounds with additions with at least 5 support: 1; clusters: 42271
polytomy of size 3; rounds with additions with at least 5 support: 1; clusters: 42273
polytomy of size 3; rounds with additions with at least 5 support: 0; clusters: 42273
polytomy of size 3; rounds with additions with at least 5 support: 1; clusters: 42275
polytomy of size 46; rounds with additions with at least 5 support: 10; clusters: 43451
Threshold 0.1:
polytomy of size 3; rounds with additions with at least 5 support: 0; clusters: 43451
polytomy of size 3; rounds with additions with at least 5 support: 0; clusters: 43451
polytomy of size 3; rounds with additions with at least 5 support: 0; clusters: 43451
polytomy of size 4; rounds with additions with at least 5 support: 0; clusters: 43453
polytomy of size 3; rounds with additions with at least 5 support: 0; clusters: 43453
polytomy of size 56; rounds with additions with at least 5 support: 3; clusters: 44037
Threshold 0.2:
polytomy of size 4; rounds with additions with at least 5 support: 0; clusters: 44037
polytomy of size 5; rounds with additions with at least 5 support: 0; clusters: 44039
polytomy of size 6; rounds with additions with at least 5 support: 0; clusters: 44043
polytomy of size 4; rounds with additions with at least 5 support: 1; clusters: 44045
polytomy of size 7; rounds with additions with at least 5 support: 0; clusters: 44045
polytomy of size 4; rounds with additions with at least 5 support: 0; clusters: 44045
polytomy of size 78; rounds with additions with at least 5 support: 2; clusters: 44477
Threshold 0.3333333333333333:
polytomy of size 6; rounds with additions with at least 5 support: 0; clusters: 44477
polytomy of size 4; rounds with additions with at least 5 support: 0; clusters: 44477
polytomy of size 7; rounds with additions with at least 5 support: 0; clusters: 44477
polytomy of size 3; rounds with additions with at least 5 support: 0; clusters: 44477
polytomy of size 9; rounds with additions with at least 5 support: 0; clusters: 44477
polytomy of size 3; rounds with additions with at least 5 support: 0; clusters: 44477
polytomy of size 3; rounds with additions with at least 5 support: 0; clusters: 44477
polytomy of size 116; rounds with additions with at least 5 support: 0; clusters: 44705
max k is :20
Number of Clusters after addition by greedy: 44705
gradient0 in heuristiic: 44705
partitions formed in 24.157 secs
Dynamic Programming starting after 24.157 secs
Using tree-based weight calculation.
Using polytree-based weight calculation.
Polytree max score: 3299917500
Polytree building time: 0.114 seconds.
Number of quartet trees in the gene trees: 3299917500
Size of largest cluster: 201
Greedy score: 1350985246
estimationFactor: 2.4426006943972207
Sub-optimal score: 1444398469
Calculated 100000 weights; time (seconds): 56
Total Number of elements weighted: 138760
Normalized score (portion of input quartet trees satisfied before correcting for multiple individuals): 0.4758759490199376
Optimization score: 1570351372
Optimal tree inferred in 71.044 secs.
(25,(((13,(84,145)),(65,((2,68),(58,(106,(12,36)))))),((19,(1,(198,(10,(130,((33,(151,14)),(4,(107,90)))))))),((((194,21),(95,((5,120),(116,26)))),(88,(((135,153),(102,40)),(50,((136,(113,(119,141))),(54,(86,(11,(181,(172,66)))))))))),(22,(((82,123),((97,((171,(197,7)),((165,(180,163)),(128,(15,200))))),(((24,0),(89,(108,((64,164),(160,(8,((94,114),(9,37)))))))),(((60,(3,(132,62))),(63,(177,(195,(142,139))))),((118,(190,179)),((92,(140,182)),((143,38),((161,199),(((23,(192,(186,176))),(124,(81,(152,175)))),((103,(144,(188,115))),(162,(46,(72,(156,129)))))))))))))),((((41,125),((196,20),(31,32))),(73,(((75,51),((101,(71,49)),((70,45),(83,(170,(17,(48,61))))))),((193,39),(173,((44,(149,(184,137))),(34,(((159,126),(6,122)),(55,(111,(18,(80,76)))))))))))),(((147,29),((169,((178,57),(168,(155,98)))),((183,78),((28,185),((154,(131,59)),(67,(167,((138,(191,27)),(158,(146,69)))))))))),(((187,(96,(127,30))),(133,((99,(56,157)),(85,(42,109))))),(((43,(74,35)),(52,(53,(105,93)))),(((77,(174,148)),(47,(16,(189,134)))),((100,117),((104,121),((150,166),(87,(112,(79,(110,91))))))))))))))))));
Final quartet score is: 1570351372
Final normalized quartet score is: 0.4758759490199376
Extended species tree:
(133,(((99,(56,157)0.95:0.23052365861183224)1:0.7650531468404204,(85,(42,109)0.65:0.09237332013101504)1:1.0794161209241357)1:0.4214862345059975,((187,(96,(127,30)1:0.39086630868701183)1:0.34830669426821587)1:1.2426491671635829,((((43,(74,35)0.98:0.27979092872186395)1:0.3739770183397025,(52,(53,(105,93)1:0.38321014091586325)0.47:0.04029026072910511)1:0.8398854256415129)0.67:0.09416619252283878,(((77,(174,148)1:0.9853950177671049)0.67:0.09441231132908408,(47,(16,(189,134)1:0.6410520686765436)1:0.5120207239978666)0.75:0.12941040870858933)0.81:0.1473255651277267,((100,117)1:0.7832969794522626,((104,121)0.89:0.18663758012632395,((150,166)0.52:0.11769965526361367,(87,(112,(79,(110,91)0.44:0.029852963149681274)0.64:0.10830103460984088)0.98:0.28362203159895427)0.76:0.12447609380296766)0.58:0.07660448706202912)1:0.6093317869044063)0.99:0.31492841678252065)0.97:0.26456472200561343)0.37:0.00431295564370606,(((147,29)1:1.9166551252204562,((169,((178,57)1:0.7375352833287397,(168,(155,98)1:0.5811244150767025)1:0.9440008163768352)0.85:0.17005918964860228)1:0.8365648164554353,((183,78)1:0.7518608915302064,((28,185)1:0.7831211850583695,((154,(131,59)0.99:0.3052649430096477)1:0.8071014484998705,(67,(167,((138,(191,27)0.84:0.15976155876938655)0.83:0.15336332437937775,(158,(146,69)0.96:0.2555249608172494)0.55:0.05902334044946068)1:0.3625591737041386)0.93:0.2057577204002859)0.46:0.03268982290890249)0.55:0.07232848388806741)0.99:0.31291486119488787)0.52:0.049727789374337195)0.39:0.011801017863689327)0.6:0.07263307270245932,((((41,125)0.37:0.004345779158765261,((196,20)0.93:0.2205156248374843,(31,32)0.98:0.29047286465483213)1:0.6150555570535308)1:0.6288691100033492,(73,(((75,51)0.73:0.12060564291787884,((101,(71,49)1:0.8909172213414593)0.94:0.22487466738036724,((70,45)0.98:0.2801102452251763,(83,(170,(17,(48,61)0.55:0.08167803101426713)1:0.3948468535271489)0.47:0.035434372987876224)0.4:0.01564247829537397)0.94:0.21681799880427807)0.47:0.037040292952509275)0.43:0.023922937232112584,((193,39)1:0.4601461508627206,(173,((44,(149,(184,137)0.98:0.2821517403633022)0.51:0.0510733000436606)0.81:0.14408131301297802,(34,(((159,126)0.7:0.10630651886512336,(6,122)0.85:0.17583324568996103)1:0.4897312593542745,(55,(111,(18,(80,76)0.76:0.1273540935228586)0.48:0.042936176669634195)0.57:0.09259278682782504)0.89:0.18265479245785057)1:0.7875830891244378)0.93:0.21179647873264196)0.49:0.06632379500546907)0.47:0.03723829872706894)0.4:0.01369486422550978)0.38:0.005862575185331521)0.51:0.04932614280398663)0.38:0.005269791313619087,(((82,123)1:1.2729728687379263,((97,((171,(197,7)1:1.037253952652835)0.73:0.12704570089178904,((165,(180,163)0.54:0.0925362529215997)1:0.6210019175740715,(128,(15,200)1:0.34515510010587075)0.51:0.04833400879726704)0.63:0.0839338239942076)0.86:0.1646670065260507)0.93:0.20994254677911595,(((24,0)0.44:0.03012556724203428,(89,(108,((64,164)1:0.9612783209239415,(160,(8,((94,114)0.55:0.06030741324914398,(9,37)0.55:0.07637297878457397)0.64:0.09241446646796851)0.35:0.0)1:1.05217609245575)0.61:0.08719243170346595)0.61:0.07932755949033579)0.58:0.07891439493563297)0.39:0.013727166094513828,(((60,(3,(132,62)1:0.8418167711892922)0.96:0.2448197600796901)0.45:0.02937959035977641,(63,(177,(195,(142,139)0.86:0.16587992415415775)1:0.8476711758057327)0.4:0.0180694362623217)0.5:0.044399541340802914)1:0.5731661997809601,((118,(190,179)1:1.2252917321400798)1:0.522881752349456,((92,(140,182)1:0.5111227564379138)1:0.5704894706141548,((143,38)1:1.369748141414342,((161,199)0.45:0.032893761200302137,(((23,(192,(186,176)1:0.6357082224623004)1:0.4285344867507841)1:0.39297109785764917,(124,(81,(152,175)0.99:0.30566816882156284)0.89:0.18927310393434507)0.99:0.30791657192051214)0.43:0.026046035202398073,((103,(144,(188,115)0.45:0.02954691877085783)0.54:0.06070393968282593)1:0.9327915245640026,(162,(46,(72,(156,129)0.78:0.15680323415471353)0.85:0.16099198388153257)0.97:0.2552020989670297)0.53:0.054428444421531774)0.96:0.23698191802477198)0.84:0.16049987414835312)0.65:0.08974395262499132)0.58:0.07459358811775689)0.57:0.07193553697024549)0.81:0.1460112099100689)0.67:0.09572869222243596)0.44:0.024920840951677826)0.52:0.05997171554690864)0.35:0.0,(22,((((194,21)0.96:0.2476608836333483,(95,((5,120)1:0.8147633220753685,(116,26)1:0.5648361685848329)0.37:0.003720899562963707)0.61:0.07831808642991464)1:0.38149414607271115,(88,(((135,153)1:0.8293695600079265,(102,40)0.67:0.12550160970287944)1:0.5226324436624423,(50,((136,(113,(119,141)1:0.34788590739055736)0.55:0.09065545803732311)1:0.6754926302920405,(54,(86,(11,(181,(172,66)1:0.39152528729405467)0.58:0.07122951329437602)0.64:0.09237332013101504)0.66:0.0961023486908819)1:0.5744269665624545)0.47:0.03491626510622799)0.59:0.07104498919473341)0.72:0.11736805095496436)0.55:0.060348777040063306)0.4:0.016897261552051564,((19,(1,(198,(10,(130,((33,(151,14)0.46:0.03368644173830946)0.47:0.060624621816434854,(4,(107,90)1:0.3464145461161778)1:0.398401127430204)0.84:0.15526027258014877)1:0.5045044208508292)0.45:0.03577776734727286)0.86:0.16404185525942122)1:0.4618225315899885)0.75:0.12147433959101629,(((13,(84,145)0.88:0.1745090170571611)0.43:0.041158442213376244,(65,((2,68)0.84:0.16447274894702762,(58,(106,(12,36)0.67:0.10549256372351379)0.66:0.09155492250779333)0.56:0.06260307338818057)0.98:0.2798795612461586)1:0.8562721822753776)1:0.46574909245940654,25)0.49:0.04462050166748867)0.4:0.019723233560248486)0.87:0.16985175930784258)0.38:0.006963992888914873)0.38:0.006986200741363233)0.35:0.0)0.38:0.007731756022733333)0.69:0.10119158708091591)0.88:0.1767719688030455));
Weight calculation took 37.136906557 secs
ASTRAL finished in 72.494 secs
