
================== ASTRAL ===================== 

This is ASTRAL version 5.7.8
Gene trees are treated as unrooted
200 trees read from Dataset/AstralII_data/model.200.500000.0.000001/29/estimatedgenetre.halfresolved_200
index0
All output trees will be *arbitrarily* rooted at 133

======== Running the main analysis
Number of taxa: 201 (201 species)
Taxa: [133, 172, 54, 66, 181, 11, 86, 50, 119, 113, 173, 75, 149, 184, 137, 43, 74, 35, 105, 193, 48, 61, 71, 49, 55, 159, 6, 126, 122, 80, 18, 111, 76, 44, 24, 9, 94, 128, 97, 165, 15, 200, 22, 89, 142, 139, 108, 3, 41, 196, 190, 179, 82, 123, 20, 31, 32, 77, 16, 189, 125, 67, 147, 29, 28, 185, 155, 178, 57, 169, 194, 5, 120, 183, 98, 168, 102, 135, 153, 63, 161, 152, 124, 192, 23, 140, 92, 182, 199, 103, 144, 188, 186, 176, 143, 38, 118, 60, 195, 132, 62, 177, 99, 56, 157, 64, 164, 197, 78, 191, 167, 131, 154, 59, 27, 138, 146, 69, 158, 85, 42, 109, 100, 117, 104, 79, 87, 150, 121, 110, 91, 166, 112, 47, 134, 174, 148, 175, 81, 156, 72, 129, 46, 162, 115, 19, 88, 40, 141, 136, 25, 21, 95, 116, 26, 65, 58, 106, 12, 36, 2, 68, 13, 84, 145, 39, 170, 17, 70, 83, 101, 45, 171, 0, 73, 34, 51, 180, 163, 96, 187, 127, 30, 7, 107, 4, 90, 33, 151, 14, 130, 1, 10, 198, 93, 53, 52, 114, 8, 160, 37]
Taxon occupancy: {110=200, 111=200, 112=200, 113=200, 114=200, 115=200, 116=200, 117=200, 118=200, 119=200, 10=200, 11=200, 12=200, 13=200, 14=200, 15=200, 16=200, 17=200, 18=200, 19=200, 120=200, 121=200, 0=200, 122=200, 1=200, 123=200, 2=200, 3=200, 124=200, 125=200, 4=200, 126=200, 5=200, 6=200, 127=200, 128=200, 7=200, 129=200, 8=200, 9=200, 20=200, 21=200, 22=200, 23=200, 24=200, 25=200, 26=200, 27=200, 28=200, 29=200, 130=200, 131=200, 132=200, 133=200, 134=200, 135=200, 136=200, 137=200, 138=200, 139=200, 30=200, 31=200, 32=200, 33=200, 34=200, 35=200, 36=200, 37=200, 38=200, 39=200, 140=200, 141=200, 142=200, 143=200, 144=200, 145=200, 146=200, 147=200, 148=200, 149=200, 40=200, 41=200, 42=200, 43=200, 44=200, 45=200, 46=200, 47=200, 48=200, 49=200, 150=200, 151=200, 152=200, 153=200, 154=200, 155=200, 156=200, 157=200, 158=200, 159=200, 50=200, 51=200, 52=200, 53=200, 54=200, 55=200, 56=200, 57=200, 58=200, 59=200, 160=200, 161=200, 162=200, 163=200, 164=200, 165=200, 166=200, 167=200, 168=200, 169=200, 60=200, 61=200, 62=200, 63=200, 64=200, 65=200, 66=200, 67=200, 68=200, 69=200, 170=200, 171=200, 172=200, 173=200, 174=200, 175=200, 176=200, 177=200, 178=200, 179=200, 70=200, 71=200, 72=200, 73=200, 74=200, 75=200, 76=200, 77=200, 78=200, 79=200, 180=200, 181=200, 182=200, 183=200, 184=200, 185=200, 186=200, 187=200, 188=200, 189=200, 80=200, 81=200, 82=200, 83=200, 84=200, 85=200, 86=200, 87=200, 88=200, 89=200, 190=200, 191=200, 192=200, 193=200, 194=200, 195=200, 196=200, 197=200, 198=200, 199=200, 90=200, 91=200, 92=200, 93=200, 94=200, 95=200, 96=200, 97=200, 98=200, 99=200, 200=200, 100=200, 101=200, 102=200, 103=200, 104=200, 105=200, 106=200, 107=200, 108=200, 109=200}
Number of gene trees: 200
0 trees have missing taxa
Calculating quartet distance matrix (for completion of X)
Species tree distances calculated ...
Building set of clusters (X) from gene trees 
------------------------------
gradient0: 37971
Number of Clusters after addition by distance: 37971
calculating extra bipartitions to be added at level 1 ...
Adding to X using resolutions of greedy consensus ...
Limit for sigma of degrees:5075
polytomy size limit : 57
discarded polytomies: 79 113  [3, 3, 3, 3, 3, 3, 3, 3, 3, 3, 3, 3, 3, 3, 3, 3, 4, 4, 4, 4, 4, 5, 6, 6, 7, 7, 7, 9, 9, 19, 27, 32, 47, 57, 79, 113]
Threshold 0.0:
polytomy of size 19; rounds with additions with at least 5 support: 9; clusters: 42099
Threshold 0.01:
polytomy of size 27; rounds with additions with at least 5 support: 8; clusters: 51437
Threshold 0.02:
polytomy of size 3; rounds with additions with at least 5 support: 0; clusters: 51439
polytomy of size 32; rounds with additions with at least 5 support: 0; clusters: 64223
Threshold 0.05:
polytomy of size 3; rounds with additions with at least 5 support: 0; clusters: 64223
polytomy of size 3; rounds with additions with at least 5 support: 0; clusters: 64223
polytomy of size 3; rounds with additions with at least 5 support: 0; clusters: 64223
polytomy of size 47; rounds with additions with at least 5 support: 6; clusters: 64595
Threshold 0.1:
polytomy of size 3; rounds with additions with at least 5 support: 0; clusters: 64595
polytomy of size 3; rounds with additions with at least 5 support: 0; clusters: 64595
polytomy of size 4; rounds with additions with at least 5 support: 0; clusters: 64595
polytomy of size 3; rounds with additions with at least 5 support: 0; clusters: 64595
polytomy of size 3; rounds with additions with at least 5 support: 0; clusters: 64595
polytomy of size 6; rounds with additions with at least 5 support: 0; clusters: 64595
polytomy of size 4; rounds with additions with at least 5 support: 0; clusters: 64595
polytomy of size 57; rounds with additions with at least 5 support: 2; clusters: 64895
Threshold 0.2:
polytomy of size 4; rounds with additions with at least 5 support: 0; clusters: 64895
polytomy of size 5; rounds with additions with at least 5 support: 0; clusters: 64895
polytomy of size 7; rounds with additions with at least 5 support: 0; clusters: 64895
polytomy of size 3; rounds with additions with at least 5 support: 0; clusters: 64895
polytomy of size 4; rounds with additions with at least 5 support: 0; clusters: 64895
polytomy of size 3; rounds with additions with at least 5 support: 0; clusters: 64895
polytomy of size 3; rounds with additions with at least 5 support: 0; clusters: 64895
polytomy of size 3; rounds with additions with at least 5 support: 0; clusters: 64895
polytomy of size 7; rounds with additions with at least 5 support: 0; clusters: 64895
polytomy of size 3; rounds with additions with at least 5 support: 0; clusters: 64895
polytomy of size 79; rounds with additions with at least 5 support: 1; clusters: 65115
Threshold 0.3333333333333333:
polytomy of size 6; rounds with additions with at least 5 support: 0; clusters: 65115
polytomy of size 7; rounds with additions with at least 5 support: 0; clusters: 65115
polytomy of size 3; rounds with additions with at least 5 support: 0; clusters: 65115
polytomy of size 3; rounds with additions with at least 5 support: 0; clusters: 65115
polytomy of size 4; rounds with additions with at least 5 support: 0; clusters: 65115
polytomy of size 9; rounds with additions with at least 5 support: 0; clusters: 65115
polytomy of size 3; rounds with additions with at least 5 support: 0; clusters: 65115
polytomy of size 9; rounds with additions with at least 5 support: 0; clusters: 65115
polytomy of size 113; rounds with additions with at least 5 support: 0; clusters: 65203
max k is :18
Number of Clusters after addition by greedy: 65203
gradient0 in heuristiic: 65203
partitions formed in 48.75 secs
Dynamic Programming starting after 48.75 secs
Using tree-based weight calculation.
Using polytree-based weight calculation.
Polytree max score: 13199670000
Polytree building time: 0.298 seconds.
Number of quartet trees in the gene trees: 13199670000
Size of largest cluster: 201
Greedy score: 5165378225
estimationFactor: 2.555412096662099
Sub-optimal score: 5988515372
Calculated 100000 weights; time (seconds): 140
Total Number of elements weighted: 186016
Normalized score (portion of input quartet trees satisfied before correcting for multiple individuals): 0.48133188806992905
Optimization score: 6353422083
Optimal tree inferred in 228.605 secs.
(25,(((19,(1,(10,(198,(130,((4,(107,90)),(33,(151,14)))))))),(((13,(84,145)),(65,((2,68),((106,12),(58,36))))),(((194,21),((5,120),(95,(116,26)))),(88,(((135,153),(102,40)),(50,((136,(113,(119,141))),(54,((11,86),(181,(172,66))))))))))),((22,((97,((171,(197,7)),(128,((15,200),(163,(165,180)))))),(0,((89,(108,((64,164),((8,160),((94,114),(9,37)))))),((24,(63,((3,(132,62)),(60,(177,(195,(142,139))))))),((118,(190,179)),((92,(140,182)),((143,38),(161,(199,((124,(81,(152,175))),((23,(192,(186,176))),((46,(72,(156,129))),(162,(103,(144,(188,115))))))))))))))))),(((173,73),(((44,(149,(184,137))),(34,((159,(126,(6,122))),((80,76),(55,(18,111)))))),((193,39),((75,51),((101,(71,49)),((70,45),(83,(170,(17,(48,61)))))))))),((((82,123),(169,((178,57),(168,(155,98))))),((147,29),((183,78),((28,185),((154,(131,59)),(67,(167,((138,(191,27)),(158,(146,69)))))))))),((((41,125),((196,20),(31,32))),((187,(96,(127,30))),(133,((99,(56,157)),(85,(42,109)))))),(((43,(74,35)),(52,(53,(105,93)))),(((77,(174,148)),(47,(16,(189,134)))),((100,117),(150,((104,121),(166,(87,(112,(110,(79,91))))))))))))))));
Final quartet score is: 6353422083
Final normalized quartet score is: 0.48133188806992905
Extended species tree:
(133,(((99,(56,157)0.97:0.12715517548524663)1:1.0343967243827223,(85,(42,109)0.62:0.04242197222928126)1:0.9031581819253276)1:0.49388328486087596,((187,(96,(127,30)1:0.30083416653022366)1:0.23912884703479018)1:1.3866086288786048,(((41,125)0.59:0.04482844694379977,((196,20)1:0.24823992181871848,(31,32)0.99:0.14444654754254319)1:0.6703605583999874)1:0.6417515283499596,((((43,(74,35)1:0.43077131913317707)1:0.3240326201214548,(52,(53,(105,93)1:0.3441224107033683)0.47:0.030442024199982567)1:0.6332821394311482)1:0.17587565688312704,(((77,(174,148)1:0.9571409945460992)0.89:0.09853558278350483,(47,(16,(189,134)1:0.8216729233318637)1:0.6514860806524433)0.98:0.13391980617990903)1:0.2256534146821497,((100,117)1:0.9842390923811477,(150,((104,121)1:0.2317077534777605,(166,(87,(112,(110,(79,91)0.85:0.08319481341570167)0.98:0.1312718711356205)0.98:0.13719328258773103)0.99:0.13821128915543957)0.76:0.07208269592771442)0.72:0.0574019410759008)1:0.750411879794763)1:0.2532862806735558)1:0.23880056858058468)0.63:0.04507951830702002,((((82,123)1:1.6564895840178588,(169,((178,57)1:0.8348782652161908,(168,(155,98)1:0.4319316812963277)1:0.7189688761059444)0.96:0.11677894749915589)1:0.9134238376892917)0.42:0.012379433389884014,((147,29)1:1.9691612853895,((183,78)1:0.7956750543114409,((28,185)1:0.7920920939284902,((154,(131,59)1:0.23554487072338964)1:0.9786256079333124,(67,(167,((138,(191,27)1:0.4215365772959875)0.98:0.13408919947376086,(158,(146,69)1:0.5739747559274083)0.99:0.14920587321430537)1:0.44601973612411)0.87:0.08546590106189389)0.97:0.12313836095700308)0.9:0.09260596925641801)1:0.461328335585248)0.63:0.04475432764807991)0.78:0.0664080121577221)0.53:0.030170860136163154,(((173,73)0.51:0.027581089881963533,(((44,(149,(184,137)1:0.3652946147782267)0.59:0.039169195425868344)1:0.24651257134099147,(34,((159,(126,(6,122)0.64:0.04596737677031658)0.72:0.0661206999707227)1:0.5145509413835453,((80,76)1:0.2560523653772057,(55,(18,111)0.91:0.09580781604251204)0.63:0.04419652003929387)1:0.21287733828578412)1:0.7872105798967385)1:0.2873362679874573)0.8:0.069908381800886,((193,39)1:0.22994172166648755,((75,51)0.87:0.09012621423196418,((101,(71,49)1:0.940495844587345)1:0.2627477984164813,((70,45)1:0.31609653303591356,(83,(170,(17,(48,61)0.94:0.12356634825471828)1:0.4216284455150287)0.5:0.026179909559905245)0.57:0.038831882772076366)1:0.2063638377997216)0.62:0.04167661691603747)0.67:0.049657379025232894)0.4:0.009476985711020802)0.6:0.04114704805694578)0.76:0.06288242282798562,((22,((97,((171,(197,7)1:0.8379193919771372)1:0.16787418566638598,(128,((15,200)1:0.4142225016925935,(163,(165,180)0.39:0.00836444897156817)1:0.7051169493496869)0.34:0.0)0.75:0.07068784837147747)0.95:0.11322936140403402)1:0.29694170876682363,(0,((89,(108,((64,164)1:0.9337914710699778,((8,160)0.8:0.07052142965690252,((94,114)1:0.19990073158716753,(9,37)0.79:0.07530925055154719)0.72:0.06301397903338732)1:1.2693451567082799)0.98:0.13607029758969655)0.96:0.11884280522669612)0.96:0.11831311461977313,((24,(63,((3,(132,62)1:0.8274326641635698)1:0.20157934762052274,(60,(177,(195,(142,139)1:0.18817310781737287)1:0.6716732155673737)1:0.17665685179932486)0.93:0.10314536007565205)0.49:0.0363330952928466)1:0.52579409214799)0.86:0.08568502601041518,((118,(190,179)1:1.318538497439005)1:0.5433915453908648,((92,(140,182)1:0.6923183367495446)1:0.6098119911307165,((143,38)1:1.0702032305316913,(161,(199,((124,(81,(152,175)1:0.18001756444859915)0.94:0.10438028221648489)1:0.5610027436733247,((23,(192,(186,176)1:0.5388026835017284)1:0.42214831613671916)1:0.3995153402217853,((46,(72,(156,129)0.58:0.03716643987527427)0.95:0.10882637287828399)1:0.4672090303147204,(162,(103,(144,(188,115)0.98:0.14116311955532462)0.8:0.07416625332542309)1:0.6567088283019392)1:0.17533517428093706)1:0.2694934593840084)0.46:0.019236275833452304)0.95:0.11025611099671737)0.57:0.03557004143724418)0.88:0.08825593222183445)0.98:0.13752796360398098)0.67:0.0517483963902902)1:0.1677397897128326)0.72:0.05784062620572563)0.48:0.02280538304151255)0.71:0.056065626362187475)0.5:0.026351007761702933)0.44:0.017068038598350935,(((19,(1,(10,(198,(130,((4,(107,90)1:0.2876820724517809)1:0.3441698573381841,(33,(151,14)1:0.20769735159205935)0.9:0.09285942849335732)0.91:0.09742127805527191)1:0.48177057576411686)0.54:0.030002053003517652)0.96:0.11545487935377051)1:0.520693475695423)0.94:0.10684891064212738,(((13,(84,145)1:0.1621287997746954)0.86:0.08164709481572113,(65,((2,68)1:0.17250764383447875,((106,12)0.79:0.06964789748133936,(58,36)0.61:0.04872860837026447)0.56:0.03358488302718925)1:0.29055844199359976)1:0.8388622264371632)1:0.5429280655683904,(((194,21)1:0.27993659107434554,((5,120)1:0.7354816815934756,(95,(116,26)1:0.6893101371433015)0.51:0.03626893625738132)0.83:0.0761493226613401)1:0.4146380993560567,(88,(((135,153)1:0.5719270367553491,(102,40)0.99:0.1447529737400029)1:0.5756219313945455,(50,((136,(113,(119,141)1:0.3366531666018042)0.6:0.040430627318142946)1:0.6355286952705993,(54,((11,86)0.57:0.07592746032625546,(181,(172,66)1:0.4675041173064379)1:0.35601157235564523)0.98:0.13527876790292043)1:0.5370949619212295)0.76:0.06620176967693055)0.36:0.0022382999477375595)1:0.17645482893589953)0.85:0.07993899807907327)0.55:0.03428955633307584)0.7:0.05402145533163143)0.52:0.027335426844780488,25)1:0.2158936560022123)0.47:0.01998746091311844)0.38:0.0061325603480935)0.41:0.012075530948558618)0.46:0.019341410784736297)0.88:0.09143169162898374)1:0.19045747028353402));
Weight calculation took 158.898576305 secs
ASTRAL finished in 231.06 secs
