
================== ASTRAL ===================== 

This is ASTRAL version 5.7.8
Gene trees are treated as unrooted
200 trees read from Dataset/AstralII_data/model.200.10000000.0.000001/41/estimatedgenetre.halfresolved_200
index0
All output trees will be *arbitrarily* rooted at 93

======== Running the main analysis
Number of taxa: 201 (201 species)
Taxa: [93, 126, 112, 81, 144, 55, 170, 124, 71, 181, 171, 57, 118, 137, 92, 66, 62, 25, 63, 158, 2, 117, 190, 152, 18, 138, 109, 78, 91, 52, 84, 1, 195, 128, 194, 129, 45, 94, 200, 22, 82, 64, 167, 6, 74, 165, 89, 88, 43, 15, 125, 186, 37, 176, 119, 174, 13, 139, 56, 75, 86, 164, 134, 17, 151, 147, 73, 161, 79, 0, 30, 33, 90, 49, 123, 160, 11, 23, 120, 77, 60, 107, 29, 41, 61, 153, 130, 80, 65, 150, 99, 4, 197, 142, 35, 26, 105, 31, 50, 196, 173, 101, 108, 20, 48, 104, 132, 24, 111, 148, 121, 53, 172, 7, 54, 36, 70, 47, 116, 191, 10, 113, 34, 141, 102, 115, 96, 114, 178, 83, 51, 156, 127, 140, 146, 162, 199, 16, 106, 76, 14, 3, 180, 44, 67, 85, 5, 198, 185, 192, 169, 103, 133, 42, 145, 193, 46, 27, 110, 39, 187, 183, 28, 19, 87, 98, 184, 149, 97, 179, 32, 188, 168, 95, 175, 166, 72, 157, 68, 136, 69, 177, 143, 21, 40, 8, 59, 155, 131, 159, 100, 38, 189, 154, 135, 12, 182, 58, 122, 163, 9]
Taxon occupancy: {110=200, 111=200, 112=200, 113=200, 114=200, 115=200, 116=200, 117=200, 118=200, 119=200, 10=200, 11=200, 12=200, 13=200, 14=200, 15=200, 16=200, 17=200, 18=200, 19=200, 120=200, 0=200, 121=200, 1=200, 122=200, 2=200, 123=200, 124=200, 3=200, 125=200, 4=200, 126=200, 5=200, 6=200, 127=200, 128=200, 7=200, 129=200, 8=200, 9=200, 20=200, 21=200, 22=200, 23=200, 24=200, 25=200, 26=200, 27=200, 28=200, 29=200, 130=200, 131=200, 132=200, 133=200, 134=200, 135=200, 136=200, 137=200, 138=200, 139=200, 30=200, 31=200, 32=200, 33=200, 34=200, 35=200, 36=200, 37=200, 38=200, 39=200, 140=200, 141=200, 142=200, 143=200, 144=200, 145=200, 146=200, 147=200, 148=200, 149=200, 40=200, 41=200, 42=200, 43=200, 44=200, 45=200, 46=200, 47=200, 48=200, 49=200, 150=200, 151=200, 152=200, 153=200, 154=200, 155=200, 156=200, 157=200, 158=200, 159=200, 50=200, 51=200, 52=200, 53=200, 54=200, 55=200, 56=200, 57=200, 58=200, 59=200, 160=200, 161=200, 162=200, 163=200, 164=200, 165=200, 166=200, 167=200, 168=200, 169=200, 60=200, 61=200, 62=200, 63=200, 64=200, 65=200, 66=200, 67=200, 68=200, 69=200, 170=200, 171=200, 172=200, 173=200, 174=200, 175=200, 176=200, 177=200, 178=200, 179=200, 70=200, 71=200, 72=200, 73=200, 74=200, 75=200, 76=200, 77=200, 78=200, 79=200, 180=200, 181=200, 182=200, 183=200, 184=200, 185=200, 186=200, 187=200, 188=200, 189=200, 80=200, 81=200, 82=200, 83=200, 84=200, 85=200, 86=200, 87=200, 88=200, 89=200, 190=200, 191=200, 192=200, 193=200, 194=200, 195=200, 196=200, 197=200, 198=200, 199=200, 90=200, 91=200, 92=200, 93=200, 94=200, 95=200, 96=200, 97=200, 98=200, 99=200, 200=200, 100=200, 101=200, 102=200, 103=200, 104=200, 105=200, 106=200, 107=200, 108=200, 109=200}
Number of gene trees: 200
0 trees have missing taxa
Calculating quartet distance matrix (for completion of X)
Species tree distances calculated ...
Building set of clusters (X) from gene trees 
------------------------------
gradient0: 3185
Number of Clusters after addition by distance: 3185
calculating extra bipartitions to be added at level 1 ...
Adding to X using resolutions of greedy consensus ...
Limit for sigma of degrees:5075
polytomy size limit : 5
discarded polytomies:  [3, 3, 3, 3, 3, 3, 3, 3, 5]
Threshold 0.0:
Threshold 0.01:
Threshold 0.02:
Threshold 0.05:
Threshold 0.1:
Threshold 0.2:
Threshold 0.3333333333333333:
polytomy of size 3; rounds with additions with at least 5 support: 0; clusters: 3185
polytomy of size 5; rounds with additions with at least 5 support: 0; clusters: 3185
polytomy of size 3; rounds with additions with at least 5 support: 0; clusters: 3185
polytomy of size 3; rounds with additions with at least 5 support: 0; clusters: 3185
polytomy of size 3; rounds with additions with at least 5 support: 0; clusters: 3185
polytomy of size 3; rounds with additions with at least 5 support: 0; clusters: 3185
polytomy of size 3; rounds with additions with at least 5 support: 0; clusters: 3185
polytomy of size 3; rounds with additions with at least 5 support: 0; clusters: 3185
polytomy of size 3; rounds with additions with at least 5 support: 0; clusters: 3185
max k is :0
Number of Clusters after addition by greedy: 3185
gradient0 in heuristiic: 3185
partitions formed in 4.261 secs
Dynamic Programming starting after 4.261 secs
Using tree-based weight calculation.
Using polytree-based weight calculation.
Polytree max score: 13199670000
Polytree building time: 0.279 seconds.
Number of quartet trees in the gene trees: 13199670000
Size of largest cluster: 201
Greedy score: 12113887744
estimationFactor: 1.0896311967673455
Sub-optimal score: 12185920838
Total Number of elements weighted: 4472
Normalized score (portion of input quartet trees satisfied before correcting for multiple individuals): 0.9303733551672125
Optimization score: 12280621265
Optimal tree inferred in 5.436 secs.
(146,(140,(127,(156,((178,(83,(114,51))),(((180,(44,67)),((162,(199,16)),(106,(76,(14,3))))),(((115,96),(102,(34,141))),(((116,113),(191,10)),(47,(((((197,142),(99,(150,4))),(65,((35,26),(105,31)))),((196,(108,(173,101))),(50,(((20,48),(104,(132,24))),((111,(36,70)),(148,(54,(121,(172,(53,7)))))))))),((0,(((60,107),((80,(153,130)),(61,(29,41)))),((90,(30,33)),((23,(120,77)),(49,(11,(123,160))))))),((((110,(46,27)),((42,(103,133)),((192,169),((145,193),((85,5),(198,185)))))),(((19,87),(39,(183,(187,28)))),((98,(149,(184,97))),((179,32),((157,(166,72)),(188,(175,(168,95)))))))),((((79,(73,161)),(17,(134,(151,147)))),((86,164),((139,(56,75)),(13,((88,(43,15)),(174,((125,186),(37,(176,119))))))))),(((62,25),((165,89),((167,(6,74)),((63,158),(((45,94),(22,(200,(82,64)))),(129,((138,(109,78)),(((2,117),(190,(152,18))),((91,(52,84)),(1,(195,(128,194)))))))))))),((93,((112,((81,144),(55,(170,124)))),((71,181),(57,(126,(171,((118,137),(92,66)))))))),((68,(69,(136,(177,143)))),(((131,(159,100)),(21,(40,(8,(59,155))))),(38,(189,((154,122),((163,9),(135,(182,(12,58))))))))))))))))))))))));
Final quartet score is: 12280621265
Final normalized quartet score is: 0.9303733551672125
Extended species tree:
(93,(((112,((81,144)1:2.4999445271525413,(55,(170,124)1:0.5033906452784724)1:3.0260376230493193)1:2.7330442368427295)1:0.21283205553607973,((71,181)1:3.5102442024730527,(57,(126,(171,((118,137)1:1.356880475913597,(92,66)1:1.11365016603265)1:1.9544755119142367)1:0.24848098522827913)1:0.19917927087548115)1:2.2214785617909665)0.58:0.03756607713293339)1:3.830578041166871,(((68,(69,(136,(177,143)1:1.5312408341041364)0.58:0.04191089561563683)1:4.387014176184912)1:4.897839799950916,(((131,(159,100)1:4.204692619390971)1:3.7821038052042133,(21,(40,(8,(59,155)1:2.498568064443821)0.6:0.04580953603129422)1:2.1678106921299247)1:4.897839799950916)0.44:0.015746026701824567,(38,(189,((154,122)1:0.7494280164585349,((163,9)1:0.503358990192289,(135,(182,(12,58)1:0.3652946147782267)1:0.7869659357776003)1:0.9334676474874462)1:0.3952562027379211)1:3.9815490680767565)1:2.7006152226146916)1:2.393448293030786)1:2.3408084837493646)1:0.5344315981749141,(((62,25)1:4.897839799950916,((165,89)1:3.799227511282799,((167,(6,74)1:4.204692619390971)1:4.897839799950916,((63,158)1:4.897839799950916,(((45,94)1:0.6746623658858422,(22,(200,(82,64)1:2.2591432857824687)1:0.28231729325448235)1:0.5870406745653973)1:4.897839799950916,(129,((138,(109,78)1:1.9534008207844709)1:4.674696248636701,(((2,117)1:2.3075726345050844,(190,(152,18)1:2.412933150162912)1:1.9800690678666326)1:1.9837529917234775,((91,(52,84)1:2.1897895988487015)1:4.897839799950916,(1,(195,(128,194)1:0.7547050735593787)1:3.799227511282799)1:2.007468042054746)1:0.4874397625237691)0.98:0.13353597800312575)1:1.6383755213444948)1:0.18125150497268647)1:0.6476007201102719)1:0.9031250786776519)1:0.342632704113159)1:1.790102468020426)1:2.122770793467428,((((79,(73,161)1:0.5033906452784724)1:3.393762403174639,(17,(134,(151,147)0.97:0.127069577368353)1:0.7547050735593787)1:4.204692619390971)1:2.5244856360686576,((86,164)1:0.9117088223690432,((139,(56,75)1:2.9519296508955994)1:3.437864989663171,(13,((88,(43,15)1:2.5952547069568657)1:3.0260376230493193,(174,((125,186)1:2.817760706448397,(37,(176,119)1:2.5952547069568657)1:1.7845512738234914)1:0.3248485123270549)1:2.2879998130240025)1:0.27852062102874175)0.5:0.03091473680709774)1:0.32192679502993826)1:1.5097313690942107)1:4.897839799950916,((((110,(46,27)1:1.4638525954657653)1:1.7843244907405371,((42,(103,133)1:0.5424268137951197)1:0.7148359137943954,((192,169)1:1.2914365676612136,((145,193)1:2.156999776025713,((85,5)1:1.0685365170614802,(198,185)1:1.9271650532761495)1:0.37300403084601763)0.91:0.09689725944474233)1:2.4700915640028582)1:3.0809361489218268)1:4.897839799950916,(((19,87)1:2.9519296508955994,(39,(183,(187,28)1:0.6639529066425547)1:0.5937747067467416)1:4.204692619390971)1:1.7817636698788633,((98,(149,(184,97)0.43:0.015152668158444805)1:0.3077832517728681)1:3.799227511282799,((179,32)1:2.821005821678157,((157,(166,72)1:0.3027199498163214)1:3.51154543883102,(188,(175,(168,95)1:0.3128723212803394)1:1.328307103469541)1:2.81839825827108)1:1.3912819026309295)1:0.55589138884444)1:2.186092736967376)1:4.897839799950916)1:1.4152628120203774,((0,(((60,107)1:4.897839799950916,((80,(153,130)1:0.8379193919771387)1:1.6991666824002305,(61,(29,41)1:0.4789991921543134)1:3.645076831455545)1:4.897839799950916)1:2.9519296508955994,((90,(30,33)1:1.6397432619294297)1:4.897839799950916,((23,(120,77)1:2.8183982582710745)1:3.51154543883102,(49,(11,(123,160)0.96:0.11888608612671692)1:0.6931471805599453)1:2.7775762637508223)1:2.9168383310843287)1:4.897839799950916)1:4.897839799950916)1:4.897839799950916,(((((197,142)1:4.897839799950916,(99,(150,4)1:0.4092034302187715)1:3.9815490680767565)1:0.6666360550116135,(65,((35,26)1:1.6991666824002305,(105,31)1:0.8288130457131008)1:4.204692619390971)1:1.3087806811191858)1:4.897839799950916,((196,(108,(173,101)0.84:0.07755823434587437)1:2.4999445271525413)1:4.897839799950916,(50,(((20,48)1:1.8855782244457089,(104,(132,24)1:0.36534892570831445)1:1.9936747199224114)1:3.9815490680767565,((111,(36,70)1:4.897839799950916)1:0.72601992556052,(148,(54,(121,(172,(53,7)1:0.455188543460595)1:1.9543363370571767)1:0.3404602777991683)1:2.276800975838331)1:2.3536165730064935)1:1.8375690052593496)1:2.2524024563504175)1:0.4747054972796138)1:4.897839799950916)0.75:0.06155789299943332,(47,(((116,113)1:0.2534489008095387,(191,10)1:1.6991666824002305)1:4.897839799950916,(((115,96)1:2.3075726345050858,(102,(34,141)1:0.16164135155641576)1:4.492374691842744)1:4.204692619390971,(((180,(44,67)1:4.897839799950916)1:0.55589138884444,((162,(199,16)1:0.820302356045192)1:3.393762403174639,(106,(76,(14,3)1:1.806797346592596)1:0.9958671303762666)1:3.69386699562498)1:0.7713788574780578)1:0.9123893259679478,((178,(83,(114,51)1:0.567040007858728)1:0.8996390982817128)1:2.682266083946494,(156,(127,(140,146)1:2.1897895988487015)1:1.6210782454287935)1:0.4473760037238012)1:4.897839799950916)1:2.935374035578514)0.45:0.016905016652429886)1:1.4119283641159264)1:3.799227511282799)1:4.897839799950916)1:4.897839799950916)1:1.042538329018478)0.99:0.14278423490730138)1:2.8458202809971107)1:3.51154543883102));
Weight calculation took 0.685724445 secs
ASTRAL finished in 7.633 secs
