
================== ASTRAL ===================== 

This is ASTRAL version 5.7.8
Gene trees are treated as unrooted
1000 trees read from Dataset/AstralII_data/model.200.10000000.0.000001/41/estimatedgenetre.halfresolved
index0
All output trees will be *arbitrarily* rooted at 93

======== Running the main analysis
Number of taxa: 201 (201 species)
Taxa: [93, 126, 112, 81, 144, 55, 170, 124, 71, 181, 171, 57, 118, 137, 92, 66, 62, 25, 63, 158, 2, 117, 190, 152, 18, 138, 109, 78, 91, 52, 84, 1, 195, 128, 194, 129, 45, 94, 200, 22, 82, 64, 167, 6, 74, 165, 89, 88, 43, 15, 125, 186, 37, 176, 119, 174, 13, 139, 56, 75, 86, 164, 134, 17, 151, 147, 73, 161, 79, 0, 30, 33, 90, 49, 123, 160, 11, 23, 120, 77, 60, 107, 29, 41, 61, 153, 130, 80, 65, 150, 99, 4, 197, 142, 35, 26, 105, 31, 50, 196, 173, 101, 108, 20, 48, 104, 132, 24, 111, 148, 121, 53, 172, 7, 54, 36, 70, 47, 116, 191, 10, 113, 34, 141, 102, 115, 96, 114, 178, 83, 51, 156, 127, 140, 146, 162, 199, 16, 106, 76, 14, 3, 180, 44, 67, 85, 5, 198, 185, 192, 169, 103, 133, 42, 145, 193, 46, 27, 110, 39, 187, 183, 28, 19, 87, 98, 184, 149, 97, 179, 32, 188, 168, 95, 175, 166, 72, 157, 68, 136, 69, 177, 143, 21, 40, 8, 59, 155, 131, 159, 100, 38, 189, 154, 135, 12, 182, 58, 122, 163, 9]
Taxon occupancy: {110=1000, 111=1000, 112=1000, 113=1000, 114=1000, 115=1000, 116=1000, 117=1000, 118=1000, 119=1000, 10=1000, 11=1000, 12=1000, 13=1000, 14=1000, 15=1000, 16=1000, 17=1000, 18=1000, 19=1000, 120=1000, 0=1000, 121=1000, 1=1000, 122=1000, 2=1000, 123=1000, 124=1000, 3=1000, 125=1000, 4=1000, 126=1000, 5=1000, 6=1000, 127=1000, 128=1000, 7=1000, 129=1000, 8=1000, 9=1000, 20=1000, 21=1000, 22=1000, 23=1000, 24=1000, 25=1000, 26=1000, 27=1000, 28=1000, 29=1000, 130=1000, 131=1000, 132=1000, 133=1000, 134=1000, 135=1000, 136=1000, 137=1000, 138=1000, 139=1000, 30=1000, 31=1000, 32=1000, 33=1000, 34=1000, 35=1000, 36=1000, 37=1000, 38=1000, 39=1000, 140=1000, 141=1000, 142=1000, 143=1000, 144=1000, 145=1000, 146=1000, 147=1000, 148=1000, 149=1000, 40=1000, 41=1000, 42=1000, 43=1000, 44=1000, 45=1000, 46=1000, 47=1000, 48=1000, 49=1000, 150=1000, 151=1000, 152=1000, 153=1000, 154=1000, 155=1000, 156=1000, 157=1000, 158=1000, 159=1000, 50=1000, 51=1000, 52=1000, 53=1000, 54=1000, 55=1000, 56=1000, 57=1000, 58=1000, 59=1000, 160=1000, 161=1000, 162=1000, 163=1000, 164=1000, 165=1000, 166=1000, 167=1000, 168=1000, 169=1000, 60=1000, 61=1000, 62=1000, 63=1000, 64=1000, 65=1000, 66=1000, 67=1000, 68=1000, 69=1000, 170=1000, 171=1000, 172=1000, 173=1000, 174=1000, 175=1000, 176=1000, 177=1000, 178=1000, 179=1000, 70=1000, 71=1000, 72=1000, 73=1000, 74=1000, 75=1000, 76=1000, 77=1000, 78=1000, 79=1000, 180=1000, 181=1000, 182=1000, 183=1000, 184=1000, 185=1000, 186=1000, 187=1000, 188=1000, 189=1000, 80=1000, 81=1000, 82=1000, 83=1000, 84=1000, 85=1000, 86=1000, 87=1000, 88=1000, 89=1000, 190=1000, 191=1000, 192=1000, 193=1000, 194=1000, 195=1000, 196=1000, 197=1000, 198=1000, 199=1000, 90=1000, 91=1000, 92=1000, 93=1000, 94=1000, 95=1000, 96=1000, 97=1000, 98=1000, 99=1000, 200=1000, 100=1000, 101=1000, 102=1000, 103=1000, 104=1000, 105=1000, 106=1000, 107=1000, 108=1000, 109=1000}
Number of gene trees: 1000
0 trees have missing taxa
Calculating quartet distance matrix (for completion of X)
Species tree distances calculated ...
Building set of clusters (X) from gene trees 
------------------------------
gradient0: 5305
Number of Clusters after addition by distance: 5305
calculating extra bipartitions to be added at level 1 ...
Adding to X using resolutions of greedy consensus ...
Limit for sigma of degrees:5075
polytomy size limit : 5
discarded polytomies:  [3, 3, 3, 3, 3, 3, 3, 4, 5]
Threshold 0.0:
Threshold 0.01:
Threshold 0.02:
Threshold 0.05:
Threshold 0.1:
Threshold 0.2:
polytomy of size 3; rounds with additions with at least 5 support: 0; clusters: 5305
Threshold 0.3333333333333333:
polytomy of size 3; rounds with additions with at least 5 support: 0; clusters: 5305
polytomy of size 4; rounds with additions with at least 5 support: 0; clusters: 5305
polytomy of size 3; rounds with additions with at least 5 support: 0; clusters: 5305
polytomy of size 5; rounds with additions with at least 5 support: 0; clusters: 5305
polytomy of size 3; rounds with additions with at least 5 support: 0; clusters: 5305
polytomy of size 3; rounds with additions with at least 5 support: 0; clusters: 5305
polytomy of size 3; rounds with additions with at least 5 support: 0; clusters: 5305
polytomy of size 3; rounds with additions with at least 5 support: 0; clusters: 5305
max k is :0
Number of Clusters after addition by greedy: 5305
gradient0 in heuristiic: 5305
partitions formed in 16.275 secs
Dynamic Programming starting after 16.275 secs
Using tree-based weight calculation.
Using polytree-based weight calculation.
Polytree max score: 65998349802
Polytree building time: 2.406 seconds.
Number of quartet trees in the gene trees: 65998349802
Size of largest cluster: 201
Greedy score: 56358784024
estimationFactor: 1.1710392788796695
Sub-optimal score: 59753046549
Total Number of elements weighted: 9937
Normalized score (portion of input quartet trees satisfied before correcting for multiple individuals): 0.9295051149163882
Optimization score: 61345803717
Optimal tree inferred in 23.221 secs.
(146,(140,(127,(156,((178,(83,(114,51))),(((180,(44,67)),((162,(199,16)),(106,(76,(14,3))))),(((115,96),(102,(34,141))),(((116,113),(191,10)),(47,(((((197,142),(99,(150,4))),(65,((35,26),(105,31)))),((196,(108,(173,101))),(50,(((20,48),(104,(132,24))),((111,(36,70)),(148,(54,(121,(172,(53,7)))))))))),((0,(((60,107),((80,(153,130)),(61,(29,41)))),((90,(30,33)),((23,(120,77)),(49,(11,(123,160))))))),((((110,(46,27)),((42,(103,133)),((192,169),((145,193),((85,5),(198,185)))))),(((19,87),(39,(183,(187,28)))),((98,(97,(184,149))),((179,32),((157,(166,72)),(188,(175,(168,95)))))))),((((79,(73,161)),(17,(134,(151,147)))),((86,164),(13,((139,(56,75)),((88,(43,15)),(174,((125,186),(37,(176,119))))))))),(((62,25),((165,89),((167,(6,74)),((63,158),(((45,94),(22,(200,(82,64)))),(129,((138,(109,78)),(((2,117),(190,(152,18))),((91,(52,84)),(1,(195,(128,194)))))))))))),((93,((112,((81,144),(55,(170,124)))),((71,181),(57,(126,(171,((92,66),(118,137)))))))),((68,(69,(136,(177,143)))),(((131,(159,100)),(21,(40,(8,(59,155))))),(38,(189,((154,122),((163,9),(135,(182,(12,58))))))))))))))))))))))));
Final quartet score is: 61345803717
Final normalized quartet score is: 0.9295051149163882
Extended species tree:
(93,(((112,((81,144)1:2.4201184095830808,(55,(170,124)1:0.45355621597509843)1:2.8526314299133184)1:2.526007250701671)1:0.1553557568453363,((71,181)1:3.7945948366557913,(57,(126,(171,((92,66)1:1.1925497846604625,(118,137)1:1.4406946381800896)1:1.771868998463484)1:0.205639816460967)1:0.15343001101543852)1:2.331108358287403)0.53:0.017709771039104105)1:4.326855863539899,(((68,(69,(136,(177,143)1:1.151958269373403)0.93:0.04809110786693402)1:5.9924640474410324)1:4.8938517587729455,(((131,(159,100)1:5.116995310087171)1:4.4109779390066866,(21,(40,(8,(59,155)1:2.839210158675363)0.81:0.03559094510270263)1:2.442846660660638)1:5.116995310087171)0.99:0.06435053009639555,(38,(189,((154,122)1:0.712817306657726,((163,9)1:0.5405148169461385,(135,(182,(12,58)1:0.4087090002052229)1:0.6919739161532813)1:0.8275462140795222)1:0.4342825499175796)1:3.5945687746426924)1:2.9025586038698235)1:2.3122111764041766)1:2.7683625742446423)1:0.8096632764495646,(((62,25)1:6.5032896712070904,((165,89)1:4.871872852054178,((167,(6,74)1:5.404677382538943)1:4.575398027654424,((63,158)1:6.5032896712070904,(((45,94)1:0.6561286137055079,(22,(200,(82,64)1:2.1856668866046207)1:0.19591269040921216)1:0.5915900925679365)1:6.5032896712070904,(129,((138,(109,78)1:2.1992245780028856)1:4.3247572268829915,(((2,117)1:2.1995004020289075,(190,(152,18)1:2.3761552861619646)1:2.1210079670253514)1:1.7624794267412376,((91,(52,84)1:2.298597051816091)1:4.711530201978998,(1,(195,(128,194)1:0.7667173737278644)1:4.10539439840869)1:2.1647643761723554)1:0.45543666415194356)1:0.18391422841004942)1:1.7392745638985863)1:0.12603397372552125)1:0.6107582075707582)1:0.9761420622870762)1:0.3041886234035812)1:1.9169314922303746)1:2.2405729107216943,((((79,(73,161)1:0.677289563826606)1:3.6999292903005183,(17,(134,(151,147)1:0.09799443186827804)1:0.7011712958299933)1:5.655991810819839)1:2.4220866374081296,((86,164)1:0.9711056413745313,(13,((139,(56,75)1:3.1359938412205817)1:3.644234743092173,((88,(43,15)1:2.719100037288796)1:2.9065721460383607,(174,((125,186)1:3.1361697891404536,(37,(176,119)1:2.632088660299164)1:1.7500074092794173)1:0.32020399397251653)1:2.530727014892666)1:0.17704712864656375)1:0.08021190367151187)1:0.3259657393164831)1:1.7357763953558945)1:6.5032896712070904,((((110,(46,27)1:1.6137763140326986)1:1.9760810266886764,((42,(103,133)1:0.5273618632482032)1:0.564270397549262,((192,169)1:1.4849066903199735,((145,193)1:2.192731497236576,((85,5)1:0.952398094939969,(198,185)1:2.0489718878433063)1:0.42492873769496786)1:0.09352605801082335)1:2.7897176045027443)1:2.7564033978187665)1:6.5032896712070904,(((19,87)1:3.325235840859112,(39,(183,(187,28)1:0.6774534579513687)1:0.6269554313527056)1:4.6574629807087415)1:1.829921801604975,((98,(97,(184,149)0.81:0.04951356625750727)1:0.28269950110731706)1:4.916324614625063,((179,32)1:3.3432543463617916,((157,(166,72)1:0.30481095471474806)1:4.10539439840869,(188,(175,(168,95)1:0.3007541540191335)1:1.5060773974429411)1:2.8227784667636366)1:1.5835495489034312)1:0.4790641035341827)1:2.3493377073390618)1:6.5032896712070904)1:1.2709611523742368,((0,(((60,107)1:6.5032896712070904,((80,(153,130)1:1.0268895167460075)1:1.52993918755574,(61,(29,41)1:0.4726044109457929)1:5.116995310087171)1:5.655991810819839)1:3.412247217848739,((90,(30,33)1:1.6749759339047552)1:6.5032896712070904,((23,(120,77)1:2.5520459526256287)1:3.3897743619966834,(49,(11,(123,160)1:0.11152484594388895)1:0.6006424686610693)1:3.8177123259568932)1:3.3860775001153587)1:5.810142490647089)1:5.810142490647089)1:5.810142490647089,(((((197,142)1:6.5032896712070904,(99,(150,4)1:0.29068357545553747)1:5.116995310087171)1:0.8091086993627105,(65,((35,26)1:1.7670912228125606,(105,31)1:0.8061961847016517)1:4.9992122744307785)1:0.9822288333661493)1:6.5032896712070904,((196,(108,(173,101)1:0.1096989172564245)1:2.3761552861619646)1:6.5032896712070904,(50,(((20,48)1:1.9459101490553135,(104,(132,24)1:0.32952461129758664)1:2.0460396152955873)1:5.116995310087171,((111,(36,70)1:4.8938517587729455)1:0.8190546480738089,(148,(54,(121,(172,(53,7)1:0.4074651087748316)1:2.240967332873115)1:0.3910948108408798)1:2.396522588986398)1:1.9438144444810974)1:1.8909232183483708)1:2.6664228849735294)1:0.5476373669782489)1:5.782617817257028)1:0.12274986442477714,(47,(((116,113)1:0.19975536359046295,(191,10)1:1.9924301646902058)1:6.5032896712070904,(((115,96)1:2.129631286203693,(102,(34,141)1:0.08329474305991369)1:6.0978245630988885)1:5.24412668086622,(((180,(44,67)1:6.5032896712070904)1:0.5475608175178124,((162,(199,16)1:0.7764419236198589)1:3.762782259957458,(106,(76,(14,3)1:1.888119150615506)1:0.8316860949150903)1:3.939530553917778)1:0.6799181095951897)1:1.009191124854731,((178,(83,(114,51)1:0.5043280450332902)1:1.0040743622921295)1:2.3761552861619646,(156,(127,(140,146)1:2.6531420694969983)1:1.4475613135595662)1:0.6225239372200609)1:5.810142490647089)1:2.440601990806811)0.55:0.015365999151903738)1:1.3120250726244753)1:4.965310722755105)1:5.116995310087171)1:5.321295773599895)1:0.9332480524635793)1:0.18707438934005702)1:2.40518386573011)1:3.3546497260654093));
Weight calculation took 3.776476285 secs
ASTRAL finished in 34.977 secs
