
================== ASTRAL ===================== 

This is ASTRAL version 5.7.8
Gene trees are treated as unrooted
50 trees read from Dataset/AstralII_data/model.200.10000000.0.000001/41/estimatedgenetre.halfresolved_50
index0
All output trees will be *arbitrarily* rooted at 93

======== Running the main analysis
Number of taxa: 201 (201 species)
Taxa: [93, 126, 112, 81, 144, 55, 170, 124, 71, 181, 171, 57, 118, 137, 92, 66, 62, 25, 63, 158, 2, 117, 190, 152, 18, 138, 109, 78, 91, 52, 84, 1, 195, 128, 194, 129, 45, 94, 200, 22, 82, 64, 167, 6, 74, 165, 89, 88, 43, 15, 125, 186, 37, 176, 119, 174, 13, 139, 56, 75, 86, 164, 134, 17, 151, 147, 73, 161, 79, 0, 30, 33, 90, 49, 123, 160, 11, 23, 120, 77, 60, 107, 29, 41, 61, 153, 130, 80, 65, 150, 99, 4, 197, 142, 35, 26, 105, 31, 50, 196, 173, 101, 108, 20, 48, 104, 132, 24, 111, 148, 121, 53, 172, 7, 54, 36, 70, 47, 116, 191, 10, 113, 34, 141, 102, 115, 96, 114, 178, 83, 51, 156, 127, 140, 146, 162, 199, 16, 106, 76, 14, 3, 180, 44, 67, 85, 5, 198, 185, 192, 169, 103, 133, 42, 145, 193, 46, 27, 110, 39, 187, 183, 28, 19, 87, 98, 184, 149, 97, 179, 32, 188, 168, 95, 175, 166, 72, 157, 68, 136, 69, 177, 143, 21, 40, 8, 59, 155, 131, 159, 100, 38, 189, 154, 135, 12, 182, 58, 122, 163, 9]
Taxon occupancy: {110=50, 111=50, 112=50, 113=50, 114=50, 115=50, 116=50, 117=50, 118=50, 119=50, 10=50, 11=50, 12=50, 13=50, 14=50, 15=50, 16=50, 17=50, 18=50, 19=50, 120=50, 0=50, 121=50, 1=50, 122=50, 2=50, 123=50, 124=50, 3=50, 125=50, 4=50, 126=50, 5=50, 6=50, 127=50, 128=50, 7=50, 129=50, 8=50, 9=50, 20=50, 21=50, 22=50, 23=50, 24=50, 25=50, 26=50, 27=50, 28=50, 29=50, 130=50, 131=50, 132=50, 133=50, 134=50, 135=50, 136=50, 137=50, 138=50, 139=50, 30=50, 31=50, 32=50, 33=50, 34=50, 35=50, 36=50, 37=50, 38=50, 39=50, 140=50, 141=50, 142=50, 143=50, 144=50, 145=50, 146=50, 147=50, 148=50, 149=50, 40=50, 41=50, 42=50, 43=50, 44=50, 45=50, 46=50, 47=50, 48=50, 49=50, 150=50, 151=50, 152=50, 153=50, 154=50, 155=50, 156=50, 157=50, 158=50, 159=50, 50=50, 51=50, 52=50, 53=50, 54=50, 55=50, 56=50, 57=50, 58=50, 59=50, 160=50, 161=50, 162=50, 163=50, 164=50, 165=50, 166=50, 167=50, 168=50, 169=50, 60=50, 61=50, 62=50, 63=50, 64=50, 65=50, 66=50, 67=50, 68=50, 69=50, 170=50, 171=50, 172=50, 173=50, 174=50, 175=50, 176=50, 177=50, 178=50, 179=50, 70=50, 71=50, 72=50, 73=50, 74=50, 75=50, 76=50, 77=50, 78=50, 79=50, 180=50, 181=50, 182=50, 183=50, 184=50, 185=50, 186=50, 187=50, 188=50, 189=50, 80=50, 81=50, 82=50, 83=50, 84=50, 85=50, 86=50, 87=50, 88=50, 89=50, 190=50, 191=50, 192=50, 193=50, 194=50, 195=50, 196=50, 197=50, 198=50, 199=50, 90=50, 91=50, 92=50, 93=50, 94=50, 95=50, 96=50, 97=50, 98=50, 99=50, 200=50, 100=50, 101=50, 102=50, 103=50, 104=50, 105=50, 106=50, 107=50, 108=50, 109=50}
Number of gene trees: 50
0 trees have missing taxa
Calculating quartet distance matrix (for completion of X)
Species tree distances calculated ...
Building set of clusters (X) from gene trees 
------------------------------
gradient0: 2069
Number of Clusters after addition by distance: 2069
calculating extra bipartitions to be added at level 1 ...
Adding to X using resolutions of greedy consensus ...
Limit for sigma of degrees:5075
polytomy size limit : 5
discarded polytomies:  [3, 3, 3, 3, 4, 4, 5]
Threshold 0.0:
Threshold 0.01:
Threshold 0.02:
Threshold 0.05:
Threshold 0.1:
Threshold 0.2:
Threshold 0.3333333333333333:
polytomy of size 4; rounds with additions with at least 5 support: 0; clusters: 2069
polytomy of size 3; rounds with additions with at least 5 support: 0; clusters: 2069
polytomy of size 5; rounds with additions with at least 5 support: 0; clusters: 2069
polytomy of size 3; rounds with additions with at least 5 support: 0; clusters: 2069
polytomy of size 3; rounds with additions with at least 5 support: 0; clusters: 2069
polytomy of size 4; rounds with additions with at least 5 support: 0; clusters: 2069
polytomy of size 3; rounds with additions with at least 5 support: 0; clusters: 2069
max k is :0
Number of Clusters after addition by greedy: 2069
gradient0 in heuristiic: 2069
partitions formed in 4.567 secs
Dynamic Programming starting after 4.567 secs
Using tree-based weight calculation.
Using polytree-based weight calculation.
Polytree max score: 3299917500
Polytree building time: 0.159 seconds.
Number of quartet trees in the gene trees: 3299917500
Size of largest cluster: 201
Greedy score: 2887840212
estimationFactor: 1.1426939365577335
Sub-optimal score: 3081657564
Total Number of elements weighted: 2333
Normalized score (portion of input quartet trees satisfied before correcting for multiple individuals): 0.9347630754405224
Optimization score: 3084641031
Optimal tree inferred in 5.898 secs.
(146,(140,(127,(156,((178,(83,(114,51))),(((180,(44,67)),((162,(199,16)),(106,(76,(14,3))))),(((115,96),(102,(34,141))),(((116,113),(191,10)),(47,(((((197,142),(99,(150,4))),(65,((35,26),(105,31)))),((196,(108,(173,101))),(50,(((20,48),(104,(132,24))),((111,(36,70)),(148,(54,(121,(172,(53,7)))))))))),((0,(((60,107),((80,(153,130)),(61,(29,41)))),((90,(30,33)),((23,(120,77)),(49,(11,(123,160))))))),((((110,(46,27)),((42,(103,133)),((192,169),((145,193),((85,5),(198,185)))))),(((19,87),(39,(183,(187,28)))),((98,(149,(184,97))),((179,32),((157,(166,72)),(188,(175,(168,95)))))))),((((79,(73,161)),(17,(134,(151,147)))),((86,164),((139,(56,75)),(13,((88,(43,15)),(174,((125,186),(37,(176,119))))))))),(((62,25),((165,89),((167,(6,74)),((63,158),(((45,94),(22,(200,(82,64)))),(129,(((2,117),(190,(152,18))),((138,(109,78)),((91,(52,84)),(1,(195,(128,194)))))))))))),((93,(112,(((81,144),(55,(170,124))),((71,181),(57,(126,(171,((118,137),(92,66))))))))),((68,((177,143),(136,69))),((21,(40,(8,(59,155)))),((131,(159,100)),(38,(189,((154,122),((163,9),(135,(182,(12,58)))))))))))))))))))))))));
Final quartet score is: 3084641031
Final normalized quartet score is: 0.9347630754405224
Extended species tree:
(93,((112,(((81,144)1:1.9169226121820613,(55,(170,124)1:0.4353180712578455)1:2.2735975561207935)1:2.168237040462968,((71,181)1:3.5211657077390637,(57,(126,(171,((118,137)1:1.3291359472799418,(92,66)1:0.9236708391717778)1:1.918965513811861)1:0.3585620930173843)0.91:0.19415601444095737)1:2.4202532455438637)0.37:0.004797360522307658)0.42:0.026491615446976226)1:3.3928291319916375,(((68,((177,143)1:1.4469189829363254,(136,69)0.71:0.10863384100279554)1:3.5263605246161593)1:3.5263605246161593,((21,(40,(8,(59,155)1:2.8332133440562166)0.75:0.12516314295400605)1:2.322387720290224)1:3.5263605246161593,((131,(159,100)1:3.5263605246161593)1:2.8332133440562166,(38,(189,((154,122)1:0.7963314167951759,((163,9)1:0.5306282510621706,(135,(182,(12,58)0.75:0.12516314295400605)1:0.8523869298946747)1:1.158115744354448)0.98:0.2779258975064163)1:2.8332133440562166)1:2.8332133440562166)1:2.43665301429101)0.88:0.1832863422040537)1:1.9177872901434154)1:0.9175169735973996,(((62,25)1:3.5263605246161593,((165,89)1:2.8332133440562166,((167,(6,74)1:3.5263605246161593)1:3.5263605246161593,((63,158)1:3.5263605246161593,(((45,94)1:0.738267615840415,(22,(200,(82,64)1:2.4277482359480516)0.98:0.2690452366344158)1:0.6085897925318822)1:3.5263605246161593,(129,(((2,117)1:2.4277482359480516,(190,(152,18)1:2.8332133440562166)1:2.2735975561207935)1:2.0677455019166455,((138,(109,78)1:2.4277482359480516)1:3.5263605246161593,((91,(52,84)1:2.14006616349627)1:3.5263605246161593,(1,(195,(128,194)1:0.5819215454497209)1:2.8332133440562166)1:1.9117812126816425)1:0.9360606371926152)0.55:0.06869279646594506)1:1.684233414510834)0.8:0.13820876206643518)1:0.7724614369906305)1:0.6252777296373998)1:0.4646599748953338)1:1.3457338386889803)1:1.7629900586507932,((((79,(73,161)1:0.5819215454497209)1:3.5263605246161593,(17,(134,(151,147)0.44:0.030006020469946226)1:0.8522118751896327)1:2.8332133440562166)1:2.156873281812653,((86,164)1:1.2314974777160261,((139,(56,75)1:2.4277482359480516)1:3.5210554723864727,(13,((88,(43,15)1:2.8332133440562166)1:3.5263605246161593,(174,((125,186)1:2.426049000195092,(37,(176,119)1:2.14006616349627)1:1.9179435413161683)0.99:0.3276874070654803)1:2.5708490795887244)0.96:0.24665067577391836)0.51:0.05004251248589763)0.84:0.16079032059715717)1:0.9605662156890605)1:3.5263605246161593,((((110,(46,27)1:1.7346010553881062)1:1.7346010553881062,((42,(103,133)1:0.531638862568094)1:0.8608699379327472,((192,169)1:0.9614111671546247,((145,193)1:2.022283127839887,((85,5)1:0.8854919284307332,(198,185)1:1.6529976763092253)1:0.3480930418798377)0.9:0.18970166409157713)1:2.154052405471011)1:2.943214239270545)1:3.5263605246161593,(((19,87)1:2.8332133440562166,(39,(183,(187,28)1:0.5306282510621702)1:0.7537718023763802)1:2.8332133440562166)1:2.125746109721523,((98,(149,(184,97)0.45:0.030006020469946226)0.96:0.249215791623985)1:2.8332133440562166,((179,32)1:2.4347169052641466,((157,(166,72)0.86:0.19415601444095737)1:3.120895416507997,(188,(175,(168,95)1:0.4818380868927383)1:1.2750687260096663)1:2.679062664228959)1:1.5114575040738965)1:0.6359887667199969)1:1.7723413833709536)1:3.5263605246161593)1:1.5408713892801904,((0,(((60,107)1:3.5263605246161593,((80,(153,130)1:0.6931471805599453)1:2.14006616349627,(61,(29,41)1:0.4353180712578455)1:2.8332133440562166)1:3.5263605246161593)1:2.14006616349627,((90,(30,33)1:2.14006616349627)1:3.5263605246161593,((23,(120,77)1:2.8332133440562166)1:2.8332133440562166,(49,(11,(123,160)0.65:0.09237332013101504)1:0.6931471805599453)1:2.8332133440562166)1:2.4277482359480516)1:3.5263605246161593)1:3.5263605246161593)1:3.5263605246161593,(((((197,142)1:3.5263605246161593,(99,(150,4)1:0.6359887667199969)1:3.5263605246161593)1:0.4723593429381946,(65,((35,26)1:2.022283127839887,(105,31)1:0.8522118751896327)1:3.5263605246161593)1:1.1845547184688348)1:3.5263605246161593,((196,(108,(173,101)0.91:0.19415601444095737)1:2.2735975561207935)1:3.5263605246161593,(50,(((20,48)1:2.14006616349627,(104,(132,24)1:0.4357773135162038)1:2.0794415416798353)1:2.8332133440562166,((111,(36,70)1:3.5263605246161593)1:0.7554007325296912,(148,(54,(121,(172,(53,7)1:0.39086630868701183)1:2.024541739754308)1:0.4978384282391794)1:1.777160669806902)1:2.0149030205422647)1:1.4894785973551206)1:2.7791461227859378)0.81:0.14682463973518547)1:3.5263605246161593)0.75:0.12516314295400605,(47,(((116,113)1:0.4583075894825443,(191,10)1:1.5114575040738965)1:3.5263605246161593,(((115,96)1:2.0600234558227353,(102,(34,141)0.91:0.19415601444095737)1:3.120895416507997)1:2.8332133440562166,(((180,(44,67)1:3.5263605246161593)1:0.685826599921872,((162,(199,16)1:0.6359887667199969)1:2.6100697927420056,(106,(76,(14,3)1:1.7354431607010283)1:1.3291359472799418)1:3.5263605246161593)1:0.660195103663276)1:0.7478370668565653,((178,(83,(114,51)1:0.5819215454497209)1:1.084013489246957)1:2.6439713444176864,(156,(127,(140,146)1:1.9169226121820613)1:2.0245417397543095)1:0.5140989491109597)1:3.5263605246161593)1:2.3967723080537486)0.52:0.061554971443421015)1:0.9285134636475657)1:3.5263605246161593)1:3.5263605246161593)1:3.5263605246161593)1:0.9614111671546247)0.95:0.24267616475666856)1:3.5263605246161593)1:2.4277482359480516));
Weight calculation took 0.574232976 secs
ASTRAL finished in 8.328 secs
