
================== ASTRAL ===================== 

This is ASTRAL version 5.7.8
Gene trees are treated as unrooted
200 trees read from Dataset/AstralII_data/model.200.10000000.0.000001/20/estimatedgenetre.halfresolved_200
index0
All output trees will be *arbitrarily* rooted at 168

======== Running the main analysis
Number of taxa: 201 (201 species)
Taxa: [168, 32, 88, 146, 140, 7, 54, 194, 33, 125, 14, 179, 17, 186, 67, 129, 68, 159, 36, 130, 83, 187, 51, 128, 10, 41, 193, 169, 71, 195, 155, 200, 57, 84, 82, 178, 0, 45, 74, 55, 98, 27, 117, 48, 30, 93, 19, 5, 158, 154, 38, 92, 133, 56, 118, 144, 101, 184, 2, 156, 109, 50, 81, 115, 110, 112, 197, 65, 34, 126, 15, 3, 172, 75, 104, 164, 176, 25, 18, 20, 31, 22, 78, 42, 79, 151, 72, 100, 119, 49, 166, 89, 29, 124, 23, 170, 99, 97, 90, 142, 64, 43, 198, 39, 91, 141, 103, 145, 47, 76, 113, 28, 21, 131, 63, 9, 16, 62, 87, 46, 120, 24, 8, 147, 111, 106, 86, 122, 94, 157, 174, 80, 1, 13, 160, 188, 114, 127, 143, 153, 136, 60, 105, 66, 196, 52, 199, 150, 95, 123, 107, 191, 44, 152, 167, 85, 173, 12, 132, 53, 69, 183, 96, 102, 121, 58, 59, 139, 135, 26, 138, 181, 116, 175, 134, 161, 40, 108, 185, 73, 180, 70, 6, 189, 4, 137, 177, 35, 182, 77, 165, 37, 163, 171, 162, 148, 190, 61, 149, 11, 192]
Taxon occupancy: {110=200, 111=200, 112=200, 113=200, 114=200, 115=200, 116=200, 117=200, 118=200, 119=200, 10=200, 11=200, 12=200, 13=200, 14=200, 15=200, 16=200, 17=200, 18=200, 19=200, 120=200, 0=200, 121=200, 122=200, 1=200, 2=200, 123=200, 3=200, 124=200, 125=200, 4=200, 5=200, 126=200, 127=200, 6=200, 7=200, 128=200, 129=200, 8=200, 9=200, 20=200, 21=200, 22=200, 23=200, 24=200, 25=200, 26=200, 27=200, 28=200, 29=200, 130=200, 131=200, 132=200, 133=200, 134=200, 135=200, 136=200, 137=200, 138=200, 139=200, 30=200, 31=200, 32=200, 33=200, 34=200, 35=200, 36=200, 37=200, 38=200, 39=200, 140=200, 141=200, 142=200, 143=200, 144=200, 145=200, 146=200, 147=200, 148=200, 149=200, 40=200, 41=200, 42=200, 43=200, 44=200, 45=200, 46=200, 47=200, 48=200, 49=200, 150=200, 151=200, 152=200, 153=200, 154=200, 155=200, 156=200, 157=200, 158=200, 159=200, 50=200, 51=200, 52=200, 53=200, 54=200, 55=200, 56=200, 57=200, 58=200, 59=200, 160=200, 161=200, 162=200, 163=200, 164=200, 165=200, 166=200, 167=200, 168=200, 169=200, 60=200, 61=200, 62=200, 63=200, 64=200, 65=200, 66=200, 67=200, 68=200, 69=200, 170=200, 171=200, 172=200, 173=200, 174=200, 175=200, 176=200, 177=200, 178=200, 179=200, 70=200, 71=200, 72=200, 73=200, 74=200, 75=200, 76=200, 77=200, 78=200, 79=200, 180=200, 181=200, 182=200, 183=200, 184=200, 185=200, 186=200, 187=200, 188=200, 189=200, 80=200, 81=200, 82=200, 83=200, 84=200, 85=200, 86=200, 87=200, 88=200, 89=200, 190=200, 191=200, 192=200, 193=200, 194=200, 195=200, 196=200, 197=200, 198=200, 199=200, 90=200, 91=200, 92=200, 93=200, 94=200, 95=200, 96=200, 97=200, 98=200, 99=200, 200=200, 100=200, 101=200, 102=200, 103=200, 104=200, 105=200, 106=200, 107=200, 108=200, 109=200}
Number of gene trees: 200
0 trees have missing taxa
Calculating quartet distance matrix (for completion of X)
Species tree distances calculated ...
Building set of clusters (X) from gene trees 
------------------------------
gradient0: 7885
Number of Clusters after addition by distance: 7885
calculating extra bipartitions to be added at level 1 ...
Adding to X using resolutions of greedy consensus ...
Limit for sigma of degrees:5075
polytomy size limit : 7
discarded polytomies:  [3, 3, 3, 3, 3, 3, 3, 3, 3, 3, 3, 3, 3, 3, 3, 3, 3, 4, 4, 5, 5, 7]
Threshold 0.0:
Threshold 0.01:
Threshold 0.02:
Threshold 0.05:
Threshold 0.1:
Threshold 0.2:
polytomy of size 3; rounds with additions with at least 5 support: 0; clusters: 7885
polytomy of size 5; rounds with additions with at least 5 support: 0; clusters: 7885
polytomy of size 3; rounds with additions with at least 5 support: 0; clusters: 7885
polytomy of size 3; rounds with additions with at least 5 support: 0; clusters: 7885
polytomy of size 3; rounds with additions with at least 5 support: 0; clusters: 7885
Threshold 0.3333333333333333:
polytomy of size 3; rounds with additions with at least 5 support: 0; clusters: 7885
polytomy of size 3; rounds with additions with at least 5 support: 0; clusters: 7885
polytomy of size 3; rounds with additions with at least 5 support: 0; clusters: 7885
polytomy of size 3; rounds with additions with at least 5 support: 0; clusters: 7885
polytomy of size 3; rounds with additions with at least 5 support: 0; clusters: 7885
polytomy of size 3; rounds with additions with at least 5 support: 0; clusters: 7885
polytomy of size 3; rounds with additions with at least 5 support: 0; clusters: 7885
polytomy of size 3; rounds with additions with at least 5 support: 0; clusters: 7885
polytomy of size 5; rounds with additions with at least 5 support: 0; clusters: 7885
polytomy of size 3; rounds with additions with at least 5 support: 0; clusters: 7885
polytomy of size 3; rounds with additions with at least 5 support: 0; clusters: 7885
polytomy of size 4; rounds with additions with at least 5 support: 0; clusters: 7885
polytomy of size 3; rounds with additions with at least 5 support: 0; clusters: 7885
polytomy of size 4; rounds with additions with at least 5 support: 0; clusters: 7885
polytomy of size 3; rounds with additions with at least 5 support: 0; clusters: 7885
polytomy of size 7; rounds with additions with at least 5 support: 0; clusters: 7885
polytomy of size 3; rounds with additions with at least 5 support: 0; clusters: 7885
max k is :0
Number of Clusters after addition by greedy: 7885
gradient0 in heuristiic: 7885
partitions formed in 5.657 secs
Dynamic Programming starting after 5.657 secs
Using tree-based weight calculation.
Using polytree-based weight calculation.
Polytree max score: 13199588979
Polytree building time: 0.27 seconds.
Number of quartet trees in the gene trees: 13199588979
Size of largest cluster: 201
Greedy score: 11146022409
estimationFactor: 1.184242099526179
Sub-optimal score: 11696418547
Total Number of elements weighted: 18428
Normalized score (portion of input quartet trees satisfied before correcting for multiple individuals): 0.8951449680590846
Optimization score: 11815545655
Optimal tree inferred in 12.519 secs.
(107,((191,44),(123,((152,167),(((173,(12,(136,85))),(60,((150,95),(199,(105,(52,(66,196))))))),((0,(78,(((155,(195,200)),((57,(84,(82,178))),((128,(10,41)),(193,(169,71))))),((45,(98,((74,55),(27,117)))),(((15,((172,75),(3,(104,164)))),((31,(176,25)),(20,(18,22)))),(((93,19),(5,158)),(((109,(115,(50,81))),((34,126),(154,(110,(48,38))))),((30,(112,(197,65))),((92,(133,56)),((118,144),(101,(184,(2,156))))))))))))),((((114,(143,153)),(1,(188,(160,(13,127))))),(((73,180),(61,((135,((26,181),(175,(138,116)))),(132,((121,(69,102)),((183,96),(53,(139,(58,59))))))))),(134,(((108,185),(161,40)),(((35,182),((189,177),(4,137))),((165,(163,(77,37))),(6,((171,162),(70,(148,190)))))))))),((120,(24,((111,106),((147,86),(8,((122,94),(80,(157,174)))))))),((((187,(83,51)),((36,130),(159,(129,68)))),((168,(32,88)),(((7,54),(146,(14,179))),((194,33),(125,(140,(67,(17,186)))))))),((192,(149,11)),((((170,(29,124)),(99,((23,142),(97,90)))),((119,(89,(49,166))),(42,((151,100),(79,72))))),(64,((63,87),((39,(91,(141,103))),((46,(9,62)),((28,(21,131)),((198,(43,16)),((145,47),(76,113)))))))))))))))))));
Final quartet score is: 11815545655
Final normalized quartet score is: 0.8951449680590846
Extended species tree:
(168,((32,88)1:4.897839799950916,((((7,54)1:3.790760060183702,(146,(14,179)1:0.8733001271247737)1:1.478274726916967)1:1.4848079606417521,((194,33)1:2.3035087383799087,(125,(140,(67,(17,186)1:0.8980823471164383)1:2.004811068996698)1:0.5101235933468542)1:0.2947400548160859)1:0.3322225727797698)1:3.9391430752881975,(((187,(83,51)0.64:0.061477729465782005)1:2.676217526923092,((36,130)1:2.1262081682292373,(159,(129,68)1:1.1888591665158876)1:1.9939543228880237)1:1.08626392250825)1:1.9441032223358297,(((192,(149,11)1:3.799227511282799)1:1.5221969936674076,((((170,(29,124)1:0.4396754373832967)1:0.20493755760578986,(99,((23,142)1:0.5159472820936176,(97,90)1:0.6248211118817313)1:0.9560900300082686)1:0.2078229008010229)1:1.639173623634334,((119,(89,(49,166)0.87:0.1047993484152661)1:0.7306744535732949)1:2.235494250334275,(42,((151,100)1:0.8097568097082926,(79,72)0.99:0.15058710034904707)0.98:0.13379251195754083)1:1.7023605528891066)1:0.5308405951500325)1:3.4741439216255943,(64,((63,87)1:1.6068748461449602,((39,(91,(141,103)1:0.922579881530989)1:0.5998261181505528)1:1.23611644880225,((46,(9,62)1:1.7055817729870022)0.59:0.040618730065968243,((28,(21,131)1:0.963628243040755)1:0.5222465185952095,((198,(43,16)0.66:0.0721315720451683)1:0.8587700578395705,((145,47)1:0.7397125227956682,(76,113)1:1.205329291999225)1:0.21550899393629916)0.99:0.14492250026541006)1:0.6102662369161898)1:0.2656410080000236)1:0.6994667055550823)0.99:0.14315336236354026)1:2.985211678699789)1:1.3745925722767316)1:0.8503201685814947,((120,(24,((111,106)1:1.6470696721857452,((147,86)1:0.30621517366088497,(8,((122,94)1:1.2770173306327626,(80,(157,174)1:1.035765480171443)1:0.1856331988518546)1:0.43732697880312554)1:0.5235894362414902)0.88:0.08726359858362182)1:0.6862337805659705)1:0.3562632553612234)1:3.101878507816981,((((114,(143,153)1:2.9519296508955994)1:1.1768592400625477,(1,(188,(160,(13,127)0.97:0.13072953489739667)1:0.5146878874149483)1:1.9181366700014617)1:2.0075554048790565)1:3.509437096498711,(((73,180)1:4.173039877522332,(61,((135,((26,181)1:0.45907764885768426,(175,(138,116)1:1.1287867154905717)0.79:0.08879075027939541)1:2.828599689023252)1:0.7641879032406407,(132,((121,(69,102)1:0.6019086395196155)1:0.8867573389138681,((183,96)1:1.8551314080323094,(53,(139,(58,59)0.86:0.08849367744214534)1:1.5939787466517321)1:0.21554636978966077)1:0.8765154891144533)1:0.2360209932862297)1:1.9647819202340546)1:2.5485025048406067)1:0.9332660492997558)1:0.4270206514945688,(134,(((108,185)1:2.0621357945822427,(161,40)0.66:0.04972343535243062)1:3.8112702691459863,(((35,182)1:2.8183982582710745,((189,177)1:0.24638784106925754,(4,137)1:0.3619941054163323)1:3.059531177983317)1:1.899556728396008,((165,(163,(77,37)1:0.6638200146338236)0.92:0.10382464504015584)1:3.589082562100968,(6,((171,162)1:0.46996621434337554,(70,(148,190)1:0.3241917192825657)1:0.7391795803536729)1:1.8837219115696824)1:0.8943072597275701)1:0.8996349657173125)1:1.6647741524404736)0.47:0.0422352024127067)1:0.9791230008915242)1:1.8724606214829465)0.51:0.028546443628672476,((0,(78,(((155,(195,200)1:1.37147927533475)1:3.7191848036092683,((57,(84,(82,178)1:0.48557094908769716)1:1.3862943611198908)1:2.9496883350525875,((128,(10,41)1:0.678410871352093)1:2.3075726345050844,(193,(169,71)1:0.8103022727106087)1:2.0982159950873474)1:1.5162783928056143)1:1.539387063700771)1:2.3338113134351968,((45,(98,((74,55)0.96:0.11760784833570938,(27,117)1:0.8795379189606257)1:0.3456560702636614)1:2.4064372005858816)1:0.5156364879202388,(((15,((172,75)1:2.2067120241701113,(3,(104,164)1:0.9827910736062284)1:0.8946198863811807)1:0.16903101111194244)1:0.6628467421605205,((31,(176,25)1:1.6281396231187832)1:0.3961809649773654,(20,(18,22)1:0.6937504078441097)1:0.17671742927802914)1:1.7280885114033482)1:1.631905106996542,(((93,19)1:0.31751896472430186,(5,158)1:1.494151756976304)1:3.6465414574340422,(((109,(115,(50,81)1:0.8118112860625798)0.97:0.12866194547133566)1:2.7472552857146533,((34,126)0.88:0.0990763521058756,(154,(110,(48,38)1:1.3720485017861785)0.99:0.14920673772510848)1:0.7009849339146145)1:3.3918735540841833)0.94:0.11315227100441523,((30,(112,(197,65)1:0.2559773471628972)1:0.2011274842031996)1:2.015070636296774,((92,(133,56)1:0.20621394690691325)1:2.6899661077318044,((118,144)1:2.787626599604323,(101,(184,(2,156)1:0.25882707856314896)1:0.43630309765816194)1:1.2702903445783587)1:1.7585785336844015)1:0.609700561913739)0.86:0.08270452841454388)0.68:0.055054797340186215)1:0.4940328316227162)1:1.640410077817046)1:2.3884558273775025)1:0.19340826719568213)1:2.6267809606036403)1:1.9419137767973405,(((173,(12,(136,85)1:1.3367577035413725)0.99:0.15037287088300189)1:1.7558869217063493,(60,((150,95)1:3.3281505750755973,(199,(105,(52,(66,196)0.74:0.069279215526332)1:0.42518707913194564)1:0.8514636926233179)1:0.7709692430138758)1:0.3810196161393798)1:0.5670840825429484)1:0.8055807442198326,((152,167)1:1.9539407776010465,(123,((191,44)1:0.7538236279315731,107)1:1.8015045025714582)1:0.16499078430844236)1:1.4351074641381756)1:4.80363888260087)1:0.6717013490608068)1:0.37218932864443377)1:1.5157834977203077)1:1.0366322282755225)1:0.1638223371530188)1:4.107429313965769));
Weight calculation took 6.258555763 secs
ASTRAL finished in 14.884 secs
