
================== ASTRAL ===================== 

This is ASTRAL version 5.7.8
Gene trees are treated as unrooted
946 trees read from Dataset/AstralII_data/model.200.2000000.0.000001/14/estimatedgenetre.halfresolved
index0
All output trees will be *arbitrarily* rooted at 152

======== Running the main analysis
Number of taxa: 201 (201 species)
Taxa: [152, 2, 93, 126, 85, 97, 95, 144, 146, 159, 129, 70, 56, 13, 74, 186, 134, 133, 5, 142, 91, 32, 168, 110, 54, 60, 147, 175, 188, 132, 41, 191, 86, 23, 116, 174, 162, 113, 136, 101, 83, 88, 71, 19, 119, 53, 170, 62, 173, 195, 99, 200, 59, 158, 124, 22, 72, 128, 21, 184, 84, 20, 55, 141, 65, 151, 11, 164, 89, 140, 108, 46, 8, 81, 78, 26, 24, 127, 67, 130, 98, 37, 33, 143, 111, 64, 125, 63, 68, 154, 0, 198, 117, 48, 145, 163, 103, 3, 196, 14, 192, 39, 181, 58, 73, 122, 120, 80, 36, 29, 66, 131, 149, 190, 107, 121, 96, 189, 1, 199, 182, 40, 177, 166, 180, 171, 52, 35, 104, 169, 17, 45, 47, 135, 90, 69, 156, 138, 194, 75, 187, 79, 31, 100, 165, 92, 82, 148, 102, 123, 49, 27, 57, 161, 114, 50, 178, 76, 193, 160, 105, 157, 30, 139, 106, 38, 15, 18, 51, 185, 42, 109, 137, 115, 44, 94, 172, 176, 6, 155, 61, 12, 87, 150, 10, 153, 7, 197, 112, 34, 118, 28, 77, 179, 167, 16, 9, 183, 25, 4, 43]
Taxon occupancy: {110=946, 111=946, 112=946, 113=946, 114=946, 115=946, 116=946, 117=946, 118=946, 119=946, 10=946, 11=946, 12=946, 13=946, 14=946, 15=946, 16=946, 17=946, 18=946, 19=946, 120=946, 0=946, 121=946, 122=946, 1=946, 2=946, 123=946, 124=946, 3=946, 125=946, 4=946, 126=946, 5=946, 127=946, 6=946, 128=946, 7=946, 129=946, 8=946, 9=946, 20=946, 21=946, 22=946, 23=946, 24=946, 25=946, 26=946, 27=946, 28=946, 29=946, 130=946, 131=946, 132=946, 133=946, 134=946, 135=946, 136=946, 137=946, 138=946, 139=946, 30=946, 31=946, 32=946, 33=946, 34=946, 35=946, 36=946, 37=946, 38=946, 39=946, 140=946, 141=946, 142=946, 143=946, 144=946, 145=946, 146=946, 147=946, 148=946, 149=946, 40=946, 41=946, 42=946, 43=946, 44=946, 45=946, 46=946, 47=946, 48=946, 49=946, 150=946, 151=946, 152=946, 153=946, 154=946, 155=946, 156=946, 157=946, 158=946, 159=946, 50=946, 51=946, 52=946, 53=946, 54=946, 55=946, 56=946, 57=946, 58=946, 59=946, 160=946, 161=946, 162=946, 163=946, 164=946, 165=946, 166=946, 167=946, 168=946, 169=946, 60=946, 61=946, 62=946, 63=946, 64=946, 65=946, 66=946, 67=946, 68=946, 69=946, 170=946, 171=946, 172=946, 173=946, 174=946, 175=946, 176=946, 177=946, 178=946, 179=946, 70=946, 71=946, 72=946, 73=946, 74=946, 75=946, 76=946, 77=946, 78=946, 79=946, 180=946, 181=946, 182=946, 183=946, 184=946, 185=946, 186=946, 187=946, 188=946, 189=946, 80=946, 81=946, 82=946, 83=946, 84=946, 85=946, 86=946, 87=946, 88=946, 89=946, 190=946, 191=946, 192=946, 193=946, 194=946, 195=946, 196=946, 197=946, 198=946, 199=946, 90=946, 91=946, 92=946, 93=946, 94=946, 95=946, 96=946, 97=946, 98=946, 99=946, 200=946, 100=946, 101=946, 102=946, 103=946, 104=946, 105=946, 106=946, 107=946, 108=946, 109=946}
Number of gene trees: 946
0 trees have missing taxa
Calculating quartet distance matrix (for completion of X)
Species tree distances calculated ...
Building set of clusters (X) from gene trees 
------------------------------
gradient0: 95591
Number of Clusters after addition by distance: 95591
calculating extra bipartitions to be added at level 1 ...
Adding to X using resolutions of greedy consensus ...
Limit for sigma of degrees:5075
polytomy size limit : 59
discarded polytomies:  [3, 3, 3, 3, 3, 3, 3, 3, 3, 3, 3, 3, 3, 3, 3, 3, 3, 4, 4, 4, 4, 4, 4, 5, 5, 5, 8, 9, 11, 13, 15, 23, 59]
Threshold 0.0:
Threshold 0.01:
polytomy of size 8; rounds with additions with at least 5 support: 2; clusters: 95641
Threshold 0.02:
polytomy of size 3; rounds with additions with at least 5 support: 0; clusters: 95641
polytomy of size 9; rounds with additions with at least 5 support: 0; clusters: 95671
Threshold 0.05:
polytomy of size 4; rounds with additions with at least 5 support: 0; clusters: 95671
polytomy of size 3; rounds with additions with at least 5 support: 0; clusters: 95671
polytomy of size 13; rounds with additions with at least 5 support: 0; clusters: 95673
Threshold 0.1:
polytomy of size 3; rounds with additions with at least 5 support: 0; clusters: 95673
polytomy of size 5; rounds with additions with at least 5 support: 0; clusters: 95673
polytomy of size 3; rounds with additions with at least 5 support: 0; clusters: 95673
polytomy of size 15; rounds with additions with at least 5 support: 0; clusters: 95673
Threshold 0.2:
polytomy of size 3; rounds with additions with at least 5 support: 0; clusters: 95673
polytomy of size 5; rounds with additions with at least 5 support: 0; clusters: 95673
polytomy of size 3; rounds with additions with at least 5 support: 0; clusters: 95673
polytomy of size 3; rounds with additions with at least 5 support: 0; clusters: 95673
polytomy of size 4; rounds with additions with at least 5 support: 0; clusters: 95673
polytomy of size 3; rounds with additions with at least 5 support: 0; clusters: 95673
polytomy of size 11; rounds with additions with at least 5 support: 0; clusters: 95673
polytomy of size 23; rounds with additions with at least 5 support: 0; clusters: 95675
Threshold 0.3333333333333333:
polytomy of size 4; rounds with additions with at least 5 support: 0; clusters: 95675
polytomy of size 4; rounds with additions with at least 5 support: 0; clusters: 95675
polytomy of size 3; rounds with additions with at least 5 support: 0; clusters: 95675
polytomy of size 5; rounds with additions with at least 5 support: 0; clusters: 95675
polytomy of size 3; rounds with additions with at least 5 support: 0; clusters: 95675
polytomy of size 3; rounds with additions with at least 5 support: 0; clusters: 95675
polytomy of size 3; rounds with additions with at least 5 support: 0; clusters: 95675
polytomy of size 4; rounds with additions with at least 5 support: 0; clusters: 95675
polytomy of size 3; rounds with additions with at least 5 support: 0; clusters: 95675
polytomy of size 4; rounds with additions with at least 5 support: 0; clusters: 95675
polytomy of size 3; rounds with additions with at least 5 support: 0; clusters: 95675
polytomy of size 3; rounds with additions with at least 5 support: 0; clusters: 95675
polytomy of size 3; rounds with additions with at least 5 support: 0; clusters: 95675
polytomy of size 3; rounds with additions with at least 5 support: 0; clusters: 95675
polytomy of size 59; rounds with additions with at least 5 support: 0; clusters: 95675
max k is :4
Number of Clusters after addition by greedy: 95675
gradient0 in heuristiic: 95675
partitions formed in 59.967 secs
Dynamic Programming starting after 59.968 secs
Using tree-based weight calculation.
Using polytree-based weight calculation.
Polytree max score: 62369730687
Polytree building time: 3.065 seconds.
Number of quartet trees in the gene trees: 62369730687
Size of largest cluster: 201
Greedy score: 32179705708
estimationFactor: 1.9381697040036834
Sub-optimal score: 33000533874
Calculated 100000 weights; time (seconds): 342
Calculated 200000 weights; time (seconds): 272
Total Number of elements weighted: 250108
Normalized score (portion of input quartet trees satisfied before correcting for multiple individuals): 0.5903625403287931
Optimization score: 36820752648
Optimal tree inferred in 761.215 secs.
(90,(135,((47,((170,(19,119)),(71,(62,(53,(88,(101,83))))))),(136,(((100,(79,((31,165),(75,187)))),(((56,(146,70)),((74,186),(13,(159,129)))),((147,((60,132),(175,188))),((191,(41,86)),((116,174),(113,(23,162))))))),((((134,94),(154,((93,(152,2)),(85,(126,(97,(95,144))))))),(((133,(110,54)),((5,142),(168,(91,32)))),((((115,44),(82,(160,(92,193)))),((148,102),((27,57),(123,49)))),((50,((161,114),(178,76))),((25,((4,43),(157,183))),((172,176),(6,(155,(61,12))))))))),(((0,(48,((145,163),((196,39),(14,(192,(103,3))))))),((171,(166,180)),((177,(182,40)),((138,194),((35,17),(45,(104,169))))))),((((127,(69,156)),((78,(26,24)),(81,(46,8)))),((122,(80,(73,(58,120)))),((130,(98,(37,(33,143)))),((36,(29,66)),(67,(181,(198,117))))))),((((137,(42,109)),((16,9),(30,139))),(((52,10),(87,((34,(118,167)),(153,(105,28))))),(((51,185),(15,(18,(106,38)))),((179,(99,(200,(173,195)))),(77,(150,(7,(197,112)))))))),(((65,151),(84,(20,(55,141)))),((((89,140),(11,164)),(108,(63,((125,68),(111,64))))),(((128,(21,184)),((59,158),(124,(22,72)))),((96,(189,(1,199))),((107,121),(190,(131,149))))))))))))))));
Final quartet score is: 36820752648
Final normalized quartet score is: 0.5903625403287931
Extended species tree:
(152,(2,(93,((85,(126,(97,(95,144)1:0.7658517624087192)1:0.7357379850353533)1:0.568763397266943)1:0.6213936369443503,(154,((134,94)1:1.154414123297028,((((133,(110,54)0.84:0.043874258828549034)1:0.6934843815904174,((5,142)1:0.15803606729426883,(168,(91,32)1:0.19757797838230295)1:0.793153395708975)1:0.847118336474037)1:1.5990833610221293,((((115,44)1:2.612418255382231,(82,(160,(92,193)1:0.34469070902935867)1:1.2109290618074984)1:0.9759715089134365)1:0.3062637364680753,((148,102)1:0.7111558042733421,((27,57)1:1.5184627923500917,(123,49)1:1.143795918589148)1:0.7698625911799666)1:0.09032517257823644)1:0.6933576907137002,((50,((161,114)1:1.547695048009287,(178,76)1:1.3066610776643277)1:0.512055971086746)1:0.8724814311741649,((25,((4,43)1:0.7184908392082864,(157,183)1:0.3330784399900954)0.75:0.03385367010326018)1:0.7224296547140557,((172,176)1:1.3390577029079385,(6,(155,(61,12)0.83:0.03525294513203544)1:0.5473820247004793)1:0.6792456852261127)1:0.8055884603424114)1:0.7472556993057126)1:0.6330282234034351)1:0.13433494115990302)1:0.24410558970873317,((((0,(48,((145,163)1:2.0429611768373923,((196,39)1:0.07952174043331589,(14,(192,(103,3)1:1.4551481034551785)0.99:0.06351331740701151)1:0.5952779238144815)1:0.6348680298210119)1:0.4039197005252291)1:0.7037804630589106)0.74:0.03688660946712936,((171,(166,180)1:0.5659236353805926)1:0.8335711967387207,((177,(182,40)0.99:0.07030880589674365)1:1.784743549587244,((138,194)1:0.9343910055607002,((35,17)1:0.0759270849246511,(45,(104,169)1:0.8138665079967973)1:0.18208779967362884)1:1.3342430670668082)1:0.38404645596800707)1:0.6431005523105812)1:0.5526139560257212)0.71:0.02707017659135316,((((127,(69,156)1:0.6081968707546039)1:0.2991346286722227,((78,(26,24)1:0.6993883293030028)1:0.31479032671264606,(81,(46,8)1:0.8997217658257946)0.93:0.04659417655221493)1:2.3697680865757382)1:0.313154684120501,((122,(80,(73,(58,120)1:0.9384562695928802)1:0.603525794011352)1:0.541348615014861)1:0.48834391265799726,((130,(98,(37,(33,143)1:0.4303394536954312)1:1.045545264019552)1:1.0437206167857598)1:0.28742377215617654,((36,(29,66)1:1.6647163215258147)1:0.4052497971860224,(67,(181,(198,117)1:2.2746974696452087)1:0.07859189980001624)1:0.189109884658351)1:0.28850083709859736)1:0.28111944904666486)0.88:0.04032167709809293)1:0.576852174591818,((((137,(42,109)1:0.6339284227876751)1:0.11003598796404133,((16,9)1:1.275100702222777,(30,139)1:2.3879714161792904)1:0.08586293313663952)1:0.21856543548422303,(((52,10)1:1.4254850525222063,(87,((34,(118,167)1:0.6624191970414618)1:0.9107422309959631,(153,(105,28)1:0.5966965493726338)1:0.3527716394537662)1:0.10718751108595369)1:0.5303935586097454)1:0.115064766462742,(((51,185)1:1.2063176512277398,(15,(18,(106,38)0.81:0.03576067054400111)1:0.610665590553364)1:0.8799828012468954)1:0.32555328374873543,((179,(99,(200,(173,195)1:0.4255379833457721)1:0.10649020908882963)1:0.8166986469207518)1:0.24333300491660453,(77,(150,(7,(197,112)1:0.20538303959849544)1:0.35712579041943554)1:1.0985307259259252)1:0.15280609128046002)1:0.09592591874499444)0.82:0.03476670633547046)1:0.4892809823934764)1:0.9464251324424492,(((65,151)1:1.9022053602318227,(84,(20,(55,141)1:0.27246431205407184)1:0.8902545881379161)1:0.9634441460969823)1:0.09555096789072774,((((89,140)1:1.765976940853288,(11,164)1:2.0182065602742143)1:0.1173946186478079,(108,(63,((125,68)0.48:0.013093127685712622,(111,64)1:0.5160419725977247)1:0.5096569039427741)1:1.2179849087486612)1:0.7357088358673161)1:0.6231852159230843,(((128,(21,184)1:1.7483923256132714)1:0.4523573454536905,((59,158)1:0.5098682797883393,(124,(22,72)1:0.23616678484717094)1:1.1388475988684144)1:0.8305716532668593)1:0.7389571528086395,((96,(189,(1,199)1:0.5400451843022046)1:0.6425236944151838)1:1.3317538234347506,((107,121)1:0.7284810722839303,(190,(131,149)1:0.08634511309138286)1:2.059718779307945)1:0.39353723684139985)1:0.4044741537116703)1:0.35407477520482045)0.92:0.04513096022718232)0.97:0.05739782013247297)0.97:0.05694083337892658)1:0.15736996449565654)0.97:0.055434738536826664,(((100,(79,((31,165)1:0.5598698040545209,(75,187)1:1.0304219046048622)0.79:0.03605268598625133)1:0.12153308412945196)1:1.8656245845354573,(((56,(146,70)1:0.4632771717777888)1:0.09997514011224429,((74,186)1:2.392189728400103,(13,(159,129)1:0.7616543062343668)1:0.08946544714821277)0.66:0.039919804199841646)1:1.4677759849646372,((147,((60,132)1:0.49507057912313845,(175,188)1:0.3190591580607537)1:0.25299265120740805)1:1.0463389059906505,((191,(41,86)1:0.7494820479722155)1:0.7931807694373566,((116,174)1:0.6640168531721561,(113,(23,162)1:0.1507441758785833)1:0.3703243233516695)1:1.9247567893157822)1:0.5964261194094862)1:0.4453171556599039)0.91:0.043789778578025955)0.7:0.026114553049472918,(136,((47,((170,(19,119)1:0.8765056223897948)1:0.5655061243593351,(71,(62,(53,(88,(101,83)1:0.5396166055471523)1:1.081533329854586)0.92:0.04537712530028425)1:0.4509904654003125)1:0.37582551401551584)1:0.22381402723729088)0.92:0.04508723513829207,(135,90)1:1.78185793796684)1:0.37601307895124614)1:0.5267183895733337)1:0.2810630802934346)0.87:0.03834642252928304)1:0.6571376406117397)1:0.3036179453432245)1:0.3896271088779635)1:0.1818275286317642)1:1.6567852534914338));
Weight calculation took 662.159062188 secs
ASTRAL finished in 771.147 secs
