
================== ASTRAL ===================== 

This is ASTRAL version 5.7.8
Gene trees are treated as unrooted
200 trees read from Dataset/AstralII_data/model.200.2000000.0.000001/14/estimatedgenetre.halfresolved_200
index0
All output trees will be *arbitrarily* rooted at 152

======== Running the main analysis
Number of taxa: 201 (201 species)
Taxa: [152, 2, 93, 126, 85, 97, 95, 144, 146, 159, 129, 70, 56, 13, 74, 186, 134, 133, 5, 142, 91, 32, 168, 110, 54, 60, 147, 175, 188, 132, 41, 191, 86, 23, 116, 174, 162, 113, 136, 101, 83, 88, 71, 19, 119, 53, 170, 62, 173, 195, 99, 200, 59, 158, 124, 22, 72, 128, 21, 184, 84, 20, 55, 141, 65, 151, 11, 164, 89, 140, 108, 46, 8, 81, 78, 26, 24, 127, 67, 130, 98, 37, 33, 143, 111, 64, 125, 63, 68, 154, 0, 198, 117, 48, 145, 163, 103, 3, 196, 14, 192, 39, 181, 58, 73, 122, 120, 80, 36, 29, 66, 131, 149, 190, 107, 121, 96, 189, 1, 199, 182, 40, 177, 166, 180, 171, 52, 35, 104, 169, 17, 45, 47, 135, 90, 69, 156, 138, 194, 75, 187, 79, 31, 100, 165, 92, 82, 148, 102, 123, 49, 27, 57, 161, 114, 50, 178, 76, 193, 160, 105, 157, 30, 139, 106, 38, 15, 18, 51, 185, 42, 109, 137, 115, 44, 94, 172, 176, 6, 155, 61, 12, 87, 150, 10, 153, 7, 197, 112, 34, 118, 28, 77, 179, 167, 16, 9, 183, 25, 4, 43]
Taxon occupancy: {110=200, 111=200, 112=200, 113=200, 114=200, 115=200, 116=200, 117=200, 118=200, 119=200, 10=200, 11=200, 12=200, 13=200, 14=200, 15=200, 16=200, 17=200, 18=200, 19=200, 120=200, 0=200, 121=200, 122=200, 1=200, 2=200, 123=200, 124=200, 3=200, 125=200, 4=200, 126=200, 5=200, 127=200, 6=200, 128=200, 7=200, 129=200, 8=200, 9=200, 20=200, 21=200, 22=200, 23=200, 24=200, 25=200, 26=200, 27=200, 28=200, 29=200, 130=200, 131=200, 132=200, 133=200, 134=200, 135=200, 136=200, 137=200, 138=200, 139=200, 30=200, 31=200, 32=200, 33=200, 34=200, 35=200, 36=200, 37=200, 38=200, 39=200, 140=200, 141=200, 142=200, 143=200, 144=200, 145=200, 146=200, 147=200, 148=200, 149=200, 40=200, 41=200, 42=200, 43=200, 44=200, 45=200, 46=200, 47=200, 48=200, 49=200, 150=200, 151=200, 152=200, 153=200, 154=200, 155=200, 156=200, 157=200, 158=200, 159=200, 50=200, 51=200, 52=200, 53=200, 54=200, 55=200, 56=200, 57=200, 58=200, 59=200, 160=200, 161=200, 162=200, 163=200, 164=200, 165=200, 166=200, 167=200, 168=200, 169=200, 60=200, 61=200, 62=200, 63=200, 64=200, 65=200, 66=200, 67=200, 68=200, 69=200, 170=200, 171=200, 172=200, 173=200, 174=200, 175=200, 176=200, 177=200, 178=200, 179=200, 70=200, 71=200, 72=200, 73=200, 74=200, 75=200, 76=200, 77=200, 78=200, 79=200, 180=200, 181=200, 182=200, 183=200, 184=200, 185=200, 186=200, 187=200, 188=200, 189=200, 80=200, 81=200, 82=200, 83=200, 84=200, 85=200, 86=200, 87=200, 88=200, 89=200, 190=200, 191=200, 192=200, 193=200, 194=200, 195=200, 196=200, 197=200, 198=200, 199=200, 90=200, 91=200, 92=200, 93=200, 94=200, 95=200, 96=200, 97=200, 98=200, 99=200, 200=200, 100=200, 101=200, 102=200, 103=200, 104=200, 105=200, 106=200, 107=200, 108=200, 109=200}
Number of gene trees: 200
0 trees have missing taxa
Calculating quartet distance matrix (for completion of X)
Species tree distances calculated ...
Building set of clusters (X) from gene trees 
------------------------------
gradient0: 26289
Number of Clusters after addition by distance: 26289
calculating extra bipartitions to be added at level 1 ...
Adding to X using resolutions of greedy consensus ...
Limit for sigma of degrees:5075
polytomy size limit : 58
discarded polytomies:  [3, 3, 3, 3, 3, 3, 3, 3, 3, 3, 3, 3, 3, 3, 3, 3, 3, 4, 4, 4, 4, 4, 4, 4, 5, 5, 5, 6, 9, 12, 13, 15, 22, 58]
Threshold 0.0:
polytomy of size 4; rounds with additions with at least 5 support: 1; clusters: 26309
Threshold 0.01:
polytomy of size 6; rounds with additions with at least 5 support: 2; clusters: 26357
Threshold 0.02:
polytomy of size 9; rounds with additions with at least 5 support: 1; clusters: 26481
Threshold 0.05:
polytomy of size 4; rounds with additions with at least 5 support: 0; clusters: 26481
polytomy of size 13; rounds with additions with at least 5 support: 0; clusters: 26491
Threshold 0.1:
polytomy of size 3; rounds with additions with at least 5 support: 0; clusters: 26491
polytomy of size 5; rounds with additions with at least 5 support: 0; clusters: 26491
polytomy of size 3; rounds with additions with at least 5 support: 0; clusters: 26491
polytomy of size 15; rounds with additions with at least 5 support: 1; clusters: 26505
Threshold 0.2:
polytomy of size 4; rounds with additions with at least 5 support: 0; clusters: 26505
polytomy of size 5; rounds with additions with at least 5 support: 0; clusters: 26505
polytomy of size 3; rounds with additions with at least 5 support: 0; clusters: 26505
polytomy of size 3; rounds with additions with at least 5 support: 0; clusters: 26505
polytomy of size 3; rounds with additions with at least 5 support: 0; clusters: 26505
polytomy of size 12; rounds with additions with at least 5 support: 0; clusters: 26505
polytomy of size 4; rounds with additions with at least 5 support: 0; clusters: 26505
polytomy of size 22; rounds with additions with at least 5 support: 0; clusters: 26505
Threshold 0.3333333333333333:
polytomy of size 3; rounds with additions with at least 5 support: 0; clusters: 26505
polytomy of size 4; rounds with additions with at least 5 support: 0; clusters: 26505
polytomy of size 3; rounds with additions with at least 5 support: 0; clusters: 26505
polytomy of size 5; rounds with additions with at least 5 support: 0; clusters: 26505
polytomy of size 3; rounds with additions with at least 5 support: 0; clusters: 26505
polytomy of size 3; rounds with additions with at least 5 support: 0; clusters: 26505
polytomy of size 3; rounds with additions with at least 5 support: 0; clusters: 26505
polytomy of size 3; rounds with additions with at least 5 support: 0; clusters: 26505
polytomy of size 4; rounds with additions with at least 5 support: 0; clusters: 26505
polytomy of size 3; rounds with additions with at least 5 support: 0; clusters: 26505
polytomy of size 3; rounds with additions with at least 5 support: 0; clusters: 26505
polytomy of size 3; rounds with additions with at least 5 support: 0; clusters: 26505
polytomy of size 4; rounds with additions with at least 5 support: 0; clusters: 26505
polytomy of size 3; rounds with additions with at least 5 support: 0; clusters: 26505
polytomy of size 3; rounds with additions with at least 5 support: 0; clusters: 26505
polytomy of size 3; rounds with additions with at least 5 support: 0; clusters: 26505
polytomy of size 58; rounds with additions with at least 5 support: 0; clusters: 26505
max k is :4
Number of Clusters after addition by greedy: 26505
gradient0 in heuristiic: 26505
partitions formed in 12.788 secs
Dynamic Programming starting after 12.788 secs
Using tree-based weight calculation.
Using polytree-based weight calculation.
Polytree max score: 13178548569
Polytree building time: 0.342 seconds.
Number of quartet trees in the gene trees: 13178548569
Size of largest cluster: 201
Greedy score: 6415106906
estimationFactor: 2.0542991351670548
Sub-optimal score: 7346921028
Total Number of elements weighted: 49206
Normalized score (portion of input quartet trees satisfied before correcting for multiple individuals): 0.5902911458170004
Optimization score: 7779180535
Optimal tree inferred in 50.007 secs.
(49,(123,((27,57),((148,102),(((115,44),(82,(160,(92,193)))),(((50,((178,76),(161,114))),((25,((4,43),(157,183))),((172,176),(6,(155,(61,12)))))),(((54,(133,110)),((5,142),(168,(91,32)))),(((134,94),(154,((93,(152,2)),(85,(126,(97,(95,144))))))),(((136,((135,90),(47,((170,(19,119)),(71,((53,62),(88,(101,83)))))))),((100,((31,165),(79,(75,187)))),(((56,(146,70)),((74,186),(13,(159,129)))),((147,((175,188),(60,132))),((191,(41,86)),((116,174),(113,(23,162)))))))),(((171,(166,180)),((177,(182,40)),((138,194),((35,17),(45,(104,169)))))),((0,(48,((145,163),((196,39),(192,(14,(103,3))))))),((((127,(69,156)),(81,((46,8),(78,(26,24))))),((122,(80,(73,(58,120)))),((130,(98,(37,(33,143)))),((36,(29,66)),(67,(181,(198,117))))))),((((137,(42,109)),((16,9),(30,139))),(((52,10),(87,((34,(118,167)),(153,(105,28))))),(((51,185),(15,(18,(106,38)))),((179,(99,(200,(173,195)))),(77,(150,(7,(197,112)))))))),(((65,151),(84,(20,(55,141)))),((((89,140),(11,164)),(108,(63,((125,68),(111,64))))),(((128,(21,184)),((59,158),(124,(22,72)))),((96,(189,(1,199))),((107,121),(190,(131,149))))))))))))))))))));
Final quartet score is: 7779180535
Final normalized quartet score is: 0.5902911458170004
Extended species tree:
(152,(2,(93,((85,(126,(97,(95,144)1:0.7075325674362762)1:0.5925710493538193)1:0.6374528153108115)1:0.6574892982138659,(154,((134,94)1:0.9650103808315411,((((136,((135,90)1:1.6215305168409717,(47,((170,(19,119)1:1.0215880144231049)1:0.3182497857424382,(71,((53,62)0.44:0.018268618301099746,(88,(101,83)1:0.4956205777480657)1:1.1159857595128677)1:0.3723351245621814)1:0.292543987391455)1:0.23342276426469055)0.87:0.08665922044753858)1:0.2803659200557018)1:0.39924206934623035,((100,((31,165)1:0.5271700441418236,(79,(75,187)1:0.908242232530001)0.83:0.07633387025886496)0.8:0.07112982922981732)1:1.715719481489251,(((56,(146,70)1:0.5581303403055853)0.73:0.06014734081685776,((74,186)1:2.4640307203669214,(13,(159,129)1:0.600840093469909)0.97:0.12675743238238377)0.9:0.10332534678620942)1:1.5199164348205627,((147,((175,188)1:0.3163416705686323,(60,132)1:0.47220034942122846)1:0.20171446642027469)1:1.155766121649099,((191,(41,86)1:0.9794842628963937)1:0.8464436130436077,((116,174)1:0.571933485595599,(113,(23,162)0.97:0.13291621193052622)1:0.32960098131880533)1:1.96713459698991)1:0.6091419747387198)1:0.4065543373569757)0.79:0.06845742596631958)0.48:0.022413401852523378)1:0.24775897440575886,(((171,(166,180)1:0.5715300165056504)1:0.8000820019674648,((177,(182,40)0.42:0.012582371903842333)1:1.699437632594017,((138,194)1:0.9243722244363723,((35,17)0.62:0.05647915652578812,(45,(104,169)1:0.7933126103614615)0.99:0.16221959297456157)1:1.1724798416762139)1:0.2856544416970265)1:0.6674029892756459)1:0.4857677066622294,((0,(48,((145,163)1:1.8411737466425198,((196,39)0.51:0.029311833947012794,(192,(14,(103,3)1:1.3545709629280185)0.38:0.005772233483213356)1:0.5674633920290096)1:0.6936545610172921)1:0.39913785352749825)1:0.7384926166368846)0.55:0.035134117325000214,((((127,(69,156)1:0.7216801140114077)1:0.31590325455928736,(81,((46,8)1:0.9463899404250247,(78,(26,24)1:0.6325042395312358)1:0.3998045430768844)0.67:0.05279541332817831)1:2.0609643045232384)1:0.24815121208187613,((122,(80,(73,(58,120)1:1.0325213611686057)1:0.6594652240050577)1:0.551862636581739)1:0.4864590593340892,((130,(98,(37,(33,143)1:0.41734124695364827)1:0.8996244198661292)1:1.0317144948579724)1:0.2450510283610141,((36,(29,66)1:1.498582068376302)1:0.34372725570411433,(67,(181,(198,117)1:2.0319655340841436)0.96:0.11602687517257533)1:0.25324116545461517)1:0.3089502500453052)1:0.31581602607550746)0.43:0.015213073893476124)1:0.68383015868025,((((137,(42,109)1:0.8219910617994339)0.58:0.05983603323393147,((16,9)1:1.0652274072843,(30,139)1:2.3771774612149086)0.88:0.09588845320335333)1:0.2539438838002192,(((52,10)1:1.445324729151345,(87,((34,(118,167)1:0.6078362330265218)1:0.9475662487590658,(153,(105,28)1:0.5348374946397348)1:0.40364110449777507)0.8:0.08666530554156199)1:0.49318666447994153)0.98:0.13558877200736102,(((51,185)1:1.1619251424638202,(15,(18,(106,38)0.89:0.10701484777217465)1:0.4752104196845682)1:0.9593520380316832)1:0.2888918543158772,((179,(99,(200,(173,195)1:0.31980483080289535)0.53:0.03988880953700647)1:0.8504466372464231)1:0.2751259261872883,(77,(150,(7,(197,112)1:0.2019845788721783)1:0.2793717024678983)1:1.0284621495850348)0.64:0.05622067859684634)0.98:0.1356469442124545)0.59:0.03864767151483112)1:0.47312012169096523)1:0.9500773333223744,(((65,151)1:1.906836910304758,(84,(20,(55,141)1:0.3051820726355178)1:0.9266780550869113)1:0.9298475309859717)0.91:0.0972658448374891,((((89,140)1:1.762347241474373,(11,164)1:1.8802790690840292)0.72:0.08497412141761242,(108,(63,((125,68)0.44:0.020411919914490262,(111,64)1:0.452648065881313)1:0.46680304944967227)1:1.1934928672382663)1:0.7275800918359501)1:0.649725230255797,(((128,(21,184)1:1.9801471006198925)1:0.49615137453902164,((59,158)1:0.43754102752106583,(124,(22,72)1:0.17433847834933358)1:1.186152892931189)1:0.7801166144389309)1:0.6129920584353571,((96,(189,(1,199)1:0.46624197871789996)1:0.6172594748415177)1:1.2844136268957984,((107,121)1:0.665785346991643,(190,(131,149)0.97:0.1308378658161866)1:2.0292621353781093)1:0.3503903758337371)1:0.40771173331528265)1:0.35514032395616923)0.41:0.012233303839668351)0.92:0.10153800087961477)0.56:0.03381889809125053)0.96:0.11991205056599856)0.51:0.029473676485328545)0.53:0.030750087354672606)0.78:0.06703457440435708,(((54,(133,110)0.44:0.018838193676756907)1:0.6217952204084156,((5,142)1:0.21727091685057648,(168,(91,32)1:0.2197921541795084)1:0.7025454156614793)1:0.8109905061129827)1:1.5508624874959462,(((50,((178,76)1:1.3092148445926544,(161,114)1:1.5664028089134223)1:0.5054245208754736)1:0.7237831533550405,((25,((4,43)1:0.7813576439591549,(157,183)1:0.34591528540321476)0.51:0.028772340914926118)1:0.7902317126061422,((172,176)1:1.3149864318258893,(6,(155,(61,12)0.59:0.048549644570186436)1:0.5191823515266353)1:0.5627794943709115)1:0.7756452036632382)1:0.7314526065382274)1:0.6678016832879777,(((115,44)1:2.8962270977344398,(82,(160,(92,193)1:0.22224516111096052)1:1.171892545249809)1:0.9205966710861093)1:0.4303203869622977,((148,102)1:0.7210235275021248,((27,57)1:1.40653866641467,(123,49)1:1.0365816927901845)1:0.6074101793705906)0.96:0.11428561222105862)1:0.6268094827236464)0.98:0.131915721333028)1:0.25444324706481375)1:0.6457940082131188)1:0.30776794558151366)1:0.29299918995593727)1:0.17043097531860774)1:1.6886170841283408));
Weight calculation took 34.268838738 secs
ASTRAL finished in 52.444 secs
