
================== ASTRAL ===================== 

This is ASTRAL version 5.7.8
Gene trees are treated as unrooted
50 trees read from Dataset/AstralII_data/model.200.2000000.0.000001/14/estimatedgenetre.halfresolved_50
index0
All output trees will be *arbitrarily* rooted at 152

======== Running the main analysis
Number of taxa: 201 (201 species)
Taxa: [152, 2, 93, 126, 85, 97, 95, 144, 146, 159, 129, 70, 56, 13, 74, 186, 134, 133, 5, 142, 91, 32, 168, 110, 54, 60, 147, 175, 188, 132, 41, 191, 86, 23, 116, 174, 162, 113, 136, 101, 83, 88, 71, 19, 119, 53, 170, 62, 173, 195, 99, 200, 59, 158, 124, 22, 72, 128, 21, 184, 84, 20, 55, 141, 65, 151, 11, 164, 89, 140, 108, 46, 8, 81, 78, 26, 24, 127, 67, 130, 98, 37, 33, 143, 111, 64, 125, 63, 68, 154, 0, 198, 117, 48, 145, 163, 103, 3, 196, 14, 192, 39, 181, 58, 73, 122, 120, 80, 36, 29, 66, 131, 149, 190, 107, 121, 96, 189, 1, 199, 182, 40, 177, 166, 180, 171, 52, 35, 104, 169, 17, 45, 47, 135, 90, 69, 156, 138, 194, 75, 187, 79, 31, 100, 165, 92, 82, 148, 102, 123, 49, 27, 57, 161, 114, 50, 178, 76, 193, 160, 105, 157, 30, 139, 106, 38, 15, 18, 51, 185, 42, 109, 137, 115, 44, 94, 172, 176, 6, 155, 61, 12, 87, 150, 10, 153, 7, 197, 112, 34, 118, 28, 77, 179, 167, 16, 9, 183, 25, 4, 43]
Taxon occupancy: {110=50, 111=50, 112=50, 113=50, 114=50, 115=50, 116=50, 117=50, 118=50, 119=50, 10=50, 11=50, 12=50, 13=50, 14=50, 15=50, 16=50, 17=50, 18=50, 19=50, 120=50, 0=50, 121=50, 122=50, 1=50, 2=50, 123=50, 124=50, 3=50, 125=50, 4=50, 126=50, 5=50, 127=50, 6=50, 128=50, 7=50, 129=50, 8=50, 9=50, 20=50, 21=50, 22=50, 23=50, 24=50, 25=50, 26=50, 27=50, 28=50, 29=50, 130=50, 131=50, 132=50, 133=50, 134=50, 135=50, 136=50, 137=50, 138=50, 139=50, 30=50, 31=50, 32=50, 33=50, 34=50, 35=50, 36=50, 37=50, 38=50, 39=50, 140=50, 141=50, 142=50, 143=50, 144=50, 145=50, 146=50, 147=50, 148=50, 149=50, 40=50, 41=50, 42=50, 43=50, 44=50, 45=50, 46=50, 47=50, 48=50, 49=50, 150=50, 151=50, 152=50, 153=50, 154=50, 155=50, 156=50, 157=50, 158=50, 159=50, 50=50, 51=50, 52=50, 53=50, 54=50, 55=50, 56=50, 57=50, 58=50, 59=50, 160=50, 161=50, 162=50, 163=50, 164=50, 165=50, 166=50, 167=50, 168=50, 169=50, 60=50, 61=50, 62=50, 63=50, 64=50, 65=50, 66=50, 67=50, 68=50, 69=50, 170=50, 171=50, 172=50, 173=50, 174=50, 175=50, 176=50, 177=50, 178=50, 179=50, 70=50, 71=50, 72=50, 73=50, 74=50, 75=50, 76=50, 77=50, 78=50, 79=50, 180=50, 181=50, 182=50, 183=50, 184=50, 185=50, 186=50, 187=50, 188=50, 189=50, 80=50, 81=50, 82=50, 83=50, 84=50, 85=50, 86=50, 87=50, 88=50, 89=50, 190=50, 191=50, 192=50, 193=50, 194=50, 195=50, 196=50, 197=50, 198=50, 199=50, 90=50, 91=50, 92=50, 93=50, 94=50, 95=50, 96=50, 97=50, 98=50, 99=50, 200=50, 100=50, 101=50, 102=50, 103=50, 104=50, 105=50, 106=50, 107=50, 108=50, 109=50}
Number of gene trees: 50
0 trees have missing taxa
Calculating quartet distance matrix (for completion of X)
Species tree distances calculated ...
Building set of clusters (X) from gene trees 
------------------------------
gradient0: 8715
Number of Clusters after addition by distance: 8715
calculating extra bipartitions to be added at level 1 ...
Adding to X using resolutions of greedy consensus ...
Limit for sigma of degrees:5075
polytomy size limit : 59
discarded polytomies:  [3, 3, 3, 3, 3, 3, 3, 3, 3, 3, 3, 3, 3, 3, 3, 3, 4, 4, 4, 4, 4, 4, 4, 4, 4, 4, 4, 4, 4, 4, 4, 5, 5, 14, 15, 26, 59]
Threshold 0.0:
polytomy of size 3; rounds with additions with at least 5 support: 0; clusters: 8719
polytomy of size 4; rounds with additions with at least 5 support: 2; clusters: 8739
polytomy of size 4; rounds with additions with at least 5 support: 0; clusters: 8757
Threshold 0.01:
polytomy of size 3; rounds with additions with at least 5 support: 0; clusters: 8757
polytomy of size 4; rounds with additions with at least 5 support: 0; clusters: 8757
polytomy of size 4; rounds with additions with at least 5 support: 0; clusters: 8759
Threshold 0.02:
polytomy of size 3; rounds with additions with at least 5 support: 0; clusters: 8759
polytomy of size 4; rounds with additions with at least 5 support: 0; clusters: 8759
polytomy of size 4; rounds with additions with at least 5 support: 0; clusters: 8759
Threshold 0.05:
polytomy of size 4; rounds with additions with at least 5 support: 2; clusters: 8765
polytomy of size 14; rounds with additions with at least 5 support: 4; clusters: 8865
Threshold 0.1:
polytomy of size 3; rounds with additions with at least 5 support: 0; clusters: 8865
polytomy of size 4; rounds with additions with at least 5 support: 0; clusters: 8865
polytomy of size 3; rounds with additions with at least 5 support: 0; clusters: 8865
polytomy of size 15; rounds with additions with at least 5 support: 0; clusters: 8873
Threshold 0.2:
polytomy of size 3; rounds with additions with at least 5 support: 0; clusters: 8873
polytomy of size 4; rounds with additions with at least 5 support: 0; clusters: 8873
polytomy of size 3; rounds with additions with at least 5 support: 0; clusters: 8873
polytomy of size 4; rounds with additions with at least 5 support: 0; clusters: 8873
polytomy of size 4; rounds with additions with at least 5 support: 0; clusters: 8875
polytomy of size 26; rounds with additions with at least 5 support: 0; clusters: 8939
Threshold 0.3333333333333333:
polytomy of size 3; rounds with additions with at least 5 support: 0; clusters: 8939
polytomy of size 3; rounds with additions with at least 5 support: 0; clusters: 8939
polytomy of size 4; rounds with additions with at least 5 support: 0; clusters: 8939
polytomy of size 3; rounds with additions with at least 5 support: 0; clusters: 8939
polytomy of size 4; rounds with additions with at least 5 support: 0; clusters: 8939
polytomy of size 5; rounds with additions with at least 5 support: 0; clusters: 8939
polytomy of size 4; rounds with additions with at least 5 support: 0; clusters: 8939
polytomy of size 3; rounds with additions with at least 5 support: 0; clusters: 8939
polytomy of size 3; rounds with additions with at least 5 support: 0; clusters: 8939
polytomy of size 3; rounds with additions with at least 5 support: 0; clusters: 8939
polytomy of size 4; rounds with additions with at least 5 support: 0; clusters: 8939
polytomy of size 3; rounds with additions with at least 5 support: 0; clusters: 8939
polytomy of size 3; rounds with additions with at least 5 support: 0; clusters: 8939
polytomy of size 3; rounds with additions with at least 5 support: 0; clusters: 8939
polytomy of size 5; rounds with additions with at least 5 support: 0; clusters: 8939
polytomy of size 59; rounds with additions with at least 5 support: 0; clusters: 8981
max k is :8
Number of Clusters after addition by greedy: 8981
gradient0 in heuristiic: 8981
partitions formed in 9.43 secs
Dynamic Programming starting after 9.43 secs
Using tree-based weight calculation.
Using polytree-based weight calculation.
Polytree max score: 3295175523
Polytree building time: 0.152 seconds.
Number of quartet trees in the gene trees: 3295175523
Size of largest cluster: 201
Greedy score: 1819859223
estimationFactor: 1.8106760574413947
Sub-optimal score: 1834860417
Total Number of elements weighted: 13445
Normalized score (portion of input quartet trees satisfied before correcting for multiple individuals): 0.5834853395759458
Optimization score: 1922686609
Optimal tree inferred in 14.429 secs.
(90,(135,(((170,(19,119)),(71,(62,(53,(88,(101,83)))))),(47,(136,(((100,((31,165),(79,(75,187)))),(((56,(146,70)),((74,186),(13,(159,129)))),((147,((175,188),(60,132))),((191,(41,86)),((116,174),(23,(162,113))))))),((((134,94),(154,((93,(152,2)),(85,(126,(97,(95,144))))))),(((133,(110,54)),((5,142),(168,(91,32)))),((((115,44),(82,(160,(92,193)))),((148,102),((27,57),(123,49)))),((50,((161,114),(178,76))),((25,((4,43),(157,183))),((172,176),(6,(61,(155,12))))))))),((0,((171,(166,180)),((177,(182,40)),((138,194),(45,(17,(35,(104,169)))))))),((48,((145,163),(196,(39,(14,(192,(103,3))))))),(((((65,151),(84,(20,(55,141)))),(((89,140),(11,164)),(108,(63,((125,68),(111,64)))))),(((128,(21,184)),((59,158),(124,(22,72)))),((96,(189,(1,199))),((107,121),(131,(149,190)))))),((((127,(69,156)),((46,8),(81,(78,(26,24))))),((122,(80,(73,(58,120)))),((130,(98,(37,(33,143)))),(67,((36,(29,66)),(181,(198,117))))))),((137,((30,139),((16,9),(42,109)))),(((51,185),(15,(106,(38,18)))),(((52,10),(87,((153,(105,28)),(34,(118,167))))),((179,(99,(200,(173,195)))),(77,(150,(7,(197,112)))))))))))))))))));
Final quartet score is: 1922686609
Final normalized quartet score is: 0.5834853395759458
Extended species tree:
(152,(2,(93,((85,(126,(97,(95,144)1:0.5402797037831393)1:0.48139202767457956)0.99:0.3192015161075198)1:0.7211021118424932,(154,((134,94)1:0.78939405734909,((((133,(110,54)0.43:0.02331230012569959)1:0.8243099783965814,((5,142)0.85:0.1598286590543504,(168,(91,32)0.99:0.34839696967274303)1:0.5327118040319498)1:0.5797118001341428)1:1.7547683189296372,((((115,44)1:2.4127808388382688,(82,(160,(92,193)0.96:0.23990197600499685)1:0.8777863768397256)1:0.6884483716972418)0.99:0.3325764219543435,((148,102)1:0.43871740669481435,((27,57)1:1.304622184957979,(123,49)1:1.0955563477067942)1:0.6261441589795899)0.62:0.08322521947368505)1:0.6531899988474514,((50,((161,114)1:1.0542861311129788,(178,76)1:1.2101782072821583)1:0.5371429320833639)1:0.8899386314689561,((25,((4,43)1:0.6345170961085402,(157,183)0.97:0.27651105164309414)0.52:0.10556374703745082)1:0.7813566034494275,((172,176)1:1.4036981047198251,(6,(61,(155,12)0.67:0.09989584129564417)1:0.4655514037326099)1:0.5740446622176304)1:0.684785452559988)1:0.7129498503848859)1:0.42737600044496316)0.9:0.18499290924410017)0.82:0.14609550861639214,(((0,((171,(166,180)1:0.7002466018591492)1:0.5149624191547763,((177,(182,40)0.86:0.1907053972378518)1:1.653756569429833,((138,194)1:0.9494420304828364,(45,(17,(35,(104,169)1:0.6709691670746585)0.94:0.22332675662244153)0.82:0.17364882813311255)1:1.17176582809142)0.95:0.23767048180133954)1:0.6215320856059029)1:0.5154605572583411)0.36:0.0011203134024295462,((48,((145,163)1:1.8236556550924945,(196,(39,(14,(192,(103,3)1:0.9947440878671459)0.74:0.12881978292339316)1:0.42919741499776004)0.42:0.020651264383821994)1:0.4669516827884387)0.98:0.287119992400192)1:0.6245517256460049,(((((65,151)1:1.8723667419002374,(84,(20,(55,141)0.99:0.2928654971355405)1:0.8779949188814002)1:0.9821066070460408)0.61:0.07953589233019057,(((89,140)1:1.5435946498500452,(11,164)1:1.7594698461705898)0.79:0.13792058391824102,(108,(63,((125,68)0.76:0.14728146034585607,(111,64)0.89:0.19774475344985334)1:0.37165011265649917)1:1.0073311937572331)1:0.5664275287473788)1:0.6619717357993233)0.53:0.07272391452726547,(((128,(21,184)1:1.2451843602629877)1:0.5602041361010164,((59,158)1:0.35675619481999077,(124,(22,72)0.91:0.2020176985843264)1:1.2431783710511228)1:0.717787149215081)1:0.5284363389404444,((96,(189,(1,199)1:0.45493490500390515)1:0.7971608274834974)1:1.377884640434779,((107,121)1:0.6715707299163469,(131,(149,190)0.66:0.0932104180481839)1:1.832327850938564)0.97:0.2669754780617821)1:0.41807544724917084)0.94:0.22283365258920046)0.79:0.14309647715341778,((((127,(69,156)1:0.5251094405085864)0.94:0.2249100342852266,((46,8)1:1.2860906320634762,(81,(78,(26,24)1:0.88854915993527)0.99:0.3300729291219239)0.53:0.05915668267247357)1:2.210990773100368)0.79:0.13483758266917803,((122,(80,(73,(58,120)1:0.8362480242006187)1:0.7154978542382312)1:0.49348151030801796)1:0.7247044969143006,((130,(98,(37,(33,143)1:0.6649594670174712)1:0.6934458217447843)1:1.0411704682795728)0.83:0.1505692186726538,(67,((36,(29,66)1:1.500740723677234)1:0.46237069258662394,(181,(198,117)1:1.9020031477109531)0.96:0.24118491004205034)0.58:0.11173706802553794)1:0.3471403667298779)1:0.4322171856510414)0.46:0.033570235786031764)1:0.6837352464851942,((137,((30,139)1:2.2434273879138256,((16,9)1:1.219356551470518,(42,109)1:0.9292365873017125)0.53:0.05960555495700774)0.7:0.10639099948511006)0.81:0.15211592905882046,(((51,185)1:1.4655082249830267,(15,(106,(38,18)0.52:0.08249441670965653)1:0.4404554976789665)1:0.894559646509296)0.98:0.2748555202355632,(((52,10)1:1.2483368758032058,(87,((153,(105,28)1:0.5943048682965468)0.89:0.18672888212624558,(34,(118,167)1:0.6301486703883481)1:1.0738426695555823)0.88:0.18485535431998817)1:0.4344904819070281)0.74:0.12589551552992598,((179,(99,(200,(173,195)0.99:0.3324581126070662)0.53:0.07462952749844783)1:0.618500306084724)0.92:0.20105505874508994,(77,(150,(7,(197,112)0.94:0.23758941921184)0.59:0.08789500183165425)1:0.8007004677700674)0.89:0.18691531096481556)0.39:0.013748980972486757)0.41:0.01718849310727206)1:0.45623007602472165)1:0.8317003255593953)0.45:0.030599570006259035)0.55:0.06425664515727512)0.43:0.024690001365539598)0.34:0.0,(((100,((31,165)1:0.39289790815810083,(79,(75,187)1:0.8267634592250097)0.88:0.17346863300848067)0.45:0.03242421602064452)1:1.5677414007516999,(((56,(146,70)1:0.3972090490934248)0.42:0.019566380228994165,((74,186)1:2.2970793694613794,(13,(159,129)1:0.7268029586620707)0.7:0.11858677307846234)0.69:0.1041787900871802)1:1.3614136069910214,((147,((175,188)1:0.3488534446140185,(60,132)1:0.4550551548176326)0.95:0.23185985382830065)1:1.2366615813245592,((191,(41,86)1:0.7545349693701527)1:0.965027398651572,((116,174)1:0.700032436297072,(23,(162,113)0.69:0.11606595023879095)0.98:0.27998064300168796)1:1.5971094133980703)1:0.6457053976324091)0.97:0.2504766425399751)0.68:0.10532135761133003)0.5:0.04713771619972378,(136,(47,(((170,(19,119)1:0.813584613031681)0.97:0.2572097528672178,(71,(62,(53,(88,(101,83)1:0.5063735269656684)1:1.3260386619656401)0.46:0.03486807074855602)1:0.6078562530760097)0.96:0.24696929389312489)1:0.384653702123621,(135,90)1:1.553758769534249)0.43:0.0415830518411856)1:0.35083743687410995)1:0.37886999113522)0.9:0.19098256783484144)0.51:0.054180873670151446)1:0.5026400822681337)1:0.39352771688885557)0.99:0.33645226863196476)0.93:0.2197991027833964)1:1.9119439742937572));
Weight calculation took 3.979762485 secs
ASTRAL finished in 15.798 secs
