
================== ASTRAL ===================== 

This is ASTRAL version 5.7.8
Gene trees are treated as unrooted
998 trees read from Dataset/AstralII_data/model.200.10000000.0.000001/27/estimatedgenetre.halfresolved
index0
All output trees will be *arbitrarily* rooted at 84

======== Running the main analysis
Number of taxa: 201 (201 species)
Taxa: [84, 152, 52, 158, 21, 173, 40, 171, 42, 68, 95, 58, 83, 18, 39, 139, 164, 167, 198, 55, 135, 113, 34, 108, 144, 5, 43, 111, 91, 120, 107, 47, 166, 185, 71, 20, 17, 6, 94, 87, 132, 37, 41, 190, 60, 184, 150, 19, 48, 157, 53, 161, 117, 10, 178, 186, 188, 177, 80, 133, 31, 69, 9, 200, 134, 130, 1, 124, 35, 179, 110, 56, 148, 7, 23, 45, 30, 13, 114, 151, 105, 101, 138, 129, 44, 75, 86, 29, 32, 115, 76, 92, 61, 146, 156, 99, 79, 90, 4, 51, 98, 116, 194, 149, 89, 118, 0, 102, 63, 22, 24, 195, 175, 165, 192, 72, 168, 49, 93, 169, 196, 57, 174, 182, 145, 131, 143, 78, 172, 59, 183, 155, 199, 181, 106, 127, 88, 140, 11, 33, 25, 100, 189, 141, 82, 26, 193, 180, 96, 14, 85, 136, 74, 160, 2, 64, 109, 142, 62, 8, 170, 12, 46, 15, 163, 112, 137, 50, 197, 121, 123, 3, 104, 16, 38, 77, 97, 162, 67, 103, 147, 128, 66, 54, 176, 65, 119, 191, 153, 81, 154, 159, 126, 73, 70, 122, 28, 125, 36, 27, 187]
Taxon occupancy: {110=998, 111=998, 112=998, 113=998, 114=998, 115=998, 116=998, 117=998, 118=998, 119=998, 10=998, 11=998, 12=998, 13=998, 14=998, 15=998, 16=998, 17=998, 18=998, 19=998, 120=998, 0=998, 121=998, 1=998, 122=998, 2=998, 123=998, 124=998, 3=998, 4=998, 125=998, 5=998, 126=998, 6=998, 127=998, 7=998, 128=998, 129=998, 8=998, 9=998, 20=998, 21=998, 22=998, 23=998, 24=998, 25=998, 26=998, 27=998, 28=998, 29=998, 130=998, 131=998, 132=998, 133=998, 134=998, 135=998, 136=998, 137=998, 138=998, 139=998, 30=998, 31=998, 32=998, 33=998, 34=998, 35=998, 36=998, 37=998, 38=998, 39=998, 140=998, 141=998, 142=998, 143=998, 144=998, 145=998, 146=998, 147=998, 148=998, 149=998, 40=998, 41=998, 42=998, 43=998, 44=998, 45=998, 46=998, 47=998, 48=998, 49=998, 150=998, 151=998, 152=998, 153=998, 154=998, 155=998, 156=998, 157=998, 158=998, 159=998, 50=998, 51=998, 52=998, 53=998, 54=998, 55=998, 56=998, 57=998, 58=998, 59=998, 160=998, 161=998, 162=998, 163=998, 164=998, 165=998, 166=998, 167=998, 168=998, 169=998, 60=998, 61=998, 62=998, 63=998, 64=998, 65=998, 66=998, 67=998, 68=998, 69=998, 170=998, 171=998, 172=998, 173=998, 174=998, 175=998, 176=998, 177=998, 178=998, 179=998, 70=998, 71=998, 72=998, 73=998, 74=998, 75=998, 76=998, 77=998, 78=998, 79=998, 180=998, 181=998, 182=998, 183=998, 184=998, 185=998, 186=998, 187=998, 188=998, 189=998, 80=998, 81=998, 82=998, 83=998, 84=998, 85=998, 86=998, 87=998, 88=998, 89=998, 190=998, 191=998, 192=998, 193=998, 194=998, 195=998, 196=998, 197=998, 198=998, 199=998, 90=998, 91=998, 92=998, 93=998, 94=998, 95=998, 96=998, 97=998, 98=998, 99=998, 200=998, 100=998, 101=998, 102=998, 103=998, 104=998, 105=998, 106=998, 107=998, 108=998, 109=998}
Number of gene trees: 998
0 trees have missing taxa
Calculating quartet distance matrix (for completion of X)
Species tree distances calculated ...
Building set of clusters (X) from gene trees 
------------------------------
gradient0: 72253
Number of Clusters after addition by distance: 72253
calculating extra bipartitions to be added at level 1 ...
Adding to X using resolutions of greedy consensus ...
Limit for sigma of degrees:5075
polytomy size limit : 42
discarded polytomies:  [3, 3, 3, 3, 3, 3, 3, 3, 3, 3, 3, 3, 3, 3, 3, 4, 4, 4, 4, 4, 5, 5, 5, 6, 6, 7, 9, 9, 11, 17, 22, 42]
Threshold 0.0:
Threshold 0.01:
polytomy of size 5; rounds with additions with at least 5 support: 1; clusters: 72281
Threshold 0.02:
polytomy of size 3; rounds with additions with at least 5 support: 0; clusters: 72281
polytomy of size 7; rounds with additions with at least 5 support: 1; clusters: 72357
Threshold 0.05:
polytomy of size 6; rounds with additions with at least 5 support: 0; clusters: 72357
polytomy of size 9; rounds with additions with at least 5 support: 4; clusters: 72373
polytomy of size 3; rounds with additions with at least 5 support: 0; clusters: 72373
Threshold 0.1:
polytomy of size 17; rounds with additions with at least 5 support: 0; clusters: 72373
polytomy of size 5; rounds with additions with at least 5 support: 0; clusters: 72373
Threshold 0.2:
polytomy of size 3; rounds with additions with at least 5 support: 0; clusters: 72373
polytomy of size 3; rounds with additions with at least 5 support: 0; clusters: 72373
polytomy of size 4; rounds with additions with at least 5 support: 0; clusters: 72373
polytomy of size 3; rounds with additions with at least 5 support: 0; clusters: 72373
polytomy of size 3; rounds with additions with at least 5 support: 0; clusters: 72373
polytomy of size 3; rounds with additions with at least 5 support: 0; clusters: 72373
polytomy of size 3; rounds with additions with at least 5 support: 0; clusters: 72373
polytomy of size 3; rounds with additions with at least 5 support: 0; clusters: 72373
polytomy of size 22; rounds with additions with at least 5 support: 0; clusters: 72381
polytomy of size 9; rounds with additions with at least 5 support: 0; clusters: 72387
Threshold 0.3333333333333333:
polytomy of size 6; rounds with additions with at least 5 support: 0; clusters: 72387
polytomy of size 4; rounds with additions with at least 5 support: 0; clusters: 72387
polytomy of size 4; rounds with additions with at least 5 support: 0; clusters: 72387
polytomy of size 3; rounds with additions with at least 5 support: 0; clusters: 72387
polytomy of size 3; rounds with additions with at least 5 support: 0; clusters: 72387
polytomy of size 5; rounds with additions with at least 5 support: 0; clusters: 72387
polytomy of size 3; rounds with additions with at least 5 support: 0; clusters: 72387
polytomy of size 4; rounds with additions with at least 5 support: 0; clusters: 72387
polytomy of size 11; rounds with additions with at least 5 support: 0; clusters: 72387
polytomy of size 3; rounds with additions with at least 5 support: 0; clusters: 72387
polytomy of size 4; rounds with additions with at least 5 support: 0; clusters: 72387
polytomy of size 3; rounds with additions with at least 5 support: 0; clusters: 72387
polytomy of size 3; rounds with additions with at least 5 support: 0; clusters: 72387
polytomy of size 42; rounds with additions with at least 5 support: 0; clusters: 72387
max k is :8
Number of Clusters after addition by greedy: 72387
gradient0 in heuristiic: 72387
partitions formed in 48.174 secs
Dynamic Programming starting after 48.175 secs
Using tree-based weight calculation.
Using polytree-based weight calculation.
Polytree max score: 65863029045
Polytree building time: 2.233 seconds.
Number of quartet trees in the gene trees: 65863029045
Size of largest cluster: 201
Greedy score: 36968387768
estimationFactor: 1.7816040412238732
Sub-optimal score: 39919686168
Calculated 100000 weights; time (seconds): 273
Calculated 200000 weights; time (seconds): 231
Total Number of elements weighted: 234155
Normalized score (portion of input quartet trees satisfied before correcting for multiple individuals): 0.6462269090284292
Optimization score: 42562461679
Optimal tree inferred in 591.653 secs.
(106,(127,((181,(199,88)),((172,(59,183)),((140,(11,33)),((155,(25,(100,189))),(((37,(41,(190,60))),((78,(131,143)),((93,(169,196)),((168,49),(145,(72,(182,(57,174)))))))),((87,132),(((12,46),((((135,113),(139,(164,(198,(167,55))))),((171,95),((58,83),((42,68),(18,39))))),((144,(34,6)),((17,(185,(71,20))),(108,((5,43),(123,((91,(107,47)),(111,(120,166)))))))))),(((((152,52),(50,(197,121))),(24,(192,(165,(195,175))))),(((112,(137,(15,163))),((97,162),((4,(79,90)),(80,(116,(51,98)))))),(((118,62),(149,89)),((84,(109,142)),((133,(141,82)),(158,(194,(102,63)))))))),((8,(22,170)),(0,(((94,((150,19),((157,(161,(48,53))),((117,10),(184,(178,186)))))),(((177,65),((27,187),(125,36))),((119,(((70,122),(73,28)),((191,153),((81,154),(159,126))))),((128,(66,(54,176))),((67,(103,147)),(3,((104,38),(16,77)))))))),((((26,193),(180,96)),((14,85),((136,74),(2,(160,64))))),((((188,29),(40,(21,173))),((92,(32,(115,76))),(61,(146,(156,99))))),((134,((31,(69,(9,200))),(130,(1,(179,(124,35)))))),((86,(148,((114,151),(105,(101,(138,129)))))),(7,((44,75),((110,56),(23,(30,(45,13)))))))))))))))))))))));
Final quartet score is: 42562461679
Final normalized quartet score is: 0.6462269090284292
Extended species tree:
(84,((109,142)1:0.6905502641103409,(((133,(141,82)1:0.24631003995650508)1:1.8910446954099625,(158,(194,(102,63)1:2.0563267392048177)0.87:0.07111654458109372)1:0.10544901949666612)1:0.35243719437801074,(((118,62)1:0.1559282275090115,(149,89)1:2.2572608543351333)1:0.5715054842905858,(((112,(137,(15,163)1:1.5286336029808134)1:0.21121404652016368)1:1.2076398142734721,((97,162)1:1.1332964620811152,((4,(79,90)1:1.3245273961629391)1:0.21633778321838637,(80,(116,(51,98)1:0.10645463369385737)1:0.5367277343454252)1:0.5395677275062618)1:0.27919781612838884)1:0.16659457186935236)1:0.1638404934135671,((((152,52)0.99:0.08015082954145938,(50,(197,121)1:1.708263371205597)1:0.46200079853160286)1:0.6722073813817557,(24,(192,(165,(195,175)1:1.4727181773227227)1:0.352997396899935)1:0.4928582245805616)1:0.5267013681824343)1:0.26070211958009604,(((8,(22,170)1:0.5876910149263)1:1.7272490224286237,(0,(((94,((150,19)1:2.5429675090928505,((157,(161,(48,53)1:0.1023300187734139)1:1.7531184766903134)1:1.0044388339520942,((117,10)1:1.5688978722268576,(184,(178,186)1:0.34170599775163985)1:1.2078730311527426)1:0.6633308470814469)1:0.3436580210906081)1:2.8150444884849817)0.53:0.01782759041806802,(((177,65)1:0.22080740489157877,((27,187)1:2.184215054478545,(125,36)1:1.3589139267023649)1:1.7240803115982535)1:0.2781889826680805,((119,(((70,122)1:0.5357942804196089,(73,28)1:1.828184257352667)1:0.3318157680723044,((191,153)1:2.5789716064859576,((81,154)1:1.8209986184498845,(159,126)1:1.9286690592074867)1:0.4314102838943829)1:0.5871055193594508)1:0.6487895365795595)1:1.265805663016424,((128,(66,(54,176)1:0.5463047258880452)1:1.1330509296874338)1:1.5874181401145386,((67,(103,147)1:0.6289871366867167)1:1.481316418623953,(3,((104,38)1:0.26156427859469356,(16,77)1:0.5630949860244046)0.54:0.01401131214961868)1:2.6451244925913198)1:1.6197150520101777)1:1.006665221953477)0.85:0.038710672222536935)1:1.860674966253395)1:0.12164065677890237,((((26,193)1:1.1095062919766252,(180,96)1:0.35208009410066676)1:2.109799032586646,((14,85)1:1.5476420772133073,((136,74)1:1.3557723077388437,(2,(160,64)1:0.8965967138365276)1:0.6908534299260625)1:1.4678493731800508)1:2.113444470283195)1:1.098360014614579,((((188,29)0.87:0.08334715050579085,(40,(21,173)1:0.45601570191513685)1:1.9955505912929332)1:0.4525874350167276,((92,(32,(115,76)1:0.6839142471826938)1:1.3906547517015677)1:0.0934590000762143,(61,(146,(156,99)1:1.115703580381596)1:0.26112064585789113)1:0.16692351265381372)1:0.39209830604238183)1:0.6615627146850729,((134,((31,(69,(9,200)0.99:0.06827066589076218)1:1.5682667006202735)1:1.8307231189324273,(130,(1,(179,(124,35)1:0.23341498706048863)1:0.41155477696272036)1:0.492183033449708)1:2.4573750410806623)1:0.4505565176028495)1:1.3118115551991034,((86,(148,((114,151)1:0.7066878932428504,(105,(101,(138,129)0.62:0.020574581013026342)1:0.39828541163546327)1:0.546835416697952)0.95:0.05538756788850968)1:0.2275651097708211)1:0.3846161437980573,(7,((44,75)1:0.2569515154366084,((110,56)1:0.6491368062824714,(23,(30,(45,13)1:0.7888344505639363)1:0.14847476018810687)1:1.310937025738041)1:0.5119690790050988)1:0.21276033783361883)1:0.2602762645356652)1:1.5757650047627305)1:0.31630911404235806)1:0.6358019057580848)1:0.1804672432925011)0.92:0.056481346589697536)0.98:0.06456790974206081)0.95:0.05123447040879599,(((12,46)1:1.476766514891496,((((135,113)1:1.1506012265222296,(139,(164,(198,(167,55)1:0.21716737208442324)1:0.4376207192048282)1:0.5820986223359985)1:1.5525501765909178)1:1.186460210761308,((171,95)1:2.07047616411753,((58,83)1:0.532449968348302,((42,68)1:0.33971002325922744,(18,39)1:0.9368962940003576)0.96:0.14263646177185077)1:0.2121875327012716)1:1.0289470660114872)1:0.33600583715278565,((144,(34,6)1:2.1164840534103915)1:0.10109191667957879,((17,(185,(71,20)1:0.19951383435010162)1:0.34557281880340485)1:1.3199132189511071,(108,((5,43)1:0.11583059929018176,(123,((91,(107,47)0.96:0.05265352542763295)1:0.436989341435877,(111,(120,166)1:0.11505010529568421)1:0.2355056323580628)1:1.3597266309478349)1:0.07881319892137414)1:1.8842872440043987)1:0.33277248593066483)1:0.11888222454124552)1:2.277685647929599)1:0.2978509940368166)1:0.26521241021123226,((87,132)1:2.846925564909863,(((37,(41,(190,60)1:2.4912372365524136)1:0.7799930348233428)1:1.369811876248075,((78,(131,143)1:0.342411468212332)1:2.8384807006285415,((93,(169,196)1:1.4843805876227825)1:2.6951497294700775,((168,49)1:2.1152040784746022,(145,(72,(182,(57,174)1:0.17557525663326443)1:0.7954308040961394)1:0.20893210375100207)1:0.1886690874920909)1:1.260331527337857)1:0.1639503128160616)1:0.44201027196139114)0.59:0.038965490160153646,((155,(25,(100,189)1:0.24008100038906177)1:3.237857369266516)1:0.2486724860323824,((140,(11,33)1:1.0246238785384236)1:1.5019695131134356,((172,(59,183)1:1.534587578892827)1:0.3950186646123922,((181,(199,88)1:0.19751456828021585)1:0.6452365604725947,(127,106)1:0.6094557541239715)1:0.19269916682559535)1:0.33998524691194154)1:0.4147686448221114)1:0.1652169589237619)1:0.16338506189590885)1:0.2420990097845998)0.92:0.04454035979593784)1:0.07137195352197342)1:0.8880796546807459)1:0.10500446711212875)0.99:0.08079305712217512)1:0.7663462389081401));
Weight calculation took 514.590661595 secs
ASTRAL finished in 602.357 secs
