
================== ASTRAL ===================== 

This is ASTRAL version 5.7.8
Gene trees are treated as unrooted
50 trees read from Dataset/AstralII_data/model.200.10000000.0.000001/27/estimatedgenetre.halfresolved_50
index0
All output trees will be *arbitrarily* rooted at 84

======== Running the main analysis
Number of taxa: 201 (201 species)
Taxa: [84, 152, 52, 158, 21, 173, 40, 171, 42, 68, 95, 58, 83, 18, 39, 139, 164, 167, 198, 55, 135, 113, 34, 108, 144, 5, 43, 111, 91, 120, 107, 47, 166, 185, 71, 20, 17, 6, 94, 87, 132, 37, 41, 190, 60, 184, 150, 19, 48, 157, 53, 161, 117, 10, 178, 186, 188, 177, 80, 133, 31, 69, 9, 200, 134, 130, 1, 124, 35, 179, 110, 56, 148, 7, 23, 45, 30, 13, 114, 151, 105, 101, 138, 129, 44, 75, 86, 29, 32, 115, 76, 92, 61, 146, 156, 99, 79, 90, 4, 51, 98, 116, 194, 149, 89, 118, 0, 102, 63, 22, 24, 195, 175, 165, 192, 72, 168, 49, 93, 169, 196, 57, 174, 182, 145, 131, 143, 78, 172, 59, 183, 155, 199, 181, 106, 127, 88, 140, 11, 33, 25, 100, 189, 141, 82, 26, 193, 180, 96, 14, 85, 136, 74, 160, 2, 64, 109, 142, 62, 8, 170, 12, 46, 15, 163, 112, 137, 50, 197, 121, 123, 3, 104, 16, 38, 77, 97, 162, 67, 103, 147, 128, 66, 54, 176, 65, 119, 191, 153, 81, 154, 159, 126, 73, 70, 122, 28, 125, 36, 27, 187]
Taxon occupancy: {110=50, 111=50, 112=50, 113=50, 114=50, 115=50, 116=50, 117=50, 118=50, 119=50, 10=50, 11=50, 12=50, 13=50, 14=50, 15=50, 16=50, 17=50, 18=50, 19=50, 120=50, 0=50, 121=50, 1=50, 122=50, 2=50, 123=50, 124=50, 3=50, 4=50, 125=50, 5=50, 126=50, 6=50, 127=50, 7=50, 128=50, 129=50, 8=50, 9=50, 20=50, 21=50, 22=50, 23=50, 24=50, 25=50, 26=50, 27=50, 28=50, 29=50, 130=50, 131=50, 132=50, 133=50, 134=50, 135=50, 136=50, 137=50, 138=50, 139=50, 30=50, 31=50, 32=50, 33=50, 34=50, 35=50, 36=50, 37=50, 38=50, 39=50, 140=50, 141=50, 142=50, 143=50, 144=50, 145=50, 146=50, 147=50, 148=50, 149=50, 40=50, 41=50, 42=50, 43=50, 44=50, 45=50, 46=50, 47=50, 48=50, 49=50, 150=50, 151=50, 152=50, 153=50, 154=50, 155=50, 156=50, 157=50, 158=50, 159=50, 50=50, 51=50, 52=50, 53=50, 54=50, 55=50, 56=50, 57=50, 58=50, 59=50, 160=50, 161=50, 162=50, 163=50, 164=50, 165=50, 166=50, 167=50, 168=50, 169=50, 60=50, 61=50, 62=50, 63=50, 64=50, 65=50, 66=50, 67=50, 68=50, 69=50, 170=50, 171=50, 172=50, 173=50, 174=50, 175=50, 176=50, 177=50, 178=50, 179=50, 70=50, 71=50, 72=50, 73=50, 74=50, 75=50, 76=50, 77=50, 78=50, 79=50, 180=50, 181=50, 182=50, 183=50, 184=50, 185=50, 186=50, 187=50, 188=50, 189=50, 80=50, 81=50, 82=50, 83=50, 84=50, 85=50, 86=50, 87=50, 88=50, 89=50, 190=50, 191=50, 192=50, 193=50, 194=50, 195=50, 196=50, 197=50, 198=50, 199=50, 90=50, 91=50, 92=50, 93=50, 94=50, 95=50, 96=50, 97=50, 98=50, 99=50, 200=50, 100=50, 101=50, 102=50, 103=50, 104=50, 105=50, 106=50, 107=50, 108=50, 109=50}
Number of gene trees: 50
0 trees have missing taxa
Calculating quartet distance matrix (for completion of X)
Species tree distances calculated ...
Building set of clusters (X) from gene trees 
------------------------------
gradient0: 7333
Number of Clusters after addition by distance: 7333
calculating extra bipartitions to be added at level 1 ...
Adding to X using resolutions of greedy consensus ...
Limit for sigma of degrees:5075
polytomy size limit : 45
discarded polytomies:  [3, 3, 3, 3, 3, 3, 3, 3, 3, 3, 3, 3, 3, 3, 3, 3, 3, 3, 4, 4, 4, 4, 4, 4, 4, 4, 5, 5, 5, 5, 5, 7, 14, 17, 29, 45]
Threshold 0.0:
polytomy of size 3; rounds with additions with at least 5 support: 0; clusters: 7335
polytomy of size 5; rounds with additions with at least 5 support: 2; clusters: 7375
polytomy of size 4; rounds with additions with at least 5 support: 2; clusters: 7395
Threshold 0.01:
polytomy of size 3; rounds with additions with at least 5 support: 0; clusters: 7397
polytomy of size 5; rounds with additions with at least 5 support: 0; clusters: 7405
polytomy of size 4; rounds with additions with at least 5 support: 0; clusters: 7405
Threshold 0.02:
polytomy of size 3; rounds with additions with at least 5 support: 0; clusters: 7405
polytomy of size 5; rounds with additions with at least 5 support: 0; clusters: 7405
polytomy of size 4; rounds with additions with at least 5 support: 0; clusters: 7405
Threshold 0.05:
polytomy of size 14; rounds with additions with at least 5 support: 4; clusters: 7463
polytomy of size 3; rounds with additions with at least 5 support: 0; clusters: 7463
Threshold 0.1:
polytomy of size 17; rounds with additions with at least 5 support: 3; clusters: 7517
polytomy of size 3; rounds with additions with at least 5 support: 0; clusters: 7517
polytomy of size 3; rounds with additions with at least 5 support: 0; clusters: 7517
Threshold 0.2:
polytomy of size 3; rounds with additions with at least 5 support: 0; clusters: 7517
polytomy of size 3; rounds with additions with at least 5 support: 0; clusters: 7517
polytomy of size 3; rounds with additions with at least 5 support: 0; clusters: 7517
polytomy of size 3; rounds with additions with at least 5 support: 0; clusters: 7517
polytomy of size 3; rounds with additions with at least 5 support: 0; clusters: 7517
polytomy of size 3; rounds with additions with at least 5 support: 0; clusters: 7517
polytomy of size 29; rounds with additions with at least 5 support: 0; clusters: 7565
Threshold 0.3333333333333333:
polytomy of size 3; rounds with additions with at least 5 support: 0; clusters: 7565
polytomy of size 4; rounds with additions with at least 5 support: 0; clusters: 7565
polytomy of size 4; rounds with additions with at least 5 support: 0; clusters: 7565
polytomy of size 3; rounds with additions with at least 5 support: 0; clusters: 7565
polytomy of size 3; rounds with additions with at least 5 support: 0; clusters: 7565
polytomy of size 4; rounds with additions with at least 5 support: 0; clusters: 7565
polytomy of size 4; rounds with additions with at least 5 support: 0; clusters: 7565
polytomy of size 5; rounds with additions with at least 5 support: 0; clusters: 7565
polytomy of size 7; rounds with additions with at least 5 support: 0; clusters: 7565
polytomy of size 5; rounds with additions with at least 5 support: 0; clusters: 7565
polytomy of size 4; rounds with additions with at least 5 support: 0; clusters: 7565
polytomy of size 3; rounds with additions with at least 5 support: 0; clusters: 7565
polytomy of size 3; rounds with additions with at least 5 support: 0; clusters: 7565
polytomy of size 3; rounds with additions with at least 5 support: 0; clusters: 7565
polytomy of size 45; rounds with additions with at least 5 support: 0; clusters: 7615
max k is :8
Number of Clusters after addition by greedy: 7615
gradient0 in heuristiic: 7615
partitions formed in 9.634 secs
Dynamic Programming starting after 9.634 secs
Using tree-based weight calculation.
Using polytree-based weight calculation.
Polytree max score: 3299865333
Polytree building time: 0.057 seconds.
Number of quartet trees in the gene trees: 3299865333
Size of largest cluster: 201
Greedy score: 2009060703
estimationFactor: 1.6424916022062077
Sub-optimal score: 2030773376
Total Number of elements weighted: 11742
Normalized score (portion of input quartet trees satisfied before correcting for multiple individuals): 0.6372251943046187
Optimization score: 2102757328
Optimal tree inferred in 12.468 secs.
(106,(127,((181,(199,88)),((172,(59,183)),((140,(11,33)),((155,(25,(100,189))),(((78,(131,143)),((93,(169,196)),((168,49),(72,(145,(182,(57,174))))))),(((87,132),(37,(41,(190,60)))),((((8,(22,170)),((52,(152,(50,(197,121)))),(24,(192,(165,(195,175)))))),(((112,(137,(15,163))),((97,162),((4,(79,90)),(80,(116,(51,98)))))),(((149,89),(118,62)),((84,(109,142)),(158,((194,(102,63)),(133,(141,82)))))))),(((12,46),((((135,113),(139,(164,(167,(198,55))))),((171,95),((42,68),((18,39),(58,83))))),((34,6),(144,((17,(185,(71,20))),(108,((43,(5,123)),((91,(107,47)),(111,(120,166)))))))))),((((150,19),((157,(161,(48,53))),((117,10),(184,(178,186))))),(94,(((177,65),((128,(66,(54,176))),((67,(103,147)),((104,38),(3,(16,77)))))),(((27,187),(125,36)),(119,(((70,122),(73,28)),((191,153),((81,154),(159,126))))))))),(0,((((26,193),(180,96)),((14,85),((136,74),(2,(160,64))))),((((188,29),(40,(21,173))),(92,((32,(115,76)),(61,(146,(156,99)))))),((134,((31,(69,(9,200))),(130,(1,(179,(124,35)))))),((86,(148,((114,151),(105,(138,(101,129)))))),(7,((44,75),((110,56),(23,(30,(45,13))))))))))))))))))))));
Final quartet score is: 2102757328
Final normalized quartet score is: 0.6372251943046187
Extended species tree:
(84,((109,142)1:0.9846758009268765,((158,((194,(102,63)1:2.1972245773362196)0.82:0.1465875975218479,(133,(141,82)0.87:0.17451216198074324)1:1.3746206852298637)0.47:0.053473135632434575)0.82:0.15624025839009317,(((149,89)1:1.752096701143687,(118,62)0.99:0.34250713143170974)1:0.5138447515630358,(((112,(137,(15,163)1:1.332409597344041)0.86:0.17165898677564906)1:1.0230402637057983,((97,162)1:1.1630982763812778,((4,(79,90)1:1.6127112377790696)0.89:0.19040224477955286,(80,(116,(51,98)0.79:0.14002228762475963)0.99:0.3359343102635527)1:0.3996638352725676)0.97:0.2523673370383524)0.77:0.13616285108446574)0.99:0.32645152426260204,(((8,(22,170)1:0.5829853753372859)1:1.375836098467325,((52,(152,(50,(197,121)1:1.3130243576636178)1:0.4966627265249003)0.51:0.07077373943318521)1:0.5298824559380738,(24,(192,(165,(195,175)1:1.4469189829363254)1:0.37347266337495383)0.99:0.32526081038822335)1:0.44693935949633046)0.72:0.1096086212600716)0.91:0.20425536994841761,((((12,46)1:1.311801204265344,((((135,113)1:1.3370711277825456,(139,(164,(167,(198,55)0.82:0.15378999452127398)1:0.3750011723845843)0.99:0.316024461296095)1:1.7850356120672397)1:0.7462397557207984,((171,95)1:1.708182816830265,((42,68)0.92:0.2461596378438083,((18,39)1:0.831269022111305,(58,83)0.99:0.30483603003745885)0.7:0.13241323984050804)0.85:0.173710460965285)1:0.9146655960885284)0.97:0.2814979171284976,((34,6)1:1.9859154836690123,(144,((17,(185,(71,20)0.84:0.16115674560191134)0.95:0.22986585658651543)1:1.0534987923307226,(108,((43,(5,123)0.54:0.05825999550772171)0.5:0.06306901315821134,((91,(107,47)0.61:0.08363272663833876)1:0.5188193524174533,(111,(120,166)0.99:0.32369048895826275)0.57:0.08291148134482831)1:1.3857710093814535)1:1.556554670282451)0.96:0.2405704378562314)0.42:0.020431857478039647)0.57:0.06579372338381428)1:1.6932879257416598)0.94:0.2897211370878198)0.92:0.22703750679151175,((((150,19)1:2.227077540485901,((157,(161,(48,53)0.97:0.2652596083959484)1:1.177890135145314)1:0.8527388339313778,((117,10)1:1.7405712223746108,(184,(178,186)0.99:0.30950694512872845)1:1.3291359472799418)1:0.6105624576777152)0.98:0.2721175559106694)1:2.241153415158709,(94,(((177,65)1:0.41956211830494383,((128,(66,(54,176)1:0.8873031950009027)1:0.9582922562442661)1:1.6160344741480503,((67,(103,147)1:0.583517714982543)1:1.0676577756443413,((104,38)0.52:0.05026183478088831,(3,(16,77)1:0.5303757576887799)0.53:0.08434114843375082)1:2.2120396631213595)1:0.9187837216352427)1:1.0798371490699923)0.54:0.05850820183831242,(((27,187)1:2.4277482359480516,(125,36)1:1.4431191050265508)1:1.3077522280627953,(119,(((70,122)1:0.4572457051281462,(73,28)1:1.377338255924314)0.97:0.25671859491122473,((191,153)1:1.9179487795373733,((81,154)1:1.5107809140616175,(159,126)1:1.9230326108236393)1:0.48489525833528796)1:0.7631827662795021)1:0.3774554928534492)1:1.2644854252462465)0.52:0.06422233469862458)1:1.68209156964424)0.66:0.10070694233202418)0.64:0.09157628953351608,(0,((((26,193)1:1.078806704974359,(180,96)0.98:0.2908721858141764)1:1.8442173419370063,((14,85)1:1.264597426142371,((136,74)1:1.2128306790114174,(2,(160,64)1:0.7553513320050478)1:0.9424592417387578)1:0.9616755425692511)1:1.7962898397158986)1:1.0889121139037639,((((188,29)0.95:0.233883496342372,(40,(21,173)1:0.4818380868927383)1:1.6701821204823157)0.98:0.28563733498294663,(92,((32,(115,76)1:1.1312238742568703)1:1.3445025520006502,(61,(146,(156,99)1:1.1683555336072293)0.86:0.1759776741813035)0.78:0.21765791735952023)0.7:0.1267764182520509)1:0.3781354797604688)1:0.46232482814035075,((134,((31,(69,(9,200)0.55:0.06046680598717973)1:1.128465251817791)1:2.830612562356158,(130,(1,(179,(124,35)0.98:0.2677726225926322)0.59:0.07926100210604722)1:0.6928137583109241)1:1.91588148767365)0.97:0.27288600893129583)1:1.262475808383612,((86,(148,((114,151)1:0.5375792194031677,(105,(138,(101,129)0.45:0.028782217349483875)0.98:0.28778160960410504)1:0.6919914886492881)0.53:0.058491944214730085)0.91:0.21386926325676714)1:0.41264203077351364,(7,((44,75)0.93:0.2136829580537373,((110,56)1:0.723000143709627,(23,(30,(45,13)1:0.5817234668118545)0.95:0.2292084869802723)1:1.345605105424127)1:0.41772179588842706)0.98:0.2697675201811843)0.96:0.24055963499036437)1:2.113774512322486)1:0.40295997004583806)1:0.5323794165407806)0.6:0.07688203266494509)0.68:0.11791315355393221)0.53:0.061955433509966254)0.57:0.06439828422625109,(((87,132)1:2.235504556647781,(37,(41,(190,60)1:2.14006616349627)1:0.5961825163195769)1:0.8150109292016653)0.44:0.037347374599061775,(((78,(131,143)0.99:0.30748469974796055)1:2.5846509260345325,((93,(169,196)1:1.519825753744413)1:2.167383644594596,((168,49)1:1.5855030478530094,(72,(145,(182,(57,174)0.96:0.24743311487438036)1:0.49183243330473153)0.99:0.3618259738249447)0.64:0.08562729372369139)1:1.161556469375286)0.93:0.2161614569486736)0.99:0.35016723367547725,((155,(25,(100,189)0.99:0.3508609740733125)1:2.2978189237094218)0.86:0.1735452769870728,((140,(11,33)1:0.9845994727768571)1:1.6535972712350178,((172,(59,183)1:1.1735433061357823)1:0.4592720259647735,((181,(199,88)0.85:0.1629854290105793)1:0.6768379988348387,(127,106)0.99:0.3230641626875511)0.96:0.23488143512464316)0.91:0.19770449165127407)1:0.36734838243338624)0.69:0.17313847891287687)0.62:0.0790443868069284)0.98:0.28969436837481066)0.56:0.07060711413218625)1:0.7211342036166882)0.94:0.2227364918742556)0.51:0.05035044021994188)1:0.4733151832210257));
Weight calculation took 2.425278212 secs
ASTRAL finished in 14.031 secs
