
================== ASTRAL ===================== 

This is ASTRAL version 5.7.8
Gene trees are treated as unrooted
200 trees read from Dataset/AstralII_data/model.200.10000000.0.000001/27/estimatedgenetre.halfresolved_200
index0
All output trees will be *arbitrarily* rooted at 84

======== Running the main analysis
Number of taxa: 201 (201 species)
Taxa: [84, 152, 52, 158, 21, 173, 40, 171, 42, 68, 95, 58, 83, 18, 39, 139, 164, 167, 198, 55, 135, 113, 34, 108, 144, 5, 43, 111, 91, 120, 107, 47, 166, 185, 71, 20, 17, 6, 94, 87, 132, 37, 41, 190, 60, 184, 150, 19, 48, 157, 53, 161, 117, 10, 178, 186, 188, 177, 80, 133, 31, 69, 9, 200, 134, 130, 1, 124, 35, 179, 110, 56, 148, 7, 23, 45, 30, 13, 114, 151, 105, 101, 138, 129, 44, 75, 86, 29, 32, 115, 76, 92, 61, 146, 156, 99, 79, 90, 4, 51, 98, 116, 194, 149, 89, 118, 0, 102, 63, 22, 24, 195, 175, 165, 192, 72, 168, 49, 93, 169, 196, 57, 174, 182, 145, 131, 143, 78, 172, 59, 183, 155, 199, 181, 106, 127, 88, 140, 11, 33, 25, 100, 189, 141, 82, 26, 193, 180, 96, 14, 85, 136, 74, 160, 2, 64, 109, 142, 62, 8, 170, 12, 46, 15, 163, 112, 137, 50, 197, 121, 123, 3, 104, 16, 38, 77, 97, 162, 67, 103, 147, 128, 66, 54, 176, 65, 119, 191, 153, 81, 154, 159, 126, 73, 70, 122, 28, 125, 36, 27, 187]
Taxon occupancy: {110=200, 111=200, 112=200, 113=200, 114=200, 115=200, 116=200, 117=200, 118=200, 119=200, 10=200, 11=200, 12=200, 13=200, 14=200, 15=200, 16=200, 17=200, 18=200, 19=200, 120=200, 0=200, 121=200, 1=200, 122=200, 2=200, 123=200, 124=200, 3=200, 4=200, 125=200, 5=200, 126=200, 6=200, 127=200, 7=200, 128=200, 129=200, 8=200, 9=200, 20=200, 21=200, 22=200, 23=200, 24=200, 25=200, 26=200, 27=200, 28=200, 29=200, 130=200, 131=200, 132=200, 133=200, 134=200, 135=200, 136=200, 137=200, 138=200, 139=200, 30=200, 31=200, 32=200, 33=200, 34=200, 35=200, 36=200, 37=200, 38=200, 39=200, 140=200, 141=200, 142=200, 143=200, 144=200, 145=200, 146=200, 147=200, 148=200, 149=200, 40=200, 41=200, 42=200, 43=200, 44=200, 45=200, 46=200, 47=200, 48=200, 49=200, 150=200, 151=200, 152=200, 153=200, 154=200, 155=200, 156=200, 157=200, 158=200, 159=200, 50=200, 51=200, 52=200, 53=200, 54=200, 55=200, 56=200, 57=200, 58=200, 59=200, 160=200, 161=200, 162=200, 163=200, 164=200, 165=200, 166=200, 167=200, 168=200, 169=200, 60=200, 61=200, 62=200, 63=200, 64=200, 65=200, 66=200, 67=200, 68=200, 69=200, 170=200, 171=200, 172=200, 173=200, 174=200, 175=200, 176=200, 177=200, 178=200, 179=200, 70=200, 71=200, 72=200, 73=200, 74=200, 75=200, 76=200, 77=200, 78=200, 79=200, 180=200, 181=200, 182=200, 183=200, 184=200, 185=200, 186=200, 187=200, 188=200, 189=200, 80=200, 81=200, 82=200, 83=200, 84=200, 85=200, 86=200, 87=200, 88=200, 89=200, 190=200, 191=200, 192=200, 193=200, 194=200, 195=200, 196=200, 197=200, 198=200, 199=200, 90=200, 91=200, 92=200, 93=200, 94=200, 95=200, 96=200, 97=200, 98=200, 99=200, 200=200, 100=200, 101=200, 102=200, 103=200, 104=200, 105=200, 106=200, 107=200, 108=200, 109=200}
Number of gene trees: 200
0 trees have missing taxa
Calculating quartet distance matrix (for completion of X)
Species tree distances calculated ...
Building set of clusters (X) from gene trees 
------------------------------
gradient0: 20091
Number of Clusters after addition by distance: 20091
calculating extra bipartitions to be added at level 1 ...
Adding to X using resolutions of greedy consensus ...
Limit for sigma of degrees:5075
polytomy size limit : 40
discarded polytomies:  [3, 3, 3, 3, 3, 3, 3, 3, 3, 3, 3, 3, 3, 3, 3, 3, 4, 4, 4, 4, 4, 5, 5, 6, 6, 7, 8, 10, 10, 16, 23, 40]
Threshold 0.0:
polytomy of size 3; rounds with additions with at least 5 support: 1; clusters: 20095
Threshold 0.01:
polytomy of size 6; rounds with additions with at least 5 support: 2; clusters: 20151
Threshold 0.02:
polytomy of size 7; rounds with additions with at least 5 support: 1; clusters: 20211
Threshold 0.05:
polytomy of size 6; rounds with additions with at least 5 support: 1; clusters: 20213
polytomy of size 10; rounds with additions with at least 5 support: 1; clusters: 20219
polytomy of size 3; rounds with additions with at least 5 support: 0; clusters: 20219
Threshold 0.1:
polytomy of size 16; rounds with additions with at least 5 support: 1; clusters: 20243
polytomy of size 3; rounds with additions with at least 5 support: 0; clusters: 20243
polytomy of size 3; rounds with additions with at least 5 support: 0; clusters: 20243
Threshold 0.2:
polytomy of size 3; rounds with additions with at least 5 support: 0; clusters: 20243
polytomy of size 3; rounds with additions with at least 5 support: 0; clusters: 20243
polytomy of size 5; rounds with additions with at least 5 support: 0; clusters: 20243
polytomy of size 3; rounds with additions with at least 5 support: 0; clusters: 20243
polytomy of size 23; rounds with additions with at least 5 support: 0; clusters: 20263
polytomy of size 8; rounds with additions with at least 5 support: 0; clusters: 20275
Threshold 0.3333333333333333:
polytomy of size 3; rounds with additions with at least 5 support: 0; clusters: 20275
polytomy of size 4; rounds with additions with at least 5 support: 0; clusters: 20275
polytomy of size 4; rounds with additions with at least 5 support: 0; clusters: 20275
polytomy of size 4; rounds with additions with at least 5 support: 0; clusters: 20275
polytomy of size 3; rounds with additions with at least 5 support: 0; clusters: 20275
polytomy of size 3; rounds with additions with at least 5 support: 0; clusters: 20275
polytomy of size 3; rounds with additions with at least 5 support: 0; clusters: 20275
polytomy of size 5; rounds with additions with at least 5 support: 0; clusters: 20275
polytomy of size 3; rounds with additions with at least 5 support: 0; clusters: 20275
polytomy of size 4; rounds with additions with at least 5 support: 0; clusters: 20275
polytomy of size 10; rounds with additions with at least 5 support: 0; clusters: 20275
polytomy of size 3; rounds with additions with at least 5 support: 0; clusters: 20275
polytomy of size 3; rounds with additions with at least 5 support: 0; clusters: 20275
polytomy of size 4; rounds with additions with at least 5 support: 0; clusters: 20275
polytomy of size 3; rounds with additions with at least 5 support: 0; clusters: 20275
polytomy of size 3; rounds with additions with at least 5 support: 0; clusters: 20275
polytomy of size 40; rounds with additions with at least 5 support: 0; clusters: 20275
max k is :4
Number of Clusters after addition by greedy: 20275
gradient0 in heuristiic: 20275
partitions formed in 12.134 secs
Dynamic Programming starting after 12.135 secs
Using tree-based weight calculation.
Using polytree-based weight calculation.
Polytree max score: 13198951200
Polytree building time: 0.278 seconds.
Number of quartet trees in the gene trees: 13198951200
Size of largest cluster: 201
Greedy score: 7290175687
estimationFactor: 1.8105120873200158
Sub-optimal score: 8175728034
Total Number of elements weighted: 42153
Normalized score (portion of input quartet trees satisfied before correcting for multiple individuals): 0.6467465230116163
Optimization score: 8536375796
Optimal tree inferred in 39.141 secs.
(106,(127,((181,(199,88)),((172,(59,183)),((140,(11,33)),((155,(25,(100,189))),(((37,(41,(190,60))),((78,(131,143)),((93,(169,196)),((168,49),(72,(145,(182,(57,174)))))))),((87,132),(((12,46),((((135,113),(139,(164,(167,(198,55))))),((171,95),((58,83),((42,68),(18,39))))),((144,(34,6)),((17,(185,(71,20))),(108,((5,43),(123,((91,(107,47)),(111,(120,166)))))))))),(((((152,52),(50,(197,121))),(24,(192,(165,(195,175))))),(((112,(137,(15,163))),((97,162),((4,(79,90)),(80,(116,(51,98)))))),(((149,89),(118,62)),((84,(109,142)),((133,(141,82)),(158,(194,(102,63)))))))),((8,(22,170)),(((94,((150,19),((157,(161,(48,53))),((117,10),(184,(178,186)))))),(((177,65),((125,36),(27,187))),((119,(((70,122),(73,28)),((191,153),((81,154),(159,126))))),((128,(66,(54,176))),((67,(103,147)),((104,38),(3,(16,77)))))))),(0,((((26,193),(180,96)),((14,85),((136,74),(2,(160,64))))),((((188,29),(40,(21,173))),((92,(32,(115,76))),(61,(146,(156,99))))),((134,((31,(69,(9,200))),(130,(1,(179,(124,35)))))),((86,(148,((114,151),(105,(129,(101,138)))))),(7,((44,75),((110,56),(23,(30,(45,13)))))))))))))))))))))));
Final quartet score is: 8536375796
Final normalized quartet score is: 0.6467465230116163
Extended species tree:
(84,((109,142)1:0.7887630907383728,(((133,(141,82)1:0.1923627090255273)1:1.8821757783772664,(158,(194,(102,63)1:1.859590000405922)0.51:0.09440005660979472)0.77:0.09068238589702482)1:0.2588739934135063,(((149,89)1:2.0140319238522664,(118,62)1:0.22620788086457483)1:0.6241013465588642,(((112,(137,(15,163)1:1.5735783322184)0.99:0.1544979886609185)1:1.2671309530400847,((97,162)1:1.1499155220855581,((4,(79,90)1:1.3072209860468418)0.98:0.1965311669304178,(80,(116,(51,98)0.79:0.09051879586880351)1:0.5243678243547991)1:0.5416835227846584)1:0.29148632040091205)1:0.16784028842094859)1:0.2259234100322287,((((152,52)0.53:0.056656846431314516,(50,(197,121)1:1.4477435267969567)1:0.45470382578345925)1:0.7242529577090016,(24,(192,(165,(195,175)1:1.3793832759198115)1:0.35389720940949415)1:0.4607461754135027)1:0.5465929023468322)1:0.24388388411511094,(((8,(22,170)1:0.567040007858728)1:1.7026063457194915,(((94,((150,19)1:2.402056743639622,((157,(161,(48,53)1:0.24662268030813533)1:1.4341682091188708)1:0.9037440973907029,((117,10)1:1.7337722115777074,(184,(178,186)1:0.2553446359744378)1:1.198113770943481)1:0.7414690930578971)1:0.30070178566008443)1:2.705460700926965)0.36:0.003343028476686409,(((177,65)1:0.21324248033149812,((125,36)1:1.2366237373829851,(27,187)1:1.9274253343812109)1:1.5840268252183647)0.99:0.16521715422215938,((119,(((70,122)1:0.4426854687813817,(73,28)1:1.577928178265625)1:0.40746953807913844,((191,153)1:2.036078576096012,((81,154)1:1.849216524252841,(159,126)1:1.9555404311219817)1:0.5205197366484912)1:0.47942112560155836)1:0.6987204198742514)1:1.1827889696614144,((128,(66,(54,176)1:0.63059927574869)1:0.9954570211789462)1:1.4318283619222643,((67,(103,147)1:0.44530730260045154)1:1.4165997106152204,((104,38)1:0.20932034280765707,(3,(16,77)1:0.49821448319897077)0.82:0.07623139151847846)1:2.6071268603002236)1:1.5991752679185411)1:1.011450254320843)0.76:0.06353511777579507)1:1.7871239638507381)1:0.165671964643474,(0,((((26,193)1:1.1187137607985456,(180,96)1:0.2713941244139639)1:2.0998710066276325,((14,85)1:1.3198919065442563,((136,74)1:1.399218445064396,(2,(160,64)1:0.8580954672478167)1:0.6982709957635078)1:1.041804074697336)1:2.086916384487973)1:1.0823131418314065,((((188,29)0.93:0.12499306204670092,(40,(21,173)1:0.4434004595143776)1:1.9906801388808844)1:0.3811228611515531,((92,(32,(115,76)1:0.839585527593465)1:1.592656053340494)0.69:0.08068095001453629,(61,(146,(156,99)1:1.1220449508838546)1:0.23637105513189466)1:0.18547250890315337)1:0.4598312496491908)1:0.6180438390966765,((134,((31,(69,(9,200)0.78:0.0672477027466789)1:1.4321038971511846)1:1.8528214534645346,(130,(1,(179,(124,35)1:0.25711402239316616)1:0.28269608518261785)1:0.5956253801050485)1:2.5663787834550083)1:0.45985293115511205)1:1.4048865358573999,((86,(148,((114,151)1:0.6320456709231786,(105,(129,(101,138)0.5:0.033114460624166085)1:0.4047799419285681)1:0.5079966952525249)0.42:0.014520252519858352)1:0.21634667517381162)1:0.4601803856725042,(7,((44,75)1:0.3307259918127786,((110,56)1:0.6390114755202965,(23,(30,(45,13)1:0.6636830403092914)1:0.1927462253693105)1:1.3517605774186803)1:0.5659751378056329)1:0.19348714191949293)1:0.202863374729098)1:1.6810702786288685)1:0.3646562885747695)1:0.5834459850677454)0.99:0.15615324366340172)0.65:0.06836518015063046)0.7:0.06360239327792812)0.58:0.043061062500351646,(((12,46)1:1.4446896579454886,((((135,113)1:1.0888558647399216,(139,(164,(167,(198,55)0.57:0.09995123747903738)1:0.4564919102990032)1:0.5609101371659784)1:1.61411412179545)1:1.0773358723369806,((171,95)1:1.9466051867095115,((58,83)1:0.5437308360365828,((42,68)1:0.32404689647609275,(18,39)1:0.9371502510048694)0.7:0.12497016813150959)1:0.236809108482456)1:1.083040954238227)1:0.3180981497057779,((144,(34,6)1:2.1770761455757177)0.84:0.07888964020932596,((17,(185,(71,20)1:0.18775896830231545)1:0.26629115038306667)1:1.405672278823707,(108,((5,43)0.98:0.12882121146318992,(123,((91,(107,47)0.78:0.06810682744973555)1:0.48151130750263343,(111,(120,166)0.99:0.15536402679108147)0.98:0.14618085234195746)1:1.4124028730720775)0.79:0.06807919320254355)1:1.6857935261883716)1:0.31387777401209066)0.78:0.06871696976269832)1:2.2888133747685946)1:0.3329117514559698)1:0.2633427817919275,((87,132)1:2.5745132226500465,(((37,(41,(190,60)1:2.4260661497650666)1:0.7620642916013886)1:1.2130364430386082,((78,(131,143)1:0.2926696139628201)1:2.846892135725086,((93,(169,196)1:1.5347858917689214)1:2.7248628893582323,((168,49)1:1.6242149240126087,(72,(145,(182,(57,174)1:0.205986116596372)1:0.6050890118909331)1:0.25709854676394156)0.97:0.12230134253712746)1:1.3939313893896763)0.94:0.15570661603660127)1:0.3815810162016276)0.43:0.01683872345796503,((155,(25,(100,189)1:0.19208695177075963)1:2.483176589567649)1:0.27149053708613613,((140,(11,33)1:1.2799039452916314)1:1.4753136523257382,((172,(59,183)1:1.4251834543066106)1:0.4070498162992001,((181,(199,88)0.99:0.16738551588907843)1:0.7024690218847939,(127,106)1:0.39731831195127576)1:0.23597175969935477)1:0.2552368542631614)1:0.2989433378133908)1:0.1927766574376029)0.98:0.14050252811250477)1:0.2532261361713239)0.56:0.03549390891961694)0.73:0.060448236505248894)1:0.8937650579776791)0.99:0.15667019798500714)0.69:0.061902851887156184)1:0.694312518611808));
Weight calculation took 24.754496354 secs
ASTRAL finished in 41.645 secs
