
================== ASTRAL ===================== 

This is ASTRAL version 5.7.8
Gene trees are treated as unrooted
1000 trees read from Dataset/AstralII_data/model.200.500000.0.000001/05/estimatedgenetre.halfresolved
index0
All output trees will be *arbitrarily* rooted at 173

======== Running the main analysis
Number of taxa: 201 (201 species)
Taxa: [173, 88, 40, 155, 195, 177, 149, 31, 53, 174, 19, 140, 3, 143, 146, 37, 182, 170, 64, 50, 32, 110, 151, 93, 164, 111, 191, 122, 69, 126, 38, 55, 16, 153, 11, 171, 24, 185, 82, 56, 123, 2, 119, 200, 58, 4, 117, 188, 154, 51, 7, 129, 102, 66, 33, 30, 96, 67, 125, 150, 158, 81, 35, 43, 163, 161, 72, 118, 132, 68, 152, 136, 22, 97, 8, 114, 107, 73, 160, 186, 139, 106, 101, 0, 62, 138, 198, 21, 39, 85, 36, 98, 41, 100, 124, 34, 183, 77, 116, 199, 17, 79, 23, 76, 90, 94, 59, 86, 145, 144, 74, 120, 9, 46, 184, 103, 115, 83, 112, 18, 105, 6, 197, 71, 92, 27, 168, 196, 42, 14, 166, 176, 187, 45, 137, 141, 128, 156, 108, 44, 175, 80, 180, 147, 78, 113, 95, 57, 162, 169, 29, 10, 5, 63, 134, 189, 193, 47, 109, 60, 70, 167, 133, 61, 48, 65, 181, 148, 13, 178, 87, 49, 127, 121, 75, 84, 99, 157, 172, 179, 142, 135, 104, 91, 1, 26, 130, 12, 52, 192, 20, 28, 54, 25, 131, 165, 194, 190, 159, 15, 89]
Taxon occupancy: {110=1000, 111=1000, 112=1000, 113=1000, 114=1000, 115=1000, 116=1000, 117=1000, 118=1000, 119=1000, 10=1000, 11=1000, 12=1000, 13=1000, 14=1000, 15=1000, 16=1000, 17=1000, 18=1000, 19=1000, 120=1000, 0=1000, 121=1000, 122=1000, 1=1000, 123=1000, 2=1000, 3=1000, 124=1000, 4=1000, 125=1000, 126=1000, 5=1000, 6=1000, 127=1000, 7=1000, 128=1000, 129=1000, 8=1000, 9=1000, 20=1000, 21=1000, 22=1000, 23=1000, 24=1000, 25=1000, 26=1000, 27=1000, 28=1000, 29=1000, 130=1000, 131=1000, 132=1000, 133=1000, 134=1000, 135=1000, 136=1000, 137=1000, 138=1000, 139=1000, 30=1000, 31=1000, 32=1000, 33=1000, 34=1000, 35=1000, 36=1000, 37=1000, 38=1000, 39=1000, 140=1000, 141=1000, 142=1000, 143=1000, 144=1000, 145=1000, 146=1000, 147=1000, 148=1000, 149=1000, 40=1000, 41=1000, 42=1000, 43=1000, 44=1000, 45=1000, 46=1000, 47=1000, 48=1000, 49=1000, 150=1000, 151=1000, 152=1000, 153=1000, 154=1000, 155=1000, 156=1000, 157=1000, 158=1000, 159=1000, 50=1000, 51=1000, 52=1000, 53=1000, 54=1000, 55=1000, 56=1000, 57=1000, 58=1000, 59=1000, 160=1000, 161=1000, 162=1000, 163=1000, 164=1000, 165=1000, 166=1000, 167=1000, 168=1000, 169=1000, 60=1000, 61=1000, 62=1000, 63=1000, 64=1000, 65=1000, 66=1000, 67=1000, 68=1000, 69=1000, 170=1000, 171=1000, 172=1000, 173=1000, 174=1000, 175=1000, 176=1000, 177=1000, 178=1000, 179=1000, 70=1000, 71=1000, 72=1000, 73=1000, 74=1000, 75=1000, 76=1000, 77=1000, 78=1000, 79=1000, 180=1000, 181=1000, 182=1000, 183=1000, 184=1000, 185=1000, 186=1000, 187=1000, 188=1000, 189=1000, 80=1000, 81=1000, 82=1000, 83=1000, 84=1000, 85=1000, 86=1000, 87=1000, 88=1000, 89=1000, 190=1000, 191=1000, 192=1000, 193=1000, 194=1000, 195=1000, 196=1000, 197=1000, 198=1000, 199=1000, 90=1000, 91=1000, 92=1000, 93=1000, 94=1000, 95=1000, 96=1000, 97=1000, 98=1000, 99=1000, 200=1000, 100=1000, 101=1000, 102=1000, 103=1000, 104=1000, 105=1000, 106=1000, 107=1000, 108=1000, 109=1000}
Number of gene trees: 1000
0 trees have missing taxa
Calculating quartet distance matrix (for completion of X)
Species tree distances calculated ...
Building set of clusters (X) from gene trees 
------------------------------
gradient0: 146429
Number of Clusters after addition by distance: 146429
calculating extra bipartitions to be added at level 1 ...
Adding to X using resolutions of greedy consensus ...
Limit for sigma of degrees:5075
polytomy size limit : 56
discarded polytomies: 75 117  [3, 3, 3, 3, 3, 3, 3, 3, 3, 3, 4, 5, 5, 6, 8, 9, 16, 22, 30, 42, 56, 75, 117]
Threshold 0.0:
polytomy of size 16; rounds with additions with at least 5 support: 7; clusters: 148273
Threshold 0.01:
polytomy of size 22; rounds with additions with at least 5 support: 11; clusters: 151641
Threshold 0.02:
polytomy of size 3; rounds with additions with at least 5 support: 0; clusters: 151641
polytomy of size 3; rounds with additions with at least 5 support: 0; clusters: 151641
polytomy of size 30; rounds with additions with at least 5 support: 1; clusters: 158175
Threshold 0.05:
polytomy of size 3; rounds with additions with at least 5 support: 0; clusters: 158175
polytomy of size 42; rounds with additions with at least 5 support: 0; clusters: 158299
Threshold 0.1:
polytomy of size 6; rounds with additions with at least 5 support: 0; clusters: 158299
polytomy of size 3; rounds with additions with at least 5 support: 0; clusters: 158299
polytomy of size 5; rounds with additions with at least 5 support: 0; clusters: 158299
polytomy of size 56; rounds with additions with at least 5 support: 0; clusters: 158435
Threshold 0.2:
polytomy of size 3; rounds with additions with at least 5 support: 0; clusters: 158435
polytomy of size 8; rounds with additions with at least 5 support: 0; clusters: 158435
polytomy of size 4; rounds with additions with at least 5 support: 0; clusters: 158435
polytomy of size 3; rounds with additions with at least 5 support: 0; clusters: 158435
polytomy of size 3; rounds with additions with at least 5 support: 0; clusters: 158435
polytomy of size 75; rounds with additions with at least 5 support: 0; clusters: 158531
Threshold 0.3333333333333333:
polytomy of size 5; rounds with additions with at least 5 support: 0; clusters: 158531
polytomy of size 3; rounds with additions with at least 5 support: 0; clusters: 158531
polytomy of size 3; rounds with additions with at least 5 support: 0; clusters: 158531
polytomy of size 3; rounds with additions with at least 5 support: 0; clusters: 158531
polytomy of size 9; rounds with additions with at least 5 support: 0; clusters: 158531
polytomy of size 117; rounds with additions with at least 5 support: 0; clusters: 158571
max k is :22
Number of Clusters after addition by greedy: 158571
gradient0 in heuristiic: 158571
partitions formed in 181.522 secs
Dynamic Programming starting after 181.523 secs
Using tree-based weight calculation.
Using polytree-based weight calculation.
Polytree max score: 65998314135
Polytree building time: 3.64 seconds.
Number of quartet trees in the gene trees: 65998314135
Size of largest cluster: 201
Greedy score: 28049147055
estimationFactor: 2.3529526229652404
Sub-optimal score: 30850049585
Calculated 100000 weights; time (seconds): 581
Calculated 200000 weights; time (seconds): 387
Calculated 300000 weights; time (seconds): 404
Calculated 400000 weights; time (seconds): 414
Total Number of elements weighted: 464727
Normalized score (portion of input quartet trees satisfied before correcting for multiple individuals): 0.4709809260190734
Optimization score: 31083947107
Optimal tree inferred in 2069.007 secs.
(181,((65,148),(48,((136,((22,97),(152,13))),((61,(8,114)),((47,(109,60)),(((51,(138,(62,198))),((15,89),((170,85),((58,4),(117,188))))),(((((43,(55,35)),((163,39),(161,72))),(50,((93,(32,110)),((64,151),(67,((158,81),(125,150))))))),((0,(134,((147,(113,(78,95))),(57,((10,(162,169)),(5,(29,63))))))),(193,((154,((3,21),(182,((31,(143,(149,53))),(37,(146,(174,(19,140)))))))),(((102,66),((96,(33,30)),((16,185),(171,(11,(153,24)))))),(((141,(45,137)),(164,(7,129))),((56,(123,(119,(2,200)))),((82,(177,(155,195))),(128,((126,38),((111,156),((108,44),(69,(191,122)))))))))))))),(((165,(131,(101,(194,190)))),(((120,9),((135,104),(77,((34,183),(100,124))))),(((127,(49,(106,(178,87)))),((75,(121,142)),(173,(186,139)))),((118,(132,68)),(187,((76,((79,23),(17,(116,199)))),((144,74),(145,((90,94),(59,86)))))))))),((41,((98,(167,133)),((40,159),(88,(36,179))))),((70,(189,(175,(80,180)))),((((84,99),(172,(168,(27,157)))),((166,176),((107,196),((73,160),(42,14))))),((12,52),((26,(46,(1,(91,130)))),(192,((71,(28,(20,(54,25)))),(92,(112,((83,105),(115,(18,(184,(6,(103,197))))))))))))))))))))))));
Final quartet score is: 31083947107
Final normalized quartet score is: 0.4709809260190734
Extended species tree:
(173,((186,139)1:1.112006468478209,((75,(121,142)1:0.16971405372082068)1:0.361645689200408,((127,(49,(106,(178,87)1:0.43836581105263916)1:0.31645977848863105)1:0.29659717238729844)1:0.21928299569603102,(((118,(132,68)1:0.9598498466260348)1:0.4118480561466525,(187,((76,((79,23)1:0.14590559388767643,(17,(116,199)0.71:0.02688467980935333)1:0.07646339363893445)1:1.2237431566433914)0.74:0.028682506749163034,((144,74)1:0.4743158270018847,(145,((90,94)1:0.4287500622397148,(59,86)1:0.6097929696735029)1:0.36574388622462656)0.95:0.0486423847353748)1:0.44879642734579955)0.99:0.06778388250237412)0.83:0.03370561010492601)1:0.18863439725681913,(((120,9)1:0.5557676819210703,((135,104)1:1.4468928496176483,(77,((34,183)1:0.3277337722185981,(100,124)1:0.9804185805932533)0.98:0.06284673962263156)1:0.5444628988095247)1:0.17516921759025458)1:0.10280463715246559,((165,(131,(101,(194,190)1:0.6434247618304864)1:0.29319937692404363)1:0.1468690870656266)1:0.7547469531843968,(((41,((98,(167,133)1:1.7431466326458533)0.39:0.003886825268614619,((40,159)1:1.3279762158069013,(88,(36,179)1:0.34504885580107864)1:0.7394829950466619)0.82:0.03297687262709978)1:0.13355815193787926)1:0.1227884395428632,((70,(189,(175,(80,180)1:0.4097376573267594)1:0.13695878351282825)1:0.6978371557955099)1:0.8197885377663308,((((84,99)1:1.3529518939540663,(172,(168,(27,157)1:0.2325876984300364)1:0.2089466047660097)1:0.19733728871722592)0.64:0.020553536371539827,((166,176)1:0.1721812631351576,((107,196)1:0.09491296369241242,((73,160)1:0.5930836641887539,(42,14)1:0.46004267401804444)1:0.5533484863150315)1:0.12256959178593921)1:0.13682343479100284)1:0.38902307552985604,((12,52)1:0.6690188187161606,((26,(46,(1,(91,130)1:0.4942531468467265)1:0.12479454402880838)1:0.27151346521117625)1:0.666887243466742,(192,((71,(28,(20,(54,25)1:0.8926009607517498)1:0.08171091292890807)1:0.5801690953352415)1:0.13237814266375153,(92,(112,((83,105)0.99:0.06254974470645094,(115,(18,(184,(6,(103,197)1:0.1760032414404767)0.74:0.027292323318962867)1:0.10172554837546118)1:0.17526108554639622)0.99:0.062197699826183395)0.83:0.03424192122285121)1:0.912891380780096)1:0.10975366116582783)0.47:0.010044772227051262)1:0.22733870787743818)0.61:0.01904803948390709)1:0.12205456013382501)1:0.10172597245260735)0.38:0.0035975811327597917)0.39:0.004406420765149996,(((((43,(55,35)1:0.7380352412104878)1:0.4176358276387825,((163,39)1:0.35546152113431806,(161,72)0.61:0.019138917621531668)1:0.7188514069588302)1:0.7454378836154427,(50,((93,(32,110)1:1.2347288537239074)0.94:0.046594577897205613,((64,151)1:1.1969325453616766,(67,((158,81)1:0.08344356611784072,(125,150)1:0.44308778441156826)1:0.5193790938265969)1:0.23539368387263845)1:0.06956734996314899)0.4:0.004747870085055564)1:0.3293381828554174)0.98:0.05976249395834175,((0,(134,((147,(113,(78,95)1:0.40821614148005414)1:1.2424159175876475)1:0.16355867831883722,(57,((10,(162,169)1:0.3216118095058299)0.98:0.059536239192303615,(5,(29,63)1:0.08863090421040758)1:0.631424712535002)1:0.22827852392708473)1:0.6800420157405305)1:0.23173700560960955)1:0.10206477278940922)0.31:0.0,(193,((154,((3,21)1:1.4904698161489973,(182,((31,(143,(149,53)1:0.11018043582319982)1:0.11321084055951294)1:0.3375822638955067,(37,(146,(174,(19,140)1:0.09262892822962668)1:0.2995919726237413)1:0.41437977949487503)1:0.33214308835948136)0.99:0.060986302039807504)1:0.4545126869132823)1:0.07392715460614564)1:0.37602165211654937,(((102,66)1:0.7752920430502662,((96,(33,30)1:0.5340397488328471)1:0.17527771049221247,((16,185)1:0.29894843636725293,(171,(11,(153,24)1:0.2417384425179974)1:0.23688560994659558)1:0.3056194833231524)1:0.6202357147508579)1:0.1607505920038313)1:0.5423177244839911,(((141,(45,137)1:0.44592625970869354)1:0.31919717449341006,(164,(7,129)1:0.3978575845655259)1:0.934348359859552)1:0.3196041305851045,((56,(123,(119,(2,200)0.89:0.04070782065737483)1:0.5196219378721323)1:0.4447428067175797)1:0.810715775495132,((82,(177,(155,195)0.95:0.04951005732068459)1:1.2113632416364808)1:0.14305666830732894,(128,((126,38)1:1.0353770947062855,((111,156)1:0.6395384231553413,((108,44)1:1.039061599726701,(69,(191,122)1:0.4180391002607106)1:0.302653730351748)0.72:0.026861336792138698)1:0.1129839020942231)1:0.17531215211779286)1:0.4187181879984778)0.62:0.02597755200896374)1:0.31010603415132987)0.93:0.0447936302586742)0.98:0.05614239317073067)0.33:0.0013099789901694708)0.59:0.017442355152983112)0.72:0.025933591676460768)0.65:0.02086092307801121,(((51,(138,(62,198)1:0.17836065302627765)1:1.046765323236419)1:0.3578393293687752,((15,89)1:2.062794552405721,((170,85)0.73:0.028989514535556968,((58,4)1:0.7060060663344082,(117,188)1:1.0043235291417691)1:0.27494431123337854)1:0.12964499497836846)0.99:0.06826820004521285)0.46:0.008829572621588054,((47,(109,60)1:1.5025797662722347)1:0.332316174822442,((61,(8,114)1:1.4104694434981002)1:0.3194299182313102,((136,((22,97)1:0.13635706991905605,(152,13)1:0.3859306869456676)1:0.268323877478604)1:0.5807953256420976,(48,((65,148)0.82:0.0336244377605191,181)1:0.3898602073711277)0.96:0.05137052277575808)1:0.632852255433939)1:0.2870043659848861)0.51:0.012573707029154956)0.37:0.00247311089697504)0.92:0.04376764196151042)0.73:0.026364320234133553)1:0.20248871894057136)0.59:0.01761705569302556)1:0.2122705714417601)1:0.07246373504186178)1:0.32233735448762585));
Weight calculation took 1768.725434191 secs
ASTRAL finished in 2079.306 secs
