
================== ASTRAL ===================== 

This is ASTRAL version 5.7.8
Gene trees are treated as unrooted
200 trees read from Dataset/AstralII_data/model.200.500000.0.000001/05/estimatedgenetre.halfresolved_200
index0
All output trees will be *arbitrarily* rooted at 173

======== Running the main analysis
Number of taxa: 201 (201 species)
Taxa: [173, 88, 40, 155, 195, 177, 149, 31, 53, 174, 19, 140, 3, 143, 146, 37, 182, 170, 64, 50, 32, 110, 151, 93, 164, 111, 191, 122, 69, 126, 38, 55, 16, 153, 11, 171, 24, 185, 82, 56, 123, 2, 119, 200, 58, 4, 117, 188, 154, 51, 7, 129, 102, 66, 33, 30, 96, 67, 125, 150, 158, 81, 35, 43, 163, 161, 72, 118, 132, 68, 152, 136, 22, 97, 8, 114, 107, 73, 160, 186, 139, 106, 101, 0, 62, 138, 198, 21, 39, 85, 36, 98, 41, 100, 124, 34, 183, 77, 116, 199, 17, 79, 23, 76, 90, 94, 59, 86, 145, 144, 74, 120, 9, 46, 184, 103, 115, 83, 112, 18, 105, 6, 197, 71, 92, 27, 168, 196, 42, 14, 166, 176, 187, 45, 137, 141, 128, 156, 108, 44, 175, 80, 180, 147, 78, 113, 95, 57, 162, 169, 29, 10, 5, 63, 134, 189, 193, 47, 109, 60, 70, 167, 133, 61, 48, 65, 181, 148, 13, 178, 87, 49, 127, 121, 75, 84, 99, 157, 172, 179, 142, 135, 104, 91, 1, 26, 130, 12, 52, 192, 20, 28, 54, 25, 131, 165, 194, 190, 159, 15, 89]
Taxon occupancy: {110=200, 111=200, 112=200, 113=200, 114=200, 115=200, 116=200, 117=200, 118=200, 119=200, 10=200, 11=200, 12=200, 13=200, 14=200, 15=200, 16=200, 17=200, 18=200, 19=200, 120=200, 0=200, 121=200, 122=200, 1=200, 123=200, 2=200, 3=200, 124=200, 4=200, 125=200, 126=200, 5=200, 6=200, 127=200, 7=200, 128=200, 129=200, 8=200, 9=200, 20=200, 21=200, 22=200, 23=200, 24=200, 25=200, 26=200, 27=200, 28=200, 29=200, 130=200, 131=200, 132=200, 133=200, 134=200, 135=200, 136=200, 137=200, 138=200, 139=200, 30=200, 31=200, 32=200, 33=200, 34=200, 35=200, 36=200, 37=200, 38=200, 39=200, 140=200, 141=200, 142=200, 143=200, 144=200, 145=200, 146=200, 147=200, 148=200, 149=200, 40=200, 41=200, 42=200, 43=200, 44=200, 45=200, 46=200, 47=200, 48=200, 49=200, 150=200, 151=200, 152=200, 153=200, 154=200, 155=200, 156=200, 157=200, 158=200, 159=200, 50=200, 51=200, 52=200, 53=200, 54=200, 55=200, 56=200, 57=200, 58=200, 59=200, 160=200, 161=200, 162=200, 163=200, 164=200, 165=200, 166=200, 167=200, 168=200, 169=200, 60=200, 61=200, 62=200, 63=200, 64=200, 65=200, 66=200, 67=200, 68=200, 69=200, 170=200, 171=200, 172=200, 173=200, 174=200, 175=200, 176=200, 177=200, 178=200, 179=200, 70=200, 71=200, 72=200, 73=200, 74=200, 75=200, 76=200, 77=200, 78=200, 79=200, 180=200, 181=200, 182=200, 183=200, 184=200, 185=200, 186=200, 187=200, 188=200, 189=200, 80=200, 81=200, 82=200, 83=200, 84=200, 85=200, 86=200, 87=200, 88=200, 89=200, 190=200, 191=200, 192=200, 193=200, 194=200, 195=200, 196=200, 197=200, 198=200, 199=200, 90=200, 91=200, 92=200, 93=200, 94=200, 95=200, 96=200, 97=200, 98=200, 99=200, 200=200, 100=200, 101=200, 102=200, 103=200, 104=200, 105=200, 106=200, 107=200, 108=200, 109=200}
Number of gene trees: 200
0 trees have missing taxa
Calculating quartet distance matrix (for completion of X)
Species tree distances calculated ...
Building set of clusters (X) from gene trees 
------------------------------
gradient0: 36365
Number of Clusters after addition by distance: 36365
calculating extra bipartitions to be added at level 1 ...
Adding to X using resolutions of greedy consensus ...
Limit for sigma of degrees:5075
polytomy size limit : 54
discarded polytomies: 77 115  [3, 3, 3, 3, 3, 3, 3, 3, 3, 3, 3, 3, 3, 3, 4, 5, 6, 8, 9, 17, 23, 27, 42, 54, 77, 115]
Threshold 0.0:
polytomy of size 17; rounds with additions with at least 5 support: 15; clusters: 40091
Threshold 0.01:
polytomy of size 23; rounds with additions with at least 5 support: 9; clusters: 46895
Threshold 0.02:
polytomy of size 3; rounds with additions with at least 5 support: 0; clusters: 46897
polytomy of size 27; rounds with additions with at least 5 support: 5; clusters: 55969
Threshold 0.05:
polytomy of size 3; rounds with additions with at least 5 support: 0; clusters: 55969
polytomy of size 42; rounds with additions with at least 5 support: 3; clusters: 56305
Threshold 0.1:
polytomy of size 6; rounds with additions with at least 5 support: 0; clusters: 56305
polytomy of size 3; rounds with additions with at least 5 support: 0; clusters: 56305
polytomy of size 3; rounds with additions with at least 5 support: 0; clusters: 56305
polytomy of size 5; rounds with additions with at least 5 support: 0; clusters: 56305
polytomy of size 54; rounds with additions with at least 5 support: 2; clusters: 56573
Threshold 0.2:
polytomy of size 3; rounds with additions with at least 5 support: 0; clusters: 56573
polytomy of size 8; rounds with additions with at least 5 support: 0; clusters: 56573
polytomy of size 3; rounds with additions with at least 5 support: 0; clusters: 56573
polytomy of size 3; rounds with additions with at least 5 support: 0; clusters: 56573
polytomy of size 3; rounds with additions with at least 5 support: 0; clusters: 56573
polytomy of size 3; rounds with additions with at least 5 support: 0; clusters: 56573
polytomy of size 3; rounds with additions with at least 5 support: 0; clusters: 56573
polytomy of size 77; rounds with additions with at least 5 support: 1; clusters: 56741
Threshold 0.3333333333333333:
polytomy of size 4; rounds with additions with at least 5 support: 0; clusters: 56741
polytomy of size 3; rounds with additions with at least 5 support: 0; clusters: 56741
polytomy of size 3; rounds with additions with at least 5 support: 0; clusters: 56741
polytomy of size 3; rounds with additions with at least 5 support: 0; clusters: 56741
polytomy of size 9; rounds with additions with at least 5 support: 0; clusters: 56741
polytomy of size 3; rounds with additions with at least 5 support: 0; clusters: 56741
polytomy of size 115; rounds with additions with at least 5 support: 0; clusters: 56771
max k is :30
Number of Clusters after addition by greedy: 56771
gradient0 in heuristiic: 56771
partitions formed in 43.064 secs
Dynamic Programming starting after 43.064 secs
Using tree-based weight calculation.
Using polytree-based weight calculation.
Polytree max score: 13199651823
Polytree building time: 0.33 seconds.
Number of quartet trees in the gene trees: 13199651823
Size of largest cluster: 201
Greedy score: 5178260654
estimationFactor: 2.5490512558118903
Sub-optimal score: 6188165548
Calculated 100000 weights; time (seconds): 137
Total Number of elements weighted: 171580
Normalized score (portion of input quartet trees satisfied before correcting for multiple individuals): 0.47088745895324213
Optimization score: 6215550506
Optimal tree inferred in 211.359 secs.
(181,(65,(148,(48,((136,((22,97),(152,13))),((61,(8,114)),((51,(138,(62,198))),((47,(109,60)),(((15,89),((170,85),((117,188),(58,4)))),(((((43,(55,35)),((163,39),(161,72))),(50,((93,(32,110)),((64,151),(67,((125,150),(158,81))))))),((154,((3,21),(182,((31,(143,(149,53))),(37,(146,(19,(174,140)))))))),((134,((147,(113,(78,95))),(57,((10,(162,169)),(5,(29,63)))))),(193,(0,(((102,66),((96,(33,30)),((16,185),(171,(11,(153,24)))))),(((141,(45,137)),(164,(7,129))),(((177,(155,195)),(56,(123,(119,(2,200))))),(82,(128,((126,38),((69,(191,122)),((111,156),(108,44)))))))))))))),(((70,(189,(175,(80,180)))),((((84,99),(172,(168,(27,157)))),((166,176),((107,196),((73,160),(42,14))))),(((12,52),(26,(46,(1,(91,130))))),(192,((71,(28,(20,(54,25)))),(92,(112,((83,105),(115,(18,((103,197),(184,6)))))))))))),((41,((98,(40,159)),((167,133),(88,(36,179))))),((165,(131,(101,(194,190)))),(((120,9),((135,104),(77,((34,183),(100,124))))),(((127,(49,(106,(178,87)))),((75,(121,142)),(173,(186,139)))),((118,(132,68)),(187,((76,((79,23),(17,(116,199)))),((144,74),(145,((59,86),(90,94))))))))))))))))))))));
Final quartet score is: 6215550506
Final normalized quartet score is: 0.47088745895324213
Extended species tree:
(173,((186,139)1:1.2623824329390465,((75,(121,142)1:0.20491777044546644)1:0.44895362184813636,((127,(49,(106,(178,87)1:0.4379873653430158)1:0.3573299699331209)1:0.22099779438128542)1:0.23451449913861044,(((118,(132,68)1:0.8327056158286118)1:0.4772911739859725,(187,((76,((79,23)1:0.2217008813323119,(17,(116,199)0.47:0.026466573188163287)0.99:0.138083707033605)1:1.145852416708112)0.49:0.023207614715903126,((144,74)1:0.43565944076846963,(145,((59,86)1:0.6799429294089617,(90,94)1:0.39479514155605655)1:0.40283643469325947)0.38:0.005733631622731009)1:0.4378757819005408)0.73:0.06047824595627787)0.51:0.02661074226991182)1:0.18327741214730534,(((120,9)1:0.4988905712373537,((135,104)1:1.381688887827606,(77,((34,183)1:0.2479486314001137,(100,124)1:0.7667832003662665)0.69:0.06761470350718432)1:0.5390386331842982)0.97:0.12246984114303401)0.9:0.09297862808882394,((165,(131,(101,(194,190)1:0.6324604824694863)1:0.32477861952511106)0.83:0.07810699142489215)1:0.8072830699760989,((41,((98,(40,159)1:1.1478604953077833)0.54:0.03232811930408315,((167,133)1:1.7898575324836987,(88,(36,179)1:0.29651538330142996)1:0.7121547386890914)0.64:0.04694134712843113)0.99:0.15680717298270502)0.97:0.12173121793483821,(((70,(189,(175,(80,180)1:0.3872023183017584)1:0.25765531444643536)1:0.6028941179708516)1:0.8186989035295702,((((84,99)1:1.1101016907697032,(172,(168,(27,157)1:0.22091288867334058)1:0.206235814906729)1:0.20964909585024058)0.49:0.022558924090648084,((166,176)1:0.18971873490008778,((107,196)0.53:0.029891234069527418,((73,160)1:0.5252163742550664,(42,14)1:0.4647136470207357)1:0.5265517073280692)0.99:0.14064925495233935)0.97:0.12476998440995858)1:0.3874581299722471,(((12,52)1:0.6878067958832658,(26,(46,(1,(91,130)1:0.44196677134345186)0.5:0.06020919368573943)1:0.32498902590441037)1:0.6219435935072424)0.45:0.02534898362300329,(192,((71,(28,(20,(54,25)1:0.8150188497667041)0.98:0.1319991844131632)1:0.7176270120262034)0.9:0.0956360232883718,(92,(112,((83,105)0.93:0.10375641591693852,(115,(18,((103,197)1:0.17574020802385473,(184,6)0.38:0.006027085952264249)1:0.16395227284505431)1:0.16342657264776325)0.47:0.02172923648237138)0.54:0.031310796026646534)1:0.9340268957149138)1:0.167562344380792)0.62:0.043119744603706295)0.99:0.14527779356164375)0.97:0.12335866595962187)0.87:0.08550367806312606)0.43:0.014261785750005557,(((((43,(55,35)1:0.7345472606278238)1:0.43881334577862563,((163,39)1:0.40661168532213315,(161,72)0.48:0.02192587380426326)1:0.7220459068082205)1:0.6633541893673939,(50,((93,(32,110)1:1.1222962513651606)0.46:0.023522124947224804,((64,151)1:1.2866154422067153,(67,((125,150)1:0.410716009168382,(158,81)0.86:0.08131096870726287)1:0.5400359424665242)1:0.2706269766437754)0.65:0.047071512180304864)0.4:0.013556101884977944)1:0.4254777263418066)0.64:0.0455162680588554,((154,((3,21)1:1.5589306806836774,(182,((31,(143,(149,53)1:0.16933523665598035)0.94:0.10637963046381557)1:0.37656841580180894,(37,(146,(19,(174,140)0.73:0.05869284508303064)1:0.3242292988716913)1:0.36555123216892715)1:0.22333912586366045)0.87:0.08448981932687094)1:0.41021458272128114)0.54:0.032353271570894515)1:0.40398502292356775,((134,((147,(113,(78,95)1:0.365186001766281)1:1.1793892229379992)1:0.20885611835037154,(57,((10,(162,169)1:0.33522922838161584)0.76:0.06290868959772673,(5,(29,63)0.9:0.0939843592587718)1:0.6262315596773359)1:0.2865201756956932)1:0.7094085599522634)1:0.24162521676075605)0.82:0.07439062746987311,(193,(0,(((102,66)1:0.6555374621619574,((96,(33,30)1:0.4188972964019464)1:0.1779932508720851,((16,185)1:0.18668396564457662,(171,(11,(153,24)1:0.2410204389929063)1:0.22041142358927288)1:0.20288359981299878)1:0.6625922648133789)1:0.17488787785244025)1:0.4994410208971426,(((141,(45,137)1:0.37797445892617393)1:0.3124189093478387,(164,(7,129)1:0.33930344215143227)1:0.7131312250000836)1:0.3530200426965119,(((177,(155,195)0.83:0.07757039442603406)1:1.3782224717054694,(56,(123,(119,(2,200)0.46:0.022796702536616986)1:0.5130251771576186)1:0.4485281004684416)1:0.9138576876322231)0.75:0.062220413079703815,(82,(128,((126,38)1:1.0933456646538977,((69,(191,122)1:0.30394506482407097)1:0.31468202639754494,((111,156)1:0.6426591955731373,(108,44)1:0.9233425853528796)0.43:0.014858912852725635)0.98:0.13279317015292016)1:0.18067743416068682)1:0.33262088630715425)0.73:0.07245176692195683)1:0.30864395189458477)0.48:0.025630162651612446)0.65:0.047282176097452194)0.33:0.00305561542655155)0.41:0.010309535759192238)0.41:0.010669902359870169)0.63:0.04437328494773552)0.39:0.008226307106550505,(((15,89)1:1.9208045474843705,((170,85)0.44:0.016087378947665706,((117,188)1:1.0604637639203396,(58,4)1:0.6995697613998452)1:0.23942054104983904)0.96:0.11886871101555158)0.92:0.098578427311429,((47,(109,60)1:1.3865456742322182)1:0.37530123545978833,((51,(138,(62,198)0.95:0.11068481420185096)1:1.0301878035476093)1:0.33908152733286473,((61,(8,114)1:1.2602536402245266)1:0.24551007222861307,((136,((22,97)0.96:0.11667088063513462,(152,13)1:0.45731082974941295)1:0.20842460235294674)1:0.47848947017700494,(48,(148,(65,181)0.68:0.051547240472987414)1:0.3762443556536469)0.59:0.04214330480819614)1:0.602655003969536)1:0.2635526131409138)0.42:0.01174221697297209)0.39:0.007902953685202272)0.39:0.006725082671362876)0.6:0.03995373702192608)0.39:0.007881731695783671)0.57:0.03536591885186145)1:0.1731451473784882)0.51:0.028148823844060315)1:0.16416545761880244)0.63:0.045361902316088054)1:0.42015339623649334));
Weight calculation took 152.135372429 secs
ASTRAL finished in 213.921 secs
