
================== ASTRAL ===================== 

This is ASTRAL version 5.7.8
Gene trees are treated as unrooted
869 trees read from Dataset/AstralII_data/model.200.10000000.0.000001/03/estimatedgenetre.halfresolved
index0
All output trees will be *arbitrarily* rooted at 125

======== Running the main analysis
Number of taxa: 201 (201 species)
Taxa: [125, 157, 159, 175, 8, 26, 20, 112, 163, 185, 200, 111, 79, 147, 184, 24, 99, 43, 29, 104, 105, 169, 71, 25, 114, 61, 166, 178, 57, 5, 16, 87, 42, 118, 13, 196, 137, 179, 195, 10, 80, 109, 12, 44, 81, 127, 177, 130, 96, 182, 62, 14, 18, 155, 94, 48, 129, 162, 187, 47, 165, 58, 121, 17, 119, 38, 161, 64, 168, 149, 131, 97, 152, 144, 122, 37, 115, 46, 34, 45, 59, 84, 4, 148, 77, 138, 73, 120, 123, 183, 158, 93, 67, 89, 74, 141, 78, 194, 22, 65, 124, 9, 27, 95, 82, 136, 142, 108, 189, 186, 90, 103, 76, 176, 151, 50, 117, 72, 54, 49, 140, 193, 181, 160, 69, 133, 146, 113, 173, 15, 191, 85, 60, 19, 52, 164, 197, 23, 188, 134, 110, 31, 1, 180, 68, 33, 171, 0, 30, 153, 63, 2, 174, 167, 36, 28, 83, 32, 106, 70, 91, 156, 198, 100, 170, 132, 86, 145, 35, 126, 190, 150, 7, 6, 199, 11, 128, 139, 55, 143, 56, 41, 102, 40, 75, 172, 192, 53, 98, 154, 88, 51, 66, 135, 21, 107, 39, 116, 92, 101, 3]
Taxon occupancy: {110=869, 111=869, 112=869, 113=869, 114=869, 115=869, 116=869, 117=869, 118=869, 119=869, 10=869, 11=869, 12=869, 13=869, 14=869, 15=869, 16=869, 17=869, 18=869, 19=869, 120=869, 121=869, 0=869, 122=869, 1=869, 123=869, 2=869, 124=869, 3=869, 125=869, 4=869, 5=869, 126=869, 127=869, 6=869, 7=869, 128=869, 8=869, 129=869, 9=869, 20=869, 21=869, 22=869, 23=869, 24=869, 25=869, 26=869, 27=869, 28=869, 29=869, 130=869, 131=869, 132=869, 133=869, 134=869, 135=869, 136=869, 137=869, 138=869, 139=869, 30=869, 31=869, 32=869, 33=869, 34=869, 35=869, 36=869, 37=869, 38=869, 39=869, 140=869, 141=869, 142=869, 143=869, 144=869, 145=869, 146=869, 147=869, 148=869, 149=869, 40=869, 41=869, 42=869, 43=869, 44=869, 45=869, 46=869, 47=869, 48=869, 49=869, 150=869, 151=869, 152=869, 153=869, 154=869, 155=869, 156=869, 157=869, 158=869, 159=869, 50=869, 51=869, 52=869, 53=869, 54=869, 55=869, 56=869, 57=869, 58=869, 59=869, 160=869, 161=869, 162=869, 163=869, 164=869, 165=869, 166=869, 167=869, 168=869, 169=869, 60=869, 61=869, 62=869, 63=869, 64=869, 65=869, 66=869, 67=869, 68=869, 69=869, 170=869, 171=869, 172=869, 173=869, 174=869, 175=869, 176=869, 177=869, 178=869, 179=869, 70=869, 71=869, 72=869, 73=869, 74=869, 75=869, 76=869, 77=869, 78=869, 79=869, 180=869, 181=869, 182=869, 183=869, 184=869, 185=869, 186=869, 187=869, 188=869, 189=869, 80=869, 81=869, 82=869, 83=869, 84=869, 85=869, 86=869, 87=869, 88=869, 89=869, 190=869, 191=869, 192=869, 193=869, 194=869, 195=869, 196=869, 197=869, 198=869, 199=869, 90=869, 91=869, 92=869, 93=869, 94=869, 95=869, 96=869, 97=869, 98=869, 99=869, 200=869, 100=869, 101=869, 102=869, 103=869, 104=869, 105=869, 106=869, 107=869, 108=869, 109=869}
Number of gene trees: 869
0 trees have missing taxa
Calculating quartet distance matrix (for completion of X)
Species tree distances calculated ...
Building set of clusters (X) from gene trees 
------------------------------
gradient0: 56569
Number of Clusters after addition by distance: 56569
calculating extra bipartitions to be added at level 1 ...
Adding to X using resolutions of greedy consensus ...
Limit for sigma of degrees:5075
polytomy size limit : 15
discarded polytomies:  [3, 3, 3, 3, 3, 3, 3, 3, 3, 3, 3, 3, 3, 3, 3, 3, 3, 3, 3, 3, 3, 3, 3, 3, 3, 3, 3, 3, 4, 4, 4, 4, 4, 4, 4, 5, 5, 5, 5, 6, 6, 6, 7, 7, 8, 9, 12, 15]
Threshold 0.0:
Threshold 0.01:
Threshold 0.02:
Threshold 0.05:
Threshold 0.1:
polytomy of size 8; rounds with additions with at least 5 support: 0; clusters: 56569
polytomy of size 3; rounds with additions with at least 5 support: 0; clusters: 56569
polytomy of size 3; rounds with additions with at least 5 support: 0; clusters: 56569
polytomy of size 3; rounds with additions with at least 5 support: 0; clusters: 56569
Threshold 0.2:
polytomy of size 3; rounds with additions with at least 5 support: 0; clusters: 56569
polytomy of size 4; rounds with additions with at least 5 support: 0; clusters: 56569
polytomy of size 3; rounds with additions with at least 5 support: 0; clusters: 56569
polytomy of size 3; rounds with additions with at least 5 support: 0; clusters: 56569
polytomy of size 4; rounds with additions with at least 5 support: 0; clusters: 56569
polytomy of size 12; rounds with additions with at least 5 support: 0; clusters: 56569
polytomy of size 6; rounds with additions with at least 5 support: 0; clusters: 56569
polytomy of size 5; rounds with additions with at least 5 support: 0; clusters: 56569
polytomy of size 3; rounds with additions with at least 5 support: 0; clusters: 56569
polytomy of size 3; rounds with additions with at least 5 support: 0; clusters: 56569
polytomy of size 4; rounds with additions with at least 5 support: 0; clusters: 56569
polytomy of size 3; rounds with additions with at least 5 support: 0; clusters: 56569
Threshold 0.3333333333333333:
polytomy of size 3; rounds with additions with at least 5 support: 0; clusters: 56569
polytomy of size 3; rounds with additions with at least 5 support: 0; clusters: 56569
polytomy of size 3; rounds with additions with at least 5 support: 0; clusters: 56569
polytomy of size 4; rounds with additions with at least 5 support: 0; clusters: 56569
polytomy of size 3; rounds with additions with at least 5 support: 0; clusters: 56569
polytomy of size 4; rounds with additions with at least 5 support: 0; clusters: 56569
polytomy of size 3; rounds with additions with at least 5 support: 0; clusters: 56569
polytomy of size 6; rounds with additions with at least 5 support: 0; clusters: 56569
polytomy of size 3; rounds with additions with at least 5 support: 0; clusters: 56569
polytomy of size 9; rounds with additions with at least 5 support: 0; clusters: 56569
polytomy of size 3; rounds with additions with at least 5 support: 0; clusters: 56569
polytomy of size 3; rounds with additions with at least 5 support: 0; clusters: 56569
polytomy of size 3; rounds with additions with at least 5 support: 0; clusters: 56569
polytomy of size 15; rounds with additions with at least 5 support: 0; clusters: 56569
polytomy of size 7; rounds with additions with at least 5 support: 0; clusters: 56569
polytomy of size 3; rounds with additions with at least 5 support: 0; clusters: 56569
polytomy of size 3; rounds with additions with at least 5 support: 0; clusters: 56569
polytomy of size 4; rounds with additions with at least 5 support: 0; clusters: 56569
polytomy of size 3; rounds with additions with at least 5 support: 0; clusters: 56569
polytomy of size 5; rounds with additions with at least 5 support: 0; clusters: 56569
polytomy of size 3; rounds with additions with at least 5 support: 0; clusters: 56569
polytomy of size 3; rounds with additions with at least 5 support: 0; clusters: 56569
polytomy of size 6; rounds with additions with at least 5 support: 0; clusters: 56569
polytomy of size 5; rounds with additions with at least 5 support: 0; clusters: 56569
polytomy of size 4; rounds with additions with at least 5 support: 0; clusters: 56569
polytomy of size 3; rounds with additions with at least 5 support: 0; clusters: 56569
polytomy of size 3; rounds with additions with at least 5 support: 0; clusters: 56569
polytomy of size 3; rounds with additions with at least 5 support: 0; clusters: 56569
polytomy of size 3; rounds with additions with at least 5 support: 0; clusters: 56569
polytomy of size 7; rounds with additions with at least 5 support: 0; clusters: 56569
polytomy of size 3; rounds with additions with at least 5 support: 0; clusters: 56569
polytomy of size 5; rounds with additions with at least 5 support: 0; clusters: 56569
max k is :0
Number of Clusters after addition by greedy: 56569
gradient0 in heuristiic: 56569
partitions formed in 44.547 secs
Dynamic Programming starting after 44.547 secs
Using tree-based weight calculation.
Using polytree-based weight calculation.
Polytree max score: 57311858022
Polytree building time: 1.85 seconds.
Number of quartet trees in the gene trees: 57311858022
Size of largest cluster: 201
Greedy score: 41241583807
estimationFactor: 1.3896619075107481
Sub-optimal score: 46064944521
Calculated 100000 weights; time (seconds): 280
Calculated 200000 weights; time (seconds): 234
Total Number of elements weighted: 243628
Normalized score (portion of input quartet trees satisfied before correcting for multiple individuals): 0.8471471881327379
Optimization score: 48551579370
Optimal tree inferred in 628.12 secs.
(52,((19,(164,197)),(((145,(35,(126,190))),((85,(23,(191,60))),((188,134),(173,(113,15))))),((((171,153),(63,(110,31))),(((1,180),(68,33)),(((2,170),(30,((174,167),(83,(36,28))))),(132,(32,((106,70),(100,(198,(91,156))))))))),(0,(((86,((200,(111,79)),((163,185),((184,(147,24)),(43,(99,29)))))),(((55,(139,3)),((112,((26,20),(116,(92,101)))),((11,128),((125,150),(199,(7,6)))))),((143,56),((8,(157,(159,175))),(88,((53,(172,192)),((41,21),(((107,39),(40,(102,75))),((98,154),(51,(66,135))))))))))),((151,(((104,(105,169)),(71,(25,114))),((54,(146,(69,133))),((50,72),(117,((49,140),(193,(181,160)))))))),(((((13,196),(179,(137,(5,118)))),(57,((178,(61,166)),(42,(16,87))))),(9,(((95,(142,(27,(108,(82,136))))),(189,(186,(176,(76,(90,103)))))),(((89,141),(78,194)),((67,(93,(183,158))),(74,(65,(22,124)))))))),((121,(165,58)),((195,((48,(187,47)),((129,162),(((127,(177,130)),(96,(182,62))),(81,(10,(155,((109,(80,12)),(44,(94,(14,18))))))))))),((122,37),((84,(4,148)),((46,(45,59)),(((34,123),((144,77),(73,(138,120)))),(115,((17,(119,168)),((161,(38,64)),((149,131),(97,152)))))))))))))))))));
Final quartet score is: 48551579370
Final normalized quartet score is: 0.8471471881327379
Extended species tree:
(125,(150,((199,(7,6)1:0.11846281445686005)1:0.21225794279588597,((11,128)1:0.9770461966458902,((112,((26,20)1:1.4120422372961234,(116,(92,101)1:0.8292220779416317)1:0.954662867965888)1:0.8691469989950806)1:0.43532811991184145,((55,(139,3)1:0.3086547209043257)1:2.270717923339829,(((143,56)1:1.1396462824009954,((8,(157,(159,175)1:0.5534531710291203)1:0.8714104795130945)1:1.07882641283863,(88,((53,(172,192)1:0.9530767531829734)1:0.5129751539671153,((41,21)1:1.7306765672110314,(((107,39)1:1.6218113422600875,(40,(102,75)1:0.3070893481650164)1:1.1534868905623203)1:0.3833145447443265,((98,154)1:1.7831732306698511,(51,(66,135)1:0.2531120199927124)1:1.386362190380103)1:0.17459557114253688)0.68:0.0320949828438876)1:0.22647834854768603)1:0.3907069230757822)1:0.39730149845269036)1:0.8190603725026494)1:0.5082687434304118,((86,((200,(111,79)1:1.030172370719947)1:1.419123604683265,((163,185)1:1.7055694322496215,((184,(147,24)0.94:0.057365213614190634)1:1.6753187937894203,(43,(99,29)1:0.19345245997459817)1:0.44928917441482913)0.91:0.04660915483506863)1:0.7005254580902817)1:1.3958629915622882)1:1.309705323016341,(((151,(((104,(105,169)1:0.34476606686044853)1:2.2260108331567854,(71,(25,114)1:0.6626653979336371)1:1.3255236600165354)1:0.5872566966379545,((54,(146,(69,133)1:0.10905723398586854)1:1.4651894168113027)1:1.4065984238757696,((50,72)1:0.6965316318950886,(117,((49,140)1:0.39655379721185846,(193,(181,160)0.99:0.07452026107270764)1:2.173087540014372)1:0.11850609378255547)1:0.1744238207592211)1:0.45208126515395225)1:0.9201979253627085)1:0.10471625772982976)1:0.6958626486584145,(((((13,196)1:0.21232893591983917,(179,(137,(5,118)1:0.535553373578677)1:0.20756446503152057)1:0.34007765825093234)1:1.4659290327098458,(57,((178,(61,166)1:0.3838472351206918)1:1.3707587484407087,(42,(16,87)1:0.8163034491684178)1:1.3161731012024476)1:1.22673738499213)1:0.718658018943064)1:0.08672660082276326,(9,(((95,(142,(27,(108,(82,136)1:0.9585381428978813)1:0.2428124368159617)0.47:0.011670354564652815)1:0.15315734275339726)1:1.0444179040353239,(189,(186,(176,(76,(90,103)1:0.08978456142150273)1:0.3519941844352846)1:0.7867635914905727)1:0.24792767929019516)1:0.5142297458771581)1:0.5394965019550603,(((89,141)0.92:0.05385644608409778,(78,194)1:0.36768562968976326)1:0.2949561403002773,((67,(93,(183,158)1:1.2128952939035786)1:0.11120734779643537)1:0.6092319480873711,(74,(65,(22,124)1:0.2084122002335143)1:0.7162846797855549)1:0.7545875156340193)0.67:0.024412264146895388)1:0.9751696738446165)1:0.17927675193694012)1:1.107412195130594)1:0.7385112185378161,((121,(165,58)1:1.8150521383925953)1:1.2658801403908613,((195,((48,(187,47)1:0.9827896062617246)1:2.1144812869194234,((129,162)1:1.6121398829693843,(((127,(177,130)1:0.1441209052286636)1:0.9884892860277751,(96,(182,62)1:0.9063055051598721)1:0.32219826357124554)1:1.745510421646701,(81,(10,(155,((109,(80,12)1:0.383790266969067)0.89:0.06301223008657256,(44,(94,(14,18)1:0.2761199727202957)1:0.18749039152923994)1:0.5701152858360342)1:0.40233420433430744)1:0.08968119182483963)1:0.08353258767204541)1:1.113970798537895)1:0.10890422554790623)1:0.18815066529952587)0.92:0.060640601570031503)1:0.1798083128020749,((122,37)1:2.3416286583846717,((84,(4,148)1:0.8431443858503316)1:0.3509828815089377,((46,(45,59)1:0.1297192712830217)1:1.2226443383445302,(((34,123)1:0.4719427860933785,((144,77)1:0.07853454472618146,(73,(138,120)0.9:0.045794396721415095)1:1.4164966983226548)1:0.1983765730942627)1:0.17682655534890634,(115,((17,(119,168)1:0.07786323811949084)1:0.17289405001416014,((161,(38,64)0.9:0.05256359054256035)1:1.800949132172203,((149,131)1:2.072835345245764,(97,152)1:1.3150849993881601)1:0.301240618592341)0.65:0.023919536719744085)1:0.2376935870346875)1:0.17379090758505764)1:0.11737168433940684)0.99:0.0680638515259974)1:0.3260009007663979)1:0.9343228552258092)1:0.4026531939699112)1:0.7666019302577947)1:0.3312900037108557)1:0.8365573932675124,(0,((((171,153)1:0.42464785407080086,(63,(110,31)1:0.5043294580060019)1:1.2230696709482087)1:1.0110971441694803,(((1,180)1:0.3401057447319451,(68,33)1:1.2789122967855484)1:1.232857853711639,(((2,170)1:2.2363471425506685,(30,((174,167)1:1.168242653595826,(83,(36,28)1:0.21925437740748066)1:0.6401106705497123)1:1.4699872558757787)0.71:0.02672011990436282)0.49:0.013648776624885058,(132,(32,((106,70)1:0.5629505156179695,(100,(198,(91,156)1:0.1367837482674639)1:0.7661841167767565)1:0.5799060790537368)1:0.9176395185104818)1:0.707046453334517)1:0.9526357007397367)1:0.30318790922501904)0.93:0.06486345292886471)1:0.3807031935785127,(((145,(35,(126,190)1:0.4080475760395061)1:0.14556299934936126)1:1.4486151776560157,((85,(23,(191,60)1:1.168061520084713)1:0.6238438992375039)1:0.5606883177251942,((188,134)1:1.2683325988092011,(173,(113,15)1:0.49963444977561616)1:1.0220756109521567)1:0.11002493331551592)1:0.32122688879005384)1:0.6035169900279144,((19,(164,197)1:0.10665491847173982)1:0.15790323960898495,52)1:1.5082300923105887)1:1.0893228192397428)1:2.395980041242705)1:1.3767130898303077)1:0.7019304903522792)1:1.100342551200915)1:0.08213272857558299)1:1.0213056062284653)1:1.125683560069255)1:0.26789010668507157)1:0.6008687386548612));
Weight calculation took 561.447188256 secs
ASTRAL finished in 637.928 secs
