
================== ASTRAL ===================== 

This is ASTRAL version 5.7.8
Gene trees are treated as unrooted
50 trees read from Dataset/AstralII_data/model.200.10000000.0.000001/03/estimatedgenetre.halfresolved_50
index0
All output trees will be *arbitrarily* rooted at 125

======== Running the main analysis
Number of taxa: 201 (201 species)
Taxa: [125, 157, 159, 175, 8, 26, 20, 112, 163, 185, 200, 111, 79, 147, 184, 24, 99, 43, 29, 104, 105, 169, 71, 25, 114, 61, 166, 178, 57, 5, 16, 87, 42, 118, 13, 196, 137, 179, 195, 10, 80, 109, 12, 44, 81, 127, 177, 130, 96, 182, 62, 14, 18, 155, 94, 48, 129, 162, 187, 47, 165, 58, 121, 17, 119, 38, 161, 64, 168, 149, 131, 97, 152, 144, 122, 37, 115, 46, 34, 45, 59, 84, 4, 148, 77, 138, 73, 120, 123, 183, 158, 93, 67, 89, 74, 141, 78, 194, 22, 65, 124, 9, 27, 95, 82, 136, 142, 108, 189, 186, 90, 103, 76, 176, 151, 50, 117, 72, 54, 49, 140, 193, 181, 160, 69, 133, 146, 113, 173, 15, 191, 85, 60, 19, 52, 164, 197, 23, 188, 134, 110, 31, 1, 180, 68, 33, 171, 0, 30, 153, 63, 2, 174, 167, 36, 28, 83, 32, 106, 70, 91, 156, 198, 100, 170, 132, 86, 145, 35, 126, 190, 150, 7, 6, 199, 11, 128, 139, 55, 143, 56, 41, 102, 40, 75, 172, 192, 53, 98, 154, 88, 51, 66, 135, 21, 107, 39, 116, 92, 101, 3]
Taxon occupancy: {110=50, 111=50, 112=50, 113=50, 114=50, 115=50, 116=50, 117=50, 118=50, 119=50, 10=50, 11=50, 12=50, 13=50, 14=50, 15=50, 16=50, 17=50, 18=50, 19=50, 120=50, 121=50, 0=50, 122=50, 1=50, 123=50, 2=50, 124=50, 3=50, 125=50, 4=50, 5=50, 126=50, 127=50, 6=50, 7=50, 128=50, 8=50, 129=50, 9=50, 20=50, 21=50, 22=50, 23=50, 24=50, 25=50, 26=50, 27=50, 28=50, 29=50, 130=50, 131=50, 132=50, 133=50, 134=50, 135=50, 136=50, 137=50, 138=50, 139=50, 30=50, 31=50, 32=50, 33=50, 34=50, 35=50, 36=50, 37=50, 38=50, 39=50, 140=50, 141=50, 142=50, 143=50, 144=50, 145=50, 146=50, 147=50, 148=50, 149=50, 40=50, 41=50, 42=50, 43=50, 44=50, 45=50, 46=50, 47=50, 48=50, 49=50, 150=50, 151=50, 152=50, 153=50, 154=50, 155=50, 156=50, 157=50, 158=50, 159=50, 50=50, 51=50, 52=50, 53=50, 54=50, 55=50, 56=50, 57=50, 58=50, 59=50, 160=50, 161=50, 162=50, 163=50, 164=50, 165=50, 166=50, 167=50, 168=50, 169=50, 60=50, 61=50, 62=50, 63=50, 64=50, 65=50, 66=50, 67=50, 68=50, 69=50, 170=50, 171=50, 172=50, 173=50, 174=50, 175=50, 176=50, 177=50, 178=50, 179=50, 70=50, 71=50, 72=50, 73=50, 74=50, 75=50, 76=50, 77=50, 78=50, 79=50, 180=50, 181=50, 182=50, 183=50, 184=50, 185=50, 186=50, 187=50, 188=50, 189=50, 80=50, 81=50, 82=50, 83=50, 84=50, 85=50, 86=50, 87=50, 88=50, 89=50, 190=50, 191=50, 192=50, 193=50, 194=50, 195=50, 196=50, 197=50, 198=50, 199=50, 90=50, 91=50, 92=50, 93=50, 94=50, 95=50, 96=50, 97=50, 98=50, 99=50, 200=50, 100=50, 101=50, 102=50, 103=50, 104=50, 105=50, 106=50, 107=50, 108=50, 109=50}
Number of gene trees: 50
0 trees have missing taxa
Calculating quartet distance matrix (for completion of X)
Species tree distances calculated ...
Building set of clusters (X) from gene trees 
------------------------------
gradient0: 7277
Number of Clusters after addition by distance: 7277
calculating extra bipartitions to be added at level 1 ...
Adding to X using resolutions of greedy consensus ...
Limit for sigma of degrees:5075
polytomy size limit : 15
discarded polytomies:  [3, 3, 3, 3, 3, 3, 3, 3, 3, 3, 3, 3, 3, 3, 3, 3, 3, 3, 3, 3, 3, 3, 3, 3, 4, 4, 4, 4, 4, 4, 4, 5, 5, 5, 5, 5, 5, 6, 6, 7, 7, 8, 9, 10, 15]
Threshold 0.0:
Threshold 0.01:
Threshold 0.02:
Threshold 0.05:
polytomy of size 4; rounds with additions with at least 5 support: 1; clusters: 7283
Threshold 0.1:
polytomy of size 3; rounds with additions with at least 5 support: 0; clusters: 7283
polytomy of size 5; rounds with additions with at least 5 support: 1; clusters: 7289
Threshold 0.2:
polytomy of size 4; rounds with additions with at least 5 support: 0; clusters: 7289
polytomy of size 3; rounds with additions with at least 5 support: 0; clusters: 7289
polytomy of size 5; rounds with additions with at least 5 support: 0; clusters: 7289
polytomy of size 3; rounds with additions with at least 5 support: 0; clusters: 7289
polytomy of size 3; rounds with additions with at least 5 support: 0; clusters: 7289
polytomy of size 4; rounds with additions with at least 5 support: 0; clusters: 7289
polytomy of size 3; rounds with additions with at least 5 support: 0; clusters: 7289
polytomy of size 3; rounds with additions with at least 5 support: 0; clusters: 7289
polytomy of size 3; rounds with additions with at least 5 support: 0; clusters: 7289
polytomy of size 10; rounds with additions with at least 5 support: 0; clusters: 7295
polytomy of size 3; rounds with additions with at least 5 support: 0; clusters: 7295
polytomy of size 4; rounds with additions with at least 5 support: 0; clusters: 7295
polytomy of size 6; rounds with additions with at least 5 support: 0; clusters: 7295
polytomy of size 3; rounds with additions with at least 5 support: 0; clusters: 7295
Threshold 0.3333333333333333:
polytomy of size 3; rounds with additions with at least 5 support: 0; clusters: 7295
polytomy of size 3; rounds with additions with at least 5 support: 0; clusters: 7295
polytomy of size 4; rounds with additions with at least 5 support: 0; clusters: 7295
polytomy of size 4; rounds with additions with at least 5 support: 0; clusters: 7295
polytomy of size 3; rounds with additions with at least 5 support: 0; clusters: 7295
polytomy of size 6; rounds with additions with at least 5 support: 0; clusters: 7295
polytomy of size 5; rounds with additions with at least 5 support: 0; clusters: 7295
polytomy of size 7; rounds with additions with at least 5 support: 0; clusters: 7295
polytomy of size 5; rounds with additions with at least 5 support: 0; clusters: 7295
polytomy of size 4; rounds with additions with at least 5 support: 0; clusters: 7295
polytomy of size 3; rounds with additions with at least 5 support: 0; clusters: 7295
polytomy of size 3; rounds with additions with at least 5 support: 0; clusters: 7295
polytomy of size 3; rounds with additions with at least 5 support: 0; clusters: 7295
polytomy of size 3; rounds with additions with at least 5 support: 0; clusters: 7295
polytomy of size 5; rounds with additions with at least 5 support: 0; clusters: 7297
polytomy of size 3; rounds with additions with at least 5 support: 0; clusters: 7297
polytomy of size 3; rounds with additions with at least 5 support: 0; clusters: 7297
polytomy of size 3; rounds with additions with at least 5 support: 0; clusters: 7297
polytomy of size 9; rounds with additions with at least 5 support: 0; clusters: 7297
polytomy of size 3; rounds with additions with at least 5 support: 0; clusters: 7297
polytomy of size 3; rounds with additions with at least 5 support: 0; clusters: 7297
polytomy of size 15; rounds with additions with at least 5 support: 0; clusters: 7301
polytomy of size 7; rounds with additions with at least 5 support: 0; clusters: 7301
polytomy of size 3; rounds with additions with at least 5 support: 0; clusters: 7301
polytomy of size 3; rounds with additions with at least 5 support: 0; clusters: 7301
polytomy of size 8; rounds with additions with at least 5 support: 0; clusters: 7301
polytomy of size 3; rounds with additions with at least 5 support: 0; clusters: 7301
polytomy of size 5; rounds with additions with at least 5 support: 0; clusters: 7303
max k is :2
Number of Clusters after addition by greedy: 7303
gradient0 in heuristiic: 7303
partitions formed in 8.97 secs
Dynamic Programming starting after 8.97 secs
Using tree-based weight calculation.
Using polytree-based weight calculation.
Polytree max score: 3297501498
Polytree building time: 0.155 seconds.
Number of quartet trees in the gene trees: 3297501498
Size of largest cluster: 201
Greedy score: 2083632672
estimationFactor: 1.5825733308524355
Sub-optimal score: 2646410694
Total Number of elements weighted: 11962
Normalized score (portion of input quartet trees satisfied before correcting for multiple individuals): 0.8427199161806113
Optimization score: 2778870186
Optimal tree inferred in 12.775 secs.
(52,((19,(164,197)),(((145,(35,(126,190))),((188,134),((173,(113,15)),(85,(23,(191,60)))))),((((171,153),(63,(110,31))),(((1,180),(68,33)),((30,((174,167),(83,(36,28)))),((2,170),(132,(32,((106,70),(100,(91,(156,198)))))))))),(0,(((86,((200,(111,79)),((163,185),((24,(147,184)),(43,(99,29)))))),(((55,(139,3)),((112,((26,20),(116,(92,101)))),((11,128),((125,150),(199,(7,6)))))),((143,56),((8,(157,(159,175))),(88,((53,(172,192)),(((107,39),(102,(40,75))),((41,21),((98,154),(51,(66,135))))))))))),((151,(((71,(25,114)),(104,(105,169))),((54,(146,(69,133))),((50,72),(117,((49,140),(160,(193,181)))))))),(((((13,196),(179,(137,(5,118)))),(57,((178,(61,166)),(42,(16,87))))),(9,(((95,((27,142),(108,(82,136)))),(189,(186,(176,(76,(90,103)))))),((89,(141,(78,194))),((67,(93,(183,158))),(74,(65,(22,124)))))))),((121,(165,58)),(((48,(187,47)),(195,((129,162),(((177,(127,130)),(96,(182,62))),(81,(10,(155,((80,12),(109,(44,(94,(14,18)))))))))))),((122,37),((84,(4,148)),((46,(45,59)),(((34,123),(144,(77,(73,(138,120))))),(115,(((97,152),(149,131)),((17,(119,168)),(38,(161,64)))))))))))))))))));
Final quartet score is: 2778870186
Final normalized quartet score is: 0.8427199161806113
Extended species tree:
(125,(150,((199,(7,6)0.73:0.1303562378797603)0.89:0.1881783190078351,((11,128)1:0.7961408807821534,((112,((26,20)1:1.3324032567007598,(116,(92,101)1:1.3215726343052498)1:0.6524880555502516)1:0.6379354877840515)1:0.5750169954163107,((55,(139,3)0.65:0.09465120119728176)1:2.362307150772061,(((143,56)1:1.0924381499938431,((8,(157,(159,175)1:0.44739167898071)1:0.6883950727734259)1:1.032303394919215,(88,((53,(172,192)1:1.1226374682550997)1:0.5193844970941489,(((107,39)1:1.4540509977600031,(102,(40,75)0.47:0.0376011859325036)1:1.0913718423588457)0.99:0.3271644193134881,((41,21)1:1.523766448628801,((98,154)1:1.0379063444238426,(51,(66,135)1:0.48431750164206305)1:1.3226730334348504)0.98:0.27716066066030626)0.64:0.08685176108285433)0.92:0.20382232113651874)1:0.46208303784602256)0.98:0.27011628421672434)1:0.6367187061836583)1:0.6881004090855427,((86,((200,(111,79)1:0.472321615743535)1:1.92601487841279,((163,185)1:1.5773924695353685,((24,(147,184)0.45:0.032526671851761065)1:1.4691364285669293,(43,(99,29)0.86:0.17039048904666232)1:0.451441138079102)0.67:0.09894569529277791)1:0.5354204169234329)1:1.9054803883114144)1:1.004538229528903,(((151,(((71,(25,114)1:0.7190648761889092)1:1.178108223700593,(104,(105,169)1:0.45619707775462204)1:2.0834983423754507)1:0.7408985059932964,((54,(146,(69,133)0.89:0.25131442828090594)1:1.6129999550435907)1:1.2173775661057855,((50,72)1:0.7462236624492378,(117,((49,140)0.99:0.30207371291008867,(160,(193,181)0.48:0.05313184471303978)1:1.5356742659532596)0.69:0.117064502698777)0.97:0.26574882311198483)0.99:0.3364288786316293)1:0.7552834478562337)0.82:0.14933842538059264)1:0.5524548552056805,(((((13,196)0.67:0.10465660715468375,(179,(137,(5,118)1:0.3797896523440857)0.78:0.13734333641951543)0.99:0.3035753388188655)1:1.468432968367496,(57,((178,(61,166)1:0.38292334455794014)1:2.003992777378793,(42,(16,87)1:0.8711318613071511)1:1.2955105135031904)1:0.8003965257053984)1:0.6345127381599459)0.57:0.07873006543913359,(9,(((95,((27,142)0.37:0.0044797243292028196,(108,(82,136)1:0.789462169176293)0.67:0.10090742073108741)0.58:0.07221373098752493)1:1.0351497940667818,(189,(186,(176,(76,(90,103)0.36:0.0013622654631762566)1:0.48416878203179725)1:0.5885363767886373)0.99:0.35781086190005285)1:0.41559665535319706)1:0.39734573366108494,((89,(141,(78,194)1:0.3461219863486124)0.47:0.039496406583934635)0.98:0.2929069307015187,((67,(93,(183,158)1:1.2778732343997559)0.63:0.08557207391578771)1:0.5008853515378422,(74,(65,(22,124)1:0.398877946542986)1:0.8505269357923821)1:0.4674861732620659)0.5:0.04543940758098194)1:0.6620769056253497)0.47:0.040669890194196104)1:1.0864371364565026)1:0.6860650597999511,((121,(165,58)1:1.2952687746330565)1:0.873879816308713,(((48,(187,47)1:0.6815933272127852)1:1.6901533213179079,(195,((129,162)1:0.9698851760863708,(((177,(127,130)0.62:0.09092468872786189)1:1.0537192898011905,(96,(182,62)1:0.8444139362542988)0.95:0.23944109987794732)1:1.2898510694544243,(81,(10,(155,((80,12)1:0.4936443667344344,(109,(44,(94,(14,18)1:0.6168576068794495)0.82:0.17132950094498292)0.76:0.1711076326087161)0.6:0.09914541091881003)0.99:0.31274970635750765)0.42:0.022218242867537066)0.91:0.20642937962391233)1:0.7860118493731498)0.84:0.1784740315583015)0.66:0.1007892889251774)0.88:0.18217021202643138)0.91:0.19233637363149442,((122,37)1:2.102614881566082,((84,(4,148)1:1.0767924837456313)0.71:0.11412110999868659,((46,(45,59)0.96:0.2605884558916455)1:0.8588305208697624,(((34,123)0.98:0.2684799672887232,(144,(77,(73,(138,120)0.42:0.019645029222737986)1:0.8572106036521421)0.66:0.09137830269007695)0.93:0.21017212176442562)0.57:0.07139301429427107,(115,(((97,152)1:1.0308723239822764,(149,131)1:1.715555996886761)1:0.40437403356193974,((17,(119,168)0.88:0.180404010664683)0.95:0.2507670395276007,(38,(161,64)0.83:0.22090900772784333)1:1.7587679392281903)0.51:0.06017880934438296)0.92:0.21794862280623525)0.61:0.10908585939991564)0.5:0.046139790706435)0.72:0.11310287721009986)1:0.5411323073521199)1:0.8422207699127481)0.97:0.256247603305396)1:0.6207077412706623)0.9:0.19248267245735876)1:0.8162266149225226,(0,((((171,153)0.99:0.3174065115167896,(63,(110,31)1:0.5833445312372527)1:0.8510689498076213)1:1.1790449862023002,(((1,180)0.97:0.2750696172896109,(68,33)1:1.4742952913363416)1:1.553158043957105,((30,((174,167)1:1.0904269401712985,(83,(36,28)1:0.44024802049046513)1:0.42558489035618646)1:0.9945226634944234)0.92:0.20611786741584764,((2,170)1:1.851725238275898,(132,(32,((106,70)1:0.38688156157167286,(100,(91,(156,198)0.69:0.14543729330169303)1:0.8518800461449104)1:0.8717389383900703)1:0.8908954754692388)1:0.6520912450668666)1:1.1918071859575887)0.61:0.08249712860249092)0.98:0.27754742455280845)0.5:0.06471547244618442)0.99:0.3200184488563482,(((145,(35,(126,190)0.94:0.24403792457728116)1:0.4210094625459647)1:1.3149981562630737,((188,134)1:1.3232504489933334,((173,(113,15)1:0.3991924699297354)1:1.0378753030084433,(85,(23,(191,60)1:0.957679263214222)1:0.639672012136293)1:0.645335062088012)0.43:0.021942342331456054)1:0.44441326993917535)1:0.6327230340723712,((19,(164,197)0.76:0.18638144564879444)0.79:0.1516530702444429,52)1:1.3904887351109818)1:1.240919202465617)1:2.013692680634849)1:2.354697764045708)1:1.1304209022767622)1:1.046311032286138)0.46:0.062999332399616)1:1.1107678744222251)1:0.685018202869007)0.98:0.2840022154933803)1:0.5264734187472494));
Weight calculation took 3.114324649 secs
ASTRAL finished in 14.346 secs
