
================== ASTRAL ===================== 

This is ASTRAL version 5.7.8
Gene trees are treated as unrooted
200 trees read from Dataset/AstralII_data/model.200.2000000.0.000001/44/estimatedgenetre.halfresolved_200
index0
All output trees will be *arbitrarily* rooted at 157

======== Running the main analysis
Number of taxa: 201 (201 species)
Taxa: [157, 151, 167, 76, 66, 174, 116, 51, 61, 33, 120, 10, 189, 18, 15, 36, 93, 138, 77, 86, 156, 165, 172, 122, 90, 16, 164, 104, 31, 69, 109, 96, 105, 62, 71, 2, 126, 4, 146, 91, 59, 19, 100, 179, 55, 46, 56, 111, 142, 188, 70, 135, 136, 20, 114, 0, 158, 143, 83, 117, 112, 34, 8, 37, 95, 73, 82, 42, 50, 89, 168, 67, 163, 169, 48, 173, 92, 162, 32, 190, 1, 150, 41, 85, 187, 5, 35, 186, 49, 159, 140, 139, 160, 193, 130, 124, 12, 72, 178, 87, 137, 44, 133, 84, 7, 185, 29, 134, 30, 43, 106, 25, 125, 38, 129, 182, 110, 175, 11, 108, 88, 184, 74, 147, 45, 65, 128, 119, 17, 161, 79, 14, 191, 155, 22, 197, 198, 75, 97, 107, 123, 24, 181, 9, 200, 127, 27, 113, 102, 52, 57, 177, 199, 23, 176, 63, 118, 81, 21, 148, 6, 149, 183, 80, 3, 99, 152, 141, 54, 78, 121, 171, 64, 192, 47, 13, 39, 103, 196, 101, 195, 115, 40, 166, 94, 26, 98, 170, 154, 58, 60, 144, 145, 194, 131, 132, 180, 28, 68, 53, 153]
Taxon occupancy: {110=200, 111=200, 112=200, 113=200, 114=200, 115=200, 116=200, 117=200, 118=200, 119=200, 10=200, 11=200, 12=200, 13=200, 14=200, 15=200, 16=200, 17=200, 18=200, 19=200, 120=200, 0=200, 121=200, 122=200, 1=200, 2=200, 123=200, 124=200, 3=200, 4=200, 125=200, 126=200, 5=200, 127=200, 6=200, 7=200, 128=200, 8=200, 129=200, 9=200, 20=200, 21=200, 22=200, 23=200, 24=200, 25=200, 26=200, 27=200, 28=200, 29=200, 130=200, 131=200, 132=200, 133=200, 134=200, 135=200, 136=200, 137=200, 138=200, 139=200, 30=200, 31=200, 32=200, 33=200, 34=200, 35=200, 36=200, 37=200, 38=200, 39=200, 140=200, 141=200, 142=200, 143=200, 144=200, 145=200, 146=200, 147=200, 148=200, 149=200, 40=200, 41=200, 42=200, 43=200, 44=200, 45=200, 46=200, 47=200, 48=200, 49=200, 150=200, 151=200, 152=200, 153=200, 154=200, 155=200, 156=200, 157=200, 158=200, 159=200, 50=200, 51=200, 52=200, 53=200, 54=200, 55=200, 56=200, 57=200, 58=200, 59=200, 160=200, 161=200, 162=200, 163=200, 164=200, 165=200, 166=200, 167=200, 168=200, 169=200, 60=200, 61=200, 62=200, 63=200, 64=200, 65=200, 66=200, 67=200, 68=200, 69=200, 170=200, 171=200, 172=200, 173=200, 174=200, 175=200, 176=200, 177=200, 178=200, 179=200, 70=200, 71=200, 72=200, 73=200, 74=200, 75=200, 76=200, 77=200, 78=200, 79=200, 180=200, 181=200, 182=200, 183=200, 184=200, 185=200, 186=200, 187=200, 188=200, 189=200, 80=200, 81=200, 82=200, 83=200, 84=200, 85=200, 86=200, 87=200, 88=200, 89=200, 190=200, 191=200, 192=200, 193=200, 194=200, 195=200, 196=200, 197=200, 198=200, 199=200, 90=200, 91=200, 92=200, 93=200, 94=200, 95=200, 96=200, 97=200, 98=200, 99=200, 200=200, 100=200, 101=200, 102=200, 103=200, 104=200, 105=200, 106=200, 107=200, 108=200, 109=200}
Number of gene trees: 200
0 trees have missing taxa
Calculating quartet distance matrix (for completion of X)
Species tree distances calculated ...
Building set of clusters (X) from gene trees 
------------------------------
gradient0: 10923
Number of Clusters after addition by distance: 10923
calculating extra bipartitions to be added at level 1 ...
Adding to X using resolutions of greedy consensus ...
Limit for sigma of degrees:5075
polytomy size limit : 16
discarded polytomies:  [3, 3, 3, 3, 3, 3, 3, 3, 3, 3, 3, 3, 4, 4, 4, 4, 5, 7, 10, 16]
Threshold 0.0:
Threshold 0.01:
Threshold 0.02:
Threshold 0.05:
polytomy of size 4; rounds with additions with at least 5 support: 2; clusters: 10927
Threshold 0.1:
polytomy of size 3; rounds with additions with at least 5 support: 0; clusters: 10927
polytomy of size 7; rounds with additions with at least 5 support: 0; clusters: 10927
Threshold 0.2:
polytomy of size 4; rounds with additions with at least 5 support: 0; clusters: 10927
polytomy of size 3; rounds with additions with at least 5 support: 0; clusters: 10927
polytomy of size 3; rounds with additions with at least 5 support: 0; clusters: 10927
polytomy of size 10; rounds with additions with at least 5 support: 0; clusters: 10927
Threshold 0.3333333333333333:
polytomy of size 5; rounds with additions with at least 5 support: 0; clusters: 10927
polytomy of size 3; rounds with additions with at least 5 support: 0; clusters: 10927
polytomy of size 4; rounds with additions with at least 5 support: 0; clusters: 10927
polytomy of size 3; rounds with additions with at least 5 support: 0; clusters: 10927
polytomy of size 3; rounds with additions with at least 5 support: 0; clusters: 10927
polytomy of size 4; rounds with additions with at least 5 support: 0; clusters: 10927
polytomy of size 3; rounds with additions with at least 5 support: 0; clusters: 10927
polytomy of size 3; rounds with additions with at least 5 support: 0; clusters: 10927
polytomy of size 3; rounds with additions with at least 5 support: 0; clusters: 10927
polytomy of size 3; rounds with additions with at least 5 support: 0; clusters: 10927
polytomy of size 3; rounds with additions with at least 5 support: 0; clusters: 10927
polytomy of size 16; rounds with additions with at least 5 support: 0; clusters: 10927
polytomy of size 3; rounds with additions with at least 5 support: 0; clusters: 10927
max k is :4
Number of Clusters after addition by greedy: 10927
gradient0 in heuristiic: 10927
partitions formed in 5.88 secs
Dynamic Programming starting after 5.88 secs
Using tree-based weight calculation.
Using polytree-based weight calculation.
Polytree max score: 13199509137
Polytree building time: 0.306 seconds.
Number of quartet trees in the gene trees: 13199509137
Size of largest cluster: 201
Greedy score: 9373631918
estimationFactor: 1.4081531313015656
Sub-optimal score: 9737877322
Total Number of elements weighted: 24197
Normalized score (portion of input quartet trees satisfied before correcting for multiple individuals): 0.7620694187637199
Optimization score: 10058942256
Optimal tree inferred in 16.388 secs.
(152,((39,(103,196)),((141,(54,78)),((171,(121,((192,47),(64,13)))),((3,99),(((((98,170),(154,58)),((101,195),(26,(166,94)))),((131,(180,(132,(115,40)))),((28,(68,53)),(194,(60,(144,145)))))),((184,(74,147)),(153,((((65,(128,119)),(45,(191,((79,14),(17,161))))),(((102,(57,(52,177))),(200,(27,(127,113)))),((155,(22,197)),((24,(181,9)),((107,123),(97,(198,75))))))),((((148,6),(80,(149,183))),((23,176),(199,(118,(63,(81,21)))))),(0,(49,(((134,((133,84),(7,(185,29)))),(((182,110),(38,129)),((11,(108,88)),(175,((25,125),(30,(43,106))))))),((((76,((157,(151,167)),((66,(174,116)),((51,120),(61,33))))),((10,(189,18)),((15,(36,93)),((77,156),(138,(86,(165,172))))))),(114,(((173,92),(((190,1),(85,187)),((162,32),(150,41)))),((5,(35,186)),((137,44),((159,(140,(193,(139,160)))),(72,((178,87),(130,(124,12)))))))))),((((67,48),(163,169)),(((82,42),(50,(89,168))),((34,8),((158,(143,(83,117))),(112,(37,(95,73))))))),((179,(100,(55,(46,56)))),(((122,90),(111,((188,70),(142,(135,136))))),(((31,109),(69,(104,(16,164)))),((20,(91,59)),((146,(96,19)),((71,2),((105,62),(126,4)))))))))))))))))))))));
Final quartet score is: 10058942256
Final normalized quartet score is: 0.7620694187637199
Extended species tree:
(157,((151,167)1:0.8202167579282981,(((66,(174,116)1:2.008029366795839)1:0.8727412708608235,((51,120)1:1.9501999644906658,(61,33)1:1.1368758117673003)0.99:0.14422739081906147)1:3.4709328903268215,(76,(((10,(189,18)1:1.7197859696029656)1:2.646548001344417,((15,(36,93)0.66:0.06944525783259915)1:0.7603010590634998,((77,156)1:0.22267724214278514,(138,(86,(165,172)1:0.3761907996404187)0.42:0.01647740259291564)0.98:0.13713527644690301)1:2.5952547069568657)1:1.478379863455411)1:2.0406973322495205,((114,(((173,92)1:3.291023120996686,(((190,1)1:2.590267165445826,(85,187)1:2.3781486339312634)1:1.1793361702926473,((162,32)1:3.507745560921238,(150,41)1:3.104389713244949)0.67:0.04863695883072349)1:0.8400406496223832)1:0.9735530172819031,((5,(35,186)1:0.592887849233895)1:3.960157878095433,((137,44)1:1.8393234447426152,((159,(140,(193,(139,160)1:0.28251928310898516)1:0.35462602322983183)1:0.8603835799981522)1:2.5970985109824456,(72,((178,87)1:2.8169112691494966,(130,(124,12)1:0.946013500519916)1:0.37650884756057174)0.96:0.11679328451949285)1:1.3371227188303336)1:1.1881413391092568)1:0.2265031189398308)1:0.7296287913387278)1:0.5265776115558117)0.5:0.025621284426355778,(((((67,48)1:3.5198283788273708,(163,169)1:2.0471626407396952)1:0.41048012252405297,(((82,42)1:1.4950368234743792,(50,(89,168)1:0.27286698666664033)1:2.88259670118738)1:1.068006967640883,((34,8)1:0.6698029723556489,((158,(143,(83,117)1:0.4801415389421282)1:0.3655552261770274)0.74:0.061139850397642935,(112,(37,(95,73)1:1.8008919527913272)1:0.8209047916243224)1:0.5414872263307047)1:0.3555102097056732)1:0.5537394209031514)1:1.5482943657642791)1:1.4892694588254158,((179,(100,(55,(46,56)1:0.9465960813694847)1:2.0397081006281677)0.41:0.011590928614026516)1:1.082105960164715,(((122,90)1:4.171986370175483,(111,((188,70)1:3.3563020617542625,(142,(135,136)1:3.799227511282799)1:0.29292474854769673)1:0.6103469371622934)1:1.2882671412860833)1:0.49397660823400247,(((31,109)1:0.6501874038389098,(69,(104,(16,164)1:0.4911205526866583)1:1.877167327769136)0.71:0.05601771262381792)1:1.951658738286438,((20,(91,59)1:2.266023631592212)1:0.40781064015636503,((146,(96,19)1:0.19763495420432114)1:1.7613270811328343,((71,2)1:1.1697483941026472,((105,62)1:1.5638639985075116,(126,4)1:0.8534980658120136)0.62:0.04185602333086599)1:2.6826923111320364)1:0.41461141759443365)1:0.47373068236509197)1:0.4285202472359711)0.99:0.1549184239126605)1:0.5975130207800075)1:0.5863234527480481,(((134,((133,84)1:1.0910639379226617,(7,(185,29)0.84:0.07763969742278003)1:1.1661403486540467)1:3.393762403174639)1:1.4166777421399954,(((182,110)1:0.7222817982142392,(38,129)1:2.332890442489374)1:2.025056809690907,((11,(108,88)1:0.19733430695201115)1:3.4578894863306804,(175,((25,125)1:0.40157002333445135,(30,(43,106)0.78:0.06755815101129109)1:2.3922097450986612)1:0.7338017570249682)1:0.8280120845168955)1:0.6787580650589529)1:1.9857446492106023)1:1.0696210394602126,(49,(0,((((148,6)1:0.6396492413281598,(80,(149,183)1:0.6443317635464104)1:2.7577736364546412)1:1.3890395206904036,((23,176)1:3.4150644358043056,(199,(118,(63,(81,21)1:0.31814127993648944)1:1.8976277279787899)1:2.5163115046167492)0.87:0.08949736396326698)1:0.9914708438150622)1:2.5691101347872607,((((65,(128,119)1:1.401332238484431)1:2.5229340453772404,(45,(191,((79,14)1:3.51154543883102,(17,161)1:2.4146266306692437)1:0.32037121330238605)1:0.36144272937812555)1:1.0607648630483901)1:1.8783205899333666,(((102,(57,(52,177)1:0.24387944979338808)1:2.9548345185882274)1:1.4374614876918688,(200,(27,(127,113)1:0.9607295813052231)1:0.3979514190761075)1:2.9130933423114973)1:1.6070104556772062,((155,(22,197)1:3.51154543883102)1:1.7362307539270614,((24,(181,9)1:2.008234763854007)1:1.8940955490182498,((107,123)1:2.2603629217010375,(97,(198,75)1:0.7750321288681838)1:2.10317512601193)1:1.214762986290296)1:1.5669143028530497)1:1.2479333218225006)1:0.24482556362605856)1:0.44831109361524835,(153,((184,(74,147)1:0.28271928310965183)1:4.492374691842744,(((((98,170)1:1.3209701043561188,(154,58)1:1.414868832027471)1:0.491334365641186,((101,195)1:0.2931459178537016,(26,(166,94)1:0.7555061872579784)1:1.2892385193714793)1:0.9969920654575496)1:0.39129071494687623,((131,(180,(132,(115,40)1:0.4206500493988031)0.99:0.14180270833555006)1:1.836612829887694)1:0.25201569305542904,((28,(68,53)1:0.8366832041543947)1:1.0733281486932025,(194,(60,(144,145)1:1.0873745929516179)1:0.5669361040222515)1:0.3334304228143429)1:1.112562953002854)1:0.49737918416719773)1:1.3112660407085326,((3,99)1:1.5074254641013072,((171,(121,((192,47)0.8:0.0711045829428841,(64,13)0.83:0.07921074376378107)1:0.824700634160008)1:0.3205548174523557)1:1.9885995577503652,((141,(54,78)1:0.8549657585235596)1:0.9511165927808028,((39,(103,196)1:1.0912895499248032)1:1.78624398548673,152)1:0.21530561639355408)1:0.32313034468721546)1:1.1452322048120043)1:0.4540989505381869)1:1.6177833371179542)0.98:0.1347799995153753)1:1.1729354292683425)1:0.22616364193627006)0.98:0.12727063440471875)1:0.4206629486098997)0.74:0.06526660900315974)0.98:0.13773785213319362)0.53:0.032315831545338194)0.67:0.05278183073386403)1:1.1030283642834087)0.68:0.050992115357964024)1:3.0184147175306313));
Weight calculation took 9.322400421 secs
ASTRAL finished in 18.633 secs
