
================== ASTRAL ===================== 

This is ASTRAL version 5.7.8
Gene trees are treated as unrooted
999 trees read from Dataset/AstralII_data/model.200.2000000.0.000001/44/estimatedgenetre.halfresolved
index0
All output trees will be *arbitrarily* rooted at 157

======== Running the main analysis
Number of taxa: 201 (201 species)
Taxa: [157, 151, 167, 76, 66, 174, 116, 51, 61, 33, 120, 10, 189, 18, 15, 36, 93, 138, 77, 86, 156, 165, 172, 122, 90, 16, 164, 104, 31, 69, 109, 96, 105, 62, 71, 2, 126, 4, 146, 91, 59, 19, 100, 179, 55, 46, 56, 111, 142, 188, 70, 135, 136, 20, 114, 0, 158, 143, 83, 117, 112, 34, 8, 37, 95, 73, 82, 42, 50, 89, 168, 67, 163, 169, 48, 173, 92, 162, 32, 190, 1, 150, 41, 85, 187, 5, 35, 186, 49, 159, 140, 139, 160, 193, 130, 124, 12, 72, 178, 87, 137, 44, 133, 84, 7, 185, 29, 134, 30, 43, 106, 25, 125, 38, 129, 182, 110, 175, 11, 108, 88, 184, 74, 147, 45, 65, 128, 119, 17, 161, 79, 14, 191, 155, 22, 197, 198, 75, 97, 107, 123, 24, 181, 9, 200, 127, 27, 113, 102, 52, 57, 177, 199, 23, 176, 63, 118, 81, 21, 148, 6, 149, 183, 80, 3, 99, 152, 141, 54, 78, 121, 171, 64, 192, 47, 13, 39, 103, 196, 101, 195, 115, 40, 166, 94, 26, 98, 170, 154, 58, 60, 144, 145, 194, 131, 132, 180, 28, 68, 53, 153]
Taxon occupancy: {110=999, 111=999, 112=999, 113=999, 114=999, 115=999, 116=999, 117=999, 118=999, 119=999, 10=999, 11=999, 12=999, 13=999, 14=999, 15=999, 16=999, 17=999, 18=999, 19=999, 120=999, 0=999, 121=999, 122=999, 1=999, 2=999, 123=999, 124=999, 3=999, 4=999, 125=999, 126=999, 5=999, 127=999, 6=999, 7=999, 128=999, 8=999, 129=999, 9=999, 20=999, 21=999, 22=999, 23=999, 24=999, 25=999, 26=999, 27=999, 28=999, 29=999, 130=999, 131=999, 132=999, 133=999, 134=999, 135=999, 136=999, 137=999, 138=999, 139=999, 30=999, 31=999, 32=999, 33=999, 34=999, 35=999, 36=999, 37=999, 38=999, 39=999, 140=999, 141=999, 142=999, 143=999, 144=999, 145=999, 146=999, 147=999, 148=999, 149=999, 40=999, 41=999, 42=999, 43=999, 44=999, 45=999, 46=999, 47=999, 48=999, 49=999, 150=999, 151=999, 152=999, 153=999, 154=999, 155=999, 156=999, 157=999, 158=999, 159=999, 50=999, 51=999, 52=999, 53=999, 54=999, 55=999, 56=999, 57=999, 58=999, 59=999, 160=999, 161=999, 162=999, 163=999, 164=999, 165=999, 166=999, 167=999, 168=999, 169=999, 60=999, 61=999, 62=999, 63=999, 64=999, 65=999, 66=999, 67=999, 68=999, 69=999, 170=999, 171=999, 172=999, 173=999, 174=999, 175=999, 176=999, 177=999, 178=999, 179=999, 70=999, 71=999, 72=999, 73=999, 74=999, 75=999, 76=999, 77=999, 78=999, 79=999, 180=999, 181=999, 182=999, 183=999, 184=999, 185=999, 186=999, 187=999, 188=999, 189=999, 80=999, 81=999, 82=999, 83=999, 84=999, 85=999, 86=999, 87=999, 88=999, 89=999, 190=999, 191=999, 192=999, 193=999, 194=999, 195=999, 196=999, 197=999, 198=999, 199=999, 90=999, 91=999, 92=999, 93=999, 94=999, 95=999, 96=999, 97=999, 98=999, 99=999, 200=999, 100=999, 101=999, 102=999, 103=999, 104=999, 105=999, 106=999, 107=999, 108=999, 109=999}
Number of gene trees: 999
0 trees have missing taxa
Calculating quartet distance matrix (for completion of X)
Species tree distances calculated ...
Building set of clusters (X) from gene trees 
------------------------------
gradient0: 34157
Number of Clusters after addition by distance: 34157
calculating extra bipartitions to be added at level 1 ...
Adding to X using resolutions of greedy consensus ...
Limit for sigma of degrees:5075
polytomy size limit : 16
discarded polytomies:  [3, 3, 3, 3, 3, 3, 3, 3, 3, 3, 3, 3, 3, 3, 4, 4, 4, 4, 4, 5, 7, 11, 16]
Threshold 0.0:
Threshold 0.01:
Threshold 0.02:
polytomy of size 3; rounds with additions with at least 5 support: 0; clusters: 34157
Threshold 0.05:
polytomy of size 4; rounds with additions with at least 5 support: 0; clusters: 34157
Threshold 0.1:
polytomy of size 3; rounds with additions with at least 5 support: 0; clusters: 34157
polytomy of size 7; rounds with additions with at least 5 support: 0; clusters: 34157
Threshold 0.2:
polytomy of size 4; rounds with additions with at least 5 support: 0; clusters: 34157
polytomy of size 3; rounds with additions with at least 5 support: 0; clusters: 34157
polytomy of size 3; rounds with additions with at least 5 support: 0; clusters: 34157
polytomy of size 11; rounds with additions with at least 5 support: 0; clusters: 34157
Threshold 0.3333333333333333:
polytomy of size 3; rounds with additions with at least 5 support: 0; clusters: 34157
polytomy of size 5; rounds with additions with at least 5 support: 0; clusters: 34157
polytomy of size 3; rounds with additions with at least 5 support: 0; clusters: 34157
polytomy of size 4; rounds with additions with at least 5 support: 0; clusters: 34157
polytomy of size 3; rounds with additions with at least 5 support: 0; clusters: 34157
polytomy of size 4; rounds with additions with at least 5 support: 0; clusters: 34157
polytomy of size 4; rounds with additions with at least 5 support: 0; clusters: 34157
polytomy of size 3; rounds with additions with at least 5 support: 0; clusters: 34157
polytomy of size 3; rounds with additions with at least 5 support: 0; clusters: 34157
polytomy of size 3; rounds with additions with at least 5 support: 0; clusters: 34157
polytomy of size 3; rounds with additions with at least 5 support: 0; clusters: 34157
polytomy of size 3; rounds with additions with at least 5 support: 0; clusters: 34157
polytomy of size 3; rounds with additions with at least 5 support: 0; clusters: 34157
polytomy of size 16; rounds with additions with at least 5 support: 0; clusters: 34157
polytomy of size 3; rounds with additions with at least 5 support: 0; clusters: 34157
max k is :0
Number of Clusters after addition by greedy: 34157
gradient0 in heuristiic: 34157
partitions formed in 40.993 secs
Dynamic Programming starting after 40.993 secs
Using tree-based weight calculation.
Using polytree-based weight calculation.
Polytree max score: 65932081716
Polytree building time: 5.016 seconds.
Number of quartet trees in the gene trees: 65932081716
Size of largest cluster: 201
Greedy score: 45059678122
estimationFactor: 1.463216881787028
Sub-optimal score: 47715476972
Calculated 100000 weights; time (seconds): 231
Total Number of elements weighted: 132958
Normalized score (portion of input quartet trees satisfied before correcting for multiple individuals): 0.7552054272376586
Optimization score: 49792265941
Optimal tree inferred in 288.078 secs.
(152,((39,(103,196)),((141,(54,78)),((171,(121,((192,47),(64,13)))),((3,99),(((((98,170),(154,58)),((101,195),(26,(166,94)))),((131,(180,(132,(115,40)))),((28,(68,53)),(194,(60,(144,145)))))),((184,(74,147)),(153,((((65,(128,119)),(45,(191,((79,14),(17,161))))),(((102,(57,(52,177))),(200,(27,(127,113)))),((155,(22,197)),((24,(181,9)),((107,123),(97,(198,75))))))),((((148,6),(80,(149,183))),((23,176),(199,(118,(63,(81,21)))))),(0,(49,(((134,((133,84),(7,(185,29)))),(((182,110),(38,129)),((11,(108,88)),(175,((25,125),(30,(43,106))))))),(((((163,169),(67,48)),(((82,42),(50,(89,168))),((34,8),((158,(143,(83,117))),(112,(37,(95,73))))))),(((100,179),(55,(46,56))),(((122,90),(111,((188,70),(142,(135,136))))),(((31,109),(69,(104,(16,164)))),((20,(91,59)),((146,(96,19)),((126,4),((105,62),(71,2))))))))),((((76,(157,(151,167))),((66,(174,116)),((51,120),(61,33)))),((10,(189,18)),((93,(15,36)),((77,156),(138,(86,(165,172))))))),(114,(((173,92),(((190,1),(85,187)),((162,32),(150,41)))),((5,(35,186)),((137,44),((159,(140,(193,(139,160)))),(72,((178,87),(130,(124,12))))))))))))))))))))))));
Final quartet score is: 49792265941
Final normalized quartet score is: 0.7552054272376586
Extended species tree:
(157,((151,167)1:0.9889432169564019,(76,(((66,(174,116)1:2.170489878448206)1:0.8447694986639827,((51,120)1:1.832954312435559,(61,33)1:1.1737119667690472)1:0.15839916783037397)1:3.3489140043518266,(((10,(189,18)1:2.0137673020783367)1:2.7136012942357786,((93,(15,36)0.55:0.03142030649327687)1:0.6748584130322312,((77,156)1:0.14327075911245346,(138,(86,(165,172)1:0.41397228709414075)1:0.09165427648140785)1:0.14776809918585448)1:2.8113738607912535)1:1.6609981133189236)1:2.0076306266778663,((114,(((173,92)1:3.552903408111919,(((190,1)1:2.328465511553091,(85,187)1:2.306185791558639)1:1.1331804722777286,((162,32)1:3.3256773691040475,(150,41)1:3.1280171627486673)1:0.11468494139420611)1:0.7038720259317498)1:1.097008461729538,((5,(35,186)1:0.528866672426741)1:4.149134497809917,((137,44)1:1.7590936020156354,((159,(140,(193,(139,160)1:0.2747564119494134)1:0.26929041910658863)1:0.8875880729890047)1:2.7437813519714966,(72,((178,87)1:3.055831501759468,(130,(124,12)1:0.9415401654369784)1:0.41185862238272214)1:0.1573333031067172)1:1.2800323151205864)1:1.2051876452254229)1:0.1310483339299486)1:0.7325997450702021)1:0.5686687618110218)0.98:0.058064477759907786,(((((163,169)1:2.027928474489782,(67,48)1:3.6259761524680494)1:0.39236760228858675,(((82,42)1:1.35494918892474,(50,(89,168)1:0.38035456778768184)1:2.913455373112862)1:1.07502735574563,((34,8)1:0.6324359435108392,((158,(143,(83,117)1:0.47970751586374416)1:0.4251600362448815)0.99:0.06250802242007282,(112,(37,(95,73)1:1.7286044254916098)1:0.9038016595510641)1:0.6115097446702092)1:0.3316668268979643)1:0.599264517132803)1:1.4259201277248192)1:1.3699600014517848,(((100,179)0.77:0.03350138544744857,(55,(46,56)1:0.9187457880299563)1:2.007975188524729)1:1.221661650350596,(((122,90)1:4.061785929444635,(111,((188,70)1:2.8554824289270195,(142,(135,136)1:3.035134821420025)1:0.41937550501440196)1:0.635422687656748)1:1.289939978686821)1:0.49286560989816935,(((31,109)1:0.674718045091578,(69,(104,(16,164)1:0.39098447029063527)1:2.0341861641900683)0.54:0.014256267594140061)1:2.267554426049066,((20,(91,59)1:2.0318490823056763)1:0.5463374049229861,((146,(96,19)1:0.1846424297554519)1:1.8729057682994055,((126,4)1:0.7829666221976942,((105,62)1:1.1821079618027572,(71,2)1:1.0910116774747207)0.85:0.03728576177987522)1:2.9750345283882584)1:0.4219318446244924)1:0.45256371651553273)1:0.4990172624351487)1:0.21763164058803078)1:0.568729310330529)1:0.5418038114839647,(((134,((133,84)1:1.0268589450783026,(7,(185,29)0.99:0.0689897988441632)1:1.0860071543465244)1:3.4422597896948144)1:1.2128298433266835,(((182,110)1:0.8304856659415738,(38,129)1:2.3114433420668017)1:2.0039985947402115,((11,(108,88)1:0.13482284511694284)1:3.2173145443012525,(175,((25,125)1:0.3139631909478233,(30,(43,106)0.62:0.02280545282801956)1:2.0982807187952295)1:0.9525458467641513)1:0.729248347893248)1:0.6372328420733765)1:1.9268427637540921)1:0.9820092335634597,(49,(0,((((148,6)1:0.7533197362063444,(80,(149,183)1:0.6865380314666201)1:2.9758921319554803)1:1.2143973216618211,((23,176)1:3.130171294443309,(199,(118,(63,(81,21)1:0.25117557551989694)1:1.8146798615707724)1:1.8665709855142183)1:0.07709851192501045)1:1.1056685542282336)1:2.6955086212810326,((((65,(128,119)1:1.3261856388880329)1:2.638367463460979,(45,(191,((79,14)1:2.919829321607679,(17,161)1:2.7770249436744425)1:0.2921589153099469)1:0.35506360547947424)1:1.0715505334940971)1:2.2299906629903767,(((102,(57,(52,177)1:0.12815445277274828)1:2.8645678993069894)1:1.3283896800380557,(200,(27,(127,113)1:0.8293125992759225)1:0.455710879155916)1:2.9227741450784226)1:1.447526864649494,((155,(22,197)1:3.459873355542986)1:1.6095285418985572,((24,(181,9)1:2.198662537450005)1:1.708570833774714,((107,123)1:2.822293590337615,(97,(198,75)1:0.7070566716424721)1:1.6892648687767124)1:1.230908323270105)1:1.4027391280393389)1:1.3616148625850304)1:0.24956759864905392)1:0.4009574898639093,(153,((184,(74,147)1:0.2446129077411079)1:4.38480827763574,(((((98,170)1:1.3342896447260935,(154,58)1:1.5335772556122622)1:0.4816742554812925,((101,195)1:0.346214641518298,(26,(166,94)1:0.9074727509566792)1:1.218234250514324)1:0.9802737890548657)1:0.3857457630037593,((131,(180,(132,(115,40)1:0.5383880563599878)1:0.11295162908684954)1:2.0069038434843955)1:0.2848323917397791,((28,(68,53)1:0.9054878158685529)1:1.2858305690061669,(194,(60,(144,145)1:1.1717595781146486)1:0.509963812423938)1:0.3162852209842607)1:1.1239829610894054)1:0.4564462401588174)1:1.3435570675079427,((3,99)1:1.5449551773133772,((171,(121,((192,47)1:0.13490080969306073,(64,13)0.97:0.05783689985753412)1:0.8235627145738512)1:0.29305934524301835)1:1.9137089661081421,((141,(54,78)1:0.8127993330331991)1:0.9700346323512224,((39,(103,196)1:1.0283307937056634)1:1.6581226995153338,152)1:0.1825690100884089)1:0.2874049240997045)1:1.214962307804499)1:0.413877764114384)1:1.6764878826122889)1:0.1655159464152182)1:1.1896410762064893)1:0.15502979805996675)1:0.13330725808068075)1:0.4529363262929188)0.95:0.04961558075538689)1:0.11258471476871094)0.96:0.0509802904314377)0.98:0.058124073361404884)1:1.2011473414805593)0.64:0.02246985686606181)1:3.0293422462082042));
Weight calculation took 230.261426336 secs
ASTRAL finished in 298.975 secs
