
================== ASTRAL ===================== 

This is ASTRAL version 5.7.8
Gene trees are treated as unrooted
50 trees read from Dataset/AstralII_data/model.200.2000000.0.000001/12/estimatedgenetre.halfresolved_50
index0
All output trees will be *arbitrarily* rooted at 7

======== Running the main analysis
Number of taxa: 201 (201 species)
Taxa: [7, 165, 144, 19, 189, 190, 57, 112, 196, 32, 197, 91, 157, 181, 152, 0, 9, 153, 18, 45, 119, 15, 76, 69, 172, 160, 95, 200, 53, 164, 27, 173, 118, 70, 30, 54, 2, 24, 60, 114, 104, 179, 36, 117, 133, 148, 111, 10, 14, 134, 98, 13, 186, 158, 74, 23, 106, 83, 47, 73, 16, 137, 162, 75, 168, 52, 195, 4, 163, 183, 110, 44, 78, 123, 97, 126, 93, 90, 122, 43, 131, 109, 94, 180, 56, 68, 169, 46, 187, 182, 177, 141, 108, 149, 170, 82, 31, 155, 193, 124, 35, 72, 80, 145, 38, 198, 89, 81, 29, 120, 62, 28, 48, 154, 40, 185, 184, 103, 199, 77, 188, 138, 61, 67, 128, 34, 113, 166, 84, 11, 25, 171, 22, 105, 21, 1, 194, 150, 174, 192, 175, 135, 50, 79, 6, 64, 39, 132, 167, 26, 101, 66, 146, 12, 42, 107, 161, 115, 151, 139, 86, 3, 127, 129, 99, 140, 59, 92, 63, 65, 102, 142, 20, 49, 55, 87, 96, 41, 85, 143, 116, 33, 130, 71, 178, 159, 191, 100, 121, 147, 125, 156, 37, 8, 136, 58, 51, 17, 88, 5, 176]
Taxon occupancy: {110=50, 111=50, 112=50, 113=50, 114=50, 115=50, 116=50, 117=50, 118=50, 119=50, 10=50, 11=50, 12=50, 13=50, 14=50, 15=50, 16=50, 17=50, 18=50, 19=50, 120=50, 0=50, 121=50, 122=50, 1=50, 2=50, 123=50, 124=50, 3=50, 4=50, 125=50, 126=50, 5=50, 6=50, 127=50, 7=50, 128=50, 129=50, 8=50, 9=50, 20=50, 21=50, 22=50, 23=50, 24=50, 25=50, 26=50, 27=50, 28=50, 29=50, 130=50, 131=50, 132=50, 133=50, 134=50, 135=50, 136=50, 137=50, 138=50, 139=50, 30=50, 31=50, 32=50, 33=50, 34=50, 35=50, 36=50, 37=50, 38=50, 39=50, 140=50, 141=50, 142=50, 143=50, 144=50, 145=50, 146=50, 147=50, 148=50, 149=50, 40=50, 41=50, 42=50, 43=50, 44=50, 45=50, 46=50, 47=50, 48=50, 49=50, 150=50, 151=50, 152=50, 153=50, 154=50, 155=50, 156=50, 157=50, 158=50, 159=50, 50=50, 51=50, 52=50, 53=50, 54=50, 55=50, 56=50, 57=50, 58=50, 59=50, 160=50, 161=50, 162=50, 163=50, 164=50, 165=50, 166=50, 167=50, 168=50, 169=50, 60=50, 61=50, 62=50, 63=50, 64=50, 65=50, 66=50, 67=50, 68=50, 69=50, 170=50, 171=50, 172=50, 173=50, 174=50, 175=50, 176=50, 177=50, 178=50, 179=50, 70=50, 71=50, 72=50, 73=50, 74=50, 75=50, 76=50, 77=50, 78=50, 79=50, 180=50, 181=50, 182=50, 183=50, 184=50, 185=50, 186=50, 187=50, 188=50, 189=50, 80=50, 81=50, 82=50, 83=50, 84=50, 85=50, 86=50, 87=50, 88=50, 89=50, 190=50, 191=50, 192=50, 193=50, 194=50, 195=50, 196=50, 197=50, 198=50, 199=50, 90=50, 91=50, 92=50, 93=50, 94=50, 95=50, 96=50, 97=50, 98=50, 99=50, 200=50, 100=50, 101=50, 102=50, 103=50, 104=50, 105=50, 106=50, 107=50, 108=50, 109=50}
Number of gene trees: 50
0 trees have missing taxa
Calculating quartet distance matrix (for completion of X)
Species tree distances calculated ...
Building set of clusters (X) from gene trees 
------------------------------
gradient0: 6139
Number of Clusters after addition by distance: 6139
calculating extra bipartitions to be added at level 1 ...
Adding to X using resolutions of greedy consensus ...
Limit for sigma of degrees:5075
polytomy size limit : 19
discarded polytomies:  [3, 3, 3, 3, 3, 3, 3, 3, 3, 3, 3, 3, 3, 3, 3, 3, 3, 4, 4, 4, 4, 4, 4, 4, 5, 5, 6, 7, 7, 7, 8, 19]
Threshold 0.0:
Threshold 0.01:
Threshold 0.02:
Threshold 0.05:
polytomy of size 3; rounds with additions with at least 5 support: 0; clusters: 6139
Threshold 0.1:
polytomy of size 3; rounds with additions with at least 5 support: 0; clusters: 6139
polytomy of size 4; rounds with additions with at least 5 support: 0; clusters: 6139
polytomy of size 4; rounds with additions with at least 5 support: 0; clusters: 6139
polytomy of size 3; rounds with additions with at least 5 support: 0; clusters: 6139
Threshold 0.2:
polytomy of size 3; rounds with additions with at least 5 support: 0; clusters: 6139
polytomy of size 6; rounds with additions with at least 5 support: 0; clusters: 6139
polytomy of size 3; rounds with additions with at least 5 support: 0; clusters: 6139
polytomy of size 7; rounds with additions with at least 5 support: 0; clusters: 6143
polytomy of size 4; rounds with additions with at least 5 support: 0; clusters: 6143
polytomy of size 7; rounds with additions with at least 5 support: 0; clusters: 6145
polytomy of size 5; rounds with additions with at least 5 support: 0; clusters: 6145
Threshold 0.3333333333333333:
polytomy of size 4; rounds with additions with at least 5 support: 0; clusters: 6145
polytomy of size 3; rounds with additions with at least 5 support: 0; clusters: 6145
polytomy of size 3; rounds with additions with at least 5 support: 0; clusters: 6145
polytomy of size 3; rounds with additions with at least 5 support: 0; clusters: 6145
polytomy of size 3; rounds with additions with at least 5 support: 0; clusters: 6145
polytomy of size 3; rounds with additions with at least 5 support: 0; clusters: 6145
polytomy of size 4; rounds with additions with at least 5 support: 0; clusters: 6145
polytomy of size 3; rounds with additions with at least 5 support: 0; clusters: 6145
polytomy of size 3; rounds with additions with at least 5 support: 0; clusters: 6145
polytomy of size 3; rounds with additions with at least 5 support: 0; clusters: 6145
polytomy of size 4; rounds with additions with at least 5 support: 0; clusters: 6145
polytomy of size 3; rounds with additions with at least 5 support: 0; clusters: 6145
polytomy of size 3; rounds with additions with at least 5 support: 0; clusters: 6145
polytomy of size 8; rounds with additions with at least 5 support: 0; clusters: 6147
polytomy of size 3; rounds with additions with at least 5 support: 0; clusters: 6147
polytomy of size 3; rounds with additions with at least 5 support: 0; clusters: 6147
polytomy of size 7; rounds with additions with at least 5 support: 0; clusters: 6147
polytomy of size 19; rounds with additions with at least 5 support: 0; clusters: 6147
polytomy of size 4; rounds with additions with at least 5 support: 0; clusters: 6147
polytomy of size 5; rounds with additions with at least 5 support: 0; clusters: 6147
max k is :0
Number of Clusters after addition by greedy: 6147
gradient0 in heuristiic: 6147
partitions formed in 7.349 secs
Dynamic Programming starting after 7.349 secs
Using tree-based weight calculation.
Using polytree-based weight calculation.
Polytree max score: 3290885085
Polytree building time: 0.299 seconds.
Number of quartet trees in the gene trees: 3290885085
Size of largest cluster: 201
Greedy score: 2313282661
estimationFactor: 1.4226039646955189
Sub-optimal score: 2345494804
Total Number of elements weighted: 9516
Normalized score (portion of input quartet trees satisfied before correcting for multiple individuals): 0.746427098046178
Optimization score: 2456405804
Optimal tree inferred in 11.646 secs.
(130,((71,178),((116,33),((((85,143),(96,(87,41))),((26,(17,(88,(5,176)))),((125,(147,156)),((8,51),(37,(136,58)))))),((7,165),((100,121),((((129,99),(127,(3,(139,86)))),((159,191),((142,(55,(20,49))),((140,59),((65,102),(92,63)))))),((((194,(150,(174,(192,175)))),((167,(39,132)),(135,(64,(6,(50,79)))))),(((101,(66,146)),((107,(12,42)),(151,(161,115)))),((38,198),((138,61),(((103,((120,62),(81,(29,184)))),((89,(28,48)),(185,(154,40)))),((113,(166,84)),(((128,(67,34)),(199,(77,188))),(11,((22,105),((21,1),(25,171))))))))))),((2,(24,((53,(164,27)),((173,54),(70,(118,30)))))),((9,((45,(18,(95,200))),(153,(160,((15,76),(119,(69,172))))))),((0,((91,(157,(197,181))),((144,(19,(189,190))),((180,(109,94)),(152,(((155,(193,124)),((145,(82,31)),(35,(72,80)))),((57,(196,(112,32))),((108,(177,141)),(((149,170),(187,182)),(46,(169,(56,68)))))))))))),(((162,75),(168,52)),((((97,(126,93)),(90,(131,(122,43)))),((110,44),(78,(123,((4,163),(195,183)))))),(((47,73),(16,137)),((60,114),((179,(104,111)),(106,(((133,148),(36,117)),((23,(83,(10,14))),(134,((98,186),(74,(13,158)))))))))))))))))))))));
Final quartet score is: 2456405804
Final normalized quartet score is: 0.746427098046178
Extended species tree:
(7,(165,(((100,121)1:1.5497438047712544,((((129,99)1:0.8696036179015019,(127,(3,(139,86)1:0.5721397741204602)1:0.7849752350323792)1:0.5195648346011278)1:0.7809183658609712,((159,191)1:2.461957716802455,((142,(55,(20,49)0.99:0.3084130612566914)1:0.5056842242655719)1:1.4792633715497325,((140,59)0.92:0.2035651276259387,((65,102)1:1.2815711814194268,(92,63)1:0.37948184858667844)0.59:0.0799364612562797)1:1.2696235431589584)0.78:0.13335880222987537)1:1.052962873191594)1:1.3270953731927513,((((194,(150,(174,(192,175)1:0.7366322924996841)1:0.9808292530117262)1:2.1125937489967384)1:0.35863996129049336,((167,(39,132)0.41:0.015327521795411574)1:1.1710823373804775,(135,(64,(6,(50,79)1:0.528610086905933)1:0.45785396557526653)0.99:0.3333587328323426)1:0.8534920556138482)0.88:0.18260939342593063)1:2.0572956968074805,(((101,(66,146)1:1.016194780688707)0.95:0.23333786230065787,((107,(12,42)1:0.9259756613964397)1:1.00867775793888,(151,(161,115)1:1.5709165020073483)0.88:0.18192359247733225)1:0.8514374676258643)1:2.2726860452708197,((38,198)1:3.143368272360055,((138,61)1:2.3100864558378795,(((103,((120,62)0.52:0.051814047098084334,(81,(29,184)0.52:0.05293360956542858)1:0.49721861540927853)1:1.0005778441441904)1:0.7543231270468632,((89,(28,48)1:1.7361869413384856)1:0.437221406036033,(185,(154,40)1:0.479027270963876)1:1.5496822681754854)0.47:0.05670941774683515)1:2.0125637204400078,((113,(166,84)1:0.4023505338440189)1:0.7489618117810899,(((128,(67,34)1:0.5907127342893868)1:2.075365662075763,(199,(77,188)1:0.7576857016975165)1:2.5618928089789876)1:0.9111722713541383,(11,((22,105)1:1.5715382760172123,((21,1)1:1.88186639351474,(25,171)1:0.9800800209395156)1:0.6623215659155163)0.94:0.22326419044778617)0.94:0.22077733874047795)1:0.5152672172908059)1:0.3476718227600346)0.5:0.04564322497896974)1:0.4762422640084073)0.47:0.05132822192385361)0.52:0.05043461176991286)0.65:0.09052563337273109,((2,(24,((53,(164,27)1:2.4277482359480516)1:0.38652790708841367,((173,54)1:0.7983862264332311,(70,(118,30)1:0.91866517164147)0.55:0.06651817766094041)1:1.4123714580500886)1:0.39815427494436806)1:0.421286795525339)1:0.8115822160509867,((9,((45,(18,(95,200)1:1.2706895928462518)0.58:0.13200973745946604)1:1.4977291195090487,(153,(160,((15,76)1:2.0016947288344515,(119,(69,172)1:1.1097935395339034)1:0.393953608945609)0.58:0.06978532342411552)1:0.5370150630211092)1:0.46255978331291764)1:1.76468500179253)1:0.9985479876380572,((0,((91,(157,(197,181)0.43:0.02603697378299532)0.63:0.08996205158443633)1:2.4856275467561657,((144,(19,(189,190)1:0.436887632914735)0.82:0.15122944536272623)1:0.7606568931974382,((180,(109,94)1:0.3748036483505529)1:2.7043679989528013,(152,(((155,(193,124)1:0.82565481590617)1:1.9704834668286457,((145,(82,31)1:1.5408608413689402)1:0.45199759302187176,(35,(72,80)1:1.2541102781222582)1:1.6119990645409925)1:0.5344524537935201)1:0.5196189404608355,((57,(196,(112,32)1:0.945922715995651)1:0.9439873993607083)1:0.5514712112243427,((108,(177,141)1:1.3805270948768842)1:1.5064534587528087,(((149,170)1:3.0376605741309612,(187,182)1:1.5826282348608607)0.98:0.2791575637578372,(46,(169,(56,68)1:0.6922003602272588)1:1.4242053704193034)1:0.6193061778836892)0.99:0.3172653660320385)1:0.39537215611592447)0.99:0.30952826430053454)0.95:0.23500452164209243)1:0.6618155602251923)0.72:0.11060625444613625)0.97:0.2685722118395879)0.99:0.3369878334359351)0.53:0.061077407478932026,(((162,75)1:1.7097093585844554,(168,52)1:0.6736402526322571)1:2.6218559149229526,((((97,(126,93)1:1.3378818130355816)1:1.8426480078640899,(90,(131,(122,43)1:0.6812966948317437)1:0.5416741215205787)1:0.9945937987237092)1:1.6719308059088995,((110,44)1:0.7059690924449484,(78,(123,((4,163)1:0.566975094617346,(195,183)0.97:0.25508674442916074)0.38:0.008299124151507593)1:0.8853912531778287)0.48:0.0449960228046847)1:1.319821610273628)1:1.0698173431634308,(((47,73)1:0.5130177330535349,(16,137)1:3.5263605246161593)1:0.9897519658357419,((60,114)1:1.46371331994541,((179,(104,111)1:1.2884420733750892)0.93:0.21689476304691524,(106,(((133,148)1:1.3231893156512253,(36,117)1:0.37004250929085986)0.99:0.32831860672700475,((23,(83,(10,14)1:0.7610820544489283)1:1.085868849732028)1:0.3549509409469875,(134,((98,186)1:0.45776757840282706,(74,(13,158)1:0.3961283553173405)0.9:0.19525362974958999)1:1.0361851856921027)1:0.9192735060064193)0.82:0.1458551450598513)0.58:0.08770854824441675)0.65:0.09377347048992139)0.97:0.2722843061625849)1:0.7106535635324288)1:0.7666581908429952)0.6:0.11053260906190007)1:1.1372409030016988)0.52:0.058242419352284504)1:0.5985560428390322)0.92:0.20464525591704713)0.98:0.290108190177028)1:0.7247653013387371)0.55:0.07366157483312737,((((85,143)1:1.4580840218369187,(96,(87,41)0.97:0.2721155501963892)1:1.209262998708085)1:1.869943018605923,((26,(17,(88,(5,176)1:1.0394158119342647)1:1.637063133810802)1:0.39866058041383007)0.81:0.1726780281126933,((125,(147,156)0.48:0.07094946233814171)1:1.775050824031328,((8,51)1:0.38159434346254023,(37,(136,58)0.65:0.10964228294303803)1:0.36605816690404935)1:0.4515944368294164)1:1.4865931017565353)1:0.5842381890422802)0.52:0.05721443513031131,((116,33)1:1.9008193561397142,((71,178)1:1.448644608903795,130)1:0.8073399587862411)1:0.6439669044847366)0.56:0.06424384923714095)1:2.0301385818620874));
Weight calculation took 3.161926614 secs
ASTRAL finished in 13.419 secs
