
================== ASTRAL ===================== 

This is ASTRAL version 5.7.8
Gene trees are treated as unrooted
200 trees read from Dataset/AstralII_data/model.200.2000000.0.000001/12/estimatedgenetre.halfresolved_200
index0
All output trees will be *arbitrarily* rooted at 7

======== Running the main analysis
Number of taxa: 201 (201 species)
Taxa: [7, 165, 144, 19, 189, 190, 57, 112, 196, 32, 197, 91, 157, 181, 152, 0, 9, 153, 18, 45, 119, 15, 76, 69, 172, 160, 95, 200, 53, 164, 27, 173, 118, 70, 30, 54, 2, 24, 60, 114, 104, 179, 36, 117, 133, 148, 111, 10, 14, 134, 98, 13, 186, 158, 74, 23, 106, 83, 47, 73, 16, 137, 162, 75, 168, 52, 195, 4, 163, 183, 110, 44, 78, 123, 97, 126, 93, 90, 122, 43, 131, 109, 94, 180, 56, 68, 169, 46, 187, 182, 177, 141, 108, 149, 170, 82, 31, 155, 193, 124, 35, 72, 80, 145, 38, 198, 89, 81, 29, 120, 62, 28, 48, 154, 40, 185, 184, 103, 199, 77, 188, 138, 61, 67, 128, 34, 113, 166, 84, 11, 25, 171, 22, 105, 21, 1, 194, 150, 174, 192, 175, 135, 50, 79, 6, 64, 39, 132, 167, 26, 101, 66, 146, 12, 42, 107, 161, 115, 151, 139, 86, 3, 127, 129, 99, 140, 59, 92, 63, 65, 102, 142, 20, 49, 55, 87, 96, 41, 85, 143, 116, 33, 130, 71, 178, 159, 191, 100, 121, 147, 125, 156, 37, 8, 136, 58, 51, 17, 88, 5, 176]
Taxon occupancy: {110=200, 111=200, 112=200, 113=200, 114=200, 115=200, 116=200, 117=200, 118=200, 119=200, 10=200, 11=200, 12=200, 13=200, 14=200, 15=200, 16=200, 17=200, 18=200, 19=200, 120=200, 0=200, 121=200, 122=200, 1=200, 2=200, 123=200, 124=200, 3=200, 4=200, 125=200, 126=200, 5=200, 6=200, 127=200, 7=200, 128=200, 129=200, 8=200, 9=200, 20=200, 21=200, 22=200, 23=200, 24=200, 25=200, 26=200, 27=200, 28=200, 29=200, 130=200, 131=200, 132=200, 133=200, 134=200, 135=200, 136=200, 137=200, 138=200, 139=200, 30=200, 31=200, 32=200, 33=200, 34=200, 35=200, 36=200, 37=200, 38=200, 39=200, 140=200, 141=200, 142=200, 143=200, 144=200, 145=200, 146=200, 147=200, 148=200, 149=200, 40=200, 41=200, 42=200, 43=200, 44=200, 45=200, 46=200, 47=200, 48=200, 49=200, 150=200, 151=200, 152=200, 153=200, 154=200, 155=200, 156=200, 157=200, 158=200, 159=200, 50=200, 51=200, 52=200, 53=200, 54=200, 55=200, 56=200, 57=200, 58=200, 59=200, 160=200, 161=200, 162=200, 163=200, 164=200, 165=200, 166=200, 167=200, 168=200, 169=200, 60=200, 61=200, 62=200, 63=200, 64=200, 65=200, 66=200, 67=200, 68=200, 69=200, 170=200, 171=200, 172=200, 173=200, 174=200, 175=200, 176=200, 177=200, 178=200, 179=200, 70=200, 71=200, 72=200, 73=200, 74=200, 75=200, 76=200, 77=200, 78=200, 79=200, 180=200, 181=200, 182=200, 183=200, 184=200, 185=200, 186=200, 187=200, 188=200, 189=200, 80=200, 81=200, 82=200, 83=200, 84=200, 85=200, 86=200, 87=200, 88=200, 89=200, 190=200, 191=200, 192=200, 193=200, 194=200, 195=200, 196=200, 197=200, 198=200, 199=200, 90=200, 91=200, 92=200, 93=200, 94=200, 95=200, 96=200, 97=200, 98=200, 99=200, 200=200, 100=200, 101=200, 102=200, 103=200, 104=200, 105=200, 106=200, 107=200, 108=200, 109=200}
Number of gene trees: 200
0 trees have missing taxa
Calculating quartet distance matrix (for completion of X)
Species tree distances calculated ...
Building set of clusters (X) from gene trees 
------------------------------
gradient0: 14635
Number of Clusters after addition by distance: 14635
calculating extra bipartitions to be added at level 1 ...
Adding to X using resolutions of greedy consensus ...
Limit for sigma of degrees:5075
polytomy size limit : 17
discarded polytomies:  [3, 3, 3, 3, 3, 3, 3, 3, 3, 3, 3, 3, 3, 3, 3, 3, 4, 4, 4, 4, 4, 4, 4, 5, 5, 5, 7, 7, 8, 17]
Threshold 0.0:
Threshold 0.01:
Threshold 0.02:
Threshold 0.05:
polytomy of size 4; rounds with additions with at least 5 support: 0; clusters: 14635
Threshold 0.1:
polytomy of size 4; rounds with additions with at least 5 support: 0; clusters: 14635
polytomy of size 4; rounds with additions with at least 5 support: 0; clusters: 14635
polytomy of size 4; rounds with additions with at least 5 support: 0; clusters: 14635
Threshold 0.2:
polytomy of size 3; rounds with additions with at least 5 support: 0; clusters: 14635
polytomy of size 3; rounds with additions with at least 5 support: 0; clusters: 14635
polytomy of size 5; rounds with additions with at least 5 support: 0; clusters: 14635
polytomy of size 3; rounds with additions with at least 5 support: 0; clusters: 14635
polytomy of size 5; rounds with additions with at least 5 support: 0; clusters: 14635
polytomy of size 3; rounds with additions with at least 5 support: 0; clusters: 14635
polytomy of size 7; rounds with additions with at least 5 support: 0; clusters: 14635
polytomy of size 5; rounds with additions with at least 5 support: 0; clusters: 14635
Threshold 0.3333333333333333:
polytomy of size 4; rounds with additions with at least 5 support: 0; clusters: 14635
polytomy of size 4; rounds with additions with at least 5 support: 0; clusters: 14635
polytomy of size 3; rounds with additions with at least 5 support: 0; clusters: 14635
polytomy of size 3; rounds with additions with at least 5 support: 0; clusters: 14635
polytomy of size 3; rounds with additions with at least 5 support: 0; clusters: 14635
polytomy of size 3; rounds with additions with at least 5 support: 0; clusters: 14635
polytomy of size 4; rounds with additions with at least 5 support: 0; clusters: 14635
polytomy of size 3; rounds with additions with at least 5 support: 0; clusters: 14635
polytomy of size 3; rounds with additions with at least 5 support: 0; clusters: 14635
polytomy of size 3; rounds with additions with at least 5 support: 0; clusters: 14635
polytomy of size 3; rounds with additions with at least 5 support: 0; clusters: 14635
polytomy of size 3; rounds with additions with at least 5 support: 0; clusters: 14635
polytomy of size 3; rounds with additions with at least 5 support: 0; clusters: 14635
polytomy of size 8; rounds with additions with at least 5 support: 0; clusters: 14635
polytomy of size 3; rounds with additions with at least 5 support: 0; clusters: 14635
polytomy of size 3; rounds with additions with at least 5 support: 0; clusters: 14635
polytomy of size 17; rounds with additions with at least 5 support: 0; clusters: 14635
polytomy of size 7; rounds with additions with at least 5 support: 0; clusters: 14635
max k is :0
Number of Clusters after addition by greedy: 14635
gradient0 in heuristiic: 14635
partitions formed in 7.259 secs
Dynamic Programming starting after 7.26 secs
Using tree-based weight calculation.
Using polytree-based weight calculation.
Polytree max score: 13188531156
Polytree building time: 0.299 seconds.
Number of quartet trees in the gene trees: 13188531156
Size of largest cluster: 201
Greedy score: 8893487030
estimationFactor: 1.4829426423529624
Sub-optimal score: 9533818054
Total Number of elements weighted: 33945
Normalized score (portion of input quartet trees satisfied before correcting for multiple individuals): 0.7681525499821172
Optimization score: 10130803838
Optimal tree inferred in 25.857 secs.
(59,(140,((65,102),((92,63),((159,191),((142,(55,(20,49))),(((129,99),(127,(3,(139,86)))),(((100,121),((((116,33),(130,(71,178))),((7,165),((85,143),(96,(87,41))))),((26,(17,(88,(5,176)))),((147,(125,156)),((8,51),(37,(136,58))))))),((((101,(66,146)),((107,(12,42)),(151,(161,115)))),((38,198),(((89,(28,48)),((185,(154,40)),(103,((120,62),(81,(29,184)))))),((138,61),((113,(166,84)),(((128,(67,34)),(199,(77,188))),(11,((22,105),((21,1),(25,171)))))))))),(((194,(150,(174,(192,175)))),((39,(132,167)),(135,(64,(6,(50,79)))))),((2,(24,((53,(164,27)),((173,54),(70,(118,30)))))),((((162,75),(168,52)),((((97,(126,93)),(90,(131,(122,43)))),((78,(110,44)),(123,((4,163),(195,183))))),(((47,73),(16,137)),((60,114),((179,(104,111)),(106,(((133,148),(36,117)),((23,(83,(10,14))),(134,((98,186),(74,(13,158)))))))))))),((9,(((95,200),(18,45)),(153,(160,((15,76),(119,(69,172))))))),(0,(((157,181),(197,91)),((144,(19,(189,190))),((180,(109,94)),(152,(((155,(193,124)),((145,(82,31)),(35,(72,80)))),((57,(196,(112,32))),((108,(177,141)),(((187,182),(149,170)),(46,(169,(56,68)))))))))))))))))))))))));
Final quartet score is: 10130803838
Final normalized quartet score is: 0.7681525499821172
Extended species tree:
(7,(165,(((85,143)1:1.9960009839350628,(96,(87,41)1:0.4032161465754004)1:1.528991619738917)1:2.2461945167870336,(((116,33)1:2.027299127354031,(130,(71,178)1:1.9668716712783836)1:0.8629073062199741)1:0.6836388839231633,(((26,(17,(88,(5,176)1:0.868754255045741)1:1.1357532741555685)1:0.32148209613102985)0.9:0.09823141966853988,((147,(125,156)1:0.21066122437629337)1:2.246573669478054,((8,51)1:0.5399605081455272,(37,(136,58)1:0.17896234250789392)1:0.2426965990958801)1:0.5010248322351545)1:1.2113926289326553)1:0.6851297662112072,((100,121)1:1.9883377415976837,(((((101,(66,146)1:1.0490139147840742)1:0.3091372687352792,((107,(12,42)1:1.020580567759706)1:1.2536704538110113,(151,(161,115)1:1.3480464962028378)1:0.17986565003222965)1:1.0477577440980044)1:1.9820210682782435,((38,198)1:4.514847547694807,(((89,(28,48)1:2.0541516564105486)1:0.5238210340688688,((185,(154,40)1:0.7415435036608893)1:1.7108993702046609,(103,((120,62)1:0.2346380785295555,(81,(29,184)0.99:0.15066308922252403)1:0.5385716641249904)1:1.092546721368812)1:0.8012559923833377)1:0.20374117637012223)1:1.8594657631731148,((138,61)1:3.2120907045830713,((113,(166,84)1:0.4621646919565214)1:0.9524628251885096,(((128,(67,34)1:0.45813289546293556)1:1.9533743666283354,(199,(77,188)1:0.6929630596709105)1:2.827271746758906)1:1.1805622388481376,(11,((22,105)1:1.6323918038496215,((21,1)1:1.3868690407518205,(25,171)1:0.8498752959339605)1:0.9047952801500362)1:0.23097944591375072)1:0.49283283436288583)1:0.46113797543692403)1:0.36292392423781633)0.53:0.03722348815069566)1:0.5157387186405864)0.55:0.03632171042559076)0.98:0.13145262470632949,(((194,(150,(174,(192,175)1:0.867979315787654)1:1.0271658596312478)1:1.622258052247443)1:0.2534247690627084,((39,(132,167)0.36:0.001622735886101817)1:1.8744332085738737,(135,(64,(6,(50,79)1:0.5755241186345325)1:0.3242307103448416)1:0.5639307880820813)1:0.7292211710838127)0.74:0.06642920214083559)1:2.614947072906826,((2,(24,((53,(164,27)1:3.0167568139748466)1:0.5313860259789486,((173,54)1:1.026405902329355,(70,(118,30)1:1.2071481067757204)1:0.24142563204835685)1:1.5577460302780248)1:0.3961671061406728)1:0.5814779748896735)1:0.8405260455570616,((((162,75)1:2.23332466297707,(168,52)1:1.0607026520987966)1:2.8088680370311536,((((97,(126,93)1:1.3203234671687778)1:1.6402706896736277,(90,(131,(122,43)1:0.7450050938874953)1:0.5092712075134155)1:1.327964221672867)1:1.501382380169297,((78,(110,44)1:0.652359709659434)0.65:0.04642769228434256,(123,((4,163)1:0.43369062346134774,(195,183)1:0.31010488486496024)0.87:0.0878570251977575)1:1.2067339358694804)1:1.6289895814689612)1:1.3723248994623798,(((47,73)1:0.7513266919677511,(16,137)1:3.288401887516811)1:1.4037640916398044,((60,114)1:1.4016838226867347,((179,(104,111)1:1.3932255028705018)1:0.2204771544600948,(106,(((133,148)1:1.5873332988642257,(36,117)1:0.4277195557673675)1:0.45666699957107293,((23,(83,(10,14)1:0.8283641697628815)1:1.0583442906196816)1:0.3939916271097969,(134,((98,186)1:0.37567879167748536,(74,(13,158)1:0.43325560630022086)1:0.2250930114657691)1:1.1360904397875744)1:0.6737254374791867)1:0.18399944360549833)0.7:0.06143078877005583)1:0.22889539766894795)1:0.37038563311997746)1:0.7806628563026426)1:0.881073983987611)0.81:0.08627428006892283)1:1.2594089839729221,((9,(((95,200)1:1.3685122652220516,(18,45)1:0.16187223027308276)1:1.8099864314786926,(153,(160,((15,76)1:1.2713550348453817,(119,(69,172)1:1.7052010355804055)1:0.47335014307117407)0.99:0.14887009473568122)1:0.7305366198795997)1:0.47717419139852274)1:2.1112943319261706)1:1.3249052900445217,(0,(((157,181)0.48:0.022534501232162597,(197,91)0.99:0.14568630830130552)1:3.336333148706906,((144,(19,(189,190)1:0.6534555180578929)0.68:0.05309489461821792)1:1.268112181141364,((180,(109,94)1:0.8170016020695683)1:3.329307674385294,(152,(((155,(193,124)1:0.593527248498881)1:3.100646150882828,((145,(82,31)1:1.3120239973806482)1:0.46160471778363055,(35,(72,80)1:1.3090682143033896)1:1.6554206257186173)1:0.6289658567388654)1:0.6063624254274103,((57,(196,(112,32)1:1.109115352213642)1:0.8011198225270887)1:0.6668208721862267,((108,(177,141)1:1.2408307420457607)1:1.7816390723230482,(((187,182)1:1.9440682258700788,(149,170)1:3.1666343640333707)1:0.35317474410863847,(46,(169,(56,68)1:0.8341675099415916)1:2.0316840074298677)1:0.504649138748822)1:0.41269531440034884)1:0.47391273822740954)1:0.3892962244604471)1:0.4068514005780914)1:0.8520207302102398)0.5:0.02598318320346225)1:0.3141852994997425)1:0.32692976177605604)0.62:0.04198248247235349)0.58:0.03910510570916184)1:0.6531949458026157)1:0.3128432555981188)0.52:0.027656798417887547)1:0.4144139759813136,(((129,99)1:0.911685013128676,(127,(3,(139,86)1:0.8733441463242858)1:0.9040868057537241)1:0.4712325998885194)1:1.0490283531953772,((142,(55,(20,49)1:0.24238261512636322)1:0.593499656760637)1:2.040113175733115,((159,191)1:2.8244218847141656,((92,63)1:0.4065796589082166,((65,102)1:1.8077230582995263,(140,59)1:0.1980612233115955)0.52:0.030188801694239115)1:1.346456189553571)0.97:0.12603530145614183)1:1.0148388169244844)1:1.359404287416531)1:0.7995209841271937)0.57:0.03937885955369092)0.38:0.006162093445264204)0.97:0.12401501739485218)1:2.784694320621477));
Weight calculation took 17.119211093 secs
ASTRAL finished in 28.459 secs
