
================== ASTRAL ===================== 

This is ASTRAL version 5.7.8
Gene trees are treated as unrooted
942 trees read from Dataset/AstralII_data/model.200.2000000.0.000001/12/estimatedgenetre.halfresolved
index0
All output trees will be *arbitrarily* rooted at 7

======== Running the main analysis
Number of taxa: 201 (201 species)
Taxa: [7, 165, 144, 19, 189, 190, 57, 112, 196, 32, 197, 91, 157, 181, 152, 0, 9, 153, 18, 45, 119, 15, 76, 69, 172, 160, 95, 200, 53, 164, 27, 173, 118, 70, 30, 54, 2, 24, 60, 114, 104, 179, 36, 117, 133, 148, 111, 10, 14, 134, 98, 13, 186, 158, 74, 23, 106, 83, 47, 73, 16, 137, 162, 75, 168, 52, 195, 4, 163, 183, 110, 44, 78, 123, 97, 126, 93, 90, 122, 43, 131, 109, 94, 180, 56, 68, 169, 46, 187, 182, 177, 141, 108, 149, 170, 82, 31, 155, 193, 124, 35, 72, 80, 145, 38, 198, 89, 81, 29, 120, 62, 28, 48, 154, 40, 185, 184, 103, 199, 77, 188, 138, 61, 67, 128, 34, 113, 166, 84, 11, 25, 171, 22, 105, 21, 1, 194, 150, 174, 192, 175, 135, 50, 79, 6, 64, 39, 132, 167, 26, 101, 66, 146, 12, 42, 107, 161, 115, 151, 139, 86, 3, 127, 129, 99, 140, 59, 92, 63, 65, 102, 142, 20, 49, 55, 87, 96, 41, 85, 143, 116, 33, 130, 71, 178, 159, 191, 100, 121, 147, 125, 156, 37, 8, 136, 58, 51, 17, 88, 5, 176]
Taxon occupancy: {110=942, 111=942, 112=942, 113=942, 114=942, 115=942, 116=942, 117=942, 118=942, 119=942, 10=942, 11=942, 12=942, 13=942, 14=942, 15=942, 16=942, 17=942, 18=942, 19=942, 120=942, 0=942, 121=942, 122=942, 1=942, 2=942, 123=942, 124=942, 3=942, 4=942, 125=942, 126=942, 5=942, 6=942, 127=942, 7=942, 128=942, 129=942, 8=942, 9=942, 20=942, 21=942, 22=942, 23=942, 24=942, 25=942, 26=942, 27=942, 28=942, 29=942, 130=942, 131=942, 132=942, 133=942, 134=942, 135=942, 136=942, 137=942, 138=942, 139=942, 30=942, 31=942, 32=942, 33=942, 34=942, 35=942, 36=942, 37=942, 38=942, 39=942, 140=942, 141=942, 142=942, 143=942, 144=942, 145=942, 146=942, 147=942, 148=942, 149=942, 40=942, 41=942, 42=942, 43=942, 44=942, 45=942, 46=942, 47=942, 48=942, 49=942, 150=942, 151=942, 152=942, 153=942, 154=942, 155=942, 156=942, 157=942, 158=942, 159=942, 50=942, 51=942, 52=942, 53=942, 54=942, 55=942, 56=942, 57=942, 58=942, 59=942, 160=942, 161=942, 162=942, 163=942, 164=942, 165=942, 166=942, 167=942, 168=942, 169=942, 60=942, 61=942, 62=942, 63=942, 64=942, 65=942, 66=942, 67=942, 68=942, 69=942, 170=942, 171=942, 172=942, 173=942, 174=942, 175=942, 176=942, 177=942, 178=942, 179=942, 70=942, 71=942, 72=942, 73=942, 74=942, 75=942, 76=942, 77=942, 78=942, 79=942, 180=942, 181=942, 182=942, 183=942, 184=942, 185=942, 186=942, 187=942, 188=942, 189=942, 80=942, 81=942, 82=942, 83=942, 84=942, 85=942, 86=942, 87=942, 88=942, 89=942, 190=942, 191=942, 192=942, 193=942, 194=942, 195=942, 196=942, 197=942, 198=942, 199=942, 90=942, 91=942, 92=942, 93=942, 94=942, 95=942, 96=942, 97=942, 98=942, 99=942, 200=942, 100=942, 101=942, 102=942, 103=942, 104=942, 105=942, 106=942, 107=942, 108=942, 109=942}
Number of gene trees: 942
0 trees have missing taxa
Calculating quartet distance matrix (for completion of X)
Species tree distances calculated ...
Building set of clusters (X) from gene trees 
------------------------------
gradient0: 44143
Number of Clusters after addition by distance: 44143
calculating extra bipartitions to be added at level 1 ...
Adding to X using resolutions of greedy consensus ...
Limit for sigma of degrees:5075
polytomy size limit : 17
discarded polytomies:  [3, 3, 3, 3, 3, 3, 3, 3, 3, 3, 3, 3, 3, 3, 3, 3, 3, 3, 4, 4, 4, 4, 4, 5, 5, 5, 5, 6, 7, 8, 17]
Threshold 0.0:
Threshold 0.01:
Threshold 0.02:
Threshold 0.05:
polytomy of size 3; rounds with additions with at least 5 support: 0; clusters: 44143
Threshold 0.1:
polytomy of size 3; rounds with additions with at least 5 support: 0; clusters: 44143
polytomy of size 4; rounds with additions with at least 5 support: 0; clusters: 44143
polytomy of size 5; rounds with additions with at least 5 support: 0; clusters: 44143
polytomy of size 4; rounds with additions with at least 5 support: 0; clusters: 44143
Threshold 0.2:
polytomy of size 3; rounds with additions with at least 5 support: 0; clusters: 44143
polytomy of size 3; rounds with additions with at least 5 support: 0; clusters: 44143
polytomy of size 3; rounds with additions with at least 5 support: 0; clusters: 44143
polytomy of size 5; rounds with additions with at least 5 support: 0; clusters: 44143
polytomy of size 3; rounds with additions with at least 5 support: 0; clusters: 44143
polytomy of size 5; rounds with additions with at least 5 support: 0; clusters: 44143
polytomy of size 6; rounds with additions with at least 5 support: 0; clusters: 44143
polytomy of size 5; rounds with additions with at least 5 support: 0; clusters: 44143
Threshold 0.3333333333333333:
polytomy of size 4; rounds with additions with at least 5 support: 0; clusters: 44143
polytomy of size 4; rounds with additions with at least 5 support: 0; clusters: 44143
polytomy of size 3; rounds with additions with at least 5 support: 0; clusters: 44143
polytomy of size 3; rounds with additions with at least 5 support: 0; clusters: 44143
polytomy of size 3; rounds with additions with at least 5 support: 0; clusters: 44143
polytomy of size 3; rounds with additions with at least 5 support: 0; clusters: 44143
polytomy of size 4; rounds with additions with at least 5 support: 0; clusters: 44143
polytomy of size 3; rounds with additions with at least 5 support: 0; clusters: 44143
polytomy of size 3; rounds with additions with at least 5 support: 0; clusters: 44143
polytomy of size 3; rounds with additions with at least 5 support: 0; clusters: 44143
polytomy of size 3; rounds with additions with at least 5 support: 0; clusters: 44143
polytomy of size 3; rounds with additions with at least 5 support: 0; clusters: 44143
polytomy of size 3; rounds with additions with at least 5 support: 0; clusters: 44143
polytomy of size 8; rounds with additions with at least 5 support: 0; clusters: 44143
polytomy of size 3; rounds with additions with at least 5 support: 0; clusters: 44143
polytomy of size 3; rounds with additions with at least 5 support: 0; clusters: 44143
polytomy of size 17; rounds with additions with at least 5 support: 0; clusters: 44143
polytomy of size 7; rounds with additions with at least 5 support: 0; clusters: 44143
max k is :0
Number of Clusters after addition by greedy: 44143
gradient0 in heuristiic: 44143
partitions formed in 34.264 secs
Dynamic Programming starting after 34.264 secs
Using tree-based weight calculation.
Using polytree-based weight calculation.
Polytree max score: 62146784361
Polytree building time: 3.654 seconds.
Number of quartet trees in the gene trees: 62146784361
Size of largest cluster: 201
Greedy score: 44536871978
estimationFactor: 1.3954007455148358
Sub-optimal score: 45223166699
Calculated 100000 weights; time (seconds): 217
Total Number of elements weighted: 174131
Normalized score (portion of input quartet trees satisfied before correcting for multiple individuals): 0.7682349986230529
Optimization score: 47743334798
Optimal tree inferred in 354.894 secs.
(59,(140,((65,102),((92,63),((159,191),((142,(55,(20,49))),(((129,99),(127,(3,(139,86)))),((((116,33),(130,(71,178))),((100,121),(((7,165),((85,143),(96,(87,41)))),((26,(17,(88,(5,176)))),((147,(125,156)),((8,51),(37,(136,58)))))))),((((101,(66,146)),((107,(12,42)),(151,(161,115)))),((38,198),(((89,(28,48)),((185,(154,40)),(103,((120,62),(81,(29,184)))))),((138,61),((113,(166,84)),(((199,(77,188)),(128,(67,34))),(11,((22,105),((21,1),(25,171)))))))))),(((39,(132,167)),((194,(150,(174,(192,175)))),(135,(64,(6,(50,79)))))),((2,(24,((53,(164,27)),((173,54),(70,(118,30)))))),((((162,75),(168,52)),((((97,(126,93)),(90,(131,(122,43)))),((78,(110,44)),(123,((4,163),(195,183))))),(((47,73),(16,137)),((60,114),((179,(104,111)),(106,(((133,148),(36,117)),((23,(83,(10,14))),(134,((98,186),(74,(13,158)))))))))))),(0,((9,(((95,200),(18,45)),(153,(160,((15,76),(119,(69,172))))))),((181,(157,(197,91))),((144,(19,(189,190))),((180,(109,94)),(152,(((155,(193,124)),((145,(82,31)),(35,(72,80)))),((57,(196,(112,32))),((108,(177,141)),(((187,182),(149,170)),(46,(169,(56,68)))))))))))))))))))))))));
Final quartet score is: 47743334798
Final normalized quartet score is: 0.7682349986230529
Extended species tree:
(7,(165,(((85,143)1:2.0648531595945196,(96,(87,41)1:0.47631366057438823)1:1.7210045344491478)1:2.3190367043649265,(((26,(17,(88,(5,176)1:0.9510827889443598)1:1.277284569715229)1:0.3423845776268844)1:0.11724901729244783,((147,(125,156)1:0.25671724852186056)1:2.191172065405252,((8,51)1:0.5154423218558097,(37,(136,58)1:0.14073535804907955)1:0.28740592414471566)1:0.5068043215592146)1:1.4218753789228837)1:0.679586243463041,((100,121)1:2.18172664910959,(((116,33)1:2.2177915514762443,(130,(71,178)1:1.936952071323111)1:0.8946621576232056)1:0.7147721484598458,(((((101,(66,146)1:1.1152285615408983)1:0.3667139019852651,((107,(12,42)1:0.8127809268057141)1:1.1713768105763007,(151,(161,115)1:1.2035527064046283)1:0.14645077165738504)1:1.0863797043322672)1:1.8612545451934093,((38,198)1:4.4345284864815175,(((89,(28,48)1:2.351690994229989)1:0.4985942282155982,((185,(154,40)1:0.7851435490192399)1:1.7011146273408964,(103,((120,62)1:0.17490292560228393,(81,(29,184)1:0.1069884769281179)1:0.6236220065785133)1:0.9538364830207603)1:0.7783899631971777)1:0.2218921252148366)1:1.8787671878780492,((138,61)1:3.561520818209589,((113,(166,84)1:0.5021945355685804)1:0.9540198169986425,(((199,(77,188)1:0.6322998029864487)1:2.865689840872444,(128,(67,34)1:0.5545762001556488)1:1.8878643564000228)1:1.1446295165991172,(11,((22,105)1:1.8342602850836702,((21,1)1:1.1129908655741294,(25,171)1:0.9609433481059828)1:1.0482870230133985)1:0.2148686026576799)1:0.5130953775854213)1:0.4023435287462042)1:0.3454946131350847)0.84:0.03766803047326677)1:0.5115042159737206)0.83:0.03518556954553357)1:0.15043307711886694,(((39,(132,167)0.92:0.05371781690672145)1:2.0519259335586217,((194,(150,(174,(192,175)1:0.9481673116702952)1:1.0776946651019594)1:1.8002483133798006)1:0.29588104230587947,(135,(64,(6,(50,79)1:0.6340712396962632)1:0.47782952415682073)1:0.5005300823986183)1:0.6291172094091507)0.97:0.0576451430246846)1:2.8013833113942352,((2,(24,((53,(164,27)1:2.984350084482804)1:0.5342426918515426,((173,54)1:1.1338338498252565,(70,(118,30)1:1.110842322700468)1:0.30197980233346716)1:1.5816868266308168)1:0.4281448911572992)1:0.581132695658548)1:0.9473798798667611,((((162,75)1:2.2916681480311922,(168,52)1:0.8660938020629845)1:2.8634263392446426,((((97,(126,93)1:1.32063459982308)1:1.489148901006761,(90,(131,(122,43)1:0.5542101023444276)1:0.49637362796648554)1:1.5048058663735346)1:1.341189308218933,((78,(110,44)1:0.4786929356918228)1:0.12316207581531623,(123,((4,163)1:0.49812119749461997,(195,183)1:0.23851053299803654)1:0.10662801407889065)1:1.368090354444524)1:1.8993179791221637)1:1.5605864501296818,(((47,73)1:0.6840110757314873,(16,137)1:3.265248113138293)1:1.2955506599304611,((60,114)1:1.283006759250294,((179,(104,111)1:1.556804478909823)1:0.23737166689408964,(106,(((133,148)1:1.7031697000880108,(36,117)1:0.48532382296959636)1:0.4688885558723286,((23,(83,(10,14)1:0.8280836717868489)1:1.2822774092022784)1:0.3512541194650299,(134,((98,186)1:0.41291104281005464,(74,(13,158)1:0.49386584919548376)1:0.23700724208708024)1:1.10803588335856)1:0.6099653453695348)1:0.10884712531835218)1:0.09046428299803838)1:0.28736411144278423)1:0.4261777585100415)1:0.8018761555594158)1:1.1186257526597827)0.79:0.03153093459946961)1:1.3881586371581114,(0,((9,(((95,200)1:1.290607392769233,(18,45)1:0.15632439209324392)1:1.6894734938360423,(153,(160,((15,76)1:1.343151873347259,(119,(69,172)1:1.6241974698986692)1:0.47655594765622555)1:0.08934710108322498)1:0.888826815932648)1:0.4318230330606829)1:1.976891548451782)1:1.303227164784516,((181,(157,(197,91)1:0.19534924781062699)0.78:0.03856166534284808)1:3.7057543495088234,((144,(19,(189,190)1:0.6444238026327255)1:0.1358883875720678)1:1.4171370723596444,((180,(109,94)1:0.9370911936899886)1:3.507143149940163,(152,(((155,(193,124)1:0.5765733871152637)1:3.0157298069867764,((145,(82,31)1:1.312111430661691)1:0.5221310011059351,(35,(72,80)1:1.359012035010871)1:1.4827050371377524)1:0.5645320638840242)1:0.6687484550459472,((57,(196,(112,32)1:1.0048004015314287)1:0.9291536091250782)1:0.5883098158499543,((108,(177,141)1:1.1381035626014655)1:1.5115080736151163,(((187,182)1:2.642017301960632,(149,170)1:2.8804621359483598)1:0.35752820876000413,(46,(169,(56,68)1:0.9529718787674004)1:2.045193038177799)1:0.5444606894654604)1:0.4489237867414879)1:0.5278163098509809)1:0.3777633323371931)1:0.35110063018886645)1:1.0277903072528227)0.85:0.03731889217986061)1:0.3061022131136753)1:0.3147163371246428)0.49:0.01856772253358731)0.87:0.03982027188568014)1:0.5969648743033246)1:0.34892868306809594)0.55:0.015264196931836319)1:0.3830915334773746,(((129,99)1:0.9662763075465205,(127,(3,(139,86)1:0.9177108774234061)1:0.9989982353705286)1:0.5419925996853027)1:1.1127284371790738,((142,(55,(20,49)1:0.3519912254684829)1:0.6161557837309837)1:2.415352460177774,((159,191)1:2.7677601862209005,((92,63)1:0.4929851565363592,((65,102)1:1.751793675266775,(140,59)1:0.22795915117103638)0.63:0.04109432424636871)1:1.344171880792265)1:0.13761964579432753)1:1.047655757507001)1:1.3488519812040491)1:0.8611695035990542)0.92:0.04452226414254875)0.7:0.025511865481746977)1:0.0935452345361133)1:3.1807469019767924));
Weight calculation took 303.100150747 secs
ASTRAL finished in 363.968 secs
