
================== ASTRAL ===================== 

This is ASTRAL version 5.7.8
Gene trees are treated as unrooted
50 trees read from Dataset/AstralII_data/model.200.10000000.0.000001/24/estimatedgenetre.halfresolved_50
index0
All output trees will be *arbitrarily* rooted at 50

======== Running the main analysis
Number of taxa: 201 (201 species)
Taxa: [50, 152, 157, 8, 45, 69, 162, 26, 85, 114, 87, 84, 15, 6, 18, 30, 143, 132, 89, 165, 123, 39, 126, 179, 40, 56, 72, 175, 36, 182, 171, 98, 148, 136, 28, 35, 146, 77, 137, 142, 64, 100, 74, 181, 73, 108, 196, 32, 183, 116, 25, 127, 54, 43, 138, 94, 158, 1, 10, 145, 31, 19, 200, 11, 105, 7, 192, 149, 174, 41, 161, 60, 190, 65, 61, 70, 103, 48, 151, 58, 150, 111, 168, 164, 23, 82, 57, 198, 5, 187, 0, 129, 159, 22, 53, 59, 21, 155, 51, 102, 178, 131, 38, 86, 12, 172, 185, 46, 47, 14, 29, 167, 2, 62, 154, 177, 160, 42, 66, 153, 156, 186, 193, 68, 83, 173, 67, 135, 112, 140, 104, 124, 117, 49, 13, 20, 78, 91, 44, 134, 118, 24, 107, 147, 115, 88, 27, 121, 180, 122, 90, 4, 166, 92, 133, 109, 125, 76, 197, 141, 130, 101, 37, 81, 80, 169, 9, 95, 113, 184, 120, 97, 71, 75, 79, 52, 63, 3, 93, 96, 163, 195, 199, 139, 144, 191, 17, 34, 110, 189, 170, 176, 55, 33, 106, 119, 188, 194, 99, 16, 128]
Taxon occupancy: {110=50, 111=50, 112=50, 113=50, 114=50, 115=50, 116=50, 117=50, 118=50, 119=50, 10=50, 11=50, 12=50, 13=50, 14=50, 15=50, 16=50, 17=50, 18=50, 19=50, 120=50, 0=50, 121=50, 1=50, 122=50, 123=50, 2=50, 124=50, 3=50, 4=50, 125=50, 126=50, 5=50, 6=50, 127=50, 7=50, 128=50, 8=50, 129=50, 9=50, 20=50, 21=50, 22=50, 23=50, 24=50, 25=50, 26=50, 27=50, 28=50, 29=50, 130=50, 131=50, 132=50, 133=50, 134=50, 135=50, 136=50, 137=50, 138=50, 139=50, 30=50, 31=50, 32=50, 33=50, 34=50, 35=50, 36=50, 37=50, 38=50, 39=50, 140=50, 141=50, 142=50, 143=50, 144=50, 145=50, 146=50, 147=50, 148=50, 149=50, 40=50, 41=50, 42=50, 43=50, 44=50, 45=50, 46=50, 47=50, 48=50, 49=50, 150=50, 151=50, 152=50, 153=50, 154=50, 155=50, 156=50, 157=50, 158=50, 159=50, 50=50, 51=50, 52=50, 53=50, 54=50, 55=50, 56=50, 57=50, 58=50, 59=50, 160=50, 161=50, 162=50, 163=50, 164=50, 165=50, 166=50, 167=50, 168=50, 169=50, 60=50, 61=50, 62=50, 63=50, 64=50, 65=50, 66=50, 67=50, 68=50, 69=50, 170=50, 171=50, 172=50, 173=50, 174=50, 175=50, 176=50, 177=50, 178=50, 179=50, 70=50, 71=50, 72=50, 73=50, 74=50, 75=50, 76=50, 77=50, 78=50, 79=50, 180=50, 181=50, 182=50, 183=50, 184=50, 185=50, 186=50, 187=50, 188=50, 189=50, 80=50, 81=50, 82=50, 83=50, 84=50, 85=50, 86=50, 87=50, 88=50, 89=50, 190=50, 191=50, 192=50, 193=50, 194=50, 195=50, 196=50, 197=50, 198=50, 199=50, 90=50, 91=50, 92=50, 93=50, 94=50, 95=50, 96=50, 97=50, 98=50, 99=50, 200=50, 100=50, 101=50, 102=50, 103=50, 104=50, 105=50, 106=50, 107=50, 108=50, 109=50}
Number of gene trees: 50
0 trees have missing taxa
Calculating quartet distance matrix (for completion of X)
Species tree distances calculated ...
Building set of clusters (X) from gene trees 
------------------------------
gradient0: 4387
Number of Clusters after addition by distance: 4387
calculating extra bipartitions to be added at level 1 ...
Adding to X using resolutions of greedy consensus ...
Limit for sigma of degrees:5075
polytomy size limit : 4
discarded polytomies:  [3, 3, 3, 3, 3, 3, 3, 3, 3, 3, 3, 3, 3, 3, 4, 4, 4, 4, 4, 4, 4]
Threshold 0.0:
Threshold 0.01:
Threshold 0.02:
Threshold 0.05:
Threshold 0.1:
Threshold 0.2:
polytomy of size 3; rounds with additions with at least 5 support: 0; clusters: 4387
Threshold 0.3333333333333333:
polytomy of size 4; rounds with additions with at least 5 support: 0; clusters: 4387
polytomy of size 4; rounds with additions with at least 5 support: 0; clusters: 4387
polytomy of size 4; rounds with additions with at least 5 support: 0; clusters: 4387
polytomy of size 4; rounds with additions with at least 5 support: 0; clusters: 4387
polytomy of size 4; rounds with additions with at least 5 support: 0; clusters: 4387
polytomy of size 4; rounds with additions with at least 5 support: 0; clusters: 4387
polytomy of size 3; rounds with additions with at least 5 support: 0; clusters: 4387
polytomy of size 3; rounds with additions with at least 5 support: 0; clusters: 4387
polytomy of size 3; rounds with additions with at least 5 support: 0; clusters: 4387
polytomy of size 3; rounds with additions with at least 5 support: 0; clusters: 4387
polytomy of size 3; rounds with additions with at least 5 support: 0; clusters: 4387
polytomy of size 3; rounds with additions with at least 5 support: 0; clusters: 4387
polytomy of size 3; rounds with additions with at least 5 support: 0; clusters: 4387
polytomy of size 3; rounds with additions with at least 5 support: 0; clusters: 4387
polytomy of size 3; rounds with additions with at least 5 support: 0; clusters: 4387
polytomy of size 3; rounds with additions with at least 5 support: 0; clusters: 4387
polytomy of size 3; rounds with additions with at least 5 support: 0; clusters: 4387
polytomy of size 3; rounds with additions with at least 5 support: 0; clusters: 4387
polytomy of size 3; rounds with additions with at least 5 support: 0; clusters: 4387
polytomy of size 4; rounds with additions with at least 5 support: 0; clusters: 4387
max k is :0
Number of Clusters after addition by greedy: 4387
gradient0 in heuristiic: 4387
partitions formed in 7.544 secs
Dynamic Programming starting after 7.544 secs
Using tree-based weight calculation.
Using polytree-based weight calculation.
Polytree max score: 3299917302
Polytree building time: 0.234 seconds.
Number of quartet trees in the gene trees: 3299917302
Size of largest cluster: 201
Greedy score: 2927201145
estimationFactor: 1.127328508885234
Sub-optimal score: 2954877089
Total Number of elements weighted: 6742
Normalized score (portion of input quartet trees satisfied before correcting for multiple individuals): 0.9070343717965087
Optimization score: 2993138417
Optimal tree inferred in 9.473 secs.
(9,(((95,113),((101,80),(81,(37,169)))),(((76,(141,130)),(197,(184,(120,97)))),(((4,(166,92)),(133,(109,125))),((((24,(90,(180,122))),((88,27),(107,(121,(147,115))))),((2,(177,(62,154))),((160,(42,(66,(153,156)))),((13,(186,20)),((49,((193,68),(78,(83,173)))),(135,(67,(112,(124,(117,(140,104))))))))))),((91,(44,(134,118))),((167,(14,29)),(((106,((119,188),(194,(99,16)))),(((52,(79,(71,75))),((3,199),(195,(63,(93,(96,163)))))),(170,((176,(55,33)),((139,144),((17,34),(189,(191,110)))))))),((128,(0,(38,(((46,47),((172,185),(86,12))),((129,131),((51,(155,102)),((159,22),(178,(53,(59,21)))))))))),(((161,(60,(190,65))),(((187,(164,5)),(57,(23,(82,198)))),(61,(((58,150),(48,151)),((70,103),(111,168)))))),((((10,145),(1,(200,(138,(94,158))))),((31,19),(41,((7,192),(105,(174,(11,149))))))),(((100,(142,64)),(((132,89),(165,(123,(39,126)))),(40,((56,(72,175)),((148,136),((171,98),(36,182))))))),(((43,((157,45),(152,8))),(50,((69,162),(26,(85,114))))),(((87,84),(18,(30,(15,6)))),(179,((74,(196,(108,(181,73)))),((137,(143,28)),((35,(146,77)),((25,54),(127,(32,(183,116))))))))))))))))))))));
Final quartet score is: 2993138417
Final normalized quartet score is: 0.9070343717965087
Extended species tree:
(50,(((69,162)1:0.9614111671546247,(26,(85,114)1:1.9169226121820613)1:0.5537245618898032)1:0.44893010964177293,((43,((157,45)1:1.9159078987515152,(152,8)1:0.8862160414239957)0.99:0.32831234198843307)1:1.7880511831491357,((((87,84)1:2.138784933340223,(18,(30,(15,6)0.53:0.06015124902653009)0.59:0.07605073597182825)1:1.6802639650027131)1:1.4499445849615071,(179,((74,(196,(108,(181,73)0.99:0.30748469974796055)1:0.7230001437096266)1:0.5298632376371264)1:1.6100641741386787,((137,(143,28)1:0.5283581025276316)0.84:0.15659455771871977,((35,(146,77)1:0.6943362413421359)1:1.0476215829480502,((25,54)1:0.38099324607056584,(127,(32,(183,116)0.66:0.09155905414676933)0.99:0.32737667113672786)1:0.49680505003416836)1:0.7914745709684364)1:0.7608699802078392)0.75:0.1254584092998146)1:2.5393686059078613)0.44:0.028045211462968185)0.56:0.08201081639860755,(((100,(142,64)1:1.4469189829363254)1:1.9084421893160133,(((132,89)1:1.9682159065696114,(165,(123,(39,126)1:1.039771788645176)0.79:0.14274488798209994)0.62:0.08145983332629715)1:1.345943065596323,(40,((56,(72,175)1:1.3302589120245656)1:0.6451694767547888,((148,136)1:0.7235441922210831,((171,98)1:0.7509205411385318,(36,182)1:1.38390843693406)0.44:0.03419415182016754)1:0.3704873638809072)1:0.6035868414969042)1:1.5574228330210576)1:0.8073570986841067)1:1.961413358638474,((((10,145)1:2.14006616349627,(1,(200,(138,(94,158)1:0.580858846093599)0.6:0.07661472905772047)0.96:0.2694420743021102)1:1.1722888569453318)1:1.7611259261192749,((31,19)1:2.1452881074774233,(41,((7,192)1:0.7381887234889879,(105,(174,(11,149)1:1.7329189692051215)1:0.41634824175762347)0.64:0.12519163338834463)1:1.365439955954916)1:0.7824450376467393)0.95:0.22604147128873353)1:1.490515795128552,(((161,(60,(190,65)1:0.4813572020553878)1:1.1749852674526835)1:1.7004680490186477,(((187,(164,5)1:0.6362693897048607)1:1.693057671647099,(57,(23,(82,198)0.86:0.19325454498479527)0.99:0.331111890254343)1:1.2310180913214182)1:1.2381271762432042,(61,(((58,150)1:0.4583075894825443,(48,151)0.76:0.12516314295400605)1:2.0571380252351563,((70,103)1:1.9078270466975749,(111,168)1:1.5101047815138855)1:0.7652116649587956)0.57:0.09443357271504542)0.7:0.10556557365052233)1:1.0296194171811586)1:2.3861003277621475,((128,(0,(38,(((46,47)1:2.4277482359480516,((172,185)1:0.6359887667199969,(86,12)1:1.5101047815138855)1:1.878688578931225)1:0.5587941873296095,((129,131)1:2.14006616349627,((51,(155,102)0.63:0.09237332013101504)1:1.765304899514041,((159,22)1:0.6365587296878348,(178,(53,(59,21)1:0.6334666972872868)1:0.48171723366883157)0.51:0.04962761880909877)1:1.6021372173509631)1:1.0511498520670404)1:0.8049935890231872)0.43:0.02543695020539935)1:2.8332133440562166)1:1.1416100315786248)1:0.3551305795892392,(((106,((119,188)1:2.14006616349627,(194,(99,16)1:1.0414538748281608)1:2.022283127839887)1:1.2150952647908488)0.92:0.20522978972414638,(((52,(79,(71,75)1:0.8873031950009027)1:2.022283127839887)1:1.4420436685731506,((3,199)0.95:0.22705507248861226,(195,(63,(93,(96,163)0.63:0.0920475341695084)1:1.5107809140616175)1:0.4985793214609694)1:1.2113529116235588)1:1.1946255019202552)1:0.8446028028409948,(170,((176,(55,33)1:1.4469189829363254)1:1.3289697515009324,((139,144)1:2.4243177008512604,((17,34)1:2.681982374332294,(189,(191,110)1:0.5824533189267563)1:0.37185996890573886)1:0.45439930933327305)0.76:0.13366339130472749)1:0.8374054317372307)1:2.072030242037251)0.5:0.055870983820009934)1:2.1888072586216736,((167,(14,29)1:0.9849971661605039)1:1.685580873966367,((91,(44,(134,118)1:1.0414538748281608)1:1.5114575040738965)1:1.9486255554235388,((((24,(90,(180,122)1:0.8183103235139515)1:2.022847302749069)1:0.46608972992459907,((88,27)1:0.8820969906124823,(107,(121,(147,115)1:0.8804723217743742)0.99:0.31043320475632097)1:0.5303718736732514)1:0.3923399069888732)1:2.211903006392065,((2,(177,(62,154)1:0.3919648477406927)0.94:0.2252733184054184)1:0.877992928849807,((160,(42,(66,(153,156)0.39:0.010509578111859822)1:0.5825896820416903)1:0.4505855433886339)1:2.8415815937267332,((13,(186,20)0.44:0.029852963149681274)1:2.2564014430836017,((49,((193,68)1:1.9027379771901036,(78,(83,173)1:1.5840644019014047)1:0.39119910585021433)1:0.6156369727006875)0.94:0.22844881158322913,(135,(67,(112,(124,(117,(140,104)0.36:0.0014865470256458207)1:0.5803198366182378)0.88:0.1826817657190236)1:0.664232906443603)1:0.41734559037834873)1:1.731306645524718)1:0.8889746284521977)0.81:0.14535131464834666)1:0.5111764470508489)1:0.39439093440105544)1:1.6051296173750211,(((4,(166,92)1:0.6359887667199969)1:2.2547290718164095,(133,(109,125)0.54:0.09221041388320037)1:1.7496713083091053)1:0.9609174618866361,(((76,(141,130)1:1.7337596586199147)1:0.8360789383424984,(197,(184,(120,97)1:0.7544033148697391)1:1.4418556809797798)1:0.6586764222721617)0.99:0.3314776803457665,(((95,113)1:2.414096146779724,((101,80)0.68:0.11394512176352077,(81,(37,169)0.99:0.30809094408298804)0.99:0.33815432280419777)1:1.6519184306587011)0.42:0.021005422903746355,9)1:0.8820348001460927)1:1.3562265311782118)1:0.9495421753351181)1:1.3418274461335238)0.92:0.20812663485732139)1:1.7457743559862333)1:0.41981398338865056)1:2.2145985705956446)0.58:0.06764959902409418)1:0.8920408082308703)1:0.532095383692297)1:1.355118552828297)1:1.2320410770917842));
Weight calculation took 1.280659511 secs
ASTRAL finished in 10.754 secs
