
================== ASTRAL ===================== 

This is ASTRAL version 5.7.8
Gene trees are treated as unrooted
200 trees read from Dataset/AstralII_data/model.200.10000000.0.000001/24/estimatedgenetre.halfresolved_200
index0
All output trees will be *arbitrarily* rooted at 50

======== Running the main analysis
Number of taxa: 201 (201 species)
Taxa: [50, 152, 157, 8, 45, 69, 162, 26, 85, 114, 87, 84, 15, 6, 18, 30, 143, 132, 89, 165, 123, 39, 126, 179, 40, 56, 72, 175, 36, 182, 171, 98, 148, 136, 28, 35, 146, 77, 137, 142, 64, 100, 74, 181, 73, 108, 196, 32, 183, 116, 25, 127, 54, 43, 138, 94, 158, 1, 10, 145, 31, 19, 200, 11, 105, 7, 192, 149, 174, 41, 161, 60, 190, 65, 61, 70, 103, 48, 151, 58, 150, 111, 168, 164, 23, 82, 57, 198, 5, 187, 0, 129, 159, 22, 53, 59, 21, 155, 51, 102, 178, 131, 38, 86, 12, 172, 185, 46, 47, 14, 29, 167, 2, 62, 154, 177, 160, 42, 66, 153, 156, 186, 193, 68, 83, 173, 67, 135, 112, 140, 104, 124, 117, 49, 13, 20, 78, 91, 44, 134, 118, 24, 107, 147, 115, 88, 27, 121, 180, 122, 90, 4, 166, 92, 133, 109, 125, 76, 197, 141, 130, 101, 37, 81, 80, 169, 9, 95, 113, 184, 120, 97, 71, 75, 79, 52, 63, 3, 93, 96, 163, 195, 199, 139, 144, 191, 17, 34, 110, 189, 170, 176, 55, 33, 106, 119, 188, 194, 99, 16, 128]
Taxon occupancy: {110=200, 111=200, 112=200, 113=200, 114=200, 115=200, 116=200, 117=200, 118=200, 119=200, 10=200, 11=200, 12=200, 13=200, 14=200, 15=200, 16=200, 17=200, 18=200, 19=200, 120=200, 0=200, 121=200, 1=200, 122=200, 123=200, 2=200, 124=200, 3=200, 4=200, 125=200, 126=200, 5=200, 6=200, 127=200, 7=200, 128=200, 8=200, 129=200, 9=200, 20=200, 21=200, 22=200, 23=200, 24=200, 25=200, 26=200, 27=200, 28=200, 29=200, 130=200, 131=200, 132=200, 133=200, 134=200, 135=200, 136=200, 137=200, 138=200, 139=200, 30=200, 31=200, 32=200, 33=200, 34=200, 35=200, 36=200, 37=200, 38=200, 39=200, 140=200, 141=200, 142=200, 143=200, 144=200, 145=200, 146=200, 147=200, 148=200, 149=200, 40=200, 41=200, 42=200, 43=200, 44=200, 45=200, 46=200, 47=200, 48=200, 49=200, 150=200, 151=200, 152=200, 153=200, 154=200, 155=200, 156=200, 157=200, 158=200, 159=200, 50=200, 51=200, 52=200, 53=200, 54=200, 55=200, 56=200, 57=200, 58=200, 59=200, 160=200, 161=200, 162=200, 163=200, 164=200, 165=200, 166=200, 167=200, 168=200, 169=200, 60=200, 61=200, 62=200, 63=200, 64=200, 65=200, 66=200, 67=200, 68=200, 69=200, 170=200, 171=200, 172=200, 173=200, 174=200, 175=200, 176=200, 177=200, 178=200, 179=200, 70=200, 71=200, 72=200, 73=200, 74=200, 75=200, 76=200, 77=200, 78=200, 79=200, 180=200, 181=200, 182=200, 183=200, 184=200, 185=200, 186=200, 187=200, 188=200, 189=200, 80=200, 81=200, 82=200, 83=200, 84=200, 85=200, 86=200, 87=200, 88=200, 89=200, 190=200, 191=200, 192=200, 193=200, 194=200, 195=200, 196=200, 197=200, 198=200, 199=200, 90=200, 91=200, 92=200, 93=200, 94=200, 95=200, 96=200, 97=200, 98=200, 99=200, 200=200, 100=200, 101=200, 102=200, 103=200, 104=200, 105=200, 106=200, 107=200, 108=200, 109=200}
Number of gene trees: 200
0 trees have missing taxa
Calculating quartet distance matrix (for completion of X)
Species tree distances calculated ...
Building set of clusters (X) from gene trees 
------------------------------
gradient0: 8825
Number of Clusters after addition by distance: 8825
calculating extra bipartitions to be added at level 1 ...
Adding to X using resolutions of greedy consensus ...
Limit for sigma of degrees:5075
polytomy size limit : 4
discarded polytomies:  [3, 3, 3, 3, 3, 3, 3, 3, 3, 3, 3, 3, 3, 4, 4, 4, 4, 4, 4, 4]
Threshold 0.0:
Threshold 0.01:
Threshold 0.02:
Threshold 0.05:
Threshold 0.1:
Threshold 0.2:
polytomy of size 3; rounds with additions with at least 5 support: 0; clusters: 8825
polytomy of size 3; rounds with additions with at least 5 support: 0; clusters: 8825
Threshold 0.3333333333333333:
polytomy of size 4; rounds with additions with at least 5 support: 0; clusters: 8825
polytomy of size 4; rounds with additions with at least 5 support: 0; clusters: 8825
polytomy of size 4; rounds with additions with at least 5 support: 0; clusters: 8825
polytomy of size 4; rounds with additions with at least 5 support: 0; clusters: 8825
polytomy of size 3; rounds with additions with at least 5 support: 0; clusters: 8825
polytomy of size 4; rounds with additions with at least 5 support: 0; clusters: 8825
polytomy of size 3; rounds with additions with at least 5 support: 0; clusters: 8825
polytomy of size 3; rounds with additions with at least 5 support: 0; clusters: 8825
polytomy of size 3; rounds with additions with at least 5 support: 0; clusters: 8825
polytomy of size 3; rounds with additions with at least 5 support: 0; clusters: 8825
polytomy of size 3; rounds with additions with at least 5 support: 0; clusters: 8825
polytomy of size 3; rounds with additions with at least 5 support: 0; clusters: 8825
polytomy of size 3; rounds with additions with at least 5 support: 0; clusters: 8825
polytomy of size 4; rounds with additions with at least 5 support: 0; clusters: 8825
polytomy of size 3; rounds with additions with at least 5 support: 0; clusters: 8825
polytomy of size 3; rounds with additions with at least 5 support: 0; clusters: 8825
polytomy of size 3; rounds with additions with at least 5 support: 0; clusters: 8825
polytomy of size 4; rounds with additions with at least 5 support: 0; clusters: 8825
max k is :0
Number of Clusters after addition by greedy: 8825
gradient0 in heuristiic: 8825
partitions formed in 6.295 secs
Dynamic Programming starting after 6.295 secs
Using tree-based weight calculation.
Using polytree-based weight calculation.
Polytree max score: 13199669208
Polytree building time: 0.35 seconds.
Number of quartet trees in the gene trees: 13199669208
Size of largest cluster: 201
Greedy score: 11467929235
estimationFactor: 1.1510072077977904
Sub-optimal score: 11695180087
Total Number of elements weighted: 19602
Normalized score (portion of input quartet trees satisfied before correcting for multiple individuals): 0.9084792627024445
Optimization score: 11991625750
Optimal tree inferred in 14.292 secs.
(9,((101,(80,(81,(37,169)))),((95,113),(((76,(141,130)),(197,(184,(120,97)))),(((133,(109,125)),(4,(166,92))),((((24,(90,(180,122))),((88,27),(107,(121,(147,115))))),((2,(177,(62,154))),((160,(42,(66,(153,156)))),((186,(13,20)),((49,((193,68),(78,(83,173)))),(135,(67,(112,(124,(117,(140,104))))))))))),((91,(44,(134,118))),((167,(14,29)),((((52,(79,(71,75))),((3,199),(195,(63,(93,(96,163)))))),((106,((119,188),(194,(99,16)))),(170,((176,(55,33)),((139,144),((17,34),(189,(191,110)))))))),((128,(0,(38,(((46,47),((172,185),(86,12))),((129,131),((51,(155,102)),((159,22),(178,(53,(59,21)))))))))),(((161,(60,(190,65))),(((187,(164,5)),(57,(23,(82,198)))),(((70,103),(111,168)),(61,((58,150),(48,151)))))),((((10,145),(1,(138,(200,(94,158))))),((31,19),(41,((7,192),(105,(174,(11,149))))))),(((100,(142,64)),((165,((132,89),(123,(39,126)))),(40,((56,(72,175)),((171,98),((148,136),(36,182))))))),(((43,((157,45),(152,8))),(50,((69,162),(26,(85,114))))),((179,((87,84),(30,(18,(15,6))))),((74,(196,(108,(181,73)))),((137,(143,28)),((35,(146,77)),((25,54),(127,(32,(183,116))))))))))))))))))))));
Final quartet score is: 11991625750
Final normalized quartet score is: 0.9084792627024445
Extended species tree:
(50,(((69,162)1:1.1664662806186357,(26,(85,114)1:1.113420623968059)1:0.8104924503379457)1:0.509635703945167,((43,((157,45)1:1.4967270242366046,(152,8)1:0.8197862713958569)1:0.4195178493573358)1:2.3371843986754035,(((179,((87,84)1:2.4125058910237493,(30,(18,(15,6)0.83:0.0778433841532937)0.7:0.05369268391421328)1:2.104317868044663)1:1.5912741341437298)0.67:0.05002453829085002,((74,(196,(108,(181,73)1:0.3327027782773052)1:0.7792566921417617)1:0.5773403520207693)1:1.9008628303380612,((137,(143,28)1:0.5929560411259058)0.97:0.1227457758876754,((35,(146,77)1:0.553706476989263)1:1.575073289095474,((25,54)1:0.36327092114636683,(127,(32,(183,116)0.99:0.16106558255674203)1:0.3761339895138673)1:0.41839758876897953)1:0.9228419953613776)1:0.8723866334430155)0.99:0.15890757161148847)1:2.9972653366746687)0.98:0.13307794233166284,(((100,(142,64)1:1.4628755558179387)1:1.923909403609297,((165,((132,89)1:1.791987944915426,(123,(39,126)1:1.006019501840285)0.97:0.12255017735010375)0.58:0.036154109875133005)1:1.4870310977072776,(40,((56,(72,175)1:1.2344076623366305)1:0.8577855259291336,((171,98)1:0.728375872443689,((148,136)1:0.43231100522892096,(36,182)1:1.1366987109078996)0.6:0.04514869674137717)1:0.3236457613093966)1:0.6572750319261397)1:1.537339295511382)1:0.5943787897720588)1:2.222189870806313,((((10,145)1:2.160798134639028,(1,(138,(200,(94,158)1:0.4429641020999044)0.53:0.030676367161978642)1:0.34079928202212617)1:1.288281127735527)1:1.7856012480576715,((31,19)1:2.491323784108633,(41,((7,192)1:0.8069413396633609,(105,(174,(11,149)1:1.9475699004736764)1:0.43795949764579617)1:0.3152298862229941)1:1.442690504805615)1:0.49266731063082925)1:0.33179810853328573)1:1.458445296325133,(((161,(60,(190,65)1:0.29272012028874805)1:1.219998196759794)1:1.6565017597619915,(((187,(164,5)1:0.9463047485196453)1:1.4964920859466173,(57,(23,(82,198)1:0.1611541408281424)1:0.21193210671880716)1:1.6171353078519435)1:1.2309125039423032,(((70,103)1:2.2526375025083643,(111,168)1:1.6816070588619225)1:0.9361440834045474,(61,((58,150)1:0.34297488471765053,(48,151)1:0.22612644104640928)1:2.055960631456325)0.95:0.11352693256863321)1:0.16447982721191506)1:1.2159058341831002)1:2.433149845235741,((128,(0,(38,(((46,47)1:2.7080502011022087,((172,185)1:0.854877591207127,(86,12)1:1.1825359168810603)1:1.73778893521085)1:0.7564751001401796,((129,131)1:2.258406601133708,((51,(155,102)0.49:0.022873824350560443)1:2.5962100242382573,((159,22)1:0.791009408559899,(178,(53,(59,21)1:0.7078790135456626)1:0.5218274075228063)0.48:0.02242719360266301)1:1.8866888135992013)1:1.1472836460697369)1:0.660007659969059)0.47:0.02257169254926962)1:1.8419773421678156)1:1.2410853600236513)1:0.42965536724998055,((((52,(79,(71,75)1:0.9274525983907134)1:1.4165997106152197)1:1.5732005330918066,((3,199)1:0.3987520396195123,(195,(63,(93,(96,163)0.9:0.09311524383934568)1:1.3143208614947997)1:0.3734665742673384)1:1.1267095306434243)1:0.8941015856362994)1:1.6234010162570822,((106,((119,188)1:2.1897895988487015,(194,(99,16)1:1.287194924851045)1:1.9245513938008743)1:1.596132260897813)1:0.23271017496826138,(170,((176,(55,33)1:1.2085816296802045)1:1.402693060630882,((139,144)1:2.692856169539672,((17,34)1:2.2835024156610753,(189,(191,110)1:0.6639529066425547)1:0.34630183915466234)1:0.550281443455676)0.97:0.12243948015362809)1:0.9524838255122065)1:1.670535823824687)0.91:0.09668163194173421)1:2.677575093835152,((167,(14,29)1:0.9166488541861748)1:2.207891258152583,((91,(44,(134,118)1:1.0476921982408527)1:1.4637707255570038)1:2.449114750875688,((((24,(90,(180,122)1:0.9464989609886953)1:1.967797302190479)1:0.5962855997473111,((88,27)1:0.8544736918951722,(107,(121,(147,115)1:1.1814385290714693)1:0.24683280350993117)1:0.5253348486963981)1:0.3021466438824328)1:2.077264449141383,((2,(177,(62,154)1:0.517203019566084)1:0.4997936878635836)1:1.0665726893542484,((160,(42,(66,(153,156)0.87:0.08705311757191687)1:0.7402933493882414)1:0.4884036201120293)1:2.553832892364642,((186,(13,20)0.66:0.05365271349232014)1:2.5859426893312465,((49,((193,68)1:1.6241022252803483,(78,(83,173)1:1.639549030599305)1:0.5490112346866252)1:0.6704322596365532)0.92:0.10638050771492458,(135,(67,(112,(124,(117,(140,104)0.97:0.12766891811149594)1:0.4846724007649855)1:0.1701961594095542)1:0.5967938126785425)1:0.50093724901948)1:1.5944033923757044)1:1.1830306755290723)1:0.19461934289587357)1:0.3722771653836042)1:0.609356449202026)1:1.2643361477933381,(((133,(109,125)1:0.1882640996281729)1:2.1957904741218384,(4,(166,92)1:0.6482628920308114)1:2.363126002279265)1:1.011628551640339,(((76,(141,130)1:2.410411080730202)1:0.5952909015632143,(197,(184,(120,97)1:0.6787778268971834)1:1.6194507499759792)1:0.6869008085714083)1:0.3425861683199484,((95,113)1:2.4229137059978956,((101,(80,(81,(37,169)1:0.36545755641832306)1:0.3924338608497047)1:0.19424123339479243)1:1.489531012246454,9)0.95:0.11012355732766262)1:1.1314228413908713)1:1.6528554084019358)1:0.9784811390969144)1:1.4235412949214867)1:0.21803727965602973)1:1.5955569696407548)1:0.5017203974105584)1:2.5489988121128837)1:0.16053561187764548)1:0.8504488887388055)1:0.6328143983975989)1:1.434675023041198)1:1.2807107752930034));
Weight calculation took 7.050874961 secs
ASTRAL finished in 16.804 secs
