
================== ASTRAL ===================== 

This is ASTRAL version 5.7.8
Gene trees are treated as unrooted
200 trees read from Dataset/AstralII_data/model.200.2000000.0.000001/27/estimatedgenetre.halfresolved_200
index0
All output trees will be *arbitrarily* rooted at 131

======== Running the main analysis
Number of taxa: 201 (201 species)
Taxa: [131, 38, 53, 69, 58, 94, 51, 3, 63, 24, 59, 118, 165, 159, 120, 122, 15, 20, 114, 133, 80, 112, 141, 187, 56, 102, 75, 25, 31, 108, 43, 92, 200, 37, 176, 85, 82, 124, 136, 144, 146, 106, 170, 19, 137, 97, 101, 134, 168, 64, 113, 111, 95, 0, 35, 50, 57, 71, 148, 21, 191, 157, 182, 9, 99, 32, 194, 109, 14, 153, 17, 164, 145, 128, 135, 60, 23, 105, 27, 84, 36, 30, 96, 91, 155, 2, 7, 103, 160, 169, 55, 174, 4, 150, 107, 81, 47, 171, 167, 11, 26, 88, 44, 110, 34, 86, 125, 66, 147, 6, 33, 166, 10, 89, 186, 142, 161, 73, 70, 90, 13, 138, 76, 151, 184, 190, 143, 87, 198, 78, 173, 68, 8, 178, 16, 98, 177, 22, 162, 175, 139, 195, 121, 119, 189, 74, 29, 156, 123, 179, 154, 199, 67, 49, 65, 100, 42, 130, 180, 152, 192, 79, 18, 149, 39, 62, 172, 41, 54, 158, 140, 1, 127, 185, 52, 48, 61, 104, 116, 163, 181, 83, 28, 93, 126, 5, 197, 129, 72, 188, 12, 46, 183, 193, 77, 196, 115, 45, 117, 132, 40]
Taxon occupancy: {110=200, 111=200, 112=200, 113=200, 114=200, 115=200, 116=200, 117=200, 118=200, 119=200, 10=200, 11=200, 12=200, 13=200, 14=200, 15=200, 16=200, 17=200, 18=200, 19=200, 120=200, 0=200, 121=200, 122=200, 1=200, 2=200, 123=200, 3=200, 124=200, 4=200, 125=200, 126=200, 5=200, 6=200, 127=200, 128=200, 7=200, 8=200, 129=200, 9=200, 20=200, 21=200, 22=200, 23=200, 24=200, 25=200, 26=200, 27=200, 28=200, 29=200, 130=200, 131=200, 132=200, 133=200, 134=200, 135=200, 136=200, 137=200, 138=200, 139=200, 30=200, 31=200, 32=200, 33=200, 34=200, 35=200, 36=200, 37=200, 38=200, 39=200, 140=200, 141=200, 142=200, 143=200, 144=200, 145=200, 146=200, 147=200, 148=200, 149=200, 40=200, 41=200, 42=200, 43=200, 44=200, 45=200, 46=200, 47=200, 48=200, 49=200, 150=200, 151=200, 152=200, 153=200, 154=200, 155=200, 156=200, 157=200, 158=200, 159=200, 50=200, 51=200, 52=200, 53=200, 54=200, 55=200, 56=200, 57=200, 58=200, 59=200, 160=200, 161=200, 162=200, 163=200, 164=200, 165=200, 166=200, 167=200, 168=200, 169=200, 60=200, 61=200, 62=200, 63=200, 64=200, 65=200, 66=200, 67=200, 68=200, 69=200, 170=200, 171=200, 172=200, 173=200, 174=200, 175=200, 176=200, 177=200, 178=200, 179=200, 70=200, 71=200, 72=200, 73=200, 74=200, 75=200, 76=200, 77=200, 78=200, 79=200, 180=200, 181=200, 182=200, 183=200, 184=200, 185=200, 186=200, 187=200, 188=200, 189=200, 80=200, 81=200, 82=200, 83=200, 84=200, 85=200, 86=200, 87=200, 88=200, 89=200, 190=200, 191=200, 192=200, 193=200, 194=200, 195=200, 196=200, 197=200, 198=200, 199=200, 90=200, 91=200, 92=200, 93=200, 94=200, 95=200, 96=200, 97=200, 98=200, 99=200, 200=200, 100=200, 101=200, 102=200, 103=200, 104=200, 105=200, 106=200, 107=200, 108=200, 109=200}
Number of gene trees: 200
0 trees have missing taxa
Calculating quartet distance matrix (for completion of X)
Species tree distances calculated ...
Building set of clusters (X) from gene trees 
------------------------------
gradient0: 27279
Number of Clusters after addition by distance: 27279
calculating extra bipartitions to be added at level 1 ...
Adding to X using resolutions of greedy consensus ...
Limit for sigma of degrees:5075
polytomy size limit : 51
discarded polytomies:  [3, 3, 3, 3, 3, 3, 3, 3, 3, 3, 3, 3, 3, 3, 3, 3, 3, 3, 3, 3, 3, 3, 3, 3, 3, 3, 4, 4, 4, 4, 4, 4, 4, 4, 5, 5, 5, 5, 5, 5, 5, 6, 6, 6, 6, 15, 25, 37, 51]
Threshold 0.0:
polytomy of size 3; rounds with additions with at least 5 support: 1; clusters: 27285
Threshold 0.01:
polytomy of size 6; rounds with additions with at least 5 support: 3; clusters: 27355
Threshold 0.02:
polytomy of size 6; rounds with additions with at least 5 support: 1; clusters: 27369
polytomy of size 3; rounds with additions with at least 5 support: 0; clusters: 27369
polytomy of size 3; rounds with additions with at least 5 support: 0; clusters: 27369
Threshold 0.05:
polytomy of size 6; rounds with additions with at least 5 support: 2; clusters: 27373
polytomy of size 15; rounds with additions with at least 5 support: 7; clusters: 27469
polytomy of size 3; rounds with additions with at least 5 support: 0; clusters: 27469
Threshold 0.1:
polytomy of size 4; rounds with additions with at least 5 support: 0; clusters: 27469
polytomy of size 3; rounds with additions with at least 5 support: 0; clusters: 27469
polytomy of size 25; rounds with additions with at least 5 support: 0; clusters: 27483
Threshold 0.2:
polytomy of size 4; rounds with additions with at least 5 support: 0; clusters: 27483
polytomy of size 5; rounds with additions with at least 5 support: 0; clusters: 27483
polytomy of size 3; rounds with additions with at least 5 support: 0; clusters: 27483
polytomy of size 3; rounds with additions with at least 5 support: 0; clusters: 27483
polytomy of size 3; rounds with additions with at least 5 support: 0; clusters: 27483
polytomy of size 3; rounds with additions with at least 5 support: 0; clusters: 27483
polytomy of size 3; rounds with additions with at least 5 support: 0; clusters: 27483
polytomy of size 3; rounds with additions with at least 5 support: 0; clusters: 27483
polytomy of size 3; rounds with additions with at least 5 support: 0; clusters: 27483
polytomy of size 5; rounds with additions with at least 5 support: 0; clusters: 27483
polytomy of size 3; rounds with additions with at least 5 support: 0; clusters: 27483
polytomy of size 37; rounds with additions with at least 5 support: 0; clusters: 27485
Threshold 0.3333333333333333:
polytomy of size 3; rounds with additions with at least 5 support: 0; clusters: 27485
polytomy of size 5; rounds with additions with at least 5 support: 0; clusters: 27485
polytomy of size 3; rounds with additions with at least 5 support: 0; clusters: 27485
polytomy of size 3; rounds with additions with at least 5 support: 0; clusters: 27485
polytomy of size 3; rounds with additions with at least 5 support: 0; clusters: 27485
polytomy of size 3; rounds with additions with at least 5 support: 0; clusters: 27485
polytomy of size 5; rounds with additions with at least 5 support: 0; clusters: 27485
polytomy of size 3; rounds with additions with at least 5 support: 0; clusters: 27485
polytomy of size 4; rounds with additions with at least 5 support: 0; clusters: 27485
polytomy of size 4; rounds with additions with at least 5 support: 0; clusters: 27485
polytomy of size 3; rounds with additions with at least 5 support: 0; clusters: 27485
polytomy of size 3; rounds with additions with at least 5 support: 0; clusters: 27485
polytomy of size 3; rounds with additions with at least 5 support: 0; clusters: 27485
polytomy of size 3; rounds with additions with at least 5 support: 0; clusters: 27485
polytomy of size 3; rounds with additions with at least 5 support: 0; clusters: 27485
polytomy of size 5; rounds with additions with at least 5 support: 0; clusters: 27485
polytomy of size 4; rounds with additions with at least 5 support: 0; clusters: 27485
polytomy of size 5; rounds with additions with at least 5 support: 0; clusters: 27485
polytomy of size 3; rounds with additions with at least 5 support: 0; clusters: 27485
polytomy of size 4; rounds with additions with at least 5 support: 0; clusters: 27485
polytomy of size 4; rounds with additions with at least 5 support: 0; clusters: 27485
polytomy of size 3; rounds with additions with at least 5 support: 0; clusters: 27485
polytomy of size 6; rounds with additions with at least 5 support: 0; clusters: 27485
polytomy of size 4; rounds with additions with at least 5 support: 0; clusters: 27485
polytomy of size 5; rounds with additions with at least 5 support: 0; clusters: 27485
polytomy of size 51; rounds with additions with at least 5 support: 0; clusters: 27485
max k is :14
Number of Clusters after addition by greedy: 27485
gradient0 in heuristiic: 27485
partitions formed in 14.956 secs
Dynamic Programming starting after 14.956 secs
Using tree-based weight calculation.
Using polytree-based weight calculation.
Polytree max score: 13153613529
Polytree building time: 0.282 seconds.
Number of quartet trees in the gene trees: 13153613529
Size of largest cluster: 201
Greedy score: 6582431685
estimationFactor: 1.9982909293193827
Sub-optimal score: 6996582085
Total Number of elements weighted: 45396
Normalized score (portion of input quartet trees satisfied before correcting for multiple individuals): 0.5437248344139031
Optimization score: 7151946338
Optimal tree inferred in 50.766 secs.
(16,(8,(178,((173,68),((70,((76,151),(90,(13,138)))),((87,(184,(190,143))),(125,((78,119),(198,(((142,(147,(161,73))),(66,((10,186),((33,166),(6,89))))),((162,((98,(177,22)),((139,195),(175,121)))),((((134,(101,(137,97))),((111,95),(113,(168,64)))),(((176,((20,(122,(120,15))),(31,(200,(43,(108,92)))))),((75,(25,(114,112))),((133,80),((141,187),(56,102))))),((196,(77,(183,193))),((131,((72,132),(5,(197,129)))),((45,(188,(115,(12,46)))),((100,117),(40,((93,126),(83,28))))))))),(((109,((118,(165,159)),((69,(24,59)),((58,94),(3,(51,63)))))),(((55,174),((14,(17,(153,164))),(((27,84),(30,(36,96))),(23,(105,(60,(145,(128,135)))))))),(((154,(123,(156,179))),((74,29),(189,(199,67)))),((194,(157,182)),((99,(9,32)),((71,148),(21,191))))))),((0,((110,(26,(34,(11,(88,44))))),((167,(91,(2,(155,7)))),((103,(160,169)),(150,(4,(107,(171,(81,47))))))))),(((42,(130,180)),(37,(53,49))),(((85,(82,124)),(136,(144,(106,(19,(146,170)))))),(38,(((86,(35,(50,57))),(65,((1,127),(61,(52,(185,48)))))),((104,(116,(163,181))),((39,(152,(192,79))),(149,(172,((18,158),(41,(54,(62,140))))))))))))))))))))))))));
Final quartet score is: 7151946338
Final normalized quartet score is: 0.5437248344139031
Extended species tree:
(131,(((72,132)1:0.1612187846841953,(5,(197,129)1:0.1726895684107649)1:1.8367452716132537)1:0.25866621502591547,(((45,(188,(115,(12,46)1:0.6261220624460404)0.43:0.016337583566376438)1:0.22891626754686153)1:1.051998989451059,((100,117)0.96:0.11543740573691277,(40,((93,126)1:0.6845987127257611,(83,28)1:0.9439755545236969)1:0.5352088742422866)1:0.6569277999436082)0.58:0.04366266299613477)0.82:0.07345972682637762,((196,(77,(183,193)1:0.2409786676079498)1:1.7236236370525535)1:2.024970127940571,(((176,((20,(122,(120,15)1:0.31989991044563615)1:1.4292662947570807)1:0.48012732491087157,(31,(200,(43,(108,92)1:0.2754614870256627)1:1.1927495301981546)1:0.650279255190717)1:0.41654783763466124)1:0.2659492781424757)1:0.301463880116569,((75,(25,(114,112)1:0.3697228847170024)0.69:0.07031437194698968)1:0.22812778677243759,((133,80)1:0.9663529652952889,((141,187)1:0.312900382257557,(56,102)0.48:0.05563191551126105)1:0.536742536687567)1:1.4729090230135247)1:0.6130235151517501)1:0.20530879827051832,(((134,(101,(137,97)1:1.8166092636120679)1:0.2519420389246521)1:0.47667471390543414,((111,95)0.39:0.00860536320949322,(113,(168,64)1:0.620769634541042)1:1.170135411642784)1:2.179637122422773)0.56:0.03401274689517927,((((109,((118,(165,159)1:1.060241173952344)1:0.6809888765212945,((69,(24,59)0.52:0.03255135040800896)1:2.264509747320255,((58,94)1:1.192542136592173,(3,(51,63)1:0.19534441763037125)1:1.2447487054637014)1:0.9113677666119295)1:0.7814797029350412)1:0.4829497994625499)0.85:0.08014639547637024,(((55,174)1:0.5905114236087636,((14,(17,(153,164)1:0.5649452431873723)1:1.5822479770646376)1:1.2277510397136289,(((27,84)1:0.31214071154538525,(30,(36,96)1:0.34753674427692594)0.86:0.09669450451432103)1:1.3476410258314566,(23,(105,(60,(145,(128,135)1:0.23765311490745022)0.97:0.13568062802453387)1:0.30545100675074466)1:0.6093270476125678)1:1.617906655540293)1:0.6700104014113808)1:0.700317982077446)1:0.3156210682107713,(((154,(123,(156,179)0.87:0.09464460989726117)1:1.6234065681647991)1:1.0923907492173806,((74,29)1:1.584884284054128,(189,(199,67)1:0.7174533028992652)1:0.29522313310868675)0.98:0.13726380372165964)1:1.3911979206029357,((194,(157,182)1:0.8262009762420649)0.81:0.07190902112833218,((99,(9,32)0.7:0.11342422726885396)1:2.4410675429826827,((71,148)0.55:0.033839461420727045,(21,191)1:0.24985337984456718)1:0.8143537046678495)1:0.19102970105215084)1:0.7180243424562519)0.97:0.12243955346291417)0.39:0.009229560669834483)0.42:0.012943466968171571,((0,((110,(26,(34,(11,(88,44)1:0.3132626862994467)0.79:0.08340834795528816)0.89:0.09397977974345784)0.96:0.11673999144868007)1:2.126151012885535,((167,(91,(2,(155,7)0.99:0.18012012497478364)1:0.7294429309710112)1:2.322427082384704)0.98:0.13824086354853166,((103,(160,169)1:1.1973849099319085)1:0.5608806980907418,(150,(4,(107,(171,(81,47)1:0.2212490133304281)1:0.9378182690471837)1:2.0519011626978636)0.86:0.08454108674139059)1:0.8625044721553131)0.41:0.011135806902030155)1:0.5093517007844267)0.46:0.021306580429978034)0.38:0.005227202286790359,(((42,(130,180)1:0.31275059909184394)1:3.2106139412032064,(37,(53,49)0.99:0.1542214273390658)1:0.76724236327263)1:0.6088962685427544,(((85,(82,124)1:0.47871208135788956)1:0.8227361913330707,(136,(144,(106,(19,(146,170)0.66:0.08089475925951232)0.6:0.04733170566332682)0.57:0.05371013456103273)1:1.3438238806995342)1:0.22043583855678026)1:1.3495394209491776,(38,(((86,(35,(50,57)1:1.0317247840686226)1:2.074229088171042)1:0.1950547924003552,(65,((1,127)0.92:0.102174353482412,(61,(52,(185,48)0.35:0.001478642935791762)1:0.7719593661108836)0.55:0.049473539642282946)1:1.5700076722389906)1:1.0383192887430743)0.99:0.1402079533306976,((104,(116,(163,181)1:0.499863749677892)1:0.5295498071963677)1:1.063429770435043,((39,(152,(192,79)1:0.21062804558889456)1:0.7689823708763774)1:0.19133679780983753,(149,(172,((18,158)1:1.2306802696719026,(41,(54,(62,140)0.85:0.09671109380368642)1:0.6237502328395326)1:0.6237077641733858)1:0.38000512064906056)0.5:0.02555884243674302)1:0.32057223375103727)1:0.8704651001024373)1:0.518771291208663)1:0.27521122461704955)0.56:0.04105151487178462)0.56:0.034033555284753866)1:0.19272345048894657)0.45:0.01704739814769805)0.36:0.0037983170410791716,((162,((98,(177,22)1:0.24733228553215894)1:0.8713323874098753,((139,195)1:1.404797656583142,(175,121)0.99:0.1442959750906412)1:0.7717104576521439)0.51:0.030944528998651626)1:0.6815838537561515,(((142,(147,(161,73)1:1.0108743173119856)1:0.3835920894611404)1:1.4664147537317769,(66,((10,186)1:0.6578610436869146,((33,166)1:0.8327532169192355,(6,89)1:0.2929438267399086)0.5:0.02854744115632348)1:1.3815608509992836)1:0.20648494820611038)1:0.2754856514539782,(198,((78,119)0.95:0.11065181786397997,(125,((87,(184,(190,143)1:1.5658493256519233)1:0.5903897032482809)1:0.45962791520359597,((70,((76,151)1:2.1239296850411318,(90,(13,138)1:0.3641076453771626)1:0.8929192044611184)0.99:0.1483342945058184)0.74:0.061465648705369316,((173,68)1:0.32029690287463075,(178,(8,16)1:0.25489907531110245)1:0.20328057831512564)1:0.7424001215464263)0.58:0.03779493104797335)1:0.5507489710056995)0.89:0.09210280630061943)0.48:0.028017432968970375)0.72:0.07366522076908372)0.46:0.03734897910338542)1:0.4950890707996283)1:0.23455647829355364)0.45:0.026822670065485877)1:0.25529765201158794)1:0.16233324066216948)1:0.1918277311762156));
Weight calculation took 32.730242949 secs
ASTRAL finished in 53.803 secs
