
================== ASTRAL ===================== 

This is ASTRAL version 5.7.8
Gene trees are treated as unrooted
920 trees read from Dataset/AstralII_data/model.200.2000000.0.000001/22/estimatedgenetre.halfresolved
index0
All output trees will be *arbitrarily* rooted at 179

======== Running the main analysis
Number of taxa: 201 (201 species)
Taxa: [179, 120, 49, 24, 9, 44, 66, 45, 129, 3, 15, 51, 130, 71, 100, 11, 135, 76, 194, 20, 96, 147, 167, 39, 188, 185, 63, 118, 184, 58, 94, 70, 29, 183, 99, 177, 97, 83, 42, 140, 176, 33, 93, 78, 187, 84, 41, 17, 53, 141, 112, 16, 95, 86, 113, 189, 131, 103, 110, 36, 198, 137, 145, 121, 108, 12, 127, 57, 30, 171, 160, 80, 68, 27, 7, 152, 69, 173, 46, 75, 21, 18, 163, 124, 150, 162, 72, 180, 0, 161, 48, 115, 52, 60, 142, 77, 19, 159, 132, 25, 156, 102, 8, 200, 104, 13, 54, 158, 35, 85, 34, 10, 154, 136, 26, 134, 190, 126, 191, 105, 195, 43, 133, 139, 186, 151, 98, 32, 101, 117, 146, 197, 47, 123, 5, 199, 182, 119, 82, 65, 74, 14, 61, 143, 79, 91, 2, 172, 40, 64, 166, 90, 164, 109, 6, 23, 196, 59, 107, 170, 22, 174, 175, 87, 168, 4, 178, 157, 106, 155, 38, 138, 116, 89, 148, 55, 81, 92, 62, 128, 144, 1, 181, 28, 114, 111, 67, 149, 88, 192, 56, 169, 165, 50, 73, 153, 37, 122, 125, 193, 31]
Taxon occupancy: {110=920, 111=920, 112=920, 113=920, 114=920, 115=920, 116=920, 117=920, 118=920, 119=920, 10=920, 11=920, 12=920, 13=920, 14=920, 15=920, 16=920, 17=920, 18=920, 19=920, 120=920, 121=920, 0=920, 1=920, 122=920, 123=920, 2=920, 3=920, 124=920, 4=920, 125=920, 126=920, 5=920, 127=920, 6=920, 7=920, 128=920, 129=920, 8=920, 9=920, 20=920, 21=920, 22=920, 23=920, 24=920, 25=920, 26=920, 27=920, 28=920, 29=920, 130=920, 131=920, 132=920, 133=920, 134=920, 135=920, 136=920, 137=920, 138=920, 139=920, 30=920, 31=920, 32=920, 33=920, 34=920, 35=920, 36=920, 37=920, 38=920, 39=920, 140=920, 141=920, 142=920, 143=920, 144=920, 145=920, 146=920, 147=920, 148=920, 149=920, 40=920, 41=920, 42=920, 43=920, 44=920, 45=920, 46=920, 47=920, 48=920, 49=920, 150=920, 151=920, 152=920, 153=920, 154=920, 155=920, 156=920, 157=920, 158=920, 159=920, 50=920, 51=920, 52=920, 53=920, 54=920, 55=920, 56=920, 57=920, 58=920, 59=920, 160=920, 161=920, 162=920, 163=920, 164=920, 165=920, 166=920, 167=920, 168=920, 169=920, 60=920, 61=920, 62=920, 63=920, 64=920, 65=920, 66=920, 67=920, 68=920, 69=920, 170=920, 171=920, 172=920, 173=920, 174=920, 175=920, 176=920, 177=920, 178=920, 179=920, 70=920, 71=920, 72=920, 73=920, 74=920, 75=920, 76=920, 77=920, 78=920, 79=920, 180=920, 181=920, 182=920, 183=920, 184=920, 185=920, 186=920, 187=920, 188=920, 189=920, 80=920, 81=920, 82=920, 83=920, 84=920, 85=920, 86=920, 87=920, 88=920, 89=920, 190=920, 191=920, 192=920, 193=920, 194=920, 195=920, 196=920, 197=920, 198=920, 199=920, 90=920, 91=920, 92=920, 93=920, 94=920, 95=920, 96=920, 97=920, 98=920, 99=920, 200=920, 100=920, 101=920, 102=920, 103=920, 104=920, 105=920, 106=920, 107=920, 108=920, 109=920}
Number of gene trees: 920
0 trees have missing taxa
Calculating quartet distance matrix (for completion of X)
Species tree distances calculated ...
Building set of clusters (X) from gene trees 
------------------------------
gradient0: 47809
Number of Clusters after addition by distance: 47809
calculating extra bipartitions to be added at level 1 ...
Adding to X using resolutions of greedy consensus ...
Limit for sigma of degrees:5075
polytomy size limit : 20
discarded polytomies:  [3, 3, 3, 3, 3, 3, 3, 3, 3, 3, 3, 3, 3, 3, 3, 3, 3, 3, 3, 3, 3, 4, 4, 4, 4, 4, 4, 4, 4, 4, 4, 5, 5, 6, 6, 7, 7, 8, 11, 20]
Threshold 0.0:
Threshold 0.01:
Threshold 0.02:
polytomy of size 4; rounds with additions with at least 5 support: 0; clusters: 47809
Threshold 0.05:
polytomy of size 3; rounds with additions with at least 5 support: 0; clusters: 47809
polytomy of size 3; rounds with additions with at least 5 support: 0; clusters: 47809
polytomy of size 6; rounds with additions with at least 5 support: 0; clusters: 47809
Threshold 0.1:
polytomy of size 4; rounds with additions with at least 5 support: 0; clusters: 47809
polytomy of size 3; rounds with additions with at least 5 support: 0; clusters: 47809
polytomy of size 6; rounds with additions with at least 5 support: 0; clusters: 47809
Threshold 0.2:
polytomy of size 3; rounds with additions with at least 5 support: 0; clusters: 47809
polytomy of size 3; rounds with additions with at least 5 support: 0; clusters: 47809
polytomy of size 4; rounds with additions with at least 5 support: 0; clusters: 47809
polytomy of size 7; rounds with additions with at least 5 support: 0; clusters: 47809
polytomy of size 3; rounds with additions with at least 5 support: 0; clusters: 47809
polytomy of size 3; rounds with additions with at least 5 support: 0; clusters: 47809
polytomy of size 4; rounds with additions with at least 5 support: 0; clusters: 47809
polytomy of size 3; rounds with additions with at least 5 support: 0; clusters: 47809
polytomy of size 4; rounds with additions with at least 5 support: 0; clusters: 47809
polytomy of size 11; rounds with additions with at least 5 support: 0; clusters: 47809
Threshold 0.3333333333333333:
polytomy of size 4; rounds with additions with at least 5 support: 0; clusters: 47809
polytomy of size 3; rounds with additions with at least 5 support: 0; clusters: 47809
polytomy of size 3; rounds with additions with at least 5 support: 0; clusters: 47809
polytomy of size 4; rounds with additions with at least 5 support: 0; clusters: 47809
polytomy of size 3; rounds with additions with at least 5 support: 0; clusters: 47809
polytomy of size 4; rounds with additions with at least 5 support: 0; clusters: 47809
polytomy of size 4; rounds with additions with at least 5 support: 0; clusters: 47809
polytomy of size 3; rounds with additions with at least 5 support: 0; clusters: 47809
polytomy of size 3; rounds with additions with at least 5 support: 0; clusters: 47809
polytomy of size 5; rounds with additions with at least 5 support: 0; clusters: 47809
polytomy of size 8; rounds with additions with at least 5 support: 0; clusters: 47809
polytomy of size 3; rounds with additions with at least 5 support: 0; clusters: 47809
polytomy of size 3; rounds with additions with at least 5 support: 0; clusters: 47809
polytomy of size 3; rounds with additions with at least 5 support: 0; clusters: 47809
polytomy of size 5; rounds with additions with at least 5 support: 0; clusters: 47809
polytomy of size 3; rounds with additions with at least 5 support: 0; clusters: 47809
polytomy of size 3; rounds with additions with at least 5 support: 0; clusters: 47809
polytomy of size 7; rounds with additions with at least 5 support: 0; clusters: 47809
polytomy of size 3; rounds with additions with at least 5 support: 0; clusters: 47809
polytomy of size 3; rounds with additions with at least 5 support: 0; clusters: 47809
polytomy of size 20; rounds with additions with at least 5 support: 0; clusters: 47809
polytomy of size 4; rounds with additions with at least 5 support: 0; clusters: 47809
polytomy of size 3; rounds with additions with at least 5 support: 0; clusters: 47809
max k is :0
Number of Clusters after addition by greedy: 47809
gradient0 in heuristiic: 47809
partitions formed in 47.091 secs
Dynamic Programming starting after 47.092 secs
Using tree-based weight calculation.
Using polytree-based weight calculation.
Polytree max score: 60673428276
Polytree building time: 4.968 seconds.
Number of quartet trees in the gene trees: 60673428276
Size of largest cluster: 201
Greedy score: 37494925237
estimationFactor: 1.6181770704299858
Sub-optimal score: 41536812256
Calculated 100000 weights; time (seconds): 263
Total Number of elements weighted: 193558
Normalized score (portion of input quartet trees satisfied before correcting for multiple individuals): 0.702617435956933
Optimization score: 42630208606
Optimal tree inferred in 458.721 secs.
(166,(((59,(196,(6,23))),((109,(90,164)),(107,(170,22)))),((((40,64),(172,(91,2))),(((157,106),(138,(155,38))),(174,((87,168),(178,(175,4)))))),((143,79),(61,(((123,((74,14),((5,199),((182,119),(82,65))))),(((7,(27,(152,69))),(173,(18,(75,(46,21))))),(60,((142,77),((159,200),((104,(8,(132,25))),(19,(13,(156,102))))))))),(((((149,(111,(114,67))),((88,192),((56,169),(165,50)))),((148,(116,89)),((144,(1,181)),(28,((55,81),(92,(62,128))))))),(0,((161,(52,(48,115))),(((120,49),(24,(44,(9,66)))),((179,(20,(96,(147,(76,194))))),((11,(100,135)),(129,(45,(15,(3,(51,(130,71)))))))))))),(((37,122),((73,153),(125,(193,31)))),(((36,(110,198)),((((131,103),(150,(163,124))),((162,(72,180)),((95,(78,187)),(86,(113,189))))),((84,((17,(41,141)),(112,(53,16)))),(((137,57),(127,30)),((160,(80,(171,68))),(145,(121,(108,12)))))))),((167,(((185,63),(118,184)),((188,(42,(58,(93,(33,(140,176)))))),((94,(70,29)),(183,(83,(97,(99,177)))))))),((186,((47,(117,(146,197))),(151,(139,(101,(98,32)))))),(((136,(26,134)),(158,(39,(34,10)))),(((35,85),(54,190)),(154,(126,(191,(105,(133,(195,43)))))))))))))))))));
Final quartet score is: 42630208606
Final normalized quartet score is: 0.702617435956933
Extended species tree:
(179,((20,(96,(147,(76,194)1:0.1157238993294789)1:1.5269948474261648)1:0.6154348069859479)1:0.5758326347735205,(((11,(100,135)1:0.24668946264919484)1:3.4660016019007163,(129,(45,(15,(3,(51,(130,71)1:1.1151216430150273)0.66:0.023812257238630712)1:0.11044506547834171)1:0.5599811080297616)1:0.46095479731683353)1:1.116917550796035)1:0.435875334208205,(((120,49)1:0.8362688154911478,(24,(44,(9,66)0.89:0.04725157429381477)1:0.21595403689990667)1:1.5139340821100742)1:2.095120061208,((161,(52,(48,115)0.99:0.06667493944858782)1:1.069423067507702)1:3.9500461298641274,(0,((((149,(111,(114,67)1:0.5402602827282174)1:0.08085670483083883)1:1.6196831496298187,((88,192)1:1.9849365287240048,((56,169)1:0.9007839872929455,(165,50)1:1.4806462243009921)1:0.765337716430939)1:0.11029411688199665)1:3.054176742949589,((148,(116,89)1:0.20251188045215635)1:3.665035270195555,((144,(1,181)1:1.3256949738016728)1:1.0990917728552712,(28,((55,81)1:0.8531327924201174,(92,(62,128)1:0.5230310967615959)1:1.8354109726902355)1:0.7676648664026635)0.97:0.05631449852319263)1:2.1524978088922992)1:0.18831002388083506)1:0.44546699069912243,((((37,122)1:4.04480764990418,((73,153)1:1.3711542672532573,(125,(193,31)1:0.46347394296428795)1:0.8899045599903876)1:1.478688479003881)1:1.0424099644530496,(((36,(110,198)1:0.4135719114296526)1:2.2564682116818,((((131,103)1:0.6615247649144661,(150,(163,124)1:0.8407678890166893)1:0.43204701088913)1:0.16790665734658727,((162,(72,180)1:0.733012050634138)1:2.3743098398258886,((95,(78,187)1:1.569434375966856)1:0.8871812963551153,(86,(113,189)1:0.9602076598566127)1:1.3350953110093557)1:1.1308376049205089)1:0.1556334053193681)1:0.2039798699201781,((84,((17,(41,141)1:0.45375779559664736)1:0.37577092726709455,(112,(53,16)1:1.0464193240872668)1:0.599423377469869)1:0.31581466307743855)1:1.4565270018042573,(((137,57)1:0.2615975002239353,(127,30)1:0.5095651350090441)1:1.9359018886547708,((160,(80,(171,68)1:0.1658158674436895)1:0.22004602071570203)1:1.903795952168002,(145,(121,(108,12)0.92:0.04618746398598395)1:0.690496759217474)1:1.3802790239942901)1:0.30556777970511934)1:0.8338368395808808)1:1.0155980332562784)1:1.1975847165824172)1:0.17612061117416655,((167,(((185,63)1:2.1060866815675707,(118,184)1:1.2802562784569798)1:1.1420614810468508,((188,(42,(58,(93,(33,(140,176)1:0.23692039468662773)1:0.5407808526588636)1:0.33864840618918435)0.88:0.04021965239205838)1:1.0009956992780185)1:0.26558080097815556,((94,(70,29)1:0.75849724685338)1:0.535334020856328,(183,(83,(97,(99,177)1:0.3815535319487703)1:0.46276019792663603)1:1.5626626225124711)1:0.27966867960298836)1:0.3901866668236331)1:0.7654057607919275)1:1.807318376825486)0.97:0.05612775991903547,((186,((47,(117,(146,197)1:1.7977992470055493)1:1.0482398913035966)1:0.5901434224161988,(151,(139,(101,(98,32)1:0.14015469406559114)1:0.5672853456383924)1:0.5953277563200284)1:1.4366863057824357)0.82:0.036597753666977054)1:1.084984666658243,(((136,(26,134)1:0.3972287043821082)1:1.677357166073261,(158,(39,(34,10)1:0.2468844687432865)1:0.6624092034790444)1:0.2541760119823016)1:0.2256473849821399,(((35,85)1:3.090829942542235,(54,190)1:1.454543112443267)1:0.2819050432297878,(154,(126,(191,(105,(133,(195,43)0.99:0.06820267094779979)1:0.23178603413035107)1:0.5953452029301186)1:0.5564172952235437)1:2.2532133271797354)1:0.2594557009493137)1:0.3275669736104639)1:0.4869365879520992)1:0.453999662999699)1:0.31317998625240273)1:0.3696117723368615)0.66:0.023899863115373333,(((123,((74,14)1:1.9852445073340057,((5,199)1:1.438899668527475,((182,119)1:1.0024891708189225,(82,65)1:0.6047265004545588)1:0.7424228494373559)1:0.3322953343080097)1:1.5287686491876522)1:1.7868267553539663,(((7,(27,(152,69)1:1.7632548433748476)1:0.46899060095208045)0.9:0.0492699109336651,(173,(18,(75,(46,21)1:0.36414738564635646)0.96:0.056551633484481445)1:1.0054949205230452)1:0.3981665233485863)1:1.813104077834811,(60,((142,77)1:2.6450866748483124,((159,200)1:1.2640915244422508,((104,(8,(132,25)1:1.5279091255500556)0.64:0.024907073687744034)1:0.6969137979561465,(19,(13,(156,102)1:1.408900133093733)1:0.1402861174298948)0.4:0.005478800718243836)0.87:0.040008237579784306)1:0.5968121362766996)1:0.11098536968801129)1:2.0294976397160807)1:1.0354547861982888)1:0.5760256533761202,(61,((143,79)1:3.5092759727790157,((((40,64)1:1.6101884715521464,(172,(91,2)1:0.23840746549217304)1:0.8477869799363005)1:1.4732820584375967,(((157,106)1:2.695124625722218,(138,(155,38)0.93:0.0469084948865261)1:1.3865700689525096)0.62:0.02794697026049877,(174,((87,168)1:0.29026807571923496,(178,(175,4)1:0.4017842582465985)0.76:0.03127273763497688)1:0.6522126591856733)1:1.4429839499300343)1:0.8995426176677902)1:0.09013467862348758,(((59,(196,(6,23)1:1.1025539242135685)0.74:0.034737443373085215)1:0.2318650006058075,((109,(90,164)1:0.27342601900616903)0.94:0.05022703518408191,(107,(170,22)1:1.5335542263158444)0.99:0.06943835735893114)0.64:0.02154382185575945)1:0.72661191956276,166)1:1.2512979368501826)1:0.37330434046867417)1:0.22062321036534674)1:1.2614801411195173)0.61:0.019132127459379474)0.94:0.049991569025106465)1:0.07473166357948648)1:0.11584703608717112)1:1.5687747382724764)1:0.18260548559382733)1:1.434416173159824));
Weight calculation took 388.572689208 secs
ASTRAL finished in 468.256 secs
