
================== ASTRAL ===================== 

This is ASTRAL version 5.7.8
Gene trees are treated as unrooted
50 trees read from Dataset/AstralII_data/model.200.2000000.0.000001/22/estimatedgenetre.halfresolved_50
index0
All output trees will be *arbitrarily* rooted at 179

======== Running the main analysis
Number of taxa: 201 (201 species)
Taxa: [179, 120, 49, 24, 9, 44, 66, 45, 129, 3, 15, 51, 130, 71, 100, 11, 135, 76, 194, 20, 96, 147, 167, 39, 188, 185, 63, 118, 184, 58, 94, 70, 29, 183, 99, 177, 97, 83, 42, 140, 176, 33, 93, 78, 187, 84, 41, 17, 53, 141, 112, 16, 95, 86, 113, 189, 131, 103, 110, 36, 198, 137, 145, 121, 108, 12, 127, 57, 30, 171, 160, 80, 68, 27, 7, 152, 69, 173, 46, 75, 21, 18, 163, 124, 150, 162, 72, 180, 0, 161, 48, 115, 52, 60, 142, 77, 19, 159, 132, 25, 156, 102, 8, 200, 104, 13, 54, 158, 35, 85, 34, 10, 154, 136, 26, 134, 190, 126, 191, 105, 195, 43, 133, 139, 186, 151, 98, 32, 101, 117, 146, 197, 47, 123, 5, 199, 182, 119, 82, 65, 74, 14, 61, 143, 79, 91, 2, 172, 40, 64, 166, 90, 164, 109, 6, 23, 196, 59, 107, 170, 22, 174, 175, 87, 168, 4, 178, 157, 106, 155, 38, 138, 116, 89, 148, 55, 81, 92, 62, 128, 144, 1, 181, 28, 114, 111, 67, 149, 88, 192, 56, 169, 165, 50, 73, 153, 37, 122, 125, 193, 31]
Taxon occupancy: {110=50, 111=50, 112=50, 113=50, 114=50, 115=50, 116=50, 117=50, 118=50, 119=50, 10=50, 11=50, 12=50, 13=50, 14=50, 15=50, 16=50, 17=50, 18=50, 19=50, 120=50, 121=50, 0=50, 1=50, 122=50, 123=50, 2=50, 3=50, 124=50, 4=50, 125=50, 126=50, 5=50, 127=50, 6=50, 7=50, 128=50, 129=50, 8=50, 9=50, 20=50, 21=50, 22=50, 23=50, 24=50, 25=50, 26=50, 27=50, 28=50, 29=50, 130=50, 131=50, 132=50, 133=50, 134=50, 135=50, 136=50, 137=50, 138=50, 139=50, 30=50, 31=50, 32=50, 33=50, 34=50, 35=50, 36=50, 37=50, 38=50, 39=50, 140=50, 141=50, 142=50, 143=50, 144=50, 145=50, 146=50, 147=50, 148=50, 149=50, 40=50, 41=50, 42=50, 43=50, 44=50, 45=50, 46=50, 47=50, 48=50, 49=50, 150=50, 151=50, 152=50, 153=50, 154=50, 155=50, 156=50, 157=50, 158=50, 159=50, 50=50, 51=50, 52=50, 53=50, 54=50, 55=50, 56=50, 57=50, 58=50, 59=50, 160=50, 161=50, 162=50, 163=50, 164=50, 165=50, 166=50, 167=50, 168=50, 169=50, 60=50, 61=50, 62=50, 63=50, 64=50, 65=50, 66=50, 67=50, 68=50, 69=50, 170=50, 171=50, 172=50, 173=50, 174=50, 175=50, 176=50, 177=50, 178=50, 179=50, 70=50, 71=50, 72=50, 73=50, 74=50, 75=50, 76=50, 77=50, 78=50, 79=50, 180=50, 181=50, 182=50, 183=50, 184=50, 185=50, 186=50, 187=50, 188=50, 189=50, 80=50, 81=50, 82=50, 83=50, 84=50, 85=50, 86=50, 87=50, 88=50, 89=50, 190=50, 191=50, 192=50, 193=50, 194=50, 195=50, 196=50, 197=50, 198=50, 199=50, 90=50, 91=50, 92=50, 93=50, 94=50, 95=50, 96=50, 97=50, 98=50, 99=50, 200=50, 100=50, 101=50, 102=50, 103=50, 104=50, 105=50, 106=50, 107=50, 108=50, 109=50}
Number of gene trees: 50
0 trees have missing taxa
Calculating quartet distance matrix (for completion of X)
Species tree distances calculated ...
Building set of clusters (X) from gene trees 
------------------------------
gradient0: 6425
Number of Clusters after addition by distance: 6425
calculating extra bipartitions to be added at level 1 ...
Adding to X using resolutions of greedy consensus ...
Limit for sigma of degrees:5075
polytomy size limit : 19
discarded polytomies:  [3, 3, 3, 3, 3, 3, 3, 3, 3, 3, 3, 3, 3, 3, 3, 3, 3, 3, 3, 3, 3, 3, 4, 4, 4, 4, 5, 5, 5, 5, 5, 5, 6, 6, 6, 7, 8, 9, 19]
Threshold 0.0:
Threshold 0.01:
Threshold 0.02:
Threshold 0.05:
polytomy of size 3; rounds with additions with at least 5 support: 0; clusters: 6425
polytomy of size 3; rounds with additions with at least 5 support: 0; clusters: 6427
polytomy of size 5; rounds with additions with at least 5 support: 4; clusters: 6443
Threshold 0.1:
polytomy of size 3; rounds with additions with at least 5 support: 0; clusters: 6443
polytomy of size 3; rounds with additions with at least 5 support: 0; clusters: 6443
polytomy of size 3; rounds with additions with at least 5 support: 0; clusters: 6443
polytomy of size 6; rounds with additions with at least 5 support: 0; clusters: 6447
Threshold 0.2:
polytomy of size 6; rounds with additions with at least 5 support: 0; clusters: 6451
polytomy of size 3; rounds with additions with at least 5 support: 0; clusters: 6451
polytomy of size 3; rounds with additions with at least 5 support: 0; clusters: 6451
polytomy of size 5; rounds with additions with at least 5 support: 0; clusters: 6451
polytomy of size 4; rounds with additions with at least 5 support: 0; clusters: 6453
polytomy of size 3; rounds with additions with at least 5 support: 0; clusters: 6453
polytomy of size 3; rounds with additions with at least 5 support: 0; clusters: 6453
polytomy of size 5; rounds with additions with at least 5 support: 0; clusters: 6453
polytomy of size 9; rounds with additions with at least 5 support: 0; clusters: 6459
Threshold 0.3333333333333333:
polytomy of size 3; rounds with additions with at least 5 support: 0; clusters: 6459
polytomy of size 5; rounds with additions with at least 5 support: 0; clusters: 6459
polytomy of size 3; rounds with additions with at least 5 support: 0; clusters: 6459
polytomy of size 4; rounds with additions with at least 5 support: 0; clusters: 6459
polytomy of size 5; rounds with additions with at least 5 support: 0; clusters: 6459
polytomy of size 8; rounds with additions with at least 5 support: 0; clusters: 6459
polytomy of size 3; rounds with additions with at least 5 support: 0; clusters: 6459
polytomy of size 3; rounds with additions with at least 5 support: 0; clusters: 6459
polytomy of size 5; rounds with additions with at least 5 support: 0; clusters: 6459
polytomy of size 3; rounds with additions with at least 5 support: 0; clusters: 6459
polytomy of size 7; rounds with additions with at least 5 support: 0; clusters: 6459
polytomy of size 3; rounds with additions with at least 5 support: 0; clusters: 6459
polytomy of size 3; rounds with additions with at least 5 support: 0; clusters: 6459
polytomy of size 3; rounds with additions with at least 5 support: 0; clusters: 6459
polytomy of size 3; rounds with additions with at least 5 support: 0; clusters: 6459
polytomy of size 3; rounds with additions with at least 5 support: 0; clusters: 6459
polytomy of size 4; rounds with additions with at least 5 support: 0; clusters: 6459
polytomy of size 6; rounds with additions with at least 5 support: 0; clusters: 6459
polytomy of size 3; rounds with additions with at least 5 support: 0; clusters: 6459
polytomy of size 3; rounds with additions with at least 5 support: 0; clusters: 6459
polytomy of size 19; rounds with additions with at least 5 support: 0; clusters: 6463
polytomy of size 4; rounds with additions with at least 5 support: 0; clusters: 6463
polytomy of size 3; rounds with additions with at least 5 support: 0; clusters: 6463
max k is :8
Number of Clusters after addition by greedy: 6463
gradient0 in heuristiic: 6463
partitions formed in 10.543 secs
Dynamic Programming starting after 10.543 secs
Using tree-based weight calculation.
Using polytree-based weight calculation.
Polytree max score: 3298160169
Polytree building time: 0.3 seconds.
Number of quartet trees in the gene trees: 3298160169
Size of largest cluster: 201
Greedy score: 2163883162
estimationFactor: 1.524185883470542
Sub-optimal score: 2171361236
Total Number of elements weighted: 10577
Normalized score (portion of input quartet trees satisfied before correcting for multiple individuals): 0.6856073010807135
Optimization score: 2261242692
Optimal tree inferred in 15.499 secs.
(166,(((109,(196,(59,(6,23)))),((170,22),(107,(90,164)))),((((40,64),(172,(91,2))),((138,(155,38)),((157,106),(174,((175,4),(178,(87,168))))))),((61,(143,79)),(((123,((74,14),((5,199),((182,119),(82,65))))),(((27,(152,69)),(7,(173,(18,(75,(46,21)))))),(60,((142,77),((159,200),((156,102),(19,(13,(8,(104,(132,25))))))))))),((((((111,149),(114,67)),((88,192),((56,169),(165,50)))),((148,(116,89)),(28,((144,(1,181)),((55,81),(92,(62,128))))))),(0,((161,(52,(48,115))),(((120,49),(24,(9,(44,66)))),((179,(20,(96,(194,(76,147))))),((11,(100,135)),(129,(45,(15,(3,(51,(130,71)))))))))))),(((37,122),((73,153),(125,(193,31)))),(((36,(110,198)),((((131,103),(150,(163,124))),((162,(72,180)),((95,(78,187)),(86,(113,189))))),((84,((17,(41,141)),(112,(53,16)))),((57,(137,(127,30))),((160,(68,(171,80))),(145,(108,(121,12)))))))),((167,(((118,184),(185,63)),(188,((42,(93,(58,(33,(140,176))))),((94,(70,29)),(183,(83,(97,(99,177))))))))),(((47,(117,(146,197))),(186,(151,(139,(101,(98,32)))))),((136,(26,134)),((158,(39,(34,10))),(((35,85),(54,190)),(154,(126,(191,(105,(133,(195,43)))))))))))))))))));
Final quartet score is: 2261242692
Final normalized quartet score is: 0.6856073010807135
Extended species tree:
(179,((20,(96,(194,(76,147)0.48:0.03815176596437617)1:1.2955441029333121)1:0.5486296126561429)1:0.42445318145862126,(((11,(100,135)0.96:0.25215894062524835)1:2.8583969148431767,(129,(45,(15,(3,(51,(130,71)1:0.9952089943816195)0.42:0.02936218377293566)0.77:0.14069742924402137)1:0.5492452062241072)1:0.47359709916462434)1:0.9552782240735345)0.99:0.33069612585502206,(((120,49)1:0.7736239548056818,(24,(9,(44,66)0.77:0.15754490140894256)0.99:0.3267450199127218)1:1.356581145513462)1:1.762981472980687,((161,(52,(48,115)0.43:0.041036685713057804)1:1.2139231351791042)1:2.87701596671461,(0,(((((111,149)0.53:0.05753770343807339,(114,67)1:0.5787368293822012)1:1.330494247673119,((88,192)1:1.5907189358893656,((56,169)1:1.3344089665257188,(165,50)1:1.389295563852788)1:0.745072614761746)0.95:0.23455030557795745)1:2.4578901251457115,((148,(116,89)0.97:0.2674793651342614)1:3.522722834173337,(28,((144,(1,181)1:2.138606255037982)1:0.8439913345992042,((55,81)1:0.654515337774059,(92,(62,128)0.98:0.2876820724517809)1:2.5720867035090773)1:0.6748756265699215)0.37:0.00372424666684029)1:2.182798325581786)0.98:0.28351523252338356)1:0.4792206510787966,((((37,122)1:3.516406150900565,((73,153)1:1.3381912461014969,(125,(193,31)1:0.48197958164351923)1:0.7683277589590113)1:1.4079257062953343)1:0.9420483346681232,(((36,(110,198)0.97:0.26845825565794196)1:1.4334637814342137,((((131,103)1:0.5069710899219662,(150,(163,124)1:0.6543471094655996)0.98:0.2711407382316847)0.62:0.11228608059666328,((162,(72,180)1:0.9121250234664526)1:2.055792132266762,((95,(78,187)1:1.3412763091773532)1:0.9585225096837799,(86,(113,189)1:1.203366866113092)1:1.3867976577231973)1:0.8622530733043542)0.89:0.18041712989533584)0.78:0.13307300817292683,((84,((17,(41,141)0.6:0.09703471369795728)1:0.4851041504954701,(112,(53,16)1:0.9467791741181595)1:0.5934657438125782)0.98:0.2912289940113222)1:1.2163673478668207,((57,(137,(127,30)1:0.5970033200070429)0.64:0.110421008463846)1:1.7905022351067663,((160,(68,(171,80)0.38:0.011532654418493262)0.97:0.25695706841480775)1:1.5508269544757585,(145,(108,(121,12)0.44:0.05220507926950121)1:1.0642108619507773)1:1.375647757336858)0.97:0.26506162133564803)1:0.7530244544144311)1:1.102210251066122)1:1.0091830056012985)0.93:0.20854692269340006,((167,(((118,184)1:1.2262958362208631,(185,63)1:2.14006616349627)1:1.0071586277669067,(188,((42,(93,(58,(33,(140,176)0.97:0.2676814057451113)1:0.49506633518782583)0.76:0.1454456948870034)0.56:0.06749673850501814)1:1.1611270646849976,((94,(70,29)1:0.642180736967918)1:0.5459260146043097,(183,(83,(97,(99,177)1:0.40160036899827545)0.67:0.10125937197584584)1:1.759066212387138)0.98:0.2701055113847333)0.92:0.20456566475378543)0.63:0.10286010548666398)1:0.7338455755837721)1:1.1972966955657247)0.73:0.11791637961406731,(((47,(117,(146,197)1:1.5611674687822281)1:0.914960241696972)1:0.49278578110875615,(186,(151,(139,(101,(98,32)0.88:0.2087003212773162)1:0.642982322491638)1:0.37666290680836667)1:1.4906498515674926)0.48:0.07672784026209316)1:1.239397253869349,((136,(26,134)1:0.5308808082045661)1:1.368032891763108,((158,(39,(34,10)0.97:0.27331881519520074)1:0.43820641016145717)0.99:0.3151254156845783,(((35,85)1:2.900123541724758,(54,190)1:1.261465198956305)0.99:0.31505790626824953,(154,(126,(191,(105,(133,(195,43)0.53:0.0551840795362311)0.99:0.3073810781738563)0.97:0.26879716111532653)1:0.6342635743016882)1:2.043351160234498)0.98:0.28347667133302945)0.95:0.23026244754630207)0.56:0.07061495388361656)1:0.5522692144620486)1:0.428580815637889)0.89:0.18411457744734255)0.97:0.2572711428125204)0.61:0.07716851336516767,(((123,((74,14)1:1.8403653951898178,((5,199)1:1.4469786940914873,((182,119)1:0.8064254206882356,(82,65)1:0.5197612411886123)1:0.6488921715559043)1:0.4779990738445216)1:1.6417166532854557)1:2.022500833044295,(((27,(152,69)1:2.3637622664289117)1:0.44237565613486257,(7,(173,(18,(75,(46,21)1:0.39519514409279366)0.69:0.13454787643692726)1:0.9552476275875739)1:0.4803090813656574)0.8:0.14093030832489073)1:1.5237420013649332,(60,((142,77)1:1.7689367072779467,((159,200)1:1.15975614825518,((156,102)1:1.278072961506952,(19,(13,(8,(104,(132,25)1:1.53426836905542)0.49:0.04514801489362125)1:0.6379401189039361)0.39:0.011465467836272987)0.49:0.061375248949317576)0.59:0.08289733336823078)1:0.5467250878831744)0.89:0.1853895370358255)1:1.5253545743747468)1:0.9331226394977353)0.87:0.17127600434015872,((61,(143,79)1:3.117534068805292)0.48:0.04403473839627818,((((40,64)1:1.369557291954692,(172,(91,2)0.88:0.17816564377555683)1:0.6912383037056363)1:1.3401799347773211,((138,(155,38)0.67:0.0942954412599024)1:1.3112193083136439,((157,106)1:2.120720864900357,(174,((175,4)0.99:0.3340193762775015,(178,(87,168)0.98:0.2890992201735165)0.38:0.007478653511866191)1:0.5985128642199842)1:1.038780422328141)0.4:0.015330984609027107)1:0.9283859737121075)0.54:0.05762331094437867,(((109,(196,(59,(6,23)1:0.5761903044654314)0.93:0.21883520671240594)0.84:0.15633015769901304)0.39:0.011050611753437266,((170,22)1:1.4959555753053952,(107,(90,164)1:0.5322656354358648)0.37:0.0028079825543208124)0.7:0.14881224292842413)1:0.7165565109379626,166)1:1.1537592658914388)1:0.36054139548237996)1:1.4023929845533443)0.66:0.09769006474828246)0.5:0.04420922213100814)0.52:0.05259440709870881)0.48:0.03837928226570329)1:1.4665296643695767)0.55:0.0650927940296671)1:1.119956997685443));
Weight calculation took 3.579175211 secs
ASTRAL finished in 17.371 secs
