
================== ASTRAL ===================== 

This is ASTRAL version 5.7.8
Gene trees are treated as unrooted
50 trees read from Dataset/AstralII_data/model.200.2000000.0.000001/02/estimatedgenetre.halfresolved_50
index0
All output trees will be *arbitrarily* rooted at 73

======== Running the main analysis
Number of taxa: 201 (201 species)
Taxa: [73, 96, 176, 21, 163, 165, 19, 94, 200, 24, 35, 70, 154, 169, 198, 71, 59, 10, 124, 181, 67, 60, 86, 149, 83, 116, 199, 23, 1, 109, 123, 132, 119, 126, 164, 17, 146, 101, 89, 47, 152, 2, 48, 38, 80, 72, 85, 22, 130, 97, 65, 196, 140, 114, 45, 167, 52, 170, 61, 20, 129, 192, 178, 5, 189, 133, 56, 69, 117, 148, 187, 7, 99, 31, 151, 8, 9, 42, 120, 127, 93, 183, 40, 158, 39, 18, 161, 171, 112, 98, 15, 50, 177, 87, 191, 29, 135, 44, 105, 160, 108, 37, 168, 172, 66, 32, 95, 62, 34, 92, 82, 118, 14, 142, 174, 16, 12, 156, 147, 110, 90, 6, 173, 138, 103, 76, 43, 153, 78, 157, 46, 27, 143, 4, 58, 3, 193, 188, 122, 49, 175, 150, 121, 179, 136, 194, 186, 106, 63, 25, 75, 57, 155, 33, 51, 91, 36, 185, 28, 55, 159, 115, 128, 144, 53, 195, 13, 54, 81, 113, 88, 134, 131, 64, 180, 11, 77, 190, 139, 102, 100, 0, 125, 84, 166, 197, 107, 141, 137, 162, 79, 111, 41, 74, 182, 30, 145, 26, 184, 68, 104]
Taxon occupancy: {110=50, 111=50, 112=50, 113=50, 114=50, 115=50, 116=50, 117=50, 118=50, 119=50, 10=50, 11=50, 12=50, 13=50, 14=50, 15=50, 16=50, 17=50, 18=50, 19=50, 120=50, 121=50, 0=50, 1=50, 122=50, 123=50, 2=50, 124=50, 3=50, 4=50, 125=50, 126=50, 5=50, 127=50, 6=50, 7=50, 128=50, 129=50, 8=50, 9=50, 20=50, 21=50, 22=50, 23=50, 24=50, 25=50, 26=50, 27=50, 28=50, 29=50, 130=50, 131=50, 132=50, 133=50, 134=50, 135=50, 136=50, 137=50, 138=50, 139=50, 30=50, 31=50, 32=50, 33=50, 34=50, 35=50, 36=50, 37=50, 38=50, 39=50, 140=50, 141=50, 142=50, 143=50, 144=50, 145=50, 146=50, 147=50, 148=50, 149=50, 40=50, 41=50, 42=50, 43=50, 44=50, 45=50, 46=50, 47=50, 48=50, 49=50, 150=50, 151=50, 152=50, 153=50, 154=50, 155=50, 156=50, 157=50, 158=50, 159=50, 50=50, 51=50, 52=50, 53=50, 54=50, 55=50, 56=50, 57=50, 58=50, 59=50, 160=50, 161=50, 162=50, 163=50, 164=50, 165=50, 166=50, 167=50, 168=50, 169=50, 60=50, 61=50, 62=50, 63=50, 64=50, 65=50, 66=50, 67=50, 68=50, 69=50, 170=50, 171=50, 172=50, 173=50, 174=50, 175=50, 176=50, 177=50, 178=50, 179=50, 70=50, 71=50, 72=50, 73=50, 74=50, 75=50, 76=50, 77=50, 78=50, 79=50, 180=50, 181=50, 182=50, 183=50, 184=50, 185=50, 186=50, 187=50, 188=50, 189=50, 80=50, 81=50, 82=50, 83=50, 84=50, 85=50, 86=50, 87=50, 88=50, 89=50, 190=50, 191=50, 192=50, 193=50, 194=50, 195=50, 196=50, 197=50, 198=50, 199=50, 90=50, 91=50, 92=50, 93=50, 94=50, 95=50, 96=50, 97=50, 98=50, 99=50, 200=50, 100=50, 101=50, 102=50, 103=50, 104=50, 105=50, 106=50, 107=50, 108=50, 109=50}
Number of gene trees: 50
0 trees have missing taxa
Calculating quartet distance matrix (for completion of X)
Species tree distances calculated ...
Building set of clusters (X) from gene trees 
------------------------------
gradient0: 5351
Number of Clusters after addition by distance: 5351
calculating extra bipartitions to be added at level 1 ...
Adding to X using resolutions of greedy consensus ...
Limit for sigma of degrees:5075
polytomy size limit : 20
discarded polytomies:  [3, 3, 3, 3, 3, 3, 3, 3, 3, 4, 5, 5, 6, 7, 7, 8, 16, 20]
Threshold 0.0:
Threshold 0.01:
Threshold 0.02:
Threshold 0.05:
polytomy of size 5; rounds with additions with at least 5 support: 3; clusters: 5365
Threshold 0.1:
polytomy of size 3; rounds with additions with at least 5 support: 0; clusters: 5365
polytomy of size 3; rounds with additions with at least 5 support: 0; clusters: 5365
polytomy of size 3; rounds with additions with at least 5 support: 0; clusters: 5365
polytomy of size 8; rounds with additions with at least 5 support: 1; clusters: 5377
Threshold 0.2:
polytomy of size 7; rounds with additions with at least 5 support: 0; clusters: 5377
polytomy of size 5; rounds with additions with at least 5 support: 0; clusters: 5377
polytomy of size 16; rounds with additions with at least 5 support: 0; clusters: 5379
Threshold 0.3333333333333333:
polytomy of size 3; rounds with additions with at least 5 support: 0; clusters: 5379
polytomy of size 3; rounds with additions with at least 5 support: 0; clusters: 5379
polytomy of size 3; rounds with additions with at least 5 support: 0; clusters: 5379
polytomy of size 6; rounds with additions with at least 5 support: 0; clusters: 5379
polytomy of size 3; rounds with additions with at least 5 support: 0; clusters: 5379
polytomy of size 3; rounds with additions with at least 5 support: 0; clusters: 5379
polytomy of size 3; rounds with additions with at least 5 support: 0; clusters: 5379
polytomy of size 7; rounds with additions with at least 5 support: 0; clusters: 5379
polytomy of size 20; rounds with additions with at least 5 support: 0; clusters: 5383
polytomy of size 4; rounds with additions with at least 5 support: 0; clusters: 5383
max k is :6
Number of Clusters after addition by greedy: 5383
gradient0 in heuristiic: 5383
partitions formed in 7.476 secs
Dynamic Programming starting after 7.476 secs
Using tree-based weight calculation.
Using polytree-based weight calculation.
Polytree max score: 3299916906
Polytree building time: 0.109 seconds.
Number of quartet trees in the gene trees: 3299916906
Size of largest cluster: 201
Greedy score: 1977403750
estimationFactor: 1.6688129098571802
Sub-optimal score: 2246164818
Total Number of elements weighted: 8139
Normalized score (portion of input quartet trees satisfied before correcting for multiple individuals): 0.7053328978581257
Optimization score: 2327539954
Optimal tree inferred in 10.056 secs.
(13,((51,(33,91)),(((36,185),(159,115)),(((53,195),(54,81)),((28,(55,(128,144))),((25,75),((57,155),(((180,11),(113,(131,(64,(88,134))))),(((162,(74,(79,(111,41)))),(125,((84,166),(197,(141,(107,137)))))),((0,(77,((190,139),(102,100)))),((((4,58),(((76,(103,(27,143))),((43,153),(157,(78,46)))),(174,((90,(6,(173,138))),((16,12),(110,(156,147))))))),((((14,142),(160,(92,(34,(82,118))))),((108,(37,168)),((95,62),(172,(66,32))))),((((200,24),(19,94)),((71,(59,10)),(35,(70,(169,(154,198)))))),((73,(121,((186,(106,63)),(179,(136,194))))),((96,(21,(163,(176,165)))),((3,193),(175,(150,(188,(122,49)))))))))),(105,((((68,104),(182,(184,(30,(145,26))))),(((17,146),((177,87),(44,(135,(191,29))))),(((83,(116,199)),((60,(86,149)),(67,(124,181)))),(101,(2,(((89,(47,152)),(48,(38,80))),((22,(72,85)),((130,97),(65,(140,(196,114))))))))))),(((23,1),(109,(123,(164,(126,(132,119)))))),(((161,171),((45,(167,52)),((170,61),(192,(129,(178,(5,(20,189)))))))),(((112,98),(18,(15,50))),((183,(40,(158,39))),(((93,(133,56)),((69,187),(117,148))),((8,(9,42)),(127,(120,(7,(99,(31,151))))))))))))))))))))))));
Final quartet score is: 2327539954
Final normalized quartet score is: 0.7053328978581257
Extended species tree:
(73,((121,((186,(106,63)1:2.4277482359480516)1:0.9357088177312568,(179,(136,194)1:0.4353180712578455)1:1.6537697041405708)1:0.44523377811395093)1:1.2242937006153178,(((96,(21,(163,(176,165)0.99:0.3472550588784152)0.83:0.15915221815168978)1:0.84078317936601)1:2.14006616349627,((3,193)1:0.4723593429381946,(175,(150,(188,(122,49)1:0.6359887667199969)1:0.9238588621111303)1:0.530458197494887)0.97:0.25869453557852873)1:2.3220703103526317)1:0.6079180755233812,((((200,24)1:1.4494602803649979,(19,94)1:3.120895416507997)1:1.6484719016581666,((71,(59,10)1:0.7496766635615524)1:0.5179115250021252,(35,(70,(169,(154,198)0.45:0.029852963149681274)1:2.4294417164543853)1:0.8865745975187623)1:0.9600834983456868)1:0.4406553612734504)0.97:0.26562608294297724,((((14,142)1:0.9689733922477154,(160,(92,(34,(82,118)1:0.3913055795045299)1:0.4353180712578455)1:2.5455312716044367)1:0.42819728006499075)1:1.540209194841568,((108,(37,168)1:1.9169226121820613)1:2.2735975561207935,((95,62)1:1.5804503755608483,(172,(66,32)1:0.4355476660240935)1:1.9682159065696114)1:2.7275937945930293)1:0.8439826785680778)1:0.5436333338753995,(((4,58)1:2.4300901573931313,(((76,(103,(27,143)0.99:0.3489382067615748)1:0.7853567675755719)0.98:0.2708313820999249,((43,153)1:1.4464939032274808,(157,(78,46)0.98:0.2682639865946794)1:0.6237342292516515)0.97:0.24921579162398458)1:3.226255932165823,(174,((90,(6,(173,138)1:0.5308808082045661)1:0.34629940396346803)1:0.7218854453514308,((16,12)1:1.5332348689972606,(110,(156,147)1:0.8193209350198749)0.99:0.29758488542633815)1:0.8352351512060202)0.94:0.2231435513142097)1:3.158635744490846)1:0.4630215250162604)0.46:0.046633629151103764,((105,((((68,104)1:1.9169226121820613,(182,(184,(30,(145,26)1:0.9614111671546247)1:0.37044071735983525)0.87:0.17098153673428046)1:1.4314147964003603)1:2.078058415594884,(((17,146)1:3.5263605246161593,((177,87)1:2.4040984850644587,(44,(135,(191,29)1:0.580327919614443)1:0.36936010346604814)1:3.015534900850171)1:0.7449057815367706)1:0.5808917478653625,(((83,(116,199)0.66:0.09237332013101504)1:2.577279969919017,((60,(86,149)1:2.4277482359480516)1:0.5306282510621702,(67,(124,181)1:0.4818380868927383)1:3.120895416507997)1:0.633965352241521)1:1.5733607207222173,(101,(2,(((89,(47,152)1:2.1362854406563643)1:1.8314508813780235,(48,(38,80)1:1.1086626245216114)1:2.8332133440562166)1:1.703334726481364,((22,(72,85)1:3.5213227305862023)1:0.4123823595771116,((130,97)1:1.65455834771457,(65,(140,(196,114)1:0.3480962786966872)1:0.8179719712860571)0.77:0.13084879133281355)1:1.6609892380448605)1:0.6346455831735293)0.65:0.0892396128311928)0.4:0.012956550035248308)0.46:0.06394237145025593)0.9:0.1861426736069598)1:0.4223199039002128)0.46:0.03783943960258208,(((23,1)1:1.5789710853502592,(109,(123,(164,(126,(132,119)1:0.8176371494730467)1:0.5307551626684074)1:0.5821901099739617)1:2.6100697927420056)1:1.4340487924157903)1:0.9340390191596075,(((161,171)1:1.846718353508812,((45,(167,52)1:2.8332133440562166)1:1.9169226121820613,((170,61)1:2.140066163496273,(192,(129,(178,(5,(20,189)1:0.3917450433657006)0.5:0.04566724621468969)1:0.6543921466621412)1:0.7530509084367133)1:0.50694714443742)1:0.8171414163089695)1:0.6193577375864686)1:1.3295586678338656,(((112,98)1:2.165907394680159,(18,(15,50)1:1.3291359472799418)1:1.8328065791208885)0.9:0.19452810746850652,((183,(40,(158,39)1:2.14006616349627)1:1.7346010553881062)1:0.994902468425291,(((93,(133,56)1:1.9169226121820613)1:0.37767490041318197,((69,187)1:1.2278446132288414,(117,148)1:0.39174950591819135)1:1.2550586579729759)0.55:0.09759536554784201,((8,(9,42)0.99:0.3083013596545167)1:3.5263605246161593,(127,(120,(7,(99,(31,151)0.73:0.12516314295400605)1:1.084013489246957)1:0.7790678070051323)0.98:0.2791713827838723)0.64:0.09918409530352504)0.94:0.21396857008206588)1:1.258321304446107)1:1.0253496352597988)1:0.4585003273063578)1:0.4355952357640857)0.57:0.06661837734310616)0.59:0.07254786407514136)0.81:0.14460759685404276,((0,(77,((190,139)1:3.5263605246161593,(102,100)1:0.6943422807918213)0.98:0.2876820724517809)1:3.169942023812569)0.39:0.010727559761667102,(((162,(74,(79,(111,41)1:2.14006616349627)1:2.4193235862888014)0.65:0.0940204955981522)1:0.4216264138860496,(125,((84,166)1:2.8332133440562166,(197,(141,(107,137)0.91:0.19415601444095737)1:1.2761379589369815)0.99:0.34830669426821553)1:1.0191528550449158)1:0.9575521190020108)1:1.973996650150969,(((180,11)1:0.9461436950238359,(113,(131,(64,(88,134)1:0.8862215291301617)0.85:0.15941483468928708)1:0.6715728653071988)0.88:0.21217451994363562)1:2.7510508687632806,((57,155)1:2.2270775404858996,((25,75)1:1.5989657754836886,((28,(55,(128,144)1:2.434505018410931)1:0.3474610282558725)0.62:0.08494192946714141,(((53,195)1:0.694641279149558,(54,81)1:1.0835721829732459)1:1.0421430452321392,(((36,185)1:1.0473936462159452,(159,115)1:0.4579535027275906)0.84:0.1584172358825627,((51,(33,91)1:0.5864506593593769)1:0.47882112931564735,13)1:0.8428755694316908)0.46:0.05866824477323513)0.98:0.26977890689597905)0.46:0.03633019313778626)1:0.8717990084649375)1:2.3083110183798636)1:0.5096714043109772)0.71:0.11760084350905896)0.88:0.1746478284363049)0.92:0.2019551645716619)1:0.624286592954396)1:0.6447054993007916)1:0.35061689895228904)1:0.8214415910727306));
Weight calculation took 1.899627762 secs
ASTRAL finished in 11.616 secs
