
================== ASTRAL ===================== 

This is ASTRAL version 5.7.8
Gene trees are treated as unrooted
1000 trees read from Dataset/AstralII_data/model.200.2000000.0.000001/02/estimatedgenetre.halfresolved
index0
All output trees will be *arbitrarily* rooted at 73

======== Running the main analysis
Number of taxa: 201 (201 species)
Taxa: [73, 96, 176, 21, 163, 165, 19, 94, 200, 24, 35, 70, 154, 169, 198, 71, 59, 10, 124, 181, 67, 60, 86, 149, 83, 116, 199, 23, 1, 109, 123, 132, 119, 126, 164, 17, 146, 101, 89, 47, 152, 2, 48, 38, 80, 72, 85, 22, 130, 97, 65, 196, 140, 114, 45, 167, 52, 170, 61, 20, 129, 192, 178, 5, 189, 133, 56, 69, 117, 148, 187, 7, 99, 31, 151, 8, 9, 42, 120, 127, 93, 183, 40, 158, 39, 18, 161, 171, 112, 98, 15, 50, 177, 87, 191, 29, 135, 44, 105, 160, 108, 37, 168, 172, 66, 32, 95, 62, 34, 92, 82, 118, 14, 142, 174, 16, 12, 156, 147, 110, 90, 6, 173, 138, 103, 76, 43, 153, 78, 157, 46, 27, 143, 4, 58, 3, 193, 188, 122, 49, 175, 150, 121, 179, 136, 194, 186, 106, 63, 25, 75, 57, 155, 33, 51, 91, 36, 185, 28, 55, 159, 115, 128, 144, 53, 195, 13, 54, 81, 113, 88, 134, 131, 64, 180, 11, 77, 190, 139, 102, 100, 0, 125, 84, 166, 197, 107, 141, 137, 162, 79, 111, 41, 74, 182, 30, 145, 26, 184, 68, 104]
Taxon occupancy: {110=1000, 111=1000, 112=1000, 113=1000, 114=1000, 115=1000, 116=1000, 117=1000, 118=1000, 119=1000, 10=1000, 11=1000, 12=1000, 13=1000, 14=1000, 15=1000, 16=1000, 17=1000, 18=1000, 19=1000, 120=1000, 121=1000, 0=1000, 1=1000, 122=1000, 123=1000, 2=1000, 124=1000, 3=1000, 4=1000, 125=1000, 126=1000, 5=1000, 127=1000, 6=1000, 7=1000, 128=1000, 129=1000, 8=1000, 9=1000, 20=1000, 21=1000, 22=1000, 23=1000, 24=1000, 25=1000, 26=1000, 27=1000, 28=1000, 29=1000, 130=1000, 131=1000, 132=1000, 133=1000, 134=1000, 135=1000, 136=1000, 137=1000, 138=1000, 139=1000, 30=1000, 31=1000, 32=1000, 33=1000, 34=1000, 35=1000, 36=1000, 37=1000, 38=1000, 39=1000, 140=1000, 141=1000, 142=1000, 143=1000, 144=1000, 145=1000, 146=1000, 147=1000, 148=1000, 149=1000, 40=1000, 41=1000, 42=1000, 43=1000, 44=1000, 45=1000, 46=1000, 47=1000, 48=1000, 49=1000, 150=1000, 151=1000, 152=1000, 153=1000, 154=1000, 155=1000, 156=1000, 157=1000, 158=1000, 159=1000, 50=1000, 51=1000, 52=1000, 53=1000, 54=1000, 55=1000, 56=1000, 57=1000, 58=1000, 59=1000, 160=1000, 161=1000, 162=1000, 163=1000, 164=1000, 165=1000, 166=1000, 167=1000, 168=1000, 169=1000, 60=1000, 61=1000, 62=1000, 63=1000, 64=1000, 65=1000, 66=1000, 67=1000, 68=1000, 69=1000, 170=1000, 171=1000, 172=1000, 173=1000, 174=1000, 175=1000, 176=1000, 177=1000, 178=1000, 179=1000, 70=1000, 71=1000, 72=1000, 73=1000, 74=1000, 75=1000, 76=1000, 77=1000, 78=1000, 79=1000, 180=1000, 181=1000, 182=1000, 183=1000, 184=1000, 185=1000, 186=1000, 187=1000, 188=1000, 189=1000, 80=1000, 81=1000, 82=1000, 83=1000, 84=1000, 85=1000, 86=1000, 87=1000, 88=1000, 89=1000, 190=1000, 191=1000, 192=1000, 193=1000, 194=1000, 195=1000, 196=1000, 197=1000, 198=1000, 199=1000, 90=1000, 91=1000, 92=1000, 93=1000, 94=1000, 95=1000, 96=1000, 97=1000, 98=1000, 99=1000, 200=1000, 100=1000, 101=1000, 102=1000, 103=1000, 104=1000, 105=1000, 106=1000, 107=1000, 108=1000, 109=1000}
Number of gene trees: 1000
0 trees have missing taxa
Calculating quartet distance matrix (for completion of X)
Species tree distances calculated ...
Building set of clusters (X) from gene trees 
------------------------------
gradient0: 40673
Number of Clusters after addition by distance: 40673
calculating extra bipartitions to be added at level 1 ...
Adding to X using resolutions of greedy consensus ...
Limit for sigma of degrees:5075
polytomy size limit : 18
discarded polytomies:  [3, 3, 3, 3, 3, 3, 3, 3, 3, 3, 3, 3, 4, 4, 5, 5, 7, 7, 10, 16, 18]
Threshold 0.0:
Threshold 0.01:
Threshold 0.02:
polytomy of size 3; rounds with additions with at least 5 support: 0; clusters: 40673
Threshold 0.05:
polytomy of size 5; rounds with additions with at least 5 support: 0; clusters: 40673
Threshold 0.1:
polytomy of size 3; rounds with additions with at least 5 support: 0; clusters: 40673
polytomy of size 3; rounds with additions with at least 5 support: 0; clusters: 40673
polytomy of size 3; rounds with additions with at least 5 support: 0; clusters: 40673
polytomy of size 10; rounds with additions with at least 5 support: 0; clusters: 40673
Threshold 0.2:
polytomy of size 7; rounds with additions with at least 5 support: 0; clusters: 40673
polytomy of size 4; rounds with additions with at least 5 support: 0; clusters: 40673
polytomy of size 16; rounds with additions with at least 5 support: 0; clusters: 40673
Threshold 0.3333333333333333:
polytomy of size 3; rounds with additions with at least 5 support: 0; clusters: 40673
polytomy of size 3; rounds with additions with at least 5 support: 0; clusters: 40673
polytomy of size 3; rounds with additions with at least 5 support: 0; clusters: 40673
polytomy of size 3; rounds with additions with at least 5 support: 0; clusters: 40673
polytomy of size 3; rounds with additions with at least 5 support: 0; clusters: 40673
polytomy of size 3; rounds with additions with at least 5 support: 0; clusters: 40673
polytomy of size 3; rounds with additions with at least 5 support: 0; clusters: 40673
polytomy of size 5; rounds with additions with at least 5 support: 0; clusters: 40673
polytomy of size 3; rounds with additions with at least 5 support: 0; clusters: 40673
polytomy of size 7; rounds with additions with at least 5 support: 0; clusters: 40673
polytomy of size 18; rounds with additions with at least 5 support: 0; clusters: 40673
polytomy of size 4; rounds with additions with at least 5 support: 0; clusters: 40673
max k is :0
Number of Clusters after addition by greedy: 40673
gradient0 in heuristiic: 40673
partitions formed in 29.38 secs
Dynamic Programming starting after 29.38 secs
Using tree-based weight calculation.
Using polytree-based weight calculation.
Polytree max score: 65998342872
Polytree building time: 2.652 seconds.
Number of quartet trees in the gene trees: 65998342872
Size of largest cluster: 201
Greedy score: 43813441483
estimationFactor: 1.5063492078705558
Sub-optimal score: 44997246942
Calculated 100000 weights; time (seconds): 189
Total Number of elements weighted: 190421
Normalized score (portion of input quartet trees satisfied before correcting for multiple individuals): 0.726357326046409
Optimization score: 47938379852
Optimal tree inferred in 337.653 secs.
(13,((51,(33,91)),(((36,185),(159,115)),(((53,195),(54,81)),((28,(55,(128,144))),((25,75),((57,155),(((180,11),(113,(131,(64,(88,134))))),(((162,(74,(79,(111,41)))),(125,((84,166),(197,(141,(107,137)))))),((77,((190,139),(102,100))),(0,(((4,58),((((76,(103,(27,143))),((43,153),(157,(78,46)))),(174,((90,(6,(173,138))),((16,12),(110,(156,147)))))),((((14,142),(160,(92,(34,(82,118))))),((108,(37,168)),((95,62),(172,(66,32))))),((((19,94),(200,24)),((71,(59,10)),(35,(70,(154,(169,198)))))),((73,(121,((186,(106,63)),(179,(136,194))))),((96,(21,(163,(176,165)))),((3,193),(175,(150,(188,(122,49))))))))))),(105,((((68,104),(182,(184,(30,(145,26))))),(((17,146),((177,87),(44,(135,(191,29))))),(((83,(116,199)),((60,(86,149)),(67,(124,181)))),((101,((89,(47,152)),(48,(38,80)))),(2,((22,(72,85)),((130,97),(65,(140,(196,114)))))))))),(((23,1),(109,(123,(164,(126,(132,119)))))),(((161,171),((45,(167,52)),((170,61),(192,(129,(178,(5,(20,189)))))))),(((112,98),(18,(15,50))),((183,(40,(158,39))),(((93,(133,56)),((69,187),(117,148))),((127,(8,(9,42))),(120,(7,(99,(31,151))))))))))))))))))))))));
Final quartet score is: 47938379852
Final normalized quartet score is: 0.726357326046409
Extended species tree:
(73,((121,((186,(106,63)1:1.9080677958721526)1:1.3571477286120432,(179,(136,194)1:0.7625459785797695)1:1.957361516246135)1:0.3386626519977598)1:1.1316520223702489,(((96,(21,(163,(176,165)1:0.2748284765984357)1:0.18061507692599282)1:0.7778167076405511)1:2.4686611458313514,((3,193)1:0.5186992120615798,(175,(150,(188,(122,49)1:0.9806878488683496)1:1.018471675107797)1:0.612505565326034)1:0.3081402901526784)1:1.8350324137504188)1:0.6682385484670622,((((19,94)1:2.8526314299133184,(200,24)1:1.717830449449933)1:2.2717552931022404,((71,(59,10)1:0.7307477978833394)1:0.6885514824219714,(35,(70,(154,(169,198)1:0.10535209818483585)1:3.0077054708403486)1:0.5511291740581044)1:1.1117033809257009)1:0.41640572306704415)1:0.35363232878093115,((((14,142)1:1.3921157775054092,(160,(92,(34,(82,118)1:0.3914687040997986)1:0.41489112419745966)1:2.418657656319479)1:0.28993622551191256)1:2.274301823541708,((108,(37,168)1:1.6127506923971446)1:2.5660030043382376,((95,62)1:1.9251481576068825,(172,(66,32)1:0.6398737391578646)1:1.5385558603963247)1:2.642511480900427)1:1.1936857516700685)1:0.3641203814074259,((((76,(103,(27,143)1:0.45211647878996664)1:0.7085596958413248)1:0.6726176035932087,((43,153)1:0.7936626313402729,(157,(78,46)1:0.2965813811343648)1:0.8127621739153053)1:0.10274676000298297)1:4.799191140537418,(174,((90,(6,(173,138)1:0.5870144993378925)1:0.22790393406818948)1:0.9768066629557425,((16,12)1:1.1467595526490562,(110,(156,147)1:1.0023201026040072)1:0.1758427122329175)1:0.7454995987685504)1:0.19033554889669158)1:3.994604095319056)1:0.6133880653916067,((4,58)1:3.2396788069065914,((105,((((68,104)1:2.0700702626615626,(182,(184,(30,(145,26)1:1.3047647369877005)1:0.733043182649114)0.98:0.058350309630631265)1:1.578083127078019)1:2.5014951920494375,(((17,146)1:4.852408195808356,((177,87)1:2.8605884108138997,(44,(135,(191,29)1:0.5465705662329248)1:0.3243297916530366)1:3.9412373397379796)1:0.9845838404510608)1:0.6151719351313915,(((83,(116,199)1:0.10793533022114848)1:2.8440106868694115,((60,(86,149)1:2.764898812358706)1:0.6821041001087688,(67,(124,181)1:0.3379142590952022)1:2.189008975141451)1:0.35694306496947736)1:2.0252833584584167,((101,((89,(47,152)1:2.037207412369185)1:1.6691264091158644,(48,(38,80)1:0.7122836661414279)1:2.769596201303323)1:2.4832601692818574)0.96:0.05297509265032939,(2,((22,(72,85)1:3.1024290465778823)1:0.4139436789689028,((130,97)1:1.695126313967612,(65,(140,(196,114)1:0.4255779279101187)1:1.1924244556717014)1:0.13707625418485928)1:1.9617140076191353)1:0.676863221711058)0.96:0.053370933729181204)1:0.1108449183133143)1:0.36683585813568703)1:0.3272955414733734)0.99:0.06737680244252602,(((23,1)1:1.6032933036745942,(109,(123,(164,(126,(132,119)1:0.7547748912341609)1:0.5295381847919161)1:0.789231375916876)1:1.6865192251535983)1:1.3281884668359958)1:1.0145178794834981,(((161,171)1:2.1681377249861113,((45,(167,52)1:2.173088104397761)1:2.197598944158614,((170,61)1:1.712543299564663,(192,(129,(178,(5,(20,189)1:0.4418562980343297)1:0.18694079846277134)1:0.5405763443594822)1:0.7198235276830115)1:0.6198474983017216)1:0.6115214807660223)1:0.6659534563628021)1:1.3887246223728973,(((112,98)1:2.5929347228796025,(18,(15,50)1:1.2659078965388046)1:2.4338705292851874)1:0.2215382262718226,((183,(40,(158,39)1:1.7404253074529015)1:2.1909246413621353)1:0.7397940505591497,(((93,(133,56)1:2.2846736290414302)1:0.4787755245786701,((69,187)1:1.1617207765374395,(117,148)1:0.3240562902548966)1:1.523851921127392)1:0.13468680386697904,((127,(8,(9,42)1:0.5502603470799933)1:2.7949311217734327)1:0.12509696132787365,(120,(7,(99,(31,151)1:0.21354599027542875)1:1.18280857723649)1:0.9388539756850907)1:0.3953015618019442)1:0.18762632695957598)1:1.173042026568001)1:0.9098792626490303)1:0.736727078095444)1:0.4174411400566145)0.94:0.04705218602652286)1:0.1821104518857402)1:0.16840777775792298,(0,((77,((190,139)1:2.9332566351991467,(102,100)1:0.8271531931622703)1:0.21306781070379766)1:3.6672366970805212,(((162,(74,(79,(111,41)1:1.5545297808288878)1:2.3593897876189396)0.72:0.03886827063022547)1:0.5777054369489719,(125,((84,166)1:3.2169469248464044,(197,(141,(107,137)1:0.25131767179590303)1:1.0673424061521213)1:0.5692052819794292)1:0.9658894513346399)1:0.7592491705547662)1:2.335118437959957,(((180,11)1:1.1029182803516155,(113,(131,(64,(88,134)1:0.7465159925760989)1:0.292822112696963)1:0.9407586263466581)0.59:0.018121406963478356)1:3.7115887785977963,((57,155)1:2.3418058061473253,((25,75)1:2.3926677871790427,((28,(55,(128,144)1:2.390678618360113)1:0.4468088459126851)1:0.08900572090988224,(((53,195)1:1.1886716840918161,(54,81)1:1.0373461853028683)1:1.0340184393462417,(((36,185)1:1.083538573763121,(159,115)1:0.36015322977061487)1:0.1322640325337218,((51,(33,91)1:0.7280053024557382)1:0.7822209206291889,13)1:0.7418372555321575)0.99:0.06262217087775213)1:0.35887886741602304)0.93:0.04575762735852092)1:0.6927009033288517)1:3.107351488093686)1:0.4228141875113951)1:0.07241788581777711)0.96:0.05951715635477715)1:0.14796355792728466)1:0.23212626118229476)1:0.07072893648844253)1:0.6411620306175587)1:0.803008641731925)1:0.3509770711650948)1:0.42081776521479425));
Weight calculation took 290.843745207 secs
ASTRAL finished in 347.261 secs
