
================== ASTRAL ===================== 

This is ASTRAL version 5.7.8
Gene trees are treated as unrooted
1000 trees read from Dataset/AstralII_data/model.200.500000.0.000001/41/estimatedgenetre.halfresolved
index0
All output trees will be *arbitrarily* rooted at 123

======== Running the main analysis
Number of taxa: 201 (201 species)
Taxa: [123, 36, 196, 105, 15, 14, 163, 128, 30, 8, 114, 13, 103, 183, 66, 181, 151, 56, 118, 21, 44, 92, 133, 186, 176, 43, 84, 117, 144, 134, 97, 54, 96, 65, 177, 90, 40, 49, 61, 157, 191, 62, 141, 100, 171, 154, 180, 193, 16, 5, 127, 46, 86, 112, 125, 10, 169, 116, 45, 197, 113, 7, 53, 156, 102, 142, 136, 94, 150, 47, 110, 172, 159, 170, 4, 58, 89, 37, 28, 67, 190, 104, 146, 42, 194, 145, 85, 195, 22, 126, 6, 12, 19, 38, 26, 165, 155, 184, 158, 138, 182, 164, 98, 23, 147, 161, 152, 33, 167, 78, 95, 39, 153, 29, 68, 101, 185, 34, 119, 124, 139, 81, 160, 55, 111, 3, 9, 69, 57, 76, 25, 20, 27, 198, 1, 2, 179, 73, 148, 188, 109, 149, 91, 0, 31, 64, 75, 70, 106, 140, 82, 131, 187, 135, 63, 71, 18, 121, 132, 59, 108, 79, 120, 24, 166, 77, 83, 88, 173, 60, 41, 93, 87, 189, 74, 51, 80, 107, 143, 162, 175, 192, 122, 17, 11, 48, 99, 115, 174, 50, 52, 200, 178, 32, 129, 199, 137, 72, 168, 35, 130]
Taxon occupancy: {110=1000, 111=1000, 112=1000, 113=1000, 114=1000, 115=1000, 116=1000, 117=1000, 118=1000, 119=1000, 10=1000, 11=1000, 12=1000, 13=1000, 14=1000, 15=1000, 16=1000, 17=1000, 18=1000, 19=1000, 120=1000, 0=1000, 121=1000, 1=1000, 122=1000, 123=1000, 2=1000, 124=1000, 3=1000, 125=1000, 4=1000, 5=1000, 126=1000, 127=1000, 6=1000, 128=1000, 7=1000, 8=1000, 129=1000, 9=1000, 20=1000, 21=1000, 22=1000, 23=1000, 24=1000, 25=1000, 26=1000, 27=1000, 28=1000, 29=1000, 130=1000, 131=1000, 132=1000, 133=1000, 134=1000, 135=1000, 136=1000, 137=1000, 138=1000, 139=1000, 30=1000, 31=1000, 32=1000, 33=1000, 34=1000, 35=1000, 36=1000, 37=1000, 38=1000, 39=1000, 140=1000, 141=1000, 142=1000, 143=1000, 144=1000, 145=1000, 146=1000, 147=1000, 148=1000, 149=1000, 40=1000, 41=1000, 42=1000, 43=1000, 44=1000, 45=1000, 46=1000, 47=1000, 48=1000, 49=1000, 150=1000, 151=1000, 152=1000, 153=1000, 154=1000, 155=1000, 156=1000, 157=1000, 158=1000, 159=1000, 50=1000, 51=1000, 52=1000, 53=1000, 54=1000, 55=1000, 56=1000, 57=1000, 58=1000, 59=1000, 160=1000, 161=1000, 162=1000, 163=1000, 164=1000, 165=1000, 166=1000, 167=1000, 168=1000, 169=1000, 60=1000, 61=1000, 62=1000, 63=1000, 64=1000, 65=1000, 66=1000, 67=1000, 68=1000, 69=1000, 170=1000, 171=1000, 172=1000, 173=1000, 174=1000, 175=1000, 176=1000, 177=1000, 178=1000, 179=1000, 70=1000, 71=1000, 72=1000, 73=1000, 74=1000, 75=1000, 76=1000, 77=1000, 78=1000, 79=1000, 180=1000, 181=1000, 182=1000, 183=1000, 184=1000, 185=1000, 186=1000, 187=1000, 188=1000, 189=1000, 80=1000, 81=1000, 82=1000, 83=1000, 84=1000, 85=1000, 86=1000, 87=1000, 88=1000, 89=1000, 190=1000, 191=1000, 192=1000, 193=1000, 194=1000, 195=1000, 196=1000, 197=1000, 198=1000, 199=1000, 90=1000, 91=1000, 92=1000, 93=1000, 94=1000, 95=1000, 96=1000, 97=1000, 98=1000, 99=1000, 200=1000, 100=1000, 101=1000, 102=1000, 103=1000, 104=1000, 105=1000, 106=1000, 107=1000, 108=1000, 109=1000}
Number of gene trees: 1000
0 trees have missing taxa
Calculating quartet distance matrix (for completion of X)
Species tree distances calculated ...
Building set of clusters (X) from gene trees 
------------------------------
gradient0: 170013
Number of Clusters after addition by distance: 170013
calculating extra bipartitions to be added at level 1 ...
Adding to X using resolutions of greedy consensus ...
Limit for sigma of degrees:5075
polytomy size limit : 52
discarded polytomies: 90 135  [3, 3, 3, 3, 3, 3, 4, 4, 4, 5, 5, 16, 31, 36, 41, 52, 90, 135]
Threshold 0.0:
polytomy of size 16; rounds with additions with at least 5 support: 4; clusters: 172561
Threshold 0.01:
polytomy of size 31; rounds with additions with at least 5 support: 4; clusters: 185441
Threshold 0.02:
polytomy of size 36; rounds with additions with at least 5 support: 4; clusters: 201441
Threshold 0.05:
polytomy of size 41; rounds with additions with at least 5 support: 0; clusters: 201497
Threshold 0.1:
polytomy of size 3; rounds with additions with at least 5 support: 0; clusters: 201497
polytomy of size 3; rounds with additions with at least 5 support: 0; clusters: 201497
polytomy of size 4; rounds with additions with at least 5 support: 0; clusters: 201497
polytomy of size 3; rounds with additions with at least 5 support: 0; clusters: 201497
polytomy of size 52; rounds with additions with at least 5 support: 0; clusters: 201541
Threshold 0.2:
polytomy of size 3; rounds with additions with at least 5 support: 0; clusters: 201541
polytomy of size 5; rounds with additions with at least 5 support: 0; clusters: 201541
polytomy of size 4; rounds with additions with at least 5 support: 0; clusters: 201541
polytomy of size 90; rounds with additions with at least 5 support: 0; clusters: 201633
Threshold 0.3333333333333333:
polytomy of size 5; rounds with additions with at least 5 support: 0; clusters: 201633
polytomy of size 3; rounds with additions with at least 5 support: 0; clusters: 201633
polytomy of size 3; rounds with additions with at least 5 support: 0; clusters: 201633
polytomy of size 4; rounds with additions with at least 5 support: 0; clusters: 201633
polytomy of size 135; rounds with additions with at least 5 support: 0; clusters: 201659
max k is :8
Number of Clusters after addition by greedy: 201659
gradient0 in heuristiic: 201659
partitions formed in 202.965 secs
Dynamic Programming starting after 202.965 secs
Using tree-based weight calculation.
Using polytree-based weight calculation.
Polytree max score: 65998158939
Polytree building time: 4.049 seconds.
Number of quartet trees in the gene trees: 65998158939
Size of largest cluster: 201
Greedy score: 25595829993
estimationFactor: 2.5784730933534608
Sub-optimal score: 25777219858
Calculated 100000 weights; time (seconds): 667
Calculated 200000 weights; time (seconds): 469
Calculated 300000 weights; time (seconds): 496
Calculated 400000 weights; time (seconds): 488
Calculated 500000 weights; time (seconds): 477
Total Number of elements weighted: 507815
Normalized score (portion of input quartet trees satisfied before correcting for multiple individuals): 0.4428252809144622
Optimization score: 29225653272
Optimal tree inferred in 2634.724 secs.
(83,(173,((60,41),((((163,128),((74,51),(123,(103,130)))),((8,80),((30,192),((88,107),(143,162))))),(((21,176),(((5,(127,46)),(10,(125,(86,112)))),(193,((43,180),(154,((133,186),(44,(92,26)))))))),((0,(71,(((61,(49,157)),(132,(190,(42,(104,146))))),(((29,68),(27,(95,(20,(39,(67,153)))))),((66,(108,79)),((101,185),((90,(64,(177,(65,40)))),((28,59),(181,(96,(97,54))))))))))),(((58,((94,150),(179,((149,(73,148)),((165,188),(25,(110,(47,109)))))))),((55,(18,(121,175))),(((34,31),((197,(7,(113,37))),(160,(81,(139,(119,124)))))),((155,(1,2)),((152,(156,(53,102))),((120,(24,(166,77))),(158,(138,(184,182))))))))),((((142,136),((169,69),((89,76),(198,(111,(3,9)))))),(16,((45,(70,(135,63))),((183,(131,(82,187))),((99,(75,11)),((48,115),(106,(140,(122,17))))))))),(((144,134),((117,(84,189)),((93,87),(151,(56,118))))),((((23,(147,(6,161))),((12,78),((98,57),(19,38)))),(((33,167),(194,91)),((164,(195,22)),((145,85),(116,126))))),(((114,13),((14,(105,172)),((15,4),(159,170)))),((36,196),((191,(62,(171,(141,100)))),((52,(200,(50,72))),((32,129),((199,137),(168,(35,(174,178)))))))))))))))))));
Final quartet score is: 29225653272
Final normalized quartet score is: 0.4428252809144622
Extended species tree:
(123,((103,130)0.93:0.0521572377207019,((74,51)1:1.0524268656634366,((163,128)1:0.8404867063396787,(((8,80)1:0.22068390330063795,((30,192)1:1.1151144060079978,((88,107)1:0.09375052116014343,(143,162)1:0.326427045826355)1:0.8512850550667433)1:0.20021251775445148)1:0.1659929155809608,((((21,176)1:0.5913373785284896,(((5,(127,46)1:0.6462171532209683)1:0.44441534158095497,(10,(125,(86,112)1:0.22915664990493964)1:0.39029870425531443)1:0.44565877974991863)1:0.30333444980314356,(193,((43,180)1:0.5472931885360448,(154,((133,186)1:0.15671911842122274,(44,(92,26)1:0.09281427335302429)0.67:0.02567317992055041)1:0.36624727866494866)1:0.2830866532655205)0.98:0.06388741425458086)1:0.4160829792169696)1:0.13335944497910265)1:0.11469564756659388,((0,(71,(((61,(49,157)1:0.6368603893954289)1:0.4364424620831727,(132,(190,(42,(104,146)1:0.4209584990317634)1:0.3761730832856786)1:0.1821437370975582)1:0.514733078239759)0.36:0.0016990521568176781,(((29,68)1:0.46427915825563554,(27,(95,(20,(39,(67,153)1:0.20974555733241673)1:0.09841554219781666)1:0.1299432942594316)1:0.1858420608770222)1:0.6732230115989388)1:0.17004477854596173,((66,(108,79)1:0.16478180592135733)1:0.27544785490167284,((101,185)1:0.6408344755346366,((90,(64,(177,(65,40)1:0.4997018987315332)1:0.13285793944810287)1:0.2747894315278766)1:0.10813643057631728,((28,59)1:0.15348839603157938,(181,(96,(97,54)0.99:0.06581538528456798)1:0.24012570727429053)1:0.5424747944401018)0.61:0.024252379028583695)1:0.15159410640351376)0.42:0.006601656116905668)0.99:0.06863404521525969)1:0.10330577513237044)1:0.1583824179702171)0.62:0.01996002533586975)0.27:0.0,(((58,((94,150)1:0.4713126178319966,(179,((149,(73,148)1:0.23165563175382753)1:0.5493406006133368,((165,188)1:0.8682268438611159,(25,(110,(47,109)0.77:0.03165483388918582)1:0.2748770901396837)1:0.43652226071459377)1:0.280950243166984)1:0.09945516148608213)1:0.2179775447906185)0.39:0.005188757517393174)0.99:0.06478500211003826,((55,(18,(121,175)1:0.4211866894448763)1:0.6458932814957012)1:0.6774105465024588,(((34,31)1:0.6616625074925329,((197,(7,(113,37)1:0.2350555023035988)1:0.17879125401671134)1:0.26205516666178336,(160,(81,(139,(119,124)1:0.08539531909416777)1:0.19174917357218751)1:0.10631356259017832)1:0.3081393159041921)1:0.33817952685216335)1:0.6369763094526154,((155,(1,2)1:1.3735323839969784)1:0.12317285930325453,((152,(156,(53,102)1:0.08804014885804795)1:0.9408351158614886)1:0.14704164833342354,((120,(24,(166,77)1:0.08115808622746362)1:0.33611511495712754)1:0.11267035280310804,(158,(138,(184,182)1:0.4484026970686786)0.99:0.06393961667286763)1:0.9057459235182058)0.99:0.0636810154805959)0.49:0.011977382142416058)1:0.14139495067785446)0.76:0.028445554606350943)0.33:2.212849943281341E-4)0.35:9.97799307876396E-4,((((142,136)1:0.7208952035772008,((169,69)1:0.46431652917433835,((89,76)1:0.15856192419240261,(198,(111,(3,9)1:0.5761773884231228)1:0.27991912561102067)1:0.24540609625558105)0.91:0.048455852974568885)1:0.5034737109610359)0.87:0.038944047272571364,(16,((45,(70,(135,63)1:0.19236361994612952)1:0.5244311368858592)1:0.4849789794314007,((183,(131,(82,187)1:0.11563579808746484)1:0.24649687283535704)1:0.884032606242741,((99,(75,11)1:0.0919440114686996)1:0.34961065726381374,((48,115)1:0.3423578781710344,(106,(140,(122,17)0.85:0.038258573085669115)1:0.25952205838979614)1:0.22331791668955203)1:0.10835284540998424)1:0.7279083854145442)1:0.1067750704111822)0.79:0.031263696597176316)1:0.14007403077531763)0.96:0.050278752827423126,(((144,134)1:1.0258055686521073,((117,(84,189)1:0.7728850180887235)1:0.3769222206859485,((93,87)1:0.7815646219780912,(151,(56,118)1:0.08894271962401193)1:0.5533183153350624)1:0.16023093709891081)1:0.6263338106731079)0.32:0.0,((((23,(147,(6,161)1:0.6946701249430254)1:0.08654700505125097)1:0.45583916127589463,((12,78)1:0.5292843454708427,((98,57)1:0.7980959670891369,(19,38)1:0.7929564294305088)0.68:0.023400643862080968)1:0.34800834140158854)0.97:0.05470045361170697,(((33,167)1:1.277705187493418,(194,91)1:0.9140014005984614)0.61:0.02026719900579136,((164,(195,22)1:0.4131846826614237)1:0.2596153983650737,((145,85)1:0.2019333317996101,(116,126)1:0.2896800344840741)1:0.4131168896352948)1:0.3515459565743103)1:0.37296272041498874)1:0.14724196144000326,(((114,13)1:0.7857581370260283,((14,(105,172)0.51:0.017699081055251614)1:0.32045326678409153,((15,4)1:0.26437197755137837,(159,170)1:0.203646457315157)1:0.6398859505694879)1:0.21117843919543472)1:0.5720239366655411,((36,196)1:0.7678643525440829,((191,(62,(171,(141,100)1:0.1071183566709518)0.5:0.01882944252215711)1:0.2885339184670979)1:1.2834031141425786,((52,(200,(50,72)1:0.5184380419156405)1:0.15964232368079062)1:0.262394802496185,((32,129)1:0.2177940534726401,((199,137)1:0.6480912133584672,(168,(35,(174,178)1:0.22581273560885853)1:0.11741446603285817)1:0.11234013184699775)1:0.08009578836007637)1:0.4456808429629985)1:0.35888269040573617)1:0.0796103467047007)0.81:0.033652666960692086)1:0.09883328617047217)0.36:0.0018558653999442944)0.47:0.009649503451993733)0.55:0.014853698745698305)0.43:0.00730162577603828)0.96:0.050965234500974274)0.99:0.0634401693015501,((60,41)1:0.22609515359475302,(173,83)1:0.7488413132215304)1:0.8318040200131922)0.63:0.021254939771482798)1:0.2401416882791219)1:0.21178061273195933)1:0.2717842018912933));
Weight calculation took 2254.590489353 secs
ASTRAL finished in 2644.132 secs
