
================== ASTRAL ===================== 

This is ASTRAL version 5.7.8
Gene trees are treated as unrooted
200 trees read from Dataset/AstralII_data/model.200.500000.0.000001/41/estimatedgenetre.halfresolved_200
index0
All output trees will be *arbitrarily* rooted at 123

======== Running the main analysis
Number of taxa: 201 (201 species)
Taxa: [123, 36, 196, 105, 15, 14, 163, 128, 30, 8, 114, 13, 103, 183, 66, 181, 151, 56, 118, 21, 44, 92, 133, 186, 176, 43, 84, 117, 144, 134, 97, 54, 96, 65, 177, 90, 40, 49, 61, 157, 191, 62, 141, 100, 171, 154, 180, 193, 16, 5, 127, 46, 86, 112, 125, 10, 169, 116, 45, 197, 113, 7, 53, 156, 102, 142, 136, 94, 150, 47, 110, 172, 159, 170, 4, 58, 89, 37, 28, 67, 190, 104, 146, 42, 194, 145, 85, 195, 22, 126, 6, 12, 19, 38, 26, 165, 155, 184, 158, 138, 182, 164, 98, 23, 147, 161, 152, 33, 167, 78, 95, 39, 153, 29, 68, 101, 185, 34, 119, 124, 139, 81, 160, 55, 111, 3, 9, 69, 57, 76, 25, 20, 27, 198, 1, 2, 179, 73, 148, 188, 109, 149, 91, 0, 31, 64, 75, 70, 106, 140, 82, 131, 187, 135, 63, 71, 18, 121, 132, 59, 108, 79, 120, 24, 166, 77, 83, 88, 173, 60, 41, 93, 87, 189, 74, 51, 80, 107, 143, 162, 175, 192, 122, 17, 11, 48, 99, 115, 174, 50, 52, 200, 178, 32, 129, 199, 137, 72, 168, 35, 130]
Taxon occupancy: {110=200, 111=200, 112=200, 113=200, 114=200, 115=200, 116=200, 117=200, 118=200, 119=200, 10=200, 11=200, 12=200, 13=200, 14=200, 15=200, 16=200, 17=200, 18=200, 19=200, 120=200, 0=200, 121=200, 1=200, 122=200, 123=200, 2=200, 124=200, 3=200, 125=200, 4=200, 5=200, 126=200, 127=200, 6=200, 128=200, 7=200, 8=200, 129=200, 9=200, 20=200, 21=200, 22=200, 23=200, 24=200, 25=200, 26=200, 27=200, 28=200, 29=200, 130=200, 131=200, 132=200, 133=200, 134=200, 135=200, 136=200, 137=200, 138=200, 139=200, 30=200, 31=200, 32=200, 33=200, 34=200, 35=200, 36=200, 37=200, 38=200, 39=200, 140=200, 141=200, 142=200, 143=200, 144=200, 145=200, 146=200, 147=200, 148=200, 149=200, 40=200, 41=200, 42=200, 43=200, 44=200, 45=200, 46=200, 47=200, 48=200, 49=200, 150=200, 151=200, 152=200, 153=200, 154=200, 155=200, 156=200, 157=200, 158=200, 159=200, 50=200, 51=200, 52=200, 53=200, 54=200, 55=200, 56=200, 57=200, 58=200, 59=200, 160=200, 161=200, 162=200, 163=200, 164=200, 165=200, 166=200, 167=200, 168=200, 169=200, 60=200, 61=200, 62=200, 63=200, 64=200, 65=200, 66=200, 67=200, 68=200, 69=200, 170=200, 171=200, 172=200, 173=200, 174=200, 175=200, 176=200, 177=200, 178=200, 179=200, 70=200, 71=200, 72=200, 73=200, 74=200, 75=200, 76=200, 77=200, 78=200, 79=200, 180=200, 181=200, 182=200, 183=200, 184=200, 185=200, 186=200, 187=200, 188=200, 189=200, 80=200, 81=200, 82=200, 83=200, 84=200, 85=200, 86=200, 87=200, 88=200, 89=200, 190=200, 191=200, 192=200, 193=200, 194=200, 195=200, 196=200, 197=200, 198=200, 199=200, 90=200, 91=200, 92=200, 93=200, 94=200, 95=200, 96=200, 97=200, 98=200, 99=200, 200=200, 100=200, 101=200, 102=200, 103=200, 104=200, 105=200, 106=200, 107=200, 108=200, 109=200}
Number of gene trees: 200
0 trees have missing taxa
Calculating quartet distance matrix (for completion of X)
Species tree distances calculated ...
Building set of clusters (X) from gene trees 
------------------------------
gradient0: 40601
Number of Clusters after addition by distance: 40601
calculating extra bipartitions to be added at level 1 ...
Adding to X using resolutions of greedy consensus ...
Limit for sigma of degrees:5075
polytomy size limit : 54
discarded polytomies: 91 132  [3, 3, 3, 3, 4, 4, 5, 5, 6, 20, 27, 35, 43, 54, 91, 132]
Threshold 0.0:
polytomy of size 20; rounds with additions with at least 5 support: 18; clusters: 47037
Threshold 0.01:
polytomy of size 27; rounds with additions with at least 5 support: 22; clusters: 59011
Threshold 0.02:
polytomy of size 35; rounds with additions with at least 5 support: 3; clusters: 78711
Threshold 0.05:
polytomy of size 43; rounds with additions with at least 5 support: 3; clusters: 79009
Threshold 0.1:
polytomy of size 3; rounds with additions with at least 5 support: 0; clusters: 79009
polytomy of size 4; rounds with additions with at least 5 support: 0; clusters: 79009
polytomy of size 54; rounds with additions with at least 5 support: 1; clusters: 79239
Threshold 0.2:
polytomy of size 5; rounds with additions with at least 5 support: 0; clusters: 79239
polytomy of size 6; rounds with additions with at least 5 support: 0; clusters: 79239
polytomy of size 91; rounds with additions with at least 5 support: 1; clusters: 79507
Threshold 0.3333333333333333:
polytomy of size 3; rounds with additions with at least 5 support: 0; clusters: 79507
polytomy of size 5; rounds with additions with at least 5 support: 0; clusters: 79507
polytomy of size 3; rounds with additions with at least 5 support: 0; clusters: 79507
polytomy of size 4; rounds with additions with at least 5 support: 0; clusters: 79507
polytomy of size 3; rounds with additions with at least 5 support: 0; clusters: 79507
polytomy of size 132; rounds with additions with at least 5 support: 0; clusters: 79609
max k is :44
Number of Clusters after addition by greedy: 79609
gradient0 in heuristiic: 79609
partitions formed in 55.661 secs
Dynamic Programming starting after 55.661 secs
Using tree-based weight calculation.
Using polytree-based weight calculation.
Polytree max score: 13199635509
Polytree building time: 0.331 seconds.
Number of quartet trees in the gene trees: 13199635509
Size of largest cluster: 201
Greedy score: 5329158441
estimationFactor: 2.4768705331499077
Sub-optimal score: 5481262326
Calculated 100000 weights; time (seconds): 167
Total Number of elements weighted: 179178
Normalized score (portion of input quartet trees satisfied before correcting for multiple individuals): 0.44328665598458533
Optimization score: 5851222285
Optimal tree inferred in 264.59 secs.
(83,(173,((60,41),((((163,128),((74,51),(130,(123,103)))),((8,80),((30,192),((88,107),(143,162))))),(((21,176),(((5,(127,46)),(10,(125,(86,112)))),(193,((43,180),(154,((133,186),(44,(92,26)))))))),((((61,(49,157)),(132,(190,(42,(104,146))))),(((29,68),(27,(95,(20,(39,(67,153)))))),((66,(108,79)),((101,185),((28,59),((181,(96,(97,54))),(90,(64,(177,(65,40)))))))))),(((94,150),(179,((149,(73,148)),((165,188),(25,(109,(47,110))))))),((58,(0,(((34,31),((197,(7,(113,37))),(160,(81,(124,(119,139)))))),((152,(156,(53,102))),((155,(1,2)),((120,(77,(24,166))),(158,(138,(184,182))))))))),((71,(55,(18,(121,175)))),(((144,134),(((142,136),((89,76),((169,69),(198,(111,(3,9)))))),(16,((45,(70,(135,63))),((183,(131,(82,187))),((99,(75,11)),((48,115),(106,(140,(122,17)))))))))),(((117,(84,189)),((93,87),(151,(56,118)))),((((23,(147,(6,161))),((12,78),((98,57),(19,38)))),((194,91),((33,167),((164,(195,22)),((145,85),(116,126)))))),(((114,13),((14,(105,172)),((15,4),(159,170)))),((36,196),((191,(62,(171,(141,100)))),((52,(200,(50,72))),((32,129),((199,137),(168,(35,(174,178)))))))))))))))))))));
Final quartet score is: 5851222285
Final normalized quartet score is: 0.44328665598458533
Extended species tree:
(123,(103,(130,((74,51)1:1.0489059939422816,((163,128)1:0.7460533589142146,(((8,80)1:0.17042141328600952,((30,192)1:0.9065791445490453,((88,107)1:0.20717808619325054,(143,162)1:0.3759132228814636)1:0.7916965292981529)1:0.24609322332729539)0.99:0.15206373029301617,((((21,176)1:0.45990260498306995,(((5,(127,46)1:0.7040396217263689)1:0.381937518126237,(10,(125,(86,112)1:0.2230524681945187)1:0.35408957818299314)1:0.4880884623751924)1:0.36334773136313,(193,((43,180)1:0.4939891477775708,(154,((133,186)1:0.2312143621661261,(44,(92,26)0.97:0.12341593923929203)0.38:0.00706662512019641)1:0.3402585209966684)1:0.22685276515661082)0.78:0.06758968957868208)1:0.36990808160366695)0.98:0.1284897048726228)0.85:0.08039666978876374,((((61,(49,157)1:0.5534442334946765)1:0.4202910437323409,(132,(190,(42,(104,146)1:0.3831185419901813)1:0.3631158432433486)1:0.22492597997074767)1:0.4135744214273298)0.54:0.030430654468007256,(((29,68)1:0.3507305989720084,(27,(95,(20,(39,(67,153)1:0.2403971022030461)1:0.1857572212219484)0.9:0.09364341732647875)1:0.18401968606829686)1:0.6690260607595365)0.98:0.1370327284733211,((66,(108,79)1:0.18387076715757314)1:0.235745037252061,((101,185)1:0.5730874307054572,((28,59)1:0.1766991851746454,((181,(96,(97,54)0.45:0.028636191644137013)1:0.2874043122075861)1:0.522934818322509,(90,(64,(177,(65,40)1:0.440627327723233)0.99:0.15675863985693905)1:0.2803862216739306)0.89:0.09138298606691021)0.38:0.00523572230102324)0.99:0.15248538460727276)0.62:0.04247916315394872)0.57:0.03482851783208351)0.97:0.12357301836568693)0.99:0.15562306181474628,(((94,150)1:0.5778855939194079,(179,((149,(73,148)1:0.2921144359084893)1:0.5096074016475189,((165,188)1:0.8340002608832443,(25,(109,(47,110)0.52:0.02924938042044431)1:0.18718498680017454)1:0.5224268680154152)1:0.2579788772478093)0.98:0.13774884927602643)1:0.17996313024557029)0.66:0.047814772076106495,((58,(0,(((34,31)1:0.5854798226039304,((197,(7,(113,37)1:0.2661555520786537)0.9:0.09372291593612345)1:0.32318819895470485,(160,(81,(124,(119,139)0.47:0.040183033414699816)1:0.1823139804911143)0.77:0.06587287970899572)1:0.2779702383798126)1:0.32103660038328174)1:0.6668074121311905,((152,(156,(53,102)0.98:0.13337627808294464)1:1.073166321002995)0.91:0.098311791354501,((155,(1,2)1:1.5520198877577105)1:0.17064703985139085,((120,(77,(24,166)0.61:0.046494888428408813)1:0.28990693621180247)0.99:0.13932606955227314,(158,(138,(184,182)1:0.42315262238551526)0.88:0.08974948912824761)1:0.9526927470977348)0.61:0.040484341779678114)0.45:0.01813729790810438)0.89:0.09095729095657894)0.53:0.03013763856428193)0.54:0.03462255274801172)0.31:0.0,((71,(55,(18,(121,175)1:0.3621008932247297)1:0.7731646341139026)1:0.55848369977802)0.47:0.020021290683397534,(((144,134)1:0.988853983569159,(((142,136)1:0.7282566409481276,((89,76)0.96:0.1155672951602066,((169,69)1:0.3964786272704051,(198,(111,(3,9)1:0.5216576436343117)1:0.2717478758697958)1:0.26937050885545144)0.45:0.02773541825017824)1:0.5138299673206856)0.65:0.04612491446489331,(16,((45,(70,(135,63)0.99:0.14051226148448887)1:0.44463152500717973)1:0.5695308380475947,((183,(131,(82,187)0.96:0.1182071418589317)1:0.19424937002636156)1:0.8912806085651294,((99,(75,11)1:0.16439234099176858)1:0.26898106218341045,((48,115)1:0.36364246629681707,(106,(140,(122,17)0.5:0.03088944198484606)1:0.268551513283799)1:0.1894498496173092)0.76:0.07679547648450256)1:0.8255652089212966)0.91:0.09603372724684225)0.35:3.8277512429098453E-4)0.94:0.10788537744583758)0.59:0.04069085149496122)0.32:0.0,(((117,(84,189)1:0.7365133656219861)1:0.4081153573094611,((93,87)1:0.7664431718463995,(151,(56,118)0.88:0.08874842196918388)1:0.5420962479896297)1:0.16848225934018815)1:0.6728574123557175,((((23,(147,(6,161)1:0.7350471254448752)0.52:0.04443162315428379)1:0.54295504133078,((12,78)1:0.6337704949678894,((98,57)1:0.6581211760846082,(19,38)1:0.7329863135490474)0.61:0.04411825871407742)1:0.371478762321112)0.57:0.036276586603236384,((194,91)1:1.0932919965972594,((33,167)1:1.1448714386243297,((164,(195,22)1:0.402473206584798)1:0.2692979639800064,((145,85)1:0.33871355246422646,(116,126)1:0.24252440542603168)1:0.37102131233629143)1:0.3551777902387694)0.49:0.02293936741450352)1:0.3719737312926441)0.95:0.11041352838246224,(((114,13)1:0.8002700551198267,((14,(105,172)0.76:0.07110549110750755)1:0.23024552059624756,((15,4)1:0.268859610118816,(159,170)0.97:0.12496568659628236)1:0.7128951855596746)1:0.24757758237413063)1:0.5348964850802016,((36,196)1:0.6925250815586302,((191,(62,(171,(141,100)0.99:0.1516846956512432)0.69:0.052910952612354824)1:0.3091397191079792)1:1.155035653753017,((52,(200,(50,72)1:0.5757495368770984)0.94:0.10839064811976114)1:0.3075613506216744,((32,129)1:0.27088214448480025,((199,137)1:0.6652129317076914,(168,(35,(174,178)1:0.19598297144977175)0.99:0.15039483053609268)0.55:0.04023615391192027)0.71:0.06469835655898751)1:0.5175383628924793)1:0.31832854757088586)0.63:0.057380703110364965)0.77:0.06460592601612748)0.83:0.07679282737021599)0.41:0.010861543852904972)0.38:0.005757468378265141)0.47:0.021104745731535708)0.38:0.005315386707815139)0.35:5.561977975199098E-4)0.38:0.005316173594456202)0.76:0.06273566180695053)0.73:0.05902444246034211,((60,41)1:0.19892965569758217,(173,83)1:0.6918600329281404)1:0.7762819059568068)0.37:0.004083625695887622)1:0.2514386708153895)1:0.16633977769405414)1:0.2258934833457135)0.57:0.041753693807492304));
Weight calculation took 179.691397631 secs
ASTRAL finished in 267.29 secs
