
================== ASTRAL ===================== 

This is ASTRAL version 5.7.8
Gene trees are treated as unrooted
50 trees read from Dataset/AstralII_data/model.200.500000.0.000001/41/estimatedgenetre.halfresolved_50
index0
All output trees will be *arbitrarily* rooted at 123

======== Running the main analysis
Number of taxa: 201 (201 species)
Taxa: [123, 36, 196, 105, 15, 14, 163, 128, 30, 8, 114, 13, 103, 183, 66, 181, 151, 56, 118, 21, 44, 92, 133, 186, 176, 43, 84, 117, 144, 134, 97, 54, 96, 65, 177, 90, 40, 49, 61, 157, 191, 62, 141, 100, 171, 154, 180, 193, 16, 5, 127, 46, 86, 112, 125, 10, 169, 116, 45, 197, 113, 7, 53, 156, 102, 142, 136, 94, 150, 47, 110, 172, 159, 170, 4, 58, 89, 37, 28, 67, 190, 104, 146, 42, 194, 145, 85, 195, 22, 126, 6, 12, 19, 38, 26, 165, 155, 184, 158, 138, 182, 164, 98, 23, 147, 161, 152, 33, 167, 78, 95, 39, 153, 29, 68, 101, 185, 34, 119, 124, 139, 81, 160, 55, 111, 3, 9, 69, 57, 76, 25, 20, 27, 198, 1, 2, 179, 73, 148, 188, 109, 149, 91, 0, 31, 64, 75, 70, 106, 140, 82, 131, 187, 135, 63, 71, 18, 121, 132, 59, 108, 79, 120, 24, 166, 77, 83, 88, 173, 60, 41, 93, 87, 189, 74, 51, 80, 107, 143, 162, 175, 192, 122, 17, 11, 48, 99, 115, 174, 50, 52, 200, 178, 32, 129, 199, 137, 72, 168, 35, 130]
Taxon occupancy: {110=50, 111=50, 112=50, 113=50, 114=50, 115=50, 116=50, 117=50, 118=50, 119=50, 10=50, 11=50, 12=50, 13=50, 14=50, 15=50, 16=50, 17=50, 18=50, 19=50, 120=50, 0=50, 121=50, 1=50, 122=50, 123=50, 2=50, 124=50, 3=50, 125=50, 4=50, 5=50, 126=50, 127=50, 6=50, 128=50, 7=50, 8=50, 129=50, 9=50, 20=50, 21=50, 22=50, 23=50, 24=50, 25=50, 26=50, 27=50, 28=50, 29=50, 130=50, 131=50, 132=50, 133=50, 134=50, 135=50, 136=50, 137=50, 138=50, 139=50, 30=50, 31=50, 32=50, 33=50, 34=50, 35=50, 36=50, 37=50, 38=50, 39=50, 140=50, 141=50, 142=50, 143=50, 144=50, 145=50, 146=50, 147=50, 148=50, 149=50, 40=50, 41=50, 42=50, 43=50, 44=50, 45=50, 46=50, 47=50, 48=50, 49=50, 150=50, 151=50, 152=50, 153=50, 154=50, 155=50, 156=50, 157=50, 158=50, 159=50, 50=50, 51=50, 52=50, 53=50, 54=50, 55=50, 56=50, 57=50, 58=50, 59=50, 160=50, 161=50, 162=50, 163=50, 164=50, 165=50, 166=50, 167=50, 168=50, 169=50, 60=50, 61=50, 62=50, 63=50, 64=50, 65=50, 66=50, 67=50, 68=50, 69=50, 170=50, 171=50, 172=50, 173=50, 174=50, 175=50, 176=50, 177=50, 178=50, 179=50, 70=50, 71=50, 72=50, 73=50, 74=50, 75=50, 76=50, 77=50, 78=50, 79=50, 180=50, 181=50, 182=50, 183=50, 184=50, 185=50, 186=50, 187=50, 188=50, 189=50, 80=50, 81=50, 82=50, 83=50, 84=50, 85=50, 86=50, 87=50, 88=50, 89=50, 190=50, 191=50, 192=50, 193=50, 194=50, 195=50, 196=50, 197=50, 198=50, 199=50, 90=50, 91=50, 92=50, 93=50, 94=50, 95=50, 96=50, 97=50, 98=50, 99=50, 200=50, 100=50, 101=50, 102=50, 103=50, 104=50, 105=50, 106=50, 107=50, 108=50, 109=50}
Number of gene trees: 50
0 trees have missing taxa
Calculating quartet distance matrix (for completion of X)
Species tree distances calculated ...
Building set of clusters (X) from gene trees 
------------------------------
gradient0: 12365
Number of Clusters after addition by distance: 12365
calculating extra bipartitions to be added at level 1 ...
Adding to X using resolutions of greedy consensus ...
Limit for sigma of degrees:5075
polytomy size limit : 50
discarded polytomies: 89 132  [3, 3, 3, 3, 3, 3, 3, 5, 28, 28, 28, 43, 50, 89, 132]
Threshold 0.0:
polytomy of size 28; rounds with additions with at least 5 support: 1; clusters: 26015
Threshold 0.01:
polytomy of size 28; rounds with additions with at least 5 support: 0; clusters: 38367
Threshold 0.02:
polytomy of size 28; rounds with additions with at least 5 support: 0; clusters: 50433
Threshold 0.05:
polytomy of size 43; rounds with additions with at least 5 support: 6; clusters: 51649
Threshold 0.1:
polytomy of size 3; rounds with additions with at least 5 support: 0; clusters: 51649
polytomy of size 3; rounds with additions with at least 5 support: 0; clusters: 51649
polytomy of size 3; rounds with additions with at least 5 support: 0; clusters: 51649
polytomy of size 50; rounds with additions with at least 5 support: 1; clusters: 52197
Threshold 0.2:
polytomy of size 89; rounds with additions with at least 5 support: 0; clusters: 52663
Threshold 0.3333333333333333:
polytomy of size 3; rounds with additions with at least 5 support: 0; clusters: 52663
polytomy of size 3; rounds with additions with at least 5 support: 0; clusters: 52663
polytomy of size 5; rounds with additions with at least 5 support: 0; clusters: 52663
polytomy of size 3; rounds with additions with at least 5 support: 0; clusters: 52663
polytomy of size 3; rounds with additions with at least 5 support: 0; clusters: 52663
polytomy of size 132; rounds with additions with at least 5 support: 0; clusters: 52949
max k is :12
Number of Clusters after addition by greedy: 52949
gradient0 in heuristiic: 52949
partitions formed in 19.566 secs
Dynamic Programming starting after 19.566 secs
Using tree-based weight calculation.
Using polytree-based weight calculation.
Polytree max score: 3299901594
Polytree building time: 0.066 seconds.
Number of quartet trees in the gene trees: 3299901594
Size of largest cluster: 201
Greedy score: 1370974087
estimationFactor: 2.4069759051543618
Sub-optimal score: 1377462467
Calculated 100000 weights; time (seconds): 55
Total Number of elements weighted: 132602
Normalized score (portion of input quartet trees satisfied before correcting for multiple individuals): 0.4494032296891578
Optimization score: 1482986434
Optimal tree inferred in 69.488 secs.
(83,(173,((60,41),(((163,128),((74,51),(123,(103,130)))),(((8,80),((30,192),((88,107),(143,162)))),(((21,176),(((5,(127,46)),(10,(125,(86,112)))),(193,((43,180),(154,((133,186),(44,(92,26)))))))),((((58,(94,150)),(179,((149,(73,148)),((165,188),(25,(109,(47,110))))))),(((61,(49,157)),(132,(190,(42,(104,146))))),(((29,68),(27,(95,(20,(39,(67,153)))))),((66,(108,79)),((101,185),((181,(97,(54,96))),((28,59),(90,(64,(177,(65,40))))))))))),((55,(18,(121,175))),((71,(0,(((156,(53,102)),((120,(24,(166,77))),((155,(1,2)),(152,((184,182),(158,138)))))),(((34,31),((197,(7,(113,37))),(160,(81,(124,(119,139)))))),((45,(70,(135,63))),(16,((183,(131,(82,187))),((99,(75,11)),((48,115),(106,(17,(140,122)))))))))))),(((142,136),((89,76),((169,69),(198,(111,(3,9)))))),((144,134),((((147,(23,(6,161))),((12,78),((98,57),(19,38)))),(((33,167),(194,91)),((164,(195,22)),((145,85),(116,126))))),(((117,(84,189)),((93,87),(151,(56,118)))),((36,196),(((114,13),((14,(105,172)),((15,4),(159,170)))),((191,(171,(62,(141,100)))),(((50,72),(52,200)),((32,129),((199,137),(168,(35,(174,178))))))))))))))))))))));
Final quartet score is: 1482986434
Final normalized quartet score is: 0.4494032296891578
Extended species tree:
(123,((103,130)0.95:0.26052400987436203,((74,51)1:1.0059521302214725,((163,128)1:0.6390288929608808,((((8,80)0.55:0.08637430197327617,((30,192)1:0.9886019666505519,((88,107)0.76:0.1265526511473197,(143,162)0.99:0.32537600641016995)1:0.7705725139272168)0.75:0.12196231253243975)0.91:0.19221638586716586,(((21,176)1:0.4555949167899417,(((5,(127,46)1:0.8693059482275911)1:0.38166404637582185,(10,(125,(86,112)0.97:0.2636128154189485)1:0.38976340794656195)1:0.5330079416786991)0.99:0.2933942478768234,(193,((43,180)1:0.4039043030251418,(154,((133,186)1:0.37881265694275884,(44,(92,26)0.59:0.09874745301424026)0.61:0.08434114843375082)0.89:0.1850704295243069)0.98:0.282190726244601)0.52:0.05182017895288228)1:0.41451112392567513)0.57:0.06611090122715829)0.37:0.003044857317112396,((((58,(94,150)1:0.5326504964429383)0.68:0.10134446342061144,(179,((149,(73,148)0.99:0.3070807409462647)1:0.39907091932963545,((165,188)1:0.8742929582648887,(25,(109,(47,110)0.6:0.08866563708565639)0.47:0.03512954140496393)1:0.5669642401468616)0.98:0.2727226966075807)0.85:0.16487883994507715)0.91:0.1923072797349642)0.39:0.011083140571961355,(((61,(49,157)1:0.7412245863242917)0.97:0.26101649892693485,(132,(190,(42,(104,146)1:0.39124977318569915)0.87:0.1715703617922084)0.94:0.21812913374212442)1:0.35894162901192256)0.36:0.0,(((29,68)1:0.37256222622644186,(27,(95,(20,(39,(67,153)1:0.3511581361774259)0.65:0.08987036651108556)0.6:0.09308387361272774)1:0.3849751117453524)1:0.49066050732059924)0.69:0.1174793056155372,((66,(108,79)1:0.37880012019477827)0.74:0.12031403197900847,((101,185)1:0.5004550029629895,((181,(97,(54,96)0.64:0.09531017980432502)1:0.4166878964452933)1:0.4114983089123325,((28,59)0.95:0.22565889240183387,(90,(64,(177,(65,40)1:0.4972507546749219)0.66:0.09371824260323701)0.93:0.21384567435725918)0.47:0.03607848037160591)0.55:0.060299489806791375)0.38:0.008207872968963909)0.66:0.0917933274683733)0.47:0.04054902558152424)0.64:0.08678310687873089)0.72:0.11168928701942933)0.4:0.01256910057219572,((55,(18,(121,175)0.99:0.3113304690865705)1:0.49485451055581964)1:0.590088607455786,((71,(0,(((156,(53,102)0.81:0.1502955868306045)1:1.2156238848353818,((120,(24,(166,77)0.39:0.011203343709992986)0.98:0.28222273088609745)0.85:0.1652796128507296,((155,(1,2)1:1.3052922892941041)0.46:0.03806685304683968,(152,((184,182)0.99:0.30596301545737964,(158,138)0.8:0.13844897966565586)1:0.7074293593247473)0.47:0.05619521900526151)0.51:0.04810140359810983)0.46:0.051060637831783995)0.55:0.06427719393936265,(((34,31)1:0.4837893070240001,((197,(7,(113,37)0.78:0.13821085834648178)0.88:0.1806010449897981)0.92:0.2034035041989074,(160,(81,(124,(119,139)0.84:0.15645577063488697)0.9:0.18594111832206592)0.87:0.17092219131424577)0.95:0.2341955150902041)0.87:0.1713862102012328)1:0.5136710249819944,((45,(70,(135,63)0.98:0.27684773028607085)1:0.42945160248628017)1:0.43285499400279026,(16,((183,(131,(82,187)0.91:0.19831327302665197)0.92:0.20619336569686003)1:0.6829779531510459,((99,(75,11)0.83:0.15715081844740308)0.94:0.2139121398421768,((48,115)1:0.34900137995089436,(106,(17,(140,122)0.44:0.030006020469946226)1:0.4341650675557991)0.88:0.1792192848301347)0.7:0.11468581494129955)1:0.7750657339333396)0.74:0.11680541522436651)0.38:0.007893993926856755)0.8:0.1488331187571134)0.44:0.027163953897027377)0.43:0.0234822446721671)0.52:0.06026728097819569)0.38:0.007670809079234586,(((142,136)1:0.49053950959943726,((89,76)0.97:0.25503318171450695,((169,69)0.99:0.3218957339926674,(198,(111,(3,9)0.99:0.32493300971629246)1:0.4194092951086357)0.98:0.2776106206824591)0.67:0.11696069214538087)1:0.6265079647478794)0.58:0.06785883033399703,((144,134)1:1.1340856170116551,((((147,(23,(6,161)1:0.6359722570329377)0.55:0.07134727269674138)1:0.6329997670237736,((12,78)1:0.5563406141906592,((98,57)1:0.357016255431444,(19,38)1:0.8166197060360446)0.79:0.13869445050727755)0.97:0.26281044884048704)0.47:0.03439404595134399,(((33,167)1:1.012683910570627,(194,91)1:1.0499501026572469)0.52:0.051013997283442594,((164,(195,22)1:0.4357773135162038)0.94:0.21499010134379928,((145,85)0.97:0.26368642807800363,(116,126)0.74:0.12457528742894636)0.99:0.31604355928398115)1:0.48730412632429654)1:0.4149214433501996)0.58:0.0678035670003391,(((117,(84,189)1:0.615438196232629)1:0.5781653146797879,((93,87)1:0.6294906509035906,(151,(56,118)0.44:0.027340053365057793)1:0.8327853310778238)0.58:0.07981485031125869)1:0.6549676352744932,((36,196)1:0.9560726361277296,(((114,13)1:0.693103291073665,((14,(105,172)0.51:0.06737081111508357)0.98:0.27825124318907085,((15,4)0.99:0.32572104161946647,(159,170)0.61:0.08975680187619545)1:0.8051103139193277)0.99:0.305057093215017)1:0.46845860492334473,((191,(171,(62,(141,100)0.54:0.05847509369171657)0.63:0.09396665895031)0.91:0.21548163324490746)1:1.1005857278919582,(((50,72)1:0.4503298294438636,(52,200)0.55:0.06606763495207622)0.98:0.2809738041700621,((32,129)1:0.35902489212196265,((199,137)1:1.084823466184369,(168,(35,(174,178)0.49:0.04077867004780105)0.68:0.10142017844590344)0.54:0.056573011625311455)0.68:0.09938640531994616)1:0.5576546584675128)0.99:0.29486493672321695)0.46:0.033956609696706976)0.47:0.03663049283531544)0.66:0.09458598885106986)0.37:0.002590629013381232)0.35:0.004243686373521469)0.38:0.006923598600822252)0.39:0.010921414001409419)0.42:0.02151824469846253)0.34:0.0)0.59:0.07164369116073427)0.43:0.02566349558375201)0.4:0.01364935463257254,((60,41)0.82:0.15365314262608967,(173,83)1:0.881338423588194)1:0.7850234134904189)0.99:0.3202073963739611)0.52:0.051085853647041116)0.95:0.2308071455024621));
Weight calculation took 38.387559866 secs
ASTRAL finished in 70.87 secs
