
================== ASTRAL ===================== 

This is ASTRAL version 5.7.8
Gene trees are treated as unrooted
200 trees read from Dataset/AstralII_data/model.200.500000.0.000001/35/estimatedgenetre.halfresolved_200
index0
All output trees will be *arbitrarily* rooted at 31

======== Running the main analysis
Number of taxa: 201 (201 species)
Taxa: [31, 7, 85, 136, 195, 155, 143, 189, 164, 21, 28, 133, 102, 200, 117, 181, 105, 163, 75, 103, 142, 178, 188, 198, 41, 14, 62, 54, 88, 26, 109, 78, 184, 94, 29, 101, 104, 73, 96, 33, 97, 91, 6, 132, 99, 191, 169, 20, 124, 69, 36, 22, 146, 5, 63, 39, 126, 122, 1, 23, 46, 8, 27, 199, 173, 177, 106, 167, 55, 174, 165, 16, 112, 157, 185, 86, 129, 92, 64, 48, 45, 49, 139, 44, 52, 24, 116, 128, 110, 175, 183, 74, 152, 150, 135, 58, 161, 154, 32, 93, 25, 70, 149, 108, 179, 82, 89, 2, 160, 67, 87, 56, 19, 83, 79, 65, 60, 125, 71, 3, 9, 10, 107, 81, 158, 42, 72, 90, 140, 119, 50, 130, 196, 144, 68, 168, 121, 57, 66, 77, 4, 127, 111, 156, 18, 192, 84, 123, 180, 159, 137, 145, 141, 15, 190, 186, 197, 131, 170, 35, 182, 134, 176, 138, 17, 171, 153, 193, 147, 172, 40, 194, 151, 12, 0, 11, 80, 13, 53, 187, 114, 162, 95, 34, 61, 166, 100, 76, 47, 38, 118, 98, 148, 120, 37, 43, 115, 59, 30, 113, 51]
Taxon occupancy: {110=200, 111=200, 112=200, 113=200, 114=200, 115=200, 116=200, 117=200, 118=200, 119=200, 10=200, 11=200, 12=200, 13=200, 14=200, 15=200, 16=200, 17=200, 18=200, 19=200, 120=200, 121=200, 0=200, 122=200, 1=200, 2=200, 123=200, 124=200, 3=200, 125=200, 4=200, 5=200, 126=200, 6=200, 127=200, 7=200, 128=200, 8=200, 129=200, 9=200, 20=200, 21=200, 22=200, 23=200, 24=200, 25=200, 26=200, 27=200, 28=200, 29=200, 130=200, 131=200, 132=200, 133=200, 134=200, 135=200, 136=200, 137=200, 138=200, 139=200, 30=200, 31=200, 32=200, 33=200, 34=200, 35=200, 36=200, 37=200, 38=200, 39=200, 140=200, 141=200, 142=200, 143=200, 144=200, 145=200, 146=200, 147=200, 148=200, 149=200, 40=200, 41=200, 42=200, 43=200, 44=200, 45=200, 46=200, 47=200, 48=200, 49=200, 150=200, 151=200, 152=200, 153=200, 154=200, 155=200, 156=200, 157=200, 158=200, 159=200, 50=200, 51=200, 52=200, 53=200, 54=200, 55=200, 56=200, 57=200, 58=200, 59=200, 160=200, 161=200, 162=200, 163=200, 164=200, 165=200, 166=200, 167=200, 168=200, 169=200, 60=200, 61=200, 62=200, 63=200, 64=200, 65=200, 66=200, 67=200, 68=200, 69=200, 170=200, 171=200, 172=200, 173=200, 174=200, 175=200, 176=200, 177=200, 178=200, 179=200, 70=200, 71=200, 72=200, 73=200, 74=200, 75=200, 76=200, 77=200, 78=200, 79=200, 180=200, 181=200, 182=200, 183=200, 184=200, 185=200, 186=200, 187=200, 188=200, 189=200, 80=200, 81=200, 82=200, 83=200, 84=200, 85=200, 86=200, 87=200, 88=200, 89=200, 190=200, 191=200, 192=200, 193=200, 194=200, 195=200, 196=200, 197=200, 198=200, 199=200, 90=200, 91=200, 92=200, 93=200, 94=200, 95=200, 96=200, 97=200, 98=200, 99=200, 200=200, 100=200, 101=200, 102=200, 103=200, 104=200, 105=200, 106=200, 107=200, 108=200, 109=200}
Number of gene trees: 200
0 trees have missing taxa
Calculating quartet distance matrix (for completion of X)
Species tree distances calculated ...
Building set of clusters (X) from gene trees 
------------------------------
gradient0: 39733
Number of Clusters after addition by distance: 39733
calculating extra bipartitions to be added at level 1 ...
Adding to X using resolutions of greedy consensus ...
Limit for sigma of degrees:5075
polytomy size limit : 58
discarded polytomies: 85 130  [3, 3, 3, 3, 3, 3, 4, 4, 4, 4, 4, 4, 5, 5, 5, 5, 6, 7, 8, 19, 27, 32, 47, 58, 85, 130]
Threshold 0.0:
polytomy of size 19; rounds with additions with at least 5 support: 15; clusters: 44831
Threshold 0.01:
polytomy of size 27; rounds with additions with at least 5 support: 10; clusters: 55161
Threshold 0.02:
polytomy of size 3; rounds with additions with at least 5 support: 0; clusters: 55161
polytomy of size 32; rounds with additions with at least 5 support: 9; clusters: 69867
Threshold 0.05:
polytomy of size 4; rounds with additions with at least 5 support: 0; clusters: 69867
polytomy of size 4; rounds with additions with at least 5 support: 0; clusters: 69867
polytomy of size 47; rounds with additions with at least 5 support: 2; clusters: 70181
Threshold 0.1:
polytomy of size 3; rounds with additions with at least 5 support: 0; clusters: 70181
polytomy of size 4; rounds with additions with at least 5 support: 0; clusters: 70181
polytomy of size 5; rounds with additions with at least 5 support: 0; clusters: 70181
polytomy of size 58; rounds with additions with at least 5 support: 0; clusters: 70359
Threshold 0.2:
polytomy of size 7; rounds with additions with at least 5 support: 0; clusters: 70359
polytomy of size 4; rounds with additions with at least 5 support: 0; clusters: 70359
polytomy of size 4; rounds with additions with at least 5 support: 0; clusters: 70359
polytomy of size 5; rounds with additions with at least 5 support: 0; clusters: 70359
polytomy of size 3; rounds with additions with at least 5 support: 0; clusters: 70359
polytomy of size 6; rounds with additions with at least 5 support: 0; clusters: 70359
polytomy of size 3; rounds with additions with at least 5 support: 0; clusters: 70359
polytomy of size 85; rounds with additions with at least 5 support: 0; clusters: 70499
Threshold 0.3333333333333333:
polytomy of size 4; rounds with additions with at least 5 support: 0; clusters: 70499
polytomy of size 3; rounds with additions with at least 5 support: 0; clusters: 70499
polytomy of size 8; rounds with additions with at least 5 support: 0; clusters: 70499
polytomy of size 5; rounds with additions with at least 5 support: 0; clusters: 70499
polytomy of size 5; rounds with additions with at least 5 support: 0; clusters: 70499
polytomy of size 3; rounds with additions with at least 5 support: 0; clusters: 70499
polytomy of size 130; rounds with additions with at least 5 support: 0; clusters: 70583
max k is :30
Number of Clusters after addition by greedy: 70583
gradient0 in heuristiic: 70583
partitions formed in 52.647 secs
Dynamic Programming starting after 52.647 secs
Using tree-based weight calculation.
Using polytree-based weight calculation.
Polytree max score: 13199597193
Polytree building time: 0.389 seconds.
Number of quartet trees in the gene trees: 13199597193
Size of largest cluster: 201
Greedy score: 5196044525
estimationFactor: 2.540316413666605
Sub-optimal score: 5501839701
Calculated 100000 weights; time (seconds): 158
Total Number of elements weighted: 169222
Normalized score (portion of input quartet trees satisfied before correcting for multiple individuals): 0.46085906403462173
Optimization score: 6083154008
Optimal tree inferred in 243.237 secs.
(68,((1,90),(((50,(130,196)),(144,(140,119))),(168,((42,(158,(23,72))),((122,((107,81),(3,(9,10)))),(127,((160,(4,(84,123))),((76,((69,((20,124),(35,182))),((57,(121,(17,(138,((134,(176,153)),(171,(193,147))))))),((67,87),(((98,148),(38,(47,118))),(26,(2,(5,((36,89),(22,(146,63))))))))))),((((39,126),(136,105)),(((82,(27,199)),((163,111),(85,(31,(7,156))))),((109,((99,(191,169)),(6,(132,108)))),((120,(75,((37,43),(103,142)))),((41,14),(((192,(137,(180,(18,159)))),(145,((152,150),(70,(51,(74,149)))))),(((186,(190,115)),(170,(197,131))),(173,((32,93),(25,(154,(135,(58,161))))))))))))),((48,(((183,(44,179)),(139,((16,129),(185,(157,(86,(112,(92,64)))))))),((52,((128,(133,102)),((200,(117,181)),(110,(24,116))))),((165,(21,174)),((164,((189,167),(28,106))),(55,((175,59),((195,143),(155,177))))))))),(((((46,8),(187,162)),((198,62),(188,(88,(178,54))))),(((66,77),(30,113)),((60,(125,71)),(19,(79,(83,65)))))),(0,(((141,((40,194),(172,(151,12)))),(((34,61),(15,95)),((166,100),(45,49)))),(((96,97),(78,184)),((56,(91,(73,(104,53)))),(114,(33,((11,80),(13,(29,(94,101))))))))))))))))))))));
Final quartet score is: 6083154008
Final normalized quartet score is: 0.46085906403462173
Extended species tree:
(31,((7,156)1:0.7045949383444725,(85,((163,111)0.92:0.10400072281667692,((82,(27,199)1:0.5357711076642776)0.96:0.12429762141248545,(((109,((99,(191,169)1:0.2137148099439376)1:0.9982527761503919,(6,(132,108)0.78:0.07375255746552757)1:0.9812630980337794)1:0.2212550875126219)0.98:0.12740627671606652,((120,(75,((37,43)0.93:0.10476275279925454,(103,142)0.98:0.13098207057986191)1:0.8757962353861267)1:0.222294791826785)1:0.6291741864361727,((41,14)1:1.6353492631102475,(((192,(137,(180,(18,159)1:0.17135636391151726)0.89:0.09053713555719477)0.75:0.06201691205678341)1:1.243424818529847,(145,((152,150)1:1.2513796934554264,(70,(51,(74,149)1:1.0958017472948265)0.62:0.04966564673559826)0.46:0.02204240889799893)0.92:0.09770283064885933)1:0.2244869471462598)0.43:0.014243780968215469,(((186,(190,115)1:0.6796776966607881)0.94:0.10804756175985743,(170,(197,131)1:1.3260334063126664)1:0.16354750058801085)1:0.21910264841028917,(173,((32,93)0.81:0.07658597684543628,(25,(154,(135,(58,161)0.99:0.14355975407819896)0.74:0.06359693832547543)0.91:0.09595385325940363)1:0.37354707716432195)1:0.6143247075014054)1:0.25636690696525305)0.41:0.011910039757000921)0.42:0.016652652039618594)0.61:0.04133946937502885)0.45:0.01655117101698615)0.41:0.012449061188516259,(((39,126)1:1.3467065546712629,(136,105)0.44:0.015845771689745183)1:0.2585771508066801,(((48,(((183,(44,179)1:1.1146586306494486)0.71:0.06060268559380746,(139,((16,129)0.59:0.03751545131914833,(185,(157,(86,(112,(92,64)0.82:0.07707213049305273)0.79:0.0740649107207091)0.86:0.08691953903031265)0.89:0.08994170799064302)1:0.28390822078536215)1:1.2740394613987849)0.65:0.05049490552563124)0.96:0.11684472464275499,((52,((128,(133,102)1:1.3659981861368393)1:0.2958299846218358,((200,(117,181)1:0.3841537889336161)1:0.4248734388670089,(110,(24,116)1:1.0206592275600006)0.97:0.1255701654370915)0.81:0.07280922410752769)0.39:0.008343350573436971)1:0.19976667573623763,((165,(21,174)1:0.3402762312439191)1:0.5004964790862836,((164,((189,167)1:0.18261960734351299,(28,106)0.99:0.15747403982439134)1:0.19241400698326871)1:0.46790297280723975,(55,((175,59)1:0.16493139967978418,((195,143)0.85:0.08240046137873108,(155,177)0.85:0.07991012731228167)1:0.6536175284916333)0.98:0.12875541851942615)0.45:0.02374474615606343)1:0.22363038751682396)0.77:0.06698346445936247)0.96:0.11812454107337084)0.88:0.08791546570386635)0.77:0.06549289209811954,(((((46,8)1:0.600657993835813,(187,162)1:0.35798000652056655)1:0.28615510292872276,((198,62)1:0.8339764738286896,(188,(88,(178,54)0.77:0.1181647231437887)0.82:0.07453350283478417)0.99:0.14091741258235357)0.57:0.03505761235349639)0.96:0.11631225127052712,(((66,77)1:1.0520506604210877,(30,113)1:1.1582235406785997)1:0.1911501121797289,((60,(125,71)1:0.17273401458007565)1:0.3439900383982566,(19,(79,(83,65)0.85:0.08471148686336964)1:0.3752239333309303)1:0.3842524990548792)1:0.3923518372359726)1:0.6623129219989593)0.41:0.011682715022327343,(0,(((141,((40,194)1:0.3561927777343171,(172,(151,12)1:0.1731311289158871)1:0.25359034587179435)1:1.0673977216865704)1:0.34332421565097465,(((34,61)1:0.9661137043789092,(15,95)1:0.22857535393114994)1:0.5336897825891302,((166,100)1:1.328408631465973,(45,49)1:1.730036615216148)0.97:0.12546059909390642)1:0.18930674735810316)0.45:0.017738801470749802,(((96,97)1:0.26760363724589054,(78,184)1:0.6323814267008803)1:0.28802117221797235,((56,(91,(73,(104,53)1:0.4508353034887846)0.99:0.14389282667630043)0.78:0.07054038587636238)1:0.7170593439692884,(114,(33,((11,80)1:0.9696658743632931,(13,(29,(94,101)1:0.242768150667108)1:0.5108445647742212)0.57:0.03626654039153882)0.46:0.020387407417392055)1:0.7223238992300753)0.59:0.038309002589093324)0.39:0.009099414391842022)0.98:0.13308899432524982)0.45:0.017564750173832754)0.8:0.07181247904948036)0.41:0.011118349604946832)0.48:0.021441795082588082,((76,((69,((20,124)1:0.3961987562835437,(35,182)1:1.0430438060232685)0.97:0.12466131437788268)1:0.7222153289925797,((57,(121,(17,(138,((134,(176,153)0.81:0.07162928296767898)1:0.24598993741473657,(171,(193,147)1:0.3172624840528926)0.59:0.03823280991396682)0.57:0.035411322549902056)0.45:0.016943444356045494)1:0.7488290417443705)0.94:0.10869148937209926)0.98:0.13785645521049214,((67,87)1:1.1122342041214792,(((98,148)1:1.023289908431288,(38,(47,118)0.99:0.1551688626475955)1:0.8131363604818463)1:0.547960044771298,(26,(2,(5,((36,89)1:0.7971661026771631,(22,(146,63)0.99:0.1479387956321399)1:0.6331319432840015)0.93:0.10055288207122914)0.59:0.045495474529029)1:0.4853241654900028)0.98:0.1343872295490661)0.92:0.09747334946245634)0.63:0.0436906522795973)0.52:0.028446230026426097)0.43:0.01426990138885333)0.35:1.7198253561813575E-4,((160,(4,(84,123)1:0.39206571208121266)0.97:0.1253929847556639)1:0.376481936459483,(127,((122,((107,81)0.44:0.02319241005384276,(3,(9,10)1:0.21188126360397672)0.85:0.0860328624257044)1:0.7685746855398278)0.94:0.11018618295710442,((42,(158,(23,72)1:0.5557411992297697)0.9:0.11035689693112634)1:0.38573466567478776,(168,(((50,(130,196)0.82:0.07466064339578392)1:0.6194356921927239,(144,(140,119)1:0.419420205814155)1:0.23850866750011065)0.82:0.07832079370737138,((1,90)0.97:0.13548134449360147,68)1:0.2298887544791348)1:0.16672380180663798)0.96:0.11587180153158116)1:0.5730612458309154)1:0.20829624829983887)0.78:0.06772218470537483)0.91:0.09500238723695678)0.42:0.013650028569571336)0.78:0.06615032260586909)0.5:0.026488434750333672)1:0.3582038626999947)1:0.2428052914583356)1:0.19783351699197604)0.67:0.06101416847312403));
Weight calculation took 161.364713235 secs
ASTRAL finished in 246.08 secs
