
================== ASTRAL ===================== 

This is ASTRAL version 5.7.8
Gene trees are treated as unrooted
50 trees read from Dataset/AstralII_data/model.200.500000.0.000001/35/estimatedgenetre.halfresolved_50
index0
All output trees will be *arbitrarily* rooted at 31

======== Running the main analysis
Number of taxa: 201 (201 species)
Taxa: [31, 7, 85, 136, 195, 155, 143, 189, 164, 21, 28, 133, 102, 200, 117, 181, 105, 163, 75, 103, 142, 178, 188, 198, 41, 14, 62, 54, 88, 26, 109, 78, 184, 94, 29, 101, 104, 73, 96, 33, 97, 91, 6, 132, 99, 191, 169, 20, 124, 69, 36, 22, 146, 5, 63, 39, 126, 122, 1, 23, 46, 8, 27, 199, 173, 177, 106, 167, 55, 174, 165, 16, 112, 157, 185, 86, 129, 92, 64, 48, 45, 49, 139, 44, 52, 24, 116, 128, 110, 175, 183, 74, 152, 150, 135, 58, 161, 154, 32, 93, 25, 70, 149, 108, 179, 82, 89, 2, 160, 67, 87, 56, 19, 83, 79, 65, 60, 125, 71, 3, 9, 10, 107, 81, 158, 42, 72, 90, 140, 119, 50, 130, 196, 144, 68, 168, 121, 57, 66, 77, 4, 127, 111, 156, 18, 192, 84, 123, 180, 159, 137, 145, 141, 15, 190, 186, 197, 131, 170, 35, 182, 134, 176, 138, 17, 171, 153, 193, 147, 172, 40, 194, 151, 12, 0, 11, 80, 13, 53, 187, 114, 162, 95, 34, 61, 166, 100, 76, 47, 38, 118, 98, 148, 120, 37, 43, 115, 59, 30, 113, 51]
Taxon occupancy: {110=50, 111=50, 112=50, 113=50, 114=50, 115=50, 116=50, 117=50, 118=50, 119=50, 10=50, 11=50, 12=50, 13=50, 14=50, 15=50, 16=50, 17=50, 18=50, 19=50, 120=50, 121=50, 0=50, 122=50, 1=50, 2=50, 123=50, 124=50, 3=50, 125=50, 4=50, 5=50, 126=50, 6=50, 127=50, 7=50, 128=50, 8=50, 129=50, 9=50, 20=50, 21=50, 22=50, 23=50, 24=50, 25=50, 26=50, 27=50, 28=50, 29=50, 130=50, 131=50, 132=50, 133=50, 134=50, 135=50, 136=50, 137=50, 138=50, 139=50, 30=50, 31=50, 32=50, 33=50, 34=50, 35=50, 36=50, 37=50, 38=50, 39=50, 140=50, 141=50, 142=50, 143=50, 144=50, 145=50, 146=50, 147=50, 148=50, 149=50, 40=50, 41=50, 42=50, 43=50, 44=50, 45=50, 46=50, 47=50, 48=50, 49=50, 150=50, 151=50, 152=50, 153=50, 154=50, 155=50, 156=50, 157=50, 158=50, 159=50, 50=50, 51=50, 52=50, 53=50, 54=50, 55=50, 56=50, 57=50, 58=50, 59=50, 160=50, 161=50, 162=50, 163=50, 164=50, 165=50, 166=50, 167=50, 168=50, 169=50, 60=50, 61=50, 62=50, 63=50, 64=50, 65=50, 66=50, 67=50, 68=50, 69=50, 170=50, 171=50, 172=50, 173=50, 174=50, 175=50, 176=50, 177=50, 178=50, 179=50, 70=50, 71=50, 72=50, 73=50, 74=50, 75=50, 76=50, 77=50, 78=50, 79=50, 180=50, 181=50, 182=50, 183=50, 184=50, 185=50, 186=50, 187=50, 188=50, 189=50, 80=50, 81=50, 82=50, 83=50, 84=50, 85=50, 86=50, 87=50, 88=50, 89=50, 190=50, 191=50, 192=50, 193=50, 194=50, 195=50, 196=50, 197=50, 198=50, 199=50, 90=50, 91=50, 92=50, 93=50, 94=50, 95=50, 96=50, 97=50, 98=50, 99=50, 200=50, 100=50, 101=50, 102=50, 103=50, 104=50, 105=50, 106=50, 107=50, 108=50, 109=50}
Number of gene trees: 50
0 trees have missing taxa
Calculating quartet distance matrix (for completion of X)
Species tree distances calculated ...
Building set of clusters (X) from gene trees 
------------------------------
gradient0: 12087
Number of Clusters after addition by distance: 12087
calculating extra bipartitions to be added at level 1 ...
Adding to X using resolutions of greedy consensus ...
Limit for sigma of degrees:5075
polytomy size limit : 54
discarded polytomies: 83 126  [3, 3, 3, 3, 3, 3, 3, 3, 3, 3, 3, 3, 4, 4, 4, 4, 4, 4, 4, 4, 4, 5, 5, 7, 8, 25, 25, 25, 41, 54, 83, 126]
Threshold 0.0:
polytomy of size 3; rounds with additions with at least 5 support: 1; clusters: 12091
polytomy of size 25; rounds with additions with at least 5 support: 3; clusters: 21939
Threshold 0.01:
polytomy of size 3; rounds with additions with at least 5 support: 0; clusters: 21939
polytomy of size 25; rounds with additions with at least 5 support: 0; clusters: 30703
Threshold 0.02:
polytomy of size 3; rounds with additions with at least 5 support: 0; clusters: 30703
polytomy of size 25; rounds with additions with at least 5 support: 0; clusters: 38723
Threshold 0.05:
polytomy of size 3; rounds with additions with at least 5 support: 0; clusters: 38723
polytomy of size 4; rounds with additions with at least 5 support: 2; clusters: 38729
polytomy of size 4; rounds with additions with at least 5 support: 0; clusters: 38731
polytomy of size 41; rounds with additions with at least 5 support: 3; clusters: 39427
polytomy of size 3; rounds with additions with at least 5 support: 0; clusters: 39427
Threshold 0.1:
polytomy of size 4; rounds with additions with at least 5 support: 2; clusters: 39431
polytomy of size 5; rounds with additions with at least 5 support: 1; clusters: 39433
polytomy of size 3; rounds with additions with at least 5 support: 0; clusters: 39433
polytomy of size 54; rounds with additions with at least 5 support: 2; clusters: 39971
Threshold 0.2:
polytomy of size 7; rounds with additions with at least 5 support: 0; clusters: 39971
polytomy of size 3; rounds with additions with at least 5 support: 0; clusters: 39971
polytomy of size 3; rounds with additions with at least 5 support: 0; clusters: 39971
polytomy of size 3; rounds with additions with at least 5 support: 0; clusters: 39971
polytomy of size 3; rounds with additions with at least 5 support: 0; clusters: 39971
polytomy of size 5; rounds with additions with at least 5 support: 0; clusters: 39971
polytomy of size 4; rounds with additions with at least 5 support: 0; clusters: 39971
polytomy of size 4; rounds with additions with at least 5 support: 0; clusters: 39971
polytomy of size 83; rounds with additions with at least 5 support: 0; clusters: 40355
Threshold 0.3333333333333333:
polytomy of size 4; rounds with additions with at least 5 support: 0; clusters: 40355
polytomy of size 8; rounds with additions with at least 5 support: 0; clusters: 40355
polytomy of size 4; rounds with additions with at least 5 support: 0; clusters: 40355
polytomy of size 4; rounds with additions with at least 5 support: 0; clusters: 40355
polytomy of size 4; rounds with additions with at least 5 support: 0; clusters: 40355
polytomy of size 3; rounds with additions with at least 5 support: 0; clusters: 40355
polytomy of size 3; rounds with additions with at least 5 support: 0; clusters: 40355
polytomy of size 126; rounds with additions with at least 5 support: 0; clusters: 40615
max k is :6
Number of Clusters after addition by greedy: 40615
gradient0 in heuristiic: 40615
partitions formed in 22.45 secs
Dynamic Programming starting after 22.45 secs
Using tree-based weight calculation.
Using polytree-based weight calculation.
Polytree max score: 3299915721
Polytree building time: 0.143 seconds.
Number of quartet trees in the gene trees: 3299915721
Size of largest cluster: 201
Greedy score: 1383323008
estimationFactor: 2.38549904969122
Sub-optimal score: 1442347843
Calculated 100000 weights; time (seconds): 59
Total Number of elements weighted: 134207
Normalized score (portion of input quartet trees satisfied before correcting for multiple individuals): 0.47310734151928363
Optimization score: 1561214354
Optimal tree inferred in 73.42 secs.
(68,((1,90),((50,(130,196)),((144,(140,119)),(168,((42,(158,(23,72))),(122,((3,((107,81),(9,10))),((160,(4,(84,123))),(127,((((20,124),(69,(35,182))),((57,(121,((153,(134,176)),((138,171),(17,(193,147)))))),((67,87),(((98,148),(38,(47,118))),(26,(2,(5,((36,89),(22,(146,63)))))))))),((((39,126),(136,105)),(((82,(27,199)),((163,111),(85,(31,(7,156))))),(((120,(75,((37,43),(103,142)))),(109,((108,(6,132)),(99,(191,169))))),(((190,115),(186,(170,(197,131)))),((41,14),((173,((32,93),(25,(135,(154,(58,161)))))),((192,(137,(180,(18,159)))),(145,((152,150),(70,(51,(74,149)))))))))))),(((76,((30,113),((66,77),((60,(125,71)),(19,(79,(83,65))))))),(0,((((15,95),(34,61)),((166,100),(45,49))),((141,((40,194),(172,(151,12)))),(((96,97),(78,184)),(114,((91,(56,(73,(104,53)))),((11,80),((33,13),(29,(94,101))))))))))),((((46,8),(187,162)),((198,62),(188,(88,(178,54))))),(48,((139,(183,((44,179),(16,(129,(185,(157,(86,(112,(92,64)))))))))),((52,((128,(133,102)),((110,(24,116)),(200,(117,181))))),((165,(21,174)),(55,((164,(167,(106,(189,28)))),((175,59),(155,(177,(195,143))))))))))))))))))))))));
Final quartet score is: 1561214354
Final normalized quartet score is: 0.47310734151928363
Extended species tree:
(31,((7,156)1:0.6958245583306618,(85,((163,111)0.47:0.05296174907086576,((82,(27,199)1:0.5851164363462403)0.82:0.14800597727753798,((((120,(75,((37,43)0.65:0.1189553816295352,(103,142)0.75:0.1244020113683583)1:0.7429094557316698)1:0.35140979450583176)1:0.7349530309799641,(109,((108,(6,132)0.64:0.12499480695495517)1:0.8151813208188103,(99,(191,169)0.91:0.20012618142746116)1:0.8820666245495923)0.93:0.21009400322520783)0.77:0.12954131047842113)0.44:0.029265306025056753,(((190,115)1:0.6377709807009099,(186,(170,(197,131)1:1.1470014637257058)0.89:0.186031026166586)0.51:0.0484131613374453)0.94:0.22170481290841226,((41,14)1:1.6095611536789922,((173,((32,93)0.85:0.1601317407917528,(25,(135,(154,(58,161)0.94:0.23136034055638632)0.66:0.09286468038985711)0.73:0.11585287680291018)1:0.35799154275326256)1:0.5196524368601487)1:0.4765558372660165,((192,(137,(180,(18,159)0.76:0.12549989998699165)0.8:0.14085241429900305)0.86:0.18340257305441288)1:1.1180068359749498,(145,((152,150)1:1.2398005871722078,(70,(51,(74,149)1:1.250389080140206)0.53:0.05296053815983082)0.69:0.10589135313624104)0.39:0.010630898954727587)0.8:0.14453235448819177)0.38:0.00819133396999611)0.39:0.011109724209313042)0.48:0.03857527941859685)0.39:0.009873825269922677)0.36:0.0,(((39,126)1:1.5859039429764927,(136,105)0.54:0.05690376093487085)0.99:0.3368252400960795,((((76,((30,113)1:0.9560723178014439,((66,77)1:1.683593019936986,((60,(125,71)1:0.34662460808523077)1:0.5669768041590759,(19,(79,(83,65)0.54:0.06157204017247473)0.97:0.2508453151094143)1:0.38139884100971816)1:0.37574309400555117)0.54:0.0661969795058914)1:0.6477170832890783)0.4:0.013401437503823475,(0,((((15,95)0.99:0.3485182225609136,(34,61)1:0.9763603047130919)1:0.43378838925103,((166,100)1:1.1247803098313656,(45,49)1:1.5664087407121352)0.55:0.05981536386177366)0.95:0.2283018934562425,((141,((40,194)0.99:0.29585194311350854,(172,(151,12)0.44:0.02944788435631777)0.98:0.2830682227424056)1:1.105270908911708)1:0.35192360414273355,(((96,97)0.77:0.1326360038167533,(78,184)1:0.5849986767827078)0.99:0.3445512131174845,(114,((91,(56,(73,(104,53)0.99:0.33119799404726824)0.92:0.20600989628986882)0.7:0.10629465864962306)1:0.5490797507261921,((11,80)1:0.7985076962177718,((33,13)0.72:0.10952639935726453,(29,(94,101)0.99:0.3002382912271933)1:0.6772921459837458)0.62:0.08767315388468007)1:0.7293954096065913)0.67:0.09653925592470863)0.43:0.024791272748045243)0.61:0.08135454392406836)0.38:0.008759160193339763)0.35:0.0)0.55:0.06839014608627993)0.42:0.020145393769943693,((((46,8)1:0.6777394683469548,(187,162)1:0.36472672413005286)0.9:0.1891743647051396,((198,62)1:0.6464420730469723,(188,(88,(178,54)0.66:0.13225896593547495)0.74:0.12153184225299193)0.7:0.1037418052488393)0.37:0.004644855970500787)0.87:0.17008516736990537,(48,((139,(183,((44,179)1:0.9366006867921117,(16,(129,(185,(157,(86,(112,(92,64)0.75:0.12345105948492438)0.55:0.060445773088544645)0.79:0.14722149731015985)0.5:0.04521713529582344)0.94:0.22088334267642817)0.42:0.02525789475425854)1:1.2668359682035284)0.52:0.052862881419260634)0.45:0.04647259038152924)0.47:0.04122898898728339,((52,((128,(133,102)1:1.3003729024942867)0.97:0.256266929045585,((110,(24,116)1:0.9994204931216093)0.75:0.1259896952804952,(200,(117,181)0.93:0.20887418691497922)1:0.5818765622059712)0.46:0.03289138480666871)0.49:0.04244803492163577)0.89:0.18830346507282264,((165,(21,174)0.77:0.13158099980781207)1:0.5342863675106514,(55,((164,(167,(106,(189,28)0.59:0.09286219816568488)0.54:0.0646778759251312)0.65:0.09171520888646593)1:0.5868273728479255,((175,59)0.5:0.04709476958418727,(155,(177,(195,143)0.57:0.12331300366584459)0.42:0.03129283516835702)1:0.5869842115969357)0.7:0.10514983953718539)0.59:0.07949084904769496)0.99:0.3378868030527957)0.41:0.01810567777827668)0.76:0.1287806765388987)0.74:0.11934845190887716)0.42:0.023071344765190228)0.43:0.02420389143993954)0.39:0.009344136113034947,((((20,124)1:0.6704964916037861,(69,(35,182)1:1.1175062380280718)0.74:0.13692421084188414)1:0.48413348827138053,((57,(121,((153,(134,176)0.36:2.9713267192323724E-4)1:0.34483690059078786,((138,171)0.8:0.16264840142902953,(17,(193,147)0.98:0.28057724682803625)0.46:0.03306622156182072)0.49:0.0450407254243036)1:0.5901976572450557)0.93:0.21138948784784414)0.85:0.16118583270323833,((67,87)1:1.1265496503530894,(((98,148)1:0.7544097609307124,(38,(47,118)0.91:0.19397565552622933)1:0.7812504991300092)1:0.41284029028001124,(26,(2,(5,((36,89)1:0.751542147049111,(22,(146,63)0.73:0.12482649928814359)1:0.5889277718996085)0.83:0.15230890450545695)0.95:0.23469423724981406)0.94:0.21635974561938728)0.89:0.18350946035566437)0.68:0.09702773555302562)0.7:0.10387546207890823)0.4:0.01254388959265046)0.4:0.013389678117347247,(127,((160,(4,(84,123)1:0.4893215255581149)0.63:0.08673996237500062)0.99:0.3012068946775247,((3,((107,81)0.51:0.09352020319274715,(9,10)0.91:0.19334053847495833)0.62:0.08466773236872413)1:0.866313504618127,(122,((42,(158,(23,72)1:0.6413341163444689)0.68:0.13844897966565586)1:0.3702251948098967,(168,((144,(140,119)1:0.3893303785989961)0.9:0.18815964373976193,((50,(130,196)0.77:0.15385363541693498)1:0.6455787636408359,((1,90)0.59:0.08782194686460103,68)0.51:0.07751322976330566)0.78:0.1376247262155223)0.92:0.20477691412901183)0.52:0.05043183287456199)1:0.431172229445953)0.43:0.023230753914107678)1:0.3749242987685312)0.42:0.020250881156022322)0.67:0.09607240056368944)0.45:0.03139737314648395)0.5:0.044260330967954)0.52:0.05243155290029902)1:0.3966750199845275)0.79:0.14141133087208638)0.56:0.06190749562932401)0.82:0.15888967056343145));
Weight calculation took 40.42460446 secs
ASTRAL finished in 75.141 secs
