
================== ASTRAL ===================== 

This is ASTRAL version 5.7.8
Gene trees are treated as unrooted
1000 trees read from Dataset/AstralII_data/model.200.500000.0.000001/35/estimatedgenetre.halfresolved
index0
All output trees will be *arbitrarily* rooted at 31

======== Running the main analysis
Number of taxa: 201 (201 species)
Taxa: [31, 7, 85, 136, 195, 155, 143, 189, 164, 21, 28, 133, 102, 200, 117, 181, 105, 163, 75, 103, 142, 178, 188, 198, 41, 14, 62, 54, 88, 26, 109, 78, 184, 94, 29, 101, 104, 73, 96, 33, 97, 91, 6, 132, 99, 191, 169, 20, 124, 69, 36, 22, 146, 5, 63, 39, 126, 122, 1, 23, 46, 8, 27, 199, 173, 177, 106, 167, 55, 174, 165, 16, 112, 157, 185, 86, 129, 92, 64, 48, 45, 49, 139, 44, 52, 24, 116, 128, 110, 175, 183, 74, 152, 150, 135, 58, 161, 154, 32, 93, 25, 70, 149, 108, 179, 82, 89, 2, 160, 67, 87, 56, 19, 83, 79, 65, 60, 125, 71, 3, 9, 10, 107, 81, 158, 42, 72, 90, 140, 119, 50, 130, 196, 144, 68, 168, 121, 57, 66, 77, 4, 127, 111, 156, 18, 192, 84, 123, 180, 159, 137, 145, 141, 15, 190, 186, 197, 131, 170, 35, 182, 134, 176, 138, 17, 171, 153, 193, 147, 172, 40, 194, 151, 12, 0, 11, 80, 13, 53, 187, 114, 162, 95, 34, 61, 166, 100, 76, 47, 38, 118, 98, 148, 120, 37, 43, 115, 59, 30, 113, 51]
Taxon occupancy: {110=1000, 111=1000, 112=1000, 113=1000, 114=1000, 115=1000, 116=1000, 117=1000, 118=1000, 119=1000, 10=1000, 11=1000, 12=1000, 13=1000, 14=1000, 15=1000, 16=1000, 17=1000, 18=1000, 19=1000, 120=1000, 121=1000, 0=1000, 122=1000, 1=1000, 2=1000, 123=1000, 124=1000, 3=1000, 125=1000, 4=1000, 5=1000, 126=1000, 6=1000, 127=1000, 7=1000, 128=1000, 8=1000, 129=1000, 9=1000, 20=1000, 21=1000, 22=1000, 23=1000, 24=1000, 25=1000, 26=1000, 27=1000, 28=1000, 29=1000, 130=1000, 131=1000, 132=1000, 133=1000, 134=1000, 135=1000, 136=1000, 137=1000, 138=1000, 139=1000, 30=1000, 31=1000, 32=1000, 33=1000, 34=1000, 35=1000, 36=1000, 37=1000, 38=1000, 39=1000, 140=1000, 141=1000, 142=1000, 143=1000, 144=1000, 145=1000, 146=1000, 147=1000, 148=1000, 149=1000, 40=1000, 41=1000, 42=1000, 43=1000, 44=1000, 45=1000, 46=1000, 47=1000, 48=1000, 49=1000, 150=1000, 151=1000, 152=1000, 153=1000, 154=1000, 155=1000, 156=1000, 157=1000, 158=1000, 159=1000, 50=1000, 51=1000, 52=1000, 53=1000, 54=1000, 55=1000, 56=1000, 57=1000, 58=1000, 59=1000, 160=1000, 161=1000, 162=1000, 163=1000, 164=1000, 165=1000, 166=1000, 167=1000, 168=1000, 169=1000, 60=1000, 61=1000, 62=1000, 63=1000, 64=1000, 65=1000, 66=1000, 67=1000, 68=1000, 69=1000, 170=1000, 171=1000, 172=1000, 173=1000, 174=1000, 175=1000, 176=1000, 177=1000, 178=1000, 179=1000, 70=1000, 71=1000, 72=1000, 73=1000, 74=1000, 75=1000, 76=1000, 77=1000, 78=1000, 79=1000, 180=1000, 181=1000, 182=1000, 183=1000, 184=1000, 185=1000, 186=1000, 187=1000, 188=1000, 189=1000, 80=1000, 81=1000, 82=1000, 83=1000, 84=1000, 85=1000, 86=1000, 87=1000, 88=1000, 89=1000, 190=1000, 191=1000, 192=1000, 193=1000, 194=1000, 195=1000, 196=1000, 197=1000, 198=1000, 199=1000, 90=1000, 91=1000, 92=1000, 93=1000, 94=1000, 95=1000, 96=1000, 97=1000, 98=1000, 99=1000, 200=1000, 100=1000, 101=1000, 102=1000, 103=1000, 104=1000, 105=1000, 106=1000, 107=1000, 108=1000, 109=1000}
Number of gene trees: 1000
0 trees have missing taxa
Calculating quartet distance matrix (for completion of X)
Species tree distances calculated ...
Building set of clusters (X) from gene trees 
------------------------------
gradient0: 167027
Number of Clusters after addition by distance: 167027
calculating extra bipartitions to be added at level 1 ...
Adding to X using resolutions of greedy consensus ...
Limit for sigma of degrees:5075
polytomy size limit : 58
discarded polytomies: 84 130  [3, 3, 3, 3, 3, 3, 3, 4, 4, 4, 4, 4, 5, 5, 5, 5, 6, 6, 7, 8, 15, 26, 34, 48, 58, 84, 130]
Threshold 0.0:
polytomy of size 3; rounds with additions with at least 5 support: 0; clusters: 167033
polytomy of size 15; rounds with additions with at least 5 support: 9; clusters: 168893
Threshold 0.01:
polytomy of size 26; rounds with additions with at least 5 support: 9; clusters: 175527
Threshold 0.02:
polytomy of size 34; rounds with additions with at least 5 support: 2; clusters: 187275
Threshold 0.05:
polytomy of size 3; rounds with additions with at least 5 support: 0; clusters: 187275
polytomy of size 5; rounds with additions with at least 5 support: 0; clusters: 187275
polytomy of size 48; rounds with additions with at least 5 support: 1; clusters: 187467
Threshold 0.1:
polytomy of size 3; rounds with additions with at least 5 support: 0; clusters: 187467
polytomy of size 4; rounds with additions with at least 5 support: 0; clusters: 187467
polytomy of size 5; rounds with additions with at least 5 support: 0; clusters: 187467
polytomy of size 58; rounds with additions with at least 5 support: 0; clusters: 187549
Threshold 0.2:
polytomy of size 4; rounds with additions with at least 5 support: 0; clusters: 187549
polytomy of size 7; rounds with additions with at least 5 support: 0; clusters: 187549
polytomy of size 4; rounds with additions with at least 5 support: 0; clusters: 187549
polytomy of size 3; rounds with additions with at least 5 support: 0; clusters: 187549
polytomy of size 3; rounds with additions with at least 5 support: 0; clusters: 187549
polytomy of size 6; rounds with additions with at least 5 support: 0; clusters: 187549
polytomy of size 3; rounds with additions with at least 5 support: 0; clusters: 187549
polytomy of size 6; rounds with additions with at least 5 support: 0; clusters: 187549
polytomy of size 84; rounds with additions with at least 5 support: 0; clusters: 187639
Threshold 0.3333333333333333:
polytomy of size 4; rounds with additions with at least 5 support: 0; clusters: 187639
polytomy of size 5; rounds with additions with at least 5 support: 0; clusters: 187639
polytomy of size 3; rounds with additions with at least 5 support: 0; clusters: 187639
polytomy of size 4; rounds with additions with at least 5 support: 0; clusters: 187639
polytomy of size 8; rounds with additions with at least 5 support: 0; clusters: 187639
polytomy of size 5; rounds with additions with at least 5 support: 0; clusters: 187639
polytomy of size 130; rounds with additions with at least 5 support: 0; clusters: 187639
max k is :18
Number of Clusters after addition by greedy: 187639
gradient0 in heuristiic: 187639
partitions formed in 227.757 secs
Dynamic Programming starting after 227.758 secs
Using tree-based weight calculation.
Using polytree-based weight calculation.
Polytree max score: 65996957115
Polytree building time: 4.622 seconds.
Number of quartet trees in the gene trees: 65996957115
Size of largest cluster: 201
Greedy score: 25481859699
estimationFactor: 2.58995842118972
Sub-optimal score: 26087348472
Calculated 100000 weights; time (seconds): 677
Calculated 200000 weights; time (seconds): 459
Calculated 300000 weights; time (seconds): 496
Calculated 400000 weights; time (seconds): 470
Total Number of elements weighted: 475961
Normalized score (portion of input quartet trees satisfied before correcting for multiple individuals): 0.4601306923754829
Optimization score: 30367225572
Optimal tree inferred in 2454.398 secs.
(95,(15,((34,61),(((166,100),(45,49)),((((96,97),(78,184)),((56,(91,(73,(104,53)))),(114,((33,13),((11,80),(29,(94,101))))))),((141,((40,194),(172,(151,12)))),(0,(((((46,8),(187,162)),((198,62),(188,(88,(178,54))))),((((66,77),(30,113)),((60,(125,71)),(19,(79,(83,65))))),(48,(((183,(44,179)),(139,((16,129),(185,(157,(86,(112,(92,64)))))))),(((52,(128,(133,102))),((200,(117,181)),(110,(24,116)))),((165,(21,174)),((164,((189,167),(28,106))),(55,((175,59),((195,143),(155,177))))))))))),((((39,126),(136,105)),(((82,(27,199)),((163,111),(31,(85,(7,156))))),((109,((99,(191,169)),(108,(6,132)))),((120,(75,(37,(43,(103,142))))),((41,14),((192,(137,(180,(18,159)))),(((186,(190,115)),(170,(197,131))),((145,((74,149),((70,51),(152,150)))),(173,(32,(93,(25,(154,(135,(58,161))))))))))))))),(((160,(4,(84,123))),(127,((122,(81,(107,(3,(9,10))))),((42,(158,(23,72))),(168,((68,(1,90)),((50,(130,196)),(144,(140,119))))))))),(76,((69,((20,124),(35,182))),((57,(121,((17,171),(138,((193,147),(134,(176,153))))))),((67,87),(((98,148),(38,(47,118))),(26,(2,(5,((36,89),(22,(146,63)))))))))))))))))))));
Final quartet score is: 30367225572
Final normalized quartet score is: 0.4601306923754829
Extended species tree:
(31,((85,(7,156)1:0.5968998923905166)0.99:0.06699901162326236,((163,111)0.99:0.0630998080956793,((82,(27,199)1:0.5681721322831917)1:0.21307750095278125,(((109,((99,(191,169)1:0.3714669784043138)1:0.9402263522129135,(108,(6,132)0.77:0.03104550989771827)1:0.9041290823570987)1:0.2615010292001343)1:0.1327616012312265,((120,(75,(37,(43,(103,142)1:0.083647940598081)0.7:0.024572099162170312)1:0.8450706633807111)1:0.31171259873664203)1:0.6089262455156468,((41,14)1:1.6469654404621856,((192,(137,(180,(18,159)1:0.15375646976650165)0.99:0.06648001217049725)1:0.09514500383620121)1:1.4267054022811008,(((186,(190,115)1:0.7390858297654306)1:0.09066285850217375,(170,(197,131)1:1.2307305100443084)1:0.13692643396883913)1:0.2527348494423824,((145,((74,149)1:1.1376340416247377,((70,51)0.6:0.0213305236867375,(152,150)1:1.227044253311632)0.86:0.03671066751363159)1:0.0961902307760564)1:0.24436249901243953,(173,(32,(93,(25,(154,(135,(58,161)1:0.10383162704049934)1:0.08762927811441346)1:0.10113718343065112)1:0.3180918862179598)1:0.07867950727792644)1:0.5662731029375457)1:0.23429582715692424)0.5:0.012805314943989066)0.42:0.006131264363474745)0.51:0.01244366396684518)0.91:0.04226325552715184)0.46:0.010207303671481333)0.93:0.04439700129724483,(((39,126)1:1.313845746680543,(136,105)1:0.09589885083374089)1:0.2887920571161264,((((160,(4,(84,123)1:0.3412454670412387)0.99:0.06817865939146901)1:0.4192831285744278,(127,((122,(81,(107,(3,(9,10)1:0.11313756543082319)0.99:0.06269200067464746)0.57:0.01639477963998852)1:0.8009853320879787)1:0.13326773017863838,((42,(158,(23,72)1:0.5301927068617519)0.93:0.0463410889266346)1:0.3682666841158727,(168,((68,(1,90)1:0.14276713029578297)1:0.26151618895927237,((50,(130,196)0.79:0.03597255114173487)1:0.5975620209829314,(144,(140,119)1:0.4540084299690356)1:0.21834223265035219)1:0.0707081768690812)1:0.14665534278551293)1:0.08309461292213735)1:0.5049332908092434)1:0.18110549181435032)1:0.09146213057048233)1:0.12902043675389496,(76,((69,((20,124)1:0.5129628919740508,(35,182)1:0.9261724058951525)1:0.1470358689794743)1:0.7075915951963302,((57,(121,((17,171)0.88:0.04415011722083719,(138,((193,147)1:0.3086831395805889,(134,(176,153)0.99:0.0695745415778141)1:0.19699277347133123)0.79:0.0306645821604868)0.98:0.06008308218251301)1:0.7092193402702867)1:0.080947235422418)1:0.1413699548344016,((67,87)1:1.195764331862382,(((98,148)1:0.9859359022277908,(38,(47,118)1:0.25866264011712764)1:0.6418659284960019)1:0.548700939838357,(26,(2,(5,((36,89)1:0.7730229650583174,(22,(146,63)1:0.10255523342891656)1:0.7024077979961665)1:0.12754990595913668)0.69:0.02930913208520911)1:0.5128137840083801)1:0.1911082535481672)1:0.06921264935487685)1:0.07533951933782715)0.9:0.04165852573496909)0.38:0.003924641910412929)0.39:0.004344681457488147)0.6:0.018286258689401865,(((((46,8)1:0.6720348211512539,(187,162)1:0.3883209745599267)1:0.2567771960046519,((198,62)1:0.8854391613387338,(188,(88,(178,54)1:0.12442247080690501)0.98:0.05672282417462464)1:0.15748804469849492)0.87:0.037321758298205325)1:0.12581401102814127,((((66,77)1:1.16081877447945,(30,113)1:1.1664862917867955)1:0.24501646031291652,((60,(125,71)1:0.20591173927459466)1:0.47234826355800724,(19,(79,(83,65)1:0.12323180992662505)1:0.3899146499545963)1:0.3814801631225696)1:0.39242384790338825)1:0.5821460158342402,(48,(((183,(44,179)1:1.1337227095229994)1:0.11587996296207308,(139,((16,129)1:0.10122069040775958,(185,(157,(86,(112,(92,64)0.45:0.010839253130906541)1:0.07304482824761216)0.99:0.0713355955391065)0.95:0.04832639410328127)1:0.27759523987328594)1:1.1230780507980629)0.97:0.05504926188640192)1:0.10504810081262615,(((52,(128,(133,102)1:1.1880596084704698)1:0.26611980832762466)0.91:0.04283080341080108,((200,(117,181)1:0.4636022361811288)1:0.4386580706610394,(110,(24,116)1:1.124635976567976)1:0.09137604070075178)1:0.0945853961361105)1:0.19954310321349314,((165,(21,174)1:0.38955270666854935)1:0.5379529260215389,((164,((189,167)1:0.15895078017109193,(28,106)1:0.14302711985207983)1:0.21779081360518096)1:0.5125141401143088,(55,((175,59)1:0.19621418121567358,((195,143)1:0.15244686695239365,(155,177)0.98:0.059487193319705665)1:0.6665142939089639)1:0.07319288057069041)1:0.08031099477829402)1:0.214953805094472)0.98:0.0588729984114806)1:0.1175601274442582)1:0.11240023600376561)0.82:0.03326056433388252)0.54:0.01410702826349025)0.51:0.013446463518260407,(0,((141,((40,194)1:0.34521967006720683,(172,(151,12)1:0.14126043758828416)1:0.2349039814514173)1:1.0961008226609699)1:0.4399092304307965,((((96,97)1:0.28246226787441825,(78,184)1:0.621810107666602)1:0.3333132394321889,((56,(91,(73,(104,53)1:0.48161899158251975)1:0.11951766871967828)1:0.09451408140854849)1:0.7248312640989092,(114,((33,13)1:0.09113447425399537,((11,80)1:0.9530297668019344,(29,(94,101)1:0.30367475572063235)1:0.6044322408286922)0.72:0.027409630827717697)1:0.8256703198641535)0.87:0.037533225202216636)0.38:0.0030538288150433967)1:0.12276360946809352,(((166,100)1:1.3856193592545005,(45,49)1:1.5062783238587067)1:0.12035318295579511,((34,61)1:0.7751403729513416,(15,95)1:0.2642182706214908)1:0.5373141712743362)1:0.1575642844718154)0.43:0.007274976121647672)0.71:0.025621692326120313)0.99:0.0659090141922936)0.66:0.021554856915065198)1:0.07372811932257592)0.5:0.012062969927804857)1:0.29900337268831273)1:0.2583749644056367)1:0.24796792280818677));
Weight calculation took 2087.152777389 secs
ASTRAL finished in 2464.227 secs
