
================== ASTRAL ===================== 

This is ASTRAL version 5.7.8
Gene trees are treated as unrooted
200 trees read from Dataset/AstralII_data/model.200.500000.0.000001/21/estimatedgenetre.halfresolved_200
index0
All output trees will be *arbitrarily* rooted at 26

======== Running the main analysis
Number of taxa: 201 (201 species)
Taxa: [26, 2, 123, 165, 18, 81, 117, 181, 31, 185, 105, 189, 5, 0, 102, 25, 12, 161, 11, 140, 30, 120, 191, 195, 135, 64, 17, 109, 86, 65, 4, 87, 34, 173, 186, 112, 132, 130, 78, 136, 168, 9, 63, 175, 91, 84, 51, 83, 29, 62, 44, 67, 162, 58, 157, 42, 111, 160, 167, 97, 197, 147, 193, 79, 122, 3, 61, 179, 141, 74, 8, 75, 154, 125, 174, 187, 169, 50, 143, 73, 139, 116, 146, 114, 106, 128, 113, 131, 47, 82, 56, 126, 155, 55, 94, 99, 149, 70, 15, 48, 80, 148, 28, 39, 170, 172, 178, 59, 127, 115, 119, 46, 133, 90, 180, 137, 118, 76, 176, 129, 1, 41, 188, 57, 171, 183, 158, 20, 110, 190, 40, 14, 32, 43, 166, 89, 145, 144, 27, 71, 151, 85, 37, 22, 159, 66, 108, 200, 194, 104, 24, 53, 88, 77, 68, 36, 10, 107, 163, 121, 182, 124, 52, 150, 199, 198, 134, 92, 93, 96, 60, 138, 164, 142, 184, 192, 69, 35, 103, 13, 156, 7, 38, 100, 153, 21, 49, 16, 98, 54, 95, 152, 45, 19, 23, 177, 6, 101, 33, 72, 196]
Taxon occupancy: {110=200, 111=200, 112=200, 113=200, 114=200, 115=200, 116=200, 117=200, 118=200, 119=200, 10=200, 11=200, 12=200, 13=200, 14=200, 15=200, 16=200, 17=200, 18=200, 19=200, 120=200, 0=200, 121=200, 122=200, 1=200, 2=200, 123=200, 3=200, 124=200, 4=200, 125=200, 5=200, 126=200, 127=200, 6=200, 128=200, 7=200, 8=200, 129=200, 9=200, 20=200, 21=200, 22=200, 23=200, 24=200, 25=200, 26=200, 27=200, 28=200, 29=200, 130=200, 131=200, 132=200, 133=200, 134=200, 135=200, 136=200, 137=200, 138=200, 139=200, 30=200, 31=200, 32=200, 33=200, 34=200, 35=200, 36=200, 37=200, 38=200, 39=200, 140=200, 141=200, 142=200, 143=200, 144=200, 145=200, 146=200, 147=200, 148=200, 149=200, 40=200, 41=200, 42=200, 43=200, 44=200, 45=200, 46=200, 47=200, 48=200, 49=200, 150=200, 151=200, 152=200, 153=200, 154=200, 155=200, 156=200, 157=200, 158=200, 159=200, 50=200, 51=200, 52=200, 53=200, 54=200, 55=200, 56=200, 57=200, 58=200, 59=200, 160=200, 161=200, 162=200, 163=200, 164=200, 165=200, 166=200, 167=200, 168=200, 169=200, 60=200, 61=200, 62=200, 63=200, 64=200, 65=200, 66=200, 67=200, 68=200, 69=200, 170=200, 171=200, 172=200, 173=200, 174=200, 175=200, 176=200, 177=200, 178=200, 179=200, 70=200, 71=200, 72=200, 73=200, 74=200, 75=200, 76=200, 77=200, 78=200, 79=200, 180=200, 181=200, 182=200, 183=200, 184=200, 185=200, 186=200, 187=200, 188=200, 189=200, 80=200, 81=200, 82=200, 83=200, 84=200, 85=200, 86=200, 87=200, 88=200, 89=200, 190=200, 191=200, 192=200, 193=200, 194=200, 195=200, 196=200, 197=200, 198=200, 199=200, 90=200, 91=200, 92=200, 93=200, 94=200, 95=200, 96=200, 97=200, 98=200, 99=200, 200=200, 100=200, 101=200, 102=200, 103=200, 104=200, 105=200, 106=200, 107=200, 108=200, 109=200}
Number of gene trees: 200
0 trees have missing taxa
Calculating quartet distance matrix (for completion of X)
Species tree distances calculated ...
Building set of clusters (X) from gene trees 
------------------------------
gradient0: 42029
Number of Clusters after addition by distance: 42029
calculating extra bipartitions to be added at level 1 ...
Adding to X using resolutions of greedy consensus ...
Limit for sigma of degrees:5075
polytomy size limit : 62
discarded polytomies: 99 145  [3, 3, 3, 3, 3, 3, 3, 3, 4, 4, 4, 5, 6, 8, 19, 25, 32, 41, 62, 99, 145]
Threshold 0.0:
polytomy of size 19; rounds with additions with at least 5 support: 7; clusters: 46473
Threshold 0.01:
polytomy of size 25; rounds with additions with at least 5 support: 5; clusters: 55071
Threshold 0.02:
polytomy of size 4; rounds with additions with at least 5 support: 0; clusters: 55075
polytomy of size 32; rounds with additions with at least 5 support: 3; clusters: 69679
Threshold 0.05:
polytomy of size 3; rounds with additions with at least 5 support: 0; clusters: 69679
polytomy of size 6; rounds with additions with at least 5 support: 1; clusters: 69683
polytomy of size 3; rounds with additions with at least 5 support: 0; clusters: 69683
polytomy of size 41; rounds with additions with at least 5 support: 3; clusters: 69885
polytomy of size 3; rounds with additions with at least 5 support: 0; clusters: 69885
Threshold 0.1:
polytomy of size 4; rounds with additions with at least 5 support: 0; clusters: 69885
polytomy of size 3; rounds with additions with at least 5 support: 0; clusters: 69885
polytomy of size 4; rounds with additions with at least 5 support: 0; clusters: 69885
polytomy of size 8; rounds with additions with at least 5 support: 1; clusters: 69889
polytomy of size 62; rounds with additions with at least 5 support: 3; clusters: 70143
Threshold 0.2:
polytomy of size 3; rounds with additions with at least 5 support: 0; clusters: 70143
polytomy of size 3; rounds with additions with at least 5 support: 0; clusters: 70143
polytomy of size 5; rounds with additions with at least 5 support: 0; clusters: 70143
polytomy of size 99; rounds with additions with at least 5 support: 0; clusters: 70207
Threshold 0.3333333333333333:
polytomy of size 3; rounds with additions with at least 5 support: 0; clusters: 70207
polytomy of size 3; rounds with additions with at least 5 support: 0; clusters: 70207
polytomy of size 145; rounds with additions with at least 5 support: 0; clusters: 70295
max k is :14
Number of Clusters after addition by greedy: 70295
gradient0 in heuristiic: 70295
partitions formed in 60.966 secs
Dynamic Programming starting after 60.966 secs
Using tree-based weight calculation.
Using polytree-based weight calculation.
Polytree max score: 13175797239
Polytree building time: 0.402 seconds.
Number of quartet trees in the gene trees: 13175797239
Size of largest cluster: 201
Greedy score: 5455056364
estimationFactor: 2.415336590461671
Sub-optimal score: 5540597655
Calculated 100000 weights; time (seconds): 171
Total Number of elements weighted: 166154
Normalized score (portion of input quartet trees satisfied before correcting for multiple individuals): 0.46901931047544104
Optimization score: 6179703336
Optimal tree inferred in 249.719 secs.
(24,(180,((119,137),(104,((76,176),((133,((46,90),((108,(159,66)),(200,(118,194))))),((110,(129,(1,41))),((((124,(198,(52,150))),(189,(5,(182,(199,134))))),(127,(37,((57,((93,96),(158,20))),((183,(171,92)),(188,(85,22))))))),(((6,(33,(177,(91,101)))),(153,((125,(75,154)),((169,50),(174,187))))),((0,((((9,36),(68,(77,(63,175)))),((88,(136,168)),(10,(53,(121,(107,163)))))),(((115,151),(27,71)),(((13,156),(138,(7,38))),((142,103),(69,((164,192),(60,35)))))))),((((99,((48,80),(15,(149,70)))),((139,(135,(86,(65,4)))),(191,((195,84),(109,(64,17)))))),((73,(143,(126,(56,(155,55))))),(100,(94,(8,((34,173),((47,82),(44,(29,(51,(83,62))))))))))),((87,((102,25),(((120,((161,11),(12,(140,30)))),((28,39),(170,(67,(172,178))))),((167,(160,190)),((42,(193,122)),(79,((157,147),((162,111),(197,(58,97)))))))))),((186,((130,78),(112,132))),((((141,74),(179,59)),((21,(116,146)),((49,(128,113)),(54,(16,98))))),(((3,61),(148,(131,(184,(72,196))))),((32,(166,(43,(89,145)))),(((114,14),(106,((152,45),(19,(95,23))))),((31,(185,(105,(81,(117,181))))),(40,((2,(26,18)),(144,(123,165))))))))))))))))))))));
Final quartet score is: 6179703336
Final normalized quartet score is: 0.46901931047544104
Extended species tree:
(26,(18,(2,((144,(123,165)0.93:0.10368929071704192)0.48:0.0332149045254466,(40,((31,(185,(105,(81,(117,181)1:0.2740562843387456)1:0.430619489569541)0.66:0.04878294508267634)1:0.18942081320496715)1:0.36353271798736697,(((114,14)1:0.7383203772270562,(106,((152,45)1:0.6252250438316033,(19,(95,23)1:0.28566421758899213)0.97:0.1256933920177814)1:0.40203080190095897)1:0.29780253669438955)0.77:0.06528719321878988,((32,(166,(43,(89,145)1:0.2525785550641691)0.93:0.10140086516739977)1:0.16256531546946848)1:0.8129864593008693,(((3,61)1:1.2769818800518016,(148,(131,(184,(72,196)1:0.7111155565882986)0.83:0.08813553809478826)0.97:0.12418512455812103)1:0.4340056216157017)0.6:0.039439789668340164,((((141,74)1:0.647652782455051,(179,59)1:0.1804519517047894)0.98:0.1271622406710674,((21,(116,146)1:0.20232080725157411)1:0.8870647813985814,((49,(128,113)1:0.793912408273717)1:0.18854167439387245,(54,(16,98)1:0.3459345708747515)1:0.3130101848695977)1:0.3785459431467026)1:0.4161144224178086)0.79:0.06921798415933317,((186,((130,78)1:0.6180713949600929,(112,132)1:0.4995751225673545)1:0.43929475762197295)1:0.6693441397353197,((87,((102,25)1:1.6772917467642916,(((120,((161,11)1:0.3799407649505336,(12,(140,30)1:0.6539197016473984)0.56:0.036001045273897435)0.85:0.08547055267436508)1:0.24464854733408734,((28,39)1:1.7491662951077451,(170,(67,(172,178)0.84:0.08115167080804134)1:0.6696872392067891)1:0.7618910027434264)0.43:0.01631450936479771)0.84:0.07897053979432404,((167,(160,190)1:0.3771478308382215)1:0.5570044236267435,((42,(193,122)0.98:0.14557750296312438)0.78:0.06764582205005354,(79,((157,147)0.42:0.01634339208893538,((162,111)1:0.6891660706938446,(197,(58,97)0.44:0.018425981946368526)1:0.37158562297008024)0.64:0.04674342098793217)0.56:0.05580893157683632)0.6:0.04673872578364464)0.35:0.001239358874547029)1:0.6674038527628363)1:0.16185607523453002)0.67:0.060284400662789034)0.38:0.005731090241164422,((((99,((48,80)1:0.5080667908960421,(15,(149,70)1:0.732493388608583)1:0.17254560773880168)1:0.5858002628044572)0.69:0.05407636934551377,((139,(135,(86,(65,4)1:0.28933532273614077)0.94:0.11567760845422076)1:0.6356880515262231)1:0.40216364946763894,(191,((195,84)1:0.21588279299390858,(109,(64,17)1:0.7611350304700257)0.98:0.12828791585152016)0.98:0.13283634513066814)1:0.3476832187183169)0.79:0.06810783246602282)0.94:0.1061391625272513,((73,(143,(126,(56,(155,55)0.52:0.029593596848907795)1:0.2599178022526166)1:0.46713385981026667)1:0.24282413232236458)1:0.6648184191222432,(100,(94,(8,((34,173)1:0.589933055764319,((47,82)1:0.35168898040488233,(44,(29,(51,(83,62)1:0.19714484736974985)1:0.23185084412822976)0.99:0.14239826589522903)1:0.3884401947373537)0.99:0.14716775574600946)0.47:0.026678591047518588)0.99:0.15019111125721513)0.47:0.022413863769668512)0.47:0.020625670532398017)0.56:0.035330189063355326)0.63:0.044256821232971415,((0,((((9,36)1:1.9382520995655539,(68,(77,(63,175)1:0.4480731012886934)0.68:0.06060875517240451)1:0.4811102839369865)0.47:0.033045721685062444,((88,(136,168)1:1.1984101349418228)0.57:0.037544726670861395,(10,(53,(121,(107,163)1:0.21420778922248254)1:0.33601461382899567)1:0.36415948175877605)0.92:0.09766066108602652)0.89:0.0897939544115751)1:0.2898572845462911,(((115,151)1:0.39912913012111306,(27,71)1:0.6439574427176442)1:0.2920751744125571,(((13,156)1:0.37142392650296635,(138,(7,38)1:0.5127365740895353)0.46:0.021914805798263846)1:0.38894202437438685,((142,103)1:0.41953316853793515,(69,((164,192)1:0.39032220116806793,(60,35)1:0.5891734925560678)0.64:0.056407391242009094)1:0.2434787432109046)0.7:0.054166154705377965)1:0.5185933218107653)0.65:0.04687275753222367)0.93:0.10144890070080731)0.43:0.01468242048609401,(((6,(33,(177,(91,101)1:0.2827068102206849)1:0.6560473218269737)0.99:0.156668989856942)1:0.28433123460627097,(153,((125,(75,154)1:0.21032887368655853)1:0.8045596337845974,((169,50)1:0.3054906740172469,(174,187)1:0.47816258883772506)0.57:0.03512361743848847)1:0.7171544088090736)0.58:0.03969412341740214)0.99:0.13833571498996844,((((124,(198,(52,150)1:0.7555243322612037)0.99:0.15758355260161647)1:0.18239103177434896,(189,(5,(182,(199,134)0.66:0.047863097067861265)0.69:0.05499588855097899)1:0.3602824730974231)0.99:0.1420166510341162)1:0.3700650812940929,(127,(37,((57,((93,96)1:0.3389574430608882,(158,20)0.94:0.10813051130922384)0.99:0.15571877452552607)1:0.4272773627809,((183,(171,92)1:0.177589627152389)1:0.16950322726398875,(188,(85,22)1:0.9562547914141307)0.49:0.049472507567438574)0.95:0.11034954822278317)0.96:0.11679796202405239)0.97:0.12726249720995708)1:0.20077876261469213)0.41:0.013523474003142081,((110,(129,(1,41)1:0.6128719386036523)1:0.19453197711097517)1:0.2565060649300402,((133,((46,90)0.82:0.07459825820481329,((108,(159,66)1:0.23125370042510884)1:0.46927540578027915,(200,(118,194)1:0.4359434487733074)0.96:0.12234709597505497)1:0.22777667774420082)1:0.3221860674210545)0.63:0.049406119516564345,((76,176)1:0.5852529376721348,(104,((119,137)0.87:0.08464753818093594,(180,24)1:0.4216119730973616)0.45:0.020474217867398614)0.63:0.048848018458321645)1:0.5800404630871969)0.65:0.04619013498260132)0.98:0.13812441363824157)1:0.18557038448384916)0.38:0.006362239195241394)0.52:0.02813227897491136)0.45:0.016933325663963557)0.47:0.020224779462137462)0.72:0.05772689561336026)0.5:0.02658693969111382)1:0.16589479048633446)0.44:0.020673875236265526)1:0.1643722445646751)1:0.23026860936713067)0.61:0.04364139995739175)1:0.3737064079275169)0.62:0.05800528316746155));
Weight calculation took 163.172175041 secs
ASTRAL finished in 252.466 secs
