
================== ASTRAL ===================== 

This is ASTRAL version 5.7.8
Gene trees are treated as unrooted
968 trees read from Dataset/AstralII_data/model.200.500000.0.000001/21/estimatedgenetre.halfresolved
index0
All output trees will be *arbitrarily* rooted at 26

======== Running the main analysis
Number of taxa: 201 (201 species)
Taxa: [26, 2, 123, 165, 18, 81, 117, 181, 31, 185, 105, 189, 5, 0, 102, 25, 12, 161, 11, 140, 30, 120, 191, 195, 135, 64, 17, 109, 86, 65, 4, 87, 34, 173, 186, 112, 132, 130, 78, 136, 168, 9, 63, 175, 91, 84, 51, 83, 29, 62, 44, 67, 162, 58, 157, 42, 111, 160, 167, 97, 197, 147, 193, 79, 122, 3, 61, 179, 141, 74, 8, 75, 154, 125, 174, 187, 169, 50, 143, 73, 139, 116, 146, 114, 106, 128, 113, 131, 47, 82, 56, 126, 155, 55, 94, 99, 149, 70, 15, 48, 80, 148, 28, 39, 170, 172, 178, 59, 127, 115, 119, 46, 133, 90, 180, 137, 118, 76, 176, 129, 1, 41, 188, 57, 171, 183, 158, 20, 110, 190, 40, 14, 32, 43, 166, 89, 145, 144, 27, 71, 151, 85, 37, 22, 159, 66, 108, 200, 194, 104, 24, 53, 88, 77, 68, 36, 10, 107, 163, 121, 182, 124, 52, 150, 199, 198, 134, 92, 93, 96, 60, 138, 164, 142, 184, 192, 69, 35, 103, 13, 156, 7, 38, 100, 153, 21, 49, 16, 98, 54, 95, 152, 45, 19, 23, 177, 6, 101, 33, 72, 196]
Taxon occupancy: {110=968, 111=968, 112=968, 113=968, 114=968, 115=968, 116=968, 117=968, 118=968, 119=968, 10=968, 11=968, 12=968, 13=968, 14=968, 15=968, 16=968, 17=968, 18=968, 19=968, 120=968, 0=968, 121=968, 122=968, 1=968, 2=968, 123=968, 3=968, 124=968, 4=968, 125=968, 5=968, 126=968, 127=968, 6=968, 128=968, 7=968, 8=968, 129=968, 9=968, 20=968, 21=968, 22=968, 23=968, 24=968, 25=968, 26=968, 27=968, 28=968, 29=968, 130=968, 131=968, 132=968, 133=968, 134=968, 135=968, 136=968, 137=968, 138=968, 139=968, 30=968, 31=968, 32=968, 33=968, 34=968, 35=968, 36=968, 37=968, 38=968, 39=968, 140=968, 141=968, 142=968, 143=968, 144=968, 145=968, 146=968, 147=968, 148=968, 149=968, 40=968, 41=968, 42=968, 43=968, 44=968, 45=968, 46=968, 47=968, 48=968, 49=968, 150=968, 151=968, 152=968, 153=968, 154=968, 155=968, 156=968, 157=968, 158=968, 159=968, 50=968, 51=968, 52=968, 53=968, 54=968, 55=968, 56=968, 57=968, 58=968, 59=968, 160=968, 161=968, 162=968, 163=968, 164=968, 165=968, 166=968, 167=968, 168=968, 169=968, 60=968, 61=968, 62=968, 63=968, 64=968, 65=968, 66=968, 67=968, 68=968, 69=968, 170=968, 171=968, 172=968, 173=968, 174=968, 175=968, 176=968, 177=968, 178=968, 179=968, 70=968, 71=968, 72=968, 73=968, 74=968, 75=968, 76=968, 77=968, 78=968, 79=968, 180=968, 181=968, 182=968, 183=968, 184=968, 185=968, 186=968, 187=968, 188=968, 189=968, 80=968, 81=968, 82=968, 83=968, 84=968, 85=968, 86=968, 87=968, 88=968, 89=968, 190=968, 191=968, 192=968, 193=968, 194=968, 195=968, 196=968, 197=968, 198=968, 199=968, 90=968, 91=968, 92=968, 93=968, 94=968, 95=968, 96=968, 97=968, 98=968, 99=968, 200=968, 100=968, 101=968, 102=968, 103=968, 104=968, 105=968, 106=968, 107=968, 108=968, 109=968}
Number of gene trees: 968
0 trees have missing taxa
Calculating quartet distance matrix (for completion of X)
Species tree distances calculated ...
Building set of clusters (X) from gene trees 
------------------------------
gradient0: 173453
Number of Clusters after addition by distance: 173453
calculating extra bipartitions to be added at level 1 ...
Adding to X using resolutions of greedy consensus ...
Limit for sigma of degrees:5075
polytomy size limit : 61
discarded polytomies: 108 146  [3, 3, 3, 3, 3, 3, 3, 4, 4, 4, 4, 5, 6, 8, 12, 27, 30, 45, 61, 108, 146]
Threshold 0.0:
polytomy of size 12; rounds with additions with at least 5 support: 13; clusters: 174365
Threshold 0.01:
polytomy of size 4; rounds with additions with at least 5 support: 0; clusters: 174365
polytomy of size 27; rounds with additions with at least 5 support: 3; clusters: 181083
Threshold 0.02:
polytomy of size 5; rounds with additions with at least 5 support: 0; clusters: 181089
polytomy of size 3; rounds with additions with at least 5 support: 0; clusters: 181089
polytomy of size 30; rounds with additions with at least 5 support: 0; clusters: 188285
Threshold 0.05:
polytomy of size 3; rounds with additions with at least 5 support: 0; clusters: 188285
polytomy of size 6; rounds with additions with at least 5 support: 0; clusters: 188285
polytomy of size 45; rounds with additions with at least 5 support: 0; clusters: 188309
polytomy of size 3; rounds with additions with at least 5 support: 0; clusters: 188309
Threshold 0.1:
polytomy of size 4; rounds with additions with at least 5 support: 0; clusters: 188309
polytomy of size 4; rounds with additions with at least 5 support: 0; clusters: 188309
polytomy of size 8; rounds with additions with at least 5 support: 0; clusters: 188309
polytomy of size 61; rounds with additions with at least 5 support: 0; clusters: 188343
Threshold 0.2:
polytomy of size 4; rounds with additions with at least 5 support: 0; clusters: 188343
polytomy of size 3; rounds with additions with at least 5 support: 0; clusters: 188343
polytomy of size 3; rounds with additions with at least 5 support: 0; clusters: 188343
polytomy of size 3; rounds with additions with at least 5 support: 0; clusters: 188343
polytomy of size 108; rounds with additions with at least 5 support: 0; clusters: 188355
Threshold 0.3333333333333333:
polytomy of size 3; rounds with additions with at least 5 support: 0; clusters: 188355
polytomy of size 146; rounds with additions with at least 5 support: 0; clusters: 188365
max k is :26
Number of Clusters after addition by greedy: 188365
gradient0 in heuristiic: 188365
partitions formed in 272.927 secs
Dynamic Programming starting after 272.928 secs
Using tree-based weight calculation.
Using polytree-based weight calculation.
Polytree max score: 63719728218
Polytree building time: 4.977 seconds.
Number of quartet trees in the gene trees: 63719728218
Size of largest cluster: 201
Greedy score: 24252906530
estimationFactor: 2.6273027580913206
Sub-optimal score: 27778228788
Calculated 100000 weights; time (seconds): 722
Calculated 200000 weights; time (seconds): 444
Calculated 300000 weights; time (seconds): 469
Calculated 400000 weights; time (seconds): 478
Calculated 500000 weights; time (seconds): 470
Total Number of elements weighted: 512453
Normalized score (portion of input quartet trees satisfied before correcting for multiple individuals): 0.46978225640868193
Optimization score: 29934397700
Optimal tree inferred in 2641.577 secs.
(166,((43,(89,145)),(32,(((114,14),(106,((152,45),(19,(95,23))))),(((31,(185,(105,(81,(117,181))))),(144,((123,165),(40,(2,(26,18)))))),((((3,61),(148,(131,(184,(72,196))))),(((141,74),(179,59)),((21,(116,146)),((49,(128,113)),(54,(16,98)))))),((87,(186,((130,78),(112,132)))),(((102,25),((((28,39),(170,(67,(172,178)))),(120,((161,11),(12,(140,30))))),(((193,122),(42,(167,(160,190)))),(79,(147,((157,(162,111)),(197,(58,97)))))))),(0,((((99,((48,80),(15,(149,70)))),((139,(135,(86,(65,4)))),(191,((195,84),(109,(64,17)))))),((73,(143,(126,(56,(155,55))))),(100,(94,((8,(34,173)),((47,82),(44,(29,(51,(83,62)))))))))),(((6,(33,(177,(91,101)))),(153,((125,(75,154)),((169,50),(174,187))))),(((((9,36),(68,(77,(63,175)))),((88,(136,168)),(10,(53,(121,(107,163)))))),(((27,71),(115,151)),(((7,38),(138,(13,156))),((142,103),((60,35),(69,(164,192))))))),(((110,(129,(1,41))),(((76,176),((119,137),(104,(180,24)))),(133,((46,90),((108,(159,66)),(200,(118,194))))))),(((124,(198,(52,150))),(189,(5,(182,(199,134))))),(127,(37,((57,((158,20),(93,96))),((85,22),(188,(183,(171,92)))))))))))))))))))));
Final quartet score is: 29934397700
Final normalized quartet score is: 0.46978225640868193
Extended species tree:
(26,(18,(2,(40,((123,165)1:0.17168883210778424,(144,((31,(185,(105,(81,(117,181)1:0.2940459932643383)1:0.4060123430395311)0.62:0.01989307555567378)1:0.17762271541045896)1:0.29689348799606285,(((((3,61)1:1.4069049863594052,(148,(131,(184,(72,196)1:0.8638202044253209)1:0.0857399167456066)1:0.14088114644544017)1:0.4542800367375327)1:0.07492356593198779,(((141,74)1:0.5636967806287422,(179,59)1:0.20382027949951453)1:0.11087795808686006,((21,(116,146)1:0.2634459391529787)1:0.9438061830917059,((49,(128,113)1:0.7585789481985109)1:0.16290258205468022,(54,(16,98)1:0.43806235467866567)1:0.37989242569911413)1:0.312857146796425)1:0.3949535907438224)1:0.0819723235105788)0.38:0.0029280066210235294,((87,(186,((130,78)1:0.7185197779790468,(112,132)1:0.37238417158830633)1:0.3677175040474409)1:0.7091558992607214)0.91:0.042672945354488206,(((102,25)1:1.5730583040862949,((((28,39)1:1.5678124615243771,(170,(67,(172,178)1:0.12096087782645945)1:0.595649725189256)1:0.7183396066005985)0.57:0.016677862312606224,(120,((161,11)1:0.2544548356961309,(12,(140,30)1:0.6758012677178645)0.58:0.017175865115434657)1:0.11635685207740751)1:0.18294720834070471)0.85:0.03651207860734494,(((193,122)1:0.1386858951869726,(42,(167,(160,190)1:0.35609689707021697)1:0.4555979753970861)0.37:0.0031411577405820153)0.63:0.020965576400347286,(79,(147,((157,(162,111)1:0.5541469627799309)0.6:0.023422456351751334,(197,(58,97)0.67:0.022948440130100452)1:0.3209753946056831)0.45:0.011603905073322441)0.97:0.05594630880833894)0.92:0.0455761714301856)1:0.6181450415612197)1:0.14023024133931625)1:0.08355455251761448,(0,((((99,((48,80)1:0.46783248461468085,(15,(149,70)1:0.7247384447933122)1:0.1604343963575193)1:0.6742688986870397)0.91:0.04293713199469519,((139,(135,(86,(65,4)1:0.3578253305377836)0.74:0.028909840714875585)1:0.6710579763498447)1:0.38818629434926855,(191,((195,84)1:0.22957572480275293,(109,(64,17)1:0.5390259175222084)1:0.14511096064057472)1:0.11970611434521755)1:0.31963600512080786)0.97:0.05334449181471082)1:0.09306244104344472,((73,(143,(126,(56,(155,55)0.74:0.03085567793944697)1:0.25319411544781256)1:0.521184940600295)1:0.2019282013863828)1:0.6685540817829534,(100,(94,((8,(34,173)1:0.5189660409511893)0.95:0.051214986567539235,((47,82)1:0.3113290273651025,(44,(29,(51,(83,62)1:0.26757497459575985)1:0.22021811848731684)1:0.09012462068641439)1:0.35736865144535734)1:0.18983431036284837)1:0.134508220909783)0.89:0.040572514514701306)0.99:0.06645560723936265)0.77:0.03006092839670125)0.99:0.06745284319539471,(((6,(33,(177,(91,101)1:0.3480910832296927)1:0.5914584900146342)1:0.26747978780052917)1:0.3394626194950467,(153,((125,(75,154)1:0.19468424368280748)1:0.7649343388017265,((169,50)1:0.3464282874510182,(174,187)1:0.3952954151404379)1:0.09767691280098599)1:0.721927587061319)0.85:0.03924481855568203)1:0.1600295387920316,(((((9,36)1:1.629676938367336,(68,(77,(63,175)1:0.4207760967065189)1:0.08921517541064426)1:0.49847960322698376)0.54:0.014827713487060011,((88,(136,168)1:1.4552924466294346)0.42:0.0065017057969119245,(10,(53,(121,(107,163)1:0.24276196097897107)1:0.3326296462247801)1:0.39693573156684964)0.99:0.06813829485008298)1:0.1094629707426876)1:0.2734796602264379,(((27,71)1:0.6444228591448721,(115,151)1:0.4107166564942553)1:0.26886527754388007,(((7,38)1:0.4269962860886506,(138,(13,156)1:0.39008566380738)0.84:0.035421134263291236)1:0.33668735498328956,((142,103)1:0.46020067706562084,((60,35)1:0.5002944154200453,(69,(164,192)1:0.5481198076459779)0.47:0.020383993832153478)1:0.2551429207862438)0.9:0.043899503119629264)1:0.6430586058435265)0.44:0.008331268135136887)1:0.13614390023659462,(((110,(129,(1,41)1:0.5836352912480971)1:0.19354430045344295)1:0.26354480088091126,(((76,176)1:0.5410815847268262,((119,137)0.97:0.05427917209042402,(104,(180,24)1:0.4091219287583801)0.81:0.034032797082890684)1:0.10400120032793353)1:0.6699305839264097,(133,((46,90)1:0.07383497721866249,((108,(159,66)1:0.20568909639657149)1:0.49803764098377384,(200,(118,194)1:0.41505121245655646)1:0.13497221313918759)1:0.22703192964584656)1:0.24911365441559202)0.93:0.046894521489844875)0.56:0.016953407616456393)1:0.13403786445239765,(((124,(198,(52,150)1:0.6560753476561515)1:0.1287813176570092)1:0.18465720623497878,(189,(5,(182,(199,134)1:0.07307945875182911)0.59:0.01775112725177138)1:0.4948616804947462)1:0.15155932060848049)1:0.4215872180383582,(127,(37,((57,((158,20)1:0.1880740897223733,(93,96)1:0.2699066866979825)1:0.16836628620641236)1:0.45156953259822663,((85,22)1:0.8327952780318244,(188,(183,(171,92)1:0.21698774099643953)1:0.11811937630958977)0.87:0.04150776130393979)1:0.09787681372001265)1:0.1508832789793804)0.99:0.06184802287845276)1:0.2168111671143995)0.62:0.019540158839629736)1:0.1977635051905964)0.6:0.01856019827034666)0.5:0.011943200255238134)0.15:0.0)0.91:0.042926741101375135)0.39:0.004443662803646075)1:0.08582418155466746)1:0.19919062168582025,(((114,14)1:0.6633607007543163,(106,((152,45)1:0.6027608003666975,(19,(95,23)1:0.42472984176409534)1:0.16789281857186927)1:0.426522059480005)1:0.3237229192957916)1:0.07206285441441533,(32,((43,(89,145)1:0.21241071028109007)1:0.10559188654904476,166)1:0.18395251256150694)1:0.8102873762241979)0.74:0.030517638275775836)1:0.16254531436521671)1:0.32696553775132614)0.63:0.025771812823477423)0.83:0.03756855974456085)1:0.368812412715664)0.42:0.0075834654638424));
Weight calculation took 2211.504525228 secs
ASTRAL finished in 2651.381 secs
