
================== ASTRAL ===================== 

This is ASTRAL version 5.7.8
Gene trees are treated as unrooted
200 trees read from Dataset/AstralII_data/model.200.10000000.0.000001/39/estimatedgenetre.halfresolved_200
index0
All output trees will be *arbitrarily* rooted at 49

======== Running the main analysis
Number of taxa: 201 (201 species)
Taxa: [49, 67, 153, 194, 141, 171, 41, 96, 80, 183, 79, 72, 81, 76, 131, 161, 159, 101, 16, 45, 121, 35, 54, 176, 55, 0, 145, 29, 89, 111, 146, 135, 132, 114, 187, 107, 22, 62, 172, 197, 168, 10, 1, 69, 52, 74, 124, 123, 200, 179, 37, 147, 47, 7, 50, 51, 193, 103, 186, 112, 56, 24, 17, 125, 188, 180, 86, 104, 129, 199, 61, 170, 190, 65, 151, 97, 91, 36, 181, 192, 175, 73, 27, 77, 108, 15, 71, 21, 99, 138, 154, 196, 28, 11, 137, 32, 128, 106, 143, 30, 134, 130, 84, 2, 85, 195, 31, 23, 33, 93, 150, 158, 174, 26, 53, 40, 66, 110, 185, 164, 160, 20, 163, 173, 156, 133, 82, 126, 5, 136, 165, 155, 142, 44, 6, 19, 12, 148, 144, 95, 90, 122, 94, 169, 8, 43, 60, 118, 46, 105, 120, 109, 184, 102, 68, 59, 119, 167, 38, 9, 139, 42, 25, 166, 78, 140, 117, 87, 198, 39, 162, 13, 58, 83, 70, 14, 157, 3, 178, 152, 113, 4, 191, 57, 48, 75, 100, 149, 116, 98, 189, 34, 127, 63, 92, 18, 182, 88, 177, 64, 115]
Taxon occupancy: {110=200, 111=200, 112=200, 113=200, 114=200, 115=200, 116=200, 117=200, 118=200, 119=200, 10=200, 11=200, 12=200, 13=200, 14=200, 15=200, 16=200, 17=200, 18=200, 19=200, 120=200, 121=200, 0=200, 1=200, 122=200, 123=200, 2=200, 124=200, 3=200, 125=200, 4=200, 126=200, 5=200, 6=200, 127=200, 7=200, 128=200, 129=200, 8=200, 9=200, 20=200, 21=200, 22=200, 23=200, 24=200, 25=200, 26=200, 27=200, 28=200, 29=200, 130=200, 131=200, 132=200, 133=200, 134=200, 135=200, 136=200, 137=200, 138=200, 139=200, 30=200, 31=200, 32=200, 33=200, 34=200, 35=200, 36=200, 37=200, 38=200, 39=200, 140=200, 141=200, 142=200, 143=200, 144=200, 145=200, 146=200, 147=200, 148=200, 149=200, 40=200, 41=200, 42=200, 43=200, 44=200, 45=200, 46=200, 47=200, 48=200, 49=200, 150=200, 151=200, 152=200, 153=200, 154=200, 155=200, 156=200, 157=200, 158=200, 159=200, 50=200, 51=200, 52=200, 53=200, 54=200, 55=200, 56=200, 57=200, 58=200, 59=200, 160=200, 161=200, 162=200, 163=200, 164=200, 165=200, 166=200, 167=200, 168=200, 169=200, 60=200, 61=200, 62=200, 63=200, 64=200, 65=200, 66=200, 67=200, 68=200, 69=200, 170=200, 171=200, 172=200, 173=200, 174=200, 175=200, 176=200, 177=200, 178=200, 179=200, 70=200, 71=200, 72=200, 73=200, 74=200, 75=200, 76=200, 77=200, 78=200, 79=200, 180=200, 181=200, 182=200, 183=200, 184=200, 185=200, 186=200, 187=200, 188=200, 189=200, 80=200, 81=200, 82=200, 83=200, 84=200, 85=200, 86=200, 87=200, 88=200, 89=200, 190=200, 191=200, 192=200, 193=200, 194=200, 195=200, 196=200, 197=200, 198=200, 199=200, 90=200, 91=200, 92=200, 93=200, 94=200, 95=200, 96=200, 97=200, 98=200, 99=200, 200=200, 100=200, 101=200, 102=200, 103=200, 104=200, 105=200, 106=200, 107=200, 108=200, 109=200}
Number of gene trees: 200
0 trees have missing taxa
Calculating quartet distance matrix (for completion of X)
Species tree distances calculated ...
Building set of clusters (X) from gene trees 
------------------------------
gradient0: 3833
Number of Clusters after addition by distance: 3833
calculating extra bipartitions to be added at level 1 ...
Adding to X using resolutions of greedy consensus ...
Limit for sigma of degrees:5075
polytomy size limit : 3
discarded polytomies:  [3, 3, 3, 3, 3, 3, 3, 3, 3]
Threshold 0.0:
Threshold 0.01:
Threshold 0.02:
Threshold 0.05:
Threshold 0.1:
Threshold 0.2:
Threshold 0.3333333333333333:
polytomy of size 3; rounds with additions with at least 5 support: 0; clusters: 3833
polytomy of size 3; rounds with additions with at least 5 support: 0; clusters: 3833
polytomy of size 3; rounds with additions with at least 5 support: 0; clusters: 3833
polytomy of size 3; rounds with additions with at least 5 support: 0; clusters: 3833
polytomy of size 3; rounds with additions with at least 5 support: 0; clusters: 3833
polytomy of size 3; rounds with additions with at least 5 support: 0; clusters: 3833
polytomy of size 3; rounds with additions with at least 5 support: 0; clusters: 3833
polytomy of size 3; rounds with additions with at least 5 support: 0; clusters: 3833
polytomy of size 3; rounds with additions with at least 5 support: 0; clusters: 3833
max k is :0
Number of Clusters after addition by greedy: 3833
gradient0 in heuristiic: 3833
partitions formed in 3.994 secs
Dynamic Programming starting after 3.995 secs
Using tree-based weight calculation.
Using polytree-based weight calculation.
Polytree max score: 13199670000
Polytree building time: 0.248 seconds.
Number of quartet trees in the gene trees: 13199670000
Size of largest cluster: 201
Greedy score: 12261443944
estimationFactor: 1.076518398671888
Sub-optimal score: 12271895384
Total Number of elements weighted: 6813
Normalized score (portion of input quartet trees satisfied before correcting for multiple individuals): 0.9455449971855358
Optimization score: 12480881933
Optimal tree inferred in 5.575 secs.
(117,((140,87),(((57,(48,75)),(((4,191),(152,113)),((13,((3,178),(14,157))),((198,(58,70)),(83,(39,162)))))),((102,68),(((59,119),((167,38),((42,25),(78,(139,(9,166)))))),(((127,(63,92)),((100,149),(116,(98,(189,34))))),((((131,(161,(159,101))),((16,45),(54,((121,35),(176,55))))),(((49,67),(153,(171,(194,141)))),((80,(41,96)),(72,((81,76),(183,79)))))),(((18,182),(88,(177,(64,115)))),((142,(155,(((12,148),(44,(6,19))),(169,((8,(43,60)),((122,94),(95,(144,90)))))))),((126,(5,(136,165))),(((109,184),(118,(46,(105,120)))),(0,((((145,(132,(114,187))),((29,89),(111,(146,135)))),(((197,(62,172)),(107,(22,168))),((10,1),(((74,(124,123)),(200,(69,52))),((147,(47,7)),((179,37),((50,51),(193,(103,186))))))))),((112,(((17,125),(56,24)),(104,(188,(180,86))))),((((170,(190,65)),(129,(199,61))),(((97,(73,27)),(175,(36,(181,(91,192))))),(77,(151,((108,15),(71,((21,99),(138,154)))))))),(((174,26),((164,(163,(160,20))),((173,(82,(156,133))),(185,(53,(110,(40,66))))))),((134,(130,(84,(2,85)))),(((195,(31,23)),(33,(93,(150,158)))),((196,(28,11)),(137,(32,((128,106),(143,30)))))))))))))))))))))));
Final quartet score is: 12480881933
Final normalized quartet score is: 0.9455449971855358
Extended species tree:
(49,(67,((153,(171,(194,141)0.61:0.06155789299943332)1:3.9815490680767565)1:3.7722444239794544,(((80,(41,96)1:1.602002933946582)1:4.204692619390971,(72,((81,76)1:2.332890442489374,(183,79)1:3.192169198421969)1:0.4262010065873427)1:4.492374691842744)1:1.2548736361364754,(((131,(161,(159,101)1:1.9534008207844709)1:3.0260376230493193)1:3.51154543883102,((16,45)1:4.897839799950916,(54,((121,35)1:1.3008057228262522,(176,55)1:1.3141798674868126)0.93:0.10204925435417023)1:4.338224012015484)1:1.2342781538212648)1:1.290513547473844,((((18,182)1:2.0794415416798353,(88,(177,(64,115)1:0.22501096548900523)1:4.897839799950916)1:1.496642418288756)1:4.897839799950916,((142,(155,(((12,148)1:4.897839799950916,(44,(6,19)1:3.51154543883102)1:3.5347722894408324)1:0.24812123770175118,(169,((8,(43,60)1:1.8533173622274888)1:2.007468042054749,((122,94)1:4.897839799950916,(95,(144,90)0.75:0.06155789299943332)1:4.492374691842744)1:0.562662209458117)1:0.6756243669220338)1:0.7646752458792287)1:4.897839799950916)1:1.136891130072101)1:3.091354542632985,((126,(5,(136,165)1:0.333491608483075)1:4.897839799950916)1:3.229026485100803,(((109,184)1:0.2631108117212756,(118,(46,(105,120)1:1.5654549308609793)1:0.6494170768471584)1:2.3328904424893775)1:4.897839799950916,(0,((((145,(132,(114,187)1:0.6783320947748046)1:1.6818106626496565)1:0.22127961787614692,((29,89)1:1.463852595465764,(111,(146,135)1:1.342636049018065)0.86:0.08345941726077317)1:2.014436711370842)1:4.674696248636701,(((197,(62,172)1:2.5952547069568657)1:3.106080330722857,(107,(22,168)1:2.9519296508955994)1:1.9274253343812109)1:3.8311179688296924,((10,1)1:4.204692619390971,(((74,(124,123)1:1.4653199471597147)0.83:0.0979255371703081,(200,(69,52)1:0.3547062170042193)1:0.47299316809410125)1:4.897839799950916,((147,(47,7)1:4.897839799950916)1:0.18581955751135606,((179,37)1:2.412246101011873,((50,51)1:3.799227511282799,(193,(103,186)1:0.580351686414601)1:1.1855129083545666)1:0.6644930838949766)1:0.3874118922265297)1:1.1114880030281546)1:1.5168451256062765)1:1.7926927404110538)1:3.106080330722857)1:4.897839799950916,((112,(((17,125)1:4.897839799950916,(56,24)1:4.897839799950916)1:2.190135081664368,(104,(188,(180,86)1:3.799227511282799)1:2.1255683869316244)1:2.7381562878689722)1:2.1084656610191157)1:3.423934224787985,((((170,(190,65)1:1.2869218873066866)1:4.492374691842744,(129,(199,61)1:1.8533173622274888)1:4.897839799950916)1:1.4469189829363254,(((97,(73,27)1:2.064626455894696)1:1.3597832355715582,(175,(36,(181,(91,192)1:0.23435306069983056)1:1.1964124968496586)1:0.9027018878122584)1:1.8105924175611463)1:3.3154305599047267,(77,(151,((108,15)1:1.7365930879193474,(71,((21,99)1:0.7080312472651034,(138,154)1:0.6711542741961021)0.65:0.04976345215949481)1:1.704281783067)1:3.267583825527369)1:0.8040162067429374)1:0.6356384513481014)1:1.4961795624600807)1:4.360605414211632,(((174,26)1:4.897839799950916,((164,(163,(160,20)1:0.6351599229095962)1:4.204692619390971)1:0.9087681992124357,((173,(82,(156,133)1:0.9089492856319469)1:1.1965378258384178)1:3.598556815820643,(185,(53,(110,(40,66)1:0.42050298547270487)1:3.0260376230493193)1:2.1911510694470215)1:0.8928293860218312)0.79:0.06883268606844357)1:2.846569135237768)1:3.51154543883102,((134,(130,(84,(2,85)1:1.6397432619294305)1:0.7626732432085557)1:1.7059926474706308)1:3.799227511282799,(((195,(31,23)1:3.288401887516811)1:1.4399470746122105,(33,(93,(150,158)1:1.7197859696029656)1:2.007468042054746)1:1.9711003978838728)1:3.3535411896877694,((196,(28,11)1:1.37147927533475)1:3.1930917077124845,(137,(32,((128,106)1:0.17047444229671221,(143,30)1:1.5304564541021313)1:1.4560653517200868)1:0.8996390982817128)1:2.7937056456807063)1:2.7053453969900945)1:0.44128011341446305)1:4.897839799950916)1:1.4146081955401706)0.51:0.07288172837347132)1:2.920937897587259)1:3.504219398738947)1:4.183415220943673)1:0.6431040384090833)1:0.6286194414013747)1:0.48168469788411444)0.77:0.0662688730547367,(((127,(63,92)1:0.23440070583884415)1:4.897839799950916,((100,149)1:4.897839799950916,(116,(98,(189,34)1:2.007468042054746)1:2.5952547069568657)1:1.9021075263969205)1:3.106080330722857)1:0.5624005686271676,(((59,119)1:4.897839799950916,((167,38)1:3.51154543883102,((42,25)1:0.9275478863987895,(78,(139,(9,166)1:0.1618185779636145)1:0.7156734165361855)0.92:0.10221879616782616)1:2.007468042054746)1:3.431502731157484)1:1.9152368178387136,((102,68)1:4.897839799950916,(((57,(48,75)1:1.4638525954657653)1:1.5526250530396946,(((4,191)1:1.0584420710207234,(152,113)0.52:0.05052001012321827)1:0.49986994436904875,((13,((3,178)1:1.7003068742832768,(14,157)1:1.0583329066736913)1:0.6038919020450002)1:0.249937865237177,((198,(58,70)1:0.2826192781093187)1:0.41040457385178475,(83,(39,162)1:1.7199964294585275)0.42:0.01334932707833684)1:0.707017920757887)1:1.045514482723678)1:0.595768812449996)1:2.708050201102206,((140,87)1:0.21570857282669167,117)1:4.204692619390971)1:1.1074696679021638)1:0.38030456195581924)1:3.06583821444442)1:4.331847794876215)1:4.07031355357845)1:0.25633868091443274)1:1.6584538283985018)1:4.897839799950916));
Weight calculation took 1.090351446 secs
ASTRAL finished in 7.677 secs
