
================== ASTRAL ===================== 

This is ASTRAL version 5.7.8
Gene trees are treated as unrooted
1000 trees read from Dataset/AstralII_data/model.200.10000000.0.000001/39/estimatedgenetre.halfresolved
index0
All output trees will be *arbitrarily* rooted at 49

======== Running the main analysis
Number of taxa: 201 (201 species)
Taxa: [49, 67, 153, 194, 141, 171, 41, 96, 80, 183, 79, 72, 81, 76, 131, 161, 159, 101, 16, 45, 121, 35, 54, 176, 55, 0, 145, 29, 89, 111, 146, 135, 132, 114, 187, 107, 22, 62, 172, 197, 168, 10, 1, 69, 52, 74, 124, 123, 200, 179, 37, 147, 47, 7, 50, 51, 193, 103, 186, 112, 56, 24, 17, 125, 188, 180, 86, 104, 129, 199, 61, 170, 190, 65, 151, 97, 91, 36, 181, 192, 175, 73, 27, 77, 108, 15, 71, 21, 99, 138, 154, 196, 28, 11, 137, 32, 128, 106, 143, 30, 134, 130, 84, 2, 85, 195, 31, 23, 33, 93, 150, 158, 174, 26, 53, 40, 66, 110, 185, 164, 160, 20, 163, 173, 156, 133, 82, 126, 5, 136, 165, 155, 142, 44, 6, 19, 12, 148, 144, 95, 90, 122, 94, 169, 8, 43, 60, 118, 46, 105, 120, 109, 184, 102, 68, 59, 119, 167, 38, 9, 139, 42, 25, 166, 78, 140, 117, 87, 198, 39, 162, 13, 58, 83, 70, 14, 157, 3, 178, 152, 113, 4, 191, 57, 48, 75, 100, 149, 116, 98, 189, 34, 127, 63, 92, 18, 182, 88, 177, 64, 115]
Taxon occupancy: {110=1000, 111=1000, 112=1000, 113=1000, 114=1000, 115=1000, 116=1000, 117=1000, 118=1000, 119=1000, 10=1000, 11=1000, 12=1000, 13=1000, 14=1000, 15=1000, 16=1000, 17=1000, 18=1000, 19=1000, 120=1000, 121=1000, 0=1000, 1=1000, 122=1000, 123=1000, 2=1000, 124=1000, 3=1000, 125=1000, 4=1000, 126=1000, 5=1000, 6=1000, 127=1000, 7=1000, 128=1000, 129=1000, 8=1000, 9=1000, 20=1000, 21=1000, 22=1000, 23=1000, 24=1000, 25=1000, 26=1000, 27=1000, 28=1000, 29=1000, 130=1000, 131=1000, 132=1000, 133=1000, 134=1000, 135=1000, 136=1000, 137=1000, 138=1000, 139=1000, 30=1000, 31=1000, 32=1000, 33=1000, 34=1000, 35=1000, 36=1000, 37=1000, 38=1000, 39=1000, 140=1000, 141=1000, 142=1000, 143=1000, 144=1000, 145=1000, 146=1000, 147=1000, 148=1000, 149=1000, 40=1000, 41=1000, 42=1000, 43=1000, 44=1000, 45=1000, 46=1000, 47=1000, 48=1000, 49=1000, 150=1000, 151=1000, 152=1000, 153=1000, 154=1000, 155=1000, 156=1000, 157=1000, 158=1000, 159=1000, 50=1000, 51=1000, 52=1000, 53=1000, 54=1000, 55=1000, 56=1000, 57=1000, 58=1000, 59=1000, 160=1000, 161=1000, 162=1000, 163=1000, 164=1000, 165=1000, 166=1000, 167=1000, 168=1000, 169=1000, 60=1000, 61=1000, 62=1000, 63=1000, 64=1000, 65=1000, 66=1000, 67=1000, 68=1000, 69=1000, 170=1000, 171=1000, 172=1000, 173=1000, 174=1000, 175=1000, 176=1000, 177=1000, 178=1000, 179=1000, 70=1000, 71=1000, 72=1000, 73=1000, 74=1000, 75=1000, 76=1000, 77=1000, 78=1000, 79=1000, 180=1000, 181=1000, 182=1000, 183=1000, 184=1000, 185=1000, 186=1000, 187=1000, 188=1000, 189=1000, 80=1000, 81=1000, 82=1000, 83=1000, 84=1000, 85=1000, 86=1000, 87=1000, 88=1000, 89=1000, 190=1000, 191=1000, 192=1000, 193=1000, 194=1000, 195=1000, 196=1000, 197=1000, 198=1000, 199=1000, 90=1000, 91=1000, 92=1000, 93=1000, 94=1000, 95=1000, 96=1000, 97=1000, 98=1000, 99=1000, 200=1000, 100=1000, 101=1000, 102=1000, 103=1000, 104=1000, 105=1000, 106=1000, 107=1000, 108=1000, 109=1000}
Number of gene trees: 1000
0 trees have missing taxa
Calculating quartet distance matrix (for completion of X)
Species tree distances calculated ...
Building set of clusters (X) from gene trees 
------------------------------
gradient0: 7099
Number of Clusters after addition by distance: 7099
calculating extra bipartitions to be added at level 1 ...
Adding to X using resolutions of greedy consensus ...
Limit for sigma of degrees:5075
polytomy size limit : 4
discarded polytomies:  [3, 3, 3, 3, 3, 3, 3, 3, 4]
Threshold 0.0:
Threshold 0.01:
Threshold 0.02:
Threshold 0.05:
Threshold 0.1:
Threshold 0.2:
Threshold 0.3333333333333333:
polytomy of size 3; rounds with additions with at least 5 support: 0; clusters: 7099
polytomy of size 3; rounds with additions with at least 5 support: 0; clusters: 7099
polytomy of size 3; rounds with additions with at least 5 support: 0; clusters: 7099
polytomy of size 4; rounds with additions with at least 5 support: 0; clusters: 7099
polytomy of size 3; rounds with additions with at least 5 support: 0; clusters: 7099
polytomy of size 3; rounds with additions with at least 5 support: 0; clusters: 7099
polytomy of size 3; rounds with additions with at least 5 support: 0; clusters: 7099
polytomy of size 3; rounds with additions with at least 5 support: 0; clusters: 7099
polytomy of size 3; rounds with additions with at least 5 support: 0; clusters: 7099
max k is :0
Number of Clusters after addition by greedy: 7099
gradient0 in heuristiic: 7099
partitions formed in 18.214 secs
Dynamic Programming starting after 18.214 secs
Using tree-based weight calculation.
Using polytree-based weight calculation.
Polytree max score: 65998349604
Polytree building time: 1.668 seconds.
Number of quartet trees in the gene trees: 65998349604
Size of largest cluster: 201
Greedy score: 61081769373
estimationFactor: 1.0804917781765058
Sub-optimal score: 61377882394
Total Number of elements weighted: 20570
Normalized score (portion of input quartet trees satisfied before correcting for multiple individuals): 0.945042307455213
Optimization score: 62371232598
Optimal tree inferred in 30.382 secs.
(117,((140,87),(((57,(48,75)),(((4,191),(152,113)),((13,((3,178),(14,157))),((83,(39,162)),(198,(58,70)))))),((102,68),(((59,119),((167,38),((42,25),(78,(139,(9,166)))))),(((127,(63,92)),((100,149),(116,(98,(189,34))))),((((18,182),(88,(177,(64,115)))),(((131,(161,(159,101))),((16,45),(54,((121,35),(176,55))))),(((49,67),(153,(194,(141,171)))),((80,(41,96)),(72,((81,76),(183,79))))))),((142,(155,(((12,148),(44,(6,19))),(169,((8,(43,60)),((122,94),(95,(144,90)))))))),((126,(5,(136,165))),(((109,184),(118,(46,(105,120)))),(0,((((145,(132,(114,187))),((29,89),(111,(146,135)))),(((197,(62,172)),(107,(22,168))),((10,1),(((74,(124,123)),(200,(69,52))),((147,(47,7)),((179,37),((50,51),(193,(103,186))))))))),(((112,(((17,125),(56,24)),(104,(188,(180,86))))),(((170,(190,65)),(129,(199,61))),(((97,(73,27)),(175,(36,(181,(91,192))))),(77,(151,((108,15),(71,((21,99),(138,154))))))))),(((174,26),((164,(163,(160,20))),((173,(82,(156,133))),(185,(53,(110,(40,66))))))),((134,(130,(84,(2,85)))),(((195,(31,23)),(33,(93,(150,158)))),((196,(28,11)),(137,(32,((128,106),(143,30)))))))))))))))))))));
Final quartet score is: 62371232598
Final normalized quartet score is: 0.945042307455213
Extended species tree:
(49,(67,((153,(194,(141,171)1:0.07095908894049391)1:4.200704578213011)1:4.19151615215861,(((80,(41,96)1:1.724166178095527)1:4.308370570396334,(72,((81,76)1:2.2195980912307065,(183,79)1:3.1710851610318502)1:0.35856770024903084)1:5.4133504637923755)1:1.3385987701331843,(((131,(161,(159,101)1:2.2406097941657404)1:3.207452805202728)1:3.449607734694348,((16,45)1:6.498148271706691,(54,((121,35)1:1.2102399615408377,(176,55)1:1.4565949747852889)1:0.09229275877947427)1:5.4916887595285795)1:1.3399031723326906)1:1.101539840840537,(((18,182)1:2.1056957356181547,(88,(177,(64,115)1:0.26887894548868463)1:6.5032896712070904)1:1.4728517498146205)1:5.689748487450002,(((142,(155,(((12,148)1:5.810142490647089,(44,(6,19)1:3.037553768407329)1:3.838686789863786)1:0.29094338802079245,(169,((8,(43,60)1:1.9389414797392202)1:1.8866159570563985,((122,94)1:3.611218677557932,(95,(144,90)1:0.13510248485656395)1:4.017745469596365)1:0.5384782784821102)1:0.6414860404992471)1:0.8187858702256188)1:5.530828667865869)1:1.2560664723586694)1:3.297302485227915,((126,(5,(136,165)1:0.36556261712082216)1:6.5032896712070904)1:3.1951180090009936,(((109,184)1:0.32794228673816705,(118,(46,(105,120)1:1.5264862690741494)1:0.5871012910170308)1:1.9997831389954643)1:6.5032896712070904,(0,((((145,(132,(114,187)1:0.713314055459502)1:1.5773979076738156)1:0.28203703006619546,((29,89)1:1.5808786105256378,(111,(146,135)1:1.5683435002050095)1:0.11676257493412841)1:2.2740257910855814)1:6.280146119892858,(((197,(62,172)1:3.2451931331855737)1:3.4198518172339605,(107,(22,168)1:2.919770732750946)1:2.3444065878473834)1:3.6432973074294046,((10,1)1:4.8938517587729455,(((74,(124,123)1:1.4227326442199066)1:0.08955752731487507,(200,(69,52)1:0.43258693576865)1:0.5418548705507715)1:5.171296125538687,((147,(47,7)1:4.310000999992075)1:0.19218558650177234,((179,37)1:2.3828621299012283,((50,51)1:4.557379522151745,(193,(103,186)1:0.5500725736533246)1:1.425409063459971)1:0.6834285525986238)1:0.4048969896303797)1:1.2363042674676)1:1.631213218365826)1:1.9156558265500396)1:3.1937319652216924)1:5.810142490647089,(((112,(((17,125)1:4.306065093870834,(56,24)1:6.5032896712070904)1:2.408945108984956,(104,(188,(180,86)1:3.938340313745519)1:2.1089031869197474)1:2.74581178147443)1:2.008120380433293)1:3.8872660920554316,(((170,(190,65)1:1.4218853062225933)1:4.9992122744307785,(129,(199,61)1:1.9706901780538006)1:5.810142490647089)1:1.3374958020193186,(((97,(73,27)1:2.0034800008767917)1:1.4879985655746055,(175,(36,(181,(91,192)1:0.14890206358991462)1:1.4095083289089256)1:0.9362767385391156)1:1.7411157364092988)1:4.067108775424543,(77,(151,((108,15)1:1.7653383739851436,(71,((21,99)1:0.7892134892993439,(138,154)1:0.7589857548062751)0.52:0.012930081404459457)1:1.586965056582042)1:2.639673483745766)1:0.7527338986006954)1:0.6148107446627279)1:1.8201944027472086)1:6.051364318540724)0.99:0.0674901344594577,(((174,26)1:6.5032896712070904,((164,(163,(160,20)1:0.6171856397569004)1:4.79623689945116)1:0.866258127364059,((173,(82,(156,133)1:1.0309977771512793)1:1.202475424460432)1:4.36126464322546,(185,(53,(110,(40,66)1:0.33158907379614105)1:3.037553768407329)1:1.8991744632813865)1:1.030204159788122)0.79:0.03461390505157715)1:2.800013159143126)1:3.262647792919346,((134,(130,(84,(2,85)1:1.811988124960128)1:0.9718784224916419)1:1.7269712290231356)1:4.327118503068674,(((195,(31,23)1:3.0693024667219118)1:1.5509899541237635,(33,(93,(150,158)1:1.7326050467413914)1:1.6632881576628984)1:1.9435818592957208)1:3.182551333457259,((196,(28,11)1:1.2883539135980706)1:2.7115528316534108,(137,(32,((128,106)1:0.21356902921414012,(143,30)1:1.4280841305881593)1:1.4711858046720472)1:1.021545589546781)1:2.683381954686716)1:2.8087420558291427)1:0.48749649566779385)1:5.566602311425245)1:1.4059884806364682)1:3.1803429118334825)1:3.641088790277587)1:4.539114174174464)1:0.622491175385903)1:0.5979854986199012)1:0.4995518247827792,(((127,(63,92)1:0.17178782131336512)1:6.5032896712070904,((100,149)1:5.250526702711674,(116,(98,(189,34)1:1.749699480100692)1:2.9340429954641394)1:1.5955488002734326)1:4.0226237715357165)1:0.4076273768188141,(((59,119)1:6.498067727225948,((167,38)1:4.200704578213011,((42,25)1:0.7396591456697429,(78,(139,(9,166)1:0.22459770043893962)1:0.7553445951827842)1:0.09068437801288612)1:2.174202421827394)1:3.3750682146069835)1:2.1657790598266913,((102,68)1:6.5032896712070904,(((57,(48,75)1:1.6830081056020192)1:1.7239029380374398,(((4,191)1:1.0402863087031815,(152,113)1:0.08988480554172915)1:0.4381783059493866,((13,((3,178)1:1.7495463323675253,(14,157)1:1.1026035695615466)1:0.5568711900884946)1:0.16573760865396187,((83,(39,162)1:1.5062480371716986)0.88:0.043544399141091095,(198,(58,70)1:0.2301458811160399)1:0.5854486639706683)1:0.6820894864438024)1:1.1299568942495488)1:0.597299611985898)1:3.025169353082312,((140,87)1:0.20987039236057464,117)1:4.423848129527227)1:0.9501994441793034)1:0.6340806784607077)1:2.7001005294745655)1:5.219266404895224)0.93:0.04556580071312193)1:5.264837941810615)1:0.2263950690069844)1:1.7539439073690977)1:6.5032896712070904));
Weight calculation took 9.459367159 secs
ASTRAL finished in 41.518 secs
