
================== ASTRAL ===================== 

This is ASTRAL version 5.7.8
Gene trees are treated as unrooted
50 trees read from Dataset/AstralII_data/model.200.500000.0.000001/02/estimatedgenetre.halfresolved_50
index0
All output trees will be *arbitrarily* rooted at 57

======== Running the main analysis
Number of taxa: 201 (201 species)
Taxa: [57, 7, 181, 129, 14, 32, 87, 39, 193, 70, 11, 62, 156, 5, 166, 118, 59, 146, 186, 143, 199, 111, 164, 147, 30, 124, 170, 68, 35, 152, 9, 168, 43, 73, 61, 98, 27, 184, 20, 101, 120, 58, 153, 187, 189, 47, 154, 86, 180, 78, 107, 155, 91, 81, 165, 138, 71, 110, 33, 0, 15, 171, 177, 163, 141, 67, 83, 104, 108, 149, 191, 127, 139, 22, 37, 17, 41, 25, 75, 21, 28, 74, 55, 34, 195, 133, 54, 65, 105, 94, 116, 19, 90, 185, 148, 80, 160, 77, 159, 63, 114, 23, 69, 175, 196, 8, 142, 188, 140, 178, 122, 134, 144, 136, 151, 183, 18, 137, 53, 157, 176, 167, 109, 16, 100, 40, 131, 132, 85, 45, 125, 192, 44, 198, 82, 31, 162, 52, 4, 172, 95, 173, 126, 112, 102, 66, 51, 158, 97, 72, 60, 13, 93, 64, 121, 24, 50, 197, 92, 150, 79, 3, 29, 194, 42, 182, 88, 76, 6, 179, 48, 49, 130, 103, 36, 106, 169, 200, 84, 56, 161, 115, 135, 145, 174, 99, 26, 190, 2, 119, 89, 96, 117, 113, 38, 10, 128, 1, 12, 123, 46]
Taxon occupancy: {110=50, 111=50, 112=50, 113=50, 114=50, 115=50, 116=50, 117=50, 118=50, 119=50, 10=50, 11=50, 12=50, 13=50, 14=50, 15=50, 16=50, 17=50, 18=50, 19=50, 120=50, 0=50, 121=50, 122=50, 1=50, 2=50, 123=50, 124=50, 3=50, 125=50, 4=50, 5=50, 126=50, 127=50, 6=50, 7=50, 128=50, 129=50, 8=50, 9=50, 20=50, 21=50, 22=50, 23=50, 24=50, 25=50, 26=50, 27=50, 28=50, 29=50, 130=50, 131=50, 132=50, 133=50, 134=50, 135=50, 136=50, 137=50, 138=50, 139=50, 30=50, 31=50, 32=50, 33=50, 34=50, 35=50, 36=50, 37=50, 38=50, 39=50, 140=50, 141=50, 142=50, 143=50, 144=50, 145=50, 146=50, 147=50, 148=50, 149=50, 40=50, 41=50, 42=50, 43=50, 44=50, 45=50, 46=50, 47=50, 48=50, 49=50, 150=50, 151=50, 152=50, 153=50, 154=50, 155=50, 156=50, 157=50, 158=50, 159=50, 50=50, 51=50, 52=50, 53=50, 54=50, 55=50, 56=50, 57=50, 58=50, 59=50, 160=50, 161=50, 162=50, 163=50, 164=50, 165=50, 166=50, 167=50, 168=50, 169=50, 60=50, 61=50, 62=50, 63=50, 64=50, 65=50, 66=50, 67=50, 68=50, 69=50, 170=50, 171=50, 172=50, 173=50, 174=50, 175=50, 176=50, 177=50, 178=50, 179=50, 70=50, 71=50, 72=50, 73=50, 74=50, 75=50, 76=50, 77=50, 78=50, 79=50, 180=50, 181=50, 182=50, 183=50, 184=50, 185=50, 186=50, 187=50, 188=50, 189=50, 80=50, 81=50, 82=50, 83=50, 84=50, 85=50, 86=50, 87=50, 88=50, 89=50, 190=50, 191=50, 192=50, 193=50, 194=50, 195=50, 196=50, 197=50, 198=50, 199=50, 90=50, 91=50, 92=50, 93=50, 94=50, 95=50, 96=50, 97=50, 98=50, 99=50, 200=50, 100=50, 101=50, 102=50, 103=50, 104=50, 105=50, 106=50, 107=50, 108=50, 109=50}
Number of gene trees: 50
0 trees have missing taxa
Calculating quartet distance matrix (for completion of X)
Species tree distances calculated ...
Building set of clusters (X) from gene trees 
------------------------------
gradient0: 12585
Number of Clusters after addition by distance: 12585
calculating extra bipartitions to be added at level 1 ...
Adding to X using resolutions of greedy consensus ...
Limit for sigma of degrees:5075
polytomy size limit : 58
discarded polytomies: 94 139  [3, 3, 3, 3, 3, 3, 3, 3, 3, 3, 3, 3, 3, 3, 3, 3, 3, 4, 4, 4, 4, 4, 6, 21, 21, 21, 43, 58, 94, 139]
Threshold 0.0:
polytomy of size 3; rounds with additions with at least 5 support: 0; clusters: 12591
polytomy of size 3; rounds with additions with at least 5 support: 0; clusters: 12595
polytomy of size 21; rounds with additions with at least 5 support: 3; clusters: 18957
Threshold 0.01:
polytomy of size 3; rounds with additions with at least 5 support: 0; clusters: 18957
polytomy of size 3; rounds with additions with at least 5 support: 0; clusters: 18957
polytomy of size 21; rounds with additions with at least 5 support: 0; clusters: 23881
Threshold 0.02:
polytomy of size 3; rounds with additions with at least 5 support: 0; clusters: 23881
polytomy of size 3; rounds with additions with at least 5 support: 0; clusters: 23881
polytomy of size 21; rounds with additions with at least 5 support: 0; clusters: 28029
Threshold 0.05:
polytomy of size 3; rounds with additions with at least 5 support: 1; clusters: 28031
polytomy of size 3; rounds with additions with at least 5 support: 0; clusters: 28031
polytomy of size 43; rounds with additions with at least 5 support: 4; clusters: 28631
polytomy of size 3; rounds with additions with at least 5 support: 0; clusters: 28631
Threshold 0.1:
polytomy of size 3; rounds with additions with at least 5 support: 0; clusters: 28631
polytomy of size 4; rounds with additions with at least 5 support: 0; clusters: 28631
polytomy of size 3; rounds with additions with at least 5 support: 0; clusters: 28631
polytomy of size 3; rounds with additions with at least 5 support: 0; clusters: 28631
polytomy of size 3; rounds with additions with at least 5 support: 1; clusters: 28635
polytomy of size 58; rounds with additions with at least 5 support: 0; clusters: 28869
Threshold 0.2:
polytomy of size 4; rounds with additions with at least 5 support: 0; clusters: 28869
polytomy of size 4; rounds with additions with at least 5 support: 0; clusters: 28869
polytomy of size 4; rounds with additions with at least 5 support: 0; clusters: 28869
polytomy of size 94; rounds with additions with at least 5 support: 0; clusters: 29157
polytomy of size 3; rounds with additions with at least 5 support: 0; clusters: 29157
Threshold 0.3333333333333333:
polytomy of size 3; rounds with additions with at least 5 support: 0; clusters: 29157
polytomy of size 4; rounds with additions with at least 5 support: 0; clusters: 29157
polytomy of size 3; rounds with additions with at least 5 support: 0; clusters: 29157
polytomy of size 6; rounds with additions with at least 5 support: 0; clusters: 29157
polytomy of size 3; rounds with additions with at least 5 support: 0; clusters: 29157
polytomy of size 139; rounds with additions with at least 5 support: 0; clusters: 29305
max k is :8
Number of Clusters after addition by greedy: 29305
gradient0 in heuristiic: 29305
partitions formed in 22.581 secs
Dynamic Programming starting after 22.581 secs
Using tree-based weight calculation.
Using polytree-based weight calculation.
Polytree max score: 3288018192
Polytree building time: 0.063 seconds.
Number of quartet trees in the gene trees: 3288018192
Size of largest cluster: 201
Greedy score: 1363116873
estimationFactor: 2.412132266225715
Sub-optimal score: 1437508901
Calculated 100000 weights; time (seconds): 55
Total Number of elements weighted: 119484
Normalized score (portion of input quartet trees satisfied before correcting for multiple individuals): 0.490837072594883
Optimization score: 1613881224
Optimal tree inferred in 63.357 secs.
(60,((89,96),(13,(117,((190,119),(2,(((72,64),(93,(121,(24,50)))),((66,((95,112),(102,(57,(173,(126,123)))))),((((62,(31,162)),(143,(199,111))),(87,((39,193),((14,32),(181,129))))),((177,((15,171),(67,(163,141)))),((((80,160),((134,144),(148,122))),(((156,17),((120,(47,154)),(86,(58,(153,187))))),(((55,34),(54,(65,(195,133)))),((((1,12),(33,(110,128))),(90,((19,185),(116,(105,94))))),(((118,59),(37,(166,(41,74)))),((103,36),((28,(5,25)),(75,(138,21))))))))),((0,((97,(51,79)),(174,((11,(70,161)),(7,(113,(38,((197,145),(135,10))))))))),(((147,114),((23,(69,8)),(27,((164,140),(124,(184,(170,(30,20)))))))),((((155,18),((172,(52,4)),((189,137),(127,(149,191))))),(((77,(159,63)),(107,(40,(180,78)))),(((178,56),(83,(169,(200,84)))),((108,22),((104,(139,115)),(106,(198,82))))))),(((158,(165,(91,81))),((44,(99,26)),(150,(183,(136,151))))),((53,(131,132)),(46,((68,35),(((146,(196,(71,175))),((85,45),(142,(186,101)))),(((61,(98,192)),((43,73),(188,3))),(((49,130),(125,92)),(((157,(176,42)),(194,(29,(152,(9,168))))),((48,(167,109)),(182,(6,(88,(179,(16,(100,76)))))))))))))))))))))))))))));
Final quartet score is: 1613881224
Final normalized quartet score is: 0.490837072594883
Extended species tree:
(57,((173,(126,123)0.96:0.25714223972864153)0.64:0.1077088801677264,(102,((95,112)1:0.35646827192502634,(66,(((((62,(31,162)1:0.6446258735370115)1:0.4188455268461473,(143,(199,111)0.47:0.0852884010596047)1:1.450523727926503)0.73:0.11476302522417116,(87,((39,193)0.6:0.07820804049224517,((14,32)0.96:0.24093138482221338,(181,129)0.5:0.060661748022132665)0.54:0.05846438053077884)0.64:0.09602767764584608)1:0.48892971595234014)0.53:0.05800942581210875,((177,((15,171)0.57:0.07155856729678158,(67,(163,141)0.94:0.22512232755859218)0.37:0.004279895094462545)1:0.5491787293183772)1:0.6510341748258478,((((80,160)1:0.5868470152744025,((134,144)0.47:0.03512984729099978,(148,122)0.37:0.0047032447007064925)1:0.9128891314874528)1:0.7078762086656595,(((156,17)1:1.4874269210351017,((120,(47,154)1:1.184809333365181)0.57:0.06673038882249178,(86,(58,(153,187)0.9:0.1973806360572641)0.96:0.2453514694607918)1:0.5653508150147944)0.97:0.25452538612074127)0.82:0.1523489625390321,(((55,34)1:1.4768333544201697,(54,(65,(195,133)1:0.37481298912183036)0.41:0.024565173728992768)1:0.9821466649947895)0.99:0.3243324310222197,((((1,12)1:0.9973674813824607,(33,(110,128)1:1.0397208150494874)0.86:0.16493162515298074)0.54:0.07936521145382582,(90,((19,185)1:0.4470220723729603,(116,(105,94)1:0.7609480778643126)0.45:0.03299691779583365)0.63:0.08329945019381058)1:0.7558119368501629)0.54:0.05582076540060597,(((118,59)1:0.9189035487478674,(37,(166,(41,74)0.6:0.07941077912765698)0.94:0.23359912630396223)1:0.6029692119931264)0.69:0.10290173987233434,((103,36)1:0.9416310248910195,((28,(5,25)1:0.6546885262464891)0.58:0.07617378949239621,(75,(138,21)0.9:0.19250158592304165)0.49:0.05989938773900829)0.89:0.18631279096225803)0.53:0.07439604533374837)0.91:0.19851210073173314)0.63:0.08254658149903302)0.5:0.044655240306591924)0.45:0.031757272688138674)0.36:0.0021936456458384952,((0,((97,(51,79)0.43:0.029035125045220978)1:1.3437924786995523,(174,((11,(70,161)1:0.7220822914193974)0.78:0.1512774540440634,(7,(113,(38,((197,145)1:0.5882610659796669,(135,10)1:0.55601518851446)0.48:0.12649920542879584)0.67:0.10997984945031372)0.98:0.294640816222228)0.53:0.053125146836889355)0.39:0.010027691445492306)0.96:0.24284245445974498)0.78:0.13333876264685002)0.39:0.011989182347596859,(((147,114)1:0.912155843256707,((23,(69,8)0.54:0.056010856478846946)1:0.7813747898028937,(27,((164,140)0.8:0.15345268426002198,(124,(184,(170,(30,20)0.97:0.2843762843172815)0.65:0.10222030540729442)0.63:0.09136722659992196)1:0.8068372451180419)1:0.35262455129586495)0.76:0.1329578336756186)0.48:0.04841069451057544)0.88:0.17739871712269556,((((155,18)1:1.2929346957199601,((172,(52,4)0.61:0.08163504457433307)1:0.6099065984026879,((189,137)0.96:0.24231319813800312,(127,(149,191)1:0.5018396839682758)1:0.4895409630850603)0.96:0.24579941337931538)0.46:0.03796620717639354)0.53:0.05961354259723558,(((77,(159,63)1:0.43027078742231206)1:0.801064722656304,(107,(40,(180,78)1:0.5419055090675545)1:0.3498942481815785)0.56:0.07724342758723864)0.67:0.09504827316737527,(((178,56)1:0.8505686958442303,(83,(169,(200,84)1:0.39292111430086774)1:0.3732868381374505)1:0.3523438380561118)0.73:0.12760082305798773,((108,22)1:0.4260534095710913,((104,(139,115)0.91:0.20455971137133616)1:0.38283073072291524,(106,(198,82)0.99:0.335446253255737)0.71:0.10947436014318285)0.46:0.031905734956603295)1:0.44663995386966066)0.74:0.1169715580468771)0.46:0.04343724029601858)0.84:0.15698483441716712,(((158,(165,(91,81)1:1.1022860256103442)0.75:0.13210427278536147)0.74:0.12015030935751349,((44,(99,26)1:0.6732016433801131)0.41:0.015550817245955298,(150,(183,(136,151)0.99:0.2994756211008439)0.56:0.10331863977057379)1:0.4764736466756857)1:0.6015146713070879)0.81:0.14340268065956235,((53,(131,132)1:0.49543578785202697)1:0.8570961075246398,(46,((68,35)0.42:0.03514056718937498,(((146,(196,(71,175)1:1.0432152903697207)0.96:0.249960187541624)0.47:0.036358559703497106,((85,45)1:0.6008376347189848,(142,(186,101)0.41:0.01648210044174707)1:0.3669660136263912)0.62:0.0816146823063897)0.86:0.16508820719785955,(((61,(98,192)0.98:0.3015469397112358)1:0.4077311527946553,((43,73)1:0.9189413921927798,(188,3)0.9:0.1954618546332159)0.86:0.16543909698198186)0.64:0.09644314796040272,(((49,130)1:0.8924275793970093,(125,92)1:0.39021235582193475)1:0.41478098930206786,(((157,(176,42)0.53:0.06386454644557721)1:0.567656183658345,(194,(29,(152,(9,168)0.65:0.09925680450370745)0.89:0.18508334657442302)0.99:0.3404120513276488)0.83:0.15098698978457736)0.57:0.08089521668699395,((48,(167,109)0.42:0.020790119656804672)1:0.5226583309716637,(182,(6,(88,(179,(16,(100,76)0.48:0.05132043842739967)0.64:0.09132337329150578)0.51:0.0494394192310652)0.88:0.18223685275510956)0.39:0.010837937455051468)0.96:0.24647841777891105)1:0.3653336985813984)0.96:0.23603927558752094)0.66:0.09356133981088116)0.84:0.1587334296937822)0.48:0.04007366673784358)0.62:0.08248536966448707)0.44:0.04340374995040233)0.41:0.01827860653151836)0.39:0.012455867809836759)0.41:0.0256099705557838)0.46:0.03367137169184656)0.42:0.0195789371926084)0.58:0.06951673514987833)0.54:0.0611419952666569)0.96:0.24877806660259572,(((72,64)0.99:0.33107644852356916,(93,(121,(24,50)0.99:0.321141503380171)0.95:0.2282759615540401)0.43:0.03709816215565233)0.9:0.1912059701098563,(2,((190,119)0.65:0.0995039835451137,(117,(13,((89,96)0.46:0.035062366614111225,60)1:0.37018126350873315)0.53:0.05310301589925178)0.51:0.05211232345771839)1:0.3669136859630016)0.56:0.06751042383862307)0.9:0.1871844010390899)0.86:0.16492508744661377)0.39:0.00967554104618656)0.99:0.3448449983468126)0.99:0.31278742029864687));
Weight calculation took 35.064199247 secs
ASTRAL finished in 65.046 secs
