
================== ASTRAL ===================== 

This is ASTRAL version 5.7.8
Gene trees are treated as unrooted
984 trees read from Dataset/AstralII_data/model.200.500000.0.000001/02/estimatedgenetre.halfresolved
index0
All output trees will be *arbitrarily* rooted at 57

======== Running the main analysis
Number of taxa: 201 (201 species)
Taxa: [57, 7, 181, 129, 14, 32, 87, 39, 193, 70, 11, 62, 156, 5, 166, 118, 59, 146, 186, 143, 199, 111, 164, 147, 30, 124, 170, 68, 35, 152, 9, 168, 43, 73, 61, 98, 27, 184, 20, 101, 120, 58, 153, 187, 189, 47, 154, 86, 180, 78, 107, 155, 91, 81, 165, 138, 71, 110, 33, 0, 15, 171, 177, 163, 141, 67, 83, 104, 108, 149, 191, 127, 139, 22, 37, 17, 41, 25, 75, 21, 28, 74, 55, 34, 195, 133, 54, 65, 105, 94, 116, 19, 90, 185, 148, 80, 160, 77, 159, 63, 114, 23, 69, 175, 196, 8, 142, 188, 140, 178, 122, 134, 144, 136, 151, 183, 18, 137, 53, 157, 176, 167, 109, 16, 100, 40, 131, 132, 85, 45, 125, 192, 44, 198, 82, 31, 162, 52, 4, 172, 95, 173, 126, 112, 102, 66, 51, 158, 97, 72, 60, 13, 93, 64, 121, 24, 50, 197, 92, 150, 79, 3, 29, 194, 42, 182, 88, 76, 6, 179, 48, 49, 130, 103, 36, 106, 169, 200, 84, 56, 161, 115, 135, 145, 174, 99, 26, 190, 2, 119, 89, 96, 117, 113, 38, 10, 128, 1, 12, 123, 46]
Taxon occupancy: {110=984, 111=984, 112=984, 113=984, 114=984, 115=984, 116=984, 117=984, 118=984, 119=984, 10=984, 11=984, 12=984, 13=984, 14=984, 15=984, 16=984, 17=984, 18=984, 19=984, 120=984, 0=984, 121=984, 122=984, 1=984, 2=984, 123=984, 124=984, 3=984, 125=984, 4=984, 5=984, 126=984, 127=984, 6=984, 7=984, 128=984, 129=984, 8=984, 9=984, 20=984, 21=984, 22=984, 23=984, 24=984, 25=984, 26=984, 27=984, 28=984, 29=984, 130=984, 131=984, 132=984, 133=984, 134=984, 135=984, 136=984, 137=984, 138=984, 139=984, 30=984, 31=984, 32=984, 33=984, 34=984, 35=984, 36=984, 37=984, 38=984, 39=984, 140=984, 141=984, 142=984, 143=984, 144=984, 145=984, 146=984, 147=984, 148=984, 149=984, 40=984, 41=984, 42=984, 43=984, 44=984, 45=984, 46=984, 47=984, 48=984, 49=984, 150=984, 151=984, 152=984, 153=984, 154=984, 155=984, 156=984, 157=984, 158=984, 159=984, 50=984, 51=984, 52=984, 53=984, 54=984, 55=984, 56=984, 57=984, 58=984, 59=984, 160=984, 161=984, 162=984, 163=984, 164=984, 165=984, 166=984, 167=984, 168=984, 169=984, 60=984, 61=984, 62=984, 63=984, 64=984, 65=984, 66=984, 67=984, 68=984, 69=984, 170=984, 171=984, 172=984, 173=984, 174=984, 175=984, 176=984, 177=984, 178=984, 179=984, 70=984, 71=984, 72=984, 73=984, 74=984, 75=984, 76=984, 77=984, 78=984, 79=984, 180=984, 181=984, 182=984, 183=984, 184=984, 185=984, 186=984, 187=984, 188=984, 189=984, 80=984, 81=984, 82=984, 83=984, 84=984, 85=984, 86=984, 87=984, 88=984, 89=984, 190=984, 191=984, 192=984, 193=984, 194=984, 195=984, 196=984, 197=984, 198=984, 199=984, 90=984, 91=984, 92=984, 93=984, 94=984, 95=984, 96=984, 97=984, 98=984, 99=984, 200=984, 100=984, 101=984, 102=984, 103=984, 104=984, 105=984, 106=984, 107=984, 108=984, 109=984}
Number of gene trees: 984
0 trees have missing taxa
Calculating quartet distance matrix (for completion of X)
Species tree distances calculated ...
Building set of clusters (X) from gene trees 
------------------------------
gradient0: 167205
Number of Clusters after addition by distance: 167205
calculating extra bipartitions to be added at level 1 ...
Adding to X using resolutions of greedy consensus ...
Limit for sigma of degrees:5075
polytomy size limit : 62
discarded polytomies: 90 127  [3, 3, 3, 3, 3, 3, 4, 4, 4, 4, 4, 4, 4, 11, 24, 28, 48, 62, 90, 127]
Threshold 0.0:
polytomy of size 11; rounds with additions with at least 5 support: 5; clusters: 167743
Threshold 0.01:
polytomy of size 24; rounds with additions with at least 5 support: 7; clusters: 170899
Threshold 0.02:
polytomy of size 28; rounds with additions with at least 5 support: 2; clusters: 175165
Threshold 0.05:
polytomy of size 48; rounds with additions with at least 5 support: 0; clusters: 175225
Threshold 0.1:
polytomy of size 4; rounds with additions with at least 5 support: 0; clusters: 175225
polytomy of size 4; rounds with additions with at least 5 support: 0; clusters: 175225
polytomy of size 3; rounds with additions with at least 5 support: 0; clusters: 175225
polytomy of size 3; rounds with additions with at least 5 support: 0; clusters: 175225
polytomy of size 62; rounds with additions with at least 5 support: 0; clusters: 175301
Threshold 0.2:
polytomy of size 3; rounds with additions with at least 5 support: 0; clusters: 175301
polytomy of size 4; rounds with additions with at least 5 support: 0; clusters: 175301
polytomy of size 4; rounds with additions with at least 5 support: 0; clusters: 175301
polytomy of size 90; rounds with additions with at least 5 support: 0; clusters: 175335
Threshold 0.3333333333333333:
polytomy of size 4; rounds with additions with at least 5 support: 0; clusters: 175335
polytomy of size 3; rounds with additions with at least 5 support: 0; clusters: 175335
polytomy of size 3; rounds with additions with at least 5 support: 0; clusters: 175335
polytomy of size 4; rounds with additions with at least 5 support: 0; clusters: 175335
polytomy of size 4; rounds with additions with at least 5 support: 0; clusters: 175335
polytomy of size 3; rounds with additions with at least 5 support: 0; clusters: 175335
polytomy of size 127; rounds with additions with at least 5 support: 0; clusters: 175335
max k is :14
Number of Clusters after addition by greedy: 175335
gradient0 in heuristiic: 175335
partitions formed in 214.385 secs
Dynamic Programming starting after 214.385 secs
Using tree-based weight calculation.
Using polytree-based weight calculation.
Polytree max score: 64818310122
Polytree building time: 3.091 seconds.
Number of quartet trees in the gene trees: 64818310122
Size of largest cluster: 201
Greedy score: 27057590838
estimationFactor: 2.395568419601068
Sub-optimal score: 30101797989
Calculated 100000 weights; time (seconds): 655
Calculated 200000 weights; time (seconds): 437
Calculated 300000 weights; time (seconds): 466
Calculated 400000 weights; time (seconds): 505
Total Number of elements weighted: 436708
Normalized score (portion of input quartet trees satisfied before correcting for multiple individuals): 0.4889483100893606
Optimization score: 31692803197
Optimal tree inferred in 2245.207 secs.
(88,((179,(76,(16,100))),(6,(182,((109,(167,48)),(((157,(176,42)),(194,((9,168),(152,29)))),(((49,130),(125,92)),(((61,(98,192)),((43,73),(188,3))),(((196,(71,175)),(146,((85,45),(142,(186,101))))),((68,35),((53,(131,132)),(((147,114),((23,(69,8)),(27,((164,140),(124,(170,(184,(30,20)))))))),(46,(((158,(165,(91,81))),((44,(99,26)),((183,150),(136,151)))),((((172,(52,4)),((155,18),((189,137),(127,(149,191))))),(((77,(159,63)),(107,(40,(180,78)))),(((178,56),(83,(169,(200,84)))),((108,22),((104,(139,115)),(106,(198,82))))))),(((51,(97,79)),((11,(70,161)),(174,(7,((197,145),(113,(38,(135,10)))))))),(0,(((177,((163,141),(67,(15,171)))),((((111,(143,199)),(62,(31,162))),(87,((39,193),(181,(129,(14,32)))))),(((95,112),(66,(102,(173,(57,(126,123)))))),((190,((13,119),(117,(89,(60,96))))),(2,((72,64),(93,(121,(24,50))))))))),(((80,160),(122,(134,(148,144)))),(((156,17),((120,(47,154)),(86,(58,(153,187))))),(((55,34),((54,65),(195,133))),((((1,12),(33,(110,128))),((116,90),((105,94),(19,185)))),(((118,59),(37,(74,(166,41)))),((103,36),((138,21),((75,28),(5,25)))))))))))))))))))))))))));
Final quartet score is: 31692803197
Final normalized quartet score is: 0.4889483100893606
Extended species tree:
(57,((126,123)1:0.2872076310194527,(173,(102,(66,((95,112)1:0.3917981751111962,(((190,((13,119)1:0.12520768043230066,(117,(89,(60,96)1:0.3226203078899673)1:0.17553648014632342)1:0.13750744034539628)0.99:0.06880186238826728)1:0.46852751769012985,(2,((72,64)1:0.27819273188460314,(93,(121,(24,50)1:0.4192265285445975)1:0.278402832889052)1:0.09613232971617314)1:0.08767966690475053)1:0.15297962435996162)1:0.24443623764200806,((((111,(143,199)0.99:0.06588987341296201)1:1.3709710286557673,(62,(31,162)1:0.5708091750535447)1:0.517288565215516)1:0.2081464791250563,(87,((39,193)1:0.13522500377414412,(181,(129,(14,32)1:0.2526356465785901)0.62:0.023063909840798022)1:0.19550065822268656)1:0.14955729591867264)1:0.48034621127717586)0.5:0.015391905853710745,((177,((163,141)1:0.3656506733574044,(67,(15,171)1:0.1699013876097783)0.86:0.04486543205343573)1:0.6104107548698534)1:0.8268596571643181,((((80,160)1:0.8334387139686056,(122,(134,(148,144)0.79:0.031775073740547284)0.97:0.05945212389618805)1:0.9655375883696474)1:0.743672974175467,(((156,17)1:1.6126127746011956,((120,(47,154)1:1.2057177788797373)1:0.141222751743605,(86,(58,(153,187)1:0.2647232354952032)1:0.23690006200794622)1:0.38727888562863905)1:0.30915752586636874)1:0.13926289392105626,(((55,34)1:1.5060916384947944,((54,65)1:0.08769286909952863,(195,133)1:0.4790467711465864)1:0.8657094409444851)1:0.5415260611078555,((((1,12)1:1.2487572854925648,(33,(110,128)1:0.762835924124406)1:0.17551940127416799)1:0.30940450572770584,((116,90)0.87:0.04248829742051819,((105,94)1:0.6316602865174156,(19,185)1:0.6043826936510599)0.98:0.058532952762277796)1:0.7409713939002667)0.42:0.006315870366384903,(((118,59)1:1.0484870644140727,(37,(74,(166,41)1:0.11443063741173289)1:0.27488750947033264)1:0.8264669406126767)0.66:0.021922547015478334,((103,36)1:0.8307007064871874,((138,21)1:0.4534482774232364,((75,28)0.97:0.0553448887699898,(5,25)1:0.7543985668005896)1:0.1521929039305194)1:0.46161447083087925)0.57:0.017678735863156644)1:0.2634521398497494)1:0.15491002377519084)0.66:0.023038982316515157)0.82:0.034005654985877286)0.45:0.009744572688032192,(0,(((51,(97,79)0.87:0.03863698901633007)1:1.0393328298590054,((11,(70,161)1:0.8571304656421177)1:0.32448474727000903,(174,(7,((197,145)1:0.8276827101560936,(113,(38,(135,10)1:0.49014932215532003)1:0.36096583165088303)0.81:0.03618466282519601)1:0.17749450657161508)1:0.2306587559284726)0.39:0.00555463198428251)1:0.12724319646481078)1:0.18067393697917677,((((172,(52,4)1:0.11594520840170547)1:0.7118263091120828,((155,18)1:1.4624032683581607,((189,137)1:0.4252689799829373,(127,(149,191)1:0.5223670259749734)1:0.5882999395337063)1:0.32225264708240947)0.8:0.031958715282292605)1:0.12852569105217418,(((77,(159,63)1:0.25137424334833963)1:0.8587906776731724,(107,(40,(180,78)1:0.6673774047305766)1:0.5079415388233612)1:0.08887053911422156)1:0.20818295210175888,(((178,56)1:1.2573440463631542,(83,(169,(200,84)1:0.37504322639127313)1:0.29345803438920287)1:0.39858478963906974)0.82:0.03308940804432265,((108,22)1:0.4367972220926187,((104,(139,115)1:0.26778173473812034)1:0.6897435856373987,(106,(198,82)1:0.5041461765136095)0.99:0.06257556957539126)0.85:0.037564888462263614)1:0.3942832176722574)1:0.17929588810448618)0.83:0.03395012590335119)1:0.15133290130601448,(((158,(165,(91,81)1:1.1663022319738539)1:0.14331140621971786)1:0.1315626853501034,((44,(99,26)1:0.6526292971329493)0.73:0.027247424808563327,((183,150)1:0.1974327966826271,(136,151)1:0.31616101217209236)1:0.5183354492592802)1:0.6052428415352503)1:0.19999666972147195,(46,(((147,114)1:1.065949083579685,((23,(69,8)0.56:0.016012389852551788)1:0.8496950016731434,(27,((164,140)1:0.14596180523930072,(124,(170,(184,(30,20)1:0.1729896584259735)0.48:0.011485275290223943)1:0.24218190021764777)1:0.5233158715681179)1:0.37019670578920694)0.83:0.039227090089179704)0.98:0.05744126885220811)1:0.19123208564859953,((53,(131,132)1:0.5395060076799515)1:0.7726743161900449,((68,35)1:0.20286201999681117,(((196,(71,175)1:1.023961343986405)1:0.3541960491899161,(146,((85,45)1:0.5464391901941763,(142,(186,101)0.99:0.06500039749001547)1:0.44464614410040787)0.99:0.06117201625724798)0.83:0.03380555814306444)1:0.18622090047808962,(((61,(98,192)1:0.33181547491157115)1:0.368067839285717,((43,73)1:1.0131961065216766,(188,3)1:0.3804849682283668)0.99:0.06197173308081741)1:0.18883804299708712,(((49,130)1:0.8422863337978869,(125,92)1:0.22788994534925724)1:0.5137010078233755,(((157,(176,42)1:0.08829843547948033)1:0.5453056002494819,(194,((9,168)1:0.2563685269111825,(152,29)0.98:0.06083918676923042)1:0.5283245592324216)1:0.07844945174986714)1:0.11279479409426942,((109,(167,48)1:0.13032071476326018)1:0.5947991068289642,(182,(6,((179,(76,(16,100)1:0.14041440376818512)0.99:0.061771036789541454)0.97:0.05451195424162106,88)1:0.26697684915057546)0.46:0.013012137325353813)1:0.21344595508450795)1:0.30683828502545724)1:0.2149251656120293)1:0.1835977810588996)1:0.13176069842089091)0.57:0.01693463441055694)1:0.0977218000500999)1:0.08190705939770036)0.92:0.043440239109306625)0.39:0.0047071387532773385)0.5:0.012111213145905058)0.74:0.027345102486128092)0.72:0.026271333007856616)0.62:0.019588422743152593)1:0.13032065393189562)1:0.1058122469222635)1:0.2464888456203122)1:0.28863636715570173)1:0.15402900013206058)1:0.10628886907409138)1:0.36545414217173705)1:0.14266981400634482));
Weight calculation took 1837.328919826 secs
ASTRAL finished in 2254.961 secs
