
================== ASTRAL ===================== 

This is ASTRAL version 5.7.8
Gene trees are treated as unrooted
200 trees read from Dataset/AstralII_data/model.200.500000.0.000001/02/estimatedgenetre.halfresolved_200
index0
All output trees will be *arbitrarily* rooted at 57

======== Running the main analysis
Number of taxa: 201 (201 species)
Taxa: [57, 7, 181, 129, 14, 32, 87, 39, 193, 70, 11, 62, 156, 5, 166, 118, 59, 146, 186, 143, 199, 111, 164, 147, 30, 124, 170, 68, 35, 152, 9, 168, 43, 73, 61, 98, 27, 184, 20, 101, 120, 58, 153, 187, 189, 47, 154, 86, 180, 78, 107, 155, 91, 81, 165, 138, 71, 110, 33, 0, 15, 171, 177, 163, 141, 67, 83, 104, 108, 149, 191, 127, 139, 22, 37, 17, 41, 25, 75, 21, 28, 74, 55, 34, 195, 133, 54, 65, 105, 94, 116, 19, 90, 185, 148, 80, 160, 77, 159, 63, 114, 23, 69, 175, 196, 8, 142, 188, 140, 178, 122, 134, 144, 136, 151, 183, 18, 137, 53, 157, 176, 167, 109, 16, 100, 40, 131, 132, 85, 45, 125, 192, 44, 198, 82, 31, 162, 52, 4, 172, 95, 173, 126, 112, 102, 66, 51, 158, 97, 72, 60, 13, 93, 64, 121, 24, 50, 197, 92, 150, 79, 3, 29, 194, 42, 182, 88, 76, 6, 179, 48, 49, 130, 103, 36, 106, 169, 200, 84, 56, 161, 115, 135, 145, 174, 99, 26, 190, 2, 119, 89, 96, 117, 113, 38, 10, 128, 1, 12, 123, 46]
Taxon occupancy: {110=200, 111=200, 112=200, 113=200, 114=200, 115=200, 116=200, 117=200, 118=200, 119=200, 10=200, 11=200, 12=200, 13=200, 14=200, 15=200, 16=200, 17=200, 18=200, 19=200, 120=200, 0=200, 121=200, 122=200, 1=200, 2=200, 123=200, 124=200, 3=200, 125=200, 4=200, 5=200, 126=200, 127=200, 6=200, 7=200, 128=200, 129=200, 8=200, 9=200, 20=200, 21=200, 22=200, 23=200, 24=200, 25=200, 26=200, 27=200, 28=200, 29=200, 130=200, 131=200, 132=200, 133=200, 134=200, 135=200, 136=200, 137=200, 138=200, 139=200, 30=200, 31=200, 32=200, 33=200, 34=200, 35=200, 36=200, 37=200, 38=200, 39=200, 140=200, 141=200, 142=200, 143=200, 144=200, 145=200, 146=200, 147=200, 148=200, 149=200, 40=200, 41=200, 42=200, 43=200, 44=200, 45=200, 46=200, 47=200, 48=200, 49=200, 150=200, 151=200, 152=200, 153=200, 154=200, 155=200, 156=200, 157=200, 158=200, 159=200, 50=200, 51=200, 52=200, 53=200, 54=200, 55=200, 56=200, 57=200, 58=200, 59=200, 160=200, 161=200, 162=200, 163=200, 164=200, 165=200, 166=200, 167=200, 168=200, 169=200, 60=200, 61=200, 62=200, 63=200, 64=200, 65=200, 66=200, 67=200, 68=200, 69=200, 170=200, 171=200, 172=200, 173=200, 174=200, 175=200, 176=200, 177=200, 178=200, 179=200, 70=200, 71=200, 72=200, 73=200, 74=200, 75=200, 76=200, 77=200, 78=200, 79=200, 180=200, 181=200, 182=200, 183=200, 184=200, 185=200, 186=200, 187=200, 188=200, 189=200, 80=200, 81=200, 82=200, 83=200, 84=200, 85=200, 86=200, 87=200, 88=200, 89=200, 190=200, 191=200, 192=200, 193=200, 194=200, 195=200, 196=200, 197=200, 198=200, 199=200, 90=200, 91=200, 92=200, 93=200, 94=200, 95=200, 96=200, 97=200, 98=200, 99=200, 200=200, 100=200, 101=200, 102=200, 103=200, 104=200, 105=200, 106=200, 107=200, 108=200, 109=200}
Number of gene trees: 200
0 trees have missing taxa
Calculating quartet distance matrix (for completion of X)
Species tree distances calculated ...
Building set of clusters (X) from gene trees 
------------------------------
gradient0: 40883
Number of Clusters after addition by distance: 40883
calculating extra bipartitions to be added at level 1 ...
Adding to X using resolutions of greedy consensus ...
Limit for sigma of degrees:5075
polytomy size limit : 62
discarded polytomies: 91 131  [3, 3, 3, 3, 3, 3, 3, 4, 4, 4, 4, 4, 5, 16, 20, 28, 44, 62, 91, 131]
Threshold 0.0:
polytomy of size 16; rounds with additions with at least 5 support: 12; clusters: 43103
Threshold 0.01:
polytomy of size 20; rounds with additions with at least 5 support: 3; clusters: 46653
Threshold 0.02:
polytomy of size 28; rounds with additions with at least 5 support: 8; clusters: 55649
Threshold 0.05:
polytomy of size 3; rounds with additions with at least 5 support: 0; clusters: 55649
polytomy of size 44; rounds with additions with at least 5 support: 1; clusters: 55741
Threshold 0.1:
polytomy of size 3; rounds with additions with at least 5 support: 0; clusters: 55741
polytomy of size 4; rounds with additions with at least 5 support: 0; clusters: 55741
polytomy of size 3; rounds with additions with at least 5 support: 0; clusters: 55741
polytomy of size 62; rounds with additions with at least 5 support: 1; clusters: 55837
Threshold 0.2:
polytomy of size 3; rounds with additions with at least 5 support: 0; clusters: 55837
polytomy of size 3; rounds with additions with at least 5 support: 0; clusters: 55837
polytomy of size 4; rounds with additions with at least 5 support: 0; clusters: 55837
polytomy of size 4; rounds with additions with at least 5 support: 0; clusters: 55837
polytomy of size 91; rounds with additions with at least 5 support: 0; clusters: 55895
Threshold 0.3333333333333333:
polytomy of size 4; rounds with additions with at least 5 support: 0; clusters: 55895
polytomy of size 3; rounds with additions with at least 5 support: 0; clusters: 55895
polytomy of size 3; rounds with additions with at least 5 support: 0; clusters: 55895
polytomy of size 4; rounds with additions with at least 5 support: 0; clusters: 55895
polytomy of size 5; rounds with additions with at least 5 support: 0; clusters: 55895
polytomy of size 131; rounds with additions with at least 5 support: 0; clusters: 55895
max k is :24
Number of Clusters after addition by greedy: 55895
gradient0 in heuristiic: 55895
partitions formed in 49.981 secs
Dynamic Programming starting after 49.981 secs
Using tree-based weight calculation.
Using polytree-based weight calculation.
Polytree max score: 13178739630
Polytree building time: 0.283 seconds.
Number of quartet trees in the gene trees: 13178739630
Size of largest cluster: 201
Greedy score: 5454663118
estimationFactor: 2.4160501473521063
Sub-optimal score: 5649953422
Calculated 100000 weights; time (seconds): 158
Total Number of elements weighted: 133813
Normalized score (portion of input quartet trees satisfied before correcting for multiple individuals): 0.48808280234609963
Optimization score: 6432316170
Optimal tree inferred in 197.25 secs.
(60,(96,(89,(117,((13,119),(190,((2,((72,64),(93,(121,(24,50))))),(((95,112),(66,(102,(173,(57,(126,123)))))),((((62,(31,162)),(143,(199,111))),(87,((39,193),(181,(129,(14,32)))))),((177,((163,141),(67,(15,171)))),((((80,160),(122,(134,(148,144)))),(((156,17),((120,(47,154)),(86,(58,(153,187))))),(((55,34),((54,65),(195,133))),((((1,12),(33,(110,128))),((116,90),((105,94),(19,185)))),(((138,21),((75,28),(5,25))),((103,36),((118,59),(37,(74,(166,41)))))))))),(0,(((51,(97,79)),((174,(11,(70,161))),(7,((197,145),(113,(38,(135,10))))))),((((172,(52,4)),((155,18),((189,137),(127,(149,191))))),(((77,(159,63)),(107,(40,(180,78)))),(((178,56),(83,(169,(200,84)))),((108,22),((104,(139,115)),(106,(198,82))))))),(((158,(165,(91,81))),((99,26),(44,((183,150),(136,151))))),(46,(((147,114),((23,(69,8)),(27,((164,140),(124,(184,(170,(30,20)))))))),((53,(131,132)),((68,35),(((196,(71,175)),(146,((85,45),(142,(186,101))))),(((61,(98,192)),((43,73),(188,3))),(((49,130),(125,92)),(((157,(176,42)),(194,(29,(152,(9,168))))),((109,(167,48)),((182,6),(179,((88,76),(16,100))))))))))))))))))))))))))));
Final quartet score is: 6432316170
Final normalized quartet score is: 0.48808280234609963
Extended species tree:
(57,((126,123)1:0.3567263234794106,(173,(102,(66,((95,112)1:0.37456101959121485,(((((62,(31,162)1:0.6725026405131068)1:0.41348541620007084,(143,(199,111)0.52:0.05251497128053965)1:1.4510639454176004)1:0.17469483514544795,(87,((39,193)0.99:0.14605631128277205,(181,(129,(14,32)1:0.2671474700100732)0.64:0.04766485444552613)1:0.19985821432492828)0.97:0.13386952728848722)1:0.4999654284475808)0.51:0.031949668211124146,((177,((163,141)1:0.34908007172041833,(67,(15,171)0.93:0.10664185903428858)0.57:0.03773350616531022)1:0.6178455900284352)1:0.8165828336129934,((((80,160)1:0.790055253881137,(122,(134,(148,144)0.53:0.030206097569784675)0.5:0.028569144969274728)1:1.1134894510753168)1:0.6826447427877999,(((156,17)1:1.6274775188101853,((120,(47,154)1:1.3934078507979086)0.9:0.09322332637896899,(86,(58,(153,187)1:0.2361104004674875)1:0.21405695971304803)1:0.42225162786680737)1:0.2604268288107908)1:0.16724430124111972,(((55,34)1:1.6134096832347216,((54,65)0.9:0.09417821943749162,(195,133)1:0.48946726643616834)1:0.8224138187118538)1:0.5324991538545141,((((1,12)1:1.3935675555547062,(33,(110,128)1:0.7195887829653752)1:0.22248875430764245)1:0.2565898630758596,((116,90)0.8:0.07608695870303442,((105,94)1:0.7275342260331686,(19,185)1:0.5936985539842633)0.83:0.07581129061821082)1:0.7307856624506757)0.74:0.0602080214305642,(((138,21)1:0.37638750073324917,((75,28)0.68:0.051377314868432104,(5,25)1:0.7807811055596949)0.97:0.1216738165301537)1:0.3751360626949506,((103,36)1:0.8659668345351734,((118,59)1:1.0531595019360576,(37,(74,(166,41)0.74:0.061177806885694345)1:0.20032964297086764)1:0.8400563978225775)0.57:0.03636351646355893)0.56:0.0483196600560352)1:0.2401436384818958)0.95:0.11196866725044331)0.56:0.03402064188914367)0.56:0.034115389018379884)0.45:0.016893860044440486,(0,(((51,(97,79)0.63:0.06808426283459572)1:1.1494491634913324,((174,(11,(70,161)1:0.9265702874563301)0.97:0.12322288555852702)0.41:0.010819227302656238,(7,((197,145)1:0.7612969122760976,(113,(38,(135,10)1:0.5568765373039392)1:0.307436210564827)0.54:0.041470208298432044)0.97:0.12659364753528135)1:0.20283356575712)1:0.17493874557722525)0.99:0.14219776764854702,((((172,(52,4)0.92:0.10108793422822769)1:0.6890099251757021,((155,18)1:1.346819239808959,((189,137)1:0.33952067754930765,(127,(149,191)1:0.49135716420833947)1:0.6108685859851253)1:0.2334699771633936)0.67:0.0497554007561142)0.97:0.11948728364424563,(((77,(159,63)1:0.31677671297469245)1:0.9536003968616371,(107,(40,(180,78)1:0.614781694421979)1:0.48596221450740373)0.79:0.06841021418955165)1:0.20141898293697555,(((178,56)1:1.0457172685062164,(83,(169,(200,84)1:0.25684674270214874)1:0.3095698256223414)1:0.38016288634657996)0.58:0.04112777137830733,((108,22)1:0.4426058408060544,((104,(139,115)1:0.2370045959140457)1:0.602278971134004,(106,(198,82)1:0.4511250169864187)0.48:0.03164639726171743)0.56:0.03422587135542326)1:0.45478475158388293)0.98:0.13378967459212332)0.73:0.05889397019247732)0.99:0.13982501149183083,(((158,(165,(91,81)1:1.1178653664862692)1:0.18343079940241303)0.98:0.13487235824541316,((99,26)1:0.6175446655316322,(44,((183,150)0.97:0.12702487592724618,(136,151)1:0.23444958766703453)1:0.4673430145922314)0.57:0.03564550698567958)1:0.6311296039286521)0.99:0.1593969051738417,(46,(((147,114)1:0.8640514547235454,((23,(69,8)0.65:0.04911269814187549)1:0.6868333218118706,(27,((164,140)1:0.16613915097412763,(124,(184,(170,(30,20)1:0.2144718375325921)0.77:0.06573994642087015)1:0.2009001610032788)1:0.6651690137476945)1:0.31515484792259535)0.95:0.11205395396067828)0.77:0.06918573429529613)1:0.16654546882600724,((53,(131,132)1:0.5134565582577102)1:0.7627396738992316,((68,35)1:0.1660159511121085,(((196,(71,175)1:0.8456527410590017)1:0.35599100326477473,(146,((85,45)1:0.5168553571849909,(142,(186,101)0.69:0.06289276365453803)1:0.3197467894771339)0.85:0.07934883277020255)0.57:0.03483628205781661)1:0.2088843226000154,(((61,(98,192)1:0.23622211265979468)1:0.37885441362878586,((43,73)1:0.9153787391068859,(188,3)1:0.39070923309991124)0.82:0.07328665956694282)1:0.19915030680370074,(((49,130)1:0.9186400783679748,(125,92)1:0.1790736670333694)1:0.5698761084341685,(((157,(176,42)0.99:0.15343051453715773)1:0.5660817733233208,(194,(29,(152,(9,168)1:0.2350409889311805)0.4:0.01330525394697646)1:0.48599495016740535)0.55:0.03240971765598598)0.94:0.10573493598298842,((109,(167,48)0.93:0.10514738238478412)1:0.5736974357624588,((182,6)0.67:0.051395928578061044,(179,((88,76)0.6:0.054780295034892304,(16,100)0.75:0.06276415407964864)0.85:0.08094719955830282)1:0.23129063888064239)1:0.26301385335051936)1:0.3000084980613447)1:0.27417416037313314)0.98:0.13063744565519947)0.99:0.15743543663505596)0.42:0.013325125038728422)0.96:0.11510129216723794)0.84:0.07946291149819792)0.46:0.021496877189396073)0.45:0.019321500924178225)0.4:0.009939800295366535)0.58:0.03609707828545692)0.42:0.016532971785131433)0.48:0.022227780006834237)0.91:0.09688468346897972)0.95:0.1142530761140082)1:0.23611553227376209,((2,((72,64)1:0.25010494168837744,(93,(121,(24,50)1:0.3402182338698868)1:0.34953271872554614)0.71:0.0636790982306887)0.91:0.09587627013912844)0.98:0.13947852879507944,(190,((13,119)0.85:0.08174353688543409,(117,(89,(96,60)1:0.26797923559576)1:0.20933247756047152)0.98:0.13228171083752044)0.65:0.04702722578848732)1:0.48256782552168115)1:0.2328580093295594)1:0.30311159927112236)0.94:0.10720432943747037)0.99:0.14356133873880972)1:0.4914828898653545)0.87:0.12985533271071353));
Weight calculation took 130.55388605 secs
ASTRAL finished in 201.513 secs
