
================== ASTRAL ===================== 

This is ASTRAL version 5.7.8
Gene trees are treated as unrooted
200 trees read from Dataset/AstralII_data/model.200.2000000.0.000001/32/estimatedgenetre.halfresolved_200
index0
All output trees will be *arbitrarily* rooted at 70

======== Running the main analysis
Number of taxa: 201 (201 species)
Taxa: [70, 27, 73, 120, 125, 189, 101, 113, 168, 90, 36, 163, 37, 20, 84, 122, 83, 144, 31, 152, 130, 82, 78, 184, 28, 66, 18, 121, 104, 22, 107, 148, 126, 61, 174, 19, 67, 92, 132, 15, 24, 3, 102, 96, 196, 87, 199, 127, 51, 6, 185, 76, 111, 108, 57, 119, 43, 39, 160, 4, 30, 198, 138, 99, 12, 153, 112, 98, 134, 190, 42, 46, 94, 75, 142, 135, 97, 41, 47, 2, 80, 186, 35, 64, 194, 173, 151, 50, 180, 187, 69, 200, 178, 38, 183, 14, 123, 197, 116, 128, 103, 68, 60, 139, 17, 118, 176, 192, 172, 1, 140, 165, 91, 85, 48, 7, 146, 137, 141, 13, 59, 86, 177, 63, 21, 117, 11, 25, 162, 181, 62, 133, 159, 49, 53, 164, 145, 155, 74, 100, 34, 16, 106, 179, 195, 33, 156, 166, 26, 131, 10, 147, 8, 32, 171, 77, 167, 114, 45, 169, 23, 81, 89, 157, 158, 115, 54, 65, 88, 149, 109, 143, 191, 170, 161, 5, 56, 40, 44, 72, 9, 175, 71, 124, 58, 105, 79, 93, 188, 55, 110, 0, 182, 129, 136, 29, 95, 193, 154, 150, 52]
Taxon occupancy: {110=200, 111=200, 112=200, 113=200, 114=200, 115=200, 116=200, 117=200, 118=200, 119=200, 10=200, 11=200, 12=200, 13=200, 14=200, 15=200, 16=200, 17=200, 18=200, 19=200, 120=200, 121=200, 0=200, 122=200, 1=200, 2=200, 123=200, 3=200, 124=200, 125=200, 4=200, 126=200, 5=200, 127=200, 6=200, 128=200, 7=200, 8=200, 129=200, 9=200, 20=200, 21=200, 22=200, 23=200, 24=200, 25=200, 26=200, 27=200, 28=200, 29=200, 130=200, 131=200, 132=200, 133=200, 134=200, 135=200, 136=200, 137=200, 138=200, 139=200, 30=200, 31=200, 32=200, 33=200, 34=200, 35=200, 36=200, 37=200, 38=200, 39=200, 140=200, 141=200, 142=200, 143=200, 144=200, 145=200, 146=200, 147=200, 148=200, 149=200, 40=200, 41=200, 42=200, 43=200, 44=200, 45=200, 46=200, 47=200, 48=200, 49=200, 150=200, 151=200, 152=200, 153=200, 154=200, 155=200, 156=200, 157=200, 158=200, 159=200, 50=200, 51=200, 52=200, 53=200, 54=200, 55=200, 56=200, 57=200, 58=200, 59=200, 160=200, 161=200, 162=200, 163=200, 164=200, 165=200, 166=200, 167=200, 168=200, 169=200, 60=200, 61=200, 62=200, 63=200, 64=200, 65=200, 66=200, 67=200, 68=200, 69=200, 170=200, 171=200, 172=200, 173=200, 174=200, 175=200, 176=200, 177=200, 178=200, 179=200, 70=200, 71=200, 72=200, 73=200, 74=200, 75=200, 76=200, 77=200, 78=200, 79=200, 180=200, 181=200, 182=200, 183=200, 184=200, 185=200, 186=200, 187=200, 188=200, 189=200, 80=200, 81=200, 82=200, 83=200, 84=200, 85=200, 86=200, 87=200, 88=200, 89=200, 190=200, 191=200, 192=200, 193=200, 194=200, 195=200, 196=200, 197=200, 198=200, 199=200, 90=200, 91=200, 92=200, 93=200, 94=200, 95=200, 96=200, 97=200, 98=200, 99=200, 200=200, 100=200, 101=200, 102=200, 103=200, 104=200, 105=200, 106=200, 107=200, 108=200, 109=200}
Number of gene trees: 200
0 trees have missing taxa
Calculating quartet distance matrix (for completion of X)
Species tree distances calculated ...
Building set of clusters (X) from gene trees 
------------------------------
gradient0: 12353
Number of Clusters after addition by distance: 12353
calculating extra bipartitions to be added at level 1 ...
Adding to X using resolutions of greedy consensus ...
Limit for sigma of degrees:5075
polytomy size limit : 13
discarded polytomies:  [3, 3, 3, 3, 3, 3, 3, 3, 3, 3, 3, 3, 3, 4, 4, 4, 4, 4, 4, 4, 4, 5, 5, 5, 6, 6, 7, 13]
Threshold 0.0:
Threshold 0.01:
Threshold 0.02:
Threshold 0.05:
Threshold 0.1:
polytomy of size 4; rounds with additions with at least 5 support: 0; clusters: 12353
Threshold 0.2:
polytomy of size 3; rounds with additions with at least 5 support: 0; clusters: 12353
polytomy of size 3; rounds with additions with at least 5 support: 0; clusters: 12353
polytomy of size 4; rounds with additions with at least 5 support: 0; clusters: 12353
polytomy of size 3; rounds with additions with at least 5 support: 0; clusters: 12353
polytomy of size 5; rounds with additions with at least 5 support: 0; clusters: 12353
polytomy of size 4; rounds with additions with at least 5 support: 0; clusters: 12353
polytomy of size 3; rounds with additions with at least 5 support: 0; clusters: 12353
polytomy of size 5; rounds with additions with at least 5 support: 0; clusters: 12353
polytomy of size 3; rounds with additions with at least 5 support: 0; clusters: 12353
polytomy of size 3; rounds with additions with at least 5 support: 0; clusters: 12353
Threshold 0.3333333333333333:
polytomy of size 3; rounds with additions with at least 5 support: 0; clusters: 12353
polytomy of size 3; rounds with additions with at least 5 support: 0; clusters: 12353
polytomy of size 6; rounds with additions with at least 5 support: 0; clusters: 12353
polytomy of size 4; rounds with additions with at least 5 support: 0; clusters: 12353
polytomy of size 7; rounds with additions with at least 5 support: 0; clusters: 12353
polytomy of size 3; rounds with additions with at least 5 support: 0; clusters: 12353
polytomy of size 3; rounds with additions with at least 5 support: 0; clusters: 12353
polytomy of size 6; rounds with additions with at least 5 support: 0; clusters: 12353
polytomy of size 4; rounds with additions with at least 5 support: 0; clusters: 12353
polytomy of size 4; rounds with additions with at least 5 support: 0; clusters: 12353
polytomy of size 3; rounds with additions with at least 5 support: 0; clusters: 12353
polytomy of size 5; rounds with additions with at least 5 support: 0; clusters: 12353
polytomy of size 13; rounds with additions with at least 5 support: 0; clusters: 12353
polytomy of size 4; rounds with additions with at least 5 support: 0; clusters: 12353
polytomy of size 3; rounds with additions with at least 5 support: 0; clusters: 12353
polytomy of size 3; rounds with additions with at least 5 support: 0; clusters: 12353
polytomy of size 4; rounds with additions with at least 5 support: 0; clusters: 12353
max k is :0
Number of Clusters after addition by greedy: 12353
gradient0 in heuristiic: 12353
partitions formed in 7.142 secs
Dynamic Programming starting after 7.142 secs
Using tree-based weight calculation.
Using polytree-based weight calculation.
Polytree max score: 13199669208
Polytree building time: 0.342 seconds.
Number of quartet trees in the gene trees: 13199669208
Size of largest cluster: 201
Greedy score: 9302919106
estimationFactor: 1.4188739101780168
Sub-optimal score: 10435854643
Total Number of elements weighted: 30475
Normalized score (portion of input quartet trees satisfied before correcting for multiple individuals): 0.8295665457558185
Optimization score: 10950003990
Optimal tree inferred in 22.908 secs.
(54,(115,(88,((89,(157,158)),(65,(45,((169,(23,81)),((117,(95,193)),((21,((7,13),(146,(137,141)))),((11,25),((59,(86,(177,63))),(((167,((8,32),((171,77),(147,114)))),(((131,10),(156,((166,26),(33,((16,106),(179,195)))))),((162,181),(155,(74,((100,34),(62,(145,((133,49),(159,(53,164))))))))))),(((154,(150,52)),(((161,(191,170)),((40,44),(5,56))),(((71,(9,175)),(110,(188,55))),(72,((105,79),(93,(124,58))))))),(((149,(109,143)),(129,(182,136))),(0,(((102,(87,(196,(199,(96,127))))),(29,((73,((101,(113,168)),(120,(125,189)))),(67,(((82,78),(130,(152,(184,(31,(83,144)))))),((84,122),((((36,163),(90,(37,20))),((92,132),(15,(24,3)))),((61,(174,19)),((66,18),(28,(126,((104,22),(148,(121,107)))))))))))))),(((134,(190,42)),(75,((142,135),(46,94)))),((((97,41),(47,(2,80))),((85,48),(140,(165,91)))),((((70,27),(51,(6,(185,(76,111))))),((12,(99,(153,112))),((30,(198,138)),((98,(108,57)),((43,4),(39,(119,160))))))),(((186,35),((64,194),((173,151),(50,180)))),(((183,(14,123)),(197,(103,(128,(116,(68,60)))))),((200,(178,38)),((187,69),(139,((17,118),((192,1),(176,172)))))))))))))))))))))))))));
Final quartet score is: 10950003990
Final normalized quartet score is: 0.8295665457558185
Extended species tree:
(70,(27,((51,(6,(185,(76,111)1:0.4431989127848694)1:0.18381520905073803)1:1.7761193937084936)1:1.4046374447438161,(((12,(99,(153,112)1:1.0470476606742274)1:0.8286828966922883)1:1.6606766885006017,((30,(198,138)1:1.8045042935355569)1:0.8106700379682176,((98,(108,57)1:3.0935331146707705)0.42:0.014873029906939178,((43,4)0.58:0.04076012467060302,(39,(119,160)1:0.3548601501586461)1:0.586698314330618)1:1.993729926058194)1:0.8156487149752457)0.81:0.08094721925952103)1:0.4813461537186831,((((186,35)1:3.645076831455551,((64,194)1:0.19370644081092225,((173,151)1:0.509519559848209,(50,180)1:1.7625663102118199)1:1.5647199579040185)1:0.28113023184875885)1:1.9414583698329446,(((183,(14,123)1:3.106080330722857)1:2.0251288674248475,(197,(103,(128,(116,(68,60)1:0.29297269018881017)1:0.7079159047939559)1:0.42050298547270487)1:1.4568465911238129)1:0.8942700005108981)1:0.19088283762218025,((200,(178,38)1:0.7707054149058197)1:2.544227467947151,((187,69)1:2.7009459651346597,(139,((17,118)1:1.393322444659928,((192,1)0.95:0.11072884031746584,(176,172)1:1.3856127236488804)1:0.7601942671282995)1:0.17365022949863132)1:1.3383460777271639)0.97:0.12366170539678402)1:0.4049032611828514)1:0.47588158643902995)1:1.029071474460205,((((97,41)1:0.7440718172580097,(47,(2,80)1:2.2584217850296677)0.51:0.02660341889484276)1:2.0677418673504704,((85,48)1:2.8126748722183916,(140,(165,91)1:2.8183982582710745)1:1.9224664308355248)1:0.4178589352699473)1:0.3053602770513793,(((134,(190,42)1:4.204692619390971)1:1.1267836075408444,(75,((142,135)1:2.6438799101138244,(46,94)1:1.1026928811756695)1:0.2953901479965923)1:1.806797346592597)1:1.3392926880079343,(((102,(87,(196,(199,(96,127)1:0.4670230011075977)0.99:0.13981781938135857)0.64:0.056227131647885266)1:0.6039615520537346)1:2.946361220346947,(29,((73,((101,(113,168)1:1.9026127044829357)1:0.3457188350526354,(120,(125,189)1:2.00859100679937)1:0.4223987206376039)1:1.5996511133806146)1:1.6444998111402243,(67,(((82,78)1:2.5786404684956445,(130,(152,(184,(31,(83,144)0.69:0.06111707306723419)0.78:0.0776810517779163)1:1.168015909833392)0.49:0.03633929628562533)1:0.23826484399630404)1:2.412881787247952,((84,122)1:4.897839799950916,((((36,163)1:3.1632387445628054,(90,(37,20)1:2.06403245528323)1:0.7024808876748778)1:1.1164702580650903,((92,132)1:1.2255512993484672,(15,(24,3)1:0.8899558022561531)1:0.5285534175073308)1:2.779253061460824)1:0.5324370790905182,((61,(174,19)1:0.42050298547270487)1:3.069712686551979,((66,18)1:2.0464539944067144,(28,(126,((104,22)1:1.9015124653856097,(148,(121,107)1:0.3540615755636841)1:0.9464243928121044)1:0.30081379910181455)1:1.6630094538008817)1:0.2068224705644454)1:0.25595946285647525)1:1.1821065904635055)1:0.820960110062527)1:0.43022121852550027)0.64:0.04668281684558721)0.5:0.030381712386328794)1:0.9903715238663492)0.85:0.08360676673977634)0.95:0.11248493552551343,(0,(((149,(109,143)1:0.6073803588025202)1:4.492374691842744,(129,(182,136)1:0.34396290835037063)1:3.5096242086531273)1:0.5330196694732775,(((154,(150,52)1:0.9121345984244906)0.73:0.059189781206879545,(((161,(191,170)1:0.5937747067467416)1:2.3163741409736796,((40,44)1:1.463688862350377,(5,56)1:0.33354448636162687)1:1.560890794428147)1:1.7313664249380567,(((71,(9,175)0.66:0.06944525783259915)1:0.9207976196869231,(110,(188,55)0.99:0.1529076715876614)1:3.6938669956249734)1:0.33942173290124344,(72,((105,79)1:1.2645144050853816,(93,(124,58)1:2.9497674878910995)0.99:0.16161897443478404)1:0.29981473779176504)1:0.562563744148692)1:0.9080650801410931)1:0.36518047608042836)1:0.6254866860416248,(((167,((8,32)1:0.6176542404119784,((171,77)1:0.6006925295889551,(147,114)1:0.9854107855849923)1:0.32960627089293815)1:1.6445625483653785)1:2.2418221526272415,(((131,10)1:2.1330942551721566,(156,((166,26)1:1.450769284751694,(33,((16,106)1:0.36567705954795127,(179,195)1:1.286236157320275)1:0.4790606644149752)1:0.33198930108602787)1:0.6255658686160789)1:0.9157494568513844)1:1.344852839509557,((162,181)1:1.5737156514048225,(155,(74,((100,34)1:0.6351389640413747,(62,(145,((133,49)1:0.79126232796877,(159,(53,164)1:0.7720660633439684)0.62:0.0656356808233959)1:0.2330228456549394)1:0.22916255243191103)1:0.193083550911872)1:0.26922191554837)1:0.866553373695947)1:1.3670460627417989)1:1.166594293732041)1:1.492625050491864)1:0.2139919043853566,((59,(86,(177,63)1:0.1883550997192357)1:2.207888095244766)1:0.3568263320945599,((11,25)1:2.2807702447003795,((21,((7,13)1:0.8034952377288108,(146,(137,141)0.79:0.06928366778619438)1:0.7869241166453409)1:2.528874933247712)1:0.30082670753434615,((117,(95,193)1:3.0536092789854075)0.56:0.036020765131586314,((169,(23,81)1:1.4628755558179374)1:0.3221526296025575,(45,(65,((89,(157,158)0.99:0.16168565521369022)1:1.5020988731412797,(88,(115,54)1:0.3133362507713792)1:0.8597942924168435)1:0.19120326869198181)1:1.835345119823059)1:0.2789298518187141)1:0.9254466526736971)0.7:0.05602863617048796)0.98:0.1316757394280523)1:0.2501452977860475)1:1.4026906224352902)1:0.5392123681304583)1:0.18279511751391156)1:0.36197179657570294)1:0.31091558158268184)1:0.6069472393013804)1:0.7181351246052149)0.57:0.039130693744308234)1:1.2207277787278157)1:0.4051958205971006)1:3.3210954950373694));
Weight calculation took 14.205147869 secs
ASTRAL finished in 25.367 secs
