
================== ASTRAL ===================== 

This is ASTRAL version 5.7.8
Gene trees are treated as unrooted
50 trees read from Dataset/AstralII_data/model.200.2000000.0.000001/32/estimatedgenetre.halfresolved_50
index0
All output trees will be *arbitrarily* rooted at 70

======== Running the main analysis
Number of taxa: 201 (201 species)
Taxa: [70, 27, 73, 120, 125, 189, 101, 113, 168, 90, 36, 163, 37, 20, 84, 122, 83, 144, 31, 152, 130, 82, 78, 184, 28, 66, 18, 121, 104, 22, 107, 148, 126, 61, 174, 19, 67, 92, 132, 15, 24, 3, 102, 96, 196, 87, 199, 127, 51, 6, 185, 76, 111, 108, 57, 119, 43, 39, 160, 4, 30, 198, 138, 99, 12, 153, 112, 98, 134, 190, 42, 46, 94, 75, 142, 135, 97, 41, 47, 2, 80, 186, 35, 64, 194, 173, 151, 50, 180, 187, 69, 200, 178, 38, 183, 14, 123, 197, 116, 128, 103, 68, 60, 139, 17, 118, 176, 192, 172, 1, 140, 165, 91, 85, 48, 7, 146, 137, 141, 13, 59, 86, 177, 63, 21, 117, 11, 25, 162, 181, 62, 133, 159, 49, 53, 164, 145, 155, 74, 100, 34, 16, 106, 179, 195, 33, 156, 166, 26, 131, 10, 147, 8, 32, 171, 77, 167, 114, 45, 169, 23, 81, 89, 157, 158, 115, 54, 65, 88, 149, 109, 143, 191, 170, 161, 5, 56, 40, 44, 72, 9, 175, 71, 124, 58, 105, 79, 93, 188, 55, 110, 0, 182, 129, 136, 29, 95, 193, 154, 150, 52]
Taxon occupancy: {110=50, 111=50, 112=50, 113=50, 114=50, 115=50, 116=50, 117=50, 118=50, 119=50, 10=50, 11=50, 12=50, 13=50, 14=50, 15=50, 16=50, 17=50, 18=50, 19=50, 120=50, 121=50, 0=50, 122=50, 1=50, 2=50, 123=50, 3=50, 124=50, 125=50, 4=50, 126=50, 5=50, 127=50, 6=50, 128=50, 7=50, 8=50, 129=50, 9=50, 20=50, 21=50, 22=50, 23=50, 24=50, 25=50, 26=50, 27=50, 28=50, 29=50, 130=50, 131=50, 132=50, 133=50, 134=50, 135=50, 136=50, 137=50, 138=50, 139=50, 30=50, 31=50, 32=50, 33=50, 34=50, 35=50, 36=50, 37=50, 38=50, 39=50, 140=50, 141=50, 142=50, 143=50, 144=50, 145=50, 146=50, 147=50, 148=50, 149=50, 40=50, 41=50, 42=50, 43=50, 44=50, 45=50, 46=50, 47=50, 48=50, 49=50, 150=50, 151=50, 152=50, 153=50, 154=50, 155=50, 156=50, 157=50, 158=50, 159=50, 50=50, 51=50, 52=50, 53=50, 54=50, 55=50, 56=50, 57=50, 58=50, 59=50, 160=50, 161=50, 162=50, 163=50, 164=50, 165=50, 166=50, 167=50, 168=50, 169=50, 60=50, 61=50, 62=50, 63=50, 64=50, 65=50, 66=50, 67=50, 68=50, 69=50, 170=50, 171=50, 172=50, 173=50, 174=50, 175=50, 176=50, 177=50, 178=50, 179=50, 70=50, 71=50, 72=50, 73=50, 74=50, 75=50, 76=50, 77=50, 78=50, 79=50, 180=50, 181=50, 182=50, 183=50, 184=50, 185=50, 186=50, 187=50, 188=50, 189=50, 80=50, 81=50, 82=50, 83=50, 84=50, 85=50, 86=50, 87=50, 88=50, 89=50, 190=50, 191=50, 192=50, 193=50, 194=50, 195=50, 196=50, 197=50, 198=50, 199=50, 90=50, 91=50, 92=50, 93=50, 94=50, 95=50, 96=50, 97=50, 98=50, 99=50, 200=50, 100=50, 101=50, 102=50, 103=50, 104=50, 105=50, 106=50, 107=50, 108=50, 109=50}
Number of gene trees: 50
0 trees have missing taxa
Calculating quartet distance matrix (for completion of X)
Species tree distances calculated ...
Building set of clusters (X) from gene trees 
------------------------------
gradient0: 5275
Number of Clusters after addition by distance: 5275
calculating extra bipartitions to be added at level 1 ...
Adding to X using resolutions of greedy consensus ...
Limit for sigma of degrees:5075
polytomy size limit : 11
discarded polytomies:  [3, 3, 3, 3, 3, 3, 3, 3, 3, 3, 3, 3, 3, 4, 4, 4, 4, 4, 4, 4, 4, 5, 5, 5, 6, 6, 7, 11]
Threshold 0.0:
Threshold 0.01:
Threshold 0.02:
Threshold 0.05:
Threshold 0.1:
polytomy of size 4; rounds with additions with at least 5 support: 0; clusters: 5277
polytomy of size 3; rounds with additions with at least 5 support: 0; clusters: 5277
Threshold 0.2:
polytomy of size 3; rounds with additions with at least 5 support: 0; clusters: 5277
polytomy of size 3; rounds with additions with at least 5 support: 0; clusters: 5277
polytomy of size 4; rounds with additions with at least 5 support: 0; clusters: 5277
polytomy of size 5; rounds with additions with at least 5 support: 0; clusters: 5277
polytomy of size 4; rounds with additions with at least 5 support: 0; clusters: 5277
polytomy of size 4; rounds with additions with at least 5 support: 0; clusters: 5277
polytomy of size 6; rounds with additions with at least 5 support: 0; clusters: 5277
polytomy of size 3; rounds with additions with at least 5 support: 0; clusters: 5277
polytomy of size 3; rounds with additions with at least 5 support: 0; clusters: 5277
Threshold 0.3333333333333333:
polytomy of size 3; rounds with additions with at least 5 support: 0; clusters: 5277
polytomy of size 5; rounds with additions with at least 5 support: 0; clusters: 5277
polytomy of size 3; rounds with additions with at least 5 support: 0; clusters: 5277
polytomy of size 4; rounds with additions with at least 5 support: 0; clusters: 5277
polytomy of size 3; rounds with additions with at least 5 support: 0; clusters: 5277
polytomy of size 6; rounds with additions with at least 5 support: 0; clusters: 5277
polytomy of size 3; rounds with additions with at least 5 support: 0; clusters: 5277
polytomy of size 3; rounds with additions with at least 5 support: 0; clusters: 5277
polytomy of size 4; rounds with additions with at least 5 support: 0; clusters: 5277
polytomy of size 3; rounds with additions with at least 5 support: 0; clusters: 5277
polytomy of size 5; rounds with additions with at least 5 support: 0; clusters: 5277
polytomy of size 7; rounds with additions with at least 5 support: 0; clusters: 5277
polytomy of size 3; rounds with additions with at least 5 support: 0; clusters: 5277
polytomy of size 11; rounds with additions with at least 5 support: 0; clusters: 5277
polytomy of size 4; rounds with additions with at least 5 support: 0; clusters: 5277
polytomy of size 3; rounds with additions with at least 5 support: 0; clusters: 5277
polytomy of size 4; rounds with additions with at least 5 support: 0; clusters: 5277
max k is :0
Number of Clusters after addition by greedy: 5277
gradient0 in heuristiic: 5277
partitions formed in 6.793 secs
Dynamic Programming starting after 6.793 secs
Using tree-based weight calculation.
Using polytree-based weight calculation.
Polytree max score: 3299917302
Polytree building time: 0.219 seconds.
Number of quartet trees in the gene trees: 3299917302
Size of largest cluster: 201
Greedy score: 2398172212
estimationFactor: 1.3760134845562124
Sub-optimal score: 2616856880
Total Number of elements weighted: 8281
Normalized score (portion of input quartet trees satisfied before correcting for multiple individuals): 0.837649936052852
Optimization score: 2764175517
Optimal tree inferred in 12.191 secs.
(10,(131,((156,((166,26),(33,((16,106),(179,195))))),(((162,181),(155,(74,((100,34),(62,(145,((133,49),(159,(53,164))))))))),((167,((8,32),((171,77),(147,114)))),(((59,(86,(177,63))),((11,25),((117,(21,((7,13),(141,(146,137))))),((95,193),((169,(23,81)),(45,(65,((88,(115,54)),(89,(157,158)))))))))),(((154,(150,52)),(((161,(191,170)),((40,44),(5,56))),(((71,(9,175)),(110,(188,55))),(72,((105,79),(93,(124,58))))))),(((149,(109,143)),(129,(182,136))),(0,(((102,(196,(87,(199,(96,127))))),(29,(67,(((73,((101,(113,168)),(120,(125,189)))),((82,78),((152,130),(31,(184,(83,144)))))),((84,122),((((36,163),(90,(37,20))),((92,132),(15,(24,3)))),((61,(174,19)),((66,18),(28,(126,((104,22),(148,(121,107))))))))))))),(((134,(190,42)),(75,((142,135),(46,94)))),((((97,41),(47,(2,80))),((85,48),(140,(165,91)))),((((70,27),(51,(6,(185,(76,111))))),(((30,(198,138)),(12,(99,(153,112)))),(98,((108,57),(4,(43,(39,(119,160)))))))),(((186,35),((64,194),((173,151),(50,180)))),(((183,(14,123)),(197,(103,(128,(116,(68,60)))))),((200,(178,38)),((187,69),(139,((17,118),((176,172),(192,1)))))))))))))))))))));
Final quartet score is: 2764175517
Final normalized quartet score is: 0.837649936052852
Extended species tree:
(70,(27,((51,(6,(185,(76,111)0.99:0.307888821798318)0.98:0.2682639865946794)1:1.5339303599259548)1:1.3239945477795232,((((30,(198,138)1:1.5761307144163312)1:0.9398859802183253,(12,(99,(153,112)1:1.4469189829363254)1:0.5808534545604626)1:1.7193494927640427)0.45:0.03302303356570047,(98,((108,57)1:2.8332133440562166,(4,(43,(39,(119,160)0.98:0.26845825565794196)1:0.5816544157566673)0.47:0.03953688958236119)1:2.0205663892208325)0.59:0.07254775228199979)1:0.506315721077424)1:0.4261736153194767,((((186,35)1:3.3722098447889066,((64,194)0.76:0.14628202074330507,((173,151)1:0.5054405276806475,(50,180)1:1.7346010553881062)1:1.2230064965592382)0.99:0.29474239464226826)1:2.326160053622049,(((183,(14,123)1:2.8332133440562166)1:1.8918913035681304,(197,(103,(128,(116,(68,60)0.97:0.2680697552645551)1:1.0002258713701322)1:0.39086630868701183)1:2.08095097592869)1:0.7580125524930397)0.95:0.23260630134471513,((200,(178,38)1:0.6359887667199969)1:1.8885802821502198,((187,69)1:2.820276553025499,(139,((17,118)1:0.9611153529238032,((176,172)1:1.0002258713701317,(192,1)0.74:0.1252477489018546)1:0.7779397129033692)0.95:0.2307623277936139)1:1.2216076440834027)0.89:0.18503297914605366)1:0.3457693353835046)1:0.778181075347002)1:0.7930990688253097,((((97,41)1:0.6359887667199969,(47,(2,80)1:1.9169226121820613)0.51:0.060624621816434854)1:1.4641698948072324,((85,48)1:2.422659166440581,(140,(165,91)1:2.4277482359480516)1:2.4431727062736845)1:0.4860520558357982)1:0.3912044489092843,(((134,(190,42)1:3.5263605246161593)1:1.128465251817791,(75,((142,135)1:2.8357546414848906,(46,94)1:0.753454593809089)0.98:0.2871819974301081)1:1.933729730498441)1:0.9218179451499507,(((102,(196,(87,(199,(96,127)1:0.5296186598608178)0.98:0.28668724546961505)0.61:0.10301787917714865)1:0.5306282510621702)1:2.5447792579535915,(29,(67,(((73,((101,(113,168)1:1.5804503755608483)1:0.4583075894825443,(120,(125,189)1:1.7354431607010283)0.9:0.19415601444095737)1:1.3877103621656306)1:1.1647755740975714,((82,78)1:2.7531706363826807,((152,130)0.57:0.07612880835240006,(31,(184,(83,144)0.75:0.12566832104002115)0.65:0.09253708005932672)1:1.1141930712747332)0.99:0.29259608725421)1:2.257849199152652)0.56:0.08681039086023787,((84,122)1:3.5263605246161593,((((36,163)1:3.5263605246161593,(90,(37,20)1:1.5790084142439464)1:0.6931471805599453)1:1.0005620747164494,((92,132)1:0.9107787399666389,(15,(24,3)1:0.5805933476186557)1:0.6228945986397719)1:2.210556041250817)1:0.5415865851244221,((61,(174,19)0.97:0.2682639865946794)1:2.2270775404858996,((66,18)1:1.5559859290348759,(28,(126,((104,22)1:2.14006616349627,(148,(121,107)0.83:0.15854236502784044)1:0.941785549398182)0.98:0.2744963854594511)1:1.8753256602868957)0.98:0.2779258975064163)0.98:0.29636011117860883)1:1.3110915782590475)1:1.2047254600122714)0.95:0.2315086109635565)0.49:0.04104423974562)1:0.8739992293745399)0.53:0.05256230988075142)0.85:0.1591987112111591,(0,(((149,(109,143)1:0.6931471805599453)1:3.5263605246161593,(129,(182,136)0.99:0.34830669426821587)1:3.5263605246161593)1:0.4978331261387521,(((154,(150,52)1:0.790420069532119)0.77:0.1298196601652503,(((161,(191,170)1:0.4818380868927383)1:2.2735975561207935,((40,44)1:1.3291359472799418,(5,56)0.68:0.10863384100279554)1:1.7346010553881062)1:1.5963067180590307,(((71,(9,175)0.98:0.2678755616529149)1:0.7642431022436755,(110,(188,55)0.76:0.12516314295400605)1:3.0155349008501675)1:0.42664434387079986,(72,((105,79)1:1.2788352088051431,(93,(124,58)1:3.5213227305862023)0.56:0.06453852113757118)0.96:0.24076906306774218)1:0.5482876740168905)1:0.9309473473819847)0.95:0.2338117149528236)1:0.4232458947679656,(((59,(86,(177,63)0.99:0.30748469974796055)1:2.8019803243662835)0.99:0.38221944170742006,((11,25)1:1.9371253194995817,((117,(21,((7,13)1:0.6546808997321489,(141,(146,137)0.45:0.029852963149681274)1:1.1514547700424895)1:2.48974488117938)0.94:0.22302985250224008)0.6:0.07605822138124207,((95,193)1:2.515991248529282,((169,(23,81)1:1.3336353924411721)0.87:0.1715975315114762,(45,(65,((88,(115,54)0.98:0.2692357095357804)1:1.0403149225410298,(89,(157,158)0.36:0.0)1:1.2231773199282907)0.99:0.31177798059550305)1:1.3861927712381565)1:0.4481708786219297)1:0.8458279184750829)0.47:0.07187529503978837)0.66:0.09507322009110657)0.92:0.20153778462733987)1:1.2423691191341737,((167,((8,32)1:0.5819215454497209,((171,77)1:0.6351431007076538,(147,114)1:0.5824560190060036)1:0.3587779941355112)1:2.022283127839887)1:1.900430824533184,(((162,181)1:1.435619427682392,(155,(74,((100,34)1:0.5825091240552623,(62,(145,((133,49)1:1.007635402597037,(159,(53,164)1:0.8196580326128193)0.61:0.10038757379135273)0.82:0.153949593962917)0.92:0.21713525769018743)0.57:0.09262536802144845)0.45:0.05187468234603356)1:0.7263728281882653)1:1.1942166293805716)1:1.1420212954304567,((156,((166,26)1:1.264597426142371,(33,((16,106)1:0.4360105121395232,(179,195)1:0.9240469204097571)1:0.43543403345429943)0.8:0.14183921970818442)1:0.44468825954543034)1:1.0655514264072212,(131,10)1:3.3032169733019505)1:1.3111365201033318)1:1.1345442978941744)0.93:0.23188098296517956)1:0.5016617353942975)0.99:0.3175013997698801)0.96:0.24679558737052942)1:0.4224596360834844)1:0.7897339196934837)1:0.4608827043996249)0.53:0.056086889363501355)1:1.161715554498837)1:0.516853908217616)1:3.5263605246161593));
Weight calculation took 4.230384727 secs
ASTRAL finished in 14.745 secs
