
================== ASTRAL ===================== 

This is ASTRAL version 5.7.8
Gene trees are treated as unrooted
50 trees read from Dataset/AstralII_data/model.200.2000000.0.000001/41/estimatedgenetre.halfresolved_50
index0
All output trees will be *arbitrarily* rooted at 158

======== Running the main analysis
Number of taxa: 201 (201 species)
Taxa: [158, 171, 16, 85, 188, 168, 167, 47, 113, 74, 66, 23, 77, 81, 4, 135, 162, 193, 55, 164, 90, 63, 100, 132, 181, 26, 70, 61, 117, 18, 140, 25, 31, 182, 34, 32, 3, 12, 17, 109, 36, 45, 15, 101, 72, 49, 88, 27, 152, 42, 110, 41, 20, 108, 53, 189, 149, 119, 141, 178, 139, 30, 197, 102, 115, 194, 128, 14, 186, 106, 177, 2, 9, 0, 95, 121, 60, 200, 46, 68, 116, 79, 73, 82, 134, 39, 105, 78, 50, 76, 28, 183, 29, 172, 124, 125, 7, 150, 96, 196, 144, 99, 84, 122, 10, 137, 160, 94, 129, 199, 19, 190, 114, 143, 155, 166, 11, 71, 67, 37, 62, 170, 147, 161, 103, 120, 54, 93, 98, 83, 146, 57, 91, 111, 40, 33, 69, 133, 21, 65, 58, 175, 136, 89, 179, 13, 43, 130, 195, 48, 22, 127, 187, 192, 1, 191, 131, 180, 80, 92, 153, 198, 75, 6, 123, 126, 165, 169, 107, 5, 159, 145, 64, 173, 157, 86, 104, 118, 38, 163, 52, 59, 56, 8, 156, 174, 35, 112, 24, 142, 148, 151, 97, 87, 184, 154, 138, 51, 176, 44, 185]
Taxon occupancy: {110=50, 111=50, 112=50, 113=50, 114=50, 115=50, 116=50, 117=50, 118=50, 119=50, 10=50, 11=50, 12=50, 13=50, 14=50, 15=50, 16=50, 17=50, 18=50, 19=50, 120=50, 0=50, 121=50, 122=50, 1=50, 2=50, 123=50, 3=50, 124=50, 4=50, 125=50, 126=50, 5=50, 127=50, 6=50, 128=50, 7=50, 129=50, 8=50, 9=50, 20=50, 21=50, 22=50, 23=50, 24=50, 25=50, 26=50, 27=50, 28=50, 29=50, 130=50, 131=50, 132=50, 133=50, 134=50, 135=50, 136=50, 137=50, 138=50, 139=50, 30=50, 31=50, 32=50, 33=50, 34=50, 35=50, 36=50, 37=50, 38=50, 39=50, 140=50, 141=50, 142=50, 143=50, 144=50, 145=50, 146=50, 147=50, 148=50, 149=50, 40=50, 41=50, 42=50, 43=50, 44=50, 45=50, 46=50, 47=50, 48=50, 49=50, 150=50, 151=50, 152=50, 153=50, 154=50, 155=50, 156=50, 157=50, 158=50, 159=50, 50=50, 51=50, 52=50, 53=50, 54=50, 55=50, 56=50, 57=50, 58=50, 59=50, 160=50, 161=50, 162=50, 163=50, 164=50, 165=50, 166=50, 167=50, 168=50, 169=50, 60=50, 61=50, 62=50, 63=50, 64=50, 65=50, 66=50, 67=50, 68=50, 69=50, 170=50, 171=50, 172=50, 173=50, 174=50, 175=50, 176=50, 177=50, 178=50, 179=50, 70=50, 71=50, 72=50, 73=50, 74=50, 75=50, 76=50, 77=50, 78=50, 79=50, 180=50, 181=50, 182=50, 183=50, 184=50, 185=50, 186=50, 187=50, 188=50, 189=50, 80=50, 81=50, 82=50, 83=50, 84=50, 85=50, 86=50, 87=50, 88=50, 89=50, 190=50, 191=50, 192=50, 193=50, 194=50, 195=50, 196=50, 197=50, 198=50, 199=50, 90=50, 91=50, 92=50, 93=50, 94=50, 95=50, 96=50, 97=50, 98=50, 99=50, 200=50, 100=50, 101=50, 102=50, 103=50, 104=50, 105=50, 106=50, 107=50, 108=50, 109=50}
Number of gene trees: 50
0 trees have missing taxa
Calculating quartet distance matrix (for completion of X)
Species tree distances calculated ...
Building set of clusters (X) from gene trees 
------------------------------
gradient0: 6401
Number of Clusters after addition by distance: 6401
calculating extra bipartitions to be added at level 1 ...
Adding to X using resolutions of greedy consensus ...
Limit for sigma of degrees:5075
polytomy size limit : 10
discarded polytomies:  [3, 3, 3, 3, 3, 3, 3, 3, 3, 3, 3, 3, 3, 3, 3, 3, 4, 4, 4, 4, 4, 4, 4, 4, 4, 4, 4, 5, 5, 5, 5, 5, 6, 7, 7, 8, 10, 10, 10]
Threshold 0.0:
Threshold 0.01:
Threshold 0.02:
Threshold 0.05:
polytomy of size 3; rounds with additions with at least 5 support: 1; clusters: 6403
Threshold 0.1:
polytomy of size 4; rounds with additions with at least 5 support: 1; clusters: 6405
polytomy of size 3; rounds with additions with at least 5 support: 0; clusters: 6405
polytomy of size 5; rounds with additions with at least 5 support: 1; clusters: 6411
Threshold 0.2:
polytomy of size 4; rounds with additions with at least 5 support: 0; clusters: 6411
polytomy of size 3; rounds with additions with at least 5 support: 0; clusters: 6411
polytomy of size 3; rounds with additions with at least 5 support: 0; clusters: 6411
polytomy of size 4; rounds with additions with at least 5 support: 0; clusters: 6411
polytomy of size 10; rounds with additions with at least 5 support: 0; clusters: 6411
polytomy of size 5; rounds with additions with at least 5 support: 1; clusters: 6413
polytomy of size 5; rounds with additions with at least 5 support: 0; clusters: 6413
polytomy of size 7; rounds with additions with at least 5 support: 3; clusters: 6421
Threshold 0.3333333333333333:
polytomy of size 4; rounds with additions with at least 5 support: 0; clusters: 6421
polytomy of size 4; rounds with additions with at least 5 support: 0; clusters: 6421
polytomy of size 5; rounds with additions with at least 5 support: 0; clusters: 6421
polytomy of size 4; rounds with additions with at least 5 support: 0; clusters: 6421
polytomy of size 4; rounds with additions with at least 5 support: 0; clusters: 6421
polytomy of size 3; rounds with additions with at least 5 support: 0; clusters: 6421
polytomy of size 5; rounds with additions with at least 5 support: 0; clusters: 6421
polytomy of size 3; rounds with additions with at least 5 support: 0; clusters: 6421
polytomy of size 4; rounds with additions with at least 5 support: 0; clusters: 6421
polytomy of size 8; rounds with additions with at least 5 support: 0; clusters: 6421
polytomy of size 4; rounds with additions with at least 5 support: 0; clusters: 6421
polytomy of size 3; rounds with additions with at least 5 support: 0; clusters: 6421
polytomy of size 10; rounds with additions with at least 5 support: 0; clusters: 6423
polytomy of size 3; rounds with additions with at least 5 support: 0; clusters: 6423
polytomy of size 7; rounds with additions with at least 5 support: 0; clusters: 6423
polytomy of size 3; rounds with additions with at least 5 support: 0; clusters: 6423
polytomy of size 4; rounds with additions with at least 5 support: 0; clusters: 6423
polytomy of size 6; rounds with additions with at least 5 support: 0; clusters: 6423
polytomy of size 4; rounds with additions with at least 5 support: 0; clusters: 6423
polytomy of size 3; rounds with additions with at least 5 support: 0; clusters: 6423
polytomy of size 3; rounds with additions with at least 5 support: 0; clusters: 6423
polytomy of size 3; rounds with additions with at least 5 support: 0; clusters: 6423
polytomy of size 3; rounds with additions with at least 5 support: 0; clusters: 6423
polytomy of size 3; rounds with additions with at least 5 support: 0; clusters: 6423
polytomy of size 3; rounds with additions with at least 5 support: 0; clusters: 6423
polytomy of size 3; rounds with additions with at least 5 support: 0; clusters: 6423
polytomy of size 10; rounds with additions with at least 5 support: 0; clusters: 6425
max k is :6
Number of Clusters after addition by greedy: 6425
gradient0 in heuristiic: 6425
partitions formed in 10.74 secs
Dynamic Programming starting after 10.74 secs
Using tree-based weight calculation.
Using polytree-based weight calculation.
Polytree max score: 3299552535
Polytree building time: 0.234 seconds.
Number of quartet trees in the gene trees: 3299552535
Size of largest cluster: 201
Greedy score: 2184793469
estimationFactor: 1.5102354441357038
Sub-optimal score: 2402019645
Total Number of elements weighted: 11243
Normalized score (portion of input quartet trees satisfied before correcting for multiple individuals): 0.7527643783977515
Optimization score: 2483785613
Optimal tree inferred in 15.508 secs.
(165,(126,((159,(169,(107,5))),(145,((64,173),((((136,89),((48,22),(127,((130,195),(179,(13,43)))))),((6,123),((1,(191,(187,192))),((92,153),((198,75),(131,(180,80))))))),(147,((0,(((158,(171,16)),(120,(103,(161,(54,93))))),((((124,125),(7,150)),((96,196),(37,(62,170)))),((((84,19),(129,(199,((122,10),(137,(160,94)))))),((144,99),(67,(71,(190,(114,((166,11),(143,155)))))))),(((116,(78,(79,50))),(183,(76,(28,(29,172))))),(((39,105),(73,82)),((68,134),((95,121),(60,(200,46)))))))))),(((111,((40,33),(69,133))),(98,((83,146),(57,91)))),((((175,(65,(21,58))),((157,86),(104,118))),((168,(188,(167,47))),((113,(74,(66,23))),(77,(81,(193,(162,(4,135)))))))),((((24,((142,148),(151,(97,87)))),(184,((138,51),(154,(176,(44,185)))))),((35,112),(((181,(55,132)),(164,(90,(63,100)))),((38,163),(174,((8,156),(52,(59,56)))))))),(85,((102,((2,9),((177,(115,194)),(128,(14,(186,106)))))),((((31,(182,34)),(18,(117,(140,25)))),((32,3),(109,((45,(61,(15,101))),(36,(12,(17,(72,49)))))))),((26,70),(((53,(189,149)),(108,(88,27))),((119,(141,197)),((178,139),((152,30),(20,(42,(110,41))))))))))))))))))))));
Final quartet score is: 2483785613
Final normalized quartet score is: 0.7527643783977515
Extended species tree:
(158,((171,16)1:2.4277482359480516,((120,(103,(161,(54,93)1:0.5518106176397674)0.52:0.096795790099942)0.77:0.13091332648305468)1:0.7710798635673575,(((((124,125)1:1.6477431662016824,(7,150)0.9:0.19080774652847127)0.85:0.1614021945702127,((96,196)1:3.5060577722783037,(37,(62,170)1:2.8332133440562166)1:1.5606048748911696)0.68:0.09831330600063425)1:1.1774270564764695,((((84,19)0.52:0.05246729381860664,(129,(199,((122,10)1:0.9301163591167974,(137,(160,94)1:0.4175836970257248)1:0.6151612546336352)0.8:0.14420366756183187)1:0.3852345054853625)1:0.6684844584210714)1:0.4722035653093443,((144,99)1:1.912350656676908,(67,(71,(190,(114,((166,11)0.41:0.019177272210644126,(143,155)0.98:0.2913918652485161)0.97:0.2594059157039694)0.99:0.32612271986306507)1:0.39906590859064184)0.7:0.1057218383285444)1:1.1878179046610053)0.61:0.1318219138297892)1:1.6440807043271048,(((116,(78,(79,50)1:1.4381194289844763)0.47:0.04169016763061449)0.68:0.11642825525651224,(183,(76,(28,(29,172)1:0.3538201814747904)0.59:0.07231381740195257)0.96:0.252622949945599)1:1.3053682767701213)1:0.3655837969605767,(((39,105)1:2.8159520141887064,(73,82)1:2.780948440615377)0.83:0.17104191658245108,((68,134)1:1.1522702547014065,((95,121)0.5:0.0604109966767263,(60,(200,46)0.4:0.020777127941758036)1:1.2994247175299733)1:1.6578333046423732)0.94:0.21681685788638833)0.9:0.1866230089119908)1:0.6781317421841755)0.99:0.34299167371802197)1:0.7611139164463178,(0,((((111,((40,33)1:3.526161440402884,(69,133)1:0.5303744761591462)0.93:0.21226728862499536)1:1.0927471692157116,(98,((83,146)1:1.3297001221891231,(57,91)1:1.56770162524638)1:1.7337510765864017)1:0.448264437387952)1:1.9231722435228893,((((175,(65,(21,58)0.59:0.07420121659408971)0.65:0.09861512751829486)1:2.2318572193157054,((157,86)1:1.5350846945802785,(104,118)0.95:0.23674715818991537)1:1.1978687379590591)1:0.7500428034095912,((168,(188,(167,47)1:0.42435905746812624)1:1.349073947528813)1:0.4893740112614349,((113,(74,(66,23)1:1.421364460546859)0.99:0.3280803011835352)1:1.319026543897257,(77,(81,(193,(162,(4,135)1:1.039771788645176)0.55:0.060228126826902026)1:1.1589180837641648)1:0.9146894505071814)0.52:0.050888144111773274)0.96:0.2411462652159633)1:1.0071166245148624)1:0.4952639528322691,((((24,((142,148)1:0.4645653560859036,(151,(97,87)0.82:0.16045890886738146)0.89:0.1876629274017286)1:0.7579678289387729)1:2.7071678358292277,(184,((138,51)1:2.612637188247251,(154,(176,(44,185)1:1.1086626245216114)1:0.8858539193849124)0.9:0.18767522867095307)1:0.8383552482030104)1:0.5705087562984705)1:0.699425801253182,((35,112)1:2.948282673841004,(((181,(55,132)0.44:0.030312205408039427)1:0.7627520819742238,(164,(90,(63,100)0.99:0.33013646247946593)0.87:0.173809662618469)1:1.0304162784006539)1:2.53760844937653,((38,163)1:2.1772337181198336,(174,((8,156)0.99:0.33395440062887183,(52,(59,56)1:0.8909172213414593)1:0.44416974796758557)1:1.0000850213155368)0.9:0.18518453569614818)1:0.6394920214125751)0.88:0.17801575697628413)0.98:0.2841807682156492)1:0.6353093128158215,(85,((102,((2,9)1:0.9434407839257429,((177,(115,194)1:1.3252154718019773)1:1.13081101878601,(128,(14,(186,106)0.91:0.19415601444095737)1:2.138164419658453)1:0.6345579466161141)1:0.6706289372121341)1:0.6993478955231204)1:0.38721696624540886,((((31,(182,34)0.99:0.30829310722933534)1:1.2901713467515212,(18,(117,(140,25)1:0.8667793271397399)0.68:0.10527591686753839)1:0.7314707825931356)1:0.49393748896607753,((32,3)1:0.9746718957136062,(109,((45,(61,(15,101)1:0.7307397848480317)0.4:0.013961877091987622)0.74:0.12038731648643138,(36,(12,(17,(72,49)0.75:0.12926576475929027)0.9:0.19093227334417123)0.47:0.03843425328410576)0.99:0.2986614315081653)0.41:0.017163188224488504)1:0.43189341037648166)1:0.4502154874866528)1:1.6706839575711618,((26,70)1:2.7912801378133314,(((53,(189,149)1:1.2235773529842493)0.52:0.05151897857667627,(108,(88,27)1:0.8173007323125988)1:0.399637476238009)1:1.125714218445901,((119,(141,197)1:1.4290004357254689)0.9:0.18452211867005044,((178,139)1:0.5607002790564767,((152,30)0.89:0.18995321590497524,(20,(42,(110,41)0.93:0.2279015247089304)0.97:0.2653290449687713)0.5:0.05117156901722468)0.66:0.0932989894572423)1:0.9670637309521369)1:0.8213140249588696)1:1.4426718542630728)0.86:0.1890249571751534)1:0.38762155243320834)1:0.6018948025523744)1:0.5882915536677659)0.49:0.04228912019524091)0.54:0.08178361299841864)0.64:0.08843738799721763,(147,((((136,89)1:1.000631880307906,((48,22)1:0.8115802263090431,(127,((130,195)0.87:0.18424176656420568,(179,(13,43)0.51:0.05216182120362844)1:1.2925743794142763)0.76:0.12868738011445083)0.89:0.18263166974283923)0.52:0.08834916983128961)1:2.313621159722667,((6,123)1:2.965088192955704,((1,(191,(187,192)0.99:0.33177573624780143)1:0.4261582156965116)1:1.8384311359646044,((92,153)1:0.9125077206287984,((198,75)1:2.22986435139308,(131,(180,80)1:1.3447026688465271)1:1.376141989655873)0.49:0.04697253264810759)0.95:0.2387838007053766)1:0.4452325244042529)0.82:0.14964318876138183)1:1.2940750498485392,((64,173)1:0.8541636966526639,(145,((159,(169,(107,5)1:1.5790084142439464)1:1.5094291058125042)0.51:0.08216914995677338,(126,165)1:2.8332133440562166)1:0.6066412880879789)0.51:0.05695568785045816)1:0.531267949910836)1:0.4837500979851201)0.92:0.22985325661435932)0.81:0.15232064397427694)1:0.3584918451442585)0.98:0.2945116809868118)1:1.6987239089897486));
Weight calculation took 3.887565843 secs
ASTRAL finished in 17.439 secs
