
================== ASTRAL ===================== 

This is ASTRAL version 5.7.8
Gene trees are treated as unrooted
1000 trees read from Dataset/AstralII_data/model.200.10000000.0.000001/26/estimatedgenetre.halfresolved
index0
All output trees will be *arbitrarily* rooted at 178

======== Running the main analysis
Number of taxa: 201 (201 species)
Taxa: [178, 114, 11, 126, 3, 152, 64, 86, 156, 110, 31, 200, 8, 38, 198, 105, 123, 195, 134, 60, 140, 193, 34, 139, 29, 81, 71, 49, 0, 189, 132, 194, 188, 85, 74, 62, 162, 131, 199, 146, 107, 141, 84, 157, 53, 25, 183, 56, 149, 79, 47, 22, 129, 14, 89, 46, 33, 13, 20, 55, 158, 45, 91, 7, 87, 185, 100, 76, 21, 171, 127, 109, 197, 61, 175, 6, 24, 136, 48, 59, 93, 69, 181, 184, 23, 44, 51, 77, 164, 150, 28, 122, 96, 80, 70, 168, 73, 95, 90, 165, 120, 50, 10, 54, 138, 142, 161, 154, 40, 177, 167, 137, 12, 116, 17, 187, 124, 176, 72, 163, 104, 148, 16, 172, 67, 155, 39, 180, 145, 133, 111, 18, 192, 75, 166, 63, 118, 135, 151, 125, 112, 19, 103, 5, 102, 27, 143, 66, 191, 42, 58, 190, 117, 37, 4, 57, 147, 65, 83, 101, 30, 130, 159, 186, 68, 115, 196, 92, 2, 88, 82, 99, 36, 119, 32, 160, 52, 106, 179, 108, 121, 144, 41, 94, 169, 97, 98, 35, 153, 113, 174, 170, 15, 1, 128, 43, 26, 78, 173, 182, 9]
Taxon occupancy: {110=1000, 111=1000, 112=1000, 113=1000, 114=1000, 115=1000, 116=1000, 117=1000, 118=1000, 119=1000, 10=1000, 11=1000, 12=1000, 13=1000, 14=1000, 15=1000, 16=1000, 17=1000, 18=1000, 19=1000, 120=1000, 0=1000, 121=1000, 122=1000, 1=1000, 123=1000, 2=1000, 3=1000, 124=1000, 125=1000, 4=1000, 126=1000, 5=1000, 127=1000, 6=1000, 7=1000, 128=1000, 8=1000, 129=1000, 9=1000, 20=1000, 21=1000, 22=1000, 23=1000, 24=1000, 25=1000, 26=1000, 27=1000, 28=1000, 29=1000, 130=1000, 131=1000, 132=1000, 133=1000, 134=1000, 135=1000, 136=1000, 137=1000, 138=1000, 139=1000, 30=1000, 31=1000, 32=1000, 33=1000, 34=1000, 35=1000, 36=1000, 37=1000, 38=1000, 39=1000, 140=1000, 141=1000, 142=1000, 143=1000, 144=1000, 145=1000, 146=1000, 147=1000, 148=1000, 149=1000, 40=1000, 41=1000, 42=1000, 43=1000, 44=1000, 45=1000, 46=1000, 47=1000, 48=1000, 49=1000, 150=1000, 151=1000, 152=1000, 153=1000, 154=1000, 155=1000, 156=1000, 157=1000, 158=1000, 159=1000, 50=1000, 51=1000, 52=1000, 53=1000, 54=1000, 55=1000, 56=1000, 57=1000, 58=1000, 59=1000, 160=1000, 161=1000, 162=1000, 163=1000, 164=1000, 165=1000, 166=1000, 167=1000, 168=1000, 169=1000, 60=1000, 61=1000, 62=1000, 63=1000, 64=1000, 65=1000, 66=1000, 67=1000, 68=1000, 69=1000, 170=1000, 171=1000, 172=1000, 173=1000, 174=1000, 175=1000, 176=1000, 177=1000, 178=1000, 179=1000, 70=1000, 71=1000, 72=1000, 73=1000, 74=1000, 75=1000, 76=1000, 77=1000, 78=1000, 79=1000, 180=1000, 181=1000, 182=1000, 183=1000, 184=1000, 185=1000, 186=1000, 187=1000, 188=1000, 189=1000, 80=1000, 81=1000, 82=1000, 83=1000, 84=1000, 85=1000, 86=1000, 87=1000, 88=1000, 89=1000, 190=1000, 191=1000, 192=1000, 193=1000, 194=1000, 195=1000, 196=1000, 197=1000, 198=1000, 199=1000, 90=1000, 91=1000, 92=1000, 93=1000, 94=1000, 95=1000, 96=1000, 97=1000, 98=1000, 99=1000, 200=1000, 100=1000, 101=1000, 102=1000, 103=1000, 104=1000, 105=1000, 106=1000, 107=1000, 108=1000, 109=1000}
Number of gene trees: 1000
0 trees have missing taxa
Calculating quartet distance matrix (for completion of X)
Species tree distances calculated ...
Building set of clusters (X) from gene trees 
------------------------------
gradient0: 7503
Number of Clusters after addition by distance: 7503
calculating extra bipartitions to be added at level 1 ...
Adding to X using resolutions of greedy consensus ...
Limit for sigma of degrees:5075
polytomy size limit : 4
discarded polytomies:  [3, 3, 3, 3, 3, 3, 3, 3, 4, 4, 4, 4]
Threshold 0.0:
Threshold 0.01:
Threshold 0.02:
Threshold 0.05:
Threshold 0.1:
Threshold 0.2:
polytomy of size 4; rounds with additions with at least 5 support: 0; clusters: 7503
Threshold 0.3333333333333333:
polytomy of size 4; rounds with additions with at least 5 support: 0; clusters: 7503
polytomy of size 3; rounds with additions with at least 5 support: 0; clusters: 7503
polytomy of size 3; rounds with additions with at least 5 support: 0; clusters: 7503
polytomy of size 4; rounds with additions with at least 5 support: 0; clusters: 7503
polytomy of size 3; rounds with additions with at least 5 support: 0; clusters: 7503
polytomy of size 3; rounds with additions with at least 5 support: 0; clusters: 7503
polytomy of size 3; rounds with additions with at least 5 support: 0; clusters: 7503
polytomy of size 3; rounds with additions with at least 5 support: 0; clusters: 7503
polytomy of size 4; rounds with additions with at least 5 support: 0; clusters: 7503
polytomy of size 3; rounds with additions with at least 5 support: 0; clusters: 7503
polytomy of size 3; rounds with additions with at least 5 support: 0; clusters: 7503
max k is :0
Number of Clusters after addition by greedy: 7503
gradient0 in heuristiic: 7503
partitions formed in 19.089 secs
Dynamic Programming starting after 19.089 secs
Using tree-based weight calculation.
Using polytree-based weight calculation.
Polytree max score: 65998350000
Polytree building time: 2.132 seconds.
Number of quartet trees in the gene trees: 65998350000
Size of largest cluster: 201
Greedy score: 61772033889
estimationFactor: 1.0684179529946252
Sub-optimal score: 63084923193
Total Number of elements weighted: 15544
Normalized score (portion of input quartet trees satisfied before correcting for multiple individuals): 0.9607283043439723
Optimization score: 63406482885
Optimal tree inferred in 29.285 secs.
(166,((63,(118,(135,151))),((42,((125,(112,19)),((191,(103,5)),((143,66),(102,27))))),(((58,190),(117,(67,((155,(180,(39,145))),((133,111),(18,(192,75))))))),(((104,148),(16,172)),(((116,(17,187)),((124,176),(72,163))),(((((139,29),(81,(71,49))),(((38,(198,(105,123))),((193,34),(195,(134,(60,140))))),(30,((130,((68,115),(159,186))),((57,(37,4)),(65,(101,(147,83)))))))),(((200,(110,(31,8))),((11,(126,3)),(((86,156),(152,64)),((178,114),(15,((1,(128,43)),((26,78),(182,(173,9))))))))),(((92,(196,2)),((32,160),((88,82),(119,(99,36))))),((52,(106,179)),((108,121),((35,153),(113,((174,170),((144,41),(94,(169,(97,98)))))))))))),(0,((189,((167,(137,12)),((132,(194,188)),((161,(154,(40,177))),((90,(95,(165,120))),((10,54),(138,(50,142)))))))),(85,((74,(((62,162),(53,(84,157))),((131,141),(199,(146,107))))),(((25,183),(79,(56,(149,47)))),(69,(((181,(184,(23,44))),(((168,73),(70,(96,80))),((28,122),(77,(164,(51,150)))))),((((61,175),(109,197)),(6,(48,((59,93),(24,136))))),((127,(21,171)),((13,20),((7,((87,76),(185,100))),(((129,89),(14,(46,33))),((22,55),(91,(158,45))))))))))))))))))))));
Final quartet score is: 63406482885
Final normalized quartet score is: 0.9607283043439723
Extended species tree:
(178,(114,((15,((1,(128,43)1:1.4218853062225933)1:3.0467278462187215,((26,78)1:0.36845759266674244,(182,(173,9)0.44:0.008092780082791651)1:1.4311977685581603)1:2.5267281446413397)1:2.1757824723055346)1:0.3048403732048061,(((86,156)1:1.5128916166036779,(152,64)1:2.9059774106186094)1:5.510979654279107,((11,(126,3)1:1.3216196218514762)1:2.726045778975943,((200,(110,(31,8)1:0.7700628135907188)1:0.24179798688601398)1:6.215607598755309,((((92,(196,2)1:0.3336578071185788)1:1.7019851394684964,((32,160)1:2.37225535174961,((88,82)1:3.4587672334836355,(119,(99,36)1:0.8614184200952202)1:2.1150324867825385)1:3.220971286372131)0.97:0.054189052766134775)1:4.071109494124305,((52,(106,179)1:1.5609620577092267)1:2.449500045151372,((108,121)1:4.758050217613895,((35,153)1:4.423848129527227,(113,((174,170)1:1.4302554489702242,((144,41)1:1.5672581986732508,(94,(169,(97,98)0.79:0.03091215305111214)1:0.1700325839170216)1:2.100769345914379)1:0.10969025283384329)1:2.295983347798547)1:0.41670335917290446)1:0.8223367407668658)1:1.281460730222756)1:4.067096265470002)0.97:0.05244127182781303,((((139,29)1:4.1356878551056955,(81,(71,49)1:2.1087781665642145)1:2.352008753055784)1:2.1178738796261927,(((38,(198,(105,123)1:3.412247217848739)1:2.96130093531413)1:1.2636409436245841,((193,34)1:3.795239470104843,(195,(134,(60,140)1:0.10621692858530397)0.59:0.017899111957209623)1:4.466407743946036)1:3.2173425406453693)1:1.8879028386496142,(30,((130,((68,115)1:3.053302125375469,(159,186)1:4.421313273924032)1:2.9448850612350923)1:0.49596935102525136,((57,(37,4)1:1.170863703712446)1:0.553624158267156,(65,(101,(147,83)1:0.2492569177251848)1:0.15416399147739285)1:2.6413910529614792)1:5.745603969509553)1:0.6412010289961051)1:0.7188687286076201)1:1.1352951083124578)1:2.03881870003007,((0,((189,((167,(137,12)1:5.810142490647089)1:6.49781020544237,((132,(194,188)1:0.1576533103784603)1:6.5032896712070904,((161,(154,(40,177)1:2.298597051816091)1:2.904101693649196)1:1.9820987133381718,((90,(95,(165,120)1:0.8754687373538995)1:0.3941210537713123)1:1.422299470651791,((10,54)1:2.0721692255633672,(138,(50,142)0.49:0.014007987431379274)1:0.6532593823826769)1:1.7652198024977976)1:4.608672816539303)1:3.2063023161180135)1:1.500756993667378)0.62:0.0195542118487758)1:0.4824448042199729,(85,((74,(((62,162)1:4.381802394287227,(53,(84,157)1:3.869658290877808)1:0.2888193373760106)1:0.385603487035812,((131,141)1:0.11266670951342506,(199,(146,107)1:1.858558891991522)1:2.0402592523800873)1:1.4071183947482497)1:0.7279930616768594)1:4.4615699665567705,(((25,183)1:6.033286041961299,(79,(56,(149,47)1:0.7318800158933341)1:1.1326516430793931)1:6.5032896712070904)1:1.0831563009266774,(69,(((181,(184,(23,44)1:4.200704578213011)1:1.4884837293437376)1:0.4869008747316131,(((168,73)1:2.088473213710185,(70,(96,80)1:2.4260946930581095)1:0.3919807224546891)1:1.7053941462690887,((28,122)1:3.796950334508482,(77,(164,(51,150)1:0.6980786433600715)1:0.2895804538147577)1:3.6914186006326086)1:0.10324207480779055)1:2.9889716391885184)1:1.9020454509779052,((((61,175)1:3.409482239128672,(109,197)1:3.863869825727758)1:0.915730585214817,(6,(48,((59,93)1:1.2457678612884882,(24,136)1:1.0828782139981923)1:0.88923096861194)1:1.5426978904968833)1:1.9420576957202196)1:3.3587640880533987,((127,(21,171)1:3.244222353573365)1:2.3903560959955725,((13,20)1:2.998407089488385,((7,((87,76)1:0.648217749004629,(185,100)1:0.6496150274504352)1:3.9169844254430024)1:0.6460795122768981,(((129,89)1:1.55210834087742,(14,(46,33)1:0.2609288528183579)1:0.49750531212723703)1:1.904355292400525,((22,55)1:0.24050708239259616,(91,(158,45)1:0.09809460550266128)1:1.1767518257479173)1:2.9584327499581136)1:0.8300636633192837)1:0.38129207391624437)1:2.2570999876612117)1:0.8077799409579881)1:1.216960868349469)1:0.09252474452487904)0.91:0.04211531753276737)1:1.7110560415461018)1:2.045491746828884)1:0.1465966477190488)1:3.749977347558565)1:3.7959414708356705,(((116,(17,187)1:2.743970581226833)1:0.7756279227609121,((124,176)1:3.794901117876954,(72,163)1:2.976929146590899)1:1.47940915036078)1:5.810142490647089,(((104,148)1:5.810142490647089,(16,172)1:3.6700763271508414)1:2.990317659306943,(((58,190)1:6.5032896712070904,(117,(67,((155,(180,(39,145)1:0.6626039697014303)1:0.8757598592046506)1:1.6803095769686918,((133,111)1:2.217406897086077,(18,(192,75)1:1.3160731703696678)1:0.9777351029604763)1:1.474248421874877)1:4.231163785697717)1:1.741795729635574)1:0.09992332916896318)1:0.6236442859908091,((42,((125,(112,19)1:1.7326050467413914)1:3.3740260050285382,((191,(103,5)1:0.6345778747208453)1:0.3855956154094023,((143,66)1:3.0857294323344213,(102,27)1:1.8305082784511626)1:2.1118731958204306)1:0.254224784550489)1:2.5426579239612015)1:1.6937147380722801,((63,(118,(135,151)1:2.4428466606606363)1:3.0693024667219118)1:0.5755159320846334,166)1:3.1339836626958406)1:1.115588222995667)1:0.338727513091969)1:2.0509953657543294)1:2.3988830084947743)1:3.288684155626625)1:1.881415216180733)1:0.20780614286144597)1:2.7038314964043337)1:0.3523967204522361)1:0.989095233751603)1:3.990984047230948));
Weight calculation took 6.838950355 secs
ASTRAL finished in 40.759 secs
