
================== ASTRAL ===================== 

This is ASTRAL version 5.7.8
Gene trees are treated as unrooted
200 trees read from Dataset/AstralII_data/model.200.10000000.0.000001/26/estimatedgenetre.halfresolved_200
index0
All output trees will be *arbitrarily* rooted at 178

======== Running the main analysis
Number of taxa: 201 (201 species)
Taxa: [178, 114, 11, 126, 3, 152, 64, 86, 156, 110, 31, 200, 8, 38, 198, 105, 123, 195, 134, 60, 140, 193, 34, 139, 29, 81, 71, 49, 0, 189, 132, 194, 188, 85, 74, 62, 162, 131, 199, 146, 107, 141, 84, 157, 53, 25, 183, 56, 149, 79, 47, 22, 129, 14, 89, 46, 33, 13, 20, 55, 158, 45, 91, 7, 87, 185, 100, 76, 21, 171, 127, 109, 197, 61, 175, 6, 24, 136, 48, 59, 93, 69, 181, 184, 23, 44, 51, 77, 164, 150, 28, 122, 96, 80, 70, 168, 73, 95, 90, 165, 120, 50, 10, 54, 138, 142, 161, 154, 40, 177, 167, 137, 12, 116, 17, 187, 124, 176, 72, 163, 104, 148, 16, 172, 67, 155, 39, 180, 145, 133, 111, 18, 192, 75, 166, 63, 118, 135, 151, 125, 112, 19, 103, 5, 102, 27, 143, 66, 191, 42, 58, 190, 117, 37, 4, 57, 147, 65, 83, 101, 30, 130, 159, 186, 68, 115, 196, 92, 2, 88, 82, 99, 36, 119, 32, 160, 52, 106, 179, 108, 121, 144, 41, 94, 169, 97, 98, 35, 153, 113, 174, 170, 15, 1, 128, 43, 26, 78, 173, 182, 9]
Taxon occupancy: {110=200, 111=200, 112=200, 113=200, 114=200, 115=200, 116=200, 117=200, 118=200, 119=200, 10=200, 11=200, 12=200, 13=200, 14=200, 15=200, 16=200, 17=200, 18=200, 19=200, 120=200, 0=200, 121=200, 122=200, 1=200, 123=200, 2=200, 3=200, 124=200, 125=200, 4=200, 126=200, 5=200, 127=200, 6=200, 7=200, 128=200, 8=200, 129=200, 9=200, 20=200, 21=200, 22=200, 23=200, 24=200, 25=200, 26=200, 27=200, 28=200, 29=200, 130=200, 131=200, 132=200, 133=200, 134=200, 135=200, 136=200, 137=200, 138=200, 139=200, 30=200, 31=200, 32=200, 33=200, 34=200, 35=200, 36=200, 37=200, 38=200, 39=200, 140=200, 141=200, 142=200, 143=200, 144=200, 145=200, 146=200, 147=200, 148=200, 149=200, 40=200, 41=200, 42=200, 43=200, 44=200, 45=200, 46=200, 47=200, 48=200, 49=200, 150=200, 151=200, 152=200, 153=200, 154=200, 155=200, 156=200, 157=200, 158=200, 159=200, 50=200, 51=200, 52=200, 53=200, 54=200, 55=200, 56=200, 57=200, 58=200, 59=200, 160=200, 161=200, 162=200, 163=200, 164=200, 165=200, 166=200, 167=200, 168=200, 169=200, 60=200, 61=200, 62=200, 63=200, 64=200, 65=200, 66=200, 67=200, 68=200, 69=200, 170=200, 171=200, 172=200, 173=200, 174=200, 175=200, 176=200, 177=200, 178=200, 179=200, 70=200, 71=200, 72=200, 73=200, 74=200, 75=200, 76=200, 77=200, 78=200, 79=200, 180=200, 181=200, 182=200, 183=200, 184=200, 185=200, 186=200, 187=200, 188=200, 189=200, 80=200, 81=200, 82=200, 83=200, 84=200, 85=200, 86=200, 87=200, 88=200, 89=200, 190=200, 191=200, 192=200, 193=200, 194=200, 195=200, 196=200, 197=200, 198=200, 199=200, 90=200, 91=200, 92=200, 93=200, 94=200, 95=200, 96=200, 97=200, 98=200, 99=200, 200=200, 100=200, 101=200, 102=200, 103=200, 104=200, 105=200, 106=200, 107=200, 108=200, 109=200}
Number of gene trees: 200
0 trees have missing taxa
Calculating quartet distance matrix (for completion of X)
Species tree distances calculated ...
Building set of clusters (X) from gene trees 
------------------------------
gradient0: 4053
Number of Clusters after addition by distance: 4053
calculating extra bipartitions to be added at level 1 ...
Adding to X using resolutions of greedy consensus ...
Limit for sigma of degrees:5075
polytomy size limit : 4
discarded polytomies:  [3, 3, 3, 3, 3, 3, 3, 3, 4, 4, 4, 4]
Threshold 0.0:
Threshold 0.01:
Threshold 0.02:
Threshold 0.05:
Threshold 0.1:
Threshold 0.2:
polytomy of size 4; rounds with additions with at least 5 support: 0; clusters: 4053
Threshold 0.3333333333333333:
polytomy of size 4; rounds with additions with at least 5 support: 0; clusters: 4053
polytomy of size 3; rounds with additions with at least 5 support: 0; clusters: 4053
polytomy of size 4; rounds with additions with at least 5 support: 0; clusters: 4053
polytomy of size 3; rounds with additions with at least 5 support: 0; clusters: 4053
polytomy of size 3; rounds with additions with at least 5 support: 0; clusters: 4053
polytomy of size 3; rounds with additions with at least 5 support: 0; clusters: 4053
polytomy of size 3; rounds with additions with at least 5 support: 0; clusters: 4053
polytomy of size 3; rounds with additions with at least 5 support: 0; clusters: 4053
polytomy of size 4; rounds with additions with at least 5 support: 0; clusters: 4053
polytomy of size 3; rounds with additions with at least 5 support: 0; clusters: 4053
polytomy of size 3; rounds with additions with at least 5 support: 0; clusters: 4053
max k is :0
Number of Clusters after addition by greedy: 4053
gradient0 in heuristiic: 4053
partitions formed in 5.386 secs
Dynamic Programming starting after 5.386 secs
Using tree-based weight calculation.
Using polytree-based weight calculation.
Polytree max score: 13199670000
Polytree building time: 0.331 seconds.
Number of quartet trees in the gene trees: 13199670000
Size of largest cluster: 201
Greedy score: 12494187924
estimationFactor: 1.0564648203061557
Sub-optimal score: 12625685428
Total Number of elements weighted: 5962
Normalized score (portion of input quartet trees satisfied before correcting for multiple individuals): 0.9575187177406708
Optimization score: 12638931093
Optimal tree inferred in 7.524 secs.
(166,((63,(118,(135,151))),((42,((125,(112,19)),((191,(103,5)),((143,66),(102,27))))),(((58,190),(117,(67,((155,(180,(39,145))),((133,111),(18,(192,75))))))),(((104,148),(16,172)),(((116,(17,187)),((124,176),(72,163))),(((((139,29),(81,(71,49))),(((38,(198,(105,123))),((193,34),((195,134),(60,140)))),(30,((130,((68,115),(159,186))),((57,(37,4)),(65,(101,(147,83)))))))),(((52,(106,179)),((108,121),((35,153),(113,((174,170),((144,41),(94,(169,(97,98))))))))),(((92,(196,2)),((32,160),((88,82),(119,(99,36))))),((200,(110,(31,8))),((11,(126,3)),(((86,156),(152,64)),((178,114),(15,((1,(128,43)),((26,78),(182,(173,9)))))))))))),(0,((189,((167,(137,12)),((132,(194,188)),((161,(154,(40,177))),((90,(95,(165,120))),((10,54),(50,(138,142)))))))),(85,((74,(((131,141),(199,(146,107))),((62,162),(53,(84,157))))),(((25,183),(79,(56,(149,47)))),(69,(((181,(184,(23,44))),(((168,73),(70,(96,80))),((28,122),(77,(164,(51,150)))))),((((61,175),(109,197)),(6,(48,((59,93),(24,136))))),((127,(21,171)),((13,20),((7,((87,76),(185,100))),(((129,89),(14,(46,33))),((22,55),(91,(158,45))))))))))))))))))))));
Final quartet score is: 12638931093
Final normalized quartet score is: 0.9575187177406708
Extended species tree:
(178,(114,((15,((1,(128,43)1:1.5656352897757073)1:2.4999445271525413,((26,78)1:0.37968099095244967,(182,(173,9)0.59:0.037949096250828714)1:1.356880475913597)1:2.455492764581707)1:2.3331308560017727)1:0.2476081974517876,(((86,156)1:1.7199974978956645,(152,64)1:3.288401887516811)1:4.810828422961286,((11,(126,3)1:1.2342781538212648)1:2.7049760631546196,((200,(110,(31,8)1:0.770949824047938)1:0.28271928310965183)1:4.610157727499152,(((92,(196,2)1:0.3017511304253449)1:1.5680021231363814,((32,160)1:1.8707986799576337,((88,82)1:3.51154543883102,(119,(99,36)1:0.8724881092157623)1:2.2587824703356527)1:2.9475211206108307)0.88:0.08895548210858795)1:3.3657813670659746,(((52,(106,179)1:1.806338315140881)1:2.3876153421786195,((108,121)1:4.897839799950916,((35,153)1:3.799227511282799,(113,((174,170)1:1.4426842839608809,((144,41)1:1.6894287972381923,(94,(169,(97,98)0.58:0.03747942892321277)1:0.20670150518454708)1:2.1562280859863105)0.96:0.11452342857934593)1:2.045208370037593)1:0.45044747811193725)1:0.9270907894026525)1:1.2570689241570057)1:4.006866876061046,((((139,29)1:3.510270741399023,(81,(71,49)1:1.8533173622274888)1:2.1252510777111304)1:2.2484837181350796,(((38,(198,(105,123)1:3.51154543883102)1:3.288401887516811)1:1.28400176465895,((193,34)1:3.106080330722857,((195,134)0.43:0.015037877364540559,(60,140)0.83:0.07755823434587437)1:4.897839799950916)1:2.781773541686159)1:1.5297048542140566,(30,((130,((68,115)1:2.5952547069568657,(159,186)1:3.51154543883102)1:2.412933150162912)1:0.4378789059255033,((57,(37,4)1:1.2104766463549392)1:0.585364228238145,(65,(101,(147,83)0.98:0.13601125847322829)1:0.18830959863857716)1:2.562464884133877)1:4.897839799950916)1:0.5687735820237869)1:0.7508949404759496)1:1.2634979978847451)1:1.7843760218589024,((0,((189,((167,(137,12)1:4.897839799950916)1:4.897839799950916,((132,(194,188)0.96:0.11871630683938185)1:4.897839799950916,((161,(154,(40,177)1:2.8183982582710745)1:3.106080330722857)1:1.6403571983039766,((90,(95,(165,120)1:0.8373097155222478)1:0.4606378218931353)1:1.4094458732586002,((10,54)1:2.024717242778644,(50,(138,142)0.49:0.022796702536616986)1:0.5540343780972276)1:1.6688073948733413)1:3.450920817014584)1:2.9882972950664715)1:1.615524959278557)0.58:0.0359657294023109)1:0.4354173232691051,(85,((74,(((131,141)0.99:0.14129245609449462,(199,(146,107)1:1.6006944002520662)1:1.9800690678666326)1:1.2879317834298558,((62,162)1:4.214949119558153,(53,(84,157)1:3.799227511282799)1:0.2478230757325406)1:0.4630274205752794)1:0.6419434424212423)1:4.897839799950916,(((25,183)1:4.897839799950916,(79,(56,(149,47)1:0.6074495461966049)1:1.1842677332466038)1:4.897839799950916)1:1.1508345953297794,(69,(((181,(184,(23,44)1:3.288401887516811)1:1.7829717681805264)1:0.5215111863916676,(((168,73)1:1.9711003978838728,(70,(96,80)1:2.4154615965162707)1:0.3602058209533073)1:1.529959345568949,((28,122)1:4.204692619390971,(77,(164,(51,150)1:0.8032427443554205)1:0.2109960619075232)1:3.5089846179693516)1:0.18426374011903357)1:2.5775098564058094)1:1.67205472111192,((((61,175)1:3.799227511282799,(109,197)1:3.288401887516811)1:0.8090662827782658,(6,(48,((59,93)1:1.3282356110655786,(24,136)1:1.0584966576633856)1:0.799337227580147)1:1.488682727850674)1:2.2306115933689585)1:3.1930917077124845,((127,(21,171)1:3.288401887516811)1:2.678191317354243,((13,20)1:2.8696915526586264,((7,((87,76)1:0.7389567165912395,(185,100)1:0.6929956654081405)1:3.1930917077124845)1:0.6179046870311632,(((129,89)1:1.2515199602557714,(14,(46,33)0.99:0.14438023388555282)1:0.42050298547270487)1:2.071414662903772,((22,55)1:0.16728140630176103,(91,(158,45)1:0.19745126573944022)1:1.0009304323328134)1:2.7577736364546412)1:0.9417608091861409)1:0.3893313588938526)1:2.120260482107533)1:0.7606159640012162)1:1.0678768133787166)0.95:0.11204435767795974)0.68:0.06184753955768298)1:1.6327596419677852)1:1.6998429815794864)0.91:0.10065241384095103)1:3.5257077526435197)1:4.204692619390971,(((116,(17,187)1:2.7051146677759212)1:0.7044043350845799,((124,176)1:4.204692619390971,(72,163)1:2.698924605136786)1:1.277953217323928)1:4.897839799950916,(((104,148)1:4.897839799950916,(16,172)1:3.106080330722857)1:2.539781940353066,(((58,190)1:4.897839799950916,(117,(67,((155,(180,(39,145)1:0.8202167579282981)1:0.8283792815005218)1:1.7335521653671115,((133,111)1:2.007468042054745,(18,(192,75)1:1.4016383765550906)1:0.9850008010054362)1:1.3355220357464674)1:3.576083959968592)1:1.9595136489327114)0.67:0.05147716247107677)1:0.6409328146384882,((42,((125,(112,19)1:1.5305439699644372)1:3.7992275112827913,((191,(103,5)1:0.6368685948332128)1:0.44403208823041523,((143,66)1:3.107773811229191,(102,27)1:1.658763298224105)1:2.1394460680586196)0.97:0.12505353125604932)1:2.4496257334105707)1:1.5972694100238916,((63,(118,(135,151)1:2.1897895988487015)1:3.511545438831014)1:0.6686502241552246,166)1:3.003333793642708)1:0.9516187128477824)1:0.3119855808512343)1:1.888266088580389)1:3.028371346395538)1:2.562464884133877)1:1.8625563390101112)0.52:0.02741389185115627)1:0.2596841622519756)1:2.95028163478671)1:0.3582795262992853)1:0.8452552135001079)1:3.457478217560744));
Weight calculation took 1.483147866 secs
ASTRAL finished in 10.139 secs
