
================== ASTRAL ===================== 

This is ASTRAL version 5.7.8
Gene trees are treated as unrooted
50 trees read from Dataset/AstralII_data/model.200.10000000.0.000001/26/estimatedgenetre.halfresolved_50
index0
All output trees will be *arbitrarily* rooted at 178

======== Running the main analysis
Number of taxa: 201 (201 species)
Taxa: [178, 114, 11, 126, 3, 152, 64, 86, 156, 110, 31, 200, 8, 38, 198, 105, 123, 195, 134, 60, 140, 193, 34, 139, 29, 81, 71, 49, 0, 189, 132, 194, 188, 85, 74, 62, 162, 131, 199, 146, 107, 141, 84, 157, 53, 25, 183, 56, 149, 79, 47, 22, 129, 14, 89, 46, 33, 13, 20, 55, 158, 45, 91, 7, 87, 185, 100, 76, 21, 171, 127, 109, 197, 61, 175, 6, 24, 136, 48, 59, 93, 69, 181, 184, 23, 44, 51, 77, 164, 150, 28, 122, 96, 80, 70, 168, 73, 95, 90, 165, 120, 50, 10, 54, 138, 142, 161, 154, 40, 177, 167, 137, 12, 116, 17, 187, 124, 176, 72, 163, 104, 148, 16, 172, 67, 155, 39, 180, 145, 133, 111, 18, 192, 75, 166, 63, 118, 135, 151, 125, 112, 19, 103, 5, 102, 27, 143, 66, 191, 42, 58, 190, 117, 37, 4, 57, 147, 65, 83, 101, 30, 130, 159, 186, 68, 115, 196, 92, 2, 88, 82, 99, 36, 119, 32, 160, 52, 106, 179, 108, 121, 144, 41, 94, 169, 97, 98, 35, 153, 113, 174, 170, 15, 1, 128, 43, 26, 78, 173, 182, 9]
Taxon occupancy: {110=50, 111=50, 112=50, 113=50, 114=50, 115=50, 116=50, 117=50, 118=50, 119=50, 10=50, 11=50, 12=50, 13=50, 14=50, 15=50, 16=50, 17=50, 18=50, 19=50, 120=50, 0=50, 121=50, 122=50, 1=50, 123=50, 2=50, 3=50, 124=50, 125=50, 4=50, 126=50, 5=50, 127=50, 6=50, 7=50, 128=50, 8=50, 129=50, 9=50, 20=50, 21=50, 22=50, 23=50, 24=50, 25=50, 26=50, 27=50, 28=50, 29=50, 130=50, 131=50, 132=50, 133=50, 134=50, 135=50, 136=50, 137=50, 138=50, 139=50, 30=50, 31=50, 32=50, 33=50, 34=50, 35=50, 36=50, 37=50, 38=50, 39=50, 140=50, 141=50, 142=50, 143=50, 144=50, 145=50, 146=50, 147=50, 148=50, 149=50, 40=50, 41=50, 42=50, 43=50, 44=50, 45=50, 46=50, 47=50, 48=50, 49=50, 150=50, 151=50, 152=50, 153=50, 154=50, 155=50, 156=50, 157=50, 158=50, 159=50, 50=50, 51=50, 52=50, 53=50, 54=50, 55=50, 56=50, 57=50, 58=50, 59=50, 160=50, 161=50, 162=50, 163=50, 164=50, 165=50, 166=50, 167=50, 168=50, 169=50, 60=50, 61=50, 62=50, 63=50, 64=50, 65=50, 66=50, 67=50, 68=50, 69=50, 170=50, 171=50, 172=50, 173=50, 174=50, 175=50, 176=50, 177=50, 178=50, 179=50, 70=50, 71=50, 72=50, 73=50, 74=50, 75=50, 76=50, 77=50, 78=50, 79=50, 180=50, 181=50, 182=50, 183=50, 184=50, 185=50, 186=50, 187=50, 188=50, 189=50, 80=50, 81=50, 82=50, 83=50, 84=50, 85=50, 86=50, 87=50, 88=50, 89=50, 190=50, 191=50, 192=50, 193=50, 194=50, 195=50, 196=50, 197=50, 198=50, 199=50, 90=50, 91=50, 92=50, 93=50, 94=50, 95=50, 96=50, 97=50, 98=50, 99=50, 200=50, 100=50, 101=50, 102=50, 103=50, 104=50, 105=50, 106=50, 107=50, 108=50, 109=50}
Number of gene trees: 50
0 trees have missing taxa
Calculating quartet distance matrix (for completion of X)
Species tree distances calculated ...
Building set of clusters (X) from gene trees 
------------------------------
gradient0: 2441
Number of Clusters after addition by distance: 2441
calculating extra bipartitions to be added at level 1 ...
Adding to X using resolutions of greedy consensus ...
Limit for sigma of degrees:5075
polytomy size limit : 5
discarded polytomies:  [3, 3, 3, 3, 4, 4, 4, 5]
Threshold 0.0:
Threshold 0.01:
Threshold 0.02:
Threshold 0.05:
Threshold 0.1:
Threshold 0.2:
polytomy of size 3; rounds with additions with at least 5 support: 0; clusters: 2441
Threshold 0.3333333333333333:
polytomy of size 4; rounds with additions with at least 5 support: 0; clusters: 2441
polytomy of size 3; rounds with additions with at least 5 support: 0; clusters: 2441
polytomy of size 4; rounds with additions with at least 5 support: 0; clusters: 2441
polytomy of size 5; rounds with additions with at least 5 support: 0; clusters: 2441
polytomy of size 3; rounds with additions with at least 5 support: 0; clusters: 2441
polytomy of size 4; rounds with additions with at least 5 support: 0; clusters: 2441
polytomy of size 3; rounds with additions with at least 5 support: 0; clusters: 2441
max k is :0
Number of Clusters after addition by greedy: 2441
gradient0 in heuristiic: 2441
partitions formed in 4.888 secs
Dynamic Programming starting after 4.888 secs
Using tree-based weight calculation.
Using polytree-based weight calculation.
Polytree max score: 3299917500
Polytree building time: 0.301 seconds.
Number of quartet trees in the gene trees: 3299917500
Size of largest cluster: 201
Greedy score: 3123232418
estimationFactor: 1.0565712244089547
Sub-optimal score: 3137482683
Total Number of elements weighted: 2915
Normalized score (portion of input quartet trees satisfied before correcting for multiple individuals): 0.9553388271070413
Optimization score: 3152539314
Optimal tree inferred in 6.914 secs.
(58,(190,((117,(67,((155,(180,(39,145))),((133,111),(18,(192,75)))))),(((166,(63,(118,(135,151)))),(42,((125,(112,19)),((191,(103,5)),((143,66),(102,27)))))),(((104,148),(16,172)),(((116,(17,187)),((72,163),(124,176))),(((((139,29),(81,(71,49))),(((38,(198,(105,123))),((193,34),(134,(195,(60,140))))),(30,((130,((68,115),(159,186))),((57,(37,4)),(65,(101,(147,83)))))))),(((200,(110,(31,8))),((11,(126,3)),(((86,156),(152,64)),((178,114),(15,((1,(128,43)),((26,78),(182,(173,9))))))))),(((92,(196,2)),((32,160),((88,82),(119,(99,36))))),((52,(106,179)),((108,121),((35,153),(113,((174,170),((144,41),(94,(169,(97,98)))))))))))),(0,((189,((167,(137,12)),((132,(194,188)),((161,(154,(40,177))),((90,(95,(165,120))),((10,54),(50,(138,142)))))))),(85,((74,(((131,141),(199,(146,107))),((62,162),(53,(84,157))))),(((25,183),(79,(56,(149,47)))),(((181,(184,(23,44))),(((168,73),(70,(96,80))),((28,122),(77,(164,(51,150)))))),(69,((((61,175),(109,197)),(6,(48,((59,93),(24,136))))),((127,(21,171)),((13,20),((7,((87,76),(185,100))),(((129,89),(14,(46,33))),((22,55),(91,(158,45))))))))))))))))))))));
Final quartet score is: 3152539314
Final normalized quartet score is: 0.9553388271070413
Extended species tree:
(178,(114,((15,((1,(128,43)1:1.4469189829363254)1:2.14006616349627,((26,78)1:0.39086630868701183,(182,(173,9)0.55:0.060624621816434854)1:1.3573068242466386)1:2.14006616349627)1:1.919634619685535)0.89:0.18489452347837632,(((86,156)1:1.2242831747150247,(152,64)1:2.4277482359480516)1:3.4393491476265274,((11,(126,3)1:1.0414538748281608)1:2.344376341688853,((200,(110,(31,8)1:0.39086630868701183)1:0.36936010346604814)1:3.238678452164384,((((92,(196,2)0.91:0.19397565552622933)1:1.7227665977411044,((32,160)1:1.5811870238446206,((88,82)1:3.5263605246161593,(119,(99,36)1:0.9614111671546247)1:2.022283127839887)1:2.4277482359480516)0.66:0.09237332013101504)1:2.9873640238834747,((52,(106,179)1:1.5804503755608483)1:1.9169226121820613,((108,121)1:3.5263605246161593,((35,153)1:2.8332133440562166,(113,((174,170)1:1.8216124323777345,((144,41)1:1.5819166514833758,(94,(169,(97,98)0.44:0.029240968026540616)0.71:0.10863384100279554)1:2.057659388527855)0.44:0.029852963149681274)1:1.7354694879220596)1:0.48780825387924215)1:1.0950724619629857)1:1.2766648955424884)1:2.8332133440562166)0.39:0.011453001536460873,((((139,29)1:2.8306655719774185,(81,(71,49)1:1.9169226121820613)1:2.14006616349627)1:1.9140282541556972,(((38,(198,(105,123)1:2.8332133440562166)1:3.5263605246161593)1:1.0053199902132728,((193,34)1:2.8332133440562166,(134,(195,(60,140)0.45:0.029852963149681274)0.45:0.029852963149681274)1:3.5263605246161593)1:2.4325590914982933)1:1.0469186981831842,(30,((130,((68,115)1:2.14006616349627,(159,186)1:2.4277482359480516)1:1.9169226121820613)0.99:0.30769636235855086,((57,(37,4)1:1.0448265593068005)1:0.5306282510621702,(65,(101,(147,83)0.54:0.06078246255545715)0.98:0.2876820724517809)1:3.4210000089583317)1:3.5263605246161593)1:0.6596712513635558)1:0.7322729433852849)1:1.53475085893969)1:2.1079778489447705,((0,((189,((167,(137,12)1:3.5263605246161593)1:3.5263605246161593,((132,(194,188)0.79:0.1590646946296874)1:3.5263605246161593,((161,(154,(40,177)1:2.4277482359480516)1:3.5263605246161593)1:1.4469189829363254,((90,(95,(165,120)1:0.5306282510621702)1:0.4818380868927383)1:1.2105302048720952,((10,54)1:1.5804503755608483,(50,(138,142)0.45:0.030159101220341003)1:0.5182057310636131)1:1.2927683031090678)1:2.8332133440562166)1:2.8332133440562166)1:1.49330818556822)0.43:0.023885536673816665)0.99:0.3389278420330709,(85,((74,(((131,141)0.97:0.267871598910618,(199,(146,107)1:1.5754125815308906)1:1.7346010553881062)1:1.2266941721699776,((62,162)1:3.5263605246161593,(53,(84,157)1:2.8332133440562166)1:0.3451229921202912)0.99:0.3426218944583888)1:0.5631514427677303)1:3.5263605246161593,(((25,183)1:3.5263605246161593,(79,(56,(149,47)1:0.5306282510621702)1:1.084013489246957)1:3.5263605246161593)1:1.4361080668321093,(((181,(184,(23,44)1:3.5263605246161593)1:1.3353594468580248)1:0.9873866535578848,(((168,73)1:1.9859154836690112,(70,(96,80)1:2.8382766460127633)0.98:0.2876820724517809)1:1.91692261218206,((28,122)1:3.5263605246161593,(77,(164,(51,150)1:0.8869425096949185)0.85:0.1590646946296874)1:3.5161563544419177)0.61:0.09884583463663248)1:3.238678452164384)1:1.7529261067832944,(69,((((61,175)1:3.5263605246161593,(109,197)1:2.14006616349627)1:1.1749852674526835,(6,(48,((59,93)1:1.8216124323777365,(24,136)1:0.7855205006909604)1:0.6085897925318822)1:1.3291359472799418)1:3.5263605246161593)1:3.5263605246161593,((127,(21,171)1:2.8332133440562166)1:2.5210130601053065,((13,20)1:2.5455312716044323,((7,((87,76)1:0.8522118751896327,(185,100)1:1.000631880307906)1:2.4277482359480516)1:0.47775019157307114,(((129,89)1:0.7331525151736449,(14,(46,33)0.75:0.1253315072948364)0.92:0.20312468442371776)1:2.3169053935449395,((22,55)0.99:0.3209077200801012,(91,(158,45)0.91:0.19415601444095737)1:0.8351174418303327)1:2.7531706363826807)1:0.6484314482121178)1:0.44170204186776907)1:2.160124808829305)1:0.6384060370207364)1:1.066218793954156)0.48:0.046819368690315714)0.76:0.12403783118475328)1:1.306054938583912)1:1.7609607877134799)0.76:0.13017568477755007)1:3.4955888659494057)1:3.5263605246161593,(((116,(17,187)1:2.8332133440562166)1:0.8522118751896327,((72,163)1:2.4277482359480516,(124,176)1:3.5263605246161593)1:1.2927683031090678)1:3.5263605246161593,(((104,148)1:3.5263605246161593,(16,172)1:2.8332133440562166)1:2.010854432016264,(((166,(63,(118,(135,151)1:1.9169226121820613)1:2.8332133440562166)1:0.84078317936601)1:2.8291674855366757,(42,((125,(112,19)1:1.2237754316221159)1:3.5263605246161593,((191,(103,5)1:0.6362693897048607)0.94:0.2140506931018635,((143,66)1:2.4311380697025626,(102,27)1:1.3851006874478669)1:2.4431875441476554)0.89:0.18526706702371137)1:2.336776457742325)1:1.5773663330238874)1:0.975381727889158,((117,(67,((155,(180,(39,145)1:0.7537718023763802)1:0.7838843746715302)1:1.852384091044489,((133,111)1:1.9859154836690112,(18,(192,75)1:1.5804503755608483)1:1.2237754316221159)1:1.120918046182408)1:3.5263605246161593)1:1.9169226121820613)0.61:0.08019655763883243,(190,58)1:3.5263605246161593)1:0.633217768047798)0.98:0.2730832730306283)1:1.8342308963369478)1:2.8332133440562166)1:2.4277482359480516)1:1.2836177047079882)0.98:0.2900360074953196)1:2.0752658051326773)0.98:0.28680255778329705)1:0.8066304916377497)1:2.8903717578961663));
Weight calculation took 1.155746437 secs
ASTRAL finished in 8.939 secs
