
================== ASTRAL ===================== 

This is ASTRAL version 5.7.8
Gene trees are treated as unrooted
1000 trees read from Dataset/AstralII_data/model.200.10000000.0.000001/31/estimatedgenetre.halfresolved
index0
All output trees will be *arbitrarily* rooted at 127

======== Running the main analysis
Number of taxa: 201 (201 species)
Taxa: [127, 110, 126, 59, 41, 146, 182, 103, 32, 181, 156, 116, 81, 3, 40, 155, 47, 100, 185, 136, 102, 118, 197, 66, 196, 21, 174, 112, 71, 168, 76, 82, 46, 64, 75, 151, 52, 77, 140, 36, 129, 9, 96, 165, 153, 111, 172, 56, 27, 183, 7, 24, 109, 85, 38, 87, 53, 192, 20, 65, 199, 43, 115, 139, 2, 125, 80, 89, 10, 194, 157, 16, 78, 93, 190, 159, 23, 132, 37, 45, 6, 73, 107, 147, 113, 166, 134, 193, 178, 58, 175, 130, 117, 12, 108, 138, 51, 63, 30, 200, 144, 22, 143, 90, 17, 177, 42, 68, 61, 167, 62, 15, 162, 74, 50, 189, 88, 133, 84, 57, 44, 119, 1, 67, 114, 72, 31, 135, 169, 33, 145, 26, 99, 94, 124, 55, 13, 29, 149, 86, 60, 35, 186, 4, 11, 179, 128, 171, 160, 106, 141, 188, 83, 0, 101, 173, 48, 137, 198, 69, 92, 150, 191, 163, 154, 131, 34, 164, 25, 122, 104, 184, 14, 142, 18, 95, 148, 161, 19, 105, 39, 5, 180, 176, 120, 121, 54, 170, 70, 49, 79, 123, 28, 98, 8, 152, 97, 187, 91, 195, 158]
Taxon occupancy: {110=1000, 111=1000, 112=1000, 113=1000, 114=1000, 115=1000, 116=1000, 117=1000, 118=1000, 119=1000, 10=1000, 11=1000, 12=1000, 13=1000, 14=1000, 15=1000, 16=1000, 17=1000, 18=1000, 19=1000, 120=1000, 0=1000, 121=1000, 1=1000, 122=1000, 2=1000, 123=1000, 3=1000, 124=1000, 125=1000, 4=1000, 126=1000, 5=1000, 127=1000, 6=1000, 7=1000, 128=1000, 129=1000, 8=1000, 9=1000, 20=1000, 21=1000, 22=1000, 23=1000, 24=1000, 25=1000, 26=1000, 27=1000, 28=1000, 29=1000, 130=1000, 131=1000, 132=1000, 133=1000, 134=1000, 135=1000, 136=1000, 137=1000, 138=1000, 139=1000, 30=1000, 31=1000, 32=1000, 33=1000, 34=1000, 35=1000, 36=1000, 37=1000, 38=1000, 39=1000, 140=1000, 141=1000, 142=1000, 143=1000, 144=1000, 145=1000, 146=1000, 147=1000, 148=1000, 149=1000, 40=1000, 41=1000, 42=1000, 43=1000, 44=1000, 45=1000, 46=1000, 47=1000, 48=1000, 49=1000, 150=1000, 151=1000, 152=1000, 153=1000, 154=1000, 155=1000, 156=1000, 157=1000, 158=1000, 159=1000, 50=1000, 51=1000, 52=1000, 53=1000, 54=1000, 55=1000, 56=1000, 57=1000, 58=1000, 59=1000, 160=1000, 161=1000, 162=1000, 163=1000, 164=1000, 165=1000, 166=1000, 167=1000, 168=1000, 169=1000, 60=1000, 61=1000, 62=1000, 63=1000, 64=1000, 65=1000, 66=1000, 67=1000, 68=1000, 69=1000, 170=1000, 171=1000, 172=1000, 173=1000, 174=1000, 175=1000, 176=1000, 177=1000, 178=1000, 179=1000, 70=1000, 71=1000, 72=1000, 73=1000, 74=1000, 75=1000, 76=1000, 77=1000, 78=1000, 79=1000, 180=1000, 181=1000, 182=1000, 183=1000, 184=1000, 185=1000, 186=1000, 187=1000, 188=1000, 189=1000, 80=1000, 81=1000, 82=1000, 83=1000, 84=1000, 85=1000, 86=1000, 87=1000, 88=1000, 89=1000, 190=1000, 191=1000, 192=1000, 193=1000, 194=1000, 195=1000, 196=1000, 197=1000, 198=1000, 199=1000, 90=1000, 91=1000, 92=1000, 93=1000, 94=1000, 95=1000, 96=1000, 97=1000, 98=1000, 99=1000, 200=1000, 100=1000, 101=1000, 102=1000, 103=1000, 104=1000, 105=1000, 106=1000, 107=1000, 108=1000, 109=1000}
Number of gene trees: 1000
0 trees have missing taxa
Calculating quartet distance matrix (for completion of X)
Species tree distances calculated ...
Building set of clusters (X) from gene trees 
------------------------------
gradient0: 12883
Number of Clusters after addition by distance: 12883
calculating extra bipartitions to be added at level 1 ...
Adding to X using resolutions of greedy consensus ...
Limit for sigma of degrees:5075
polytomy size limit : 5
discarded polytomies:  [3, 3, 3, 3, 3, 3, 3, 3, 4, 4, 4, 5, 5, 5]
Threshold 0.0:
Threshold 0.01:
Threshold 0.02:
Threshold 0.05:
Threshold 0.1:
polytomy of size 3; rounds with additions with at least 5 support: 0; clusters: 12883
Threshold 0.2:
polytomy of size 3; rounds with additions with at least 5 support: 0; clusters: 12883
polytomy of size 3; rounds with additions with at least 5 support: 0; clusters: 12883
polytomy of size 4; rounds with additions with at least 5 support: 0; clusters: 12883
Threshold 0.3333333333333333:
polytomy of size 3; rounds with additions with at least 5 support: 0; clusters: 12883
polytomy of size 5; rounds with additions with at least 5 support: 0; clusters: 12883
polytomy of size 3; rounds with additions with at least 5 support: 0; clusters: 12883
polytomy of size 3; rounds with additions with at least 5 support: 0; clusters: 12883
polytomy of size 3; rounds with additions with at least 5 support: 0; clusters: 12883
polytomy of size 4; rounds with additions with at least 5 support: 0; clusters: 12883
polytomy of size 5; rounds with additions with at least 5 support: 0; clusters: 12883
polytomy of size 3; rounds with additions with at least 5 support: 0; clusters: 12883
polytomy of size 5; rounds with additions with at least 5 support: 0; clusters: 12883
polytomy of size 4; rounds with additions with at least 5 support: 0; clusters: 12883
max k is :0
Number of Clusters after addition by greedy: 12883
gradient0 in heuristiic: 12883
partitions formed in 21.614 secs
Dynamic Programming starting after 21.614 secs
Using tree-based weight calculation.
Using polytree-based weight calculation.
Polytree max score: 65998304202
Polytree building time: 2.794 seconds.
Number of quartet trees in the gene trees: 65998304202
Size of largest cluster: 201
Greedy score: 60503139861
estimationFactor: 1.0908244490058632
Sub-optimal score: 61199354067
Total Number of elements weighted: 46974
Normalized score (portion of input quartet trees satisfied before correcting for multiple individuals): 0.9406170699628184
Optimization score: 62079131521
Optimal tree inferred in 63.084 secs.
(34,(154,((131,164),(163,((150,191),((92,(25,122)),((14,(142,(18,95))),(((104,184),(137,(198,69))),(((105,39),((161,19),(148,5))),((66,196),((110,((127,126),(41,(59,146)))),((180,((182,158),((136,102),(197,(185,118))))),(((152,(97,(187,(91,195)))),((70,((49,79),(123,(28,(98,8))))),((120,(121,(176,(54,170)))),((103,(32,181)),((40,(47,(155,100))),((81,3),(156,116))))))),(0,((((72,(31,135)),((169,(33,(145,26))),((((99,94),(86,60)),((186,(35,4)),(29,(55,13)))),(149,(124,((11,179),(128,(188,(141,(171,(160,106))))))))))),(((138,51),(63,30)),((114,((144,22),(200,(143,90)))),(((68,61),(167,(62,15))),((17,(177,42)),((1,67),((162,(74,50)),(189,((84,57),((133,44),(88,119))))))))))),((83,(101,(173,48))),((12,108),(((27,(56,183)),(46,((64,(75,(21,(174,((112,76),(71,(168,82))))))),((172,(151,52)),(111,((77,140),((129,(9,96)),(36,(165,153))))))))),(((6,(130,117)),(((58,175),(134,(193,178))),(73,(107,(147,(113,166)))))),(((24,(7,(109,85))),(139,((38,(20,65)),(192,((87,53),(199,(43,115))))))),((2,(125,80)),((93,(89,(194,(10,157)))),((16,(23,132)),((190,159),(78,(37,45))))))))))))))))))))))))));
Final quartet score is: 62079131521
Final normalized quartet score is: 0.9406170699628184
Extended species tree:
(127,(126,((41,(59,146)1:0.9313560159099514)1:1.5982416758515796,(110,(((180,((182,158)1:1.648380179954772,((136,102)1:4.767488855627058,(197,(185,118)1:0.6704965627307056)1:2.6012139354122716)1:2.4642707582461667)1:0.811590266397114)1:0.22068040499472427,(((152,(97,(187,(91,195)1:0.35925226495303286)1:5.519292851403706)1:0.28551312822313857)1:0.6236965906900708,((70,((49,79)1:4.281441971569236,(123,(28,(98,8)1:1.793759469894722)1:1.3356795526062315)1:3.027190981371786)1:2.645875270684262)1:0.11176453639653974,((120,(121,(176,(54,170)1:1.5635972004668308)1:0.3060911266803763)1:0.9037471510554781)1:2.946524572770852,((103,(32,181)1:1.3392254584119516)1:3.875574618195732,((40,(47,(155,100)0.61:0.02450189768915412)1:3.2641095035772554)1:0.38952355210662154,((81,3)1:0.9839998762799615,(156,116)1:0.6553763351541904)1:2.6349217865562076)1:2.743927228312428)1:3.0522601973285974)1:0.27482918017807684)0.89:0.049176193032543156)1:0.5948082198155935,(0,((((72,(31,135)1:0.4371698630627992)1:5.582411775326017,((169,(33,(145,26)1:1.1314877212161145)1:0.977917630042755)1:5.802637764993114,((((99,94)1:2.9476515865137567,(86,60)1:3.941860755480357)1:0.8202428069334521,((186,(35,4)1:1.2817432638618629)1:3.281341647301884,(29,(55,13)1:1.7160504855674057)1:1.1947046847211071)1:0.2380340802506856)1:0.41338256042508864,(149,(124,((11,179)1:3.8620142260797774,(128,(188,(141,(171,(160,106)1:0.1895631242571739)0.76:0.028399631200717035)1:0.21882204131306607)1:0.3758294793354021)1:2.514603116595903)1:0.16228298007799272)1:1.0881670592747006)1:0.3783231594704732)1:4.003610378652708)0.54:0.021909706285356885)1:3.621467733567468,(((138,51)1:2.682402827811572,(63,30)1:2.8054404140435616)1:5.951221088907044,((114,((144,22)1:2.8741078664704034,(200,(143,90)1:0.49935272381319556)1:0.9878468256703729)1:3.4920374321488787)1:2.202279432372933,(((68,61)1:2.6177176938958047,(167,(62,15)1:1.2926936305724548)1:1.3363776789795108)1:3.3726273519240944,((17,(177,42)0.85:0.03749627221533351)1:5.0093189297282175,((1,67)1:2.443302885861303,((162,(74,50)1:1.9602857113636387)1:0.4584536335150789,(189,((84,57)1:1.1457220386016558,((133,44)1:0.07953754931660807,(88,119)1:0.2221758106390351)1:0.6781011259798208)1:0.515815361861464)1:0.4958620627309392)1:4.591165653912879)1:0.3545273279089068)1:0.10222177225621606)1:4.6239942712337285)1:1.2592967606574044)1:0.15731775498089962)1:2.291900056827649,((83,(101,(173,48)1:0.997937604977106)1:4.18159891913342)1:3.105914106577346,((12,108)1:5.772684928112208,(((27,(56,183)0.57:0.017298273302586136)1:5.116995310087171,(46,((64,(75,(21,(174,((112,76)1:0.5112935834278999,(71,(168,82)1:0.12354037387328326)1:0.2582676688630926)1:0.15063567178618775)1:1.2245470717977516)1:1.5826929508436947)1:0.33039682328233455)1:2.9253417778004,((172,(151,52)1:1.4043475432915307)1:0.10837753089567964,(111,((77,140)1:1.7390246772063342,((129,(9,96)1:0.9427051700056011)1:0.9687117399419736,(36,(165,153)1:0.166958359217445)1:0.6696567154758603)1:0.4070787866473809)1:0.6909512708246616)1:1.7416792892572943)1:2.0689517419651606)1:2.0307237560998934)1:2.0702142931496814)1:2.2812912721543053,(((6,(130,117)1:2.2684514771061646)1:2.9239461041614296,(((58,175)1:2.6467218490671267,(134,(193,178)1:2.0603413703064173)1:1.8850169243917532)1:1.0881181470476824,(73,(107,(147,(113,166)1:1.251016243160426)1:1.3274984875180371)1:1.2903153153334073)1:1.1991242546398317)1:0.5603853147144512)1:6.5032896712070904,(((24,(7,(109,85)1:1.156206190802844)1:1.6591025847484646)1:4.0349937784602625,(139,((38,(20,65)1:3.246164856126677)1:2.621278522022815,(192,((87,53)1:2.312784950378924,(199,(43,115)1:0.4119797891293579)1:5.250526702711674)0.79:0.03634506491602908)1:0.11507613194887063)1:0.5077207024616254)1:1.3017099734293243)1:2.806332549354785,((2,(125,80)1:1.9494127796065153)1:3.505127918795784,((93,(89,(194,(10,157)1:0.7830606931921156)1:1.7709726437331408)1:2.441762332032156)1:0.5944725481196929,((16,(23,132)1:2.108840516534617)1:1.9642592877235083,((190,159)1:2.7392853908765606,(78,(37,45)1:2.0255511926867267)1:0.4307037205621769)1:0.6100214452313583)1:0.594173501972853)1:0.9222143289404001)1:3.9239066636654174)1:1.147319331347553)1:2.622534612989983)1:1.174943773960475)1:1.0810679826635958)0.99:0.07037299511485523)1:1.5011764412407393)1:2.913571443783784)1:0.6610779445716174)1:0.16370116370977245,((66,196)1:1.7963100949361075,(((105,39)1:4.114879802392062,((161,19)1:4.150947996959423,(148,5)0.96:0.050296391851907804)1:0.9907504851822427)1:1.1450740935330546,(((104,184)1:3.7277291785781186,(137,(198,69)1:0.3377763287922261)1:1.4378892254441695)1:0.34073943269882595,((14,(142,(18,95)1:1.6279381460009725)1:1.4659416034573973)1:0.746058235601374,((92,(25,122)1:1.3097998535024513)1:1.749686584612179,((150,191)1:0.39916684252537965,(163,((131,164)1:0.36137232631722693,(154,34)1:0.23744540704937042)1:0.541479243383143)1:0.7888298665776045)1:1.7289880859137863)1:0.8982914244197194)1:0.10971908541893206)1:1.9128066312660181)1:2.633839957663087)1:0.7557702799437249)1:5.565710401989071)1:0.6967500667631433)1:0.2577666070801254));
Weight calculation took 36.324220607 secs
ASTRAL finished in 72.721 secs
