
================== ASTRAL ===================== 

This is ASTRAL version 5.7.8
Gene trees are treated as unrooted
200 trees read from Dataset/AstralII_data/model.200.10000000.0.000001/31/estimatedgenetre.halfresolved_200
index0
All output trees will be *arbitrarily* rooted at 127

======== Running the main analysis
Number of taxa: 201 (201 species)
Taxa: [127, 110, 126, 59, 41, 146, 182, 103, 32, 181, 156, 116, 81, 3, 40, 155, 47, 100, 185, 136, 102, 118, 197, 66, 196, 21, 174, 112, 71, 168, 76, 82, 46, 64, 75, 151, 52, 77, 140, 36, 129, 9, 96, 165, 153, 111, 172, 56, 27, 183, 7, 24, 109, 85, 38, 87, 53, 192, 20, 65, 199, 43, 115, 139, 2, 125, 80, 89, 10, 194, 157, 16, 78, 93, 190, 159, 23, 132, 37, 45, 6, 73, 107, 147, 113, 166, 134, 193, 178, 58, 175, 130, 117, 12, 108, 138, 51, 63, 30, 200, 144, 22, 143, 90, 17, 177, 42, 68, 61, 167, 62, 15, 162, 74, 50, 189, 88, 133, 84, 57, 44, 119, 1, 67, 114, 72, 31, 135, 169, 33, 145, 26, 99, 94, 124, 55, 13, 29, 149, 86, 60, 35, 186, 4, 11, 179, 128, 171, 160, 106, 141, 188, 83, 0, 101, 173, 48, 137, 198, 69, 92, 150, 191, 163, 154, 131, 34, 164, 25, 122, 104, 184, 14, 142, 18, 95, 148, 161, 19, 105, 39, 5, 180, 176, 120, 121, 54, 170, 70, 49, 79, 123, 28, 98, 8, 152, 97, 187, 91, 195, 158]
Taxon occupancy: {110=200, 111=200, 112=200, 113=200, 114=200, 115=200, 116=200, 117=200, 118=200, 119=200, 10=200, 11=200, 12=200, 13=200, 14=200, 15=200, 16=200, 17=200, 18=200, 19=200, 120=200, 0=200, 121=200, 1=200, 122=200, 2=200, 123=200, 3=200, 124=200, 125=200, 4=200, 126=200, 5=200, 127=200, 6=200, 7=200, 128=200, 129=200, 8=200, 9=200, 20=200, 21=200, 22=200, 23=200, 24=200, 25=200, 26=200, 27=200, 28=200, 29=200, 130=200, 131=200, 132=200, 133=200, 134=200, 135=200, 136=200, 137=200, 138=200, 139=200, 30=200, 31=200, 32=200, 33=200, 34=200, 35=200, 36=200, 37=200, 38=200, 39=200, 140=200, 141=200, 142=200, 143=200, 144=200, 145=200, 146=200, 147=200, 148=200, 149=200, 40=200, 41=200, 42=200, 43=200, 44=200, 45=200, 46=200, 47=200, 48=200, 49=200, 150=200, 151=200, 152=200, 153=200, 154=200, 155=200, 156=200, 157=200, 158=200, 159=200, 50=200, 51=200, 52=200, 53=200, 54=200, 55=200, 56=200, 57=200, 58=200, 59=200, 160=200, 161=200, 162=200, 163=200, 164=200, 165=200, 166=200, 167=200, 168=200, 169=200, 60=200, 61=200, 62=200, 63=200, 64=200, 65=200, 66=200, 67=200, 68=200, 69=200, 170=200, 171=200, 172=200, 173=200, 174=200, 175=200, 176=200, 177=200, 178=200, 179=200, 70=200, 71=200, 72=200, 73=200, 74=200, 75=200, 76=200, 77=200, 78=200, 79=200, 180=200, 181=200, 182=200, 183=200, 184=200, 185=200, 186=200, 187=200, 188=200, 189=200, 80=200, 81=200, 82=200, 83=200, 84=200, 85=200, 86=200, 87=200, 88=200, 89=200, 190=200, 191=200, 192=200, 193=200, 194=200, 195=200, 196=200, 197=200, 198=200, 199=200, 90=200, 91=200, 92=200, 93=200, 94=200, 95=200, 96=200, 97=200, 98=200, 99=200, 200=200, 100=200, 101=200, 102=200, 103=200, 104=200, 105=200, 106=200, 107=200, 108=200, 109=200}
Number of gene trees: 200
0 trees have missing taxa
Calculating quartet distance matrix (for completion of X)
Species tree distances calculated ...
Building set of clusters (X) from gene trees 
------------------------------
gradient0: 5893
Number of Clusters after addition by distance: 5893
calculating extra bipartitions to be added at level 1 ...
Adding to X using resolutions of greedy consensus ...
Limit for sigma of degrees:5075
polytomy size limit : 6
discarded polytomies:  [3, 3, 3, 3, 3, 3, 3, 3, 3, 4, 4, 4, 4, 4, 5, 6]
Threshold 0.0:
Threshold 0.01:
Threshold 0.02:
Threshold 0.05:
Threshold 0.1:
polytomy of size 3; rounds with additions with at least 5 support: 0; clusters: 5893
Threshold 0.2:
polytomy of size 3; rounds with additions with at least 5 support: 0; clusters: 5893
polytomy of size 3; rounds with additions with at least 5 support: 0; clusters: 5893
polytomy of size 4; rounds with additions with at least 5 support: 0; clusters: 5893
polytomy of size 3; rounds with additions with at least 5 support: 0; clusters: 5893
Threshold 0.3333333333333333:
polytomy of size 4; rounds with additions with at least 5 support: 0; clusters: 5893
polytomy of size 6; rounds with additions with at least 5 support: 0; clusters: 5893
polytomy of size 3; rounds with additions with at least 5 support: 0; clusters: 5893
polytomy of size 3; rounds with additions with at least 5 support: 0; clusters: 5893
polytomy of size 3; rounds with additions with at least 5 support: 0; clusters: 5893
polytomy of size 4; rounds with additions with at least 5 support: 0; clusters: 5893
polytomy of size 4; rounds with additions with at least 5 support: 0; clusters: 5893
polytomy of size 3; rounds with additions with at least 5 support: 0; clusters: 5893
polytomy of size 3; rounds with additions with at least 5 support: 0; clusters: 5893
polytomy of size 5; rounds with additions with at least 5 support: 0; clusters: 5893
polytomy of size 4; rounds with additions with at least 5 support: 0; clusters: 5893
max k is :0
Number of Clusters after addition by greedy: 5893
gradient0 in heuristiic: 5893
partitions formed in 5.673 secs
Dynamic Programming starting after 5.673 secs
Using tree-based weight calculation.
Using polytree-based weight calculation.
Polytree max score: 13199660334
Polytree building time: 0.297 seconds.
Number of quartet trees in the gene trees: 13199660334
Size of largest cluster: 201
Greedy score: 12173961752
estimationFactor: 1.0842534749898893
Sub-optimal score: 12226162567
Total Number of elements weighted: 13314
Normalized score (portion of input quartet trees satisfied before correcting for multiple individuals): 0.9397180781273277
Optimization score: 12403959441
Optimal tree inferred in 10.159 secs.
(34,(154,((131,164),(163,((150,191),((92,(25,122)),((14,(142,(18,95))),(((104,184),(137,(198,69))),(((105,39),((161,19),(148,5))),((66,196),((110,((127,126),(41,(59,146)))),((180,((182,158),((136,102),(197,(185,118))))),(((152,(97,(187,(91,195)))),((70,((49,79),(123,(28,(98,8))))),((120,(121,(176,(54,170)))),((103,(32,181)),((40,(47,(155,100))),((81,3),(156,116))))))),(0,((((72,(31,135)),((169,(33,(145,26))),((((99,94),(86,60)),((186,(35,4)),(29,(55,13)))),(149,(124,((11,179),(128,(188,(141,(171,(160,106))))))))))),(((138,51),(63,30)),((114,((144,22),(200,(143,90)))),(((68,61),(167,(62,15))),((17,(177,42)),((1,67),((162,(74,50)),(189,((84,57),((133,44),(88,119))))))))))),((83,(101,(173,48))),((12,108),(((27,(56,183)),(46,((64,(75,(21,(174,((112,76),(71,(168,82))))))),((172,(151,52)),(111,((77,140),((129,(9,96)),(36,(165,153))))))))),(((6,(130,117)),(((58,175),(134,(193,178))),(73,(107,(147,(113,166)))))),(((24,(7,(109,85))),(139,((38,(20,65)),((87,53),(192,(199,(43,115))))))),((2,(125,80)),((93,(89,(194,(10,157)))),((16,(23,132)),((190,159),(78,(37,45))))))))))))))))))))))))));
Final quartet score is: 12403959441
Final normalized quartet score is: 0.9397180781273277
Extended species tree:
(127,(126,((41,(59,146)1:0.8905066147184405)1:1.6205506800014395,(110,(((180,((182,158)1:1.432329438047538,((136,102)1:4.204692619390971,(197,(185,118)1:0.5235322750351055)1:2.646548001344417)1:2.4862153993493)1:0.757447542757776)1:0.2112958744234298,(((152,(97,(187,(91,195)1:0.3285040669720361)1:4.7407926662522035)1:0.23420819452820985)1:0.50705622487314,((70,((49,79)1:3.88623888827243,(123,(28,(98,8)1:1.7621260209513872)1:1.1842677332466038)1:3.000719815065031)1:2.8843122954439577)0.95:0.10988682616148013,((120,(121,(176,(54,170)1:1.6781562205961427)1:0.3945112295154738)1:0.9646478874599206)1:3.321371906754386,((103,(32,181)1:1.233242689063979)1:3.799227511282799,((40,(47,(155,100)0.69:0.05365271349232014)1:2.5513106874789395)1:0.2723802955429554,((81,3)1:0.9808292530117262,(156,116)1:0.6028796891494728)1:2.743625490488614)1:2.6025178620293383)1:2.8573217183111437)1:0.2633457304168258)0.71:0.08729421588719746)1:0.466458584193442,(0,((((72,(31,135)1:0.4434925036974035)1:4.897839799950916,((169,(33,(145,26)1:1.15494216883155)1:1.0162760020074741)1:4.897839799950916,((((99,94)1:3.1094701644773663,(86,60)1:3.288401887516811)1:0.7284522544838598,((186,(35,4)1:1.2342781538212648)1:3.9713448979025188,(29,(55,13)1:1.8978237854377566)1:1.293945804358)1:0.2786324715965)1:0.39438015881035154,(149,(124,((11,179)1:4.204692619390971,(128,(188,(141,(171,(160,106)0.98:0.1298214610402925)0.94:0.10628698755092994)1:0.16171594557848534)1:0.3571534357417276)1:3.2058911239748116)0.97:0.12556745353223508)1:1.1591111564945895)1:0.40905376663395254)1:3.692579688966622)0.55:0.036300294818959813)1:3.515256018227554,(((138,51)1:2.7006152226146916,(63,30)1:2.8183982582710745)1:4.897839799950916,((114,((144,22)1:3.3573947590037574,(200,(143,90)1:0.4092034302187715)1:0.8905066147184405)1:3.9170105469391814)1:2.4662334698102284,(((68,61)1:2.86095787268987,(167,(62,15)1:1.2084554228270052)1:1.4638525954657653)1:3.242791376264763,((17,(177,42)0.75:0.0725706928348355)1:4.204692619390971,((1,67)1:2.411611272904995,((162,(74,50)1:1.808635582404345)1:0.5947404238667011,(189,((84,57)1:1.0037905178811508,((133,44)0.98:0.14531859404096426,(88,119)1:0.3310772840197296)1:0.5205802334410712)1:0.6096424833356664)1:0.5312088507550026)1:4.409023317676713)1:0.35961964259924534)0.94:0.1060517439980602)1:3.51154543883102)1:1.1496437686805558)0.91:0.10151324787395101)1:2.0939773979092617,((83,(101,(173,48)1:0.8905066147184405)1:4.204692619390971)1:3.4530006598553036,((12,108)1:4.469732215093,(((27,(56,183)0.59:0.038027395589239135)1:4.897839799950916,(46,((64,(75,(21,(174,((112,76)1:0.5867888919301587,(71,(168,82)1:0.16544119403938223)1:0.30909921535968193)0.86:0.09785928724121928)1:1.1650174531936077)1:1.4165997106152204)1:0.3714036545053241)1:3.422568402423716,((172,(151,52)1:1.2836512384385634)0.61:0.04670555020690926,(111,((77,140)1:2.0146903759189567,((129,(9,96)1:0.8906902863141447)1:1.0224453147574624,(36,(165,153)0.98:0.13540689842893183)1:0.7648773799359083)1:0.3830498244372435)1:0.8087826288777595)1:1.6740554069182092)1:2.0499918725369475)1:1.914057916246348)1:2.367511361325306)1:2.6738415424264437,(((6,(130,117)1:2.412933150162912)1:2.843716066255366,(((58,175)1:2.4156295258829887,(134,(193,178)1:1.7202069336167596)1:1.8806555996789693)1:0.8548099646353112,(73,(107,(147,(113,166)1:1.1138797607988982)1:1.196788530947847)1:1.3182495816688782)1:1.0335232529197582)1:0.6543092425309548)1:4.897839799950916,(((24,(7,(109,85)1:1.1138797607988982)1:1.4165997106152197)1:3.9327079757414882,(139,((38,(20,65)1:3.799227511282799)1:2.2467029446810494,((87,53)1:2.597950645427775,(192,(199,(43,115)1:0.4092034302187715)1:4.492374691842744)0.44:0.027488806857552502)1:0.17595196043930797)1:0.606954110675841)1:1.5002784522261947)1:2.5871009052299323,((2,(125,80)1:1.9021075263969205)1:3.2142939153630894,((93,(89,(194,(10,157)1:0.6352310593136811)1:1.9802062703090513)1:2.519301984534858)1:0.7549267293288776,((16,(23,132)1:1.9534008207844709)1:2.081314766728131,((190,159)1:2.727232399521314,(78,(37,45)1:1.954464650672037)1:0.34095990309060065)1:0.6287423909428508)1:0.5770408611933325)1:0.754705073559379)1:4.371746704054143)1:1.027149863712261)1:2.5430856057239266)1:1.3164419725101906)1:1.0743822860138201)0.72:0.0771338761812207)1:1.7576152062322383)1:3.4716297782522694)1:0.7855638032773227)0.99:0.1540087371460848,((66,196)1:1.7326848961685608,(((105,39)1:3.8514208957401226,((161,19)1:3.9815490680767565,(148,5)0.84:0.08619209137458837)1:1.125344149031194)1:1.092394158693483,(((104,184)1:2.970566776894337,(137,(198,69)1:0.4215365772959875)1:1.434977921163642)1:0.24797944330172508,((14,(142,(18,95)1:1.643440843256179)1:1.4934326849815334)1:0.848115409661468,((92,(25,122)1:1.5629333156919774)1:1.5859001459047612,((150,191)1:0.41156925216930884,(163,((131,164)1:0.34910568499284744,(154,34)1:0.31035576161890577)1:0.6744194410698777)1:0.7646235975218931)1:1.8380354098205676)1:0.9180570062027991)0.75:0.06455907790673007)1:1.8307739621265224)1:2.584209856722361)1:0.8450229485804017)1:4.801087658829683)1:0.7316517323075878)0.99:0.15572144612091054));
Weight calculation took 3.677360072 secs
ASTRAL finished in 12.361 secs
