
================== ASTRAL ===================== 

This is ASTRAL version 5.7.8
Gene trees are treated as unrooted
50 trees read from Dataset/AstralII_data/model.200.10000000.0.000001/31/estimatedgenetre.halfresolved_50
index0
All output trees will be *arbitrarily* rooted at 127

======== Running the main analysis
Number of taxa: 201 (201 species)
Taxa: [127, 110, 126, 59, 41, 146, 182, 103, 32, 181, 156, 116, 81, 3, 40, 155, 47, 100, 185, 136, 102, 118, 197, 66, 196, 21, 174, 112, 71, 168, 76, 82, 46, 64, 75, 151, 52, 77, 140, 36, 129, 9, 96, 165, 153, 111, 172, 56, 27, 183, 7, 24, 109, 85, 38, 87, 53, 192, 20, 65, 199, 43, 115, 139, 2, 125, 80, 89, 10, 194, 157, 16, 78, 93, 190, 159, 23, 132, 37, 45, 6, 73, 107, 147, 113, 166, 134, 193, 178, 58, 175, 130, 117, 12, 108, 138, 51, 63, 30, 200, 144, 22, 143, 90, 17, 177, 42, 68, 61, 167, 62, 15, 162, 74, 50, 189, 88, 133, 84, 57, 44, 119, 1, 67, 114, 72, 31, 135, 169, 33, 145, 26, 99, 94, 124, 55, 13, 29, 149, 86, 60, 35, 186, 4, 11, 179, 128, 171, 160, 106, 141, 188, 83, 0, 101, 173, 48, 137, 198, 69, 92, 150, 191, 163, 154, 131, 34, 164, 25, 122, 104, 184, 14, 142, 18, 95, 148, 161, 19, 105, 39, 5, 180, 176, 120, 121, 54, 170, 70, 49, 79, 123, 28, 98, 8, 152, 97, 187, 91, 195, 158]
Taxon occupancy: {110=50, 111=50, 112=50, 113=50, 114=50, 115=50, 116=50, 117=50, 118=50, 119=50, 10=50, 11=50, 12=50, 13=50, 14=50, 15=50, 16=50, 17=50, 18=50, 19=50, 120=50, 0=50, 121=50, 1=50, 122=50, 2=50, 123=50, 3=50, 124=50, 125=50, 4=50, 126=50, 5=50, 127=50, 6=50, 7=50, 128=50, 129=50, 8=50, 9=50, 20=50, 21=50, 22=50, 23=50, 24=50, 25=50, 26=50, 27=50, 28=50, 29=50, 130=50, 131=50, 132=50, 133=50, 134=50, 135=50, 136=50, 137=50, 138=50, 139=50, 30=50, 31=50, 32=50, 33=50, 34=50, 35=50, 36=50, 37=50, 38=50, 39=50, 140=50, 141=50, 142=50, 143=50, 144=50, 145=50, 146=50, 147=50, 148=50, 149=50, 40=50, 41=50, 42=50, 43=50, 44=50, 45=50, 46=50, 47=50, 48=50, 49=50, 150=50, 151=50, 152=50, 153=50, 154=50, 155=50, 156=50, 157=50, 158=50, 159=50, 50=50, 51=50, 52=50, 53=50, 54=50, 55=50, 56=50, 57=50, 58=50, 59=50, 160=50, 161=50, 162=50, 163=50, 164=50, 165=50, 166=50, 167=50, 168=50, 169=50, 60=50, 61=50, 62=50, 63=50, 64=50, 65=50, 66=50, 67=50, 68=50, 69=50, 170=50, 171=50, 172=50, 173=50, 174=50, 175=50, 176=50, 177=50, 178=50, 179=50, 70=50, 71=50, 72=50, 73=50, 74=50, 75=50, 76=50, 77=50, 78=50, 79=50, 180=50, 181=50, 182=50, 183=50, 184=50, 185=50, 186=50, 187=50, 188=50, 189=50, 80=50, 81=50, 82=50, 83=50, 84=50, 85=50, 86=50, 87=50, 88=50, 89=50, 190=50, 191=50, 192=50, 193=50, 194=50, 195=50, 196=50, 197=50, 198=50, 199=50, 90=50, 91=50, 92=50, 93=50, 94=50, 95=50, 96=50, 97=50, 98=50, 99=50, 200=50, 100=50, 101=50, 102=50, 103=50, 104=50, 105=50, 106=50, 107=50, 108=50, 109=50}
Number of gene trees: 50
0 trees have missing taxa
Calculating quartet distance matrix (for completion of X)
Species tree distances calculated ...
Building set of clusters (X) from gene trees 
------------------------------
gradient0: 3069
Number of Clusters after addition by distance: 3069
calculating extra bipartitions to be added at level 1 ...
Adding to X using resolutions of greedy consensus ...
Limit for sigma of degrees:5075
polytomy size limit : 5
discarded polytomies:  [3, 3, 3, 3, 3, 3, 3, 3, 4, 4, 4, 4, 4, 5]
Threshold 0.0:
Threshold 0.01:
Threshold 0.02:
Threshold 0.05:
Threshold 0.1:
Threshold 0.2:
polytomy of size 3; rounds with additions with at least 5 support: 0; clusters: 3069
polytomy of size 3; rounds with additions with at least 5 support: 0; clusters: 3069
polytomy of size 3; rounds with additions with at least 5 support: 0; clusters: 3069
Threshold 0.3333333333333333:
polytomy of size 4; rounds with additions with at least 5 support: 0; clusters: 3069
polytomy of size 4; rounds with additions with at least 5 support: 0; clusters: 3069
polytomy of size 3; rounds with additions with at least 5 support: 0; clusters: 3069
polytomy of size 3; rounds with additions with at least 5 support: 0; clusters: 3069
polytomy of size 3; rounds with additions with at least 5 support: 0; clusters: 3069
polytomy of size 3; rounds with additions with at least 5 support: 0; clusters: 3069
polytomy of size 5; rounds with additions with at least 5 support: 0; clusters: 3069
polytomy of size 3; rounds with additions with at least 5 support: 0; clusters: 3069
polytomy of size 4; rounds with additions with at least 5 support: 0; clusters: 3069
polytomy of size 4; rounds with additions with at least 5 support: 0; clusters: 3069
polytomy of size 4; rounds with additions with at least 5 support: 0; clusters: 3069
max k is :0
Number of Clusters after addition by greedy: 3069
gradient0 in heuristiic: 3069
partitions formed in 6.053 secs
Dynamic Programming starting after 6.053 secs
Using tree-based weight calculation.
Using polytree-based weight calculation.
Polytree max score: 3299917302
Polytree building time: 0.402 seconds.
Number of quartet trees in the gene trees: 3299917302
Size of largest cluster: 201
Greedy score: 3078512329
estimationFactor: 1.0719194693210534
Sub-optimal score: 3109181387
Total Number of elements weighted: 4812
Normalized score (portion of input quartet trees satisfied before correcting for multiple individuals): 0.9453192763677325
Optimization score: 3119475436
Optimal tree inferred in 8.233 secs.
(34,(154,((131,164),(163,((150,191),((92,(25,122)),((14,(142,(18,95))),(((104,184),(137,(198,69))),(((105,39),((161,19),(148,5))),((66,196),((110,((127,126),(41,(59,146)))),((180,((182,158),((136,102),(197,(185,118))))),(((152,(97,(195,(187,91)))),((70,((49,79),(123,(28,(98,8))))),((120,(121,(176,(54,170)))),((103,(32,181)),((40,(47,(155,100))),((156,116),(81,3))))))),(0,((((72,(31,135)),((169,(33,(145,26))),((((99,94),(86,60)),((186,(35,4)),(29,(55,13)))),(149,(124,((11,179),(128,(188,(141,(171,(160,106))))))))))),(((138,51),(63,30)),((114,((144,22),(200,(143,90)))),(((68,61),(167,(62,15))),((177,(17,42)),((1,67),((162,(74,50)),(189,((84,57),((133,44),(88,119))))))))))),((83,(101,(173,48))),((12,108),(((27,(56,183)),(46,((64,(75,(21,(174,((112,76),(82,(71,168))))))),((172,(151,52)),(111,((77,140),((165,(36,153)),(129,(9,96))))))))),(((6,(130,117)),(((58,175),(134,(193,178))),(73,(107,(147,(113,166)))))),(((24,(7,(109,85))),(139,((38,(20,65)),(192,((87,53),(199,(43,115))))))),((2,(125,80)),((93,(89,(194,(10,157)))),((16,(23,132)),((190,159),(78,(37,45))))))))))))))))))))))))));
Final quartet score is: 3119475436
Final normalized quartet score is: 0.9453192763677325
Extended species tree:
(127,(126,((41,(59,146)1:0.5306282510621702)1:1.65455834771457,(110,(((180,((182,158)1:1.378321378560563,((136,102)1:3.5263605246161593,(197,(185,118)1:0.4353180712578455)1:2.2735975561207935)1:2.487031403964206)1:0.412868243880497)0.83:0.16936630563994853,(((152,(97,(195,(187,91)0.79:0.19415601444095737)1:3.5263605246161593)0.61:0.08744801055185543)1:0.7527709525517795,((70,((49,79)1:2.966744736680739,(123,(28,(98,8)1:1.4469189829363254)1:0.8873031950009027)1:2.8332133440562166)1:3.260829194951964)0.89:0.18086854815049652,((120,(121,(176,(54,170)1:1.7354431607010283)0.97:0.249215791623985)1:0.9873866535578852)1:2.822460552279956,((103,(32,181)1:1.0414538748281608)1:3.5263605246161593,((40,(47,(155,100)0.44:0.029852963149681274)1:2.1451552330037424)0.98:0.269460397505088,((156,116)1:0.8873031950009027,(81,3)1:0.7855205006909604)1:3.120895416507997)1:3.0864092404368257)1:2.226831870419562)1:0.3490578640146708)0.46:0.055946789697227606)1:0.6290376079980176,(0,((((72,(31,135)1:0.39086630868701183)1:3.5263605246161593,((169,(33,(145,26)1:1.2237754316221159)1:0.8873031950009027)1:3.5263605246161593,((((99,94)1:2.1438805355717414,(86,60)1:2.8332133440562166)1:0.5289934624031689,((186,(35,4)1:1.7346010553881062)1:2.8332133440562166,(29,(55,13)1:2.4277482359480516)1:0.9961292120375361)1:0.36046951304441094)0.95:0.2262119796192242,(149,(124,((11,179)1:2.835807379233262,(128,(188,(141,(171,(160,106)0.86:0.19469728644334708)0.86:0.1771691322492289)0.74:0.12510645521838254)1:0.48171599422425143)1:2.2428393555891475)0.95:0.22436979303745427)1:0.9241557346862974)1:0.6067896120277338)1:3.0627331125096995)0.44:0.029156584291455692)1:2.4331641099210843,(((138,51)1:2.8332133440562166,(63,30)1:2.4277482359480516)1:3.5263605246161593,((114,((144,22)1:2.4277482359480516,(200,(143,90)1:0.6348670616107964)1:0.7855205006909604)1:3.5263605246161593)1:1.564255689640868,(((68,61)1:2.4277482359480516,(167,(62,15)1:1.4456571531159035)1:1.128465251817791)1:2.5208386590140632,((177,(17,42)0.69:0.12516314295400605)1:3.5263605246161593,((1,67)1:2.14006616349627,((162,(74,50)1:1.7405107391133348)1:0.651989108066438,(189,((84,57)1:0.6088670312361811,((133,44)0.97:0.2694360906554167,(88,119)1:0.4354334447797502)1:0.3957556108765338)1:0.6646015675356766)1:1.0322372197232368)1:3.238678452164384)0.99:0.3031928476664196)0.51:0.0580238401163775)1:3.5263605246161593)1:1.6389365169691597)0.48:0.039807304917681655)1:2.1667959025305135,((83,(101,(173,48)1:1.3291359472799418)1:3.5263605246161593)1:3.0822805803802185,((12,108)1:3.5263605246161593,(((27,(56,183)0.6:0.09237332013101504)1:3.5263605246161593,(46,((64,(75,(21,(174,((112,76)1:0.7751509267934208,(82,(71,168)0.54:0.06099918437972638)0.96:0.23973069057221866)0.81:0.15900575148033774)1:0.9929910429038781)1:0.9877957909655707)1:0.48866405196313817)1:2.8977518651937877,((172,(151,52)1:1.328574937447556)0.67:0.11778303565638351,(111,((77,140)1:2.275079037873236,((165,(36,153)0.57:0.12364913812279098)1:0.7639192680439544,(129,(9,96)1:0.7537718023763802)1:1.292402069814368)0.99:0.3183785959413205)1:0.8637726975907086)1:1.7699404218334158)1:2.3223877202902274)1:1.7723413833709536)1:2.6518392056183018)1:2.5817660165791527,(((6,(130,117)1:2.8332133440562166)1:2.461649787623733,(((58,175)1:2.4277482359480516,(134,(193,178)1:1.9169226121820613)1:2.1503226636634616)1:0.8602236637716866,(73,(107,(147,(113,166)1:1.0414538748281608)1:1.2756031995659487)1:1.3300812162793387)1:0.8686121007992289)1:0.6861131539025651)1:3.5263605246161593,(((24,(7,(109,85)1:0.9617997430289525)1:1.7346010553881062)1:2.9957322735539877,(139,((38,(20,65)1:3.5263605246161593)1:2.2277880200895015,(192,((87,53)1:2.4277482359480516,(199,(43,115)1:0.5819215454497209)1:3.5263605246161593)0.36:0.0)0.92:0.20370042570650299)1:0.5437742002117728)1:1.2779969857887548)1:2.8332133440562166,((2,(125,80)1:1.5804503755608483)1:3.5263605246161593,((93,(89,(194,(10,157)1:0.6362693897048607)1:1.65455834771457)1:1.9138660636995126)1:0.6809023676002134,((16,(23,132)1:2.13754409406356)1:2.045227126221274,((190,159)1:1.9653556972546795,(78,(37,45)1:1.3302589120245656)1:0.3440640065294257)1:0.6875750066773254)1:0.4238432185954747)1:0.9385964893884534)1:3.0002674287193827)1:0.7903812127605055)1:2.1530574542367997)1:1.219783410352578)1:1.2738992777097407)0.57:0.08083851788254875)1:1.8584479583858453)1:2.8332133440562166)1:0.950543857422874)0.71:0.10701572917636169,((66,196)1:1.6146917165704138,(((105,39)1:3.433384068158055,((161,19)1:3.5263605246161593,(148,5)0.82:0.15871467712523873)1:1.2750687260096663)1:1.0812349522927236,(((104,184)1:2.8695809882270886,(137,(198,69)1:0.34872765828200963)1:1.2826159316450492)0.94:0.21912502577015924,((14,(142,(18,95)1:1.5804503755608483)1:1.5840827805718558)1:0.583376773966125,((92,(25,122)1:1.9169226121820613)1:1.7293791114069539,((150,191)1:0.3651138125845972,(163,((131,164)0.91:0.1939747400817192,(154,34)0.97:0.24950316171073672)1:0.8015301329977619)1:0.7695201593445192)1:1.9805819387726176)1:1.2208766577561339)0.62:0.08251951191818498)1:2.1027763738993723)1:2.1870544130693883)1:1.0198826599000437)1:3.523982402211192)1:0.5474353693785518)0.89:0.18202148177294833));
Weight calculation took 1.143871911 secs
ASTRAL finished in 9.972 secs
