
================== ASTRAL ===================== 

This is ASTRAL version 5.7.8
Gene trees are treated as unrooted
1000 trees read from Dataset/AstralII_data/model.200.2000000.0.000001/30/estimatedgenetre.halfresolved
index0
All output trees will be *arbitrarily* rooted at 112

======== Running the main analysis
Number of taxa: 201 (201 species)
Taxa: [112, 105, 116, 141, 98, 84, 134, 44, 139, 20, 33, 165, 27, 113, 13, 63, 180, 108, 34, 152, 14, 82, 124, 148, 28, 196, 157, 21, 49, 55, 117, 199, 70, 154, 9, 3, 2, 64, 132, 119, 66, 58, 170, 50, 23, 176, 90, 153, 100, 192, 35, 187, 129, 135, 29, 189, 96, 12, 11, 76, 125, 103, 197, 25, 150, 93, 143, 188, 69, 15, 193, 48, 107, 22, 131, 71, 136, 122, 97, 92, 86, 168, 169, 126, 30, 87, 68, 88, 194, 46, 45, 137, 53, 166, 184, 5, 73, 159, 16, 59, 95, 41, 24, 149, 77, 173, 121, 74, 179, 32, 185, 4, 175, 10, 72, 172, 190, 140, 8, 54, 186, 106, 174, 145, 17, 0, 102, 178, 56, 101, 171, 155, 181, 133, 83, 163, 167, 78, 111, 67, 99, 120, 128, 79, 138, 200, 26, 142, 182, 146, 40, 191, 144, 1, 42, 156, 19, 160, 158, 109, 75, 39, 85, 164, 52, 81, 183, 57, 151, 177, 38, 161, 115, 60, 123, 7, 62, 65, 104, 94, 43, 37, 198, 162, 91, 114, 89, 61, 31, 36, 6, 147, 127, 130, 110, 118, 47, 80, 195, 18, 51]
Taxon occupancy: {110=1000, 111=1000, 112=1000, 113=1000, 114=1000, 115=1000, 116=1000, 117=1000, 118=1000, 119=1000, 10=1000, 11=1000, 12=1000, 13=1000, 14=1000, 15=1000, 16=1000, 17=1000, 18=1000, 19=1000, 120=1000, 121=1000, 0=1000, 122=1000, 1=1000, 2=1000, 123=1000, 124=1000, 3=1000, 125=1000, 4=1000, 126=1000, 5=1000, 6=1000, 127=1000, 128=1000, 7=1000, 129=1000, 8=1000, 9=1000, 20=1000, 21=1000, 22=1000, 23=1000, 24=1000, 25=1000, 26=1000, 27=1000, 28=1000, 29=1000, 130=1000, 131=1000, 132=1000, 133=1000, 134=1000, 135=1000, 136=1000, 137=1000, 138=1000, 139=1000, 30=1000, 31=1000, 32=1000, 33=1000, 34=1000, 35=1000, 36=1000, 37=1000, 38=1000, 39=1000, 140=1000, 141=1000, 142=1000, 143=1000, 144=1000, 145=1000, 146=1000, 147=1000, 148=1000, 149=1000, 40=1000, 41=1000, 42=1000, 43=1000, 44=1000, 45=1000, 46=1000, 47=1000, 48=1000, 49=1000, 150=1000, 151=1000, 152=1000, 153=1000, 154=1000, 155=1000, 156=1000, 157=1000, 158=1000, 159=1000, 50=1000, 51=1000, 52=1000, 53=1000, 54=1000, 55=1000, 56=1000, 57=1000, 58=1000, 59=1000, 160=1000, 161=1000, 162=1000, 163=1000, 164=1000, 165=1000, 166=1000, 167=1000, 168=1000, 169=1000, 60=1000, 61=1000, 62=1000, 63=1000, 64=1000, 65=1000, 66=1000, 67=1000, 68=1000, 69=1000, 170=1000, 171=1000, 172=1000, 173=1000, 174=1000, 175=1000, 176=1000, 177=1000, 178=1000, 179=1000, 70=1000, 71=1000, 72=1000, 73=1000, 74=1000, 75=1000, 76=1000, 77=1000, 78=1000, 79=1000, 180=1000, 181=1000, 182=1000, 183=1000, 184=1000, 185=1000, 186=1000, 187=1000, 188=1000, 189=1000, 80=1000, 81=1000, 82=1000, 83=1000, 84=1000, 85=1000, 86=1000, 87=1000, 88=1000, 89=1000, 190=1000, 191=1000, 192=1000, 193=1000, 194=1000, 195=1000, 196=1000, 197=1000, 198=1000, 199=1000, 90=1000, 91=1000, 92=1000, 93=1000, 94=1000, 95=1000, 96=1000, 97=1000, 98=1000, 99=1000, 200=1000, 100=1000, 101=1000, 102=1000, 103=1000, 104=1000, 105=1000, 106=1000, 107=1000, 108=1000, 109=1000}
Number of gene trees: 1000
0 trees have missing taxa
Calculating quartet distance matrix (for completion of X)
Species tree distances calculated ...
Building set of clusters (X) from gene trees 
------------------------------
gradient0: 36835
Number of Clusters after addition by distance: 36835
calculating extra bipartitions to be added at level 1 ...
Adding to X using resolutions of greedy consensus ...
Limit for sigma of degrees:5075
polytomy size limit : 26
discarded polytomies:  [3, 3, 3, 3, 3, 3, 3, 3, 3, 3, 3, 3, 3, 3, 3, 3, 3, 4, 4, 4, 4, 4, 4, 5, 5, 5, 9, 14, 26]
Threshold 0.0:
Threshold 0.01:
Threshold 0.02:
Threshold 0.05:
polytomy of size 3; rounds with additions with at least 5 support: 0; clusters: 36835
polytomy of size 3; rounds with additions with at least 5 support: 0; clusters: 36835
Threshold 0.1:
polytomy of size 3; rounds with additions with at least 5 support: 0; clusters: 36835
polytomy of size 3; rounds with additions with at least 5 support: 0; clusters: 36835
polytomy of size 9; rounds with additions with at least 5 support: 0; clusters: 36835
Threshold 0.2:
polytomy of size 4; rounds with additions with at least 5 support: 0; clusters: 36835
polytomy of size 5; rounds with additions with at least 5 support: 0; clusters: 36835
polytomy of size 4; rounds with additions with at least 5 support: 0; clusters: 36835
polytomy of size 14; rounds with additions with at least 5 support: 0; clusters: 36835
polytomy of size 3; rounds with additions with at least 5 support: 0; clusters: 36835
Threshold 0.3333333333333333:
polytomy of size 3; rounds with additions with at least 5 support: 0; clusters: 36835
polytomy of size 4; rounds with additions with at least 5 support: 0; clusters: 36835
polytomy of size 5; rounds with additions with at least 5 support: 0; clusters: 36835
polytomy of size 3; rounds with additions with at least 5 support: 0; clusters: 36835
polytomy of size 3; rounds with additions with at least 5 support: 0; clusters: 36835
polytomy of size 3; rounds with additions with at least 5 support: 0; clusters: 36835
polytomy of size 3; rounds with additions with at least 5 support: 0; clusters: 36835
polytomy of size 3; rounds with additions with at least 5 support: 0; clusters: 36835
polytomy of size 3; rounds with additions with at least 5 support: 0; clusters: 36835
polytomy of size 3; rounds with additions with at least 5 support: 0; clusters: 36835
polytomy of size 4; rounds with additions with at least 5 support: 0; clusters: 36835
polytomy of size 3; rounds with additions with at least 5 support: 0; clusters: 36835
polytomy of size 3; rounds with additions with at least 5 support: 0; clusters: 36835
polytomy of size 26; rounds with additions with at least 5 support: 0; clusters: 36835
polytomy of size 3; rounds with additions with at least 5 support: 0; clusters: 36835
polytomy of size 4; rounds with additions with at least 5 support: 0; clusters: 36835
polytomy of size 3; rounds with additions with at least 5 support: 0; clusters: 36835
polytomy of size 4; rounds with additions with at least 5 support: 0; clusters: 36835
polytomy of size 5; rounds with additions with at least 5 support: 0; clusters: 36835
max k is :0
Number of Clusters after addition by greedy: 36835
gradient0 in heuristiic: 36835
partitions formed in 39.464 secs
Dynamic Programming starting after 39.464 secs
Using tree-based weight calculation.
Using polytree-based weight calculation.
Polytree max score: 65998250844
Polytree building time: 4.739 seconds.
Number of quartet trees in the gene trees: 65998250844
Size of largest cluster: 201
Greedy score: 45539310518
estimationFactor: 1.4492588950795233
Sub-optimal score: 48872789528
Calculated 100000 weights; time (seconds): 205
Total Number of elements weighted: 149059
Normalized score (portion of input quartet trees satisfied before correcting for multiple individuals): 0.7539894011528024
Optimization score: 49761981631
Optimal tree inferred in 288.885 secs.
(40,(191,((146,((138,182),(142,(200,26)))),((((0,(128,(120,(190,(8,(140,(54,186))))))),((102,178),((171,155),((133,83),(181,(56,101)))))),((((198,162),(91,((114,89),(61,(31,36))))),((18,((6,147),(127,130))),(51,((80,195),(47,(110,118)))))),((145,17),(((111,99),((163,167),(78,67))),(115,(((106,174),((81,183),((39,(85,(164,52))),((38,161),(57,(151,177)))))),(((144,(1,42)),(160,((158,109),(156,19)))),(75,(((60,123),(7,62)),(37,(65,(94,(104,43))))))))))))),((21,(117,(49,55))),(((((16,59),(73,(159,(95,((24,149),(41,77)))))),(((185,4),(173,(121,74))),((179,32),((175,10),(72,172))))),((139,(134,44)),((112,(141,((105,84),(116,98)))),(((33,(20,27)),(165,(157,(28,196)))),(113,((180,108),((13,63),(34,((124,148),(82,(152,14))))))))))),(((187,129),(79,((176,90),((50,(23,153)),(35,(58,(192,(170,100)))))))),((((199,70),(154,9)),(3,(2,(119,(66,(64,132)))))),(((184,5),(137,(53,166))),(((103,(125,197)),(25,(150,(188,(93,143))))),(30,((168,(169,126)),((86,(69,((97,(122,92)),((107,(48,22)),(193,(71,(131,(15,136)))))))),(((87,68),(45,(88,(194,46)))),(135,((29,(189,96)),(12,(11,76))))))))))))))))));
Final quartet score is: 49761981631
Final normalized quartet score is: 0.7539894011528024
Extended species tree:
(112,((141,((105,84)1:0.31282091319488686,(116,98)1:0.7349185521743639)1:0.5548950062654648)1:1.2181809508815342,((((33,(20,27)0.93:0.04482473744890008)1:1.2185302950911334,(165,(157,(28,196)1:0.32924645672287856)1:0.6485984239919044)1:0.6679832688621361)1:1.9398081858767908,(113,((180,108)1:1.8429795410923275,((13,63)1:2.026379552717026,(34,((124,148)1:1.3853977011180973,(82,(152,14)1:0.7052472709720276)1:0.5459862098026628)1:0.10141641529018854)1:1.7918800812852131)0.94:0.04606093737621205)1:0.25230650382952313)1:0.6286539167124525)1:1.336942491937359,((139,(134,44)1:5.800092154793612)0.99:0.0648773202415586,((((16,59)1:2.9626622002992224,(73,(159,(95,((24,149)1:0.3652347253929914,(41,77)0.96:0.05365928214831702)1:1.2188425897766428)1:1.083895354680186)0.98:0.05581945726349949)1:0.3362362125283177)1:2.317422837365634,(((185,4)1:5.1246778062591725,(173,(121,74)1:1.266842662904788)1:3.263111743578035)1:0.1088079414911115,((179,32)1:3.520136179859927,((175,10)1:2.4954951249514075,(72,172)1:3.039423637639403)0.75:0.02780361943129209)1:1.6390176216190533)1:0.3122841983082414)1:0.6477727415726875,((((187,129)1:3.3472156430578957,(79,((176,90)1:3.26957681746216,((50,(23,153)1:1.4512244905411458)1:0.9018030684674702,(35,(58,(192,(170,100)1:0.6615943683072304)1:0.9390119883244591)1:0.2610779417226694)1:0.8545298251424464)1:0.07201254862533624)1:2.70001009000747)0.99:0.06641202031767726)1:0.6335909411448697,((((199,70)1:2.3206197338530004,(154,9)1:0.5232030597896945)1:2.4776185974237572,(3,(2,(119,(66,(64,132)0.49:0.01717309429113259)1:0.5268751663862029)1:1.8012335531304846)1:2.2354228363509523)1:0.7465033677070748)1:1.3140490532413527,(((184,5)1:2.5638566602120374,(137,(53,166)1:2.892508268016324)1:0.585891888310646)1:3.205952873753976,(((103,(125,197)0.55:0.021245108613736265)1:3.6954488416542026,(25,(150,(188,(93,143)1:0.19774887963990243)1:0.5383555454048835)1:0.2558852400937623)1:3.865308307329438)1:1.576903580977351,(30,((168,(169,126)1:2.836361631902385)1:2.3988516166387335,((86,(69,((97,(122,92)1:1.3086550954250538)1:0.7408725078697086,((107,(48,22)1:0.5171728589319339)1:0.39758238616871094,(193,(71,(131,(15,136)1:0.4521518043001563)1:0.10310811794605015)1:0.1760242741291191)1:1.120018786982148)1:0.42319382704296155)1:0.9771235433763052)1:0.914383546305091)1:0.5017735217628593,(((87,68)1:0.6653094425985789,(45,(88,(194,46)1:0.09559827920695642)1:0.20990532103520396)1:1.0478020418201632)1:3.8526169317137295,(135,((29,(189,96)1:0.7731406962124177)1:1.9837146161414119,(12,(11,76)1:1.215022640512521)1:2.0752953295697947)1:0.8036202637104879)1:0.5448565787525583)1:0.08913645988954222)1:0.24885492690684774)1:0.06982787525624702)1:0.6921971887747842)0.65:0.03156633674670574)1:0.3552155422849629)0.69:0.027982082564683937)1:0.44960060350248715,((21,(117,(49,55)1:0.41124329275645366)1:1.0707539605397132)1:5.936376113182075,((((0,(128,(120,(190,(8,(140,(54,186)1:1.939046704130331)1:0.6891288345150255)1:1.7624920764860315)1:1.3620910600816918)0.54:0.015340502483472917)1:0.6645903938717103)0.44:0.008729089749136217,((102,178)1:1.9704047084543734,((171,155)1:1.7331643504229075,((133,83)1:0.45949813796449573,(181,(56,101)1:1.8954547055668194)0.97:0.05697681422717189)0.9:0.04279181619310434)1:0.24132100142502635)1:4.845043109119274)0.99:0.061034478227058486,((((198,162)1:3.1341389638621258,(91,((114,89)1:0.950953103954439,(61,(31,36)1:0.3935220289393919)1:0.30213651848479656)1:0.43397697385775474)1:2.4229835383067884)1:1.625263942397907,((18,((6,147)1:2.8232151917274386,(127,130)1:0.8295950804949676)1:2.2183643674166986)1:0.3244978420252756,(51,((80,195)1:2.2789915377083183,(47,(110,118)1:0.8473155196516957)1:1.5129785689695614)1:2.344393233235706)0.84:0.041473857917639995)1:0.9477945792062444)1:1.413315366693407,((145,17)1:6.017354456643259,(((111,99)1:1.6151117821678815,((163,167)1:2.351810196079174,(78,67)1:0.4914254818597881)1:0.09866851770085695)1:3.7005700072280003,(115,(((106,174)1:5.475640970517592,((81,183)1:2.293590838021644,((39,(85,(164,52)1:0.2704218040223202)1:2.5040894692047746)1:2.048748595280429,((38,161)1:2.3310239594874513,(57,(151,177)1:0.13341463309064983)1:3.3415242421240063)1:1.0888409022599703)0.61:0.022266011742858586)1:0.8032039343916776)1:0.4327017680098334,(((144,(1,42)1:0.7163767976135732)1:2.7080333786880253,(160,((158,109)1:0.758644593718073,(156,19)1:1.3215153087589238)1:0.4987540364362708)1:1.8837925557465178)1:1.5589234050336944,(75,(((60,123)1:1.8623012914805215,(7,62)1:2.225189352581302)1:3.214124533975512,(37,(65,(94,(104,43)1:0.523350896812367)1:3.509717088513472)1:0.30785399054153345)1:0.6656996918751624)1:0.31904093098793235)1:0.37504768689688234)0.75:0.028307051946974245)0.93:0.05348412285666386)1:0.734326111929792)0.7:0.03175940695806253)1:0.1665905232265301)1:0.2441933143394289)1:0.36821439191821365,((146,((138,182)1:0.34034371427873,(142,(200,26)1:0.2717689563299041)1:0.50393894363915)1:2.0976654572942985)0.43:0.009344586602260434,(191,40)1:4.647392037297526)1:1.8409427133895502)0.97:0.05528286774886546)0.86:0.03657649790959951)1:1.4918373284060158)1:0.27168367721307585)1:0.14369109846981115)1:2.0049164788636262));
Weight calculation took 235.582090998 secs
ASTRAL finished in 299.289 secs
