
================== ASTRAL ===================== 

This is ASTRAL version 5.7.8
Gene trees are treated as unrooted
200 trees read from Dataset/AstralII_data/model.200.2000000.0.000001/30/estimatedgenetre.halfresolved_200
index0
All output trees will be *arbitrarily* rooted at 112

======== Running the main analysis
Number of taxa: 201 (201 species)
Taxa: [112, 105, 116, 141, 98, 84, 134, 44, 139, 20, 33, 165, 27, 113, 13, 63, 180, 108, 34, 152, 14, 82, 124, 148, 28, 196, 157, 21, 49, 55, 117, 199, 70, 154, 9, 3, 2, 64, 132, 119, 66, 58, 170, 50, 23, 176, 90, 153, 100, 192, 35, 187, 129, 135, 29, 189, 96, 12, 11, 76, 125, 103, 197, 25, 150, 93, 143, 188, 69, 15, 193, 48, 107, 22, 131, 71, 136, 122, 97, 92, 86, 168, 169, 126, 30, 87, 68, 88, 194, 46, 45, 137, 53, 166, 184, 5, 73, 159, 16, 59, 95, 41, 24, 149, 77, 173, 121, 74, 179, 32, 185, 4, 175, 10, 72, 172, 190, 140, 8, 54, 186, 106, 174, 145, 17, 0, 102, 178, 56, 101, 171, 155, 181, 133, 83, 163, 167, 78, 111, 67, 99, 120, 128, 79, 138, 200, 26, 142, 182, 146, 40, 191, 144, 1, 42, 156, 19, 160, 158, 109, 75, 39, 85, 164, 52, 81, 183, 57, 151, 177, 38, 161, 115, 60, 123, 7, 62, 65, 104, 94, 43, 37, 198, 162, 91, 114, 89, 61, 31, 36, 6, 147, 127, 130, 110, 118, 47, 80, 195, 18, 51]
Taxon occupancy: {110=200, 111=200, 112=200, 113=200, 114=200, 115=200, 116=200, 117=200, 118=200, 119=200, 10=200, 11=200, 12=200, 13=200, 14=200, 15=200, 16=200, 17=200, 18=200, 19=200, 120=200, 121=200, 0=200, 122=200, 1=200, 2=200, 123=200, 124=200, 3=200, 125=200, 4=200, 126=200, 5=200, 6=200, 127=200, 128=200, 7=200, 129=200, 8=200, 9=200, 20=200, 21=200, 22=200, 23=200, 24=200, 25=200, 26=200, 27=200, 28=200, 29=200, 130=200, 131=200, 132=200, 133=200, 134=200, 135=200, 136=200, 137=200, 138=200, 139=200, 30=200, 31=200, 32=200, 33=200, 34=200, 35=200, 36=200, 37=200, 38=200, 39=200, 140=200, 141=200, 142=200, 143=200, 144=200, 145=200, 146=200, 147=200, 148=200, 149=200, 40=200, 41=200, 42=200, 43=200, 44=200, 45=200, 46=200, 47=200, 48=200, 49=200, 150=200, 151=200, 152=200, 153=200, 154=200, 155=200, 156=200, 157=200, 158=200, 159=200, 50=200, 51=200, 52=200, 53=200, 54=200, 55=200, 56=200, 57=200, 58=200, 59=200, 160=200, 161=200, 162=200, 163=200, 164=200, 165=200, 166=200, 167=200, 168=200, 169=200, 60=200, 61=200, 62=200, 63=200, 64=200, 65=200, 66=200, 67=200, 68=200, 69=200, 170=200, 171=200, 172=200, 173=200, 174=200, 175=200, 176=200, 177=200, 178=200, 179=200, 70=200, 71=200, 72=200, 73=200, 74=200, 75=200, 76=200, 77=200, 78=200, 79=200, 180=200, 181=200, 182=200, 183=200, 184=200, 185=200, 186=200, 187=200, 188=200, 189=200, 80=200, 81=200, 82=200, 83=200, 84=200, 85=200, 86=200, 87=200, 88=200, 89=200, 190=200, 191=200, 192=200, 193=200, 194=200, 195=200, 196=200, 197=200, 198=200, 199=200, 90=200, 91=200, 92=200, 93=200, 94=200, 95=200, 96=200, 97=200, 98=200, 99=200, 200=200, 100=200, 101=200, 102=200, 103=200, 104=200, 105=200, 106=200, 107=200, 108=200, 109=200}
Number of gene trees: 200
0 trees have missing taxa
Calculating quartet distance matrix (for completion of X)
Species tree distances calculated ...
Building set of clusters (X) from gene trees 
------------------------------
gradient0: 12667
Number of Clusters after addition by distance: 12667
calculating extra bipartitions to be added at level 1 ...
Adding to X using resolutions of greedy consensus ...
Limit for sigma of degrees:5075
polytomy size limit : 25
discarded polytomies:  [3, 3, 3, 3, 3, 3, 3, 3, 3, 3, 3, 3, 3, 3, 3, 3, 3, 3, 3, 3, 3, 4, 4, 4, 4, 5, 5, 5, 9, 14, 25]
Threshold 0.0:
Threshold 0.01:
Threshold 0.02:
polytomy of size 3; rounds with additions with at least 5 support: 0; clusters: 12669
Threshold 0.05:
polytomy of size 3; rounds with additions with at least 5 support: 0; clusters: 12669
polytomy of size 3; rounds with additions with at least 5 support: 0; clusters: 12669
polytomy of size 3; rounds with additions with at least 5 support: 0; clusters: 12669
Threshold 0.1:
polytomy of size 3; rounds with additions with at least 5 support: 0; clusters: 12669
polytomy of size 3; rounds with additions with at least 5 support: 0; clusters: 12669
polytomy of size 9; rounds with additions with at least 5 support: 0; clusters: 12669
Threshold 0.2:
polytomy of size 3; rounds with additions with at least 5 support: 0; clusters: 12669
polytomy of size 5; rounds with additions with at least 5 support: 0; clusters: 12669
polytomy of size 4; rounds with additions with at least 5 support: 0; clusters: 12669
polytomy of size 14; rounds with additions with at least 5 support: 0; clusters: 12669
polytomy of size 3; rounds with additions with at least 5 support: 0; clusters: 12669
Threshold 0.3333333333333333:
polytomy of size 3; rounds with additions with at least 5 support: 0; clusters: 12669
polytomy of size 4; rounds with additions with at least 5 support: 0; clusters: 12669
polytomy of size 3; rounds with additions with at least 5 support: 0; clusters: 12669
polytomy of size 5; rounds with additions with at least 5 support: 0; clusters: 12669
polytomy of size 3; rounds with additions with at least 5 support: 0; clusters: 12669
polytomy of size 3; rounds with additions with at least 5 support: 0; clusters: 12669
polytomy of size 3; rounds with additions with at least 5 support: 0; clusters: 12669
polytomy of size 3; rounds with additions with at least 5 support: 0; clusters: 12669
polytomy of size 3; rounds with additions with at least 5 support: 0; clusters: 12669
polytomy of size 3; rounds with additions with at least 5 support: 0; clusters: 12669
polytomy of size 4; rounds with additions with at least 5 support: 0; clusters: 12669
polytomy of size 3; rounds with additions with at least 5 support: 0; clusters: 12669
polytomy of size 3; rounds with additions with at least 5 support: 0; clusters: 12669
polytomy of size 25; rounds with additions with at least 5 support: 0; clusters: 12671
polytomy of size 3; rounds with additions with at least 5 support: 0; clusters: 12671
polytomy of size 3; rounds with additions with at least 5 support: 0; clusters: 12671
polytomy of size 3; rounds with additions with at least 5 support: 0; clusters: 12671
polytomy of size 4; rounds with additions with at least 5 support: 0; clusters: 12671
polytomy of size 5; rounds with additions with at least 5 support: 0; clusters: 12671
max k is :0
Number of Clusters after addition by greedy: 12671
gradient0 in heuristiic: 12671
partitions formed in 7.52 secs
Dynamic Programming starting after 7.52 secs
Using tree-based weight calculation.
Using polytree-based weight calculation.
Polytree max score: 13199590758
Polytree building time: 0.348 seconds.
Number of quartet trees in the gene trees: 13199590758
Size of largest cluster: 201
Greedy score: 7723784887
estimationFactor: 1.708953699657845
Sub-optimal score: 9079045848
Total Number of elements weighted: 27903
Normalized score (portion of input quartet trees satisfied before correcting for multiple individuals): 0.7510630517837453
Optimization score: 9913724917
Optimal tree inferred in 20.764 secs.
(40,(191,((146,((138,182),(142,(200,26)))),((((0,(128,(120,(190,(8,(140,(54,186))))))),((102,178),((171,155),((133,83),(181,(56,101)))))),((((198,162),(91,((114,89),(61,(31,36))))),(51,(((80,195),(47,(110,118))),(18,((6,147),(127,130)))))),(((111,99),((163,167),(78,67))),((145,17),(115,(((106,174),(((38,161),(57,(151,177))),((81,183),(39,(85,(164,52)))))),(((144,(1,42)),(160,((158,109),(156,19)))),(75,(((60,123),(7,62)),(37,(65,(94,(104,43))))))))))))),((21,(117,(49,55))),(((((16,59),(73,(159,(95,((41,77),(24,149)))))),(((185,4),(173,(121,74))),((179,32),((175,10),(72,172))))),((139,(134,44)),((112,(141,((105,84),(116,98)))),(((27,(20,33)),(165,(157,(28,196)))),(113,((180,108),((13,63),(34,((124,148),(82,(152,14))))))))))),(((187,129),(79,((176,90),((50,(23,153)),(35,(58,(192,(170,100)))))))),((((199,70),(154,9)),(3,(2,(119,(66,(64,132)))))),((((184,5),(137,(53,166))),((103,(125,197)),(25,(150,(188,(93,143)))))),(30,((168,(169,126)),((86,(69,((97,(122,92)),((107,(48,22)),(193,(71,(131,(15,136)))))))),(((87,68),(45,(88,(194,46)))),(135,((29,(189,96)),(12,(11,76)))))))))))))))));
Final quartet score is: 9913724917
Final normalized quartet score is: 0.7510630517837453
Extended species tree:
(112,((141,((105,84)1:0.277368364164528,(116,98)1:0.6638678134345948)1:0.5241165983792128)1:1.1602922892444694,((((27,(20,33)0.63:0.046322609550196216)1:1.05621437084974,(165,(157,(28,196)1:0.35379309756384353)1:0.5290025560224572)1:0.6431292541682758)1:1.711431059242406,(113,((180,108)1:1.5199708875748057,((13,63)1:1.9798823700831265,(34,((124,148)1:1.2689739723762563,(82,(152,14)1:0.6731217616843659)1:0.5445053151090612)0.98:0.13559281646617255)1:1.7759086505693837)0.77:0.0687205680364444)1:0.23653804293502034)1:0.596451451000566)1:1.27937090940499,((139,(134,44)1:4.897839799950916)0.81:0.07507784377265482,((((16,59)1:2.8287226422259444,(73,(159,(95,((41,77)0.93:0.10208651620904155,(24,149)1:0.24094000498769108)1:1.1715785778573153)1:1.0478420475163799)0.46:0.031112302773618598)1:0.5167102423455178)1:1.98858615960269,(((185,4)1:4.897839799950916,(173,(121,74)1:1.0911521829741073)1:3.1930917077124845)0.99:0.14512718678590558,((179,32)1:2.963720502306901,((175,10)1:2.1867485422729214,(72,172)1:2.9546577218913415)0.69:0.06764066164744235)1:1.521258718001555)1:0.24331518283956022)1:0.6853146894626329,((((187,129)1:3.3949451354236917,(79,((176,90)1:2.8990342374450884,((50,(23,153)1:1.5532662157032475)1:0.9448638241242655,(35,(58,(192,(170,100)1:0.7990970954686155)1:0.9947397345409574)1:0.3196283978229126)1:0.6795392642364276)0.96:0.13670606827308926)1:2.5120994394205716)0.99:0.15985124143416704)1:0.5813806127571447,((((199,70)1:2.1877612005873095,(154,9)1:0.4778378583237194)1:2.4798401905307883,(3,(2,(119,(66,(64,132)0.71:0.059445174498015944)1:0.39777755334126746)1:1.7729756785445479)1:2.1168728120651346)1:0.598050141599896)1:1.3920677317771286,((((184,5)1:2.8183982582710745,(137,(53,166)1:2.5972769523376336)1:0.6351599229095962)1:2.878543371289205,((103,(125,197)0.99:0.1516412682218325)1:3.5128416152924657,(25,(150,(188,(93,143)1:0.21524510057368199)1:0.528685687599556)1:0.18504883275741377)1:3.6500976327288077)1:1.3492929297204381)0.77:0.06982295000054957,(30,((168,(169,126)1:2.8183982582710745)1:2.0970033365250407,((86,(69,((97,(122,92)1:1.341626312185069)1:0.69510313775933,((107,(48,22)1:0.47924261961413284)1:0.36186420823708026,(193,(71,(131,(15,136)1:0.5353667326821083)0.81:0.07390110142242456)1:0.17683859563189358)1:1.2123122438771243)1:0.4177290585899791)1:1.0062082895120366)1:0.8918350335635604)1:0.3778584769163703,(((87,68)1:0.60271699682153,(45,(88,(194,46)0.99:0.14444219952009227)0.99:0.16182911836654187)1:1.0441523715357302)1:3.6248741241380196,(135,((29,(189,96)1:0.7867175811258831)1:1.7091236415677076,(12,(11,76)1:1.2342781538212648)1:2.089209723030617)1:0.7982113982309998)1:0.5098726594939521)0.95:0.10957424186705204)1:0.2181782712296864)0.83:0.07602904970566018)1:0.6182171188540886)1:0.4407323848217331)0.51:0.030251043928699435)1:0.3745882208820889,((21,(117,(49,55)1:0.4156302347555702)1:1.1250788618562733)1:4.740293531122517,((((0,(128,(120,(190,(8,(140,(54,186)1:1.7623455840217632)1:0.6142532380902823)1:1.6072446649794847)1:1.2951329138860475)0.96:0.11869898047124806)1:0.544224633729799)0.4:0.010428038851952611,((102,178)1:1.6725549692242943,((171,155)1:1.7122542667619634,((133,83)1:0.5401502925903926,(181,(56,101)1:1.847608580151467)0.65:0.04880349048423964)0.46:0.03586199621499047)1:0.31850037399734177)1:4.150804189846708)0.47:0.029303244208665702,((((198,162)1:3.0786813565347373,(91,((114,89)1:0.8579861441050184,(61,(31,36)1:0.45439128424057645)1:0.3370587625384779)1:0.29173475858476366)1:2.848423281527316)1:1.3521932776599117,(51,(((80,195)1:2.2587824703356527,(47,(110,118)1:0.7870487343700717)1:1.4484193082881902)1:2.000347823776352,(18,((6,147)1:3.08223282306104,(127,130)1:0.7769631613319532)1:2.3136370444836825)1:0.24626324114866438)0.51:0.03186445901200663)1:0.9592203400696867)1:1.229411939267924,(((111,99)1:1.6526966180628333,((163,167)1:2.880233161675279,(78,67)1:0.4185148846060918)0.52:0.028374276361792218)1:3.13033384231409,((145,17)1:4.525605396936513,(115,(((106,174)1:4.26678410472701,(((38,161)1:2.119210684206116,(57,(151,177)0.99:0.1529076715876614)1:3.187541277181839)1:1.0731440108580754,((81,183)1:2.3739590157311343,(39,(85,(164,52)1:0.21285657662076)1:2.412933150162912)1:2.1406467631891055)0.49:0.027392591647602927)1:0.7484961998946017)1:0.41874495735695255,(((144,(1,42)1:1.0060195018402847)1:2.657681469789101,(160,((158,109)1:0.8631949489974321,(156,19)1:1.286990486174833)1:0.4173770784411089)1:2.1302289042434532)1:1.5248095481898734,(75,(((60,123)1:1.779762882657748,(7,62)1:1.975081526355593)1:3.0245963544837156,(37,(65,(94,(104,43)1:0.5361434317502807)1:4.488996310251101)1:0.32449731473968463)1:0.6379145938157472)1:0.32789538559467957)1:0.3494359478134291)0.51:0.02655750847849145)0.83:0.08960512930371588)1:0.7090693115344885)0.43:0.015663994817069947)0.99:0.14270472603842704)1:0.18816583299923534)1:0.4153948478426535,((146,((138,182)1:0.3964440864650115,(142,(200,26)1:0.22101513617938354)1:0.5135457431663086)1:2.0951530465538495)0.78:0.07413771626513357,(191,40)1:4.203863088028594)1:1.6429672788253866)0.51:0.034432301583072256)0.89:0.09059968060321397)1:1.3981313222812652)1:0.23092538316931377)1:0.24144470207506985)1:1.9594188266326031));
Weight calculation took 11.930425752 secs
ASTRAL finished in 23.352 secs
