
================== ASTRAL ===================== 

This is ASTRAL version 5.7.8
Gene trees are treated as unrooted
50 trees read from Dataset/AstralII_data/model.200.2000000.0.000001/30/estimatedgenetre.halfresolved_50
index0
All output trees will be *arbitrarily* rooted at 112

======== Running the main analysis
Number of taxa: 201 (201 species)
Taxa: [112, 105, 116, 141, 98, 84, 134, 44, 139, 20, 33, 165, 27, 113, 13, 63, 180, 108, 34, 152, 14, 82, 124, 148, 28, 196, 157, 21, 49, 55, 117, 199, 70, 154, 9, 3, 2, 64, 132, 119, 66, 58, 170, 50, 23, 176, 90, 153, 100, 192, 35, 187, 129, 135, 29, 189, 96, 12, 11, 76, 125, 103, 197, 25, 150, 93, 143, 188, 69, 15, 193, 48, 107, 22, 131, 71, 136, 122, 97, 92, 86, 168, 169, 126, 30, 87, 68, 88, 194, 46, 45, 137, 53, 166, 184, 5, 73, 159, 16, 59, 95, 41, 24, 149, 77, 173, 121, 74, 179, 32, 185, 4, 175, 10, 72, 172, 190, 140, 8, 54, 186, 106, 174, 145, 17, 0, 102, 178, 56, 101, 171, 155, 181, 133, 83, 163, 167, 78, 111, 67, 99, 120, 128, 79, 138, 200, 26, 142, 182, 146, 40, 191, 144, 1, 42, 156, 19, 160, 158, 109, 75, 39, 85, 164, 52, 81, 183, 57, 151, 177, 38, 161, 115, 60, 123, 7, 62, 65, 104, 94, 43, 37, 198, 162, 91, 114, 89, 61, 31, 36, 6, 147, 127, 130, 110, 118, 47, 80, 195, 18, 51]
Taxon occupancy: {110=50, 111=50, 112=50, 113=50, 114=50, 115=50, 116=50, 117=50, 118=50, 119=50, 10=50, 11=50, 12=50, 13=50, 14=50, 15=50, 16=50, 17=50, 18=50, 19=50, 120=50, 121=50, 0=50, 122=50, 1=50, 2=50, 123=50, 124=50, 3=50, 125=50, 4=50, 126=50, 5=50, 6=50, 127=50, 128=50, 7=50, 129=50, 8=50, 9=50, 20=50, 21=50, 22=50, 23=50, 24=50, 25=50, 26=50, 27=50, 28=50, 29=50, 130=50, 131=50, 132=50, 133=50, 134=50, 135=50, 136=50, 137=50, 138=50, 139=50, 30=50, 31=50, 32=50, 33=50, 34=50, 35=50, 36=50, 37=50, 38=50, 39=50, 140=50, 141=50, 142=50, 143=50, 144=50, 145=50, 146=50, 147=50, 148=50, 149=50, 40=50, 41=50, 42=50, 43=50, 44=50, 45=50, 46=50, 47=50, 48=50, 49=50, 150=50, 151=50, 152=50, 153=50, 154=50, 155=50, 156=50, 157=50, 158=50, 159=50, 50=50, 51=50, 52=50, 53=50, 54=50, 55=50, 56=50, 57=50, 58=50, 59=50, 160=50, 161=50, 162=50, 163=50, 164=50, 165=50, 166=50, 167=50, 168=50, 169=50, 60=50, 61=50, 62=50, 63=50, 64=50, 65=50, 66=50, 67=50, 68=50, 69=50, 170=50, 171=50, 172=50, 173=50, 174=50, 175=50, 176=50, 177=50, 178=50, 179=50, 70=50, 71=50, 72=50, 73=50, 74=50, 75=50, 76=50, 77=50, 78=50, 79=50, 180=50, 181=50, 182=50, 183=50, 184=50, 185=50, 186=50, 187=50, 188=50, 189=50, 80=50, 81=50, 82=50, 83=50, 84=50, 85=50, 86=50, 87=50, 88=50, 89=50, 190=50, 191=50, 192=50, 193=50, 194=50, 195=50, 196=50, 197=50, 198=50, 199=50, 90=50, 91=50, 92=50, 93=50, 94=50, 95=50, 96=50, 97=50, 98=50, 99=50, 200=50, 100=50, 101=50, 102=50, 103=50, 104=50, 105=50, 106=50, 107=50, 108=50, 109=50}
Number of gene trees: 50
0 trees have missing taxa
Calculating quartet distance matrix (for completion of X)
Species tree distances calculated ...
Building set of clusters (X) from gene trees 
------------------------------
gradient0: 5159
Number of Clusters after addition by distance: 5159
calculating extra bipartitions to be added at level 1 ...
Adding to X using resolutions of greedy consensus ...
Limit for sigma of degrees:5075
polytomy size limit : 26
discarded polytomies:  [3, 3, 3, 3, 3, 3, 3, 3, 3, 3, 3, 3, 3, 3, 3, 3, 4, 4, 4, 4, 4, 5, 5, 5, 5, 6, 14, 26]
Threshold 0.0:
Threshold 0.01:
Threshold 0.02:
Threshold 0.05:
polytomy of size 3; rounds with additions with at least 5 support: 1; clusters: 5161
polytomy of size 3; rounds with additions with at least 5 support: 0; clusters: 5161
Threshold 0.1:
polytomy of size 3; rounds with additions with at least 5 support: 0; clusters: 5161
polytomy of size 3; rounds with additions with at least 5 support: 0; clusters: 5161
polytomy of size 3; rounds with additions with at least 5 support: 0; clusters: 5161
polytomy of size 6; rounds with additions with at least 5 support: 2; clusters: 5167
polytomy of size 3; rounds with additions with at least 5 support: 0; clusters: 5167
Threshold 0.2:
polytomy of size 4; rounds with additions with at least 5 support: 0; clusters: 5167
polytomy of size 5; rounds with additions with at least 5 support: 0; clusters: 5167
polytomy of size 5; rounds with additions with at least 5 support: 0; clusters: 5167
polytomy of size 14; rounds with additions with at least 5 support: 0; clusters: 5175
polytomy of size 3; rounds with additions with at least 5 support: 0; clusters: 5175
Threshold 0.3333333333333333:
polytomy of size 3; rounds with additions with at least 5 support: 0; clusters: 5175
polytomy of size 4; rounds with additions with at least 5 support: 0; clusters: 5175
polytomy of size 3; rounds with additions with at least 5 support: 0; clusters: 5175
polytomy of size 5; rounds with additions with at least 5 support: 0; clusters: 5175
polytomy of size 3; rounds with additions with at least 5 support: 0; clusters: 5175
polytomy of size 4; rounds with additions with at least 5 support: 0; clusters: 5175
polytomy of size 3; rounds with additions with at least 5 support: 0; clusters: 5175
polytomy of size 3; rounds with additions with at least 5 support: 0; clusters: 5175
polytomy of size 3; rounds with additions with at least 5 support: 0; clusters: 5175
polytomy of size 3; rounds with additions with at least 5 support: 0; clusters: 5175
polytomy of size 26; rounds with additions with at least 5 support: 0; clusters: 5177
polytomy of size 3; rounds with additions with at least 5 support: 0; clusters: 5177
polytomy of size 4; rounds with additions with at least 5 support: 0; clusters: 5177
polytomy of size 3; rounds with additions with at least 5 support: 0; clusters: 5177
polytomy of size 4; rounds with additions with at least 5 support: 0; clusters: 5177
polytomy of size 5; rounds with additions with at least 5 support: 0; clusters: 5177
max k is :4
Number of Clusters after addition by greedy: 5177
gradient0 in heuristiic: 5177
partitions formed in 8.75 secs
Dynamic Programming starting after 8.75 secs
Using tree-based weight calculation.
Using polytree-based weight calculation.
Polytree max score: 3299842215
Polytree building time: 0.301 seconds.
Number of quartet trees in the gene trees: 3299842215
Size of largest cluster: 201
Greedy score: 2399675556
estimationFactor: 1.3751201518677303
Sub-optimal score: 2408060645
Total Number of elements weighted: 7802
Normalized score (portion of input quartet trees satisfied before correcting for multiple individuals): 0.7470618748963426
Optimization score: 2465186312
Optimal tree inferred in 13.462 secs.
(183,(81,((39,(85,(164,52))),(((38,161),(57,(151,177))),((106,174),(((115,((144,(1,42)),(160,((158,109),(156,19))))),(75,(((60,123),(7,62)),(37,(65,(94,(104,43))))))),(((111,99),((163,167),(78,67))),((145,17),((((198,162),(91,((114,89),(61,(31,36))))),((18,((6,147),(127,130))),(51,((80,195),(47,(110,118)))))),((0,(128,(120,(190,(8,(140,(54,186))))))),(((102,178),(181,((171,155),((133,83),(56,101))))),((21,(117,(49,55))),(((146,(40,191)),((138,182),(142,(200,26)))),(((((16,59),(73,(159,(95,(41,(77,(24,149))))))),(((185,4),(173,(121,74))),((179,32),((175,10),(72,172))))),((139,(134,44)),((112,(141,((105,84),(116,98)))),(((33,(20,27)),(165,(157,(28,196)))),(113,((180,108),((13,63),(34,((124,148),(82,(152,14))))))))))),(((((199,70),(154,9)),(3,(2,(119,(66,(64,132)))))),((187,129),(79,((176,90),((50,(23,153)),(35,(58,(192,(170,100))))))))),((((184,5),(137,(53,166))),((125,(103,197)),(25,(150,(188,(93,143)))))),(30,((168,(169,126)),((86,(69,((97,(122,92)),((107,(48,22)),(193,(71,(131,(15,136)))))))),(((87,68),(45,(88,(194,46)))),(135,((29,(189,96)),(12,(11,76))))))))))))))))))))))));
Final quartet score is: 2465186312
Final normalized quartet score is: 0.7470618748963426
Extended species tree:
(112,((141,((105,84)0.93:0.2116633915827515,(116,98)1:0.6086772276365947)1:0.5134177005133194)1:1.1990828190317444,((((33,(20,27)0.63:0.09139628048318847)1:1.2113529116235588,(165,(157,(28,196)1:0.580327919614443)1:0.3491530760368969)1:0.8109302162163292)1:1.5044774504874487,(113,((180,108)1:2.023447272325262,((13,63)1:1.9117546420236187,(34,((124,148)1:1.6277110976783815,(82,(152,14)1:0.7330226534761696)1:0.5050649375025552)0.46:0.0348121445345121)1:1.6624812413859298)0.75:0.15624459859552148)0.96:0.23584970770249566)1:0.5449892705171705)1:1.2873846678168006,((139,(134,44)1:3.5263605246161593)0.56:0.0841572572967853,((((16,59)1:2.8752998168823827,(73,(159,(95,(41,(77,(24,149)0.92:0.21128235605674553)0.4:0.014293480387850426)1:1.0633760938113133)1:1.0405426844048826)0.43:0.03131586871072407)1:0.3670581767849198)1:1.8027358663224142,(((185,4)1:3.5263605246161593,(173,(121,74)1:1.2236763972075755)1:2.8332133440562166)0.62:0.08566131771948746,((179,32)1:2.6100697927420056,((175,10)1:2.4277482359480516,(72,172)1:1.9182581649903887)0.41:0.016040482277606592)1:1.6807277587371694)0.89:0.183637930382958)1:0.5619304989659725,((((((199,70)1:1.9169226121820613,(154,9)1:0.39086630868701183)1:2.0126342687279464,(3,(2,(119,(66,(64,132)0.59:0.0725706928348355)0.99:0.3064888820994464)1:1.2148022062561452)1:1.3400211879596131)1:0.732869405343836)1:1.2581270044857602,((187,129)1:3.1516670751747533,(79,((176,90)1:3.5263605246161593,((50,(23,153)1:1.5318663757051043)1:0.6823251218357658,(35,(58,(192,(170,100)1:0.636830872032919)1:0.960045446524827)0.95:0.23146892761122867)1:0.8056674961501964)0.69:0.13395091540152082)1:2.6209178948923046)0.99:0.31025448952340445)1:0.41965342343232437)0.46:0.032100581742741024,((((184,5)1:2.4277482359480516,(137,(53,166)1:2.8382766460127633)0.99:0.30748469974796055)1:2.571974917689323,((125,(103,197)0.88:0.19051832399813326)1:3.5263605246161593,(25,(150,(188,(93,143)0.55:0.05985040984808586)0.99:0.34942817573801577)0.98:0.2683016857747267)1:3.311901159809519)1:1.1449445872546151)0.45:0.038518464038513035,(30,((168,(169,126)1:2.4277482359480516)1:1.457597441063855,((86,(69,((97,(122,92)1:1.2237754316221159)1:0.8913999209999093,((107,(48,22)1:0.43715630706959663)0.95:0.22734315279816603,(193,(71,(131,(15,136)1:0.5090595075001868)0.56:0.06133870920346532)0.77:0.1273196615810312)1:1.0467933780977616)1:0.5153133761917161)1:0.6978403463949229)1:1.1895407190686509)0.98:0.287778320709151,(((87,68)1:0.5382930184666015,(45,(88,(194,46)0.95:0.230710731851551)0.75:0.12541698227507947)1:1.11342737445325)1:3.5263605246161593,(135,((29,(189,96)1:0.7528252807723493)1:1.6045479271399097,(12,(11,76)1:0.7537718023763802)1:2.399102637871089)1:0.781648171904635)1:0.521143234546007)0.6:0.0759733676278131)0.84:0.15653203539699162)0.55:0.05924395174634458)1:0.5310313830565883)1:0.4301056192843822)1:0.3682532732338835,(((146,(40,191)1:2.8332133440562166)0.51:0.05490912116780098,((138,182)0.97:0.26826398659467915,(142,(200,26)0.98:0.28727811365008493)1:0.5853144757567299)1:2.0559795642036534)1:1.7097525684321577,((21,(117,(49,55)1:0.5621189181535411)1:1.5114575040738965)1:3.5263605246161593,(((102,178)1:1.5182219041624385,(181,((171,155)1:1.3574533551282835,((133,83)0.95:0.23071168155118466,(56,101)1:1.5083169103457934)0.48:0.0482218867556053)0.43:0.04092622978882648)1:0.3517849586445407)1:3.4135650304708127,((0,(128,(120,(190,(8,(140,(54,186)1:1.328574937447556)1:0.41284521540578695)1:0.8406672306152282)1:1.174374953121869)0.82:0.1604520767913599)1:0.535085492792489)0.38:0.007600445122178507,((((198,162)1:3.5263605246161593,(91,((114,89)1:0.7847527463346294,(61,(31,36)1:0.3489382067615748)1:0.364001062843846)0.99:0.3103904718215932)1:2.283641205460413)1:1.2906298747512233,((18,((6,147)1:3.028220573685118,(127,130)1:0.8107933551860491)1:2.0872252453265547)0.85:0.16510224274015567,(51,((80,195)1:2.14006616349627,(47,(110,118)1:0.6362693897048607)1:1.176687395523214)1:1.7328931130429501)0.75:0.12177940058860522)1:1.09076500801172)1:1.1949040758162626,((145,17)1:3.5263605246161593,(((111,99)1:1.5453590557495775,((163,167)1:3.1141500283684658,(78,67)1:0.40688444872667334)0.57:0.07943015022712357)1:2.3410324675747702,(((115,((144,(1,42)1:1.0414538748281608)1:2.8332133440562166,(160,((158,109)1:0.7850293817484543,(156,19)1:1.387190552367326)0.99:0.3276874070654803)1:2.139742381722356)1:1.3071570405611672)0.64:0.08601507614185776,(75,(((60,123)1:1.5803508384085239,(7,62)1:1.9169226121820613)1:2.3979871887872206,(37,(65,(94,(104,43)1:0.5819215454497209)1:3.52129722265961)1:0.6308996972125258)1:0.45004482421898123)0.98:0.2820925489774257)0.93:0.2132209349574426)0.82:0.1490873763682153,((106,174)1:3.5263605246161593,(((38,161)1:1.9169226121820613,(57,(151,177)1:0.34830669426821587)1:2.4277482359480516)1:1.5192067503201288,((39,(85,(164,52)0.79:0.1393352226440061)1:2.022283127839887)1:2.223819450566344,(81,183)1:1.6478746192751723)0.63:0.10915166271109523)1:0.6419759211527786)1:0.39638135755431514)1:0.7754815182407272)0.61:0.08091844115624884)0.79:0.1371229759312293)0.72:0.11694776730119825)0.54:0.06192195545696512)0.98:0.27416103248855894)0.5:0.04572745907943372)0.43:0.02272435390971448)1:1.2858864352868853)0.94:0.21401998406380843)0.91:0.19593647098196912)1:1.754338399190692));
Weight calculation took 3.302954252 secs
ASTRAL finished in 15.386 secs
