
================== ASTRAL ===================== 

This is ASTRAL version 5.7.8
Gene trees are treated as unrooted
1000 trees read from Dataset/AstralII_data/model.200.10000000.0.000001/10/estimatedgenetre.halfresolved
index0
All output trees will be *arbitrarily* rooted at 84

======== Running the main analysis
Number of taxa: 201 (201 species)
Taxa: [84, 31, 100, 33, 180, 194, 81, 122, 78, 157, 52, 167, 156, 140, 161, 125, 23, 20, 135, 15, 98, 185, 123, 199, 186, 82, 95, 63, 193, 79, 12, 115, 164, 137, 141, 92, 25, 85, 172, 120, 118, 36, 44, 160, 91, 60, 96, 133, 130, 19, 171, 131, 14, 200, 11, 108, 30, 27, 184, 187, 6, 64, 72, 70, 109, 117, 38, 127, 13, 2, 159, 0, 112, 32, 151, 71, 43, 195, 57, 139, 97, 196, 54, 39, 190, 152, 107, 69, 150, 106, 61, 168, 176, 50, 16, 182, 94, 101, 10, 129, 134, 93, 158, 178, 65, 88, 144, 153, 189, 169, 119, 175, 105, 136, 4, 170, 55, 9, 148, 146, 154, 49, 48, 163, 99, 24, 17, 56, 46, 45, 62, 75, 145, 128, 86, 53, 132, 68, 121, 149, 35, 77, 1, 179, 34, 89, 103, 110, 59, 51, 162, 102, 183, 155, 113, 191, 80, 104, 58, 3, 21, 83, 47, 197, 18, 114, 181, 126, 166, 147, 111, 22, 73, 198, 8, 74, 26, 76, 90, 124, 173, 138, 66, 142, 87, 188, 7, 42, 177, 5, 67, 28, 174, 37, 116, 143, 41, 192, 40, 29, 165]
Taxon occupancy: {110=1000, 111=1000, 112=1000, 113=1000, 114=1000, 115=1000, 116=1000, 117=1000, 118=1000, 119=1000, 10=1000, 11=1000, 12=1000, 13=1000, 14=1000, 15=1000, 16=1000, 17=1000, 18=1000, 19=1000, 120=1000, 0=1000, 121=1000, 122=1000, 1=1000, 123=1000, 2=1000, 3=1000, 124=1000, 125=1000, 4=1000, 126=1000, 5=1000, 6=1000, 127=1000, 128=1000, 7=1000, 129=1000, 8=1000, 9=1000, 20=1000, 21=1000, 22=1000, 23=1000, 24=1000, 25=1000, 26=1000, 27=1000, 28=1000, 29=1000, 130=1000, 131=1000, 132=1000, 133=1000, 134=1000, 135=1000, 136=1000, 137=1000, 138=1000, 139=1000, 30=1000, 31=1000, 32=1000, 33=1000, 34=1000, 35=1000, 36=1000, 37=1000, 38=1000, 39=1000, 140=1000, 141=1000, 142=1000, 143=1000, 144=1000, 145=1000, 146=1000, 147=1000, 148=1000, 149=1000, 40=1000, 41=1000, 42=1000, 43=1000, 44=1000, 45=1000, 46=1000, 47=1000, 48=1000, 49=1000, 150=1000, 151=1000, 152=1000, 153=1000, 154=1000, 155=1000, 156=1000, 157=1000, 158=1000, 159=1000, 50=1000, 51=1000, 52=1000, 53=1000, 54=1000, 55=1000, 56=1000, 57=1000, 58=1000, 59=1000, 160=1000, 161=1000, 162=1000, 163=1000, 164=1000, 165=1000, 166=1000, 167=1000, 168=1000, 169=1000, 60=1000, 61=1000, 62=1000, 63=1000, 64=1000, 65=1000, 66=1000, 67=1000, 68=1000, 69=1000, 170=1000, 171=1000, 172=1000, 173=1000, 174=1000, 175=1000, 176=1000, 177=1000, 178=1000, 179=1000, 70=1000, 71=1000, 72=1000, 73=1000, 74=1000, 75=1000, 76=1000, 77=1000, 78=1000, 79=1000, 180=1000, 181=1000, 182=1000, 183=1000, 184=1000, 185=1000, 186=1000, 187=1000, 188=1000, 189=1000, 80=1000, 81=1000, 82=1000, 83=1000, 84=1000, 85=1000, 86=1000, 87=1000, 88=1000, 89=1000, 190=1000, 191=1000, 192=1000, 193=1000, 194=1000, 195=1000, 196=1000, 197=1000, 198=1000, 199=1000, 90=1000, 91=1000, 92=1000, 93=1000, 94=1000, 95=1000, 96=1000, 97=1000, 98=1000, 99=1000, 200=1000, 100=1000, 101=1000, 102=1000, 103=1000, 104=1000, 105=1000, 106=1000, 107=1000, 108=1000, 109=1000}
Number of gene trees: 1000
0 trees have missing taxa
Calculating quartet distance matrix (for completion of X)
Species tree distances calculated ...
Building set of clusters (X) from gene trees 
------------------------------
gradient0: 35521
Number of Clusters after addition by distance: 35521
calculating extra bipartitions to be added at level 1 ...
Adding to X using resolutions of greedy consensus ...
Limit for sigma of degrees:5075
polytomy size limit : 11
discarded polytomies:  [3, 3, 3, 3, 3, 3, 3, 3, 3, 3, 4, 4, 4, 4, 4, 4, 5, 5, 7, 7, 11, 11]
Threshold 0.0:
Threshold 0.01:
Threshold 0.02:
Threshold 0.05:
Threshold 0.1:
polytomy of size 3; rounds with additions with at least 5 support: 0; clusters: 35521
polytomy of size 3; rounds with additions with at least 5 support: 0; clusters: 35521
polytomy of size 3; rounds with additions with at least 5 support: 0; clusters: 35521
Threshold 0.2:
polytomy of size 4; rounds with additions with at least 5 support: 0; clusters: 35521
polytomy of size 4; rounds with additions with at least 5 support: 0; clusters: 35521
polytomy of size 4; rounds with additions with at least 5 support: 0; clusters: 35521
polytomy of size 5; rounds with additions with at least 5 support: 0; clusters: 35521
polytomy of size 4; rounds with additions with at least 5 support: 0; clusters: 35521
polytomy of size 4; rounds with additions with at least 5 support: 0; clusters: 35521
Threshold 0.3333333333333333:
polytomy of size 3; rounds with additions with at least 5 support: 0; clusters: 35521
polytomy of size 3; rounds with additions with at least 5 support: 0; clusters: 35521
polytomy of size 11; rounds with additions with at least 5 support: 0; clusters: 35521
polytomy of size 3; rounds with additions with at least 5 support: 0; clusters: 35521
polytomy of size 3; rounds with additions with at least 5 support: 0; clusters: 35521
polytomy of size 11; rounds with additions with at least 5 support: 0; clusters: 35521
polytomy of size 3; rounds with additions with at least 5 support: 0; clusters: 35521
polytomy of size 3; rounds with additions with at least 5 support: 0; clusters: 35521
polytomy of size 5; rounds with additions with at least 5 support: 0; clusters: 35521
polytomy of size 4; rounds with additions with at least 5 support: 0; clusters: 35521
polytomy of size 3; rounds with additions with at least 5 support: 0; clusters: 35521
polytomy of size 7; rounds with additions with at least 5 support: 0; clusters: 35521
polytomy of size 7; rounds with additions with at least 5 support: 0; clusters: 35521
max k is :0
Number of Clusters after addition by greedy: 35521
gradient0 in heuristiic: 35521
partitions formed in 28.658 secs
Dynamic Programming starting after 28.658 secs
Using tree-based weight calculation.
Using polytree-based weight calculation.
Polytree max score: 65995816632
Polytree building time: 2.252 seconds.
Number of quartet trees in the gene trees: 65995816632
Size of largest cluster: 201
Greedy score: 59741162232
estimationFactor: 1.1046958941928606
Sub-optimal score: 61754969450
Calculated 100000 weights; time (seconds): 185
Total Number of elements weighted: 170593
Normalized score (portion of input quartet trees satisfied before correcting for multiple individuals): 0.9423984325825169
Optimization score: 62194354151
Optimal tree inferred in 299.269 secs.
(162,(51,(102,(183,((((113,191),(59,155)),(58,((80,104),(3,21)))),(110,((179,18),((34,(103,(89,197))),((47,(83,114)),((149,(35,(77,1))),((68,121),((45,(62,(75,(145,(128,86))))),((53,132),((0,(((195,196),((190,152),((32,(151,71)),(43,(112,(54,39)))))),((57,(139,97)),((46,((61,168),(176,(50,16)))),(((17,56),((150,106),(107,69))),(154,(((94,(182,(101,10))),((163,(170,(55,9))),((129,(93,158)),(49,(99,24))))),((48,((136,4),(148,(178,65)))),(134,(146,((169,105),((88,144),(175,(153,(189,119))))))))))))))),(((117,(127,(13,(38,2)))),(((78,157),(33,(180,(81,(194,122))))),(((140,161),((125,23),(20,135))),((98,185),(15,((123,(199,186)),(167,(52,156)))))))),(((181,((111,22),(126,(166,147)))),((41,((192,(87,7)),((142,188),(173,(138,66))))),((131,(19,171)),((118,200),((130,14),((96,133),((36,60),((44,11),(160,91))))))))),(((64,72),((63,193),((82,95),(115,(79,12))))),((124,(74,((76,90),(8,26)))),(((172,120),((31,100),(40,(70,109)))),((73,198),((42,((5,(177,67)),((28,174),(37,(116,143))))),((27,184),(((108,30),(187,6)),(84,(159,((29,165),(92,((25,85),(164,(137,141))))))))))))))))))))))))))))));
Final quartet score is: 62194354151
Final normalized quartet score is: 0.9423984325825169
Extended species tree:
(84,((159,((29,165)1:2.9440074089346355,(92,((25,85)1:0.368782864911557,(164,(137,141)0.93:0.05594574760312969)1:0.38347582790874585)1:0.8580068091320583)1:1.3945413610069441)1:0.09025042289845835)1:0.15290936582234943,(((108,30)1:2.1319839617682614,(187,6)1:1.432980989366509)1:0.3062964015244913,((27,184)1:2.351425126473582,((42,((5,(177,67)1:0.11698475530986116)1:2.981211183568734,((28,174)1:0.7678508644573127,(37,(116,143)1:1.5518765514640331)1:0.7222799524574697)1:0.6626894807631303)1:0.6308384220420964)1:1.559471891747031,((73,198)1:3.2435525615757026,(((172,120)1:3.077456718033482,((31,100)1:1.9444067423383942,(40,(70,109)1:1.9464562987138911)1:1.2131679741893888)1:0.8748381913933949)1:0.39835451256476284,((124,(74,((76,90)1:0.57050969880465,(8,26)1:2.020139346208363)1:1.341910413053807)1:0.7835464213741342)1:1.576759947024235,(((64,72)1:2.59363896587975,((63,193)1:0.7312096116226051,((82,95)1:2.144130426019664,(115,(79,12)1:0.5276366462322247)1:1.8850332962787613)1:0.7238067311361877)1:1.8256615054572605)1:0.5092756184839108,(((181,((111,22)1:1.557207610220366,(126,(166,147)1:0.8735240221973174)1:0.44517511368987206)1:1.403736468005742)1:2.670860736290659,((41,((192,(87,7)1:2.1392410141321276)1:1.233949573550653,((142,188)1:1.4893837959950065,(173,(138,66)1:0.912228839652287)1:0.3933023483469879)1:0.8186772501611008)1:1.6720690518720398)1:0.14658633565639034,((131,(19,171)1:1.7357569655177087)1:1.567629222116658,((118,200)1:0.5804775666739255,((130,14)1:2.0869025196804576,((96,133)1:1.5462979942833979,((36,60)0.99:0.06608490956407966,((44,11)1:0.48702622804034107,(160,91)1:0.23723947448445623)1:0.2938864768346294)1:1.9254981890405778)0.96:0.05773929911484941)0.97:0.05378878632724572)1:1.0086519009173769)1:1.066777630005539)1:1.3927525895145048)1:0.9844377982820655,(((117,(127,(13,(38,2)1:0.3987978424986514)1:0.2206341204218061)1:0.5501833344762493)1:4.327555839769305,(((78,157)1:3.578466684556651,(33,(180,(81,(194,122)1:0.294647277290067)1:2.321072161938284)1:1.5367206797551378)1:1.4242091928050478)1:1.1301472090576659,(((140,161)1:1.460161927631817,((125,23)1:2.329780433433844,(20,135)0.92:0.04492453276436894)1:1.792632494160869)1:0.22226916812573472,((98,185)1:0.6781507820266904,(15,((123,(199,186)1:0.43822828665597574)1:1.7465627008334343,(167,(52,156)1:0.315383814298961)1:1.6446443122582417)0.8:0.0400289419591824)1:0.42661745065751927)1:1.517586021766374)1:2.3334498983931544)1:2.691030119675217)1:0.39072971421268465,((0,(((195,196)1:2.4605248873238867,((190,152)1:0.36631040132321746,((32,(151,71)1:0.868738879314166)1:2.2889238366591425,(43,(112,(54,39)1:1.3058777000953201)1:0.4092560237973186)1:0.9388063809669547)1:0.37091263823888143)1:0.8890794319639479)1:1.7531163659011197,((57,(139,97)1:1.965545350200593)1:3.458120852214048,((46,((61,168)1:3.1282690630983665,(176,(50,16)1:2.4210579981442244)1:1.7585251261861317)1:0.8733829768299775)1:0.2786459055356097,(((17,56)1:2.1720420151686133,((150,106)1:2.330682728561046,(107,69)1:2.0897713506572035)1:1.124055818394879)1:0.36768719582650095,(154,(((94,(182,(101,10)1:0.3630530784710296)0.39:0.004467579198184604)1:1.3932243335060839,((163,(170,(55,9)1:0.5279196190154278)1:0.2597004935252273)1:0.5350835190520291,((129,(93,158)1:1.7106642261659364)1:0.36568637729039705,(49,(99,24)1:1.1487897450340614)1:0.8622380361955218)1:0.12059048897807836)1:0.09224770208043002)1:0.6182046883864472,((48,((136,4)1:0.3662467313387199,(148,(178,65)1:0.17957527742138896)1:1.6399091772271557)1:0.2756598526647441)1:0.2680480655489895,(134,(146,((169,105)1:1.3650627975337761,((88,144)1:1.3329323461321885,(175,(153,(189,119)1:0.22053773785114852)1:0.43369281265831666)1:0.9837043998047124)1:0.1881930450557948)1:0.5394269907975077)1:0.42749584140631725)1:0.28151603328360875)1:0.08438700438051788)1:0.6762977891045755)1:0.8196391478941354)1:0.7451629224051146)1:0.949864950539231)0.99:0.0669428602730261)1:3.0753915898312316)1:2.0436390334034593,((53,132)1:5.261084983386149,((45,(62,(75,(145,(128,86)1:1.0819691349506604)1:0.7713505401378365)1:2.07204963366355)1:0.11085729308580573)1:2.3248805869055538,((68,121)1:2.92642790426781,((149,(35,(77,1)1:0.3748923566523146)1:0.2923166940988295)1:2.1471784830265666,((47,(83,114)1:0.5353782906196002)1:2.2090727161691213,((34,(103,(89,197)1:0.5878818738936061)1:0.1848997690013705)1:1.8490517290102235,((179,18)1:2.0810544574234053,(110,((((113,191)1:0.6387573379861103,(59,155)1:0.09035881945005277)0.8:0.03254565229493592,(58,((80,104)1:0.6315147247056238,(3,21)1:0.3710651438632556)1:0.16169628265643288)1:0.4836898892093272)1:0.45601577801890153,(183,(102,(51,162)1:0.47532752882624224)0.97:0.05808806929962142)1:1.0006077037704637)1:0.29878014131678)1:0.46080273031606345)0.98:0.057233058540499704)1:0.10515056034796005)1:1.1827273164015455)1:0.8494266294892593)1:2.042090854913207)1:0.16604251504502354)1:3.1884687972569115)1:2.373750764957359)1:2.406104084094794)1:1.5006707466323024)1:0.09727261143606868)1:0.09305322231620414)1:0.30807769540523583)1:0.08327830308862921)1:1.4175340653330621)1:0.12760365414084338)1:0.48204458655186166));
Weight calculation took 258.814293345 secs
ASTRAL finished in 308.632 secs
