
================== ASTRAL ===================== 

This is ASTRAL version 5.7.8
Gene trees are treated as unrooted
50 trees read from Dataset/AstralII_data/model.200.10000000.0.000001/10/estimatedgenetre.halfresolved_50
index0
All output trees will be *arbitrarily* rooted at 84

======== Running the main analysis
Number of taxa: 201 (201 species)
Taxa: [84, 31, 100, 33, 180, 194, 81, 122, 78, 157, 52, 167, 156, 140, 161, 125, 23, 20, 135, 15, 98, 185, 123, 199, 186, 82, 95, 63, 193, 79, 12, 115, 164, 137, 141, 92, 25, 85, 172, 120, 118, 36, 44, 160, 91, 60, 96, 133, 130, 19, 171, 131, 14, 200, 11, 108, 30, 27, 184, 187, 6, 64, 72, 70, 109, 117, 38, 127, 13, 2, 159, 0, 112, 32, 151, 71, 43, 195, 57, 139, 97, 196, 54, 39, 190, 152, 107, 69, 150, 106, 61, 168, 176, 50, 16, 182, 94, 101, 10, 129, 134, 93, 158, 178, 65, 88, 144, 153, 189, 169, 119, 175, 105, 136, 4, 170, 55, 9, 148, 146, 154, 49, 48, 163, 99, 24, 17, 56, 46, 45, 62, 75, 145, 128, 86, 53, 132, 68, 121, 149, 35, 77, 1, 179, 34, 89, 103, 110, 59, 51, 162, 102, 183, 155, 113, 191, 80, 104, 58, 3, 21, 83, 47, 197, 18, 114, 181, 126, 166, 147, 111, 22, 73, 198, 8, 74, 26, 76, 90, 124, 173, 138, 66, 142, 87, 188, 7, 42, 177, 5, 67, 28, 174, 37, 116, 143, 41, 192, 40, 29, 165]
Taxon occupancy: {110=50, 111=50, 112=50, 113=50, 114=50, 115=50, 116=50, 117=50, 118=50, 119=50, 10=50, 11=50, 12=50, 13=50, 14=50, 15=50, 16=50, 17=50, 18=50, 19=50, 120=50, 0=50, 121=50, 122=50, 1=50, 123=50, 2=50, 3=50, 124=50, 125=50, 4=50, 126=50, 5=50, 6=50, 127=50, 128=50, 7=50, 129=50, 8=50, 9=50, 20=50, 21=50, 22=50, 23=50, 24=50, 25=50, 26=50, 27=50, 28=50, 29=50, 130=50, 131=50, 132=50, 133=50, 134=50, 135=50, 136=50, 137=50, 138=50, 139=50, 30=50, 31=50, 32=50, 33=50, 34=50, 35=50, 36=50, 37=50, 38=50, 39=50, 140=50, 141=50, 142=50, 143=50, 144=50, 145=50, 146=50, 147=50, 148=50, 149=50, 40=50, 41=50, 42=50, 43=50, 44=50, 45=50, 46=50, 47=50, 48=50, 49=50, 150=50, 151=50, 152=50, 153=50, 154=50, 155=50, 156=50, 157=50, 158=50, 159=50, 50=50, 51=50, 52=50, 53=50, 54=50, 55=50, 56=50, 57=50, 58=50, 59=50, 160=50, 161=50, 162=50, 163=50, 164=50, 165=50, 166=50, 167=50, 168=50, 169=50, 60=50, 61=50, 62=50, 63=50, 64=50, 65=50, 66=50, 67=50, 68=50, 69=50, 170=50, 171=50, 172=50, 173=50, 174=50, 175=50, 176=50, 177=50, 178=50, 179=50, 70=50, 71=50, 72=50, 73=50, 74=50, 75=50, 76=50, 77=50, 78=50, 79=50, 180=50, 181=50, 182=50, 183=50, 184=50, 185=50, 186=50, 187=50, 188=50, 189=50, 80=50, 81=50, 82=50, 83=50, 84=50, 85=50, 86=50, 87=50, 88=50, 89=50, 190=50, 191=50, 192=50, 193=50, 194=50, 195=50, 196=50, 197=50, 198=50, 199=50, 90=50, 91=50, 92=50, 93=50, 94=50, 95=50, 96=50, 97=50, 98=50, 99=50, 200=50, 100=50, 101=50, 102=50, 103=50, 104=50, 105=50, 106=50, 107=50, 108=50, 109=50}
Number of gene trees: 50
0 trees have missing taxa
Calculating quartet distance matrix (for completion of X)
Species tree distances calculated ...
Building set of clusters (X) from gene trees 
------------------------------
gradient0: 5187
Number of Clusters after addition by distance: 5187
calculating extra bipartitions to be added at level 1 ...
Adding to X using resolutions of greedy consensus ...
Limit for sigma of degrees:5075
polytomy size limit : 12
discarded polytomies:  [3, 3, 3, 3, 3, 3, 3, 3, 3, 3, 3, 3, 3, 3, 4, 4, 4, 4, 4, 4, 4, 5, 5, 7, 7, 12]
Threshold 0.0:
Threshold 0.01:
Threshold 0.02:
Threshold 0.05:
Threshold 0.1:
polytomy of size 3; rounds with additions with at least 5 support: 0; clusters: 5187
polytomy of size 3; rounds with additions with at least 5 support: 0; clusters: 5187
Threshold 0.2:
polytomy of size 4; rounds with additions with at least 5 support: 0; clusters: 5187
polytomy of size 4; rounds with additions with at least 5 support: 0; clusters: 5187
polytomy of size 5; rounds with additions with at least 5 support: 0; clusters: 5187
polytomy of size 3; rounds with additions with at least 5 support: 0; clusters: 5189
polytomy of size 4; rounds with additions with at least 5 support: 0; clusters: 5189
Threshold 0.3333333333333333:
polytomy of size 3; rounds with additions with at least 5 support: 0; clusters: 5189
polytomy of size 3; rounds with additions with at least 5 support: 0; clusters: 5189
polytomy of size 3; rounds with additions with at least 5 support: 0; clusters: 5189
polytomy of size 3; rounds with additions with at least 5 support: 0; clusters: 5189
polytomy of size 5; rounds with additions with at least 5 support: 0; clusters: 5189
polytomy of size 4; rounds with additions with at least 5 support: 0; clusters: 5189
polytomy of size 3; rounds with additions with at least 5 support: 0; clusters: 5189
polytomy of size 3; rounds with additions with at least 5 support: 0; clusters: 5189
polytomy of size 3; rounds with additions with at least 5 support: 0; clusters: 5189
polytomy of size 3; rounds with additions with at least 5 support: 0; clusters: 5189
polytomy of size 12; rounds with additions with at least 5 support: 0; clusters: 5189
polytomy of size 3; rounds with additions with at least 5 support: 0; clusters: 5189
polytomy of size 3; rounds with additions with at least 5 support: 0; clusters: 5189
polytomy of size 3; rounds with additions with at least 5 support: 0; clusters: 5189
polytomy of size 4; rounds with additions with at least 5 support: 0; clusters: 5189
polytomy of size 4; rounds with additions with at least 5 support: 0; clusters: 5189
polytomy of size 4; rounds with additions with at least 5 support: 0; clusters: 5189
polytomy of size 7; rounds with additions with at least 5 support: 0; clusters: 5189
polytomy of size 7; rounds with additions with at least 5 support: 0; clusters: 5189
max k is :0
Number of Clusters after addition by greedy: 5189
gradient0 in heuristiic: 5189
partitions formed in 7.224 secs
Dynamic Programming starting after 7.224 secs
Using tree-based weight calculation.
Using polytree-based weight calculation.
Polytree max score: 3299841510
Polytree building time: 0.103 seconds.
Number of quartet trees in the gene trees: 3299841510
Size of largest cluster: 201
Greedy score: 2623938705
estimationFactor: 1.2575909276051478
Sub-optimal score: 3066507604
Total Number of elements weighted: 7945
Normalized score (portion of input quartet trees satisfied before correcting for multiple individuals): 0.9448135795467341
Optimization score: 3117735069
Optimal tree inferred in 9.924 secs.
(86,(128,(145,(75,(45,(62,(((68,121),((149,(35,(77,1))),((47,(83,114)),(((179,18),(34,(103,(89,197)))),(110,((102,(183,(51,162))),(((59,155),(113,191)),(58,((80,104),(3,21)))))))))),((53,132),((0,(((195,196),((190,152),((32,(151,71)),(43,(112,(54,39)))))),((57,(139,97)),((46,((61,168),(176,(50,16)))),(((17,56),((107,69),(150,106))),(154,((((129,(93,158)),(49,(99,24))),((163,(170,(55,9))),(182,(94,(101,10))))),((48,((136,4),(148,(178,65)))),(134,(146,((169,105),((88,144),(175,(153,(189,119))))))))))))))),(((117,((127,13),(38,2))),(((78,157),(33,(180,(81,(194,122))))),(((140,161),((125,23),(20,135))),((98,185),(15,((123,(199,186)),(167,(52,156)))))))),(((181,((111,22),(126,(166,147)))),((41,((192,(87,7)),((142,188),(173,(138,66))))),((131,(19,171)),((96,133),((118,200),((130,14),(60,(36,((44,11),(160,91)))))))))),(((64,72),((63,193),((82,95),(115,(79,12))))),((124,(74,((76,90),(8,26)))),(((172,120),((31,100),(40,(70,109)))),((73,198),((42,((67,(177,5)),((28,174),(37,(116,143))))),((27,184),(((108,30),(187,6)),(84,(159,((29,165),(92,((25,85),(164,(137,141)))))))))))))))))))))))));
Final quartet score is: 3117735069
Final normalized quartet score is: 0.9448135795467341
Extended species tree:
(84,((159,((29,165)1:2.830626020491267,(92,((25,85)0.97:0.2554308647468032,(164,(137,141)0.8:0.14713536201003807)1:0.3855693397631048)1:0.778361223646592)1:1.4206907079947997)0.56:0.08015547615039846)0.96:0.24318344497572253,(((108,30)1:1.6151274022538145,(187,6)1:1.8151726677124664)0.96:0.2436115068440128,((27,184)1:1.7755168981558145,((42,((67,(177,5)0.42:0.020619287202735592)1:2.8332133440562166,((28,174)1:0.6314638721217067,(37,(116,143)1:1.4507140539048768)1:0.7299817871488317)1:0.7939688123322947)1:0.8229041925241789)1:1.343342283896266,((73,198)1:2.8217846482325943,(((172,120)1:3.0984683807205524,((31,100)1:1.8923959333844875,(40,(70,109)1:1.9169226121820613)1:1.2116048960018604)1:0.4702866690955923)0.98:0.290636523650968,((124,(74,((76,90)1:0.4354334447797502,(8,26)1:1.82207400635316)1:1.35497717846383)1:0.7388989788161664)1:1.2276191262966794,(((64,72)1:2.5278316945050334,((63,193)1:0.6692980065854337,((82,95)1:1.918965513811861,(115,(79,12)1:0.7991813237272457)1:2.0188875388387495)1:0.6007723740865586)1:1.7030721077794435)1:0.3638402515362485,(((181,((111,22)1:1.6284755263052353,(126,(166,147)1:0.8199952438788709)1:0.3587779941355112)1:1.5339303599259557)1:2.8332133440562166,((41,((192,(87,7)1:1.8951018207296444)1:1.4234909127501716,((142,188)1:1.9792770935252084,(173,(138,66)1:0.9598583718115641)1:0.5080533595995954)1:0.5645298027378518)1:1.694890789720541)0.9:0.19311740950648687,((131,(19,171)1:1.9169226121820613)1:1.7010455412746452,((96,133)1:1.2430417634202842,((118,200)1:0.6614706668647791,((130,14)1:2.081170150580454,(60,(36,((44,11)1:0.4846363822184329,(160,91)1:0.3858225911653087)0.67:0.12166365533223399)0.42:0.025094360578507578)1:1.7731587759343321)0.54:0.06636752052743632)0.64:0.1035886917223295)1:0.7435309604767594)1:0.9323339562464287)1:1.547795307282658)1:0.7930240204309759,(((117,((127,13)0.51:0.09796525463023296,(38,2)1:0.4821509668844823)1:0.4650896144433064)1:3.5263605246161593,(((78,157)1:3.5263605246161593,(33,(180,(81,(194,122)0.89:0.1945168298877728)1:1.5804503755608483)1:1.224796360756223)1:1.140723774018237)1:1.185837592281724,(((140,161)1:1.1432594631730635,((125,23)1:2.4142031180863754,(20,135)0.88:0.1849384371560369)1:1.820680465861073)0.99:0.336153396458881,((98,185)1:0.638088975309743,(15,((123,(199,186)1:0.396231432161219)1:2.057659388527855,(167,(52,156)0.92:0.21182923890348085)1:1.161884643406986)0.78:0.14681627863603533)0.69:0.11208354578237993)1:1.4733961009162515)1:2.233592221507093)1:2.4277482359480516)1:0.5819215454497209,((0,(((195,196)1:2.223415990585934,((190,152)1:0.41655579480232263,((32,(151,71)1:0.6931471805599453)1:2.5100845226086848,(43,(112,(54,39)1:1.5768493633872533)0.86:0.16529797937443622)1:0.8813481258054708)0.97:0.25730661030368046)1:0.8448756157931799)1:1.6296482315209375,((57,(139,97)1:1.9169226121820613)1:3.45891924382063,((46,((61,168)1:3.5263605246161593,(176,(50,16)1:1.9169226121820613)1:1.5013051326098792)1:0.7975584792504394)0.89:0.1805750801161638,(((17,56)1:3.0939267058321813,((107,69)1:2.373413884984722,(150,106)1:2.0211557320045794)1:1.3956395153827634)0.45:0.03285857425222567,(154,((((129,(93,158)1:1.9078727766621424)0.94:0.22764518823729446,(49,(99,24)1:0.7509349210411802)1:0.964274674904776)0.42:0.025979932450667036,((163,(170,(55,9)1:0.6369639975881362)0.93:0.21277101584219707)1:0.5995302594806856,(182,(94,(101,10)0.76:0.16083601072211748)0.95:0.24859806870334322)1:1.2881416298532724)0.5:0.050046413583948346)1:0.41326940733256584,((48,((136,4)1:0.5411425164067113,(148,(178,65)0.71:0.10778794680831101)1:1.017803455262438)0.64:0.09524482246303825)0.81:0.14727953938441468,(134,(146,((169,105)1:1.4539751759831514,((88,144)1:1.2465620256672878,(175,(153,(189,119)0.64:0.08801500231833063)1:0.6351078638659523)1:0.6136458292216819)0.78:0.13682047066709896)1:0.5376481101693795)0.86:0.16578800454256645)0.99:0.34334452784945496)0.62:0.0932137704210001)1:0.7815573157042058)1:0.677021720206379)1:0.47363554594381874)1:1.0596139982417263)0.78:0.14028751262318784)1:2.14006616349627)1:1.9169226121820613,((53,132)1:3.5263605246161593,(((68,121)1:2.8332133440562166,((149,(35,(77,1)1:0.37172265999787496)0.43:0.023523245804869954)1:2.2704374703309584,((47,(83,114)1:0.5958803552624193)1:1.957218059959129,(((179,18)1:1.602660897742608,(34,(103,(89,197)1:0.690081665180309)0.8:0.14101073094500455)1:1.503255324729117)0.6:0.07373172501206554,(110,((102,(183,(51,162)1:0.43972193355334804)0.47:0.03554121630225767)1:1.1859679175521485,(((59,155)0.49:0.05291611911995239,(113,191)1:0.7798057329133274)0.52:0.04929518872748721,(58,((80,104)1:0.6816596105751153,(3,21)1:0.3803311405509022)0.98:0.2761913376264792)1:0.7782130790127262)1:0.49770297078572484)0.98:0.27564409389230204)1:0.6160336857213041)0.81:0.14458390987047817)1:0.5209624718997368)1:0.7946787189806743)1:2.14006616349627,(62,(45,(75,(145,(128,86)1:0.5293033715270272)1:0.8182107863616271)1:2.083049483056035)0.42:0.022305757514298162)1:1.7362087727762023)0.81:0.1499898641533933)1:3.4981896476494687)1:2.8332133440562166)1:2.3663624297256707)1:1.1576415307743295)0.92:0.20206381439539312)0.41:0.02391158661963593)0.99:0.30837474499362666)0.61:0.07935869007675793)1:1.5535153308637752)0.42:0.023041651058431378)1:0.5385621966980652));
Weight calculation took 2.115992539 secs
ASTRAL finished in 11.566 secs
