
================== ASTRAL ===================== 

This is ASTRAL version 5.7.8
Gene trees are treated as unrooted
50 trees read from Dataset/AstralII_data/model.200.500000.0.000001/07/estimatedgenetre.halfresolved_50
index0
All output trees will be *arbitrarily* rooted at 1

======== Running the main analysis
Number of taxa: 201 (201 species)
Taxa: [1, 11, 77, 109, 15, 55, 112, 189, 69, 103, 88, 111, 91, 123, 87, 63, 85, 4, 35, 48, 116, 95, 186, 53, 200, 62, 122, 154, 148, 181, 57, 179, 190, 29, 74, 149, 188, 3, 5, 183, 166, 58, 192, 178, 170, 12, 160, 106, 134, 158, 92, 168, 39, 144, 184, 120, 28, 185, 61, 84, 66, 8, 19, 56, 17, 107, 81, 20, 176, 157, 167, 172, 139, 153, 136, 182, 126, 125, 37, 64, 177, 191, 138, 163, 78, 99, 104, 82, 146, 43, 31, 71, 113, 33, 100, 98, 51, 27, 180, 101, 194, 156, 132, 173, 197, 72, 108, 18, 199, 114, 97, 187, 2, 162, 70, 25, 22, 140, 41, 115, 38, 46, 141, 45, 133, 151, 131, 44, 155, 0, 152, 6, 145, 94, 68, 130, 30, 7, 129, 50, 80, 34, 198, 13, 54, 119, 23, 47, 73, 79, 60, 26, 9, 159, 49, 93, 164, 147, 118, 143, 161, 14, 174, 175, 86, 83, 67, 16, 36, 196, 90, 121, 65, 24, 52, 105, 110, 59, 76, 135, 75, 128, 165, 117, 32, 102, 42, 142, 169, 171, 137, 10, 193, 150, 124, 21, 89, 40, 195, 127, 96]
Taxon occupancy: {110=50, 111=50, 112=50, 113=50, 114=50, 115=50, 116=50, 117=50, 118=50, 119=50, 10=50, 11=50, 12=50, 13=50, 14=50, 15=50, 16=50, 17=50, 18=50, 19=50, 120=50, 0=50, 121=50, 1=50, 122=50, 123=50, 2=50, 3=50, 124=50, 4=50, 125=50, 5=50, 126=50, 6=50, 127=50, 7=50, 128=50, 8=50, 129=50, 9=50, 20=50, 21=50, 22=50, 23=50, 24=50, 25=50, 26=50, 27=50, 28=50, 29=50, 130=50, 131=50, 132=50, 133=50, 134=50, 135=50, 136=50, 137=50, 138=50, 139=50, 30=50, 31=50, 32=50, 33=50, 34=50, 35=50, 36=50, 37=50, 38=50, 39=50, 140=50, 141=50, 142=50, 143=50, 144=50, 145=50, 146=50, 147=50, 148=50, 149=50, 40=50, 41=50, 42=50, 43=50, 44=50, 45=50, 46=50, 47=50, 48=50, 49=50, 150=50, 151=50, 152=50, 153=50, 154=50, 155=50, 156=50, 157=50, 158=50, 159=50, 50=50, 51=50, 52=50, 53=50, 54=50, 55=50, 56=50, 57=50, 58=50, 59=50, 160=50, 161=50, 162=50, 163=50, 164=50, 165=50, 166=50, 167=50, 168=50, 169=50, 60=50, 61=50, 62=50, 63=50, 64=50, 65=50, 66=50, 67=50, 68=50, 69=50, 170=50, 171=50, 172=50, 173=50, 174=50, 175=50, 176=50, 177=50, 178=50, 179=50, 70=50, 71=50, 72=50, 73=50, 74=50, 75=50, 76=50, 77=50, 78=50, 79=50, 180=50, 181=50, 182=50, 183=50, 184=50, 185=50, 186=50, 187=50, 188=50, 189=50, 80=50, 81=50, 82=50, 83=50, 84=50, 85=50, 86=50, 87=50, 88=50, 89=50, 190=50, 191=50, 192=50, 193=50, 194=50, 195=50, 196=50, 197=50, 198=50, 199=50, 90=50, 91=50, 92=50, 93=50, 94=50, 95=50, 96=50, 97=50, 98=50, 99=50, 200=50, 100=50, 101=50, 102=50, 103=50, 104=50, 105=50, 106=50, 107=50, 108=50, 109=50}
Number of gene trees: 50
0 trees have missing taxa
Calculating quartet distance matrix (for completion of X)
Species tree distances calculated ...
Building set of clusters (X) from gene trees 
------------------------------
gradient0: 13667
Number of Clusters after addition by distance: 13667
calculating extra bipartitions to be added at level 1 ...
Adding to X using resolutions of greedy consensus ...
Limit for sigma of degrees:5075
polytomy size limit : 74
discarded polytomies: 105 149  [3, 3, 3, 3, 3, 3, 3, 3, 3, 4, 4, 4, 4, 28, 28, 28, 50, 74, 105, 149]
Threshold 0.0:
polytomy of size 3; rounds with additions with at least 5 support: 1; clusters: 13671
polytomy of size 28; rounds with additions with at least 5 support: 3; clusters: 27403
Threshold 0.01:
polytomy of size 3; rounds with additions with at least 5 support: 0; clusters: 27403
polytomy of size 28; rounds with additions with at least 5 support: 0; clusters: 39833
Threshold 0.02:
polytomy of size 3; rounds with additions with at least 5 support: 0; clusters: 39833
polytomy of size 28; rounds with additions with at least 5 support: 2; clusters: 52095
Threshold 0.05:
polytomy of size 3; rounds with additions with at least 5 support: 0; clusters: 52095
polytomy of size 4; rounds with additions with at least 5 support: 2; clusters: 52099
polytomy of size 50; rounds with additions with at least 5 support: 3; clusters: 52881
Threshold 0.1:
polytomy of size 3; rounds with additions with at least 5 support: 0; clusters: 52881
polytomy of size 4; rounds with additions with at least 5 support: 0; clusters: 52883
polytomy of size 74; rounds with additions with at least 5 support: 2; clusters: 53461
Threshold 0.2:
polytomy of size 3; rounds with additions with at least 5 support: 0; clusters: 53461
polytomy of size 3; rounds with additions with at least 5 support: 0; clusters: 53461
polytomy of size 4; rounds with additions with at least 5 support: 0; clusters: 53461
polytomy of size 4; rounds with additions with at least 5 support: 0; clusters: 53461
polytomy of size 105; rounds with additions with at least 5 support: 0; clusters: 53875
Threshold 0.3333333333333333:
polytomy of size 3; rounds with additions with at least 5 support: 0; clusters: 53875
polytomy of size 3; rounds with additions with at least 5 support: 0; clusters: 53875
polytomy of size 149; rounds with additions with at least 5 support: 0; clusters: 53941
max k is :6
Number of Clusters after addition by greedy: 53941
gradient0 in heuristiic: 53941
partitions formed in 28.136 secs
Dynamic Programming starting after 28.136 secs
Using tree-based weight calculation.
Using polytree-based weight calculation.
Polytree max score: 3278463345
Polytree building time: 0.067 seconds.
Number of quartet trees in the gene trees: 3278463345
Size of largest cluster: 201
Greedy score: 1340220124
estimationFactor: 2.446212593208308
Sub-optimal score: 1342082137
Calculated 100000 weights; time (seconds): 66
Total Number of elements weighted: 123760
Normalized score (portion of input quartet trees satisfied before correcting for multiple individuals): 0.4375352108748375
Optimization score: 1434443151
Optimal tree inferred in 76.591 secs.
(60,((26,143),((9,((1,159),(118,(11,49)))),((128,(((99,104),(176,(4,35))),((199,(161,(114,97))),(186,(174,(54,14)))))),(((116,187),(95,(27,(53,180)))),((152,(93,(164,147))),(((51,50),((16,(119,(80,79))),((146,(138,163)),(89,(144,((85,(108,(72,18))),(43,((168,65),((73,32),(23,47)))))))))),(((120,((145,94),((169,171),(68,130)))),((98,(6,30)),(142,(75,(135,(184,193)))))),((((136,((182,(125,191)),((37,177),(126,64)))),((88,111),(112,(101,(158,(92,(44,(103,134)))))))),(((151,131),((162,45),((165,117),(200,62)))),((197,133),((76,((175,(166,58)),((86,83),(77,(19,56))))),((189,(8,(150,(124,21)))),(157,((167,172),(196,(28,(69,20)))))))))),((0,(3,5)),(((70,(36,59)),((((31,127),(24,52)),(67,((10,(192,155)),(7,(198,(129,34)))))),((78,(90,121)),((17,81),((170,(188,178)),((33,(113,(71,110))),((100,40),(12,105)))))))),(((141,(107,(181,(122,137)))),((2,(154,148)),(153,(57,139)))),((183,(74,((106,(91,160)),(((156,173),(194,132)),((149,13),(29,(179,190))))))),((38,(46,(25,(115,(41,(22,140)))))),(((109,(15,55)),(39,(63,(87,96)))),(123,((61,195),(82,(102,((185,42),(84,(48,66))))))))))))))))))))));
Final quartet score is: 1434443151
Final normalized quartet score is: 0.4375352108748375
Extended species tree:
(1,(159,((118,(11,49)1:0.6351248070729821)1:0.37823332538252885,(9,(((128,(((99,104)0.82:0.14831852200031134,(176,(4,35)1:0.5042715292180697)0.46:0.051688856029687584)0.48:0.045009242965159194,((199,(161,(114,97)0.55:0.058817543445299034)1:0.4746126219316967)0.8:0.14585803628835567,(186,(174,(54,14)0.49:0.052811253106549355)1:0.9883271841372652)0.9:0.19171642039480397)0.92:0.20482687934887492)0.94:0.21964228084454543)0.37:0.004953196703649131,(((116,187)0.97:0.26013296326408797,(95,(27,(53,180)0.78:0.13637103099844236)1:0.5354215217514144)0.69:0.11152014948759995)0.58:0.06736961879286184,((152,(93,(164,147)1:1.0853318810002153)0.97:0.26933836282733975)1:0.36883378445877824,(((51,50)0.74:0.12071447530182183,((16,(119,(80,79)0.76:0.12680084689569548)0.99:0.3192368533099505)0.6:0.07854526679474733,((146,(138,163)1:0.8159561942949205)0.92:0.20040063199559546,(89,(144,((85,(108,(72,18)0.99:0.3497529755120536)1:0.8963957757142214)0.99:0.34239319353547565,(43,((168,65)0.99:0.3093844496146979,((73,32)0.56:0.06579876074985884,(23,47)0.99:0.3480035384134704)0.64:0.08749978327749307)0.66:0.09555282376831951)0.97:0.2560632384752397)0.37:0.006643104997659291)0.53:0.05487538400663123)0.46:0.03440227752237646)0.43:0.03304306821046982)0.41:0.018012166234465946)0.87:0.16952929010941173,(((120,((145,94)0.98:0.2827513215800373,((169,171)0.62:0.09506975108079216,(68,130)0.78:0.1469510789313562)0.64:0.08647946425034914)1:0.5929654356437564)1:0.3654377019253506,((98,(6,30)1:0.6214853569439368)0.42:0.02116939663222268,(142,(75,(135,(184,193)0.73:0.13582584869804612)0.98:0.2799776826264029)1:0.35673702859834916)0.61:0.08001937616783651)0.94:0.2159474443318365)0.98:0.28645536993544013,((((136,((182,(125,191)0.97:0.25940091758466405)0.94:0.2190018241477047,((37,177)0.81:0.15017626530621855,(126,64)1:0.43980411791798457)0.47:0.04652970855118861)1:0.34978330125780643)1:0.4549811138896153,((88,111)1:0.8525990525743203,(112,(101,(158,(92,(44,(103,134)0.97:0.26381558608436956)0.42:0.02375734820829541)0.85:0.16197952083415684)1:0.742215690745774)0.91:0.19586913339455064)0.42:0.02215325046506355)0.95:0.23379832739825082)0.71:0.1071555305519339,(((151,131)1:1.111413834510283,((162,45)1:1.639873796031649,((165,117)1:0.35211324562080937,(200,62)1:0.9429652284810921)0.8:0.14024932033882392)0.72:0.1283511212639531)0.43:0.025028150115358992,((197,133)0.66:0.09223265016088814,((76,((175,(166,58)1:0.7507501740454695)0.95:0.22347785217411187,((86,83)1:0.789569612217458,(77,(19,56)0.5:0.045855578499421)1:0.3868157198202506)0.81:0.1415954509938931)0.92:0.20824630781583847)0.69:0.10610213606408356,((189,(8,(150,(124,21)0.46:0.03177251533184023)0.92:0.201845333629949)0.69:0.10303104111067034)1:0.4522991400572793,(157,((167,172)1:1.1459901840895648,(196,(28,(69,20)1:0.5640293775440901)1:0.3975983793648527)0.83:0.1625031386008321)0.63:0.08926050570940389)0.45:0.036323131197948846)0.5:0.048691597956013126)0.72:0.11115088867955195)0.45:0.031088438347395844)0.36:0.0)0.39:0.00973976833534091,((0,(3,5)1:0.5269338381566685)0.52:0.05112802966990009,(((70,(36,59)1:0.8921858887157748)0.45:0.030204521192018583,((((31,127)1:0.6640767982604989,(24,52)0.94:0.22181940598696767)0.83:0.1522705239843983,(67,((10,(192,155)0.99:0.3496761967208713)1:0.5410105485699833,(7,(198,(129,34)0.52:0.05550637422828329)1:0.3871000628615745)0.83:0.1536981898358905)0.98:0.28506173098888093)0.52:0.05092856782472204)0.95:0.22767073008729793,((78,(90,121)1:0.7699090780132487)0.78:0.1308110189724021,((17,81)1:1.2975483783180521,((170,(188,178)1:0.9485651173371439)0.45:0.02888695370820953,((33,(113,(71,110)0.67:0.11489058561978242)1:0.3610472519807066)0.99:0.34373199628963585,((100,40)0.94:0.22153462140807662,(12,105)0.89:0.21712916200279486)0.91:0.1940178389254162)0.49:0.04122091133181251)1:0.3855799261816029)0.86:0.16579647792495036)0.48:0.03819658036846802)0.42:0.020867301178098693)0.63:0.08464706951119215,(((141,(107,(181,(122,137)1:0.43792563466492657)1:0.4483316122025314)0.9:0.1938920348200979)0.36:0.0,((2,(154,148)1:0.6678293725756556)0.49:0.04966211560056515,(153,(57,139)0.92:0.207439982861524)0.69:0.10193316091500765)0.97:0.2540050353302639)0.94:0.22048063295442524,((183,(74,((106,(91,160)1:0.5964852397648324)1:0.523959301763592,(((156,173)1:0.5284868273232889,(194,132)0.49:0.08549036570951751)1:0.41844482922396475,((149,13)1:0.4726360090183129,(29,(179,190)0.78:0.14939267028652556)1:0.6290564538052112)0.58:0.06987107761083657)0.4:0.014698881190349192)0.38:0.010093206623145466)0.98:0.2744289194309984)0.51:0.04660845662761164,((38,(46,(25,(115,(41,(22,140)0.51:0.0673457034531716)0.63:0.08613327702809903)1:0.39226792641010017)1:0.43687833051347796)1:0.5418771222939543)0.8:0.14424042013320645,(((109,(15,55)1:0.564640987586251)0.98:0.280079210472181,(39,(63,(87,96)0.99:0.3068788227224588)1:0.41280486923564164)0.68:0.10288893753360956)0.53:0.05583886043648273,(123,((61,195)1:1.0143040942682395,(82,(102,((185,42)1:0.6471531431585403,(84,(48,66)1:0.8012657619397677)0.37:0.0032856895221540384)0.56:0.0631985571126922)0.5:0.07221947499996198)0.97:0.26549369313915283)0.52:0.05316838732845511)0.43:0.024103740603837)0.45:0.030365287090114514)0.44:0.02867159584852687)0.45:0.030224087936523536)0.39:0.011598253704390262)0.37:0.0027218879303263646)0.35:0.0)0.4:0.012793223259294589)0.38:0.006576429047464226)0.62:0.07958063302693295)0.63:0.08622787634626969)0.43:0.02397018023086674)0.95:0.2292440721562973,((26,143)0.75:0.1482316912230171,60)1:0.8212660401915707)0.62:0.0816386676780372)0.54:0.059809541668471876)1:0.4399579776063216));
Weight calculation took 36.337006493 secs
ASTRAL finished in 78.185 secs
