
================== ASTRAL ===================== 

This is ASTRAL version 5.7.8
Gene trees are treated as unrooted
200 trees read from Dataset/AstralII_data/model.200.500000.0.000001/07/estimatedgenetre.halfresolved_200
index0
All output trees will be *arbitrarily* rooted at 1

======== Running the main analysis
Number of taxa: 201 (201 species)
Taxa: [1, 11, 77, 109, 15, 55, 112, 189, 69, 103, 88, 111, 91, 123, 87, 63, 85, 4, 35, 48, 116, 95, 186, 53, 200, 62, 122, 154, 148, 181, 57, 179, 190, 29, 74, 149, 188, 3, 5, 183, 166, 58, 192, 178, 170, 12, 160, 106, 134, 158, 92, 168, 39, 144, 184, 120, 28, 185, 61, 84, 66, 8, 19, 56, 17, 107, 81, 20, 176, 157, 167, 172, 139, 153, 136, 182, 126, 125, 37, 64, 177, 191, 138, 163, 78, 99, 104, 82, 146, 43, 31, 71, 113, 33, 100, 98, 51, 27, 180, 101, 194, 156, 132, 173, 197, 72, 108, 18, 199, 114, 97, 187, 2, 162, 70, 25, 22, 140, 41, 115, 38, 46, 141, 45, 133, 151, 131, 44, 155, 0, 152, 6, 145, 94, 68, 130, 30, 7, 129, 50, 80, 34, 198, 13, 54, 119, 23, 47, 73, 79, 60, 26, 9, 159, 49, 93, 164, 147, 118, 143, 161, 14, 174, 175, 86, 83, 67, 16, 36, 196, 90, 121, 65, 24, 52, 105, 110, 59, 76, 135, 75, 128, 165, 117, 32, 102, 42, 142, 169, 171, 137, 10, 193, 150, 124, 21, 89, 40, 195, 127, 96]
Taxon occupancy: {110=200, 111=200, 112=200, 113=200, 114=200, 115=200, 116=200, 117=200, 118=200, 119=200, 10=200, 11=200, 12=200, 13=200, 14=200, 15=200, 16=200, 17=200, 18=200, 19=200, 120=200, 0=200, 121=200, 1=200, 122=200, 123=200, 2=200, 3=200, 124=200, 4=200, 125=200, 5=200, 126=200, 6=200, 127=200, 7=200, 128=200, 8=200, 129=200, 9=200, 20=200, 21=200, 22=200, 23=200, 24=200, 25=200, 26=200, 27=200, 28=200, 29=200, 130=200, 131=200, 132=200, 133=200, 134=200, 135=200, 136=200, 137=200, 138=200, 139=200, 30=200, 31=200, 32=200, 33=200, 34=200, 35=200, 36=200, 37=200, 38=200, 39=200, 140=200, 141=200, 142=200, 143=200, 144=200, 145=200, 146=200, 147=200, 148=200, 149=200, 40=200, 41=200, 42=200, 43=200, 44=200, 45=200, 46=200, 47=200, 48=200, 49=200, 150=200, 151=200, 152=200, 153=200, 154=200, 155=200, 156=200, 157=200, 158=200, 159=200, 50=200, 51=200, 52=200, 53=200, 54=200, 55=200, 56=200, 57=200, 58=200, 59=200, 160=200, 161=200, 162=200, 163=200, 164=200, 165=200, 166=200, 167=200, 168=200, 169=200, 60=200, 61=200, 62=200, 63=200, 64=200, 65=200, 66=200, 67=200, 68=200, 69=200, 170=200, 171=200, 172=200, 173=200, 174=200, 175=200, 176=200, 177=200, 178=200, 179=200, 70=200, 71=200, 72=200, 73=200, 74=200, 75=200, 76=200, 77=200, 78=200, 79=200, 180=200, 181=200, 182=200, 183=200, 184=200, 185=200, 186=200, 187=200, 188=200, 189=200, 80=200, 81=200, 82=200, 83=200, 84=200, 85=200, 86=200, 87=200, 88=200, 89=200, 190=200, 191=200, 192=200, 193=200, 194=200, 195=200, 196=200, 197=200, 198=200, 199=200, 90=200, 91=200, 92=200, 93=200, 94=200, 95=200, 96=200, 97=200, 98=200, 99=200, 200=200, 100=200, 101=200, 102=200, 103=200, 104=200, 105=200, 106=200, 107=200, 108=200, 109=200}
Number of gene trees: 200
0 trees have missing taxa
Calculating quartet distance matrix (for completion of X)
Species tree distances calculated ...
Building set of clusters (X) from gene trees 
------------------------------
gradient0: 44817
Number of Clusters after addition by distance: 44817
calculating extra bipartitions to be added at level 1 ...
Adding to X using resolutions of greedy consensus ...
Limit for sigma of degrees:5075
polytomy size limit : 49
discarded polytomies: 77 104 143  [3, 3, 3, 3, 3, 3, 3, 4, 4, 4, 5, 5, 5, 22, 27, 37, 49, 77, 104, 143]
Threshold 0.0:
polytomy of size 22; rounds with additions with at least 5 support: 6; clusters: 52647
Threshold 0.01:
polytomy of size 27; rounds with additions with at least 5 support: 8; clusters: 64205
Threshold 0.02:
polytomy of size 3; rounds with additions with at least 5 support: 0; clusters: 64207
polytomy of size 37; rounds with additions with at least 5 support: 7; clusters: 86203
Threshold 0.05:
polytomy of size 3; rounds with additions with at least 5 support: 1; clusters: 86205
polytomy of size 4; rounds with additions with at least 5 support: 0; clusters: 86205
polytomy of size 3; rounds with additions with at least 5 support: 0; clusters: 86205
polytomy of size 49; rounds with additions with at least 5 support: 2; clusters: 86421
Threshold 0.1:
polytomy of size 5; rounds with additions with at least 5 support: 0; clusters: 86421
polytomy of size 77; rounds with additions with at least 5 support: 0; clusters: 86663
Threshold 0.2:
polytomy of size 4; rounds with additions with at least 5 support: 0; clusters: 86663
polytomy of size 3; rounds with additions with at least 5 support: 0; clusters: 86663
polytomy of size 5; rounds with additions with at least 5 support: 0; clusters: 86663
polytomy of size 3; rounds with additions with at least 5 support: 0; clusters: 86663
polytomy of size 104; rounds with additions with at least 5 support: 1; clusters: 86867
Threshold 0.3333333333333333:
polytomy of size 3; rounds with additions with at least 5 support: 0; clusters: 86867
polytomy of size 5; rounds with additions with at least 5 support: 0; clusters: 86867
polytomy of size 3; rounds with additions with at least 5 support: 0; clusters: 86867
polytomy of size 4; rounds with additions with at least 5 support: 0; clusters: 86867
polytomy of size 143; rounds with additions with at least 5 support: 0; clusters: 86867
max k is :16
Number of Clusters after addition by greedy: 86867
gradient0 in heuristiic: 86867
partitions formed in 64.43 secs
Dynamic Programming starting after 64.43 secs
Using tree-based weight calculation.
Using polytree-based weight calculation.
Polytree max score: 13124758974
Polytree building time: 0.278 seconds.
Number of quartet trees in the gene trees: 13124758974
Size of largest cluster: 201
Greedy score: 5073392486
estimationFactor: 2.58697883323983
Sub-optimal score: 5440055391
Calculated 100000 weights; time (seconds): 178
Total Number of elements weighted: 170413
Normalized score (portion of input quartet trees satisfied before correcting for multiple individuals): 0.4429781886674973
Optimization score: 5813981957
Optimal tree inferred in 267.616 secs.
(68,(130,((169,171),((145,94),(120,(((6,30),((98,142),(75,(135,(184,193))))),(((107,(181,(122,137))),(141,((2,(154,148)),(153,(57,139))))),((((106,(91,160)),(((149,13),(29,(179,190))),(74,((194,132),(156,173))))),((183,(38,(46,(25,(41,(115,(22,140))))))),(((109,(15,55)),(39,(63,(87,96)))),(123,((61,195),(82,((84,(185,42)),(102,(48,66))))))))),((((51,50),(146,(138,163))),((16,(119,(80,79))),(89,((85,(108,(72,18))),(144,(43,((168,65),(32,(73,(23,47)))))))))),(((136,((182,(125,191)),(177,(37,(126,64))))),(112,((88,111),(101,(158,(92,(44,(103,134)))))))),((((162,45),((165,117),(200,62))),(((151,131),(197,133)),((76,((175,(166,58)),((86,83),(77,(19,56))))),(((189,8),(21,(150,124))),(157,((167,172),(196,(28,(69,20))))))))),(((152,(93,(164,147))),((128,((143,(60,26)),(9,((1,159),(118,(11,49)))))),((116,187),((95,(27,(53,180))),(((99,104),(176,(4,35))),((186,(54,(14,174))),(199,(114,(97,161))))))))),(0,((3,5),((70,(36,59)),((((31,127),(24,52)),(67,((10,(192,155)),(7,(198,(129,34)))))),((78,(90,121)),((17,81),((188,178),((33,(113,(71,110))),(170,((100,40),(12,105)))))))))))))))))))))));
Final quartet score is: 5813981957
Final normalized quartet score is: 0.4429781886674973
Extended species tree:
(1,(159,((118,(11,49)1:0.5265768675659906)1:0.3644881936313098,(9,((143,(60,26)0.89:0.10741967546937221)1:1.1930038944902337,(128,(((116,187)1:0.3920908504870421,((95,(27,(53,180)1:0.2859037751668313)1:0.6772520802154954)0.98:0.13393176600272472,(((99,104)1:0.16811640534947164,(176,(4,35)1:0.4387544569016006)0.64:0.04639240225734891)0.74:0.060304689260764835,((186,(54,(14,174)0.48:0.023125685656382785)1:1.0010361261193608)1:0.19069157750464988,(199,(114,(97,161)0.41:0.013405694585196856)1:0.43985554420901934)1:0.25056936936415264)1:0.17997207020760417)1:0.2053261887485869)0.68:0.05134293069543131)0.44:0.01644830506928453,((152,(93,(164,147)1:1.025848300635631)1:0.413895235401832)1:0.2458164891497936,((0,((3,5)1:0.6441757558103924,((70,(36,59)1:0.6722592905100835)0.4:0.010070544360655064,((((31,127)1:0.808270816582558,(24,52)1:0.3303767523363548)0.99:0.13938575971780862,(67,((10,(192,155)1:0.3783161488449958)1:0.30300906882832274,(7,(198,(129,34)0.77:0.0688161907166901)1:0.38944279236189827)1:0.26157756569588014)1:0.3073816599528981)0.75:0.06289042967771244)1:0.24338060573106438,((78,(90,121)1:0.8317145015025492)1:0.1666084031402907,((17,81)1:0.9473465527535007,((188,178)1:0.9025180849215597,((33,(113,(71,110)1:0.17878449084523812)1:0.37655226603409775)1:0.36777331413813663,(170,((100,40)1:0.29898485735127706,(12,105)1:0.33496750885585236)0.96:0.1174305010133808)0.6:0.04325128544665533)0.54:0.036646705135126446)1:0.5141184750920768)1:0.25440563854718257)0.54:0.03088489444726141)0.37:0.004739334756265215)0.94:0.1047585113824877)0.39:0.009167097159381125)0.33:0.0,((((162,45)1:1.5897204921778831,((165,117)1:0.4258499567681298,(200,62)1:1.0083185713465692)1:0.1619305044474494)1:0.1640099027027674,(((151,131)1:1.0589854230815046,(197,133)0.47:0.02191483413733331)0.53:0.030071668683553016,((76,((175,(166,58)1:0.9989197383472452)0.93:0.10254691250055296,((86,83)1:0.9812033954251326,(77,(19,56)0.94:0.1100695132471744)1:0.439667190376299)1:0.18196751213528428)1:0.256678372446804)0.97:0.12369213976715224,(((189,8)0.66:0.0511067342598776,(21,(150,124)0.9:0.1169243996504707)1:0.331230587069151)1:0.4542480646589153,(157,((167,172)1:0.9716625858146676,(196,(28,(69,20)1:0.3892527793413508)1:0.5335602903695865)1:0.19267237720529526)0.74:0.06006600602593111)0.65:0.04677696170189082)0.45:0.01873117290288794)0.99:0.14680261199725675)0.42:0.011804694375297927)0.57:0.0345016122236818,(((136,((182,(125,191)1:0.1991799597916128)1:0.20420402779488167,(177,(37,(126,64)1:0.5842716698067532)0.79:0.06871801732378713)0.99:0.14120902769316437)1:0.3716973158312636)1:0.5172436394523717,(112,((88,111)1:0.9110958923575376,(101,(158,(92,(44,(103,134)1:0.3417249128439784)0.38:0.0075468971971765705)0.99:0.1447356342720272)1:0.902139597614792)0.74:0.0617054598339435)0.9:0.09393882656300286)1:0.21682909710176693)0.95:0.1106544044419332,((((51,50)1:0.20580485193609532,(146,(138,163)1:0.7006002533140688)1:0.24274626918498815)0.41:0.01161995781515205,((16,(119,(80,79)1:0.22088474944067563)1:0.36238874040571123)0.79:0.06839486672530401,(89,((85,(108,(72,18)1:0.26571012283551165)1:0.7876602113020826)1:0.30840412303828757,(144,(43,((168,65)1:0.24174984631792115,(32,(73,(23,47)1:0.21127664878295116)0.88:0.08895555787034566)1:0.179206076167932)1:0.1751620488537896)1:0.30357192099806646)0.53:0.032011220725898425)0.58:0.03617206989441052)0.59:0.03994261284057988)0.91:0.09628759351059962)0.99:0.1603038620336433,((((106,(91,160)1:0.4832648241871192)1:0.3694358797815313,(((149,13)1:0.4123876987398191,(29,(179,190)1:0.2679008680324801)1:0.5494849314123882)0.94:0.11006046690613563,(74,((194,132)0.44:0.016403032465532225,(156,173)1:0.510279172023406)1:0.5720658261321174)0.46:0.022216966563818972)0.61:0.04805245819455421)1:0.44937366500335496,((183,(38,(46,(25,(41,(115,(22,140)0.93:0.1139493770832452)0.7:0.05952016137580658)1:0.29353416558263534)1:0.4073368326268142)1:0.4706712556932443)0.85:0.08458437933553299)0.49:0.025255933155469396,(((109,(15,55)1:0.4756421904093586)1:0.39174822058054837,(39,(63,(87,96)1:0.27595731643128907)1:0.6303555937583597)0.99:0.14202333762571237)0.45:0.018195097401310034,(123,((61,195)1:1.0801373956323674,(82,((84,(185,42)1:0.646021803942493)0.65:0.0489332570560997,(102,(48,66)1:0.9216962015826572)0.38:0.006595958100331384)0.94:0.10760848147882546)1:0.23339833942572727)1:0.1800028838753755)0.36:0.0032520916712445004)0.89:0.09238810820889888)0.84:0.07872790733233444)0.43:0.015410314778850302,(((107,(181,(122,137)1:0.23074893425464235)1:0.4546555951426064)1:0.36528974336110215,(141,((2,(154,148)1:0.6744578839725927)0.52:0.038558503556474465,(153,(57,139)0.99:0.14513234483497683)0.99:0.1561517126288333)1:0.21327415387528023)0.42:0.01453495472542514)0.99:0.13964200756111422,(((6,30)1:0.8718915151718111,((98,142)0.42:0.013034713146051674,(75,(135,(184,193)0.5:0.03659825007484548)1:0.3515399340646718)1:0.3543498024468844)1:0.20989125354838112)0.86:0.08354297609215805,(120,((145,94)1:0.370511504170394,((169,171)0.59:0.04045412560651535,(130,68)0.86:0.09931788980265938)1:0.17324925444026013)1:0.8303903953373198)1:0.2865525763427519)1:0.3573619033361548)0.43:0.013876121337555815)0.44:0.016166617238177628)0.36:0.0024014984434687844)0.42:0.011783861352786657)0.42:0.012256490481143856)0.99:0.15034017301872232)0.64:0.045301397763409315)0.86:0.0821711547607714)1:0.22293435352246488)0.95:0.1144361035579534)0.77:0.06853301093294314)1:0.36415915900241935));
Weight calculation took 171.910171214 secs
ASTRAL finished in 270.257 secs
