
================== ASTRAL ===================== 

This is ASTRAL version 5.7.8
Gene trees are treated as unrooted
928 trees read from Dataset/AstralII_data/model.200.500000.0.000001/07/estimatedgenetre.halfresolved
index0
All output trees will be *arbitrarily* rooted at 1

======== Running the main analysis
Number of taxa: 201 (201 species)
Taxa: [1, 11, 77, 109, 15, 55, 112, 189, 69, 103, 88, 111, 91, 123, 87, 63, 85, 4, 35, 48, 116, 95, 186, 53, 200, 62, 122, 154, 148, 181, 57, 179, 190, 29, 74, 149, 188, 3, 5, 183, 166, 58, 192, 178, 170, 12, 160, 106, 134, 158, 92, 168, 39, 144, 184, 120, 28, 185, 61, 84, 66, 8, 19, 56, 17, 107, 81, 20, 176, 157, 167, 172, 139, 153, 136, 182, 126, 125, 37, 64, 177, 191, 138, 163, 78, 99, 104, 82, 146, 43, 31, 71, 113, 33, 100, 98, 51, 27, 180, 101, 194, 156, 132, 173, 197, 72, 108, 18, 199, 114, 97, 187, 2, 162, 70, 25, 22, 140, 41, 115, 38, 46, 141, 45, 133, 151, 131, 44, 155, 0, 152, 6, 145, 94, 68, 130, 30, 7, 129, 50, 80, 34, 198, 13, 54, 119, 23, 47, 73, 79, 60, 26, 9, 159, 49, 93, 164, 147, 118, 143, 161, 14, 174, 175, 86, 83, 67, 16, 36, 196, 90, 121, 65, 24, 52, 105, 110, 59, 76, 135, 75, 128, 165, 117, 32, 102, 42, 142, 169, 171, 137, 10, 193, 150, 124, 21, 89, 40, 195, 127, 96]
Taxon occupancy: {110=928, 111=928, 112=928, 113=928, 114=928, 115=928, 116=928, 117=928, 118=928, 119=928, 10=928, 11=928, 12=928, 13=928, 14=928, 15=928, 16=928, 17=928, 18=928, 19=928, 120=928, 0=928, 121=928, 1=928, 122=928, 123=928, 2=928, 3=928, 124=928, 4=928, 125=928, 5=928, 126=928, 6=928, 127=928, 7=928, 128=928, 8=928, 129=928, 9=928, 20=928, 21=928, 22=928, 23=928, 24=928, 25=928, 26=928, 27=928, 28=928, 29=928, 130=928, 131=928, 132=928, 133=928, 134=928, 135=928, 136=928, 137=928, 138=928, 139=928, 30=928, 31=928, 32=928, 33=928, 34=928, 35=928, 36=928, 37=928, 38=928, 39=928, 140=928, 141=928, 142=928, 143=928, 144=928, 145=928, 146=928, 147=928, 148=928, 149=928, 40=928, 41=928, 42=928, 43=928, 44=928, 45=928, 46=928, 47=928, 48=928, 49=928, 150=928, 151=928, 152=928, 153=928, 154=928, 155=928, 156=928, 157=928, 158=928, 159=928, 50=928, 51=928, 52=928, 53=928, 54=928, 55=928, 56=928, 57=928, 58=928, 59=928, 160=928, 161=928, 162=928, 163=928, 164=928, 165=928, 166=928, 167=928, 168=928, 169=928, 60=928, 61=928, 62=928, 63=928, 64=928, 65=928, 66=928, 67=928, 68=928, 69=928, 170=928, 171=928, 172=928, 173=928, 174=928, 175=928, 176=928, 177=928, 178=928, 179=928, 70=928, 71=928, 72=928, 73=928, 74=928, 75=928, 76=928, 77=928, 78=928, 79=928, 180=928, 181=928, 182=928, 183=928, 184=928, 185=928, 186=928, 187=928, 188=928, 189=928, 80=928, 81=928, 82=928, 83=928, 84=928, 85=928, 86=928, 87=928, 88=928, 89=928, 190=928, 191=928, 192=928, 193=928, 194=928, 195=928, 196=928, 197=928, 198=928, 199=928, 90=928, 91=928, 92=928, 93=928, 94=928, 95=928, 96=928, 97=928, 98=928, 99=928, 200=928, 100=928, 101=928, 102=928, 103=928, 104=928, 105=928, 106=928, 107=928, 108=928, 109=928}
Number of gene trees: 928
0 trees have missing taxa
Calculating quartet distance matrix (for completion of X)
Species tree distances calculated ...
Building set of clusters (X) from gene trees 
------------------------------
gradient0: 176493
Number of Clusters after addition by distance: 176493
calculating extra bipartitions to be added at level 1 ...
Adding to X using resolutions of greedy consensus ...
Limit for sigma of degrees:5075
polytomy size limit : 55
discarded polytomies: 76 111 144  [3, 3, 3, 3, 3, 3, 3, 3, 4, 4, 4, 4, 5, 5, 5, 14, 32, 39, 55, 76, 111, 144]
Threshold 0.0:
polytomy of size 14; rounds with additions with at least 5 support: 6; clusters: 178347
Threshold 0.01:
polytomy of size 32; rounds with additions with at least 5 support: 4; clusters: 193123
Threshold 0.02:
polytomy of size 3; rounds with additions with at least 5 support: 0; clusters: 193123
polytomy of size 39; rounds with additions with at least 5 support: 2; clusters: 214065
Threshold 0.05:
polytomy of size 4; rounds with additions with at least 5 support: 0; clusters: 214065
polytomy of size 3; rounds with additions with at least 5 support: 0; clusters: 214065
polytomy of size 4; rounds with additions with at least 5 support: 0; clusters: 214065
polytomy of size 55; rounds with additions with at least 5 support: 2; clusters: 214201
Threshold 0.1:
polytomy of size 5; rounds with additions with at least 5 support: 0; clusters: 214201
polytomy of size 4; rounds with additions with at least 5 support: 0; clusters: 214201
polytomy of size 76; rounds with additions with at least 5 support: 0; clusters: 214253
Threshold 0.2:
polytomy of size 3; rounds with additions with at least 5 support: 0; clusters: 214253
polytomy of size 4; rounds with additions with at least 5 support: 0; clusters: 214253
polytomy of size 3; rounds with additions with at least 5 support: 0; clusters: 214253
polytomy of size 3; rounds with additions with at least 5 support: 0; clusters: 214253
polytomy of size 111; rounds with additions with at least 5 support: 0; clusters: 214253
Threshold 0.3333333333333333:
polytomy of size 3; rounds with additions with at least 5 support: 0; clusters: 214253
polytomy of size 3; rounds with additions with at least 5 support: 0; clusters: 214253
polytomy of size 5; rounds with additions with at least 5 support: 0; clusters: 214253
polytomy of size 3; rounds with additions with at least 5 support: 0; clusters: 214253
polytomy of size 5; rounds with additions with at least 5 support: 0; clusters: 214253
polytomy of size 144; rounds with additions with at least 5 support: 0; clusters: 214253
max k is :12
Number of Clusters after addition by greedy: 214253
gradient0 in heuristiic: 214253
partitions formed in 281.981 secs
Dynamic Programming starting after 281.981 secs
Using tree-based weight calculation.
Using polytree-based weight calculation.
Polytree max score: 60867881346
Polytree building time: 2.523 seconds.
Number of quartet trees in the gene trees: 60867881346
Size of largest cluster: 201
Greedy score: 25069357775
estimationFactor: 2.4279792842040604
Sub-optimal score: 25451306297
Calculated 100000 weights; time (seconds): 731
Calculated 200000 weights; time (seconds): 447
Calculated 300000 weights; time (seconds): 509
Calculated 400000 weights; time (seconds): 483
Calculated 500000 weights; time (seconds): 470
Total Number of elements weighted: 511162
Normalized score (portion of input quartet trees satisfied before correcting for multiple individuals): 0.4414241947122692
Optimization score: 26868555507
Optimal tree inferred in 2695.059 secs.
(68,(130,((169,171),((145,94),(120,(((6,30),((98,142),(75,(184,(135,193))))),((((107,(181,(122,137))),(141,((154,148),(2,(153,(57,139)))))),((106,(91,160)),((74,(132,(194,(156,173)))),((149,13),(29,(179,190)))))),(((183,(38,(46,(25,(41,(115,(22,140))))))),((109,(15,55)),(123,((39,(63,(87,96))),((61,195),(82,(84,((48,66),(102,(185,42)))))))))),((((51,50),(146,(138,163))),((16,(119,(80,79))),((144,89),((85,(108,(72,18))),(43,((168,65),(32,(73,(23,47))))))))),(((136,((182,(125,191)),(177,(37,(126,64))))),(112,((88,111),(101,(158,(92,(44,(103,134)))))))),((((162,45),((165,117),(200,62))),((133,(197,(151,131))),((76,((175,(166,58)),((86,83),(77,(19,56))))),(((189,8),(21,(150,124))),(157,((167,172),(196,(28,(69,20))))))))),(0,(((3,5),(70,(((36,59),(((31,127),(24,52)),(67,((10,(192,155)),(7,(198,(129,34))))))),((78,(90,121)),((17,81),((188,178),((33,(113,(71,110))),(170,((100,40),(12,105)))))))))),((152,(93,(164,147))),((116,187),((128,((143,(60,26)),(9,((1,159),(118,(11,49)))))),((95,(27,(53,180))),(((99,104),(176,(4,35))),((186,(54,(14,174))),(199,(161,(114,97))))))))))))))))))))));
Final quartet score is: 26868555507
Final normalized quartet score is: 0.4414241947122692
Extended species tree:
(1,(159,((118,(11,49)1:0.573353923609055)1:0.32699270577886447,(9,((143,(60,26)1:0.07991579653280566)1:1.1492847966573427,(128,(((95,(27,(53,180)1:0.31877011673195593)1:0.6994527460902696)1:0.1003657090495135,(((99,104)1:0.20860687928694532,(176,(4,35)1:0.38331815618975446)0.48:0.010768824268759646)0.96:0.052789387801986686,((186,(54,(14,174)0.4:0.005141089572152216)1:0.9279869330923145)1:0.19231138498988504,(199,(161,(114,97)0.85:0.03840087216616373)1:0.5205536988055111)1:0.2838025727106312)1:0.14027755236655873)1:0.21343570235670628)0.92:0.04581118187022634,((116,187)1:0.47796408413133457,((152,(93,(164,147)1:1.0680846027552904)1:0.3469692761642167)1:0.2495811661693724,(((3,5)1:0.6074392217077131,(70,(((36,59)1:0.6212547153784237,(((31,127)1:0.7367159551558287,(24,52)1:0.3634359945535586)1:0.1575569414574395,(67,((10,(192,155)1:0.43531577205402194)1:0.3724563810542425,(7,(198,(129,34)1:0.09126503591140095)1:0.34446455101664053)1:0.25915899906376194)1:0.3902572968665582)0.99:0.06438385001632935)1:0.22893083200259806)0.54:0.015963849057010832,((78,(90,121)1:0.8303977807891292)1:0.16671001588007878,((17,81)1:0.8574091120447361,((188,178)1:0.9155117904711008,((33,(113,(71,110)1:0.16540529457386163)1:0.3639228038766966)1:0.28743218971257245,(170,((100,40)1:0.31971881949423864,(12,105)1:0.3386456692853632)1:0.09989231387412607)0.99:0.06397092201125852)0.96:0.054224564949735626)1:0.5077912385233899)1:0.3023625599919844)0.42:0.007036289786961803)0.4:0.004726381552411404)0.98:0.06213370659002679)0.92:0.04579394614720642,(0,((((162,45)1:1.5999027261546355,((165,117)1:0.48270314157839195,(200,62)1:1.0895735734644532)1:0.09339875288660351)1:0.1877279810295854,((133,(197,(151,131)1:0.9066106577177427)0.4:0.004874646939886229)1:0.0754973122428192,((76,((175,(166,58)1:0.8884041441677111)1:0.10859945108931786,((86,83)1:0.9055143316699362,(77,(19,56)1:0.12823309962795187)1:0.3433518389683445)1:0.18976813641606313)1:0.28112916946905886)1:0.127900589787128,(((189,8)1:0.08687525010296766,(21,(150,124)1:0.1530937834808582)1:0.3259295077913105)1:0.46454038308047574,(157,((167,172)1:1.0205017402386192,(196,(28,(69,20)1:0.427263609372174)1:0.5480702341583169)1:0.2158851710458553)0.96:0.053872149781077454)1:0.07688915077963429)0.43:0.008745053128905932)1:0.13976403748911756)0.4:0.006181284670919589)0.81:0.03356754322501092,(((136,((182,(125,191)1:0.2680343899336359)1:0.18497640722894113,(177,(37,(126,64)1:0.5468073561262073)0.78:0.036471959304860795)1:0.14025227167993976)1:0.31666569894262603)1:0.503870343682535,(112,((88,111)1:1.078932350487094,(101,(158,(92,(44,(103,134)1:0.3268725973814866)0.59:0.019446986505345053)1:0.12538236042378756)1:0.7980244200160211)1:0.09690636719176472)1:0.07868289645819532)1:0.2196447196934396)1:0.11342412016290811,((((51,50)1:0.14802592375296356,(146,(138,163)1:0.6543225581901063)1:0.22815266223679798)0.42:0.006581256605936825,((16,(119,(80,79)1:0.24695697554161916)1:0.31805935019240256)0.99:0.07046933909849501,((144,89)1:0.07294338279688582,((85,(108,(72,18)1:0.22446409370520135)1:0.7490317084564583)1:0.24325210968674738,(43,((168,65)1:0.2750870425890051,(32,(73,(23,47)1:0.19408394342802912)1:0.11581658964628064)1:0.15195404662338757)1:0.14920980251441562)1:0.3734311227485782)0.54:0.014793435379487282)0.53:0.017615165134360296)1:0.12402064296918974)1:0.16204589815478204,(((183,(38,(46,(25,(41,(115,(22,140)1:0.201225539773205)0.97:0.05745090078988633)1:0.272103273020238)1:0.4605075310092342)1:0.37506832225681125)0.89:0.04393221470623101)1:0.07200326612090209,((109,(15,55)1:0.4856025390764954)1:0.43910182109814233,(123,((39,(63,(87,96)1:0.28081263227544817)1:0.6170097295839905)1:0.1642638353888303,((61,195)1:1.1235469904091522,(82,(84,((48,66)1:0.9403369493206146,(102,(185,42)1:0.3944944946576149)1:0.10408889605352757)1:0.09045352651784977)0.55:0.025744181080970558)1:0.2879741155971074)1:0.1806583671750135)0.34:0.0)0.69:0.02538593251675111)0.99:0.06864487969373065)1:0.0995168567866591,((((107,(181,(122,137)1:0.22976879582889154)1:0.4536273147546201)1:0.35417982262538883,(141,((154,148)1:0.6269182267234598,(2,(153,(57,139)1:0.09435456476619462)1:0.09854217917616903)0.53:0.015548163405707504)1:0.2446261311511934)0.59:0.019937012059231544)1:0.12148852667443334,((106,(91,160)1:0.4808110011540436)1:0.3665972276003826,((74,(132,(194,(156,173)1:0.4929623602809438)0.75:0.02943882424136848)1:0.5415206087888169)0.65:0.022747048621374,((149,13)1:0.4342336942156546,(29,(179,190)1:0.3471219572895758)1:0.48391420860572193)1:0.1506449435410633)0.96:0.05299889854042872)1:0.44249008222240155)0.43:0.007327154719865062,(((6,30)1:0.9113853794373162,((98,142)0.46:0.009395401242632394,(75,(184,(135,193)0.87:0.043016452675172234)1:0.38752158556577826)1:0.36819888192070094)1:0.25152497110743743)0.86:0.03798161628261605,(120,((145,94)1:0.4110648225040203,((169,171)0.96:0.05485619416831905,(130,68)1:0.09135970106464603)1:0.1989533244276044)1:0.8370189759376337)1:0.20598626446032808)1:0.397533985844049)0.51:0.012615905808935545)0.67:0.02336905495090289)0.55:0.015656170420998077)0.42:0.006972761266243979)0.45:0.008833839699595912)0.36:0.0019057400183861)1:0.12862909124028984)0.98:0.06114659741227695)0.5:0.01670392036394351)0.99:0.06439215090209519)1:0.2135270883519335)1:0.10384191558760997)1:0.09968911501555748)1:0.4411557536138167));
Weight calculation took 2196.372462953 secs
ASTRAL finished in 2704.471 secs
