
================== ASTRAL ===================== 

This is ASTRAL version 5.7.8
Gene trees are treated as unrooted
1000 trees read from Dataset/AstralII_data/model.200.10000000.0.000001/12/estimatedgenetre.halfresolved
index0
All output trees will be *arbitrarily* rooted at 50

======== Running the main analysis
Number of taxa: 201 (201 species)
Taxa: [50, 120, 168, 139, 32, 70, 195, 93, 71, 163, 123, 51, 98, 100, 78, 43, 160, 54, 116, 11, 14, 192, 26, 183, 35, 77, 111, 161, 125, 189, 158, 135, 37, 145, 55, 69, 56, 174, 102, 68, 44, 80, 31, 27, 49, 108, 101, 141, 6, 167, 104, 92, 188, 115, 0, 94, 59, 91, 13, 45, 177, 142, 156, 106, 157, 88, 8, 72, 81, 121, 171, 154, 199, 181, 117, 41, 172, 162, 103, 21, 74, 86, 1, 34, 63, 25, 46, 176, 150, 186, 40, 130, 169, 152, 166, 149, 30, 89, 110, 155, 73, 122, 197, 196, 97, 64, 119, 140, 75, 133, 39, 191, 143, 4, 200, 151, 60, 38, 36, 134, 127, 82, 131, 175, 96, 198, 173, 132, 7, 148, 85, 52, 2, 90, 84, 28, 48, 87, 33, 20, 170, 182, 3, 29, 107, 113, 146, 12, 114, 126, 153, 62, 187, 66, 17, 184, 83, 9, 112, 159, 165, 190, 5, 58, 67, 22, 137, 118, 65, 10, 147, 193, 128, 178, 79, 42, 124, 99, 15, 179, 136, 129, 57, 95, 61, 185, 194, 47, 76, 180, 24, 16, 144, 109, 23, 105, 18, 53, 164, 19, 138]
Taxon occupancy: {110=1000, 111=1000, 112=1000, 113=1000, 114=1000, 115=1000, 116=1000, 117=1000, 118=1000, 119=1000, 10=1000, 11=1000, 12=1000, 13=1000, 14=1000, 15=1000, 16=1000, 17=1000, 18=1000, 19=1000, 120=1000, 0=1000, 121=1000, 1=1000, 122=1000, 123=1000, 2=1000, 3=1000, 124=1000, 125=1000, 4=1000, 126=1000, 5=1000, 6=1000, 127=1000, 7=1000, 128=1000, 8=1000, 129=1000, 9=1000, 20=1000, 21=1000, 22=1000, 23=1000, 24=1000, 25=1000, 26=1000, 27=1000, 28=1000, 29=1000, 130=1000, 131=1000, 132=1000, 133=1000, 134=1000, 135=1000, 136=1000, 137=1000, 138=1000, 139=1000, 30=1000, 31=1000, 32=1000, 33=1000, 34=1000, 35=1000, 36=1000, 37=1000, 38=1000, 39=1000, 140=1000, 141=1000, 142=1000, 143=1000, 144=1000, 145=1000, 146=1000, 147=1000, 148=1000, 149=1000, 40=1000, 41=1000, 42=1000, 43=1000, 44=1000, 45=1000, 46=1000, 47=1000, 48=1000, 49=1000, 150=1000, 151=1000, 152=1000, 153=1000, 154=1000, 155=1000, 156=1000, 157=1000, 158=1000, 159=1000, 50=1000, 51=1000, 52=1000, 53=1000, 54=1000, 55=1000, 56=1000, 57=1000, 58=1000, 59=1000, 160=1000, 161=1000, 162=1000, 163=1000, 164=1000, 165=1000, 166=1000, 167=1000, 168=1000, 169=1000, 60=1000, 61=1000, 62=1000, 63=1000, 64=1000, 65=1000, 66=1000, 67=1000, 68=1000, 69=1000, 170=1000, 171=1000, 172=1000, 173=1000, 174=1000, 175=1000, 176=1000, 177=1000, 178=1000, 179=1000, 70=1000, 71=1000, 72=1000, 73=1000, 74=1000, 75=1000, 76=1000, 77=1000, 78=1000, 79=1000, 180=1000, 181=1000, 182=1000, 183=1000, 184=1000, 185=1000, 186=1000, 187=1000, 188=1000, 189=1000, 80=1000, 81=1000, 82=1000, 83=1000, 84=1000, 85=1000, 86=1000, 87=1000, 88=1000, 89=1000, 190=1000, 191=1000, 192=1000, 193=1000, 194=1000, 195=1000, 196=1000, 197=1000, 198=1000, 199=1000, 90=1000, 91=1000, 92=1000, 93=1000, 94=1000, 95=1000, 96=1000, 97=1000, 98=1000, 99=1000, 200=1000, 100=1000, 101=1000, 102=1000, 103=1000, 104=1000, 105=1000, 106=1000, 107=1000, 108=1000, 109=1000}
Number of gene trees: 1000
0 trees have missing taxa
Calculating quartet distance matrix (for completion of X)
Species tree distances calculated ...
Building set of clusters (X) from gene trees 
------------------------------
gradient0: 23561
Number of Clusters after addition by distance: 23561
calculating extra bipartitions to be added at level 1 ...
Adding to X using resolutions of greedy consensus ...
Limit for sigma of degrees:5075
polytomy size limit : 12
discarded polytomies:  [3, 3, 3, 3, 3, 3, 3, 3, 3, 3, 3, 4, 4, 4, 4, 5, 6, 7, 10, 12]
Threshold 0.0:
Threshold 0.01:
polytomy of size 4; rounds with additions with at least 5 support: 0; clusters: 23561
Threshold 0.02:
polytomy of size 5; rounds with additions with at least 5 support: 0; clusters: 23563
Threshold 0.05:
polytomy of size 6; rounds with additions with at least 5 support: 0; clusters: 23563
Threshold 0.1:
polytomy of size 7; rounds with additions with at least 5 support: 0; clusters: 23563
Threshold 0.2:
polytomy of size 3; rounds with additions with at least 5 support: 0; clusters: 23563
polytomy of size 10; rounds with additions with at least 5 support: 1; clusters: 23565
Threshold 0.3333333333333333:
polytomy of size 4; rounds with additions with at least 5 support: 0; clusters: 23565
polytomy of size 3; rounds with additions with at least 5 support: 0; clusters: 23565
polytomy of size 3; rounds with additions with at least 5 support: 0; clusters: 23565
polytomy of size 4; rounds with additions with at least 5 support: 0; clusters: 23565
polytomy of size 3; rounds with additions with at least 5 support: 0; clusters: 23565
polytomy of size 3; rounds with additions with at least 5 support: 0; clusters: 23565
polytomy of size 3; rounds with additions with at least 5 support: 0; clusters: 23565
polytomy of size 3; rounds with additions with at least 5 support: 0; clusters: 23565
polytomy of size 3; rounds with additions with at least 5 support: 0; clusters: 23565
polytomy of size 4; rounds with additions with at least 5 support: 0; clusters: 23565
polytomy of size 3; rounds with additions with at least 5 support: 0; clusters: 23565
polytomy of size 3; rounds with additions with at least 5 support: 0; clusters: 23565
polytomy of size 3; rounds with additions with at least 5 support: 0; clusters: 23565
polytomy of size 12; rounds with additions with at least 5 support: 0; clusters: 23565
max k is :2
Number of Clusters after addition by greedy: 23565
gradient0 in heuristiic: 23565
partitions formed in 25.854 secs
Dynamic Programming starting after 25.855 secs
Using tree-based weight calculation.
Using polytree-based weight calculation.
Polytree max score: 65998349802
Polytree building time: 2.76 seconds.
Number of quartet trees in the gene trees: 65998349802
Size of largest cluster: 201
Greedy score: 54310471369
estimationFactor: 1.2152048792504377
Sub-optimal score: 55164651927
Total Number of elements weighted: 89011
Normalized score (portion of input quartet trees satisfied before correcting for multiple individuals): 0.8446688091330227
Optimization score: 55746747532
Optimal tree inferred in 113.81 secs.
(153,(146,(62,(12,((114,126),((17,(187,(184,83))),((107,113),(66,(((9,112),(159,(165,190))),((((79,(42,124)),((10,147),(178,(193,128)))),((3,29),(5,(58,((118,65),(137,(67,22))))))),((99,(15,((57,95),(129,(179,136))))),((115,(43,(160,54))),(((61,185),(194,((47,180),(76,24)))),(((116,(192,(11,14))),(78,((135,(158,(37,(145,55)))),((69,(56,174)),(80,(102,(68,44))))))),(((109,(16,(144,23))),(((189,(161,125)),((26,183),(35,(77,111)))),(32,((70,195),((71,(163,123)),(93,(51,(98,100)))))))),((105,(18,(164,(53,(19,138))))),(((31,27),(((167,104),(92,188)),(6,((49,108),(101,141))))),(((50,120),(168,139)),((36,(84,((20,((170,182),((28,48),(87,33)))),(((82,(127,131)),(134,(175,(96,198)))),(173,((132,(2,90)),(7,(52,(148,85))))))))),(0,(((94,((142,156),((45,177),(13,(59,91))))),((171,((154,199),(181,117))),((106,157),(121,((72,81),(88,8)))))),(((41,172),(162,(103,(21,(74,86))))),((1,(34,(63,25))),(((38,(97,(119,(196,64)))),(140,((191,(151,60)),((143,4),(39,(200,(75,133))))))),(130,((169,(46,(40,(176,(150,186))))),(((149,30),(152,166)),((89,110),(73,(155,(122,197)))))))))))))))))))))))))))))));
Final quartet score is: 55746747532
Final normalized quartet score is: 0.8446688091330227
Extended species tree:
(50,(120,((168,139)1:3.037553768407329,(((36,(84,((20,((170,182)1:3.8671670465594006,((28,48)1:3.104463966075876,(87,33)1:2.241897532217497)1:0.8921661929949062)1:0.3410280531570737)1:5.810142490647089,(((82,(127,131)1:0.2552467966986272)1:3.3017015973518777,(134,(175,(96,198)1:2.2549387397142633)1:1.5537560585565708)0.5:0.016474289749601898)1:1.6049798024106094,(173,((132,(2,90)1:1.2459258313982795)1:0.29833367491676244,(7,(52,(148,85)1:0.6199110112652709)1:0.6713923079870275)1:1.7289810468836058)1:2.4375453897532986)1:2.3407684093560146)1:1.1369118975770627)1:0.910415044164252)1:0.6192550625354152)1:0.8413965645507779,(0,(((94,((142,156)1:1.4195061191400606,((45,177)1:2.3545825500207322,(13,(59,91)1:1.4929237736641539)1:1.9525325712822357)1:1.06636521982096)1:1.9462272397957465)1:3.2300193409506455,((171,((154,199)1:1.2259004381962373,(181,117)1:1.2550240510908364)1:2.0702280663247703)1:0.22313201246618225,((106,157)1:2.734232704866156,(121,((72,81)1:2.0963847286682142,(88,8)1:0.6877055407128864)1:1.7737369589917813)1:0.41954201422244886)1:1.460238749567484)1:2.368707026028639)1:6.460730056788187,(((41,172)1:0.18400025680309126,(162,(103,(21,(74,86)1:2.5542823286853262)1:0.2280880054966002)1:0.31544469474808884)1:0.9759850364244532)1:4.644818411192204,((1,(34,(63,25)1:1.5616472485977517)1:5.096894130766094)1:1.8693056647322313,(((38,(97,(119,(196,64)1:0.09637634902639612)1:0.07114967648173928)1:5.29982720116116)1:0.28113031670898175,(140,((191,(151,60)1:1.3386480078401097)1:0.572418889729239,((143,4)1:0.5546523328464676,(39,(200,(75,133)1:0.6831917543051222)1:1.8454933231491468)1:0.17514076101612167)1:1.022202353038681)1:0.3964779918952644)1:2.469203410011774)1:1.0577843795787147,(130,((169,(46,(40,(176,(150,186)1:1.7676229962895966)1:0.9733168591693224)1:0.48042286652795524)1:0.9040228650140605)0.81:0.03942251659600945,(((149,30)1:0.7102760628229124,(152,166)1:0.5168376659226187)1:2.6338262801977046,((89,110)1:1.1471933568943493,(73,(155,(122,197)1:0.2006244464854015)1:1.498798424680692)1:0.23207345277894026)0.98:0.05989793575627701)1:2.6779259344137962)1:0.3822348548093383)1:3.0308455496722133)1:2.1751913785587327)1:3.0761140983957596)1:2.6710316342477642)1:1.5711607977775124)1:1.679482397164576)1:1.5507878259783454,(((31,27)1:5.994571529780591,(((167,104)1:1.7033754084264525,(92,188)1:1.6434772668453843)1:5.246072352362321,(6,((49,108)1:2.9190659614200625,(101,141)1:2.865703511480672)1:0.45725722260467117)1:1.8762764572965127)1:1.5195388637872733)1:1.7072661214689535,((105,(18,(164,(53,(19,138)1:2.459352742168573)1:0.09071735147350302)1:0.6201236248810238)1:1.2123197439242461)1:0.5920611062178747,(((109,(16,(144,23)1:0.854493283545189)1:0.5539500503997453)1:5.555391208950955,(((189,(161,125)1:1.367758649588259)1:2.814280691803129,((26,183)1:1.674975933904756,(35,(77,111)1:0.38298115230661045)1:2.5002327777007998)1:1.9149266035353472)1:2.5634055919065326,(32,((70,195)1:5.404677382538943,((71,(163,123)1:2.5526288730734965)1:2.03439395918656,(93,(51,(98,100)1:1.917703954495153)1:2.4373915859272755)1:0.08568462544580258)1:0.6674185397712181)1:0.6290829844829398)1:0.8857441866970981)1:0.22924602437944222)1:0.3183464729438034,(((116,(192,(11,14)1:0.5603577456778708)1:1.8254683387678152)1:3.931322291318089,(78,((135,(158,(37,(145,55)1:0.39199032270045553)1:0.9499169972588807)0.6:0.019256995430461252)1:2.4035959993421163,((69,(56,174)1:1.0058730912621372)1:1.3364072219032437,(80,(102,(68,44)1:2.133458309626994)1:1.1035204330360477)1:0.3911165006987431)1:3.002635409487367)1:0.8970513287362979)0.96:0.05584565185333554)1:0.07873562439394657,(((61,185)1:6.482880799575852,(194,((47,180)0.99:0.06713523542432044,(76,24)1:0.23420300145256165)1:3.9192921187748233)1:3.325235840859112)1:1.9394146870621376,((115,(43,(160,54)1:0.4119797891293579)1:5.165087748180948)1:0.6915140509958383,((99,(15,((57,95)1:0.7349739900532556,(129,(179,136)1:0.27082181003988126)1:1.0426625807166703)1:2.7216674327940367)1:0.9594581707637208)1:0.6775292735925071,((((79,(42,124)1:2.630826830478745)1:1.9569183783197563,((10,147)1:2.4602384033725087,(178,(193,128)1:0.15412419151522436)1:2.653576380035854)1:1.2852829910489245)1:1.5365891577393807,((3,29)1:1.8783460366864821,(5,(58,((118,65)1:1.5426834035914423,(137,(67,22)0.64:0.026379470311550402)1:0.6265404846817051)0.9:0.04203786441339001)1:1.076134901275394)1:1.4113784557989077)1:1.5531259551913021)1:0.21875164728758026,(((9,112)1:3.8675176155814954,(159,(165,190)1:1.235431512143728)1:3.4808757242378374)1:0.26033856391785115,(66,((107,113)1:2.7669689088069402,((17,(187,(184,83)1:0.42120914040600566)1:0.9408329668206609)1:1.3535721979748183,((114,126)1:0.3688270635181767,(12,(62,(146,153)1:0.2053017727363386)1:0.48534507933713306)1:0.24979622157903683)1:1.8858795815964315)1:0.09939140791330513)1:0.27965224734685)1:2.1083009603065155)1:0.8455755299122607)1:1.6762728065202805)0.99:0.09898924392254753)1:0.22609485909061203)1:0.21570106693390476)0.76:0.0321160211396031)0.67:0.02382168423782036)0.98:0.05726498241031554)1:0.6014184319665873)1:4.206601832803726)1:4.889799068322335));
Weight calculation took 79.805542675 secs
ASTRAL finished in 123.028 secs
