
================== ASTRAL ===================== 

This is ASTRAL version 5.7.8
Gene trees are treated as unrooted
50 trees read from Dataset/AstralII_data/model.200.10000000.0.000001/12/estimatedgenetre.halfresolved_50
index0
All output trees will be *arbitrarily* rooted at 50

======== Running the main analysis
Number of taxa: 201 (201 species)
Taxa: [50, 120, 168, 139, 32, 70, 195, 93, 71, 163, 123, 51, 98, 100, 78, 43, 160, 54, 116, 11, 14, 192, 26, 183, 35, 77, 111, 161, 125, 189, 158, 135, 37, 145, 55, 69, 56, 174, 102, 68, 44, 80, 31, 27, 49, 108, 101, 141, 6, 167, 104, 92, 188, 115, 0, 94, 59, 91, 13, 45, 177, 142, 156, 106, 157, 88, 8, 72, 81, 121, 171, 154, 199, 181, 117, 41, 172, 162, 103, 21, 74, 86, 1, 34, 63, 25, 46, 176, 150, 186, 40, 130, 169, 152, 166, 149, 30, 89, 110, 155, 73, 122, 197, 196, 97, 64, 119, 140, 75, 133, 39, 191, 143, 4, 200, 151, 60, 38, 36, 134, 127, 82, 131, 175, 96, 198, 173, 132, 7, 148, 85, 52, 2, 90, 84, 28, 48, 87, 33, 20, 170, 182, 3, 29, 107, 113, 146, 12, 114, 126, 153, 62, 187, 66, 17, 184, 83, 9, 112, 159, 165, 190, 5, 58, 67, 22, 137, 118, 65, 10, 147, 193, 128, 178, 79, 42, 124, 99, 15, 179, 136, 129, 57, 95, 61, 185, 194, 47, 76, 180, 24, 16, 144, 109, 23, 105, 18, 53, 164, 19, 138]
Taxon occupancy: {110=50, 111=50, 112=50, 113=50, 114=50, 115=50, 116=50, 117=50, 118=50, 119=50, 10=50, 11=50, 12=50, 13=50, 14=50, 15=50, 16=50, 17=50, 18=50, 19=50, 120=50, 0=50, 121=50, 1=50, 122=50, 123=50, 2=50, 3=50, 124=50, 125=50, 4=50, 126=50, 5=50, 6=50, 127=50, 7=50, 128=50, 8=50, 129=50, 9=50, 20=50, 21=50, 22=50, 23=50, 24=50, 25=50, 26=50, 27=50, 28=50, 29=50, 130=50, 131=50, 132=50, 133=50, 134=50, 135=50, 136=50, 137=50, 138=50, 139=50, 30=50, 31=50, 32=50, 33=50, 34=50, 35=50, 36=50, 37=50, 38=50, 39=50, 140=50, 141=50, 142=50, 143=50, 144=50, 145=50, 146=50, 147=50, 148=50, 149=50, 40=50, 41=50, 42=50, 43=50, 44=50, 45=50, 46=50, 47=50, 48=50, 49=50, 150=50, 151=50, 152=50, 153=50, 154=50, 155=50, 156=50, 157=50, 158=50, 159=50, 50=50, 51=50, 52=50, 53=50, 54=50, 55=50, 56=50, 57=50, 58=50, 59=50, 160=50, 161=50, 162=50, 163=50, 164=50, 165=50, 166=50, 167=50, 168=50, 169=50, 60=50, 61=50, 62=50, 63=50, 64=50, 65=50, 66=50, 67=50, 68=50, 69=50, 170=50, 171=50, 172=50, 173=50, 174=50, 175=50, 176=50, 177=50, 178=50, 179=50, 70=50, 71=50, 72=50, 73=50, 74=50, 75=50, 76=50, 77=50, 78=50, 79=50, 180=50, 181=50, 182=50, 183=50, 184=50, 185=50, 186=50, 187=50, 188=50, 189=50, 80=50, 81=50, 82=50, 83=50, 84=50, 85=50, 86=50, 87=50, 88=50, 89=50, 190=50, 191=50, 192=50, 193=50, 194=50, 195=50, 196=50, 197=50, 198=50, 199=50, 90=50, 91=50, 92=50, 93=50, 94=50, 95=50, 96=50, 97=50, 98=50, 99=50, 200=50, 100=50, 101=50, 102=50, 103=50, 104=50, 105=50, 106=50, 107=50, 108=50, 109=50}
Number of gene trees: 50
0 trees have missing taxa
Calculating quartet distance matrix (for completion of X)
Species tree distances calculated ...
Building set of clusters (X) from gene trees 
------------------------------
gradient0: 3695
Number of Clusters after addition by distance: 3695
calculating extra bipartitions to be added at level 1 ...
Adding to X using resolutions of greedy consensus ...
Limit for sigma of degrees:5075
polytomy size limit : 12
discarded polytomies:  [3, 3, 3, 3, 3, 3, 3, 3, 3, 4, 4, 8, 9, 12]
Threshold 0.0:
Threshold 0.01:
Threshold 0.02:
Threshold 0.05:
polytomy of size 4; rounds with additions with at least 5 support: 4; clusters: 3703
Threshold 0.1:
polytomy of size 8; rounds with additions with at least 5 support: 3; clusters: 3737
Threshold 0.2:
polytomy of size 9; rounds with additions with at least 5 support: 0; clusters: 3743
Threshold 0.3333333333333333:
polytomy of size 3; rounds with additions with at least 5 support: 0; clusters: 3743
polytomy of size 4; rounds with additions with at least 5 support: 0; clusters: 3743
polytomy of size 3; rounds with additions with at least 5 support: 0; clusters: 3743
polytomy of size 3; rounds with additions with at least 5 support: 0; clusters: 3743
polytomy of size 3; rounds with additions with at least 5 support: 0; clusters: 3743
polytomy of size 3; rounds with additions with at least 5 support: 0; clusters: 3743
polytomy of size 3; rounds with additions with at least 5 support: 0; clusters: 3743
polytomy of size 3; rounds with additions with at least 5 support: 0; clusters: 3743
polytomy of size 3; rounds with additions with at least 5 support: 0; clusters: 3743
polytomy of size 3; rounds with additions with at least 5 support: 0; clusters: 3743
polytomy of size 12; rounds with additions with at least 5 support: 0; clusters: 3755
max k is :8
Number of Clusters after addition by greedy: 3755
gradient0 in heuristiic: 3755
partitions formed in 5.669 secs
Dynamic Programming starting after 5.669 secs
Using tree-based weight calculation.
Using polytree-based weight calculation.
Polytree max score: 3299917500
Polytree building time: 0.278 seconds.
Number of quartet trees in the gene trees: 3299917500
Size of largest cluster: 201
Greedy score: 2672504646
estimationFactor: 1.2347658609084415
Sub-optimal score: 2731548980
Total Number of elements weighted: 4968
Normalized score (portion of input quartet trees satisfied before correcting for multiple individuals): 0.8419162327543037
Optimization score: 2778254110
Optimal tree inferred in 8.227 secs.
(153,(146,(62,(12,((114,126),((17,(187,(184,83))),((107,113),(66,(((9,112),(159,(165,190))),((((79,(42,124)),((10,147),(178,(193,128)))),((3,29),(5,((118,65),(58,(137,(67,22))))))),((115,(43,(160,54))),((99,(15,((57,95),(129,(179,136))))),(((61,185),(194,(47,(180,(76,24))))),((((31,27),(((167,104),(92,188)),(6,((49,108),(101,141))))),(((105,(18,(53,(164,(19,138))))),(78,((158,(135,(37,(145,55)))),((69,(56,174)),(80,(102,(68,44))))))),((116,(192,(11,14))),((109,(16,(144,23))),(((189,(161,125)),((26,183),(35,(77,111)))),(32,((70,195),((51,(98,100)),(93,(71,(163,123))))))))))),(((50,120),(168,139)),((36,(84,((20,((170,182),((28,48),(87,33)))),(((82,(127,131)),(134,(175,(96,198)))),(173,((132,(2,90)),(7,(52,(148,85))))))))),(0,(((94,((142,156),((45,177),(13,(59,91))))),((171,((181,117),(154,199))),((106,157),(121,((72,81),(88,8)))))),(((41,172),(162,(103,(21,(74,86))))),((1,(34,(63,25))),(((38,(119,(97,(196,64)))),(140,((191,(151,60)),((143,4),(39,(200,(75,133))))))),(130,((169,(46,(40,(176,(150,186))))),((73,(155,(122,197))),((89,110),((149,30),(152,166)))))))))))))))))))))))))));
Final quartet score is: 2778254110
Final normalized quartet score is: 0.8419162327543037
Extended species tree:
(50,(120,((168,139)1:2.8332133440562166,(((36,(84,((20,((170,182)1:2.1432764391265224,((28,48)1:2.4243698543564243,(87,33)1:2.14006616349627)1:1.0014527299333107)0.98:0.2779258975064163)1:3.5263605246161593,(((82,(127,131)0.98:0.2682639865946794)1:3.3032169733019505,(134,(175,(96,198)1:1.7346010553881062)1:1.2209874435027044)0.89:0.19121483585014115)1:1.65455834771457,(173,((132,(2,90)1:1.577568529185959)1:0.3642732608275323,(7,(52,(148,85)1:0.43508852919325436)1:0.5059356384717988)1:2.14006616349627)1:1.933729730498441)1:2.7642204725692654)1:1.1289732528447178)1:0.8557827530719081)1:0.4791269659795277)1:0.823572154755178,(0,(((94,((142,156)1:1.2039728043259357,((45,177)1:1.912849286794425,(13,(59,91)1:2.4277482359480516)1:2.14006616349627)1:1.2750687260096663)1:1.8035939268750574)1:2.8332133440562166,((171,((181,117)1:1.1749852674526835,(154,199)1:1.3958953949670432)1:1.9459101490553121)0.92:0.22004572459710015,((106,157)1:2.1465303101161592,(121,((72,81)1:1.3291359472799418,(88,8)1:0.8183103235139515)1:2.0211499832427187)0.98:0.27872693890300965)1:1.514127732629776)1:2.361484684194681)1:3.511971787164062,(((41,172)0.95:0.23052365861183224,(162,(103,(21,(74,86)1:1.9128903486541229)1:0.4806302113986201)0.85:0.19464204118199518)1:0.9906815494547379)1:3.5263605246161593,((1,(34,(63,25)1:1.5804503755608483)1:3.5263605246161593)1:2.0153626849953135,(((38,(119,(97,(196,64)0.85:0.1590646946296874)0.55:0.060624621816434854)1:3.5263605246161593)0.92:0.20492811142286846,(140,((191,(151,60)1:1.4500805410550544)1:0.5771131317322926,((143,4)1:0.6059598512278102,(39,(200,(75,133)1:0.7537718023763802)1:1.7418182380630713)0.83:0.1600082578299634)1:0.8610209155128629)0.98:0.27684773028607085)1:2.377195956785219)1:0.7701552816269047,(130,((169,(46,(40,(176,(150,186)1:1.5804503755608483)1:1.0418769761672426)0.99:0.3189102678886178)1:0.7576253716923701)0.51:0.0826422680243131,((73,(155,(122,197)0.95:0.23052365861183224)1:1.6549488964404873)0.71:0.10863384100279566,((89,110)1:0.6084512019973942,((149,30)1:1.084013489246957,(152,166)1:0.8522118751896327)1:2.280581594801135)0.38:0.009233675946945552)1:1.9888477063631402)0.96:0.24544930882850785)1:3.5263605246161593)1:2.14006616349627)1:2.6226485749488653)1:2.8295967035860277)1:1.9169226121820613)1:1.912948219668551)1:1.2057333016066953,((((31,27)1:3.5263605246161593,(((167,104)1:1.3291359472799418,(92,188)1:1.5804503755608483)1:3.5263605246161593,(6,((49,108)1:2.8332133440562113,(101,141)1:2.8332133440562166)1:0.5306282510621702)1:1.385069621223995)1:1.427374386863355)1:1.6467466489557587,(((105,(18,(53,(164,(19,138)1:2.4260661497650666)0.45:0.0611006234120943)1:0.4754606687087939)1:1.0122893084485118)1:0.6651358475878442,(78,((158,(135,(37,(145,55)0.95:0.23145937497092628)1:0.816619706036044)0.51:0.05063009109143924)1:2.8498859543355395,((69,(56,174)1:0.4353180712578455)1:1.6355101527438756,(80,(102,(68,44)1:1.3291359472799418)1:0.8867594704745939)0.96:0.24294617861038934)1:2.6207081909470618)1:0.5288441292686686)0.64:0.12026824388648504)0.49:0.04599010284459912,((116,(192,(11,14)1:0.6343066805370117)1:1.9128699217314382)1:3.4762107409306924,((109,(16,(144,23)1:1.0410330879505025)1:0.4353180712578455)1:2.8417850477507396,(((189,(161,125)1:1.4469189829363254)1:2.14006616349627,((26,183)1:1.2237754316221159,(35,(77,111)1:0.4818380868927383)1:1.9682159065696114)1:1.4469189829363254)1:2.725560376109014,(32,((70,195)1:3.5263605246161593,((51,(98,100)1:2.14006616349627)1:2.022283127839887,(93,(71,(163,123)1:2.8332133440562166)1:2.14006616349627)0.43:0.04063671419902178)1:0.6934536000506221)0.99:0.33570259138965525)1:0.9424431669426733)0.85:0.17495433172444305)0.87:0.20981367257451414)0.56:0.06921867739072474)0.51:0.056581249711768776)0.38:0.005761034139716726,(((61,185)1:3.5263605246161593,(194,(47,(180,(76,24)0.95:0.2686525624690072)0.71:0.10863384100279554)1:2.4277482359480516)1:2.4277482359480516)1:1.5478541631874694,((99,(15,((57,95)1:0.9614111671546247,(129,(179,136)1:0.4813572020553878)1:0.9423629721839303)1:2.322387720290224)1:1.2256328256139497)1:0.4503488850039061,((115,(43,(160,54)1:0.5306282510621702)1:3.5263605246161593)1:0.46382708000843953,((((79,(42,124)1:3.5263605246161593)1:1.351608803132001,((10,147)1:2.14006616349627,(178,(193,128)0.91:0.19415601444095737)1:2.8332133440562166)1:1.0089565901939372)1:1.4180375593533443,((3,29)1:2.8332133440562166,(5,((118,65)1:2.4277482359480516,(58,(137,(67,22)0.75:0.1253315072948364)1:0.5060594544813671)0.76:0.12533409773688217)1:1.0633850545453762)1:1.1909856087991246)1:1.3057845188170378)0.86:0.16681422040863114,(((9,112)1:3.5263605246161593,(159,(165,190)1:1.4469189829363254)1:2.6100697927420056)0.98:0.2703679217280237,(66,((107,113)1:3.1898882879949437,((17,(187,(184,83)1:0.5306282510621702)1:0.8198343268569266)1:0.9472372467061178,((114,126)0.99:0.3379439072326693,(12,(62,(146,153)0.89:0.1945168298877728)1:0.4811131865347898)0.97:0.2555249608172497)1:2.0225740369328484)0.75:0.12548653445162816)0.99:0.2948415579100985)1:1.8388490551284058)1:0.9598703706348671)1:1.1321089241084672)0.96:0.24632829045496119)0.85:0.16016917983709)0.89:0.18050313762815223)1:0.8020270940710043)1:3.5263605246161593)1:3.5263605246161593));
Weight calculation took 1.357196028 secs
ASTRAL finished in 10.224 secs
