
================== ASTRAL ===================== 

This is ASTRAL version 5.7.8
Gene trees are treated as unrooted
200 trees read from Dataset/AstralII_data/model.200.10000000.0.000001/12/estimatedgenetre.halfresolved_200
index0
All output trees will be *arbitrarily* rooted at 50

======== Running the main analysis
Number of taxa: 201 (201 species)
Taxa: [50, 120, 168, 139, 32, 70, 195, 93, 71, 163, 123, 51, 98, 100, 78, 43, 160, 54, 116, 11, 14, 192, 26, 183, 35, 77, 111, 161, 125, 189, 158, 135, 37, 145, 55, 69, 56, 174, 102, 68, 44, 80, 31, 27, 49, 108, 101, 141, 6, 167, 104, 92, 188, 115, 0, 94, 59, 91, 13, 45, 177, 142, 156, 106, 157, 88, 8, 72, 81, 121, 171, 154, 199, 181, 117, 41, 172, 162, 103, 21, 74, 86, 1, 34, 63, 25, 46, 176, 150, 186, 40, 130, 169, 152, 166, 149, 30, 89, 110, 155, 73, 122, 197, 196, 97, 64, 119, 140, 75, 133, 39, 191, 143, 4, 200, 151, 60, 38, 36, 134, 127, 82, 131, 175, 96, 198, 173, 132, 7, 148, 85, 52, 2, 90, 84, 28, 48, 87, 33, 20, 170, 182, 3, 29, 107, 113, 146, 12, 114, 126, 153, 62, 187, 66, 17, 184, 83, 9, 112, 159, 165, 190, 5, 58, 67, 22, 137, 118, 65, 10, 147, 193, 128, 178, 79, 42, 124, 99, 15, 179, 136, 129, 57, 95, 61, 185, 194, 47, 76, 180, 24, 16, 144, 109, 23, 105, 18, 53, 164, 19, 138]
Taxon occupancy: {110=200, 111=200, 112=200, 113=200, 114=200, 115=200, 116=200, 117=200, 118=200, 119=200, 10=200, 11=200, 12=200, 13=200, 14=200, 15=200, 16=200, 17=200, 18=200, 19=200, 120=200, 0=200, 121=200, 1=200, 122=200, 123=200, 2=200, 3=200, 124=200, 125=200, 4=200, 126=200, 5=200, 6=200, 127=200, 7=200, 128=200, 8=200, 129=200, 9=200, 20=200, 21=200, 22=200, 23=200, 24=200, 25=200, 26=200, 27=200, 28=200, 29=200, 130=200, 131=200, 132=200, 133=200, 134=200, 135=200, 136=200, 137=200, 138=200, 139=200, 30=200, 31=200, 32=200, 33=200, 34=200, 35=200, 36=200, 37=200, 38=200, 39=200, 140=200, 141=200, 142=200, 143=200, 144=200, 145=200, 146=200, 147=200, 148=200, 149=200, 40=200, 41=200, 42=200, 43=200, 44=200, 45=200, 46=200, 47=200, 48=200, 49=200, 150=200, 151=200, 152=200, 153=200, 154=200, 155=200, 156=200, 157=200, 158=200, 159=200, 50=200, 51=200, 52=200, 53=200, 54=200, 55=200, 56=200, 57=200, 58=200, 59=200, 160=200, 161=200, 162=200, 163=200, 164=200, 165=200, 166=200, 167=200, 168=200, 169=200, 60=200, 61=200, 62=200, 63=200, 64=200, 65=200, 66=200, 67=200, 68=200, 69=200, 170=200, 171=200, 172=200, 173=200, 174=200, 175=200, 176=200, 177=200, 178=200, 179=200, 70=200, 71=200, 72=200, 73=200, 74=200, 75=200, 76=200, 77=200, 78=200, 79=200, 180=200, 181=200, 182=200, 183=200, 184=200, 185=200, 186=200, 187=200, 188=200, 189=200, 80=200, 81=200, 82=200, 83=200, 84=200, 85=200, 86=200, 87=200, 88=200, 89=200, 190=200, 191=200, 192=200, 193=200, 194=200, 195=200, 196=200, 197=200, 198=200, 199=200, 90=200, 91=200, 92=200, 93=200, 94=200, 95=200, 96=200, 97=200, 98=200, 99=200, 200=200, 100=200, 101=200, 102=200, 103=200, 104=200, 105=200, 106=200, 107=200, 108=200, 109=200}
Number of gene trees: 200
0 trees have missing taxa
Calculating quartet distance matrix (for completion of X)
Species tree distances calculated ...
Building set of clusters (X) from gene trees 
------------------------------
gradient0: 8349
Number of Clusters after addition by distance: 8349
calculating extra bipartitions to be added at level 1 ...
Adding to X using resolutions of greedy consensus ...
Limit for sigma of degrees:5075
polytomy size limit : 12
discarded polytomies:  [3, 3, 3, 3, 3, 3, 3, 3, 3, 3, 4, 4, 4, 6, 7, 10, 12]
Threshold 0.0:
Threshold 0.01:
Threshold 0.02:
polytomy of size 4; rounds with additions with at least 5 support: 1; clusters: 8359
Threshold 0.05:
polytomy of size 6; rounds with additions with at least 5 support: 1; clusters: 8361
Threshold 0.1:
polytomy of size 7; rounds with additions with at least 5 support: 2; clusters: 8367
Threshold 0.2:
polytomy of size 10; rounds with additions with at least 5 support: 0; clusters: 8367
Threshold 0.3333333333333333:
polytomy of size 4; rounds with additions with at least 5 support: 0; clusters: 8367
polytomy of size 3; rounds with additions with at least 5 support: 0; clusters: 8367
polytomy of size 3; rounds with additions with at least 5 support: 0; clusters: 8367
polytomy of size 3; rounds with additions with at least 5 support: 0; clusters: 8367
polytomy of size 3; rounds with additions with at least 5 support: 0; clusters: 8367
polytomy of size 3; rounds with additions with at least 5 support: 0; clusters: 8367
polytomy of size 3; rounds with additions with at least 5 support: 0; clusters: 8367
polytomy of size 3; rounds with additions with at least 5 support: 0; clusters: 8367
polytomy of size 3; rounds with additions with at least 5 support: 0; clusters: 8367
polytomy of size 4; rounds with additions with at least 5 support: 0; clusters: 8367
polytomy of size 3; rounds with additions with at least 5 support: 0; clusters: 8367
polytomy of size 3; rounds with additions with at least 5 support: 0; clusters: 8367
polytomy of size 12; rounds with additions with at least 5 support: 0; clusters: 8367
max k is :4
Number of Clusters after addition by greedy: 8367
gradient0 in heuristiic: 8367
partitions formed in 5.567 secs
Dynamic Programming starting after 5.568 secs
Using tree-based weight calculation.
Using polytree-based weight calculation.
Polytree max score: 13199670000
Polytree building time: 0.285 seconds.
Number of quartet trees in the gene trees: 13199670000
Size of largest cluster: 201
Greedy score: 10901371912
estimationFactor: 1.2108265002380187
Sub-optimal score: 10962328569
Total Number of elements weighted: 15633
Normalized score (portion of input quartet trees satisfied before correcting for multiple individuals): 0.8446429362249208
Optimization score: 11149008026
Optimal tree inferred in 10.825 secs.
(153,(146,(62,(12,((114,126),((17,(187,(184,83))),((107,113),(66,(((9,112),(159,(165,190))),((((79,(42,124)),((10,147),(178,(193,128)))),((3,29),(5,(58,((118,65),(22,(67,137))))))),((99,(15,((57,95),(129,(179,136))))),((115,(43,(160,54))),(((61,185),(194,((47,180),(76,24)))),((((109,(16,(144,23))),(((189,(161,125)),((26,183),(35,(77,111)))),(32,((70,195),((71,(163,123)),(93,(51,(98,100)))))))),(((116,(192,(11,14))),(105,(18,(164,(53,(19,138)))))),(78,((158,(135,(37,(145,55)))),((69,(56,174)),(80,(102,(68,44)))))))),(((31,27),(((167,104),(92,188)),(6,((49,108),(101,141))))),(((50,120),(168,139)),((36,(84,((20,((170,182),((28,48),(87,33)))),((134,((82,(127,131)),(175,(96,198)))),(173,((132,(2,90)),(7,(52,(148,85))))))))),(0,(((94,((142,156),((45,177),(13,(59,91))))),((171,((181,117),(154,199))),((106,157),(121,((72,81),(88,8)))))),(((41,172),(162,(103,(21,(74,86))))),((1,(34,(63,25))),(((38,(97,(119,(196,64)))),(140,((191,(151,60)),((143,4),(39,(200,(75,133))))))),(130,((169,(46,(40,(176,(150,186))))),(((149,30),(152,166)),((89,110),(73,(155,(122,197)))))))))))))))))))))))))))));
Final quartet score is: 11149008026
Final normalized quartet score is: 0.8446429362249208
Extended species tree:
(50,(120,((168,139)1:3.106080330722857,(((36,(84,((20,((170,182)1:3.2909692830220583,((28,48)1:3.106926712491535,(87,33)1:2.5027171721820136)1:0.8724423227181919)1:0.24626324114866438)1:4.897839799950916,((134,((82,(127,131)1:0.2534489008095387)1:4.885100774173503,(175,(96,198)1:1.9021075263969205)1:1.4650940605538294)0.49:0.02948622960701205)1:1.8526242247932447,(173,((132,(2,90)1:1.4294244093789128)1:0.37046399191836554,(7,(52,(148,85)1:0.5932970703554155)1:0.5284562045120244)1:1.7925547795051027)1:2.0874907601628365)1:2.400213568856933)1:1.2642599536111485)1:0.8948059354979001)1:0.5001778190761084)1:0.9392464056681863,(0,(((94,((142,156)1:1.2092181110143272,((45,177)1:2.21226245470076,(13,(59,91)1:1.9534008207844709)1:2.2229876682582965)1:1.0874804482992657)1:1.8823048991007403)1:3.5101651763620607,((171,((181,117)1:1.2597194521776343,(154,199)1:1.4510804063860134)1:2.207808104351378)1:0.19601868559345761,((106,157)1:2.7726810483973856,(121,((72,81)1:2.035638919021443,(88,8)1:0.715944666029256)1:1.953669385308712)1:0.2835234238393121)1:1.4461639178367756)1:2.4172439278336637)1:4.876333594729942,(((41,172)1:0.20282890996303088,(162,(103,(21,(74,86)1:2.4154615965162707)1:0.2868490230643646)1:0.31938382643305213)1:0.7951964349141155)1:4.204692619390971,((1,(34,(63,25)1:1.2869218873066866)1:4.897839799950916)1:1.7195334762295755,(((38,(97,(119,(196,64)1:0.21556829085970836)0.56:0.034158918811318856)1:4.897839799950916)1:0.38553976231390535,(140,((191,(151,60)1:1.2863760357647505)1:0.5769200811129043,((143,4)1:0.5400139116739251,(39,(200,(75,133)1:0.6931471805599453)1:1.7015522044566744)0.96:0.12375664009078853)1:1.0703690763547145)1:0.3779024687490587)1:2.537188700324913)1:0.8685463084981597,(130,((169,(46,(40,(176,(150,186)1:1.7199964294585248)1:0.8440705057793508)1:0.35913288874515825)1:0.916912815875555)0.57:0.047436703745530835,(((149,30)1:0.7311745761491845,(152,166)1:0.6493445579015524)1:2.4199018194790027,((89,110)1:1.0675832091481492,(73,(155,(122,197)1:0.17938602346766644)1:1.584946739677197)0.99:0.1473342317270844)0.73:0.06684379926113641)1:2.463041750655243)1:0.255855640840104)1:3.32539431591084)1:2.12337560933792)1:3.0240920971438325)1:2.944709402922112)1:1.6789639750827108)1:1.6033968909596408)1:1.38552139751825,(((31,27)1:4.897839799950916,(((167,104)1:1.806797346592596,(92,188)1:1.6397432619294297)1:4.88233561341494,(6,((49,108)1:2.373330172453506,(101,141)1:2.5008678882523103)1:0.5102800319439467)1:1.620891627155928)1:1.3822178424611156)1:1.621856500789854,((((109,(16,(144,23)1:1.047799661569096)1:0.522082778290625)1:4.213264323085485,(((189,(161,125)1:1.3439357820337314)1:2.5090770107158136,((26,183)1:1.6789639750827108,(35,(77,111)1:0.4670230011075977)1:2.1242949023394755)1:1.7843244907405371)1:2.2340708179234947,(32,((70,195)1:4.897839799950916,((71,(163,123)1:2.9519296508955994)1:2.007682841754852,(93,(51,(98,100)1:2.2577008044649123)1:2.258419954471615)0.97:0.1305488164009144)1:0.6811444608040745)1:0.5327470616559049)1:0.8579638725057535)1:0.23838281227400887)1:0.3550402484230142,(((116,(192,(11,14)1:0.553706476989263)1:1.7193630472029209)1:3.458650025380502,(105,(18,(164,(53,(19,138)1:2.6983730692090044)0.84:0.07764011095786595)1:0.6363583028435369)1:0.8999920187018234)1:0.5937145698822952)0.73:0.05969868163904986,(78,((158,(135,(37,(145,55)1:0.40943044497570574)1:0.92893760748025)0.57:0.04793764919878803)1:2.327815835029874,((69,(56,174)1:0.820302356045192)1:1.3145714656310805,(80,(102,(68,44)1:1.806797346592596)1:0.9362051163051495)1:0.36755857653313295)1:2.9062637757886685)1:0.6909357727870628)0.83:0.08174346323615422)0.6:0.04000583845638371)0.6:0.04563911682435095,(((61,185)1:4.897839799950916,(194,((47,180)0.45:0.026466573188163287,(76,24)1:0.2583172332997423)1:3.288401887516811)1:2.8183982582710745)1:1.6989868381448663,((115,(43,(160,54)1:0.4670230011075977)1:4.897839799950916)1:0.5836977801395411,((99,(15,((57,95)1:0.713326058952568,(129,(179,136)1:0.35454501768090746)1:0.8288130457131008)1:2.8394516674689054)1:1.1813301361958142)1:0.6735613285607153,((((79,(42,124)1:2.7006152226146916)1:1.9853201926353026,((10,147)1:2.1252510777111304,(178,(193,128)1:0.1704072875023906)1:3.0260376230493193)1:1.1555751132721201)1:1.4316083476533839,((3,29)1:1.8556940505280957,(5,(58,((118,65)1:1.541393132983088,(22,(67,137)0.54:0.03061619811455572)1:0.617742781822664)0.48:0.0224989495021703)1:1.0952175342155304)1:1.2961137783705616)1:1.5496773122862786)1:0.21515064052382218,(((9,112)1:3.799227511282799,(159,(165,190)1:1.401332238484431)1:2.7428791102828494)1:0.23521859741033485,(66,((107,113)1:2.62130538415681,((17,(187,(184,83)1:0.40937368645481736)1:0.8821887431819778)1:1.2544227199137317,((114,126)1:0.4759300729259641,(12,(62,(146,153)1:0.17988220065820623)1:0.5027954724258451)1:0.20191525069435604)1:2.0372482911524057)0.97:0.12381464880629209)1:0.20751723334023936)1:2.017659446286779)1:0.9067315565549536)1:1.7216592964119246)0.54:0.07399322108339963)1:0.3107977545848381)1:0.2533787369335021)0.74:0.059312816357777354)1:0.5407743859213096)1:3.70434707477667)1:4.194591523404474));
Weight calculation took 4.275684632 secs
ASTRAL finished in 12.866 secs
