
================== ASTRAL ===================== 

This is ASTRAL version 5.7.8
Gene trees are treated as unrooted
50 trees read from Dataset/AstralII_data/model.200.500000.0.000001/28/estimatedgenetre.halfresolved_50
index0
All output trees will be *arbitrarily* rooted at 43

======== Running the main analysis
Number of taxa: 201 (201 species)
Taxa: [43, 145, 99, 106, 0, 157, 45, 54, 101, 123, 37, 51, 78, 75, 87, 52, 7, 95, 165, 141, 117, 138, 24, 15, 194, 41, 98, 70, 116, 25, 129, 40, 93, 64, 79, 21, 168, 34, 190, 128, 6, 13, 31, 65, 105, 2, 30, 62, 131, 126, 5, 132, 172, 115, 80, 81, 169, 159, 22, 167, 92, 200, 46, 177, 61, 148, 175, 191, 151, 48, 134, 38, 140, 181, 84, 174, 88, 50, 90, 122, 39, 173, 9, 183, 47, 89, 137, 162, 196, 91, 19, 20, 149, 170, 83, 199, 130, 76, 59, 152, 102, 195, 36, 97, 35, 112, 139, 127, 118, 94, 3, 158, 197, 111, 26, 156, 163, 42, 178, 14, 184, 28, 55, 96, 135, 136, 10, 186, 72, 82, 161, 17, 176, 150, 16, 182, 57, 147, 53, 154, 188, 77, 33, 187, 120, 74, 143, 60, 11, 109, 66, 73, 189, 49, 27, 113, 85, 32, 144, 180, 108, 18, 8, 58, 133, 192, 67, 23, 71, 100, 86, 155, 110, 193, 103, 119, 121, 56, 29, 185, 12, 44, 4, 114, 1, 171, 153, 68, 124, 69, 63, 107, 160, 198, 179, 125, 142, 166, 104, 164, 146]
Taxon occupancy: {110=50, 111=50, 112=50, 113=50, 114=50, 115=50, 116=50, 117=50, 118=50, 119=50, 10=50, 11=50, 12=50, 13=50, 14=50, 15=50, 16=50, 17=50, 18=50, 19=50, 120=50, 0=50, 121=50, 122=50, 1=50, 123=50, 2=50, 3=50, 124=50, 4=50, 125=50, 126=50, 5=50, 6=50, 127=50, 7=50, 128=50, 129=50, 8=50, 9=50, 20=50, 21=50, 22=50, 23=50, 24=50, 25=50, 26=50, 27=50, 28=50, 29=50, 130=50, 131=50, 132=50, 133=50, 134=50, 135=50, 136=50, 137=50, 138=50, 139=50, 30=50, 31=50, 32=50, 33=50, 34=50, 35=50, 36=50, 37=50, 38=50, 39=50, 140=50, 141=50, 142=50, 143=50, 144=50, 145=50, 146=50, 147=50, 148=50, 149=50, 40=50, 41=50, 42=50, 43=50, 44=50, 45=50, 46=50, 47=50, 48=50, 49=50, 150=50, 151=50, 152=50, 153=50, 154=50, 155=50, 156=50, 157=50, 158=50, 159=50, 50=50, 51=50, 52=50, 53=50, 54=50, 55=50, 56=50, 57=50, 58=50, 59=50, 160=50, 161=50, 162=50, 163=50, 164=50, 165=50, 166=50, 167=50, 168=50, 169=50, 60=50, 61=50, 62=50, 63=50, 64=50, 65=50, 66=50, 67=50, 68=50, 69=50, 170=50, 171=50, 172=50, 173=50, 174=50, 175=50, 176=50, 177=50, 178=50, 179=50, 70=50, 71=50, 72=50, 73=50, 74=50, 75=50, 76=50, 77=50, 78=50, 79=50, 180=50, 181=50, 182=50, 183=50, 184=50, 185=50, 186=50, 187=50, 188=50, 189=50, 80=50, 81=50, 82=50, 83=50, 84=50, 85=50, 86=50, 87=50, 88=50, 89=50, 190=50, 191=50, 192=50, 193=50, 194=50, 195=50, 196=50, 197=50, 198=50, 199=50, 90=50, 91=50, 92=50, 93=50, 94=50, 95=50, 96=50, 97=50, 98=50, 99=50, 200=50, 100=50, 101=50, 102=50, 103=50, 104=50, 105=50, 106=50, 107=50, 108=50, 109=50}
Number of gene trees: 50
0 trees have missing taxa
Calculating quartet distance matrix (for completion of X)
Species tree distances calculated ...
Building set of clusters (X) from gene trees 
------------------------------
gradient0: 12193
Number of Clusters after addition by distance: 12193
calculating extra bipartitions to be added at level 1 ...
Adding to X using resolutions of greedy consensus ...
Limit for sigma of degrees:5075
polytomy size limit : 59
discarded polytomies: 83 128  [3, 3, 3, 3, 3, 3, 3, 3, 3, 3, 3, 3, 3, 3, 3, 4, 5, 26, 26, 26, 43, 59, 83, 128]
Threshold 0.0:
polytomy of size 3; rounds with additions with at least 5 support: 0; clusters: 12197
polytomy of size 26; rounds with additions with at least 5 support: 3; clusters: 23517
Threshold 0.01:
polytomy of size 3; rounds with additions with at least 5 support: 0; clusters: 23517
polytomy of size 26; rounds with additions with at least 5 support: 0; clusters: 33185
Threshold 0.02:
polytomy of size 3; rounds with additions with at least 5 support: 0; clusters: 33185
polytomy of size 26; rounds with additions with at least 5 support: 0; clusters: 42365
Threshold 0.05:
polytomy of size 3; rounds with additions with at least 5 support: 0; clusters: 42365
polytomy of size 3; rounds with additions with at least 5 support: 0; clusters: 42367
polytomy of size 3; rounds with additions with at least 5 support: 0; clusters: 42369
polytomy of size 43; rounds with additions with at least 5 support: 8; clusters: 43529
Threshold 0.1:
polytomy of size 3; rounds with additions with at least 5 support: 0; clusters: 43529
polytomy of size 59; rounds with additions with at least 5 support: 1; clusters: 43993
Threshold 0.2:
polytomy of size 3; rounds with additions with at least 5 support: 0; clusters: 43993
polytomy of size 3; rounds with additions with at least 5 support: 0; clusters: 43993
polytomy of size 5; rounds with additions with at least 5 support: 0; clusters: 43993
polytomy of size 3; rounds with additions with at least 5 support: 0; clusters: 43993
polytomy of size 4; rounds with additions with at least 5 support: 0; clusters: 43993
polytomy of size 3; rounds with additions with at least 5 support: 0; clusters: 43993
polytomy of size 83; rounds with additions with at least 5 support: 0; clusters: 44339
Threshold 0.3333333333333333:
polytomy of size 3; rounds with additions with at least 5 support: 0; clusters: 44339
polytomy of size 3; rounds with additions with at least 5 support: 0; clusters: 44339
polytomy of size 3; rounds with additions with at least 5 support: 0; clusters: 44339
polytomy of size 3; rounds with additions with at least 5 support: 0; clusters: 44339
polytomy of size 128; rounds with additions with at least 5 support: 0; clusters: 44557
max k is :16
Number of Clusters after addition by greedy: 44557
gradient0 in heuristiic: 44557
partitions formed in 25.156 secs
Dynamic Programming starting after 25.156 secs
Using tree-based weight calculation.
Using polytree-based weight calculation.
Polytree max score: 3298244601
Polytree building time: 0.216 seconds.
Number of quartet trees in the gene trees: 3298244601
Size of largest cluster: 201
Greedy score: 1410656740
estimationFactor: 2.338091548054419
Sub-optimal score: 1494341565
Calculated 100000 weights; time (seconds): 61
Total Number of elements weighted: 134377
Normalized score (portion of input quartet trees satisfied before correcting for multiple individuals): 0.4670806545193523
Optimization score: 1540546247
Optimal tree inferred in 77.07 secs.
(67,(173,(23,((133,(9,192)),(((183,86),((100,155),(71,110))),((89,(122,39)),(51,((153,(38,140)),(37,((52,((162,(157,196)),((7,95),(78,(137,(47,(75,87))))))),((193,(((174,88),((84,56),(181,(29,185)))),((18,(8,58)),(12,(50,(44,(4,114))))))),((((10,(96,135)),(184,(55,(136,(14,28))))),(((1,171),(165,125)),(98,(90,(24,(15,(141,(117,138)))))))),(((45,(101,123)),((2,30),(((82,161),(32,(144,108))),(((113,(66,73)),((189,(49,27)),((109,85),(60,11)))),(((143,(120,74)),(103,(119,121))),((188,((116,25),(70,(40,(129,154))))),((77,(187,(17,33))),((57,(147,53)),((176,150),(16,182)))))))))),((((19,20),(91,(149,180))),((68,(146,((163,42),(26,156)))),((151,(48,134)),((64,(41,(194,93))),((111,(164,((142,(166,104)),(145,(99,106))))),((190,(79,(21,168))),(34,(128,(6,13))))))))),(0,(43,(((61,(191,(148,175))),(62,((131,(126,5)),(200,(92,(46,177)))))),((((159,(65,105)),(31,(22,167))),(((186,72),(160,(178,179))),((124,69),((63,107),(169,198))))),((81,(80,(115,(132,172)))),((54,(3,(158,197))),(((112,(127,118)),(94,(36,(139,(97,35))))),((102,195),((83,199),(76,((170,130),(59,152))))))))))))))))))))))))));
Final quartet score is: 1540546247
Final normalized quartet score is: 0.4670806545193523
Extended species tree:
(43,((((61,(191,(148,175)0.58:0.12549989998699165)1:0.8880866317642142)1:0.5474332436264616,(62,((131,(126,5)1:0.851764590728042)0.88:0.18757334637493067,(200,(92,(46,177)0.5:0.060624621816434854)1:1.0728205709006542)0.73:0.12076275867830677)0.47:0.03768171717616939)0.53:0.05468988629662033)0.98:0.28049653486146264,((((159,(65,105)0.45:0.0356711949105035)0.94:0.2225193382866339,(31,(22,167)0.99:0.3095117554207456)0.45:0.03744919284489583)1:0.8415513816195286,(((186,72)1:1.8256403231835896,(160,(178,179)1:0.6589675034479001)0.46:0.031270436592899055)0.57:0.0694122060414243,((124,69)1:0.9958290275030768,((63,107)0.73:0.1286378699553108,(169,198)1:0.8571087309514629)0.41:0.018131908243488027)0.76:0.12419823909418394)0.66:0.09617062386056133)0.57:0.06437004606549414,((81,(80,(115,(132,172)1:0.48539418587418687)0.78:0.1318933668761243)0.73:0.11985873886726979)1:0.7317938140377774,((54,(3,(158,197)0.99:0.3128829020928824)1:1.4014138193401695)0.87:0.1812943375311496,(((112,(127,118)0.81:0.15157016381030716)1:1.290655843189092,(94,(36,(139,(97,35)0.9:0.19325454498479527)0.73:0.11615141733542622)1:0.637501626312627)0.99:0.296953132554578)0.9:0.18609821620295094,((102,195)1:1.1561724144242185,((83,199)1:0.8859970759006716,(76,((170,130)0.62:0.08616186403827612,(59,152)0.87:0.17662410125962652)0.97:0.25864451431948304)0.98:0.2838235467642514)0.87:0.1721437474478971)0.99:0.3359708437974057)0.82:0.14543056635998655)0.44:0.026977057919525264)0.83:0.15282018119317456)0.41:0.01590159857773152)0.49:0.04244276598805567,(0,((((19,20)1:0.5612803377963002,(91,(149,180)1:0.6312301853122639)0.94:0.22576365245202418)0.7:0.10529524701544712,((68,(146,((163,42)1:0.6962892494276106,(26,156)1:0.91001522887489)1:0.48446414070110433)0.77:0.129102516036834)0.69:0.10216044958553344,((151,(48,134)1:1.3238010205780615)1:0.5741180800462141,((64,(41,(194,93)0.98:0.28698752462408855)1:0.4678436399524224)0.99:0.3245689910333344,((111,(164,((142,(166,104)1:0.5339164796478495)0.97:0.2609626415225248,(145,(99,106)1:0.5508805972568686)0.94:0.2234255158937517)0.91:0.19688077345179006)0.6:0.10419849225275885)0.61:0.08119300923642878,((190,(79,(21,168)0.79:0.13660938740927486)0.99:0.34087522098560435)0.51:0.07032706601827526,(34,(128,(6,13)0.62:0.08581148183648078)0.84:0.17457107027156712)0.98:0.26976988415618564)1:0.7299746435496447)0.7:0.11475706275682997)1:0.36960612297426104)0.41:0.018678808396787955)0.4:0.016153021694055417)0.38:0.009282232636037852,(((45,(101,123)1:1.2787364992086956)0.94:0.2229895388171903,((2,30)1:1.6493928088321,(((82,161)1:1.3774027495142647,(32,(144,108)1:0.7923866385041601)0.95:0.23250975658346193)1:0.37156186483847214,(((113,(66,73)1:0.7297569261725064)1:0.4736796988493783,((189,(49,27)1:0.41779572056564296)0.99:0.31340424760696695,((109,85)0.47:0.05057126983115264,(60,11)1:0.5217781324390687)1:1.1751104365514846)0.45:0.05646570648109689)0.99:0.3347405983011777,(((143,(120,74)0.75:0.12259368435058357)0.97:0.25266773509057605,(103,(119,121)1:1.8662871098498508)0.93:0.21216171464004474)0.78:0.13431820506754127,((188,((116,25)1:0.6845328854215751,(70,(40,(129,154)0.8:0.1376603758237857)0.84:0.16043009572230002)0.98:0.2739860008515498)0.38:0.007458745287676058)1:0.6249520971375732,((77,(187,(17,33)1:0.7333490200215652)0.92:0.20469575120945663)0.42:0.019638329744089782,((57,(147,53)0.46:0.032225122520185605)1:0.8398846647464869,((176,150)1:0.6444586372431998,(16,182)0.87:0.18627555188066694)1:0.4032621281116304)0.93:0.20629443335942235)0.99:0.32200471149166193)0.66:0.09171660754110404)0.43:0.02450649692953891)0.4:0.01571521301740281)0.43:0.02863220354233586)0.38:0.00683638202102661)0.49:0.04216416460132141,((((10,(96,135)1:0.6784967046679395)0.56:0.076308103483111,(184,(55,(136,(14,28)0.45:0.030060066805800898)0.89:0.18423612002087872)0.96:0.2595891347704208)1:0.5463912468385426)1:0.5042749274976105,(((1,171)1:1.8873696340353796,(165,125)0.77:0.14593578370836682)0.56:0.0664754991136154,(98,(90,(24,(15,(141,(117,138)0.54:0.06420187747170883)1:0.6736431944486044)0.59:0.0725706928348355)1:1.1547946338573116)0.41:0.018607465497997553)0.82:0.14879194524717027)0.47:0.036918897552883675)0.65:0.09089109470049354,((193,(((174,88)1:0.51923483809124,((84,56)0.99:0.3228478248049925,(181,(29,185)1:0.6910282150327243)0.58:0.08291359644256552)0.41:0.018452167722480747)1:0.6825357945825069,((18,(8,58)1:0.52133866247337)1:0.7128044636722031,(12,(50,(44,(4,114)1:0.37106368139083207)0.69:0.14013764746124327)1:0.39168000847670265)1:0.40901452694439067)0.95:0.23269171612670836)0.6:0.08099847883556799)0.62:0.08174488472277874,((52,((162,(157,196)1:0.8973642728583254)1:0.7199613481529606,((7,95)1:1.0881457265318677,(78,(137,(47,(75,87)1:0.7427844057015383)0.8:0.14033690608241423)0.93:0.2140315306908485)0.92:0.2002496534612023)0.48:0.05541079243396122)0.58:0.07087967146172264)0.42:0.019852200029836613,(37,((153,(38,140)1:1.0255871536532197)1:0.5590965642347029,(51,((89,(122,39)1:1.655335650513132)0.62:0.08994102792306344,(((183,86)1:0.4248255255012495,((100,155)1:0.7329242596521157,(71,110)0.67:0.10493292767508523)0.96:0.2397837252025493)0.52:0.05169129102928868,((133,(9,192)0.83:0.15234448632099556)0.79:0.14409426958066476,(23,(173,67)0.97:0.2674669889732228)0.51:0.04854225112579908)1:0.5667370239802441)0.93:0.20514307000747548)0.43:0.030553909455854972)0.91:0.19652845173542707)0.64:0.08560133296714446)0.54:0.05583217693420146)0.39:0.009606107692656823)0.37:0.004109790386893144)0.51:0.0479843658337368)0.38:0.005233502630229187)0.4:0.016509738986415497)0.4:0.01394574571663567));
Weight calculation took 40.004766454 secs
ASTRAL finished in 78.68 secs
