
================== ASTRAL ===================== 

This is ASTRAL version 5.7.8
Gene trees are treated as unrooted
200 trees read from Dataset/AstralII_data/model.200.500000.0.000001/28/estimatedgenetre.halfresolved_200
index0
All output trees will be *arbitrarily* rooted at 43

======== Running the main analysis
Number of taxa: 201 (201 species)
Taxa: [43, 145, 99, 106, 0, 157, 45, 54, 101, 123, 37, 51, 78, 75, 87, 52, 7, 95, 165, 141, 117, 138, 24, 15, 194, 41, 98, 70, 116, 25, 129, 40, 93, 64, 79, 21, 168, 34, 190, 128, 6, 13, 31, 65, 105, 2, 30, 62, 131, 126, 5, 132, 172, 115, 80, 81, 169, 159, 22, 167, 92, 200, 46, 177, 61, 148, 175, 191, 151, 48, 134, 38, 140, 181, 84, 174, 88, 50, 90, 122, 39, 173, 9, 183, 47, 89, 137, 162, 196, 91, 19, 20, 149, 170, 83, 199, 130, 76, 59, 152, 102, 195, 36, 97, 35, 112, 139, 127, 118, 94, 3, 158, 197, 111, 26, 156, 163, 42, 178, 14, 184, 28, 55, 96, 135, 136, 10, 186, 72, 82, 161, 17, 176, 150, 16, 182, 57, 147, 53, 154, 188, 77, 33, 187, 120, 74, 143, 60, 11, 109, 66, 73, 189, 49, 27, 113, 85, 32, 144, 180, 108, 18, 8, 58, 133, 192, 67, 23, 71, 100, 86, 155, 110, 193, 103, 119, 121, 56, 29, 185, 12, 44, 4, 114, 1, 171, 153, 68, 124, 69, 63, 107, 160, 198, 179, 125, 142, 166, 104, 164, 146]
Taxon occupancy: {110=200, 111=200, 112=200, 113=200, 114=200, 115=200, 116=200, 117=200, 118=200, 119=200, 10=200, 11=200, 12=200, 13=200, 14=200, 15=200, 16=200, 17=200, 18=200, 19=200, 120=200, 0=200, 121=200, 122=200, 1=200, 123=200, 2=200, 3=200, 124=200, 4=200, 125=200, 126=200, 5=200, 6=200, 127=200, 7=200, 128=200, 129=200, 8=200, 9=200, 20=200, 21=200, 22=200, 23=200, 24=200, 25=200, 26=200, 27=200, 28=200, 29=200, 130=200, 131=200, 132=200, 133=200, 134=200, 135=200, 136=200, 137=200, 138=200, 139=200, 30=200, 31=200, 32=200, 33=200, 34=200, 35=200, 36=200, 37=200, 38=200, 39=200, 140=200, 141=200, 142=200, 143=200, 144=200, 145=200, 146=200, 147=200, 148=200, 149=200, 40=200, 41=200, 42=200, 43=200, 44=200, 45=200, 46=200, 47=200, 48=200, 49=200, 150=200, 151=200, 152=200, 153=200, 154=200, 155=200, 156=200, 157=200, 158=200, 159=200, 50=200, 51=200, 52=200, 53=200, 54=200, 55=200, 56=200, 57=200, 58=200, 59=200, 160=200, 161=200, 162=200, 163=200, 164=200, 165=200, 166=200, 167=200, 168=200, 169=200, 60=200, 61=200, 62=200, 63=200, 64=200, 65=200, 66=200, 67=200, 68=200, 69=200, 170=200, 171=200, 172=200, 173=200, 174=200, 175=200, 176=200, 177=200, 178=200, 179=200, 70=200, 71=200, 72=200, 73=200, 74=200, 75=200, 76=200, 77=200, 78=200, 79=200, 180=200, 181=200, 182=200, 183=200, 184=200, 185=200, 186=200, 187=200, 188=200, 189=200, 80=200, 81=200, 82=200, 83=200, 84=200, 85=200, 86=200, 87=200, 88=200, 89=200, 190=200, 191=200, 192=200, 193=200, 194=200, 195=200, 196=200, 197=200, 198=200, 199=200, 90=200, 91=200, 92=200, 93=200, 94=200, 95=200, 96=200, 97=200, 98=200, 99=200, 200=200, 100=200, 101=200, 102=200, 103=200, 104=200, 105=200, 106=200, 107=200, 108=200, 109=200}
Number of gene trees: 200
0 trees have missing taxa
Calculating quartet distance matrix (for completion of X)
Species tree distances calculated ...
Building set of clusters (X) from gene trees 
------------------------------
gradient0: 40207
Number of Clusters after addition by distance: 40207
calculating extra bipartitions to be added at level 1 ...
Adding to X using resolutions of greedy consensus ...
Limit for sigma of degrees:5075
polytomy size limit : 62
discarded polytomies: 94 133  [3, 3, 3, 3, 3, 3, 3, 4, 4, 5, 11, 25, 37, 48, 62, 94, 133]
Threshold 0.0:
polytomy of size 5; rounds with additions with at least 5 support: 1; clusters: 40247
polytomy of size 3; rounds with additions with at least 5 support: 0; clusters: 40251
polytomy of size 11; rounds with additions with at least 5 support: 6; clusters: 41079
Threshold 0.01:
polytomy of size 25; rounds with additions with at least 5 support: 12; clusters: 49373
Threshold 0.02:
polytomy of size 37; rounds with additions with at least 5 support: 4; clusters: 68535
Threshold 0.05:
polytomy of size 48; rounds with additions with at least 5 support: 1; clusters: 68727
Threshold 0.1:
polytomy of size 4; rounds with additions with at least 5 support: 0; clusters: 68727
polytomy of size 62; rounds with additions with at least 5 support: 1; clusters: 68905
Threshold 0.2:
polytomy of size 3; rounds with additions with at least 5 support: 0; clusters: 68905
polytomy of size 4; rounds with additions with at least 5 support: 0; clusters: 68905
polytomy of size 3; rounds with additions with at least 5 support: 0; clusters: 68905
polytomy of size 94; rounds with additions with at least 5 support: 0; clusters: 68935
Threshold 0.3333333333333333:
polytomy of size 3; rounds with additions with at least 5 support: 0; clusters: 68935
polytomy of size 3; rounds with additions with at least 5 support: 0; clusters: 68935
polytomy of size 3; rounds with additions with at least 5 support: 0; clusters: 68935
polytomy of size 3; rounds with additions with at least 5 support: 0; clusters: 68935
polytomy of size 133; rounds with additions with at least 5 support: 0; clusters: 68987
max k is :24
Number of Clusters after addition by greedy: 68987
gradient0 in heuristiic: 68987
partitions formed in 122.08 secs
Dynamic Programming starting after 122.08 secs
Using tree-based weight calculation.
Using polytree-based weight calculation.
Polytree max score: 13184134122
Polytree building time: 1.257 seconds.
Number of quartet trees in the gene trees: 13184134122
Size of largest cluster: 201
Greedy score: 5677893666
estimationFactor: 2.322011453111281
Sub-optimal score: 5747011301
Calculated 100000 weights; time (seconds): 235
Total Number of elements weighted: 153402
Normalized score (portion of input quartet trees satisfied before correcting for multiple individuals): 0.4676027726168789
Optimization score: 6164937670
Optimal tree inferred in 298.854 secs.
(67,(173,(23,((133,(9,192)),(((183,86),(110,(71,(100,155)))),(((122,39),(51,89)),((153,(38,140)),(((37,52),((162,(157,196)),((7,95),(78,(137,(47,(75,87))))))),(((193,(((174,88),((29,185),(181,(84,56)))),((18,(8,58)),(12,(50,(44,(4,114))))))),(((10,(96,135)),(184,(55,(136,(14,28))))),((165,125),((1,171),(90,(98,(24,(15,(117,(141,138)))))))))),((((45,(101,123)),(151,(48,134))),((2,30),((((82,161),(32,(144,108))),((189,(49,27)),((113,(66,73)),((109,85),(60,11))))),(((143,(120,74)),(103,(119,121))),(((188,(116,25)),(70,(40,(129,154)))),((77,(187,(17,33))),((57,(147,53)),((176,150),(16,182))))))))),(((68,(146,((163,42),(26,156)))),(((19,20),(91,(149,180))),((64,(41,(194,93))),((190,((79,(21,168)),(34,(128,(6,13))))),(164,(111,((142,(166,104)),(145,(99,106))))))))),(0,((43,((81,(80,(115,(132,172)))),((54,(3,(158,197))),(((112,(127,118)),(94,(36,(139,(97,35))))),((102,195),((83,199),(76,((170,130),(59,152))))))))),(((61,(148,(175,191))),(62,((131,(126,5)),(200,(177,(92,46)))))),((31,((22,167),(159,(65,105)))),((186,72),((160,(178,179)),((63,107),((124,69),(169,198))))))))))))))))))));
Final quartet score is: 6164937670
Final normalized quartet score is: 0.4676027726168789
Extended species tree:
(43,(((81,(80,(115,(132,172)1:0.7122406563557513)0.94:0.11077551804027844)0.97:0.12477815508575871)1:0.7432285330613237,((54,(3,(158,197)0.99:0.1564563516693334)1:1.2595987078228)0.84:0.08136047922319939,(((112,(127,118)0.96:0.11838493836480204)1:1.4064834071419092,(94,(36,(139,(97,35)1:0.26654562295699985)0.9:0.09306957692098446)1:0.4008753389759921)1:0.4396349114588777)1:0.17508261184346735,((102,195)1:1.1609385545626683,((83,199)1:0.8995713292625559,(76,((170,130)0.87:0.08589636412362463,(59,152)1:0.18243800010897443)1:0.33298673525317196)1:0.1726647660234005)1:0.2609303705703496)1:0.22271219708974185)0.87:0.08707178913416001)0.76:0.06478305763778944)0.78:0.06667129075991021,((((61,(148,(175,191)0.61:0.06716642855656162)1:0.8271484286852311)1:0.48771636169261245,(62,((131,(126,5)1:0.48325336998388724)1:0.4775129996274858,(200,(177,(92,46)0.99:0.1393056071179927)1:1.2769566147499325)0.46:0.021523584037293094)0.56:0.047113538511548224)0.69:0.05395581149272525)1:0.3014507038754025,((31,((22,167)1:0.2695031391245812,(159,(65,105)0.47:0.020313493921622242)1:0.29954841480369354)1:0.18043293623081885)1:0.876482249036183,((186,72)1:1.9102712416728265,((160,(178,179)1:0.6931217679222388)0.91:0.09781918665047325,((63,107)1:0.26288879388666475,((124,69)1:1.270484142234333,(169,198)1:1.061487053545231)0.69:0.053018615367469414)0.99:0.15646395736436236)0.74:0.06173472472744803)0.77:0.06810327498641192)0.69:0.05300154745093883)0.71:0.05528101354344125,(0,(((68,(146,((163,42)1:0.6576664928394308,(26,156)1:1.0067433602518585)1:0.5267971377169216)0.67:0.052751363078282314)1:0.19005466639945656,(((19,20)1:0.6897916003492662,(91,(149,180)1:0.6094479770832781)1:0.3436261679619701)1:0.20805488133236982,((64,(41,(194,93)1:0.3546518139597701)1:0.6044211227618168)1:0.31751844955379327,((190,((79,(21,168)0.95:0.12181991013654167)1:0.44399210550779195,(34,(128,(6,13)1:0.27802523242338684)0.74:0.062666304483467)1:0.2507544071525454)0.77:0.06952162962366856)1:0.5705163186573374,(164,(111,((142,(166,104)1:0.6774290211233986)1:0.20046575319997473,(145,(99,106)1:0.6713193436564632)1:0.20416659460070527)1:0.259538173244158)0.54:0.08167299475618484)0.8:0.07337699151237057)0.88:0.0881567948136008)1:0.3802235765684706)0.44:0.0172881444739731)0.54:0.030286437570126966,((((45,(101,123)1:1.205802956586853)1:0.3282406348787008,(151,(48,134)1:1.1563288715495277)1:0.36183256502478744)0.63:0.043704574548671854,((2,30)1:1.6587916122118083,((((82,161)1:1.4518010105336339,(32,(144,108)1:0.7411340283538472)1:0.37053835393983814)1:0.3512544097526487,((189,(49,27)1:0.4348881928747939)1:0.5922843018467514,((113,(66,73)1:0.7146096328275775)1:0.6431124041053091,((109,85)0.98:0.13761495413389674,(60,11)1:0.25119314095574924)1:1.1438065360998546)0.39:0.007179534425476856)1:0.4407329156152785)0.4:0.010685367792887528,(((143,(120,74)0.97:0.13107210975413822)1:0.2678022453237983,(103,(119,121)1:1.2537234862376851)1:0.27168152786138394)1:0.2389861024625041,(((188,(116,25)1:0.8036797988715771)0.61:0.048591927061904454,(70,(40,(129,154)0.63:0.05702081921568657)0.99:0.153909466650771)1:0.26025719119233)1:0.638460379235657,((77,(187,(17,33)1:0.4648528831210839)1:0.2757593710854229)0.99:0.1485270786775732,((57,(147,53)0.82:0.07801468455541224)1:0.9374400849750316,((176,150)1:0.5942920447189821,(16,182)0.99:0.1584168021112784)1:0.455727486832431)1:0.2246612066264615)1:0.24247532310190748)0.9:0.09190090327827435)0.48:0.023772193581138634)0.69:0.052984579302601184)0.54:0.03119466146192373)0.66:0.04853580753142572,(((193,(((174,88)1:0.5255757520626255,((29,185)1:0.732731251862972,(181,(84,56)1:0.22965885806457345)0.97:0.13191222423205953)0.87:0.0884064669918587)1:0.7038818831284749,((18,(8,58)1:0.6805089414174558)1:0.514150073816336,(12,(50,(44,(4,114)1:0.65161110121708)0.7:0.05498792932801441)1:0.3355316221411757)1:0.3722548821285783)1:0.16388948649502297)0.72:0.05825637915063468)0.98:0.1320067648052738,(((10,(96,135)1:0.5450010448164152)0.99:0.14498896095089886,(184,(55,(136,(14,28)0.9:0.09676755193499441)0.98:0.13673761419830918)1:0.2388171864991278)1:0.3595296598287814)1:0.5625066241611016,((165,125)1:0.1796733251777068,((1,171)1:1.78469715987809,(90,(98,(24,(15,(117,(141,138)0.57:0.036503943414625116)1:0.47126437483805217)1:0.23859615117255106)1:0.8853903670448484)0.53:0.029248147538117282)1:0.19540833402047872)0.4:0.009216239012681537)0.67:0.05037738633917132)0.95:0.10896261534722917)0.66:0.04820441681198489,(((37,52)0.55:0.03765437691741466,((162,(157,196)1:1.0509900865379223)1:0.8032669881359603,((7,95)1:1.3318838245577198,(78,(137,(47,(75,87)1:0.8831096823058265)1:0.17573946890334516)0.97:0.1294902617379038)1:0.259805636824852)0.57:0.044357015617895464)0.63:0.04322537119792457)0.63:0.04435470266082484,((153,(38,140)1:1.1293839473348632)1:0.6078532602071771,(((122,39)1:1.4872665993143377,(51,89)0.69:0.052739920924584315)0.59:0.04526053901287841,(((183,86)1:0.5171807464443381,(110,(71,(100,155)1:0.7338577305197737)0.72:0.06067718837885658)1:0.25169845134404983)0.77:0.06740170395114746,((133,(9,192)0.99:0.15276103623664936)1:0.2767086727969439,(23,(173,67)1:0.2875538525287938)1:0.18513237056913676)1:0.42983212736502746)1:0.19438107083758147)0.99:0.14273776010788167)1:0.20083815542067196)0.53:0.029088851955907963)0.8:0.06996873460967518)0.39:0.008037237960188907)0.47:0.022682376623639647)0.7:0.054444450860397314)0.89:0.09086892077840548));
Weight calculation took 143.691411576 secs
ASTRAL finished in 303.182 secs
