
================== ASTRAL ===================== 

This is ASTRAL version 5.7.8
Gene trees are treated as unrooted
200 trees read from Dataset/AstralII_data/model.200.10000000.0.000001/14/estimatedgenetre.halfresolved_200
index0
All output trees will be *arbitrarily* rooted at 114

======== Running the main analysis
Number of taxa: 201 (201 species)
Taxa: [114, 49, 111, 0, 89, 196, 84, 171, 52, 163, 116, 73, 100, 112, 74, 57, 82, 127, 32, 85, 63, 96, 177, 58, 106, 90, 1, 46, 189, 173, 60, 117, 93, 144, 27, 148, 154, 167, 22, 41, 115, 20, 25, 190, 65, 92, 105, 77, 141, 200, 62, 123, 162, 70, 142, 146, 158, 95, 98, 17, 9, 108, 195, 150, 104, 40, 182, 103, 165, 125, 185, 47, 10, 130, 193, 178, 109, 124, 51, 166, 45, 180, 69, 86, 29, 18, 61, 23, 197, 147, 87, 54, 64, 137, 30, 13, 4, 72, 183, 181, 28, 6, 31, 39, 55, 120, 26, 5, 8, 19, 107, 113, 131, 134, 192, 79, 44, 80, 174, 71, 139, 160, 172, 56, 101, 143, 176, 38, 59, 138, 97, 186, 175, 15, 78, 159, 140, 145, 2, 66, 161, 191, 83, 155, 187, 179, 121, 35, 21, 34, 67, 152, 16, 151, 81, 53, 128, 118, 132, 48, 119, 133, 198, 122, 50, 156, 188, 42, 68, 170, 135, 153, 88, 169, 126, 3, 7, 194, 11, 129, 33, 157, 91, 168, 136, 149, 184, 24, 76, 102, 164, 12, 99, 110, 199, 14, 75, 43, 94, 37, 36]
Taxon occupancy: {110=200, 111=200, 112=200, 113=200, 114=200, 115=200, 116=200, 117=200, 118=200, 119=200, 10=200, 11=200, 12=200, 13=200, 14=200, 15=200, 16=200, 17=200, 18=200, 19=200, 120=200, 0=200, 121=200, 1=200, 122=200, 123=200, 2=200, 124=200, 3=200, 125=200, 4=200, 5=200, 126=200, 127=200, 6=200, 128=200, 7=200, 8=200, 129=200, 9=200, 20=200, 21=200, 22=200, 23=200, 24=200, 25=200, 26=200, 27=200, 28=200, 29=200, 130=200, 131=200, 132=200, 133=200, 134=200, 135=200, 136=200, 137=200, 138=200, 139=200, 30=200, 31=200, 32=200, 33=200, 34=200, 35=200, 36=200, 37=200, 38=200, 39=200, 140=200, 141=200, 142=200, 143=200, 144=200, 145=200, 146=200, 147=200, 148=200, 149=200, 40=200, 41=200, 42=200, 43=200, 44=200, 45=200, 46=200, 47=200, 48=200, 49=200, 150=200, 151=200, 152=200, 153=200, 154=200, 155=200, 156=200, 157=200, 158=200, 159=200, 50=200, 51=200, 52=200, 53=200, 54=200, 55=200, 56=200, 57=200, 58=200, 59=200, 160=200, 161=200, 162=200, 163=200, 164=200, 165=200, 166=200, 167=200, 168=200, 169=200, 60=200, 61=200, 62=200, 63=200, 64=200, 65=200, 66=200, 67=200, 68=200, 69=200, 170=200, 171=200, 172=200, 173=200, 174=200, 175=200, 176=200, 177=200, 178=200, 179=200, 70=200, 71=200, 72=200, 73=200, 74=200, 75=200, 76=200, 77=200, 78=200, 79=200, 180=200, 181=200, 182=200, 183=200, 184=200, 185=200, 186=200, 187=200, 188=200, 189=200, 80=200, 81=200, 82=200, 83=200, 84=200, 85=200, 86=200, 87=200, 88=200, 89=200, 190=200, 191=200, 192=200, 193=200, 194=200, 195=200, 196=200, 197=200, 198=200, 199=200, 90=200, 91=200, 92=200, 93=200, 94=200, 95=200, 96=200, 97=200, 98=200, 99=200, 200=200, 100=200, 101=200, 102=200, 103=200, 104=200, 105=200, 106=200, 107=200, 108=200, 109=200}
Number of gene trees: 200
0 trees have missing taxa
Calculating quartet distance matrix (for completion of X)
Species tree distances calculated ...
Building set of clusters (X) from gene trees 
------------------------------
gradient0: 5349
Number of Clusters after addition by distance: 5349
calculating extra bipartitions to be added at level 1 ...
Adding to X using resolutions of greedy consensus ...
Limit for sigma of degrees:5075
polytomy size limit : 5
discarded polytomies:  [3, 3, 3, 3, 3, 3, 3, 3, 3, 3, 4, 4, 5]
Threshold 0.0:
Threshold 0.01:
Threshold 0.02:
Threshold 0.05:
Threshold 0.1:
Threshold 0.2:
Threshold 0.3333333333333333:
polytomy of size 3; rounds with additions with at least 5 support: 0; clusters: 5349
polytomy of size 3; rounds with additions with at least 5 support: 0; clusters: 5349
polytomy of size 4; rounds with additions with at least 5 support: 0; clusters: 5349
polytomy of size 3; rounds with additions with at least 5 support: 0; clusters: 5349
polytomy of size 3; rounds with additions with at least 5 support: 0; clusters: 5349
polytomy of size 3; rounds with additions with at least 5 support: 0; clusters: 5349
polytomy of size 5; rounds with additions with at least 5 support: 0; clusters: 5349
polytomy of size 3; rounds with additions with at least 5 support: 0; clusters: 5349
polytomy of size 3; rounds with additions with at least 5 support: 0; clusters: 5349
polytomy of size 4; rounds with additions with at least 5 support: 0; clusters: 5349
polytomy of size 3; rounds with additions with at least 5 support: 0; clusters: 5349
polytomy of size 3; rounds with additions with at least 5 support: 0; clusters: 5349
polytomy of size 3; rounds with additions with at least 5 support: 0; clusters: 5349
max k is :0
Number of Clusters after addition by greedy: 5349
gradient0 in heuristiic: 5349
partitions formed in 4.663 secs
Dynamic Programming starting after 4.663 secs
Using tree-based weight calculation.
Using polytree-based weight calculation.
Polytree max score: 13199670000
Polytree building time: 0.219 seconds.
Number of quartet trees in the gene trees: 13199670000
Size of largest cluster: 201
Greedy score: 11470325347
estimationFactor: 1.1507668353498186
Sub-optimal score: 11928767745
Total Number of elements weighted: 10130
Normalized score (portion of input quartet trees satisfied before correcting for multiple individuals): 0.9186242128780492
Optimization score: 12125536464
Optimal tree inferred in 7.462 secs.
(78,(15,(175,((186,((140,(97,159)),(101,((143,138),(176,(38,59)))))),(((145,2),((66,(83,(161,191))),((155,187),((179,(121,35)),((21,34),(151,(53,((67,81),(152,16))))))))),((((43,(94,(37,36))),((91,(168,136)),((184,(149,(102,(24,76)))),((164,12),((14,75),(99,(110,199))))))),(((111,(114,49)),((153,(88,169)),(126,((3,7),(194,(11,(157,(129,33)))))))),((128,(118,(133,(119,(132,48))))),(198,(122,((50,156),(68,((188,42),(170,135))))))))),((0,(((60,((117,93),(144,27))),((148,154),(167,(22,(41,115))))),((84,(196,(89,171))),(52,(173,(189,((106,(90,(1,46))),((163,((116,73),(100,112))),(((82,127),(74,57)),(32,((177,58),(96,(85,63))))))))))))),(((9,((150,104),(108,195))),((40,((51,(182,124)),(((178,109),(130,193)),((103,(165,125)),(185,(47,10)))))),(((142,146),((158,95),(98,17))),((123,(162,70)),((25,(190,(65,92))),(20,(105,(200,(62,(77,141)))))))))),(((39,(120,(31,55))),((134,(192,79)),((26,(113,131)),(19,(107,(5,8)))))),(((181,(28,6)),((72,183),((30,4),(137,13)))),((147,(54,(87,64))),(((172,56),((139,160),(71,(174,(44,80))))),((69,86),(29,((45,(166,180)),(18,(197,(61,23))))))))))))))))));
Final quartet score is: 12125536464
Final normalized quartet score is: 0.9186242128780492
Extended species tree:
(114,(49,(111,(((153,(88,169)1:4.897839799950916)1:2.191677344432014,(126,((3,7)1:4.204692619390971,(194,(11,(157,(129,33)1:0.23430541783076805)1:0.2202781250012985)1:2.2352519729254583)1:3.51154543883102)1:1.160170181667543)1:1.7128551560576952)1:0.41450580577883034,(((128,(118,(133,(119,(132,48)1:0.9085752091289404)0.57:0.04191089561563683)1:2.530716185819295)1:2.0211654127918304)1:0.7091956694304093,(198,(122,((50,156)1:1.5599079813673593,(68,((188,42)1:2.1260445396269168,(170,135)1:2.064477168740578)1:0.6287133709659656)1:0.3866829546142881)1:0.7100945576736997)1:0.5018577965880578)1:1.6983167035985254)1:4.233148301979747,(((43,(94,(37,36)1:1.4321038971511846)1:4.897839799950916)1:3.7346889901452363,((91,(168,136)0.8:0.07755823434587437)1:4.897839799950916,((184,(149,(102,(24,76)0.39:0.007452698727956997)1:0.9655166300254175)0.64:0.051031480012445875)1:4.492374691842744,((164,12)1:3.799227511282799,((14,75)1:1.9711003978838728,(99,(110,199)1:4.877839133244247)1:0.7471213341064634)1:1.673344057611647)1:1.9314219140656959)1:1.345810824034966)1:1.4294174904599948)1:0.9014093607837799,(((0,(((60,((117,93)1:4.897839799950916,(144,27)1:2.332890442489374)1:1.0162760020074741)1:3.645076831455545,((148,154)1:4.897839799950916,(167,(22,(41,115)1:0.7869659357776003)1:4.204692619390971)1:1.496642418288756)1:1.223406293163515)1:1.4446015401637131,((84,(196,(89,171)1:0.6353733473048139)1:0.4148372479370274)1:4.8921417788362564,(52,(173,(189,((106,(90,(1,46)1:1.1135353884141594)1:1.9534008207844709)1:1.1859099875272308,((163,((116,73)1:0.9659146399809201,(100,112)1:0.2487498843111021)1:1.5600930959684902)1:0.23680392601405195,(((82,127)1:0.5076297359842393,(74,57)1:2.647617234271728)1:1.1856094578832446,(32,((177,58)1:0.9530269716997742,(96,(85,63)1:1.0264283734714919)0.67:0.06551371472981866)1:1.9625745751585533)1:0.458535684936482)1:0.4081679631170469)1:1.0458491467105426)0.98:0.1355942491377374)1:0.5306151587153021)1:0.7366984443861074)1:3.332346666689755)0.51:0.04566663465681612)1:3.2580965380214812)1:4.204692619390971,(((9,((150,104)1:2.0643279038697884,(108,195)1:1.8081827081625825)0.93:0.11871630683938185)1:4.897839799950916,((40,((51,(182,124)1:0.2061213071365934)1:0.19508928562395605,(((178,109)1:0.6779962300131902,(130,193)1:0.34447065144327915)1:1.8208573321608932,((103,(165,125)0.82:0.0853680587610586)1:1.961893824491228,(185,(47,10)1:1.8088655996566534)1:0.5823137239120625)0.71:0.066476615720059)1:0.42303143182606323)1:3.598556815820655)1:1.5082170835320445,(((142,146)1:4.897839799950916,((158,95)1:3.51154543883102,(98,17)1:1.6559813788939675)1:1.5306323912032758)1:0.30039166005673007,((123,(162,70)1:1.0691984034618165)1:1.9606498761579723,((25,(190,(65,92)1:0.5283919474838898)1:2.093556909753862)1:0.6321451926369763,(20,(105,(200,(62,(77,141)1:0.41998658990223114)0.64:0.04584919417807424)1:0.9590357718451246)1:1.1585841385119082)0.97:0.12349474310810608)1:0.5892226748295403)1:1.748909681324933)1:3.623208844818965)1:0.36566273624451584)1:4.278828686882697,(((39,(120,(31,55)1:0.9276431834875357)0.9:0.09423491902573362)1:3.724326203109681,((134,(192,79)1:0.4209048109136618)1:1.9648227294881464,((26,(113,131)1:3.497752116698681)1:0.228509708305478,(19,(107,(5,8)1:0.2633560119284722)1:0.1971748642059594)1:2.799252810686641)1:0.1819270108974854)1:1.2615075588841187)1:4.897839799950916,(((181,(28,6)1:4.897839799950916)1:2.273020252998424,((72,183)1:0.908855753386637,((30,4)1:1.806797346592597,(137,13)1:1.6782535675834078)1:0.26797700137244856)1:4.897839799950916)1:3.110009608862748,((147,(54,(87,64)1:0.20649191772176764)1:4.492374691842744)1:3.5185531759884223,(((172,56)1:1.602002933946582,((139,160)1:0.9711808348853354,(71,(174,(44,80)1:0.7226758309871024)0.44:0.022526235976240237)1:0.5936130196571037)1:1.3862943611198908)1:4.897839799950916,((69,86)1:2.1252510777111304,(29,((45,(166,180)0.47:0.030305349495329037)1:2.7580768965024545,(18,(197,(61,23)1:0.8374838708692575)1:1.3424917384614978)1:2.951193544863097)1:0.19582191365604384)1:1.1416355314507203)1:4.886970127714002)1:0.49451573615708744)1:0.6229848092658703)1:1.1138267727123736)0.99:0.15675178737670753)1:0.7906155748651493)1:4.1393322998211906,(((145,2)1:2.0721071212898408,((66,(83,(161,191)1:0.3980301296206464)1:4.897839799950916)1:2.07814452463679,((155,187)1:2.1794627054960682,((179,(121,35)1:1.2869218873066866)1:4.897839799950916,((21,34)1:1.8700701176043255,(151,(53,((67,81)0.98:0.1357960311149399,(152,16)1:1.4802795610782764)1:0.67835085245373)0.63:0.05359214597466137)1:0.9257214197124012)1:2.79777897106834)1:1.803538638742357)1:0.3660740673015933)1:1.803369163598527)0.88:0.09328823458193564,((186,((140,(97,159)1:0.9462076564277193)1:0.8575564308536757,(101,((143,138)0.57:0.043460575062714994,(176,(38,59)1:0.408863004683569)1:0.17920427618561094)1:0.7646718202303674)1:0.7649703239239448)1:0.3428490498788229)1:1.5538008321287045,(175,(15,78)1:3.288401887516811)1:2.464226444550461)1:4.721383362609355)1:1.5935803842066378)1:1.020070911291593)1:0.4447921374653133)1:0.25592696460928915)1:4.540508775703857)0.98:0.1356658651531553));
Weight calculation took 2.32927522 secs
ASTRAL finished in 9.738 secs
