
================== ASTRAL ===================== 

This is ASTRAL version 5.7.8
Gene trees are treated as unrooted
1000 trees read from Dataset/AstralII_data/model.200.10000000.0.000001/14/estimatedgenetre.halfresolved
index0
All output trees will be *arbitrarily* rooted at 114

======== Running the main analysis
Number of taxa: 201 (201 species)
Taxa: [114, 49, 111, 0, 89, 196, 84, 171, 52, 163, 116, 73, 100, 112, 74, 57, 82, 127, 32, 85, 63, 96, 177, 58, 106, 90, 1, 46, 189, 173, 60, 117, 93, 144, 27, 148, 154, 167, 22, 41, 115, 20, 25, 190, 65, 92, 105, 77, 141, 200, 62, 123, 162, 70, 142, 146, 158, 95, 98, 17, 9, 108, 195, 150, 104, 40, 182, 103, 165, 125, 185, 47, 10, 130, 193, 178, 109, 124, 51, 166, 45, 180, 69, 86, 29, 18, 61, 23, 197, 147, 87, 54, 64, 137, 30, 13, 4, 72, 183, 181, 28, 6, 31, 39, 55, 120, 26, 5, 8, 19, 107, 113, 131, 134, 192, 79, 44, 80, 174, 71, 139, 160, 172, 56, 101, 143, 176, 38, 59, 138, 97, 186, 175, 15, 78, 159, 140, 145, 2, 66, 161, 191, 83, 155, 187, 179, 121, 35, 21, 34, 67, 152, 16, 151, 81, 53, 128, 118, 132, 48, 119, 133, 198, 122, 50, 156, 188, 42, 68, 170, 135, 153, 88, 169, 126, 3, 7, 194, 11, 129, 33, 157, 91, 168, 136, 149, 184, 24, 76, 102, 164, 12, 99, 110, 199, 14, 75, 43, 94, 37, 36]
Taxon occupancy: {110=1000, 111=1000, 112=1000, 113=1000, 114=1000, 115=1000, 116=1000, 117=1000, 118=1000, 119=1000, 10=1000, 11=1000, 12=1000, 13=1000, 14=1000, 15=1000, 16=1000, 17=1000, 18=1000, 19=1000, 120=1000, 0=1000, 121=1000, 1=1000, 122=1000, 123=1000, 2=1000, 124=1000, 3=1000, 125=1000, 4=1000, 5=1000, 126=1000, 127=1000, 6=1000, 128=1000, 7=1000, 8=1000, 129=1000, 9=1000, 20=1000, 21=1000, 22=1000, 23=1000, 24=1000, 25=1000, 26=1000, 27=1000, 28=1000, 29=1000, 130=1000, 131=1000, 132=1000, 133=1000, 134=1000, 135=1000, 136=1000, 137=1000, 138=1000, 139=1000, 30=1000, 31=1000, 32=1000, 33=1000, 34=1000, 35=1000, 36=1000, 37=1000, 38=1000, 39=1000, 140=1000, 141=1000, 142=1000, 143=1000, 144=1000, 145=1000, 146=1000, 147=1000, 148=1000, 149=1000, 40=1000, 41=1000, 42=1000, 43=1000, 44=1000, 45=1000, 46=1000, 47=1000, 48=1000, 49=1000, 150=1000, 151=1000, 152=1000, 153=1000, 154=1000, 155=1000, 156=1000, 157=1000, 158=1000, 159=1000, 50=1000, 51=1000, 52=1000, 53=1000, 54=1000, 55=1000, 56=1000, 57=1000, 58=1000, 59=1000, 160=1000, 161=1000, 162=1000, 163=1000, 164=1000, 165=1000, 166=1000, 167=1000, 168=1000, 169=1000, 60=1000, 61=1000, 62=1000, 63=1000, 64=1000, 65=1000, 66=1000, 67=1000, 68=1000, 69=1000, 170=1000, 171=1000, 172=1000, 173=1000, 174=1000, 175=1000, 176=1000, 177=1000, 178=1000, 179=1000, 70=1000, 71=1000, 72=1000, 73=1000, 74=1000, 75=1000, 76=1000, 77=1000, 78=1000, 79=1000, 180=1000, 181=1000, 182=1000, 183=1000, 184=1000, 185=1000, 186=1000, 187=1000, 188=1000, 189=1000, 80=1000, 81=1000, 82=1000, 83=1000, 84=1000, 85=1000, 86=1000, 87=1000, 88=1000, 89=1000, 190=1000, 191=1000, 192=1000, 193=1000, 194=1000, 195=1000, 196=1000, 197=1000, 198=1000, 199=1000, 90=1000, 91=1000, 92=1000, 93=1000, 94=1000, 95=1000, 96=1000, 97=1000, 98=1000, 99=1000, 200=1000, 100=1000, 101=1000, 102=1000, 103=1000, 104=1000, 105=1000, 106=1000, 107=1000, 108=1000, 109=1000}
Number of gene trees: 1000
0 trees have missing taxa
Calculating quartet distance matrix (for completion of X)
Species tree distances calculated ...
Building set of clusters (X) from gene trees 
------------------------------
gradient0: 10387
Number of Clusters after addition by distance: 10387
calculating extra bipartitions to be added at level 1 ...
Adding to X using resolutions of greedy consensus ...
Limit for sigma of degrees:5075
polytomy size limit : 5
discarded polytomies:  [3, 3, 3, 3, 3, 3, 3, 3, 3, 3, 3, 3, 3, 3, 3, 3, 4, 4, 5]
Threshold 0.0:
Threshold 0.01:
Threshold 0.02:
Threshold 0.05:
Threshold 0.1:
Threshold 0.2:
polytomy of size 3; rounds with additions with at least 5 support: 0; clusters: 10387
polytomy of size 3; rounds with additions with at least 5 support: 0; clusters: 10387
Threshold 0.3333333333333333:
polytomy of size 3; rounds with additions with at least 5 support: 0; clusters: 10387
polytomy of size 3; rounds with additions with at least 5 support: 0; clusters: 10387
polytomy of size 3; rounds with additions with at least 5 support: 0; clusters: 10387
polytomy of size 3; rounds with additions with at least 5 support: 0; clusters: 10387
polytomy of size 3; rounds with additions with at least 5 support: 0; clusters: 10387
polytomy of size 3; rounds with additions with at least 5 support: 0; clusters: 10387
polytomy of size 3; rounds with additions with at least 5 support: 0; clusters: 10387
polytomy of size 3; rounds with additions with at least 5 support: 0; clusters: 10387
polytomy of size 5; rounds with additions with at least 5 support: 0; clusters: 10387
polytomy of size 3; rounds with additions with at least 5 support: 0; clusters: 10387
polytomy of size 3; rounds with additions with at least 5 support: 0; clusters: 10387
polytomy of size 4; rounds with additions with at least 5 support: 0; clusters: 10387
polytomy of size 3; rounds with additions with at least 5 support: 0; clusters: 10387
polytomy of size 4; rounds with additions with at least 5 support: 0; clusters: 10387
polytomy of size 3; rounds with additions with at least 5 support: 0; clusters: 10387
polytomy of size 3; rounds with additions with at least 5 support: 0; clusters: 10387
polytomy of size 3; rounds with additions with at least 5 support: 0; clusters: 10387
max k is :0
Number of Clusters after addition by greedy: 10387
gradient0 in heuristiic: 10387
partitions formed in 22.48 secs
Dynamic Programming starting after 22.48 secs
Using tree-based weight calculation.
Using polytree-based weight calculation.
Polytree max score: 65998347624
Polytree building time: 1.562 seconds.
Number of quartet trees in the gene trees: 65998347624
Size of largest cluster: 201
Greedy score: 57553830641
estimationFactor: 1.1467238042880907
Sub-optimal score: 59770454111
Total Number of elements weighted: 31826
Normalized score (portion of input quartet trees satisfied before correcting for multiple individuals): 0.9216032720322459
Optimization score: 60824293119
Optimal tree inferred in 44.392 secs.
(78,(15,(175,((186,((140,(97,159)),(101,(138,(143,(176,(38,59))))))),(((145,2),((66,(83,(161,191))),((155,187),((179,(121,35)),((21,34),(151,(53,((67,81),(152,16))))))))),((((43,(94,(37,36))),((91,(168,136)),((184,(149,(102,(24,76)))),((164,12),((14,75),(99,(110,199))))))),(((111,(114,49)),((153,(88,169)),(126,((3,7),(194,(11,(157,(129,33)))))))),((128,(118,(119,(133,(132,48))))),(198,(122,((50,156),(68,((188,42),(170,135))))))))),((0,(((60,((117,93),(144,27))),((148,154),(167,(22,(41,115))))),((84,(196,(89,171))),(52,(173,(189,((106,(90,(1,46))),((163,((100,112),(116,73))),(((82,127),(74,57)),(32,((177,58),(96,(85,63))))))))))))),(((9,((150,104),(108,195))),((40,((51,(182,124)),(((178,109),(130,193)),((103,(165,125)),(185,(47,10)))))),(((142,146),((158,95),(98,17))),((123,(162,70)),((25,(190,(65,92))),(20,(105,(62,(200,(77,141)))))))))),(((39,(120,(31,55))),((134,(192,79)),((26,(113,131)),(19,(107,(5,8)))))),(((181,(28,6)),((72,183),((30,4),(137,13)))),((147,(54,(87,64))),(((172,56),((139,160),((174,71),(44,80)))),((69,86),(29,((45,(166,180)),(18,(197,(61,23))))))))))))))))));
Final quartet score is: 60824293119
Final normalized quartet score is: 0.9216032720322459
Extended species tree:
(114,(49,(111,(((153,(88,169)1:6.5032896712070904)1:2.1336502981072636,(126,((3,7)1:5.115707479902721,(194,(11,(157,(129,33)1:0.2426650298475774)1:0.20657856841455083)1:2.3602089361229384)1:3.4823620198434564)1:1.2659331228795052)1:1.8538484080347157)1:0.3345082402946009,(((128,(118,(119,(133,(132,48)1:0.9083717866999922)0.6:0.018650560661653683)1:2.6602595372658526)1:2.119613756318165)1:0.8822241259136779,(198,(122,((50,156)1:1.716949794317029,(68,((188,42)1:2.212517366134538,(170,135)1:1.9921791781724403)1:0.622628429435486)1:0.4991130952931326)1:0.6898089521968854)1:0.49576614643322575)1:1.9571178259809245)1:4.167401365959471,(((43,(94,(37,36)1:1.4095704555738904)1:4.557379522151745)1:3.9769458315548785,((91,(168,136)0.99:0.06074950473885741)1:5.810142490647089,((184,(149,(102,(24,76)0.7:0.026325078355330017)1:0.9482368942889896)0.51:0.015098424712585217)1:5.586998939332913,((164,12)1:4.715834986930649,((14,75)1:1.6408703214182419,(99,(110,199)1:4.104476546118453)1:0.6054912479410673)1:1.8555752632439462)1:1.725928434238871)1:1.1873708270703318)1:1.5840208782468783)1:0.9262980008757934,(((0,(((60,((117,93)1:4.711530201978998,(144,27)1:2.411740891718475)1:1.0443991444942242)1:3.3806929164184503,((148,154)1:6.5032896712070904,(167,(22,(41,115)1:0.7764419236198589)1:5.404677382538943)1:1.58664576877894)1:1.197620448534453)1:1.5723335555664715,((84,(196,(89,171)1:0.840311654749003)1:0.3256931542633134)1:5.147454517571867,(52,(173,(189,((106,(90,(1,46)1:1.204947052452606)1:1.9914265963633375)1:1.2945103475056077,((163,((100,112)1:0.13674072951307226,(116,73)1:0.9799320760176106)1:1.6970441870184279)1:0.18327759032979773,(((82,127)1:0.5825553632539331,(74,57)1:2.741499480556853)1:1.1138902718896206,(32,((177,58)1:1.1127590613652278,(96,(85,63)1:0.9118693457374146)0.99:0.06470979311789395)1:2.28398309233894)1:0.6201547027513181)1:0.47372543383941446)1:1.1205942911969728)1:0.12152070815918983)1:0.5944339259587786)1:0.9501622860647407)1:3.2893129019689806)0.68:0.02586116130223646)1:3.98288988539311)1:3.915152030626788,(((9,((150,104)1:1.9284217109393997,(108,195)1:1.9184775967171694)1:0.14371580253467875)1:6.310917778559584,((40,((51,(182,124)1:0.22407676596544898)1:0.17446042869484085,(((178,109)1:0.5825325674641207,(130,193)1:0.4522421743365461)1:1.9154458615849683,((103,(165,125)0.97:0.055481671621223395)1:2.2088923200054187,(185,(47,10)1:1.6675289839213685)1:0.6114613142744221)0.46:0.011325977400300584)1:0.4511024678724833)1:4.75699257605575)1:1.4957671468372302,(((142,146)1:4.914054466090448,((158,95)1:3.3897743619966834,(98,17)1:1.7619171702993783)1:1.567617415584254)1:0.25068201914463234,((123,(162,70)1:1.1466795736817799)1:2.1626046141516486,((25,(190,(65,92)1:0.5449302323095156)1:2.254468158966837)1:0.6231093620282819,(20,(105,(62,(200,(77,141)1:0.41870972940321755)0.89:0.039448835947627464)1:0.9646573023126813)1:1.1520940490376685)1:0.17282383318477984)1:0.6906262890057346)1:1.5928548015723534)1:3.9761430548489733)1:0.3895371288667977)1:4.754653209977846,(((39,(120,(31,55)1:0.882907104588676)0.83:0.034118057386296745)1:4.479537035387788,((134,(192,79)1:0.42349517236688955)1:1.983120237830342,((26,(113,131)1:3.6706706808087524)1:0.1389260308138154,(19,(107,(5,8)1:0.31720575891113906)1:0.16561977017069668)1:3.060363489801966)1:0.1556091278109082)1:1.346906246976356)1:6.066075864784338,(((181,(28,6)1:6.5032896712070904)1:2.331951918159872,((72,183)1:0.9878468256703729,((30,4)1:1.7156710329232858,(137,13)1:1.8070870158512307)1:0.2579099141181109)1:6.5032896712070904)1:3.3103589363563493,((147,(54,(87,64)1:0.13038718537507268)1:4.798541578968634)1:4.899454014321622,(((172,56)1:1.6280923480059037,((139,160)1:1.0608608607357675,((174,71)0.5:0.014131027963337716,(44,80)1:0.611617414790383)1:0.6622623547570865)1:1.5483432829713895)1:5.693371908251269,((69,86)1:2.1611089450803735,(29,((45,(166,180)1:0.10469473667184864)1:3.3360327498897546,(18,(197,(61,23)1:0.9858164917952352)1:1.1925497846604625)1:3.4690197973170918)1:0.24938031949785128)1:1.1764542657377857)1:4.284442629857677)1:0.613980044500177)1:0.4972126371709513)1:1.2170417401461084)1:0.27930336716591925)1:0.8510795901066128)1:3.4645463772101603,(((145,2)1:2.4945529934560686,((66,(83,(161,191)1:0.4630349599296422)1:4.711530201978998)1:2.2626187964379,((155,187)1:2.1524004535707277,((179,(121,35)1:1.3328056761689042)1:5.324634674865401,((21,34)1:1.6018410479251997,(151,(53,((67,81)1:0.20078691426044046,(152,16)1:1.5438942398507725)1:0.5609390013722245)1:0.08935583732011577)1:0.9262087704120262)1:3.096784761994164)1:1.494375715920787)1:0.31674092293872175)1:1.7581848207990798)1:0.07035125725491966,((186,((140,(97,159)1:0.7925783942845857)1:0.9469745306043479,(101,(138,(143,(176,(38,59)1:0.4932288341570884)1:0.16109229197639682)0.91:0.04282380397012837)1:0.8191693208975237)1:0.6863562717513095)1:0.3526515528384025)1:1.6800256995739062,(175,(15,78)1:2.5520459526256287)1:2.434262916969246)1:6.32683323386546)1:1.6240125837499813)1:1.028006305962192)1:0.47032285976167587)1:0.2995098251915727)1:6.145958646959995)1:0.17178782131336512));
Weight calculation took 19.252651687 secs
ASTRAL finished in 54.789 secs
