
================== ASTRAL ===================== 

This is ASTRAL version 5.7.8
Gene trees are treated as unrooted
50 trees read from Dataset/AstralII_data/model.200.10000000.0.000001/14/estimatedgenetre.halfresolved_50
index0
All output trees will be *arbitrarily* rooted at 114

======== Running the main analysis
Number of taxa: 201 (201 species)
Taxa: [114, 49, 111, 0, 89, 196, 84, 171, 52, 163, 116, 73, 100, 112, 74, 57, 82, 127, 32, 85, 63, 96, 177, 58, 106, 90, 1, 46, 189, 173, 60, 117, 93, 144, 27, 148, 154, 167, 22, 41, 115, 20, 25, 190, 65, 92, 105, 77, 141, 200, 62, 123, 162, 70, 142, 146, 158, 95, 98, 17, 9, 108, 195, 150, 104, 40, 182, 103, 165, 125, 185, 47, 10, 130, 193, 178, 109, 124, 51, 166, 45, 180, 69, 86, 29, 18, 61, 23, 197, 147, 87, 54, 64, 137, 30, 13, 4, 72, 183, 181, 28, 6, 31, 39, 55, 120, 26, 5, 8, 19, 107, 113, 131, 134, 192, 79, 44, 80, 174, 71, 139, 160, 172, 56, 101, 143, 176, 38, 59, 138, 97, 186, 175, 15, 78, 159, 140, 145, 2, 66, 161, 191, 83, 155, 187, 179, 121, 35, 21, 34, 67, 152, 16, 151, 81, 53, 128, 118, 132, 48, 119, 133, 198, 122, 50, 156, 188, 42, 68, 170, 135, 153, 88, 169, 126, 3, 7, 194, 11, 129, 33, 157, 91, 168, 136, 149, 184, 24, 76, 102, 164, 12, 99, 110, 199, 14, 75, 43, 94, 37, 36]
Taxon occupancy: {110=50, 111=50, 112=50, 113=50, 114=50, 115=50, 116=50, 117=50, 118=50, 119=50, 10=50, 11=50, 12=50, 13=50, 14=50, 15=50, 16=50, 17=50, 18=50, 19=50, 120=50, 0=50, 121=50, 1=50, 122=50, 123=50, 2=50, 124=50, 3=50, 125=50, 4=50, 5=50, 126=50, 127=50, 6=50, 128=50, 7=50, 8=50, 129=50, 9=50, 20=50, 21=50, 22=50, 23=50, 24=50, 25=50, 26=50, 27=50, 28=50, 29=50, 130=50, 131=50, 132=50, 133=50, 134=50, 135=50, 136=50, 137=50, 138=50, 139=50, 30=50, 31=50, 32=50, 33=50, 34=50, 35=50, 36=50, 37=50, 38=50, 39=50, 140=50, 141=50, 142=50, 143=50, 144=50, 145=50, 146=50, 147=50, 148=50, 149=50, 40=50, 41=50, 42=50, 43=50, 44=50, 45=50, 46=50, 47=50, 48=50, 49=50, 150=50, 151=50, 152=50, 153=50, 154=50, 155=50, 156=50, 157=50, 158=50, 159=50, 50=50, 51=50, 52=50, 53=50, 54=50, 55=50, 56=50, 57=50, 58=50, 59=50, 160=50, 161=50, 162=50, 163=50, 164=50, 165=50, 166=50, 167=50, 168=50, 169=50, 60=50, 61=50, 62=50, 63=50, 64=50, 65=50, 66=50, 67=50, 68=50, 69=50, 170=50, 171=50, 172=50, 173=50, 174=50, 175=50, 176=50, 177=50, 178=50, 179=50, 70=50, 71=50, 72=50, 73=50, 74=50, 75=50, 76=50, 77=50, 78=50, 79=50, 180=50, 181=50, 182=50, 183=50, 184=50, 185=50, 186=50, 187=50, 188=50, 189=50, 80=50, 81=50, 82=50, 83=50, 84=50, 85=50, 86=50, 87=50, 88=50, 89=50, 190=50, 191=50, 192=50, 193=50, 194=50, 195=50, 196=50, 197=50, 198=50, 199=50, 90=50, 91=50, 92=50, 93=50, 94=50, 95=50, 96=50, 97=50, 98=50, 99=50, 200=50, 100=50, 101=50, 102=50, 103=50, 104=50, 105=50, 106=50, 107=50, 108=50, 109=50}
Number of gene trees: 50
0 trees have missing taxa
Calculating quartet distance matrix (for completion of X)
Species tree distances calculated ...
Building set of clusters (X) from gene trees 
------------------------------
gradient0: 2991
Number of Clusters after addition by distance: 2991
calculating extra bipartitions to be added at level 1 ...
Adding to X using resolutions of greedy consensus ...
Limit for sigma of degrees:5075
polytomy size limit : 5
discarded polytomies:  [3, 3, 3, 3, 3, 3, 3, 3, 3, 3, 3, 3, 3, 3, 4, 5]
Threshold 0.0:
Threshold 0.01:
Threshold 0.02:
Threshold 0.05:
Threshold 0.1:
Threshold 0.2:
polytomy of size 3; rounds with additions with at least 5 support: 0; clusters: 2991
Threshold 0.3333333333333333:
polytomy of size 3; rounds with additions with at least 5 support: 0; clusters: 2991
polytomy of size 3; rounds with additions with at least 5 support: 0; clusters: 2991
polytomy of size 3; rounds with additions with at least 5 support: 0; clusters: 2991
polytomy of size 3; rounds with additions with at least 5 support: 0; clusters: 2991
polytomy of size 3; rounds with additions with at least 5 support: 0; clusters: 2991
polytomy of size 3; rounds with additions with at least 5 support: 0; clusters: 2991
polytomy of size 3; rounds with additions with at least 5 support: 0; clusters: 2991
polytomy of size 3; rounds with additions with at least 5 support: 0; clusters: 2991
polytomy of size 3; rounds with additions with at least 5 support: 0; clusters: 2991
polytomy of size 5; rounds with additions with at least 5 support: 0; clusters: 2991
polytomy of size 3; rounds with additions with at least 5 support: 0; clusters: 2991
polytomy of size 3; rounds with additions with at least 5 support: 0; clusters: 2991
polytomy of size 3; rounds with additions with at least 5 support: 0; clusters: 2991
polytomy of size 4; rounds with additions with at least 5 support: 0; clusters: 2991
polytomy of size 3; rounds with additions with at least 5 support: 0; clusters: 2991
max k is :0
Number of Clusters after addition by greedy: 2991
gradient0 in heuristiic: 2991
partitions formed in 5.8 secs
Dynamic Programming starting after 5.8 secs
Using tree-based weight calculation.
Using polytree-based weight calculation.
Polytree max score: 3299917500
Polytree building time: 0.325 seconds.
Number of quartet trees in the gene trees: 3299917500
Size of largest cluster: 201
Greedy score: 2968116310
estimationFactor: 1.1117884730063021
Sub-optimal score: 2994401759
Total Number of elements weighted: 3870
Normalized score (portion of input quartet trees satisfied before correcting for multiple individuals): 0.9100935871881646
Optimization score: 3003233755
Optimal tree inferred in 7.93 secs.
(78,(15,(175,((186,((140,(97,159)),(101,((143,138),(176,(38,59)))))),((145,2),(((66,(83,(161,191))),((155,187),((179,(121,35)),((21,34),(151,(53,((67,81),(152,16)))))))),((((43,(94,(37,36))),((91,(168,136)),(((149,184),(24,(76,102))),((164,12),((14,75),(99,(110,199))))))),(((49,(114,111)),((153,(88,169)),(126,((3,7),(194,(11,(157,(129,33)))))))),((128,(118,(119,(133,(132,48))))),(198,(122,((50,156),(68,((188,42),(170,135))))))))),((0,(((60,((117,93),(144,27))),((148,154),(167,(22,(41,115))))),((84,(196,(89,171))),(52,(173,(189,((106,(90,(1,46))),((163,((100,112),(116,73))),(((82,127),(74,57)),(32,((85,63),(96,(177,58))))))))))))),(((9,((150,104),(108,195))),((40,((51,(182,124)),((103,(165,125)),((185,(47,10)),((178,109),(130,193)))))),(((142,146),((158,95),(98,17))),((123,(162,70)),((25,(190,(65,92))),(20,(105,(62,(200,(77,141)))))))))),(((120,(39,(31,55))),((134,(192,79)),((26,(113,131)),(19,(107,(5,8)))))),(((181,(28,6)),((72,183),((30,4),(137,13)))),((147,(54,(87,64))),(((172,56),((139,160),((174,71),(44,80)))),((69,86),(29,((166,(45,180)),(18,(197,(61,23)))))))))))))))))));
Final quartet score is: 3003233755
Final normalized quartet score is: 0.9100935871881646
Extended species tree:
(114,(111,(49,(((153,(88,169)1:3.5263605246161593)1:1.7346010553881062,(126,((3,7)1:3.5263605246161593,(194,(11,(157,(129,33)0.57:0.1253315072948364)0.95:0.23033567101845992)1:2.4277482359480516)1:3.5263605246161593)1:1.2237754316221159)1:1.9724194262619315)1:0.5786121449894083,(((128,(118,(119,(133,(132,48)1:0.8176371494730467)0.8:0.14205630127904428)1:1.8523840910444902)1:1.573878610397614)1:0.5819215454497209,(198,(122,((50,156)1:1.3545418726366285,(68,((188,42)1:2.6100697927420056,(170,135)1:1.5114575040738965)1:0.7226909769116778)1:0.3909783723392835)1:1.01423696454498)0.97:0.25733491606248887)1:1.5367753120581877)1:2.9205267902219836,(((43,(94,(37,36)1:1.9169226121820613)1:3.5263605246161593)1:2.8332133440562166,((91,(168,136)0.5:0.060624621816434854)1:3.5263605246161593,(((149,184)0.42:0.01980262729617987,(24,(76,102)0.69:0.12499480695495517)1:0.8696036179015019)1:3.015534900850171,((164,12)1:3.5263605246161593,((14,75)1:1.7917594692280556,(99,(110,199)1:3.5063598579094903)0.99:0.30748469974796055)1:1.9859154836690123)1:1.7346010553881062)1:1.1682055804673053)1:1.70631147701466)1:0.8189235383116427,(((0,(((60,((117,93)1:3.5263605246161593,(144,27)1:2.4277482359480516)1:1.128465251817791)1:2.8332133440562166,((148,154)1:3.5263605246161593,(167,(22,(41,115)1:0.8873031950009027)1:3.5263605246161593)1:0.9737153509599191)1:1.253963379102448)1:1.1008772952989618,((84,(196,(89,171)1:0.5301233280522004)1:0.4818380868927383)1:3.5263605246161593,(52,(173,(189,((106,(90,(1,46)1:0.8183103235139515)1:2.14006616349627)1:1.3681873625955998,((163,((100,112)0.98:0.2876820724517809,(116,73)1:1.0414538748281608)1:1.5077229894636839)0.99:0.3062220563575158,(((82,127)0.99:0.3268589923965855,(74,57)1:2.277229961131801)1:1.28756961088633,(32,((85,63)1:1.159236910484544,(96,(177,58)1:1.577568529185959)0.89:0.21217451994363562)1:1.7636514398873109)0.98:0.29359212126363865)1:0.4220069285859706)1:1.1111681603177839)0.91:0.1921782293747624)1:0.6245373660327421)1:0.8369940239696904)1:2.6318008087974323)0.4:0.015990611802773863)1:2.8332133440562166)1:3.5263605246161593,(((9,((150,104)1:1.5111191518460023,(108,195)1:1.73671835450642)0.48:0.11686434013931098)1:3.5263605246161593,((40,((51,(182,124)0.95:0.23445956473307103)0.54:0.059063341249482364,((103,(165,125)0.84:0.1590646946296874)1:1.5702980040968304,((185,(47,10)1:1.5768493633872533)1:0.46640187593090987,((178,109)1:0.8873031950009027,(130,193)1:0.5318980925026462)1:1.9073466156137757)0.64:0.0915526620109713)1:0.4167328329545065)1:3.23867845216438)1:1.3159951537188834,(((142,146)1:3.5263605246161593,((158,95)1:2.8332133440562166,(98,17)1:1.5114575040738965)1:2.0222831278398856)0.99:0.34750573307201116,((123,(162,70)1:1.128465251817791)1:1.921187010968518,((25,(190,(65,92)1:0.5819215454497209)1:1.7346010553881062)1:0.667089219495661,(20,(105,(62,(200,(77,141)1:0.4341708874679301)0.45:0.030006797470421502)1:1.3291359472799418)1:1.1291647971418763)0.8:0.14205012957646707)1:0.4372138064227448)1:1.4222263703459548)1:3.015534900850171)0.98:0.2765398958985391)1:3.5263605246161593,(((120,(39,(31,55)1:1.1280062203660768)0.43:0.029852963149681274)1:3.5263605246161593,((134,(192,79)1:0.6359887667199969)1:2.1580846689989497,((26,(113,131)1:2.8206661280041256)0.94:0.22230059257400578,(19,(107,(5,8)0.99:0.3072826999492736)0.99:0.3072816746736666)1:2.7263076310783227)0.81:0.16627200558356584)1:1.501978760119352)1:3.5263605246161593,(((181,(28,6)1:3.5263605246161593)1:2.4277482359480516,((72,183)1:0.7230001437096266,((30,4)1:2.138797932508277,(137,13)1:1.2753359270800604)1:0.41284521540578695)1:3.5263605246161593)1:3.4472232040574413,((147,(54,(87,64)0.99:0.30748469974796055)1:3.5263605246161593)1:3.5263605246161593,(((172,56)1:1.5339303599259548,((139,160)1:1.2000839453824101,((174,71)0.45:0.030314537125104294,(44,80)1:0.5311359941550791)1:0.5559460590464603)1:0.8436281314982412)1:3.5263605246161593,((69,86)1:2.14006616349627,(29,((166,(45,180)0.76:0.12516314295400605)1:2.2735975561207935,(18,(197,(61,23)1:0.6931471805599453)1:0.8183103235139515)1:3.5263605246161593)0.77:0.1370352962973641)1:1.1028228212044533)1:3.5263605246161593)1:0.5151068751595469)1:0.5819903472661162)1:1.1476132936560761)0.56:0.06168450532847804)1:0.6509144169366725)1:2.8430269655045413,(((66,(83,(161,191)0.99:0.30748469974796055)1:3.5263605246161593)1:1.7490584620907486,((155,187)1:2.14006616349627,((179,(121,35)1:1.7346010553881062)1:3.5263605246161593,((21,34)1:2.0992441689760164,(151,(53,((67,81)0.81:0.14197026127038734,(152,16)1:1.0846758140310764)1:0.7834653394595621)0.63:0.08466940743304653)1:0.9016919324530026)1:2.4849066497880017)1:2.8332133440562166)1:0.5922724141733774)1:1.5623010570551712,((145,2)1:2.458687919482882,((186,((140,(97,159)1:0.816292159357714)1:0.8070315758006718,(101,((143,138)0.36:5.002125904545625E-5,(176,(38,59)1:0.4796759238882429)0.98:0.28763205369473666)1:0.6924937992887431)1:0.6584616225720545)0.99:0.32358806953963315)1:1.873437500242323,(175,(15,78)1:2.4277482359480516)1:2.14006616349627)1:3.5263605246161593)0.73:0.11671189212594534)1:1.5209948186257625)1:0.8661495845856695)1:0.5247887808563271)0.5:0.04482774759240158)1:2.9063121400978273)0.6:0.09237332013101504));
Weight calculation took 1.074816246 secs
ASTRAL finished in 9.857 secs
