
================== ASTRAL ===================== 

This is ASTRAL version 5.7.8
Gene trees are treated as unrooted
50 trees read from Dataset/AstralII_data/model.200.500000.0.000001/17/estimatedgenetre.halfresolved_50
index0
All output trees will be *arbitrarily* rooted at 26

======== Running the main analysis
Number of taxa: 201 (201 species)
Taxa: [26, 142, 34, 185, 136, 157, 88, 16, 147, 2, 177, 35, 111, 43, 154, 118, 65, 89, 180, 109, 60, 18, 137, 75, 45, 152, 59, 40, 138, 54, 124, 25, 195, 197, 144, 198, 112, 0, 55, 160, 47, 166, 115, 189, 30, 193, 94, 69, 24, 22, 174, 92, 162, 164, 90, 140, 131, 53, 110, 104, 134, 38, 186, 120, 32, 143, 11, 1, 48, 41, 163, 148, 135, 72, 192, 4, 178, 106, 155, 51, 9, 171, 172, 64, 108, 68, 100, 191, 70, 156, 123, 170, 132, 91, 128, 62, 121, 49, 151, 96, 44, 117, 17, 37, 36, 161, 95, 7, 149, 42, 194, 116, 12, 29, 98, 85, 184, 168, 133, 50, 188, 52, 101, 146, 3, 200, 76, 175, 127, 73, 61, 99, 80, 19, 107, 77, 158, 93, 14, 83, 66, 176, 196, 56, 105, 183, 126, 87, 119, 167, 13, 31, 21, 27, 182, 169, 187, 97, 179, 114, 173, 8, 102, 82, 145, 46, 33, 20, 141, 125, 165, 159, 23, 139, 84, 129, 15, 63, 57, 130, 190, 10, 150, 103, 122, 79, 67, 113, 86, 5, 199, 58, 6, 181, 28, 78, 74, 153, 81, 71, 39]
Taxon occupancy: {110=50, 111=50, 112=50, 113=50, 114=50, 115=50, 116=50, 117=50, 118=50, 119=50, 10=50, 11=50, 12=50, 13=50, 14=50, 15=50, 16=50, 17=50, 18=50, 19=50, 120=50, 0=50, 121=50, 1=50, 122=50, 2=50, 123=50, 124=50, 3=50, 4=50, 125=50, 126=50, 5=50, 127=50, 6=50, 128=50, 7=50, 8=50, 129=50, 9=50, 20=50, 21=50, 22=50, 23=50, 24=50, 25=50, 26=50, 27=50, 28=50, 29=50, 130=50, 131=50, 132=50, 133=50, 134=50, 135=50, 136=50, 137=50, 138=50, 139=50, 30=50, 31=50, 32=50, 33=50, 34=50, 35=50, 36=50, 37=50, 38=50, 39=50, 140=50, 141=50, 142=50, 143=50, 144=50, 145=50, 146=50, 147=50, 148=50, 149=50, 40=50, 41=50, 42=50, 43=50, 44=50, 45=50, 46=50, 47=50, 48=50, 49=50, 150=50, 151=50, 152=50, 153=50, 154=50, 155=50, 156=50, 157=50, 158=50, 159=50, 50=50, 51=50, 52=50, 53=50, 54=50, 55=50, 56=50, 57=50, 58=50, 59=50, 160=50, 161=50, 162=50, 163=50, 164=50, 165=50, 166=50, 167=50, 168=50, 169=50, 60=50, 61=50, 62=50, 63=50, 64=50, 65=50, 66=50, 67=50, 68=50, 69=50, 170=50, 171=50, 172=50, 173=50, 174=50, 175=50, 176=50, 177=50, 178=50, 179=50, 70=50, 71=50, 72=50, 73=50, 74=50, 75=50, 76=50, 77=50, 78=50, 79=50, 180=50, 181=50, 182=50, 183=50, 184=50, 185=50, 186=50, 187=50, 188=50, 189=50, 80=50, 81=50, 82=50, 83=50, 84=50, 85=50, 86=50, 87=50, 88=50, 89=50, 190=50, 191=50, 192=50, 193=50, 194=50, 195=50, 196=50, 197=50, 198=50, 199=50, 90=50, 91=50, 92=50, 93=50, 94=50, 95=50, 96=50, 97=50, 98=50, 99=50, 200=50, 100=50, 101=50, 102=50, 103=50, 104=50, 105=50, 106=50, 107=50, 108=50, 109=50}
Number of gene trees: 50
0 trees have missing taxa
Calculating quartet distance matrix (for completion of X)
Species tree distances calculated ...
Building set of clusters (X) from gene trees 
------------------------------
gradient0: 10989
Number of Clusters after addition by distance: 10989
calculating extra bipartitions to be added at level 1 ...
Adding to X using resolutions of greedy consensus ...
Limit for sigma of degrees:5075
polytomy size limit : 76
discarded polytomies: 115  [3, 3, 3, 3, 3, 3, 3, 3, 3, 3, 3, 4, 4, 4, 4, 4, 4, 4, 5, 6, 7, 8, 20, 20, 20, 33, 39, 76, 115]
Threshold 0.0:
polytomy of size 3; rounds with additions with at least 5 support: 1; clusters: 10995
polytomy of size 20; rounds with additions with at least 5 support: 1; clusters: 16327
Threshold 0.01:
polytomy of size 3; rounds with additions with at least 5 support: 0; clusters: 16327
polytomy of size 20; rounds with additions with at least 5 support: 0; clusters: 20179
Threshold 0.02:
polytomy of size 3; rounds with additions with at least 5 support: 0; clusters: 20179
polytomy of size 20; rounds with additions with at least 5 support: 0; clusters: 23503
Threshold 0.05:
polytomy of size 4; rounds with additions with at least 5 support: 1; clusters: 23507
polytomy of size 4; rounds with additions with at least 5 support: 2; clusters: 23513
polytomy of size 3; rounds with additions with at least 5 support: 1; clusters: 23515
polytomy of size 33; rounds with additions with at least 5 support: 7; clusters: 23763
Threshold 0.1:
polytomy of size 6; rounds with additions with at least 5 support: 0; clusters: 23765
polytomy of size 5; rounds with additions with at least 5 support: 1; clusters: 23769
polytomy of size 7; rounds with additions with at least 5 support: 0; clusters: 23773
polytomy of size 4; rounds with additions with at least 5 support: 2; clusters: 23779
polytomy of size 39; rounds with additions with at least 5 support: 2; clusters: 23959
Threshold 0.2:
polytomy of size 4; rounds with additions with at least 5 support: 0; clusters: 23961
polytomy of size 4; rounds with additions with at least 5 support: 0; clusters: 23965
polytomy of size 3; rounds with additions with at least 5 support: 0; clusters: 23965
polytomy of size 3; rounds with additions with at least 5 support: 0; clusters: 23965
polytomy of size 3; rounds with additions with at least 5 support: 0; clusters: 23965
polytomy of size 76; rounds with additions with at least 5 support: 1; clusters: 24263
Threshold 0.3333333333333333:
polytomy of size 3; rounds with additions with at least 5 support: 0; clusters: 24263
polytomy of size 3; rounds with additions with at least 5 support: 0; clusters: 24263
polytomy of size 4; rounds with additions with at least 5 support: 0; clusters: 24263
polytomy of size 3; rounds with additions with at least 5 support: 0; clusters: 24263
polytomy of size 4; rounds with additions with at least 5 support: 0; clusters: 24263
polytomy of size 8; rounds with additions with at least 5 support: 0; clusters: 24265
polytomy of size 3; rounds with additions with at least 5 support: 0; clusters: 24265
polytomy of size 115; rounds with additions with at least 5 support: 0; clusters: 24355
max k is :14
Number of Clusters after addition by greedy: 24355
gradient0 in heuristiic: 24355
partitions formed in 20.14 secs
Dynamic Programming starting after 20.14 secs
Using tree-based weight calculation.
Using polytree-based weight calculation.
Polytree max score: 3299917500
Polytree building time: 0.209 seconds.
Number of quartet trees in the gene trees: 3299917500
Size of largest cluster: 201
Greedy score: 1602841814
estimationFactor: 2.05879174799217
Sub-optimal score: 1605984995
Calculated 100000 weights; time (seconds): 50
Total Number of elements weighted: 109305
Normalized score (portion of input quartet trees satisfied before correcting for multiple individuals): 0.5123623845141583
Optimization score: 1690753599
Optimal tree inferred in 53.336 secs.
(150,(103,(((122,(27,10)),((169,187),(182,97))),(((79,(114,(173,67))),((57,130),(102,(63,(8,15))))),((190,(199,(86,(113,5)))),(((41,(139,84)),((58,6),(181,28))),(((78,74),((153,81),((39,(127,(188,(52,101)))),((76,(3,(175,(146,200)))),(71,(73,(61,(99,80)))))))),(((184,(50,(168,133))),(21,(12,(85,(29,98))))),(((157,((136,(176,(26,(185,(142,34))))),((18,137),(16,(2,(88,147)))))),(((194,116),(((44,117),(151,96)),((37,(17,149)),(36,(161,(7,(95,42))))))),((91,(180,(109,60))),((163,179),(((154,118),(177,(35,(65,(111,(43,89)))))),(129,((165,(23,(125,159))),((33,(20,141)),(46,(82,145)))))))))),(0,((((132,(121,49)),(62,((30,(148,(115,(166,(47,(160,189)))))),((128,(94,162)),(92,((193,174),(69,(24,22)))))))),(((75,59),(152,(45,40))),(120,((104,(110,(134,38))),(143,((140,(131,53)),((186,11),((1,48),(32,(164,90)))))))))),(((25,((138,54),(124,56))),((105,13),(31,(196,(167,((183,87),(126,119))))))),((((108,170),(68,(14,83))),(55,(100,(191,(156,(70,123)))))),((107,(19,(77,(158,93)))),(66,(144,(((198,112),(195,(197,51))),(106,(172,((64,(9,(155,171))),((135,72),(192,(4,178)))))))))))))))))))))));
Final quartet score is: 1690753599
Final normalized quartet score is: 0.5123623845141583
Extended species tree:
(26,((185,(142,34)0.79:0.1342956265172786)1:0.7395961042943087,(176,(136,(((18,137)0.99:0.3130901244171807,(16,(2,(88,147)0.69:0.12482649928814359)0.96:0.24864129907658708)1:1.1215737459725494)0.6:0.07421621218832473,(157,((((194,116)1:1.3457618076657936,(((44,117)1:0.4826844686614195,(151,96)1:0.5539956000704037)1:0.9272412855892621,((37,(17,149)0.53:0.05889001600422642)0.78:0.13240867221624944,(36,(161,(7,(95,42)0.99:0.30809094408298804)0.76:0.12660241848502626)0.39:0.008741577895943464)1:0.3582327378515555)1:0.5344406235665157)1:0.751643387241554)0.73:0.11773537883991814,((91,(180,(109,60)0.65:0.09237332013101504)1:2.865453402629635)0.69:0.10379024515563585,((163,179)1:0.9021369844360612,(((154,118)1:0.6349338637211869,(177,(35,(65,(111,(43,89)0.98:0.29264584716266206)0.99:0.3020174389897179)1:0.35029279223984494)0.85:0.17322280477449167)1:0.4150122133490853)1:0.3880235622319726,(129,((165,(23,(125,159)0.44:0.030312205408039427)1:0.48911613939759097)0.95:0.23201141722255067,((33,(20,141)1:0.347675580331206)1:0.7568213192248338,(46,(82,145)0.76:0.12802919903373156)1:0.3689601107333098)0.71:0.10723294019474369)1:0.4813682724607937)1:0.6525747323644759)0.62:0.0795918382223048)0.78:0.13375884199445667)0.58:0.07121311967710985)0.39:0.013292292465574472,((0,((((132,(121,49)1:1.9497797773398373)1:0.40007903877699114,(62,((30,(148,(115,(166,(47,(160,189)0.76:0.12448996891310159)0.99:0.32303647624879767)0.92:0.2000039843233805)0.51:0.046344063292387626)1:0.34637557039804556)1:0.4267869067790722,((128,(94,162)1:0.382992252256106)0.48:0.03923501064111082,(92,((193,174)0.54:0.07513198259109699,(69,(24,22)1:0.583517714982543)1:0.41074990643068626)0.61:0.07729593883706284)0.44:0.02764580475720556)1:0.49823706292069236)0.74:0.1231321954526413)0.97:0.2513594058465392)0.46:0.03285682654148212,(((75,59)0.43:0.032794824836301285,(152,(45,40)0.53:0.0603090150598306)1:0.4045464125910919)1:0.9450701623193023,(120,((104,(110,(134,38)1:0.4353180712578455)1:1.0236355646109865)0.48:0.04322734898536409,(143,((140,(131,53)0.45:0.03199790038999803)1:0.4338911982452453,((186,11)1:0.7022852276995962,((1,48)0.53:0.0609435502197122,(32,(164,90)1:0.4825598480211481)0.61:0.07766957540058306)0.63:0.08484986887534704)0.43:0.028119842147739913)0.4:0.016072749840238643)0.99:0.32787395068705205)0.97:0.2655130960114037)0.98:0.2794401682110717)0.5:0.04716025468283503)0.77:0.12697395393674596,(((25,((138,54)0.7:0.10880028574352585,(124,56)1:0.8186487902628251)0.97:0.26596091072675726)1:0.4122512147943211,((105,13)1:1.4640855786899092,(31,(196,(167,((183,87)0.99:0.32727311394717745,(126,119)0.99:0.3279982395810634)0.95:0.23530643084009895)1:0.5016919975551694)0.39:0.01404603245184284)0.99:0.3097789963013338)0.69:0.11766901258821359)1:0.43551284826355025,((((108,170)1:0.6523732064003319,(68,(14,83)0.48:0.10055265576917483)1:1.1867156072381735)0.47:0.047633712374618754,(55,(100,(191,(156,(70,123)0.6:0.09286219816568488)1:0.4350873641395078)1:0.45428153312661107)1:0.37105275177211167)0.46:0.03395706725528874)1:0.4148095954453009,((107,(19,(77,(158,93)1:0.48328213046497215)1:0.7381895243952932)0.57:0.10635028992554077)0.98:0.280207202722289,(66,(144,(((198,112)1:0.8186505174277614,(195,(197,51)0.82:0.159587297202334)1:0.5060600862350111)1:0.5520936851169956,(106,(172,((64,(9,(155,171)1:0.753456195619776)0.51:0.048249104238511024)0.88:0.17585963690486467,((135,72)1:0.531223666381934,(192,(4,178)0.98:0.26943016748486187)0.82:0.16078150882109976)1:0.4449524009082899)0.88:0.18048769884088817)0.45:0.02987068437705385)0.97:0.2503056254607799)0.58:0.07188154328866903)0.42:0.01977189006365515)1:0.4510605150848779)0.42:0.023765103729079744)0.69:0.10254571583398427)0.42:0.019373858661972262)0.62:0.07908537317474074)0.35:0.0,(((184,(50,(168,133)0.44:0.030006020469946226)1:0.3833904603250811)1:0.4962939226774701,(21,(12,(85,(29,98)0.93:0.205949673772281)0.69:0.10522781486474436)1:0.5907321751318761)1:0.5474022661129115)0.93:0.20853352517510088,(((78,74)1:0.8645471890404637,((153,81)1:1.2399931879058195,((39,(127,(188,(52,101)0.68:0.12113087942606753)1:0.36936010346604814)0.62:0.07880547815963546)0.97:0.26532682372132066,((76,(3,(175,(146,200)0.99:0.33016418851737817)0.51:0.04934645503055338)0.87:0.1930026467834325)1:0.9009523926405903,(71,(73,(61,(99,80)1:0.7531406884393703)0.99:0.3034320092973374)0.93:0.21180353125453558)0.38:0.008202628915787191)0.73:0.11778967704466145)0.99:0.3313876785290097)0.8:0.1530420688220066)0.99:0.311736913453151,(((41,(139,84)0.94:0.22010302095813591)0.47:0.04294200091070805,((58,6)1:0.9633654378567247,(181,28)0.42:0.03277986965265709)1:0.666346618548112)0.93:0.21310335283908133,((190,(199,(86,(113,5)0.44:0.028782217349483875)1:0.5542554415685531)0.43:0.03170997389689394)1:0.5062765652882696,(((79,(114,(173,67)0.57:0.06695776521345749)1:0.8218699509695253)0.4:0.018433582318072298,((57,130)0.66:0.10268268978987626,(102,(63,(8,15)0.38:0.00835327052897084)0.85:0.1628351405888785)0.67:0.09433277928505143)0.61:0.07820295766824611)0.77:0.1284406217133933,(((122,(27,10)0.97:0.28392601386966687)0.48:0.038658409177556835,((169,187)0.83:0.1592397493347297,(182,97)0.66:0.09212773051003531)1:1.2011384044435465)0.63:0.09600614292721751,(103,150)1:1.860649179769775)0.43:0.027324171422659957)0.46:0.03353375738884576)0.6:0.07549329449350485)0.99:0.2917618855424242)0.49:0.04423471343530469)0.36:0.0014493627623685728)0.37:0.0028075472461940136)1:0.44179160586109817)0.65:0.08840138952429742)0.51:0.046662798986596844)0.95:0.23213939816402238)1:0.6866656302227379));
Weight calculation took 28.137751037 secs
ASTRAL finished in 54.54 secs
