
================== ASTRAL ===================== 

This is ASTRAL version 5.7.8
Gene trees are treated as unrooted
50 trees read from Dataset/AstralII_data/model.200.10000000.0.000001/18/estimatedgenetre.halfresolved_50
index0
All output trees will be *arbitrarily* rooted at 26

======== Running the main analysis
Number of taxa: 201 (201 species)
Taxa: [26, 155, 166, 191, 138, 154, 71, 115, 139, 22, 17, 144, 119, 187, 98, 146, 121, 180, 152, 1, 69, 110, 93, 177, 164, 86, 157, 91, 158, 39, 32, 50, 112, 160, 3, 56, 190, 27, 107, 37, 194, 16, 28, 163, 8, 53, 7, 43, 65, 197, 13, 102, 96, 72, 181, 198, 162, 161, 46, 134, 130, 38, 35, 186, 83, 95, 142, 41, 103, 136, 120, 70, 151, 0, 168, 63, 111, 30, 126, 90, 99, 18, 5, 132, 172, 105, 48, 10, 131, 143, 19, 141, 12, 9, 68, 80, 6, 183, 193, 128, 195, 184, 73, 88, 147, 54, 118, 42, 167, 45, 149, 24, 165, 60, 15, 123, 117, 94, 125, 188, 196, 51, 104, 57, 81, 199, 148, 122, 106, 62, 77, 185, 137, 189, 49, 29, 170, 47, 79, 101, 52, 192, 133, 150, 61, 78, 14, 124, 153, 58, 176, 156, 100, 31, 145, 113, 175, 179, 2, 40, 21, 127, 129, 76, 116, 75, 109, 23, 74, 25, 182, 11, 89, 171, 140, 87, 67, 108, 114, 34, 4, 82, 84, 36, 64, 97, 20, 92, 178, 135, 200, 59, 33, 173, 44, 169, 174, 85, 159, 66, 55]
Taxon occupancy: {110=50, 111=50, 112=50, 113=50, 114=50, 115=50, 116=50, 117=50, 118=50, 119=50, 10=50, 11=50, 12=50, 13=50, 14=50, 15=50, 16=50, 17=50, 18=50, 19=50, 120=50, 121=50, 0=50, 1=50, 122=50, 123=50, 2=50, 3=50, 124=50, 125=50, 4=50, 126=50, 5=50, 6=50, 127=50, 7=50, 128=50, 8=50, 129=50, 9=50, 20=50, 21=50, 22=50, 23=50, 24=50, 25=50, 26=50, 27=50, 28=50, 29=50, 130=50, 131=50, 132=50, 133=50, 134=50, 135=50, 136=50, 137=50, 138=50, 139=50, 30=50, 31=50, 32=50, 33=50, 34=50, 35=50, 36=50, 37=50, 38=50, 39=50, 140=50, 141=50, 142=50, 143=50, 144=50, 145=50, 146=50, 147=50, 148=50, 149=50, 40=50, 41=50, 42=50, 43=50, 44=50, 45=50, 46=50, 47=50, 48=50, 49=50, 150=50, 151=50, 152=50, 153=50, 154=50, 155=50, 156=50, 157=50, 158=50, 159=50, 50=50, 51=50, 52=50, 53=50, 54=50, 55=50, 56=50, 57=50, 58=50, 59=50, 160=50, 161=50, 162=50, 163=50, 164=50, 165=50, 166=50, 167=50, 168=50, 169=50, 60=50, 61=50, 62=50, 63=50, 64=50, 65=50, 66=50, 67=50, 68=50, 69=50, 170=50, 171=50, 172=50, 173=50, 174=50, 175=50, 176=50, 177=50, 178=50, 179=50, 70=50, 71=50, 72=50, 73=50, 74=50, 75=50, 76=50, 77=50, 78=50, 79=50, 180=50, 181=50, 182=50, 183=50, 184=50, 185=50, 186=50, 187=50, 188=50, 189=50, 80=50, 81=50, 82=50, 83=50, 84=50, 85=50, 86=50, 87=50, 88=50, 89=50, 190=50, 191=50, 192=50, 193=50, 194=50, 195=50, 196=50, 197=50, 198=50, 199=50, 90=50, 91=50, 92=50, 93=50, 94=50, 95=50, 96=50, 97=50, 98=50, 99=50, 200=50, 100=50, 101=50, 102=50, 103=50, 104=50, 105=50, 106=50, 107=50, 108=50, 109=50}
Number of gene trees: 50
0 trees have missing taxa
Calculating quartet distance matrix (for completion of X)
Species tree distances calculated ...
Building set of clusters (X) from gene trees 
------------------------------
gradient0: 3203
Number of Clusters after addition by distance: 3203
calculating extra bipartitions to be added at level 1 ...
Adding to X using resolutions of greedy consensus ...
Limit for sigma of degrees:5075
polytomy size limit : 5
discarded polytomies:  [3, 3, 3, 3, 3, 3, 4, 4, 4, 4, 4, 4, 5]
Threshold 0.0:
Threshold 0.01:
Threshold 0.02:
Threshold 0.05:
Threshold 0.1:
Threshold 0.2:
polytomy of size 3; rounds with additions with at least 5 support: 0; clusters: 3203
Threshold 0.3333333333333333:
polytomy of size 4; rounds with additions with at least 5 support: 0; clusters: 3203
polytomy of size 5; rounds with additions with at least 5 support: 0; clusters: 3203
polytomy of size 3; rounds with additions with at least 5 support: 0; clusters: 3203
polytomy of size 3; rounds with additions with at least 5 support: 0; clusters: 3203
polytomy of size 4; rounds with additions with at least 5 support: 0; clusters: 3203
polytomy of size 3; rounds with additions with at least 5 support: 0; clusters: 3203
polytomy of size 4; rounds with additions with at least 5 support: 0; clusters: 3203
polytomy of size 4; rounds with additions with at least 5 support: 0; clusters: 3203
polytomy of size 3; rounds with additions with at least 5 support: 0; clusters: 3203
polytomy of size 3; rounds with additions with at least 5 support: 0; clusters: 3203
polytomy of size 4; rounds with additions with at least 5 support: 0; clusters: 3203
polytomy of size 4; rounds with additions with at least 5 support: 0; clusters: 3203
max k is :0
Number of Clusters after addition by greedy: 3203
gradient0 in heuristiic: 3203
partitions formed in 5.965 secs
Dynamic Programming starting after 5.965 secs
Using tree-based weight calculation.
Using polytree-based weight calculation.
Polytree max score: 3299917500
Polytree building time: 0.222 seconds.
Number of quartet trees in the gene trees: 3299917500
Size of largest cluster: 201
Greedy score: 2958992473
estimationFactor: 1.1152165914955336
Sub-optimal score: 3037407919
Total Number of elements weighted: 4689
Normalized score (portion of input quartet trees satisfied before correcting for multiple individuals): 0.9277779823283461
Optimization score: 3061590800
Optimal tree inferred in 8.096 secs.
(176,(156,(58,(153,(100,((21,127),(((31,145),((113,(175,179)),(76,(129,(2,40))))),(((124,((101,(52,(192,133))),(150,(61,(78,14))))),((170,(47,79)),(((62,77),(122,106)),(185,(137,(29,(189,49))))))),((((45,149),(196,((24,(51,104)),(((199,148),(57,81)),((60,(15,123)),(165,(188,(117,(94,125))))))))),(((73,(195,184)),((88,147),(54,(118,(42,167))))),(128,(((19,141),(6,183)),((131,143),((12,9),(193,(68,80)))))))),(((168,63),((172,(105,(48,10))),((111,30),(132,((126,90),(99,(18,5))))))),(0,(((97,((20,(85,159)),(174,(92,((55,(135,66)),(178,(59,((33,173),(200,(44,169)))))))))),(116,(((34,(4,82)),((108,114),(64,(84,36)))),(((23,74),(75,109)),((89,140),((87,67),(171,(25,(182,11))))))))),((((146,180),(121,152)),((187,98),((1,69),(164,((93,86),(110,177)))))),(((160,(3,(56,190))),((157,91),((32,112),(50,(158,39))))),(((134,((130,83),(186,(38,35)))),(95,(41,((103,151),(70,(142,(136,120))))))),(((139,(22,(17,(144,119)))),((71,115),(26,(166,(155,(138,(191,154))))))),((((107,37),(194,16)),(53,(28,(163,8)))),(27,(7,(197,(((161,46),(198,162)),((13,(43,65)),(72,(181,(102,96)))))))))))))))))))))))));
Final quartet score is: 3061590800
Final normalized quartet score is: 0.9277779823283461
Extended species tree:
(26,((166,(155,(138,(191,154)0.6:0.09237332013101504)1:3.5263605246161593)1:0.34703199683621516)1:1.4056355564306464,((71,115)1:2.920224721045843,((139,(22,(17,(144,119)1:1.5804503755608483)1:1.0844549903578817)1:0.4352407705968866)1:2.612999612390035,(((((107,37)1:2.8332133440562166,(194,16)1:1.9128699217314382)1:0.5615415972272635,(53,(28,(163,8)0.83:0.15819429680295496)1:0.755041643816856)1:2.8332133440562166)1:2.2735975561207935,(27,(7,(197,(((161,46)1:1.498011923364546,(198,162)1:1.1713660090683702)0.93:0.20989414180564714,((13,(43,65)1:1.0410330879505025)0.99:0.2989643997820063,(72,(181,(102,96)0.73:0.12499480695495517)0.54:0.07532606908557217)1:1.706737807084218)0.47:0.06664600347713603)1:0.5195971038444225)1:0.7707797407770838)1:1.3384383399422553)1:1.456580893848063)1:1.2490694761949288,(((134,((130,83)1:1.9169226121820613,(186,(38,35)0.86:0.19415601444095737)1:3.5263605246161593)1:1.7346010553881062)1:0.42965233372216816,(95,(41,((103,151)1:0.9816340010684355,(70,(142,(136,120)1:0.8183103235139515)0.93:0.21180541409834536)1:1.0276605526958256)1:0.7229220461657546)1:0.5907321751318758)1:1.703348511884001)1:3.372209844788897,(((160,(3,(56,190)1:1.2232705086121458)1:0.9236708391717778)1:2.4671093098286314,((157,91)1:2.8332133440562166,((32,112)1:1.0420209289970277,(50,(158,39)1:0.43188046044738193)0.48:0.0375354593216974)1:0.9743145719905326)1:3.3440389678222058)1:0.465228453079377,((((146,180)1:0.8183103235139515,(121,152)1:1.2745345379627757)1:1.6467691587994613,((187,98)1:2.8332133440562166,((1,69)1:0.8189978450260796,(164,((93,86)0.89:0.19415601444095737,(110,177)0.61:0.07637297878457397)1:1.8216124323777365)1:1.7139817681853706)1:1.7328664495758987)1:0.3438523439188356)1:2.335810740622365,(((97,((20,(85,159)1:3.430132492521604)0.99:0.3108056200912333,(174,(92,((55,(135,66)1:0.816292159357714)0.99:0.293314813039673,(178,(59,((33,173)1:2.4266150913508855,(200,(44,169)0.98:0.27020837764086775)0.49:0.0444142482685016)0.66:0.09248361019399205)1:0.5113311082836536)1:0.8408426766142799)0.99:0.3152036373001424)1:1.7724329626557829)0.98:0.2791382471597598)0.63:0.09776416876589182)1:3.5263605246161593,(116,(((34,(4,82)1:0.5811244150767025)1:2.7379031642518896,((108,114)1:1.9169226121820613,(64,(84,36)1:2.8332133440562166)1:2.4277482359480516)0.64:0.09237332013101504)1:3.189888287994948,(((23,74)1:0.9236708391717778,(75,109)1:2.4277482359480516)1:1.8216124323777365,((89,140)1:1.3862943611198908,((87,67)1:2.8383547435566356,(171,(25,(182,11)0.9:0.19415601444095737)1:3.5263605246161593)1:0.9606225235806268)0.5:0.056725981400777545)1:2.550171651160936)1:0.8873031950009027)0.92:0.20205751964559124)1:1.17812608315624)1:1.3335166012130517,(0,(((168,63)1:3.5263605246161593,((172,(105,(48,10)1:2.138804333675848)1:0.6359887667199969)1:3.5263605246161593,((111,30)1:2.099244168976015,(132,((126,90)1:3.5263605246161593,(99,(18,5)1:1.7329189692051215)0.99:0.3276874070654803)1:1.493052422914566)0.96:0.23873227167298197)1:1.7917594692280556)1:2.14006616349627)1:3.5263605246161593,((((45,149)1:3.5263605246161593,(196,((24,(51,104)1:1.5804503755608483)1:2.0601268524003995,(((199,148)1:1.084013489246957,(57,81)1:2.021155732004578)1:1.5627507984614475,((60,(15,123)1:1.5804503755608483)1:1.87770189902878,(165,(188,(117,(94,125)1:1.4469189829363254)1:0.9246113075943366)1:0.7739571559641486)0.65:0.10590532634959128)1:2.9385738597140363)0.93:0.21614949997681845)1:1.199082819031745)1:2.8332133440562166)1:0.7677580443511199,(((73,(195,184)1:0.34830669426821587)1:3.5263605246161593,((88,147)1:3.5263605246161593,(54,(118,(42,167)1:0.48207861605805924)1:1.128465251817791)1:1.9859154836690123)1:3.5263605246161593)1:1.591623676158973,(128,(((19,141)1:2.14006616349627,(6,183)0.89:0.19198288790664408)1:1.5281881629710767,((131,143)1:1.0078330040058736,((12,9)1:2.8332133440562166,(193,(68,80)1:0.5829853753372859)1:0.5559460590464603)1:2.431765457993316)0.66:0.09220355525495992)0.52:0.06959329179919523)1:3.5263605246161593)1:1.5216602673341417)1:0.803385954579378,(((124,((101,(52,(192,133)1:1.3291359472799418)1:0.3902044222866757)1:2.712364584596127,(150,(61,(78,14)1:1.7346010553881062)1:2.8332133440562166)1:0.7534480206024654)0.51:0.052842481374379933)1:1.9169226121820613,((170,(47,79)1:3.5263605246161593)0.99:0.30748469974796055,(((62,77)1:1.7329104379101987,(122,106)1:0.8522118751896327)1:0.9080526990148122,(185,(137,(29,(189,49)1:1.4475504954296845)0.5:0.0455891120583034)1:0.9099085801752679)1:0.9243220928580976)1:1.1860057095974383)1:2.9101743851923434)1:2.0859989422259937,(((31,145)1:0.7717903078790584,((113,(175,179)1:0.5824533189267563)1:1.2881765051613672,(76,(129,(2,40)1:0.7528252807723493)1:1.1310065492464632)0.87:0.18600733832130234)1:0.546641193294454)1:0.6174541165031739,((21,127)1:1.7702816504079435,(100,(153,(58,(156,176)1:1.1270887891090675)1:0.7545652642921663)1:0.8002209588438388)0.99:0.29863224601731087)0.99:0.3236140816778446)1:3.5263605246161593)1:1.0686757516884866)1:0.5031506150244506)1:1.9169226121820613)1:1.5096573235697481)1:3.509831222664954)0.99:0.32001326218914167)0.96:0.2519572184692796)0.97:0.255938440355758)1:1.4170671271579163)1:0.5336292033191948)0.9:0.18924580945986696));
Weight calculation took 1.103676768 secs
ASTRAL finished in 9.606 secs
