
================== ASTRAL ===================== 

This is ASTRAL version 5.7.8
Gene trees are treated as unrooted
1000 trees read from Dataset/AstralII_data/model.200.10000000.0.000001/18/estimatedgenetre.halfresolved
index0
All output trees will be *arbitrarily* rooted at 26

======== Running the main analysis
Number of taxa: 201 (201 species)
Taxa: [26, 155, 166, 191, 138, 154, 71, 115, 139, 22, 17, 144, 119, 187, 98, 146, 121, 180, 152, 1, 69, 110, 93, 177, 164, 86, 157, 91, 158, 39, 32, 50, 112, 160, 3, 56, 190, 27, 107, 37, 194, 16, 28, 163, 8, 53, 7, 43, 65, 197, 13, 102, 96, 72, 181, 198, 162, 161, 46, 134, 130, 38, 35, 186, 83, 95, 142, 41, 103, 136, 120, 70, 151, 0, 168, 63, 111, 30, 126, 90, 99, 18, 5, 132, 172, 105, 48, 10, 131, 143, 19, 141, 12, 9, 68, 80, 6, 183, 193, 128, 195, 184, 73, 88, 147, 54, 118, 42, 167, 45, 149, 24, 165, 60, 15, 123, 117, 94, 125, 188, 196, 51, 104, 57, 81, 199, 148, 122, 106, 62, 77, 185, 137, 189, 49, 29, 170, 47, 79, 101, 52, 192, 133, 150, 61, 78, 14, 124, 153, 58, 176, 156, 100, 31, 145, 113, 175, 179, 2, 40, 21, 127, 129, 76, 116, 75, 109, 23, 74, 25, 182, 11, 89, 171, 140, 87, 67, 108, 114, 34, 4, 82, 84, 36, 64, 97, 20, 92, 178, 135, 200, 59, 33, 173, 44, 169, 174, 85, 159, 66, 55]
Taxon occupancy: {110=1000, 111=1000, 112=1000, 113=1000, 114=1000, 115=1000, 116=1000, 117=1000, 118=1000, 119=1000, 10=1000, 11=1000, 12=1000, 13=1000, 14=1000, 15=1000, 16=1000, 17=1000, 18=1000, 19=1000, 120=1000, 121=1000, 0=1000, 1=1000, 122=1000, 123=1000, 2=1000, 3=1000, 124=1000, 125=1000, 4=1000, 126=1000, 5=1000, 6=1000, 127=1000, 7=1000, 128=1000, 8=1000, 129=1000, 9=1000, 20=1000, 21=1000, 22=1000, 23=1000, 24=1000, 25=1000, 26=1000, 27=1000, 28=1000, 29=1000, 130=1000, 131=1000, 132=1000, 133=1000, 134=1000, 135=1000, 136=1000, 137=1000, 138=1000, 139=1000, 30=1000, 31=1000, 32=1000, 33=1000, 34=1000, 35=1000, 36=1000, 37=1000, 38=1000, 39=1000, 140=1000, 141=1000, 142=1000, 143=1000, 144=1000, 145=1000, 146=1000, 147=1000, 148=1000, 149=1000, 40=1000, 41=1000, 42=1000, 43=1000, 44=1000, 45=1000, 46=1000, 47=1000, 48=1000, 49=1000, 150=1000, 151=1000, 152=1000, 153=1000, 154=1000, 155=1000, 156=1000, 157=1000, 158=1000, 159=1000, 50=1000, 51=1000, 52=1000, 53=1000, 54=1000, 55=1000, 56=1000, 57=1000, 58=1000, 59=1000, 160=1000, 161=1000, 162=1000, 163=1000, 164=1000, 165=1000, 166=1000, 167=1000, 168=1000, 169=1000, 60=1000, 61=1000, 62=1000, 63=1000, 64=1000, 65=1000, 66=1000, 67=1000, 68=1000, 69=1000, 170=1000, 171=1000, 172=1000, 173=1000, 174=1000, 175=1000, 176=1000, 177=1000, 178=1000, 179=1000, 70=1000, 71=1000, 72=1000, 73=1000, 74=1000, 75=1000, 76=1000, 77=1000, 78=1000, 79=1000, 180=1000, 181=1000, 182=1000, 183=1000, 184=1000, 185=1000, 186=1000, 187=1000, 188=1000, 189=1000, 80=1000, 81=1000, 82=1000, 83=1000, 84=1000, 85=1000, 86=1000, 87=1000, 88=1000, 89=1000, 190=1000, 191=1000, 192=1000, 193=1000, 194=1000, 195=1000, 196=1000, 197=1000, 198=1000, 199=1000, 90=1000, 91=1000, 92=1000, 93=1000, 94=1000, 95=1000, 96=1000, 97=1000, 98=1000, 99=1000, 200=1000, 100=1000, 101=1000, 102=1000, 103=1000, 104=1000, 105=1000, 106=1000, 107=1000, 108=1000, 109=1000}
Number of gene trees: 1000
0 trees have missing taxa
Calculating quartet distance matrix (for completion of X)
Species tree distances calculated ...
Building set of clusters (X) from gene trees 
------------------------------
gradient0: 13685
Number of Clusters after addition by distance: 13685
calculating extra bipartitions to be added at level 1 ...
Adding to X using resolutions of greedy consensus ...
Limit for sigma of degrees:5075
polytomy size limit : 5
discarded polytomies:  [3, 3, 3, 3, 3, 3, 3, 3, 4, 4, 4, 4, 4, 4, 4, 5, 5]
Threshold 0.0:
Threshold 0.01:
Threshold 0.02:
Threshold 0.05:
Threshold 0.1:
Threshold 0.2:
polytomy of size 3; rounds with additions with at least 5 support: 0; clusters: 13685
polytomy of size 4; rounds with additions with at least 5 support: 0; clusters: 13685
polytomy of size 3; rounds with additions with at least 5 support: 0; clusters: 13685
Threshold 0.3333333333333333:
polytomy of size 4; rounds with additions with at least 5 support: 0; clusters: 13685
polytomy of size 4; rounds with additions with at least 5 support: 0; clusters: 13685
polytomy of size 4; rounds with additions with at least 5 support: 0; clusters: 13685
polytomy of size 3; rounds with additions with at least 5 support: 0; clusters: 13685
polytomy of size 3; rounds with additions with at least 5 support: 0; clusters: 13685
polytomy of size 3; rounds with additions with at least 5 support: 0; clusters: 13685
polytomy of size 3; rounds with additions with at least 5 support: 0; clusters: 13685
polytomy of size 3; rounds with additions with at least 5 support: 0; clusters: 13685
polytomy of size 4; rounds with additions with at least 5 support: 0; clusters: 13685
polytomy of size 4; rounds with additions with at least 5 support: 0; clusters: 13685
polytomy of size 5; rounds with additions with at least 5 support: 0; clusters: 13685
polytomy of size 4; rounds with additions with at least 5 support: 0; clusters: 13685
polytomy of size 3; rounds with additions with at least 5 support: 0; clusters: 13685
polytomy of size 5; rounds with additions with at least 5 support: 0; clusters: 13685
max k is :0
Number of Clusters after addition by greedy: 13685
gradient0 in heuristiic: 13685
partitions formed in 22.355 secs
Dynamic Programming starting after 22.355 secs
Using tree-based weight calculation.
Using polytree-based weight calculation.
Polytree max score: 65998341135
Polytree building time: 2.752 seconds.
Number of quartet trees in the gene trees: 65998341135
Size of largest cluster: 201
Greedy score: 59392148333
estimationFactor: 1.1112300697553552
Sub-optimal score: 60288532457
Total Number of elements weighted: 51989
Normalized score (portion of input quartet trees satisfied before correcting for multiple individuals): 0.927672420156201
Optimization score: 61224840847
Optimal tree inferred in 64.706 secs.
(176,(156,(58,(153,(100,((21,127),(((31,145),(76,((113,(175,179)),(129,(2,40))))),((((101,(52,(192,133))),(124,(150,(61,(78,14))))),((170,(47,79)),(((62,77),(122,106)),(185,(137,(29,(189,49))))))),((((45,149),(196,((24,(51,104)),(((199,148),(57,81)),(165,((60,(15,123)),(188,(117,(94,125))))))))),(((73,(195,184)),((88,147),(54,(118,(42,167))))),((128,((19,141),(6,183))),((131,143),((12,9),(193,(68,80))))))),(((168,63),((172,(105,(48,10))),((111,30),(132,((126,90),(99,(18,5))))))),(0,(((97,((20,(85,159)),(174,(92,((55,(135,66)),(178,(59,((33,173),(200,(44,169)))))))))),(116,(((34,(4,82)),((108,114),(64,(84,36)))),(((23,74),(75,109)),((87,67),((89,140),(171,(25,(182,11))))))))),((((146,180),(121,152)),((187,98),((1,69),(164,((93,86),(110,177)))))),(((160,(3,(56,190))),((157,91),((158,39),(50,(32,112))))),(((134,((130,83),(186,(38,35)))),(95,(41,((103,151),(70,(142,(136,120))))))),(((139,(22,(17,(144,119)))),((71,115),(26,(166,(155,(154,(191,138))))))),((((107,37),(194,16)),(53,(28,(163,8)))),(27,(7,(197,((13,(43,65)),(((198,162),(161,46)),(181,(72,(102,96)))))))))))))))))))))))));
Final quartet score is: 61224840847
Final normalized quartet score is: 0.927672420156201
Extended species tree:
(26,((166,(155,(154,(191,138)1:0.1584186128943289)1:3.434292783200985)1:0.4082429745115178)1:1.2535701796248984,((71,115)1:3.387129618317457,((139,(22,(17,(144,119)1:1.9081188071711674)1:1.1033255291975468)1:0.5593705275903389)1:2.2821992079894717,(((((107,37)1:2.9095998457883865,(194,16)1:1.2309671607395845)1:0.7318364421990311,(53,(28,(163,8)1:0.1385476071727043)1:0.6339497408448751)1:2.7234074639222015)1:2.6432028348889607,(27,(7,(197,((13,(43,65)1:1.1941472689629464)1:0.31745744475421117,(((198,162)1:1.031948274344986,(161,46)1:1.2939144784478602)1:0.24646164236673795,(181,(72,(102,96)0.98:0.05823804923498081)1:0.10489591716538053)1:1.4189637586378245)0.73:0.026735251510807728)1:0.7374470803223315)1:0.679322862639475)1:1.5646661885879876)1:1.5916788665710455)1:1.763220862711765,(((134,((130,83)1:2.27454603734721,(186,(38,35)1:0.12726535104587627)1:3.8465327644923972)1:1.6170747760244442)1:0.543600388231418,(95,(41,((103,151)1:1.0526309529868956,(70,(142,(136,120)1:0.6002148610588252)1:0.5092586234269766)1:0.8961059555045556)1:0.7175571100330613)1:0.5144234882898202)1:1.8503520709526073)1:3.3394047745182966,(((160,(3,(56,190)1:1.0287721390114282)1:1.1284813871740678)1:2.5192561298026344,((157,91)1:2.892371758562833,((158,39)1:0.2631331791425921,(50,(32,112)1:0.8937068820711528)1:0.1067044630610933)1:0.9135472459284041)1:4.928988192383807)1:0.4987059565545525,((((146,180)1:0.6175593700478595,(121,152)1:1.0416110903887683)1:1.9320195084047427,((187,98)1:3.5700345528026394,((1,69)1:0.8683822546540703,(164,((93,86)0.93:0.04943688339952352,(110,177)0.68:0.02353212821323673)1:1.9233064802002542)1:2.1720816741903346)1:2.1881933045071484)1:0.5923478576808998)1:1.945409093927442,(((97,((20,(85,159)1:2.645541540481971)1:0.39205531388477965,(174,(92,((55,(135,66)1:1.1743598260926391)1:0.21058264359546147,(178,(59,((33,173)1:2.718443172057775,(200,(44,169)1:0.35041729143881895)0.48:0.013127596204188418)1:0.12356269275620828)1:0.5243047333560583)1:0.765446811907742)1:0.28431667672879785)1:1.261839444396777)1:0.23210323012605302)1:0.1342333825206703)1:4.710575695734511,(116,(((34,(4,82)1:0.37857312656233066)1:4.087375892906006,((108,114)1:1.666764839439612,(64,(84,36)1:2.742089555513494)1:2.6214103328981326)0.88:0.038885663979326426)1:2.9934884204641814,(((23,74)1:0.7735195621889286,(75,109)1:2.185903085667178)1:2.0139104587302707,((87,67)1:2.9244111123074497,((89,140)1:1.3917885628911755,(171,(25,(182,11)1:0.1771311632000157)1:2.866371648072638)1:0.9529473026845823)1:0.07178234722291524)1:2.561314112194811)1:1.3963553384896747)1:0.118284613098647)1:1.257967945804868)1:1.9401727964591085,(0,(((168,63)1:4.306065093870834,((172,(105,(48,10)1:2.093507331310721)1:0.5079683577948326)1:2.9308796318004355,((111,30)1:2.3989919281099095,(132,((126,90)1:3.2973543576145894,(99,(18,5)1:1.928162242931908)1:0.5617699725169905)1:1.3708856260986302)1:0.16330144636341554)1:1.3658715278117255)1:1.9281894140527576)1:3.9252502323221727,((((45,149)1:2.9845116625522996,(196,((24,(51,104)1:1.6371283853327927)1:1.8662427569061324,(((199,148)1:1.2584670749446538,(57,81)1:1.9115596548269773)1:1.5322485285901957,(165,((60,(15,123)1:1.839417945047222)1:2.053202541856884,(188,(117,(94,125)1:1.5335114451978662)1:0.87481072886527)1:1.0446721865646353)1:0.14121863917553337)1:2.1475527879110285)1:0.3140220122172291)1:1.3429933833372008)1:3.8841801784936214)1:0.8282538250205147,(((73,(195,184)1:0.6144117128741752)1:4.711530201978998,((88,147)1:3.938340313745519,(54,(118,(42,167)1:0.5018122889487157)1:1.5436983482316358)1:1.9459908408530358)1:2.86419697144362)1:1.124600591284734,((128,((19,141)1:2.778452827478486,(6,183)1:0.12116020176836077)1:1.602152313875023)1:0.15408824421396464,((131,143)1:1.2188569110263643,((12,9)1:2.7025966833091704,(193,(68,80)1:0.8010657084386053)1:0.7516325793225913)1:2.9649983785246423)0.4:0.004736474129992586)1:4.904864558608381)1:1.514916297901501)1:0.8229373315552542,((((101,(52,(192,133)1:1.5758530134769293)1:0.41872088274162045)1:2.824144946190018,(124,(150,(61,(78,14)1:1.6591821234241875)1:2.5634342555610847)1:1.0505374086652361)0.91:0.04990256150014172)1:3.5061879653832233,((170,(47,79)1:4.008749439061889)1:0.2798372019101378,(((62,77)1:2.253932288002226,(122,106)1:0.9724817104290983)1:0.9582261655099371,(185,(137,(29,(189,49)1:1.4660419529583222)1:0.17256489935844999)1:0.7030535767220755)1:0.8709083320224873)1:1.215939633961325)1:2.764942576538033)1:1.9606924596349273,(((31,145)1:0.9640823937139991,(76,((113,(175,179)1:0.791930049843243)1:1.07833212335,(129,(2,40)1:0.55680345836526)1:1.4407379151091633)1:0.1843597407020022)1:0.5934556440522962)1:0.7871248744088223,((21,127)1:2.4968941325505467,(100,(153,(58,(156,176)1:1.2101879024759508)1:1.1219547213601262)1:0.7572223269760338)1:0.3338339673389136)1:0.08331283949582144)1:6.051304547463992)1:1.5604564699789039)1:0.45722382833391656)1:2.1842543387357285)1:1.5377340204811087)1:3.8863278987470857)1:0.21137655860637514)1:0.30789048870611047)1:0.21011768880352574)1:1.8342550942544489)1:0.5119829379694681)1:0.5214777790548552));
Weight calculation took 37.969015295 secs
ASTRAL finished in 74.178 secs
