
================== ASTRAL ===================== 

This is ASTRAL version 5.7.8
Gene trees are treated as unrooted
200 trees read from Dataset/AstralII_data/model.200.10000000.0.000001/18/estimatedgenetre.halfresolved_200
index0
All output trees will be *arbitrarily* rooted at 26

======== Running the main analysis
Number of taxa: 201 (201 species)
Taxa: [26, 155, 166, 191, 138, 154, 71, 115, 139, 22, 17, 144, 119, 187, 98, 146, 121, 180, 152, 1, 69, 110, 93, 177, 164, 86, 157, 91, 158, 39, 32, 50, 112, 160, 3, 56, 190, 27, 107, 37, 194, 16, 28, 163, 8, 53, 7, 43, 65, 197, 13, 102, 96, 72, 181, 198, 162, 161, 46, 134, 130, 38, 35, 186, 83, 95, 142, 41, 103, 136, 120, 70, 151, 0, 168, 63, 111, 30, 126, 90, 99, 18, 5, 132, 172, 105, 48, 10, 131, 143, 19, 141, 12, 9, 68, 80, 6, 183, 193, 128, 195, 184, 73, 88, 147, 54, 118, 42, 167, 45, 149, 24, 165, 60, 15, 123, 117, 94, 125, 188, 196, 51, 104, 57, 81, 199, 148, 122, 106, 62, 77, 185, 137, 189, 49, 29, 170, 47, 79, 101, 52, 192, 133, 150, 61, 78, 14, 124, 153, 58, 176, 156, 100, 31, 145, 113, 175, 179, 2, 40, 21, 127, 129, 76, 116, 75, 109, 23, 74, 25, 182, 11, 89, 171, 140, 87, 67, 108, 114, 34, 4, 82, 84, 36, 64, 97, 20, 92, 178, 135, 200, 59, 33, 173, 44, 169, 174, 85, 159, 66, 55]
Taxon occupancy: {110=200, 111=200, 112=200, 113=200, 114=200, 115=200, 116=200, 117=200, 118=200, 119=200, 10=200, 11=200, 12=200, 13=200, 14=200, 15=200, 16=200, 17=200, 18=200, 19=200, 120=200, 121=200, 0=200, 1=200, 122=200, 123=200, 2=200, 3=200, 124=200, 125=200, 4=200, 126=200, 5=200, 6=200, 127=200, 7=200, 128=200, 8=200, 129=200, 9=200, 20=200, 21=200, 22=200, 23=200, 24=200, 25=200, 26=200, 27=200, 28=200, 29=200, 130=200, 131=200, 132=200, 133=200, 134=200, 135=200, 136=200, 137=200, 138=200, 139=200, 30=200, 31=200, 32=200, 33=200, 34=200, 35=200, 36=200, 37=200, 38=200, 39=200, 140=200, 141=200, 142=200, 143=200, 144=200, 145=200, 146=200, 147=200, 148=200, 149=200, 40=200, 41=200, 42=200, 43=200, 44=200, 45=200, 46=200, 47=200, 48=200, 49=200, 150=200, 151=200, 152=200, 153=200, 154=200, 155=200, 156=200, 157=200, 158=200, 159=200, 50=200, 51=200, 52=200, 53=200, 54=200, 55=200, 56=200, 57=200, 58=200, 59=200, 160=200, 161=200, 162=200, 163=200, 164=200, 165=200, 166=200, 167=200, 168=200, 169=200, 60=200, 61=200, 62=200, 63=200, 64=200, 65=200, 66=200, 67=200, 68=200, 69=200, 170=200, 171=200, 172=200, 173=200, 174=200, 175=200, 176=200, 177=200, 178=200, 179=200, 70=200, 71=200, 72=200, 73=200, 74=200, 75=200, 76=200, 77=200, 78=200, 79=200, 180=200, 181=200, 182=200, 183=200, 184=200, 185=200, 186=200, 187=200, 188=200, 189=200, 80=200, 81=200, 82=200, 83=200, 84=200, 85=200, 86=200, 87=200, 88=200, 89=200, 190=200, 191=200, 192=200, 193=200, 194=200, 195=200, 196=200, 197=200, 198=200, 199=200, 90=200, 91=200, 92=200, 93=200, 94=200, 95=200, 96=200, 97=200, 98=200, 99=200, 200=200, 100=200, 101=200, 102=200, 103=200, 104=200, 105=200, 106=200, 107=200, 108=200, 109=200}
Number of gene trees: 200
0 trees have missing taxa
Calculating quartet distance matrix (for completion of X)
Species tree distances calculated ...
Building set of clusters (X) from gene trees 
------------------------------
gradient0: 6253
Number of Clusters after addition by distance: 6253
calculating extra bipartitions to be added at level 1 ...
Adding to X using resolutions of greedy consensus ...
Limit for sigma of degrees:5075
polytomy size limit : 5
discarded polytomies:  [3, 3, 3, 3, 3, 3, 3, 4, 4, 4, 4, 4, 4, 4, 5, 5]
Threshold 0.0:
Threshold 0.01:
Threshold 0.02:
Threshold 0.05:
Threshold 0.1:
Threshold 0.2:
polytomy of size 3; rounds with additions with at least 5 support: 0; clusters: 6253
polytomy of size 4; rounds with additions with at least 5 support: 0; clusters: 6253
Threshold 0.3333333333333333:
polytomy of size 3; rounds with additions with at least 5 support: 0; clusters: 6253
polytomy of size 3; rounds with additions with at least 5 support: 0; clusters: 6253
polytomy of size 3; rounds with additions with at least 5 support: 0; clusters: 6253
polytomy of size 4; rounds with additions with at least 5 support: 0; clusters: 6253
polytomy of size 3; rounds with additions with at least 5 support: 0; clusters: 6253
polytomy of size 4; rounds with additions with at least 5 support: 0; clusters: 6253
polytomy of size 4; rounds with additions with at least 5 support: 0; clusters: 6253
polytomy of size 4; rounds with additions with at least 5 support: 0; clusters: 6253
polytomy of size 3; rounds with additions with at least 5 support: 0; clusters: 6253
polytomy of size 4; rounds with additions with at least 5 support: 0; clusters: 6253
polytomy of size 5; rounds with additions with at least 5 support: 0; clusters: 6253
polytomy of size 4; rounds with additions with at least 5 support: 0; clusters: 6253
polytomy of size 3; rounds with additions with at least 5 support: 0; clusters: 6253
polytomy of size 5; rounds with additions with at least 5 support: 0; clusters: 6253
max k is :0
Number of Clusters after addition by greedy: 6253
gradient0 in heuristiic: 6253
partitions formed in 5.056 secs
Dynamic Programming starting after 5.057 secs
Using tree-based weight calculation.
Using polytree-based weight calculation.
Polytree max score: 13199669010
Polytree building time: 0.254 seconds.
Number of quartet trees in the gene trees: 13199669010
Size of largest cluster: 201
Greedy score: 11941590396
estimationFactor: 1.1053526852186633
Sub-optimal score: 12051331201
Total Number of elements weighted: 13913
Normalized score (portion of input quartet trees satisfied before correcting for multiple individuals): 0.9266330880519557
Optimization score: 12231250056
Optimal tree inferred in 9.402 secs.
(176,(156,(58,(153,(100,((21,127),(((31,145),(76,((113,(175,179)),(129,(2,40))))),((((101,(52,(192,133))),(124,(150,(61,(78,14))))),((170,(47,79)),(((62,77),(122,106)),(185,(137,(29,(189,49))))))),((((45,149),(196,((24,(51,104)),(((199,148),(57,81)),(165,((60,(15,123)),(188,(117,(94,125))))))))),(((73,(195,184)),((88,147),(54,(118,(42,167))))),((128,((19,141),(6,183))),((131,143),((12,9),(193,(68,80))))))),(((168,63),((172,(105,(48,10))),((111,30),(132,((126,90),(99,(18,5))))))),(0,(((97,((20,(85,159)),(174,(92,((55,(135,66)),(178,(59,(200,((44,169),(33,173)))))))))),(116,(((34,(4,82)),((108,114),(64,(84,36)))),(((23,74),(75,109)),((87,67),((89,140),(171,(25,(182,11))))))))),((((146,180),(121,152)),((187,98),((1,69),(164,((93,86),(110,177)))))),(((160,(3,(56,190))),((157,91),((158,39),(50,(32,112))))),(((134,((130,83),(186,(38,35)))),(95,(41,((103,151),(70,(142,(136,120))))))),(((139,(22,(17,(144,119)))),((71,115),(26,(166,(155,(154,(191,138))))))),((((107,37),(194,16)),(53,(28,(163,8)))),(27,(7,(197,((13,(43,65)),((181,(72,(102,96))),((198,162),(161,46))))))))))))))))))))))));
Final quartet score is: 12231250056
Final normalized quartet score is: 0.9266330880519557
Extended species tree:
(26,((166,(155,(154,(191,138)0.95:0.11034805716886546)1:3.1031236231834396)1:0.4085348469218199)1:1.24395666100382,((71,115)1:3.320340029369429,((139,(22,(17,(144,119)1:1.7204174820963252)1:1.184391549256172)1:0.5634209929675009)1:2.7154258978383017,(((((107,37)1:2.647617234271733,(194,16)1:1.135813676776318)1:0.6604066278992973,(53,(28,(163,8)1:0.16141986270747388)1:0.6859378338423375)1:2.8718869432220595)1:2.5952547069568657,(27,(7,(197,((13,(43,65)1:1.2329839903172257)1:0.32189518225927877,((181,(72,(102,96)0.67:0.061653023143824856)0.82:0.07531322298348084)1:1.4746635115699809,((198,162)1:0.9267819696547891,(161,46)1:1.5121598240322298)1:0.20785949215554164)0.6:0.039698177212752914)1:0.7646611083564762)1:0.7293020707148204)1:1.4842565765594284)1:1.4431125136721037)1:1.4116774833934984,(((134,((130,83)1:2.2587824703356527,(186,(38,35)1:0.18830959863857716)1:4.204692619390971)1:1.60809935214245)1:0.4563657066336097,(95,(41,((103,151)1:0.9908551065533737,(70,(142,(136,120)1:0.5668406789321185)1:0.40348774775944535)1:0.968581562731832)1:0.6689012655120944)1:0.5116551551283665)1:2.1993590498648516)1:3.7654048926860524,(((160,(3,(56,190)1:1.1909418403342968)1:1.0119940111305978)1:2.734718448184369,((157,91)1:2.7006152226146916,((158,39)1:0.35102321955107607,(50,(32,112)1:0.6650516871069103)0.92:0.10411750741822928)1:0.9354405871976987)1:3.7346889901452363)1:0.36001758349351937,((((146,180)1:0.6428392946281045,(121,152)1:1.1589019506795484)1:1.9929301544067157,((187,98)1:3.792307068438227,((1,69)1:0.8115863015271023,(164,((93,86)0.6:0.04582936490808815,(110,177)0.62:0.0419899048400049)1:1.6591613477865306)1:2.1171493208061065)1:2.2530326631566315)1:0.7173657612350322)1:1.7593107413230467,(((97,((20,(85,159)1:2.4894397491189864)1:0.4198387999344036,(174,(92,((55,(135,66)1:0.9864230388577924)1:0.1904175145561099,(178,(59,(200,((44,169)1:0.41429249972624266,(33,173)1:2.456375961812885)0.4:0.009449009688229112)0.96:0.11474875167752625)1:0.5361079239592762)1:0.8439224181423078)1:0.3288319510754788)1:1.3134541002626237)1:0.27242783930808034)0.99:0.15653743963824043)1:4.820265964291412,(116,(((34,(4,82)1:0.4433163388066108)1:3.799227511282799,((108,114)1:1.7223402494080617,(64,(84,36)1:3.288401887516811)1:2.547923332251093)0.65:0.04711246781171011)1:3.3425877980485112,(((23,74)1:0.6937534708399802,(75,109)1:1.9555404311219817)1:1.698950746316471,((87,67)1:3.431502731157489,((89,140)1:1.415416978366171,(171,(25,(182,11)0.93:0.10204925435417023)1:2.7017438909060663)1:0.9079381624728513)0.55:0.03231014771716178)1:2.7187085532137405)1:1.2460162767512164)0.97:0.11976338455697468)1:1.076235299563773)1:1.8059218934212995,(0,(((168,63)1:4.204692619390971,((172,(105,(48,10)1:2.184128883296758)1:0.5215721019525663)1:2.700615222614689,((111,30)1:2.858258208508052,(132,((126,90)1:3.288401887516811,(99,(18,5)1:1.9523381214283488)1:0.554498307588267)1:1.4266168418585894)1:0.1925757927652293)1:1.4286994805053945)1:2.050027656473543)1:3.51154543883102,((((45,149)1:3.072938022876829,(196,((24,(51,104)1:1.498833368857609)1:2.0165945884564795,(((199,148)1:0.9655166300254171,(57,81)1:1.9031232705167551)1:1.6772062615074488,(165,((60,(15,123)1:1.9023600835393166)1:2.092606759321086,(188,(117,(94,125)1:1.4014852958046964)1:0.9450354099641395)1:1.0315549198736222)0.67:0.05006553050224965)1:2.219062475732448)1:0.1863478668875852)1:1.2772094463710832)1:3.530856383744109)1:0.7923618245941532,(((73,(195,184)1:0.5937747067467416)1:4.897839799950916,((88,147)1:3.799227511282799,(54,(118,(42,167)1:0.5412604817766854)1:1.5303689458981806)1:1.7408393788007983)1:3.0652583362026014)1:1.345989913439223,((128,((19,141)1:2.6470824749007003,(6,183)1:0.1732635306788877)1:1.481284762634437)0.88:0.08681755975867124,((131,143)1:1.1078562987829348,((12,9)1:3.052013109452578,(193,(68,80)1:0.8502441155294873)1:0.5871091606798646)1:3.3106404690325464)0.79:0.06824688115022987)1:4.13569974790402)1:1.4672656437025986)1:0.7568019092401305,((((101,(52,(192,133)1:1.3134794647266113)1:0.5158766190668288)1:2.5886101642381982,(124,(150,(61,(78,14)1:1.6397432619294297)1:3.0260376230493193)1:1.0806508971936049)0.57:0.04434576411831199)1:3.079402337099503,((170,(47,79)1:3.5002458835770893)1:0.3228833925593164,(((62,77)1:2.2573801457894325,(122,106)1:0.8275989797442661)1:0.7592873152710344,(185,(137,(29,(189,49)1:1.3147418255085965)1:0.1706766145256757)1:0.769855436104115)1:0.8448158102944878)1:1.2699285286478563)1:2.8805801619806175)1:2.420015533374963,(((31,145)1:1.0026087797817393,(76,((113,(175,179)1:0.7083381152447511)1:1.0479468223987862,(129,(2,40)1:0.6293902147571946)1:1.3633674687993735)0.98:0.1322450869630365)1:0.47944377724606824)1:0.7889753135467894,((21,127)1:2.0342849023897673,(100,(153,(58,(156,176)1:1.1373446543253187)1:1.1570327349042102)1:0.7414577156333435)1:0.3350768419652258)0.97:0.14214454635061996)1:4.445854676207867)1:1.302980978953771)1:0.45888376927379093)1:2.2341160559873785)1:1.7180443056428467)1:4.235756216271922)1:0.270655959986903)1:0.31019523350986217)1:0.2028785224118938)1:1.7261302120955848)1:0.4898197212244975)1:0.4029934918039732));
Weight calculation took 3.742539358 secs
ASTRAL finished in 11.668 secs
