
================== ASTRAL ===================== 

This is ASTRAL version 5.7.8
Gene trees are treated as unrooted
1000 trees read from Dataset/AstralII_data/model.200.500000.0.000001/31/estimatedgenetre.halfresolved
index0
All output trees will be *arbitrarily* rooted at 118

======== Running the main analysis
Number of taxa: 201 (201 species)
Taxa: [118, 45, 47, 122, 15, 3, 93, 175, 96, 112, 25, 87, 199, 65, 75, 197, 195, 153, 59, 36, 127, 64, 125, 85, 71, 74, 12, 184, 0, 178, 66, 171, 19, 18, 108, 70, 134, 76, 187, 183, 72, 140, 17, 181, 52, 34, 159, 4, 115, 48, 117, 135, 124, 105, 35, 189, 37, 166, 95, 167, 106, 143, 81, 98, 126, 190, 51, 133, 196, 154, 60, 179, 121, 107, 182, 22, 194, 83, 144, 148, 99, 173, 8, 136, 79, 177, 58, 101, 119, 169, 174, 114, 31, 186, 78, 120, 55, 56, 172, 138, 91, 54, 90, 23, 102, 160, 53, 26, 86, 20, 49, 146, 141, 5, 6, 137, 61, 111, 40, 113, 158, 27, 41, 21, 62, 150, 188, 193, 28, 7, 97, 92, 128, 192, 129, 157, 156, 10, 89, 198, 32, 170, 38, 123, 104, 163, 161, 130, 176, 155, 9, 13, 132, 24, 131, 82, 67, 185, 39, 42, 68, 33, 200, 14, 77, 16, 30, 151, 1, 162, 152, 46, 180, 11, 63, 103, 94, 168, 109, 57, 149, 29, 88, 50, 142, 110, 73, 145, 43, 44, 80, 147, 191, 165, 69, 164, 100, 2, 139, 84, 116]
Taxon occupancy: {110=1000, 111=1000, 112=1000, 113=1000, 114=1000, 115=1000, 116=1000, 117=1000, 118=1000, 119=1000, 10=1000, 11=1000, 12=1000, 13=1000, 14=1000, 15=1000, 16=1000, 17=1000, 18=1000, 19=1000, 120=1000, 0=1000, 121=1000, 122=1000, 1=1000, 123=1000, 2=1000, 3=1000, 124=1000, 125=1000, 4=1000, 126=1000, 5=1000, 127=1000, 6=1000, 7=1000, 128=1000, 8=1000, 129=1000, 9=1000, 20=1000, 21=1000, 22=1000, 23=1000, 24=1000, 25=1000, 26=1000, 27=1000, 28=1000, 29=1000, 130=1000, 131=1000, 132=1000, 133=1000, 134=1000, 135=1000, 136=1000, 137=1000, 138=1000, 139=1000, 30=1000, 31=1000, 32=1000, 33=1000, 34=1000, 35=1000, 36=1000, 37=1000, 38=1000, 39=1000, 140=1000, 141=1000, 142=1000, 143=1000, 144=1000, 145=1000, 146=1000, 147=1000, 148=1000, 149=1000, 40=1000, 41=1000, 42=1000, 43=1000, 44=1000, 45=1000, 46=1000, 47=1000, 48=1000, 49=1000, 150=1000, 151=1000, 152=1000, 153=1000, 154=1000, 155=1000, 156=1000, 157=1000, 158=1000, 159=1000, 50=1000, 51=1000, 52=1000, 53=1000, 54=1000, 55=1000, 56=1000, 57=1000, 58=1000, 59=1000, 160=1000, 161=1000, 162=1000, 163=1000, 164=1000, 165=1000, 166=1000, 167=1000, 168=1000, 169=1000, 60=1000, 61=1000, 62=1000, 63=1000, 64=1000, 65=1000, 66=1000, 67=1000, 68=1000, 69=1000, 170=1000, 171=1000, 172=1000, 173=1000, 174=1000, 175=1000, 176=1000, 177=1000, 178=1000, 179=1000, 70=1000, 71=1000, 72=1000, 73=1000, 74=1000, 75=1000, 76=1000, 77=1000, 78=1000, 79=1000, 180=1000, 181=1000, 182=1000, 183=1000, 184=1000, 185=1000, 186=1000, 187=1000, 188=1000, 189=1000, 80=1000, 81=1000, 82=1000, 83=1000, 84=1000, 85=1000, 86=1000, 87=1000, 88=1000, 89=1000, 190=1000, 191=1000, 192=1000, 193=1000, 194=1000, 195=1000, 196=1000, 197=1000, 198=1000, 199=1000, 90=1000, 91=1000, 92=1000, 93=1000, 94=1000, 95=1000, 96=1000, 97=1000, 98=1000, 99=1000, 200=1000, 100=1000, 101=1000, 102=1000, 103=1000, 104=1000, 105=1000, 106=1000, 107=1000, 108=1000, 109=1000}
Number of gene trees: 1000
0 trees have missing taxa
Calculating quartet distance matrix (for completion of X)
Species tree distances calculated ...
Building set of clusters (X) from gene trees 
------------------------------
gradient0: 135619
Number of Clusters after addition by distance: 135619
calculating extra bipartitions to be added at level 1 ...
Adding to X using resolutions of greedy consensus ...
Limit for sigma of degrees:5075
polytomy size limit : 45
discarded polytomies: 65 102  [3, 3, 3, 3, 3, 3, 3, 3, 4, 4, 4, 4, 5, 5, 13, 26, 29, 37, 45, 65, 102]
Threshold 0.0:
polytomy of size 13; rounds with additions with at least 5 support: 16; clusters: 136949
Threshold 0.01:
polytomy of size 26; rounds with additions with at least 5 support: 2; clusters: 143621
Threshold 0.02:
polytomy of size 29; rounds with additions with at least 5 support: 1; clusters: 150655
Threshold 0.05:
polytomy of size 37; rounds with additions with at least 5 support: 2; clusters: 150773
polytomy of size 4; rounds with additions with at least 5 support: 0; clusters: 150773
Threshold 0.1:
polytomy of size 45; rounds with additions with at least 5 support: 0; clusters: 150869
polytomy of size 5; rounds with additions with at least 5 support: 0; clusters: 150869
Threshold 0.2:
polytomy of size 3; rounds with additions with at least 5 support: 0; clusters: 150869
polytomy of size 4; rounds with additions with at least 5 support: 0; clusters: 150869
polytomy of size 4; rounds with additions with at least 5 support: 0; clusters: 150869
polytomy of size 3; rounds with additions with at least 5 support: 0; clusters: 150869
polytomy of size 65; rounds with additions with at least 5 support: 0; clusters: 150949
Threshold 0.3333333333333333:
polytomy of size 3; rounds with additions with at least 5 support: 0; clusters: 150949
polytomy of size 3; rounds with additions with at least 5 support: 0; clusters: 150949
polytomy of size 3; rounds with additions with at least 5 support: 0; clusters: 150949
polytomy of size 5; rounds with additions with at least 5 support: 0; clusters: 150949
polytomy of size 4; rounds with additions with at least 5 support: 0; clusters: 150949
polytomy of size 3; rounds with additions with at least 5 support: 0; clusters: 150949
polytomy of size 3; rounds with additions with at least 5 support: 0; clusters: 150949
polytomy of size 3; rounds with additions with at least 5 support: 0; clusters: 150949
polytomy of size 102; rounds with additions with at least 5 support: 0; clusters: 151047
max k is :32
Number of Clusters after addition by greedy: 151047
gradient0 in heuristiic: 151047
partitions formed in 140.005 secs
Dynamic Programming starting after 140.005 secs
Using tree-based weight calculation.
Using polytree-based weight calculation.
Polytree max score: 65998344870
Polytree building time: 3.747 seconds.
Number of quartet trees in the gene trees: 65998344870
Size of largest cluster: 201
Greedy score: 25914211905
estimationFactor: 2.5468011572933844
Sub-optimal score: 28809287095
Calculated 100000 weights; time (seconds): 492
Calculated 200000 weights; time (seconds): 357
Calculated 300000 weights; time (seconds): 371
Calculated 400000 weights; time (seconds): 381
Total Number of elements weighted: 415488
Normalized score (portion of input quartet trees satisfied before correcting for multiple individuals): 0.45772357486394644
Optimization score: 30208998349
Optimal tree inferred in 1664.448 secs.
(129,(157,((192,161),((48,117),(((((93,175),(33,(68,(42,200)))),((66,185),((112,39),(19,(96,171))))),(((170,38),(156,((10,89),(198,32)))),((123,(104,163)),((24,(176,155)),(131,((13,(130,132)),(9,(82,67)))))))),(0,(((((22,194),((125,71),(85,(3,64)))),(((37,120),(55,(113,(78,40)))),((34,(138,91)),(158,(27,(56,172)))))),((36,(((45,47),(122,15)),((165,(164,(69,100))),((127,(84,116)),(2,(118,139)))))),((92,((7,(97,128)),(28,((150,(21,62)),(41,(188,193)))))),(((18,108),(190,(126,51))),((98,133),((72,80),(191,(140,147)))))))),((((4,115),(((12,184),(152,(74,46))),((54,90),(151,(1,162))))),((83,((180,(154,(63,(196,103)))),(94,(109,((11,168),(57,149)))))),(((119,(101,169)),(143,(106,144))),((79,((141,5),(146,(20,49)))),(((177,58),((148,99),(8,(173,136)))),(6,((174,61),(31,(111,(114,137)))))))))),((186,(95,167)),((((153,(195,(75,197))),(65,(199,(25,87)))),(((70,135),(134,76)),(30,((105,35),(77,(124,(189,16))))))),(((187,(53,(183,26))),(166,(14,(23,(102,160))))),((((88,50),(86,29)),(182,(178,((60,179),(121,107))))),((52,159),((81,(59,(17,181))),((145,43),(44,(110,(142,73))))))))))))))))));
Final quartet score is: 30208998349
Final normalized quartet score is: 0.45772357486394644
Extended species tree:
(118,(139,(2,((127,(84,116)1:0.39819210199033084)0.99:0.060262042103317315,((165,(164,(69,100)1:0.2561850481015326)1:0.09839268565130045)1:0.6396031332935804,(((45,47)1:0.36783465936813975,(122,15)1:1.1587113211856588)1:0.3982854817669936,(36,(((92,((7,(97,128)1:0.5662199804050944)1:0.609040352210322,(28,((150,(21,62)1:0.719568229430765)1:0.1732412601690581,(41,(188,193)1:0.29749810218943784)1:0.42857651545716274)1:0.6612404697652665)1:0.31474905386682844)1:0.08563372921089028)1:0.25961128004566925,(((18,108)1:1.544879003728867,(190,(126,51)1:0.19879283012582782)1:1.7616682523370153)1:0.2230922528338024,((98,133)1:0.22511839827723476,((72,80)1:0.5304975229971283,(191,(140,147)1:0.75824893357316)1:0.21482436093185253)1:0.6444278856883059)1:0.3541975026476891)0.99:0.06075942652024986)0.97:0.05367082422640107,((((22,194)1:1.2089958521987012,((125,71)1:0.8679050070264943,(85,(3,64)1:0.3569495988106625)1:0.11523645513482995)1:0.6024653830529396)1:0.3966453701557125,(((37,120)1:0.655321756112804,(55,(113,(78,40)1:0.6605800337764675)1:0.45948795849105967)1:0.16411136576362564)1:0.33198753410636717,((34,(138,91)1:1.586373231153263)1:0.11398783119609761,(158,(27,(56,172)1:0.8924299507472481)1:0.49952168119053986)1:0.42619535687747645)1:0.08335971848839652)1:0.28417279145758184)0.87:0.03758212314500471,(((((4,115)1:1.5179088759247392,(((12,184)1:0.8607254610915569,(152,(74,46)1:0.39229277762857573)1:0.2840697745135989)1:0.621680407122243,((54,90)1:1.8360073748242383,(151,(1,162)0.81:0.03210199762981091)1:2.0182282462383436)0.67:0.023574396136400604)1:0.11066149395557416)1:0.09447464212432086,((83,((180,(154,(63,(196,103)1:0.20304150598177642)1:0.39378267482878865)1:0.0909242078610699)1:0.0953224702210889,(94,(109,((11,168)1:0.40727648614813067,(57,149)0.38:0.003441566044164953)1:0.2347588302647817)0.42:0.00882814125530788)1:0.7928828701397064)1:0.4244863462723826)0.4:0.004722368244213007,(((119,(101,169)1:0.2722615664236856)1:0.6609747970696023,(143,(106,144)1:0.13169509080820377)1:1.2594284904550774)1:0.47044671297868007,((79,((141,5)1:0.870524710997021,(146,(20,49)1:0.18403210986512952)1:0.26840636809534313)1:0.48155916178073616)1:0.514833591331733,(((177,58)1:1.75760480067621,((148,99)1:1.1006352717647112,(8,(173,136)1:0.43632652479905276)1:0.6192995504971993)1:0.33583621947235376)0.99:0.06548546364634061,(6,((174,61)1:0.8251362517402683,(31,(111,(114,137)1:0.6374513372164835)1:0.08953118330227908)1:0.09208068623301505)1:0.6368051867342649)1:0.08757753835032782)1:0.12265522984277911)1:0.10494061565308332)0.9:0.04139755556589176)1:0.09807546335972837)0.66:0.021557511975063493,((186,(95,167)1:0.2715265352014309)1:0.5808824884957643,((((153,(195,(75,197)1:0.13349247126512448)1:0.21705055988964694)1:0.48617884027613534,(65,(199,(25,87)1:0.1585663622066081)0.48:0.012986027192494427)1:0.8472661568425179)1:0.8232816935463898,(((70,135)1:1.4814818285340154,(134,76)1:1.2776385208596284)1:0.13983904869555494,(30,((105,35)1:0.8764908088794375,(77,(124,(189,16)0.99:0.061130559657434635)1:0.2667214258977588)1:0.2771347111602595)1:0.952635275069485)1:0.16485252367280762)1:0.07034441239673131)1:0.16774818306704403,(((187,(53,(183,26)1:0.10469473667184828)1:0.21010968461967386)1:0.36631884251201746,(166,(14,(23,(102,160)1:0.09128495855470446)1:1.2015264717166534)0.99:0.06712840110043614)1:0.1811716110298066)1:0.588964161022038,((((88,50)1:0.5131584999593436,(86,29)0.61:0.018983857826287382)1:1.4717160184034326,(182,(178,((60,179)1:0.14357090586112164,(121,107)1:0.1927624413733736)1:0.5070374959595739)0.63:0.0196825622688166)1:0.7109283314353936)0.73:0.026716536878785575,((52,159)1:2.011507431541128,((81,(59,(17,181)1:0.7928626538321862)1:1.0329724463130057)0.98:0.059184310771729455,((145,43)1:0.6032131977349297,(44,(110,(142,73)1:0.10539247074579385)1:0.6008921426990406)0.92:0.04393376686501818)1:1.1511431249451691)0.64:0.02051272506578128)1:0.0730572142937275)0.49:0.011426813551706326)0.45:0.008502723680513323)0.49:0.012163378173620702)0.24:0.0)0.45:0.008083061335260783,(0,(((((93,175)1:1.3049413972863952,(33,(68,(42,200)1:0.12966827579211546)1:0.1417768057305895)1:1.1804840072902183)1:0.26750577524345825,((66,185)1:0.5990548941943491,((112,39)1:0.3305209497425316,(19,(96,171)1:0.7902071420880579)1:0.35854034383600175)1:0.2972205032251421)1:0.08954140000619056)1:0.12370127372516113,(((170,38)1:1.6734924986566206,(156,((10,89)1:0.13434961859836791,(198,32)1:0.3665386829701203)1:0.6917744967479735)1:0.4380250969991565)0.66:0.022203580518983506,((123,(104,163)1:1.6362992692629317)1:0.10393034591773019,((24,(176,155)1:0.8762682576843173)1:0.31150398316248723,(131,((13,(130,132)1:0.08400762830019867)1:0.9451952104621937,(9,(82,67)1:0.5644874838840906)1:0.2692762089021784)1:0.07525392979969671)1:0.3586148015022272)1:0.2758206917360281)1:0.15554929294442593)1:0.15659626256815296)1:0.09666987201675933,((48,117)1:1.178598804114266,((192,161)1:0.5364013094572064,(157,129)1:0.9370301076652496)1:0.29823475174405667)1:0.5541963382699259)1:0.18799707714899577)0.98:0.057466376606392165)0.52:0.012655695117755767)0.41:0.00612997990209029)1:0.8164132000387408)0.7:0.028045434248682267)1:0.13550701856388095)1:0.26254500488193594)1:0.5485738498783364)1:0.20515775173621267));
Weight calculation took 1429.05316395 secs
ASTRAL finished in 1675.291 secs
