
================== ASTRAL ===================== 

This is ASTRAL version 5.7.8
Gene trees are treated as unrooted
200 trees read from Dataset/AstralII_data/model.200.500000.0.000001/31/estimatedgenetre.halfresolved_200
index0
All output trees will be *arbitrarily* rooted at 118

======== Running the main analysis
Number of taxa: 201 (201 species)
Taxa: [118, 45, 47, 122, 15, 3, 93, 175, 96, 112, 25, 87, 199, 65, 75, 197, 195, 153, 59, 36, 127, 64, 125, 85, 71, 74, 12, 184, 0, 178, 66, 171, 19, 18, 108, 70, 134, 76, 187, 183, 72, 140, 17, 181, 52, 34, 159, 4, 115, 48, 117, 135, 124, 105, 35, 189, 37, 166, 95, 167, 106, 143, 81, 98, 126, 190, 51, 133, 196, 154, 60, 179, 121, 107, 182, 22, 194, 83, 144, 148, 99, 173, 8, 136, 79, 177, 58, 101, 119, 169, 174, 114, 31, 186, 78, 120, 55, 56, 172, 138, 91, 54, 90, 23, 102, 160, 53, 26, 86, 20, 49, 146, 141, 5, 6, 137, 61, 111, 40, 113, 158, 27, 41, 21, 62, 150, 188, 193, 28, 7, 97, 92, 128, 192, 129, 157, 156, 10, 89, 198, 32, 170, 38, 123, 104, 163, 161, 130, 176, 155, 9, 13, 132, 24, 131, 82, 67, 185, 39, 42, 68, 33, 200, 14, 77, 16, 30, 151, 1, 162, 152, 46, 180, 11, 63, 103, 94, 168, 109, 57, 149, 29, 88, 50, 142, 110, 73, 145, 43, 44, 80, 147, 191, 165, 69, 164, 100, 2, 139, 84, 116]
Taxon occupancy: {110=200, 111=200, 112=200, 113=200, 114=200, 115=200, 116=200, 117=200, 118=200, 119=200, 10=200, 11=200, 12=200, 13=200, 14=200, 15=200, 16=200, 17=200, 18=200, 19=200, 120=200, 0=200, 121=200, 122=200, 1=200, 123=200, 2=200, 3=200, 124=200, 125=200, 4=200, 126=200, 5=200, 127=200, 6=200, 7=200, 128=200, 8=200, 129=200, 9=200, 20=200, 21=200, 22=200, 23=200, 24=200, 25=200, 26=200, 27=200, 28=200, 29=200, 130=200, 131=200, 132=200, 133=200, 134=200, 135=200, 136=200, 137=200, 138=200, 139=200, 30=200, 31=200, 32=200, 33=200, 34=200, 35=200, 36=200, 37=200, 38=200, 39=200, 140=200, 141=200, 142=200, 143=200, 144=200, 145=200, 146=200, 147=200, 148=200, 149=200, 40=200, 41=200, 42=200, 43=200, 44=200, 45=200, 46=200, 47=200, 48=200, 49=200, 150=200, 151=200, 152=200, 153=200, 154=200, 155=200, 156=200, 157=200, 158=200, 159=200, 50=200, 51=200, 52=200, 53=200, 54=200, 55=200, 56=200, 57=200, 58=200, 59=200, 160=200, 161=200, 162=200, 163=200, 164=200, 165=200, 166=200, 167=200, 168=200, 169=200, 60=200, 61=200, 62=200, 63=200, 64=200, 65=200, 66=200, 67=200, 68=200, 69=200, 170=200, 171=200, 172=200, 173=200, 174=200, 175=200, 176=200, 177=200, 178=200, 179=200, 70=200, 71=200, 72=200, 73=200, 74=200, 75=200, 76=200, 77=200, 78=200, 79=200, 180=200, 181=200, 182=200, 183=200, 184=200, 185=200, 186=200, 187=200, 188=200, 189=200, 80=200, 81=200, 82=200, 83=200, 84=200, 85=200, 86=200, 87=200, 88=200, 89=200, 190=200, 191=200, 192=200, 193=200, 194=200, 195=200, 196=200, 197=200, 198=200, 199=200, 90=200, 91=200, 92=200, 93=200, 94=200, 95=200, 96=200, 97=200, 98=200, 99=200, 200=200, 100=200, 101=200, 102=200, 103=200, 104=200, 105=200, 106=200, 107=200, 108=200, 109=200}
Number of gene trees: 200
0 trees have missing taxa
Calculating quartet distance matrix (for completion of X)
Species tree distances calculated ...
Building set of clusters (X) from gene trees 
------------------------------
gradient0: 32649
Number of Clusters after addition by distance: 32649
calculating extra bipartitions to be added at level 1 ...
Adding to X using resolutions of greedy consensus ...
Limit for sigma of degrees:5075
polytomy size limit : 44
discarded polytomies: 65 93  [3, 3, 3, 3, 3, 3, 3, 3, 3, 3, 3, 4, 4, 4, 5, 5, 5, 18, 23, 29, 36, 44, 65, 93]
Threshold 0.0:
polytomy of size 18; rounds with additions with at least 5 support: 8; clusters: 37189
Threshold 0.01:
polytomy of size 23; rounds with additions with at least 5 support: 9; clusters: 44935
Threshold 0.02:
polytomy of size 29; rounds with additions with at least 5 support: 9; clusters: 57477
Threshold 0.05:
polytomy of size 36; rounds with additions with at least 5 support: 3; clusters: 57733
Threshold 0.1:
polytomy of size 44; rounds with additions with at least 5 support: 3; clusters: 58019
polytomy of size 5; rounds with additions with at least 5 support: 0; clusters: 58019
Threshold 0.2:
polytomy of size 3; rounds with additions with at least 5 support: 0; clusters: 58019
polytomy of size 3; rounds with additions with at least 5 support: 0; clusters: 58019
polytomy of size 4; rounds with additions with at least 5 support: 0; clusters: 58019
polytomy of size 3; rounds with additions with at least 5 support: 0; clusters: 58019
polytomy of size 3; rounds with additions with at least 5 support: 0; clusters: 58019
polytomy of size 65; rounds with additions with at least 5 support: 0; clusters: 58133
Threshold 0.3333333333333333:
polytomy of size 3; rounds with additions with at least 5 support: 0; clusters: 58133
polytomy of size 3; rounds with additions with at least 5 support: 0; clusters: 58133
polytomy of size 5; rounds with additions with at least 5 support: 0; clusters: 58133
polytomy of size 3; rounds with additions with at least 5 support: 0; clusters: 58133
polytomy of size 3; rounds with additions with at least 5 support: 0; clusters: 58133
polytomy of size 3; rounds with additions with at least 5 support: 0; clusters: 58133
polytomy of size 3; rounds with additions with at least 5 support: 0; clusters: 58133
polytomy of size 4; rounds with additions with at least 5 support: 0; clusters: 58133
polytomy of size 4; rounds with additions with at least 5 support: 0; clusters: 58133
polytomy of size 5; rounds with additions with at least 5 support: 0; clusters: 58133
polytomy of size 3; rounds with additions with at least 5 support: 0; clusters: 58133
polytomy of size 93; rounds with additions with at least 5 support: 0; clusters: 58205
max k is :18
Number of Clusters after addition by greedy: 58205
gradient0 in heuristiic: 58205
partitions formed in 33.631 secs
Dynamic Programming starting after 33.631 secs
Using tree-based weight calculation.
Using polytree-based weight calculation.
Polytree max score: 13199669604
Polytree building time: 0.306 seconds.
Number of quartet trees in the gene trees: 13199669604
Size of largest cluster: 201
Greedy score: 5758415598
estimationFactor: 2.2922398321830886
Sub-optimal score: 5785287261
Calculated 100000 weights; time (seconds): 120
Total Number of elements weighted: 154647
Normalized score (portion of input quartet trees satisfied before correcting for multiple individuals): 0.45644438692421685
Optimization score: 6024915100
Optimal tree inferred in 175.293 secs.
(9,((82,67),((13,(130,132)),(131,((24,(176,155)),((123,(104,163)),((170,38),((156,((10,89),(198,32))),((((93,175),(33,(68,(42,200)))),((66,185),((112,39),(19,(96,171))))),(((48,117),((129,157),(192,161))),(0,(((186,(95,167)),((((22,194),((125,71),(85,(3,64)))),(((37,120),(55,(113,(78,40)))),((34,(138,91)),(158,(27,(56,172)))))),(((36,((45,47),(122,15))),((165,(164,(69,100))),((127,(84,116)),(2,(118,139))))),((92,((7,(97,128)),(28,((150,(21,62)),(41,(188,193)))))),(((18,108),(190,(126,51))),((98,133),((72,80),(191,(140,147))))))))),((((182,(178,((121,107),(60,179)))),(((145,43),(44,(110,(142,73)))),((52,159),(81,(59,(17,181)))))),(((153,(195,(75,197))),(65,(199,(25,87)))),(((70,135),(134,76)),(30,((105,35),(77,(124,(189,16)))))))),(((29,(86,(88,50))),((187,(53,(183,26))),(166,(14,(23,(102,160)))))),(((4,115),((151,(1,162)),((54,90),((12,184),(152,(74,46)))))),((83,((180,(154,(63,(196,103)))),(94,(109,((11,168),(57,149)))))),(((143,(106,144)),(119,(101,169))),((79,((141,5),(146,(20,49)))),((6,((174,61),(31,(111,(114,137))))),((177,58),((148,99),(8,(173,136)))))))))))))))))))))));
Final quartet score is: 6024915100
Final normalized quartet score is: 0.45644438692421685
Extended species tree:
(118,(139,(2,((127,(84,116)1:0.38067321858470654)0.86:0.08467614522011868,((165,(164,(69,100)1:0.23511565546535176)0.85:0.08065373604378875)1:0.684459028602307,((36,((45,47)1:0.373461333039843,(122,15)1:1.1159023542049211)1:0.3470827000260899)0.45:0.019003656717077204,(((92,((7,(97,128)1:0.5672393765252799)1:0.6328713094674517,(28,((150,(21,62)1:0.7546799463528944)1:0.1764224199756883,(41,(188,193)1:0.433093391464153)1:0.3931512624481588)1:0.7335838623970442)1:0.36946836460384147)0.9:0.09125620053569596)1:0.26784227033763613,(((18,108)1:1.5150650458417916,(190,(126,51)1:0.28271928310965183)1:1.593207637025753)0.99:0.16485115816004237,((98,133)1:0.2517255650358378,((72,80)1:0.48838661287019053,(191,(140,147)1:0.8173107729772913)1:0.32790033853421396)1:0.5692112233162919)1:0.3539800529086517)0.8:0.06964070514568232)0.55:0.0373895785609727,((((22,194)1:1.2263529928719161,((125,71)1:0.8442227544748915,(85,(3,64)1:0.4290911820095758)0.79:0.06844501453867773)1:0.5387437465347976)1:0.39960430087723786,(((37,120)1:0.611586593389927,(55,(113,(78,40)1:0.5060753782618282)1:0.4272457871333771)1:0.16842695485593942)1:0.30890248062532283,((34,(138,91)1:1.5194596860608713)0.99:0.15804748264719323,(158,(27,(56,172)1:0.9243131770803477)1:0.46304253628988323)1:0.397171391912229)0.53:0.03733925848426248)1:0.3161151749268466)0.46:0.018240621976676693,((186,(95,167)1:0.21053120171506462)1:0.5463826766968042,(((((182,(178,((121,107)0.94:0.11062305267547948,(60,179)1:0.21064527087014512)1:0.5174407646087116)0.56:0.03370362201923486)1:0.7176977879003691,(((145,43)1:0.637057713908902,(44,(110,(142,73)0.84:0.07751750529587392)1:0.5104658127575732)0.68:0.05099120696115261)1:1.1668402524128412,((52,159)1:1.7725423220422765,(81,(59,(17,181)1:0.7543844579747149)1:0.9139448228941077)0.73:0.05876029047302544)0.53:0.030538554001896635)0.53:0.03015084583995903)0.46:0.01854087805263054,(((153,(195,(75,197)0.99:0.15295158998728187)1:0.20777341655157128)1:0.4436833079378539,(65,(199,(25,87)0.85:0.08528596369492615)0.64:0.04713894087206363)1:0.8359536052224454)1:0.8457421702901609,(((70,135)1:1.3817588631341255,(134,76)1:1.3791978493812462)1:0.16737932296686137,(30,((105,35)1:0.9627014100936758,(77,(124,(189,16)0.68:0.054940784110796434)1:0.2648865730521089)1:0.22473941517465432)1:1.0476784891880793)1:0.17011047768827176)0.66:0.04760041736458115)0.98:0.1283726751824795)0.43:0.013836317644309273,(((29,(86,(88,50)1:0.45661558615728315)0.54:0.03104752253382951)1:1.5485995304826998,((187,(53,(183,26)0.98:0.12912595715220973)1:0.22174291133355883)1:0.328109704905131,(166,(14,(23,(102,160)0.94:0.11039014559665836)1:1.1630750493601736)0.59:0.06085627114481496)0.99:0.1424748511461516)1:0.6420988351918676)0.41:0.010774847494819955,(((4,115)1:1.5443405863104744,((151,(1,162)0.65:0.04580953603129422)1:2.045366601300102,((54,90)1:2.0294138578102805,((12,184)1:0.9115363396745815,(152,(74,46)1:0.3276166440400546)1:0.3646370216174307)1:0.4507562942920396)0.91:0.09604851591601925)0.85:0.08441590971102439)0.61:0.04622904552320536,((83,((180,(154,(63,(196,103)1:0.19511219067108393)1:0.3960861658592403)0.67:0.05438949993127216)0.98:0.1364158839387835,(94,(109,((11,168)1:0.514164778420552,(57,149)0.72:0.057015810708676964)1:0.2659134276754583)0.55:0.03598218176710892)1:0.8075842882669384)1:0.3654641091242365)0.46:0.023193475604702186,(((143,(106,144)0.99:0.15277592796056869)1:1.2745934829420902,(119,(101,169)1:0.2647793599809875)1:0.5323378376093274)1:0.5258999776656009,((79,((141,5)1:0.6024535535775597,(146,(20,49)1:0.250006890381842)1:0.22217786635213255)1:0.5942252586804728)1:0.4681323469893988,((6,((174,61)1:0.797211602377631,(31,(111,(114,137)1:0.635729155883555)1:0.19362851621748578)0.45:0.016729283676035264)1:0.7497671949714358)0.93:0.10242708764788304,((177,58)1:1.7012306666210824,((148,99)1:1.1482156832065193,(8,(173,136)1:0.5267311358597248)1:0.5923967266472022)1:0.2735199523122544)0.97:0.12378140109402949)0.98:0.128691888837813)0.87:0.08532909627256001)0.76:0.06296741996128546)0.75:0.06161788075130873)0.45:0.01803038257371394)0.37:0.003653805655551625)0.37:0.006009230208729252,(0,(((48,117)1:1.1438811055297515,((129,157)1:0.9289855633608499,(192,161)1:0.5310943040377152)1:0.29906179536489125)1:0.5871160018625385,((((93,175)1:1.379239321846669,(33,(68,(42,200)0.82:0.07341239253398192)0.99:0.14348410461329544)1:1.2040153276606216)1:0.22907960958434706,((66,185)1:0.527035696786965,((112,39)1:0.323374310585867,(19,(96,171)1:0.7571933358698152)1:0.40668424876510856)1:0.32317310626979834)0.96:0.1182560158648004)1:0.16228577883125045,((156,((10,89)0.83:0.08178362163469408,(198,32)1:0.34768341959456756)1:0.6894607155774213)1:0.5197469976318398,((170,38)1:1.4923505662072163,((123,(104,163)1:1.810707644847097)0.99:0.14769464107515806,((24,(176,155)1:0.801729121463007)1:0.29351514709187054,(131,((13,(130,132)0.59:0.03822317076165718)1:0.8864898287905454,((82,67)1:0.582576381436712,9)1:0.2097434933582172)0.71:0.055797140273837295)1:0.30957139171238)1:0.2118821131842351)1:0.1951835691182373)0.39:0.009695376074865654)1:0.1848555722017546)0.88:0.08700612612751812)0.99:0.15626055858179475)0.78:0.06735168179681778)0.42:0.012811430534683477)0.4:0.00949009702837853)0.38:0.005625819049454394)1:0.7444350689643423)0.99:0.13970589020941782)1:0.22631391853446317)1:0.5177166852238487)1:0.31282078684244));
Weight calculation took 122.634152384 secs
ASTRAL finished in 178.319 secs
