
================== ASTRAL ===================== 

This is ASTRAL version 5.7.8
Gene trees are treated as unrooted
50 trees read from Dataset/AstralII_data/model.200.500000.0.000001/31/estimatedgenetre.halfresolved_50
index0
All output trees will be *arbitrarily* rooted at 118

======== Running the main analysis
Number of taxa: 201 (201 species)
Taxa: [118, 45, 47, 122, 15, 3, 93, 175, 96, 112, 25, 87, 199, 65, 75, 197, 195, 153, 59, 36, 127, 64, 125, 85, 71, 74, 12, 184, 0, 178, 66, 171, 19, 18, 108, 70, 134, 76, 187, 183, 72, 140, 17, 181, 52, 34, 159, 4, 115, 48, 117, 135, 124, 105, 35, 189, 37, 166, 95, 167, 106, 143, 81, 98, 126, 190, 51, 133, 196, 154, 60, 179, 121, 107, 182, 22, 194, 83, 144, 148, 99, 173, 8, 136, 79, 177, 58, 101, 119, 169, 174, 114, 31, 186, 78, 120, 55, 56, 172, 138, 91, 54, 90, 23, 102, 160, 53, 26, 86, 20, 49, 146, 141, 5, 6, 137, 61, 111, 40, 113, 158, 27, 41, 21, 62, 150, 188, 193, 28, 7, 97, 92, 128, 192, 129, 157, 156, 10, 89, 198, 32, 170, 38, 123, 104, 163, 161, 130, 176, 155, 9, 13, 132, 24, 131, 82, 67, 185, 39, 42, 68, 33, 200, 14, 77, 16, 30, 151, 1, 162, 152, 46, 180, 11, 63, 103, 94, 168, 109, 57, 149, 29, 88, 50, 142, 110, 73, 145, 43, 44, 80, 147, 191, 165, 69, 164, 100, 2, 139, 84, 116]
Taxon occupancy: {110=50, 111=50, 112=50, 113=50, 114=50, 115=50, 116=50, 117=50, 118=50, 119=50, 10=50, 11=50, 12=50, 13=50, 14=50, 15=50, 16=50, 17=50, 18=50, 19=50, 120=50, 0=50, 121=50, 122=50, 1=50, 123=50, 2=50, 3=50, 124=50, 125=50, 4=50, 126=50, 5=50, 127=50, 6=50, 7=50, 128=50, 8=50, 129=50, 9=50, 20=50, 21=50, 22=50, 23=50, 24=50, 25=50, 26=50, 27=50, 28=50, 29=50, 130=50, 131=50, 132=50, 133=50, 134=50, 135=50, 136=50, 137=50, 138=50, 139=50, 30=50, 31=50, 32=50, 33=50, 34=50, 35=50, 36=50, 37=50, 38=50, 39=50, 140=50, 141=50, 142=50, 143=50, 144=50, 145=50, 146=50, 147=50, 148=50, 149=50, 40=50, 41=50, 42=50, 43=50, 44=50, 45=50, 46=50, 47=50, 48=50, 49=50, 150=50, 151=50, 152=50, 153=50, 154=50, 155=50, 156=50, 157=50, 158=50, 159=50, 50=50, 51=50, 52=50, 53=50, 54=50, 55=50, 56=50, 57=50, 58=50, 59=50, 160=50, 161=50, 162=50, 163=50, 164=50, 165=50, 166=50, 167=50, 168=50, 169=50, 60=50, 61=50, 62=50, 63=50, 64=50, 65=50, 66=50, 67=50, 68=50, 69=50, 170=50, 171=50, 172=50, 173=50, 174=50, 175=50, 176=50, 177=50, 178=50, 179=50, 70=50, 71=50, 72=50, 73=50, 74=50, 75=50, 76=50, 77=50, 78=50, 79=50, 180=50, 181=50, 182=50, 183=50, 184=50, 185=50, 186=50, 187=50, 188=50, 189=50, 80=50, 81=50, 82=50, 83=50, 84=50, 85=50, 86=50, 87=50, 88=50, 89=50, 190=50, 191=50, 192=50, 193=50, 194=50, 195=50, 196=50, 197=50, 198=50, 199=50, 90=50, 91=50, 92=50, 93=50, 94=50, 95=50, 96=50, 97=50, 98=50, 99=50, 200=50, 100=50, 101=50, 102=50, 103=50, 104=50, 105=50, 106=50, 107=50, 108=50, 109=50}
Number of gene trees: 50
0 trees have missing taxa
Calculating quartet distance matrix (for completion of X)
Species tree distances calculated ...
Building set of clusters (X) from gene trees 
------------------------------
gradient0: 10315
Number of Clusters after addition by distance: 10315
calculating extra bipartitions to be added at level 1 ...
Adding to X using resolutions of greedy consensus ...
Limit for sigma of degrees:5075
polytomy size limit : 44
discarded polytomies: 62 95  [3, 3, 3, 3, 3, 3, 3, 3, 3, 3, 4, 4, 4, 4, 5, 24, 24, 24, 37, 44, 62, 95]
Threshold 0.0:
polytomy of size 24; rounds with additions with at least 5 support: 6; clusters: 20041
Threshold 0.01:
polytomy of size 24; rounds with additions with at least 5 support: 0; clusters: 28257
Threshold 0.02:
polytomy of size 24; rounds with additions with at least 5 support: 0; clusters: 35895
Threshold 0.05:
polytomy of size 37; rounds with additions with at least 5 support: 5; clusters: 36881
polytomy of size 3; rounds with additions with at least 5 support: 0; clusters: 36881
Threshold 0.1:
polytomy of size 3; rounds with additions with at least 5 support: 0; clusters: 36881
polytomy of size 44; rounds with additions with at least 5 support: 0; clusters: 37291
Threshold 0.2:
polytomy of size 3; rounds with additions with at least 5 support: 0; clusters: 37291
polytomy of size 4; rounds with additions with at least 5 support: 0; clusters: 37291
polytomy of size 3; rounds with additions with at least 5 support: 0; clusters: 37291
polytomy of size 3; rounds with additions with at least 5 support: 0; clusters: 37291
polytomy of size 3; rounds with additions with at least 5 support: 0; clusters: 37291
polytomy of size 62; rounds with additions with at least 5 support: 0; clusters: 37601
Threshold 0.3333333333333333:
polytomy of size 4; rounds with additions with at least 5 support: 0; clusters: 37601
polytomy of size 3; rounds with additions with at least 5 support: 0; clusters: 37601
polytomy of size 3; rounds with additions with at least 5 support: 0; clusters: 37601
polytomy of size 4; rounds with additions with at least 5 support: 0; clusters: 37601
polytomy of size 3; rounds with additions with at least 5 support: 0; clusters: 37601
polytomy of size 3; rounds with additions with at least 5 support: 0; clusters: 37601
polytomy of size 4; rounds with additions with at least 5 support: 0; clusters: 37601
polytomy of size 5; rounds with additions with at least 5 support: 0; clusters: 37601
polytomy of size 95; rounds with additions with at least 5 support: 0; clusters: 37865
max k is :12
Number of Clusters after addition by greedy: 37865
gradient0 in heuristiic: 37865
partitions formed in 18.54 secs
Dynamic Programming starting after 18.54 secs
Using tree-based weight calculation.
Using polytree-based weight calculation.
Polytree max score: 3299917104
Polytree building time: 0.186 seconds.
Number of quartet trees in the gene trees: 3299917104
Size of largest cluster: 201
Greedy score: 1486583389
estimationFactor: 2.2197995271693434
Sub-optimal score: 1487246257
Calculated 100000 weights; time (seconds): 49
Total Number of elements weighted: 140354
Normalized score (portion of input quartet trees satisfied before correcting for multiple individuals): 0.4594835540450594
Optimization score: 1516257639
Optimal tree inferred in 64.368 secs.
(9,((82,67),(131,((130,(13,132)),((24,(176,155)),((123,(104,163)),(((170,38),(156,((198,32),(10,89)))),((((93,175),(33,(68,(42,200)))),((66,185),((112,39),(19,(96,171))))),(((48,117),((129,157),(192,161))),(0,(((92,((7,(97,128)),(28,((150,(21,62)),(41,(188,193)))))),(36,(((45,47),(122,15)),((165,(164,(69,100))),(127,((84,116),(2,(118,139)))))))),((((37,120),(55,(113,(78,40)))),((34,(138,91)),(158,(27,(56,172))))),((((((18,108),(190,(126,51))),((98,133),((72,80),(191,(140,147))))),((186,(95,167)),((81,(59,(17,181))),((22,194),(85,((125,71),(3,64))))))),((86,(29,(88,50))),(((52,159),((145,43),(44,(110,(142,73))))),(((153,(195,(75,197))),(65,(199,(25,87)))),(((70,135),(134,76)),(30,((105,35),(77,(124,(189,16)))))))))),((((54,90),((1,(151,162)),((12,184),(152,(74,46))))),((4,115),((14,(23,(102,160))),(166,(187,(53,(183,26))))))),((178,(182,((121,107),(60,179)))),((83,((180,(154,(63,(196,103)))),(109,(94,((11,168),(57,149)))))),(((119,(101,169)),(143,(106,144))),((79,((141,5),(146,(20,49)))),((6,((174,61),(31,(111,(114,137))))),((177,58),((148,99),(8,(173,136)))))))))))))))))))))));
Final quartet score is: 1516257639
Final normalized quartet score is: 0.4594835540450594
Extended species tree:
(118,(139,(2,((84,116)0.97:0.2721963550124002,(127,((165,(164,(69,100)0.73:0.1263422890520533)0.83:0.15941483468928708)1:0.7302184755664846,(((45,47)0.76:0.13033725009067937,(122,15)1:1.082029142878702)0.99:0.2951334835392304,(36,((92,((7,(97,128)1:0.5301233280522004)1:0.9131170150311902,(28,((150,(21,62)1:0.6924541455339396)0.97:0.2557197217488223,(41,(188,193)1:0.5288621347963665)0.95:0.23582416457071767)1:0.7374044762488717)0.98:0.285596851124313)0.54:0.057379579383258716)0.97:0.24900018144634922,(((((37,120)1:0.7636764611956084,(55,(113,(78,40)0.99:0.3474652975000243)0.99:0.33475677843435037)0.99:0.30731377418562666)0.99:0.33280250773225034,((34,(138,91)1:1.2938511402478996)0.73:0.11997900932396827,(158,(27,(56,172)1:1.1289244940761491)0.99:0.29688121741579876)1:0.5593294600880836)0.49:0.06521088358943362)1:0.35201111516126987,((((((18,108)1:1.5848331437159437,(190,(126,51)0.79:0.1590646946296874)1:1.7431408169362403)0.87:0.17095955653843617,((98,133)0.81:0.14357910325143428,((72,80)1:0.6813127229129425,(191,(140,147)0.99:0.3405506549680874)0.99:0.3108577289591471)1:0.5719112266747001)0.98:0.2821243529859174)0.56:0.063951944222144,((186,(95,167)0.89:0.18893876774116017)1:0.5230850661819254,((81,(59,(17,181)1:0.42435905746812624)1:0.7381895243952928)0.62:0.0960180817894664,((22,194)1:1.1894238094220635,(85,((125,71)1:0.8183103235139515,(3,64)0.87:0.17281182688027313)0.56:0.06509890221135593)1:0.7924031273973057)0.99:0.2936700368195491)0.46:0.03528861069377419)0.35:0.0)0.38:0.005437219609304548,((86,(29,(88,50)1:0.6359887667199969)0.66:0.0927008668093449)1:1.475958584473903,(((52,159)1:1.9535077686528333,((145,43)1:0.5582498283720999,(44,(110,(142,73)0.44:0.029393931697967026)1:0.6654657900156257)0.4:0.01570845576351645)1:0.9917080854993041)0.63:0.091969281528045,(((153,(195,(75,197)0.5:0.060940328212111525)0.96:0.24864129907658708)1:0.41960375425907404,(65,(199,(25,87)0.7:0.12516314295400605)0.61:0.07621184439814761)1:0.9514634670980882)1:1.0111818414528402,(((70,135)1:1.7286963566633677,(134,76)1:1.426817803615238)0.98:0.2791822524896464,(30,((105,35)1:1.0625072840259937,(77,(124,(189,16)0.84:0.1587915200318601)0.93:0.2123591239685277)0.8:0.14202820876996883)1:0.9484111810416849)0.97:0.2653330632776934)0.41:0.01888933764328046)0.59:0.07376767357925253)0.49:0.04194080882441681)0.44:0.026468386902634426)0.33:0.0,((((54,90)1:1.739411910938349,((1,(151,162)0.5:0.060624621816434854)1:1.796311110633913,((12,184)1:1.1947781766231005,(152,(74,46)1:0.4137434862948423)1:0.4157405593342447)1:0.3855862874331525)0.43:0.04319451551476705)0.76:0.1245961740816074,((4,115)1:1.9405923562679666,((14,(23,(102,160)0.6:0.09237332013101504)1:1.1895947310948414)0.81:0.14541309250609177,(166,(187,(53,(183,26)0.54:0.06173003053539142)0.86:0.19460934415541664)0.99:0.32845126946851216)0.4:0.015476062888852962)1:0.7086302034266737)0.59:0.0770590851579725)0.38:0.005114674465192627,((178,(182,((121,107)0.67:0.09622878612664622,(60,179)0.84:0.16424173422738483)1:0.6019927372701416)0.49:0.0438195067071883)1:0.668461782478818,((83,((180,(154,(63,(196,103)1:0.37086564198034205)0.99:0.3391482534968413)0.52:0.06477864600365478)0.38:0.008726041901134683,(109,(94,((11,168)1:0.5530866861598791,(57,149)0.4:0.014436340941011724)0.72:0.12482306473273812)0.66:0.09303524304116684)1:0.8081446258938209)1:0.4338040664266303)0.55:0.0586704746603756,(((119,(101,169)0.62:0.10549256372351416)1:0.4821230277694349,(143,(106,144)0.53:0.06015124902653009)1:1.1557174699616668)1:0.3497627803021697,((79,((141,5)1:0.7130518538789694,(146,(20,49)0.91:0.19487777556936703)1:0.4565886121469011)1:0.5263638522757127)1:0.356854037130685,((6,((174,61)1:0.97441447708078,(31,(111,(114,137)1:0.6387985465960999)0.7:0.11715804438125275)0.5:0.04472603574863666)1:0.6509555967629235)0.59:0.0720492930498113,((177,58)1:1.5279501514849798,((148,99)1:1.0026747819377066,(8,(173,136)1:0.43188046044738226)1:0.6543680876694897)0.97:0.25619398268331917)0.36:4.539744189223933E-4)0.94:0.2178342704441796)0.57:0.06897465007861828)0.6:0.07436314648462682)0.45:0.029297071349860402)0.44:0.027321981269512824)0.4:0.014394177592819652)0.39:0.0110994550781385)0.33:0.0,(0,(((48,117)1:1.5460666446699551,((129,157)1:0.8302253580918226,(192,161)1:0.7311861497276307)1:0.410341230487179)1:0.4402211542909127,((((93,175)1:1.1817234246466604,(33,(68,(42,200)0.55:0.06078246255545715)0.69:0.10913325835960501)1:1.1703561935269513)1:0.3674097657786971,((66,185)0.99:0.3009903697170846,((112,39)1:0.3939025608807134,(19,(96,171)1:0.6949313023534469)1:0.4640191709304952)0.99:0.32823107119967)0.63:0.08304836741407352)0.8:0.1389690332712673,(((170,38)1:1.4361524087973523,(156,((198,32)1:0.37141426927836535,(10,89)0.89:0.1882813534135315)1:0.5925850736396249)1:0.4837422058919286)0.42:0.019766078877808294,((123,(104,163)1:1.7379737398667452)0.93:0.21234861633544405,((24,(176,155)1:0.5116181738371972)0.95:0.23147982073336063,((130,(13,132)0.44:0.030465333040219977)1:0.8541244744605305,(131,((82,67)1:0.4915046677229618,9)0.97:0.26116313481371944)0.46:0.036347679657796055)1:0.3766521065351199)0.86:0.16894812348299354)0.95:0.22412674802112562)0.7:0.10479559057855191)0.49:0.0439102199234972)0.83:0.15075822153552557)0.68:0.09964331359203382)0.62:0.08267046399643811)1:0.6243988003794894)0.5:0.045269329739389165)0.75:0.11993323022365827)0.99:0.3212013814199275)0.57:0.06848125922402505)1:0.5664008342217343)0.91:0.1950582972775928));
Weight calculation took 36.096766075 secs
ASTRAL finished in 65.853 secs
