
================== ASTRAL ===================== 

This is ASTRAL version 5.7.8
Gene trees are treated as unrooted
989 trees read from Dataset/AstralII_data/model.200.2000000.0.000001/24/estimatedgenetre.halfresolved
index0
All output trees will be *arbitrarily* rooted at 2

======== Running the main analysis
Number of taxa: 201 (201 species)
Taxa: [2, 176, 126, 46, 116, 165, 6, 86, 3, 50, 128, 166, 112, 93, 173, 65, 200, 108, 70, 1, 159, 199, 80, 109, 36, 149, 147, 69, 35, 120, 164, 102, 142, 124, 175, 18, 87, 183, 177, 54, 81, 91, 134, 40, 51, 131, 162, 154, 90, 68, 78, 20, 104, 11, 45, 143, 63, 26, 186, 19, 194, 72, 155, 138, 64, 75, 34, 95, 57, 85, 89, 178, 189, 190, 188, 114, 187, 103, 5, 136, 141, 10, 15, 139, 61, 156, 195, 191, 97, 98, 60, 111, 56, 23, 135, 107, 49, 169, 153, 133, 105, 84, 66, 151, 160, 119, 123, 184, 106, 146, 144, 55, 39, 83, 94, 145, 77, 12, 185, 157, 179, 62, 58, 37, 27, 118, 127, 4, 21, 182, 79, 76, 101, 96, 148, 174, 115, 8, 53, 130, 9, 67, 14, 196, 181, 140, 180, 0, 88, 33, 24, 163, 43, 25, 117, 71, 110, 113, 198, 132, 42, 29, 158, 125, 168, 41, 74, 52, 59, 92, 17, 32, 38, 82, 172, 30, 47, 7, 152, 192, 197, 193, 28, 150, 122, 48, 99, 121, 13, 73, 16, 170, 100, 44, 22, 137, 31, 167, 129, 161, 171]
Taxon occupancy: {110=989, 111=989, 112=989, 113=989, 114=989, 115=989, 116=989, 117=989, 118=989, 119=989, 10=989, 11=989, 12=989, 13=989, 14=989, 15=989, 16=989, 17=989, 18=989, 19=989, 120=989, 0=989, 121=989, 1=989, 122=989, 2=989, 123=989, 3=989, 124=989, 4=989, 125=989, 126=989, 5=989, 6=989, 127=989, 128=989, 7=989, 8=989, 129=989, 9=989, 20=989, 21=989, 22=989, 23=989, 24=989, 25=989, 26=989, 27=989, 28=989, 29=989, 130=989, 131=989, 132=989, 133=989, 134=989, 135=989, 136=989, 137=989, 138=989, 139=989, 30=989, 31=989, 32=989, 33=989, 34=989, 35=989, 36=989, 37=989, 38=989, 39=989, 140=989, 141=989, 142=989, 143=989, 144=989, 145=989, 146=989, 147=989, 148=989, 149=989, 40=989, 41=989, 42=989, 43=989, 44=989, 45=989, 46=989, 47=989, 48=989, 49=989, 150=989, 151=989, 152=989, 153=989, 154=989, 155=989, 156=989, 157=989, 158=989, 159=989, 50=989, 51=989, 52=989, 53=989, 54=989, 55=989, 56=989, 57=989, 58=989, 59=989, 160=989, 161=989, 162=989, 163=989, 164=989, 165=989, 166=989, 167=989, 168=989, 169=989, 60=989, 61=989, 62=989, 63=989, 64=989, 65=989, 66=989, 67=989, 68=989, 69=989, 170=989, 171=989, 172=989, 173=989, 174=989, 175=989, 176=989, 177=989, 178=989, 179=989, 70=989, 71=989, 72=989, 73=989, 74=989, 75=989, 76=989, 77=989, 78=989, 79=989, 180=989, 181=989, 182=989, 183=989, 184=989, 185=989, 186=989, 187=989, 188=989, 189=989, 80=989, 81=989, 82=989, 83=989, 84=989, 85=989, 86=989, 87=989, 88=989, 89=989, 190=989, 191=989, 192=989, 193=989, 194=989, 195=989, 196=989, 197=989, 198=989, 199=989, 90=989, 91=989, 92=989, 93=989, 94=989, 95=989, 96=989, 97=989, 98=989, 99=989, 200=989, 100=989, 101=989, 102=989, 103=989, 104=989, 105=989, 106=989, 107=989, 108=989, 109=989}
Number of gene trees: 989
0 trees have missing taxa
Calculating quartet distance matrix (for completion of X)
Species tree distances calculated ...
Building set of clusters (X) from gene trees 
------------------------------
gradient0: 40083
Number of Clusters after addition by distance: 40083
calculating extra bipartitions to be added at level 1 ...
Adding to X using resolutions of greedy consensus ...
Limit for sigma of degrees:5075
polytomy size limit : 15
discarded polytomies:  [3, 3, 3, 3, 3, 3, 3, 3, 3, 3, 3, 3, 3, 3, 4, 4, 4, 4, 4, 4, 4, 5, 5, 11, 15]
Threshold 0.0:
Threshold 0.01:
Threshold 0.02:
Threshold 0.05:
polytomy of size 3; rounds with additions with at least 5 support: 0; clusters: 40083
Threshold 0.1:
polytomy of size 3; rounds with additions with at least 5 support: 0; clusters: 40083
polytomy of size 4; rounds with additions with at least 5 support: 0; clusters: 40083
Threshold 0.2:
polytomy of size 4; rounds with additions with at least 5 support: 0; clusters: 40083
polytomy of size 3; rounds with additions with at least 5 support: 0; clusters: 40083
polytomy of size 4; rounds with additions with at least 5 support: 0; clusters: 40083
polytomy of size 3; rounds with additions with at least 5 support: 0; clusters: 40083
polytomy of size 3; rounds with additions with at least 5 support: 0; clusters: 40083
polytomy of size 11; rounds with additions with at least 5 support: 0; clusters: 40083
Threshold 0.3333333333333333:
polytomy of size 3; rounds with additions with at least 5 support: 0; clusters: 40083
polytomy of size 3; rounds with additions with at least 5 support: 0; clusters: 40083
polytomy of size 3; rounds with additions with at least 5 support: 0; clusters: 40083
polytomy of size 4; rounds with additions with at least 5 support: 0; clusters: 40083
polytomy of size 3; rounds with additions with at least 5 support: 0; clusters: 40083
polytomy of size 3; rounds with additions with at least 5 support: 0; clusters: 40083
polytomy of size 5; rounds with additions with at least 5 support: 0; clusters: 40083
polytomy of size 3; rounds with additions with at least 5 support: 0; clusters: 40083
polytomy of size 3; rounds with additions with at least 5 support: 0; clusters: 40083
polytomy of size 5; rounds with additions with at least 5 support: 0; clusters: 40083
polytomy of size 3; rounds with additions with at least 5 support: 0; clusters: 40083
polytomy of size 4; rounds with additions with at least 5 support: 0; clusters: 40083
polytomy of size 3; rounds with additions with at least 5 support: 0; clusters: 40083
polytomy of size 4; rounds with additions with at least 5 support: 0; clusters: 40083
polytomy of size 4; rounds with additions with at least 5 support: 0; clusters: 40083
polytomy of size 15; rounds with additions with at least 5 support: 0; clusters: 40083
max k is :0
Number of Clusters after addition by greedy: 40083
gradient0 in heuristiic: 40083
partitions formed in 34.822 secs
Dynamic Programming starting after 34.822 secs
Using tree-based weight calculation.
Using polytree-based weight calculation.
Polytree max score: 65250891945
Polytree building time: 3.583 seconds.
Number of quartet trees in the gene trees: 65250891945
Size of largest cluster: 201
Greedy score: 36191042207
estimationFactor: 1.8029569740431322
Sub-optimal score: 42536820583
Calculated 100000 weights; time (seconds): 212
Total Number of elements weighted: 135053
Normalized score (portion of input quartet trees satisfied before correcting for multiple individuals): 0.7254299274544576
Optimization score: 47334949810
Optimal tree inferred in 279.291 secs.
(28,(150,(193,((99,(192,197)),((122,48),((7,152),((155,((138,(34,(64,75))),((136,141),(((95,57),(103,5)),((114,187),(85,((89,189),(190,(178,188))))))))),(((((110,(113,(198,132))),((33,(88,24)),(163,(43,(25,(117,71)))))),((172,(30,47)),(74,(((42,29),(158,(125,(168,41)))),((32,(38,82)),(92,(17,(52,59)))))))),(0,((121,(140,180)),((8,((67,14),((53,(130,9)),(196,(181,(96,(148,(174,115)))))))),(((185,157),(179,62)),(((58,37),(127,(27,118))),((76,101),(4,(21,(182,79)))))))))),(((195,((139,(61,156)),((10,15),(60,(97,(191,98)))))),((100,44),((13,(161,171)),((16,(73,170)),((22,137),(31,(167,129))))))),(((165,6),((126,(176,(46,116))),(2,((112,(166,93)),(86,(3,(50,128))))))),(((83,(39,((77,12),(94,145)))),(((124,87),(142,(175,18))),((69,(35,(120,(164,102)))),((173,65),((200,108),(70,((149,147),(36,(1,(159,(199,(80,109)))))))))))),(((106,146),(((84,66),(105,(153,133))),((151,(184,(123,(160,119)))),((107,49),(135,(56,(23,(111,169)))))))),((144,55),((51,(131,162)),(((154,90),((68,143),(20,(45,(78,(104,11)))))),(((63,26),(186,(19,(194,72)))),((183,(177,54)),(81,(134,(91,40))))))))))))))))))));
Final quartet score is: 47334949810
Final normalized quartet score is: 0.7254299274544576
Extended species tree:
(2,(((112,(166,93)1:0.18202108536238254)1:2.0437369436140203,(86,(3,(50,128)1:0.1034665576476723)1:0.9711929133398483)1:1.3347675732288329)1:1.6042702338973611,((126,(176,(46,116)1:1.4449739497931369)1:0.574359496710167)1:2.545107667107359,((165,6)1:3.92939470838247,((((83,(39,((77,12)1:0.5949508639756961,(94,145)1:1.4652880137510276)1:1.1322358105684787)1:0.1412540159678769)1:3.0144357452144863,(((124,87)1:2.195829738014724,(142,(175,18)1:2.18179488943998)1:1.3466124799545758)1:1.0411659427228086,((69,(35,(120,(164,102)1:1.6103068763393695)1:0.9214684947622189)1:2.05004484353581)1:0.35930080106148615,((173,65)1:2.0783396390281057,((200,108)1:3.3330228221577007,(70,((149,147)1:1.6667518957182323,(36,(1,(159,(199,(80,109)1:0.3928775541142854)1:0.6666965425095063)1:0.09948166089940294)1:1.4557440250929599)1:0.7094441144464391)1:0.2637674447677666)1:0.6120178666698086)1:1.3643403178299696)0.92:0.04386106624523432)1:0.4387027627097185)0.36:0.0016700585079688773)1:0.46250701968376384,(((106,146)1:4.025996281998241,(((84,66)1:0.8459324951650592,(105,(153,133)1:0.2544742024205132)1:0.3511756700805278)1:2.7831618229124704,((151,(184,(123,(160,119)1:0.8867358787609396)1:0.7609991833245819)1:1.313242110265296)1:1.3331992554178342,((107,49)1:0.8076954263622141,(135,(56,(23,(111,169)1:0.8716782606144624)1:0.12073592789245874)0.95:0.05484787208879702)1:0.12270793881258697)1:2.110215445892188)1:0.12758618817781814)1:0.5890788277210786)1:0.8390137098449508,((144,55)1:0.7866265856554383,((51,(131,162)1:1.150526157800493)1:3.4044777789623963,(((154,90)1:3.314343554841147,((68,143)1:0.904802270455548,(20,(45,(78,(104,11)0.99:0.06645469162012965)1:0.3778108667210169)1:0.4068772101851521)1:2.6680039239687)1:0.7941770806421607)1:0.5112984098433845,(((63,26)1:3.675044535258832,(186,(19,(194,72)1:0.8249091892447054)1:0.6311853350511102)1:1.692008032348912)1:0.08550061257990524,((183,(177,54)1:1.5426502268527105)1:2.029167948686979,(81,(134,(91,40)1:0.7959226319456133)1:1.8927155959707431)1:1.2443855053414032)1:0.12636312741237118)1:1.0130137354113826)0.99:0.06793624478490894)1:0.08514760247138561)1:0.9230323087826119)1:0.08287124788073612)0.9:0.041512460073654556,(((195,((139,(61,156)1:1.8937615970304742)1:3.1011514792916968,((10,15)1:3.403897192574437,(60,(97,(191,98)1:0.07964395708674164)1:0.8838137780531333)1:1.7006783872517297)1:0.8142648597601779)0.9:0.04144336869711708)1:0.6533626532204636,((100,44)1:4.764762832762372,((13,(161,171)1:1.8123480669925587)1:0.1864981592177914,((16,(73,170)1:0.9849482379022666)1:1.8950714913086444,((22,137)1:2.7302394921871005,(31,(167,129)1:1.7499192769860068)1:1.4209928469381683)1:0.9111628326080264)1:0.42578289299366584)1:1.090396664570264)1:0.612581396268166)1:0.34923443454689435,(((((110,(113,(198,132)1:0.8409272186425959)1:0.571796241943874)1:2.387200035902457,((33,(88,24)1:0.16821711455098964)1:1.8695849220670535,(163,(43,(25,(117,71)1:1.0078667689701486)1:0.3940072528946057)1:1.5090242252193895)1:0.4915626382088373)1:0.7564709464065357)1:2.173960366638761,((172,(30,47)1:0.4550735269623948)1:2.5109347422991486,(74,(((42,29)1:3.6773426626700965,(158,(125,(168,41)1:1.2110873408242993)1:2.962164477972456)1:0.3460829480032365)1:0.1894978552720173,((32,(38,82)1:1.8982230157671451)1:1.4510895950708607,(92,(17,(52,59)1:2.5679129470879194)1:0.4617029384988446)1:0.2996362426146417)1:2.0313857578367096)0.77:0.029919487024730306)1:1.0128148901218084)1:0.36933649948649006)1:0.4437538789261326,(0,((121,(140,180)1:2.0696132779357153)1:0.421759131909036,((8,((67,14)1:2.126741436010827,((53,(130,9)1:1.291904955110992)1:1.2260283425690965,(196,(181,(96,(148,(174,115)1:0.4331031679484775)1:1.1925931288057594)1:0.17679353138822823)1:0.2307713931299986)1:0.14261829584828312)1:0.5877995231395124)1:0.32144227780173373)1:1.8888454431136956,(((185,157)1:4.070242976765071,(179,62)1:1.0867812438266506)1:0.45265963623327515,(((58,37)1:0.6904029445668028,(127,(27,118)1:1.8300726142047965)1:0.3338441142149433)1:2.6981889138366797,((76,101)1:2.719669405737936,(4,(21,(182,79)1:0.6718131466633368)1:0.985157660378968)1:0.17484302521012973)1:2.171063247870133)1:0.4730324747015599)1:0.6963308761350822)1:1.071783354358701)1:0.7691746576127844)1:0.23553132204059757)1:0.19246138147769126,((155,((138,(34,(64,75)1:0.2928556714659898)1:3.3705785544313716)1:1.0056390302739693,((136,141)1:3.104387673685681,(((95,57)1:1.1069496570733341,(103,5)1:2.8222399662006237)0.95:0.048354314059229825,((114,187)1:0.7270700815522411,(85,((89,189)0.55:0.015090962054963266,(190,(178,188)1:0.15929466801949438)1:0.843173336333214)1:0.42249441190747544)1:0.3200236724508032)1:1.0054234176951486)1:0.2659625059265284)1:1.5399113651807705)1:0.12184313272383591)1:2.131021057831347,((7,152)1:3.270940237478809,((122,48)1:1.3627961249211717,((99,(192,197)1:1.0808327378651041)1:0.6684143152327241,(193,(150,28)1:1.897928103172486)1:0.132584303712635)1:1.2996836706480928)1:0.322422569427071)1:2.8419793030309135)1:0.14287782443756486)1:0.3277292979170841)1:0.4346929898224689)1:0.9048396770989227)1:0.6913273650426986)1:0.21571893768917944));
Weight calculation took 230.157829471 secs
ASTRAL finished in 291.64 secs
