
================== ASTRAL ===================== 

This is ASTRAL version 5.7.8
Gene trees are treated as unrooted
50 trees read from Dataset/AstralII_data/model.200.2000000.0.000001/24/estimatedgenetre.halfresolved_50
index0
All output trees will be *arbitrarily* rooted at 2

======== Running the main analysis
Number of taxa: 201 (201 species)
Taxa: [2, 176, 126, 46, 116, 165, 6, 86, 3, 50, 128, 166, 112, 93, 173, 65, 200, 108, 70, 1, 159, 199, 80, 109, 36, 149, 147, 69, 35, 120, 164, 102, 142, 124, 175, 18, 87, 183, 177, 54, 81, 91, 134, 40, 51, 131, 162, 154, 90, 68, 78, 20, 104, 11, 45, 143, 63, 26, 186, 19, 194, 72, 155, 138, 64, 75, 34, 95, 57, 85, 89, 178, 189, 190, 188, 114, 187, 103, 5, 136, 141, 10, 15, 139, 61, 156, 195, 191, 97, 98, 60, 111, 56, 23, 135, 107, 49, 169, 153, 133, 105, 84, 66, 151, 160, 119, 123, 184, 106, 146, 144, 55, 39, 83, 94, 145, 77, 12, 185, 157, 179, 62, 58, 37, 27, 118, 127, 4, 21, 182, 79, 76, 101, 96, 148, 174, 115, 8, 53, 130, 9, 67, 14, 196, 181, 140, 180, 0, 88, 33, 24, 163, 43, 25, 117, 71, 110, 113, 198, 132, 42, 29, 158, 125, 168, 41, 74, 52, 59, 92, 17, 32, 38, 82, 172, 30, 47, 7, 152, 192, 197, 193, 28, 150, 122, 48, 99, 121, 13, 73, 16, 170, 100, 44, 22, 137, 31, 167, 129, 161, 171]
Taxon occupancy: {110=50, 111=50, 112=50, 113=50, 114=50, 115=50, 116=50, 117=50, 118=50, 119=50, 10=50, 11=50, 12=50, 13=50, 14=50, 15=50, 16=50, 17=50, 18=50, 19=50, 120=50, 0=50, 121=50, 1=50, 122=50, 2=50, 123=50, 3=50, 124=50, 4=50, 125=50, 126=50, 5=50, 6=50, 127=50, 128=50, 7=50, 8=50, 129=50, 9=50, 20=50, 21=50, 22=50, 23=50, 24=50, 25=50, 26=50, 27=50, 28=50, 29=50, 130=50, 131=50, 132=50, 133=50, 134=50, 135=50, 136=50, 137=50, 138=50, 139=50, 30=50, 31=50, 32=50, 33=50, 34=50, 35=50, 36=50, 37=50, 38=50, 39=50, 140=50, 141=50, 142=50, 143=50, 144=50, 145=50, 146=50, 147=50, 148=50, 149=50, 40=50, 41=50, 42=50, 43=50, 44=50, 45=50, 46=50, 47=50, 48=50, 49=50, 150=50, 151=50, 152=50, 153=50, 154=50, 155=50, 156=50, 157=50, 158=50, 159=50, 50=50, 51=50, 52=50, 53=50, 54=50, 55=50, 56=50, 57=50, 58=50, 59=50, 160=50, 161=50, 162=50, 163=50, 164=50, 165=50, 166=50, 167=50, 168=50, 169=50, 60=50, 61=50, 62=50, 63=50, 64=50, 65=50, 66=50, 67=50, 68=50, 69=50, 170=50, 171=50, 172=50, 173=50, 174=50, 175=50, 176=50, 177=50, 178=50, 179=50, 70=50, 71=50, 72=50, 73=50, 74=50, 75=50, 76=50, 77=50, 78=50, 79=50, 180=50, 181=50, 182=50, 183=50, 184=50, 185=50, 186=50, 187=50, 188=50, 189=50, 80=50, 81=50, 82=50, 83=50, 84=50, 85=50, 86=50, 87=50, 88=50, 89=50, 190=50, 191=50, 192=50, 193=50, 194=50, 195=50, 196=50, 197=50, 198=50, 199=50, 90=50, 91=50, 92=50, 93=50, 94=50, 95=50, 96=50, 97=50, 98=50, 99=50, 200=50, 100=50, 101=50, 102=50, 103=50, 104=50, 105=50, 106=50, 107=50, 108=50, 109=50}
Number of gene trees: 50
0 trees have missing taxa
Calculating quartet distance matrix (for completion of X)
Species tree distances calculated ...
Building set of clusters (X) from gene trees 
------------------------------
gradient0: 4837
Number of Clusters after addition by distance: 4837
calculating extra bipartitions to be added at level 1 ...
Adding to X using resolutions of greedy consensus ...
Limit for sigma of degrees:5075
polytomy size limit : 15
discarded polytomies:  [3, 3, 3, 3, 3, 3, 3, 3, 3, 3, 3, 4, 4, 4, 4, 4, 4, 4, 5, 5, 11, 15]
Threshold 0.0:
Threshold 0.01:
Threshold 0.02:
Threshold 0.05:
Threshold 0.1:
polytomy of size 3; rounds with additions with at least 5 support: 0; clusters: 4837
polytomy of size 3; rounds with additions with at least 5 support: 0; clusters: 4837
Threshold 0.2:
polytomy of size 3; rounds with additions with at least 5 support: 0; clusters: 4837
polytomy of size 4; rounds with additions with at least 5 support: 0; clusters: 4837
polytomy of size 4; rounds with additions with at least 5 support: 0; clusters: 4837
polytomy of size 3; rounds with additions with at least 5 support: 0; clusters: 4837
polytomy of size 11; rounds with additions with at least 5 support: 0; clusters: 4843
Threshold 0.3333333333333333:
polytomy of size 3; rounds with additions with at least 5 support: 0; clusters: 4843
polytomy of size 4; rounds with additions with at least 5 support: 0; clusters: 4843
polytomy of size 4; rounds with additions with at least 5 support: 0; clusters: 4843
polytomy of size 3; rounds with additions with at least 5 support: 0; clusters: 4843
polytomy of size 4; rounds with additions with at least 5 support: 0; clusters: 4843
polytomy of size 3; rounds with additions with at least 5 support: 0; clusters: 4843
polytomy of size 3; rounds with additions with at least 5 support: 0; clusters: 4843
polytomy of size 4; rounds with additions with at least 5 support: 0; clusters: 4843
polytomy of size 4; rounds with additions with at least 5 support: 0; clusters: 4843
polytomy of size 5; rounds with additions with at least 5 support: 0; clusters: 4843
polytomy of size 3; rounds with additions with at least 5 support: 0; clusters: 4843
polytomy of size 5; rounds with additions with at least 5 support: 0; clusters: 4843
polytomy of size 3; rounds with additions with at least 5 support: 0; clusters: 4843
polytomy of size 3; rounds with additions with at least 5 support: 0; clusters: 4843
polytomy of size 15; rounds with additions with at least 5 support: 0; clusters: 4843
max k is :0
Number of Clusters after addition by greedy: 4843
gradient0 in heuristiic: 4843
partitions formed in 6.286 secs
Dynamic Programming starting after 6.286 secs
Using tree-based weight calculation.
Using polytree-based weight calculation.
Polytree max score: 3299724078
Polytree building time: 0.17 seconds.
Number of quartet trees in the gene trees: 3299724078
Size of largest cluster: 201
Greedy score: 1883675797
estimationFactor: 1.7517473459367277
Sub-optimal score: 2261628162
Total Number of elements weighted: 7079
Normalized score (portion of input quartet trees satisfied before correcting for multiple individuals): 0.7223545110610305
Optimization score: 2383570573
Optimal tree inferred in 10.421 secs.
(28,(150,((99,(192,197)),(193,((122,48),((7,152),((155,((138,(34,(64,75))),((136,141),(((103,5),(95,57)),((114,187),(85,(89,(189,(190,(178,188)))))))))),(((((110,(113,(198,132))),((33,(88,24)),(163,(43,(25,(117,71)))))),((172,(30,47)),(((32,(38,82)),(92,(17,(52,59)))),(74,((42,29),(158,(125,(168,41)))))))),(0,((121,(140,180)),((8,((67,14),((53,(130,9)),(196,(96,(181,(148,(174,115)))))))),(((185,157),(179,62)),(((58,37),(127,(27,118))),((76,101),(4,(21,(182,79)))))))))),((((195,(139,(61,156))),((10,15),(60,(191,(97,98))))),((100,44),((13,(161,171)),((16,(73,170)),((22,137),(31,(167,129))))))),(((144,55),((51,(131,162)),(((154,90),((68,143),(20,(45,(78,(104,11)))))),((186,(19,(194,72))),((183,(177,54)),((63,26),(81,(134,(91,40))))))))),(((165,6),((126,(176,(46,116))),(2,((112,(166,93)),(86,(3,(50,128))))))),(((106,146),(((107,49),(135,(56,(23,(111,169))))),((151,(184,(123,(160,119)))),((84,66),(105,(153,133)))))),(((124,87),(142,(175,18))),((83,(39,((77,12),(94,145)))),((69,(35,(120,(164,102)))),((173,65),((200,108),(70,((149,147),(36,(1,(159,(199,(80,109))))))))))))))))))))))));
Final quartet score is: 2383570573
Final normalized quartet score is: 0.7223545110610305
Extended species tree:
(2,(((112,(166,93)0.95:0.23052365861183224)1:1.6525777568512399,(86,(3,(50,128)1:0.37106368139083207)1:1.3291359472799418)1:1.518892482561415)1:1.7255745595421346,((126,(176,(46,116)1:1.5804503755608483)1:0.6085897925318822)1:2.153158550662894,((165,6)1:3.5263605246161593,((((106,146)1:2.8294736452860776,(((107,49)1:0.6854750494123766,(135,(56,(23,(111,169)1:0.753456195619776)0.52:0.060069572838937)0.77:0.14325477860345578)0.78:0.13248617512233699)1:2.2501180420464326,((151,(184,(123,(160,119)1:0.8160453168830994)0.98:0.2867866836440116)1:1.3897015194415043)1:1.221709504293096,((84,66)1:0.8851189931860611,(105,(153,133)0.99:0.34715602446387506)0.93:0.21742328898763008)1:2.557116445939664)0.78:0.14678345726946457)1:0.4904262724388621)1:0.5836136077439705,(((124,87)1:1.8778981506239547,(142,(175,18)1:1.9169226121820613)1:1.2181788766939583)1:1.294131877703328,((83,(39,((77,12)1:0.5621189181535411,(94,145)1:1.2552660987134867)1:0.8186505174277614)1:0.40179537921920205)1:3.5263605246161593,((69,(35,(120,(164,102)1:1.7337596586199147)1:0.6937445521428232)1:1.9815518403812384)1:0.38722690612844596,((173,65)1:2.532142100974781,((200,108)1:3.5263605246161593,(70,((149,147)1:2.138771664933626,(36,(1,(159,(199,(80,109)0.99:0.3285040669720361)1:0.46360788205541026)0.84:0.18208148957398024)1:1.1759625458104548)1:0.6757738302231235)0.99:0.334941545981)1:0.6161933060588312)1:1.3808855690695747)0.94:0.21448762982764888)0.89:0.18447434404040436)0.72:0.11604890401727036)1:0.366479680365647)0.62:0.08190025781062504,(((144,55)1:0.5978206038857827,((51,(131,162)1:1.2237754316221159)1:3.2203809677228032,(((154,90)1:3.5263605246161593,((68,143)1:0.7696916249617486,(20,(45,(78,(104,11)0.65:0.09032263829328573)0.98:0.2748710837044083)1:0.4033985784746573)1:2.4749179174746687)1:1.0735031592879833)1:0.5425622819387379,((186,(19,(194,72)1:0.6931471805599453)1:0.41499441593895997)1:2.603104873575191,((183,(177,54)1:2.154052405471011)1:2.0520425674917218,((63,26)1:2.8027735339164157,(81,(134,(91,40)1:0.6727505526522997)1:1.5118962405199898)1:1.1674900870115674)0.64:0.09967998545509515)0.71:0.10877127504108904)1:0.7349480032341923)0.43:0.02540565041919499)0.59:0.08600632487764068)1:1.2329167645481323,((((195,(139,(61,156)1:1.9169226121820613)1:3.4768454600887813)0.54:0.06231671577656441,((10,15)1:2.4277482359480516,(60,(191,(97,98)0.44:0.02954691877085783)1:0.8546654340790953)1:1.7354561217078395)1:0.9034909166784998)1:0.8778356626028236,((100,44)1:3.359306439952999,((13,(161,171)1:2.416032620775489)0.73:0.14393472301474255,((16,(73,170)1:0.6916628400766358)1:1.5577637091934315,((22,137)1:2.6790626642289563,(31,(167,129)1:1.3296972720210347)1:2.0211499832427187)1:1.071847798282804)1:0.5669889643495482)1:0.8647937530794079)1:0.5603058805881164)0.99:0.31445655437012826,(((((110,(113,(198,132)1:0.5819215454497209)1:0.6965427695610836)1:2.2444653030131185,((33,(88,24)0.91:0.19415601444095737)1:1.9167153797701697,(163,(43,(25,(117,71)1:1.2231714741976059)1:0.5196481445337291)1:1.6435799553574624)1:0.4365754882178936)1:0.6739979544845076)1:1.9915280257469827,((172,(30,47)1:0.4818380868927383)1:2.3152702525213598,(((32,(38,82)1:2.14006616349627)1:1.5114575040738965,(92,(17,(52,59)1:3.5213227305862023)1:0.34936478345803296)0.72:0.12197997482737644)1:2.0419126099534,(74,((42,29)1:3.5263605246161593,(158,(125,(168,41)1:1.0414538748281608)1:2.6100697927420056)0.95:0.23052365861183224)0.73:0.12469074595997275)0.47:0.05783535272711368)1:1.1092595636145641)1:0.5130510804749485)0.99:0.3172060788338391,(0,((121,(140,180)1:2.4090029007612017)0.99:0.30109216127565525,((8,((67,14)1:1.9169226121820613,((53,(130,9)1:0.8105960474579974)1:1.6860492215456335,(196,(96,(181,(148,(174,115)1:0.4823192030915787)1:1.5073437031472423)0.41:0.02883104053467558)0.99:0.3005365004625334)0.7:0.11279122610379931)1:0.570867749883624)0.65:0.1308819923698714)1:1.756747423268346,(((185,157)1:3.5263605246161593,(179,62)1:1.041030952428116)1:0.4628417113322893,(((58,37)1:0.4686800023152273,(127,(27,118)1:1.5802522969229815)0.98:0.2682639865946794)1:2.4277482359480516,((76,101)1:2.182411753997078,(4,(21,(182,79)1:0.9611140344827016)1:0.665121494156118)0.67:0.10649321102727373)1:1.9206136261272706)1:0.44764941139581715)1:0.7067231522698889)1:0.9221702689622056)1:0.6740810922927806)0.94:0.22372724557572726)0.85:0.1606191989176964,((155,((138,(34,(64,75)0.99:0.3078847797693004)1:2.4210028478085204)1:1.2684756105400232,((136,141)1:3.5263605246161593,(((103,5)1:2.2663720911597496,(95,57)1:1.0010380541558943)0.76:0.12537260051481183,((114,187)1:0.6158513081248725,(85,(89,(189,(190,(178,188)0.95:0.23069976145634827)1:0.9215053796018801)0.59:0.07253411729504623)0.91:0.19497607866389868)1:0.46471438081414707)1:0.9545826843958607)0.96:0.24010721429119034)1:1.3727916982576684)0.81:0.1436946005069161)1:1.931826405669596,((7,152)1:3.5263605246161593,((122,48)1:1.1437327239485793,(193,((99,(192,197)1:1.106726746418627)0.96:0.2495046280964113,(150,28)1:1.8511093936124894)0.39:0.015291966941434984)1:1.0652519219154877)1:0.42258808280910215)1:2.772588722239782)0.8:0.14981428162373062)0.96:0.23743495012884958)0.99:0.34744597107964914)0.57:0.072748932889851)1:0.5130386797327051)1:0.6581901019504849)0.85:0.1627791981776089));
Weight calculation took 3.072301403 secs
ASTRAL finished in 13.152 secs
