
================== ASTRAL ===================== 

This is ASTRAL version 5.7.8
Gene trees are treated as unrooted
200 trees read from Dataset/AstralII_data/model.200.2000000.0.000001/24/estimatedgenetre.halfresolved_200
index0
All output trees will be *arbitrarily* rooted at 2

======== Running the main analysis
Number of taxa: 201 (201 species)
Taxa: [2, 176, 126, 46, 116, 165, 6, 86, 3, 50, 128, 166, 112, 93, 173, 65, 200, 108, 70, 1, 159, 199, 80, 109, 36, 149, 147, 69, 35, 120, 164, 102, 142, 124, 175, 18, 87, 183, 177, 54, 81, 91, 134, 40, 51, 131, 162, 154, 90, 68, 78, 20, 104, 11, 45, 143, 63, 26, 186, 19, 194, 72, 155, 138, 64, 75, 34, 95, 57, 85, 89, 178, 189, 190, 188, 114, 187, 103, 5, 136, 141, 10, 15, 139, 61, 156, 195, 191, 97, 98, 60, 111, 56, 23, 135, 107, 49, 169, 153, 133, 105, 84, 66, 151, 160, 119, 123, 184, 106, 146, 144, 55, 39, 83, 94, 145, 77, 12, 185, 157, 179, 62, 58, 37, 27, 118, 127, 4, 21, 182, 79, 76, 101, 96, 148, 174, 115, 8, 53, 130, 9, 67, 14, 196, 181, 140, 180, 0, 88, 33, 24, 163, 43, 25, 117, 71, 110, 113, 198, 132, 42, 29, 158, 125, 168, 41, 74, 52, 59, 92, 17, 32, 38, 82, 172, 30, 47, 7, 152, 192, 197, 193, 28, 150, 122, 48, 99, 121, 13, 73, 16, 170, 100, 44, 22, 137, 31, 167, 129, 161, 171]
Taxon occupancy: {110=200, 111=200, 112=200, 113=200, 114=200, 115=200, 116=200, 117=200, 118=200, 119=200, 10=200, 11=200, 12=200, 13=200, 14=200, 15=200, 16=200, 17=200, 18=200, 19=200, 120=200, 0=200, 121=200, 1=200, 122=200, 2=200, 123=200, 3=200, 124=200, 4=200, 125=200, 126=200, 5=200, 6=200, 127=200, 128=200, 7=200, 8=200, 129=200, 9=200, 20=200, 21=200, 22=200, 23=200, 24=200, 25=200, 26=200, 27=200, 28=200, 29=200, 130=200, 131=200, 132=200, 133=200, 134=200, 135=200, 136=200, 137=200, 138=200, 139=200, 30=200, 31=200, 32=200, 33=200, 34=200, 35=200, 36=200, 37=200, 38=200, 39=200, 140=200, 141=200, 142=200, 143=200, 144=200, 145=200, 146=200, 147=200, 148=200, 149=200, 40=200, 41=200, 42=200, 43=200, 44=200, 45=200, 46=200, 47=200, 48=200, 49=200, 150=200, 151=200, 152=200, 153=200, 154=200, 155=200, 156=200, 157=200, 158=200, 159=200, 50=200, 51=200, 52=200, 53=200, 54=200, 55=200, 56=200, 57=200, 58=200, 59=200, 160=200, 161=200, 162=200, 163=200, 164=200, 165=200, 166=200, 167=200, 168=200, 169=200, 60=200, 61=200, 62=200, 63=200, 64=200, 65=200, 66=200, 67=200, 68=200, 69=200, 170=200, 171=200, 172=200, 173=200, 174=200, 175=200, 176=200, 177=200, 178=200, 179=200, 70=200, 71=200, 72=200, 73=200, 74=200, 75=200, 76=200, 77=200, 78=200, 79=200, 180=200, 181=200, 182=200, 183=200, 184=200, 185=200, 186=200, 187=200, 188=200, 189=200, 80=200, 81=200, 82=200, 83=200, 84=200, 85=200, 86=200, 87=200, 88=200, 89=200, 190=200, 191=200, 192=200, 193=200, 194=200, 195=200, 196=200, 197=200, 198=200, 199=200, 90=200, 91=200, 92=200, 93=200, 94=200, 95=200, 96=200, 97=200, 98=200, 99=200, 200=200, 100=200, 101=200, 102=200, 103=200, 104=200, 105=200, 106=200, 107=200, 108=200, 109=200}
Number of gene trees: 200
0 trees have missing taxa
Calculating quartet distance matrix (for completion of X)
Species tree distances calculated ...
Building set of clusters (X) from gene trees 
------------------------------
gradient0: 11575
Number of Clusters after addition by distance: 11575
calculating extra bipartitions to be added at level 1 ...
Adding to X using resolutions of greedy consensus ...
Limit for sigma of degrees:5075
polytomy size limit : 14
discarded polytomies:  [3, 3, 3, 3, 3, 3, 3, 4, 4, 4, 4, 4, 4, 4, 5, 5, 5, 11, 14]
Threshold 0.0:
Threshold 0.01:
Threshold 0.02:
Threshold 0.05:
polytomy of size 3; rounds with additions with at least 5 support: 0; clusters: 11575
Threshold 0.1:
polytomy of size 3; rounds with additions with at least 5 support: 0; clusters: 11575
polytomy of size 4; rounds with additions with at least 5 support: 0; clusters: 11575
Threshold 0.2:
polytomy of size 4; rounds with additions with at least 5 support: 0; clusters: 11575
polytomy of size 4; rounds with additions with at least 5 support: 0; clusters: 11575
polytomy of size 3; rounds with additions with at least 5 support: 0; clusters: 11575
polytomy of size 11; rounds with additions with at least 5 support: 0; clusters: 11575
Threshold 0.3333333333333333:
polytomy of size 5; rounds with additions with at least 5 support: 0; clusters: 11575
polytomy of size 4; rounds with additions with at least 5 support: 0; clusters: 11575
polytomy of size 3; rounds with additions with at least 5 support: 0; clusters: 11575
polytomy of size 3; rounds with additions with at least 5 support: 0; clusters: 11575
polytomy of size 5; rounds with additions with at least 5 support: 0; clusters: 11575
polytomy of size 5; rounds with additions with at least 5 support: 0; clusters: 11575
polytomy of size 3; rounds with additions with at least 5 support: 0; clusters: 11575
polytomy of size 3; rounds with additions with at least 5 support: 0; clusters: 11575
polytomy of size 4; rounds with additions with at least 5 support: 0; clusters: 11575
polytomy of size 4; rounds with additions with at least 5 support: 0; clusters: 11575
polytomy of size 4; rounds with additions with at least 5 support: 0; clusters: 11575
polytomy of size 14; rounds with additions with at least 5 support: 0; clusters: 11575
max k is :0
Number of Clusters after addition by greedy: 11575
gradient0 in heuristiic: 11575
partitions formed in 6.005 secs
Dynamic Programming starting after 6.006 secs
Using tree-based weight calculation.
Using polytree-based weight calculation.
Polytree max score: 13197589716
Polytree building time: 0.292 seconds.
Number of quartet trees in the gene trees: 13197589716
Size of largest cluster: 201
Greedy score: 8443832955
estimationFactor: 1.5629856471977068
Sub-optimal score: 9030507102
Total Number of elements weighted: 23846
Normalized score (portion of input quartet trees satisfied before correcting for multiple individuals): 0.7259489443276765
Optimization score: 9580776322
Optimal tree inferred in 17.218 secs.
(28,(150,(193,((99,(192,197)),((122,48),((7,152),((155,((138,(34,(64,75))),((136,141),(((103,5),(95,57)),((114,187),(85,(89,(189,(190,(178,188)))))))))),(((((110,(113,(198,132))),((33,(88,24)),(163,(43,(25,(117,71)))))),((172,(30,47)),(74,(((42,29),(158,(125,(168,41)))),((32,(38,82)),(92,(17,(52,59)))))))),(0,((121,(140,180)),((8,((67,14),((53,(130,9)),(196,(181,(96,(148,(174,115)))))))),(((185,157),(179,62)),(((58,37),(127,(27,118))),((76,101),(4,(21,(182,79)))))))))),((((195,(139,(61,156))),((10,15),(60,(97,(191,98))))),((100,44),((13,(161,171)),((16,(73,170)),((22,137),(31,(167,129))))))),(((165,6),((126,(176,(46,116))),(2,((112,(166,93)),(86,(3,(50,128))))))),((((124,87),(142,(175,18))),((83,(39,((77,12),(94,145)))),((69,(35,(120,(164,102)))),((173,65),((200,108),(70,((149,147),(36,(1,(159,(199,(80,109)))))))))))),(((106,146),(((84,66),(105,(153,133))),((151,(184,(123,(160,119)))),((107,49),(135,(56,(23,(111,169)))))))),((144,55),((51,(131,162)),(((154,90),((68,143),(20,(45,(78,(104,11)))))),(((63,26),(186,(19,(194,72)))),((183,(177,54)),(81,(134,(91,40))))))))))))))))))));
Final quartet score is: 9580776322
Final normalized quartet score is: 0.7259489443276765
Extended species tree:
(2,(((112,(166,93)1:0.2480243918456214)1:1.9962342157513497,(86,(3,(50,128)1:0.17847577822505822)1:1.1574953715852703)1:1.3618876833955054)1:1.376010526418388,((126,(176,(46,116)1:1.3426360490180658)1:0.5870406745653973)1:2.5481877029002815,((165,6)1:3.6729738108582164,(((((124,87)1:2.434710515086275,(142,(175,18)1:2.075300125422147)1:1.3972874814987912)1:1.0583119957750093,((83,(39,((77,12)1:0.6442845027035231,(94,145)1:1.6891665990656464)1:1.2231775379417866)1:0.31054563165750265)1:3.9099261091166326,((69,(35,(120,(164,102)1:1.8033954837509114)1:0.9809054077073346)1:2.4047467953411372)1:0.49961992303367,((173,65)1:2.3803935469238544,((200,108)1:3.244733464720627,(70,((149,147)1:1.7333816163506344,(36,(1,(159,(199,(80,109)1:0.3670199907320555)1:0.6165838597301421)1:0.17627832487018463)1:1.5225676676197712)1:0.7580473523866211)1:0.18965559918611724)1:0.6327536283658152)1:1.654986604089899)0.96:0.11893242432861816)1:0.38008251635831997)0.64:0.045215499261967836)1:0.474732456107154,(((106,146)1:4.203745063860327,(((84,66)1:0.8179118141034315,(105,(153,133)1:0.34006708083932347)1:0.33485817293312264)1:2.7928874188615618,((151,(184,(123,(160,119)1:0.9655663953320144)1:0.7488404252982297)1:1.3006673310730437)1:1.2286255733452183,((107,49)1:0.7497916202646423,(135,(56,(23,(111,169)1:0.7385288390048484)0.98:0.13563154517439144)0.91:0.09685658192743452)1:0.1773973387363104)1:2.3536959671619124)0.92:0.10151336987517648)1:0.5912398637719419)1:0.8578248738599694,((144,55)1:0.6398640921447755,((51,(131,162)1:1.2047852758071809)1:3.3611344426171605,(((154,90)1:3.0148198919823326,((68,143)1:1.0438923395218005,(20,(45,(78,(104,11)0.84:0.0850618485019508)1:0.43690415586421716)1:0.4078258429001942)1:2.7849999939968826)1:0.7657218099992009)1:0.5822901972555368,(((63,26)1:3.75628741767946,(186,(19,(194,72)1:0.8678613831515386)1:0.6592342026996384)1:1.8398488069563421)0.6:0.045847257533228054,((183,(177,54)1:1.8547111507553615)1:1.8341462693431951,(81,(134,(91,40)1:0.7484917269566232)1:1.6395343645521783)1:1.2415740673282272)0.99:0.16114909629503313)1:0.932944655771524)0.95:0.11527664828547647)0.8:0.07361798878269733)1:0.9933005206611921)0.63:0.04339013911042924)0.46:0.01915672241185963,((((195,(139,(61,156)1:2.407945608651871)1:3.075232144450262)0.45:0.0256825464621633,((10,15)1:3.718189283367761,(60,(97,(191,98)0.7:0.05365271349232014)1:0.873304250725584)1:1.758192199722809)1:0.7620974927542953)1:0.8190885231515622,((100,44)1:4.596231932225526,((13,(161,171)1:2.4524232598695463)1:0.19745274408256436,((16,(73,170)1:0.9079209117741966)1:1.9424274797128291,((22,137)1:3.0544074070878775,(31,(167,129)1:1.8485703498817705)1:2.063361350451131)1:0.9359851710774405)1:0.4808007233423223)1:1.064137215605099)1:0.5195850721288658)1:0.38375349253111096,(((((110,(113,(198,132)1:0.7279190648720371)1:0.5775756634906921)1:2.5350832247204433,((33,(88,24)1:0.16155275012987502)1:1.9166427039468348,(163,(43,(25,(117,71)1:1.0589533773124313)1:0.47620651948196097)1:1.6346151221464749)1:0.5257540362190282)1:0.7965737055198643)1:2.3056222853288886,((172,(30,47)1:0.43106128346959544)1:2.7281430056120723,(74,(((42,29)1:4.222804369334011,(158,(125,(168,41)1:1.396344696973392)1:3.0283832066110405)1:0.30767045497617795)0.99:0.15867290408325022,((32,(38,82)1:1.9504915656620265)1:1.6978169359829498,(92,(17,(52,59)1:2.8183228747574147)1:0.38717554873098153)1:0.28166509431224657)1:2.3153208815305066)0.55:0.03269994016160922)1:1.0595359390981816)1:0.516790421429222)1:0.5003180747954049,(0,((121,(140,180)1:2.2390349603374395)1:0.4015327577763734,((8,((67,14)1:1.9601331892536238,((53,(130,9)1:1.154956483931847)1:1.4606468819330367,(196,(181,(96,(148,(174,115)1:0.38747969040168984)1:1.229944950743726)0.92:0.10895311416883834)1:0.24500976412758624)0.75:0.07473593702853154)1:0.5433401079056633)1:0.2847002778669487)1:1.9384261502643505,(((185,157)1:4.897839799950916,(179,62)1:1.1382937489066782)1:0.5086146743283431,(((58,37)1:0.6045897542235503,(127,(27,118)1:1.7134860919455763)1:0.3012092943242384)1:2.7642982218244603,((76,101)1:2.8121869812673164,(4,(21,(182,79)1:0.7868905522639389)1:0.9454723480298675)1:0.23423614123409778)1:2.394292188050609)1:0.487318453355073)1:0.6643395523162847)1:1.1436741043931402)1:0.7779516019412543)1:0.21134977194971322)1:0.18585977558145791,((155,((138,(34,(64,75)1:0.3186679606300329)1:3.102701949131225)1:1.1423625685935788,((136,141)1:3.5760573546714736,(((103,5)1:2.744798725110102,(95,57)1:1.1507809326666962)0.85:0.07995592644874383,((114,187)1:0.811074930007402,(85,(89,(189,(190,(178,188)0.99:0.13924813359539914)1:0.8455315435807219)0.82:0.07469261938656241)1:0.3342676979485886)1:0.3252898188203282)1:0.9615758296579334)1:0.26129855629709875)1:1.5491267837817637)1:0.1725188968215228)1:2.3152666283189554,((7,152)1:3.738604042063506,((122,48)1:1.436577599291888,((99,(192,197)1:1.1776285761993892)1:0.5670589035569764,(193,(150,28)1:2.153746682720946)0.98:0.1380260449863818)1:1.1825755756149068)1:0.2940977695601671)1:2.4851420172994594)0.99:0.15697249990578793)1:0.3093894888777142)1:0.4198588735094306)1:0.8362096217732612)1:0.743867232743273)0.99:0.15015422763507721));
Weight calculation took 9.979376 secs
ASTRAL finished in 19.54 secs
