
================== ASTRAL ===================== 

This is ASTRAL version 5.7.8
Gene trees are treated as unrooted
200 trees read from Dataset/AstralII_data/model.200.10000000.0.000001/17/estimatedgenetre.halfresolved_200
index0
All output trees will be *arbitrarily* rooted at 8

======== Running the main analysis
Number of taxa: 201 (201 species)
Taxa: [8, 140, 156, 119, 22, 59, 142, 196, 42, 7, 135, 88, 132, 70, 104, 111, 112, 105, 110, 106, 76, 5, 44, 96, 11, 126, 60, 51, 13, 116, 54, 159, 66, 188, 186, 195, 151, 100, 131, 138, 28, 150, 160, 136, 64, 178, 0, 108, 72, 158, 18, 74, 101, 190, 107, 15, 182, 162, 161, 139, 199, 172, 176, 155, 187, 114, 124, 145, 102, 50, 95, 118, 10, 128, 177, 115, 40, 169, 65, 91, 23, 122, 99, 198, 185, 89, 123, 113, 183, 133, 4, 120, 63, 125, 165, 191, 149, 166, 52, 129, 68, 35, 55, 37, 144, 83, 57, 81, 97, 48, 146, 154, 47, 20, 53, 3, 73, 181, 71, 87, 6, 9, 147, 36, 170, 85, 62, 157, 84, 2, 19, 98, 179, 184, 56, 46, 32, 90, 134, 45, 38, 141, 130, 67, 175, 75, 16, 163, 164, 82, 103, 41, 30, 78, 152, 34, 117, 58, 92, 171, 189, 180, 86, 33, 127, 173, 1, 79, 143, 193, 17, 121, 137, 80, 77, 39, 27, 168, 31, 25, 192, 148, 12, 14, 109, 167, 94, 61, 93, 194, 200, 29, 69, 49, 26, 43, 197, 24, 153, 174, 21]
Taxon occupancy: {110=200, 111=200, 112=200, 113=200, 114=200, 115=200, 116=200, 117=200, 118=200, 119=200, 10=200, 11=200, 12=200, 13=200, 14=200, 15=200, 16=200, 17=200, 18=200, 19=200, 120=200, 0=200, 121=200, 122=200, 1=200, 123=200, 2=200, 124=200, 3=200, 4=200, 125=200, 5=200, 126=200, 6=200, 127=200, 7=200, 128=200, 8=200, 129=200, 9=200, 20=200, 21=200, 22=200, 23=200, 24=200, 25=200, 26=200, 27=200, 28=200, 29=200, 130=200, 131=200, 132=200, 133=200, 134=200, 135=200, 136=200, 137=200, 138=200, 139=200, 30=200, 31=200, 32=200, 33=200, 34=200, 35=200, 36=200, 37=200, 38=200, 39=200, 140=200, 141=200, 142=200, 143=200, 144=200, 145=200, 146=200, 147=200, 148=200, 149=200, 40=200, 41=200, 42=200, 43=200, 44=200, 45=200, 46=200, 47=200, 48=200, 49=200, 150=200, 151=200, 152=200, 153=200, 154=200, 155=200, 156=200, 157=200, 158=200, 159=200, 50=200, 51=200, 52=200, 53=200, 54=200, 55=200, 56=200, 57=200, 58=200, 59=200, 160=200, 161=200, 162=200, 163=200, 164=200, 165=200, 166=200, 167=200, 168=200, 169=200, 60=200, 61=200, 62=200, 63=200, 64=200, 65=200, 66=200, 67=200, 68=200, 69=200, 170=200, 171=200, 172=200, 173=200, 174=200, 175=200, 176=200, 177=200, 178=200, 179=200, 70=200, 71=200, 72=200, 73=200, 74=200, 75=200, 76=200, 77=200, 78=200, 79=200, 180=200, 181=200, 182=200, 183=200, 184=200, 185=200, 186=200, 187=200, 188=200, 189=200, 80=200, 81=200, 82=200, 83=200, 84=200, 85=200, 86=200, 87=200, 88=200, 89=200, 190=200, 191=200, 192=200, 193=200, 194=200, 195=200, 196=200, 197=200, 198=200, 199=200, 90=200, 91=200, 92=200, 93=200, 94=200, 95=200, 96=200, 97=200, 98=200, 99=200, 200=200, 100=200, 101=200, 102=200, 103=200, 104=200, 105=200, 106=200, 107=200, 108=200, 109=200}
Number of gene trees: 200
0 trees have missing taxa
Calculating quartet distance matrix (for completion of X)
Species tree distances calculated ...
Building set of clusters (X) from gene trees 
------------------------------
gradient0: 3655
Number of Clusters after addition by distance: 3655
calculating extra bipartitions to be added at level 1 ...
Adding to X using resolutions of greedy consensus ...
Limit for sigma of degrees:5075
polytomy size limit : 4
discarded polytomies:  [3, 3, 3, 3, 3, 3, 3, 3, 3, 3, 4, 4]
Threshold 0.0:
Threshold 0.01:
Threshold 0.02:
Threshold 0.05:
Threshold 0.1:
Threshold 0.2:
polytomy of size 4; rounds with additions with at least 5 support: 0; clusters: 3655
Threshold 0.3333333333333333:
polytomy of size 3; rounds with additions with at least 5 support: 0; clusters: 3655
polytomy of size 3; rounds with additions with at least 5 support: 0; clusters: 3655
polytomy of size 3; rounds with additions with at least 5 support: 0; clusters: 3655
polytomy of size 4; rounds with additions with at least 5 support: 0; clusters: 3655
polytomy of size 3; rounds with additions with at least 5 support: 0; clusters: 3655
polytomy of size 3; rounds with additions with at least 5 support: 0; clusters: 3655
polytomy of size 3; rounds with additions with at least 5 support: 0; clusters: 3655
polytomy of size 3; rounds with additions with at least 5 support: 0; clusters: 3655
polytomy of size 3; rounds with additions with at least 5 support: 0; clusters: 3655
polytomy of size 3; rounds with additions with at least 5 support: 0; clusters: 3655
polytomy of size 3; rounds with additions with at least 5 support: 0; clusters: 3655
max k is :0
Number of Clusters after addition by greedy: 3655
gradient0 in heuristiic: 3655
partitions formed in 4.267 secs
Dynamic Programming starting after 4.267 secs
Using tree-based weight calculation.
Using polytree-based weight calculation.
Polytree max score: 13199669406
Polytree building time: 0.239 seconds.
Number of quartet trees in the gene trees: 13199669406
Size of largest cluster: 201
Greedy score: 12685558438
estimationFactor: 1.0405272633847922
Sub-optimal score: 12763095793
Total Number of elements weighted: 6012
Normalized score (portion of input quartet trees satisfied before correcting for multiple individuals): 0.9676702276493363
Optimization score: 12772927099
Optimal tree inferred in 5.796 secs.
(56,(179,(184,((46,(32,90)),((134,45),((130,(141,67)),((38,(175,(164,(16,(75,163))))),((27,(168,(31,25))),(((17,(121,(39,(137,(80,77))))),((86,(33,((143,193),(127,(79,(173,1)))))),(82,((92,((152,34),(117,58))),((171,(189,180)),(41,(78,(103,30)))))))),(((192,148),((109,(12,14)),((167,94),(61,93)))),((64,178),((((186,(188,195)),((138,28),((151,(100,131)),(150,(160,136))))),(((140,(8,156)),((54,(159,66)),((105,(11,(44,(96,(76,5))))),((110,106),(126,(51,(13,(60,116)))))))),(((69,(43,(49,26))),((197,24),(153,(174,21)))),((194,(200,29)),(((196,(142,42)),(59,(119,22))),((7,(132,(135,88))),(104,(70,(111,112))))))))),(0,(((108,72),((((145,102),(114,124)),((50,95),(118,(128,(10,177))))),(((176,(155,187)),(139,(199,172))),((15,(182,(162,161))),((190,107),(158,(18,(74,101)))))))),(((115,(73,(3,(181,71)))),((6,(87,(9,147))),(98,((36,170),((62,157),(85,(2,(84,19)))))))),(((47,20),(154,53)),((68,((83,(57,81)),((97,(48,146)),(35,(55,(37,144)))))),((52,(166,129)),(40,((169,(65,(91,23))),((122,99),(((191,149),(63,(125,165))),((4,120),((183,133),((198,185),(89,(123,113)))))))))))))))))))))))))));
Final quartet score is: 12772927099
Final normalized quartet score is: 0.9676702276493363
Extended species tree:
(8,(156,(140,(((54,(159,66)1:1.0691984034618165)1:4.897839799950916,((105,(11,(44,(96,(76,5)1:1.2338897288795005)1:0.8122474710207447)1:0.46322394226035657)0.42:0.015329295113943653)1:0.8430831915589769,((110,106)1:0.34818232389307874,(126,(51,(13,(60,116)0.92:0.10188230944560218)1:0.3652403067976554)1:2.5952547069568634)1:1.0582766410458981)1:2.515211999283329)1:1.6224936285946507)1:1.9219997604126495,((((69,(43,(49,26)1:0.29256860896298664)1:1.6991666824002305)1:2.414236081943327,((197,24)1:2.2352519729254583,(153,(174,21)1:0.8034952377288108)1:2.882936779408647)1:4.19691047894891)1:1.277378652525941,((194,(200,29)1:2.1897895988487015)1:4.2294531690716175,(((196,(142,42)1:1.0694180147507193)1:1.0197183461984471,(59,(119,22)1:2.9519296508955994)1:0.9992398148549051)1:1.5776114808224244,((7,(132,(135,88)1:0.6502107337894015)1:1.0690880586341183)1:0.5389965007326876,(104,(70,(111,112)1:0.3978056879184361)0.41:0.011257154524634558)1:2.3523085283464757)1:3.288401887516811)1:2.193055796635322)1:0.4069160536108682)1:1.5511242740434916,(((186,(188,195)1:0.28271928310965183)1:4.897839799950916,((138,28)1:4.204692619390971,((151,(100,131)1:0.7234525300552743)1:1.4269090802740803,(150,(160,136)1:0.8373097155222478)1:0.7520630640965398)1:3.000719815065031)1:2.064626455894696)1:3.51154543883102,((0,(((108,72)1:4.897839799950916,((((145,102)1:2.1252510777111304,(114,124)1:0.8724881092157623)1:4.897839799950916,((50,95)1:4.877534533790148,(118,(128,(10,177)1:0.6636601023069586)1:1.7408393788007983)1:3.604166928711422)1:1.5893338659183815)1:2.1463044869089614,(((176,(155,187)1:0.8034952377288108)1:2.812008460172306,(139,(199,172)1:0.9275478863987895)1:4.897839799950916)0.98:0.13253686245801455,((15,(182,(162,161)1:3.799227511282799)0.74:0.06863306047853417)1:0.7608970438072992,((190,107)1:2.2587824703356527,(158,(18,(74,101)1:1.1598094963615584)0.66:0.05361274466799789)1:1.0655817629916282)1:2.620572514941156)1:2.6868219004823555)1:4.897839799950916)1:1.0239449255705584)1:3.3665785212978028,(((115,(73,(3,(181,71)1:3.106922436035781)1:0.3027199498163214)1:4.897839799950916)1:1.3604506332223028,((6,(87,(9,147)1:0.26281665081313876)1:0.7547050735593787)1:4.897839799950916,(98,((36,170)1:2.882936779408647,((62,157)1:3.799227511282799,(85,(2,(84,19)0.76:0.07065862907365082)1:0.8635991617985161)1:2.5952547069568634)1:0.9417999091059912)1:3.223863366379236)0.52:0.08159864388287942)1:4.897839799950916)0.4:0.012043627235247864,(((47,20)1:2.035638919021443,(154,53)1:0.3027199498163214)1:4.897839799950916,((68,((83,(57,81)1:0.9465960813694838)1:3.1665218790464595,((97,(48,146)1:2.957718379071844)1:0.8216137169884615,(35,(55,(37,144)1:1.4321038971511846)1:1.6789639750827108)1:1.822620087844858)1:0.6456097475948912)1:0.2479694350449131)1:4.064930677015805,((52,(166,129)1:0.35454501768090746)1:4.897839799950916,(40,((169,(65,(91,23)1:1.7199964294585248)1:1.2194850802069417)1:2.3072964295592593,((122,99)1:1.1669961467379435,(((191,149)0.71:0.0641527695770922,(63,(125,165)1:1.7199964294585257)1:0.3544093343114099)1:2.8881527090501566,((4,120)1:3.8954805957995577,((183,133)1:3.5655553879727613,((198,185)1:0.814553892296429,(89,(123,113)1:2.3321137434212016)1:0.3868681669552758)0.86:0.0840154077811453)0.99:0.15072707979251143)1:0.6506790723287845)1:0.2426104140900832)1:2.5130166087198957)1:2.3974289636269464)1:3.109853920106495)0.43:0.014445363405352964)1:0.4234182858286725)1:2.198664846435377)1:3.257016726812062)1:3.2742172525248505)1:4.204692619390971,((64,178)1:4.897839799950916,(((192,148)1:4.897839799950916,((109,(12,14)0.87:0.08565544457849389)1:3.0260376230493193,((167,94)1:1.9028692377451628,(61,93)1:1.1490526127542715)1:0.673442109480613)1:3.799227511282799)1:3.8038678908393018,(((17,(121,(39,(137,(80,77)1:0.8203879614897507)1:0.7869659357776003)1:1.4531573063490166)1:1.5656352897757073)1:4.897839799950916,((86,(33,((143,193)1:4.897839799950916,(127,(79,(173,1)1:1.0690886159006376)1:0.6351599229095962)1:2.7779866043392616)1:0.5726835672307076)1:2.131477242216633)1:1.3831720196675505,(82,((92,((152,34)1:0.8287696608240503,(117,58)1:0.16173041064718147)1:1.0709468254710888)1:0.4225773026324954,((171,(189,180)0.59:0.053453894476614465)1:3.013429102981695,(41,(78,(103,30)1:1.53071814047781)0.96:0.11426859199192775)1:1.280703067354191)0.55:0.03429171347521139)1:1.8615141294316682)1:4.204692619390971)1:1.3045902606591393)1:2.6390573296152575,((27,(168,(31,25)1:0.27291650264793343)1:3.0260376230493193)1:4.897839799950916,((38,(175,(164,(16,(75,163)1:0.8905984462993859)1:1.5479357126763067)1:4.204692619390971)1:0.5199724441230796)1:0.9943670782314915,((130,(141,67)1:0.22501096548900523)1:4.887368500083623,((134,45)1:4.897839799950916,((46,(32,90)0.39:0.007490671729157626)1:4.897839799950916,(184,(179,56)1:0.9858167945227654)1:4.1995775187242)1:0.3544898984856336)1:0.9783360730918683)1:0.3789105368403154)1:1.0745155447394368)1:1.3594412967752705)1:4.198757883871158)0.49:0.023278064374136133)1:0.8335738608963578)1:3.4975199634765204)1:2.183163042896477)0.77:0.06839356806807081)1:4.897839799950916)0.48:0.022642476749759777));
Weight calculation took 1.065652561 secs
ASTRAL finished in 8.011 secs
