
================== ASTRAL ===================== 

This is ASTRAL version 5.7.8
Gene trees are treated as unrooted
50 trees read from Dataset/AstralII_data/model.200.2000000.0.000001/29/estimatedgenetre.halfresolved_50
index0
All output trees will be *arbitrarily* rooted at 100

======== Running the main analysis
Number of taxa: 201 (201 species)
Taxa: [100, 141, 103, 91, 75, 135, 126, 70, 41, 7, 45, 193, 37, 49, 16, 47, 110, 18, 106, 115, 192, 12, 111, 42, 35, 155, 109, 34, 66, 10, 136, 191, 199, 121, 55, 79, 61, 134, 64, 22, 62, 197, 71, 139, 181, 87, 165, 85, 14, 167, 43, 56, 59, 133, 30, 33, 198, 24, 32, 143, 128, 95, 68, 161, 29, 186, 195, 159, 146, 170, 94, 188, 145, 173, 74, 185, 113, 19, 112, 73, 40, 200, 108, 174, 36, 101, 46, 120, 125, 151, 84, 160, 178, 76, 63, 31, 137, 150, 2, 97, 57, 172, 104, 54, 187, 118, 183, 39, 157, 117, 44, 60, 119, 147, 88, 148, 92, 1, 166, 96, 180, 149, 99, 154, 124, 93, 3, 23, 142, 129, 89, 52, 168, 82, 25, 162, 28, 17, 21, 140, 67, 15, 72, 8, 177, 58, 11, 138, 27, 152, 169, 51, 164, 196, 65, 5, 38, 127, 144, 26, 153, 190, 4, 131, 0, 69, 48, 20, 107, 182, 6, 163, 184, 80, 78, 123, 13, 86, 77, 156, 175, 158, 83, 171, 132, 53, 194, 189, 90, 102, 176, 116, 98, 130, 81, 50, 114, 105, 122, 9, 179]
Taxon occupancy: {110=50, 111=50, 112=50, 113=50, 114=50, 115=50, 116=50, 117=50, 118=50, 119=50, 10=50, 11=50, 12=50, 13=50, 14=50, 15=50, 16=50, 17=50, 18=50, 19=50, 120=50, 121=50, 0=50, 1=50, 122=50, 2=50, 123=50, 124=50, 3=50, 125=50, 4=50, 126=50, 5=50, 127=50, 6=50, 7=50, 128=50, 129=50, 8=50, 9=50, 20=50, 21=50, 22=50, 23=50, 24=50, 25=50, 26=50, 27=50, 28=50, 29=50, 130=50, 131=50, 132=50, 133=50, 134=50, 135=50, 136=50, 137=50, 138=50, 139=50, 30=50, 31=50, 32=50, 33=50, 34=50, 35=50, 36=50, 37=50, 38=50, 39=50, 140=50, 141=50, 142=50, 143=50, 144=50, 145=50, 146=50, 147=50, 148=50, 149=50, 40=50, 41=50, 42=50, 43=50, 44=50, 45=50, 46=50, 47=50, 48=50, 49=50, 150=50, 151=50, 152=50, 153=50, 154=50, 155=50, 156=50, 157=50, 158=50, 159=50, 50=50, 51=50, 52=50, 53=50, 54=50, 55=50, 56=50, 57=50, 58=50, 59=50, 160=50, 161=50, 162=50, 163=50, 164=50, 165=50, 166=50, 167=50, 168=50, 169=50, 60=50, 61=50, 62=50, 63=50, 64=50, 65=50, 66=50, 67=50, 68=50, 69=50, 170=50, 171=50, 172=50, 173=50, 174=50, 175=50, 176=50, 177=50, 178=50, 179=50, 70=50, 71=50, 72=50, 73=50, 74=50, 75=50, 76=50, 77=50, 78=50, 79=50, 180=50, 181=50, 182=50, 183=50, 184=50, 185=50, 186=50, 187=50, 188=50, 189=50, 80=50, 81=50, 82=50, 83=50, 84=50, 85=50, 86=50, 87=50, 88=50, 89=50, 190=50, 191=50, 192=50, 193=50, 194=50, 195=50, 196=50, 197=50, 198=50, 199=50, 90=50, 91=50, 92=50, 93=50, 94=50, 95=50, 96=50, 97=50, 98=50, 99=50, 200=50, 100=50, 101=50, 102=50, 103=50, 104=50, 105=50, 106=50, 107=50, 108=50, 109=50}
Number of gene trees: 50
0 trees have missing taxa
Calculating quartet distance matrix (for completion of X)
Species tree distances calculated ...
Building set of clusters (X) from gene trees 
------------------------------
gradient0: 8611
Number of Clusters after addition by distance: 8611
calculating extra bipartitions to be added at level 1 ...
Adding to X using resolutions of greedy consensus ...
Limit for sigma of degrees:5075
polytomy size limit : 38
discarded polytomies:  [3, 3, 3, 3, 3, 3, 3, 3, 3, 3, 3, 3, 3, 3, 3, 3, 3, 3, 3, 3, 3, 3, 4, 4, 4, 4, 4, 4, 4, 4, 4, 4, 5, 5, 5, 5, 5, 5, 6, 6, 10, 11, 13, 19, 23, 38]
Threshold 0.0:
polytomy of size 3; rounds with additions with at least 5 support: 0; clusters: 8617
polytomy of size 5; rounds with additions with at least 5 support: 2; clusters: 8663
Threshold 0.01:
polytomy of size 3; rounds with additions with at least 5 support: 0; clusters: 8663
polytomy of size 5; rounds with additions with at least 5 support: 0; clusters: 8665
Threshold 0.02:
polytomy of size 3; rounds with additions with at least 5 support: 0; clusters: 8665
polytomy of size 5; rounds with additions with at least 5 support: 0; clusters: 8665
Threshold 0.05:
polytomy of size 4; rounds with additions with at least 5 support: 0; clusters: 8667
polytomy of size 3; rounds with additions with at least 5 support: 1; clusters: 8669
polytomy of size 10; rounds with additions with at least 5 support: 11; clusters: 8883
Threshold 0.1:
polytomy of size 4; rounds with additions with at least 5 support: 0; clusters: 8883
polytomy of size 4; rounds with additions with at least 5 support: 0; clusters: 8883
polytomy of size 5; rounds with additions with at least 5 support: 0; clusters: 8883
polytomy of size 4; rounds with additions with at least 5 support: 1; clusters: 8885
polytomy of size 13; rounds with additions with at least 5 support: 1; clusters: 8947
Threshold 0.2:
polytomy of size 4; rounds with additions with at least 5 support: 0; clusters: 8947
polytomy of size 4; rounds with additions with at least 5 support: 0; clusters: 8947
polytomy of size 3; rounds with additions with at least 5 support: 0; clusters: 8947
polytomy of size 3; rounds with additions with at least 5 support: 0; clusters: 8947
polytomy of size 3; rounds with additions with at least 5 support: 0; clusters: 8947
polytomy of size 3; rounds with additions with at least 5 support: 0; clusters: 8947
polytomy of size 11; rounds with additions with at least 5 support: 0; clusters: 8947
polytomy of size 3; rounds with additions with at least 5 support: 0; clusters: 8947
polytomy of size 6; rounds with additions with at least 5 support: 0; clusters: 8947
polytomy of size 3; rounds with additions with at least 5 support: 0; clusters: 8947
polytomy of size 3; rounds with additions with at least 5 support: 0; clusters: 8947
polytomy of size 23; rounds with additions with at least 5 support: 0; clusters: 8959
Threshold 0.3333333333333333:
polytomy of size 4; rounds with additions with at least 5 support: 0; clusters: 8959
polytomy of size 4; rounds with additions with at least 5 support: 0; clusters: 8959
polytomy of size 5; rounds with additions with at least 5 support: 0; clusters: 8959
polytomy of size 3; rounds with additions with at least 5 support: 0; clusters: 8959
polytomy of size 3; rounds with additions with at least 5 support: 0; clusters: 8959
polytomy of size 3; rounds with additions with at least 5 support: 0; clusters: 8959
polytomy of size 5; rounds with additions with at least 5 support: 0; clusters: 8959
polytomy of size 4; rounds with additions with at least 5 support: 0; clusters: 8959
polytomy of size 6; rounds with additions with at least 5 support: 0; clusters: 8959
polytomy of size 3; rounds with additions with at least 5 support: 0; clusters: 8959
polytomy of size 3; rounds with additions with at least 5 support: 0; clusters: 8959
polytomy of size 3; rounds with additions with at least 5 support: 0; clusters: 8959
polytomy of size 3; rounds with additions with at least 5 support: 0; clusters: 8959
polytomy of size 3; rounds with additions with at least 5 support: 0; clusters: 8959
polytomy of size 19; rounds with additions with at least 5 support: 0; clusters: 8959
polytomy of size 4; rounds with additions with at least 5 support: 0; clusters: 8959
polytomy of size 3; rounds with additions with at least 5 support: 0; clusters: 8959
polytomy of size 3; rounds with additions with at least 5 support: 0; clusters: 8959
polytomy of size 3; rounds with additions with at least 5 support: 0; clusters: 8959
polytomy of size 38; rounds with additions with at least 5 support: 0; clusters: 8989
max k is :22
Number of Clusters after addition by greedy: 8989
gradient0 in heuristiic: 8989
partitions formed in 10.897 secs
Dynamic Programming starting after 10.897 secs
Using tree-based weight calculation.
Using polytree-based weight calculation.
Polytree max score: 3292392429
Polytree building time: 0.219 seconds.
Number of quartet trees in the gene trees: 3292392429
Size of largest cluster: 201
Greedy score: 2105474518
estimationFactor: 1.5637294115188147
Sub-optimal score: 2124013493
Total Number of elements weighted: 13752
Normalized score (portion of input quartet trees satisfied before correcting for multiple individuals): 0.6631746184834882
Optimization score: 2183431093
Optimal tree inferred in 16.274 secs.
(169,(152,(((179,(7,(70,41))),((25,(162,28)),(136,(163,(10,119))))),(126,((((67,15),(150,(104,54))),(((155,109),(34,24)),(66,((122,9),(105,(98,114)))))),((0,((13,86),((191,(3,23)),((140,107),((75,135),(82,(168,(52,(129,89))))))))),(((94,17),((79,(120,(101,46))),((((33,198),(133,30)),((91,(167,(59,(43,56)))),((14,(197,71)),((139,181),(87,(165,85)))))),((73,((146,170),((178,76),(160,(151,84))))),((173,(40,(188,(125,(145,63))))),((95,((29,186),(128,(195,159)))),((174,(108,(200,36))),((74,(32,143)),(19,((68,137),((112,31),(185,(161,113))))))))))))),((((1,(92,(166,(88,148)))),((97,(2,57)),(50,(172,(130,81))))),(((118,(184,(78,(80,123)))),((69,48),(199,(60,147)))),((177,(27,(11,138))),(62,(194,(189,(116,(102,(90,176))))))))),(((100,141),(96,180)),((44,((117,72),(21,(77,((132,(83,171)),(158,(175,(156,53)))))))),(((190,(4,(153,(131,(144,26))))),((183,(39,157)),((187,20),(12,(115,192))))),((18,((49,58),(55,((16,(103,47)),((110,8),(121,(37,(45,193)))))))),(106,((127,(196,(51,(164,(38,(65,5)))))),(((182,6),(134,(22,(61,64)))),((111,(42,35)),((154,(99,142)),(124,(149,93)))))))))))))))))));
Final quartet score is: 2183431093
Final normalized quartet score is: 0.6631746184834882
Extended species tree:
(100,(141,((96,180)1:2.1338418187400348,(((44,((117,72)1:0.835601353714911,(21,(77,((132,(83,171)1:0.6614661880347197)1:0.8087347832496548,(158,(175,(156,53)1:0.5586336083597989)0.68:0.10061513436327485)0.89:0.1924194111977772)0.44:0.02810494603119333)1:1.4141651630655807)0.51:0.04743844514820956)0.36:0.0011969848950622742)0.28:0.0,(((190,(4,(153,(131,(144,26)0.39:0.010608456275123362)0.99:0.3302255796795211)1:0.5078139711581263)0.99:0.35473013415328003)1:1.0488301312195687,((183,(39,157)0.81:0.18309931300660012)1:1.7136772275743846,((187,20)1:0.36492498589622596,(12,(115,192)1:0.3610133455373305)0.63:0.10758798044604131)1:1.2764512807296555)0.87:0.17344510698560844)1:0.6809614593245761,((18,((49,58)1:1.212207082923349,(55,((16,(103,47)0.6:0.1528856575206717)1:2.6386906934974927,((110,8)1:1.4800771419686594,(121,(37,(45,193)1:0.6388123306146637)1:1.1809548347374192)0.76:0.13020383405987412)0.45:0.03004584071497243)0.67:0.11198065601377163)0.53:0.06434509720324653)0.97:0.2596719962557575)0.95:0.2307868392039249,(106,((127,(196,(51,(164,(38,(65,5)0.77:0.15400622334452255)1:0.8132193348619582)0.99:0.32752572076208547)0.92:0.2056618360439102)1:0.8143323532785183)1:1.431518369173694,(((182,6)1:0.431535416418523,(134,(22,(61,64)0.42:0.020019835913256748)0.89:0.1888092858166559)1:1.4798414603188403)0.49:0.04126628449561312,((111,(42,35)1:1.1742133646741015)1:0.965867673647455,((154,(99,142)0.51:0.061470672123764954)1:1.2288252819195344,(124,(149,93)1:0.5757164933093072)1:0.9647483639407152)0.77:0.16572942460570078)0.6:0.07457173870668751)1:0.3481882439535785)0.6:0.07701815387226085)0.37:0.0035873630565732523)0.47:0.03954775616542894)0.48:0.048942327211554344)0.56:0.06427488018665299,((((1,(92,(166,(88,148)1:0.5748166727372691)1:1.0413709824362538)0.99:0.33247150387997404)1:1.0412842219915222,((97,(2,57)1:0.39306468243026316)0.98:0.28108875344053375,(50,(172,(130,81)1:1.0547466698485692)0.85:0.18467727048641364)0.79:0.13728886929132902)1:1.2041739145939865)1:0.9206388699146417,(((118,(184,(78,(80,123)0.92:0.21763886382518247)0.99:0.3491654811414814)1:0.42868486727645494)1:1.2669163849356584,((69,48)1:3.202820780070759,(199,(60,147)1:2.144931386814951)1:0.45763349681038273)0.76:0.13048365991576966)1:0.5988642741760037,((177,(27,(11,138)0.86:0.17154807821587167)1:1.191349382535874)1:0.8953019048891555,(62,(194,(189,(116,(102,(90,176)0.92:0.21271184544834407)1:0.5516712966528454)0.98:0.28973136400647637)0.72:0.12574315055498061)1:0.5459934781796693)0.88:0.17876777294717233)0.88:0.18877539672336452)0.95:0.2351335590808144)0.48:0.03770451014418747,(((94,17)1:1.8233715811201474,((79,(120,(101,46)1:0.40546510810816444)1:3.5263605246161593)0.7:0.1058723463311267,((((33,198)1:1.5606477482646683,(133,30)0.9:0.1886172909486972)1:2.644288738164296,((91,(167,(59,(43,56)1:1.1837700970084166)1:1.970959968293527)0.75:0.1296824721757199)0.47:0.03837190170911081,((14,(197,71)1:0.8812272998424621)0.99:0.33464163621468246,((139,181)1:1.136707210239623,(87,(165,85)1:0.396949274978589)1:0.7840077170484298)0.61:0.08155408714749994)1:0.5237101682198866)0.89:0.18486862732046352)0.74:0.11768161783955887,((73,((146,170)1:1.9271609717139968,((178,76)1:0.880779334281614,(160,(151,84)0.74:0.13257875958079335)1:0.6396154524581936)1:1.3804909983516798)1:0.4005963738273684)1:0.41501345634308284,((173,(40,(188,(125,(145,63)1:0.5157904244804189)1:0.7396384498240657)0.58:0.08564725144335811)1:0.5034477464931996)1:0.8405790446444059,((95,((29,186)0.88:0.1840075101398919,(128,(195,159)0.52:0.05564078571770634)0.89:0.1922897914359344)0.92:0.21552320210679035)1:1.646276527062488,((174,(108,(200,36)1:0.8755091994308241)0.55:0.0608458907479074)1:0.6680633696690217,((74,(32,143)1:0.40939888636657334)1:0.5469245078296509,(19,((68,137)0.82:0.1513921411654793,((112,31)1:1.1373398093416924,(185,(161,113)0.51:0.049961736268038036)1:1.1853473004116735)0.44:0.028602663692560718)1:0.4302079971528921)0.63:0.09220554151466645)1:0.4276760351479596)0.99:0.31639330748293654)0.7:0.11273259890900089)0.84:0.1540262801796935)0.76:0.12552297687822817)0.93:0.21120938889330051)0.65:0.10821769444122009)1:1.0441266297290126,((0,((13,86)1:1.7430354800740835,((191,(3,23)1:0.9861297143369195)1:1.2958044888160225,((140,107)1:0.7473286901847265,((75,135)1:2.9328060724112457,(82,(168,(52,(129,89)1:0.6133359964780433)0.83:0.15682614740019288)0.8:0.14241666649516138)1:2.0276678245110062)0.91:0.19719360149849635)0.39:0.01168998688530814)1:0.5535953981390864)1:0.36259021407993264)0.55:0.08537908369680187,((((67,15)1:3.4531161546151035,(150,(104,54)0.69:0.1119289919342915)1:2.330260465920989)0.97:0.255657210686451,(((155,109)1:0.4343570221454584,(34,24)1:1.2018549802434777)1:0.7843028378263053,(66,((122,9)0.97:0.25688150303869456,(105,(98,114)1:0.6754249274664846)1:1.1025810110478382)1:0.6367748007120633)0.97:0.2665172066562379)1:0.4749849728228958)1:0.36567383310334195,(126,(((179,(7,(70,41)0.99:0.317632939479513)1:0.6545859563569003)1:0.587786664902119,((25,(162,28)1:0.8198331986575644)1:0.4361486578329584,(136,(163,(10,119)0.6:0.08631080555742553)0.96:0.25954614269097953)1:1.1883173645387564)1:0.5909138774443053)1:0.7710139655889207,(152,169)1:2.6899766400797582)0.97:0.25158987666705057)0.71:0.10818123951496748)1:0.4039051908392563)0.8:0.1399849441393401)1:0.4168577106914916)0.46:0.03473533557208937)0.99:0.3002846931896733)1:1.7949575531051263));
Weight calculation took 4.399555317 secs
ASTRAL finished in 17.813 secs
