
================== ASTRAL ===================== 

This is ASTRAL version 5.7.8
Gene trees are treated as unrooted
837 trees read from Dataset/AstralII_data/model.200.2000000.0.000001/29/estimatedgenetre.halfresolved
index0
All output trees will be *arbitrarily* rooted at 100

======== Running the main analysis
Number of taxa: 201 (201 species)
Taxa: [100, 141, 103, 91, 75, 135, 126, 70, 41, 7, 45, 193, 37, 49, 16, 47, 110, 18, 106, 115, 192, 12, 111, 42, 35, 155, 109, 34, 66, 10, 136, 191, 199, 121, 55, 79, 61, 134, 64, 22, 62, 197, 71, 139, 181, 87, 165, 85, 14, 167, 43, 56, 59, 133, 30, 33, 198, 24, 32, 143, 128, 95, 68, 161, 29, 186, 195, 159, 146, 170, 94, 188, 145, 173, 74, 185, 113, 19, 112, 73, 40, 200, 108, 174, 36, 101, 46, 120, 125, 151, 84, 160, 178, 76, 63, 31, 137, 150, 2, 97, 57, 172, 104, 54, 187, 118, 183, 39, 157, 117, 44, 60, 119, 147, 88, 148, 92, 1, 166, 96, 180, 149, 99, 154, 124, 93, 3, 23, 142, 129, 89, 52, 168, 82, 25, 162, 28, 17, 21, 140, 67, 15, 72, 8, 177, 58, 11, 138, 27, 152, 169, 51, 164, 196, 65, 5, 38, 127, 144, 26, 153, 190, 4, 131, 0, 69, 48, 20, 107, 182, 6, 163, 184, 80, 78, 123, 13, 86, 77, 156, 175, 158, 83, 171, 132, 53, 194, 189, 90, 102, 176, 116, 98, 130, 81, 50, 114, 105, 122, 9, 179]
Taxon occupancy: {110=837, 111=837, 112=837, 113=837, 114=837, 115=837, 116=837, 117=837, 118=837, 119=837, 10=837, 11=837, 12=837, 13=837, 14=837, 15=837, 16=837, 17=837, 18=837, 19=837, 120=837, 121=837, 0=837, 1=837, 122=837, 2=837, 123=837, 124=837, 3=837, 125=837, 4=837, 126=837, 5=837, 127=837, 6=837, 7=837, 128=837, 129=837, 8=837, 9=837, 20=837, 21=837, 22=837, 23=837, 24=837, 25=837, 26=837, 27=837, 28=837, 29=837, 130=837, 131=837, 132=837, 133=837, 134=837, 135=837, 136=837, 137=837, 138=837, 139=837, 30=837, 31=837, 32=837, 33=837, 34=837, 35=837, 36=837, 37=837, 38=837, 39=837, 140=837, 141=837, 142=837, 143=837, 144=837, 145=837, 146=837, 147=837, 148=837, 149=837, 40=837, 41=837, 42=837, 43=837, 44=837, 45=837, 46=837, 47=837, 48=837, 49=837, 150=837, 151=837, 152=837, 153=837, 154=837, 155=837, 156=837, 157=837, 158=837, 159=837, 50=837, 51=837, 52=837, 53=837, 54=837, 55=837, 56=837, 57=837, 58=837, 59=837, 160=837, 161=837, 162=837, 163=837, 164=837, 165=837, 166=837, 167=837, 168=837, 169=837, 60=837, 61=837, 62=837, 63=837, 64=837, 65=837, 66=837, 67=837, 68=837, 69=837, 170=837, 171=837, 172=837, 173=837, 174=837, 175=837, 176=837, 177=837, 178=837, 179=837, 70=837, 71=837, 72=837, 73=837, 74=837, 75=837, 76=837, 77=837, 78=837, 79=837, 180=837, 181=837, 182=837, 183=837, 184=837, 185=837, 186=837, 187=837, 188=837, 189=837, 80=837, 81=837, 82=837, 83=837, 84=837, 85=837, 86=837, 87=837, 88=837, 89=837, 190=837, 191=837, 192=837, 193=837, 194=837, 195=837, 196=837, 197=837, 198=837, 199=837, 90=837, 91=837, 92=837, 93=837, 94=837, 95=837, 96=837, 97=837, 98=837, 99=837, 200=837, 100=837, 101=837, 102=837, 103=837, 104=837, 105=837, 106=837, 107=837, 108=837, 109=837}
Number of gene trees: 837
0 trees have missing taxa
Calculating quartet distance matrix (for completion of X)
Species tree distances calculated ...
Building set of clusters (X) from gene trees 
------------------------------
gradient0: 83501
Number of Clusters after addition by distance: 83501
calculating extra bipartitions to be added at level 1 ...
Adding to X using resolutions of greedy consensus ...
Limit for sigma of degrees:5075
polytomy size limit : 34
discarded polytomies:  [3, 3, 3, 3, 3, 3, 3, 3, 3, 3, 3, 3, 3, 3, 3, 3, 3, 3, 3, 3, 3, 4, 4, 4, 4, 4, 4, 4, 4, 4, 5, 5, 6, 7, 8, 8, 9, 10, 12, 21, 30, 34]
Threshold 0.0:
Threshold 0.01:
polytomy of size 7; rounds with additions with at least 5 support: 4; clusters: 83563
Threshold 0.02:
polytomy of size 8; rounds with additions with at least 5 support: 0; clusters: 83591
Threshold 0.05:
polytomy of size 3; rounds with additions with at least 5 support: 0; clusters: 83591
polytomy of size 3; rounds with additions with at least 5 support: 0; clusters: 83591
polytomy of size 10; rounds with additions with at least 5 support: 0; clusters: 83591
Threshold 0.1:
polytomy of size 3; rounds with additions with at least 5 support: 0; clusters: 83591
polytomy of size 8; rounds with additions with at least 5 support: 0; clusters: 83591
polytomy of size 4; rounds with additions with at least 5 support: 0; clusters: 83591
polytomy of size 4; rounds with additions with at least 5 support: 0; clusters: 83591
polytomy of size 12; rounds with additions with at least 5 support: 0; clusters: 83595
Threshold 0.2:
polytomy of size 4; rounds with additions with at least 5 support: 0; clusters: 83595
polytomy of size 3; rounds with additions with at least 5 support: 0; clusters: 83595
polytomy of size 3; rounds with additions with at least 5 support: 0; clusters: 83595
polytomy of size 4; rounds with additions with at least 5 support: 0; clusters: 83595
polytomy of size 3; rounds with additions with at least 5 support: 0; clusters: 83595
polytomy of size 3; rounds with additions with at least 5 support: 0; clusters: 83595
polytomy of size 3; rounds with additions with at least 5 support: 0; clusters: 83595
polytomy of size 3; rounds with additions with at least 5 support: 0; clusters: 83595
polytomy of size 9; rounds with additions with at least 5 support: 0; clusters: 83595
polytomy of size 3; rounds with additions with at least 5 support: 0; clusters: 83595
polytomy of size 30; rounds with additions with at least 5 support: 0; clusters: 83597
Threshold 0.3333333333333333:
polytomy of size 3; rounds with additions with at least 5 support: 0; clusters: 83597
polytomy of size 5; rounds with additions with at least 5 support: 0; clusters: 83597
polytomy of size 4; rounds with additions with at least 5 support: 0; clusters: 83597
polytomy of size 3; rounds with additions with at least 5 support: 0; clusters: 83597
polytomy of size 3; rounds with additions with at least 5 support: 0; clusters: 83597
polytomy of size 5; rounds with additions with at least 5 support: 0; clusters: 83597
polytomy of size 3; rounds with additions with at least 5 support: 0; clusters: 83597
polytomy of size 3; rounds with additions with at least 5 support: 0; clusters: 83597
polytomy of size 4; rounds with additions with at least 5 support: 0; clusters: 83597
polytomy of size 4; rounds with additions with at least 5 support: 0; clusters: 83597
polytomy of size 6; rounds with additions with at least 5 support: 0; clusters: 83597
polytomy of size 3; rounds with additions with at least 5 support: 0; clusters: 83597
polytomy of size 3; rounds with additions with at least 5 support: 0; clusters: 83597
polytomy of size 3; rounds with additions with at least 5 support: 0; clusters: 83597
polytomy of size 3; rounds with additions with at least 5 support: 0; clusters: 83597
polytomy of size 21; rounds with additions with at least 5 support: 0; clusters: 83597
polytomy of size 3; rounds with additions with at least 5 support: 0; clusters: 83597
polytomy of size 3; rounds with additions with at least 5 support: 0; clusters: 83597
polytomy of size 4; rounds with additions with at least 5 support: 0; clusters: 83597
polytomy of size 4; rounds with additions with at least 5 support: 0; clusters: 83597
polytomy of size 34; rounds with additions with at least 5 support: 0; clusters: 83597
max k is :8
Number of Clusters after addition by greedy: 83597
gradient0 in heuristiic: 83597
partitions formed in 57.932 secs
Dynamic Programming starting after 57.933 secs
Using tree-based weight calculation.
Using polytree-based weight calculation.
Polytree max score: 55089547188
Polytree building time: 1.929 seconds.
Number of quartet trees in the gene trees: 55089547188
Size of largest cluster: 201
Greedy score: 32989236323
estimationFactor: 1.6699249006134684
Sub-optimal score: 35430658814
Calculated 100000 weights; time (seconds): 338
Calculated 200000 weights; time (seconds): 266
Total Number of elements weighted: 219315
Normalized score (portion of input quartet trees satisfied before correcting for multiple individuals): 0.663581962295798
Optimization score: 36556429825
Optimal tree inferred in 656.195 secs.
(48,(69,((199,(60,147)),((118,(184,(78,(80,123)))),(((177,(27,(11,138))),(62,((194,189),(116,(102,(90,176)))))),((((1,(92,(166,(88,148)))),((97,(2,57)),(50,(172,(130,81))))),(((44,21),((100,141),(96,180))),((106,((190,(4,(153,(131,(144,26))))),((183,(39,157)),((187,20),(12,(115,192)))))),(((182,6),((134,(22,(61,64))),((111,(42,35)),((142,(99,154)),(124,(149,93)))))),(((117,72),(77,((132,(83,171)),(158,(175,(156,53)))))),((127,(196,(51,(164,(38,(65,5)))))),(18,(55,(((49,58),(16,(103,47))),((110,8),(121,(37,(45,193))))))))))))),((((13,86),(((140,107),(191,(3,23))),((75,135),(82,(168,(52,(129,89))))))),((126,((152,169),((179,(7,(70,41))),((25,(162,28)),(136,(163,(10,119))))))),(((67,15),(150,(104,54))),(((34,24),(155,109)),(66,((122,9),(105,(98,114)))))))),(0,((79,(120,(101,46))),((94,17),((((133,30),(33,198)),(91,((167,(59,(43,56))),((139,181),((87,(165,85)),(14,(197,71))))))),((73,((146,170),((178,76),(151,(84,160))))),(((95,((29,186),(159,(128,195)))),(173,(40,(188,(125,(145,63)))))),((174,(108,(200,36))),((74,(32,143)),(19,((112,31),((68,137),(185,(161,113))))))))))))))))))));
Final quartet score is: 36556429825
Final normalized quartet score is: 0.663581962295798
Extended species tree:
(100,(141,((96,180)1:2.687826746538021,((44,21)0.81:0.0355740566158655,(((106,((190,(4,(153,(131,(144,26)1:0.2952364243210129)1:0.31911244354855667)1:0.5311360667860454)1:0.47759830634315903)1:1.02630173813374,((183,(39,157)0.99:0.08301220512394042)1:2.4342310671803404,((187,20)1:0.20535132749508248,(12,(115,192)1:0.6188905550247891)0.99:0.07432710000058479)1:1.0328641408912063)1:0.30843230591846454)1:0.912810818514502)1:0.11646372654221412,(((182,6)1:0.5716595348030235,((134,(22,(61,64)1:0.14691124429004368)1:0.1558209286371689)1:1.3513030745771737,((111,(42,35)1:1.1170632363729096)1:1.0339778482542183,((142,(99,154)1:0.10242880351889544)1:1.3139604689506355,(124,(149,93)1:0.5688873286009024)1:1.3010648638079318)1:0.32991006080057583)1:0.12079759040849557)0.44:0.008149925030438116)1:0.624902914134751,(((117,72)1:0.9414633389730055,(77,((132,(83,171)1:0.9354192843250068)1:0.930327959998322,(158,(175,(156,53)1:0.38802968608775956)1:0.24762812908814674)1:0.25185211335927576)1:0.2150172626948191)1:1.5921197623319896)0.6:0.01984220998730414,((127,(196,(51,(164,(38,(65,5)1:0.1439560570619168)1:0.7623235507961684)1:0.4179688574719899)1:0.49272603995884645)1:0.9200574270530053)1:1.2365824632757638,(18,(55,(((49,58)1:1.0513623450660017,(16,(103,47)0.48:0.02380501726662387)1:2.66814445091512)0.99:0.0750718263132957,((110,8)1:1.7896632081887445,(121,(37,(45,193)1:0.6216276059555168)1:1.2641760266774)1:0.22703765012367752)0.54:0.01637607257206415)0.99:0.0696260314762079)1:0.2979042421244484)1:0.24159639550090306)1:0.09546839734237167)0.43:0.008888516472924742)0.4:0.007054954914422736)0.95:0.054320337616706876,(((1,(92,(166,(88,148)1:0.39150548728297696)1:0.9552751879481511)1:0.22438985476906423)1:1.1270761138751637,((97,(2,57)1:0.37766450016037934)1:0.3751470856429268,(50,(172,(130,81)1:1.1922676231116374)0.46:0.015646796428724276)1:0.20196180002452316)1:1.1709259113080357)1:1.1168192142218714,(((((13,86)1:2.275473097448399,(((140,107)1:0.904130073873399,(191,(3,23)1:1.1781066299863334)1:1.3404468645592897)0.48:0.011559553012566979,((75,135)1:2.901016740515873,(82,(168,(52,(129,89)1:0.8569327968158195)1:0.10260850447598643)1:0.22143316705873436)1:1.6316102675963735)1:0.17385002493143542)1:0.5798828180069197)1:0.3278073026999017,((126,((152,169)1:2.8652134355090904,((179,(7,(70,41)1:0.4581537942201362)1:0.9591832726213849)1:0.5538129988020187,((25,(162,28)1:0.8559521002007691)1:0.5329098992124839,(136,(163,(10,119)0.99:0.07275190157538056)1:0.4692656640213349)1:1.3459024497680467)1:0.5601654734489536)1:0.9127951389783895)1:0.1622609104203656)1:0.0918263319157184,(((67,15)1:2.18925970176051,(150,(104,54)1:0.08721411628042888)1:2.5302983517622826)1:0.39433828590157743,(((34,24)1:1.310192719346173,(155,109)1:0.5738892076130653)1:0.869960069331377,(66,((122,9)1:0.263730835210423,(105,(98,114)1:0.505396991505793)1:1.442327807699047)1:0.5352886556757835)1:0.3642273793123987)1:0.5481526443208964)1:0.38224722944247314)1:0.3487452936035681)1:0.19600669744869414,(0,((79,(120,(101,46)1:0.13320646447000062)1:4.576742221498335)1:0.1628930239184662,((94,17)1:2.3161530878483645,((((133,30)1:0.09686005556100283,(33,198)1:1.3109636771470614)1:2.6347246019908557,(91,((167,(59,(43,56)1:1.1016714487228458)1:1.8135370280099206)1:0.13934721060826105,((139,181)1:1.4292739358966347,((87,(165,85)1:0.35209921047565457)1:0.9186688070934782,(14,(197,71)1:0.9041612711793453)1:0.5619608009400844)0.89:0.04407345230793674)1:0.5920330563274995)0.97:0.06155122099631983)1:0.38220434562220984)1:0.14792205002097053,((73,((146,170)1:2.159893082682516,((178,76)1:0.9307917798848866,(151,(84,160)0.63:0.035911747100452696)1:0.8773117075113517)1:1.409451595349199)1:0.31834388401186586)1:0.32233785727387293,(((95,((29,186)1:0.1939421779497988,(159,(128,195)0.67:0.027562974384401907)1:0.23136824746877116)1:0.33448284816561424)1:1.7947914812384758,(173,(40,(188,(125,(145,63)1:0.503586454102167)1:1.0018887036557178)0.87:0.04238604736054861)1:0.598684717251769)1:0.8407277069682964)0.68:0.028771996107311647,((174,(108,(200,36)1:0.8813961318347376)0.85:0.03996066243876532)1:0.881542141788308,((74,(32,143)1:0.6294546748388352)1:0.5988875965671332,(19,((112,31)1:1.2692696777229981,((68,137)1:0.20133232939293408,(185,(161,113)0.76:0.03733441335604564)1:1.2435869646746742)1:0.11222004136542783)1:0.3795793623999809)0.99:0.07195077811955378)1:0.5005182822920656)1:0.4443883785725493)0.97:0.05889950982305147)1:0.27318292746549816)1:0.20387918891271614)0.5:0.01676996000609456)1:0.885538608882077)0.69:0.02571131031574822)1:0.43343694474329764,(((177,(27,(11,138)1:0.2483463247173206)1:1.1297742968921498)1:1.0225131727578598,(62,((194,189)1:0.09326687070817397,(116,(102,(90,176)1:0.4408587272892209)1:0.8273542263812209)1:0.2965742251876555)1:0.785010535733893)1:0.07882023637015674)1:0.33028956623181044,((118,(184,(78,(80,123)1:0.3334025572298296)1:0.33525303941746715)1:0.5040670325513689)1:1.3168952395366154,((199,(60,147)1:2.229714885707219)1:0.35351288631300704,(69,48)1:2.479770937637701)1:0.14757788224706397)1:0.5881206039921901)1:0.33446694979815617)0.8:0.03455462982902851)0.95:0.05372979754106146)0.75:0.03182133875264191)1:0.3386876584227631)1:1.5813875570866385));
Weight calculation took 566.418190472 secs
ASTRAL finished in 665.767 secs
