
================== ASTRAL ===================== 

This is ASTRAL version 5.7.8
Gene trees are treated as unrooted
1000 trees read from Dataset/AstralII_data/model.200.2000000.0.000001/21/estimatedgenetre.halfresolved
index0
All output trees will be *arbitrarily* rooted at 181

======== Running the main analysis
Number of taxa: 201 (201 species)
Taxa: [181, 144, 94, 117, 12, 62, 194, 174, 143, 70, 148, 133, 178, 26, 34, 51, 56, 152, 156, 120, 44, 21, 61, 177, 74, 0, 31, 191, 126, 59, 8, 99, 171, 114, 182, 136, 88, 93, 165, 141, 145, 96, 170, 10, 155, 69, 149, 189, 188, 17, 90, 50, 30, 78, 102, 65, 199, 42, 105, 110, 162, 58, 119, 35, 122, 22, 121, 27, 15, 134, 5, 116, 84, 43, 75, 83, 187, 115, 129, 159, 197, 86, 1, 200, 92, 54, 167, 46, 130, 38, 77, 25, 151, 168, 153, 103, 72, 123, 79, 128, 190, 160, 9, 108, 125, 87, 183, 53, 147, 180, 106, 196, 111, 39, 81, 6, 193, 98, 175, 57, 142, 23, 176, 85, 127, 4, 97, 49, 11, 113, 80, 161, 166, 95, 109, 19, 3, 16, 154, 60, 64, 179, 163, 137, 132, 173, 20, 18, 32, 138, 139, 2, 40, 91, 13, 101, 36, 135, 41, 29, 33, 195, 67, 55, 76, 186, 124, 157, 89, 52, 172, 112, 107, 71, 63, 146, 37, 24, 185, 14, 45, 7, 192, 28, 66, 131, 68, 198, 48, 82, 104, 164, 140, 73, 150, 158, 118, 169, 184, 47, 100]
Taxon occupancy: {110=1000, 111=1000, 112=1000, 113=1000, 114=1000, 115=1000, 116=1000, 117=1000, 118=1000, 119=1000, 10=1000, 11=1000, 12=1000, 13=1000, 14=1000, 15=1000, 16=1000, 17=1000, 18=1000, 19=1000, 120=1000, 0=1000, 121=1000, 122=1000, 1=1000, 123=1000, 2=1000, 3=1000, 124=1000, 125=1000, 4=1000, 126=1000, 5=1000, 6=1000, 127=1000, 128=1000, 7=1000, 8=1000, 129=1000, 9=1000, 20=1000, 21=1000, 22=1000, 23=1000, 24=1000, 25=1000, 26=1000, 27=1000, 28=1000, 29=1000, 130=1000, 131=1000, 132=1000, 133=1000, 134=1000, 135=1000, 136=1000, 137=1000, 138=1000, 139=1000, 30=1000, 31=1000, 32=1000, 33=1000, 34=1000, 35=1000, 36=1000, 37=1000, 38=1000, 39=1000, 140=1000, 141=1000, 142=1000, 143=1000, 144=1000, 145=1000, 146=1000, 147=1000, 148=1000, 149=1000, 40=1000, 41=1000, 42=1000, 43=1000, 44=1000, 45=1000, 46=1000, 47=1000, 48=1000, 49=1000, 150=1000, 151=1000, 152=1000, 153=1000, 154=1000, 155=1000, 156=1000, 157=1000, 158=1000, 159=1000, 50=1000, 51=1000, 52=1000, 53=1000, 54=1000, 55=1000, 56=1000, 57=1000, 58=1000, 59=1000, 160=1000, 161=1000, 162=1000, 163=1000, 164=1000, 165=1000, 166=1000, 167=1000, 168=1000, 169=1000, 60=1000, 61=1000, 62=1000, 63=1000, 64=1000, 65=1000, 66=1000, 67=1000, 68=1000, 69=1000, 170=1000, 171=1000, 172=1000, 173=1000, 174=1000, 175=1000, 176=1000, 177=1000, 178=1000, 179=1000, 70=1000, 71=1000, 72=1000, 73=1000, 74=1000, 75=1000, 76=1000, 77=1000, 78=1000, 79=1000, 180=1000, 181=1000, 182=1000, 183=1000, 184=1000, 185=1000, 186=1000, 187=1000, 188=1000, 189=1000, 80=1000, 81=1000, 82=1000, 83=1000, 84=1000, 85=1000, 86=1000, 87=1000, 88=1000, 89=1000, 190=1000, 191=1000, 192=1000, 193=1000, 194=1000, 195=1000, 196=1000, 197=1000, 198=1000, 199=1000, 90=1000, 91=1000, 92=1000, 93=1000, 94=1000, 95=1000, 96=1000, 97=1000, 98=1000, 99=1000, 200=1000, 100=1000, 101=1000, 102=1000, 103=1000, 104=1000, 105=1000, 106=1000, 107=1000, 108=1000, 109=1000}
Number of gene trees: 1000
0 trees have missing taxa
Calculating quartet distance matrix (for completion of X)
Species tree distances calculated ...
Building set of clusters (X) from gene trees 
------------------------------
gradient0: 47885
Number of Clusters after addition by distance: 47885
calculating extra bipartitions to be added at level 1 ...
Adding to X using resolutions of greedy consensus ...
Limit for sigma of degrees:5075
polytomy size limit : 21
discarded polytomies:  [3, 3, 3, 3, 3, 3, 3, 3, 3, 3, 3, 3, 3, 3, 3, 3, 3, 4, 4, 4, 4, 4, 4, 4, 4, 5, 5, 5, 5, 6, 7, 9, 11, 21]
Threshold 0.0:
Threshold 0.01:
Threshold 0.02:
Threshold 0.05:
polytomy of size 3; rounds with additions with at least 5 support: 0; clusters: 47885
polytomy of size 5; rounds with additions with at least 5 support: 0; clusters: 47885
Threshold 0.1:
polytomy of size 3; rounds with additions with at least 5 support: 0; clusters: 47885
polytomy of size 7; rounds with additions with at least 5 support: 0; clusters: 47885
Threshold 0.2:
polytomy of size 5; rounds with additions with at least 5 support: 0; clusters: 47885
polytomy of size 3; rounds with additions with at least 5 support: 0; clusters: 47885
polytomy of size 3; rounds with additions with at least 5 support: 0; clusters: 47885
polytomy of size 3; rounds with additions with at least 5 support: 0; clusters: 47885
polytomy of size 3; rounds with additions with at least 5 support: 0; clusters: 47885
polytomy of size 4; rounds with additions with at least 5 support: 0; clusters: 47885
polytomy of size 3; rounds with additions with at least 5 support: 0; clusters: 47885
polytomy of size 3; rounds with additions with at least 5 support: 0; clusters: 47885
polytomy of size 3; rounds with additions with at least 5 support: 0; clusters: 47885
polytomy of size 11; rounds with additions with at least 5 support: 0; clusters: 47885
Threshold 0.3333333333333333:
polytomy of size 4; rounds with additions with at least 5 support: 0; clusters: 47885
polytomy of size 3; rounds with additions with at least 5 support: 0; clusters: 47885
polytomy of size 3; rounds with additions with at least 5 support: 0; clusters: 47885
polytomy of size 3; rounds with additions with at least 5 support: 0; clusters: 47885
polytomy of size 5; rounds with additions with at least 5 support: 0; clusters: 47885
polytomy of size 5; rounds with additions with at least 5 support: 0; clusters: 47885
polytomy of size 3; rounds with additions with at least 5 support: 0; clusters: 47885
polytomy of size 4; rounds with additions with at least 5 support: 0; clusters: 47885
polytomy of size 9; rounds with additions with at least 5 support: 0; clusters: 47885
polytomy of size 4; rounds with additions with at least 5 support: 0; clusters: 47885
polytomy of size 4; rounds with additions with at least 5 support: 0; clusters: 47885
polytomy of size 3; rounds with additions with at least 5 support: 0; clusters: 47885
polytomy of size 3; rounds with additions with at least 5 support: 0; clusters: 47885
polytomy of size 6; rounds with additions with at least 5 support: 0; clusters: 47885
polytomy of size 3; rounds with additions with at least 5 support: 0; clusters: 47885
polytomy of size 3; rounds with additions with at least 5 support: 0; clusters: 47885
polytomy of size 4; rounds with additions with at least 5 support: 0; clusters: 47885
polytomy of size 4; rounds with additions with at least 5 support: 0; clusters: 47885
polytomy of size 4; rounds with additions with at least 5 support: 0; clusters: 47885
polytomy of size 21; rounds with additions with at least 5 support: 0; clusters: 47885
max k is :0
Number of Clusters after addition by greedy: 47885
gradient0 in heuristiic: 47885
partitions formed in 42.809 secs
Dynamic Programming starting after 42.809 secs
Using tree-based weight calculation.
Using polytree-based weight calculation.
Polytree max score: 65998096683
Polytree building time: 5.504 seconds.
Number of quartet trees in the gene trees: 65998096683
Size of largest cluster: 201
Greedy score: 42641539085
estimationFactor: 1.5477418990773748
Sub-optimal score: 44019357421
Calculated 100000 weights; time (seconds): 257
Calculated 200000 weights; time (seconds): 201
Total Number of elements weighted: 201033
Normalized score (portion of input quartet trees satisfied before correcting for multiple individuals): 0.7184469779901032
Optimization score: 47416133115
Optimal tree inferred in 461.199 secs.
(109,((19,3),((154,(16,((95,60),(64,(179,163))))),(((137,(((14,(45,7)),((24,185),(146,37))),(((192,28),(131,(68,198))),(66,((157,(89,52)),((71,63),(107,(172,112)))))))),(132,((76,(195,((33,186),(124,(67,55))))),(((40,(91,13)),(135,(101,(2,36)))),((41,29),(18,(139,(32,(20,(173,138)))))))))),((((164,(48,(82,104))),((140,73),(47,(150,(100,(118,(158,(169,184)))))))),((196,(147,(180,106))),((193,98),((6,(81,(111,39))),(((11,113),(80,(161,166))),((97,49),((57,(175,142)),((23,176),(85,(127,4)))))))))),(((116,((84,(43,75)),(187,((83,(115,197)),(86,(129,159)))))),((153,(103,72)),(((151,168),(38,(77,25))),((128,190),((79,(123,160)),(87,(9,(108,125)))))))),((((46,130),((144,183),(181,(94,117)))),(53,((((12,62),(194,(174,143))),(177,(74,(21,(44,61))))),((133,(156,120)),(((56,152),(34,51)),(178,(26,(70,148)))))))),(((54,167),(1,(200,92))),(0,((((110,(162,58)),(102,(42,(65,199)))),(105,((119,35),((15,(134,5)),((122,22),(121,27)))))),(((165,((170,10),(145,(141,96)))),(99,(171,(88,(114,(182,(136,93))))))),(((31,191),(126,(59,8))),((69,(155,149)),(90,((50,(30,78)),(17,(189,188)))))))))))))))));
Final quartet score is: 47416133115
Final normalized quartet score is: 0.7184469779901032
Extended species tree:
(181,((94,117)1:1.505633870371989,((144,183)1:2.5212267236142156,((46,130)1:2.7706646652826756,((53,((((12,62)1:1.2565836732953233,(194,(174,143)1:0.9868161281479899)0.9:0.041513482851406915)1:1.2534671898080574,(177,(74,(21,(44,61)1:0.3577068238007988)1:2.850721461275256)0.96:0.05469632535591181)1:1.086535730785967)1:0.07870264206809065,((133,(156,120)1:2.80058662174501)1:0.0919792363058194,(((56,152)1:1.204711663393624,(34,51)1:2.1101005763549896)1:1.2418298654743527,(178,(26,(70,148)1:0.97711261908201)1:0.20859221199096145)1:0.8479724525661527)1:0.14877016129952123)1:0.6204711287158401)1:1.2552324796945968)1:0.11600141194532061,((((54,167)1:2.1254170607203955,(1,(200,92)1:2.2583360468236644)1:0.246409201997523)1:1.4991571166795012,(0,((((110,(162,58)1:0.10702014123304937)1:2.128035272112133,(102,(42,(65,199)1:0.14954134631725688)1:1.4593271066103468)1:0.3967154498955534)1:1.282879744576187,(105,((119,35)1:2.2366441289712715,((15,(134,5)1:0.7249495900480747)1:0.23178006479463129,((122,22)1:0.43952217014878103,(121,27)1:1.4082441650472661)1:1.077133091241805)1:0.39230170563965894)1:0.07349238597952122)1:1.42971143897056)1:1.6968429543311447,(((165,((170,10)1:1.4583012768483452,(145,(141,96)1:0.5821583913868047)1:1.211666862907019)1:2.5650159597460203)1:0.5674933643060455,(99,(171,(88,(114,(182,(136,93)1:0.9848778415377265)1:0.11524627679376377)1:0.557814825286996)1:0.4066726240794976)1:2.387960920835771)1:0.2953253772179366)1:1.0960965461419112,(((31,191)1:0.5281092038521321,(126,(59,8)1:0.23203285912876515)1:0.8404164366857427)1:2.9704092288846278,((69,(155,149)1:0.5676341813505599)1:1.6299982779663127,(90,((50,(30,78)1:0.8660131729364622)1:0.9324331558814893,(17,(189,188)1:1.1888552523623657)1:1.400295972458878)1:2.0705451510751107)1:1.766022730852736)1:0.23747385965097995)0.96:0.05395545109979759)1:0.39352027268001116)1:0.39050394375226155)0.99:0.060262527318400365)1:0.1331762860170187,(((116,((84,(43,75)1:0.17212881310541184)1:2.1334245704002055,(187,((83,(115,197)1:0.6160972040533178)1:0.23862635234591603,(86,(129,159)1:0.4570035240323256)1:0.2802421993452514)1:1.3340991096923203)1:0.3092933580766278)1:0.592181686042448)1:2.8095417004220256,((153,(103,72)1:2.599685846209071)1:0.8677773091046458,(((151,168)1:1.4354417319371646,(38,(77,25)1:1.618904390827705)1:0.3143919224817512)1:1.8594454882107647,((128,190)1:2.5376046646048924,((79,(123,160)1:0.18267482095847473)1:0.7064601781120232,(87,(9,(108,125)1:1.4653224168304066)0.93:0.04543190186529512)1:0.7336568179410846)1:0.22373699496602742)1:0.8748505399902826)1:0.7143140196158732)1:2.0710921907879922)1:0.26721461026264104,((((164,(48,(82,104)1:1.658655144110344)1:2.4846683378466783)1:0.374462673133578,((140,73)1:2.5562902951027753,(47,(150,(100,(118,(158,(169,184)1:0.2699028496903317)0.57:0.016185088480450336)1:2.2511691246823933)0.88:0.03912503636686334)1:0.17951476037644687)1:2.0728036148837155)1:0.6418404213665727)1:0.17035069055639895,((196,(147,(180,106)1:0.9467931647973994)1:2.938702335100198)1:0.5136722926291291,((193,98)1:0.8528061944617576,((6,(81,(111,39)1:0.4224902870991193)1:2.0776834264124555)1:0.20593618084094686,(((11,113)1:0.8383073014585406,(80,(161,166)1:0.1960611812049353)1:0.5666681583045705)1:0.9094195068948242,((97,49)1:0.2492127688935022,((57,(175,142)1:0.9065533439125267)0.52:0.013116292645926165,((23,176)1:1.0874697403131812,(85,(127,4)1:0.116455620816)1:0.25637961896891853)1:0.5508585463224223)0.87:0.03874804000493063)1:0.23117696685439706)1:1.0603722282867303)0.89:0.04651471010794704)1:1.195970256554018)1:1.6308066562668857)1:0.13213556402769328,(((137,(((14,(45,7)1:0.6736613029981725)1:0.19356829496009206,((24,185)1:1.4593999876543269,(146,37)1:1.5527017972365802)1:0.8243729964592887)1:2.0533498017355067,(((192,28)1:1.9027800462377669,(131,(68,198)1:3.243554561350769)1:0.5436740634602085)1:0.19921115697209515,(66,((157,(89,52)1:0.8142244613614819)1:1.9284139396869937,((71,63)1:0.20618708800118546,(107,(172,112)1:0.5736021018388886)1:0.2778455025543923)1:1.3356801769701443)1:0.9870255667516837)0.83:0.03425878296465462)1:0.8448987528206063)1:0.46950108560979653)0.8:0.03765116296032439,(132,((76,(195,((33,186)1:0.23975713517678895,(124,(67,55)1:0.5036345632824554)0.6:0.024585739321119453)1:0.30939763677560395)1:1.5264990516269128)1:1.6112976523133273,(((40,(91,13)1:0.5991932462240829)1:0.8689700790677547,(135,(101,(2,36)0.95:0.048064061021402066)1:0.29645159005211696)1:0.7481017750947626)1:1.4306285618254129,((41,29)1:2.551976916286598,(18,(139,(32,(20,(173,138)1:0.7329273546993367)0.99:0.0652000060275582)0.68:0.023364577670556164)1:0.4977999355110443)1:1.4463620783485691)1:0.21462245275408734)1:1.4722504796050777)1:0.24285771360882047)1:0.33113484983672253)1:0.580950507577531,((154,(16,((95,60)1:0.716042824596847,(64,(179,163)1:0.4429821012901651)0.92:0.044882866897587186)1:0.38259597500333775)1:0.7244252266238682)1:0.15296626371063649,((19,3)1:1.2129301670614254,109)1:1.3963528030169259)1:1.3644105712770231)1:0.43548208051057485)1:0.1954544568611697)1:0.1127505866724949)1:0.3687444972392472)1:0.8106042179004449)1:1.7205773730330074)1:1.1384586944782498));
Weight calculation took 397.529865638 secs
ASTRAL finished in 471.834 secs
