
================== ASTRAL ===================== 

This is ASTRAL version 5.7.8
Gene trees are treated as unrooted
50 trees read from Dataset/AstralII_data/model.200.2000000.0.000001/08/estimatedgenetre.halfresolved_50
index0
All output trees will be *arbitrarily* rooted at 105

======== Running the main analysis
Number of taxa: 201 (201 species)
Taxa: [105, 12, 137, 28, 188, 82, 84, 168, 90, 158, 31, 8, 169, 56, 1, 189, 18, 115, 151, 148, 17, 20, 4, 58, 29, 26, 5, 89, 130, 165, 61, 163, 60, 161, 80, 185, 36, 157, 153, 194, 25, 44, 190, 108, 170, 106, 193, 77, 88, 62, 83, 43, 129, 152, 24, 50, 195, 63, 0, 93, 125, 98, 128, 123, 156, 144, 162, 21, 86, 9, 132, 94, 143, 171, 38, 48, 68, 187, 177, 69, 75, 142, 164, 47, 178, 103, 45, 111, 96, 112, 3, 176, 181, 101, 184, 30, 51, 99, 32, 133, 154, 42, 116, 15, 72, 172, 65, 192, 175, 70, 6, 141, 97, 102, 118, 146, 11, 121, 139, 57, 191, 40, 198, 134, 10, 67, 140, 78, 59, 74, 135, 147, 81, 92, 183, 34, 167, 186, 23, 79, 22, 155, 64, 120, 19, 33, 174, 199, 37, 119, 16, 145, 150, 7, 127, 149, 124, 122, 35, 182, 95, 114, 54, 87, 53, 159, 46, 196, 180, 200, 49, 166, 110, 73, 91, 13, 126, 179, 85, 160, 109, 104, 41, 71, 113, 2, 138, 136, 55, 27, 107, 39, 100, 76, 14, 173, 131, 117, 66, 52, 197]
Taxon occupancy: {110=50, 111=50, 112=50, 113=50, 114=50, 115=50, 116=50, 117=50, 118=50, 119=50, 10=50, 11=50, 12=50, 13=50, 14=50, 15=50, 16=50, 17=50, 18=50, 19=50, 120=50, 0=50, 121=50, 1=50, 122=50, 123=50, 2=50, 3=50, 124=50, 4=50, 125=50, 5=50, 126=50, 6=50, 127=50, 128=50, 7=50, 8=50, 129=50, 9=50, 20=50, 21=50, 22=50, 23=50, 24=50, 25=50, 26=50, 27=50, 28=50, 29=50, 130=50, 131=50, 132=50, 133=50, 134=50, 135=50, 136=50, 137=50, 138=50, 139=50, 30=50, 31=50, 32=50, 33=50, 34=50, 35=50, 36=50, 37=50, 38=50, 39=50, 140=50, 141=50, 142=50, 143=50, 144=50, 145=50, 146=50, 147=50, 148=50, 149=50, 40=50, 41=50, 42=50, 43=50, 44=50, 45=50, 46=50, 47=50, 48=50, 49=50, 150=50, 151=50, 152=50, 153=50, 154=50, 155=50, 156=50, 157=50, 158=50, 159=50, 50=50, 51=50, 52=50, 53=50, 54=50, 55=50, 56=50, 57=50, 58=50, 59=50, 160=50, 161=50, 162=50, 163=50, 164=50, 165=50, 166=50, 167=50, 168=50, 169=50, 60=50, 61=50, 62=50, 63=50, 64=50, 65=50, 66=50, 67=50, 68=50, 69=50, 170=50, 171=50, 172=50, 173=50, 174=50, 175=50, 176=50, 177=50, 178=50, 179=50, 70=50, 71=50, 72=50, 73=50, 74=50, 75=50, 76=50, 77=50, 78=50, 79=50, 180=50, 181=50, 182=50, 183=50, 184=50, 185=50, 186=50, 187=50, 188=50, 189=50, 80=50, 81=50, 82=50, 83=50, 84=50, 85=50, 86=50, 87=50, 88=50, 89=50, 190=50, 191=50, 192=50, 193=50, 194=50, 195=50, 196=50, 197=50, 198=50, 199=50, 90=50, 91=50, 92=50, 93=50, 94=50, 95=50, 96=50, 97=50, 98=50, 99=50, 200=50, 100=50, 101=50, 102=50, 103=50, 104=50, 105=50, 106=50, 107=50, 108=50, 109=50}
Number of gene trees: 50
0 trees have missing taxa
Calculating quartet distance matrix (for completion of X)
Species tree distances calculated ...
Building set of clusters (X) from gene trees 
------------------------------
gradient0: 10231
Number of Clusters after addition by distance: 10231
calculating extra bipartitions to be added at level 1 ...
Adding to X using resolutions of greedy consensus ...
Limit for sigma of degrees:5075
polytomy size limit : 98
discarded polytomies:  [3, 3, 3, 3, 3, 3, 3, 3, 3, 3, 3, 3, 3, 3, 3, 3, 3, 3, 3, 3, 3, 3, 3, 3, 3, 3, 3, 3, 3, 3, 3, 3, 3, 3, 4, 4, 4, 4, 4, 4, 4, 4, 4, 4, 4, 4, 4, 5, 5, 5, 5, 5, 5, 5, 6, 6, 7, 7, 7, 8, 20, 35, 98]
Threshold 0.0:
polytomy of size 3; rounds with additions with at least 5 support: 0; clusters: 10235
polytomy of size 3; rounds with additions with at least 5 support: 0; clusters: 10241
polytomy of size 3; rounds with additions with at least 5 support: 0; clusters: 10247
Threshold 0.01:
polytomy of size 3; rounds with additions with at least 5 support: 0; clusters: 10247
polytomy of size 3; rounds with additions with at least 5 support: 0; clusters: 10247
polytomy of size 3; rounds with additions with at least 5 support: 0; clusters: 10247
Threshold 0.02:
polytomy of size 3; rounds with additions with at least 5 support: 0; clusters: 10247
polytomy of size 3; rounds with additions with at least 5 support: 0; clusters: 10247
polytomy of size 3; rounds with additions with at least 5 support: 0; clusters: 10247
Threshold 0.05:
polytomy of size 3; rounds with additions with at least 5 support: 0; clusters: 10247
polytomy of size 3; rounds with additions with at least 5 support: 0; clusters: 10247
polytomy of size 3; rounds with additions with at least 5 support: 1; clusters: 10249
polytomy of size 3; rounds with additions with at least 5 support: 0; clusters: 10249
polytomy of size 5; rounds with additions with at least 5 support: 3; clusters: 10259
polytomy of size 5; rounds with additions with at least 5 support: 5; clusters: 10273
polytomy of size 5; rounds with additions with at least 5 support: 3; clusters: 10281
Threshold 0.1:
polytomy of size 3; rounds with additions with at least 5 support: 0; clusters: 10281
polytomy of size 4; rounds with additions with at least 5 support: 1; clusters: 10285
polytomy of size 3; rounds with additions with at least 5 support: 0; clusters: 10285
polytomy of size 3; rounds with additions with at least 5 support: 0; clusters: 10285
polytomy of size 3; rounds with additions with at least 5 support: 0; clusters: 10285
polytomy of size 3; rounds with additions with at least 5 support: 0; clusters: 10285
polytomy of size 4; rounds with additions with at least 5 support: 0; clusters: 10285
polytomy of size 4; rounds with additions with at least 5 support: 0; clusters: 10287
polytomy of size 20; rounds with additions with at least 5 support: 3; clusters: 10325
Threshold 0.2:
polytomy of size 4; rounds with additions with at least 5 support: 0; clusters: 10325
polytomy of size 3; rounds with additions with at least 5 support: 0; clusters: 10325
polytomy of size 3; rounds with additions with at least 5 support: 0; clusters: 10325
polytomy of size 3; rounds with additions with at least 5 support: 0; clusters: 10325
polytomy of size 3; rounds with additions with at least 5 support: 0; clusters: 10325
polytomy of size 3; rounds with additions with at least 5 support: 0; clusters: 10325
polytomy of size 7; rounds with additions with at least 5 support: 0; clusters: 10325
polytomy of size 4; rounds with additions with at least 5 support: 0; clusters: 10325
polytomy of size 5; rounds with additions with at least 5 support: 0; clusters: 10325
polytomy of size 6; rounds with additions with at least 5 support: 0; clusters: 10325
polytomy of size 4; rounds with additions with at least 5 support: 0; clusters: 10325
polytomy of size 6; rounds with additions with at least 5 support: 1; clusters: 10333
polytomy of size 4; rounds with additions with at least 5 support: 0; clusters: 10333
polytomy of size 3; rounds with additions with at least 5 support: 0; clusters: 10333
polytomy of size 4; rounds with additions with at least 5 support: 0; clusters: 10333
polytomy of size 5; rounds with additions with at least 5 support: 0; clusters: 10333
polytomy of size 8; rounds with additions with at least 5 support: 0; clusters: 10343
polytomy of size 3; rounds with additions with at least 5 support: 0; clusters: 10343
polytomy of size 35; rounds with additions with at least 5 support: 0; clusters: 10349
Threshold 0.3333333333333333:
polytomy of size 3; rounds with additions with at least 5 support: 0; clusters: 10349
polytomy of size 5; rounds with additions with at least 5 support: 0; clusters: 10349
polytomy of size 3; rounds with additions with at least 5 support: 0; clusters: 10349
polytomy of size 4; rounds with additions with at least 5 support: 0; clusters: 10349
polytomy of size 3; rounds with additions with at least 5 support: 0; clusters: 10349
polytomy of size 4; rounds with additions with at least 5 support: 0; clusters: 10349
polytomy of size 3; rounds with additions with at least 5 support: 0; clusters: 10349
polytomy of size 3; rounds with additions with at least 5 support: 0; clusters: 10349
polytomy of size 3; rounds with additions with at least 5 support: 0; clusters: 10349
polytomy of size 7; rounds with additions with at least 5 support: 0; clusters: 10349
polytomy of size 5; rounds with additions with at least 5 support: 0; clusters: 10349
polytomy of size 7; rounds with additions with at least 5 support: 0; clusters: 10349
polytomy of size 3; rounds with additions with at least 5 support: 0; clusters: 10349
polytomy of size 4; rounds with additions with at least 5 support: 0; clusters: 10349
polytomy of size 4; rounds with additions with at least 5 support: 0; clusters: 10349
polytomy of size 4; rounds with additions with at least 5 support: 0; clusters: 10349
polytomy of size 3; rounds with additions with at least 5 support: 0; clusters: 10349
polytomy of size 3; rounds with additions with at least 5 support: 0; clusters: 10349
polytomy of size 98; rounds with additions with at least 5 support: 0; clusters: 10353
max k is :10
Number of Clusters after addition by greedy: 10353
gradient0 in heuristiic: 10353
partitions formed in 13.973 secs
Dynamic Programming starting after 13.973 secs
Using tree-based weight calculation.
Using polytree-based weight calculation.
Polytree max score: 3275991480
Polytree building time: 0.078 seconds.
Number of quartet trees in the gene trees: 3275991480
Size of largest cluster: 201
Greedy score: 1558305633
estimationFactor: 2.1022778912074944
Sub-optimal score: 1851083415
Total Number of elements weighted: 14796
Normalized score (portion of input quartet trees satisfied before correcting for multiple individuals): 0.5955237502632332
Optimization score: 1950930732
Optimal tree inferred in 18.73 secs.
(46,(159,(196,(114,((54,(87,53)),(((37,119),(124,((149,(7,127)),((16,145),((122,182),(35,(150,95))))))),(((180,166),((200,91),(49,(110,73)))),((85,((109,104),(179,(126,(13,160))))),(((((65,175),(6,141)),((146,(11,121)),(118,(97,102)))),((72,172),((192,70),((134,10),(139,(198,(57,(191,40)))))))),((((22,(120,(155,64))),((67,140),(((174,199),(19,33)),((147,(92,(183,(81,(34,167))))),((186,(23,79)),(135,(74,(78,59)))))))),((2,(113,(41,71))),((168,((84,90),(131,(173,(76,14))))),((189,(1,18)),(((188,158),((39,(107,100)),((136,55),(138,27)))),((105,(12,(137,28))),((31,(56,(8,169))),((115,151),(82,((52,197),(117,66))))))))))),((((195,63),((26,83),(152,((77,(88,62)),(24,(43,(129,50))))))),(((5,60),((161,80),((165,61),(130,(89,163))))),((108,(193,(170,106))),((185,36),((194,25),(157,(44,(153,190)))))))),((17,(148,(4,(20,(58,29))))),(0,((((93,(125,98)),((48,68),(132,(38,(143,(94,171)))))),(((116,15),((154,42),(32,133))),(164,(69,(142,(75,(187,177))))))),((86,9),(((123,(156,144)),(128,(162,21))),(30,(((103,(45,111)),((181,184),(176,101))),((112,3),(99,(178,(47,(96,51)))))))))))))))))))))));
Final quartet score is: 1950930732
Final normalized quartet score is: 0.5955237502632332
Extended species tree:
(105,((12,(137,28)1:0.627346829601952)1:1.1291953903174548,(((31,(56,(8,169)0.99:0.3400283160815379)1:0.4390571315340472)1:0.5746304659436084,((115,151)1:1.9969664346337097,(82,((52,197)0.56:0.07205239706921161,(117,66)1:1.3873376580324688)0.96:0.26575065813423016)1:0.5836405748020136)0.62:0.14283238654584277)0.67:0.10038642353567295,(((188,158)0.98:0.29686983302018755,((39,(107,100)1:0.3865217652236204)0.94:0.23069632464581896,((136,55)1:0.9911135114487994,(138,27)0.9:0.2239049548467973)1:0.4295630115373142)1:0.7290637346293728)0.52:0.052877714320689016,((189,(1,18)0.42:0.03677502593395386)1:2.2233147283764145,((168,((84,90)0.99:0.35475563123100523,(131,(173,(76,14)1:0.5701780115130378)0.97:0.27356113556459716)1:0.6025658267824284)0.64:0.09150547780151196)1:0.39219351256737345,((2,(113,(41,71)1:0.3753714455467963)0.91:0.20252322452344224)1:1.5511091526492133,(((22,(120,(155,64)1:0.489238797036555)1:0.38135593652643096)1:1.328484627544222,((67,140)1:1.5477221130004906,(((174,199)1:1.2211392843644857,(19,33)1:0.9672500942911327)0.96:0.24818878690577767,((147,(92,(183,(81,(34,167)0.7:0.1381898454340462)0.67:0.12972712683884716)0.39:0.010631196641253787)1:0.843088466077696)0.66:0.11274933890499969,((186,(23,79)1:0.4606329135947124)1:0.5285993262803745,(135,(74,(78,59)0.65:0.09028280540755636)0.84:0.16355156136465365)0.79:0.13697734036271136)0.43:0.024877163014751798)0.77:0.13233861706849984)0.55:0.09461971885969064)1:0.39763957497121005)0.95:0.23249258273258877,(((((195,63)1:0.36032302857571163,((26,83)0.93:0.2397445630416448,(152,((77,(88,62)0.95:0.29676199927566166)1:0.8575239010030936,(24,(43,(129,50)0.72:0.22738984219566089)0.88:0.25405814022069456)1:1.157281065851284)0.85:0.17454147136583886)0.98:0.28696223639176827)0.93:0.21341748548666195)0.88:0.17896450689434296,(((5,60)1:0.4481916572959886,((161,80)1:1.051330179457855,((165,61)1:0.920585550600815,(130,(89,163)0.46:0.06655714941180205)1:0.3641586640756589)0.81:0.1972948388949165)0.44:0.026298727794357525)1:0.8219587904211272,((108,(193,(170,106)0.87:0.19306609607693181)0.71:0.12846391660411108)1:0.36487811009860116,((185,36)1:0.5127763265426476,((194,25)1:1.1626866702385075,(157,(44,(153,190)0.99:0.3919649248464596)0.56:0.08546784491562286)0.75:0.12846607331380763)0.93:0.2212820366164084)0.56:0.08760299557875822)1:0.4718894199721045)0.99:0.3224161382063747)1:0.5449930751479727,((17,(148,(4,(20,(58,29)0.69:0.15192697421891468)0.69:0.17823161988868672)1:0.7647334231272427)0.95:0.26526256558210326)1:1.4859087018261758,(0,((((93,(125,98)0.93:0.23851048780027306)1:0.37867653779269794,((48,68)1:1.272936784099029,(132,(38,(143,(94,171)1:0.4804670053765354)0.84:0.16526596200814608)1:0.965629529948529)0.55:0.05965147064282695)0.71:0.10940757984335102)1:0.42517377338862566,(((116,15)1:0.6646389785774007,((154,42)1:0.7489080527226211,(32,133)1:2.246309475510349)0.51:0.06425739495945368)1:0.9225176845760225,(164,(69,(142,(75,(187,177)0.6:0.08978109187701332)0.44:0.04511389422389289)1:0.6193643894877462)0.98:0.281356115017)1:0.9663407802736151)1:0.35304673370191597)0.38:0.007335724177458143,((86,9)1:1.5865430824520912,(((123,(156,144)0.84:0.20157110805893214)1:1.041721022937523,(128,(162,21)1:0.9023851699976085)0.97:0.26071509956871397)1:0.4130553124522952,(30,(((103,(45,111)0.99:0.4800962296329597)1:1.093361031693688,((181,184)0.97:0.2980128067464628,(176,101)0.67:0.10419693366658689)1:0.9271515988870173)0.98:0.2713099817952724,((112,3)1:1.2487976971553643,(99,(178,(47,(96,51)0.82:0.1489811381337167)0.61:0.146660489288674)0.67:0.09948371688925481)1:0.3899330359058541)0.43:0.03426514788419361)0.4:0.014594985561243414)1:0.45324496900096434)0.41:0.024788463858925847)0.67:0.09470171666500116)0.97:0.2630703986152629)0.59:0.08194650329855581)0.64:0.08618546571306006)0.55:0.05994577362437915,(((((65,175)1:0.8295755334043946,(6,141)1:1.6050367267089922)0.99:0.32884388784116425,((146,(11,121)1:0.7704232319365114)1:0.8531869959011421,(118,(97,102)0.58:0.08353403904748286)1:1.6468323310695525)1:0.8462371471209442)0.99:0.3361931476482632,((72,172)1:0.5134281931411695,((192,70)0.99:0.33566460384528457,((134,10)0.7:0.11054781911987195,(139,(198,(57,(191,40)1:1.0962242278317245)0.72:0.14778957325157882)1:0.7292121154807416)0.95:0.24305148293382087)1:0.7641105004147816)0.92:0.20315898764859977)0.47:0.03675759230620206)0.4:0.01783679481886381,((85,((109,104)1:0.47366226772989584,(179,(126,(13,160)0.41:0.03323831731606514)1:0.6490856738412066)1:0.6009783280470835)0.89:0.1922844906940849)0.99:0.32793690249213947,(((180,166)1:0.5581188484757393,((200,91)0.77:0.13192413840822792,(49,(110,73)0.82:0.17684209102932902)1:0.4771925687475595)1:0.8698925779256244)0.61:0.0841249018594859,(((37,119)1:0.8691269037119455,(124,((149,(7,127)0.56:0.11848870218767772)1:1.1669776029352068,((16,145)1:0.45803638875648484,((122,182)0.85:0.19902392687262893,(35,(150,95)0.68:0.11703470848068075)0.83:0.19615022545887958)0.99:0.359616978373451)0.85:0.19499274056437163)1:0.5036739693514501)1:0.6015820769543363)0.6:0.09640030592096693,((54,(87,53)1:0.7190046659010593)1:0.5136656904020386,(114,(196,(159,46)1:0.9790027684856918)1:0.5501391103820046)1:0.49760355619605406)1:0.8682035175719627)1:0.37701991069195573)0.41:0.018469954151795618)0.67:0.09655764038801078)0.96:0.24651458590526637)0.71:0.10961291829291664)0.99:0.3224085438303668)0.44:0.031324460944200445)0.79:0.13731453936876245)0.46:0.03543054149718505)0.86:0.1670759656472065)1:1.3406845825756595));
Weight calculation took 4.135634158 secs
ASTRAL finished in 20.094 secs
