
================== ASTRAL ===================== 

This is ASTRAL version 5.7.8
Gene trees are treated as unrooted
200 trees read from Dataset/AstralII_data/model.200.2000000.0.000001/08/estimatedgenetre.halfresolved_200
index0
All output trees will be *arbitrarily* rooted at 105

======== Running the main analysis
Number of taxa: 201 (201 species)
Taxa: [105, 12, 137, 28, 188, 82, 84, 168, 90, 158, 31, 8, 169, 56, 1, 189, 18, 115, 151, 148, 17, 20, 4, 58, 29, 26, 5, 89, 130, 165, 61, 163, 60, 161, 80, 185, 36, 157, 153, 194, 25, 44, 190, 108, 170, 106, 193, 77, 88, 62, 83, 43, 129, 152, 24, 50, 195, 63, 0, 93, 125, 98, 128, 123, 156, 144, 162, 21, 86, 9, 132, 94, 143, 171, 38, 48, 68, 187, 177, 69, 75, 142, 164, 47, 178, 103, 45, 111, 96, 112, 3, 176, 181, 101, 184, 30, 51, 99, 32, 133, 154, 42, 116, 15, 72, 172, 65, 192, 175, 70, 6, 141, 97, 102, 118, 146, 11, 121, 139, 57, 191, 40, 198, 134, 10, 67, 140, 78, 59, 74, 135, 147, 81, 92, 183, 34, 167, 186, 23, 79, 22, 155, 64, 120, 19, 33, 174, 199, 37, 119, 16, 145, 150, 7, 127, 149, 124, 122, 35, 182, 95, 114, 54, 87, 53, 159, 46, 196, 180, 200, 49, 166, 110, 73, 91, 13, 126, 179, 85, 160, 109, 104, 41, 71, 113, 2, 138, 136, 55, 27, 107, 39, 100, 76, 14, 173, 131, 117, 66, 52, 197]
Taxon occupancy: {110=200, 111=200, 112=200, 113=200, 114=200, 115=200, 116=200, 117=200, 118=200, 119=200, 10=200, 11=200, 12=200, 13=200, 14=200, 15=200, 16=200, 17=200, 18=200, 19=200, 120=200, 0=200, 121=200, 1=200, 122=200, 123=200, 2=200, 3=200, 124=200, 4=200, 125=200, 5=200, 126=200, 6=200, 127=200, 128=200, 7=200, 8=200, 129=200, 9=200, 20=200, 21=200, 22=200, 23=200, 24=200, 25=200, 26=200, 27=200, 28=200, 29=200, 130=200, 131=200, 132=200, 133=200, 134=200, 135=200, 136=200, 137=200, 138=200, 139=200, 30=200, 31=200, 32=200, 33=200, 34=200, 35=200, 36=200, 37=200, 38=200, 39=200, 140=200, 141=200, 142=200, 143=200, 144=200, 145=200, 146=200, 147=200, 148=200, 149=200, 40=200, 41=200, 42=200, 43=200, 44=200, 45=200, 46=200, 47=200, 48=200, 49=200, 150=200, 151=200, 152=200, 153=200, 154=200, 155=200, 156=200, 157=200, 158=200, 159=200, 50=200, 51=200, 52=200, 53=200, 54=200, 55=200, 56=200, 57=200, 58=200, 59=200, 160=200, 161=200, 162=200, 163=200, 164=200, 165=200, 166=200, 167=200, 168=200, 169=200, 60=200, 61=200, 62=200, 63=200, 64=200, 65=200, 66=200, 67=200, 68=200, 69=200, 170=200, 171=200, 172=200, 173=200, 174=200, 175=200, 176=200, 177=200, 178=200, 179=200, 70=200, 71=200, 72=200, 73=200, 74=200, 75=200, 76=200, 77=200, 78=200, 79=200, 180=200, 181=200, 182=200, 183=200, 184=200, 185=200, 186=200, 187=200, 188=200, 189=200, 80=200, 81=200, 82=200, 83=200, 84=200, 85=200, 86=200, 87=200, 88=200, 89=200, 190=200, 191=200, 192=200, 193=200, 194=200, 195=200, 196=200, 197=200, 198=200, 199=200, 90=200, 91=200, 92=200, 93=200, 94=200, 95=200, 96=200, 97=200, 98=200, 99=200, 200=200, 100=200, 101=200, 102=200, 103=200, 104=200, 105=200, 106=200, 107=200, 108=200, 109=200}
Number of gene trees: 200
0 trees have missing taxa
Calculating quartet distance matrix (for completion of X)
Species tree distances calculated ...
Building set of clusters (X) from gene trees 
------------------------------
gradient0: 31899
Number of Clusters after addition by distance: 31899
calculating extra bipartitions to be added at level 1 ...
Adding to X using resolutions of greedy consensus ...
Limit for sigma of degrees:5075
polytomy size limit : 94
discarded polytomies:  [3, 3, 3, 3, 3, 3, 3, 3, 3, 3, 3, 3, 3, 3, 3, 3, 3, 3, 3, 3, 3, 3, 3, 3, 3, 3, 3, 3, 4, 4, 4, 4, 4, 4, 4, 4, 4, 4, 4, 4, 4, 5, 5, 5, 5, 5, 5, 5, 5, 5, 5, 6, 6, 7, 7, 9, 23, 35, 94]
Threshold 0.0:
Threshold 0.01:
Threshold 0.02:
polytomy of size 3; rounds with additions with at least 5 support: 0; clusters: 31903
polytomy of size 3; rounds with additions with at least 5 support: 0; clusters: 31905
Threshold 0.05:
polytomy of size 4; rounds with additions with at least 5 support: 0; clusters: 31905
polytomy of size 4; rounds with additions with at least 5 support: 0; clusters: 31905
polytomy of size 6; rounds with additions with at least 5 support: 0; clusters: 31907
polytomy of size 3; rounds with additions with at least 5 support: 0; clusters: 31907
polytomy of size 4; rounds with additions with at least 5 support: 0; clusters: 31907
polytomy of size 3; rounds with additions with at least 5 support: 0; clusters: 31907
polytomy of size 3; rounds with additions with at least 5 support: 0; clusters: 31907
polytomy of size 6; rounds with additions with at least 5 support: 0; clusters: 31907
Threshold 0.1:
polytomy of size 3; rounds with additions with at least 5 support: 0; clusters: 31907
polytomy of size 4; rounds with additions with at least 5 support: 0; clusters: 31907
polytomy of size 4; rounds with additions with at least 5 support: 0; clusters: 31907
polytomy of size 5; rounds with additions with at least 5 support: 0; clusters: 31907
polytomy of size 3; rounds with additions with at least 5 support: 0; clusters: 31907
polytomy of size 3; rounds with additions with at least 5 support: 0; clusters: 31907
polytomy of size 4; rounds with additions with at least 5 support: 0; clusters: 31907
polytomy of size 5; rounds with additions with at least 5 support: 0; clusters: 31907
polytomy of size 23; rounds with additions with at least 5 support: 0; clusters: 31909
Threshold 0.2:
polytomy of size 3; rounds with additions with at least 5 support: 0; clusters: 31909
polytomy of size 3; rounds with additions with at least 5 support: 0; clusters: 31909
polytomy of size 4; rounds with additions with at least 5 support: 0; clusters: 31909
polytomy of size 3; rounds with additions with at least 5 support: 0; clusters: 31909
polytomy of size 3; rounds with additions with at least 5 support: 0; clusters: 31909
polytomy of size 5; rounds with additions with at least 5 support: 0; clusters: 31909
polytomy of size 3; rounds with additions with at least 5 support: 0; clusters: 31909
polytomy of size 3; rounds with additions with at least 5 support: 0; clusters: 31909
polytomy of size 3; rounds with additions with at least 5 support: 0; clusters: 31909
polytomy of size 4; rounds with additions with at least 5 support: 0; clusters: 31909
polytomy of size 5; rounds with additions with at least 5 support: 0; clusters: 31909
polytomy of size 9; rounds with additions with at least 5 support: 0; clusters: 31909
polytomy of size 5; rounds with additions with at least 5 support: 0; clusters: 31909
polytomy of size 3; rounds with additions with at least 5 support: 0; clusters: 31909
polytomy of size 5; rounds with additions with at least 5 support: 0; clusters: 31909
polytomy of size 4; rounds with additions with at least 5 support: 0; clusters: 31909
polytomy of size 3; rounds with additions with at least 5 support: 0; clusters: 31909
polytomy of size 5; rounds with additions with at least 5 support: 0; clusters: 31909
polytomy of size 35; rounds with additions with at least 5 support: 0; clusters: 31909
Threshold 0.3333333333333333:
polytomy of size 4; rounds with additions with at least 5 support: 0; clusters: 31909
polytomy of size 4; rounds with additions with at least 5 support: 0; clusters: 31909
polytomy of size 3; rounds with additions with at least 5 support: 0; clusters: 31909
polytomy of size 3; rounds with additions with at least 5 support: 0; clusters: 31909
polytomy of size 5; rounds with additions with at least 5 support: 0; clusters: 31909
polytomy of size 3; rounds with additions with at least 5 support: 0; clusters: 31909
polytomy of size 3; rounds with additions with at least 5 support: 0; clusters: 31909
polytomy of size 3; rounds with additions with at least 5 support: 0; clusters: 31909
polytomy of size 7; rounds with additions with at least 5 support: 0; clusters: 31909
polytomy of size 3; rounds with additions with at least 5 support: 0; clusters: 31909
polytomy of size 4; rounds with additions with at least 5 support: 0; clusters: 31909
polytomy of size 3; rounds with additions with at least 5 support: 0; clusters: 31909
polytomy of size 5; rounds with additions with at least 5 support: 0; clusters: 31909
polytomy of size 7; rounds with additions with at least 5 support: 0; clusters: 31909
polytomy of size 4; rounds with additions with at least 5 support: 0; clusters: 31909
polytomy of size 5; rounds with additions with at least 5 support: 0; clusters: 31909
polytomy of size 3; rounds with additions with at least 5 support: 0; clusters: 31909
polytomy of size 3; rounds with additions with at least 5 support: 0; clusters: 31909
polytomy of size 3; rounds with additions with at least 5 support: 0; clusters: 31909
polytomy of size 3; rounds with additions with at least 5 support: 0; clusters: 31909
polytomy of size 94; rounds with additions with at least 5 support: 0; clusters: 31909
max k is :0
Number of Clusters after addition by greedy: 31909
gradient0 in heuristiic: 31909
partitions formed in 19.379 secs
Dynamic Programming starting after 19.379 secs
Using tree-based weight calculation.
Using polytree-based weight calculation.
Polytree max score: 13115517348
Polytree building time: 0.251 seconds.
Number of quartet trees in the gene trees: 13115517348
Size of largest cluster: 201
Greedy score: 7207198609
estimationFactor: 1.819780203035057
Sub-optimal score: 7621647018
Total Number of elements weighted: 58798
Normalized score (portion of input quartet trees satisfied before correcting for multiple individuals): 0.6059875902045126
Optimization score: 7947840752
Optimal tree inferred in 76.523 secs.
(46,(159,(196,(114,((54,(87,53)),(((37,119),(124,((16,145),((7,(127,149)),((122,182),(35,(150,95))))))),(((180,166),((200,91),(49,(110,73)))),((85,((109,104),(179,(126,(13,160))))),(((((65,175),(6,141)),((146,(11,121)),(102,(97,118)))),((72,172),((192,70),((134,10),(139,((191,40),(57,198))))))),((((22,(120,(155,64))),((67,140),(((174,199),(19,33)),((147,(92,(183,(81,(34,167))))),((186,(23,79)),(135,(59,(78,74)))))))),(((2,(113,(41,71))),(168,((84,90),(131,(173,(76,14)))))),((189,(1,18)),(((188,158),((39,(107,100)),((138,27),(136,55)))),((105,(12,(137,28))),((82,((117,66),(52,197))),((115,151),(31,(56,(8,169)))))))))),((((195,63),(26,(83,((77,(88,62)),(152,(24,(129,(43,50)))))))),(((161,80),((5,60),((165,61),(163,(89,130))))),((185,36),((108,(193,(170,106))),((194,25),((153,190),(157,44))))))),((17,(148,(20,(4,(58,29))))),(0,(((93,(125,98)),((48,68),(132,(38,(143,(94,171)))))),((((116,15),((154,42),(32,133))),(164,(69,(75,(142,(187,177)))))),(((86,9),((123,(156,144)),(128,(162,21)))),((99,(178,(96,(47,51)))),((30,(112,3)),((103,(45,111)),((176,101),(181,184)))))))))))))))))))));
Final quartet score is: 7947840752
Final normalized quartet score is: 0.6059875902045126
Extended species tree:
(105,((12,(137,28)1:0.31479073810439845)1:1.1474534943262074,(((82,((117,66)1:1.7006545352298554,(52,197)1:0.3276662195841987)1:0.25221053145986366)1:0.6870090874571314,((115,151)1:1.685090977080783,(31,(56,(8,169)1:0.317170799217176)1:0.3109294489074537)1:0.5715004014861409)0.55:0.06512718562392854)0.99:0.15561220062044484,(((188,158)1:0.2205845813188804,((39,(107,100)1:0.43836837242770993)1:0.4026462590942243,((138,27)1:0.2871280558171121,(136,55)1:0.9750117047555413)1:0.3470943777229977)1:0.6989149992253941)0.97:0.12816779613862253,((189,(1,18)0.48:0.039756630441784145)1:2.500838471356972,(((2,(113,(41,71)1:0.4317582379617943)0.78:0.10247895629505106)1:1.4914954349755347,(168,((84,90)1:0.27977296533893353,(131,(173,(76,14)1:1.015099438544607)1:0.17039073302150537)1:0.6558203637655138)0.87:0.08564350914528987)1:0.3589334856879449)0.96:0.1139841549757279,(((22,(120,(155,64)1:0.6424746367699707)1:0.5585054797632456)1:1.4547811616328068,((67,140)1:1.5673396299001525,(((174,199)1:1.377560229780764,(19,33)1:0.7894830891489629)1:0.31603139410505454,((147,(92,(183,(81,(34,167)0.53:0.039833308585114045)0.79:0.09694612651649774)0.75:0.07792108266688248)1:1.104411449679489)1:0.17892061384162578,((186,(23,79)1:0.5482579198791052)1:0.47360843275761677,(135,(59,(78,74)0.57:0.055405941872967976)1:0.18864071426887274)1:0.19028025980762434)0.98:0.1319272388461699)0.83:0.07623447647242494)0.61:0.050329840442365534)1:0.43122594208625625)1:0.20522068008604663,(((((195,63)1:0.5323805450429119,(26,(83,((77,(88,62)1:0.40961415706801124)1:0.7555753304872667,(152,(24,(129,(43,50)0.54:0.05504827382001918)0.99:0.2204525818874304)1:0.8701583715754552)0.96:0.13063535004868007)1:0.3155212906022704)0.6:0.06448091486570602)1:0.26262853532463354)1:0.19503046585216746,(((161,80)1:0.8004290080612282,((5,60)1:0.3275008962724388,((165,61)1:0.7930952936474103,(163,(89,130)1:0.2318912159673865)1:0.31084351108694025)0.91:0.10799939443851567)0.86:0.09145604563742242)1:1.10851504953797,((185,36)1:0.7327438269425148,((108,(193,(170,106)1:0.3857708173052382)0.92:0.10538858740922488)1:0.42265658695841407,((194,25)1:0.9753687434897429,((153,190)1:0.4414115105231851,(157,44)1:0.2053417287469467)1:0.18048805093281464)1:0.21321150739495803)0.92:0.1077567079418589)1:0.5215819511858829)1:0.4086875629550172)1:0.5263040766414628,((17,(148,(20,(4,(58,29)0.93:0.11360566776912709)1:0.20965564062357667)1:0.5111012287557186)1:0.2636968384682032)1:1.4921183646399316,(0,(((93,(125,98)1:0.22814871315829421)1:0.5267479035517036,((48,68)1:1.2536061234108717,(132,(38,(143,(94,171)1:0.722535462527578)0.97:0.12800145415069916)1:1.151686779138287)0.99:0.14520020171220127)1:0.2649062060770263)1:0.49985781888936526,((((116,15)1:0.7146819891965952,((154,42)1:0.9359686389951577,(32,133)1:2.1180115200775194)1:0.1987170665711161)1:1.0100075056161388,(164,(69,(75,(142,(187,177)0.98:0.1927648143901976)0.67:0.06677708698701794)1:0.48119064850361126)1:0.4934827529462741)1:1.0488368261851846)1:0.2088041711311332,(((86,9)1:1.383271106060087,((123,(156,144)1:0.3999924452090465)1:1.0113564893645002,(128,(162,21)1:1.3410709380675183)1:0.22557970508819206)1:0.4109232271626613)0.77:0.06804331043070316,((99,(178,(96,(47,51)0.68:0.052825107918290294)0.99:0.15689874921506278)1:0.2027513335982522)1:0.6306414121518559,((30,(112,3)1:1.2890575043796786)0.8:0.07129640819553701,((103,(45,111)1:0.39368895052292313)1:1.2707478358491853,((176,101)0.5:0.04403398375542683,(181,184)1:0.30426716736041315)1:0.8065731296793648)1:0.30528301317596696)0.53:0.03683908975131923)1:0.6166482481891187)0.76:0.06729382793316677)0.83:0.0761782474106962)1:0.32901851490781503)0.48:0.028185941614548765)0.58:0.05180687352894539)1:0.1976054244444346,(((((65,175)1:0.8373785589030839,(6,141)1:1.8733518057286591)1:0.3404468810324741,((146,(11,121)1:0.7371946570921523)1:0.7955520379738874,(102,(97,118)0.6:0.050647477330704606)1:1.7586117258082719)1:1.1006826842938908)1:0.27480624883460164,((72,172)1:0.5148771980671388,((192,70)1:0.42363385629125094,((134,10)1:0.19485263215098708,(139,((191,40)1:1.4494104664212664,(57,198)0.96:0.14057982072801595)1:0.6548284805205313)1:0.22316445524184947)1:0.6077881093805759)1:0.18011399994266977)0.98:0.13630117576926445)0.46:0.01903939647838263,((85,((109,104)1:0.4353599102406765,(179,(126,(13,160)0.98:0.1777147144712869)1:0.6719734062544748)1:0.7396019948040188)1:0.17618872806146102)1:0.38398653872921856,(((180,166)1:0.4942018829064199,((200,91)1:0.2181358041772501,(49,(110,73)1:0.2345503292095141)1:0.3986224835666714)1:0.8149964549548727)1:0.2648844162821661,(((37,119)1:0.7983933020692441,(124,((16,145)1:0.7350625174089743,((7,(127,149)1:0.22732307887425207)1:0.9013186070076957,((122,182)0.98:0.16044420684609215,(35,(150,95)0.47:0.024140765821829446)0.87:0.10012743959487946)1:0.4893865498612544)0.67:0.08966380677917765)1:0.4463847835336967)1:0.4448589797268389)0.98:0.13292980552374734,((54,(87,53)1:0.7695365949539109)1:0.5025016963169244,(114,(196,(159,46)1:1.2268889819380882)1:0.3435183496172753)1:0.45066992743645007)1:0.7862317252434381)1:0.3364066431832303)0.59:0.03725288970134435)0.95:0.11323516752848208)1:0.21240859516657631)0.99:0.14541816918150038)1:0.2525058626660905)0.92:0.09925542377064606)0.4:0.012912584652441236)0.85:0.08749182664306229)1:1.1291202092412578));
Weight calculation took 53.285648425 secs
ASTRAL finished in 79.472 secs
