
================== ASTRAL ===================== 

This is ASTRAL version 5.7.8
Gene trees are treated as unrooted
200 trees read from Dataset/AstralII_data/model.200.2000000.0.000001/17/estimatedgenetre.halfresolved_200
index0
All output trees will be *arbitrarily* rooted at 74

======== Running the main analysis
Number of taxa: 201 (201 species)
Taxa: [74, 189, 27, 131, 144, 128, 47, 19, 107, 100, 103, 114, 188, 41, 77, 153, 98, 133, 64, 102, 14, 4, 187, 192, 90, 180, 94, 147, 132, 37, 164, 186, 20, 126, 62, 26, 73, 122, 75, 81, 138, 99, 108, 82, 51, 161, 48, 7, 168, 40, 55, 171, 104, 177, 88, 157, 8, 106, 160, 97, 165, 17, 123, 127, 113, 167, 80, 0, 125, 21, 83, 44, 137, 23, 175, 200, 87, 130, 199, 78, 30, 119, 135, 79, 112, 190, 191, 185, 69, 198, 146, 10, 12, 34, 32, 158, 63, 35, 65, 29, 91, 117, 42, 66, 105, 56, 121, 163, 9, 178, 115, 140, 174, 194, 193, 173, 197, 18, 33, 28, 70, 50, 129, 1, 170, 151, 52, 145, 149, 39, 71, 24, 84, 85, 184, 25, 179, 111, 169, 124, 67, 61, 96, 156, 11, 183, 36, 155, 54, 159, 76, 5, 16, 13, 139, 136, 142, 181, 89, 176, 195, 60, 143, 95, 120, 59, 93, 57, 109, 46, 49, 31, 45, 154, 182, 22, 118, 6, 72, 166, 3, 101, 148, 38, 150, 134, 162, 92, 116, 172, 43, 2, 58, 141, 152, 86, 110, 196, 15, 68, 53]
Taxon occupancy: {110=200, 111=200, 112=200, 113=200, 114=200, 115=200, 116=200, 117=200, 118=200, 119=200, 10=200, 11=200, 12=200, 13=200, 14=200, 15=200, 16=200, 17=200, 18=200, 19=200, 120=200, 0=200, 121=200, 122=200, 1=200, 123=200, 2=200, 124=200, 3=200, 4=200, 125=200, 126=200, 5=200, 127=200, 6=200, 128=200, 7=200, 8=200, 129=200, 9=200, 20=200, 21=200, 22=200, 23=200, 24=200, 25=200, 26=200, 27=200, 28=200, 29=200, 130=200, 131=200, 132=200, 133=200, 134=200, 135=200, 136=200, 137=200, 138=200, 139=200, 30=200, 31=200, 32=200, 33=200, 34=200, 35=200, 36=200, 37=200, 38=200, 39=200, 140=200, 141=200, 142=200, 143=200, 144=200, 145=200, 146=200, 147=200, 148=200, 149=200, 40=200, 41=200, 42=200, 43=200, 44=200, 45=200, 46=200, 47=200, 48=200, 49=200, 150=200, 151=200, 152=200, 153=200, 154=200, 155=200, 156=200, 157=200, 158=200, 159=200, 50=200, 51=200, 52=200, 53=200, 54=200, 55=200, 56=200, 57=200, 58=200, 59=200, 160=200, 161=200, 162=200, 163=200, 164=200, 165=200, 166=200, 167=200, 168=200, 169=200, 60=200, 61=200, 62=200, 63=200, 64=200, 65=200, 66=200, 67=200, 68=200, 69=200, 170=200, 171=200, 172=200, 173=200, 174=200, 175=200, 176=200, 177=200, 178=200, 179=200, 70=200, 71=200, 72=200, 73=200, 74=200, 75=200, 76=200, 77=200, 78=200, 79=200, 180=200, 181=200, 182=200, 183=200, 184=200, 185=200, 186=200, 187=200, 188=200, 189=200, 80=200, 81=200, 82=200, 83=200, 84=200, 85=200, 86=200, 87=200, 88=200, 89=200, 190=200, 191=200, 192=200, 193=200, 194=200, 195=200, 196=200, 197=200, 198=200, 199=200, 90=200, 91=200, 92=200, 93=200, 94=200, 95=200, 96=200, 97=200, 98=200, 99=200, 200=200, 100=200, 101=200, 102=200, 103=200, 104=200, 105=200, 106=200, 107=200, 108=200, 109=200}
Number of gene trees: 200
0 trees have missing taxa
Calculating quartet distance matrix (for completion of X)
Species tree distances calculated ...
Building set of clusters (X) from gene trees 
------------------------------
gradient0: 11465
Number of Clusters after addition by distance: 11465
calculating extra bipartitions to be added at level 1 ...
Adding to X using resolutions of greedy consensus ...
Limit for sigma of degrees:5075
polytomy size limit : 15
discarded polytomies:  [3, 3, 3, 3, 3, 3, 3, 3, 3, 3, 3, 3, 3, 3, 3, 4, 4, 4, 4, 4, 4, 4, 5, 5, 7, 7, 8, 13, 15]
Threshold 0.0:
Threshold 0.01:
Threshold 0.02:
polytomy of size 3; rounds with additions with at least 5 support: 0; clusters: 11469
Threshold 0.05:
polytomy of size 7; rounds with additions with at least 5 support: 0; clusters: 11471
Threshold 0.1:
polytomy of size 3; rounds with additions with at least 5 support: 0; clusters: 11471
polytomy of size 8; rounds with additions with at least 5 support: 0; clusters: 11471
Threshold 0.2:
polytomy of size 4; rounds with additions with at least 5 support: 0; clusters: 11471
polytomy of size 4; rounds with additions with at least 5 support: 0; clusters: 11471
polytomy of size 3; rounds with additions with at least 5 support: 0; clusters: 11471
polytomy of size 4; rounds with additions with at least 5 support: 0; clusters: 11471
polytomy of size 3; rounds with additions with at least 5 support: 0; clusters: 11471
polytomy of size 4; rounds with additions with at least 5 support: 0; clusters: 11471
polytomy of size 3; rounds with additions with at least 5 support: 0; clusters: 11471
polytomy of size 13; rounds with additions with at least 5 support: 0; clusters: 11473
Threshold 0.3333333333333333:
polytomy of size 3; rounds with additions with at least 5 support: 0; clusters: 11473
polytomy of size 4; rounds with additions with at least 5 support: 0; clusters: 11473
polytomy of size 5; rounds with additions with at least 5 support: 0; clusters: 11473
polytomy of size 3; rounds with additions with at least 5 support: 0; clusters: 11473
polytomy of size 3; rounds with additions with at least 5 support: 0; clusters: 11473
polytomy of size 4; rounds with additions with at least 5 support: 0; clusters: 11473
polytomy of size 3; rounds with additions with at least 5 support: 0; clusters: 11473
polytomy of size 3; rounds with additions with at least 5 support: 0; clusters: 11473
polytomy of size 3; rounds with additions with at least 5 support: 0; clusters: 11473
polytomy of size 7; rounds with additions with at least 5 support: 0; clusters: 11473
polytomy of size 5; rounds with additions with at least 5 support: 0; clusters: 11473
polytomy of size 3; rounds with additions with at least 5 support: 0; clusters: 11473
polytomy of size 4; rounds with additions with at least 5 support: 0; clusters: 11473
polytomy of size 3; rounds with additions with at least 5 support: 0; clusters: 11473
polytomy of size 3; rounds with additions with at least 5 support: 0; clusters: 11473
polytomy of size 15; rounds with additions with at least 5 support: 0; clusters: 11475
polytomy of size 3; rounds with additions with at least 5 support: 0; clusters: 11475
max k is :0
Number of Clusters after addition by greedy: 11475
gradient0 in heuristiic: 11475
partitions formed in 6.951 secs
Dynamic Programming starting after 6.951 secs
Using tree-based weight calculation.
Using polytree-based weight calculation.
Polytree max score: 13199669604
Polytree building time: 0.251 seconds.
Number of quartet trees in the gene trees: 13199669604
Size of largest cluster: 201
Greedy score: 7855767267
estimationFactor: 1.6802521199231957
Sub-optimal score: 8416293325
Total Number of elements weighted: 25383
Normalized score (portion of input quartet trees satisfied before correcting for multiple individuals): 0.6932819164827332
Optimization score: 9151092240
Optimal tree inferred in 18.108 secs.
(184,((85,25),(84,(((136,142),((139,(11,(183,36))),((155,(54,159)),((76,5),(67,(169,(124,((179,111),(96,(61,156)))))))))),((16,13),((((129,1),(151,(170,(52,145)))),(((71,24),(149,39)),((177,88),((171,((157,160),(8,(106,97)))),(104,(113,(80,(167,((165,127),(17,123)))))))))),((((20,(126,62)),((122,75),(26,73))),((((172,43),(2,(58,141))),((53,(152,86)),(110,(196,(15,68))))),(((81,168),((51,(40,55)),((161,(48,7)),(138,(99,(108,82)))))),(((109,46),(49,31)),((93,57),(38,(116,((150,(134,162)),(92,((45,154),(182,((148,(6,101)),(72,(118,(166,(22,3)))))))))))))))),((((181,((89,(176,195)),((60,143),(95,(120,59))))),((187,(102,(192,(90,180)))),((14,4),(77,(153,(98,(133,64))))))),(((193,173),((197,50),(18,(33,(28,70))))),((115,(140,(174,194))),((117,(9,178)),(42,(66,((105,56),(121,163)))))))),(0,(((65,(29,91)),((10,(12,(158,((34,32),(63,35))))),((190,(79,112)),((130,199),(119,((135,(78,30)),((191,185),(69,(198,146))))))))),((((132,37),(147,(164,186))),(94,(128,(47,(19,(107,100)))))),(((200,(175,87)),((44,(137,23)),(125,(21,83)))),((144,(131,(189,27))),(188,(41,(74,(103,114)))))))))))))))));
Final quartet score is: 9151092240
Final normalized quartet score is: 0.6932819164827332
Extended species tree:
(74,((103,114)1:0.3648602334932293,(41,(188,((144,(131,(189,27)1:2.2584217850296677)1:0.6642483989376528)1:3.27125802035113,(((200,(175,87)1:0.22586094429070963)1:1.3074004186502277,((44,(137,23)1:1.807486289093148)1:0.8724881092157623,(125,(21,83)1:0.7389567165912395)1:2.15699977602571)1:2.595254706956868)1:2.376760685069455,((((132,37)1:3.106080330722857,(147,(164,186)1:0.580351686414601)1:2.620572514941156)1:3.923611230970529,(94,(128,(47,(19,(107,100)1:0.2631108117212756)1:0.9369299466057955)1:0.8547885321163611)1:4.204692619390971)1:0.20186718648055715)1:0.499990073789326,(((65,(29,91)1:1.9534008207844709)1:3.853399362425001,((10,(12,(158,((34,32)1:1.8062206785643886,(63,35)1:1.1843915492561714)0.97:0.12088380594431127)1:2.178486202249991)0.8:0.07070614010950427)1:2.009870248971908,((190,(79,112)1:0.35454501768090746)1:3.091042453358317,((130,199)1:2.5952547069568657,(119,((135,(78,30)1:1.005813380021561)1:0.42042055834706876,((191,185)1:0.39459687654538067,(69,(198,146)1:0.1704072875023906)1:1.1973254879406092)1:0.6416229862900935)0.65:0.04742759785979484)1:1.278114767026512)1:0.6576578851499767)1:2.5268007011706777)1:0.9862930984136471)1:0.25230763736346423,(0,((((181,((89,(176,195)1:4.192145403338888)1:0.3185136664077739,((60,143)1:3.288401887516811,(95,(120,59)1:1.5305439699644372)1:2.332890442489374)1:1.9368134035996751)0.89:0.09877180278809741)1:1.2525274120093575,((187,(102,(192,(90,180)0.99:0.14429314862903164)1:2.03883473812724)1:0.8100073251233236)0.51:0.030061179063154978,((14,4)1:1.457157399596734,(77,(153,(98,(133,64)1:0.5539032047514632)0.49:0.022642476749759777)1:2.2820093209454675)1:1.0171532067049338)0.67:0.0520791490448891)1:3.1986224462713833)1:0.23291150287132725,(((193,173)1:4.204692619390971,((197,50)1:0.4759916710903581,(18,(33,(28,70)1:0.24392755099833244)1:2.295150114506528)1:0.8259680935808689)1:2.704075433679586)1:0.5253429382095572,((115,(140,(174,194)1:0.28271928310965183)1:3.9815490680767565)1:0.614204327572066,((117,(9,178)1:0.7080320240271791)1:0.8042550749431165,(42,(66,((105,56)1:0.6564034963566664,(121,163)1:0.2534489008095387)1:0.9757654382616214)1:0.6968855026705524)1:1.7771741892580126)1:2.0146929891442804)1:0.8049079506729817)1:0.6409570622885035)0.64:0.044543076574938285,((((20,(126,62)1:4.897839799950916)1:2.3380584126478166,((122,75)1:1.4801131163375452,(26,73)1:1.9010928129663736)1:2.538884117687657)1:0.5262489666923517,((((172,43)1:2.7763525230311035,(2,(58,141)1:3.1043982445398726)0.48:0.022486701377530834)1:0.2454872395733484,((53,(152,86)1:2.7006152226146916)1:1.7801522216640007,(110,(196,(15,68)1:0.723530233151782)1:1.1364626252076928)1:0.9284992995351881)0.75:0.062024814229485845)1:2.3949541255173377,(((81,168)1:0.9771245232788347,((51,(40,55)1:2.819661682317846)1:1.440872124981469,((161,(48,7)1:1.3424917384614978)1:3.758405516762543,(138,(99,(108,82)1:1.7195755540314366)1:1.463361476523259)1:1.5663719380594807)1:0.9458663839099185)1:0.26033340874797023)1:0.742643441356921,(((109,46)1:1.496642418288756,(49,31)0.56:0.05759749178333632)1:4.695128287453914,((93,57)1:4.204692619390971,(38,(116,((150,(134,162)1:1.0476921982408527)1:2.672586784660485,(92,((45,154)1:1.0043381377509086,(182,((148,(6,101)1:0.2814199975338363)1:0.6199798055170557,(72,(118,(166,(22,3)0.61:0.04070363031345295)1:0.828899821138354)0.89:0.09074275048179559)0.93:0.11167305664260707)1:0.7040532436845465)1:1.2519090519604386)1:0.7385021241668394)0.97:0.1200479306305512)1:0.877517358482014)0.99:0.13859968273725715)1:0.839014476465278)1:0.47837428293487605)1:0.7937938054744699)1:0.16165911750001588)1:0.21290326096377957)1:0.28962179318927744,((((129,1)1:3.288401887516811,(151,(170,(52,145)1:2.2591432857824674)1:0.7084158182808806)1:0.5075143624623343)1:4.201127553226469,(((71,24)1:3.799227511282799,(149,39)1:3.799227511282799)1:2.571505808625949,((177,88)1:2.5740524993062612,((171,((157,160)0.81:0.07229178850676302,(8,(106,97)0.99:0.15295158998728187)1:1.0749268471459466)1:0.7155939434427535)1:0.7623759611980236,(104,(113,(80,(167,((165,127)0.46:0.01907126448630977,(17,123)1:0.46688952058473304)0.95:0.11337494149155226)1:0.7196923500187559)1:0.40538817615443967)0.99:0.15193195191705192)1:0.4657717682680957)1:0.5236222935199073)1:2.8508855748936766)1:0.6412852845307261)1:0.41506245848020323,((16,13)1:4.897839799950916,(((136,142)1:3.4142978996864675,((139,(11,(183,36)1:0.3128723212803394)1:3.659686295097702)0.98:0.13167546675628258,((155,(54,159)1:2.1252510777111304)1:2.7710021758178205,((76,5)1:2.0089234345398492,(67,(169,(124,((179,111)0.98:0.13004184685065817,(96,(61,156)0.86:0.08520387536783998)1:0.29818222952560436)0.71:0.05763803177604476)0.85:0.08235020968026098)1:0.5982893871012682)1:2.1771547224784236)1:1.0545295000926802)0.58:0.03597425811767009)1:0.5140402502883005)1:0.33096722389524375,(84,((85,25)1:0.621173680934856,184)1:2.646548001344417)1:2.4047858658325376)1:1.1405836928818054)0.94:0.10868546753635425)1:0.9617787402592425)0.96:0.11691025474135783)0.97:0.12288983244901763)0.5:0.027772501233258393)0.77:0.06688638377525102)0.76:0.06503414362756127)1:1.571899993115033)0.64:0.05663040356919652)1:0.6634622091589044)1:0.6606482334092109));
Weight calculation took 10.063240795 secs
ASTRAL finished in 20.525 secs
