
================== ASTRAL ===================== 

This is ASTRAL version 5.7.8
Gene trees are treated as unrooted
1000 trees read from Dataset/AstralII_data/model.200.2000000.0.000001/17/estimatedgenetre.halfresolved
index0
All output trees will be *arbitrarily* rooted at 74

======== Running the main analysis
Number of taxa: 201 (201 species)
Taxa: [74, 189, 27, 131, 144, 128, 47, 19, 107, 100, 103, 114, 188, 41, 77, 153, 98, 133, 64, 102, 14, 4, 187, 192, 90, 180, 94, 147, 132, 37, 164, 186, 20, 126, 62, 26, 73, 122, 75, 81, 138, 99, 108, 82, 51, 161, 48, 7, 168, 40, 55, 171, 104, 177, 88, 157, 8, 106, 160, 97, 165, 17, 123, 127, 113, 167, 80, 0, 125, 21, 83, 44, 137, 23, 175, 200, 87, 130, 199, 78, 30, 119, 135, 79, 112, 190, 191, 185, 69, 198, 146, 10, 12, 34, 32, 158, 63, 35, 65, 29, 91, 117, 42, 66, 105, 56, 121, 163, 9, 178, 115, 140, 174, 194, 193, 173, 197, 18, 33, 28, 70, 50, 129, 1, 170, 151, 52, 145, 149, 39, 71, 24, 84, 85, 184, 25, 179, 111, 169, 124, 67, 61, 96, 156, 11, 183, 36, 155, 54, 159, 76, 5, 16, 13, 139, 136, 142, 181, 89, 176, 195, 60, 143, 95, 120, 59, 93, 57, 109, 46, 49, 31, 45, 154, 182, 22, 118, 6, 72, 166, 3, 101, 148, 38, 150, 134, 162, 92, 116, 172, 43, 2, 58, 141, 152, 86, 110, 196, 15, 68, 53]
Taxon occupancy: {110=1000, 111=1000, 112=1000, 113=1000, 114=1000, 115=1000, 116=1000, 117=1000, 118=1000, 119=1000, 10=1000, 11=1000, 12=1000, 13=1000, 14=1000, 15=1000, 16=1000, 17=1000, 18=1000, 19=1000, 120=1000, 0=1000, 121=1000, 122=1000, 1=1000, 123=1000, 2=1000, 124=1000, 3=1000, 4=1000, 125=1000, 126=1000, 5=1000, 127=1000, 6=1000, 128=1000, 7=1000, 8=1000, 129=1000, 9=1000, 20=1000, 21=1000, 22=1000, 23=1000, 24=1000, 25=1000, 26=1000, 27=1000, 28=1000, 29=1000, 130=1000, 131=1000, 132=1000, 133=1000, 134=1000, 135=1000, 136=1000, 137=1000, 138=1000, 139=1000, 30=1000, 31=1000, 32=1000, 33=1000, 34=1000, 35=1000, 36=1000, 37=1000, 38=1000, 39=1000, 140=1000, 141=1000, 142=1000, 143=1000, 144=1000, 145=1000, 146=1000, 147=1000, 148=1000, 149=1000, 40=1000, 41=1000, 42=1000, 43=1000, 44=1000, 45=1000, 46=1000, 47=1000, 48=1000, 49=1000, 150=1000, 151=1000, 152=1000, 153=1000, 154=1000, 155=1000, 156=1000, 157=1000, 158=1000, 159=1000, 50=1000, 51=1000, 52=1000, 53=1000, 54=1000, 55=1000, 56=1000, 57=1000, 58=1000, 59=1000, 160=1000, 161=1000, 162=1000, 163=1000, 164=1000, 165=1000, 166=1000, 167=1000, 168=1000, 169=1000, 60=1000, 61=1000, 62=1000, 63=1000, 64=1000, 65=1000, 66=1000, 67=1000, 68=1000, 69=1000, 170=1000, 171=1000, 172=1000, 173=1000, 174=1000, 175=1000, 176=1000, 177=1000, 178=1000, 179=1000, 70=1000, 71=1000, 72=1000, 73=1000, 74=1000, 75=1000, 76=1000, 77=1000, 78=1000, 79=1000, 180=1000, 181=1000, 182=1000, 183=1000, 184=1000, 185=1000, 186=1000, 187=1000, 188=1000, 189=1000, 80=1000, 81=1000, 82=1000, 83=1000, 84=1000, 85=1000, 86=1000, 87=1000, 88=1000, 89=1000, 190=1000, 191=1000, 192=1000, 193=1000, 194=1000, 195=1000, 196=1000, 197=1000, 198=1000, 199=1000, 90=1000, 91=1000, 92=1000, 93=1000, 94=1000, 95=1000, 96=1000, 97=1000, 98=1000, 99=1000, 200=1000, 100=1000, 101=1000, 102=1000, 103=1000, 104=1000, 105=1000, 106=1000, 107=1000, 108=1000, 109=1000}
Number of gene trees: 1000
0 trees have missing taxa
Calculating quartet distance matrix (for completion of X)
Species tree distances calculated ...
Building set of clusters (X) from gene trees 
------------------------------
gradient0: 34751
Number of Clusters after addition by distance: 34751
calculating extra bipartitions to be added at level 1 ...
Adding to X using resolutions of greedy consensus ...
Limit for sigma of degrees:5075
polytomy size limit : 17
discarded polytomies:  [3, 3, 3, 3, 3, 3, 3, 3, 3, 3, 3, 3, 3, 3, 3, 4, 4, 4, 4, 5, 5, 6, 7, 10, 12, 17]
Threshold 0.0:
Threshold 0.01:
Threshold 0.02:
polytomy of size 3; rounds with additions with at least 5 support: 0; clusters: 34751
Threshold 0.05:
polytomy of size 7; rounds with additions with at least 5 support: 0; clusters: 34751
Threshold 0.1:
polytomy of size 3; rounds with additions with at least 5 support: 0; clusters: 34751
polytomy of size 10; rounds with additions with at least 5 support: 0; clusters: 34751
Threshold 0.2:
polytomy of size 3; rounds with additions with at least 5 support: 0; clusters: 34751
polytomy of size 3; rounds with additions with at least 5 support: 0; clusters: 34751
polytomy of size 4; rounds with additions with at least 5 support: 0; clusters: 34751
polytomy of size 3; rounds with additions with at least 5 support: 0; clusters: 34751
polytomy of size 12; rounds with additions with at least 5 support: 0; clusters: 34751
Threshold 0.3333333333333333:
polytomy of size 3; rounds with additions with at least 5 support: 0; clusters: 34751
polytomy of size 4; rounds with additions with at least 5 support: 0; clusters: 34751
polytomy of size 5; rounds with additions with at least 5 support: 0; clusters: 34751
polytomy of size 3; rounds with additions with at least 5 support: 0; clusters: 34751
polytomy of size 3; rounds with additions with at least 5 support: 0; clusters: 34751
polytomy of size 3; rounds with additions with at least 5 support: 0; clusters: 34751
polytomy of size 6; rounds with additions with at least 5 support: 0; clusters: 34751
polytomy of size 5; rounds with additions with at least 5 support: 0; clusters: 34751
polytomy of size 3; rounds with additions with at least 5 support: 0; clusters: 34751
polytomy of size 4; rounds with additions with at least 5 support: 0; clusters: 34751
polytomy of size 3; rounds with additions with at least 5 support: 0; clusters: 34751
polytomy of size 3; rounds with additions with at least 5 support: 0; clusters: 34751
polytomy of size 3; rounds with additions with at least 5 support: 0; clusters: 34751
polytomy of size 4; rounds with additions with at least 5 support: 0; clusters: 34751
polytomy of size 3; rounds with additions with at least 5 support: 0; clusters: 34751
polytomy of size 17; rounds with additions with at least 5 support: 0; clusters: 34751
polytomy of size 3; rounds with additions with at least 5 support: 0; clusters: 34751
max k is :0
Number of Clusters after addition by greedy: 34751
gradient0 in heuristiic: 34751
partitions formed in 33.941 secs
Dynamic Programming starting after 33.941 secs
Using tree-based weight calculation.
Using polytree-based weight calculation.
Polytree max score: 65998346634
Polytree building time: 2.551 seconds.
Number of quartet trees in the gene trees: 65998346634
Size of largest cluster: 201
Greedy score: 41683386539
estimationFactor: 1.5833249674243797
Sub-optimal score: 43765117181
Calculated 100000 weights; time (seconds): 178
Total Number of elements weighted: 128825
Normalized score (portion of input quartet trees satisfied before correcting for multiple individuals): 0.686754928579534
Optimization score: 45324689829
Optimal tree inferred in 222.522 secs.
(184,((85,25),(84,(((136,142),((155,(54,159)),((139,(11,(183,36))),((76,5),(67,(169,(124,((179,111),(96,(61,156)))))))))),((16,13),((((129,1),(151,(170,(52,145)))),(((71,24),(149,39)),((177,88),((171,((157,160),(8,(106,97)))),(104,(113,(80,(167,((165,127),(17,123)))))))))),((((20,(126,62)),((122,75),(26,73))),((((172,43),(2,(58,141))),((53,(152,86)),(110,(196,(15,68))))),(((81,168),((51,(40,55)),((161,(48,7)),(138,(99,(108,82)))))),(((109,46),(49,31)),((93,57),(38,(116,((150,(134,162)),(92,((45,154),(182,((148,(6,101)),(72,(118,(166,(22,3)))))))))))))))),((((181,((89,(176,195)),((60,143),(95,(120,59))))),((187,(102,(192,(90,180)))),((14,4),(77,(153,(98,(133,64))))))),(((193,173),((197,50),(18,(33,(28,70))))),((115,(140,(174,194))),((117,(9,178)),(42,(66,((121,163),(105,56)))))))),(((65,(29,91)),((10,(12,(158,((34,32),(63,35))))),((190,(79,112)),((130,199),(119,((135,(78,30)),((191,185),(69,(198,146))))))))),(0,((((132,37),(147,(164,186))),(94,(128,(47,(19,(107,100)))))),(((200,(175,87)),((44,(137,23)),(125,(21,83)))),((144,(131,(189,27))),(188,(41,(74,(103,114)))))))))))))))));
Final quartet score is: 45324689829
Final normalized quartet score is: 0.686754928579534
Extended species tree:
(74,((103,114)1:0.41669861589045326,(41,(188,((144,(131,(189,27)1:2.3443276768195265)1:0.652627264653229)1:3.3024505338250028,(((200,(175,87)1:0.25552036243427084)1:1.3137675316346504,((44,(137,23)1:1.992374666174777)1:1.1427080022128713,(125,(21,83)1:0.9197933624253571)1:1.9868386132920388)1:2.491924222446646)1:2.1971331429004395,((((132,37)1:3.1710851610318502,(147,(164,186)1:0.5285062616507998)1:2.556865239061578)1:4.406671927283911,(94,(128,(47,(19,(107,100)1:0.15235988473870346)1:0.9406965531362083)1:0.8696912534079586)1:4.878836843784576)1:0.2287298708266728)1:0.5413782405256017,(0,(((65,(29,91)1:2.159484249353373)1:4.484520043624131,((10,(12,(158,((34,32)1:1.6545961864222043,(63,35)1:1.3074604689291514)1:0.09066746415127634)1:2.325554953073884)1:0.12758891766495264)1:2.0266279883788467,((190,(79,112)1:0.30278049716436606)1:3.4352367360734344,((130,199)1:2.9094441192761455,(119,((135,(78,30)1:1.1187714412319676)1:0.4648228884344178,((191,185)1:0.4919474696055001,(69,(198,146)1:0.18696870170103747)1:1.194043719375394)1:0.8026834117438174)1:0.09347349757487984)1:1.2357350715067519)1:0.6324198740735002)1:2.640735848307928)1:0.9661073337854861)1:0.3443882007923412,((((181,((89,(176,195)1:4.197678857296482)1:0.3239458535189642,((60,143)1:4.10539439840869,(95,(120,59)1:1.3674912341567944)1:2.434262916969246)1:2.2824029180321994)1:0.17826697554128107)1:1.3749759422609669,((187,(102,(192,(90,180)1:0.1970236005516027)1:2.227787511901272)1:0.7257163300634054)1:0.10248651233284256,((14,4)1:1.468219948882261,(77,(153,(98,(133,64)1:0.5016622945732243)0.36:0.002000000666666999)1:2.3286146352893615)1:0.9885912583472158)1:0.12343871633525291)1:3.701739489531538)1:0.19674283295399198,(((193,173)1:5.404677382538943,((197,50)1:0.5624877132394646,(18,(33,(28,70)1:0.21544988633323825)1:2.283558043656436)1:0.8865185735404848)1:2.7034726654711414)1:0.4894540144802848,((115,(140,(174,194)1:0.2266366884799279)1:4.423848129527227)1:0.5852413915458481,((117,(9,178)1:0.6650292823223021)1:0.8209729247830524,(42,(66,((121,163)1:0.1970329104968254,(105,56)1:0.5973797889579551)1:0.9847718555346037)1:0.7970103163522679)1:1.8712037358732814)1:2.208654280956664)1:0.8720745706602796)1:0.558522957674621)1:0.07338888562951583,((((20,(126,62)1:4.711530201978998)1:2.421262930856304,((122,75)1:1.4032994427017962,(26,73)1:1.799331281385982)1:2.8840245997930323)1:0.4584973150072556,((((172,43)1:2.888701356204039,(2,(58,141)1:4.014183099243728)1:0.12197016849396086)1:0.22439771370055064,((53,(152,86)1:2.9479416097176414)1:2.0856608269852273,(110,(196,(15,68)1:0.7412224064616451)1:1.0718756511899215)1:1.2002298451234297)1:0.08178140310168083)1:2.5407474053071817,(((81,168)1:1.0971909121657908,((51,(40,55)1:2.553017675566727)1:1.5633422412905478,((161,(48,7)1:1.2775429974938548)1:4.095485825180347,(138,(99,(108,82)1:1.8881691543657966)1:1.5688157380763654)1:1.4332478452015613)1:1.1421088057890048)1:0.2528847912335084)1:0.7505405240589458,(((109,46)1:1.8165394982265415,(49,31)0.63:0.034814848827814104)1:4.693920544228919,((93,57)1:5.397378080057317,(38,(116,((150,(134,162)1:0.9979170751010036)1:2.713317869700865,(92,((45,154)1:0.9900189265823278,(182,((148,(6,101)1:0.2529927303763575)1:0.5523611059842553,(72,(118,(166,(22,3)0.59:0.0178711848618173)1:0.7751530507093575)1:0.11506560032061477)1:0.1503940215887761)1:0.6704179473189692)1:1.1740714677332658)1:0.8333144876324111)1:0.09521458105262144)1:0.8378578978838088)1:0.16165507743665214)1:0.8201386699923722)1:0.5151686536029008)1:0.876173187686493)1:0.14526507534804106)1:0.1738157471575867)1:0.322152657886942,((((129,1)1:4.082921542556629,(151,(170,(52,145)1:2.328980104407923)1:0.7506525755111036)1:0.44222132815336684)1:3.041373554510191,(((71,24)1:3.795239470104843,(149,39)1:3.507557397653066)1:2.3471133296069806,((177,88)1:3.3493333924381745,((171,((157,160)0.97:0.05541258639635436,(8,(106,97)1:0.08946310975313854)1:1.0872743066318393)1:0.751862716238304)1:0.7347468584389476,(104,(113,(80,(167,((165,127)0.85:0.036329611764725156,(17,123)1:0.4952410431271628)1:0.12892376762655405)1:0.7522607548505876)1:0.5085906698687179)1:0.16833341689165726)1:0.5021849563866375)1:0.5830162050044686)1:2.8176761997036532)1:0.7200818955508165)1:0.3519325888906402,((16,13)1:4.920285015841122,(((136,142)1:3.4331793539287343,((155,(54,159)1:2.2984463018346495)1:2.5854065407089672,((139,(11,(183,36)1:0.2787312419316963)1:3.698392247268133)1:0.23958757564993327,((76,5)1:2.109074853342328,(67,(169,(124,((179,111)1:0.13067245709144837,(96,(61,156)1:0.1659992228148168)1:0.39595718637878885)0.63:0.020699979000458234)1:0.10295687852970552)1:0.6111851601786833)1:2.2633144339119666)1:1.068971641169264)0.45:0.00831840579987268)1:0.5194309967483733)1:0.3281162149660566,(84,((85,25)1:0.6283589403550259,184)1:2.777473934772599)1:2.5129340124188424)1:1.0581664361775271)1:0.22864860868352022)1:0.9277848173208929)1:0.08643613029124164)1:0.11713414618109293)0.76:0.029109099394459565)1:0.07705157671244114)0.96:0.05206343619372353)1:1.6775964865956388)0.98:0.05913978391705023)1:0.6263879039208918)1:0.7560895887795237));
Weight calculation took 176.472993665 secs
ASTRAL finished in 233.476 secs
