
================== ASTRAL ===================== 

This is ASTRAL version 5.7.8
Gene trees are treated as unrooted
50 trees read from Dataset/AstralII_data/model.200.500000.0.000001/20/estimatedgenetre.halfresolved_50
index0
All output trees will be *arbitrarily* rooted at 41

======== Running the main analysis
Number of taxa: 201 (201 species)
Taxa: [41, 93, 162, 49, 16, 29, 165, 62, 65, 97, 200, 18, 84, 17, 196, 43, 176, 40, 133, 166, 182, 24, 103, 170, 30, 167, 127, 27, 186, 56, 2, 199, 124, 26, 79, 37, 157, 107, 74, 98, 3, 0, 101, 44, 48, 120, 32, 185, 169, 193, 80, 64, 75, 99, 159, 96, 187, 105, 60, 70, 174, 19, 72, 160, 172, 12, 119, 100, 71, 36, 179, 173, 20, 34, 14, 168, 106, 46, 23, 25, 149, 156, 13, 92, 67, 192, 73, 58, 57, 198, 4, 147, 171, 1, 131, 86, 197, 116, 128, 184, 122, 81, 54, 113, 181, 61, 139, 39, 151, 10, 11, 28, 126, 115, 161, 190, 94, 136, 21, 177, 135, 6, 109, 183, 142, 87, 95, 52, 191, 148, 69, 141, 78, 110, 89, 82, 121, 180, 146, 144, 51, 154, 175, 129, 7, 8, 85, 145, 132, 35, 123, 59, 22, 47, 150, 38, 178, 15, 5, 108, 88, 153, 143, 55, 114, 140, 50, 53, 91, 77, 188, 138, 134, 102, 163, 63, 112, 152, 45, 189, 125, 33, 137, 90, 194, 130, 31, 66, 83, 195, 164, 68, 9, 111, 155, 117, 158, 76, 42, 104, 118]
Taxon occupancy: {110=50, 111=50, 112=50, 113=50, 114=50, 115=50, 116=50, 117=50, 118=50, 119=50, 10=50, 11=50, 12=50, 13=50, 14=50, 15=50, 16=50, 17=50, 18=50, 19=50, 120=50, 0=50, 121=50, 1=50, 122=50, 2=50, 123=50, 124=50, 3=50, 4=50, 125=50, 126=50, 5=50, 127=50, 6=50, 128=50, 7=50, 129=50, 8=50, 9=50, 20=50, 21=50, 22=50, 23=50, 24=50, 25=50, 26=50, 27=50, 28=50, 29=50, 130=50, 131=50, 132=50, 133=50, 134=50, 135=50, 136=50, 137=50, 138=50, 139=50, 30=50, 31=50, 32=50, 33=50, 34=50, 35=50, 36=50, 37=50, 38=50, 39=50, 140=50, 141=50, 142=50, 143=50, 144=50, 145=50, 146=50, 147=50, 148=50, 149=50, 40=50, 41=50, 42=50, 43=50, 44=50, 45=50, 46=50, 47=50, 48=50, 49=50, 150=50, 151=50, 152=50, 153=50, 154=50, 155=50, 156=50, 157=50, 158=50, 159=50, 50=50, 51=50, 52=50, 53=50, 54=50, 55=50, 56=50, 57=50, 58=50, 59=50, 160=50, 161=50, 162=50, 163=50, 164=50, 165=50, 166=50, 167=50, 168=50, 169=50, 60=50, 61=50, 62=50, 63=50, 64=50, 65=50, 66=50, 67=50, 68=50, 69=50, 170=50, 171=50, 172=50, 173=50, 174=50, 175=50, 176=50, 177=50, 178=50, 179=50, 70=50, 71=50, 72=50, 73=50, 74=50, 75=50, 76=50, 77=50, 78=50, 79=50, 180=50, 181=50, 182=50, 183=50, 184=50, 185=50, 186=50, 187=50, 188=50, 189=50, 80=50, 81=50, 82=50, 83=50, 84=50, 85=50, 86=50, 87=50, 88=50, 89=50, 190=50, 191=50, 192=50, 193=50, 194=50, 195=50, 196=50, 197=50, 198=50, 199=50, 90=50, 91=50, 92=50, 93=50, 94=50, 95=50, 96=50, 97=50, 98=50, 99=50, 200=50, 100=50, 101=50, 102=50, 103=50, 104=50, 105=50, 106=50, 107=50, 108=50, 109=50}
Number of gene trees: 50
0 trees have missing taxa
Calculating quartet distance matrix (for completion of X)
Species tree distances calculated ...
Building set of clusters (X) from gene trees 
------------------------------
gradient0: 12925
Number of Clusters after addition by distance: 12925
calculating extra bipartitions to be added at level 1 ...
Adding to X using resolutions of greedy consensus ...
Limit for sigma of degrees:5075
polytomy size limit : 59
discarded polytomies: 71 95 126  [3, 3, 3, 3, 3, 3, 4, 4, 4, 4, 4, 4, 4, 35, 35, 35, 59, 71, 95, 126]
Threshold 0.0:
polytomy of size 35; rounds with additions with at least 5 support: 5; clusters: 32779
Threshold 0.01:
polytomy of size 35; rounds with additions with at least 5 support: 0; clusters: 49897
Threshold 0.02:
polytomy of size 35; rounds with additions with at least 5 support: 0; clusters: 65797
Threshold 0.05:
polytomy of size 3; rounds with additions with at least 5 support: 0; clusters: 65797
polytomy of size 59; rounds with additions with at least 5 support: 3; clusters: 66621
Threshold 0.1:
polytomy of size 3; rounds with additions with at least 5 support: 0; clusters: 66621
polytomy of size 4; rounds with additions with at least 5 support: 1; clusters: 66623
polytomy of size 71; rounds with additions with at least 5 support: 4; clusters: 67409
Threshold 0.2:
polytomy of size 4; rounds with additions with at least 5 support: 0; clusters: 67409
polytomy of size 3; rounds with additions with at least 5 support: 0; clusters: 67409
polytomy of size 4; rounds with additions with at least 5 support: 0; clusters: 67409
polytomy of size 95; rounds with additions with at least 5 support: 2; clusters: 68015
Threshold 0.3333333333333333:
polytomy of size 3; rounds with additions with at least 5 support: 0; clusters: 68015
polytomy of size 4; rounds with additions with at least 5 support: 0; clusters: 68015
polytomy of size 4; rounds with additions with at least 5 support: 0; clusters: 68015
polytomy of size 4; rounds with additions with at least 5 support: 0; clusters: 68015
polytomy of size 3; rounds with additions with at least 5 support: 0; clusters: 68015
polytomy of size 3; rounds with additions with at least 5 support: 0; clusters: 68015
polytomy of size 4; rounds with additions with at least 5 support: 0; clusters: 68015
polytomy of size 126; rounds with additions with at least 5 support: 0; clusters: 68387
max k is :10
Number of Clusters after addition by greedy: 68387
gradient0 in heuristiic: 68387
partitions formed in 28.942 secs
Dynamic Programming starting after 28.942 secs
Using tree-based weight calculation.
Using polytree-based weight calculation.
Polytree max score: 3290308077
Polytree building time: 0.092 seconds.
Number of quartet trees in the gene trees: 3290308077
Size of largest cluster: 201
Greedy score: 1423241034
estimationFactor: 2.311841774089827
Sub-optimal score: 1455798532
Calculated 100000 weights; time (seconds): 62
Calculated 200000 weights; time (seconds): 44
Total Number of elements weighted: 242983
Normalized score (portion of input quartet trees satisfied before correcting for multiple individuals): 0.4787747776604324
Optimization score: 1575316518
Optimal tree inferred in 130.394 secs.
(50,(53,(91,((28,(126,115)),(10,(((45,(189,125)),((161,(151,11)),(85,((112,152),(31,(63,66)))))),((163,(188,(77,138))),((170,((190,(94,136)),(21,(24,(182,103))))),(((197,(116,(128,184))),(((177,135),(133,(113,(6,(181,109))))),((122,(81,54)),((166,61),(142,(139,183)))))),(((((33,117),(194,(130,(137,90)))),((69,141),(67,((39,83),(35,123))))),(((158,42),(104,(76,118))),(93,(30,(26,((167,(186,56)),(27,(2,(199,(127,124)))))))))),(((96,(159,187)),(0,((4,147),(57,198)))),((41,((((132,(78,(110,89))),((38,178),(149,(156,195)))),(((79,157),(37,107)),(108,((5,(143,55)),(15,(88,153)))))),((82,((140,(92,114)),((75,99),((171,1),(131,(80,64)))))),(192,(((73,58),(98,(74,3))),((145,(154,175)),((7,8),(129,(51,(144,(121,(180,146)))))))))))),((87,((20,34),((95,(52,191)),((43,(164,68)),((84,196),(17,(176,40))))))),((((47,(59,22)),((160,172),(12,119))),((13,(101,150)),((105,9),(102,((72,(19,(111,155))),(174,(60,(70,134)))))))),(((71,148),((193,100),((29,165),((48,169),(32,(120,185)))))),((168,(14,86)),((44,(173,(36,179))),((18,((62,65),(97,200))),(25,(23,((162,106),(46,(49,16)))))))))))))))))))))));
Final quartet score is: 1575316518
Final normalized quartet score is: 0.4787747776604324
Extended species tree:
(41,(((((132,(78,(110,89)0.92:0.20274501762456928)1:0.3574592950750197)1:0.9376647176744667,((38,178)1:1.0843723718130556,(149,(156,195)0.83:0.16710810221888506)0.98:0.2752052112049919)0.59:0.07216079583459127)0.87:0.17030905584399922,(((79,157)1:0.7596583836894198,(37,107)0.62:0.09795625745657471)0.73:0.11499793790921513,(108,((5,(143,55)0.77:0.17269924449007373)0.34:0.0,(15,(88,153)1:0.6574290979578661)0.73:0.11543272358819257)0.82:0.15121332294292927)0.97:0.26639872831015327)0.9:0.18571145325323188)0.44:0.02737685962988371,((82,((140,(92,114)1:0.7914129155451834)0.6:0.07384356697427498,((75,99)1:0.9175802227040275,((171,1)1:0.777059949442869,(131,(80,64)1:1.0472667568389882)0.42:0.02311166756463358)0.79:0.14044251047671774)1:0.523029726007601)0.41:0.018379623085592506)0.38:0.008183468873602884,(192,(((73,58)1:1.186971116247696,(98,(74,3)0.42:0.021115843735777937)1:0.5380845517386251)1:0.4111488489296254,((145,(154,175)1:1.1318479761042681)0.81:0.1523474213881242,((7,8)1:1.186588708531197,(129,(51,(144,(121,(180,146)1:0.48946482726495943)0.44:0.028930453859165824)0.59:0.07805187652248366)1:0.4744656239491873)0.49:0.0504933294235652)0.46:0.033147879743492016)0.87:0.17290847603742132)0.53:0.0856277759650483)0.44:0.035440634189306125)0.65:0.08804363681102462)0.57:0.06539234016560917,(((87,((20,34)1:0.622858861149092,((95,(52,191)0.99:0.30627463857979687)1:0.4038949964637367,((43,(164,68)1:0.5127245588233732)1:0.5370424772923367,((84,196)1:0.6363175981968294,(17,(176,40)0.47:0.07903200083395523)1:0.5798932022525972)0.82:0.17749614127715097)1:0.5490193094285516)0.39:0.009568807724078011)0.66:0.09682672237857662)0.68:0.09873670966341964,((((47,(59,22)0.49:0.06394404970423133)1:0.8335646141554034,((160,172)0.61:0.07744829217658,(12,119)0.56:0.07239189656769203)1:0.8547210144438088)0.92:0.20478849229136015,((13,(101,150)1:0.649219389706627)0.57:0.06663658758248271,((105,9)0.92:0.20235577140073846,(102,((72,(19,(111,155)0.99:0.33273911829924774)1:0.7089440009939102)0.56:0.07806207322323183,(174,(60,(70,134)1:0.429082215599826)0.59:0.10502698776346459)1:0.5080074927831862)0.52:0.05852366228903413)0.79:0.13735879450871102)0.99:0.33686919967361795)0.52:0.051822722066440764)0.48:0.0371866071954693,(((71,148)1:1.2777525492443789,((193,100)1:0.8271590421313942,((29,165)1:0.41733735628806184,((48,169)0.98:0.2888997698015428,(32,(120,185)0.39:0.015427741383475422)1:0.3519805831764807)1:0.3693618990215813)1:0.36949260666449163)0.85:0.16317576857491473)0.76:0.1287304026741983,((168,(14,86)0.66:0.09883490286727076)1:1.7085507977135443,((44,(173,(36,179)1:0.36307636139143623)1:0.6135318504694522)0.72:0.11079311091398103,((18,((62,65)0.79:0.13894672597387533,(97,200)0.75:0.12708376789975187)1:0.42586838089578977)1:0.6990679271110892,(25,(23,((162,106)1:0.37782936926709004,(46,(49,16)1:0.6834969247277838)0.51:0.053583787212100366)0.95:0.22818194842889122)0.69:0.1027697098816645)0.92:0.20738046434264124)0.54:0.05999491639052098)0.37:0.003922522860550037)0.47:0.037222870905464306)0.58:0.0683719407839731)0.47:0.03584573818965315)0.47:0.03426343970746719,(((96,(159,187)0.99:0.33636825949608706)1:0.8944446388129054,(0,((4,147)1:1.2176716486840973,(57,198)1:0.8772279989179761)0.68:0.09860249602976212)0.55:0.061951197572620215)0.37:0.005474054994991448,(((((33,117)1:2.0749268613253102,(194,(130,(137,90)0.84:0.15981158440214283)0.48:0.042568474914717935)1:1.4464597609006962)0.4:0.014543551005569842,((69,141)1:0.8975546797205134,(67,((39,83)0.61:0.07855920358985642,(35,123)1:1.0372236336041383)0.41:0.01912790693840496)0.47:0.03512859630901844)0.55:0.0607983489669294)0.6:0.07522267934003482,(((158,42)0.53:0.05573832440380538,(104,(76,118)0.71:0.12106087866711977)0.97:0.2782013748933753)1:1.1790626540402627,(93,(30,(26,((167,(186,56)0.48:0.05259080080602693)1:0.4779511962633118,(27,(2,(199,(127,124)0.95:0.24816611276550163)0.37:0.00317827852435101)0.74:0.12882744886418074)0.55:0.05824665887018817)0.96:0.24293672309113257)1:0.47971874838789447)0.4:0.014623966293138915)0.71:0.10677084383706612)0.77:0.12867964367928791)0.35:0.0,(((197,(116,(128,184)0.99:0.30182118992375156)1:0.504189008676)0.95:0.23518860547661877,(((177,135)1:1.1028723744893432,(133,(113,(6,(181,109)0.99:0.31805317032807956)0.81:0.15750815335279392)0.6:0.09724440017427312)0.99:0.31083399983291965)0.93:0.2131475004903796,((122,(81,54)1:0.4706620899583613)1:0.6368514878025467,((166,61)0.43:0.024974079665833506,(142,(139,183)1:0.4200540774423698)0.78:0.13129187002461357)0.52:0.054427520128105776)0.58:0.07106563775657736)0.38:0.007764600478251033)0.96:0.24618008904702882,((170,((190,(94,136)1:0.38365914124380945)1:0.4892467772677998,(21,(24,(182,103)1:0.9508530515101141)0.61:0.08747295096505286)0.85:0.17343813750692735)0.63:0.10755506262191049)0.84:0.16280686335482258,((163,(188,(77,138)0.97:0.26671119125161846)1:0.36259224782854843)0.95:0.23459637999207086,(((45,(189,125)1:0.7832238845013751)0.64:0.09468826007252645,((161,(151,11)1:1.0160937654858333)0.77:0.13081808404389467,(85,((112,152)1:0.8139611648771611,(31,(63,66)0.61:0.07942396469199753)1:0.6741159787608285)0.52:0.059542473465945246)0.82:0.14702442039478483)0.43:0.02340301952427526)0.47:0.035208343459959913,(10,((28,(126,115)1:0.6062349361602355)0.55:0.0885356415517723,(91,(53,50)0.54:0.06950457675588824)1:0.3690758551641267)1:0.3723068572785215)0.61:0.07692419358123871)0.56:0.06250065368287873)0.55:0.06414467832985148)0.79:0.13732265033749758)0.71:0.10769680526773404)0.69:0.10180480964650665)0.42:0.023578792070959885)0.28:0.0));
Weight calculation took 69.458939735 secs
ASTRAL finished in 132.107 secs
