
================== ASTRAL ===================== 

This is ASTRAL version 5.7.8
Gene trees are treated as unrooted
200 trees read from Dataset/AstralII_data/model.200.500000.0.000001/37/estimatedgenetre.halfresolved_200
index0
All output trees will be *arbitrarily* rooted at 174

======== Running the main analysis
Number of taxa: 201 (201 species)
Taxa: [174, 187, 26, 42, 121, 60, 173, 2, 156, 24, 90, 59, 25, 196, 141, 72, 53, 117, 167, 95, 124, 33, 110, 143, 181, 97, 149, 115, 65, 177, 178, 38, 197, 152, 129, 66, 85, 0, 166, 43, 71, 106, 165, 180, 81, 52, 17, 146, 198, 55, 100, 185, 39, 133, 77, 134, 108, 29, 61, 46, 13, 105, 28, 119, 21, 91, 63, 131, 47, 8, 159, 125, 54, 190, 164, 113, 120, 1, 153, 123, 107, 171, 150, 136, 94, 191, 162, 109, 128, 102, 87, 23, 75, 14, 18, 104, 64, 93, 170, 112, 31, 70, 78, 98, 79, 73, 74, 168, 99, 116, 182, 142, 32, 183, 175, 118, 192, 88, 169, 188, 126, 139, 44, 67, 122, 9, 84, 11, 144, 111, 89, 22, 160, 155, 19, 80, 176, 193, 96, 16, 86, 56, 163, 200, 35, 50, 140, 7, 49, 186, 92, 34, 127, 83, 48, 114, 41, 145, 189, 6, 51, 30, 45, 58, 69, 135, 27, 40, 194, 195, 3, 161, 37, 62, 154, 15, 4, 199, 184, 20, 172, 132, 36, 101, 137, 130, 82, 57, 148, 76, 68, 12, 158, 179, 138, 10, 103, 5, 157, 147, 151]
Taxon occupancy: {110=200, 111=200, 112=200, 113=200, 114=200, 115=200, 116=200, 117=200, 118=200, 119=200, 10=200, 11=200, 12=200, 13=200, 14=200, 15=200, 16=200, 17=200, 18=200, 19=200, 120=200, 121=200, 0=200, 1=200, 122=200, 2=200, 123=200, 124=200, 3=200, 125=200, 4=200, 126=200, 5=200, 127=200, 6=200, 128=200, 7=200, 129=200, 8=200, 9=200, 20=200, 21=200, 22=200, 23=200, 24=200, 25=200, 26=200, 27=200, 28=200, 29=200, 130=200, 131=200, 132=200, 133=200, 134=200, 135=200, 136=200, 137=200, 138=200, 139=200, 30=200, 31=200, 32=200, 33=200, 34=200, 35=200, 36=200, 37=200, 38=200, 39=200, 140=200, 141=200, 142=200, 143=200, 144=200, 145=200, 146=200, 147=200, 148=200, 149=200, 40=200, 41=200, 42=200, 43=200, 44=200, 45=200, 46=200, 47=200, 48=200, 49=200, 150=200, 151=200, 152=200, 153=200, 154=200, 155=200, 156=200, 157=200, 158=200, 159=200, 50=200, 51=200, 52=200, 53=200, 54=200, 55=200, 56=200, 57=200, 58=200, 59=200, 160=200, 161=200, 162=200, 163=200, 164=200, 165=200, 166=200, 167=200, 168=200, 169=200, 60=200, 61=200, 62=200, 63=200, 64=200, 65=200, 66=200, 67=200, 68=200, 69=200, 170=200, 171=200, 172=200, 173=200, 174=200, 175=200, 176=200, 177=200, 178=200, 179=200, 70=200, 71=200, 72=200, 73=200, 74=200, 75=200, 76=200, 77=200, 78=200, 79=200, 180=200, 181=200, 182=200, 183=200, 184=200, 185=200, 186=200, 187=200, 188=200, 189=200, 80=200, 81=200, 82=200, 83=200, 84=200, 85=200, 86=200, 87=200, 88=200, 89=200, 190=200, 191=200, 192=200, 193=200, 194=200, 195=200, 196=200, 197=200, 198=200, 199=200, 90=200, 91=200, 92=200, 93=200, 94=200, 95=200, 96=200, 97=200, 98=200, 99=200, 200=200, 100=200, 101=200, 102=200, 103=200, 104=200, 105=200, 106=200, 107=200, 108=200, 109=200}
Number of gene trees: 200
0 trees have missing taxa
Calculating quartet distance matrix (for completion of X)
Species tree distances calculated ...
Building set of clusters (X) from gene trees 
------------------------------
gradient0: 39565
Number of Clusters after addition by distance: 39565
calculating extra bipartitions to be added at level 1 ...
Adding to X using resolutions of greedy consensus ...
Limit for sigma of degrees:5075
polytomy size limit : 62
discarded polytomies: 77 131  [3, 3, 3, 3, 3, 3, 3, 3, 3, 3, 4, 4, 6, 6, 19, 27, 31, 48, 62, 77, 131]
Threshold 0.0:
polytomy of size 3; rounds with additions with at least 5 support: 0; clusters: 39571
polytomy of size 19; rounds with additions with at least 5 support: 14; clusters: 45019
Threshold 0.01:
polytomy of size 27; rounds with additions with at least 5 support: 19; clusters: 56615
Threshold 0.02:
polytomy of size 31; rounds with additions with at least 5 support: 2; clusters: 70365
Threshold 0.05:
polytomy of size 48; rounds with additions with at least 5 support: 2; clusters: 70715
Threshold 0.1:
polytomy of size 3; rounds with additions with at least 5 support: 0; clusters: 70715
polytomy of size 3; rounds with additions with at least 5 support: 0; clusters: 70715
polytomy of size 3; rounds with additions with at least 5 support: 0; clusters: 70715
polytomy of size 62; rounds with additions with at least 5 support: 0; clusters: 70935
Threshold 0.2:
polytomy of size 3; rounds with additions with at least 5 support: 0; clusters: 70935
polytomy of size 3; rounds with additions with at least 5 support: 0; clusters: 70935
polytomy of size 6; rounds with additions with at least 5 support: 0; clusters: 70935
polytomy of size 4; rounds with additions with at least 5 support: 0; clusters: 70935
polytomy of size 3; rounds with additions with at least 5 support: 0; clusters: 70935
polytomy of size 3; rounds with additions with at least 5 support: 0; clusters: 70935
polytomy of size 4; rounds with additions with at least 5 support: 0; clusters: 70935
polytomy of size 77; rounds with additions with at least 5 support: 1; clusters: 71097
Threshold 0.3333333333333333:
polytomy of size 3; rounds with additions with at least 5 support: 0; clusters: 71097
polytomy of size 6; rounds with additions with at least 5 support: 0; clusters: 71097
polytomy of size 3; rounds with additions with at least 5 support: 0; clusters: 71097
polytomy of size 131; rounds with additions with at least 5 support: 0; clusters: 71103
max k is :38
Number of Clusters after addition by greedy: 71103
gradient0 in heuristiic: 71103
partitions formed in 49.735 secs
Dynamic Programming starting after 49.735 secs
Using tree-based weight calculation.
Using polytree-based weight calculation.
Polytree max score: 13193208408
Polytree building time: 0.342 seconds.
Number of quartet trees in the gene trees: 13193208408
Size of largest cluster: 201
Greedy score: 5513640346
estimationFactor: 2.3928307941905067
Sub-optimal score: 5525619698
Calculated 100000 weights; time (seconds): 156
Total Number of elements weighted: 170990
Normalized score (portion of input quartet trees satisfied before correcting for multiple individuals): 0.4423833049935703
Optimization score: 5836455139
Optimal tree inferred in 241.205 secs.
(92,((34,127),((49,186),((140,7),((83,48),(174,((145,(189,6)),((114,41),(((45,151),((79,(98,73)),(51,((35,50),((163,200),(86,56)))))),((167,((121,(60,173)),(((122,9),(196,(2,156))),(193,((90,16),(176,(24,96))))))),((95,66),((((93,170),((112,31),(78,(64,70)))),((195,(139,44)),((175,3),(74,(168,27))))),((((198,55),(185,39)),(147,(157,(30,(69,135))))),(((((141,117),(67,(25,130))),((152,129),((15,199),(161,(154,(37,(62,4))))))),((0,((123,107),((166,(43,71)),(81,((106,(165,180)),(17,(52,146))))))),((59,((171,(150,(136,94))),((33,(110,143)),(149,(115,(181,97)))))),(85,((128,(102,87)),(((14,104),(18,(191,75))),(53,(72,(23,(162,109)))))))))),((((82,(57,148)),((194,(40,138)),(10,(158,(12,179))))),(((134,108),((133,77),(160,(155,(19,80))))),(((153,183),(32,22)),(142,(164,(190,(120,(113,1)))))))),(((103,((99,5),(116,182))),(89,((84,144),(11,111)))),((54,((187,(26,42)),(124,(29,(61,46))))),(((58,((100,(21,91)),(119,(13,(105,28))))),(159,((47,8),(125,(68,(63,(131,76))))))),(((132,(20,172)),(36,(184,(101,137)))),((65,((177,178),(38,197))),((169,(188,126)),(88,(118,192)))))))))))))))))))))));
Final quartet score is: 5836455139
Final normalized quartet score is: 0.4423833049935703
Extended species tree:
(174,(((145,(189,6)1:1.3961754377425197)1:0.2519568809088769,((114,41)1:0.5221792089447972,(((45,151)1:0.9886881048439399,((79,(98,73)1:0.8514667109244215)1:0.5069157545718961,(51,((35,50)1:0.2963044169911094,((163,200)1:0.2623655375427764,(86,56)1:0.35276178170099604)1:0.20364136114645348)1:0.6797087717850382)1:0.16317388987505269)0.97:0.1213231437829102)0.58:0.036100724668392495,((167,((121,(60,173)1:0.5361343608266727)1:1.0920026020336628,(((122,9)1:0.7173775259408327,(196,(2,156)1:1.05504266364317)1:0.335850042088616)1:0.46406345507260577,(193,((90,16)1:0.42634457193956005,(176,(24,96)1:0.1923101962008091)0.91:0.09468842013458956)0.4:0.011113851097614627)1:0.755075921003413)0.4:0.011526987150661885)1:0.24303539577101205)0.33:0.0,((95,66)1:0.9563475802474095,((((93,170)1:0.8093988006705732,((112,31)1:0.23479586181864195,(78,(64,70)0.69:0.053712492367049045)1:0.27270329050525216)1:0.4337536300886961)1:0.9613504004697595,((195,(139,44)1:0.28672293661006)1:0.82641633838264,((175,3)1:1.7663604029591842,(74,(168,27)1:0.3590330625634977)1:0.16475167494903342)1:0.240888330955664)0.67:0.04919000970749255)0.52:0.028708604980920045,((((198,55)0.99:0.1445525691638048,(185,39)1:0.9694539373122845)1:0.28370921719168263,(147,(157,(30,(69,135)1:0.9394324294216205)1:0.3733216834742602)0.4:0.009523476595415475)0.97:0.1199977286774354)0.53:0.029001845383430473,(((((141,117)0.81:0.07444972864871251,(67,(25,130)1:0.2305711228356826)0.57:0.03553880036047379)1:0.3831231223026321,((152,129)1:0.8111285529686865,((15,199)0.54:0.03424136279809824,(161,(154,(37,(62,4)0.7:0.05390599933327428)0.7:0.05567094893390168)1:0.3424398152816613)0.51:0.03132609438846091)1:0.9375918278868424)0.98:0.1327497655107297)0.94:0.10559815188942469,((0,((123,107)1:0.5140203671644566,((166,(43,71)1:0.6398684345616928)1:0.913164355478434,(81,((106,(165,180)1:0.6303146592674745)1:0.4589201221175687,(17,(52,146)0.99:0.14883724104456414)1:0.3112622211327385)0.64:0.046784786489486356)1:0.25949542781938595)1:0.531742393863854)0.37:0.004650804824464853)0.39:0.008060515880280162,((59,((171,(150,(136,94)1:0.9562482303884288)1:0.25743477215655747)1:0.22512634440873325,((33,(110,143)1:1.2741816321092592)0.99:0.14853080179263986,(149,(115,(181,97)0.98:0.13053323539711845)1:0.18813040848543297)1:0.369965278917161)1:0.1778655345601189)1:0.17268849491124122)0.87:0.08389637001096281,(85,((128,(102,87)1:1.4835714462489722)1:0.41009905021760146,(((14,104)1:0.4093151807065835,(18,(191,75)1:0.34660981668278723)0.77:0.07659810308174604)1:0.8166713076328146,(53,(72,(23,(162,109)1:0.9421382776892809)1:0.3039769565105723)1:0.35612029164255377)0.74:0.062089752285096854)0.55:0.032428202995086766)0.9:0.09364465697680328)1:0.19107967689561528)0.65:0.046518769846086244)0.67:0.04965218186480358)0.32:0.0,((((82,(57,148)1:0.6568448745138892)1:0.19835289938541809,((194,(40,138)1:0.3971326648980794)1:0.31014749711825734,(10,(158,(12,179)0.95:0.12288421998815967)1:0.16699898558812787)1:0.4498661648627671)1:0.6165017742832397)1:0.1846318104119596,(((134,108)1:0.3979457435422326,((133,77)1:0.9210463857489003,(160,(155,(19,80)0.44:0.01589662304525392)1:0.520409491214912)1:0.46629810538037536)0.64:0.04471894903308641)1:0.6718475719404168,(((153,183)1:0.7991564806124085,(32,22)1:0.6162832016048805)0.59:0.03857462979283096,(142,(164,(190,(120,(113,1)0.93:0.11328276916517545)1:0.2835534461290292)0.6:0.04037818964360773)1:0.5766702831925806)1:0.40459054783650755)1:0.38240650604368037)1:0.28221325335320496)0.42:0.012845396794334473,(((103,((99,5)1:0.8225624106923116,(116,182)1:0.628147563585227)0.9:0.09451795128000691)1:0.28274186581003935,(89,((84,144)1:0.3579602679559146,(11,111)1:0.33788241097662536)1:0.6377502251206335)0.99:0.148982222680094)0.8:0.0711206462789376,((54,((187,(26,42)1:0.42897384036436925)1:0.7096671660038631,(124,(29,(61,46)0.98:0.12882545075537952)1:0.6683986732283125)1:0.16249641376070167)1:0.44848308364353157)0.87:0.08455056251853982,(((58,((100,(21,91)1:0.7286173600082532)1:0.3303110361617318,(119,(13,(105,28)1:0.33697761895369593)1:0.4748652655338192)0.41:0.014751109516731772)1:0.3360975551525024)0.96:0.11944268261617454,(159,((47,8)1:0.1963851045277991,(125,(68,(63,(131,76)1:0.20004249949461256)1:0.2787614740374391)1:0.45742780980557457)0.43:0.014338401971689237)0.71:0.05851376069565955)1:0.1868412765834632)0.98:0.13133738292836536,(((132,(20,172)1:0.8526587889969451)0.95:0.10880961173422156,(36,(184,(101,137)0.99:0.15909248338305973)1:0.31154263761937356)1:0.6108259677789847)1:0.6126627571044412,((65,((177,178)1:0.7946674037706426,(38,197)1:0.2074650528109946)1:0.2702049832692977)1:0.4652963480702833,((169,(188,126)1:0.21853010463166442)1:0.4669113260970604,(88,(118,192)0.92:0.09892002507518644)1:0.3714243415104683)1:0.7247832437666633)0.46:0.01878335227409728)1:0.21558629028548065)0.48:0.021866243883235728)0.57:0.036884719086522084)0.44:0.015341096460066815)0.42:0.012500810996658573)0.43:0.014111551628037606)0.53:0.02905941736103976)0.54:0.03096824984992198)0.59:0.04401768052152475)0.47:0.021269874597212298)0.44:0.022494840401047655)0.98:0.12745367650427208)0.99:0.14798085670141037,((83,48)1:0.23709272454448999,((140,7)1:0.7706337766370228,((49,186)0.36:0.0038965741261301214,((34,127)1:0.5361324234658987,92)0.96:0.11499746487402515)1:0.5007463799863426)0.51:0.02686654367619241)1:0.24646745566584272));
Weight calculation took 163.48589092 secs
ASTRAL finished in 243.886 secs
