
================== ASTRAL ===================== 

This is ASTRAL version 5.7.8
Gene trees are treated as unrooted
50 trees read from Dataset/AstralII_data/model.200.2000000.0.000001/37/estimatedgenetre.halfresolved_50
index0
All output trees will be *arbitrarily* rooted at 56

======== Running the main analysis
Number of taxa: 201 (201 species)
Taxa: [56, 191, 96, 130, 133, 11, 158, 111, 175, 41, 112, 198, 136, 15, 124, 94, 151, 200, 78, 164, 65, 3, 27, 131, 0, 188, 59, 183, 30, 1, 53, 85, 25, 72, 190, 106, 177, 197, 156, 98, 100, 32, 174, 71, 67, 141, 80, 33, 43, 46, 179, 192, 79, 107, 150, 193, 187, 155, 37, 140, 170, 121, 23, 103, 2, 87, 186, 119, 99, 167, 166, 144, 125, 104, 9, 89, 185, 61, 60, 18, 73, 82, 181, 142, 149, 132, 173, 195, 153, 172, 161, 54, 139, 88, 48, 110, 36, 169, 138, 93, 6, 127, 19, 163, 22, 77, 147, 13, 64, 21, 66, 102, 194, 35, 117, 105, 42, 68, 10, 45, 90, 180, 34, 8, 62, 148, 86, 26, 123, 63, 171, 49, 184, 165, 47, 52, 157, 129, 178, 81, 92, 7, 118, 5, 91, 4, 152, 154, 113, 114, 38, 55, 97, 159, 17, 20, 83, 44, 51, 70, 101, 95, 28, 145, 50, 168, 128, 126, 182, 137, 108, 29, 199, 74, 69, 120, 76, 58, 146, 84, 115, 16, 176, 196, 134, 189, 135, 57, 39, 122, 31, 143, 40, 24, 160, 12, 116, 109, 75, 162, 14]
Taxon occupancy: {110=50, 111=50, 112=50, 113=50, 114=50, 115=50, 116=50, 117=50, 118=50, 119=50, 10=50, 11=50, 12=50, 13=50, 14=50, 15=50, 16=50, 17=50, 18=50, 19=50, 120=50, 0=50, 121=50, 1=50, 122=50, 2=50, 123=50, 124=50, 3=50, 125=50, 4=50, 5=50, 126=50, 6=50, 127=50, 7=50, 128=50, 8=50, 129=50, 9=50, 20=50, 21=50, 22=50, 23=50, 24=50, 25=50, 26=50, 27=50, 28=50, 29=50, 130=50, 131=50, 132=50, 133=50, 134=50, 135=50, 136=50, 137=50, 138=50, 139=50, 30=50, 31=50, 32=50, 33=50, 34=50, 35=50, 36=50, 37=50, 38=50, 39=50, 140=50, 141=50, 142=50, 143=50, 144=50, 145=50, 146=50, 147=50, 148=50, 149=50, 40=50, 41=50, 42=50, 43=50, 44=50, 45=50, 46=50, 47=50, 48=50, 49=50, 150=50, 151=50, 152=50, 153=50, 154=50, 155=50, 156=50, 157=50, 158=50, 159=50, 50=50, 51=50, 52=50, 53=50, 54=50, 55=50, 56=50, 57=50, 58=50, 59=50, 160=50, 161=50, 162=50, 163=50, 164=50, 165=50, 166=50, 167=50, 168=50, 169=50, 60=50, 61=50, 62=50, 63=50, 64=50, 65=50, 66=50, 67=50, 68=50, 69=50, 170=50, 171=50, 172=50, 173=50, 174=50, 175=50, 176=50, 177=50, 178=50, 179=50, 70=50, 71=50, 72=50, 73=50, 74=50, 75=50, 76=50, 77=50, 78=50, 79=50, 180=50, 181=50, 182=50, 183=50, 184=50, 185=50, 186=50, 187=50, 188=50, 189=50, 80=50, 81=50, 82=50, 83=50, 84=50, 85=50, 86=50, 87=50, 88=50, 89=50, 190=50, 191=50, 192=50, 193=50, 194=50, 195=50, 196=50, 197=50, 198=50, 199=50, 90=50, 91=50, 92=50, 93=50, 94=50, 95=50, 96=50, 97=50, 98=50, 99=50, 200=50, 100=50, 101=50, 102=50, 103=50, 104=50, 105=50, 106=50, 107=50, 108=50, 109=50}
Number of gene trees: 50
0 trees have missing taxa
Calculating quartet distance matrix (for completion of X)
Species tree distances calculated ...
Building set of clusters (X) from gene trees 
------------------------------
gradient0: 4725
Number of Clusters after addition by distance: 4725
calculating extra bipartitions to be added at level 1 ...
Adding to X using resolutions of greedy consensus ...
Limit for sigma of degrees:5075
polytomy size limit : 22
discarded polytomies:  [3, 3, 3, 3, 3, 3, 3, 3, 3, 3, 3, 3, 4, 4, 4, 9, 17, 22]
Threshold 0.0:
Threshold 0.01:
Threshold 0.02:
Threshold 0.05:
polytomy of size 4; rounds with additions with at least 5 support: 1; clusters: 4731
polytomy of size 3; rounds with additions with at least 5 support: 0; clusters: 4731
Threshold 0.1:
polytomy of size 9; rounds with additions with at least 5 support: 1; clusters: 4733
Threshold 0.2:
polytomy of size 3; rounds with additions with at least 5 support: 0; clusters: 4733
polytomy of size 17; rounds with additions with at least 5 support: 0; clusters: 4737
Threshold 0.3333333333333333:
polytomy of size 3; rounds with additions with at least 5 support: 0; clusters: 4737
polytomy of size 3; rounds with additions with at least 5 support: 0; clusters: 4737
polytomy of size 3; rounds with additions with at least 5 support: 0; clusters: 4737
polytomy of size 3; rounds with additions with at least 5 support: 0; clusters: 4737
polytomy of size 3; rounds with additions with at least 5 support: 0; clusters: 4737
polytomy of size 3; rounds with additions with at least 5 support: 0; clusters: 4737
polytomy of size 4; rounds with additions with at least 5 support: 0; clusters: 4737
polytomy of size 3; rounds with additions with at least 5 support: 0; clusters: 4737
polytomy of size 3; rounds with additions with at least 5 support: 0; clusters: 4737
polytomy of size 3; rounds with additions with at least 5 support: 0; clusters: 4737
polytomy of size 3; rounds with additions with at least 5 support: 0; clusters: 4737
polytomy of size 4; rounds with additions with at least 5 support: 0; clusters: 4737
polytomy of size 22; rounds with additions with at least 5 support: 0; clusters: 4737
max k is :2
Number of Clusters after addition by greedy: 4737
gradient0 in heuristiic: 4737
partitions formed in 8.58 secs
Dynamic Programming starting after 8.581 secs
Using tree-based weight calculation.
Using polytree-based weight calculation.
Polytree max score: 3299917500
Polytree building time: 0.316 seconds.
Number of quartet trees in the gene trees: 3299917500
Size of largest cluster: 201
Greedy score: 2295718776
estimationFactor: 1.4374223596104787
Sub-optimal score: 2377424066
Total Number of elements weighted: 6965
Normalized score (portion of input quartet trees satisfied before correcting for multiple individuals): 0.7346082152053801
Optimization score: 2424146505
Optimal tree inferred in 12.329 secs.
(128,(168,(50,((111,((112,(175,41)),(136,(124,(198,15))))),(((11,158),((116,((75,162),(109,14))),(((108,(29,199)),((182,137),(74,((69,120),(76,58))))),(126,(((160,12),(40,24)),(((16,57),((176,134),(196,(189,135)))),((84,115),(146,((39,122),(31,143)))))))))),(((200,(94,151)),(78,(65,(164,(27,(3,131)))))),(0,((((83,((51,70),(20,44))),(81,((118,5),(92,7)))),((59,((130,133),(96,(56,191)))),((91,(4,(((114,38),(154,113)),((152,55),(97,(159,17)))))),(34,((26,(171,(123,63))),(((47,52),(157,(129,178))),((49,(184,165)),(62,(8,(148,86)))))))))),((((172,161),((173,(195,153)),((54,(139,88)),((142,(149,132)),((89,185),((82,181),(61,(60,(18,73))))))))),((48,(110,(36,169))),(((9,10),(90,(45,180))),(105,((42,68),(((21,117),(35,(194,(66,102)))),(138,((19,(127,163)),((93,6),(64,(13,(22,(77,147))))))))))))),(((125,104),((67,(141,80)),(101,(95,(28,145))))),(((183,30),(((1,53),(85,(25,(72,190)))),((32,(174,71)),(106,(156,((177,197),(98,100))))))),(((107,(150,(193,187))),(179,((192,79),(33,(43,46))))),((155,(140,(37,(170,121)))),((188,(144,(167,166))),((119,99),((23,103),(2,(87,186))))))))))))))))));
Final quartet score is: 2424146505
Final normalized quartet score is: 0.7346082152053801
Extended species tree:
(56,(191,(96,((130,133)1:1.0414538748281608,(59,(((91,(4,(((114,38)1:0.9996171668773592,(154,113)1:2.14006616349627)1:0.9423629721839303,((152,55)1:0.6351387879182925,(97,(159,17)1:1.4469189829363254)1:0.7855205006909604)1:1.9770265362517676)1:1.8216124323777365)1:0.6546808997321494)1:1.1858338821815326,(34,((26,(171,(123,63)1:1.915913020980709)0.85:0.1741436805732626)1:0.9155402627957807,(((47,52)1:1.7346010553881062,(157,(129,178)0.99:0.34914879958113804)1:1.1312520627249696)1:0.7351212249153662,((49,(184,165)0.95:0.23052365861183224)1:2.143939635092067,(62,(8,(148,86)0.75:0.1253315072948364)1:0.39086630868701183)1:1.9169226121820613)1:0.6248807893083597)0.98:0.27034068852275467)1:0.6809667620030743)1:1.6142522710502896)0.55:0.08131036213213773,(((83,((51,70)1:3.5263605246161593,(20,44)0.44:0.03016065545980095)1:0.4353180712578455)1:3.2866018454913513,(81,((118,5)1:1.5114575040738965,(92,7)1:1.5804503755608483)1:2.6100697927420056)1:1.5750424369730043)0.99:0.3109256072660207,(((((172,161)1:3.4692021107762083,((173,(195,153)1:3.5263605246161593)1:1.2972147310662017,((54,(139,88)1:3.5263605246161593)0.5:0.05687921389733878,((142,(149,132)1:0.6931471805599453)1:3.5263605246161593,((89,185)1:1.9169226121820613,((82,181)1:1.9676762411490665,(61,(60,(18,73)1:1.5804503755608483)1:2.277958028146125)0.36:5.027778477139451E-5)0.99:0.3374632792028033)1:1.9508241638577435)1:1.1727384089285309)1:0.5203741316261278)0.74:0.12654208034359077)1:0.519255916268973,((48,(110,(36,169)0.91:0.19415601444095737)1:1.751236115892639)1:2.7684204947976676,(((9,10)1:2.8332133440562166,(90,(45,180)1:1.7346010553881062)1:1.1847509700640084)1:0.49677136578805825,(105,((42,68)1:3.5263605246161593,(((21,117)1:0.7230001437096266,(35,(194,(66,102)1:0.8183103235139515)0.98:0.2876820724517809)1:1.3478280802920943)1:3.321264225175406,(138,((19,(127,163)0.97:0.26651726125973757)1:0.5235107832933062,((93,6)1:2.6483177832670877,(64,(13,(22,(77,147)1:0.4823192030915787)0.97:0.24864129907658708)1:1.3281915709702623)0.93:0.2205506453352731)0.35:0.0)1:3.4027465686489897)0.85:0.16052127717004844)0.98:0.29215163879348444)0.97:0.2670772207666612)0.89:0.18383691771441377)1:0.38624920335465307)0.84:0.15549551688547864)0.79:0.14815549102586828,(((125,104)1:2.8332133440562166,((67,(141,80)1:0.6359887667199969)1:2.415792500027903,(101,(95,(28,145)1:0.5306282510621702)1:3.5263605246161593)1:0.7007564091783092)1:0.45230978545023715)1:0.5154224777611699,(((183,30)1:2.8332133440562166,(((1,53)1:2.5105725865834643,(85,(25,(72,190)1:1.0414538748281608)1:3.120895416507997)1:0.38752740742149716)1:0.4108758297544982,((32,(174,71)1:2.830691274623507)1:0.3915458873743957,(106,(156,((177,197)1:0.530247612854187,(98,100)0.48:0.060941931036929804)1:0.34830669426821587)1:0.9808292530117262)1:1.9987203312097184)1:0.4631538556520838)1:0.910046650232234)1:1.3475672335674573,(((107,(150,(193,187)1:0.9614111671546247)1:1.8216124323777365)1:0.616117702522613,(179,((192,79)1:0.5306282510621702,(33,(43,46)0.99:0.34830669426821587)1:2.2735975561207935)0.94:0.22436979303745386)1:2.5911915223133692)1:0.8887647216945855,((155,(140,(37,(170,121)1:0.7540875087720569)0.86:0.17645643734155653)1:2.4277482359480516)1:2.0674884068043204,((188,(144,(167,166)0.79:0.16185506965263619)1:0.41521689193675826)0.92:0.1993430925068555,((119,99)1:1.8775036633258808,((23,103)0.99:0.3211835441061227,(2,(87,186)1:1.5804503755608483)1:1.329419434170572)0.7:0.11155342756479036)1:1.6027267367069518)1:0.805420778787955)0.78:0.13307278340695852)1:0.351931360118313)0.47:0.04584559369137578)1:0.4991312532414845)0.9:0.18680063163032565,(0,(((200,(94,151)0.36:0.0)1:3.5263605246161593,(78,(65,(164,(27,(3,131)0.86:0.19415601444095737)1:0.8186487902628251)1:0.6735328816148016)1:0.3587779941355112)1:2.0447559836919456)1:2.8998638190784134,(((11,158)1:3.5263605246161593,((116,((75,162)0.9:0.1942466639447134,(109,14)0.79:0.14188422866397649)1:0.9423629721839303)1:3.5203903576296565,(((108,(29,199)1:1.5804503755608483)1:0.8183103235139515,((182,137)1:2.8332133440562166,(74,((69,120)1:0.6928486285350374,(76,58)1:0.9236708391717778)1:0.5948947003711008)1:0.6945884855695535)0.97:0.2631488859279087)1:1.3150336812184718,(126,(((160,12)1:0.39086630868701183,(40,24)1:1.4469189829363254)1:2.030251297489064,(((16,57)0.97:0.26060111384911033,((176,134)0.96:0.24243610463860576,(196,(189,135)1:1.2242806097081311)0.99:0.30784190639580233)0.98:0.2811673914305873)1:1.8887517352153649,((84,115)1:1.839961571045932,(146,((39,122)1:1.8216124323777365,(31,143)1:1.8216124323777365)1:0.7171422573733272)0.76:0.1303311131124486)0.92:0.21234121207754228)1:0.3565289945665068)1:0.4018471341424007)1:0.7795327947512657)1:0.8872941904941472)0.7:0.11667955104445052)1:0.5684427723126362,((111,((112,(175,41)0.84:0.15854236502784044)1:1.236354213828976,(136,(124,(198,15)0.6:0.0930252106364999)0.49:0.04449587440451912)1:0.9360933591703358)1:3.120895416507997)1:0.6359887667199969,(50,(168,128)1:2.8332133440562166)1:2.14006616349627)1:1.5188924825614143)1:1.6205014079568403)0.44:0.038212784812241836)0.53:0.054686272128864226)1:0.5344790252384046)0.51:0.05989174287943493)0.74:0.1307174618194563)1:2.8332133440562166)1:2.514759612937681)0.9:0.19415601444095737));
Weight calculation took 2.763142142 secs
ASTRAL finished in 14.018 secs
