
================== ASTRAL ===================== 

This is ASTRAL version 5.7.8
Gene trees are treated as unrooted
200 trees read from Dataset/AstralII_data/model.200.2000000.0.000001/37/estimatedgenetre.halfresolved_200
index0
All output trees will be *arbitrarily* rooted at 56

======== Running the main analysis
Number of taxa: 201 (201 species)
Taxa: [56, 191, 96, 130, 133, 11, 158, 111, 175, 41, 112, 198, 136, 15, 124, 94, 151, 200, 78, 164, 65, 3, 27, 131, 0, 188, 59, 183, 30, 1, 53, 85, 25, 72, 190, 106, 177, 197, 156, 98, 100, 32, 174, 71, 67, 141, 80, 33, 43, 46, 179, 192, 79, 107, 150, 193, 187, 155, 37, 140, 170, 121, 23, 103, 2, 87, 186, 119, 99, 167, 166, 144, 125, 104, 9, 89, 185, 61, 60, 18, 73, 82, 181, 142, 149, 132, 173, 195, 153, 172, 161, 54, 139, 88, 48, 110, 36, 169, 138, 93, 6, 127, 19, 163, 22, 77, 147, 13, 64, 21, 66, 102, 194, 35, 117, 105, 42, 68, 10, 45, 90, 180, 34, 8, 62, 148, 86, 26, 123, 63, 171, 49, 184, 165, 47, 52, 157, 129, 178, 81, 92, 7, 118, 5, 91, 4, 152, 154, 113, 114, 38, 55, 97, 159, 17, 20, 83, 44, 51, 70, 101, 95, 28, 145, 50, 168, 128, 126, 182, 137, 108, 29, 199, 74, 69, 120, 76, 58, 146, 84, 115, 16, 176, 196, 134, 189, 135, 57, 39, 122, 31, 143, 40, 24, 160, 12, 116, 109, 75, 162, 14]
Taxon occupancy: {110=200, 111=200, 112=200, 113=200, 114=200, 115=200, 116=200, 117=200, 118=200, 119=200, 10=200, 11=200, 12=200, 13=200, 14=200, 15=200, 16=200, 17=200, 18=200, 19=200, 120=200, 0=200, 121=200, 1=200, 122=200, 2=200, 123=200, 124=200, 3=200, 125=200, 4=200, 5=200, 126=200, 6=200, 127=200, 7=200, 128=200, 8=200, 129=200, 9=200, 20=200, 21=200, 22=200, 23=200, 24=200, 25=200, 26=200, 27=200, 28=200, 29=200, 130=200, 131=200, 132=200, 133=200, 134=200, 135=200, 136=200, 137=200, 138=200, 139=200, 30=200, 31=200, 32=200, 33=200, 34=200, 35=200, 36=200, 37=200, 38=200, 39=200, 140=200, 141=200, 142=200, 143=200, 144=200, 145=200, 146=200, 147=200, 148=200, 149=200, 40=200, 41=200, 42=200, 43=200, 44=200, 45=200, 46=200, 47=200, 48=200, 49=200, 150=200, 151=200, 152=200, 153=200, 154=200, 155=200, 156=200, 157=200, 158=200, 159=200, 50=200, 51=200, 52=200, 53=200, 54=200, 55=200, 56=200, 57=200, 58=200, 59=200, 160=200, 161=200, 162=200, 163=200, 164=200, 165=200, 166=200, 167=200, 168=200, 169=200, 60=200, 61=200, 62=200, 63=200, 64=200, 65=200, 66=200, 67=200, 68=200, 69=200, 170=200, 171=200, 172=200, 173=200, 174=200, 175=200, 176=200, 177=200, 178=200, 179=200, 70=200, 71=200, 72=200, 73=200, 74=200, 75=200, 76=200, 77=200, 78=200, 79=200, 180=200, 181=200, 182=200, 183=200, 184=200, 185=200, 186=200, 187=200, 188=200, 189=200, 80=200, 81=200, 82=200, 83=200, 84=200, 85=200, 86=200, 87=200, 88=200, 89=200, 190=200, 191=200, 192=200, 193=200, 194=200, 195=200, 196=200, 197=200, 198=200, 199=200, 90=200, 91=200, 92=200, 93=200, 94=200, 95=200, 96=200, 97=200, 98=200, 99=200, 200=200, 100=200, 101=200, 102=200, 103=200, 104=200, 105=200, 106=200, 107=200, 108=200, 109=200}
Number of gene trees: 200
0 trees have missing taxa
Calculating quartet distance matrix (for completion of X)
Species tree distances calculated ...
Building set of clusters (X) from gene trees 
------------------------------
gradient0: 11141
Number of Clusters after addition by distance: 11141
calculating extra bipartitions to be added at level 1 ...
Adding to X using resolutions of greedy consensus ...
Limit for sigma of degrees:5075
polytomy size limit : 21
discarded polytomies:  [3, 3, 3, 3, 3, 3, 3, 3, 3, 3, 3, 3, 3, 3, 3, 3, 4, 4, 4, 4, 9, 15, 21]
Threshold 0.0:
Threshold 0.01:
Threshold 0.02:
Threshold 0.05:
polytomy of size 3; rounds with additions with at least 5 support: 0; clusters: 11141
polytomy of size 3; rounds with additions with at least 5 support: 0; clusters: 11141
polytomy of size 3; rounds with additions with at least 5 support: 0; clusters: 11141
Threshold 0.1:
polytomy of size 3; rounds with additions with at least 5 support: 0; clusters: 11141
polytomy of size 9; rounds with additions with at least 5 support: 0; clusters: 11141
Threshold 0.2:
polytomy of size 3; rounds with additions with at least 5 support: 0; clusters: 11141
polytomy of size 15; rounds with additions with at least 5 support: 0; clusters: 11141
Threshold 0.3333333333333333:
polytomy of size 3; rounds with additions with at least 5 support: 0; clusters: 11141
polytomy of size 3; rounds with additions with at least 5 support: 0; clusters: 11141
polytomy of size 3; rounds with additions with at least 5 support: 0; clusters: 11141
polytomy of size 3; rounds with additions with at least 5 support: 0; clusters: 11141
polytomy of size 3; rounds with additions with at least 5 support: 0; clusters: 11141
polytomy of size 3; rounds with additions with at least 5 support: 0; clusters: 11141
polytomy of size 4; rounds with additions with at least 5 support: 0; clusters: 11141
polytomy of size 3; rounds with additions with at least 5 support: 0; clusters: 11141
polytomy of size 4; rounds with additions with at least 5 support: 0; clusters: 11141
polytomy of size 3; rounds with additions with at least 5 support: 0; clusters: 11141
polytomy of size 4; rounds with additions with at least 5 support: 0; clusters: 11141
polytomy of size 4; rounds with additions with at least 5 support: 0; clusters: 11141
polytomy of size 3; rounds with additions with at least 5 support: 0; clusters: 11141
polytomy of size 3; rounds with additions with at least 5 support: 0; clusters: 11141
polytomy of size 3; rounds with additions with at least 5 support: 0; clusters: 11141
polytomy of size 21; rounds with additions with at least 5 support: 0; clusters: 11141
max k is :0
Number of Clusters after addition by greedy: 11141
gradient0 in heuristiic: 11141
partitions formed in 6.534 secs
Dynamic Programming starting after 6.534 secs
Using tree-based weight calculation.
Using polytree-based weight calculation.
Polytree max score: 13199669010
Polytree building time: 0.244 seconds.
Number of quartet trees in the gene trees: 13199669010
Size of largest cluster: 201
Greedy score: 9130946244
estimationFactor: 1.445597056129159
Sub-optimal score: 9548894171
Total Number of elements weighted: 22521
Normalized score (portion of input quartet trees satisfied before correcting for multiple individuals): 0.7426321255156988
Optimization score: 9802498253
Optimal tree inferred in 16.104 secs.
(128,(168,(50,((111,((41,(175,112)),(124,(136,(198,15))))),(((11,158),((116,((109,14),(75,162))),(((108,(29,199)),((182,137),(74,((69,120),(76,58))))),(126,(((160,12),(40,24)),(((16,57),((176,134),(196,(189,135)))),((84,115),(146,((31,143),(39,122)))))))))),(0,((((94,(151,200)),(78,(65,(164,(27,(3,131)))))),((59,((130,133),(96,(56,191)))),(((83,(20,(44,(51,70)))),(81,((118,5),(92,7)))),((91,(4,(((114,38),(154,113)),((152,55),(97,(159,17)))))),(34,((171,(26,(123,63))),(((47,52),(157,(129,178))),((49,(184,165)),(62,(8,(148,86))))))))))),(((((172,161),(173,(195,153))),((139,88),(54,((142,(149,132)),((89,185),((82,181),(61,(60,(18,73))))))))),((48,(110,(36,169))),(((9,10),(90,(45,180))),(105,((42,68),(((21,117),(35,(194,(66,102)))),(138,((64,(13,(22,(77,147)))),((93,6),(19,(127,163))))))))))),(((183,30),(((1,53),(85,(25,(72,190)))),((32,(174,71)),(106,(156,((177,197),(98,100))))))),(((125,104),((67,(141,80)),(101,(95,(28,145))))),(((107,(150,(193,187))),(179,((192,79),(33,(43,46))))),((155,((37,140),(170,121))),((188,(144,(167,166))),((119,99),(103,(23,(2,(87,186))))))))))))))))));
Final quartet score is: 9802498253
Final normalized quartet score is: 0.7426321255156988
Extended species tree:
(56,(191,(96,((130,133)1:1.1761705230139845,(59,((((83,(20,(44,(51,70)1:3.5102836090105947)0.62:0.04204916585516345)1:0.4749911707567749)1:3.4592709505789743,(81,((118,5)1:1.9800690678666326,(92,7)1:1.806797346592596)1:3.1468668950317653)1:1.5609808431002181)1:0.34639632937889947,((91,(4,(((114,38)1:0.871808499738502,(154,113)1:2.2569712037654823)1:1.059418484602477,((152,55)1:0.9209913247629706,(97,(159,17)1:1.2605194916151647)1:0.7992525499900205)1:1.9169193731740402)1:1.857339401399564)1:0.46470044274715117)1:1.4258363893442427,(34,((171,(26,(123,63)1:2.068794369043471)0.49:0.024445938721092113)1:0.8157091646195578,(((47,52)1:1.9360090780726016,(157,(129,178)1:0.4670230011075977)1:1.1514618537757577)1:0.8081546018034398,((49,(184,165)1:0.18849161538462028)1:2.088794266860347,(62,(8,(148,86)0.99:0.15319001369157387)1:0.36822281332656936)1:1.8690683166488269)1:0.8842204975120361)1:0.29970472715270025)1:0.8112509299529143)1:1.5643739806135748)0.92:0.09733474788338649)0.68:0.05238628760714326,(((94,(151,200)0.79:0.06952606264861033)1:4.492374691842744,(78,(65,(164,(27,(3,131)0.61:0.06457892599424041)1:0.8460107127553985)1:1.0474751136855658)1:0.48807641030543003)1:2.980917187768854)1:3.174530395887865,((((((172,161)1:4.892750730443437,(173,(195,153)1:4.897839799950916)1:1.3933248042607302)0.45:0.01771835323775388,((139,88)1:4.247252233809752,(54,((142,(149,132)1:0.5540343780972276)1:2.8494680699336477,((89,185)1:2.05577616928506,((82,181)1:2.1891914871548757,(61,(60,(18,73)1:1.401332238484431)1:1.8542847141771681)0.49:0.0230013850199225)0.98:0.13623342798444357)1:2.114671276785841)1:0.9729719542380677)1:0.17000895618750583)1:0.6323739914050911)1:0.5630024310410214,((48,(110,(36,169)1:0.3027199498163214)1:1.9070690530179242)1:3.049531491093748,(((9,10)1:3.945473011602944,(90,(45,180)1:1.4638525954657653)1:1.263346495510528)1:0.6646367556127405,(105,((42,68)1:3.806363448148257,(((21,117)1:0.8905066147184405,(35,(194,(66,102)1:0.678406369666212)1:0.3334651705922887)1:1.2959717228266052)1:3.139722102868979,(138,((64,(13,(22,(77,147)1:0.6070344936173204)1:0.16592515998158636)1:1.38011993996556)1:0.3387245171360542,((93,6)1:2.170698620383871,(19,(127,163)1:0.33259764791556007)1:0.5391052921687325)0.82:0.07693634815351359)1:3.3588243518133596)0.81:0.07266576898086902)1:0.4410715040270566)1:0.4411560496268448)0.99:0.1445388975084334)1:0.4113906257184882)0.96:0.11855102837557847)0.99:0.14440482805088867,(((183,30)1:3.116338075972748,(((1,53)1:3.3912015823129624,(85,(25,(72,190)1:1.0060195018402847)1:3.0260376230493193)1:0.48837261191176173)1:0.31158849209540707,((32,(174,71)1:3.771009871473845)1:0.2826075594279826,(106,(156,((177,197)1:0.42611399079392126,(98,100)1:0.1815066680748015)1:0.5803176733876081)1:0.7707054149058197)1:2.374280172927497)1:0.3809754093215543)1:1.538775042735326)1:1.2131057109180436,(((125,104)1:3.0876500265175038,((67,(141,80)1:0.8547885321163611)1:3.1756716875993054,(101,(95,(28,145)1:0.8034952377288108)1:4.897839799950916)1:0.6646052327290576)1:0.7137838776105419)1:0.4501411787217516,(((107,(150,(193,187)1:0.6778123249468789)1:2.008314423823428)1:0.706362192351371,(179,((192,79)1:0.3833426029912371,(33,(43,46)1:0.6073803588025202)1:2.0211668864129093)0.66:0.051031480012445875)1:3.1423316349482877)1:1.1616806756308742,((155,((37,140)0.67:0.04972343535243062,(170,121)1:0.6783320947748046)1:2.8183982582710745)1:2.116513258235935,((188,(144,(167,166)0.9:0.09443991183120395)1:0.5942206835290355)1:0.44747840503462744,((119,99)1:2.4818339787578108,(103,(23,(2,(87,186)1:2.1897895988487015)1:1.7187289987826515)0.41:0.012657184295223492)1:0.17499540438814623)1:1.7615678544951765)1:0.8417538912873451)1:0.2053606622053341)1:0.306398719476811)0.45:0.016945592195777834)1:0.5962131276442683)1:0.2817140539339553,(0,(((11,158)1:4.897839799950916,((116,((109,14)0.99:0.1573093110584153,(75,162)1:0.3705488430019366)1:0.9561589284344906)1:3.0594195407349454,(((108,(29,199)1:1.5656352897757073)1:1.0645508350652693,((182,137)1:3.7940861117823843,(74,((69,120)1:0.7704188995445898,(76,58)1:0.9857152768332204)1:0.6143236135433532)1:0.8793924119823562)1:0.23841613282863672)1:1.5046228279149225,(126,(((160,12)1:0.333491608483075,(40,24)1:1.7197859696029656)1:2.139191966622573,(((16,57)0.98:0.13058583067381727,((176,134)1:0.3832969006857144,(196,(189,135)1:0.8034701105223264)1:0.35213344699306953)1:0.32101508647217775)1:2.3079928908676473,((84,115)1:2.389666413259706,(146,((31,143)1:2.4110314063250917,(39,122)1:2.456817853114819)1:0.6794581787495114)0.79:0.0813691113978087)1:0.24182546549877487)1:0.49867183317948083)1:0.46913472687700036)1:0.6985728025103336)1:0.8850458050468427)0.94:0.10851240410502888)1:0.5131052750926961,((111,((41,(175,112)0.39:0.0076045993852194155)1:1.5435593380765078,(124,(136,(198,15)1:0.1698711184175652)0.46:0.0306763671619783)1:1.0382803640585079)1:2.8373042669245283)1:0.658162411738391,(50,(168,128)1:3.51154543883102)1:2.1252510777111304)1:1.0134284586758715)1:1.5396395805174905)0.76:0.06590315118923952)0.9:0.09226807489906592)1:0.3967568960143268)0.99:0.16310833621016838)1:3.786207231108916)1:2.007468042054746)1:0.2926696139628201));
Weight calculation took 8.567223024 secs
ASTRAL finished in 18.464 secs
