
================== ASTRAL ===================== 

This is ASTRAL version 5.7.8
Gene trees are treated as unrooted
999 trees read from Dataset/AstralII_data/model.200.2000000.0.000001/37/estimatedgenetre.halfresolved
index0
All output trees will be *arbitrarily* rooted at 56

======== Running the main analysis
Number of taxa: 201 (201 species)
Taxa: [56, 191, 96, 130, 133, 11, 158, 111, 175, 41, 112, 198, 136, 15, 124, 94, 151, 200, 78, 164, 65, 3, 27, 131, 0, 188, 59, 183, 30, 1, 53, 85, 25, 72, 190, 106, 177, 197, 156, 98, 100, 32, 174, 71, 67, 141, 80, 33, 43, 46, 179, 192, 79, 107, 150, 193, 187, 155, 37, 140, 170, 121, 23, 103, 2, 87, 186, 119, 99, 167, 166, 144, 125, 104, 9, 89, 185, 61, 60, 18, 73, 82, 181, 142, 149, 132, 173, 195, 153, 172, 161, 54, 139, 88, 48, 110, 36, 169, 138, 93, 6, 127, 19, 163, 22, 77, 147, 13, 64, 21, 66, 102, 194, 35, 117, 105, 42, 68, 10, 45, 90, 180, 34, 8, 62, 148, 86, 26, 123, 63, 171, 49, 184, 165, 47, 52, 157, 129, 178, 81, 92, 7, 118, 5, 91, 4, 152, 154, 113, 114, 38, 55, 97, 159, 17, 20, 83, 44, 51, 70, 101, 95, 28, 145, 50, 168, 128, 126, 182, 137, 108, 29, 199, 74, 69, 120, 76, 58, 146, 84, 115, 16, 176, 196, 134, 189, 135, 57, 39, 122, 31, 143, 40, 24, 160, 12, 116, 109, 75, 162, 14]
Taxon occupancy: {110=999, 111=999, 112=999, 113=999, 114=999, 115=999, 116=999, 117=999, 118=999, 119=999, 10=999, 11=999, 12=999, 13=999, 14=999, 15=999, 16=999, 17=999, 18=999, 19=999, 120=999, 0=999, 121=999, 1=999, 122=999, 2=999, 123=999, 124=999, 3=999, 125=999, 4=999, 5=999, 126=999, 6=999, 127=999, 7=999, 128=999, 8=999, 129=999, 9=999, 20=999, 21=999, 22=999, 23=999, 24=999, 25=999, 26=999, 27=999, 28=999, 29=999, 130=999, 131=999, 132=999, 133=999, 134=999, 135=999, 136=999, 137=999, 138=999, 139=999, 30=999, 31=999, 32=999, 33=999, 34=999, 35=999, 36=999, 37=999, 38=999, 39=999, 140=999, 141=999, 142=999, 143=999, 144=999, 145=999, 146=999, 147=999, 148=999, 149=999, 40=999, 41=999, 42=999, 43=999, 44=999, 45=999, 46=999, 47=999, 48=999, 49=999, 150=999, 151=999, 152=999, 153=999, 154=999, 155=999, 156=999, 157=999, 158=999, 159=999, 50=999, 51=999, 52=999, 53=999, 54=999, 55=999, 56=999, 57=999, 58=999, 59=999, 160=999, 161=999, 162=999, 163=999, 164=999, 165=999, 166=999, 167=999, 168=999, 169=999, 60=999, 61=999, 62=999, 63=999, 64=999, 65=999, 66=999, 67=999, 68=999, 69=999, 170=999, 171=999, 172=999, 173=999, 174=999, 175=999, 176=999, 177=999, 178=999, 179=999, 70=999, 71=999, 72=999, 73=999, 74=999, 75=999, 76=999, 77=999, 78=999, 79=999, 180=999, 181=999, 182=999, 183=999, 184=999, 185=999, 186=999, 187=999, 188=999, 189=999, 80=999, 81=999, 82=999, 83=999, 84=999, 85=999, 86=999, 87=999, 88=999, 89=999, 190=999, 191=999, 192=999, 193=999, 194=999, 195=999, 196=999, 197=999, 198=999, 199=999, 90=999, 91=999, 92=999, 93=999, 94=999, 95=999, 96=999, 97=999, 98=999, 99=999, 200=999, 100=999, 101=999, 102=999, 103=999, 104=999, 105=999, 106=999, 107=999, 108=999, 109=999}
Number of gene trees: 999
0 trees have missing taxa
Calculating quartet distance matrix (for completion of X)
Species tree distances calculated ...
Building set of clusters (X) from gene trees 
------------------------------
gradient0: 35623
Number of Clusters after addition by distance: 35623
calculating extra bipartitions to be added at level 1 ...
Adding to X using resolutions of greedy consensus ...
Limit for sigma of degrees:5075
polytomy size limit : 24
discarded polytomies:  [3, 3, 3, 3, 3, 3, 3, 3, 3, 3, 4, 4, 4, 4, 4, 4, 5, 9, 15, 24]
Threshold 0.0:
Threshold 0.01:
Threshold 0.02:
polytomy of size 3; rounds with additions with at least 5 support: 0; clusters: 35623
Threshold 0.05:
polytomy of size 5; rounds with additions with at least 5 support: 0; clusters: 35623
polytomy of size 3; rounds with additions with at least 5 support: 0; clusters: 35623
Threshold 0.1:
polytomy of size 3; rounds with additions with at least 5 support: 0; clusters: 35623
polytomy of size 9; rounds with additions with at least 5 support: 0; clusters: 35623
Threshold 0.2:
polytomy of size 3; rounds with additions with at least 5 support: 0; clusters: 35623
polytomy of size 15; rounds with additions with at least 5 support: 0; clusters: 35623
Threshold 0.3333333333333333:
polytomy of size 4; rounds with additions with at least 5 support: 0; clusters: 35623
polytomy of size 3; rounds with additions with at least 5 support: 0; clusters: 35623
polytomy of size 3; rounds with additions with at least 5 support: 0; clusters: 35623
polytomy of size 3; rounds with additions with at least 5 support: 0; clusters: 35623
polytomy of size 3; rounds with additions with at least 5 support: 0; clusters: 35623
polytomy of size 4; rounds with additions with at least 5 support: 0; clusters: 35623
polytomy of size 4; rounds with additions with at least 5 support: 0; clusters: 35623
polytomy of size 4; rounds with additions with at least 5 support: 0; clusters: 35623
polytomy of size 3; rounds with additions with at least 5 support: 0; clusters: 35623
polytomy of size 3; rounds with additions with at least 5 support: 0; clusters: 35623
polytomy of size 4; rounds with additions with at least 5 support: 0; clusters: 35623
polytomy of size 4; rounds with additions with at least 5 support: 0; clusters: 35623
polytomy of size 24; rounds with additions with at least 5 support: 0; clusters: 35623
max k is :0
Number of Clusters after addition by greedy: 35623
gradient0 in heuristiic: 35623
partitions formed in 40.638 secs
Dynamic Programming starting after 40.638 secs
Using tree-based weight calculation.
Using polytree-based weight calculation.
Polytree max score: 65923129689
Polytree building time: 3.49 seconds.
Number of quartet trees in the gene trees: 65923129689
Size of largest cluster: 201
Greedy score: 42121309702
estimationFactor: 1.5650778704506865
Sub-optimal score: 45284119716
Calculated 100000 weights; time (seconds): 219
Total Number of elements weighted: 119038
Normalized score (portion of input quartet trees satisfied before correcting for multiple individuals): 0.7372686196982841
Optimization score: 48603054832
Optimal tree inferred in 251.77 secs.
(128,(168,(50,((111,((175,(41,112)),(124,(136,(198,15))))),(((11,158),((116,((109,14),(75,162))),(((108,(29,199)),((182,137),(74,((69,120),(76,58))))),(126,(((160,12),(40,24)),(((84,115),(146,((31,143),(39,122)))),((16,57),((176,134),(196,(189,135)))))))))),(0,((((94,(151,200)),(78,(65,(164,(27,(3,131)))))),(59,(((81,((118,5),(92,7))),(83,(44,(20,(51,70))))),(((130,133),(96,(56,191))),((91,(4,(((114,38),(154,113)),((152,55),(97,(159,17)))))),(34,((171,(26,(123,63))),(((47,52),(157,(129,178))),((49,(184,165)),(62,(8,(148,86)))))))))))),(((((172,161),(173,(195,153))),((139,88),(54,((142,(149,132)),((89,185),((82,181),(61,(60,(18,73))))))))),((48,(110,(36,169))),(((9,10),(90,(45,180))),(105,((42,68),(((21,117),(35,(194,(66,102)))),(138,(((93,6),(19,(127,163))),(64,(13,(22,(77,147)))))))))))),((((125,104),((67,(141,80)),(101,(95,(28,145))))),((183,30),(((1,53),(85,(25,(72,190)))),((32,(174,71)),(106,(156,((177,197),(98,100)))))))),(((107,(150,(193,187))),(179,((192,79),(33,(43,46))))),((155,((37,140),(170,121))),((188,(144,(167,166))),((119,99),((23,103),(2,(87,186))))))))))))))));
Final quartet score is: 48603054832
Final normalized quartet score is: 0.7372686196982841
Extended species tree:
(56,(191,(96,((130,133)1:1.2205974025550483,(((91,(4,(((114,38)1:0.8732885774589387,(154,113)1:2.2096909980844064)1:0.9049786611460209,((152,55)1:0.8299084573777424,(97,(159,17)1:1.223026930295487)1:0.8625710262350834)1:1.9803924340593697)1:2.094152134412924)1:0.45880133698338244)1:1.4978934919109128,(34,((171,(26,(123,63)1:2.6139749790492512)0.97:0.05709479379674637)1:0.8249028986425454,(((47,52)1:2.0863963262022542,(157,(129,178)1:0.4756934293999464)1:1.1262656081556557)1:0.7745716317165955,((49,(184,165)1:0.2272721417943045)1:2.000194563590101,(62,(8,(148,86)1:0.1681836052094436)1:0.32484801635945487)1:1.714195643698503)1:0.9103312355258004)1:0.323795479934929)1:0.7800055401314941)1:1.406332802472187)0.8:0.03211108489679563,(((81,((118,5)1:1.8573328156812785,(92,7)1:1.8253003927616998)1:3.4280656230949167)1:1.5143099261445,(83,(44,(20,(51,70)1:3.100419615170915)0.94:0.04793000122075022)1:0.47810635651272715)1:2.9290280693969195)1:0.27875517516515413,(59,(((94,(151,200)1:0.09601465323958848)1:5.115714520195897,(78,(65,(164,(27,(3,131)1:0.1423962100777817)1:0.7643306788860226)1:1.1677467006934488)1:0.43541957651082946)1:3.2324440204337055)1:2.6576896784654864,((((((172,161)1:5.099091186542532,(173,(195,153)1:4.417182891658455)1:1.4599683615189152)1:0.09672747097127474,((139,88)1:5.150079730529735,(54,((142,(149,132)1:0.531170064483223)1:2.8608506415972252,((89,185)1:2.0820214247061406,((82,181)1:2.2073238955805623,(61,(60,(18,73)1:1.3059852140253199)1:1.8790760677141634)0.69:0.023552180832293164)1:0.15738997833902835)1:1.958552575952064)1:1.036399759243597)1:0.18035834174960025)1:0.5988176262668338)1:0.5565899832136632,((48,(110,(36,169)1:0.2927098064773868)1:1.9484132792734332)1:3.3245884696996986,(((9,10)1:4.584829714079435,(90,(45,180)1:1.5288490340985708)1:0.9867542694016387)1:0.8294408221976045,(105,((42,68)1:3.890157118354795,(((21,117)1:0.9819406822365954,(35,(194,(66,102)1:0.6810267336974071)1:0.39749149429209485)1:1.2585872750401745)1:3.4284286945109663,(138,(((93,6)1:2.2492943170610746,(19,(127,163)1:0.2519454333591045)1:0.4786571842086652)0.99:0.06904218469777773,(64,(13,(22,(77,147)1:0.533336055780382)1:0.2062486418668016)1:1.3202635782185466)1:0.3060277255778583)1:3.5092059888615363)0.58:0.02542497123292583)1:0.4130601176624446)1:0.42903386303340996)0.99:0.062658690370496)1:0.3825066583271433)1:0.19538519595528853)1:0.259093449162149,((((125,104)1:3.676986174667564,((67,(141,80)1:0.911844799111133)1:3.231120263913549,(101,(95,(28,145)1:0.751026239359137)1:3.963069633525408)1:0.677622214722448)1:0.8486685910760824)1:0.44434769857908,((183,30)1:3.1890635170014288,(((1,53)1:3.813789855883188,(85,(25,(72,190)1:0.7137011178854427)1:2.9886183709952228)1:0.6359112458377701)1:0.2607368556260184,((32,(174,71)1:3.649140109553181)1:0.30088488081293907,(106,(156,((177,197)1:0.41579800442453624,(98,100)1:0.22060013763713604)1:0.5581975996316626)1:0.7160622447724758)1:2.373836318170258)1:0.4646757602859266)1:1.6185738913504752)1:1.2531513921913313)0.51:0.01262419691063222,(((107,(150,(193,187)1:0.5551975474227202)1:2.243236058873135)1:0.8000253539745288,(179,((192,79)1:0.44619266772814975,(33,(43,46)1:0.45131465774408963)1:2.062384083235833)0.95:0.0488718326782835)1:3.1485079799020355)1:1.2159345933493295,((155,((37,140)0.92:0.043001782963916005,(170,121)1:0.7068251995068872)1:2.990580767636432)1:2.222807249801306,((188,(144,(167,166)1:0.10913466949643803)1:0.5762734049700788)1:0.4776635032500105,((119,99)1:2.60994549657919,((23,103)1:0.06888266273060523,(2,(87,186)1:2.209757875776773)1:1.585979312773043)1:0.207566546342648)1:1.9958801488004627)1:0.7920877139377845)1:0.1815366584578729)1:0.2948399144914766)1:0.58866756292368)1:0.2238614731094295,(0,(((11,158)1:4.199191280227727,((116,((109,14)1:0.120233233734696,(75,162)1:0.3427685871323235)1:1.0134652741348797)1:3.1666327506849323,(((108,(29,199)1:1.5046716136728049)1:1.131232060406031,((182,137)1:3.721226566863002,(74,((69,120)1:0.7547575252234562,(76,58)1:1.157462857193314)1:0.5500825947162983)1:0.8763422784101168)1:0.3155550194369229)1:1.6592187814322894,(126,(((160,12)1:0.3734058761909849,(40,24)1:1.7245557840369599)1:2.27822269981885,(((84,115)1:2.3528768876542325,(146,((31,143)1:2.617650603492283,(39,122)1:2.9134857489069645)1:0.7745235010907486)1:0.07516531382150769)1:0.25833647524436454,((16,57)1:0.16438897054531332,((176,134)1:0.4364577953867682,(196,(189,135)1:0.907131395181307)1:0.377743685317682)1:0.28763824726956677)1:2.3186647967943093)1:0.5383624799781959)1:0.557964090080979)1:0.7518708805532255)1:0.8324743072657032)0.99:0.06446044824573245)1:0.5899716896493259,((111,((175,(41,112)0.92:0.04590304978071274)1:1.6073469179729518,(124,(136,(198,15)1:0.11864915535370679)0.52:0.013376548734499729)1:0.9677487170912419)1:2.817260281055905)1:0.6027533725504801,(50,(168,128)1:3.320084246030099)1:2.5026057804589277)1:1.0353523370286992)1:1.5037101069081285)0.87:0.03731853249527184)1:0.12456514341812683)1:0.26390552901664144)1:0.0976387702727857)0.59:0.018419301195024024)1:4.728147646969563)1:2.041984204291283)1:0.4067703425868218));
Weight calculation took 199.159446009 secs
ASTRAL finished in 262.408 secs
