
================== ASTRAL ===================== 

This is ASTRAL version 5.7.8
Gene trees are treated as unrooted
50 trees read from Dataset/AstralII_data/model.200.2000000.0.000001/26/estimatedgenetre.halfresolved_50
index0
All output trees will be *arbitrarily* rooted at 158

======== Running the main analysis
Number of taxa: 201 (201 species)
Taxa: [158, 24, 44, 79, 28, 150, 171, 119, 128, 195, 93, 107, 177, 190, 65, 52, 58, 94, 74, 5, 167, 59, 174, 180, 14, 97, 88, 157, 64, 19, 91, 189, 13, 9, 61, 117, 143, 184, 146, 92, 53, 148, 17, 89, 198, 181, 121, 99, 23, 37, 154, 36, 126, 51, 170, 200, 6, 165, 3, 47, 27, 100, 120, 175, 30, 112, 173, 8, 11, 96, 38, 187, 60, 16, 132, 72, 139, 166, 66, 78, 133, 81, 102, 54, 31, 123, 110, 70, 197, 109, 35, 144, 116, 76, 194, 21, 86, 95, 82, 136, 85, 25, 45, 101, 151, 138, 98, 161, 113, 199, 42, 155, 193, 34, 182, 172, 40, 29, 145, 131, 50, 33, 55, 18, 156, 26, 56, 83, 127, 22, 176, 137, 108, 67, 0, 164, 106, 185, 140, 168, 80, 32, 7, 104, 162, 118, 87, 196, 160, 169, 152, 124, 179, 12, 191, 149, 43, 129, 84, 75, 159, 41, 103, 178, 134, 49, 1, 114, 186, 135, 192, 111, 188, 105, 15, 90, 153, 71, 125, 142, 20, 39, 73, 4, 183, 147, 115, 163, 62, 68, 122, 141, 63, 130, 57, 2, 46, 77, 69, 48, 10]
Taxon occupancy: {110=50, 111=50, 112=50, 113=50, 114=50, 115=50, 116=50, 117=50, 118=50, 119=50, 10=50, 11=50, 12=50, 13=50, 14=50, 15=50, 16=50, 17=50, 18=50, 19=50, 120=50, 121=50, 0=50, 1=50, 122=50, 123=50, 2=50, 3=50, 124=50, 125=50, 4=50, 5=50, 126=50, 6=50, 127=50, 128=50, 7=50, 8=50, 129=50, 9=50, 20=50, 21=50, 22=50, 23=50, 24=50, 25=50, 26=50, 27=50, 28=50, 29=50, 130=50, 131=50, 132=50, 133=50, 134=50, 135=50, 136=50, 137=50, 138=50, 139=50, 30=50, 31=50, 32=50, 33=50, 34=50, 35=50, 36=50, 37=50, 38=50, 39=50, 140=50, 141=50, 142=50, 143=50, 144=50, 145=50, 146=50, 147=50, 148=50, 149=50, 40=50, 41=50, 42=50, 43=50, 44=50, 45=50, 46=50, 47=50, 48=50, 49=50, 150=50, 151=50, 152=50, 153=50, 154=50, 155=50, 156=50, 157=50, 158=50, 159=50, 50=50, 51=50, 52=50, 53=50, 54=50, 55=50, 56=50, 57=50, 58=50, 59=50, 160=50, 161=50, 162=50, 163=50, 164=50, 165=50, 166=50, 167=50, 168=50, 169=50, 60=50, 61=50, 62=50, 63=50, 64=50, 65=50, 66=50, 67=50, 68=50, 69=50, 170=50, 171=50, 172=50, 173=50, 174=50, 175=50, 176=50, 177=50, 178=50, 179=50, 70=50, 71=50, 72=50, 73=50, 74=50, 75=50, 76=50, 77=50, 78=50, 79=50, 180=50, 181=50, 182=50, 183=50, 184=50, 185=50, 186=50, 187=50, 188=50, 189=50, 80=50, 81=50, 82=50, 83=50, 84=50, 85=50, 86=50, 87=50, 88=50, 89=50, 190=50, 191=50, 192=50, 193=50, 194=50, 195=50, 196=50, 197=50, 198=50, 199=50, 90=50, 91=50, 92=50, 93=50, 94=50, 95=50, 96=50, 97=50, 98=50, 99=50, 200=50, 100=50, 101=50, 102=50, 103=50, 104=50, 105=50, 106=50, 107=50, 108=50, 109=50}
Number of gene trees: 50
0 trees have missing taxa
Calculating quartet distance matrix (for completion of X)
Species tree distances calculated ...
Building set of clusters (X) from gene trees 
------------------------------
gradient0: 10809
Number of Clusters after addition by distance: 10809
calculating extra bipartitions to be added at level 1 ...
Adding to X using resolutions of greedy consensus ...
Limit for sigma of degrees:5075
polytomy size limit : 82
discarded polytomies:  [3, 3, 3, 3, 3, 3, 3, 3, 3, 3, 3, 3, 3, 3, 3, 3, 3, 3, 3, 3, 3, 3, 3, 3, 3, 3, 3, 3, 3, 3, 3, 3, 3, 3, 3, 3, 3, 4, 4, 4, 4, 4, 4, 4, 4, 4, 4, 4, 4, 4, 4, 4, 4, 5, 5, 5, 5, 5, 5, 5, 6, 6, 7, 7, 7, 11, 19, 25, 47, 82]
Threshold 0.0:
polytomy of size 3; rounds with additions with at least 5 support: 0; clusters: 10813
polytomy of size 3; rounds with additions with at least 5 support: 0; clusters: 10819
polytomy of size 3; rounds with additions with at least 5 support: 1; clusters: 10823
polytomy of size 4; rounds with additions with at least 5 support: 2; clusters: 10841
Threshold 0.01:
polytomy of size 3; rounds with additions with at least 5 support: 0; clusters: 10841
polytomy of size 3; rounds with additions with at least 5 support: 0; clusters: 10841
polytomy of size 3; rounds with additions with at least 5 support: 0; clusters: 10841
polytomy of size 4; rounds with additions with at least 5 support: 0; clusters: 10841
Threshold 0.02:
polytomy of size 3; rounds with additions with at least 5 support: 0; clusters: 10841
polytomy of size 3; rounds with additions with at least 5 support: 0; clusters: 10841
polytomy of size 3; rounds with additions with at least 5 support: 0; clusters: 10841
polytomy of size 4; rounds with additions with at least 5 support: 0; clusters: 10841
Threshold 0.05:
polytomy of size 4; rounds with additions with at least 5 support: 0; clusters: 10843
polytomy of size 3; rounds with additions with at least 5 support: 0; clusters: 10843
polytomy of size 4; rounds with additions with at least 5 support: 4; clusters: 10859
polytomy of size 19; rounds with additions with at least 5 support: 3; clusters: 11005
Threshold 0.1:
polytomy of size 6; rounds with additions with at least 5 support: 1; clusters: 11011
polytomy of size 3; rounds with additions with at least 5 support: 0; clusters: 11011
polytomy of size 3; rounds with additions with at least 5 support: 0; clusters: 11011
polytomy of size 3; rounds with additions with at least 5 support: 0; clusters: 11011
polytomy of size 7; rounds with additions with at least 5 support: 2; clusters: 11029
polytomy of size 4; rounds with additions with at least 5 support: 1; clusters: 11031
polytomy of size 4; rounds with additions with at least 5 support: 0; clusters: 11031
polytomy of size 25; rounds with additions with at least 5 support: 1; clusters: 11145
Threshold 0.2:
polytomy of size 5; rounds with additions with at least 5 support: 0; clusters: 11145
polytomy of size 3; rounds with additions with at least 5 support: 0; clusters: 11145
polytomy of size 4; rounds with additions with at least 5 support: 0; clusters: 11145
polytomy of size 3; rounds with additions with at least 5 support: 0; clusters: 11145
polytomy of size 7; rounds with additions with at least 5 support: 0; clusters: 11147
polytomy of size 3; rounds with additions with at least 5 support: 0; clusters: 11147
polytomy of size 3; rounds with additions with at least 5 support: 0; clusters: 11147
polytomy of size 3; rounds with additions with at least 5 support: 0; clusters: 11147
polytomy of size 4; rounds with additions with at least 5 support: 0; clusters: 11147
polytomy of size 3; rounds with additions with at least 5 support: 0; clusters: 11147
polytomy of size 4; rounds with additions with at least 5 support: 0; clusters: 11147
polytomy of size 3; rounds with additions with at least 5 support: 0; clusters: 11147
polytomy of size 3; rounds with additions with at least 5 support: 0; clusters: 11147
polytomy of size 3; rounds with additions with at least 5 support: 0; clusters: 11147
polytomy of size 3; rounds with additions with at least 5 support: 0; clusters: 11147
polytomy of size 3; rounds with additions with at least 5 support: 0; clusters: 11147
polytomy of size 3; rounds with additions with at least 5 support: 0; clusters: 11147
polytomy of size 3; rounds with additions with at least 5 support: 0; clusters: 11147
polytomy of size 5; rounds with additions with at least 5 support: 0; clusters: 11147
polytomy of size 3; rounds with additions with at least 5 support: 0; clusters: 11147
polytomy of size 4; rounds with additions with at least 5 support: 0; clusters: 11147
polytomy of size 47; rounds with additions with at least 5 support: 0; clusters: 11213
Threshold 0.3333333333333333:
polytomy of size 3; rounds with additions with at least 5 support: 0; clusters: 11213
polytomy of size 3; rounds with additions with at least 5 support: 0; clusters: 11213
polytomy of size 3; rounds with additions with at least 5 support: 0; clusters: 11213
polytomy of size 3; rounds with additions with at least 5 support: 0; clusters: 11213
polytomy of size 6; rounds with additions with at least 5 support: 0; clusters: 11213
polytomy of size 3; rounds with additions with at least 5 support: 0; clusters: 11213
polytomy of size 5; rounds with additions with at least 5 support: 0; clusters: 11213
polytomy of size 4; rounds with additions with at least 5 support: 0; clusters: 11213
polytomy of size 4; rounds with additions with at least 5 support: 0; clusters: 11213
polytomy of size 5; rounds with additions with at least 5 support: 0; clusters: 11213
polytomy of size 3; rounds with additions with at least 5 support: 0; clusters: 11213
polytomy of size 3; rounds with additions with at least 5 support: 0; clusters: 11213
polytomy of size 11; rounds with additions with at least 5 support: 0; clusters: 11213
polytomy of size 4; rounds with additions with at least 5 support: 0; clusters: 11213
polytomy of size 4; rounds with additions with at least 5 support: 0; clusters: 11213
polytomy of size 5; rounds with additions with at least 5 support: 0; clusters: 11213
polytomy of size 3; rounds with additions with at least 5 support: 0; clusters: 11213
polytomy of size 7; rounds with additions with at least 5 support: 0; clusters: 11213
polytomy of size 5; rounds with additions with at least 5 support: 0; clusters: 11213
polytomy of size 3; rounds with additions with at least 5 support: 0; clusters: 11213
polytomy of size 3; rounds with additions with at least 5 support: 0; clusters: 11213
polytomy of size 5; rounds with additions with at least 5 support: 0; clusters: 11213
polytomy of size 82; rounds with additions with at least 5 support: 0; clusters: 11237
polytomy of size 4; rounds with additions with at least 5 support: 0; clusters: 11237
max k is :8
Number of Clusters after addition by greedy: 11237
gradient0 in heuristiic: 11237
partitions formed in 16.439 secs
Dynamic Programming starting after 16.439 secs
Using tree-based weight calculation.
Using polytree-based weight calculation.
Polytree max score: 3278652360
Polytree building time: 0.061 seconds.
Number of quartet trees in the gene trees: 3278652360
Size of largest cluster: 201
Greedy score: 1431873846
estimationFactor: 2.2897634237534636
Sub-optimal score: 1572078318
Total Number of elements weighted: 16524
Normalized score (portion of input quartet trees satisfied before correcting for multiple individuals): 0.5600428802399776
Optimization score: 1836185911
Optimal tree inferred in 21.698 secs.
(73,((24,10),((82,((166,(78,(123,(133,31)))),(139,(66,(54,(81,102)))))),(48,(72,(((94,74),((3,(165,(200,6))),((35,101),(60,45)))),(((16,132),((136,85),((25,(21,(194,(76,86)))),((95,(110,(70,197))),((109,(144,116)),(98,(151,138))))))),(((51,(107,190)),((106,185),(((67,(22,176)),(195,((141,(128,63)),(11,(187,(96,38)))))),(4,((47,((163,62),(143,(68,122)))),(58,((52,115),(119,(183,147))))))))),(((44,79),(((184,(53,148)),(117,(146,92))),((140,(196,(160,169))),(39,(20,(71,(125,(153,142)))))))),(0,(((113,((193,34),(155,(199,42)))),(177,(((80,(7,(32,104))),(118,(162,(168,87)))),(((129,(43,(84,75))),((179,159),(192,111))),((178,(191,((12,103),(90,(41,135))))),((149,188),((1,(134,49)),((152,124),((114,186),(105,15)))))))))),(((182,(172,(40,(29,145)))),((56,(156,26)),(50,((131,18),(33,55))))),(((167,(158,(57,(171,2)))),((28,(17,130)),((88,157),(97,(14,(180,(59,174))))))),((((91,61),(64,(13,(19,9)))),(27,(189,((120,175),(112,(173,(30,(100,8)))))))),(((137,(127,(83,108))),(69,(65,(5,(77,(164,46)))))),((150,(93,161)),((36,126),((23,170),((121,(198,181)),(89,(99,(37,154))))))))))))))))))))));
Final quartet score is: 1836185911
Final normalized quartet score is: 0.5600428802399776
Extended species tree:
(158,((57,(171,2)0.9:0.19892199948699005)0.85:0.18316771820090333,(167,(((28,(17,130)1:0.687453793891758)0.97:0.26837586736958063,((88,157)1:1.0854956674501448,(97,(14,(180,(59,174)0.8:0.165843383983344)0.8:0.16095526759856935)0.79:0.1558290394572489)1:0.6241310092784192)0.99:0.3112215456274085)0.99:0.3185532863942234,(((((91,61)1:0.36319066815280565,(64,(13,(19,9)0.48:0.059475219181024316)1:0.9121860846399775)1:0.7440306469291726)0.83:0.15760798551409896,(27,(189,((120,175)0.46:0.03657456612479092,(112,(173,(30,(100,8)0.64:0.14495940701133594)0.62:0.11792189010738743)0.47:0.04048936172866712)0.57:0.07661632117109957)1:0.44620737248759895)0.92:0.21105032591777897)0.94:0.2248225712143895)1:1.0674292425513046,(((137,(127,(83,108)1:0.6520663842903383)1:0.40035829000948703)1:0.4724147063160772,(69,(65,(5,(77,(164,46)1:0.5050611639415982)1:0.7559002938786737)0.66:0.10564880810367831)1:0.37029064260010547)0.39:0.01656746168667117)0.37:0.0015395570032221701,((150,(93,161)1:0.4885156324691482)1:0.35522082674015837,((36,126)0.71:0.11536113838776371,((23,170)1:0.45226896023556934,((121,(198,181)0.56:0.0770848223816163)1:0.5376342227247748,(89,(99,(37,154)1:0.6127960196704657)0.85:0.17619696704721244)0.57:0.0695432585472198)1:0.5384918918100187)0.64:0.10093630053502163)1:0.6563761543959122)0.96:0.24840795849854602)0.36:0.0)0.61:0.07713146924264137,(((182,(172,(40,(29,145)0.63:0.13503628380394286)1:0.44061688238590435)1:1.1649151859150084)0.95:0.2285014330506332,((56,(156,26)0.99:0.3332660847522836)0.63:0.08519196192899828,(50,((131,18)0.47:0.06851210742162138,(33,55)0.89:0.2321709934008082)0.91:0.2148573660795891)1:0.7444863370401914)1:1.0493709286117585)0.67:0.09853355145530567,(((113,((193,34)1:0.6010102769194275,(155,(199,42)1:1.0138280840913039)1:0.42957795149311084)0.53:0.06886197010406582)1:1.3084092162773788,(177,(((80,(7,(32,104)1:0.5108256237659905)0.96:0.3028048528449847)1:0.9839626789081979,(118,(162,(168,87)0.49:0.05551577018922959)1:0.5909024430869526)0.99:0.3066115609132678)1:0.4478632767602164,(((129,(43,(84,75)0.8:0.14968812185792363)0.99:0.3695496839777395)1:0.620768923843105,((179,159)1:1.07423571596534,(192,111)1:0.5572198468184453)0.98:0.2739774207827086)1:0.5974123974182367,((178,(191,((12,103)0.49:0.08173838325816918,(90,(41,135)1:0.4716333799583432)1:0.6796464933410425)0.38:0.00758959320093958)0.99:0.3299199578582543)0.78:0.1407780328045442,((149,188)0.99:0.339453401729414,((1,(134,49)0.5:0.0720120103599614)1:0.5438021606810534,((152,124)1:1.3688513823378163,((114,186)1:1.736828848010972,(105,15)1:1.0506643184636069)0.38:0.00691534401517123)0.44:0.03191790177329727)0.98:0.2950254134692842)0.93:0.21598431515130923)0.68:0.11280901669456275)0.52:0.06270660736967366)0.99:0.30859008681816985)0.82:0.14850655215432307)0.38:0.010085610138485409,(0,(((44,79)1:1.9710463690205742,(((184,(53,148)0.92:0.20669090289802872)0.98:0.2758026026162829,(117,(146,92)1:1.763910681383725)0.42:0.021175732963239224)1:0.9002888985117656,((140,(196,(160,169)1:0.5371131676687039)1:1.3474117272186792)0.98:0.28427346241950713,(39,(20,(71,(125,(153,142)0.52:0.05877657979535565)0.44:0.034454376029826685)0.99:0.3397423068056863)0.85:0.16617803696021333)1:1.1443930418326598)0.44:0.02747402208657068)0.9:0.1886976644989918)0.74:0.1231855596767877,(((51,(107,190)1:2.058853934834964)0.48:0.058094571053918805,((106,185)1:1.7278907169515993,(((67,(22,176)1:0.631217017160789)1:0.9374473665366421,(195,((141,(128,63)0.4:0.012300134672187659)1:0.39671074489275754,(11,(187,(96,38)0.69:0.17044978858549348)0.87:0.19040868564942492)1:0.36215537841071993)1:0.7679450649190374)1:0.619506919636478)0.53:0.06109046509086734,(4,((47,((163,62)0.63:0.0853525327179507,(143,(68,122)1:0.6523760132525906)0.79:0.1773222166385796)0.52:0.05175186747354799)1:0.5952087953516934,(58,((52,115)0.97:0.30813231844848266,(119,(183,147)1:0.5015616616692574)0.4:0.017213521360479656)1:0.6896224168408916)0.75:0.12334869949020348)1:0.3873770418971819)0.68:0.10122583292714256)0.4:0.014704786931832303)0.56:0.06383956486892782)0.97:0.2620363526187922,(((16,132)1:2.1087815816127105,((136,85)1:0.929401609211006,((25,(21,(194,(76,86)0.98:0.33160662165576577)0.99:0.3164618304010599)1:1.2548208798470908)0.47:0.03845507006197307,((95,(110,(70,197)1:0.6227070653669032)0.99:0.30176281673666766)1:0.37091381787698613,((109,(144,116)1:1.6164965885844946)0.95:0.22927454464502214,(98,(151,138)1:0.7958314208169851)1:0.9829710400802008)1:0.5228353089939227)0.82:0.14966896667987212)0.46:0.05196640115647087)0.84:0.16011066337344598)0.38:0.008481334285824023,(((94,74)1:1.0742199402036556,((3,(165,(200,6)0.68:0.10883347666837012)1:0.7017608738984948)1:0.9416286664547364,((35,101)0.98:0.29894318852213125,(60,45)0.99:0.33207475955368626)1:0.4673064084674939)0.39:0.009873928918949114)0.95:0.2362968526938988,(72,(48,((82,((166,(78,(123,(133,31)0.66:0.10983269824775332)0.72:0.1305244865988058)0.99:0.34136533383722906)1:0.5696007723715055,(139,(66,(54,(81,102)0.77:0.18081892690941948)0.95:0.3112961302009444)1:0.8175514218714449)0.83:0.16804447458052915)1:0.9104989140696789)0.74:0.12688486235784222,((24,10)0.6:0.07878087785311434,73)1:1.217187840913258)0.94:0.2194053037755863)0.72:0.11819677434578607)0.85:0.16100480489879337)0.83:0.1550466174046169)0.81:0.14552325337067215)0.53:0.05831920039734922)0.52:0.06110541891173695)0.61:0.08901050619779233)0.45:0.02980578727472027)0.58:0.06945790851100873)0.75:0.12171467278200811)1:0.557726334009762)1:0.5432411530636325));
Weight calculation took 4.744434972 secs
ASTRAL finished in 23.37 secs
