
================== ASTRAL ===================== 

This is ASTRAL version 5.7.8
Gene trees are treated as unrooted
200 trees read from Dataset/AstralII_data/model.200.2000000.0.000001/26/estimatedgenetre.halfresolved_200
index0
All output trees will be *arbitrarily* rooted at 158

======== Running the main analysis
Number of taxa: 201 (201 species)
Taxa: [158, 24, 44, 79, 28, 150, 171, 119, 128, 195, 93, 107, 177, 190, 65, 52, 58, 94, 74, 5, 167, 59, 174, 180, 14, 97, 88, 157, 64, 19, 91, 189, 13, 9, 61, 117, 143, 184, 146, 92, 53, 148, 17, 89, 198, 181, 121, 99, 23, 37, 154, 36, 126, 51, 170, 200, 6, 165, 3, 47, 27, 100, 120, 175, 30, 112, 173, 8, 11, 96, 38, 187, 60, 16, 132, 72, 139, 166, 66, 78, 133, 81, 102, 54, 31, 123, 110, 70, 197, 109, 35, 144, 116, 76, 194, 21, 86, 95, 82, 136, 85, 25, 45, 101, 151, 138, 98, 161, 113, 199, 42, 155, 193, 34, 182, 172, 40, 29, 145, 131, 50, 33, 55, 18, 156, 26, 56, 83, 127, 22, 176, 137, 108, 67, 0, 164, 106, 185, 140, 168, 80, 32, 7, 104, 162, 118, 87, 196, 160, 169, 152, 124, 179, 12, 191, 149, 43, 129, 84, 75, 159, 41, 103, 178, 134, 49, 1, 114, 186, 135, 192, 111, 188, 105, 15, 90, 153, 71, 125, 142, 20, 39, 73, 4, 183, 147, 115, 163, 62, 68, 122, 141, 63, 130, 57, 2, 46, 77, 69, 48, 10]
Taxon occupancy: {110=200, 111=200, 112=200, 113=200, 114=200, 115=200, 116=200, 117=200, 118=200, 119=200, 10=200, 11=200, 12=200, 13=200, 14=200, 15=200, 16=200, 17=200, 18=200, 19=200, 120=200, 121=200, 0=200, 1=200, 122=200, 123=200, 2=200, 3=200, 124=200, 125=200, 4=200, 5=200, 126=200, 6=200, 127=200, 128=200, 7=200, 8=200, 129=200, 9=200, 20=200, 21=200, 22=200, 23=200, 24=200, 25=200, 26=200, 27=200, 28=200, 29=200, 130=200, 131=200, 132=200, 133=200, 134=200, 135=200, 136=200, 137=200, 138=200, 139=200, 30=200, 31=200, 32=200, 33=200, 34=200, 35=200, 36=200, 37=200, 38=200, 39=200, 140=200, 141=200, 142=200, 143=200, 144=200, 145=200, 146=200, 147=200, 148=200, 149=200, 40=200, 41=200, 42=200, 43=200, 44=200, 45=200, 46=200, 47=200, 48=200, 49=200, 150=200, 151=200, 152=200, 153=200, 154=200, 155=200, 156=200, 157=200, 158=200, 159=200, 50=200, 51=200, 52=200, 53=200, 54=200, 55=200, 56=200, 57=200, 58=200, 59=200, 160=200, 161=200, 162=200, 163=200, 164=200, 165=200, 166=200, 167=200, 168=200, 169=200, 60=200, 61=200, 62=200, 63=200, 64=200, 65=200, 66=200, 67=200, 68=200, 69=200, 170=200, 171=200, 172=200, 173=200, 174=200, 175=200, 176=200, 177=200, 178=200, 179=200, 70=200, 71=200, 72=200, 73=200, 74=200, 75=200, 76=200, 77=200, 78=200, 79=200, 180=200, 181=200, 182=200, 183=200, 184=200, 185=200, 186=200, 187=200, 188=200, 189=200, 80=200, 81=200, 82=200, 83=200, 84=200, 85=200, 86=200, 87=200, 88=200, 89=200, 190=200, 191=200, 192=200, 193=200, 194=200, 195=200, 196=200, 197=200, 198=200, 199=200, 90=200, 91=200, 92=200, 93=200, 94=200, 95=200, 96=200, 97=200, 98=200, 99=200, 200=200, 100=200, 101=200, 102=200, 103=200, 104=200, 105=200, 106=200, 107=200, 108=200, 109=200}
Number of gene trees: 200
0 trees have missing taxa
Calculating quartet distance matrix (for completion of X)
Species tree distances calculated ...
Building set of clusters (X) from gene trees 
------------------------------
gradient0: 34453
Number of Clusters after addition by distance: 34453
calculating extra bipartitions to be added at level 1 ...
Adding to X using resolutions of greedy consensus ...
Limit for sigma of degrees:5075
polytomy size limit : 81
discarded polytomies:  [3, 3, 3, 3, 3, 3, 3, 3, 3, 3, 3, 3, 3, 3, 3, 3, 3, 3, 3, 3, 3, 3, 3, 3, 3, 3, 3, 4, 4, 4, 4, 4, 4, 4, 4, 4, 4, 4, 4, 5, 5, 5, 5, 5, 5, 5, 5, 5, 5, 6, 7, 7, 8, 8, 10, 11, 14, 17, 26, 48, 81]
Threshold 0.0:
polytomy of size 3; rounds with additions with at least 5 support: 0; clusters: 34457
polytomy of size 4; rounds with additions with at least 5 support: 2; clusters: 34477
Threshold 0.01:
polytomy of size 3; rounds with additions with at least 5 support: 0; clusters: 34477
polytomy of size 5; rounds with additions with at least 5 support: 1; clusters: 34499
Threshold 0.02:
polytomy of size 4; rounds with additions with at least 5 support: 1; clusters: 34505
polytomy of size 8; rounds with additions with at least 5 support: 10; clusters: 34679
Threshold 0.05:
polytomy of size 3; rounds with additions with at least 5 support: 1; clusters: 34681
polytomy of size 3; rounds with additions with at least 5 support: 0; clusters: 34681
polytomy of size 3; rounds with additions with at least 5 support: 0; clusters: 34681
polytomy of size 3; rounds with additions with at least 5 support: 0; clusters: 34681
polytomy of size 17; rounds with additions with at least 5 support: 6; clusters: 34729
Threshold 0.1:
polytomy of size 3; rounds with additions with at least 5 support: 0; clusters: 34729
polytomy of size 3; rounds with additions with at least 5 support: 0; clusters: 34729
polytomy of size 7; rounds with additions with at least 5 support: 0; clusters: 34729
polytomy of size 3; rounds with additions with at least 5 support: 0; clusters: 34729
polytomy of size 4; rounds with additions with at least 5 support: 0; clusters: 34729
polytomy of size 5; rounds with additions with at least 5 support: 0; clusters: 34729
polytomy of size 8; rounds with additions with at least 5 support: 0; clusters: 34729
polytomy of size 26; rounds with additions with at least 5 support: 0; clusters: 34731
Threshold 0.2:
polytomy of size 5; rounds with additions with at least 5 support: 0; clusters: 34731
polytomy of size 5; rounds with additions with at least 5 support: 0; clusters: 34731
polytomy of size 3; rounds with additions with at least 5 support: 0; clusters: 34731
polytomy of size 3; rounds with additions with at least 5 support: 0; clusters: 34731
polytomy of size 4; rounds with additions with at least 5 support: 0; clusters: 34731
polytomy of size 3; rounds with additions with at least 5 support: 0; clusters: 34731
polytomy of size 11; rounds with additions with at least 5 support: 0; clusters: 34731
polytomy of size 4; rounds with additions with at least 5 support: 0; clusters: 34731
polytomy of size 3; rounds with additions with at least 5 support: 0; clusters: 34731
polytomy of size 3; rounds with additions with at least 5 support: 0; clusters: 34731
polytomy of size 4; rounds with additions with at least 5 support: 0; clusters: 34731
polytomy of size 3; rounds with additions with at least 5 support: 0; clusters: 34731
polytomy of size 3; rounds with additions with at least 5 support: 0; clusters: 34731
polytomy of size 5; rounds with additions with at least 5 support: 0; clusters: 34731
polytomy of size 3; rounds with additions with at least 5 support: 0; clusters: 34731
polytomy of size 3; rounds with additions with at least 5 support: 0; clusters: 34731
polytomy of size 5; rounds with additions with at least 5 support: 0; clusters: 34731
polytomy of size 3; rounds with additions with at least 5 support: 0; clusters: 34731
polytomy of size 4; rounds with additions with at least 5 support: 0; clusters: 34731
polytomy of size 3; rounds with additions with at least 5 support: 0; clusters: 34731
polytomy of size 48; rounds with additions with at least 5 support: 0; clusters: 34737
Threshold 0.3333333333333333:
polytomy of size 3; rounds with additions with at least 5 support: 0; clusters: 34737
polytomy of size 3; rounds with additions with at least 5 support: 0; clusters: 34737
polytomy of size 6; rounds with additions with at least 5 support: 0; clusters: 34737
polytomy of size 3; rounds with additions with at least 5 support: 0; clusters: 34737
polytomy of size 3; rounds with additions with at least 5 support: 0; clusters: 34737
polytomy of size 3; rounds with additions with at least 5 support: 0; clusters: 34737
polytomy of size 5; rounds with additions with at least 5 support: 0; clusters: 34737
polytomy of size 4; rounds with additions with at least 5 support: 0; clusters: 34737
polytomy of size 4; rounds with additions with at least 5 support: 0; clusters: 34737
polytomy of size 5; rounds with additions with at least 5 support: 0; clusters: 34737
polytomy of size 3; rounds with additions with at least 5 support: 0; clusters: 34737
polytomy of size 5; rounds with additions with at least 5 support: 0; clusters: 34737
polytomy of size 14; rounds with additions with at least 5 support: 0; clusters: 34737
polytomy of size 5; rounds with additions with at least 5 support: 0; clusters: 34737
polytomy of size 4; rounds with additions with at least 5 support: 0; clusters: 34737
polytomy of size 3; rounds with additions with at least 5 support: 0; clusters: 34737
polytomy of size 7; rounds with additions with at least 5 support: 0; clusters: 34737
polytomy of size 10; rounds with additions with at least 5 support: 0; clusters: 34737
polytomy of size 4; rounds with additions with at least 5 support: 0; clusters: 34737
polytomy of size 81; rounds with additions with at least 5 support: 0; clusters: 34737
polytomy of size 4; rounds with additions with at least 5 support: 0; clusters: 34737
max k is :20
Number of Clusters after addition by greedy: 34737
gradient0 in heuristiic: 34737
partitions formed in 22.098 secs
Dynamic Programming starting after 22.098 secs
Using tree-based weight calculation.
Using polytree-based weight calculation.
Polytree max score: 13127332398
Polytree building time: 0.227 seconds.
Number of quartet trees in the gene trees: 13127332398
Size of largest cluster: 201
Greedy score: 6067401714
estimationFactor: 2.1635838562839553
Sub-optimal score: 6152652137
Total Number of elements weighted: 63382
Normalized score (portion of input quartet trees satisfied before correcting for multiple individuals): 0.5527602785548053
Optimization score: 7256267913
Optimal tree inferred in 84.565 secs.
(73,((24,10),((82,((139,(66,(54,(81,102)))),(166,(78,(123,(133,31)))))),(48,(72,(((3,(165,(200,6))),((94,74),((60,45),(35,101)))),(((136,85),((16,132),((25,(21,(194,(76,86)))),((95,(110,(70,197))),((109,(144,116)),(98,(151,138))))))),(((44,79),((39,(20,(125,(71,(153,142))))),((140,(196,(160,169))),((53,(184,148)),(117,(146,92)))))),(((107,190),(51,((106,185),(((67,(22,176)),(195,((128,(141,63)),(11,(187,(96,38)))))),(4,((47,((68,122),(143,(163,62)))),(58,(119,((183,147),(52,115)))))))))),(0,((113,((193,34),(155,(199,42)))),(((182,(172,(40,(29,145)))),((56,(156,26)),(50,((33,55),(131,18))))),((177,(((129,(43,(84,75))),((179,159),(192,111))),(((118,(162,(168,87))),(80,(7,(32,104)))),((178,(12,(191,(103,(90,(41,135)))))),((149,188),((105,15),((152,124),((114,186),(49,(134,1)))))))))),(((69,(65,(5,(77,(164,46))))),((137,(127,(83,108))),((167,(158,(57,(171,2)))),((28,(17,130)),((88,157),(97,(14,(180,(59,174))))))))),(((150,(93,161)),((23,170),((36,126),(89,((121,(198,181)),(99,(37,154))))))),(((91,61),(64,(9,(19,13)))),(27,(189,((173,8),(30,(112,(100,(120,175)))))))))))))))))))))));
Final quartet score is: 7256267913
Final normalized quartet score is: 0.5527602785548053
Extended species tree:
(158,((57,(171,2)1:0.22917303754396942)1:0.21486994331957188,(167,(((28,(17,130)1:0.9565936198336854)1:0.25726201566402834,((88,157)1:1.1883683668283125,(97,(14,(180,(59,174)1:0.2064219345929883)0.84:0.0905075138445879)0.74:0.06643576949405444)1:0.5653193655433683)1:0.4740887184926005)1:0.4198780642852445,((137,(127,(83,108)1:0.9199838090950879)1:0.39869133490792946)1:0.4124174287128801,((69,(65,(5,(77,(164,46)1:0.35069729829052315)1:0.4827096566449352)1:0.31041610035329686)1:0.2980588796918038)0.97:0.12686587710367245,((((150,(93,161)1:0.6566422159649036)1:0.3967098507364642,((23,170)1:0.4739051056316261,((36,126)1:0.2860830582332408,(89,((121,(198,181)0.9:0.11298795045221005)1:0.4677403384955483,(99,(37,154)1:0.6876644766962776)1:0.1979589119195669)0.84:0.10505323107055453)1:0.4803871252963927)0.87:0.08856531508390976)1:0.6276471927226285)1:0.2702810218333895,(((91,61)1:0.5336041732149179,(64,(9,(19,13)0.46:0.028097934120699386)1:0.8079403869089006)1:0.6533485627709706)0.65:0.04669771160902096,(27,(189,((173,8)0.6:0.05037636135227411,(30,(112,(100,(120,175)0.66:0.06950730863826551)0.64:0.05978313922754365)0.44:0.027008867837979768)0.64:0.0652471040206629)1:0.31124979221543375)0.99:0.14946302892717855)1:0.26925543304987354)1:1.1466519477567996)0.63:0.04444596298844093,((177,(((129,(43,(84,75)0.46:0.019681843020603572)1:0.4080012980069151)1:0.7779631565178722,((179,159)1:1.0520002640162682,(192,111)1:0.8271743071287092)1:0.24881946542326755)1:0.573579681096302,(((118,(162,(168,87)0.57:0.05183971830093401)1:0.8104119515977278)1:0.2413338939689707,(80,(7,(32,104)1:0.29797863066672825)1:0.34092198558148784)1:0.9409609457082548)1:0.46175928916796644,((178,(12,(191,(103,(90,(41,135)1:0.4848341609078562)1:0.6291459455858317)0.63:0.04563095064577267)0.94:0.10756516838781251)1:0.29443338659066504)1:0.23340660817002645,((149,188)1:0.5737048178492351,((105,15)1:1.2071488576867817,((152,124)1:1.1389250614153525,((114,186)1:1.5299582298133578,(49,(134,1)0.53:0.044189766394209996)1:0.4257641145698186)0.51:0.04838228292418346)0.63:0.0543344459827743)1:0.228970429136135)0.88:0.08987559263028581)1:0.2141048075117748)0.39:0.00833135512900055)1:0.3497671855074808)0.98:0.14059700399250125,(((182,(172,(40,(29,145)1:0.3559628800477606)1:0.2841696546108561)1:1.4641087358583713)0.9:0.09496939382116193,((56,(156,26)1:0.3033818246412154)0.52:0.04491544118470551,(50,((33,55)0.95:0.13122585413230745,(131,18)0.56:0.038679835088210955)0.99:0.15890835900741104)1:0.7239120969172342)1:1.0134540469178788)0.98:0.13723719517479793,((113,((193,34)1:0.9160265302287686,(155,(199,42)1:1.166823723514517)1:0.4122529908631602)0.91:0.118613750310503)1:1.2255340313724041,(0,(((107,190)1:1.8650943372285254,(51,((106,185)1:1.9151796769874858,(((67,(22,176)1:0.43689147921755256)1:1.0092796288336574,(195,((128,(141,63)0.89:0.10104983471381657)1:0.4679650608192751,(11,(187,(96,38)1:0.21674572884129398)0.99:0.18073940172557232)1:0.4356247581207112)1:0.7015050904123391)1:0.5881751825078758)0.9:0.09837600714103029,(4,((47,((68,122)1:0.8131602327368015,(143,(163,62)0.88:0.09317446803923543)0.58:0.0426400238275533)0.78:0.0749834997048904)1:0.46959831369419835,(58,(119,((183,147)1:0.4556170279048979,(52,115)1:0.4493683957558672)0.99:0.16546301547628342)1:0.9182475037919738)0.98:0.13664137918602484)1:0.44668762049564614)1:0.1809755309645444)0.73:0.06191417104560262)0.95:0.11441392897470648)0.59:0.03825825655867548)1:0.37449500111158207,(((44,79)1:2.829814391124302,((39,(20,(125,(71,(153,142)0.64:0.05209576464326823)0.95:0.13547957169384545)1:0.3890237683631362)0.73:0.06892072352840485)1:1.2001806149867327,((140,(196,(160,169)1:0.35009519427703883)1:1.384906948167506)0.82:0.07672417926091961,((53,(184,148)0.71:0.07566766654092004)1:0.5388839681501044,(117,(146,92)1:1.734309116084022)0.93:0.10229754295088851)1:0.7032448481224373)0.9:0.09353571580454305)1:0.17174404307277688)0.98:0.1339690063518623,(((136,85)1:0.9177122860561971,((16,132)1:2.406486027905604,((25,(21,(194,(76,86)1:0.5407560912753309)1:0.2566775983220882)1:1.0986079798555108)0.43:0.016574132603429215,((95,(110,(70,197)1:0.745812152392721)1:0.28446574262126345)1:0.3980198725151155,((109,(144,116)1:1.5962483036724535)1:0.17298145274803972,(98,(151,138)1:0.6891117277138531)1:1.1769539730674543)1:0.3533824623302514)1:0.2766141902153937)0.88:0.08789583412106985)0.51:0.05547497940511373)0.85:0.08074937691460457,(((3,(165,(200,6)1:0.3845033453384768)1:0.4672610544360199)1:0.8228787070581707,((94,74)1:0.5637357626831517,((60,45)1:0.44722548265030176,(35,101)1:0.2973284736232193)1:0.7138009759598539)0.67:0.052330666510479)1:0.17903580969507688,(72,(48,((82,((139,(66,(54,(81,102)0.51:0.07073464723828374)1:0.26655417607512444)1:0.8480096403755649)1:0.2133414572593891,(166,(78,(123,(133,31)0.75:0.06787157509460666)1:0.2730364046063611)1:0.21386853172491457)1:0.5336622929048475)1:0.729947496879461)1:0.16609508195241054,((24,10)0.73:0.06619100614228254,73)1:1.505018635121327)1:0.20595160182482875)0.88:0.08953421930573091)0.95:0.11017629535974377)1:0.2350561207752678)0.99:0.14109251567149167)0.42:0.013508040153107406)0.57:0.03551251786871339)0.98:0.13083240081559533)0.39:0.00748184637664324)0.42:0.01298974251884401)0.84:0.07995401730552065)0.5:0.025058140143129796)0.56:0.034514821442417805)1:0.17900080871456645)1:0.42252845460079774)1:0.7631477671614579));
Weight calculation took 58.689020007 secs
ASTRAL finished in 86.909 secs
