
================== ASTRAL ===================== 

This is ASTRAL version 5.7.8
Gene trees are treated as unrooted
1000 trees read from Dataset/AstralII_data/model.200.2000000.0.000001/05/estimatedgenetre.halfresolved
index0
All output trees will be *arbitrarily* rooted at 170

======== Running the main analysis
Number of taxa: 201 (201 species)
Taxa: [170, 125, 103, 139, 93, 124, 166, 114, 160, 200, 163, 165, 54, 46, 147, 119, 97, 199, 168, 63, 176, 7, 113, 26, 175, 94, 157, 89, 31, 167, 36, 136, 51, 131, 140, 84, 11, 110, 10, 135, 162, 78, 73, 33, 19, 102, 3, 134, 64, 76, 145, 181, 2, 184, 1, 58, 69, 130, 28, 142, 81, 53, 40, 71, 182, 193, 17, 62, 60, 30, 133, 111, 37, 116, 185, 194, 39, 105, 85, 48, 4, 90, 57, 158, 164, 138, 141, 75, 77, 115, 144, 186, 61, 178, 132, 8, 169, 12, 149, 180, 189, 82, 56, 195, 196, 143, 29, 183, 65, 150, 100, 172, 25, 44, 72, 122, 67, 47, 112, 96, 107, 108, 104, 9, 137, 95, 190, 129, 123, 18, 42, 87, 21, 106, 92, 16, 88, 66, 74, 109, 6, 49, 50, 127, 55, 15, 117, 13, 171, 155, 79, 34, 5, 14, 35, 22, 161, 156, 152, 120, 45, 91, 148, 121, 0, 154, 151, 59, 83, 118, 99, 159, 191, 41, 68, 153, 177, 86, 179, 52, 174, 70, 32, 192, 24, 38, 43, 146, 128, 27, 198, 188, 20, 197, 23, 173, 101, 98, 126, 80, 187]
Taxon occupancy: {110=1000, 111=1000, 112=1000, 113=1000, 114=1000, 115=1000, 116=1000, 117=1000, 118=1000, 119=1000, 10=1000, 11=1000, 12=1000, 13=1000, 14=1000, 15=1000, 16=1000, 17=1000, 18=1000, 19=1000, 120=1000, 121=1000, 0=1000, 1=1000, 122=1000, 2=1000, 123=1000, 124=1000, 3=1000, 125=1000, 4=1000, 5=1000, 126=1000, 6=1000, 127=1000, 7=1000, 128=1000, 8=1000, 129=1000, 9=1000, 20=1000, 21=1000, 22=1000, 23=1000, 24=1000, 25=1000, 26=1000, 27=1000, 28=1000, 29=1000, 130=1000, 131=1000, 132=1000, 133=1000, 134=1000, 135=1000, 136=1000, 137=1000, 138=1000, 139=1000, 30=1000, 31=1000, 32=1000, 33=1000, 34=1000, 35=1000, 36=1000, 37=1000, 38=1000, 39=1000, 140=1000, 141=1000, 142=1000, 143=1000, 144=1000, 145=1000, 146=1000, 147=1000, 148=1000, 149=1000, 40=1000, 41=1000, 42=1000, 43=1000, 44=1000, 45=1000, 46=1000, 47=1000, 48=1000, 49=1000, 150=1000, 151=1000, 152=1000, 153=1000, 154=1000, 155=1000, 156=1000, 157=1000, 158=1000, 159=1000, 50=1000, 51=1000, 52=1000, 53=1000, 54=1000, 55=1000, 56=1000, 57=1000, 58=1000, 59=1000, 160=1000, 161=1000, 162=1000, 163=1000, 164=1000, 165=1000, 166=1000, 167=1000, 168=1000, 169=1000, 60=1000, 61=1000, 62=1000, 63=1000, 64=1000, 65=1000, 66=1000, 67=1000, 68=1000, 69=1000, 170=1000, 171=1000, 172=1000, 173=1000, 174=1000, 175=1000, 176=1000, 177=1000, 178=1000, 179=1000, 70=1000, 71=1000, 72=1000, 73=1000, 74=1000, 75=1000, 76=1000, 77=1000, 78=1000, 79=1000, 180=1000, 181=1000, 182=1000, 183=1000, 184=1000, 185=1000, 186=1000, 187=1000, 188=1000, 189=1000, 80=1000, 81=1000, 82=1000, 83=1000, 84=1000, 85=1000, 86=1000, 87=1000, 88=1000, 89=1000, 190=1000, 191=1000, 192=1000, 193=1000, 194=1000, 195=1000, 196=1000, 197=1000, 198=1000, 199=1000, 90=1000, 91=1000, 92=1000, 93=1000, 94=1000, 95=1000, 96=1000, 97=1000, 98=1000, 99=1000, 200=1000, 100=1000, 101=1000, 102=1000, 103=1000, 104=1000, 105=1000, 106=1000, 107=1000, 108=1000, 109=1000}
Number of gene trees: 1000
0 trees have missing taxa
Calculating quartet distance matrix (for completion of X)
Species tree distances calculated ...
Building set of clusters (X) from gene trees 
------------------------------
gradient0: 42797
Number of Clusters after addition by distance: 42797
calculating extra bipartitions to be added at level 1 ...
Adding to X using resolutions of greedy consensus ...
Limit for sigma of degrees:5075
polytomy size limit : 24
discarded polytomies:  [3, 3, 3, 3, 3, 3, 3, 3, 3, 3, 4, 4, 4, 5, 5, 5, 6, 8, 11, 15, 24]
Threshold 0.0:
Threshold 0.01:
polytomy of size 3; rounds with additions with at least 5 support: 0; clusters: 42797
polytomy of size 3; rounds with additions with at least 5 support: 0; clusters: 42797
Threshold 0.02:
polytomy of size 6; rounds with additions with at least 5 support: 0; clusters: 42805
Threshold 0.05:
polytomy of size 8; rounds with additions with at least 5 support: 1; clusters: 42809
Threshold 0.1:
polytomy of size 5; rounds with additions with at least 5 support: 0; clusters: 42809
polytomy of size 11; rounds with additions with at least 5 support: 0; clusters: 42809
Threshold 0.2:
polytomy of size 3; rounds with additions with at least 5 support: 0; clusters: 42809
polytomy of size 4; rounds with additions with at least 5 support: 0; clusters: 42809
polytomy of size 5; rounds with additions with at least 5 support: 0; clusters: 42809
polytomy of size 15; rounds with additions with at least 5 support: 0; clusters: 42809
Threshold 0.3333333333333333:
polytomy of size 5; rounds with additions with at least 5 support: 0; clusters: 42809
polytomy of size 3; rounds with additions with at least 5 support: 0; clusters: 42809
polytomy of size 3; rounds with additions with at least 5 support: 0; clusters: 42809
polytomy of size 3; rounds with additions with at least 5 support: 0; clusters: 42809
polytomy of size 3; rounds with additions with at least 5 support: 0; clusters: 42809
polytomy of size 3; rounds with additions with at least 5 support: 0; clusters: 42809
polytomy of size 4; rounds with additions with at least 5 support: 0; clusters: 42809
polytomy of size 3; rounds with additions with at least 5 support: 0; clusters: 42809
polytomy of size 3; rounds with additions with at least 5 support: 0; clusters: 42809
polytomy of size 24; rounds with additions with at least 5 support: 0; clusters: 42809
polytomy of size 4; rounds with additions with at least 5 support: 0; clusters: 42809
max k is :2
Number of Clusters after addition by greedy: 42809
gradient0 in heuristiic: 42809
partitions formed in 31.732 secs
Dynamic Programming starting after 31.732 secs
Using tree-based weight calculation.
Using polytree-based weight calculation.
Polytree max score: 65998338519
Polytree building time: 2.587 seconds.
Number of quartet trees in the gene trees: 65998338519
Size of largest cluster: 201
Greedy score: 35848599303
estimationFactor: 1.8410297697036355
Sub-optimal score: 39365593080
Calculated 100000 weights; time (seconds): 182
Total Number of elements weighted: 141627
Normalized score (portion of input quartet trees satisfied before correcting for multiple individuals): 0.6706681859613376
Optimization score: 44262985971
Optimal tree inferred in 249.732 secs.
(151,((13,(117,(171,155))),((55,15),((154,(((159,191),(68,(59,(83,((118,99),(41,(153,177))))))),(((79,34),(35,(5,14))),((156,(161,(22,152))),(121,(120,(45,(91,148)))))))),((((6,(127,(49,50))),((66,(74,109)),(84,(131,(140,11))))),((190,((18,42),(129,123))),((87,21),(106,(16,(92,88)))))),(((28,(130,142)),((81,(53,(40,(71,182)))),(98,(((162,78),(135,(110,10))),(((64,76),(73,(134,(102,3)))),((126,(33,19)),(181,(145,((2,184),(1,(58,69))))))))))),(((9,(104,(137,95))),(108,((112,(67,47)),((96,107),(72,122))))),(0,((((17,(193,62)),(48,(4,(60,30)))),((185,194),(116,((39,85),((133,37),(111,105)))))),(((167,(26,(157,((175,94),(89,31))))),(((170,(124,(166,114))),((160,200),(125,(103,(139,93))))),((163,(165,((54,46),(147,119)))),((51,(36,136)),((63,176),((199,168),(97,(7,113)))))))),(((138,(158,164)),((90,57),((61,178),((186,(132,(8,169))),((75,77),(141,(115,144))))))),(196,((143,(29,183)),((((27,198),(23,((173,101),(188,(20,197))))),((12,(80,187)),((65,150),(44,(100,(172,25)))))),(((180,(149,189)),(82,(56,195))),((86,(179,(52,174))),(70,((24,(192,38)),(32,(146,(43,128)))))))))))))))))))));
Final quartet score is: 44262985971
Final normalized quartet score is: 0.6706681859613376
Extended species tree:
(170,((124,(166,114)1:0.2906430912646086)1:2.435999857785458,(((160,200)1:0.5530077605658958,(125,(103,(139,93)0.97:0.05275542165217719)1:0.28068822417623207)1:1.3272848136787554)1:0.37105604905687417,(((163,(165,((54,46)1:0.8145177707963589,(147,119)1:0.7747980763174448)1:0.39618156369717317)1:0.7049782075775335)1:2.968916816107952,((51,(36,136)1:0.20951570630068525)1:1.5572095193455309,((63,176)1:1.446085627893025,((199,168)1:3.0579560652652815,(97,(7,113)1:0.33164179444525)1:1.9313702986355363)1:0.9277181255288194)1:0.524907269325038)1:1.0836567388685332)1:1.359052764729519,((167,(26,(157,((175,94)1:0.6515035947042905,(89,31)1:1.081266277026013)1:0.6271092915441894)1:1.490306707694035)1:2.815338482850042)1:0.7992525993338471,((((138,(158,164)1:1.2352232655790438)1:3.6679750754003897,((90,57)1:2.3351561063665898,((61,178)1:2.532600617061946,((186,(132,(8,169)1:2.0843273718982904)1:0.6480868541929672)1:0.8264918725702532,((75,77)1:1.9148228385974264,(141,(115,144)1:0.8506764511391921)1:0.098552563418648)1:1.161503815197858)1:0.7329788800539627)1:2.1581055219935097)1:0.44607016713684716)1:0.15164127710078107,(196,((143,(29,183)1:1.027016323745924)1:4.364399638582564,((((27,198)1:2.718766445582326,(23,((173,101)1:0.9234149287065343,(188,(20,197)1:0.12965907883149316)1:0.8092948671033606)1:2.5556355565195585)1:1.4049788568674215)1:0.8457273216974368,((12,(80,187)1:4.197678857296482)1:0.17800863058591032,((65,150)1:2.4298239562237582,(44,(100,(172,25)1:0.11328982045224359)1:1.5937188135969325)1:0.7530885846585464)1:2.7142683731704906)1:0.39371521621369915)1:0.13005630581561878,(((180,(149,189)1:0.19343567420172125)1:0.6908061129622365,(82,(56,195)0.61:0.03343819840557738)1:2.667225132737449)1:2.96897840968905,((86,(179,(52,174)1:0.24362208265775043)1:3.7938867475448363)1:0.45458936904074637,(70,((24,(192,38)1:0.48120553086573664)1:2.2614068172632376,(32,(146,(43,128)1:0.22277772203867025)1:1.6991438110963824)1:0.7876703131942419)1:1.294341617190553)1:1.0214601933140168)1:0.6759610988185596)0.99:0.064796080854163)1:0.1325883336396961)1:0.5972940004776638)1:0.09814534352422792)1:0.1701219166925089,((((17,(193,62)1:0.9696606615203072)1:3.130167442080078,(48,(4,(60,30)1:0.4675424579498383)1:3.130843465381791)1:0.7058054462346876)0.87:0.04055165579468666,((185,194)1:1.3653314533175056,(116,((39,85)1:0.6173886518154456,((133,37)1:0.4479927532421646,(111,105)1:1.258418596354542)0.99:0.0663301299775768)1:0.2847485954401736)1:0.15809200308126253)1:4.4417964374236005)1:0.7635791142390967,(0,(((9,(104,(137,95)1:0.9543118499926755)1:1.6906514549145888)1:0.8746302452906574,(108,((112,(67,47)0.96:0.05517046412176636)1:3.402164666019329,((96,107)1:1.2667127137091905,(72,122)1:0.9740821858803284)1:1.3909319144488372)1:0.4929362112105618)1:1.6933816235406487)1:1.1557009873658712,(((28,(130,142)1:1.4931258687168814)1:3.2671413103912514,((81,(53,(40,(71,182)1:1.7323910651857846)1:1.1751301656945237)1:0.8124362223528424)1:2.701470249755126,(98,(((162,78)1:0.5943013459233126,(135,(110,10)0.46:0.017359877159007223)1:0.9609662637315058)1:3.894126641574671,(((64,76)1:2.825723976993396,(73,(134,(102,3)1:0.7603674242541341)1:1.521736474043449)0.45:0.01325506311592639)1:1.3286084159214082,((126,(33,19)1:0.40859186945742143)1:0.8457286730961275,(181,(145,((2,184)1:0.4823530107744056,(1,(58,69)1:0.0915128699155861)1:0.6574556560707067)1:0.3588106206113072)1:1.6248003773555282)1:1.3609204589721833)1:0.1288693619202125)1:0.45935821773762386)1:1.0300910680244828)1:0.18065476263472732)1:0.29922080747037905)0.54:0.015066442046325599,((((6,(127,(49,50)1:0.53102833108351)1:3.5328752056373576)1:2.1217299374944156,((66,(74,109)1:2.2749824120791033)1:2.083083706033334,(84,(131,(140,11)1:0.3808522415709595)1:0.46088595331959353)1:4.004166120035764)1:0.6101363485893088)1:0.12607455857927075,((190,((18,42)1:1.4124554926448174,(129,123)1:1.9600488919072288)1:1.2318612048753506)1:2.096078461108164,((87,21)1:2.367671934210539,(106,(16,(92,88)1:0.3150255481244664)1:3.886783485167775)1:0.7261190601363016)1:0.4150629487114926)1:0.7200725053288013)1:0.3173346118492274,((154,(((159,191)0.91:0.04334629879192796,(68,(59,(83,((118,99)1:2.2078983278768436,(41,(153,177)1:1.0556384017031317)1:0.3241501503378102)0.95:0.048509138572066464)1:0.5357059528730443)1:0.4599760688039011)1:0.19272293257541404)1:2.0210409268984373,(((79,34)1:1.891474942500297,(35,(5,14)1:0.34767873491031415)1:1.369744671601018)1:1.8426459917439355,((156,(161,(22,152)1:0.09440968447107465)1:1.6777615359825377)1:0.6177239790799594,(121,(120,(45,(91,148)1:0.9424087633890851)1:0.25429976420057326)1:0.39870524946419494)1:0.5667657554714408)1:1.755403528471975)1:1.3251757813451457)0.96:0.051152510368843565)1:1.0800545488285191,((55,15)1:2.8847386634211074,((13,(117,(171,155)1:1.568161929618949)1:0.23966904996935715)1:1.4408130469812301,151)1:0.07857208151449735)1:1.2411841336631075)1:0.8342336037123974)1:0.1349620798113925)0.41:0.007236000557955895)1:0.2085079036956008)0.43:0.010530393239351593)0.99:0.06357323457413111)1:0.4013645256602444)1:0.17553752133711964)1:2.504249435631812)1:0.9358814861825917));
Weight calculation took 205.611486056 secs
ASTRAL finished in 259.868 secs
