
================== ASTRAL ===================== 

This is ASTRAL version 5.7.8
Gene trees are treated as unrooted
50 trees read from Dataset/AstralII_data/model.200.2000000.0.000001/05/estimatedgenetre.halfresolved_50
index0
All output trees will be *arbitrarily* rooted at 170

======== Running the main analysis
Number of taxa: 201 (201 species)
Taxa: [170, 125, 103, 139, 93, 124, 166, 114, 160, 200, 163, 165, 54, 46, 147, 119, 97, 199, 168, 63, 176, 7, 113, 26, 175, 94, 157, 89, 31, 167, 36, 136, 51, 131, 140, 84, 11, 110, 10, 135, 162, 78, 73, 33, 19, 102, 3, 134, 64, 76, 145, 181, 2, 184, 1, 58, 69, 130, 28, 142, 81, 53, 40, 71, 182, 193, 17, 62, 60, 30, 133, 111, 37, 116, 185, 194, 39, 105, 85, 48, 4, 90, 57, 158, 164, 138, 141, 75, 77, 115, 144, 186, 61, 178, 132, 8, 169, 12, 149, 180, 189, 82, 56, 195, 196, 143, 29, 183, 65, 150, 100, 172, 25, 44, 72, 122, 67, 47, 112, 96, 107, 108, 104, 9, 137, 95, 190, 129, 123, 18, 42, 87, 21, 106, 92, 16, 88, 66, 74, 109, 6, 49, 50, 127, 55, 15, 117, 13, 171, 155, 79, 34, 5, 14, 35, 22, 161, 156, 152, 120, 45, 91, 148, 121, 0, 154, 151, 59, 83, 118, 99, 159, 191, 41, 68, 153, 177, 86, 179, 52, 174, 70, 32, 192, 24, 38, 43, 146, 128, 27, 198, 188, 20, 197, 23, 173, 101, 98, 126, 80, 187]
Taxon occupancy: {110=50, 111=50, 112=50, 113=50, 114=50, 115=50, 116=50, 117=50, 118=50, 119=50, 10=50, 11=50, 12=50, 13=50, 14=50, 15=50, 16=50, 17=50, 18=50, 19=50, 120=50, 121=50, 0=50, 1=50, 122=50, 2=50, 123=50, 124=50, 3=50, 125=50, 4=50, 5=50, 126=50, 6=50, 127=50, 7=50, 128=50, 8=50, 129=50, 9=50, 20=50, 21=50, 22=50, 23=50, 24=50, 25=50, 26=50, 27=50, 28=50, 29=50, 130=50, 131=50, 132=50, 133=50, 134=50, 135=50, 136=50, 137=50, 138=50, 139=50, 30=50, 31=50, 32=50, 33=50, 34=50, 35=50, 36=50, 37=50, 38=50, 39=50, 140=50, 141=50, 142=50, 143=50, 144=50, 145=50, 146=50, 147=50, 148=50, 149=50, 40=50, 41=50, 42=50, 43=50, 44=50, 45=50, 46=50, 47=50, 48=50, 49=50, 150=50, 151=50, 152=50, 153=50, 154=50, 155=50, 156=50, 157=50, 158=50, 159=50, 50=50, 51=50, 52=50, 53=50, 54=50, 55=50, 56=50, 57=50, 58=50, 59=50, 160=50, 161=50, 162=50, 163=50, 164=50, 165=50, 166=50, 167=50, 168=50, 169=50, 60=50, 61=50, 62=50, 63=50, 64=50, 65=50, 66=50, 67=50, 68=50, 69=50, 170=50, 171=50, 172=50, 173=50, 174=50, 175=50, 176=50, 177=50, 178=50, 179=50, 70=50, 71=50, 72=50, 73=50, 74=50, 75=50, 76=50, 77=50, 78=50, 79=50, 180=50, 181=50, 182=50, 183=50, 184=50, 185=50, 186=50, 187=50, 188=50, 189=50, 80=50, 81=50, 82=50, 83=50, 84=50, 85=50, 86=50, 87=50, 88=50, 89=50, 190=50, 191=50, 192=50, 193=50, 194=50, 195=50, 196=50, 197=50, 198=50, 199=50, 90=50, 91=50, 92=50, 93=50, 94=50, 95=50, 96=50, 97=50, 98=50, 99=50, 200=50, 100=50, 101=50, 102=50, 103=50, 104=50, 105=50, 106=50, 107=50, 108=50, 109=50}
Number of gene trees: 50
0 trees have missing taxa
Calculating quartet distance matrix (for completion of X)
Species tree distances calculated ...
Building set of clusters (X) from gene trees 
------------------------------
gradient0: 5233
Number of Clusters after addition by distance: 5233
calculating extra bipartitions to be added at level 1 ...
Adding to X using resolutions of greedy consensus ...
Limit for sigma of degrees:5075
polytomy size limit : 25
discarded polytomies:  [3, 3, 3, 3, 3, 3, 4, 4, 4, 4, 4, 4, 5, 5, 8, 12, 16, 25]
Threshold 0.0:
polytomy of size 4; rounds with additions with at least 5 support: 0; clusters: 5251
Threshold 0.01:
polytomy of size 4; rounds with additions with at least 5 support: 0; clusters: 5253
Threshold 0.02:
polytomy of size 4; rounds with additions with at least 5 support: 0; clusters: 5253
Threshold 0.05:
polytomy of size 8; rounds with additions with at least 5 support: 5; clusters: 5297
Threshold 0.1:
polytomy of size 3; rounds with additions with at least 5 support: 0; clusters: 5299
polytomy of size 12; rounds with additions with at least 5 support: 2; clusters: 5333
Threshold 0.2:
polytomy of size 3; rounds with additions with at least 5 support: 0; clusters: 5333
polytomy of size 4; rounds with additions with at least 5 support: 0; clusters: 5333
polytomy of size 5; rounds with additions with at least 5 support: 0; clusters: 5333
polytomy of size 16; rounds with additions with at least 5 support: 0; clusters: 5343
Threshold 0.3333333333333333:
polytomy of size 5; rounds with additions with at least 5 support: 0; clusters: 5343
polytomy of size 3; rounds with additions with at least 5 support: 0; clusters: 5343
polytomy of size 3; rounds with additions with at least 5 support: 0; clusters: 5343
polytomy of size 4; rounds with additions with at least 5 support: 0; clusters: 5343
polytomy of size 3; rounds with additions with at least 5 support: 0; clusters: 5343
polytomy of size 3; rounds with additions with at least 5 support: 0; clusters: 5343
polytomy of size 25; rounds with additions with at least 5 support: 0; clusters: 5361
polytomy of size 4; rounds with additions with at least 5 support: 0; clusters: 5361
max k is :10
Number of Clusters after addition by greedy: 5361
gradient0 in heuristiic: 5361
partitions formed in 8.612 secs
Dynamic Programming starting after 8.612 secs
Using tree-based weight calculation.
Using polytree-based weight calculation.
Polytree max score: 3299916906
Polytree building time: 0.224 seconds.
Number of quartet trees in the gene trees: 3299916906
Size of largest cluster: 201
Greedy score: 1845371075
estimationFactor: 1.7882131950074052
Sub-optimal score: 2092597594
Total Number of elements weighted: 7833
Normalized score (portion of input quartet trees satisfied before correcting for multiple individuals): 0.6699873024014866
Optimization score: 2210902426
Optimal tree inferred in 10.864 secs.
(32,((146,(43,128)),((24,(192,38)),(70,((86,(179,(52,174))),((((82,(56,195)),(180,(149,189))),(((27,198),(23,((173,101),(188,(20,197))))),((12,(80,187)),((65,150),(44,(100,(172,25))))))),((143,(29,183)),((196,((138,(158,164)),((90,57),((61,178),((186,(132,(8,169))),((115,144),(141,(75,77)))))))),((0,(((163,(165,((147,119),(54,46)))),((51,(36,136)),((63,176),((199,168),(97,(7,113)))))),((167,(26,(157,((175,94),(89,31))))),((170,(124,(166,114))),((160,200),(125,(103,(139,93)))))))),(((17,(193,62)),((48,(4,(60,30))),((185,194),(116,((111,105),((133,37),(39,85))))))),(((9,(104,(137,95))),(108,((67,(47,112)),((96,107),(72,122))))),(((81,(53,(40,(71,182)))),(98,(((162,78),(135,(110,10))),(((73,(64,76)),(134,(102,3))),((126,(33,19)),(181,(145,((2,184),(69,(1,58)))))))))),((28,(130,142)),((((6,(127,(49,50))),((66,(74,109)),(84,(131,(140,11))))),((190,((18,42),(129,123))),((87,21),(106,(16,(92,88)))))),(((55,15),(151,(13,(117,(171,155))))),(154,(((159,191),(68,(59,(83,((118,99),(41,(153,177))))))),(((79,34),(35,(5,14))),((156,(161,(22,152))),(121,(120,(45,(91,148)))))))))))))))))))))));
Final quartet score is: 2210902426
Final normalized quartet score is: 0.6699873024014866
Extended species tree:
(170,((124,(166,114)0.99:0.347675580331206)1:2.6039968995841076,(((160,200)1:0.41364325455205675,(125,(103,(139,93)0.75:0.12448996891310159)0.98:0.2671907634076144)1:1.0827508159258565)0.98:0.2696115514218831,((167,(26,(157,((175,94)1:0.530247612854187,(89,31)1:1.51179597082277)1:0.5182057310636131)1:1.1990828190317444)1:3.056356895370426)1:0.9471323258507754,(((163,(165,((147,119)1:0.9608256299074864,(54,46)1:0.5817879716834098)1:0.6640138817157334)1:0.5688494638823682)1:2.693451401681056,((51,(36,136)0.75:0.12348105677102102)1:1.1643218062107912,((63,176)1:1.166966448814625,((199,168)1:2.4243526469469137,(97,(7,113)1:0.34830669426821587)1:2.2735975561207935)1:0.6108213136810567)1:0.5153270653952952)1:0.929311389499468)1:1.1876569181215648,(0,((((17,(193,62)1:0.9614111671546247)1:3.0872341339348672,((48,(4,(60,30)1:0.39086630868701183)1:2.6100697927420056)1:0.671991652393426,((185,194)1:1.4311401088557127,(116,((111,105)1:1.0415607181425426,((133,37)1:0.3928546005162349,(39,85)1:0.3475666974058623)0.47:0.04077093373237616)1:0.3743076150698059)0.88:0.17645643734155653)1:2.888273121239241)0.4:0.01384742181155976)1:0.4676972429215838,(((9,(104,(137,95)1:0.5303757576887799)1:1.8133403263844041)1:1.131134355038953,(108,((67,(47,112)0.85:0.1590646946296874)1:3.5263605246161593,((96,107)1:0.7855205006909604,(72,122)1:1.0414538748281608)1:1.4469189829363254)1:0.493814277939454)1:1.2977206168635447)1:1.1005173634758396,(((81,(53,(40,(71,182)1:1.7346010553881062)1:0.9236708391717778)1:0.9873866535578848)1:1.9140010742108695,(98,(((162,78)1:0.6176396280518001,(135,(110,10)0.5:0.0603090150598306)1:0.9614111671546247)1:3.1485902163412094,(((73,(64,76)1:1.9118848181521042)0.61:0.10134646109598315,(134,(102,3)1:1.2242806097081311)1:1.8290995988463745)1:1.0788564220275239,((126,(33,19)1:0.4787164611137512)1:1.1745579626710512,(181,(145,((2,184)1:0.6556440125871034,(69,(1,58)0.44:0.029088027749420663)1:0.904765269069397)1:0.4060308789860568)1:1.4702562000572859)1:1.2622006497471587)0.9:0.19024597541294003)1:0.5546837981033796)1:1.06646733148125)0.9:0.19683572959507575)0.93:0.20819389871997832,((28,(130,142)1:1.3291359472799418)1:2.7473707739980258,((((6,(127,(49,50)1:0.4818380868927383)1:2.4277482359480516)1:2.0964810725520393,((66,(74,109)1:2.4277482359480516)1:1.5870998274717338,(84,(131,(140,11)0.93:0.23052365861183224)1:0.4818380868927383)1:2.4363764171713878)1:0.6935084429177569)0.64:0.08692389025928389,((190,((18,42)1:1.654558347714569,(129,123)1:1.4469189829363254)1:0.8873031950009027)1:2.0283443449495477,((87,21)1:2.1311318347625057,(106,(16,(92,88)0.73:0.12516314295400605)1:3.5263605246161593)1:0.9267144024875543)1:0.39840610328266285)1:0.5288641063710476)0.99:0.3355866443147503,(((55,15)1:3.5263605246161593,(151,(13,(117,(171,155)1:1.4456571531159035)0.99:0.306571411339054)1:1.3637414764574176)0.83:0.18426401218194094)1:1.050890767493554,(154,(((159,191)0.83:0.15586526869791534,(68,(59,(83,((118,99)1:2.5417120435374416,(41,(153,177)1:0.6362693897048607)0.99:0.3084034890525527)0.6:0.08695653138000699)1:0.5156380744813934)1:0.463098741073418)0.73:0.12713466877946)1:1.4851978475970733,(((79,34)1:1.7346010553881062,(35,(5,14)1:0.4620354595965585)1:1.0208345876254252)1:1.5647020185927083,((156,(161,(22,152)0.55:0.06046680598717973)1:1.3291359472799418)1:0.6622566935406066,(121,(120,(45,(91,148)1:0.6931471805599453)0.89:0.22995980181651532)0.99:0.3353524156755243)1:0.45540482982458275)1:1.892569172795039)1:1.2932594110382214)0.71:0.10792087401914442)1:0.986333353421457)1:0.8470779178017591)0.82:0.15969575330710137)0.4:0.013649810435056472)0.51:0.06147194119840147)0.78:0.1340203546877525)0.57:0.07343100584942899,((196,((138,(158,164)1:0.8176371494730467)1:2.649939365007487,((90,57)1:1.772545986952229,((61,178)1:1.8115620965242345,((186,(132,(8,169)1:2.138804333675848)1:0.7531374858311662)1:0.6627915323588834,((115,144)1:0.5306282510621702,(141,(75,77)1:1.9179332236879847)0.5:0.04496346173019035)1:0.9445272622564935)1:0.6246497878394786)1:1.6335939738192944)1:0.47188041942548337)0.98:0.2934641619411633)0.51:0.06624913136799879,((143,(29,183)1:1.2237754316221159)1:3.5263605246161593,((((82,(56,195)0.62:0.08566298642632195)1:2.0992441689760164,(180,(149,189)0.95:0.230710731851551)1:0.5819215454497209)1:3.175064639667439,(((27,198)1:2.4277482359480516,(23,((173,101)1:0.7537718023763799,(188,(20,197)0.6:0.09286219816568488)1:0.7079622663450857)1:1.6305234135431688)1:0.9804432663539457)1:0.9291729163257613,((12,(80,187)1:3.5263605246161593)0.55:0.1358098968089432,((65,150)1:1.5804503755608483,(44,(100,(172,25)0.98:0.2676814057451113)1:1.0414538748281608)1:0.5819215454497209)1:2.6812973020303716)1:0.5977425504382335)0.45:0.03415845805418952)0.56:0.09423018657523015,((86,(179,(52,174)0.9:0.19415601444095737)1:3.5263605246161593)1:0.4616662442490589,(70,((24,(192,38)1:0.4353180712578455)1:1.8924814770229157,((146,(43,128)0.84:0.1592388651430599)1:1.7333328244001114,32)1:0.5244048160907092)1:1.3765381861745256)1:1.1453212866337172)1:0.4794886607009888)0.95:0.23077890327345887)1:0.5527327428379267)0.8:0.14409173282755966)0.45:0.04235189209931239)1:0.347333930207796)0.59:0.08505415766647177)1:2.41228651992163)1:0.8472893055184135));
Weight calculation took 1.543917535 secs
ASTRAL finished in 12.184 secs
