
================== ASTRAL ===================== 

This is ASTRAL version 5.7.8
Gene trees are treated as unrooted
1000 trees read from Dataset/AstralII_data/model.200.500000.0.000001/40/estimatedgenetre.halfresolved
index0
All output trees will be *arbitrarily* rooted at 49

======== Running the main analysis
Number of taxa: 201 (201 species)
Taxa: [49, 139, 171, 46, 198, 110, 196, 105, 120, 3, 174, 16, 40, 38, 109, 74, 119, 14, 112, 60, 187, 58, 59, 186, 29, 82, 140, 51, 32, 15, 148, 80, 113, 127, 153, 157, 180, 88, 161, 75, 149, 93, 2, 92, 34, 182, 192, 89, 123, 106, 56, 4, 45, 108, 98, 94, 176, 86, 62, 142, 57, 137, 184, 169, 147, 122, 24, 121, 12, 111, 117, 138, 47, 128, 114, 64, 95, 97, 104, 150, 55, 173, 162, 188, 190, 166, 146, 144, 145, 154, 5, 6, 143, 199, 100, 50, 61, 71, 130, 28, 13, 78, 177, 125, 35, 68, 69, 8, 44, 102, 53, 160, 77, 42, 37, 136, 23, 124, 178, 175, 129, 52, 134, 48, 156, 126, 36, 141, 131, 70, 151, 67, 152, 103, 115, 179, 197, 65, 189, 10, 63, 79, 172, 20, 41, 9, 81, 135, 133, 27, 66, 200, 195, 19, 164, 91, 30, 31, 191, 132, 193, 33, 99, 101, 183, 72, 87, 25, 107, 158, 18, 159, 73, 11, 90, 181, 167, 84, 76, 7, 194, 26, 54, 165, 0, 22, 1, 17, 83, 185, 85, 155, 96, 170, 21, 168, 43, 163, 118, 39, 116]
Taxon occupancy: {110=1000, 111=1000, 112=1000, 113=1000, 114=1000, 115=1000, 116=1000, 117=1000, 118=1000, 119=1000, 10=1000, 11=1000, 12=1000, 13=1000, 14=1000, 15=1000, 16=1000, 17=1000, 18=1000, 19=1000, 120=1000, 121=1000, 0=1000, 122=1000, 1=1000, 2=1000, 123=1000, 3=1000, 124=1000, 4=1000, 125=1000, 5=1000, 126=1000, 127=1000, 6=1000, 128=1000, 7=1000, 8=1000, 129=1000, 9=1000, 20=1000, 21=1000, 22=1000, 23=1000, 24=1000, 25=1000, 26=1000, 27=1000, 28=1000, 29=1000, 130=1000, 131=1000, 132=1000, 133=1000, 134=1000, 135=1000, 136=1000, 137=1000, 138=1000, 139=1000, 30=1000, 31=1000, 32=1000, 33=1000, 34=1000, 35=1000, 36=1000, 37=1000, 38=1000, 39=1000, 140=1000, 141=1000, 142=1000, 143=1000, 144=1000, 145=1000, 146=1000, 147=1000, 148=1000, 149=1000, 40=1000, 41=1000, 42=1000, 43=1000, 44=1000, 45=1000, 46=1000, 47=1000, 48=1000, 49=1000, 150=1000, 151=1000, 152=1000, 153=1000, 154=1000, 155=1000, 156=1000, 157=1000, 158=1000, 159=1000, 50=1000, 51=1000, 52=1000, 53=1000, 54=1000, 55=1000, 56=1000, 57=1000, 58=1000, 59=1000, 160=1000, 161=1000, 162=1000, 163=1000, 164=1000, 165=1000, 166=1000, 167=1000, 168=1000, 169=1000, 60=1000, 61=1000, 62=1000, 63=1000, 64=1000, 65=1000, 66=1000, 67=1000, 68=1000, 69=1000, 170=1000, 171=1000, 172=1000, 173=1000, 174=1000, 175=1000, 176=1000, 177=1000, 178=1000, 179=1000, 70=1000, 71=1000, 72=1000, 73=1000, 74=1000, 75=1000, 76=1000, 77=1000, 78=1000, 79=1000, 180=1000, 181=1000, 182=1000, 183=1000, 184=1000, 185=1000, 186=1000, 187=1000, 188=1000, 189=1000, 80=1000, 81=1000, 82=1000, 83=1000, 84=1000, 85=1000, 86=1000, 87=1000, 88=1000, 89=1000, 190=1000, 191=1000, 192=1000, 193=1000, 194=1000, 195=1000, 196=1000, 197=1000, 198=1000, 199=1000, 90=1000, 91=1000, 92=1000, 93=1000, 94=1000, 95=1000, 96=1000, 97=1000, 98=1000, 99=1000, 200=1000, 100=1000, 101=1000, 102=1000, 103=1000, 104=1000, 105=1000, 106=1000, 107=1000, 108=1000, 109=1000}
Number of gene trees: 1000
0 trees have missing taxa
Calculating quartet distance matrix (for completion of X)
Species tree distances calculated ...
Building set of clusters (X) from gene trees 
------------------------------
gradient0: 166445
Number of Clusters after addition by distance: 166445
calculating extra bipartitions to be added at level 1 ...
Adding to X using resolutions of greedy consensus ...
Limit for sigma of degrees:5075
polytomy size limit : 50
discarded polytomies: 65 79 110  [3, 3, 3, 3, 4, 4, 4, 5, 5, 19, 36, 39, 50, 65, 79, 110]
Threshold 0.0:
polytomy of size 19; rounds with additions with at least 5 support: 9; clusters: 168813
Threshold 0.01:
polytomy of size 36; rounds with additions with at least 5 support: 11; clusters: 180573
Threshold 0.02:
polytomy of size 39; rounds with additions with at least 5 support: 0; clusters: 191645
Threshold 0.05:
polytomy of size 50; rounds with additions with at least 5 support: 4; clusters: 191881
Threshold 0.1:
polytomy of size 65; rounds with additions with at least 5 support: 0; clusters: 192065
Threshold 0.2:
polytomy of size 3; rounds with additions with at least 5 support: 0; clusters: 192065
polytomy of size 3; rounds with additions with at least 5 support: 0; clusters: 192065
polytomy of size 3; rounds with additions with at least 5 support: 0; clusters: 192065
polytomy of size 4; rounds with additions with at least 5 support: 0; clusters: 192065
polytomy of size 3; rounds with additions with at least 5 support: 0; clusters: 192065
polytomy of size 79; rounds with additions with at least 5 support: 0; clusters: 192139
Threshold 0.3333333333333333:
polytomy of size 4; rounds with additions with at least 5 support: 0; clusters: 192139
polytomy of size 5; rounds with additions with at least 5 support: 0; clusters: 192139
polytomy of size 4; rounds with additions with at least 5 support: 0; clusters: 192139
polytomy of size 5; rounds with additions with at least 5 support: 0; clusters: 192139
polytomy of size 110; rounds with additions with at least 5 support: 0; clusters: 192167
max k is :22
Number of Clusters after addition by greedy: 192167
gradient0 in heuristiic: 192167
partitions formed in 228.638 secs
Dynamic Programming starting after 228.638 secs
Using tree-based weight calculation.
Using polytree-based weight calculation.
Polytree max score: 65998342536
Polytree building time: 3.543 seconds.
Number of quartet trees in the gene trees: 65998342536
Size of largest cluster: 201
Greedy score: 26154997471
estimationFactor: 2.523354957658753
Sub-optimal score: 29620733519
Calculated 100000 weights; time (seconds): 641
Calculated 200000 weights; time (seconds): 417
Calculated 300000 weights; time (seconds): 454
Calculated 400000 weights; time (seconds): 440
Total Number of elements weighted: 464048
Normalized score (portion of input quartet trees satisfied before correcting for multiple individuals): 0.4597279727206754
Optimization score: 30341284217
Optimal tree inferred in 2231.919 secs.
(54,((36,(141,(114,(128,(64,95))))),(195,((((81,200),((135,133),((27,66),(18,(158,159))))),((99,101),((4,(33,25)),((45,47),((183,87),(72,(98,94))))))),((((164,107),(188,((9,(176,20)),((79,172),((197,41),(26,(65,(10,(63,(131,189)))))))))),((115,(162,(56,97))),((160,151),(((124,178),((136,(23,52)),(129,(37,175)))),((126,(13,78)),(((35,(121,(177,125))),(134,((68,48),(71,130)))),((69,((44,102),(8,(77,42)))),((12,(28,(53,156))),((111,117),((61,(199,(50,(143,100)))),((146,154),(5,(145,(144,6)))))))))))))),(0,((((82,(32,(140,51))),((70,(193,(67,152))),(22,(110,(198,(171,46)))))),(((7,194),((73,11),(90,(167,(84,(181,76)))))),((139,(1,(34,182))),((49,40),((16,(38,109)),(((74,(86,(62,142))),(119,(14,(112,60)))),(179,((132,(31,(30,191))),(91,((196,120),(105,(3,174)))))))))))),((((104,116),(148,(138,19))),(137,((113,93),((2,92),(187,(58,127)))))),(((39,((17,83),(157,(153,180)))),(85,((155,(88,96)),((161,75),(170,(149,185)))))),(((59,(186,29)),((123,106),(108,(192,89)))),(((184,(80,165)),(57,(190,166))),((103,(122,(24,(169,147)))),((15,(150,(55,173))),(168,(21,(163,(43,118)))))))))))))))));
Final quartet score is: 30341284217
Final normalized quartet score is: 0.4597279727206754
Extended species tree:
(49,(40,(((16,(38,109)1:0.27163576241897663)1:0.5301117150375988,(((74,(86,(62,142)1:1.1011584389933549)0.88:0.0389544159614061)1:0.10178357241076089,(119,(14,(112,60)1:0.5523841060721149)1:0.6566601922312537)1:0.3960379379700887)1:0.11876430438743145,(179,((132,(31,(30,191)0.94:0.045960835482170316)1:0.6310574963385303)1:0.8035788835881587,(91,((196,120)1:0.37083279432925365,(105,(3,174)1:0.13300319778112965)1:0.5955638009940302)1:0.8168446597342346)1:0.13356262590341886)0.9:0.04049390883225604)0.99:0.06817457103793824)0.76:0.029556586963088275)1:0.08721053269326391,((139,(1,(34,182)1:0.6050679978094861)1:0.5133491274420511)1:0.12654497391269431,(((7,194)1:1.714490499752323,((73,11)1:0.9381414245195342,(90,(167,(84,(181,76)1:0.11078900140224249)1:0.2877784274439315)1:0.3062361166703125)1:0.09008425302267557)1:1.0002430947559409)0.37:0.002518144489905664,(((82,(32,(140,51)1:0.10947671972190282)1:1.0713203609254407)1:0.6008399035080563,((70,(193,(67,152)1:0.4539851244097243)1:1.0999037097785052)1:0.10698579045061611,(22,(110,(198,(171,46)1:0.4530322442575811)0.89:0.04111980581549468)1:0.22403145073204936)1:0.11725574802205686)1:0.2354567274902222)0.98:0.055627994010120765,(((((104,116)1:0.22058751781089256,(148,(138,19)1:0.7495472823021218)0.77:0.02982817377537837)1:0.082600491535455,(137,((113,93)1:1.0048631539001316,((2,92)1:1.550413211262994,(187,(58,127)1:0.17951920243493918)1:0.8741968396738445)1:0.09250808803462104)1:0.28614179556986097)0.73:0.026358225684755224)0.51:0.012314194967673444,(((39,((17,83)1:1.5834949685866044,(157,(153,180)1:0.4105410878227256)1:0.3109506576556697)1:0.11692704693600514)1:0.07874388045716577,(85,((155,(88,96)1:0.5174469576398678)1:0.24279421130784012,((161,75)1:0.5152894816941453,(170,(149,185)1:0.26361407388343616)0.43:0.0070970249332075915)1:0.4456747205744173)1:0.39223893115773506)1:0.5264391187258066)1:0.11590246213800627,(((59,(186,29)1:0.696118320266853)1:0.992997629431558,((123,106)1:0.6374191988931364,(108,(192,89)1:1.0757399122354268)1:0.5776297525347793)1:0.19505176984731812)1:0.10863652949578437,(((184,(80,165)1:0.8340184777868226)1:0.835781144573205,(57,(190,166)1:0.8762508613149387)1:0.9225572839314632)1:0.21855114516353363,((103,(122,(24,(169,147)1:0.21136518887949537)0.63:0.020916068130387707)1:0.4370355936855852)1:1.0129454470194958,((15,(150,(55,173)1:0.9006119100635165)1:0.3313877439589088)1:0.27763791793606624,(168,(21,(163,(43,118)1:0.337002150257693)1:0.4536460102564611)1:0.25497051544255284)1:0.41384849178766625)1:0.15898875464728884)1:0.17044893719283236)0.75:0.028115065515675296)0.76:0.028242350545326866)0.99:0.06335115483949523)0.54:0.014248326087792258,(0,((((164,107)1:0.6944193049241694,(188,((9,(176,20)1:0.08003892350963199)1:0.09937597543594623,((79,172)1:0.08401127100103696,((197,41)1:0.659730235890935,(26,(65,(10,(63,(131,189)0.87:0.04043356957849069)1:0.09177568490562063)1:0.15238911446043946)1:0.46907575738523827)0.87:0.03783334411954109)1:0.20890269370885725)1:0.16739718780278556)0.45:0.01261996572654782)1:0.18604430442081477)1:0.11317862454986219,((115,(162,(56,97)1:0.8526984454428517)1:0.8492788066478245)0.96:0.05173024137987,((160,151)1:0.30765743997358863,(((124,178)1:1.2670222725413667,((136,(23,52)1:0.8243071381330996)1:0.14089837515998632,(129,(37,175)0.6:0.019425802472131243)1:1.6249850257155818)0.79:0.03578316330582146)1:0.07082313853681321,((126,(13,78)1:0.3865394396339768)1:0.08490446679958784,(((35,(121,(177,125)1:0.4169691410807883)1:0.4686282867769959)1:0.9821649209539206,(134,((68,48)1:0.6178274136135973,(71,130)1:0.7499760290935463)1:0.6957985546897002)1:0.0713517635664219)0.92:0.04299621015941428,((69,((44,102)1:0.21407906792773973,(8,(77,42)1:0.3666321943032791)1:0.39824023072694736)1:0.12374820995114069)1:0.781690868189972,((12,(28,(53,156)1:0.3451022908748049)1:0.5817520792770989)1:0.11881250612920272,((111,117)1:1.263135318970212,((61,(199,(50,(143,100)0.4:0.006827053646178006)1:0.11538112557362899)1:0.6042266978660001)1:0.6953869233600691,((146,154)1:0.24100313746812294,(5,(145,(144,6)1:0.13812174795184823)1:0.259265701264058)1:0.3412964778570014)1:0.4375189807930779)1:0.1680010839566584)1:0.1022488514444296)1:0.1531024231975329)0.48:0.010173408775603262)0.74:0.027334467266296077)1:0.0941194121621689)0.59:0.017414362289758872)1:0.07553012675817353)0.68:0.02492542534330117)0.98:0.05969306169277334,((((81,200)1:0.4173506559585956,((135,133)1:0.5522042399004657,((27,66)1:0.7373418122054767,(18,(158,159)1:0.2771822871662588)1:0.7012946155983085)1:0.28443459025008966)1:0.3017921419349592)1:0.47508422370411535,((99,101)1:1.491670734062157,((4,(33,25)1:0.8840972648514733)1:0.4097410058754909,((45,47)1:1.3833778277913331,((183,87)0.96:0.05503285029491184,(72,(98,94)1:0.35179921619695914)1:0.30016304973396946)1:0.7340938434137791)1:0.13885406134648476)0.75:0.02903258310093059)1:0.12096345413015575)1:0.07429758170615003,(195,((36,(141,(114,(128,(64,95)1:0.09687650742031047)1:0.32396163411953083)1:0.09448914444107415)1:0.7093032715974262)1:0.3420410262542665,54)1:0.13837691748326178)1:0.13764945323968336)0.57:0.016389039267020924)0.74:0.027568069982221433)0.86:0.036292249597294796)1:0.07412765836063936)0.41:0.005544121835817614)0.6:0.018010365117470995)0.37:0.0025868571265701113)1:0.40299029646744317));
Weight calculation took 1848.580296497 secs
ASTRAL finished in 2244.973 secs
