
================== ASTRAL ===================== 

This is ASTRAL version 5.7.8
Gene trees are treated as unrooted
50 trees read from Dataset/AstralII_data/model.200.500000.0.000001/40/estimatedgenetre.halfresolved_50
index0
All output trees will be *arbitrarily* rooted at 49

======== Running the main analysis
Number of taxa: 201 (201 species)
Taxa: [49, 139, 171, 46, 198, 110, 196, 105, 120, 3, 174, 16, 40, 38, 109, 74, 119, 14, 112, 60, 187, 58, 59, 186, 29, 82, 140, 51, 32, 15, 148, 80, 113, 127, 153, 157, 180, 88, 161, 75, 149, 93, 2, 92, 34, 182, 192, 89, 123, 106, 56, 4, 45, 108, 98, 94, 176, 86, 62, 142, 57, 137, 184, 169, 147, 122, 24, 121, 12, 111, 117, 138, 47, 128, 114, 64, 95, 97, 104, 150, 55, 173, 162, 188, 190, 166, 146, 144, 145, 154, 5, 6, 143, 199, 100, 50, 61, 71, 130, 28, 13, 78, 177, 125, 35, 68, 69, 8, 44, 102, 53, 160, 77, 42, 37, 136, 23, 124, 178, 175, 129, 52, 134, 48, 156, 126, 36, 141, 131, 70, 151, 67, 152, 103, 115, 179, 197, 65, 189, 10, 63, 79, 172, 20, 41, 9, 81, 135, 133, 27, 66, 200, 195, 19, 164, 91, 30, 31, 191, 132, 193, 33, 99, 101, 183, 72, 87, 25, 107, 158, 18, 159, 73, 11, 90, 181, 167, 84, 76, 7, 194, 26, 54, 165, 0, 22, 1, 17, 83, 185, 85, 155, 96, 170, 21, 168, 43, 163, 118, 39, 116]
Taxon occupancy: {110=50, 111=50, 112=50, 113=50, 114=50, 115=50, 116=50, 117=50, 118=50, 119=50, 10=50, 11=50, 12=50, 13=50, 14=50, 15=50, 16=50, 17=50, 18=50, 19=50, 120=50, 121=50, 0=50, 122=50, 1=50, 2=50, 123=50, 3=50, 124=50, 4=50, 125=50, 5=50, 126=50, 127=50, 6=50, 128=50, 7=50, 8=50, 129=50, 9=50, 20=50, 21=50, 22=50, 23=50, 24=50, 25=50, 26=50, 27=50, 28=50, 29=50, 130=50, 131=50, 132=50, 133=50, 134=50, 135=50, 136=50, 137=50, 138=50, 139=50, 30=50, 31=50, 32=50, 33=50, 34=50, 35=50, 36=50, 37=50, 38=50, 39=50, 140=50, 141=50, 142=50, 143=50, 144=50, 145=50, 146=50, 147=50, 148=50, 149=50, 40=50, 41=50, 42=50, 43=50, 44=50, 45=50, 46=50, 47=50, 48=50, 49=50, 150=50, 151=50, 152=50, 153=50, 154=50, 155=50, 156=50, 157=50, 158=50, 159=50, 50=50, 51=50, 52=50, 53=50, 54=50, 55=50, 56=50, 57=50, 58=50, 59=50, 160=50, 161=50, 162=50, 163=50, 164=50, 165=50, 166=50, 167=50, 168=50, 169=50, 60=50, 61=50, 62=50, 63=50, 64=50, 65=50, 66=50, 67=50, 68=50, 69=50, 170=50, 171=50, 172=50, 173=50, 174=50, 175=50, 176=50, 177=50, 178=50, 179=50, 70=50, 71=50, 72=50, 73=50, 74=50, 75=50, 76=50, 77=50, 78=50, 79=50, 180=50, 181=50, 182=50, 183=50, 184=50, 185=50, 186=50, 187=50, 188=50, 189=50, 80=50, 81=50, 82=50, 83=50, 84=50, 85=50, 86=50, 87=50, 88=50, 89=50, 190=50, 191=50, 192=50, 193=50, 194=50, 195=50, 196=50, 197=50, 198=50, 199=50, 90=50, 91=50, 92=50, 93=50, 94=50, 95=50, 96=50, 97=50, 98=50, 99=50, 200=50, 100=50, 101=50, 102=50, 103=50, 104=50, 105=50, 106=50, 107=50, 108=50, 109=50}
Number of gene trees: 50
0 trees have missing taxa
Calculating quartet distance matrix (for completion of X)
Species tree distances calculated ...
Building set of clusters (X) from gene trees 
------------------------------
gradient0: 11737
Number of Clusters after addition by distance: 11737
calculating extra bipartitions to be added at level 1 ...
Adding to X using resolutions of greedy consensus ...
Limit for sigma of degrees:5075
polytomy size limit : 55
discarded polytomies: 64 77 109  [3, 3, 3, 3, 3, 3, 3, 4, 4, 4, 4, 4, 5, 30, 30, 30, 55, 64, 77, 109]
Threshold 0.0:
polytomy of size 4; rounds with additions with at least 5 support: 1; clusters: 11753
polytomy of size 30; rounds with additions with at least 5 support: 4; clusters: 26929
Threshold 0.01:
polytomy of size 4; rounds with additions with at least 5 support: 0; clusters: 26929
polytomy of size 30; rounds with additions with at least 5 support: 0; clusters: 40179
Threshold 0.02:
polytomy of size 4; rounds with additions with at least 5 support: 0; clusters: 40179
polytomy of size 30; rounds with additions with at least 5 support: 0; clusters: 52699
Threshold 0.05:
polytomy of size 55; rounds with additions with at least 5 support: 5; clusters: 53821
Threshold 0.1:
polytomy of size 64; rounds with additions with at least 5 support: 1; clusters: 54389
Threshold 0.2:
polytomy of size 3; rounds with additions with at least 5 support: 0; clusters: 54389
polytomy of size 3; rounds with additions with at least 5 support: 0; clusters: 54389
polytomy of size 3; rounds with additions with at least 5 support: 0; clusters: 54389
polytomy of size 3; rounds with additions with at least 5 support: 0; clusters: 54389
polytomy of size 3; rounds with additions with at least 5 support: 0; clusters: 54389
polytomy of size 77; rounds with additions with at least 5 support: 1; clusters: 54903
Threshold 0.3333333333333333:
polytomy of size 3; rounds with additions with at least 5 support: 0; clusters: 54903
polytomy of size 4; rounds with additions with at least 5 support: 0; clusters: 54903
polytomy of size 4; rounds with additions with at least 5 support: 0; clusters: 54903
polytomy of size 3; rounds with additions with at least 5 support: 0; clusters: 54903
polytomy of size 5; rounds with additions with at least 5 support: 0; clusters: 54903
polytomy of size 109; rounds with additions with at least 5 support: 0; clusters: 55285
max k is :10
Number of Clusters after addition by greedy: 55285
gradient0 in heuristiic: 55285
partitions formed in 24.202 secs
Dynamic Programming starting after 24.202 secs
Using tree-based weight calculation.
Using polytree-based weight calculation.
Polytree max score: 3299917500
Polytree building time: 0.105 seconds.
Number of quartet trees in the gene trees: 3299917500
Size of largest cluster: 201
Greedy score: 1349424545
estimationFactor: 2.44542572774975
Sub-optimal score: 1438160890
Calculated 100000 weights; time (seconds): 55
Total Number of elements weighted: 176721
Normalized score (portion of input quartet trees satisfied before correcting for multiple individuals): 0.4682463419161237
Optimization score: 1545174298
Optimal tree inferred in 83.385 secs.
(115,(((160,151),((126,(13,78)),((35,(121,(177,125))),(((134,((68,48),(71,130))),((69,(44,102)),(8,(77,42)))),((12,(28,(53,156))),((111,117),((61,(199,(100,(143,50)))),((146,154),(5,(145,(144,6))))))))))),(((136,(23,52)),((124,178),(175,(37,129)))),(((162,(56,97)),((164,107),((188,9),((176,20),((79,172),((26,(197,41)),(65,((131,10),(189,63))))))))),(((195,(54,(36,(141,(114,(128,(64,95))))))),(((81,200),((135,133),((27,66),(18,(158,159))))),(((99,101),(4,(33,25))),((45,47),(183,(87,(72,(98,94)))))))),(0,((((7,194),((73,11),(90,(167,(84,(181,76)))))),((139,(1,(34,182))),((82,(32,(140,51))),(((70,(193,(67,152))),(22,(110,(198,(171,46))))),((49,40),((16,(38,109)),(((86,(74,(62,142))),(119,(14,(112,60)))),(179,((132,(31,(30,191))),(91,((196,120),(105,(3,174))))))))))))),((((138,19),(148,(104,116))),(137,((187,(58,127)),((2,92),(113,93))))),((((17,83),(157,(153,180))),(39,(85,((155,(88,96)),((161,75),(170,(149,185))))))),(((59,(186,29)),((123,106),(108,(192,89)))),(((57,(190,166)),(184,(80,165))),((103,(147,(122,(169,24)))),((15,(150,(55,173))),(168,(21,(163,(43,118)))))))))))))))));
Final quartet score is: 1545174298
Final normalized quartet score is: 0.4682463419161237
Extended species tree:
(49,(40,(((16,(38,109)0.96:0.24560121525444198)0.98:0.26647313190118654,(((86,(74,(62,142)1:1.1303034876295417)0.57:0.06842783045313844)0.53:0.06201537689642868,(119,(14,(112,60)1:0.5143473654580328)1:0.7171719063528199)1:0.45144282585588313)0.95:0.22431655015317123,(179,((132,(31,(30,191)0.54:0.062362241714975765)1:0.6778864947384566)1:0.5887880900907656,(91,((196,120)1:0.4002267514465755,(105,(3,174)0.95:0.22996264877944653)1:0.5746974337647913)1:0.9110255824412541)0.54:0.05497145572073839)0.5:0.04886563141329759)0.48:0.037040318832319716)0.39:0.011943167313131381)0.56:0.06409356156034425,(((70,(193,(67,152)1:0.390646745616638)1:1.0265485920558495)0.91:0.1972112722294901,(22,(110,(198,(171,46)1:0.40124053262004833)0.73:0.13887774098080388)0.97:0.2644773397771774)0.7:0.10525626932151212)0.55:0.06601213983829285,((82,(32,(140,51)0.63:0.10219658183395826)1:0.9074467070777026)1:0.7881903786310089,((139,(1,(34,182)1:0.47226405493011847)1:0.5974027727248067)0.69:0.10102001111815975,(((7,194)1:1.350189356477774,((73,11)1:1.135047316013431,(90,(167,(84,(181,76)0.6:0.07429081258024954)0.75:0.1213632650442312)0.99:0.3094594373751438)0.82:0.15423280367638614)1:0.7886841017544314)0.59:0.07392928761130459,(((((138,19)1:0.5166951567582462,(148,(104,116)1:0.3567598299792739)0.43:0.022842958709060012)0.58:0.07149143661957498,(137,((187,(58,127)0.7:0.12651085205287402)1:0.8310196114306215,((2,92)1:1.9395108415560234,(113,93)1:0.7016936003733817)0.45:0.03526956420375591)1:0.3666078586506204)0.51:0.05537626053604687)0.34:0.0,((((17,83)1:1.5171425677085049,(157,(153,180)1:0.4568991385454866)0.98:0.28010778868244074)0.73:0.1292245453639316,(39,(85,((155,(88,96)1:0.6934443132318683)1:0.43748716721841274,((161,75)1:0.5306282510621706,(170,(149,185)0.54:0.06220415144510243)0.65:0.0904824164558335)1:0.376329543701521)0.98:0.29605032212229765)1:0.5481899356497338)0.52:0.05823053652199252)0.75:0.12038809391674174,(((59,(186,29)1:0.8183103235139515)1:0.9765511065651258,((123,106)1:0.688954302299909,(108,(192,89)1:0.7566167545086113)1:0.6597234340914245)0.68:0.1011307030157306)0.53:0.05783648434824418,(((57,(190,166)1:1.3291359472799418)1:0.8840727652266733,(184,(80,165)1:0.8335777956447398)1:0.7395044092825459)0.75:0.13727395147649235,((103,(147,(122,(169,24)0.99:0.3066769452613917)0.48:0.0627684155629644)1:0.6239675851437799)1:0.6995198950937869,((15,(150,(55,173)1:0.8801140914284333)0.74:0.11892208364755623)1:0.3861822477397711,(168,(21,(163,(43,118)1:0.39020776404681395)1:0.3655871242691715)0.97:0.25165748145751216)0.99:0.3024064699777501)0.96:0.23833583329873123)0.79:0.1358068592220695)0.48:0.03910782465649737)0.36:5.962468436781533E-4)0.51:0.048511883342501186)0.44:0.025507251157674875,(0,(((195,(54,(36,(141,(114,(128,(64,95)0.91:0.19343477387597435)0.99:0.327583817693657)0.76:0.12510645521838254)1:0.7092642999989488)0.85:0.16530524265284424)0.91:0.20205164786084667)0.53:0.06088049816651248,(((81,200)1:0.48791518859569966,((135,133)1:0.4659125548993715,((27,66)1:0.606569404297553,(18,(158,159)0.75:0.12448996891310159)1:0.7542502331326552)0.93:0.2134561906672321)0.98:0.2743723482977585)1:0.4741438407666147,(((99,101)1:1.7408564070336066,(4,(33,25)1:1.3285749374475553)0.95:0.22811725926246953)0.4:0.01569166335160165,((45,47)1:1.2226420535192355,(183,(87,(72,(98,94)1:0.5705562850149105)0.67:0.09384812580594971)0.7:0.11181722309969973)1:0.5634416995937999)0.84:0.1603938022785718)0.91:0.1934495369196819)0.44:0.026389193659333968)0.56:0.0615620475574944,(((162,(56,97)1:0.4355476660240935)1:1.05550299604334,((164,107)1:0.5796076223193236,((188,9)0.52:0.05215181637468981,((176,20)0.64:0.0963751724780636,((79,172)0.97:0.2636932962998477,((26,(197,41)1:0.7487340083464229)0.62:0.0799817525060434,(65,((131,10)0.5:0.05951483176991041,(189,63)0.61:0.07637297878457397)0.96:0.24369582176751983)1:0.4886256066331322)0.71:0.11059840503477655)0.84:0.15486012714082484)0.39:0.009481739809778122)0.73:0.11732234091809843)0.61:0.08159035657861514)0.4:0.014140339561993792,(((136,(23,52)1:0.6632942174102642)0.85:0.16233966019895457,((124,178)1:1.4038546064755437,(175,(37,129)0.55:0.060624621816434854)1:1.5425480911439293)0.45:0.02896363244316261)0.75:0.1240515180649336,(((160,151)1:0.5042289288221811,((126,(13,78)0.98:0.28432072474907644)0.87:0.17023704703409057,((35,(121,(177,125)1:0.4348590398061314)1:0.4477391491716097)1:0.7961247050952469,(((134,((68,48)0.98:0.28827944403465905,(71,130)1:0.9208547291721353)1:0.7637061894790993)0.46:0.045059708379445944,((69,(44,102)1:0.35189054969051786)0.43:0.025691728936600673,(8,(77,42)1:0.3485171541237753)1:0.4120857697645772)1:0.994159305436322)0.42:0.019744145497262777,((12,(28,(53,156)1:0.580858846093599)1:0.47653431361123855)0.64:0.10246652090118726,((111,117)1:1.1155370493922074,((61,(199,(100,(143,50)0.9:0.19325454498479527)0.55:0.06070393968282593)1:0.5954389180716079)1:0.8625647371383164,((146,154)0.96:0.24198510213083882,(5,(145,(144,6)0.65:0.09188468098129751)0.98:0.2688498668965666)0.97:0.2592970776729231)0.99:0.3262866699737271)0.89:0.18450165363176177)0.61:0.07714575361409755)0.86:0.1661780729145841)0.44:0.02785979119095932)0.52:0.05068001578836491)0.47:0.036681123211555165)0.53:0.05443217819136303,115)0.4:0.013839621874739482)0.41:0.018177962464618468)0.6:0.0759098576039648)0.4:0.014939838940268573)0.42:0.020882769710535543)0.58:0.06739727723769065)0.4:0.013381250472643035)0.38:0.009217161212903564)0.44:0.029471296854167845)0.51:0.04814930821270192)0.82:0.14930078202402083));
Weight calculation took 44.954904758 secs
ASTRAL finished in 84.81 secs
