
================== ASTRAL ===================== 

This is ASTRAL version 5.7.8
Gene trees are treated as unrooted
1000 trees read from Dataset/AstralII_data/model.200.2000000.0.000001/43/estimatedgenetre.halfresolved
index0
All output trees will be *arbitrarily* rooted at 150

======== Running the main analysis
Number of taxa: 201 (201 species)
Taxa: [150, 81, 78, 118, 144, 58, 106, 110, 32, 82, 129, 107, 167, 178, 71, 145, 146, 115, 86, 8, 59, 116, 13, 137, 141, 188, 148, 134, 163, 132, 14, 179, 67, 101, 39, 29, 20, 182, 96, 95, 92, 191, 66, 3, 15, 152, 159, 195, 55, 198, 154, 187, 175, 41, 40, 84, 104, 44, 143, 68, 123, 138, 53, 131, 183, 121, 90, 135, 61, 100, 28, 149, 43, 4, 18, 120, 94, 147, 133, 80, 127, 153, 157, 52, 6, 93, 156, 77, 48, 177, 166, 34, 7, 139, 87, 26, 168, 74, 83, 35, 155, 38, 62, 142, 102, 45, 21, 199, 23, 75, 19, 124, 126, 98, 194, 72, 57, 1, 63, 56, 47, 160, 89, 46, 173, 113, 180, 69, 200, 186, 10, 16, 136, 174, 97, 27, 128, 25, 49, 17, 64, 0, 108, 37, 103, 9, 73, 140, 111, 70, 192, 117, 76, 51, 130, 85, 190, 164, 171, 158, 60, 197, 193, 22, 125, 91, 112, 99, 30, 88, 119, 165, 170, 181, 33, 105, 5, 12, 79, 185, 54, 176, 109, 196, 189, 172, 11, 169, 114, 151, 184, 36, 162, 2, 122, 31, 50, 42, 24, 161, 65]
Taxon occupancy: {110=1000, 111=1000, 112=1000, 113=1000, 114=1000, 115=1000, 116=1000, 117=1000, 118=1000, 119=1000, 10=1000, 11=1000, 12=1000, 13=1000, 14=1000, 15=1000, 16=1000, 17=1000, 18=1000, 19=1000, 120=1000, 121=1000, 0=1000, 1=1000, 122=1000, 123=1000, 2=1000, 3=1000, 124=1000, 4=1000, 125=1000, 126=1000, 5=1000, 127=1000, 6=1000, 7=1000, 128=1000, 129=1000, 8=1000, 9=1000, 20=1000, 21=1000, 22=1000, 23=1000, 24=1000, 25=1000, 26=1000, 27=1000, 28=1000, 29=1000, 130=1000, 131=1000, 132=1000, 133=1000, 134=1000, 135=1000, 136=1000, 137=1000, 138=1000, 139=1000, 30=1000, 31=1000, 32=1000, 33=1000, 34=1000, 35=1000, 36=1000, 37=1000, 38=1000, 39=1000, 140=1000, 141=1000, 142=1000, 143=1000, 144=1000, 145=1000, 146=1000, 147=1000, 148=1000, 149=1000, 40=1000, 41=1000, 42=1000, 43=1000, 44=1000, 45=1000, 46=1000, 47=1000, 48=1000, 49=1000, 150=1000, 151=1000, 152=1000, 153=1000, 154=1000, 155=1000, 156=1000, 157=1000, 158=1000, 159=1000, 50=1000, 51=1000, 52=1000, 53=1000, 54=1000, 55=1000, 56=1000, 57=1000, 58=1000, 59=1000, 160=1000, 161=1000, 162=1000, 163=1000, 164=1000, 165=1000, 166=1000, 167=1000, 168=1000, 169=1000, 60=1000, 61=1000, 62=1000, 63=1000, 64=1000, 65=1000, 66=1000, 67=1000, 68=1000, 69=1000, 170=1000, 171=1000, 172=1000, 173=1000, 174=1000, 175=1000, 176=1000, 177=1000, 178=1000, 179=1000, 70=1000, 71=1000, 72=1000, 73=1000, 74=1000, 75=1000, 76=1000, 77=1000, 78=1000, 79=1000, 180=1000, 181=1000, 182=1000, 183=1000, 184=1000, 185=1000, 186=1000, 187=1000, 188=1000, 189=1000, 80=1000, 81=1000, 82=1000, 83=1000, 84=1000, 85=1000, 86=1000, 87=1000, 88=1000, 89=1000, 190=1000, 191=1000, 192=1000, 193=1000, 194=1000, 195=1000, 196=1000, 197=1000, 198=1000, 199=1000, 90=1000, 91=1000, 92=1000, 93=1000, 94=1000, 95=1000, 96=1000, 97=1000, 98=1000, 99=1000, 200=1000, 100=1000, 101=1000, 102=1000, 103=1000, 104=1000, 105=1000, 106=1000, 107=1000, 108=1000, 109=1000}
Number of gene trees: 1000
0 trees have missing taxa
Calculating quartet distance matrix (for completion of X)
Species tree distances calculated ...
Building set of clusters (X) from gene trees 
------------------------------
gradient0: 23383
Number of Clusters after addition by distance: 23383
calculating extra bipartitions to be added at level 1 ...
Adding to X using resolutions of greedy consensus ...
Limit for sigma of degrees:5075
polytomy size limit : 8
discarded polytomies:  [3, 3, 3, 3, 3, 3, 3, 3, 3, 3, 3, 3, 3, 3, 4, 4, 4, 4, 4, 5, 5, 6, 8]
Threshold 0.0:
Threshold 0.01:
Threshold 0.02:
Threshold 0.05:
Threshold 0.1:
polytomy of size 4; rounds with additions with at least 5 support: 0; clusters: 23383
Threshold 0.2:
polytomy of size 5; rounds with additions with at least 5 support: 0; clusters: 23383
polytomy of size 3; rounds with additions with at least 5 support: 0; clusters: 23383
polytomy of size 4; rounds with additions with at least 5 support: 0; clusters: 23383
polytomy of size 5; rounds with additions with at least 5 support: 0; clusters: 23383
Threshold 0.3333333333333333:
polytomy of size 6; rounds with additions with at least 5 support: 0; clusters: 23383
polytomy of size 4; rounds with additions with at least 5 support: 0; clusters: 23383
polytomy of size 3; rounds with additions with at least 5 support: 0; clusters: 23383
polytomy of size 3; rounds with additions with at least 5 support: 0; clusters: 23383
polytomy of size 3; rounds with additions with at least 5 support: 0; clusters: 23383
polytomy of size 3; rounds with additions with at least 5 support: 0; clusters: 23383
polytomy of size 4; rounds with additions with at least 5 support: 0; clusters: 23383
polytomy of size 3; rounds with additions with at least 5 support: 0; clusters: 23383
polytomy of size 3; rounds with additions with at least 5 support: 0; clusters: 23383
polytomy of size 3; rounds with additions with at least 5 support: 0; clusters: 23383
polytomy of size 3; rounds with additions with at least 5 support: 0; clusters: 23383
polytomy of size 3; rounds with additions with at least 5 support: 0; clusters: 23383
polytomy of size 3; rounds with additions with at least 5 support: 0; clusters: 23383
polytomy of size 3; rounds with additions with at least 5 support: 0; clusters: 23383
polytomy of size 3; rounds with additions with at least 5 support: 0; clusters: 23383
polytomy of size 4; rounds with additions with at least 5 support: 0; clusters: 23383
polytomy of size 3; rounds with additions with at least 5 support: 0; clusters: 23383
polytomy of size 8; rounds with additions with at least 5 support: 0; clusters: 23383
max k is :0
Number of Clusters after addition by greedy: 23383
gradient0 in heuristiic: 23383
partitions formed in 36.936 secs
Dynamic Programming starting after 36.936 secs
Using tree-based weight calculation.
Using polytree-based weight calculation.
Polytree max score: 65998348221
Polytree building time: 2.711 seconds.
Number of quartet trees in the gene trees: 65998348221
Size of largest cluster: 201
Greedy score: 46972687664
estimationFactor: 1.405036660731281
Sub-optimal score: 47824861504
Total Number of elements weighted: 94962
Normalized score (portion of input quartet trees satisfied before correcting for multiple individuals): 0.7980335681074106
Optimization score: 52668897320
Optimal tree inferred in 176.245 secs.
(192,((111,70),(76,(117,(((73,140),(103,9)),((108,37),((((131,(183,121)),((61,100),(90,135))),((159,(195,55)),((198,154),((84,(44,(104,143))),(40,((187,(175,41)),(68,(53,(123,138))))))))),((((20,(29,(101,39))),(191,(66,(3,(15,152))))),((148,(134,(163,132))),((14,(179,67)),((95,92),(182,96))))),((((197,193),(158,60)),(125,(22,(112,(91,99))))),((51,((130,164),(190,(85,171)))),((((19,124),(126,(98,194))),(102,((45,21),(199,(23,75))))),(0,((((24,(161,65)),(42,(122,(31,50)))),(((63,56),(57,(72,1))),(((136,(174,97)),((17,64),((27,49),(128,25)))),(((89,46),(47,160)),(16,((173,113),((180,69),(200,(186,10))))))))),((((144,58),((150,81),(78,118))),((30,88),(((12,(79,185)),((33,105),(181,5))),(((54,176),(109,196)),((11,169),((119,(165,170)),((189,172),((184,(114,151)),(36,(162,2)))))))))),((71,(((129,(107,167)),(106,(110,(32,82)))),(178,((146,(115,86)),(145,((141,188),((8,59),(137,(116,13))))))))),((149,(28,(38,(62,142)))),((((157,52),((6,93),(127,153))),(4,(18,((120,133),(147,(94,80)))))),(43,(((156,(77,48)),(35,(83,(74,155)))),((166,(177,34)),((26,168),(87,(7,139)))))))))))))))))))))));
Final quartet score is: 52668897320
Final normalized quartet score is: 0.7980335681074106
Extended species tree:
(150,(81,((78,118)1:0.5938489595776648,((144,58)1:2.632088660299164,(((30,88)1:2.375272419475064,(((12,(79,185)1:2.7195592795471533)1:1.0808235480646002,((33,105)1:2.742089555513494,(181,5)1:0.8045537499553461)1:1.7748228496317353)1:2.0949495722107057,(((54,176)1:3.764088454597174,(109,196)1:4.554483068280282)1:0.2213257707770455,((11,169)1:0.8421727790767146,((119,(165,170)0.71:0.02478002899848685)1:4.329809691057562,((189,172)1:2.331549717961177,((184,(114,151)1:0.8578427735638187)1:1.914874453656584,(36,(162,2)1:2.072412749111056)1:0.7489522088326448)1:1.879367224800655)1:0.4412951304962924)0.96:0.0519924129080771)1:0.4100033630716899)1:0.09194324209780463)1:0.7311967614187168)1:1.3875996281159388,(((71,(((129,(107,167)1:1.9285786927036728)1:2.421958976475395,(106,(110,(32,82)1:1.0143519450503697)1:2.742089555513494)1:1.7043799714906651)1:0.9405281920372299,(178,((146,(115,86)1:4.423848129527227)1:1.1465947877360712,(145,((141,188)1:1.4049582403500427,((8,59)1:0.9064310398928722,(137,(116,13)1:0.753816266477538)0.78:0.03001132846775279)1:0.6279306854149532)1:0.3742044679109255)1:0.1850014155071561)1:0.6878937842889932)1:0.3530808904439037)1:0.4418965333823137)1:0.5352957484745721,((149,(28,(38,(62,142)1:0.6510871914325819)1:3.103108033664741)0.91:0.042286632775116136)1:0.7929754740751279,((((157,52)1:3.5334013137647147,((6,93)1:2.159220588419801,(127,153)1:3.0206448680458715)1:0.22650400959334402)1:0.7603096209889152,(4,(18,((120,133)1:0.41424479576020923,(147,(94,80)1:0.6227284700923804)0.98:0.05793840045280576)1:2.3256466943896545)0.96:0.05086191441477519)1:1.3243323810630618)1:1.4413132629456271,(43,(((156,(77,48)1:0.5942072327050416)1:3.890154538972339,(35,(83,(74,155)1:1.8209714058329696)1:0.5845049872396954)1:1.010089177767006)1:0.16313188215914515,((166,(177,34)0.98:0.0591584145066158)1:4.101633228013327,((26,168)1:1.0006718411462896,(87,(7,139)1:0.35055697650295176)1:0.15374045999718672)1:2.7867312092991368)1:0.29404349004932545)1:0.9762389997616523)1:0.07762750212080817)1:1.8239196652731144)1:0.15718402863788275)1:0.9783887864758144,((((24,(161,65)1:1.0310189975355812)1:3.9876113627523058,(42,(122,(31,50)1:0.9197933624253571)1:4.626812768223252)1:0.27843867815240725)1:0.7503195592010886,(((63,56)1:0.2597702292904443,(57,(72,1)1:0.17002798463169136)1:2.272812934660376)1:4.027494701770314,(((136,(174,97)1:1.25626559904657)1:2.4428466606606345,((17,64)1:3.75997133126739,((27,49)1:0.8028460978163698,(128,25)1:0.7365323973894666)1:2.022418898730561)0.98:0.05743758543678684)1:3.133041272317422,(((89,46)1:1.1827216957241997,(47,160)1:0.5371429320833639)1:3.6737595725671346,(16,((173,113)1:3.1020922895448977,((180,69)1:0.9658750603167043,(200,(186,10)1:0.27666317483666436)1:0.14193652698206938)1:0.4151978645088463)1:2.0590973899655256)1:0.1499892482228165)1:1.690497626380985)1:0.27426975441999263)1:0.49671921277255326)1:1.251870261208334,(0,((((19,124)1:2.919770732750946,(126,(98,194)1:2.3598343292308592)1:1.2748584321231862)1:1.2856750741800376,(102,((45,21)1:1.7101872803552756,(199,(23,75)1:1.1279645006806371)0.7:0.02429032165738965)1:0.3684465412537271)1:2.439549018564488)1:2.5532802305168096,((51,((130,164)1:0.427169836836823,(190,(85,171)1:0.07273167190073546)1:0.25595146607893476)1:3.82984861070091)1:3.0121719268100624,((((197,193)1:0.8028460978163698,(158,60)0.99:0.0655380214706546)1:5.586998939332913,(125,(22,(112,(91,99)1:0.23894000948729335)1:1.3186441960626192)1:0.2933591623359752)1:4.423197299696233)1:2.0965369223109755,((((20,(29,(101,39)1:1.918579904570487)1:0.35286009104935195)1:2.950096708052535,(191,(66,(3,(15,152)1:2.186273049276825)1:0.1691313460058332)1:1.7157979284250098)1:2.419701537216778)1:0.34501092158399516,((148,(134,(163,132)1:0.9768372317421887)1:2.321239528565851)1:1.8411991949662831,((14,(179,67)1:0.8359371945798958)1:0.5770305342243491,((95,92)1:1.4502336612268485,(182,96)1:1.1655075759851399)1:1.2828502608786925)1:2.0940943520175845)1:1.88695560226484)1:1.3847432771926973,((((131,(183,121)1:0.7225461554147268)1:4.306065093870834,((61,100)1:2.0259528567288494,(90,135)1:2.6855773452501523)1:3.177858168882845)1:0.4170277422989916,((159,(195,55)1:4.200704578213011)1:1.5804933126946001,((198,154)1:1.805502931590983,((84,(44,(104,143)1:0.391811133307988)1:1.4828045689758511)1:2.555111629241446,(40,((187,(175,41)1:1.8028093054146395)1:1.7444751927888795,(68,(53,(123,138)1:0.3463106856215008)1:3.3901128287455573)1:0.4093527958606237)1:0.07591569059736471)1:0.23366242378920707)1:1.285382552850809)1:0.4551436884274971)1:0.27748931912277924)1:0.9901632221460065,((108,37)1:0.4849668365962056,(((73,140)1:2.6212026965225874,(103,9)1:2.008909264298073)1:1.0945099816306865,(117,(76,((111,70)1:0.07034957846787702,192)1:0.6713997509275844)1:0.9036339057597527)1:2.397385658511706)1:1.2422848395429988)1:2.369791618539816)1:0.6264079293380534)0.91:0.04306483243207623)1:0.1589900610028949)1:0.6258476114262509)0.76:0.03530588016513582)1:0.12139447125624621)1:0.23356457879603482)1:0.3433733567449348)1:2.500273316888973)1:4.176011965622638)1:0.33892278922161123));
Weight calculation took 130.835822987 secs
ASTRAL finished in 188.76 secs
