
================== ASTRAL ===================== 

This is ASTRAL version 5.7.8
Gene trees are treated as unrooted
50 trees read from Dataset/AstralII_data/model.200.2000000.0.000001/43/estimatedgenetre.halfresolved_50
index0
All output trees will be *arbitrarily* rooted at 150

======== Running the main analysis
Number of taxa: 201 (201 species)
Taxa: [150, 81, 78, 118, 144, 58, 106, 110, 32, 82, 129, 107, 167, 178, 71, 145, 146, 115, 86, 8, 59, 116, 13, 137, 141, 188, 148, 134, 163, 132, 14, 179, 67, 101, 39, 29, 20, 182, 96, 95, 92, 191, 66, 3, 15, 152, 159, 195, 55, 198, 154, 187, 175, 41, 40, 84, 104, 44, 143, 68, 123, 138, 53, 131, 183, 121, 90, 135, 61, 100, 28, 149, 43, 4, 18, 120, 94, 147, 133, 80, 127, 153, 157, 52, 6, 93, 156, 77, 48, 177, 166, 34, 7, 139, 87, 26, 168, 74, 83, 35, 155, 38, 62, 142, 102, 45, 21, 199, 23, 75, 19, 124, 126, 98, 194, 72, 57, 1, 63, 56, 47, 160, 89, 46, 173, 113, 180, 69, 200, 186, 10, 16, 136, 174, 97, 27, 128, 25, 49, 17, 64, 0, 108, 37, 103, 9, 73, 140, 111, 70, 192, 117, 76, 51, 130, 85, 190, 164, 171, 158, 60, 197, 193, 22, 125, 91, 112, 99, 30, 88, 119, 165, 170, 181, 33, 105, 5, 12, 79, 185, 54, 176, 109, 196, 189, 172, 11, 169, 114, 151, 184, 36, 162, 2, 122, 31, 50, 42, 24, 161, 65]
Taxon occupancy: {110=50, 111=50, 112=50, 113=50, 114=50, 115=50, 116=50, 117=50, 118=50, 119=50, 10=50, 11=50, 12=50, 13=50, 14=50, 15=50, 16=50, 17=50, 18=50, 19=50, 120=50, 121=50, 0=50, 1=50, 122=50, 123=50, 2=50, 3=50, 124=50, 4=50, 125=50, 126=50, 5=50, 127=50, 6=50, 7=50, 128=50, 129=50, 8=50, 9=50, 20=50, 21=50, 22=50, 23=50, 24=50, 25=50, 26=50, 27=50, 28=50, 29=50, 130=50, 131=50, 132=50, 133=50, 134=50, 135=50, 136=50, 137=50, 138=50, 139=50, 30=50, 31=50, 32=50, 33=50, 34=50, 35=50, 36=50, 37=50, 38=50, 39=50, 140=50, 141=50, 142=50, 143=50, 144=50, 145=50, 146=50, 147=50, 148=50, 149=50, 40=50, 41=50, 42=50, 43=50, 44=50, 45=50, 46=50, 47=50, 48=50, 49=50, 150=50, 151=50, 152=50, 153=50, 154=50, 155=50, 156=50, 157=50, 158=50, 159=50, 50=50, 51=50, 52=50, 53=50, 54=50, 55=50, 56=50, 57=50, 58=50, 59=50, 160=50, 161=50, 162=50, 163=50, 164=50, 165=50, 166=50, 167=50, 168=50, 169=50, 60=50, 61=50, 62=50, 63=50, 64=50, 65=50, 66=50, 67=50, 68=50, 69=50, 170=50, 171=50, 172=50, 173=50, 174=50, 175=50, 176=50, 177=50, 178=50, 179=50, 70=50, 71=50, 72=50, 73=50, 74=50, 75=50, 76=50, 77=50, 78=50, 79=50, 180=50, 181=50, 182=50, 183=50, 184=50, 185=50, 186=50, 187=50, 188=50, 189=50, 80=50, 81=50, 82=50, 83=50, 84=50, 85=50, 86=50, 87=50, 88=50, 89=50, 190=50, 191=50, 192=50, 193=50, 194=50, 195=50, 196=50, 197=50, 198=50, 199=50, 90=50, 91=50, 92=50, 93=50, 94=50, 95=50, 96=50, 97=50, 98=50, 99=50, 200=50, 100=50, 101=50, 102=50, 103=50, 104=50, 105=50, 106=50, 107=50, 108=50, 109=50}
Number of gene trees: 50
0 trees have missing taxa
Calculating quartet distance matrix (for completion of X)
Species tree distances calculated ...
Building set of clusters (X) from gene trees 
------------------------------
gradient0: 3835
Number of Clusters after addition by distance: 3835
calculating extra bipartitions to be added at level 1 ...
Adding to X using resolutions of greedy consensus ...
Limit for sigma of degrees:5075
polytomy size limit : 9
discarded polytomies:  [3, 3, 3, 3, 3, 3, 3, 3, 3, 3, 3, 4, 4, 4, 5, 5, 5, 6, 9]
Threshold 0.0:
Threshold 0.01:
Threshold 0.02:
Threshold 0.05:
Threshold 0.1:
polytomy of size 3; rounds with additions with at least 5 support: 0; clusters: 3835
Threshold 0.2:
polytomy of size 5; rounds with additions with at least 5 support: 0; clusters: 3835
polytomy of size 3; rounds with additions with at least 5 support: 0; clusters: 3835
polytomy of size 3; rounds with additions with at least 5 support: 0; clusters: 3835
polytomy of size 5; rounds with additions with at least 5 support: 0; clusters: 3837
Threshold 0.3333333333333333:
polytomy of size 4; rounds with additions with at least 5 support: 0; clusters: 3837
polytomy of size 3; rounds with additions with at least 5 support: 0; clusters: 3837
polytomy of size 5; rounds with additions with at least 5 support: 0; clusters: 3837
polytomy of size 3; rounds with additions with at least 5 support: 0; clusters: 3837
polytomy of size 4; rounds with additions with at least 5 support: 0; clusters: 3837
polytomy of size 3; rounds with additions with at least 5 support: 0; clusters: 3837
polytomy of size 3; rounds with additions with at least 5 support: 0; clusters: 3837
polytomy of size 3; rounds with additions with at least 5 support: 0; clusters: 3837
polytomy of size 3; rounds with additions with at least 5 support: 0; clusters: 3837
polytomy of size 3; rounds with additions with at least 5 support: 0; clusters: 3837
polytomy of size 3; rounds with additions with at least 5 support: 0; clusters: 3837
polytomy of size 4; rounds with additions with at least 5 support: 0; clusters: 3837
polytomy of size 6; rounds with additions with at least 5 support: 0; clusters: 3837
polytomy of size 9; rounds with additions with at least 5 support: 0; clusters: 3839
max k is :0
Number of Clusters after addition by greedy: 3839
gradient0 in heuristiic: 3839
partitions formed in 6.673 secs
Dynamic Programming starting after 6.673 secs
Using tree-based weight calculation.
Using polytree-based weight calculation.
Polytree max score: 3299917500
Polytree building time: 0.128 seconds.
Number of quartet trees in the gene trees: 3299917500
Size of largest cluster: 201
Greedy score: 2096072973
estimationFactor: 1.5743333092440002
Sub-optimal score: 2511519587
Total Number of elements weighted: 5937
Normalized score (portion of input quartet trees satisfied before correcting for multiple individuals): 0.7958402999468926
Optimization score: 2626207333
Optimal tree inferred in 9.465 secs.
(192,((111,70),(76,(117,(((73,140),(103,9)),((108,37),((((131,(183,121)),((61,100),(90,135))),((159,(195,55)),((198,154),((84,(44,(104,143))),((68,(53,(123,138))),(40,(187,(175,41)))))))),(((((197,193),(158,60)),(125,(22,(112,(91,99))))),(((20,(29,(101,39))),(191,(66,(3,(15,152))))),((148,(134,(163,132))),((14,(179,67)),((95,92),(182,96)))))),((51,((85,171),(190,(130,164)))),((((19,124),(126,(98,194))),(102,(199,((23,75),(45,21))))),(0,((((24,(161,65)),(42,(122,(31,50)))),(((63,56),(57,(72,1))),(((136,(174,97)),((17,64),((27,49),(128,25)))),(((47,160),(89,46)),(16,((173,113),((180,69),(200,(186,10))))))))),((((144,58),((150,81),(78,118))),((30,88),(((12,(79,185)),((33,105),(181,5))),(((54,176),(109,196)),((11,169),((170,(119,165)),((189,172),((184,(114,151)),(36,(162,2)))))))))),((71,(((129,(107,167)),(106,(110,(32,82)))),(178,((146,(115,86)),(145,((141,188),((8,59),(137,(116,13))))))))),((149,(28,(38,(62,142)))),((43,(((157,52),((6,93),(127,153))),((4,18),((120,133),(147,(94,80)))))),(((156,(77,48)),(35,(83,(74,155)))),((34,(177,166)),((26,168),(87,(7,139)))))))))))))))))))));
Final quartet score is: 2626207333
Final normalized quartet score is: 0.7958402999468926
Extended species tree:
(150,(81,((78,118)1:0.5819215454497209,((144,58)1:2.14006616349627,(((30,88)1:1.9742491073737805,(((12,(79,185)1:3.5263605246161593)1:1.0414538748281608,((33,105)1:1.7346010553881062,(181,5)1:0.8522118751896327)1:2.14006616349627)1:2.2575688296861673,(((54,176)1:3.4342858456699847,(109,196)1:2.8332133440562166)1:0.3839829717240754,((11,169)1:0.891317874720012,((170,(119,165)0.54:0.060624621816434854)1:3.221394473879579,((189,172)1:2.817788873730584,((184,(114,151)1:0.8873031950009027)1:1.7346010553881062,(36,(162,2)1:1.7346010553881062)1:0.6641596436866931)1:1.8592078380749055)1:0.3906375019133329)0.4:0.013981835067353336)0.99:0.32838338203847534)0.68:0.09690826819534604)1:0.8133701652624152)1:1.531546168329973,(((71,(((129,(107,167)1:1.7346010553881062)1:2.8255111236941244,(106,(110,(32,82)1:0.8183103235139515)1:2.4277482359480516)1:1.9169226121820613)1:0.6390650749041344,(178,((146,(115,86)1:3.5263605246161593)1:1.4624167447396397,(145,((141,188)1:1.5248805244060364,((8,59)1:0.5821005804515417,(137,(116,13)1:0.9629663774214312)0.46:0.0380029675116057)1:0.5102614678587561)0.99:0.34120760023960284)0.98:0.27404507596425826)1:0.6084110583270417)0.87:0.1715486083229594)1:0.48963894615076053)1:0.4021733924643518,((149,(28,(38,(62,142)1:0.4353180712578455)1:2.1407008826543628)0.83:0.17009172501903758)1:0.6656474317034115,((43,(((157,52)1:3.5263605246161593,((6,93)1:2.137531307893082,(127,153)1:3.5263605246161593)0.92:0.23052365861183224)1:1.0139111501905789,((4,18)0.72:0.1129357970641016,((120,133)1:0.46608972992459924,(147,(94,80)1:0.580327919614443)0.66:0.10047053036363439)1:2.347705528274515)1:1.0276605526958256)1:1.2942017211002153)0.57:0.07243190456931137,(((156,(77,48)0.99:0.30748469974796055)1:3.5263605246161593,(35,(83,(74,155)1:2.14006616349627)1:0.38976340794656195)1:1.0952824838660413)0.67:0.09945478624379911,((34,(177,166)0.54:0.060624621816434854)1:2.8152411016517864,((26,168)1:1.2237754316221148,(87,(7,139)1:0.48039612557583694)0.73:0.11686434013931098)1:2.8297650647773014)0.9:0.1888868399809317)1:1.0955914452677615)1:1.597741043764282)0.88:0.18757663709150407)1:1.0837631869823876,((((24,(161,65)1:0.9614111671546247)1:3.5263605246161593,(42,(122,(31,50)1:1.0414538748281608)1:3.5263605246161593)0.98:0.26588774785279623)1:0.8327532554235193,(((63,56)1:0.5474353693785518,(57,(72,1)0.94:0.23052365861183224)1:2.2735975561207935)1:3.5263605246161593,(((136,(174,97)1:0.8873031950009027)1:2.6790626642289563,((17,64)1:2.825550471310645,((27,49)1:0.8873031950009027,(128,25)1:0.8873031950009027)1:1.818819134472123)0.49:0.04255961441879601)1:2.4816440041531838,(((47,160)1:0.4818380868927383,(89,46)1:0.9236708391717778)1:3.5263605246161593,(16,((173,113)1:1.7346010553881062,((180,69)1:0.8859678382015607,(200,(186,10)0.97:0.2686525624690072)0.93:0.21217451994363562)1:0.43165406404045803)1:2.3484232030391814)0.97:0.28861621544357785)1:1.3749213709476205)1:0.37543050055717264)1:0.5225402986077566)1:1.2661075355198732,(0,((((19,124)1:3.5263605246161593,(126,(98,194)1:2.8332133440562166)1:1.4507528534470475)1:1.2927683031090678,(102,(199,((23,75)1:1.0831310713648583,(45,21)1:1.8239224357149422)0.5:0.05276338309472638)0.95:0.23052365861183224)1:2.4277482359480516)1:2.370355722527421,((51,((85,171)0.99:0.3345133721358801,(190,(130,164)0.55:0.09318824968471295)0.49:0.06846779927746072)1:3.5263605246161593)1:2.8332133440562166,(((((197,193)1:0.8522118751896327,(158,60)0.88:0.17645643734155653)1:3.5263605246161593,(125,(22,(112,(91,99)0.85:0.1590646946296874)1:1.3274453298020348)0.95:0.2682639865946794)1:3.5263605246161593)1:1.552118012925655,(((20,(29,(101,39)1:2.4277482359480516)0.98:0.2876820724517809)1:2.4277482359480533,(191,(66,(3,(15,152)1:2.4277482359480516)0.66:0.09237332013101504)1:1.5804503755608492)1:2.257361037073154)1:0.467537915155842,((148,(134,(163,132)1:0.6359887667199969)1:1.5804503755608483)1:1.521026955090047,((14,(179,67)1:0.75124973294367)1:0.6785483811387927,((95,92)1:1.3862943611198908,(182,96)1:1.4469189829363254)1:1.1749852674526835)1:1.9508241638577424)1:1.9090174326749487)1:1.523672152796873)0.44:0.04366926375431845,((((131,(183,121)1:0.6359887667199969)1:3.5263605246161593,((61,100)1:2.14006616349627,(90,135)1:2.14006616349627)1:2.432916206106496)1:0.3569221321738309,((159,(195,55)1:2.8332133440562166)1:1.5821154700233753,((198,154)1:1.730154627430971,((84,(44,(104,143)0.99:0.34830669426821587)1:1.5804503755608483)1:2.0696853667344697,((68,(53,(123,138)0.95:0.23052365861183224)1:2.4277482359480516)0.85:0.16369094711652157,(40,(187,(175,41)1:1.9169226121820613)1:1.6537777075500237)0.41:0.017964938642450017)0.98:0.29021406453351184)1:1.3867466496089926)1:0.6835581083611709)0.99:0.33675238790473744)1:1.0691040656841835,((108,37)1:0.6609900689254137,(((73,140)1:2.14006616349627,(103,9)1:1.7346010553881062)1:1.5804503755608483,(117,(76,((111,70)0.7:0.1253315072948364,192)1:0.7230001437096266)1:0.7963314167951759)1:2.14006616349627)1:1.3017369730918273)1:2.347705528274515)1:0.7208256256387088)0.96:0.23590348135279868)1:0.543275161468747)0.58:0.08089686307456728)0.56:0.0714996039640565)0.84:0.15497158285102774)0.89:0.19103274488789784)1:2.8332133440562166)1:3.5263605246161593)1:0.5559460590464603));
Weight calculation took 2.151897624 secs
ASTRAL finished in 12.31 secs
