
================== ASTRAL ===================== 

This is ASTRAL version 5.7.8
Gene trees are treated as unrooted
200 trees read from Dataset/AstralII_data/model.200.2000000.0.000001/43/estimatedgenetre.halfresolved_200
index0
All output trees will be *arbitrarily* rooted at 150

======== Running the main analysis
Number of taxa: 201 (201 species)
Taxa: [150, 81, 78, 118, 144, 58, 106, 110, 32, 82, 129, 107, 167, 178, 71, 145, 146, 115, 86, 8, 59, 116, 13, 137, 141, 188, 148, 134, 163, 132, 14, 179, 67, 101, 39, 29, 20, 182, 96, 95, 92, 191, 66, 3, 15, 152, 159, 195, 55, 198, 154, 187, 175, 41, 40, 84, 104, 44, 143, 68, 123, 138, 53, 131, 183, 121, 90, 135, 61, 100, 28, 149, 43, 4, 18, 120, 94, 147, 133, 80, 127, 153, 157, 52, 6, 93, 156, 77, 48, 177, 166, 34, 7, 139, 87, 26, 168, 74, 83, 35, 155, 38, 62, 142, 102, 45, 21, 199, 23, 75, 19, 124, 126, 98, 194, 72, 57, 1, 63, 56, 47, 160, 89, 46, 173, 113, 180, 69, 200, 186, 10, 16, 136, 174, 97, 27, 128, 25, 49, 17, 64, 0, 108, 37, 103, 9, 73, 140, 111, 70, 192, 117, 76, 51, 130, 85, 190, 164, 171, 158, 60, 197, 193, 22, 125, 91, 112, 99, 30, 88, 119, 165, 170, 181, 33, 105, 5, 12, 79, 185, 54, 176, 109, 196, 189, 172, 11, 169, 114, 151, 184, 36, 162, 2, 122, 31, 50, 42, 24, 161, 65]
Taxon occupancy: {110=200, 111=200, 112=200, 113=200, 114=200, 115=200, 116=200, 117=200, 118=200, 119=200, 10=200, 11=200, 12=200, 13=200, 14=200, 15=200, 16=200, 17=200, 18=200, 19=200, 120=200, 121=200, 0=200, 1=200, 122=200, 123=200, 2=200, 3=200, 124=200, 4=200, 125=200, 126=200, 5=200, 127=200, 6=200, 7=200, 128=200, 129=200, 8=200, 9=200, 20=200, 21=200, 22=200, 23=200, 24=200, 25=200, 26=200, 27=200, 28=200, 29=200, 130=200, 131=200, 132=200, 133=200, 134=200, 135=200, 136=200, 137=200, 138=200, 139=200, 30=200, 31=200, 32=200, 33=200, 34=200, 35=200, 36=200, 37=200, 38=200, 39=200, 140=200, 141=200, 142=200, 143=200, 144=200, 145=200, 146=200, 147=200, 148=200, 149=200, 40=200, 41=200, 42=200, 43=200, 44=200, 45=200, 46=200, 47=200, 48=200, 49=200, 150=200, 151=200, 152=200, 153=200, 154=200, 155=200, 156=200, 157=200, 158=200, 159=200, 50=200, 51=200, 52=200, 53=200, 54=200, 55=200, 56=200, 57=200, 58=200, 59=200, 160=200, 161=200, 162=200, 163=200, 164=200, 165=200, 166=200, 167=200, 168=200, 169=200, 60=200, 61=200, 62=200, 63=200, 64=200, 65=200, 66=200, 67=200, 68=200, 69=200, 170=200, 171=200, 172=200, 173=200, 174=200, 175=200, 176=200, 177=200, 178=200, 179=200, 70=200, 71=200, 72=200, 73=200, 74=200, 75=200, 76=200, 77=200, 78=200, 79=200, 180=200, 181=200, 182=200, 183=200, 184=200, 185=200, 186=200, 187=200, 188=200, 189=200, 80=200, 81=200, 82=200, 83=200, 84=200, 85=200, 86=200, 87=200, 88=200, 89=200, 190=200, 191=200, 192=200, 193=200, 194=200, 195=200, 196=200, 197=200, 198=200, 199=200, 90=200, 91=200, 92=200, 93=200, 94=200, 95=200, 96=200, 97=200, 98=200, 99=200, 200=200, 100=200, 101=200, 102=200, 103=200, 104=200, 105=200, 106=200, 107=200, 108=200, 109=200}
Number of gene trees: 200
0 trees have missing taxa
Calculating quartet distance matrix (for completion of X)
Species tree distances calculated ...
Building set of clusters (X) from gene trees 
------------------------------
gradient0: 8467
Number of Clusters after addition by distance: 8467
calculating extra bipartitions to be added at level 1 ...
Adding to X using resolutions of greedy consensus ...
Limit for sigma of degrees:5075
polytomy size limit : 9
discarded polytomies:  [3, 3, 3, 3, 3, 3, 3, 3, 3, 3, 3, 4, 4, 4, 4, 4, 4, 5, 5, 5, 9]
Threshold 0.0:
Threshold 0.01:
Threshold 0.02:
Threshold 0.05:
Threshold 0.1:
polytomy of size 4; rounds with additions with at least 5 support: 0; clusters: 8467
Threshold 0.2:
polytomy of size 5; rounds with additions with at least 5 support: 0; clusters: 8467
polytomy of size 3; rounds with additions with at least 5 support: 0; clusters: 8467
polytomy of size 4; rounds with additions with at least 5 support: 0; clusters: 8467
polytomy of size 5; rounds with additions with at least 5 support: 0; clusters: 8467
Threshold 0.3333333333333333:
polytomy of size 4; rounds with additions with at least 5 support: 0; clusters: 8467
polytomy of size 3; rounds with additions with at least 5 support: 0; clusters: 8467
polytomy of size 5; rounds with additions with at least 5 support: 0; clusters: 8467
polytomy of size 4; rounds with additions with at least 5 support: 0; clusters: 8467
polytomy of size 4; rounds with additions with at least 5 support: 0; clusters: 8467
polytomy of size 3; rounds with additions with at least 5 support: 0; clusters: 8467
polytomy of size 3; rounds with additions with at least 5 support: 0; clusters: 8467
polytomy of size 3; rounds with additions with at least 5 support: 0; clusters: 8467
polytomy of size 3; rounds with additions with at least 5 support: 0; clusters: 8467
polytomy of size 3; rounds with additions with at least 5 support: 0; clusters: 8467
polytomy of size 3; rounds with additions with at least 5 support: 0; clusters: 8467
polytomy of size 3; rounds with additions with at least 5 support: 0; clusters: 8467
polytomy of size 3; rounds with additions with at least 5 support: 0; clusters: 8467
polytomy of size 3; rounds with additions with at least 5 support: 0; clusters: 8467
polytomy of size 4; rounds with additions with at least 5 support: 0; clusters: 8467
polytomy of size 9; rounds with additions with at least 5 support: 0; clusters: 8467
max k is :0
Number of Clusters after addition by greedy: 8467
gradient0 in heuristiic: 8467
partitions formed in 5.587 secs
Dynamic Programming starting after 5.588 secs
Using tree-based weight calculation.
Using polytree-based weight calculation.
Polytree max score: 13199670000
Polytree building time: 0.256 seconds.
Number of quartet trees in the gene trees: 13199670000
Size of largest cluster: 201
Greedy score: 8344054102
estimationFactor: 1.581925265421775
Sub-optimal score: 10034883308
Total Number of elements weighted: 19017
Normalized score (portion of input quartet trees satisfied before correcting for multiple individuals): 0.8029084235439219
Optimization score: 10598126231
Optimal tree inferred in 12.265 secs.
(109,(196,((54,176),(((11,169),((170,(119,165)),((189,172),((184,(114,151)),(36,(162,2)))))),(((12,(79,185)),((33,105),(181,5))),((30,88),(((144,58),((150,81),(78,118))),(((71,(((129,(107,167)),(106,(110,(32,82)))),(178,((146,(115,86)),(145,((141,188),((116,13),(137,(8,59))))))))),((149,(28,(38,(62,142)))),((((157,52),((6,93),(127,153))),(4,(18,(147,((120,133),(94,80)))))),(43,(((156,(77,48)),(35,(83,(74,155)))),((34,(177,166)),((26,168),(87,(7,139))))))))),((((24,(161,65)),(42,(122,(31,50)))),(((63,56),(57,(72,1))),(((136,(174,97)),((17,64),((27,49),(128,25)))),(((47,160),(89,46)),(16,((173,113),((180,69),(200,(186,10))))))))),((((19,124),(126,(98,194))),(102,((45,21),(199,(23,75))))),(0,((51,((130,164),(190,(85,171)))),((((197,193),(158,60)),(125,(22,(112,(91,99))))),((((20,(29,(101,39))),(191,(66,(3,(15,152))))),((148,(134,(163,132))),((14,(179,67)),((95,92),(182,96))))),(((108,37),(((73,140),(103,9)),(117,(76,(192,(111,70)))))),(((131,(183,121)),((61,100),(90,135))),((159,(195,55)),((198,154),((84,(44,(104,143))),(40,((187,(175,41)),(68,(53,(123,138))))))))))))))))))))))));
Final quartet score is: 10598126231
Final normalized quartet score is: 0.8029084235439219
Extended species tree:
(150,(81,((78,118)1:0.6637332953536519,((144,58)1:2.412933150162912,((((71,(((129,(107,167)1:1.8533173622274888)1:2.284988101040405,(106,(110,(32,82)1:1.11365016603265)1:2.5952547069568657)1:1.8069535599804025)1:0.7775625394632242,(178,((146,(115,86)1:4.897839799950916)1:1.2279386419348635,(145,((141,188)1:1.365222359490908,((116,13)1:0.7291989936977957,(137,(8,59)1:0.787462830197762)0.85:0.08310767249969518)1:0.6328816528043626)1:0.4210330364289007)1:0.17321045663229934)1:0.7887601254011708)1:0.2803440035186518)1:0.5278334563442624)1:0.44203961210363757,((149,(28,(38,(62,142)1:0.580351686414601)1:2.6629793474558223)0.97:0.12144970245765992)1:0.7694232082366623,((((157,52)1:3.51154543883102,((6,93)1:2.5059616709725665,(127,153)1:3.2853608309410265)1:0.2163022913028394)1:0.7020443303231937,(4,(18,(147,((120,133)1:0.4438171934002137,(94,80)1:0.7702552133306956)0.54:0.03226960076526329)1:1.901658909091996)0.68:0.06064193232170014)1:1.197223932211817)1:1.4425795684216336,(43,(((156,(77,48)1:0.5033906452784724)1:4.492374691842744,(35,(83,(74,155)1:1.8065678045280034)1:0.46087803328030974)1:1.0380148207190676)0.86:0.09698843490368723,((34,(177,166)0.39:0.007490671729157626)1:3.389167334779218,((26,168)1:0.9212782733851933,(87,(7,139)1:0.4312933154910553)0.99:0.15945077017659723)1:2.9901540680172416)1:0.31156122778638884)1:1.132765989920255)0.56:0.03584426081681335)1:1.7997288818570283)0.97:0.13053141609435034)1:1.0189609549454064,((((24,(161,65)1:0.908855753386637)1:3.645076831455545,(42,(122,(31,50)1:0.9858167945227654)1:3.969439939287011)1:0.32070500673530733)1:0.8440303063324013,(((63,56)1:0.33349160848307535,(57,(72,1)1:0.206584591833321)1:2.546464542787433)1:3.506557897319981,(((136,(174,97)1:1.0691984034618165)1:2.2828800219147096,((17,64)1:4.197029746645396,((27,49)1:0.6931471805599453,(128,25)1:0.7626732432085557)1:2.0047651454664717)0.64:0.04972343535243062)1:3.4026264472505208,(((47,160)1:0.5540343780972276,(89,46)1:1.0266387890430204)1:3.799227511282799,(16,((173,113)1:2.8183982582710745,((180,69)1:0.8898574748059999,(200,(186,10)1:0.18844610809206888)0.99:0.14200898228932293)1:0.43868906628880755)1:1.8770863945409952)1:0.19918546645122054)1:1.619280972921536)1:0.37553720734244594)1:0.4498860238672172)1:1.3247892307010138,((((19,124)1:3.799227511282799,(126,(98,194)1:2.2587824703356527)1:1.3723800410464584)1:1.2790659916161229,(102,((45,21)1:1.6400703693217027,(199,(23,75)1:1.1604107108328636)0.77:0.06550355156012924)1:0.3869802934340612)1:2.657130110674949)1:2.354253798000083,(0,((51,((130,164)1:0.41672226263279927,(190,(85,171)0.87:0.08590184103163163)1:0.17266682156812369)1:4.204692619390971)1:3.430805675273067,((((197,193)1:0.7006378522891029,(158,60)0.98:0.13994852694515597)1:4.897839799950916,(125,(22,(112,(91,99)1:0.2631108117212756)1:1.328021164515559)1:0.3943332677393202)1:3.799227511282799)1:1.9496986751007759,((((20,(29,(101,39)1:2.065220809552606)1:0.35454501768090746)1:2.9601478517999884,(191,(66,(3,(15,152)1:2.700054212782307)1:0.20196160923128864)1:1.5776114808224244)1:2.6405354114900237)1:0.40858341580712854,((148,(134,(163,132)1:0.8724881092157623)1:2.15699977602571)1:1.8154930535601501,((14,(179,67)1:0.621173680934856)1:0.5427348228432941,((95,92)1:1.7197859696029656,(182,96)1:1.1247288443518246)1:1.2558772656247263)1:2.14630448690896)1:2.0431500502714393)1:1.452700600390616,(((108,37)1:0.4897664563389289,(((73,140)1:2.7006152226146916,(103,9)1:2.007468042054746)1:1.2340110954674275,(117,(76,(192,(111,70)0.49:0.022758143859946074)1:0.7308991645054006)1:0.7979550573531962)1:2.3044768454712456)1:1.1885451610943831)1:2.458769668037374,(((131,(183,121)1:0.7081850579244859)1:4.897839799950916,((61,100)1:2.007468042054746,(90,135)1:2.332890442489374)1:2.7103994733309498)1:0.42578329960271455,((159,(195,55)1:4.204692619390971)1:1.5798777601325784,((198,154)1:1.6110388154055186,((84,(44,(104,143)1:0.42050298547270487)1:1.4017938124598543)1:2.0475768625685817,(40,((187,(175,41)1:2.1252510777111304)1:1.733980959950454,(68,(53,(123,138)1:0.4789991921543134)1:3.645076831455545)1:0.45997052696125745)0.54:0.03536662828049394)1:0.26278063705588006)1:1.4682827841328683)1:0.46318970598139625)1:0.33650717151883025)1:1.0471723006443647)1:0.7131489201666534)0.57:0.03706133555092493)1:0.20199524795083024)1:0.6625407931776818)0.52:0.04653417918309042)0.99:0.1487186464603552)1:0.28031376964651344)1:0.32548337007247125,((30,88)1:2.1696757843709236,(((12,(79,185)1:3.288401887516811)1:0.9514153678054328,((33,105)1:2.455492764581707,(181,5)1:0.846231429201877)1:1.9982513869498217)1:2.0672070182969944,(((11,169)1:0.9522660458283793,((170,(119,165)0.45:0.030305349495329037)1:3.687701828855173,((189,172)1:2.367974645090875,((184,(114,151)1:0.8905066147184405)1:1.9104757760674398,(36,(162,2)1:2.189116424807797)1:0.6783320947748046)1:2.148511749696734)1:0.4123425923310891)0.74:0.05935895169869218)1:0.4174491842451702,((54,176)1:4.157595935727865,(196,109)1:3.51154543883102)1:0.312383992644662)0.94:0.10775046840688055)1:0.7718500111538004)1:1.4237485528277494)1:2.6086577370842075)1:4.492374691842744)1:0.35454501768090746));
Weight calculation took 5.818711675 secs
ASTRAL finished in 14.324 secs
