
================== ASTRAL ===================== 

This is ASTRAL version 5.7.8
Gene trees are treated as unrooted
50 trees read from Dataset/AstralII_data/model.200.500000.0.000001/19/estimatedgenetre.halfresolved_50
index0
All output trees will be *arbitrarily* rooted at 40

======== Running the main analysis
Number of taxa: 201 (201 species)
Taxa: [40, 62, 44, 196, 68, 25, 41, 46, 170, 85, 130, 162, 156, 12, 150, 183, 14, 142, 112, 1, 169, 199, 197, 163, 153, 152, 36, 123, 26, 109, 64, 47, 131, 18, 75, 136, 57, 80, 139, 86, 195, 97, 5, 15, 94, 101, 81, 13, 49, 159, 2, 34, 96, 135, 160, 192, 138, 154, 4, 189, 37, 193, 102, 161, 82, 32, 141, 84, 67, 50, 24, 103, 76, 181, 122, 98, 74, 93, 126, 133, 0, 72, 43, 108, 58, 184, 179, 87, 90, 151, 171, 55, 38, 173, 91, 51, 56, 172, 120, 9, 6, 10, 177, 176, 71, 185, 33, 88, 144, 69, 60, 140, 105, 118, 35, 30, 28, 61, 8, 48, 70, 129, 20, 165, 175, 137, 23, 107, 21, 73, 79, 99, 53, 22, 39, 145, 147, 155, 168, 106, 66, 194, 188, 52, 167, 29, 127, 121, 119, 186, 83, 104, 191, 89, 134, 149, 95, 7, 110, 190, 187, 157, 27, 11, 125, 19, 158, 42, 45, 78, 166, 146, 117, 200, 132, 111, 116, 198, 100, 3, 65, 31, 143, 124, 114, 54, 113, 17, 182, 174, 59, 77, 92, 16, 115, 128, 63, 148, 180, 178, 164]
Taxon occupancy: {110=50, 111=50, 112=50, 113=50, 114=50, 115=50, 116=50, 117=50, 118=50, 119=50, 10=50, 11=50, 12=50, 13=50, 14=50, 15=50, 16=50, 17=50, 18=50, 19=50, 120=50, 0=50, 121=50, 1=50, 122=50, 123=50, 2=50, 3=50, 124=50, 4=50, 125=50, 5=50, 126=50, 6=50, 127=50, 7=50, 128=50, 8=50, 129=50, 9=50, 20=50, 21=50, 22=50, 23=50, 24=50, 25=50, 26=50, 27=50, 28=50, 29=50, 130=50, 131=50, 132=50, 133=50, 134=50, 135=50, 136=50, 137=50, 138=50, 139=50, 30=50, 31=50, 32=50, 33=50, 34=50, 35=50, 36=50, 37=50, 38=50, 39=50, 140=50, 141=50, 142=50, 143=50, 144=50, 145=50, 146=50, 147=50, 148=50, 149=50, 40=50, 41=50, 42=50, 43=50, 44=50, 45=50, 46=50, 47=50, 48=50, 49=50, 150=50, 151=50, 152=50, 153=50, 154=50, 155=50, 156=50, 157=50, 158=50, 159=50, 50=50, 51=50, 52=50, 53=50, 54=50, 55=50, 56=50, 57=50, 58=50, 59=50, 160=50, 161=50, 162=50, 163=50, 164=50, 165=50, 166=50, 167=50, 168=50, 169=50, 60=50, 61=50, 62=50, 63=50, 64=50, 65=50, 66=50, 67=50, 68=50, 69=50, 170=50, 171=50, 172=50, 173=50, 174=50, 175=50, 176=50, 177=50, 178=50, 179=50, 70=50, 71=50, 72=50, 73=50, 74=50, 75=50, 76=50, 77=50, 78=50, 79=50, 180=50, 181=50, 182=50, 183=50, 184=50, 185=50, 186=50, 187=50, 188=50, 189=50, 80=50, 81=50, 82=50, 83=50, 84=50, 85=50, 86=50, 87=50, 88=50, 89=50, 190=50, 191=50, 192=50, 193=50, 194=50, 195=50, 196=50, 197=50, 198=50, 199=50, 90=50, 91=50, 92=50, 93=50, 94=50, 95=50, 96=50, 97=50, 98=50, 99=50, 200=50, 100=50, 101=50, 102=50, 103=50, 104=50, 105=50, 106=50, 107=50, 108=50, 109=50}
Number of gene trees: 50
0 trees have missing taxa
Calculating quartet distance matrix (for completion of X)
Species tree distances calculated ...
Building set of clusters (X) from gene trees 
------------------------------
gradient0: 14335
Number of Clusters after addition by distance: 14335
calculating extra bipartitions to be added at level 1 ...
Adding to X using resolutions of greedy consensus ...
Limit for sigma of degrees:5075
polytomy size limit : 64
discarded polytomies: 87 135 184  [3, 3, 3, 3, 3, 3, 3, 3, 3, 3, 3, 3, 3, 3, 3, 4, 4, 4, 4, 4, 4, 4, 4, 4, 5, 5, 5, 34, 34, 34, 64, 87, 135, 184]
Threshold 0.0:
polytomy of size 3; rounds with additions with at least 5 support: 1; clusters: 14339
polytomy of size 3; rounds with additions with at least 5 support: 1; clusters: 14345
polytomy of size 4; rounds with additions with at least 5 support: 1; clusters: 14363
polytomy of size 34; rounds with additions with at least 5 support: 1; clusters: 33677
Threshold 0.01:
polytomy of size 3; rounds with additions with at least 5 support: 0; clusters: 33677
polytomy of size 3; rounds with additions with at least 5 support: 0; clusters: 33677
polytomy of size 4; rounds with additions with at least 5 support: 0; clusters: 33677
polytomy of size 34; rounds with additions with at least 5 support: 0; clusters: 50363
Threshold 0.02:
polytomy of size 3; rounds with additions with at least 5 support: 0; clusters: 50363
polytomy of size 3; rounds with additions with at least 5 support: 0; clusters: 50363
polytomy of size 4; rounds with additions with at least 5 support: 0; clusters: 50363
polytomy of size 34; rounds with additions with at least 5 support: 0; clusters: 66415
Threshold 0.05:
polytomy of size 4; rounds with additions with at least 5 support: 0; clusters: 66415
polytomy of size 4; rounds with additions with at least 5 support: 0; clusters: 66415
polytomy of size 3; rounds with additions with at least 5 support: 0; clusters: 66415
polytomy of size 3; rounds with additions with at least 5 support: 0; clusters: 66415
polytomy of size 4; rounds with additions with at least 5 support: 0; clusters: 66415
polytomy of size 3; rounds with additions with at least 5 support: 0; clusters: 66415
polytomy of size 64; rounds with additions with at least 5 support: 1; clusters: 67235
Threshold 0.1:
polytomy of size 3; rounds with additions with at least 5 support: 0; clusters: 67235
polytomy of size 5; rounds with additions with at least 5 support: 0; clusters: 67237
polytomy of size 4; rounds with additions with at least 5 support: 0; clusters: 67237
polytomy of size 5; rounds with additions with at least 5 support: 1; clusters: 67239
polytomy of size 87; rounds with additions with at least 5 support: 0; clusters: 67857
polytomy of size 3; rounds with additions with at least 5 support: 0; clusters: 67859
Threshold 0.2:
polytomy of size 4; rounds with additions with at least 5 support: 0; clusters: 67859
polytomy of size 3; rounds with additions with at least 5 support: 0; clusters: 67859
polytomy of size 3; rounds with additions with at least 5 support: 0; clusters: 67859
polytomy of size 3; rounds with additions with at least 5 support: 0; clusters: 67859
polytomy of size 5; rounds with additions with at least 5 support: 0; clusters: 67859
polytomy of size 135; rounds with additions with at least 5 support: 0; clusters: 68419
Threshold 0.3333333333333333:
polytomy of size 3; rounds with additions with at least 5 support: 0; clusters: 68419
polytomy of size 4; rounds with additions with at least 5 support: 0; clusters: 68419
polytomy of size 184; rounds with additions with at least 5 support: 0; clusters: 68661
max k is :2
Number of Clusters after addition by greedy: 68661
gradient0 in heuristiic: 68661
partitions formed in 33.676 secs
Dynamic Programming starting after 33.676 secs
Using tree-based weight calculation.
Using polytree-based weight calculation.
Polytree max score: 3250554453
Polytree building time: 0.086 seconds.
Number of quartet trees in the gene trees: 3250554453
Size of largest cluster: 201
Greedy score: 1273340092
estimationFactor: 2.5527779054647093
Sub-optimal score: 1285037352
Calculated 100000 weights; time (seconds): 71
Calculated 200000 weights; time (seconds): 45
Total Number of elements weighted: 204900
Normalized score (portion of input quartet trees satisfied before correcting for multiple individuals): 0.46156233857744267
Optimization score: 1500333515
Optimal tree inferred in 119.488 secs.
(158,(78,(42,(((15,96),(57,(166,(34,45)))),(63,((2,(199,159)),(102,(((139,(189,(37,193))),((124,114),(((33,((28,(144,118)),(8,(35,30)))),((135,160),(136,((192,(138,154)),(11,((196,68),((44,164),(41,(25,46))))))))),(((187,(190,(157,27))),((9,110),((120,(56,172)),(140,(105,(6,60)))))),(((91,51),(173,(88,48))),((141,(200,132)),((61,(82,32)),((80,69),(161,(106,148)))))))))),(((((147,155),(29,(125,19))),(168,(((127,186),(83,(121,119))),(185,((10,176),(177,71)))))),((72,(43,111)),(0,(178,(((4,70),(94,(((175,22),(145,(137,23))),((21,73),((20,107),(129,165)))))),((152,((26,(47,(153,109))),(64,(131,(36,123))))),((146,(18,75)),((39,(79,99)),((86,(5,(195,97))),((197,(49,53)),(163,(13,(101,81))))))))))))),(((67,((24,(84,50)),((181,122),(103,76)))),((92,(77,16)),(112,(198,(1,(40,169)))))),((142,((62,(130,(85,162))),(((87,(179,90)),((194,104),(108,(151,(58,184))))),((167,191),((66,(188,52)),((89,7),(95,(134,149)))))))),((59,(126,(133,38))),((100,143),(((171,55),((3,(65,31)),(150,(183,(12,14))))),((170,(17,(54,(182,(113,174))))),(98,((74,116),(180,((156,93),(115,(117,128)))))))))))))))))))));
Final quartet score is: 1500333515
Final normalized quartet score is: 0.46156233857744267
Extended species tree:
(40,(169,(1,(198,(112,((92,(77,16)0.37:0.005410480371542567)1:1.0430017437426375,((67,((24,(84,50)0.81:0.17653491392991758)0.47:0.06676458488995664,((181,122)0.98:0.33174671326799016,(103,76)0.87:0.19792704036619999)0.97:0.2729507144041817)0.96:0.25608127525090085)1:0.5093082520885318,(((142,((62,(130,(85,162)0.83:0.1667043731715797)0.91:0.21223933189073138)1:0.5167319261865166,(((87,(179,90)0.59:0.07796484834255091)0.99:0.3256517342139071,((194,104)0.99:0.3409321018913174,(108,(151,(58,184)0.49:0.04836426978480007)0.48:0.04175902642012174)0.5:0.04739051702652065)0.86:0.17020184037235855)0.49:0.04314257907560784,((167,191)0.91:0.19955720723600093,((66,(188,52)0.98:0.3040920238866587)0.97:0.2676340425955832,((89,7)0.53:0.06976262076044065,(95,(134,149)1:0.40623565137926865)0.66:0.10682669386116343)0.98:0.29100239201944106)0.44:0.03245681042065847)0.51:0.04908826582430306)0.77:0.1305142426530999)0.81:0.14691285430778664)0.48:0.041463481031185134,((59,(126,(133,38)0.72:0.1172332940881106)1:0.47818098414083615)0.56:0.06392060568993506,((100,143)0.56:0.06414869996668615,(((171,55)1:0.66295326957198,((3,(65,31)0.96:0.25205923792338136)0.83:0.16508919139259134,(150,(183,(12,14)0.58:0.08931598420554274)0.46:0.04079749942539661)0.93:0.23364975555176665)1:0.554072361465265)0.54:0.05903697321028383,((170,(17,(54,(182,(113,174)0.85:0.1892618895149134)0.63:0.08838843203123176)0.54:0.08350416944976485)1:0.6455256266396049)0.77:0.13111064455736343,(98,((74,116)1:0.47135043079611416,(180,((156,93)1:0.5675033204563756,(115,(117,128)0.52:0.061454311138596306)0.41:0.016862407505570016)0.67:0.10899235068748389)0.38:0.007715986754802345)0.93:0.21846751374684978)0.87:0.16876474240922076)0.38:0.006911760385015093)0.4:0.017853572733897063)0.36:3.631198956689385E-5)0.37:0.003079648342963051)0.46:0.034370276539177694,(((((147,155)1:0.5334383180537234,(29,(125,19)0.46:0.03383386387317576)1:0.4471458322332819)0.97:0.2547721763372371,(168,(((127,186)1:0.44591093626919504,(83,(121,119)0.94:0.22264885031281634)0.92:0.20583567289085844)0.99:0.313168933468073,(185,((10,176)0.98:0.2926075242107134,(177,71)0.87:0.17757967740822334)0.5:0.050541390423964924)0.96:0.2484393946396347)0.82:0.147029843564485)0.93:0.21112183657736736)0.85:0.16263238799999108,((72,(43,111)0.58:0.10246210775198904)1:0.4149270192651967,(0,(178,(((4,70)1:0.38775712612889013,(94,(((175,22)0.73:0.13729253797327395,(145,(137,23)1:0.4700036292457356)0.85:0.17374171464412722)0.83:0.19042811281579508,((21,73)1:0.43415227810247325,((20,107)1:0.7627948919321857,(129,165)0.85:0.19103322392583777)0.6:0.08432147610281193)0.72:0.12116487153375338)0.86:0.1716768449992128)0.48:0.04021065648505317)0.62:0.08060426348461718,((152,((26,(47,(153,109)0.74:0.13603251471361663)0.57:0.07264566169228422)0.97:0.2700814381198898,(64,(131,(36,123)1:0.4168085597070319)0.54:0.06570089361505402)1:0.4497913431454018)0.96:0.2394595689085914)1:0.5062143187640152,((146,(18,75)1:0.35847242794576506)0.98:0.28514815968989937,((39,(79,99)1:0.615411724129134)1:0.3976134977272991,((86,(5,(195,97)0.83:0.16053946578079237)0.97:0.26654307392859694)1:0.6710383758327011,((197,(49,53)1:0.452844414880786)0.98:0.2900852382251212,(163,(13,(101,81)0.82:0.17982494529118911)0.95:0.23610711233458745)0.91:0.2010125200935463)0.48:0.04235156744386656)0.58:0.07281962247734264)0.45:0.03154961953650357)0.63:0.08439168081514735)0.36:0.0)0.45:0.029605378108342476)0.49:0.04204950238493203)0.4:0.012401811343044841)0.35:0.0)0.4:0.015200957154145548,(((139,(189,(37,193)0.94:0.2561156064839462)1:0.5216106294425534)0.94:0.22214487846927122,((124,114)1:1.0493232387352296,(((33,((28,(144,118)0.99:0.3962273998632568)1:0.4298928246111148,(8,(35,30)0.69:0.1346071628003466)1:0.5367119904692824)0.86:0.17097348664418296)0.97:0.26299542409166393,((135,160)1:0.7213610436587881,(136,((192,(138,154)1:0.7300490928288291)0.93:0.21594102587260555,(11,((196,68)1:0.40529326898471346,((44,164)0.97:0.2773689354466449,(41,(25,46)0.93:0.2614682516642526)0.84:0.1741824885463874)0.85:0.17568045846830646)0.68:0.09890871208188495)0.98:0.27360561707627395)0.49:0.06301449419624236)0.72:0.11120757583856562)0.9:0.20168575967195662)0.38:0.006339990083413254,(((187,(190,(157,27)0.5:0.0676504718923616)0.56:0.06690081400824707)1:0.8338084947671307,((9,110)0.99:0.35759732936272093,((120,(56,172)1:0.42172458187761735)0.56:0.08198136182216932,(140,(105,(6,60)0.86:0.2353595277960312)0.45:0.03244769513069493)0.99:0.32365504362565184)0.51:0.08063243373091589)0.64:0.08876446873948404)0.86:0.16914803549405089,(((91,51)1:0.3646090716141521,(173,(88,48)1:0.6314975405085733)0.46:0.06200169181672584)0.72:0.11093552139408588,((141,(200,132)1:0.5897076314642941)0.97:0.2630235954071629,((61,(82,32)1:0.4251498819685536)0.99:0.310322588595527,((80,69)1:0.44504065139024607,(161,(106,148)0.96:0.24604709980020367)0.47:0.03766580988477743)0.74:0.12299403028981287)0.58:0.06866440212832177)0.51:0.04801679407017266)0.34:0.0)0.53:0.056497076416229496)0.49:0.040877112821344555)0.51:0.05278660217116009)0.35:0.0,(102,((2,(199,159)0.98:0.32123702134097604)1:0.5769813698154934,(63,(((15,96)0.66:0.11946641765369355,(57,(166,(34,45)0.65:0.11393374636831437)0.83:0.20344069632345876)0.59:0.07408903795951324)0.64:0.10343661358770458,(42,(78,158)0.97:0.26361076917642534)1:0.6028817314699757)0.72:0.11287050626871528)0.48:0.040789287525861334)0.48:0.040138007690829744)0.72:0.11268341476451578)0.7:0.10538200596101055)0.37:0.0031035798419489754)0.34:0.0)0.8:0.14558003086462942)1:0.3528213746227425)0.7:0.11179800050345856)0.47:0.043920096312695965)0.89:0.18724909372164683));
Weight calculation took 65.693840934 secs
ASTRAL finished in 120.963 secs
