
================== ASTRAL ===================== 

This is ASTRAL version 5.7.8
Gene trees are treated as unrooted
1000 trees read from Dataset/AstralII_data/model.200.2000000.0.000001/47/estimatedgenetre.halfresolved
index0
All output trees will be *arbitrarily* rooted at 27

======== Running the main analysis
Number of taxa: 201 (201 species)
Taxa: [27, 86, 169, 82, 17, 173, 136, 96, 10, 149, 91, 48, 196, 18, 102, 115, 39, 126, 171, 122, 8, 178, 65, 9, 188, 189, 113, 53, 148, 63, 133, 191, 54, 38, 157, 164, 73, 141, 151, 12, 43, 37, 183, 14, 81, 2, 114, 94, 168, 158, 150, 95, 104, 167, 106, 3, 42, 146, 156, 92, 56, 107, 153, 29, 131, 177, 24, 180, 170, 93, 125, 176, 61, 76, 36, 140, 40, 79, 194, 129, 26, 83, 55, 23, 134, 120, 199, 35, 137, 124, 58, 45, 155, 88, 13, 163, 118, 30, 135, 186, 64, 59, 20, 100, 117, 33, 78, 179, 200, 84, 7, 187, 184, 144, 34, 32, 165, 6, 105, 142, 108, 22, 66, 72, 198, 190, 50, 98, 172, 75, 99, 51, 197, 185, 87, 162, 47, 80, 15, 195, 130, 71, 109, 193, 1, 16, 160, 60, 145, 166, 31, 5, 0, 181, 46, 49, 19, 4, 85, 143, 69, 128, 119, 90, 159, 44, 121, 123, 147, 68, 57, 127, 25, 70, 67, 74, 175, 111, 116, 110, 138, 62, 192, 152, 132, 11, 174, 154, 139, 182, 21, 103, 77, 52, 41, 112, 161, 89, 97, 101, 28]
Taxon occupancy: {110=1000, 111=1000, 112=1000, 113=1000, 114=1000, 115=1000, 116=1000, 117=1000, 118=1000, 119=1000, 10=1000, 11=1000, 12=1000, 13=1000, 14=1000, 15=1000, 16=1000, 17=1000, 18=1000, 19=1000, 120=1000, 0=1000, 121=1000, 122=1000, 1=1000, 2=1000, 123=1000, 3=1000, 124=1000, 125=1000, 4=1000, 126=1000, 5=1000, 6=1000, 127=1000, 7=1000, 128=1000, 8=1000, 129=1000, 9=1000, 20=1000, 21=1000, 22=1000, 23=1000, 24=1000, 25=1000, 26=1000, 27=1000, 28=1000, 29=1000, 130=1000, 131=1000, 132=1000, 133=1000, 134=1000, 135=1000, 136=1000, 137=1000, 138=1000, 139=1000, 30=1000, 31=1000, 32=1000, 33=1000, 34=1000, 35=1000, 36=1000, 37=1000, 38=1000, 39=1000, 140=1000, 141=1000, 142=1000, 143=1000, 144=1000, 145=1000, 146=1000, 147=1000, 148=1000, 149=1000, 40=1000, 41=1000, 42=1000, 43=1000, 44=1000, 45=1000, 46=1000, 47=1000, 48=1000, 49=1000, 150=1000, 151=1000, 152=1000, 153=1000, 154=1000, 155=1000, 156=1000, 157=1000, 158=1000, 159=1000, 50=1000, 51=1000, 52=1000, 53=1000, 54=1000, 55=1000, 56=1000, 57=1000, 58=1000, 59=1000, 160=1000, 161=1000, 162=1000, 163=1000, 164=1000, 165=1000, 166=1000, 167=1000, 168=1000, 169=1000, 60=1000, 61=1000, 62=1000, 63=1000, 64=1000, 65=1000, 66=1000, 67=1000, 68=1000, 69=1000, 170=1000, 171=1000, 172=1000, 173=1000, 174=1000, 175=1000, 176=1000, 177=1000, 178=1000, 179=1000, 70=1000, 71=1000, 72=1000, 73=1000, 74=1000, 75=1000, 76=1000, 77=1000, 78=1000, 79=1000, 180=1000, 181=1000, 182=1000, 183=1000, 184=1000, 185=1000, 186=1000, 187=1000, 188=1000, 189=1000, 80=1000, 81=1000, 82=1000, 83=1000, 84=1000, 85=1000, 86=1000, 87=1000, 88=1000, 89=1000, 190=1000, 191=1000, 192=1000, 193=1000, 194=1000, 195=1000, 196=1000, 197=1000, 198=1000, 199=1000, 90=1000, 91=1000, 92=1000, 93=1000, 94=1000, 95=1000, 96=1000, 97=1000, 98=1000, 99=1000, 200=1000, 100=1000, 101=1000, 102=1000, 103=1000, 104=1000, 105=1000, 106=1000, 107=1000, 108=1000, 109=1000}
Number of gene trees: 1000
0 trees have missing taxa
Calculating quartet distance matrix (for completion of X)
Species tree distances calculated ...
Building set of clusters (X) from gene trees 
------------------------------
gradient0: 34071
Number of Clusters after addition by distance: 34071
calculating extra bipartitions to be added at level 1 ...
Adding to X using resolutions of greedy consensus ...
Limit for sigma of degrees:5075
polytomy size limit : 17
discarded polytomies:  [3, 3, 3, 3, 3, 3, 3, 3, 3, 3, 3, 3, 3, 3, 3, 3, 4, 4, 4, 4, 4, 4, 4, 4, 4, 5, 5, 5, 6, 6, 8, 8, 17]
Threshold 0.0:
Threshold 0.01:
polytomy of size 4; rounds with additions with at least 5 support: 0; clusters: 34071
Threshold 0.02:
polytomy of size 4; rounds with additions with at least 5 support: 0; clusters: 34071
Threshold 0.05:
polytomy of size 3; rounds with additions with at least 5 support: 0; clusters: 34071
polytomy of size 6; rounds with additions with at least 5 support: 0; clusters: 34071
Threshold 0.1:
polytomy of size 3; rounds with additions with at least 5 support: 0; clusters: 34071
polytomy of size 4; rounds with additions with at least 5 support: 0; clusters: 34071
polytomy of size 8; rounds with additions with at least 5 support: 0; clusters: 34071
Threshold 0.2:
polytomy of size 3; rounds with additions with at least 5 support: 0; clusters: 34071
polytomy of size 4; rounds with additions with at least 5 support: 0; clusters: 34071
polytomy of size 4; rounds with additions with at least 5 support: 0; clusters: 34071
polytomy of size 5; rounds with additions with at least 5 support: 0; clusters: 34071
polytomy of size 8; rounds with additions with at least 5 support: 0; clusters: 34071
Threshold 0.3333333333333333:
polytomy of size 5; rounds with additions with at least 5 support: 0; clusters: 34071
polytomy of size 3; rounds with additions with at least 5 support: 0; clusters: 34071
polytomy of size 3; rounds with additions with at least 5 support: 0; clusters: 34071
polytomy of size 4; rounds with additions with at least 5 support: 0; clusters: 34071
polytomy of size 6; rounds with additions with at least 5 support: 0; clusters: 34071
polytomy of size 3; rounds with additions with at least 5 support: 0; clusters: 34071
polytomy of size 3; rounds with additions with at least 5 support: 0; clusters: 34071
polytomy of size 3; rounds with additions with at least 5 support: 0; clusters: 34071
polytomy of size 3; rounds with additions with at least 5 support: 0; clusters: 34071
polytomy of size 3; rounds with additions with at least 5 support: 0; clusters: 34071
polytomy of size 3; rounds with additions with at least 5 support: 0; clusters: 34071
polytomy of size 3; rounds with additions with at least 5 support: 0; clusters: 34071
polytomy of size 3; rounds with additions with at least 5 support: 0; clusters: 34071
polytomy of size 3; rounds with additions with at least 5 support: 0; clusters: 34071
polytomy of size 4; rounds with additions with at least 5 support: 0; clusters: 34071
polytomy of size 4; rounds with additions with at least 5 support: 0; clusters: 34071
polytomy of size 4; rounds with additions with at least 5 support: 0; clusters: 34071
polytomy of size 5; rounds with additions with at least 5 support: 0; clusters: 34071
polytomy of size 3; rounds with additions with at least 5 support: 0; clusters: 34071
polytomy of size 3; rounds with additions with at least 5 support: 0; clusters: 34071
polytomy of size 17; rounds with additions with at least 5 support: 0; clusters: 34071
max k is :0
Number of Clusters after addition by greedy: 34071
gradient0 in heuristiic: 34071
partitions formed in 46.314 secs
Dynamic Programming starting after 46.314 secs
Using tree-based weight calculation.
Using polytree-based weight calculation.
Polytree max score: 65998350000
Polytree building time: 3.438 seconds.
Number of quartet trees in the gene trees: 65998350000
Size of largest cluster: 201
Greedy score: 47369815371
estimationFactor: 1.3932574886159355
Sub-optimal score: 47947748745
Calculated 100000 weights; time (seconds): 215
Total Number of elements weighted: 159514
Normalized score (portion of input quartet trees satisfied before correcting for multiple individuals): 0.7626792162531336
Optimization score: 50335569852
Optimal tree inferred in 305.005 secs.
(31,(5,(((93,125),(((43,37),(183,(14,(81,2)))),((65,(9,188)),(189,((63,133),(113,(53,148))))))),(0,((((176,61),(23,((26,(55,(129,83))),((76,36),(194,(79,(140,40))))))),((114,94),(168,(170,(42,(((150,95),(158,(167,(104,106)))),(3,((146,(156,(92,56))),((24,(153,29)),(180,(107,(131,177)))))))))))),((((27,86),(169,(82,17))),((102,(173,136)),(((8,178),(115,(39,(126,(171,122))))),((191,((96,10),((196,18),(149,(91,48))))),(54,((157,164),(38,((73,141),(151,12))))))))),((112,(41,(161,(52,((89,97),(101,28)))))),((((152,(62,(138,192))),(154,(132,(11,174)))),((139,((182,21),(103,77))),((66,72),((50,98),(198,190))))),((((160,60),((172,75),(99,(51,197)))),((((22,(142,108)),(165,(6,105))),((145,166),(187,(144,(34,(184,32)))))),((185,(87,(80,(162,47)))),((15,(1,(193,16))),(((195,130),(71,109)),(137,((120,199),(134,35)))))))),(110,((46,(49,(181,(19,4)))),((159,(116,(90,(119,((85,(143,(69,128))),(57,((25,(127,((147,68),(121,123)))),((67,(70,74)),(44,(175,111)))))))))),((124,58),(((118,(13,163)),(88,(45,155))),((84,7),((20,(179,200)),(((117,78),(100,33)),((30,135),(59,(186,64))))))))))))))))))));
Final quartet score is: 50335569852
Final normalized quartet score is: 0.7626792162531336
Extended species tree:
(27,(86,((169,(82,17)1:2.976929146590896)1:4.453623792015955,(((102,(173,136)1:6.434970427229559)1:0.3555980743575821,(((8,178)1:2.971064027138496,(115,(39,(126,(171,122)1:0.4559174921607782)1:2.1993617804453027)1:0.35128093222848283)1:1.773691906843913)1:3.4935443828625705,((191,((96,10)1:4.8938517587729455,((196,18)1:1.8620106208843883,(149,(91,48)1:1.612902569984103)1:0.9150669402473363)1:2.0072097426843403)1:0.6151367901697444)1:1.237024449183112,(54,((157,164)1:2.7799340882504784,(38,((73,141)1:0.9738907992838575,(151,12)1:0.6482613844162268)1:1.7778904638343227)1:0.3384811379807212)1:0.9039585113795572)1:3.176962853159895)1:0.5654890003428074)0.65:0.0218666828426555)1:0.1368102882217127,(((112,(41,(161,(52,((89,97)1:0.11807387217637412,(101,28)0.9:0.04178580386590403)1:0.38409175758952235)1:0.6699006971071304)1:0.8923235812321798)1:0.8780695190539575)1:4.81679777651495,((((152,(62,(138,192)1:0.13511114785300762)1:2.359510562997013)1:0.5790338737925247,(154,(132,(11,174)1:0.5167234650431474)1:0.41537922583082193)1:2.861327136880869)1:3.1416507220566063,((139,((182,21)1:1.3735111088779206,(103,77)1:0.3483992455978187)1:0.07195858927357748)1:3.795239470104843,((66,72)1:2.777596243970404,((50,98)1:1.3913477526567208,(198,190)0.55:0.016339915381853722)1:1.3726515847161043)1:2.5400233726414014)1:1.4751563497858775)1:0.36392499698092345,((((160,60)1:2.5870487694994257,((172,75)0.95:0.04825423673241355,(99,(51,197)1:1.1418552478688262)1:1.455766642263012)1:0.284370432384079)1:0.5555042353291036,((((22,(142,108)1:0.8129472795456247)1:1.0783998987723975,(165,(6,105)1:2.6522827783592695)1:0.3004877443036365)1:2.417181399681749,((145,166)1:3.9695928572496153,(187,(144,(34,(184,32)1:0.2747886292139128)1:0.5409965013993541)1:2.149703629170165)0.4:0.005081273052842244)1:0.8215745495239355)1:0.22760771555392786,((185,(87,(80,(162,47)0.38:0.003502630551202112)1:1.0630388087703533)1:1.6666973707956416)1:1.5423670978522506,((15,(1,(193,16)1:1.2097818317125417)1:0.8695884048040391)1:0.6474531632247322,(((195,130)1:0.483554668052186,(71,109)1:1.3243190622915855)1:2.233810776857104,(137,((120,199)1:0.730386865618112,(134,35)1:2.391958226793231)0.91:0.04265490964903153)1:1.3492870759175395)0.5:0.030035238266298534)1:0.8758768279047771)1:1.4337634303468025)1:0.3483085669712276)1:1.1932784822509996,(110,((46,(49,(181,(19,4)1:0.7569412690206743)1:0.6921410792440597)0.45:0.008024115270047944)1:4.738321014150061,((159,(116,(90,(119,((85,(143,(69,128)1:1.8120808033661253)1:0.5147672652136225)1:0.9552009342346923,(57,((25,(127,((147,68)1:1.397590343580141,(121,123)1:0.8316860949150899)1:0.09746264045915949)1:1.2002909715251713)0.48:0.010810700653712379,((67,(70,74)1:0.4582723892212138)1:1.5098845894096176,(44,(175,111)1:2.000734055022931)1:0.17803046165630043)1:0.7796696679285656)1:0.09461386706848439)1:0.8979872501733245)1:0.18882178262737065)1:0.3546031658489141)1:0.2109568917768999)0.59:0.0174721518421768)1:2.574789526141936,((124,58)1:5.972661420144847,(((118,(13,163)1:0.8095575324043568)1:3.1535055491426873,(88,(45,155)1:3.326499264905881)1:0.7783619705806576)1:1.2395299787836072,((84,7)1:2.1518336584238837,((20,(179,200)1:0.8520062503581965)1:0.2696227293067581,(((117,78)0.95:0.0488536179592309,(100,33)1:0.2295319109852048)1:1.4887107744547694,((30,135)1:1.6308223524314485,(59,(186,64)1:1.7160925846264987)1:0.49420073779635587)1:0.5039627758487729)1:1.2727395480943104)1:1.0186969812567792)1:0.8245139187303979)0.54:0.014290144448588253)1:1.472099059674992)1:0.4095914105634238)0.81:0.034050123685444134)0.7:0.032488187179098994)1:0.08692212845843698)1:0.7597165895038341)1:0.22626330102916023,((((176,61)1:5.094522454235111,(23,((26,(55,(129,83)0.74:0.029398974854781414)1:2.9751391699793177)1:0.3545839865642591,((76,36)1:1.195123527578662,(194,(79,(140,40)1:1.0061628443531392)1:1.9435523472769505)1:0.20450069360380044)1:0.6410902003400347)1:1.619415091799536)1:0.796601846701983)1:2.0408080199404606,((114,94)1:5.764644447507933,(168,(170,(42,(((150,95)0.91:0.04377652968914199,(158,(167,(104,106)1:0.1681548297907528)1:0.6351764575948933)1:0.1494995086515273)1:3.458853975037222,(3,((146,(156,(92,56)1:0.7660496266977366)1:0.42405367224935303)1:0.39885901794236844,((24,(153,29)1:2.7898407951404143)1:0.28874343036810823,(180,(107,(131,177)1:2.4972428961492326)1:0.31598495086561385)1:0.21715933316513442)1:0.2762192008621904)1:1.0021571877875795)0.44:0.00981506916199904)1:1.1044566106147815)1:0.0867003351524967)1:0.8022419266709198)1:0.2754792209929917)1:1.1615571252344328)1:0.6496547701056666,(0,(((93,125)1:6.5032896712070904,(((43,37)1:2.8657035114806693,(183,(14,(81,2)1:2.442324331058789)1:0.3184031801566171)0.87:0.038428486255355804)1:1.845181934043813,((65,(9,188)1:3.6129179133108944)1:1.9826150900249317,(189,((63,133)1:0.2178332807984532,(113,(53,148)1:0.24759779435118986)1:0.6539832705386635)1:0.7174153078323836)1:3.4466060318376366)1:0.7564406500438186)1:1.4259455577830749)1:0.824761138818429,(5,31)1:6.5032896712070904)1:0.45883591726810063)0.95:0.051894746146577096)0.46:0.00915321682149575)0.95:0.04907946887664619)1:0.3558570921321659)1:3.3439039079305766));
Weight calculation took 245.072962841 secs
ASTRAL finished in 314.565 secs
