
================== ASTRAL ===================== 

This is ASTRAL version 5.7.8
Gene trees are treated as unrooted
200 trees read from Dataset/AstralII_data/model.200.2000000.0.000001/47/estimatedgenetre.halfresolved_200
index0
All output trees will be *arbitrarily* rooted at 27

======== Running the main analysis
Number of taxa: 201 (201 species)
Taxa: [27, 86, 169, 82, 17, 173, 136, 96, 10, 149, 91, 48, 196, 18, 102, 115, 39, 126, 171, 122, 8, 178, 65, 9, 188, 189, 113, 53, 148, 63, 133, 191, 54, 38, 157, 164, 73, 141, 151, 12, 43, 37, 183, 14, 81, 2, 114, 94, 168, 158, 150, 95, 104, 167, 106, 3, 42, 146, 156, 92, 56, 107, 153, 29, 131, 177, 24, 180, 170, 93, 125, 176, 61, 76, 36, 140, 40, 79, 194, 129, 26, 83, 55, 23, 134, 120, 199, 35, 137, 124, 58, 45, 155, 88, 13, 163, 118, 30, 135, 186, 64, 59, 20, 100, 117, 33, 78, 179, 200, 84, 7, 187, 184, 144, 34, 32, 165, 6, 105, 142, 108, 22, 66, 72, 198, 190, 50, 98, 172, 75, 99, 51, 197, 185, 87, 162, 47, 80, 15, 195, 130, 71, 109, 193, 1, 16, 160, 60, 145, 166, 31, 5, 0, 181, 46, 49, 19, 4, 85, 143, 69, 128, 119, 90, 159, 44, 121, 123, 147, 68, 57, 127, 25, 70, 67, 74, 175, 111, 116, 110, 138, 62, 192, 152, 132, 11, 174, 154, 139, 182, 21, 103, 77, 52, 41, 112, 161, 89, 97, 101, 28]
Taxon occupancy: {110=200, 111=200, 112=200, 113=200, 114=200, 115=200, 116=200, 117=200, 118=200, 119=200, 10=200, 11=200, 12=200, 13=200, 14=200, 15=200, 16=200, 17=200, 18=200, 19=200, 120=200, 0=200, 121=200, 122=200, 1=200, 2=200, 123=200, 3=200, 124=200, 125=200, 4=200, 126=200, 5=200, 6=200, 127=200, 7=200, 128=200, 8=200, 129=200, 9=200, 20=200, 21=200, 22=200, 23=200, 24=200, 25=200, 26=200, 27=200, 28=200, 29=200, 130=200, 131=200, 132=200, 133=200, 134=200, 135=200, 136=200, 137=200, 138=200, 139=200, 30=200, 31=200, 32=200, 33=200, 34=200, 35=200, 36=200, 37=200, 38=200, 39=200, 140=200, 141=200, 142=200, 143=200, 144=200, 145=200, 146=200, 147=200, 148=200, 149=200, 40=200, 41=200, 42=200, 43=200, 44=200, 45=200, 46=200, 47=200, 48=200, 49=200, 150=200, 151=200, 152=200, 153=200, 154=200, 155=200, 156=200, 157=200, 158=200, 159=200, 50=200, 51=200, 52=200, 53=200, 54=200, 55=200, 56=200, 57=200, 58=200, 59=200, 160=200, 161=200, 162=200, 163=200, 164=200, 165=200, 166=200, 167=200, 168=200, 169=200, 60=200, 61=200, 62=200, 63=200, 64=200, 65=200, 66=200, 67=200, 68=200, 69=200, 170=200, 171=200, 172=200, 173=200, 174=200, 175=200, 176=200, 177=200, 178=200, 179=200, 70=200, 71=200, 72=200, 73=200, 74=200, 75=200, 76=200, 77=200, 78=200, 79=200, 180=200, 181=200, 182=200, 183=200, 184=200, 185=200, 186=200, 187=200, 188=200, 189=200, 80=200, 81=200, 82=200, 83=200, 84=200, 85=200, 86=200, 87=200, 88=200, 89=200, 190=200, 191=200, 192=200, 193=200, 194=200, 195=200, 196=200, 197=200, 198=200, 199=200, 90=200, 91=200, 92=200, 93=200, 94=200, 95=200, 96=200, 97=200, 98=200, 99=200, 200=200, 100=200, 101=200, 102=200, 103=200, 104=200, 105=200, 106=200, 107=200, 108=200, 109=200}
Number of gene trees: 200
0 trees have missing taxa
Calculating quartet distance matrix (for completion of X)
Species tree distances calculated ...
Building set of clusters (X) from gene trees 
------------------------------
gradient0: 11233
Number of Clusters after addition by distance: 11233
calculating extra bipartitions to be added at level 1 ...
Adding to X using resolutions of greedy consensus ...
Limit for sigma of degrees:5075
polytomy size limit : 16
discarded polytomies:  [3, 3, 3, 3, 3, 3, 3, 3, 3, 3, 3, 3, 3, 3, 3, 4, 4, 4, 4, 4, 4, 5, 5, 5, 6, 7, 7, 8, 16]
Threshold 0.0:
Threshold 0.01:
Threshold 0.02:
polytomy of size 3; rounds with additions with at least 5 support: 0; clusters: 11233
Threshold 0.05:
polytomy of size 4; rounds with additions with at least 5 support: 1; clusters: 11237
Threshold 0.1:
polytomy of size 4; rounds with additions with at least 5 support: 0; clusters: 11237
polytomy of size 7; rounds with additions with at least 5 support: 0; clusters: 11237
Threshold 0.2:
polytomy of size 3; rounds with additions with at least 5 support: 0; clusters: 11237
polytomy of size 4; rounds with additions with at least 5 support: 0; clusters: 11237
polytomy of size 4; rounds with additions with at least 5 support: 0; clusters: 11237
polytomy of size 5; rounds with additions with at least 5 support: 0; clusters: 11237
polytomy of size 8; rounds with additions with at least 5 support: 0; clusters: 11237
Threshold 0.3333333333333333:
polytomy of size 5; rounds with additions with at least 5 support: 0; clusters: 11237
polytomy of size 3; rounds with additions with at least 5 support: 0; clusters: 11237
polytomy of size 3; rounds with additions with at least 5 support: 0; clusters: 11237
polytomy of size 3; rounds with additions with at least 5 support: 0; clusters: 11237
polytomy of size 4; rounds with additions with at least 5 support: 0; clusters: 11237
polytomy of size 6; rounds with additions with at least 5 support: 0; clusters: 11237
polytomy of size 3; rounds with additions with at least 5 support: 0; clusters: 11237
polytomy of size 3; rounds with additions with at least 5 support: 0; clusters: 11237
polytomy of size 3; rounds with additions with at least 5 support: 0; clusters: 11237
polytomy of size 3; rounds with additions with at least 5 support: 0; clusters: 11237
polytomy of size 3; rounds with additions with at least 5 support: 0; clusters: 11237
polytomy of size 3; rounds with additions with at least 5 support: 0; clusters: 11237
polytomy of size 3; rounds with additions with at least 5 support: 0; clusters: 11237
polytomy of size 3; rounds with additions with at least 5 support: 0; clusters: 11237
polytomy of size 7; rounds with additions with at least 5 support: 0; clusters: 11237
polytomy of size 4; rounds with additions with at least 5 support: 0; clusters: 11237
polytomy of size 5; rounds with additions with at least 5 support: 0; clusters: 11237
polytomy of size 3; rounds with additions with at least 5 support: 0; clusters: 11237
polytomy of size 3; rounds with additions with at least 5 support: 0; clusters: 11237
polytomy of size 16; rounds with additions with at least 5 support: 0; clusters: 11239
max k is :2
Number of Clusters after addition by greedy: 11239
gradient0 in heuristiic: 11239
partitions formed in 6.917 secs
Dynamic Programming starting after 6.917 secs
Using tree-based weight calculation.
Using polytree-based weight calculation.
Polytree max score: 13199670000
Polytree building time: 0.282 seconds.
Number of quartet trees in the gene trees: 13199670000
Size of largest cluster: 201
Greedy score: 9406503639
estimationFactor: 1.4032493375406008
Sub-optimal score: 9729743264
Total Number of elements weighted: 27064
Normalized score (portion of input quartet trees satisfied before correcting for multiple individuals): 0.7659603540846097
Optimization score: 10110423907
Optimal tree inferred in 18.191 secs.
(31,(5,(((93,125),(((43,37),(183,(14,(81,2)))),((65,(9,188)),(189,((63,133),(113,(53,148))))))),(0,((((176,61),(23,((26,(55,(129,83))),((76,36),(194,(79,(140,40))))))),((114,94),(168,(170,(42,(3,(((150,95),(158,(167,(104,106)))),((146,(156,(92,56))),((24,(153,29)),(180,(107,(131,177)))))))))))),((((27,86),(169,(82,17))),(((102,(173,136)),((8,178),(115,(39,(126,(171,122)))))),((191,((96,10),((196,18),(149,(91,48))))),(54,((157,164),(38,((73,141),(151,12)))))))),((112,(41,(161,(52,((101,28),(89,97)))))),((((152,(62,(138,192))),(154,(132,(11,174)))),((139,((182,21),(103,77))),((66,72),(190,(198,(50,98)))))),(110,((((160,60),((172,75),(99,(51,197)))),((((22,(142,108)),(165,(6,105))),((187,(145,166)),(144,(34,(184,32))))),((185,(87,(80,(162,47)))),(((134,35),(137,(120,199))),(((195,130),(71,109)),(15,(1,(193,16)))))))),(((46,49),(181,(19,4))),((159,(116,(90,(119,((85,(143,(69,128))),((57,25),((127,((147,68),(121,123))),((67,(70,74)),(44,(175,111)))))))))),((124,58),(((118,(13,163)),(88,(45,155))),((84,7),((20,(179,200)),((117,(78,(100,33))),((30,135),(59,(186,64))))))))))))))))))));
Final quartet score is: 10110423907
Final normalized quartet score is: 0.7659603540846097
Extended species tree:
(27,(86,((169,(82,17)1:3.106080330722857)1:3.799227511282799,((((102,(173,136)1:4.897839799950916)1:0.2971147820165013,((8,178)1:3.288401887516811,(115,(39,(126,(171,122)1:0.5671064596645802)1:1.8076052409178003)1:0.333562472671887)1:2.1252510777111304)1:3.021403458614335)0.5:0.02525298507381984,((191,((96,10)1:4.897839799950916,((196,18)1:1.936009078072603,(149,(91,48)1:1.8537984784263288)1:0.7467998940522655)1:2.126003078605997)1:0.5309399538008328)1:1.365292457311136,(54,((157,164)1:3.249181174363531,(38,((73,141)1:1.0162760020074741,(151,12)1:0.6281423502509496)1:2.1258890362654626)1:0.354627275944482)1:0.8186088755388585)1:3.1000016746469434)1:0.48651651164446974)1:0.1634648655731489,(((112,(41,(161,(52,((101,28)0.6:0.04167390539037463,(89,97)0.99:0.14872310430980348)1:0.3759541779214465)1:0.6529039987548169)1:0.7770942537049567)1:0.9692874925715551)1:3.86627043090067,((((152,(62,(138,192)1:0.16164135155641576)1:2.4528478434894425)1:0.7006378522891026,(154,(132,(11,174)1:0.4433163388066108)1:0.4148372479370274)1:2.787626599604323)1:2.9486525944614215,((139,((182,21)1:1.463607005844787,(103,77)1:0.2729914096551919)0.96:0.11661767018246072)1:4.204692619390971,((66,72)1:3.0652583362026014,(190,(198,(50,98)1:1.5650943105902122)0.53:0.030305349495329037)1:1.4531573063490166)1:2.064626455894696)1:1.58422005613991)1:0.3408835417794701,(110,((((160,60)1:2.462329167927669,((172,75)0.91:0.09642893920300118,(99,(51,197)1:0.9856147947240783)1:1.378330422027604)1:0.2148458611951572)1:0.5201052147288323,((((22,(142,108)1:0.8202167579282981)1:1.1250788618562733,(165,(6,105)1:3.288401887516811)1:0.31969828635073927)1:2.6047389188345655,((187,(145,166)1:3.288401887516811)0.39:0.006725519993238914,(144,(34,(184,32)1:0.39786179362159546)1:0.6422270901326884)1:1.8489359855643375)1:0.7974213257487572)1:0.26832033040248365,((185,(87,(80,(162,47)0.51:0.030266500211122184)1:1.2088968960733038)1:1.5421047923655125)1:1.5466091886375208,(((134,35)1:2.123976380279128,(137,(120,199)1:0.8191046486558868)0.51:0.03252523705520978)1:1.435194189130063,(((195,130)1:0.5283919474838898,(71,109)1:1.247181558657173)1:2.0629895762585737,(15,(1,(193,16)1:1.1838982523630361)1:1.027008992923812)1:0.5273704104462826)0.96:0.11659982833261734)1:0.8055287246275987)1:1.4464095304630926)1:0.3505542958894122)1:1.2485330844783205,(((46,49)0.48:0.02519024882855852,(181,(19,4)1:0.7389567165912398)1:0.7389567165912395)1:3.86741728319651,((159,(116,(90,(119,((85,(143,(69,128)1:1.7627848548392795)1:0.3395643674367179)1:0.9734961281221353,((57,25)0.53:0.03858608100577127,((127,((147,68)1:1.3422742131733247,(121,123)1:0.74687983649375)0.93:0.10380066067434744)1:1.2461966257721704,((67,(70,74)1:0.4911205526866583)1:1.6255447369875455,(44,(175,111)1:1.8072565888509544)0.82:0.07721365627830483)1:0.760644892346988)0.56:0.034173294992861605)1:1.0051275467618854)1:0.20517198138806378)1:0.44699376283194586)1:0.17402479845965657)0.8:0.07121169305194626)1:2.557958367903116,((124,58)1:4.897839799950916,(((118,(13,163)1:0.6783320947748046)1:3.2556120646938225,(88,(45,155)1:3.106080330722857)1:0.7649322029945003)1:1.3129989842368843,((84,7)1:2.294358192073535,((20,(179,200)1:0.7091037534415588)1:0.272826642124243,((117,(78,(100,33)1:0.19763495420432114)0.41:0.014999422481727174)1:1.2797684799881415,((30,135)1:1.4119011898336644,(59,(186,64)1:1.6031258986912065)1:0.5872461469814487)1:0.603937851159025)1:1.1711524128495685)1:0.9968659264997443)1:0.9427079141579955)0.84:0.07783556428794029)1:1.4560480566670664)1:0.419625737404139)0.8:0.07292378409565464)0.43:0.02000242528605564)0.83:0.07754057080617334)1:0.6788223394226293)1:0.21798659419453714,((((176,61)1:4.204692619390971,(23,((26,(55,(129,83)0.79:0.06952606264861033)1:2.6462808716513613)1:0.37183307865414855,((76,36)1:1.3347198204074946,(194,(79,(140,40)1:0.8724881092157623)1:1.8771673277691372)1:0.17192799626669128)1:0.6506847412605083)1:1.8161310414485234)1:0.8036016263666045)1:2.0152959412691955,((114,94)1:4.897839799950916,(168,(170,(42,(3,(((150,95)0.75:0.06354399097106277,(158,(167,(104,106)1:0.17911548509465716)1:0.7156346726141335)0.98:0.13282091302092422)1:3.5527097391314855,((146,(156,(92,56)1:0.7852287471039684)1:0.3606930497756295)1:0.36921510235520655,((24,(153,29)1:3.5077647159911165)1:0.2530462756883449,(180,(107,(131,177)1:2.414196574209681)1:0.2932281455470673)1:0.22965179317768142)1:0.27398775553236565)1:1.161185867863155)0.42:0.014332485603047085)1:0.9988620843556653)0.68:0.05432239819740475)1:0.7270487322356267)1:0.31418021587151457)1:1.2742578036527938)1:0.5598727935055466,(0,(((93,125)1:4.897839799950916,(((43,37)1:3.239611723347378,(183,(14,(81,2)1:2.3309498247641005)1:0.3429481949198243)0.95:0.11034805716886546)1:1.7659167027658522,((65,(9,188)1:3.51154543883102)1:2.0944794190443763,(189,((63,133)1:0.22488381990714285,(113,(53,148)1:0.302821985426838)1:0.678425886688135)1:0.673442109480613)1:3.5628387332185687)1:0.6830872154798151)1:1.400948034741953)1:0.6352734308733338,(5,31)1:4.897839799950916)1:0.5073787345552752)0.67:0.06320183981339379)0.49:0.023064436929862032)0.66:0.048018002546661116)1:0.4203341734504892)1:3.0498671858823014));
Weight calculation took 10.083984813 secs
ASTRAL finished in 20.695 secs
