
================== ASTRAL ===================== 

This is ASTRAL version 5.7.8
Gene trees are treated as unrooted
999 trees read from Dataset/AstralII_data/model.200.10000000.0.000001/46/estimatedgenetre.halfresolved
index0
All output trees will be *arbitrarily* rooted at 116

======== Running the main analysis
Number of taxa: 201 (201 species)
Taxa: [116, 199, 184, 192, 14, 85, 141, 58, 148, 30, 46, 132, 37, 182, 198, 189, 171, 160, 44, 69, 195, 56, 103, 68, 120, 13, 197, 11, 47, 121, 72, 95, 84, 75, 32, 93, 27, 45, 174, 161, 70, 131, 200, 59, 102, 155, 29, 122, 88, 165, 194, 180, 6, 128, 137, 176, 87, 163, 146, 191, 0, 109, 133, 183, 24, 55, 79, 111, 41, 162, 39, 196, 26, 62, 36, 159, 101, 8, 31, 119, 104, 130, 166, 156, 152, 49, 135, 153, 169, 108, 4, 15, 158, 149, 168, 19, 96, 115, 82, 5, 125, 100, 20, 186, 1, 138, 91, 144, 34, 76, 71, 129, 105, 42, 89, 3, 86, 53, 64, 172, 74, 48, 124, 80, 77, 25, 98, 83, 9, 92, 179, 52, 54, 94, 38, 113, 40, 23, 187, 63, 139, 66, 12, 147, 177, 43, 61, 106, 140, 114, 167, 126, 150, 90, 136, 7, 97, 190, 51, 18, 81, 185, 117, 193, 151, 154, 123, 178, 22, 21, 175, 188, 142, 50, 127, 60, 67, 16, 157, 164, 17, 10, 170, 2, 134, 143, 78, 107, 65, 145, 57, 73, 28, 110, 173, 112, 99, 35, 33, 118, 181]
Taxon occupancy: {110=999, 111=999, 112=999, 113=999, 114=999, 115=999, 116=999, 117=999, 118=999, 119=999, 10=999, 11=999, 12=999, 13=999, 14=999, 15=999, 16=999, 17=999, 18=999, 19=999, 120=999, 121=999, 0=999, 122=999, 1=999, 123=999, 2=999, 3=999, 124=999, 4=999, 125=999, 5=999, 126=999, 6=999, 127=999, 128=999, 7=999, 8=999, 129=999, 9=999, 20=999, 21=999, 22=999, 23=999, 24=999, 25=999, 26=999, 27=999, 28=999, 29=999, 130=999, 131=999, 132=999, 133=999, 134=999, 135=999, 136=999, 137=999, 138=999, 139=999, 30=999, 31=999, 32=999, 33=999, 34=999, 35=999, 36=999, 37=999, 38=999, 39=999, 140=999, 141=999, 142=999, 143=999, 144=999, 145=999, 146=999, 147=999, 148=999, 149=999, 40=999, 41=999, 42=999, 43=999, 44=999, 45=999, 46=999, 47=999, 48=999, 49=999, 150=999, 151=999, 152=999, 153=999, 154=999, 155=999, 156=999, 157=999, 158=999, 159=999, 50=999, 51=999, 52=999, 53=999, 54=999, 55=999, 56=999, 57=999, 58=999, 59=999, 160=999, 161=999, 162=999, 163=999, 164=999, 165=999, 166=999, 167=999, 168=999, 169=999, 60=999, 61=999, 62=999, 63=999, 64=999, 65=999, 66=999, 67=999, 68=999, 69=999, 170=999, 171=999, 172=999, 173=999, 174=999, 175=999, 176=999, 177=999, 178=999, 179=999, 70=999, 71=999, 72=999, 73=999, 74=999, 75=999, 76=999, 77=999, 78=999, 79=999, 180=999, 181=999, 182=999, 183=999, 184=999, 185=999, 186=999, 187=999, 188=999, 189=999, 80=999, 81=999, 82=999, 83=999, 84=999, 85=999, 86=999, 87=999, 88=999, 89=999, 190=999, 191=999, 192=999, 193=999, 194=999, 195=999, 196=999, 197=999, 198=999, 199=999, 90=999, 91=999, 92=999, 93=999, 94=999, 95=999, 96=999, 97=999, 98=999, 99=999, 200=999, 100=999, 101=999, 102=999, 103=999, 104=999, 105=999, 106=999, 107=999, 108=999, 109=999}
Number of gene trees: 999
0 trees have missing taxa
Calculating quartet distance matrix (for completion of X)
Species tree distances calculated ...
Building set of clusters (X) from gene trees 
------------------------------
gradient0: 24311
Number of Clusters after addition by distance: 24311
calculating extra bipartitions to be added at level 1 ...
Adding to X using resolutions of greedy consensus ...
Limit for sigma of degrees:5075
polytomy size limit : 8
discarded polytomies:  [3, 3, 3, 3, 3, 3, 3, 3, 3, 3, 4, 4, 4, 4, 8]
Threshold 0.0:
Threshold 0.01:
Threshold 0.02:
Threshold 0.05:
Threshold 0.1:
polytomy of size 3; rounds with additions with at least 5 support: 0; clusters: 24311
Threshold 0.2:
polytomy of size 4; rounds with additions with at least 5 support: 0; clusters: 24311
polytomy of size 4; rounds with additions with at least 5 support: 0; clusters: 24311
Threshold 0.3333333333333333:
polytomy of size 4; rounds with additions with at least 5 support: 0; clusters: 24311
polytomy of size 3; rounds with additions with at least 5 support: 0; clusters: 24311
polytomy of size 3; rounds with additions with at least 5 support: 0; clusters: 24311
polytomy of size 3; rounds with additions with at least 5 support: 0; clusters: 24311
polytomy of size 3; rounds with additions with at least 5 support: 0; clusters: 24311
polytomy of size 3; rounds with additions with at least 5 support: 0; clusters: 24311
polytomy of size 4; rounds with additions with at least 5 support: 0; clusters: 24311
polytomy of size 3; rounds with additions with at least 5 support: 0; clusters: 24311
polytomy of size 3; rounds with additions with at least 5 support: 0; clusters: 24311
polytomy of size 3; rounds with additions with at least 5 support: 0; clusters: 24311
polytomy of size 3; rounds with additions with at least 5 support: 0; clusters: 24311
polytomy of size 8; rounds with additions with at least 5 support: 0; clusters: 24311
max k is :0
Number of Clusters after addition by greedy: 24311
gradient0 in heuristiic: 24311
partitions formed in 23.815 secs
Dynamic Programming starting after 23.815 secs
Using tree-based weight calculation.
Using polytree-based weight calculation.
Polytree max score: 65932030611
Polytree building time: 3.52 seconds.
Number of quartet trees in the gene trees: 65932030611
Size of largest cluster: 201
Greedy score: 53092058961
estimationFactor: 1.24184354310749
Sub-optimal score: 55820635184
Total Number of elements weighted: 82025
Normalized score (portion of input quartet trees satisfied before correcting for multiple individuals): 0.8783484974348441
Optimization score: 57911300020
Optimal tree inferred in 123.678 secs.
(167,(140,(106,(114,(90,((126,150),((136,(190,(7,97))),((((11,47),(121,(72,(95,84)))),(((68,(120,13)),(103,(197,(118,181)))),(((116,199),(((85,141),(184,(192,14))),(((46,(132,37)),(58,(148,30))),((189,171),(182,(198,(56,((160,44),(69,195))))))))),(((51,(18,81)),((28,110),(173,(99,(112,(35,33)))))),((185,117),(((193,(151,154)),((22,(178,21)),(188,((175,60),(127,(142,50)))))),(123,(67,(((16,157),((10,170),(164,17))),((57,(65,145)),((134,73),(143,(78,(2,107)))))))))))))),(((177,(43,(147,61))),(((66,12),(23,(187,(63,139)))),(92,((54,(94,40)),((38,113),(179,52)))))),(((74,(48,124)),((9,(80,83)),(77,(25,98)))),((((153,169),(108,((19,96),((15,158),(4,(149,168)))))),((3,((42,89),(105,(71,129)))),(((1,138),(91,(100,(20,186)))),((76,(144,34)),((5,125),(115,82)))))),((172,(64,(86,53))),((0,(36,((166,156),((130,(119,104)),((8,31),(159,101)))))),(((135,(152,49)),((109,(133,(183,24))),((196,26),((62,(55,79)),(111,(39,(41,162))))))),((163,(191,(87,146))),((6,(128,(137,176))),(((122,180),((165,194),(88,(155,29)))),((200,(59,102)),((32,93),((45,174),((75,27),(131,(161,70)))))))))))))))))))))));
Final quartet score is: 57911300020
Final normalized quartet score is: 0.8783484974348441
Extended species tree:
(116,(199,((((85,141)1:1.6960143382777253,(184,(192,14)1:0.41234652938413524)1:2.63130421462238)1:0.9627580434695358,(((46,(132,37)1:0.5222070771244508)1:1.61800400592654,(58,(148,30)1:0.8495706432227329)0.72:0.03740369825845886)1:1.3157668653023102,((189,171)1:2.4914685843921336,(182,(198,(56,((160,44)1:0.599333926533327,(69,195)1:1.5037814427701925)1:0.4136185070250135)1:0.25187366397372724)1:0.3081156766151884)1:0.8041639396011907)1:1.1620968870707162)1:1.2275308168037826)1:1.3804120311912649,((((51,(18,81)1:0.30580132629799384)1:2.013526286950632,((28,110)1:2.4083921078938997,(173,(99,(112,(35,33)1:0.41622405828034936)1:0.13627880909659115)1:1.147189238173044)1:0.9048821340022085)1:2.0665404595277446)1:0.9801183282512631,((185,117)1:1.2626725557566596,(((193,(151,154)1:0.9318561405824405)1:1.9510550855745672,((22,(178,21)1:0.5371755550171036)1:2.5202400205478064,(188,((175,60)1:0.9172472895328182,(127,(142,50)1:0.16950961247441645)1:1.1741334045302962)1:0.4147692501309522)1:1.5013334027720444)1:1.521665272085254)1:1.086080183359982,(123,(67,(((16,157)1:1.8906155436773533,((10,170)1:1.3575145325460285,(164,17)1:1.8818700501859698)1:1.8297369555082186)1:0.3925220730082261,((57,(65,145)1:1.7707098479161842)1:0.9304959678967627,((134,73)1:0.1809763525434903,(143,(78,(2,107)1:0.08658136787814891)1:0.9830392661834186)1:1.222132524517789)1:1.5973702467685098)1:0.448415304054038)1:1.1612662023698948)1:0.9745517322144106)0.71:0.030700208378085066)0.91:0.045408076552488)1:0.48966643272241156)1:0.11473698203819499,(((68,(120,13)1:1.3759334522566946)1:2.194320606247929,(103,(197,(118,181)1:1.2691204760716255)1:1.3261030000670309)1:1.5047316152505041)1:1.390584235297666,(((11,47)1:1.5007991223485295,(121,(72,(95,84)1:1.1078356846113917)1:0.29573917132111543)1:1.6332578290113606)1:1.9310522266876697,((((177,(43,(147,61)1:1.7649014609029188)1:1.7835655005417805)1:1.2681827540988933,(((66,12)1:2.2102087162413206,(23,(187,(63,139)1:2.0228365761066027)1:1.5828347242185474)1:0.2395877600775113)1:1.0958414235280163,(92,((54,(94,40)1:0.09485116955364296)1:2.48680176781178,((38,113)1:1.2011316233126965,(179,52)1:1.9952401446315111)1:0.7806467395456363)1:1.0835208069876436)1:0.6385203477951364)1:0.43316694257493077)1:2.836305741821705,(((74,(48,124)1:2.3581549441488563)1:1.6712302079036465,((9,(80,83)1:0.6704817506588668)1:1.7992412341142892,(77,(25,98)1:1.9591028519322118)1:1.2125953418732476)1:2.5174728864971114)1:0.9230175573673624,((((153,169)1:2.1133584392035405,(108,((19,96)1:1.1238295055287353,((15,158)1:0.24731067116854824,(4,(149,168)1:0.30567826854244595)1:0.7108932598153277)1:1.7516807838854371)0.98:0.05935513856883118)1:1.3772652663395601)1:2.603793827143782,((3,((42,89)1:2.701616857870687,(105,(71,129)1:1.7142834040208403)1:1.5265597465277605)1:0.26820964882050957)1:1.6490065982107471,(((1,138)1:0.8252627950528141,(91,(100,(20,186)1:1.4928806202496985)1:0.5882969525402398)1:0.328935143514886)1:2.163536857448751,((76,(144,34)1:1.8770698144540463)1:2.442780763436246,((5,125)1:3.1882887702263396,(115,82)1:2.838988873613278)1:0.7859833613694316)1:0.14579024345681837)1:1.5511646847396565)1:1.4734086219187048)1:1.091767110595047,((172,(64,(86,53)1:1.3588313788962845)1:1.0296996234432803)1:3.0918533233350813,((0,(36,((166,156)1:1.734583932654961,((130,(119,104)1:0.3858453125543193)1:2.189951888113287,((8,31)1:1.5345578728283507,(159,101)1:0.1385172927686176)1:1.2417250522302876)1:0.5088933555145523)1:1.3075336439378071)1:1.6992234688317394)1:0.6281440070672676,(((135,(152,49)1:2.1183064030901364)1:2.359006955358996,((109,(133,(183,24)1:1.5656790730960428)1:0.4118855839496608)1:2.5073299420714474,((196,26)1:0.28949919861645107,((62,(55,79)1:0.11129243844727763)1:1.8614204761358744,(111,(39,(41,162)0.98:0.0598368595611941)1:0.44183785914010704)1:1.7010647171930509)1:1.2456180834041948)1:1.84900579816074)1:1.4661227524214826)1:1.7055265380677447,((163,(191,(87,146)1:0.11710192554479865)0.99:0.06378415431661293)1:3.505821037433645,((6,(128,(137,176)0.99:0.06819531382276063)1:2.3160151102662603)1:1.19189004143399,(((122,180)1:2.3913970533163096,((165,194)1:2.1508937029640336,(88,(155,29)1:0.4818063413648869)1:1.4888781232835766)1:0.16265007818228808)1:0.5020774849911113,((200,(59,102)1:2.3238706374503972)1:1.345817823088255,((32,93)1:1.5326215168750035,((45,174)1:0.22324355662385337,((75,27)1:1.735367425081464,(131,(161,70)1:0.8923129848426763)1:0.23573067320371366)1:0.38438309280332933)1:1.0153126967156312)1:1.510952821465688)1:0.4611246135213957)1:1.1182521551794822)1:2.510750912114542)1:0.22716371579114583)1:1.0142107959469726)1:0.6200030695752354)1:0.11389180074009836)1:1.0776958511780113)1:0.3275618189112639)1:1.1031392444048147,((136,(190,(7,97)1:1.1049888734162965)1:0.791085728017425)1:2.3488140661309207,((126,150)1:2.1270000934612465,(90,(114,(106,(140,167)1:0.19661929829531125)1:1.0228575585890296)1:0.9760583390172926)1:1.070229610679225)1:0.3695156810771355)1:2.2758592134423288)1:1.0427601645408529)1:0.39320202300730556)1:0.23627302347265236)1:1.1700795300498954)1:2.21974826929504));
Weight calculation took 92.358610781 secs
ASTRAL finished in 133.359 secs
