
================== ASTRAL ===================== 

This is ASTRAL version 5.7.8
Gene trees are treated as unrooted
200 trees read from Dataset/AstralII_data/model.200.10000000.0.000001/46/estimatedgenetre.halfresolved_200
index0
All output trees will be *arbitrarily* rooted at 116

======== Running the main analysis
Number of taxa: 201 (201 species)
Taxa: [116, 199, 184, 192, 14, 85, 141, 58, 148, 30, 46, 132, 37, 182, 198, 189, 171, 160, 44, 69, 195, 56, 103, 68, 120, 13, 197, 11, 47, 121, 72, 95, 84, 75, 32, 93, 27, 45, 174, 161, 70, 131, 200, 59, 102, 155, 29, 122, 88, 165, 194, 180, 6, 128, 137, 176, 87, 163, 146, 191, 0, 109, 133, 183, 24, 55, 79, 111, 41, 162, 39, 196, 26, 62, 36, 159, 101, 8, 31, 119, 104, 130, 166, 156, 152, 49, 135, 153, 169, 108, 4, 15, 158, 149, 168, 19, 96, 115, 82, 5, 125, 100, 20, 186, 1, 138, 91, 144, 34, 76, 71, 129, 105, 42, 89, 3, 86, 53, 64, 172, 74, 48, 124, 80, 77, 25, 98, 83, 9, 92, 179, 52, 54, 94, 38, 113, 40, 23, 187, 63, 139, 66, 12, 147, 177, 43, 61, 106, 140, 114, 167, 126, 150, 90, 136, 7, 97, 190, 51, 18, 81, 185, 117, 193, 151, 154, 123, 178, 22, 21, 175, 188, 142, 50, 127, 60, 67, 16, 157, 164, 17, 10, 170, 2, 134, 143, 78, 107, 65, 145, 57, 73, 28, 110, 173, 112, 99, 35, 33, 118, 181]
Taxon occupancy: {110=200, 111=200, 112=200, 113=200, 114=200, 115=200, 116=200, 117=200, 118=200, 119=200, 10=200, 11=200, 12=200, 13=200, 14=200, 15=200, 16=200, 17=200, 18=200, 19=200, 120=200, 121=200, 0=200, 122=200, 1=200, 123=200, 2=200, 3=200, 124=200, 4=200, 125=200, 5=200, 126=200, 6=200, 127=200, 128=200, 7=200, 8=200, 129=200, 9=200, 20=200, 21=200, 22=200, 23=200, 24=200, 25=200, 26=200, 27=200, 28=200, 29=200, 130=200, 131=200, 132=200, 133=200, 134=200, 135=200, 136=200, 137=200, 138=200, 139=200, 30=200, 31=200, 32=200, 33=200, 34=200, 35=200, 36=200, 37=200, 38=200, 39=200, 140=200, 141=200, 142=200, 143=200, 144=200, 145=200, 146=200, 147=200, 148=200, 149=200, 40=200, 41=200, 42=200, 43=200, 44=200, 45=200, 46=200, 47=200, 48=200, 49=200, 150=200, 151=200, 152=200, 153=200, 154=200, 155=200, 156=200, 157=200, 158=200, 159=200, 50=200, 51=200, 52=200, 53=200, 54=200, 55=200, 56=200, 57=200, 58=200, 59=200, 160=200, 161=200, 162=200, 163=200, 164=200, 165=200, 166=200, 167=200, 168=200, 169=200, 60=200, 61=200, 62=200, 63=200, 64=200, 65=200, 66=200, 67=200, 68=200, 69=200, 170=200, 171=200, 172=200, 173=200, 174=200, 175=200, 176=200, 177=200, 178=200, 179=200, 70=200, 71=200, 72=200, 73=200, 74=200, 75=200, 76=200, 77=200, 78=200, 79=200, 180=200, 181=200, 182=200, 183=200, 184=200, 185=200, 186=200, 187=200, 188=200, 189=200, 80=200, 81=200, 82=200, 83=200, 84=200, 85=200, 86=200, 87=200, 88=200, 89=200, 190=200, 191=200, 192=200, 193=200, 194=200, 195=200, 196=200, 197=200, 198=200, 199=200, 90=200, 91=200, 92=200, 93=200, 94=200, 95=200, 96=200, 97=200, 98=200, 99=200, 200=200, 100=200, 101=200, 102=200, 103=200, 104=200, 105=200, 106=200, 107=200, 108=200, 109=200}
Number of gene trees: 200
0 trees have missing taxa
Calculating quartet distance matrix (for completion of X)
Species tree distances calculated ...
Building set of clusters (X) from gene trees 
------------------------------
gradient0: 8719
Number of Clusters after addition by distance: 8719
calculating extra bipartitions to be added at level 1 ...
Adding to X using resolutions of greedy consensus ...
Limit for sigma of degrees:5075
polytomy size limit : 8
discarded polytomies:  [3, 3, 3, 3, 3, 3, 3, 3, 4, 4, 4, 8]
Threshold 0.0:
Threshold 0.01:
Threshold 0.02:
Threshold 0.05:
Threshold 0.1:
polytomy of size 3; rounds with additions with at least 5 support: 0; clusters: 8719
Threshold 0.2:
polytomy of size 4; rounds with additions with at least 5 support: 0; clusters: 8719
polytomy of size 4; rounds with additions with at least 5 support: 0; clusters: 8719
Threshold 0.3333333333333333:
polytomy of size 3; rounds with additions with at least 5 support: 0; clusters: 8719
polytomy of size 3; rounds with additions with at least 5 support: 0; clusters: 8719
polytomy of size 3; rounds with additions with at least 5 support: 0; clusters: 8719
polytomy of size 3; rounds with additions with at least 5 support: 0; clusters: 8719
polytomy of size 3; rounds with additions with at least 5 support: 0; clusters: 8719
polytomy of size 4; rounds with additions with at least 5 support: 0; clusters: 8719
polytomy of size 3; rounds with additions with at least 5 support: 0; clusters: 8719
polytomy of size 3; rounds with additions with at least 5 support: 0; clusters: 8719
polytomy of size 8; rounds with additions with at least 5 support: 0; clusters: 8719
max k is :0
Number of Clusters after addition by greedy: 8719
gradient0 in heuristiic: 8719
partitions formed in 5.072 secs
Dynamic Programming starting after 5.072 secs
Using tree-based weight calculation.
Using polytree-based weight calculation.
Polytree max score: 13199640705
Polytree building time: 0.305 seconds.
Number of quartet trees in the gene trees: 13199640705
Size of largest cluster: 201
Greedy score: 10908213353
estimationFactor: 1.2100644054023573
Sub-optimal score: 10933755655
Total Number of elements weighted: 16970
Normalized score (portion of input quartet trees satisfied before correcting for multiple individuals): 0.8792470448535591
Optimization score: 11605745083
Optimal tree inferred in 11.964 secs.
(170,(10,((164,17),((16,157),(((57,(65,145)),((134,73),(143,(107,(2,78))))),(67,(123,((185,117),(((193,(151,154)),((22,(178,21)),(188,((175,60),(127,(142,50)))))),(((51,(18,81)),((28,110),(173,(99,(112,(35,33)))))),(((116,199),(((85,141),(184,(192,14))),((58,((148,30),(46,(132,37)))),((189,171),(182,(198,(56,((160,44),(69,195))))))))),(((68,(120,13)),(103,(197,(118,181)))),(((11,47),(121,(72,(95,84)))),(((136,(190,(7,97))),((126,150),(90,(114,(106,(140,167)))))),(((177,(43,(147,61))),(((66,12),(23,(187,(63,139)))),(92,((54,(94,40)),((38,113),(179,52)))))),(((74,(48,124)),((9,(80,83)),(77,(25,98)))),((((153,169),((108,(19,96)),((15,158),(4,(149,168))))),((3,((42,89),(105,(71,129)))),(((1,138),(91,(100,(20,186)))),((76,(144,34)),((5,125),(115,82)))))),((172,(64,(86,53))),((0,(36,((166,156),((130,(119,104)),((159,101),(8,31)))))),(((135,(152,49)),((109,(133,(183,24))),((196,26),((62,(55,79)),(111,(39,(41,162))))))),((163,(191,(87,146))),((6,(128,(137,176))),(((122,180),((165,194),(88,(155,29)))),((200,(59,102)),((32,93),((45,174),((75,27),(131,(161,70)))))))))))))))))))))))))))));
Final quartet score is: 11605745083
Final normalized quartet score is: 0.8792470448535591
Extended species tree:
(116,(199,((((85,141)1:1.93205841229594,(184,(192,14)1:0.49815372720753764)1:2.5167830915153724)1:0.9644770543142035,((58,((148,30)1:0.9469231887617565,(46,(132,37)1:0.5234430856160631)1:1.5055554974244358)0.58:0.04847065915077217)1:1.232481527138775,((189,171)1:2.567471440935909,(182,(198,(56,((160,44)1:0.6562574469917218,(69,195)1:1.4469963315520995)1:0.3935193434740249)1:0.21490168097761134)1:0.34169743523644364)1:0.6611450615709544)1:1.3195794437449873)1:1.405403240494384)1:1.264237848136369,((((68,(120,13)1:1.3137598516624158)1:2.2859334594016056,(103,(197,(118,181)1:1.131979312813344)1:1.3878272391128725)1:1.4498907310642244)1:1.3465061206810436,(((11,47)1:1.5533032184023927,(121,(72,(95,84)1:1.1605309971143591)1:0.42015694475179416)1:1.4933998179563248)1:2.059140689924907,(((136,(190,(7,97)1:0.9658900154124059)1:0.9089967672767388)1:1.7225257259936715,((126,150)1:2.0399486343439137,(90,(114,(106,(140,167)1:0.2629637204508772)1:0.8208617484735568)1:0.8555048645252156)1:1.0697868777890933)1:0.3140195956893685)1:2.419836097888781,(((177,(43,(147,61)1:1.6398118886460311)1:1.7269021294214242)1:1.2764198165209117,(((66,12)1:2.046631348278997,(23,(187,(63,139)1:2.0033226058566296)1:1.735782517315986)1:0.21718299974686694)1:1.1486184401819,(92,((54,(94,40)0.62:0.06555426525740665)1:2.4935800996321063,((38,113)1:1.3558510640579873,(179,52)1:1.6372084063262415)1:0.8320343710060575)1:1.1050322026852837)1:0.6377833591744677)1:0.4406507923377398)1:2.87649547290451,(((74,(48,124)1:2.064626455894696)1:1.5087524871052682,((9,(80,83)1:0.9082947435542512)1:1.6295065529119406,(77,(25,98)1:1.8072565888509544)1:1.3599820229690924)1:2.492606198802514)1:0.8941848977448357,((((153,169)1:2.285933459401604,((108,(19,96)1:0.8208766209018643)0.55:0.034734355754533104,((15,158)1:0.23719388322149543,(4,(149,168)1:0.16999955446146198)1:0.7508051726810938)1:1.7004834466428287)1:1.2229937830851187)1:2.6964335116916858,((3,((42,89)1:3.287381999616064,(105,(71,129)1:1.496954048115258)1:1.6596616730083553)1:0.1860714030274321)1:1.8049739120812802,(((1,138)1:0.7100016025737037,(91,(100,(20,186)1:1.2835231840991528)1:0.5411309732613194)1:0.42481616028081426)1:2.159104314807176,((76,(144,34)1:1.6397432619294297)1:2.3523085283464744,((5,125)1:3.104389713244949,(115,82)1:2.4999445271525413)1:0.6948411826590449)1:0.18383641166290027)1:1.3563825931685969)1:1.5444706123838774)1:1.060242485179454,((172,(64,(86,53)1:1.1090070364416678)1:0.8479546914536634)1:3.178939462095208,((0,(36,((166,156)1:1.7286955792385086,((130,(119,104)1:0.45525713089067427)1:1.9879212096084655,((159,101)1:0.17472057366566995,(8,31)1:1.6353489381744584)1:1.1924000827759489)1:0.4853151130606763)1:1.2461039357305848)1:1.6752049671425893)1:0.6708647214249109,(((135,(152,49)1:2.0074177870103864)1:2.7735262640244045,((109,(133,(183,24)1:1.4572371844759207)1:0.34278807109038734)1:2.69009809265323,((196,26)1:0.3774108424179107,((62,(55,79)0.49:0.02318529339711668)1:2.1821469883127658,(111,(39,(41,162)0.94:0.11363581868410617)1:0.36326496390413393)1:1.6104428624315457)1:1.1764225709044167)1:2.056723740100174)1:1.5940323368287876)1:1.651032146404405,((163,(191,(87,146)0.94:0.1122630084121532)0.63:0.04381846246943008)1:2.9648757069300156,((6,(128,(137,176)0.95:0.11039014559665836)1:2.160722545717111)1:1.1544353504475264,(((122,180)1:2.676819357980919,((165,194)1:2.270512810121146,(88,(155,29)1:0.49161340631910877)1:1.6728601921446942)0.99:0.14306533584966852)1:0.5411573895020259,((200,(59,102)1:2.1127038616590403)1:1.505302185060792,((32,93)1:1.5571414899512275,((45,174)1:0.30411632156140395,((75,27)1:1.8055612524920648,(131,(161,70)1:0.965024362137362)1:0.18672508520038056)1:0.4327120939667668)1:0.9285950146349314)1:1.4577673922081216)1:0.36718353419842475)1:1.1341661916278003)1:2.1198541052911013)1:0.2305803331455878)1:0.8466397424843964)1:0.562098075467403)0.98:0.13787917685000123)1:1.1085287087684579)1:0.2576378260103247)1:1.0574865214669105)1:1.1153044693520786)1:0.4331417858154985)1:0.21012623885996912,(((51,(18,81)1:0.22515257846098993)1:2.0914243231483147,((28,110)1:2.5182936658207353,(173,(99,(112,(35,33)1:0.47419421568257664)0.93:0.1016927294198639)1:1.1527070088780904)1:0.8398437908257166)1:2.1695536169248113)1:0.9120177492788867,(((193,(151,154)1:0.8741128049427642)1:1.9375154118048787,((22,(178,21)1:0.672997002527514)1:2.5297400998462387,(188,((175,60)1:0.7093604277589705,(127,(142,50)0.95:0.13045516538205768)1:0.964116337212497)1:0.4224352747099047)1:1.5746914224327062)1:1.3165033314938672)1:1.0340809876480965,((185,117)1:1.1230376888466596,(123,(67,(((57,(65,145)1:1.4968107826295869)1:0.8979521936691984,((134,73)1:0.24606743387135085,(143,(107,(2,78)0.45:0.020227569101540253)1:1.0976799586318748)1:1.2387369068289698)1:1.683976516906255)1:0.4497421375388489,((16,157)1:1.9550215666822042,((164,17)1:1.8995726707937315,(10,170)1:1.301223143174598)1:1.836788060276278)1:0.4332285435014159)1:1.2332468847302749)1:1.0258465304989484)0.88:0.08701743438343579)0.79:0.07181426104721136)1:0.49211387187041383)1:0.16774106512877823)1:1.0302524818347805)1:2.0463908480039206));
Weight calculation took 5.862330583 secs
ASTRAL finished in 14.144 secs
