
================== ASTRAL ===================== 

This is ASTRAL version 5.7.8
Gene trees are treated as unrooted
200 trees read from Dataset/AstralII_data/model.200.2000000.0.000001/36/estimatedgenetre.halfresolved_200
index0
All output trees will be *arbitrarily* rooted at 123

======== Running the main analysis
Number of taxa: 201 (201 species)
Taxa: [123, 150, 119, 107, 199, 192, 37, 126, 69, 49, 151, 19, 172, 0, 115, 146, 162, 59, 149, 176, 121, 30, 22, 58, 9, 181, 13, 144, 63, 15, 35, 124, 38, 180, 41, 113, 92, 148, 65, 110, 43, 27, 42, 62, 194, 187, 171, 108, 29, 183, 28, 100, 72, 84, 137, 97, 71, 25, 79, 55, 70, 130, 152, 26, 116, 64, 85, 179, 169, 4, 95, 153, 54, 174, 145, 135, 83, 111, 185, 160, 73, 140, 21, 197, 68, 103, 90, 87, 122, 7, 157, 96, 101, 154, 133, 129, 60, 182, 16, 11, 36, 131, 74, 175, 45, 32, 93, 20, 105, 91, 134, 52, 112, 173, 159, 178, 142, 184, 139, 17, 6, 46, 191, 125, 156, 166, 102, 114, 8, 128, 56, 117, 99, 164, 31, 78, 50, 24, 158, 51, 61, 138, 106, 170, 196, 168, 80, 81, 12, 200, 177, 88, 57, 98, 10, 143, 198, 193, 136, 186, 161, 3, 77, 195, 1, 47, 86, 14, 132, 118, 33, 104, 40, 163, 188, 18, 67, 53, 66, 44, 167, 109, 94, 2, 155, 48, 89, 34, 75, 5, 127, 147, 189, 165, 120, 39, 82, 141, 76, 190, 23]
Taxon occupancy: {110=200, 111=200, 112=200, 113=200, 114=200, 115=200, 116=200, 117=200, 118=200, 119=200, 10=200, 11=200, 12=200, 13=200, 14=200, 15=200, 16=200, 17=200, 18=200, 19=200, 120=200, 0=200, 121=200, 122=200, 1=200, 123=200, 2=200, 124=200, 3=200, 4=200, 125=200, 126=200, 5=200, 6=200, 127=200, 7=200, 128=200, 129=200, 8=200, 9=200, 20=200, 21=200, 22=200, 23=200, 24=200, 25=200, 26=200, 27=200, 28=200, 29=200, 130=200, 131=200, 132=200, 133=200, 134=200, 135=200, 136=200, 137=200, 138=200, 139=200, 30=200, 31=200, 32=200, 33=200, 34=200, 35=200, 36=200, 37=200, 38=200, 39=200, 140=200, 141=200, 142=200, 143=200, 144=200, 145=200, 146=200, 147=200, 148=200, 149=200, 40=200, 41=200, 42=200, 43=200, 44=200, 45=200, 46=200, 47=200, 48=200, 49=200, 150=200, 151=200, 152=200, 153=200, 154=200, 155=200, 156=200, 157=200, 158=200, 159=200, 50=200, 51=200, 52=200, 53=200, 54=200, 55=200, 56=200, 57=200, 58=200, 59=200, 160=200, 161=200, 162=200, 163=200, 164=200, 165=200, 166=200, 167=200, 168=200, 169=200, 60=200, 61=200, 62=200, 63=200, 64=200, 65=200, 66=200, 67=200, 68=200, 69=200, 170=200, 171=200, 172=200, 173=200, 174=200, 175=200, 176=200, 177=200, 178=200, 179=200, 70=200, 71=200, 72=200, 73=200, 74=200, 75=200, 76=200, 77=200, 78=200, 79=200, 180=200, 181=200, 182=200, 183=200, 184=200, 185=200, 186=200, 187=200, 188=200, 189=200, 80=200, 81=200, 82=200, 83=200, 84=200, 85=200, 86=200, 87=200, 88=200, 89=200, 190=200, 191=200, 192=200, 193=200, 194=200, 195=200, 196=200, 197=200, 198=200, 199=200, 90=200, 91=200, 92=200, 93=200, 94=200, 95=200, 96=200, 97=200, 98=200, 99=200, 200=200, 100=200, 101=200, 102=200, 103=200, 104=200, 105=200, 106=200, 107=200, 108=200, 109=200}
Number of gene trees: 200
0 trees have missing taxa
Calculating quartet distance matrix (for completion of X)
Species tree distances calculated ...
Building set of clusters (X) from gene trees 
------------------------------
gradient0: 11305
Number of Clusters after addition by distance: 11305
calculating extra bipartitions to be added at level 1 ...
Adding to X using resolutions of greedy consensus ...
Limit for sigma of degrees:5075
polytomy size limit : 20
discarded polytomies:  [3, 3, 3, 3, 3, 3, 3, 3, 3, 3, 3, 3, 3, 3, 4, 4, 4, 4, 4, 6, 10, 11, 20]
Threshold 0.0:
Threshold 0.01:
Threshold 0.02:
polytomy of size 3; rounds with additions with at least 5 support: 1; clusters: 11309
Threshold 0.05:
polytomy of size 3; rounds with additions with at least 5 support: 0; clusters: 11309
polytomy of size 6; rounds with additions with at least 5 support: 0; clusters: 11313
Threshold 0.1:
polytomy of size 10; rounds with additions with at least 5 support: 0; clusters: 11315
Threshold 0.2:
polytomy of size 3; rounds with additions with at least 5 support: 0; clusters: 11315
polytomy of size 3; rounds with additions with at least 5 support: 0; clusters: 11315
polytomy of size 3; rounds with additions with at least 5 support: 0; clusters: 11315
polytomy of size 11; rounds with additions with at least 5 support: 0; clusters: 11315
Threshold 0.3333333333333333:
polytomy of size 4; rounds with additions with at least 5 support: 0; clusters: 11315
polytomy of size 3; rounds with additions with at least 5 support: 0; clusters: 11315
polytomy of size 3; rounds with additions with at least 5 support: 0; clusters: 11315
polytomy of size 3; rounds with additions with at least 5 support: 0; clusters: 11315
polytomy of size 4; rounds with additions with at least 5 support: 0; clusters: 11315
polytomy of size 4; rounds with additions with at least 5 support: 0; clusters: 11315
polytomy of size 4; rounds with additions with at least 5 support: 0; clusters: 11315
polytomy of size 3; rounds with additions with at least 5 support: 0; clusters: 11315
polytomy of size 3; rounds with additions with at least 5 support: 0; clusters: 11315
polytomy of size 4; rounds with additions with at least 5 support: 0; clusters: 11315
polytomy of size 3; rounds with additions with at least 5 support: 0; clusters: 11315
polytomy of size 3; rounds with additions with at least 5 support: 0; clusters: 11315
polytomy of size 3; rounds with additions with at least 5 support: 0; clusters: 11315
polytomy of size 3; rounds with additions with at least 5 support: 0; clusters: 11315
polytomy of size 20; rounds with additions with at least 5 support: 0; clusters: 11315
max k is :2
Number of Clusters after addition by greedy: 11315
gradient0 in heuristiic: 11315
partitions formed in 6.166 secs
Dynamic Programming starting after 6.166 secs
Using tree-based weight calculation.
Using polytree-based weight calculation.
Polytree max score: 13199669604
Polytree building time: 0.269 seconds.
Number of quartet trees in the gene trees: 13199669604
Size of largest cluster: 201
Greedy score: 8554038733
estimationFactor: 1.5430921014044465
Sub-optimal score: 9151885550
Total Number of elements weighted: 21870
Normalized score (portion of input quartet trees satisfied before correcting for multiple individuals): 0.7002291981762243
Optimization score: 9242794063
Optimal tree inferred in 15.813 secs.
(94,(2,(109,(167,(44,((57,98),(((155,48),(((141,76),(190,23)),((89,34),((75,5),(82,((120,39),(127,(165,(147,189))))))))),(0,(((198,(((133,129),(16,(60,182))),(122,((101,154),(7,(157,96)))))),((21,(197,68)),((10,143),(((51,61),(138,(106,170))),((196,168),((200,177),(88,(81,(80,12))))))))),(((160,(73,140)),(((91,((52,(134,112)),(178,(173,159)))),((11,36),((131,74),((45,32),(105,(93,(175,20))))))),((66,((199,(123,150)),((192,37),(119,107)))),(((136,161),(186,3)),(77,(195,(47,(86,(1,14))))))))),((((6,(46,191)),((25,(79,(55,70))),((72,84),(71,(137,97))))),((((41,(113,92)),(148,(110,(65,43)))),(((108,29),(183,28)),((62,187),(171,(100,(194,(27,42))))))),((115,146),(((63,15),(124,(38,(35,180)))),(130,((162,(149,(59,176))),(22,((13,144),((121,30),(181,(58,9))))))))))),(((193,((184,139),(142,17))),((111,185),((26,(152,116)),((54,(145,(83,(174,135)))),((95,153),(64,(179,(85,(169,4))))))))),((((126,69),(49,(151,(19,172)))),((132,118),((67,53),((188,18),(33,(40,(104,163))))))),((128,(103,(90,87))),(((114,8),(125,(156,(166,102)))),((56,(78,(117,99))),((164,31),(50,(24,158)))))))))))))))))));
Final quartet score is: 9242794063
Final normalized quartet score is: 0.7002291981762243
Extended species tree:
(123,(150,(199,(((192,37)1:1.0693639435366873,(119,107)1:1.4968116373432248)1:1.1822372756962207,(66,((((136,161)0.98:0.1356658651531553,(186,3)1:0.2901789526503681)1:2.8941100800067683,(77,(195,(47,(86,(1,14)0.98:0.13536374382756586)0.74:0.061678760830607283)1:0.6588649520362392)1:0.4662906685959222)1:0.9967083535325283)1:3.539160264333993,(((91,((52,(134,112)1:0.17929583587741751)1:2.1250908341405634,(178,(173,159)1:0.18830959863857716)1:2.007468042054746)1:1.8110236970957783)1:1.3735594424981534,((11,36)1:3.799227511282799,((131,74)1:0.36524030679765557,((45,32)1:0.22501096548900523,(105,(93,(175,20)0.97:0.12728358640035092)1:0.4264330857273707)0.97:0.12289798913013565)1:2.206596717165083)1:1.7267546389190593)1:1.8957998221057015)1:0.9506250319879511,((160,(73,140)1:1.8533173622274888)1:3.4048667739088723,(((((6,(46,191)1:2.2387818036289833)1:0.3728421556572171,((25,(79,(55,70)1:0.854877141393811)1:1.58346922532585)1:1.0252508637681725,((72,84)0.93:0.10477968911971759,(71,(137,97)0.64:0.04870494052834246)1:0.7273454981459675)1:2.7480174615092747)1:2.309625003724957)0.96:0.12100525592239222,((((41,(113,92)1:2.6961359318106455)1:1.0700391871216712,(148,(110,(65,43)1:0.35443756589979086)1:0.9858167945227654)1:3.208517796704574)0.83:0.07604069604905662,(((108,29)1:1.4464029785033339,(183,28)1:2.4543898638412585)1:0.7129869536475815,((62,187)1:0.6646750205740379,(171,(100,(194,(27,42)1:0.46726353027291867)1:1.0681506188786818)1:0.38395728267866375)1:0.5460332686041718)1:0.20146353826410288)1:1.8773088394156647)1:0.6411962024340646,((115,146)1:4.797756341393916,(((63,15)1:4.644390899141359,(124,(38,(35,180)1:0.6074495461966049)1:1.5193171865403643)1:0.7420598168288558)1:0.27745417448773785,(130,((162,(149,(59,176)1:1.0690886159006372)1:1.3028945691504554)1:1.337465339339157,(22,((13,144)1:2.6776283077465,((121,30)1:1.4962456716063053,(181,(58,9)1:2.4971934937806513)1:0.23235716571742468)0.47:0.04459544301411805)1:0.45037236349326015)1:0.9258984822860844)0.99:0.15750744572543224)1:0.8170868818207485)1:0.261770880576651)1:0.5982739514464486)1:0.647875032656716)1:0.8074915813389589,(((193,((184,139)1:0.9557652843485098,(142,17)1:0.4729323778205265)1:2.5952547069568657)1:1.444971826262286,((111,185)1:4.897839799950916,((26,(152,116)1:0.18721819334606551)1:0.8863607729065468,((54,(145,(83,(174,135)0.95:0.11858899128761528)1:0.7006378522891029)1:2.007468042054749)1:2.377841830351639,((95,153)1:1.3430810136700646,(64,(179,(85,(169,4)1:0.6071728253370042)1:0.3924338608497055)1:2.104631790508392)1:0.8611616641510998)1:1.3896102846900118)1:1.221387474141081)1:0.96659451936264)1:0.4281911740053722)0.43:0.019183522605777964,((((126,69)1:0.9809057963161381,(49,(151,(19,172)1:0.9096978586995594)0.54:0.030363922081423102)1:1.0335536674443866)1:2.8942983758991367,((132,118)1:1.5701095701706285,((67,53)1:0.4300178051140438,((188,18)1:2.125892308896938,(33,(40,(104,163)0.85:0.08598398667590497)0.43:0.015037877364540559)1:2.904943543432179)1:0.5347081734959616)1:1.1721463727142583)1:2.1397204017109326)1:0.5724495027328055,((128,(103,(90,87)1:2.9383142488776035)1:0.8794922766593334)1:0.4592995461671169,(((114,8)1:3.88623888827243,(125,(156,(166,102)1:0.5033906452784724)1:1.953133691091418)0.56:0.039373295274269686)1:1.5971692877203443,((56,(78,(117,99)1:0.27227298605517414)0.83:0.07821343502451442)1:0.9090293795699018,((164,31)1:1.006019501840285,(50,(24,158)1:0.2632579246306988)1:0.6565130473801647)1:2.7234432551708943)1:0.9684681561881521)1:1.6885652724310651)1:0.509425009896974)1:0.21907142728817683)0.75:0.061851891092297814)1:0.3718036627480606,(((198,(((133,129)1:3.000719815065031,(16,(60,182)1:1.37147927533475)1:1.4156582387113776)1:0.9221009801366581,(122,((101,154)1:1.0985361417044335,(7,(157,96)1:0.7550257919713644)1:0.9228899029954677)1:1.037110088910316)1:2.980917187768848)1:1.055539335025677)1:0.8367075347750048,((21,(197,68)1:0.8724881092157623)1:3.1489409328588747,((10,143)1:3.4538931666265,(((51,61)1:1.3051042063898777,(138,(106,170)1:0.3872023183017584)1:0.7747458244428247)1:3.431502731157484,((196,168)1:2.8183982582710745,((200,177)0.86:0.08194127498156083,(88,(81,(80,12)1:0.3435376930787357)1:0.4551586842467864)1:0.26597775042538635)1:1.8727499617673649)1:0.5399269339050738)1:2.0329926538863243)1:0.7178807305412878)1:0.2699453710410068)0.85:0.08092804877453055,(0,(((155,48)1:4.022371062597011,(((141,76)1:0.5540343780972276,(190,23)1:1.2342781538212648)1:4.0186917853569915,((89,34)1:3.2758494214456855,((75,5)1:3.7498706143127087,(82,((120,39)1:0.46998832128789336,(127,(165,(147,189)1:0.24440869034556642)1:0.19710565925547094)1:0.5240629130271386)1:1.993957205799995)1:0.7677695406333053)1:1.3665819546557627)1:0.28934182387014507)1:0.42490878709138824)1:0.9367514846896372,((57,98)1:4.204692619390971,(44,(167,(109,(2,94)1:3.288401887516811)1:1.92223254067958)1:0.4046087888961716)1:0.1860135461426578)1:0.40887338883366386)1:0.9110536158043393)0.69:0.051970414302140215)0.37:0.003718753682921906)0.81:0.07312175783527453)0.96:0.11821470424397852)1:0.955078811229198)1:0.18200352564868602)1:2.9807775043420666)1:0.6637332953536519)1:1.3407616342237152));
Weight calculation took 8.45134946 secs
ASTRAL finished in 18.539 secs
