
================== ASTRAL ===================== 

This is ASTRAL version 5.7.8
Gene trees are treated as unrooted
1000 trees read from Dataset/AstralII_data/model.200.2000000.0.000001/15/estimatedgenetre.halfresolved
index0
All output trees will be *arbitrarily* rooted at 155

======== Running the main analysis
Number of taxa: 201 (201 species)
Taxa: [155, 32, 16, 78, 86, 6, 156, 103, 58, 76, 19, 66, 47, 97, 87, 163, 22, 9, 122, 185, 199, 145, 166, 164, 114, 111, 147, 182, 11, 28, 88, 0, 188, 38, 117, 183, 33, 112, 170, 167, 31, 53, 189, 42, 123, 29, 89, 178, 67, 15, 98, 102, 107, 77, 60, 162, 99, 141, 21, 2, 46, 48, 1, 83, 192, 92, 161, 110, 37, 127, 50, 41, 51, 160, 135, 184, 81, 3, 172, 128, 153, 149, 20, 55, 72, 44, 14, 193, 43, 56, 165, 35, 125, 134, 85, 168, 195, 25, 196, 61, 54, 70, 132, 49, 144, 129, 82, 154, 64, 136, 24, 174, 158, 118, 186, 175, 200, 30, 80, 62, 63, 108, 7, 181, 130, 148, 93, 152, 45, 187, 191, 120, 194, 157, 139, 5, 90, 146, 4, 106, 159, 137, 173, 26, 179, 10, 109, 65, 138, 121, 101, 27, 198, 142, 105, 100, 115, 12, 91, 13, 113, 151, 95, 74, 36, 150, 116, 171, 197, 8, 79, 71, 96, 59, 69, 57, 119, 180, 23, 39, 84, 190, 143, 169, 68, 124, 94, 133, 140, 75, 18, 40, 176, 73, 52, 177, 131, 104, 17, 34, 126]
Taxon occupancy: {110=1000, 111=1000, 112=1000, 113=1000, 114=1000, 115=1000, 116=1000, 117=1000, 118=1000, 119=1000, 10=1000, 11=1000, 12=1000, 13=1000, 14=1000, 15=1000, 16=1000, 17=1000, 18=1000, 19=1000, 120=1000, 0=1000, 121=1000, 122=1000, 1=1000, 123=1000, 2=1000, 3=1000, 124=1000, 125=1000, 4=1000, 5=1000, 126=1000, 6=1000, 127=1000, 128=1000, 7=1000, 129=1000, 8=1000, 9=1000, 20=1000, 21=1000, 22=1000, 23=1000, 24=1000, 25=1000, 26=1000, 27=1000, 28=1000, 29=1000, 130=1000, 131=1000, 132=1000, 133=1000, 134=1000, 135=1000, 136=1000, 137=1000, 138=1000, 139=1000, 30=1000, 31=1000, 32=1000, 33=1000, 34=1000, 35=1000, 36=1000, 37=1000, 38=1000, 39=1000, 140=1000, 141=1000, 142=1000, 143=1000, 144=1000, 145=1000, 146=1000, 147=1000, 148=1000, 149=1000, 40=1000, 41=1000, 42=1000, 43=1000, 44=1000, 45=1000, 46=1000, 47=1000, 48=1000, 49=1000, 150=1000, 151=1000, 152=1000, 153=1000, 154=1000, 155=1000, 156=1000, 157=1000, 158=1000, 159=1000, 50=1000, 51=1000, 52=1000, 53=1000, 54=1000, 55=1000, 56=1000, 57=1000, 58=1000, 59=1000, 160=1000, 161=1000, 162=1000, 163=1000, 164=1000, 165=1000, 166=1000, 167=1000, 168=1000, 169=1000, 60=1000, 61=1000, 62=1000, 63=1000, 64=1000, 65=1000, 66=1000, 67=1000, 68=1000, 69=1000, 170=1000, 171=1000, 172=1000, 173=1000, 174=1000, 175=1000, 176=1000, 177=1000, 178=1000, 179=1000, 70=1000, 71=1000, 72=1000, 73=1000, 74=1000, 75=1000, 76=1000, 77=1000, 78=1000, 79=1000, 180=1000, 181=1000, 182=1000, 183=1000, 184=1000, 185=1000, 186=1000, 187=1000, 188=1000, 189=1000, 80=1000, 81=1000, 82=1000, 83=1000, 84=1000, 85=1000, 86=1000, 87=1000, 88=1000, 89=1000, 190=1000, 191=1000, 192=1000, 193=1000, 194=1000, 195=1000, 196=1000, 197=1000, 198=1000, 199=1000, 90=1000, 91=1000, 92=1000, 93=1000, 94=1000, 95=1000, 96=1000, 97=1000, 98=1000, 99=1000, 200=1000, 100=1000, 101=1000, 102=1000, 103=1000, 104=1000, 105=1000, 106=1000, 107=1000, 108=1000, 109=1000}
Number of gene trees: 1000
0 trees have missing taxa
Calculating quartet distance matrix (for completion of X)
Species tree distances calculated ...
Building set of clusters (X) from gene trees 
------------------------------
gradient0: 60935
Number of Clusters after addition by distance: 60935
calculating extra bipartitions to be added at level 1 ...
Adding to X using resolutions of greedy consensus ...
Limit for sigma of degrees:5075
polytomy size limit : 35
discarded polytomies:  [3, 3, 3, 3, 3, 3, 3, 3, 3, 3, 3, 3, 3, 4, 4, 4, 4, 4, 5, 5, 5, 5, 5, 5, 5, 5, 5, 6, 7, 8, 10, 13, 35]
Threshold 0.0:
Threshold 0.01:
polytomy of size 4; rounds with additions with at least 5 support: 0; clusters: 60939
Threshold 0.02:
polytomy of size 5; rounds with additions with at least 5 support: 0; clusters: 60947
Threshold 0.05:
polytomy of size 8; rounds with additions with at least 5 support: 0; clusters: 60947
Threshold 0.1:
polytomy of size 3; rounds with additions with at least 5 support: 0; clusters: 60947
polytomy of size 4; rounds with additions with at least 5 support: 0; clusters: 60947
polytomy of size 10; rounds with additions with at least 5 support: 0; clusters: 60947
Threshold 0.2:
polytomy of size 4; rounds with additions with at least 5 support: 0; clusters: 60947
polytomy of size 5; rounds with additions with at least 5 support: 0; clusters: 60947
polytomy of size 3; rounds with additions with at least 5 support: 0; clusters: 60947
polytomy of size 5; rounds with additions with at least 5 support: 0; clusters: 60947
polytomy of size 3; rounds with additions with at least 5 support: 0; clusters: 60947
polytomy of size 6; rounds with additions with at least 5 support: 0; clusters: 60947
polytomy of size 3; rounds with additions with at least 5 support: 0; clusters: 60947
polytomy of size 3; rounds with additions with at least 5 support: 0; clusters: 60947
polytomy of size 5; rounds with additions with at least 5 support: 0; clusters: 60947
polytomy of size 5; rounds with additions with at least 5 support: 0; clusters: 60947
polytomy of size 3; rounds with additions with at least 5 support: 0; clusters: 60947
polytomy of size 13; rounds with additions with at least 5 support: 0; clusters: 60947
Threshold 0.3333333333333333:
polytomy of size 3; rounds with additions with at least 5 support: 0; clusters: 60947
polytomy of size 5; rounds with additions with at least 5 support: 0; clusters: 60947
polytomy of size 7; rounds with additions with at least 5 support: 0; clusters: 60947
polytomy of size 4; rounds with additions with at least 5 support: 0; clusters: 60947
polytomy of size 3; rounds with additions with at least 5 support: 0; clusters: 60947
polytomy of size 5; rounds with additions with at least 5 support: 0; clusters: 60947
polytomy of size 4; rounds with additions with at least 5 support: 0; clusters: 60947
polytomy of size 3; rounds with additions with at least 5 support: 0; clusters: 60947
polytomy of size 3; rounds with additions with at least 5 support: 0; clusters: 60947
polytomy of size 3; rounds with additions with at least 5 support: 0; clusters: 60947
polytomy of size 5; rounds with additions with at least 5 support: 0; clusters: 60947
polytomy of size 3; rounds with additions with at least 5 support: 0; clusters: 60947
polytomy of size 5; rounds with additions with at least 5 support: 0; clusters: 60947
polytomy of size 3; rounds with additions with at least 5 support: 0; clusters: 60947
polytomy of size 35; rounds with additions with at least 5 support: 0; clusters: 60947
max k is :0
Number of Clusters after addition by greedy: 60947
gradient0 in heuristiic: 60947
partitions formed in 41.242 secs
Dynamic Programming starting after 41.242 secs
Using tree-based weight calculation.
Using polytree-based weight calculation.
Polytree max score: 65996346708
Polytree building time: 2.967 seconds.
Number of quartet trees in the gene trees: 65996346708
Size of largest cluster: 201
Greedy score: 39644540313
estimationFactor: 1.6647020292566963
Sub-optimal score: 42141325909
Calculated 100000 weights; time (seconds): 264
Calculated 200000 weights; time (seconds): 219
Total Number of elements weighted: 241534
Normalized score (portion of input quartet trees satisfied before correcting for multiple individuals): 0.6730171959293598
Optimization score: 44416676203
Optimal tree inferred in 584.3 secs.
(116,((74,(36,150)),((96,((69,(79,71)),(171,(197,(8,59))))),(((101,((27,198),(65,(138,121)))),(142,(105,((13,(12,91)),(115,(113,(100,(151,95)))))))),((((169,68),(57,((190,143),(39,84)))),((94,133),((124,(177,(131,(104,17)))),(140,(75,((73,52),(18,(40,176)))))))),((((22,(163,(9,122))),((23,(119,180)),(((173,10),(26,(179,109))),((159,137),(146,(4,106)))))),((19,(34,126)),(88,((87,(66,(47,97))),((199,145),((11,28),(166,(185,((164,114),(147,(111,182))))))))))),(160,((0,(((46,(21,2)),((157,139),(194,((5,90),(120,(187,191)))))),((50,(41,51)),((48,1),(127,(37,(110,((83,192),(92,161))))))))),((((32,16),((155,(103,(58,76))),(156,(6,(78,86))))),((((148,93),(25,196)),((130,152),(45,(7,181)))),(61,(195,(((82,154),(129,((54,70),(132,(49,144))))),(((63,108),(30,(175,200))),((136,(64,(24,174))),((80,62),(158,(118,186)))))))))),(141,((((107,77),(98,102)),(15,((188,(38,117)),(((53,189),(167,(170,(33,(183,112))))),((31,42),((29,89),(178,(123,67)))))))),((125,(134,(85,168))),(((14,(135,184)),((193,35),(165,(43,56)))),(81,((60,(72,44)),((162,99),((128,(153,149)),((3,172),(20,55)))))))))))))))))));
Final quartet score is: 44416676203
Final normalized quartet score is: 0.6730171959293598
Extended species tree:
(155,((103,(58,76)1:0.3013065243946506)1:0.4955269414454874,((156,(6,(78,86)0.99:0.06827066589076254)1:1.3743205363513809)1:1.1948259223503963,((32,16)1:3.2493292472540034,(((((148,93)1:3.6986171161477426,(25,196)1:3.0251192631450063)1:0.5301230246895317,((130,152)1:1.4230677156123646,(45,(7,181)1:4.173797125293074)0.96:0.053369388758056885)1:1.289516394523292)1:0.9562528685461591,(61,(195,(((82,154)1:0.4567180836609014,(129,((54,70)1:0.43939927521050454,(132,(49,144)1:1.294763858550906)1:0.19580918274038756)0.64:0.03197431697516553)1:1.949803002612434)1:0.7117712568859182,(((63,108)1:1.9077119272852525,(30,(175,200)1:1.2433472183331662)1:1.1737109320016192)0.99:0.06367020663625671,((136,(64,(24,174)1:0.540631921196638)1:0.8862466586022563)1:0.7141479956695336,((80,62)1:3.0102752194745133,(158,(118,186)1:0.14606081136775562)1:0.7779427361428194)0.73:0.02658998749173163)1:0.2376999160309097)1:1.1040409707013739)1:1.6905276173050299)1:0.13105597775655278)1:0.32355846966307716)0.99:0.0674599932647113,((141,((((107,77)1:2.4003107497726663,(98,102)1:0.88050288934711)1:0.44019012801668506,(15,((188,(38,117)1:0.5215654799517226)1:1.7186757632291316,(((53,189)1:2.0442661999323253,(167,(170,(33,(183,112)0.56:0.03085866179481734)1:0.19476639793780115)0.79:0.044062391123688614)1:1.8084423710526705)1:0.15065061025791657,((31,42)1:1.5846656929605125,((29,89)1:1.0622654116920633,(178,(123,67)1:0.18118916578215666)1:0.5380878848808307)1:0.39857052059464704)1:0.15219053487030254)1:0.27805625449903304)0.97:0.054620886672050895)1:0.915569250778125)1:2.5958094593360186,((125,(134,(85,168)1:0.13933645444688655)1:1.710737407746367)1:0.6729792465151256,(((14,(135,184)1:3.882890455227479)1:0.5778707913999919,((193,35)1:1.1717546602640079,(165,(43,56)1:0.08624384440403045)1:0.16924910453984351)1:2.5965638234324926)0.94:0.04627288203012061,(81,((60,(72,44)1:2.575200967091182)1:0.09081308828028406,((162,99)1:3.1842139727620062,((128,(153,149)1:1.204221668566699)1:1.3922156914673705,((3,172)1:1.7972717586774745,(20,55)1:2.0583418600291616)1:0.3883609500144536)1:0.1346143194909944)1:0.32041246868546264)1:0.6445384030408998)0.89:0.03923364256381146)1:0.12112359737150817)1:0.7490796566396867)1:0.21271487612563408)1:0.12747184169009568,((0,(((46,(21,2)1:0.41060621325965535)1:4.097696347764181,((157,139)1:3.791205772210156,(194,((5,90)1:0.2984454661499503,(120,(187,191)1:0.5910354363184316)1:1.4575495242870056)1:0.39744573841757636)1:0.17978430918004845)1:0.4788552674903308)1:0.6875893612629371,((50,(41,51)1:4.216993172226791)1:0.7619129288533163,((48,1)1:2.632233596074211,(127,(37,(110,((83,192)1:2.071763994769017,(92,161)1:1.3272123369869386)1:0.8875584411108776)1:0.49802400118875423)1:0.49641606116635434)1:0.1344063243263014)1:0.9730166858516901)1:0.30556929968243896)1:0.08355977491955464)1:0.13402785871975362,(160,((((22,(163,(9,122)1:0.5373242487015285)1:0.9257872253649924)1:2.883971423643534,((23,(119,180)1:0.07567611935959676)1:2.7978923852279673,(((173,10)1:0.1296220146801507,(26,(179,109)1:0.5333292005801308)1:0.4434290117377883)1:1.127656902409769,((159,137)1:1.8455337011188027,(146,(4,106)0.87:0.03997310483293943)1:2.3886340341123358)1:0.6729637356059621)1:0.46230056686531706)1:1.3547751132355468)1:1.139869557595468,((19,(34,126)1:1.9265985630853475)0.99:0.06255702212944006,(88,((87,(66,(47,97)1:0.10966813666050988)1:0.34937614908950054)1:0.9979112759816783,((199,145)1:0.8688561260744989,((11,28)1:1.1237559743511336,(166,(185,((164,114)1:0.8735516875776499,(147,(111,182)1:0.5785525059393635)1:0.2827848481143959)1:0.08431275579958603)1:0.387044934966132)1:0.5366774953067707)0.68:0.023126653947501293)1:1.0375208639691675)0.49:0.019937049337163684)1:0.22424573313267515)1:0.7683159963090485)1:0.4286557487899222,((((169,68)1:3.995646410695592,(57,((190,143)1:2.396174219942376,(39,84)1:2.9832008350553143)1:2.243337252315668)1:0.32526019819124724)1:0.18397865811684716,((94,133)1:1.684938106240675,((124,(177,(131,(104,17)0.93:0.04893944775777027)1:0.6650285351881525)1:3.4720041015524665)0.88:0.03981083438049312,(140,(75,((73,52)1:0.304867917404627,(18,(40,176)1:0.5444637151541551)1:0.7179623240190168)1:0.30860191383359237)1:1.6017519057258889)1:0.8232443525896675)1:0.24703396632713406)1:0.4861794840382523)1:0.24839348021850313,(((101,((27,198)1:0.5882434973076384,(65,(138,121)0.81:0.03310328744440696)1:1.7958481279540937)1:0.9284804021930178)1:0.6235231084424615,(142,(105,((13,(12,91)1:3.3473644033698498)1:1.7856701649745297,(115,(113,(100,(151,95)1:0.27151615592940764)1:1.3800879796773535)1:0.7908260882824392)1:0.3140696858315465)1:0.43602896140695674)1:0.11178530964901975)1:0.33395809198600157)1:0.36782285014431976,((96,((69,(79,71)0.64:0.03777351213305184)1:0.8154484703509847,(171,(197,(8,59)1:0.5715402795549375)1:1.1571686171477005)1:1.2477772717883457)1:0.439236253635453)1:1.9376072133086468,((74,(36,150)1:0.8895350561102919)1:1.0661377398592125,116)1:0.8142122706821057)1:0.07229825320372146)1:0.1320978750361165)1:0.8816389990254773)0.86:0.03747603086900331)0.96:0.050888892358036855)0.55:0.015514700293923054)1:0.13952300032514062)1:3.0546847771963614)1:0.7771541849944386)1:0.4045689787692279));
Weight calculation took 516.045974459 secs
ASTRAL finished in 595.021 secs
