
================== ASTRAL ===================== 

This is ASTRAL version 5.7.8
Gene trees are treated as unrooted
200 trees read from Dataset/AstralII_data/model.200.2000000.0.000001/15/estimatedgenetre.halfresolved_200
index0
All output trees will be *arbitrarily* rooted at 155

======== Running the main analysis
Number of taxa: 201 (201 species)
Taxa: [155, 32, 16, 78, 86, 6, 156, 103, 58, 76, 19, 66, 47, 97, 87, 163, 22, 9, 122, 185, 199, 145, 166, 164, 114, 111, 147, 182, 11, 28, 88, 0, 188, 38, 117, 183, 33, 112, 170, 167, 31, 53, 189, 42, 123, 29, 89, 178, 67, 15, 98, 102, 107, 77, 60, 162, 99, 141, 21, 2, 46, 48, 1, 83, 192, 92, 161, 110, 37, 127, 50, 41, 51, 160, 135, 184, 81, 3, 172, 128, 153, 149, 20, 55, 72, 44, 14, 193, 43, 56, 165, 35, 125, 134, 85, 168, 195, 25, 196, 61, 54, 70, 132, 49, 144, 129, 82, 154, 64, 136, 24, 174, 158, 118, 186, 175, 200, 30, 80, 62, 63, 108, 7, 181, 130, 148, 93, 152, 45, 187, 191, 120, 194, 157, 139, 5, 90, 146, 4, 106, 159, 137, 173, 26, 179, 10, 109, 65, 138, 121, 101, 27, 198, 142, 105, 100, 115, 12, 91, 13, 113, 151, 95, 74, 36, 150, 116, 171, 197, 8, 79, 71, 96, 59, 69, 57, 119, 180, 23, 39, 84, 190, 143, 169, 68, 124, 94, 133, 140, 75, 18, 40, 176, 73, 52, 177, 131, 104, 17, 34, 126]
Taxon occupancy: {110=200, 111=200, 112=200, 113=200, 114=200, 115=200, 116=200, 117=200, 118=200, 119=200, 10=200, 11=200, 12=200, 13=200, 14=200, 15=200, 16=200, 17=200, 18=200, 19=200, 120=200, 0=200, 121=200, 122=200, 1=200, 123=200, 2=200, 3=200, 124=200, 125=200, 4=200, 5=200, 126=200, 6=200, 127=200, 128=200, 7=200, 129=200, 8=200, 9=200, 20=200, 21=200, 22=200, 23=200, 24=200, 25=200, 26=200, 27=200, 28=200, 29=200, 130=200, 131=200, 132=200, 133=200, 134=200, 135=200, 136=200, 137=200, 138=200, 139=200, 30=200, 31=200, 32=200, 33=200, 34=200, 35=200, 36=200, 37=200, 38=200, 39=200, 140=200, 141=200, 142=200, 143=200, 144=200, 145=200, 146=200, 147=200, 148=200, 149=200, 40=200, 41=200, 42=200, 43=200, 44=200, 45=200, 46=200, 47=200, 48=200, 49=200, 150=200, 151=200, 152=200, 153=200, 154=200, 155=200, 156=200, 157=200, 158=200, 159=200, 50=200, 51=200, 52=200, 53=200, 54=200, 55=200, 56=200, 57=200, 58=200, 59=200, 160=200, 161=200, 162=200, 163=200, 164=200, 165=200, 166=200, 167=200, 168=200, 169=200, 60=200, 61=200, 62=200, 63=200, 64=200, 65=200, 66=200, 67=200, 68=200, 69=200, 170=200, 171=200, 172=200, 173=200, 174=200, 175=200, 176=200, 177=200, 178=200, 179=200, 70=200, 71=200, 72=200, 73=200, 74=200, 75=200, 76=200, 77=200, 78=200, 79=200, 180=200, 181=200, 182=200, 183=200, 184=200, 185=200, 186=200, 187=200, 188=200, 189=200, 80=200, 81=200, 82=200, 83=200, 84=200, 85=200, 86=200, 87=200, 88=200, 89=200, 190=200, 191=200, 192=200, 193=200, 194=200, 195=200, 196=200, 197=200, 198=200, 199=200, 90=200, 91=200, 92=200, 93=200, 94=200, 95=200, 96=200, 97=200, 98=200, 99=200, 200=200, 100=200, 101=200, 102=200, 103=200, 104=200, 105=200, 106=200, 107=200, 108=200, 109=200}
Number of gene trees: 200
0 trees have missing taxa
Calculating quartet distance matrix (for completion of X)
Species tree distances calculated ...
Building set of clusters (X) from gene trees 
------------------------------
gradient0: 17587
Number of Clusters after addition by distance: 17587
calculating extra bipartitions to be added at level 1 ...
Adding to X using resolutions of greedy consensus ...
Limit for sigma of degrees:5075
polytomy size limit : 34
discarded polytomies:  [3, 3, 3, 3, 3, 3, 3, 3, 3, 3, 3, 3, 3, 3, 3, 4, 4, 4, 4, 4, 4, 5, 5, 5, 5, 5, 5, 5, 6, 7, 7, 10, 13, 34]
Threshold 0.0:
Threshold 0.01:
polytomy of size 3; rounds with additions with at least 5 support: 0; clusters: 17591
Threshold 0.02:
polytomy of size 5; rounds with additions with at least 5 support: 0; clusters: 17615
Threshold 0.05:
polytomy of size 3; rounds with additions with at least 5 support: 0; clusters: 17615
polytomy of size 7; rounds with additions with at least 5 support: 0; clusters: 17615
Threshold 0.1:
polytomy of size 3; rounds with additions with at least 5 support: 0; clusters: 17615
polytomy of size 3; rounds with additions with at least 5 support: 0; clusters: 17615
polytomy of size 4; rounds with additions with at least 5 support: 0; clusters: 17615
polytomy of size 10; rounds with additions with at least 5 support: 0; clusters: 17627
Threshold 0.2:
polytomy of size 3; rounds with additions with at least 5 support: 0; clusters: 17627
polytomy of size 5; rounds with additions with at least 5 support: 0; clusters: 17627
polytomy of size 4; rounds with additions with at least 5 support: 0; clusters: 17627
polytomy of size 5; rounds with additions with at least 5 support: 0; clusters: 17627
polytomy of size 3; rounds with additions with at least 5 support: 0; clusters: 17627
polytomy of size 3; rounds with additions with at least 5 support: 0; clusters: 17627
polytomy of size 4; rounds with additions with at least 5 support: 0; clusters: 17627
polytomy of size 3; rounds with additions with at least 5 support: 0; clusters: 17627
polytomy of size 6; rounds with additions with at least 5 support: 0; clusters: 17627
polytomy of size 5; rounds with additions with at least 5 support: 0; clusters: 17627
polytomy of size 13; rounds with additions with at least 5 support: 0; clusters: 17633
Threshold 0.3333333333333333:
polytomy of size 3; rounds with additions with at least 5 support: 0; clusters: 17633
polytomy of size 5; rounds with additions with at least 5 support: 0; clusters: 17633
polytomy of size 7; rounds with additions with at least 5 support: 0; clusters: 17633
polytomy of size 4; rounds with additions with at least 5 support: 0; clusters: 17633
polytomy of size 5; rounds with additions with at least 5 support: 0; clusters: 17633
polytomy of size 4; rounds with additions with at least 5 support: 0; clusters: 17633
polytomy of size 3; rounds with additions with at least 5 support: 0; clusters: 17633
polytomy of size 3; rounds with additions with at least 5 support: 0; clusters: 17633
polytomy of size 3; rounds with additions with at least 5 support: 0; clusters: 17633
polytomy of size 3; rounds with additions with at least 5 support: 0; clusters: 17633
polytomy of size 3; rounds with additions with at least 5 support: 0; clusters: 17633
polytomy of size 4; rounds with additions with at least 5 support: 0; clusters: 17633
polytomy of size 3; rounds with additions with at least 5 support: 0; clusters: 17633
polytomy of size 5; rounds with additions with at least 5 support: 0; clusters: 17633
polytomy of size 34; rounds with additions with at least 5 support: 0; clusters: 17633
max k is :0
Number of Clusters after addition by greedy: 17633
gradient0 in heuristiic: 17633
partitions formed in 9.01 secs
Dynamic Programming starting after 9.01 secs
Using tree-based weight calculation.
Using polytree-based weight calculation.
Polytree max score: 13198314273
Polytree building time: 0.297 seconds.
Number of quartet trees in the gene trees: 13198314273
Size of largest cluster: 201
Greedy score: 7122008420
estimationFactor: 1.8531730790905188
Sub-optimal score: 7971501976
Total Number of elements weighted: 39584
Normalized score (portion of input quartet trees satisfied before correcting for multiple individuals): 0.6735619955031813
Optimization score: 8889882899
Optimal tree inferred in 33.358 secs.
(143,(190,((39,84),(57,((169,68),(((94,133),((124,(177,(131,(104,17)))),(140,(75,((73,52),(18,(40,176))))))),((((116,(74,(36,150))),(96,((71,(79,69)),(171,(197,(8,59)))))),((101,((27,198),(65,(138,121)))),(142,(105,((13,(12,91)),(115,(113,(100,(151,95))))))))),((((22,(163,(9,122))),((23,(119,180)),(((159,137),(146,(4,106))),((173,10),(26,(179,109)))))),((19,(34,126)),((88,(87,(66,(47,97)))),((199,145),((11,28),(166,(185,((164,114),(147,(111,182)))))))))),(160,((0,(((46,(21,2)),((157,139),(194,((5,90),(120,(187,191)))))),((50,(41,51)),((48,1),(127,(37,(110,((83,192),(92,161))))))))),((((32,16),((156,(6,(78,86))),(155,(103,(58,76))))),((((148,93),(25,196)),((130,152),(45,(7,181)))),(61,(195,(((82,154),(129,((54,70),(132,(49,144))))),(((63,108),(30,(175,200))),((136,(64,(24,174))),((80,62),(158,(118,186)))))))))),(141,((((107,77),(98,102)),(15,((188,(38,117)),(((53,189),(170,(167,(33,(183,112))))),((31,42),((29,89),(178,(123,67)))))))),((125,(134,(85,168))),(((193,35),(165,(43,56))),((14,(135,184)),(81,((60,(72,44)),((162,99),((128,(153,149)),((3,172),(20,55))))))))))))))))))))));
Final quartet score is: 8889882899
Final normalized quartet score is: 0.6735619955031813
Extended species tree:
(155,((103,(58,76)1:0.28356972964531396)1:0.48537997335914956,((156,(6,(78,86)0.97:0.12194593874090251)1:1.204544033436071)1:1.0513644602540877,((32,16)1:3.5427730459689095,(((((148,93)1:3.5414226293161732,(25,196)1:3.1053318799175864)1:0.6690538859788103,((130,152)1:1.6510855434912102,(45,(7,181)1:4.110760799556762)0.47:0.021268391057540463)1:1.3062463380648364)1:0.9790574483974122,(61,(195,(((82,154)1:0.3929098887417395,(129,((54,70)1:0.46056166991228165,(132,(49,144)1:1.369376687817367)0.98:0.13625295207393517)0.74:0.06483223502404864)1:2.1889299928539745)1:0.6865959045720944,(((63,108)1:1.8426626990362716,(30,(175,200)1:1.2040990749239953)1:1.1410096839284674)0.89:0.09156233414384678,((136,(64,(24,174)1:0.4843231973828527)1:0.9582060004600305)1:0.7341930580327081,((80,62)1:2.664429810790563,(158,(118,186)0.99:0.14747444492713593)1:0.8348928894822364)0.55:0.0354735964351749)1:0.19330737665534373)1:0.9989187988235011)1:1.941408098276546)0.94:0.10849435773905303)1:0.28095536814454963)0.75:0.06300260209073952,((141,((((107,77)1:2.328410060980693,(98,102)1:0.8266641418164463)1:0.46406965024903735,(15,((188,(38,117)1:0.5321373436295591)1:1.7253114361433393,(((53,189)1:1.9524246289395,(170,(167,(33,(183,112)0.54:0.03412445676680138)1:0.19368657245636892)0.75:0.06946280998389935)1:1.8908293076538023)0.99:0.15483989815067753,((31,42)1:1.4158037177827978,((29,89)1:1.0077930160756303,(178,(123,67)1:0.2003802895863359)1:0.4615702351173607)1:0.5169952479224822)0.89:0.09140264889950704)1:0.2812792242290558)0.96:0.1142499569635422)1:0.9569247720781653)1:2.5459125753116734,((125,(134,(85,168)0.82:0.08947078026561578)1:1.7323746625793324)1:0.8287536463511428,(((193,35)1:0.9619541263737593,(165,(43,56)0.75:0.062319767246844016)0.94:0.1113264267728233)1:2.2764377044950033,((14,(135,184)1:4.182219763538917)1:0.6049062290634412,(81,((60,(72,44)1:2.7300793704431983)0.88:0.1105023900652285,((162,99)1:2.8853978082039147,((128,(153,149)1:1.3658288098290838)1:1.6594646078343431,((3,172)1:1.9560760497743146,(20,55)1:1.8994460965261122)1:0.4035195868755899)0.95:0.11611507775304321)1:0.23564271481624305)1:0.6587214028737163)0.42:0.01610677600654738)0.73:0.0587507789316436)0.98:0.13396309072537685)1:0.7097731685182204)1:0.20810600154790398)0.98:0.13628960720150934,((0,(((46,(21,2)1:0.37106368139083207)1:3.9453946977075156,((157,139)1:3.706642557209992,(194,((5,90)1:0.27705580573752764,(120,(187,191)1:0.7605744371426744)1:1.2752979804091966)1:0.3506045865681311)1:0.16569604528777604)1:0.3996217139077975)1:0.6504451353295325,((50,(41,51)1:3.8369678392656534)1:0.9295608238582648,((48,1)1:2.6916073202273076,(127,(37,(110,((83,192)1:1.578297147922056,(92,161)1:1.7314023957152402)1:1.2186371171721848)1:0.40846499055437563)1:0.5637780920428015)0.93:0.10186959894454252)1:0.985700631306057)1:0.24295913764818594)0.83:0.07842910458960708)0.99:0.14294153700741707,(160,((((22,(163,(9,122)1:0.5936382159255374)1:0.9660141672265857)1:2.766517239470166,((23,(119,180)0.92:0.10499861914786117)1:2.7145924424569827,(((159,137)1:1.8786471343671687,(146,(4,106)0.8:0.07068974134777058)1:2.1085001827450838)1:0.5915000469445696,((173,10)0.9:0.09423108985608195,(26,(179,109)1:0.5246620985466165)1:0.3827585451819553)1:1.1176121885815082)1:0.5729729730493023)1:1.3656936149252297)1:1.0589859174038474,((19,(34,126)1:1.8033372420745042)0.97:0.11991015691256843,((88,(87,(66,(47,97)0.94:0.1059923473588863)1:0.24426627828812986)1:0.9515468299938105)0.43:0.018274024011342288,((199,145)1:0.8266449054389752,((11,28)1:1.1702304538309014,(166,(185,((164,114)1:0.7580524508151014,(147,(111,182)1:0.5300925674463324)1:0.2986695053077909)0.59:0.0415024734801527)1:0.4904293156591037)1:0.47206847010989866)0.51:0.032646398056785826)1:0.9952884186466062)1:0.264805413351446)1:0.6977264651631447)1:0.4528201292066009,((((116,(74,(36,150)1:0.8734806651285141)1:1.120247793992733)1:0.7064029367291629,(96,((71,(79,69)0.93:0.11144293242036211)1:0.7898855223395946,(171,(197,(8,59)1:0.4669027582168138)1:0.9858675572324898)1:1.4393790080519973)1:0.35357147869320116)1:2.1154264804531544)0.96:0.12089634234086614,((101,((27,198)1:0.5296197740622588,(65,(138,121)0.69:0.05386612529654501)1:1.7982868451960252)1:0.942626325003845)1:0.621298631950578,(142,(105,((13,(12,91)1:2.9519296508955994)1:1.721514578503582,(115,(113,(100,(151,95)1:0.23843407924616983)1:1.3205765252149853)1:0.7408944830225985)1:0.35055323968145385)1:0.388342986901652)0.99:0.14472268383597922)1:0.32059013973004186)1:0.369274901820044)0.98:0.12956386605794054,(((94,133)1:1.8419012206086616,((124,(177,(131,(104,17)0.47:0.0227302080476966)1:0.5512663883024241)1:3.16353890965586)0.84:0.07906804151465142,(140,(75,((73,52)1:0.31400855426597096,(18,(40,176)1:0.7078410329547097)1:0.7419198650316486)1:0.33884283852746855)1:1.4629619239952807)1:0.9521273959794128)0.97:0.12116948627868453)1:0.48774029140957337,((169,68)1:2.9974589104334854,(57,((39,84)1:2.7902250077993385,(190,143)1:2.2134167893550853)1:2.496771942605602)1:0.3138313869293881)1:0.22907803914510416)1:0.22935819455240747)1:0.822448319002751)0.47:0.02004247076500059)0.85:0.08099530393057844)0.49:0.023758898070091652)0.93:0.10257088799234708)1:3.0839756112079533)1:0.7933537738286428)1:0.322447999896591));
Weight calculation took 22.387540906 secs
ASTRAL finished in 35.916 secs
