
================== ASTRAL ===================== 

This is ASTRAL version 5.7.8
Gene trees are treated as unrooted
200 trees read from Dataset/AstralII_data/model.200.500000.0.000001/10/estimatedgenetre.halfresolved_200
index0
All output trees will be *arbitrarily* rooted at 172

======== Running the main analysis
Number of taxa: 201 (201 species)
Taxa: [172, 178, 154, 29, 168, 130, 7, 118, 152, 19, 72, 22, 177, 87, 13, 46, 84, 158, 64, 42, 93, 190, 27, 0, 53, 123, 91, 132, 145, 21, 162, 102, 153, 104, 149, 67, 9, 98, 16, 160, 110, 105, 116, 191, 77, 18, 94, 163, 161, 197, 96, 75, 137, 111, 169, 117, 61, 14, 119, 30, 35, 80, 23, 85, 25, 106, 167, 81, 12, 124, 148, 155, 47, 126, 41, 122, 164, 195, 182, 33, 58, 109, 180, 166, 65, 143, 100, 141, 138, 198, 165, 184, 90, 121, 157, 37, 92, 159, 200, 173, 194, 56, 39, 36, 32, 88, 17, 15, 150, 28, 1, 188, 51, 62, 115, 101, 40, 38, 83, 114, 5, 174, 181, 107, 183, 133, 24, 54, 156, 4, 120, 147, 129, 2, 144, 136, 186, 8, 55, 10, 66, 43, 26, 179, 128, 171, 60, 103, 127, 199, 142, 89, 112, 131, 187, 170, 196, 3, 69, 176, 97, 193, 125, 49, 140, 108, 31, 45, 113, 135, 6, 50, 134, 74, 192, 86, 11, 175, 71, 189, 44, 76, 57, 52, 151, 82, 34, 146, 59, 79, 73, 95, 70, 185, 68, 63, 99, 20, 78, 48, 139]
Taxon occupancy: {110=200, 111=200, 112=200, 113=200, 114=200, 115=200, 116=200, 117=200, 118=200, 119=200, 10=200, 11=200, 12=200, 13=200, 14=200, 15=200, 16=200, 17=200, 18=200, 19=200, 120=200, 0=200, 121=200, 122=200, 1=200, 123=200, 2=200, 124=200, 3=200, 4=200, 125=200, 126=200, 5=200, 127=200, 6=200, 7=200, 128=200, 129=200, 8=200, 9=200, 20=200, 21=200, 22=200, 23=200, 24=200, 25=200, 26=200, 27=200, 28=200, 29=200, 130=200, 131=200, 132=200, 133=200, 134=200, 135=200, 136=200, 137=200, 138=200, 139=200, 30=200, 31=200, 32=200, 33=200, 34=200, 35=200, 36=200, 37=200, 38=200, 39=200, 140=200, 141=200, 142=200, 143=200, 144=200, 145=200, 146=200, 147=200, 148=200, 149=200, 40=200, 41=200, 42=200, 43=200, 44=200, 45=200, 46=200, 47=200, 48=200, 49=200, 150=200, 151=200, 152=200, 153=200, 154=200, 155=200, 156=200, 157=200, 158=200, 159=200, 50=200, 51=200, 52=200, 53=200, 54=200, 55=200, 56=200, 57=200, 58=200, 59=200, 160=200, 161=200, 162=200, 163=200, 164=200, 165=200, 166=200, 167=200, 168=200, 169=200, 60=200, 61=200, 62=200, 63=200, 64=200, 65=200, 66=200, 67=200, 68=200, 69=200, 170=200, 171=200, 172=200, 173=200, 174=200, 175=200, 176=200, 177=200, 178=200, 179=200, 70=200, 71=200, 72=200, 73=200, 74=200, 75=200, 76=200, 77=200, 78=200, 79=200, 180=200, 181=200, 182=200, 183=200, 184=200, 185=200, 186=200, 187=200, 188=200, 189=200, 80=200, 81=200, 82=200, 83=200, 84=200, 85=200, 86=200, 87=200, 88=200, 89=200, 190=200, 191=200, 192=200, 193=200, 194=200, 195=200, 196=200, 197=200, 198=200, 199=200, 90=200, 91=200, 92=200, 93=200, 94=200, 95=200, 96=200, 97=200, 98=200, 99=200, 200=200, 100=200, 101=200, 102=200, 103=200, 104=200, 105=200, 106=200, 107=200, 108=200, 109=200}
Number of gene trees: 200
0 trees have missing taxa
Calculating quartet distance matrix (for completion of X)
Species tree distances calculated ...
Building set of clusters (X) from gene trees 
------------------------------
gradient0: 38423
Number of Clusters after addition by distance: 38423
calculating extra bipartitions to be added at level 1 ...
Adding to X using resolutions of greedy consensus ...
Limit for sigma of degrees:5075
polytomy size limit : 60
discarded polytomies: 79 108  [3, 3, 3, 3, 3, 3, 3, 3, 3, 3, 4, 4, 4, 5, 17, 22, 32, 47, 60, 79, 108]
Threshold 0.0:
polytomy of size 3; rounds with additions with at least 5 support: 1; clusters: 38429
polytomy of size 17; rounds with additions with at least 5 support: 17; clusters: 41763
Threshold 0.01:
polytomy of size 4; rounds with additions with at least 5 support: 2; clusters: 41775
polytomy of size 22; rounds with additions with at least 5 support: 19; clusters: 47741
Threshold 0.02:
polytomy of size 32; rounds with additions with at least 5 support: 5; clusters: 59237
Threshold 0.05:
polytomy of size 47; rounds with additions with at least 5 support: 3; clusters: 59499
Threshold 0.1:
polytomy of size 4; rounds with additions with at least 5 support: 0; clusters: 59499
polytomy of size 3; rounds with additions with at least 5 support: 0; clusters: 59499
polytomy of size 60; rounds with additions with at least 5 support: 0; clusters: 59623
Threshold 0.2:
polytomy of size 3; rounds with additions with at least 5 support: 0; clusters: 59623
polytomy of size 3; rounds with additions with at least 5 support: 0; clusters: 59623
polytomy of size 79; rounds with additions with at least 5 support: 1; clusters: 59847
Threshold 0.3333333333333333:
polytomy of size 4; rounds with additions with at least 5 support: 0; clusters: 59847
polytomy of size 3; rounds with additions with at least 5 support: 0; clusters: 59847
polytomy of size 3; rounds with additions with at least 5 support: 0; clusters: 59847
polytomy of size 5; rounds with additions with at least 5 support: 0; clusters: 59847
polytomy of size 3; rounds with additions with at least 5 support: 0; clusters: 59847
polytomy of size 3; rounds with additions with at least 5 support: 0; clusters: 59847
polytomy of size 3; rounds with additions with at least 5 support: 0; clusters: 59847
polytomy of size 108; rounds with additions with at least 5 support: 0; clusters: 60005
polytomy of size 3; rounds with additions with at least 5 support: 0; clusters: 60005
max k is :38
Number of Clusters after addition by greedy: 60005
gradient0 in heuristiic: 60005
partitions formed in 42.359 secs
Dynamic Programming starting after 42.359 secs
Using tree-based weight calculation.
Using polytree-based weight calculation.
Polytree max score: 13187583042
Polytree building time: 0.302 seconds.
Number of quartet trees in the gene trees: 13187583042
Size of largest cluster: 201
Greedy score: 5682382515
estimationFactor: 2.3207841089874255
Sub-optimal score: 5686938922
Calculated 100000 weights; time (seconds): 143
Total Number of elements weighted: 165758
Normalized score (portion of input quartet trees satisfied before correcting for multiple individuals): 0.47415531186309706
Optimization score: 6252962550
Optimal tree inferred in 215.107 secs.
(31,(42,(93,(((125,49),((27,(140,108)),(45,(190,(113,135))))),((134,(6,50)),((87,((97,193),(13,(46,84)))),(((158,64),((170,(69,(196,3))),((72,(63,99)),(176,((22,177),((107,(24,156)),(133,(183,54)))))))),(((78,(88,(150,(17,15)))),(((1,188),(28,((51,62),(115,101)))),((29,((168,(38,(130,40))),(83,(19,(7,(118,152)))))),((((197,169),(96,75)),((137,32),((56,36),(194,39)))),((148,114),(180,((181,(47,126)),((200,173),((184,(109,90)),((157,(92,159)),(((141,5),(166,(155,174))),((65,121),((143,(100,138)),(37,(198,165))))))))))))))),((((43,26),(179,128)),((73,((2,(129,144)),(55,(8,(136,186))))),(((10,66),(123,(171,(60,103)))),((53,(127,(199,68))),((11,175),(192,(74,86))))))),(((4,(120,147)),((111,((30,35),(18,(77,163)))),(((132,(12,124)),(145,(81,(21,162)))),((119,(71,189)),((91,80),(25,(23,85))))))),(((94,(164,195)),((44,76),((178,59),(172,79)))),(0,((((153,104),(117,61)),((102,((34,146),(142,89))),((95,(70,185)),((98,(149,67)),(9,(160,(16,110))))))),(((112,(131,187)),(57,(52,(151,82)))),((14,(191,(105,116))),(((154,161),(41,(33,(182,58)))),(20,((106,167),(122,(48,139))))))))))))))))))));
Final quartet score is: 6252962550
Final normalized quartet score is: 0.47415531186309706
Extended species tree:
(172,(79,((178,59)1:0.7522216562746787,((44,76)1:1.3636715352615525,((94,(164,195)1:1.69652708248051)1:0.38644279467222487,((0,((((153,104)1:0.9779794219466266,(117,61)1:1.4757103290735818)1:0.529164304836687,((102,((34,146)1:1.2725015561865458,(142,89)1:1.0446188396628853)0.72:0.06281687392415093)0.99:0.14747921555432797,((95,(70,185)1:0.3952282224919729)1:0.6736241196246684,((98,(149,67)0.46:0.024687901309444735)1:0.9065600937881555,(9,(160,(16,110)1:0.7832599658366949)0.99:0.15050242769995234)1:0.25623097800011135)0.95:0.11357189814984019)1:0.4205545866643683)0.89:0.09142192880388554)0.4:0.011754295241056494,(((112,(131,187)0.66:0.04813936723616784)1:0.5218742992572027,(57,(52,(151,82)1:0.29299921372940135)1:0.9357281486868826)1:0.5702673306624343)1:0.20050774587118142,((14,(191,(105,116)0.64:0.04436764189366429)0.96:0.11973787219986037)1:0.2420172322774293,(((154,161)0.97:0.1196838934111246,(41,(33,(182,58)0.79:0.06836314340159302)1:1.088428746879623)0.75:0.06167480884862429)1:0.23604020159885156,(20,((106,167)1:1.1257763839798425,(122,(48,139)1:0.20739340985702787)1:0.8724292174639675)0.81:0.07409127380111197)1:0.20594384555360631)0.41:0.012712307113100138)1:0.22275436320341624)0.92:0.09859839254751038)0.45:0.020045063692732346)0.38:0.005652180986060131,(((4,(120,147)1:0.19676746361472217)1:1.9249269777692273,((111,((30,35)1:0.8129283565442094,(18,(77,163)1:0.2566043694062039)0.88:0.09071754024171735)1:0.728255216271274)0.99:0.1419568887346111,(((132,(12,124)1:0.8565358308812799)1:0.8376217249923836,(145,(81,(21,162)1:0.37833974905144857)1:0.2726506104030898)1:0.380991397342593)1:0.36742720502498055,((119,(71,189)1:1.0583095958798627)0.92:0.10480203642518165,((91,80)1:0.8523942161965483,(25,(23,85)1:0.35092588552696125)1:0.9625492420653744)1:0.4355989606602241)0.53:0.02998624126136946)0.78:0.07266371024395162)0.49:0.02558722559677373)0.53:0.029335765505484158,((((43,26)0.56:0.033085492776612074,(179,128)0.9:0.09158380813305399)1:0.7461212549123696,((73,((2,(129,144)1:0.6567714195388953)1:1.0769328482799743,(55,(8,(136,186)1:0.4050491583186501)1:0.23769767045810494)1:0.5879224376673109)0.43:0.015618786512483801)1:0.1787816222177874,(((10,66)1:0.5736103906237089,(123,(171,(60,103)1:0.2350202657051028)0.73:0.05905485784919767)1:1.0961743633434176)0.91:0.09481778479716267,((53,(127,(199,68)1:0.40617775766746783)1:0.1803858886689352)1:0.5586691858492833,((11,175)1:0.7583599961678177,(192,(74,86)0.98:0.13619356027776167)1:0.5248470974014862)1:0.5524699347382128)0.99:0.1452197527946971)1:0.30803152147551616)1:0.1626348520310615)0.69:0.05256899083750429,(((78,(88,(150,(17,15)1:0.2031616091417438)0.98:0.1296579490076398)1:0.6557060534870948)1:0.6770150463882325,(((1,188)1:0.6141983818688496,(28,((51,62)1:0.232086264321339,(115,101)1:0.4426637322715567)1:0.48612650870057567)1:0.25454164623055126)1:0.35635706530956285,((29,((168,(38,(130,40)1:1.2326632967888644)0.5:0.02694131911001827)0.58:0.039775274297971334,(83,(19,(7,(118,152)1:0.23308064951170235)1:0.20145658840721586)1:0.2918005370354746)0.98:0.13131570445762433)1:0.4061889032802849)1:0.30418947714325173,((((197,169)0.97:0.1251415449151068,(96,75)1:0.5411950958284473)0.99:0.14744389295458038,((137,32)0.53:0.02938758533516099,((56,36)0.49:0.02383224039667635,(194,39)0.81:0.075988413628693)1:1.1851352932209667)1:0.2565874219562071)1:0.17533593372595838,((148,114)1:0.5617833778395331,(180,((181,(47,126)1:0.2865913246741618)1:1.1017322942140806,((200,173)1:0.844226595274355,((184,(109,90)0.84:0.07890136976147558)1:0.8624978548246459,((157,(92,159)1:0.31791549361896676)0.62:0.044340195150011016,(((141,5)0.59:0.0424453066989602,(166,(155,174)1:0.2835175948945274)1:0.21556706834445133)1:0.16360640993997072,((65,121)1:0.5696656662328544,((143,(100,138)0.98:0.14001905631409636)1:0.3263942278566823,(37,(198,165)1:0.4034908485236101)0.66:0.06704987314672473)1:0.43619150975666615)0.88:0.08816175705222233)0.63:0.04508121827190257)0.41:0.016329508813862234)0.82:0.07626004226806334)0.77:0.06710390403929055)0.7:0.056496734529931016)1:0.30017995263383473)0.83:0.0765153688132148)0.89:0.08954335142751028)0.76:0.06295854547872796)0.49:0.02393296920398239)0.97:0.1201741177739151,(((158,64)1:1.8858734093829432,((170,(69,(196,3)1:0.23425251186892024)0.94:0.1073731216017299)1:1.146708522207201,((72,(63,99)1:1.249940181096253)0.58:0.0384307964692009,(176,((22,177)1:1.2865082819096256,((107,(24,156)0.71:0.06676454990036723)1:0.48004624934298934,(133,(183,54)1:0.4344496387238916)0.55:0.03464239395060041)1:0.9169619943170831)1:0.4032270529703503)0.38:0.00684607969298589)0.49:0.025460415409725854)0.48:0.029561500356562923)0.4:0.009783980966993962,((87,((97,193)1:1.334880395494184,(13,(46,84)1:0.26465940131039417)1:0.4707914610971001)1:0.19077631444950216)1:0.5550059121811971,((134,(6,50)0.73:0.06525425058208353)1:1.0312837789496307,(((125,49)1:0.5748176539968063,((27,(140,108)1:0.351127184906131)1:0.3501377711521072,(45,(190,(113,135)1:0.20231119118375013)1:0.4364465003376701)0.67:0.0494514044284956)0.81:0.07416513175522525)0.9:0.09378716274358359,(93,(42,31)0.65:0.05472821408867841)1:0.681536602473906)1:0.295332854010174)0.97:0.12579656039675238)1:0.19906628503786936)0.63:0.04376042936606679)0.45:0.016622499369061974)0.44:0.014891187864183676)0.4:0.00906962395716528)0.38:0.006424417595336691)0.99:0.13919982198730527)1:0.9087280717048865)0.89:0.09093744030816031));
Weight calculation took 151.004554226 secs
ASTRAL finished in 217.871 secs
