
================== ASTRAL ===================== 

This is ASTRAL version 5.7.8
Gene trees are treated as unrooted
50 trees read from Dataset/AstralII_data/model.200.500000.0.000001/10/estimatedgenetre.halfresolved_50
index0
All output trees will be *arbitrarily* rooted at 172

======== Running the main analysis
Number of taxa: 201 (201 species)
Taxa: [172, 178, 154, 29, 168, 130, 7, 118, 152, 19, 72, 22, 177, 87, 13, 46, 84, 158, 64, 42, 93, 190, 27, 0, 53, 123, 91, 132, 145, 21, 162, 102, 153, 104, 149, 67, 9, 98, 16, 160, 110, 105, 116, 191, 77, 18, 94, 163, 161, 197, 96, 75, 137, 111, 169, 117, 61, 14, 119, 30, 35, 80, 23, 85, 25, 106, 167, 81, 12, 124, 148, 155, 47, 126, 41, 122, 164, 195, 182, 33, 58, 109, 180, 166, 65, 143, 100, 141, 138, 198, 165, 184, 90, 121, 157, 37, 92, 159, 200, 173, 194, 56, 39, 36, 32, 88, 17, 15, 150, 28, 1, 188, 51, 62, 115, 101, 40, 38, 83, 114, 5, 174, 181, 107, 183, 133, 24, 54, 156, 4, 120, 147, 129, 2, 144, 136, 186, 8, 55, 10, 66, 43, 26, 179, 128, 171, 60, 103, 127, 199, 142, 89, 112, 131, 187, 170, 196, 3, 69, 176, 97, 193, 125, 49, 140, 108, 31, 45, 113, 135, 6, 50, 134, 74, 192, 86, 11, 175, 71, 189, 44, 76, 57, 52, 151, 82, 34, 146, 59, 79, 73, 95, 70, 185, 68, 63, 99, 20, 78, 48, 139]
Taxon occupancy: {110=50, 111=50, 112=50, 113=50, 114=50, 115=50, 116=50, 117=50, 118=50, 119=50, 10=50, 11=50, 12=50, 13=50, 14=50, 15=50, 16=50, 17=50, 18=50, 19=50, 120=50, 0=50, 121=50, 122=50, 1=50, 123=50, 2=50, 124=50, 3=50, 4=50, 125=50, 126=50, 5=50, 127=50, 6=50, 7=50, 128=50, 129=50, 8=50, 9=50, 20=50, 21=50, 22=50, 23=50, 24=50, 25=50, 26=50, 27=50, 28=50, 29=50, 130=50, 131=50, 132=50, 133=50, 134=50, 135=50, 136=50, 137=50, 138=50, 139=50, 30=50, 31=50, 32=50, 33=50, 34=50, 35=50, 36=50, 37=50, 38=50, 39=50, 140=50, 141=50, 142=50, 143=50, 144=50, 145=50, 146=50, 147=50, 148=50, 149=50, 40=50, 41=50, 42=50, 43=50, 44=50, 45=50, 46=50, 47=50, 48=50, 49=50, 150=50, 151=50, 152=50, 153=50, 154=50, 155=50, 156=50, 157=50, 158=50, 159=50, 50=50, 51=50, 52=50, 53=50, 54=50, 55=50, 56=50, 57=50, 58=50, 59=50, 160=50, 161=50, 162=50, 163=50, 164=50, 165=50, 166=50, 167=50, 168=50, 169=50, 60=50, 61=50, 62=50, 63=50, 64=50, 65=50, 66=50, 67=50, 68=50, 69=50, 170=50, 171=50, 172=50, 173=50, 174=50, 175=50, 176=50, 177=50, 178=50, 179=50, 70=50, 71=50, 72=50, 73=50, 74=50, 75=50, 76=50, 77=50, 78=50, 79=50, 180=50, 181=50, 182=50, 183=50, 184=50, 185=50, 186=50, 187=50, 188=50, 189=50, 80=50, 81=50, 82=50, 83=50, 84=50, 85=50, 86=50, 87=50, 88=50, 89=50, 190=50, 191=50, 192=50, 193=50, 194=50, 195=50, 196=50, 197=50, 198=50, 199=50, 90=50, 91=50, 92=50, 93=50, 94=50, 95=50, 96=50, 97=50, 98=50, 99=50, 200=50, 100=50, 101=50, 102=50, 103=50, 104=50, 105=50, 106=50, 107=50, 108=50, 109=50}
Number of gene trees: 50
0 trees have missing taxa
Calculating quartet distance matrix (for completion of X)
Species tree distances calculated ...
Building set of clusters (X) from gene trees 
------------------------------
gradient0: 11739
Number of Clusters after addition by distance: 11739
calculating extra bipartitions to be added at level 1 ...
Adding to X using resolutions of greedy consensus ...
Limit for sigma of degrees:5075
polytomy size limit : 62
discarded polytomies: 86 109  [3, 3, 3, 3, 3, 3, 3, 3, 3, 3, 3, 3, 4, 5, 5, 5, 23, 23, 23, 52, 62, 86, 109]
Threshold 0.0:
polytomy of size 5; rounds with additions with at least 5 support: 3; clusters: 11787
polytomy of size 3; rounds with additions with at least 5 support: 1; clusters: 11793
polytomy of size 23; rounds with additions with at least 5 support: 2; clusters: 20437
Threshold 0.01:
polytomy of size 5; rounds with additions with at least 5 support: 0; clusters: 20437
polytomy of size 3; rounds with additions with at least 5 support: 0; clusters: 20437
polytomy of size 23; rounds with additions with at least 5 support: 0; clusters: 27929
Threshold 0.02:
polytomy of size 5; rounds with additions with at least 5 support: 0; clusters: 27929
polytomy of size 3; rounds with additions with at least 5 support: 0; clusters: 27929
polytomy of size 23; rounds with additions with at least 5 support: 0; clusters: 35171
Threshold 0.05:
polytomy of size 52; rounds with additions with at least 5 support: 5; clusters: 36231
Threshold 0.1:
polytomy of size 3; rounds with additions with at least 5 support: 0; clusters: 36233
polytomy of size 62; rounds with additions with at least 5 support: 2; clusters: 36801
Threshold 0.2:
polytomy of size 3; rounds with additions with at least 5 support: 0; clusters: 36801
polytomy of size 86; rounds with additions with at least 5 support: 0; clusters: 37201
Threshold 0.3333333333333333:
polytomy of size 4; rounds with additions with at least 5 support: 0; clusters: 37201
polytomy of size 3; rounds with additions with at least 5 support: 0; clusters: 37201
polytomy of size 3; rounds with additions with at least 5 support: 0; clusters: 37201
polytomy of size 3; rounds with additions with at least 5 support: 0; clusters: 37201
polytomy of size 3; rounds with additions with at least 5 support: 0; clusters: 37201
polytomy of size 3; rounds with additions with at least 5 support: 0; clusters: 37201
polytomy of size 3; rounds with additions with at least 5 support: 0; clusters: 37201
polytomy of size 3; rounds with additions with at least 5 support: 0; clusters: 37201
polytomy of size 109; rounds with additions with at least 5 support: 0; clusters: 37489
max k is :10
Number of Clusters after addition by greedy: 37489
gradient0 in heuristiic: 37489
partitions formed in 21.302 secs
Dynamic Programming starting after 21.302 secs
Using tree-based weight calculation.
Using polytree-based weight calculation.
Polytree max score: 3296145990
Polytree building time: 0.09 seconds.
Number of quartet trees in the gene trees: 3296145990
Size of largest cluster: 201
Greedy score: 1360531750
estimationFactor: 2.4226895035709384
Sub-optimal score: 1520757714
Calculated 100000 weights; time (seconds): 54
Total Number of elements weighted: 121099
Normalized score (portion of input quartet trees satisfied before correcting for multiple individuals): 0.4691640169129766
Optimization score: 1546433093
Optimal tree inferred in 61.865 secs.
(144,(129,(2,((73,(55,(8,(136,186)))),((((10,66),(123,(171,(60,103)))),((53,(127,(199,68))),((11,175),(86,(74,192))))),((43,(26,(179,128))),(((94,(164,195)),((44,76),((178,59),(172,79)))),(((78,(88,(150,(17,15)))),(((1,188),(28,((51,62),(115,101)))),((29,((168,(83,(130,40))),(38,(19,(7,(118,152)))))),((((197,169),(96,75)),(32,(137,((56,39),(194,36))))),((148,114),(180,((181,(47,126)),((200,173),((157,(92,159)),((109,(184,90)),((5,(141,(166,(155,174)))),((65,121),((143,(100,138)),(37,(198,165))))))))))))))),(((((153,104),(117,61)),((102,((142,89),(34,146))),((95,(70,185)),((149,(67,98)),(9,(160,(16,110))))))),(((112,(131,187)),(57,(52,(151,82)))),(((154,161),(41,(58,(182,33)))),((14,(191,(105,116))),((106,167),(20,(122,(48,139)))))))),((0,((111,((30,35),(18,(77,163)))),(((132,(12,124)),(145,(81,(21,162)))),(119,((71,189),((91,80),(25,(23,85)))))))),(((158,64),(((72,(63,99)),(170,(69,(196,3)))),(176,((22,177),(133,((183,54),(24,(107,156)))))))),((4,(120,147)),((87,((97,193),(13,(46,84)))),((6,(50,134)),((93,(42,31)),((125,49),(45,((27,(140,108)),(190,(113,135))))))))))))))))))));
Final quartet score is: 1546433093
Final normalized quartet score is: 0.4691640169129766
Extended species tree:
(172,(79,((178,59)1:0.6815342760009898,((44,76)1:1.2179072167715357,((94,(164,195)1:1.853444921383219)0.9:0.19372208082599038,((((78,(88,(150,(17,15)0.95:0.2353952360053527)0.42:0.020451022540721998)1:0.6493264108059708)1:0.5750602401093368,(((1,188)1:0.4778837626342735,(28,((51,62)0.96:0.23766436470800256,(115,101)1:0.42601674680783075)1:0.40640342333830426)0.93:0.2126554147298163)0.98:0.2743527166502565,((29,((168,(83,(130,40)1:1.112071442042114)0.47:0.03765132718895872)0.42:0.020573757874287408,(38,(19,(7,(118,152)0.99:0.31611048480625314)0.93:0.21819166376366103)0.96:0.25056440949527886)0.63:0.08334164810066746)0.98:0.274201838549168)1:0.38871745228829235,((((197,169)0.43:0.026784157076832453,(96,75)1:0.7413179486580382)0.76:0.1259276272374026,(32,(137,((56,39)0.52:0.060395419043481245,(194,36)0.37:0.004769664945746947)1:1.2382371254914994)0.47:0.04377032530643494)0.99:0.31792553182269095)0.53:0.062047929286820964,((148,114)1:0.6593188283535322,(180,((181,(47,126)0.99:0.32630088576483496)1:1.0568502228999863,((200,173)1:0.7293364177118019,((157,(92,159)0.99:0.31585294941847747)0.55:0.060763536810151286,((109,(184,90)0.71:0.11668001966692862)1:0.7960228180627869,((5,(141,(166,(155,174)0.99:0.32583383841615715)0.72:0.10988285236463721)0.63:0.08657440953675169)0.78:0.1321881432302171,((65,121)1:0.5657766042182201,((143,(100,138)0.78:0.14126251137986628)0.99:0.32207842998745695,(37,(198,165)1:0.43492187473919225)0.47:0.03815669460991035)1:0.4941145260122738)0.64:0.08559882329639487)0.44:0.025036857802267592)0.36:0.0)0.61:0.08200212593142923)0.79:0.13914553570802934)0.71:0.10921153573852306)0.99:0.31059415317463945)0.53:0.06675942176039013)0.54:0.05737763440535232)0.51:0.04918024904210276)0.5:0.04536687752302475)0.71:0.10769032441004897,(((((153,104)1:0.8770226463445588,(117,61)1:1.3418141917860604)1:0.4323518227588031,((102,((142,89)1:1.069987399124308,(34,146)1:1.4343456219992514)0.5:0.04633781649072506)0.67:0.09940020555988976,((95,(70,185)0.98:0.2912535048193781)1:0.5273054307038137,((149,(67,98)0.74:0.11694782304623412)1:0.786019461200273,(9,(160,(16,110)1:0.7716002432978475)0.52:0.06314590179383113)0.9:0.18650804166486104)0.56:0.06308182675497488)1:0.3516211929318982)0.55:0.06042460989855276)0.46:0.032349752313182975,(((112,(131,187)0.49:0.08232298427751361)1:0.36760687049449076,(57,(52,(151,82)1:0.39979937057248693)1:0.8623470912344816)1:0.3921534149819777)0.91:0.19746306340461492,(((154,161)1:0.3449469598863788,(41,(58,(182,33)0.51:0.07131298267872183)1:1.1988574445934526)0.85:0.16362662811564377)0.65:0.08889877855095728,((14,(191,(105,116)0.64:0.10221767955837328)0.53:0.05951483176991041)0.94:0.22886440791062018,((106,167)1:0.8722161143200488,(20,(122,(48,139)0.87:0.17706268167658415)1:0.8629785377505657)0.55:0.05857138945460298)0.91:0.19324003903429693)0.52:0.05082497771859101)0.84:0.15631526554123187)0.71:0.10846828819111465)0.36:0.0013790210937695828,((0,((111,((30,35)1:0.5559460590464603,(18,(77,163)1:0.4164341394787385)0.68:0.10546172511087583)1:0.6113704042039095)0.87:0.1685543731411344,(((132,(12,124)1:0.6942637619072383)1:0.7353526920284621,(145,(81,(21,162)0.98:0.2726857377441365)0.98:0.2810230009830269)0.98:0.2835288230230332)1:0.4411582889280584,(119,((71,189)1:1.1769875497914448,((91,80)1:0.8203543276390151,(25,(23,85)1:0.412535499063081)1:0.7615906690046771)1:0.3854163563388846)0.53:0.07633618556536652)0.4:0.01447959447271704)0.41:0.015354703372087039)0.58:0.07191602678439867)0.43:0.022161565663616562,(((158,64)1:1.7566981834915998,(((72,(63,99)1:1.3263340401512678)0.71:0.10899304020374168,(170,(69,(196,3)0.99:0.32058045670029)0.48:0.039408205798733435)1:0.9929182931448297)0.39:0.011546812064770236,(176,((22,177)1:1.2805792129419893,(133,((183,54)1:0.5230805316548743,(24,(107,156)0.68:0.11899536024352113)1:0.4913970647498296)0.53:0.0663039863886889)1:0.7196792637362692)1:0.4598199621309276)0.54:0.06134603399720725)0.55:0.05894353115601127)0.41:0.02134071999569207,((4,(120,147)0.69:0.1053605156578264)1:1.8975262562438002,((87,((97,193)1:1.0494764924205802,(13,(46,84)0.91:0.19799039406104604)1:0.46983341392294176)0.95:0.2260729942900118)1:0.5565388859482747,((6,(50,134)0.71:0.12497391783032062)1:0.7931250480709505,((93,(42,31)0.64:0.16290347093685292)1:0.5958332689997452,((125,49)1:0.41894845844545126,(45,((27,(140,108)0.93:0.21191434887969485)1:0.3792073975311437,(190,(113,135)0.93:0.230611697437011)1:0.5082557567464252)0.45:0.029384848590027338)0.74:0.1260508891339567)0.54:0.06194824874694307)0.98:0.2824505383912475)0.64:0.08846095992931582)0.92:0.20444639771085507)0.37:0.0035071739042424293)0.42:0.02141220399897293)0.36:0.0011557950503475283)0.33:0.0)0.41:0.016235828077575624,((43,(26,(179,128)0.64:0.0938406718249649)0.65:0.08861710351750335)1:0.7011223207919782,((((10,66)1:0.5213048656565166,(123,(171,(60,103)0.99:0.306779788307919)0.42:0.020742154808379376)1:1.0791144162906805)0.55:0.0594165455364677,((53,(127,(199,68)0.89:0.1845137388921757)0.82:0.15673106781596668)1:0.5794630163792707,((11,175)1:0.7745241112466182,(86,(74,192)0.36:0.0010949087840464158)1:0.40855716424772903)1:0.6338835307973324)0.83:0.15005412106826038)0.94:0.22196094084794882,((73,(55,(8,(136,186)0.99:0.32467466839304493)0.8:0.14042156354710306)1:0.4163505170790874)0.49:0.04305004116616118,(2,(129,144)1:0.5064284921042495)1:1.0906586327017078)0.95:0.23358355811890405)0.55:0.06305882832358399)0.61:0.07827892808919064)0.52:0.05555121679411967)0.65:0.09297632535897163)1:0.9329275882590842)0.94:0.21498054518772897));
Weight calculation took 33.437652255 secs
ASTRAL finished in 63.234 secs
