
================== ASTRAL ===================== 

This is ASTRAL version 5.7.8
Gene trees are treated as unrooted
1000 trees read from Dataset/AstralII_data/model.200.2000000.0.000001/13/estimatedgenetre.halfresolved
index0
All output trees will be *arbitrarily* rooted at 131

======== Running the main analysis
Number of taxa: 201 (201 species)
Taxa: [131, 161, 154, 143, 25, 147, 45, 30, 112, 173, 110, 195, 46, 59, 178, 135, 70, 31, 43, 5, 56, 170, 21, 80, 152, 33, 174, 14, 42, 107, 188, 185, 97, 47, 74, 158, 23, 20, 132, 15, 88, 168, 141, 109, 175, 75, 163, 114, 38, 136, 160, 172, 117, 4, 8, 54, 129, 98, 186, 184, 92, 124, 72, 28, 130, 194, 83, 169, 196, 128, 40, 197, 17, 119, 82, 198, 48, 149, 0, 101, 139, 78, 60, 179, 86, 10, 22, 182, 111, 64, 35, 53, 187, 76, 55, 19, 96, 140, 103, 181, 153, 190, 199, 99, 89, 100, 106, 165, 104, 52, 164, 115, 94, 27, 1, 34, 145, 51, 162, 156, 3, 144, 142, 191, 79, 73, 39, 127, 116, 155, 29, 133, 9, 120, 36, 6, 108, 113, 61, 180, 122, 167, 66, 159, 118, 176, 200, 95, 58, 91, 16, 26, 93, 69, 7, 13, 193, 50, 146, 63, 2, 44, 71, 62, 87, 105, 157, 121, 77, 151, 138, 166, 57, 189, 12, 137, 150, 84, 123, 37, 126, 148, 11, 177, 49, 65, 90, 125, 85, 171, 183, 67, 102, 41, 134, 192, 24, 68, 32, 18, 81]
Taxon occupancy: {110=1000, 111=1000, 112=1000, 113=1000, 114=1000, 115=1000, 116=1000, 117=1000, 118=1000, 119=1000, 10=1000, 11=1000, 12=1000, 13=1000, 14=1000, 15=1000, 16=1000, 17=1000, 18=1000, 19=1000, 120=1000, 0=1000, 121=1000, 1=1000, 122=1000, 2=1000, 123=1000, 124=1000, 3=1000, 4=1000, 125=1000, 5=1000, 126=1000, 127=1000, 6=1000, 128=1000, 7=1000, 8=1000, 129=1000, 9=1000, 20=1000, 21=1000, 22=1000, 23=1000, 24=1000, 25=1000, 26=1000, 27=1000, 28=1000, 29=1000, 130=1000, 131=1000, 132=1000, 133=1000, 134=1000, 135=1000, 136=1000, 137=1000, 138=1000, 139=1000, 30=1000, 31=1000, 32=1000, 33=1000, 34=1000, 35=1000, 36=1000, 37=1000, 38=1000, 39=1000, 140=1000, 141=1000, 142=1000, 143=1000, 144=1000, 145=1000, 146=1000, 147=1000, 148=1000, 149=1000, 40=1000, 41=1000, 42=1000, 43=1000, 44=1000, 45=1000, 46=1000, 47=1000, 48=1000, 49=1000, 150=1000, 151=1000, 152=1000, 153=1000, 154=1000, 155=1000, 156=1000, 157=1000, 158=1000, 159=1000, 50=1000, 51=1000, 52=1000, 53=1000, 54=1000, 55=1000, 56=1000, 57=1000, 58=1000, 59=1000, 160=1000, 161=1000, 162=1000, 163=1000, 164=1000, 165=1000, 166=1000, 167=1000, 168=1000, 169=1000, 60=1000, 61=1000, 62=1000, 63=1000, 64=1000, 65=1000, 66=1000, 67=1000, 68=1000, 69=1000, 170=1000, 171=1000, 172=1000, 173=1000, 174=1000, 175=1000, 176=1000, 177=1000, 178=1000, 179=1000, 70=1000, 71=1000, 72=1000, 73=1000, 74=1000, 75=1000, 76=1000, 77=1000, 78=1000, 79=1000, 180=1000, 181=1000, 182=1000, 183=1000, 184=1000, 185=1000, 186=1000, 187=1000, 188=1000, 189=1000, 80=1000, 81=1000, 82=1000, 83=1000, 84=1000, 85=1000, 86=1000, 87=1000, 88=1000, 89=1000, 190=1000, 191=1000, 192=1000, 193=1000, 194=1000, 195=1000, 196=1000, 197=1000, 198=1000, 199=1000, 90=1000, 91=1000, 92=1000, 93=1000, 94=1000, 95=1000, 96=1000, 97=1000, 98=1000, 99=1000, 200=1000, 100=1000, 101=1000, 102=1000, 103=1000, 104=1000, 105=1000, 106=1000, 107=1000, 108=1000, 109=1000}
Number of gene trees: 1000
0 trees have missing taxa
Calculating quartet distance matrix (for completion of X)
Species tree distances calculated ...
Building set of clusters (X) from gene trees 
------------------------------
gradient0: 38867
Number of Clusters after addition by distance: 38867
calculating extra bipartitions to be added at level 1 ...
Adding to X using resolutions of greedy consensus ...
Limit for sigma of degrees:5075
polytomy size limit : 21
discarded polytomies:  [3, 3, 3, 3, 3, 3, 3, 3, 3, 3, 3, 3, 3, 3, 4, 4, 4, 12, 16, 21]
Threshold 0.0:
Threshold 0.01:
Threshold 0.02:
polytomy of size 3; rounds with additions with at least 5 support: 0; clusters: 38867
Threshold 0.05:
polytomy of size 3; rounds with additions with at least 5 support: 0; clusters: 38867
polytomy of size 4; rounds with additions with at least 5 support: 0; clusters: 38867
Threshold 0.1:
polytomy of size 12; rounds with additions with at least 5 support: 0; clusters: 38867
Threshold 0.2:
polytomy of size 3; rounds with additions with at least 5 support: 0; clusters: 38867
polytomy of size 3; rounds with additions with at least 5 support: 0; clusters: 38867
polytomy of size 16; rounds with additions with at least 5 support: 0; clusters: 38867
Threshold 0.3333333333333333:
polytomy of size 3; rounds with additions with at least 5 support: 0; clusters: 38867
polytomy of size 3; rounds with additions with at least 5 support: 0; clusters: 38867
polytomy of size 3; rounds with additions with at least 5 support: 0; clusters: 38867
polytomy of size 3; rounds with additions with at least 5 support: 0; clusters: 38867
polytomy of size 4; rounds with additions with at least 5 support: 0; clusters: 38867
polytomy of size 3; rounds with additions with at least 5 support: 0; clusters: 38867
polytomy of size 3; rounds with additions with at least 5 support: 0; clusters: 38867
polytomy of size 4; rounds with additions with at least 5 support: 0; clusters: 38867
polytomy of size 3; rounds with additions with at least 5 support: 0; clusters: 38867
polytomy of size 3; rounds with additions with at least 5 support: 0; clusters: 38867
polytomy of size 3; rounds with additions with at least 5 support: 0; clusters: 38867
polytomy of size 21; rounds with additions with at least 5 support: 0; clusters: 38867
polytomy of size 3; rounds with additions with at least 5 support: 0; clusters: 38867
max k is :0
Number of Clusters after addition by greedy: 38867
gradient0 in heuristiic: 38867
partitions formed in 29.297 secs
Dynamic Programming starting after 29.297 secs
Using tree-based weight calculation.
Using polytree-based weight calculation.
Polytree max score: 65998350000
Polytree building time: 2.104 seconds.
Number of quartet trees in the gene trees: 65998350000
Size of largest cluster: 201
Greedy score: 41529838367
estimationFactor: 1.589179072087189
Sub-optimal score: 44849622384
Calculated 100000 weights; time (seconds): 167
Total Number of elements weighted: 135099
Normalized score (portion of input quartet trees satisfied before correcting for multiple individuals): 0.7134936600536226
Optimization score: 47089404299
Optimal tree inferred in 220.685 secs.
(11,((177,49),((((131,161),((30,(147,45)),(25,(154,143)))),(((4,(23,(20,(132,(15,88))))),(((74,158),(8,(54,129))),((141,(168,109)),(175,((117,(160,172)),(163,((38,136),(75,114)))))))),((110,195),((112,173),(((42,107),(188,(185,(97,47)))),((178,(46,59)),((174,14),(33,(((56,170),(43,5)),((135,(70,31)),(152,(21,80)))))))))))),((145,51),((((162,((94,(115,27)),((1,34),(181,(153,190))))),(((19,96),(140,103)),((199,(99,89)),((52,164),((106,104),(100,165)))))),(65,(0,(((69,7),(133,((9,(120,36)),((108,113),(29,6))))),(((13,(200,95)),(26,(91,(16,(58,93))))),((61,180),((118,176),(159,(66,(122,167)))))))))),(((149,(194,((72,(28,130)),((98,186),(184,(92,124)))))),(((119,82),(83,(198,48))),((169,196),((128,40),(197,17))))),(((187,(76,55)),(((138,166),(57,189)),((62,(87,105)),(151,(77,(157,121)))))),((((68,(192,24)),((134,18),(32,81))),((90,(125,85)),((171,183),(41,(67,102))))),((((101,139),(144,(156,3))),(((182,111),(35,53)),(64,((78,60),(179,(86,(10,22))))))),((193,(63,((50,146),(71,(2,44))))),((148,((150,84),(126,(123,37)))),((142,(191,(79,73))),(12,((116,155),(137,(39,127))))))))))))))));
Final quartet score is: 47089404299
Final normalized quartet score is: 0.7134936600536226
Extended species tree:
(131,(161,(((30,(147,45)1:1.0348673231625964)1:3.4931320308352007,(25,(154,143)1:2.6352502184178928)1:0.2620030243612504)1:0.10996369970068125,((((4,(23,(20,(132,(15,88)1:0.0768093861210287)1:1.376128005891024)1:2.3496819577668426)1:1.2428073116799978)1:0.8324219298699974,(((74,158)1:0.7426458159869593,(8,(54,129)1:3.138609589507735)1:1.3438532576682776)1:0.8078655510078768,((141,(168,109)1:0.3851924731657083)1:2.7420895555134863,(175,((117,(160,172)1:1.5197176425973988)1:0.4744232721223795,(163,((38,136)1:1.459471639839874,(75,114)1:0.4642805988433742)1:0.3052284344140549)1:0.7847986854106915)1:0.507342996357711)1:0.2481059578199087)1:2.703804424015621)1:0.140738509918766)1:0.7760468998892419,((110,195)1:4.233031016351773,((112,173)1:2.718364910446316,(((42,107)1:4.8938517587729455,(188,(185,(97,47)1:2.865304866867059)1:1.2064708889046254)1:0.6781446301463382)0.88:0.039340886520513665,((178,(46,59)1:0.2552467966986272)1:2.927004037344456,((174,14)1:1.048474974457519,(33,(((56,170)1:0.3134372584302896,(43,5)1:0.9841461572644404)1:0.639464534371474,((135,(70,31)1:0.66288294864033)1:1.3153215014296726,(152,(21,80)1:0.38070826026612914)1:2.379676781256315)1:0.10699212381506945)1:0.1147426399354569)1:0.6625343698707927)0.57:0.027078134432711853)1:1.6604690541694471)1:0.9370693229689632)1:0.3841530513114141)1:0.14539578724623592)0.79:0.03257184224266738,(((145,51)1:3.9942462162995773,((((162,((94,(115,27)1:0.29671374448212884)1:5.971138654508834,((1,34)1:0.17989123142384686,(181,(153,190)1:1.0916436193520165)1:2.962663144332944)1:0.8732206670168514)1:0.8335991399131003)1:0.6166052144817693,(((19,96)1:2.674648274717961,(140,103)1:2.976929146590896)1:3.479123881157608,((199,(99,89)1:1.1326516430793931)1:2.9523660657434556,((52,164)1:4.277419495793871,((106,104)1:0.5830390062530918,(100,165)1:0.09381216700359345)1:2.439955177479329)1:0.09590631098085299)1:1.582248066703901)1:0.8444004271190866)1:0.4839828080726081,(65,(0,(((69,7)1:3.868730100298623,(133,((9,(120,36)1:0.30481095471474806)1:2.8333710596142763,((108,113)1:2.108527223509089,(29,6)1:2.3444859057137752)1:1.0097969998851473)1:1.1059165966902291)1:1.9332042605490298)1:0.37334554474909626,(((13,(200,95)1:2.81428396243731)1:1.0489987129563236,(26,(91,(16,(58,93)1:0.4870586044098923)1:1.3021039392597327)1:0.18606972922662743)1:1.4302906067678856)1:1.0688888784513582,((61,180)1:1.3777899442890287,((118,176)1:1.3778082234728468,(159,(66,(122,167)1:1.0268683838092687)1:1.5371315207143907)1:0.806772843795924)1:2.117586190434443)1:1.363825795281324)1:0.35062607083519914)1:0.8412831351153115)1:0.20605630137542566)0.96:0.05305211980066234)1:0.46849369464648,(((149,(194,((72,(28,130)1:0.8402415125356368)1:2.322949647978401,((98,186)1:4.702219935827878,(184,(92,124)1:1.161052084297903)1:2.200345586683054)0.67:0.026675638308577353)1:0.7634085617740466)0.96:0.05293401706878802)1:0.7353038536331015,(((119,82)1:4.711530201978998,(83,(198,48)1:0.14200463939953809)1:2.8127534270627006)1:0.5428617575615309,((169,196)1:4.30963270379111,((128,40)1:0.09393749599235261,(197,17)1:0.15327693577866147)1:3.9574567859674006)1:0.6488400206934335)1:1.5271650542401856)1:0.9996128089387514,(((187,(76,55)1:2.0119897312849417)1:1.0111198908769903,(((138,166)1:1.0481638111462752,(57,189)1:0.46198402576996817)1:1.0886255547710695,((62,(87,105)1:1.2302901126433097)1:2.5573135690399464,(151,(77,(157,121)1:1.2406256510645226)1:0.6114211246729601)1:0.5992802108847833)1:0.8490568595928677)1:1.2696823030223718)1:1.7347559486615949,((((68,(192,24)1:1.0187442467720522)1:0.699362579661169,((134,18)0.97:0.0528793947357179,(32,81)1:1.1950973648971734)1:1.4433352523365997)1:4.327601601007101,((90,(125,85)1:1.6909000318234895)1:0.5464983688436631,((171,183)1:3.080279767563486,(41,(67,102)1:2.298597051816091)1:1.3351855931244696)1:0.8316801496118807)1:1.5224655716716737)1:0.7390106634736762,((((101,139)1:1.3448503251995605,(144,(156,3)1:0.09147140349715928)1:4.641347562356421)1:0.1037400549646876,(((182,111)1:0.8789790012306747,(35,53)1:1.5701495710334143)1:1.415392861303645,(64,((78,60)1:1.0327334592750241,(179,(86,(10,22)1:0.6684050990771908)1:1.9807840703276196)1:0.37327350137928017)1:0.6136302551482002)1:0.2077129780875632)1:1.4338846352447796)1:0.40660620827718846,((193,(63,((50,146)1:1.1608984602811618,(71,(2,44)1:1.7846555276763831)1:0.27190974420680547)1:0.20104019485730745)1:0.5699567220628924)1:3.478950149773931,((148,((150,84)1:3.0264548753392755,(126,(123,37)1:2.4090292876120523)1:0.9299239112967735)0.46:0.009944516171950933)1:0.7882433054615773,((142,(191,(79,73)1:0.5141637150583886)0.96:0.052029671445862374)1:2.3293813274518067,(12,((116,155)1:0.1778736761862583,(137,(39,127)1:0.8439306460851023)1:1.0478922461846993)1:0.3519691388014255)1:1.445076615517678)1:1.5249500944631127)1:1.8260066419645553)0.81:0.032223118912232125)0.57:0.01670362979422853)1:0.15447248587039258)1:0.3709291175548019)0.97:0.054794097741845516)1:0.0888653147734315)1:0.24127704488590077,((177,49)1:0.6993419712550933,11)1:1.5960955289162977)1:0.30412577652094097)1:1.7500215657111438)1:1.950022000686221));
Weight calculation took 179.099159894 secs
ASTRAL finished in 231.176 secs
