
================== ASTRAL ===================== 

This is ASTRAL version 5.7.8
Gene trees are treated as unrooted
50 trees read from Dataset/AstralII_data/model.200.2000000.0.000001/13/estimatedgenetre.halfresolved_50
index0
All output trees will be *arbitrarily* rooted at 131

======== Running the main analysis
Number of taxa: 201 (201 species)
Taxa: [131, 161, 154, 143, 25, 147, 45, 30, 112, 173, 110, 195, 46, 59, 178, 135, 70, 31, 43, 5, 56, 170, 21, 80, 152, 33, 174, 14, 42, 107, 188, 185, 97, 47, 74, 158, 23, 20, 132, 15, 88, 168, 141, 109, 175, 75, 163, 114, 38, 136, 160, 172, 117, 4, 8, 54, 129, 98, 186, 184, 92, 124, 72, 28, 130, 194, 83, 169, 196, 128, 40, 197, 17, 119, 82, 198, 48, 149, 0, 101, 139, 78, 60, 179, 86, 10, 22, 182, 111, 64, 35, 53, 187, 76, 55, 19, 96, 140, 103, 181, 153, 190, 199, 99, 89, 100, 106, 165, 104, 52, 164, 115, 94, 27, 1, 34, 145, 51, 162, 156, 3, 144, 142, 191, 79, 73, 39, 127, 116, 155, 29, 133, 9, 120, 36, 6, 108, 113, 61, 180, 122, 167, 66, 159, 118, 176, 200, 95, 58, 91, 16, 26, 93, 69, 7, 13, 193, 50, 146, 63, 2, 44, 71, 62, 87, 105, 157, 121, 77, 151, 138, 166, 57, 189, 12, 137, 150, 84, 123, 37, 126, 148, 11, 177, 49, 65, 90, 125, 85, 171, 183, 67, 102, 41, 134, 192, 24, 68, 32, 18, 81]
Taxon occupancy: {110=50, 111=50, 112=50, 113=50, 114=50, 115=50, 116=50, 117=50, 118=50, 119=50, 10=50, 11=50, 12=50, 13=50, 14=50, 15=50, 16=50, 17=50, 18=50, 19=50, 120=50, 0=50, 121=50, 1=50, 122=50, 2=50, 123=50, 124=50, 3=50, 4=50, 125=50, 5=50, 126=50, 127=50, 6=50, 128=50, 7=50, 8=50, 129=50, 9=50, 20=50, 21=50, 22=50, 23=50, 24=50, 25=50, 26=50, 27=50, 28=50, 29=50, 130=50, 131=50, 132=50, 133=50, 134=50, 135=50, 136=50, 137=50, 138=50, 139=50, 30=50, 31=50, 32=50, 33=50, 34=50, 35=50, 36=50, 37=50, 38=50, 39=50, 140=50, 141=50, 142=50, 143=50, 144=50, 145=50, 146=50, 147=50, 148=50, 149=50, 40=50, 41=50, 42=50, 43=50, 44=50, 45=50, 46=50, 47=50, 48=50, 49=50, 150=50, 151=50, 152=50, 153=50, 154=50, 155=50, 156=50, 157=50, 158=50, 159=50, 50=50, 51=50, 52=50, 53=50, 54=50, 55=50, 56=50, 57=50, 58=50, 59=50, 160=50, 161=50, 162=50, 163=50, 164=50, 165=50, 166=50, 167=50, 168=50, 169=50, 60=50, 61=50, 62=50, 63=50, 64=50, 65=50, 66=50, 67=50, 68=50, 69=50, 170=50, 171=50, 172=50, 173=50, 174=50, 175=50, 176=50, 177=50, 178=50, 179=50, 70=50, 71=50, 72=50, 73=50, 74=50, 75=50, 76=50, 77=50, 78=50, 79=50, 180=50, 181=50, 182=50, 183=50, 184=50, 185=50, 186=50, 187=50, 188=50, 189=50, 80=50, 81=50, 82=50, 83=50, 84=50, 85=50, 86=50, 87=50, 88=50, 89=50, 190=50, 191=50, 192=50, 193=50, 194=50, 195=50, 196=50, 197=50, 198=50, 199=50, 90=50, 91=50, 92=50, 93=50, 94=50, 95=50, 96=50, 97=50, 98=50, 99=50, 200=50, 100=50, 101=50, 102=50, 103=50, 104=50, 105=50, 106=50, 107=50, 108=50, 109=50}
Number of gene trees: 50
0 trees have missing taxa
Calculating quartet distance matrix (for completion of X)
Species tree distances calculated ...
Building set of clusters (X) from gene trees 
------------------------------
gradient0: 4797
Number of Clusters after addition by distance: 4797
calculating extra bipartitions to be added at level 1 ...
Adding to X using resolutions of greedy consensus ...
Limit for sigma of degrees:5075
polytomy size limit : 20
discarded polytomies:  [3, 3, 3, 3, 3, 3, 3, 3, 3, 3, 3, 3, 3, 4, 4, 4, 5, 10, 15, 20]
Threshold 0.0:
Threshold 0.01:
Threshold 0.02:
Threshold 0.05:
polytomy of size 3; rounds with additions with at least 5 support: 0; clusters: 4797
polytomy of size 5; rounds with additions with at least 5 support: 2; clusters: 4805
Threshold 0.1:
polytomy of size 4; rounds with additions with at least 5 support: 0; clusters: 4805
polytomy of size 10; rounds with additions with at least 5 support: 0; clusters: 4809
Threshold 0.2:
polytomy of size 3; rounds with additions with at least 5 support: 0; clusters: 4809
polytomy of size 3; rounds with additions with at least 5 support: 0; clusters: 4809
polytomy of size 15; rounds with additions with at least 5 support: 0; clusters: 4811
Threshold 0.3333333333333333:
polytomy of size 3; rounds with additions with at least 5 support: 0; clusters: 4811
polytomy of size 3; rounds with additions with at least 5 support: 0; clusters: 4811
polytomy of size 3; rounds with additions with at least 5 support: 0; clusters: 4811
polytomy of size 3; rounds with additions with at least 5 support: 0; clusters: 4811
polytomy of size 3; rounds with additions with at least 5 support: 0; clusters: 4811
polytomy of size 3; rounds with additions with at least 5 support: 0; clusters: 4811
polytomy of size 3; rounds with additions with at least 5 support: 0; clusters: 4811
polytomy of size 4; rounds with additions with at least 5 support: 0; clusters: 4811
polytomy of size 3; rounds with additions with at least 5 support: 0; clusters: 4811
polytomy of size 3; rounds with additions with at least 5 support: 0; clusters: 4811
polytomy of size 4; rounds with additions with at least 5 support: 0; clusters: 4811
polytomy of size 3; rounds with additions with at least 5 support: 0; clusters: 4811
polytomy of size 20; rounds with additions with at least 5 support: 0; clusters: 4813
max k is :4
Number of Clusters after addition by greedy: 4813
gradient0 in heuristiic: 4813
partitions formed in 6.024 secs
Dynamic Programming starting after 6.025 secs
Using tree-based weight calculation.
Using polytree-based weight calculation.
Polytree max score: 3299917500
Polytree building time: 0.096 seconds.
Number of quartet trees in the gene trees: 3299917500
Size of largest cluster: 201
Greedy score: 2044444299
estimationFactor: 1.614090196350221
Sub-optimal score: 2292533029
Total Number of elements weighted: 6870
Normalized score (portion of input quartet trees satisfied before correcting for multiple individuals): 0.7110142705082778
Optimization score: 2346288434
Optimal tree inferred in 8.012 secs.
(11,((177,49),((((30,(147,45)),((131,161),(25,(154,143)))),(((112,173),(((42,107),(188,(185,(97,47)))),(((174,14),(178,(46,59))),(33,(((56,170),(43,5)),((135,(70,31)),(152,(21,80)))))))),((110,195),((4,(23,(20,(132,(15,88))))),(((74,158),(8,(54,129))),((141,(168,109)),(175,((117,(160,172)),(163,((38,136),(75,114))))))))))),((145,51),((65,(((162,((94,(115,27)),((1,34),(181,(153,190))))),(((19,96),(140,103)),((199,(99,89)),((52,164),((106,104),(100,165)))))),(0,(((69,7),(133,((9,(120,36)),((108,113),(29,6))))),(((13,(200,95)),(26,(91,(16,(58,93))))),((61,180),((118,176),(159,(66,(122,167)))))))))),(((194,(149,((72,(28,130)),((98,186),(184,(92,124)))))),(((119,82),(83,(198,48))),((169,196),((128,40),(197,17))))),((193,(63,((50,146),(71,(2,44))))),((((187,(76,55)),(((57,189),(138,166)),((62,(87,105)),(151,(77,(157,121)))))),(((126,(123,37)),(148,(150,84))),((142,(191,(79,73))),(12,((116,155),(137,(39,127))))))),((((68,(192,24)),(134,(18,(32,81)))),((90,(125,85)),((171,183),(41,(67,102))))),(((101,139),(144,(156,3))),(((182,111),(35,53)),(64,((78,60),(179,(86,(10,22))))))))))))))));
Final quartet score is: 2346288434
Final normalized quartet score is: 0.7110142705082778
Extended species tree:
(131,(161,((25,(154,143)1:2.4227104419180945)1:0.8103489026187862,((30,(147,45)1:0.9614111671546247)1:2.7379031642518896,((((112,173)1:2.4723867834832367,(((42,107)1:3.5263605246161593,(188,(185,(97,47)1:2.4277482359480516)1:1.128465251817791)1:0.6269132648371296)0.99:0.310849292193811,(((174,14)1:0.8796792698902438,(178,(46,59)0.64:0.12516314295400605)1:2.2735975561207935)0.49:0.042193958662648995,(33,(((56,170)0.95:0.23089973984981138,(43,5)1:0.9240469204097562)1:0.709200301546125,((135,(70,31)1:0.7537718023763802)1:1.1628491961704575,(152,(21,80)0.95:0.22996264877944653)1:2.327013788679008)0.64:0.09399316427592304)0.5:0.047965233620386113)1:0.8223183449114905)1:1.557858109735787)1:0.9754800465485536)1:0.5433202975112967,((110,195)1:3.395054927395531,((4,(23,(20,(132,(15,88)0.5:0.06046680598717973)1:1.2237754316221159)1:1.7346010553881062)1:1.5053225155063805)1:0.5811773968916815,(((74,158)1:0.8454321882042541,(8,(54,129)1:1.9169226121820613)1:1.1025968069645944)1:0.7597907859670482,((141,(168,109)0.97:0.2682639865946794)1:2.9509963797125986,(175,((117,(160,172)1:1.5782882125563524)1:0.6916244149238336,(163,((38,136)1:1.0846758140310764,(75,114)1:0.531643995182006)0.95:0.22981529278211268)1:0.694112799520448)1:0.5211421368517682)0.8:0.15048095093829597)1:3.0988377479256783)0.9:0.19847355239138306)1:0.6159789998800103)0.52:0.05889162715607427)0.41:0.022423811335620727,(((145,51)1:3.0588329799219354,((65,(((162,((94,(115,27)1:0.4818380868927383)1:3.5263605246161593,((1,34)0.85:0.17026962403216742,(181,(153,190)1:0.9614111671546247)1:2.6100697927420056)1:0.9950516240170518)1:0.8091166044518733)1:0.5527007495166725,(((19,96)1:2.4277482359480516,(140,103)1:2.8332133440562166)1:2.8332133440562166,((199,(99,89)1:1.0414538748281608)1:2.2735975561207935,((52,164)1:2.4277482359480516,((106,104)1:1.000631880307906,(100,165)1:0.36936010346604814)1:2.141991091905856)0.61:0.07902198695615088)1:1.7132583361925957)1:0.5793837582695713)1:0.3585985993373216,(0,(((69,7)1:3.5263605246161593,(133,((9,(120,36)1:0.34830669426821587)1:3.4085774889597764,((108,113)1:1.7346010553881062,(29,6)1:1.4469189829363254)1:1.0414538748281608)1:0.8696036179015019)1:1.0731141106608286)1:0.4863187734580829,(((13,(200,95)1:1.9169226121820613)1:0.5734492197481609,(26,(91,(16,(58,93)1:0.5819215454497209)1:1.1742603670947351)0.99:0.29363546640261634)1:1.3018303350562308)1:1.0133320064030378,((61,180)1:1.0986122886681102,((118,176)1:1.000631880307906,(159,(66,(122,167)1:0.8183103235139515)1:2.6100697927420056)1:0.7230001437096266)1:1.660955810557434)1:1.1962303760664197)1:0.5087025289874871)1:0.5249547208430434)0.69:0.10772053645252883)0.57:0.07045535176579586)1:0.41327860573662223,(((194,(149,((72,(28,130)1:1.4431382600964195)1:1.5811167707578462,((98,186)1:3.521271455108689,(184,(92,124)1:1.3291359472799418)1:2.422659166440581)0.77:0.1335459063072972)1:0.6955397463465288)0.89:0.18515124182696868)1:0.60091765773343,(((119,82)1:3.5263605246161593,(83,(198,48)0.83:0.1590646946296874)1:2.4277482359480516)1:0.46608972992459907,((169,196)1:3.5263605246161593,((128,40)0.54:0.060624621816434854,(197,17)0.8:0.14197026127038734)1:3.120895416507997)1:0.5819215454497205)1:1.2540895560847196)1:0.722985241165393,((193,(63,((50,146)1:1.2232653576503325,(71,(2,44)1:1.7329189692051215)0.95:0.23099618141984937)0.78:0.14202820876996883)1:0.6031989438970057)1:3.0294360803951137,((((187,(76,55)1:1.9169226121820613)1:0.8348455672534616,(((57,189)1:0.4357796452332687,(138,166)1:0.9614111671546247)1:1.3696273086346786,((62,(87,105)1:1.3291359472799418)1:2.347705528274515,(151,(77,(157,121)1:0.9610227422128602)1:0.7866673837526923)1:0.5416278148710937)1:0.8843314246117449)1:1.315995153718884)1:1.2967075185654435,(((126,(123,37)1:1.4469189829363254)1:1.173358589582807,(148,(150,84)1:2.4176979000945504)0.47:0.0579306043697246)1:0.7123914052333344,((142,(191,(79,73)1:0.39152528729405467)0.43:0.029852963149681274)1:2.3391948386066064,(12,((116,155)0.59:0.10262982029820432,(137,(39,127)1:1.128465251817791)1:0.9415931492051887)1:0.5912769116290725)1:1.20345964169344)1:1.3383036348619861)1:1.9706371619621716)0.49:0.04171079918953265,((((68,(192,24)1:0.8869425096949185)1:0.8017810215627406,(134,(18,(32,81)1:1.2237754316221159)0.61:0.07637297878457397)1:1.7162519167199084)1:3.5263605246161593,((90,(125,85)1:1.581894419133082)1:0.6842264065297687,((171,183)1:2.4277482359480516,(41,(67,102)1:1.9169226121820613)1:1.3000836246854401)1:0.99881430454496)1:1.0242490856928639)1:0.6973976586694811,(((101,139)1:1.9459101490553121,(144,(156,3)0.76:0.12516314295400605)1:3.139780097898523)0.91:0.1975136985103462,(((182,111)1:1.084013489246957,(35,53)1:1.3862943611198908)1:1.403693863198284,(64,((78,60)1:0.9429436922931659,(179,(86,(10,22)1:1.0414538748281608)1:1.6569039312762899)0.99:0.29316043323853647)1:0.7523231099700973)0.74:0.12313304126290932)1:1.4436040201812723)1:0.434141321022089)0.77:0.13028057980584143)0.54:0.05787559009493787)0.96:0.23465114059086842)0.58:0.07156863330010002)0.67:0.09778457589789341)0.86:0.16978492751240115,((177,49)1:0.8880249561293123,11)1:1.4790089035123448)0.99:0.3063057741694085)1:1.5238392085788868)0.6:0.13079208182620666)1:2.134977093988798));
Weight calculation took 1.524451065 secs
ASTRAL finished in 9.829 secs
