
================== ASTRAL ===================== 

This is ASTRAL version 5.7.8
Gene trees are treated as unrooted
200 trees read from Dataset/AstralII_data/model.200.2000000.0.000001/13/estimatedgenetre.halfresolved_200
index0
All output trees will be *arbitrarily* rooted at 131

======== Running the main analysis
Number of taxa: 201 (201 species)
Taxa: [131, 161, 154, 143, 25, 147, 45, 30, 112, 173, 110, 195, 46, 59, 178, 135, 70, 31, 43, 5, 56, 170, 21, 80, 152, 33, 174, 14, 42, 107, 188, 185, 97, 47, 74, 158, 23, 20, 132, 15, 88, 168, 141, 109, 175, 75, 163, 114, 38, 136, 160, 172, 117, 4, 8, 54, 129, 98, 186, 184, 92, 124, 72, 28, 130, 194, 83, 169, 196, 128, 40, 197, 17, 119, 82, 198, 48, 149, 0, 101, 139, 78, 60, 179, 86, 10, 22, 182, 111, 64, 35, 53, 187, 76, 55, 19, 96, 140, 103, 181, 153, 190, 199, 99, 89, 100, 106, 165, 104, 52, 164, 115, 94, 27, 1, 34, 145, 51, 162, 156, 3, 144, 142, 191, 79, 73, 39, 127, 116, 155, 29, 133, 9, 120, 36, 6, 108, 113, 61, 180, 122, 167, 66, 159, 118, 176, 200, 95, 58, 91, 16, 26, 93, 69, 7, 13, 193, 50, 146, 63, 2, 44, 71, 62, 87, 105, 157, 121, 77, 151, 138, 166, 57, 189, 12, 137, 150, 84, 123, 37, 126, 148, 11, 177, 49, 65, 90, 125, 85, 171, 183, 67, 102, 41, 134, 192, 24, 68, 32, 18, 81]
Taxon occupancy: {110=200, 111=200, 112=200, 113=200, 114=200, 115=200, 116=200, 117=200, 118=200, 119=200, 10=200, 11=200, 12=200, 13=200, 14=200, 15=200, 16=200, 17=200, 18=200, 19=200, 120=200, 0=200, 121=200, 1=200, 122=200, 2=200, 123=200, 124=200, 3=200, 4=200, 125=200, 5=200, 126=200, 127=200, 6=200, 128=200, 7=200, 8=200, 129=200, 9=200, 20=200, 21=200, 22=200, 23=200, 24=200, 25=200, 26=200, 27=200, 28=200, 29=200, 130=200, 131=200, 132=200, 133=200, 134=200, 135=200, 136=200, 137=200, 138=200, 139=200, 30=200, 31=200, 32=200, 33=200, 34=200, 35=200, 36=200, 37=200, 38=200, 39=200, 140=200, 141=200, 142=200, 143=200, 144=200, 145=200, 146=200, 147=200, 148=200, 149=200, 40=200, 41=200, 42=200, 43=200, 44=200, 45=200, 46=200, 47=200, 48=200, 49=200, 150=200, 151=200, 152=200, 153=200, 154=200, 155=200, 156=200, 157=200, 158=200, 159=200, 50=200, 51=200, 52=200, 53=200, 54=200, 55=200, 56=200, 57=200, 58=200, 59=200, 160=200, 161=200, 162=200, 163=200, 164=200, 165=200, 166=200, 167=200, 168=200, 169=200, 60=200, 61=200, 62=200, 63=200, 64=200, 65=200, 66=200, 67=200, 68=200, 69=200, 170=200, 171=200, 172=200, 173=200, 174=200, 175=200, 176=200, 177=200, 178=200, 179=200, 70=200, 71=200, 72=200, 73=200, 74=200, 75=200, 76=200, 77=200, 78=200, 79=200, 180=200, 181=200, 182=200, 183=200, 184=200, 185=200, 186=200, 187=200, 188=200, 189=200, 80=200, 81=200, 82=200, 83=200, 84=200, 85=200, 86=200, 87=200, 88=200, 89=200, 190=200, 191=200, 192=200, 193=200, 194=200, 195=200, 196=200, 197=200, 198=200, 199=200, 90=200, 91=200, 92=200, 93=200, 94=200, 95=200, 96=200, 97=200, 98=200, 99=200, 200=200, 100=200, 101=200, 102=200, 103=200, 104=200, 105=200, 106=200, 107=200, 108=200, 109=200}
Number of gene trees: 200
0 trees have missing taxa
Calculating quartet distance matrix (for completion of X)
Species tree distances calculated ...
Building set of clusters (X) from gene trees 
------------------------------
gradient0: 11713
Number of Clusters after addition by distance: 11713
calculating extra bipartitions to be added at level 1 ...
Adding to X using resolutions of greedy consensus ...
Limit for sigma of degrees:5075
polytomy size limit : 21
discarded polytomies:  [3, 3, 3, 3, 3, 3, 3, 3, 3, 3, 3, 3, 3, 3, 4, 6, 10, 15, 21]
Threshold 0.0:
Threshold 0.01:
Threshold 0.02:
polytomy of size 3; rounds with additions with at least 5 support: 0; clusters: 11715
Threshold 0.05:
polytomy of size 3; rounds with additions with at least 5 support: 0; clusters: 11715
polytomy of size 4; rounds with additions with at least 5 support: 0; clusters: 11715
Threshold 0.1:
polytomy of size 3; rounds with additions with at least 5 support: 0; clusters: 11715
polytomy of size 10; rounds with additions with at least 5 support: 0; clusters: 11715
Threshold 0.2:
polytomy of size 3; rounds with additions with at least 5 support: 0; clusters: 11715
polytomy of size 15; rounds with additions with at least 5 support: 0; clusters: 11715
Threshold 0.3333333333333333:
polytomy of size 3; rounds with additions with at least 5 support: 0; clusters: 11715
polytomy of size 3; rounds with additions with at least 5 support: 0; clusters: 11715
polytomy of size 3; rounds with additions with at least 5 support: 0; clusters: 11715
polytomy of size 3; rounds with additions with at least 5 support: 0; clusters: 11715
polytomy of size 6; rounds with additions with at least 5 support: 0; clusters: 11715
polytomy of size 3; rounds with additions with at least 5 support: 0; clusters: 11715
polytomy of size 3; rounds with additions with at least 5 support: 0; clusters: 11715
polytomy of size 3; rounds with additions with at least 5 support: 0; clusters: 11715
polytomy of size 3; rounds with additions with at least 5 support: 0; clusters: 11715
polytomy of size 3; rounds with additions with at least 5 support: 0; clusters: 11715
polytomy of size 21; rounds with additions with at least 5 support: 0; clusters: 11715
polytomy of size 3; rounds with additions with at least 5 support: 0; clusters: 11715
max k is :0
Number of Clusters after addition by greedy: 11715
gradient0 in heuristiic: 11715
partitions formed in 6.362 secs
Dynamic Programming starting after 6.362 secs
Using tree-based weight calculation.
Using polytree-based weight calculation.
Polytree max score: 13199670000
Polytree building time: 0.235 seconds.
Number of quartet trees in the gene trees: 13199670000
Size of largest cluster: 201
Greedy score: 8849056121
estimationFactor: 1.4916472242361993
Sub-optimal score: 9328568862
Total Number of elements weighted: 23973
Normalized score (portion of input quartet trees satisfied before correcting for multiple individuals): 0.7178594467892
Optimization score: 9475507804
Optimal tree inferred in 15.835 secs.
(11,((177,49),((((131,161),((30,(147,45)),(25,(154,143)))),(((4,(23,(20,(132,(15,88))))),(((74,158),(8,(54,129))),((141,(168,109)),(175,((117,(160,172)),(163,((38,136),(75,114)))))))),((110,195),((112,173),(((42,107),(188,(185,(97,47)))),((178,(46,59)),((174,14),(33,(((56,170),(43,5)),((135,(70,31)),(152,(21,80)))))))))))),((145,51),((((162,((94,(115,27)),((1,34),(181,(153,190))))),(((19,96),(140,103)),((199,(99,89)),((52,164),((100,165),(106,104)))))),(65,(0,(((69,7),(133,((9,(120,36)),((108,113),(29,6))))),(((13,(200,95)),(26,(91,(16,(58,93))))),((61,180),((118,176),(159,(66,(122,167)))))))))),(((194,(149,((98,186),((72,(28,130)),(184,(92,124)))))),(((119,82),(83,(198,48))),((169,196),((128,40),(197,17))))),(((187,(76,55)),(((138,166),(57,189)),((62,(87,105)),(151,(77,(157,121)))))),(((193,(63,((50,146),(71,(2,44))))),((148,((150,84),(126,(123,37)))),((142,(191,(79,73))),(12,((116,155),(137,(39,127))))))),((((68,(192,24)),((134,18),(32,81))),((90,(125,85)),((171,183),(41,(67,102))))),(((101,139),(144,(156,3))),(((35,53),(182,111)),(64,((78,60),(179,(86,(10,22))))))))))))))));
Final quartet score is: 9475507804
Final normalized quartet score is: 0.7178594467892
Extended species tree:
(131,(161,(((30,(147,45)1:0.9858167945227654)1:3.002002688877923,(25,(154,143)1:3.2853761666002765)1:0.20841488203310454)0.86:0.10569090856101306,((((4,(23,(20,(132,(15,88)0.53:0.030266500211122184)1:1.5479357126763067)1:2.441104027129608)1:1.1823933184522537)1:0.772475524215299,(((74,158)1:0.872700716849177,(8,(54,129)1:2.8183982582710745)1:1.3376927762957764)1:0.8406987637453828,((141,(168,109)1:0.3760512229018711)1:3.069712686551979,(175,((117,(160,172)1:1.7623455840217614)1:0.522545622050008,(163,((38,136)1:1.2730252059040137,(75,114)1:0.5471689491436751)1:0.25142729962605115)1:0.7111267857054142)1:0.4721576888607809)1:0.2434827031109374)1:2.966878651686116)0.99:0.15261487398591264)1:0.7930228331534139,((110,195)1:3.5144066711120576,((112,173)1:2.291637108035759,(((42,107)1:4.204692619390971,(188,(185,(97,47)1:2.9519296508955994)1:1.0752306860666516)1:0.7884101615802035)0.99:0.1522073157281925,((178,(46,59)1:0.20649191772176764)1:3.0745319729879275,((174,14)1:0.958608125440316,(33,(((56,170)1:0.3807798870880766,(43,5)1:1.0920236919492732)1:0.5966797288060302,((135,(70,31)1:0.7869659357776003)1:1.3387137801564795,(152,(21,80)1:0.43175754111304043)1:2.047775765542841)0.83:0.07639661500481565)0.87:0.09241766645043624)1:0.5356970458741693)0.69:0.06331834344228894)1:1.7086029314222475)1:1.0316056408846184)1:0.4427083050700559)0.86:0.08294241515091817)0.57:0.04761983061143665,(((145,51)1:3.7744374204543654,((((162,((94,(115,27)1:0.3652403067976554)1:4.715518243156965,((1,34)1:0.16307452987410356,(181,(153,190)1:1.1366396842573487)1:3.14730986292384)1:1.0074656846993448)1:0.705112132684024)1:0.7017758508924288,(((19,96)1:2.5952547069568657,(140,103)1:3.288401887516811)1:2.777292616039374,((199,(99,89)1:0.908855753386637)1:3.0520131094525853,((52,164)1:3.794112410616032,((100,165)1:0.2203961734248988,(106,104)1:0.5283919474838898)1:2.21025398351954)0.64:0.05435013511194085)1:1.659265650263807)1:0.8620128835928192)1:0.4017213882324912,(65,(0,(((69,7)1:4.779475199869855,(133,((9,(120,36)1:0.3652403067976554)1:3.0069894280786245,((108,113)1:2.064626455894696,(29,6)1:2.035638919021443)1:1.002676334272535)1:1.1522650021604302)1:1.5500505587590099)1:0.3840161860344496,(((13,(200,95)1:2.412933150162912)1:1.0342888745712893,(26,(91,(16,(58,93)1:0.5032036070286054)1:1.260186851111126)1:0.32643042958872986)1:1.4186610871472727)1:1.1443848743685612,((61,180)1:1.2690871964843164,((118,176)1:1.447852254119324,(159,(66,(122,167)1:1.0691984034618165)1:1.8069127201145008)1:0.6661516762179338)1:2.1277233670527482)1:1.2672034097003222)1:0.3252813574047899)1:0.6615430420374254)1:0.17254950604295477)0.69:0.057543378647386206)1:0.4903932010082855,(((194,(149,((98,186)1:3.7975018853153295,((72,(28,130)1:0.8719471300302669)1:2.1773881827976393,(184,(92,124)1:1.2602536402245255)1:2.5745307679828042)0.42:0.012920478620267272)1:0.8437025485206382)0.49:0.04881531686522247)1:0.7491161742481638,(((119,82)1:4.897839799950916,(83,(198,48)1:0.26320888458949515)1:2.6449381271035137)1:0.5059786421831106,((169,196)1:4.204692619390971,((128,40)0.59:0.038027395589239135,(197,17)1:0.18381520905073803)1:4.204692619390971)1:0.6761363647404581)1:1.7003101931023086)1:0.9659178365409598,(((187,(76,55)1:1.889560310344833)1:0.9447280392810165,(((138,166)1:0.9666115388094635,(57,189)1:0.4848876959508942)1:1.1376456105596706,((62,(87,105)1:1.2869218873066866)1:2.7286388350203374,(151,(77,(157,121)1:1.069198403461817)1:0.7718522979675518)1:0.5789628079013392)1:0.7788989070519562)1:1.300654871125546)1:1.7084182757258441,(((193,(63,((50,146)1:1.2001978286620107,(71,(2,44)1:1.805650162802679)1:0.2729670316869827)1:0.1944576654585372)1:0.7142641040008674)1:3.585365351066286,((148,((150,84)1:2.778392923657374,(126,(123,37)1:2.332890442489374)1:1.1119702235665916)0.62:0.042363290990291895)1:0.7906448257499913,((142,(191,(79,73)1:0.5161288716727064)0.51:0.026466573188163287)1:2.551769595017129,(12,((116,155)0.98:0.13863555901177996,(137,(39,127)1:0.9663112998985083)1:1.1133313393122704)1:0.3403795925120869)1:1.5478622332413319)1:1.5719831512118956)1:1.924371325961807)0.61:0.043755321892246235,((((68,(192,24)1:1.0687593255184291)1:0.8547885321163611,((134,18)0.95:0.11467211325129228,(32,81)1:1.2870590897491054)1:1.5567463423584602)1:3.9650197661255424,((90,(125,85)1:1.4974845236016778)1:0.5636083582732414,((171,183)1:3.163238744562802,(41,(67,102)1:2.412933150162912)1:1.2241257823572473)1:0.798632774332081)1:1.3220066337458916)1:0.5713482218691109,(((101,139)1:1.5788416445893168,(144,(156,3)0.9:0.09381875521765486)1:4.004253861770512)0.97:0.1276015611400065,(((35,53)1:1.6650510578491824,(182,111)1:0.8813653213605216)1:1.5028332210222968,(64,((78,60)1:1.0750404069114725,(179,(86,(10,22)1:0.621173680934856)1:2.03650949365565)1:0.41518498331391257)1:0.5552735978823727)0.98:0.1421722157913593)1:1.541678825815623)1:0.45297202304344697)0.71:0.05534550041060036)0.98:0.1311352218370695)1:0.3488068133444168)0.94:0.10689236212563394)0.97:0.12108957686572787)1:0.1845219976189386,((177,49)1:0.6246871410876914,11)1:1.6088906870826591)1:0.3510210458758306)1:1.8404052763689942)1:1.9768999362586461));
Weight calculation took 8.396195363 secs
ASTRAL finished in 18.16 secs
